<?xml version="1.0" encoding="UTF-8"?>
<testsuite xmlns:xsi="http://www.w3.org/2001/XMLSchema-instance" xsi:schemaLocation="https://maven.apache.org/surefire/maven-surefire-plugin/xsd/surefire-test-report.xsd" name="com.soft.dao.EshopDAOImplTest" time="3.703" tests="1" errors="1" skipped="0" failures="0">
  <properties>
    <property name="java.runtime.name" value="Java(TM) SE Runtime Environment"/>
    <property name="sun.boot.library.path" value="/usr/lib/jvm/jdk-8u211-linux-x64/jdk1.8.0_211/jre/lib/amd64"/>
    <property name="java.vm.version" value="25.211-b12"/>
    <property name="java.vm.vendor" value="Oracle Corporation"/>
    <property name="maven.multiModuleProjectDirectory" value="/home/mihail/programs/project_mvn/eShop/eShop_repo/eshop"/>
    <property name="java.vendor.url" value="http://java.oracle.com/"/>
    <property name="path.separator" value=":"/>
    <property name="guice.disable.misplaced.annotation.check" value="true"/>
    <property name="java.vm.name" value="Java HotSpot(TM) 64-Bit Server VM"/>
    <property name="file.encoding.pkg" value="sun.io"/>
    <property name="user.country" value="RU"/>
    <property name="sun.java.launcher" value="SUN_STANDARD"/>
    <property name="sun.os.patch.level" value="unknown"/>
    <property name="java.vm.specification.name" value="Java Virtual Machine Specification"/>
    <property name="user.dir" value="/home/mihail/programs/project_mvn/eShop/eShop_repo/eshop"/>
    <property name="java.runtime.version" value="1.8.0_211-b12"/>
    <property name="java.awt.graphicsenv" value="sun.awt.X11GraphicsEnvironment"/>
    <property name="java.endorsed.dirs" value="/usr/lib/jvm/jdk-8u211-linux-x64/jdk1.8.0_211/jre/lib/endorsed"/>
    <property name="os.arch" value="amd64"/>
    <property name="java.io.tmpdir" value="/tmp"/>
    <property name="line.separator" value="&#10;"/>
    <property name="java.vm.specification.vendor" value="Oracle Corporation"/>
    <property name="os.name" value="Linux"/>
    <property name="classworlds.conf" value="/home/mihail/eclipse-workspace/.metadata/.plugins/org.eclipse.m2e.launching/launches/m2conf7172528978111285093.tmp"/>
    <property name="sun.jnu.encoding" value="UTF-8"/>
    <property name="java.library.path" value="/usr/java/packages/lib/amd64:/usr/lib64:/lib64:/lib:/usr/lib"/>
    <property name="java.specification.name" value="Java Platform API Specification"/>
    <property name="java.class.version" value="52.0"/>
    <property name="sun.management.compiler" value="HotSpot 64-Bit Tiered Compilers"/>
    <property name="os.version" value="5.3.0-26-generic"/>
    <property name="user.home" value="/home/mihail"/>
    <property name="user.timezone" value="Europe/Moscow"/>
    <property name="java.awt.printerjob" value="sun.print.PSPrinterJob"/>
    <property name="file.encoding" value="UTF-8"/>
    <property name="java.specification.version" value="1.8"/>
    <property name="user.name" value="mihail"/>
    <property name="java.class.path" value="/home/mihail/programs/Eclipse/eclipse-jee-2019-03-R-linux-gtk-x86_64/eclipse/plugins/org.eclipse.m2e.maven.runtime_1.11.0.20190220-2117/jars/plexus-classworlds-2.5.2.jar"/>
    <property name="java.vm.specification.version" value="1.8"/>
    <property name="sun.arch.data.model" value="64"/>
    <property name="java.home" value="/usr/lib/jvm/jdk-8u211-linux-x64/jdk1.8.0_211/jre"/>
    <property name="sun.java.command" value="org.codehaus.plexus.classworlds.launcher.Launcher -B install"/>
    <property name="java.specification.vendor" value="Oracle Corporation"/>
    <property name="user.language" value="ru"/>
    <property name="awt.toolkit" value="sun.awt.X11.XToolkit"/>
    <property name="java.vm.info" value="mixed mode"/>
    <property name="java.version" value="1.8.0_211"/>
    <property name="java.ext.dirs" value="/usr/lib/jvm/jdk-8u211-linux-x64/jdk1.8.0_211/jre/lib/ext:/usr/java/packages/lib/ext"/>
    <property name="securerandom.source" value="file:/dev/./urandom"/>
    <property name="sun.boot.class.path" value="/usr/lib/jvm/jdk-8u211-linux-x64/jdk1.8.0_211/jre/lib/resources.jar:/usr/lib/jvm/jdk-8u211-linux-x64/jdk1.8.0_211/jre/lib/rt.jar:/usr/lib/jvm/jdk-8u211-linux-x64/jdk1.8.0_211/jre/lib/sunrsasign.jar:/usr/lib/jvm/jdk-8u211-linux-x64/jdk1.8.0_211/jre/lib/jsse.jar:/usr/lib/jvm/jdk-8u211-linux-x64/jdk1.8.0_211/jre/lib/jce.jar:/usr/lib/jvm/jdk-8u211-linux-x64/jdk1.8.0_211/jre/lib/charsets.jar:/usr/lib/jvm/jdk-8u211-linux-x64/jdk1.8.0_211/jre/lib/jfr.jar:/usr/lib/jvm/jdk-8u211-linux-x64/jdk1.8.0_211/jre/classes"/>
    <property name="java.vendor" value="Oracle Corporation"/>
    <property name="maven.home" value="/home/mihail/programs/project_mvn/eShop/eShop_repo/eshop/EMBEDDED"/>
    <property name="file.separator" value="/"/>
    <property name="java.vendor.url.bug" value="http://bugreport.sun.com/bugreport/"/>
    <property name="sun.cpu.endian" value="little"/>
    <property name="sun.io.unicode.encoding" value="UnicodeLittle"/>
    <property name="sun.desktop" value="gnome"/>
    <property name="sun.cpu.isalist" value=""/>
  </properties>
  <testcase name="daoTest" classname="com.soft.dao.EshopDAOImplTest" time="0.221">
    <error type="java.lang.NullPointerException">java.lang.NullPointerException
	at com.soft.dao.EshopDAOImplTest.daoTest(EshopDAOImplTest.java:48)
</error>
    <system-out><![CDATA[2020-02-10 17:59:16,128 main ERROR LevelRangeFilter contains an invalid element or attribute "param"
17:59:16.180 [main] DEBUG org.springframework.test.context.BootstrapUtils - Instantiating CacheAwareContextLoaderDelegate from class [org.springframework.test.context.cache.DefaultCacheAwareContextLoaderDelegate]
17:59:16.192 [main] DEBUG org.springframework.test.context.BootstrapUtils - Instantiating BootstrapContext using constructor [public org.springframework.test.context.support.DefaultBootstrapContext(java.lang.Class,org.springframework.test.context.CacheAwareContextLoaderDelegate)]
17:59:16.213 [main] DEBUG org.springframework.test.context.BootstrapUtils - Instantiating TestContextBootstrapper for test class [com.soft.dao.EshopDAOImplTest] from class [org.springframework.test.context.web.WebTestContextBootstrapper]
17:59:16.221 [main] TRACE org.springframework.test.context.support.ContextLoaderUtils - Retrieved @ContextConfiguration [@org.springframework.test.context.ContextConfiguration(classes=[com.soft.config.AppConfig, com.soft.config.DataAccessConfig], inheritInitializers=true, inheritLocations=true, initializers=[], loader=org.springframework.test.context.ContextLoader, locations=[], name=, value=[])] for declaring class [com.soft.dao.EshopDAOImplTest].
17:59:16.223 [main] TRACE org.springframework.test.context.support.ContextLoaderUtils - Resolved context configuration attributes: [ContextConfigurationAttributes@53045c6c declaringClass = 'com.soft.dao.EshopDAOImplTest', classes = '{class com.soft.config.AppConfig, class com.soft.config.DataAccessConfig}', locations = '{}', inheritLocations = true, initializers = '{}', inheritInitializers = true, name = [null], contextLoaderClass = 'org.springframework.test.context.ContextLoader']
17:59:16.224 [main] TRACE org.springframework.test.context.web.WebTestContextBootstrapper - Resolving ContextLoader for context configuration attributes [ContextConfigurationAttributes@53045c6c declaringClass = 'com.soft.dao.EshopDAOImplTest', classes = '{class com.soft.config.AppConfig, class com.soft.config.DataAccessConfig}', locations = '{}', inheritLocations = true, initializers = '{}', inheritInitializers = true, name = [null], contextLoaderClass = 'org.springframework.test.context.ContextLoader']
17:59:16.225 [main] TRACE org.springframework.test.context.web.WebTestContextBootstrapper - Using ContextLoader class [org.springframework.test.context.web.WebDelegatingSmartContextLoader] for test class [com.soft.dao.EshopDAOImplTest]
17:59:16.229 [main] TRACE org.springframework.test.context.web.WebTestContextBootstrapper - Processing locations and classes for context configuration attributes [ContextConfigurationAttributes@53045c6c declaringClass = 'com.soft.dao.EshopDAOImplTest', classes = '{class com.soft.config.AppConfig, class com.soft.config.DataAccessConfig}', locations = '{}', inheritLocations = true, initializers = '{}', inheritInitializers = true, name = [null], contextLoaderClass = 'org.springframework.test.context.ContextLoader']
17:59:16.230 [main] DEBUG org.springframework.test.context.support.AbstractDelegatingSmartContextLoader - Delegating to AnnotationConfigWebContextLoader to process context configuration [ContextConfigurationAttributes@53045c6c declaringClass = 'com.soft.dao.EshopDAOImplTest', classes = '{class com.soft.config.AppConfig, class com.soft.config.DataAccessConfig}', locations = '{}', inheritLocations = true, initializers = '{}', inheritInitializers = true, name = [null], contextLoaderClass = 'org.springframework.test.context.ContextLoader'].
17:59:16.235 [main] TRACE org.springframework.core.io.support.SpringFactoriesLoader - Loaded [org.springframework.test.context.ContextCustomizerFactory] names: [org.springframework.test.context.web.socket.MockServerContainerContextCustomizerFactory]
17:59:16.240 [main] TRACE org.springframework.test.context.support.ApplicationContextInitializerUtils - Processing context initializers for configuration attributes [ContextConfigurationAttributes@53045c6c declaringClass = 'com.soft.dao.EshopDAOImplTest', classes = '{class com.soft.config.AppConfig, class com.soft.config.DataAccessConfig}', locations = '{}', inheritLocations = true, initializers = '{}', inheritInitializers = true, name = [null], contextLoaderClass = 'org.springframework.test.context.ContextLoader']
17:59:16.241 [main] TRACE org.springframework.test.context.support.ActiveProfilesUtils - Retrieved @ActiveProfiles [@org.springframework.test.context.ActiveProfiles(inheritProfiles=true, profiles=[development], resolver=org.springframework.test.context.ActiveProfilesResolver, value=[development])] for declaring class [com.soft.dao.EshopDAOImplTest]
17:59:16.242 [main] TRACE org.springframework.test.context.support.DefaultActiveProfilesResolver - Retrieved @ActiveProfiles [@org.springframework.test.context.ActiveProfiles(inheritProfiles=true, profiles=[development], resolver=org.springframework.test.context.ActiveProfilesResolver, value=[development])] for declaring class [com.soft.dao.EshopDAOImplTest].
17:59:16.244 [main] DEBUG org.springframework.test.context.web.WebTestContextBootstrapper - @TestExecutionListeners is not present for class [com.soft.dao.EshopDAOImplTest]: using defaults.
17:59:16.244 [main] INFO  org.springframework.test.context.web.WebTestContextBootstrapper - Loaded default TestExecutionListener class names from location [META-INF/spring.factories]: [org.springframework.test.context.web.ServletTestExecutionListener, org.springframework.test.context.support.DirtiesContextBeforeModesTestExecutionListener, org.springframework.test.context.support.DependencyInjectionTestExecutionListener, org.springframework.test.context.support.DirtiesContextTestExecutionListener, org.springframework.test.context.transaction.TransactionalTestExecutionListener, org.springframework.test.context.jdbc.SqlScriptsTestExecutionListener, org.springframework.test.context.event.EventPublishingTestExecutionListener]
17:59:16.259 [main] INFO  org.springframework.test.context.web.WebTestContextBootstrapper - Using TestExecutionListeners: [org.springframework.test.context.web.ServletTestExecutionListener@68c9d179, org.springframework.test.context.support.DirtiesContextBeforeModesTestExecutionListener@d554c5f, org.springframework.test.context.support.DependencyInjectionTestExecutionListener@2dfaea86, org.springframework.test.context.support.DirtiesContextTestExecutionListener@15888343, org.springframework.test.context.transaction.TransactionalTestExecutionListener@33ecda92, org.springframework.test.context.jdbc.SqlScriptsTestExecutionListener@14fc5f04, org.springframework.test.context.event.EventPublishingTestExecutionListener@6e2829c7]
17:59:16.259 [main] TRACE org.springframework.test.context.TestContextManager - Registering TestExecutionListener: org.springframework.test.context.web.ServletTestExecutionListener@68c9d179
17:59:16.259 [main] TRACE org.springframework.test.context.TestContextManager - Registering TestExecutionListener: org.springframework.test.context.support.DirtiesContextBeforeModesTestExecutionListener@d554c5f
17:59:16.259 [main] TRACE org.springframework.test.context.TestContextManager - Registering TestExecutionListener: org.springframework.test.context.support.DependencyInjectionTestExecutionListener@2dfaea86
17:59:16.260 [main] TRACE org.springframework.test.context.TestContextManager - Registering TestExecutionListener: org.springframework.test.context.support.DirtiesContextTestExecutionListener@15888343
17:59:16.260 [main] TRACE org.springframework.test.context.TestContextManager - Registering TestExecutionListener: org.springframework.test.context.transaction.TransactionalTestExecutionListener@33ecda92
17:59:16.260 [main] TRACE org.springframework.test.context.TestContextManager - Registering TestExecutionListener: org.springframework.test.context.jdbc.SqlScriptsTestExecutionListener@14fc5f04
17:59:16.260 [main] TRACE org.springframework.test.context.TestContextManager - Registering TestExecutionListener: org.springframework.test.context.event.EventPublishingTestExecutionListener@6e2829c7
17:59:16.260 [main] TRACE org.springframework.test.context.TestContextManager - beforeTestClass(): class [com.soft.dao.EshopDAOImplTest]
17:59:16.261 [main] DEBUG org.springframework.test.context.support.AbstractDirtiesContextTestExecutionListener - Before test class: context [DefaultTestContext@55de24cc testClass = EshopDAOImplTest, testInstance = [null], testMethod = [null], testException = [null], mergedContextConfiguration = [WebMergedContextConfiguration@dc7df28 testClass = EshopDAOImplTest, locations = '{}', classes = '{class com.soft.config.AppConfig, class com.soft.config.DataAccessConfig}', contextInitializerClasses = '[]', activeProfiles = '{development}', propertySourceLocations = '{}', propertySourceProperties = '{}', contextCustomizers = set[[empty]], resourceBasePath = 'src/main/webapp', contextLoader = 'org.springframework.test.context.web.WebDelegatingSmartContextLoader', parent = [null]], attributes = map[[empty]]], class annotated with @DirtiesContext [false] with mode [null].
17:59:16.263 [main] TRACE org.springframework.test.context.TestContextManager - prepareTestInstance(): instance [com.soft.dao.EshopDAOImplTest@7a6d7e92]
17:59:16.263 [main] DEBUG org.springframework.test.context.support.AbstractDelegatingSmartContextLoader - Delegating to AnnotationConfigWebContextLoader to load context from [WebMergedContextConfiguration@dc7df28 testClass = EshopDAOImplTest, locations = '{}', classes = '{class com.soft.config.AppConfig, class com.soft.config.DataAccessConfig}', contextInitializerClasses = '[]', activeProfiles = '{development}', propertySourceLocations = '{}', propertySourceProperties = '{}', contextCustomizers = set[[empty]], resourceBasePath = 'src/main/webapp', contextLoader = 'org.springframework.test.context.web.WebDelegatingSmartContextLoader', parent = [null]].
17:59:16.264 [main] DEBUG org.springframework.test.context.web.AbstractGenericWebContextLoader - Loading WebApplicationContext for merged context configuration [WebMergedContextConfiguration@dc7df28 testClass = EshopDAOImplTest, locations = '{}', classes = '{class com.soft.config.AppConfig, class com.soft.config.DataAccessConfig}', contextInitializerClasses = '[]', activeProfiles = '{development}', propertySourceLocations = '{}', propertySourceProperties = '{}', contextCustomizers = set[[empty]], resourceBasePath = 'src/main/webapp', contextLoader = 'org.springframework.test.context.web.WebDelegatingSmartContextLoader', parent = [null]].
17:59:16.298 [main] DEBUG org.springframework.web.context.support.StandardServletEnvironment - Activating profiles [development]
17:59:16.299 [main] DEBUG org.springframework.test.context.web.AnnotationConfigWebContextLoader - Registering annotated classes: {class com.soft.config.AppConfig, class com.soft.config.DataAccessConfig}
17:59:16.329 [main] INFO  org.springframework.web.context.support.GenericWebApplicationContext - Refreshing org.springframework.web.context.support.GenericWebApplicationContext@38145825: startup date [Mon Feb 10 17:59:16 MSK 2020]; root of context hierarchy
17:59:16.331 [main] DEBUG org.springframework.web.context.support.GenericWebApplicationContext - Bean factory for org.springframework.web.context.support.GenericWebApplicationContext@38145825: org.springframework.beans.factory.support.DefaultListableBeanFactory@a307a8c: defining beans [org.springframework.context.annotation.internalConfigurationAnnotationProcessor,org.springframework.context.annotation.internalAutowiredAnnotationProcessor,org.springframework.context.annotation.internalRequiredAnnotationProcessor,org.springframework.context.annotation.internalCommonAnnotationProcessor,org.springframework.context.annotation.internalPersistenceAnnotationProcessor,org.springframework.context.event.internalEventListenerProcessor,org.springframework.context.event.internalEventListenerFactory,appConfig,dataAccessConfig]; root of factory hierarchy
17:59:16.337 [main] DEBUG org.springframework.beans.factory.support.DefaultListableBeanFactory - Registering scope 'request' with implementation [org.springframework.web.context.request.RequestScope@5cdec700]
17:59:16.337 [main] DEBUG org.springframework.beans.factory.support.DefaultListableBeanFactory - Registering scope 'session' with implementation [org.springframework.web.context.request.SessionScope@1f75a668]
17:59:16.337 [main] DEBUG org.springframework.beans.factory.support.DefaultListableBeanFactory - Registering scope 'application' with implementation [org.springframework.web.context.support.ServletContextScope@6304101a]
17:59:16.341 [main] DEBUG org.springframework.beans.factory.support.DefaultListableBeanFactory - Creating shared instance of singleton bean 'org.springframework.context.annotation.internalConfigurationAnnotationProcessor'
17:59:16.342 [main] DEBUG org.springframework.beans.factory.support.DefaultListableBeanFactory - Creating instance of bean 'org.springframework.context.annotation.internalConfigurationAnnotationProcessor'
17:59:16.352 [main] DEBUG org.springframework.beans.factory.support.DefaultListableBeanFactory - Eagerly caching bean 'org.springframework.context.annotation.internalConfigurationAnnotationProcessor' to allow for resolving potential circular references
17:59:16.354 [main] DEBUG org.springframework.beans.factory.support.DefaultListableBeanFactory - Finished creating instance of bean 'org.springframework.context.annotation.internalConfigurationAnnotationProcessor'
17:59:16.374 [main] TRACE org.springframework.core.io.support.PathMatchingResourcePatternResolver - Resolved classpath location [com/soft/controller/] to resources [URL [file:/home/mihail/programs/project_mvn/eShop/eShop_repo/eshop/target/classes/com/soft/controller/]]
17:59:16.374 [main] TRACE org.springframework.core.io.support.PathMatchingResourcePatternResolver - Looking for matching resources in directory tree [/home/mihail/programs/project_mvn/eShop/eShop_repo/eshop/target/classes/com/soft/controller]
17:59:16.375 [main] TRACE org.springframework.core.io.support.PathMatchingResourcePatternResolver - Searching directory [/home/mihail/programs/project_mvn/eShop/eShop_repo/eshop/target/classes/com/soft/controller] for files matching pattern [/home/mihail/programs/project_mvn/eShop/eShop_repo/eshop/target/classes/com/soft/controller/**/*.class]
17:59:16.377 [main] TRACE org.springframework.core.io.support.PathMatchingResourcePatternResolver - Resolved location pattern [classpath*:com/soft/controller/**/*.class] to resources [file [/home/mihail/programs/project_mvn/eShop/eShop_repo/eshop/target/classes/com/soft/controller/EshopController.class]]
17:59:16.377 [main] TRACE org.springframework.context.annotation.ClassPathBeanDefinitionScanner - Scanning file [/home/mihail/programs/project_mvn/eShop/eShop_repo/eshop/target/classes/com/soft/controller/EshopController.class]
17:59:16.390 [main] DEBUG org.springframework.context.annotation.ClassPathBeanDefinitionScanner - Identified candidate component class: file [/home/mihail/programs/project_mvn/eShop/eShop_repo/eshop/target/classes/com/soft/controller/EshopController.class]
17:59:16.433 [main] DEBUG org.springframework.context.annotation.ConfigurationClassBeanDefinitionReader - Registered bean definition for imported class 'messageSource'
17:59:16.434 [main] DEBUG org.springframework.context.annotation.ConfigurationClassBeanDefinitionReader - Registered bean definition for imported class 'org.springframework.web.servlet.config.annotation.DelegatingWebMvcConfiguration'
17:59:16.435 [main] DEBUG org.springframework.context.annotation.ConfigurationClassBeanDefinitionReader - Registering bean definition for @Bean method org.springframework.web.servlet.config.annotation.DelegatingWebMvcConfiguration.requestMappingHandlerMapping()
17:59:16.435 [main] DEBUG org.springframework.context.annotation.ConfigurationClassBeanDefinitionReader - Registering bean definition for @Bean method org.springframework.web.servlet.config.annotation.DelegatingWebMvcConfiguration.mvcPathMatcher()
17:59:16.436 [main] DEBUG org.springframework.context.annotation.ConfigurationClassBeanDefinitionReader - Registering bean definition for @Bean method org.springframework.web.servlet.config.annotation.DelegatingWebMvcConfiguration.mvcUrlPathHelper()
17:59:16.436 [main] DEBUG org.springframework.context.annotation.ConfigurationClassBeanDefinitionReader - Registering bean definition for @Bean method org.springframework.web.servlet.config.annotation.DelegatingWebMvcConfiguration.mvcContentNegotiationManager()
17:59:16.436 [main] DEBUG org.springframework.context.annotation.ConfigurationClassBeanDefinitionReader - Registering bean definition for @Bean method org.springframework.web.servlet.config.annotation.DelegatingWebMvcConfiguration.viewControllerHandlerMapping()
17:59:16.437 [main] DEBUG org.springframework.context.annotation.ConfigurationClassBeanDefinitionReader - Registering bean definition for @Bean method org.springframework.web.servlet.config.annotation.DelegatingWebMvcConfiguration.beanNameHandlerMapping()
17:59:16.437 [main] DEBUG org.springframework.context.annotation.ConfigurationClassBeanDefinitionReader - Registering bean definition for @Bean method org.springframework.web.servlet.config.annotation.DelegatingWebMvcConfiguration.resourceHandlerMapping()
17:59:16.437 [main] DEBUG org.springframework.context.annotation.ConfigurationClassBeanDefinitionReader - Registering bean definition for @Bean method org.springframework.web.servlet.config.annotation.DelegatingWebMvcConfiguration.mvcResourceUrlProvider()
17:59:16.437 [main] DEBUG org.springframework.context.annotation.ConfigurationClassBeanDefinitionReader - Registering bean definition for @Bean method org.springframework.web.servlet.config.annotation.DelegatingWebMvcConfiguration.defaultServletHandlerMapping()
17:59:16.438 [main] DEBUG org.springframework.context.annotation.ConfigurationClassBeanDefinitionReader - Registering bean definition for @Bean method org.springframework.web.servlet.config.annotation.DelegatingWebMvcConfiguration.requestMappingHandlerAdapter()
17:59:16.438 [main] DEBUG org.springframework.context.annotation.ConfigurationClassBeanDefinitionReader - Registering bean definition for @Bean method org.springframework.web.servlet.config.annotation.DelegatingWebMvcConfiguration.mvcConversionService()
17:59:16.438 [main] DEBUG org.springframework.context.annotation.ConfigurationClassBeanDefinitionReader - Registering bean definition for @Bean method org.springframework.web.servlet.config.annotation.DelegatingWebMvcConfiguration.mvcValidator()
17:59:16.439 [main] DEBUG org.springframework.context.annotation.ConfigurationClassBeanDefinitionReader - Registering bean definition for @Bean method org.springframework.web.servlet.config.annotation.DelegatingWebMvcConfiguration.mvcUriComponentsContributor()
17:59:16.439 [main] DEBUG org.springframework.context.annotation.ConfigurationClassBeanDefinitionReader - Registering bean definition for @Bean method org.springframework.web.servlet.config.annotation.DelegatingWebMvcConfiguration.httpRequestHandlerAdapter()
17:59:16.439 [main] DEBUG org.springframework.context.annotation.ConfigurationClassBeanDefinitionReader - Registering bean definition for @Bean method org.springframework.web.servlet.config.annotation.DelegatingWebMvcConfiguration.simpleControllerHandlerAdapter()
17:59:16.440 [main] DEBUG org.springframework.context.annotation.ConfigurationClassBeanDefinitionReader - Registering bean definition for @Bean method org.springframework.web.servlet.config.annotation.DelegatingWebMvcConfiguration.handlerExceptionResolver()
17:59:16.440 [main] DEBUG org.springframework.context.annotation.ConfigurationClassBeanDefinitionReader - Registering bean definition for @Bean method org.springframework.web.servlet.config.annotation.DelegatingWebMvcConfiguration.mvcViewResolver()
17:59:16.441 [main] DEBUG org.springframework.context.annotation.ConfigurationClassBeanDefinitionReader - Registering bean definition for @Bean method org.springframework.web.servlet.config.annotation.DelegatingWebMvcConfiguration.mvcHandlerMappingIntrospector()
17:59:16.441 [main] DEBUG org.springframework.context.annotation.ConfigurationClassBeanDefinitionReader - Registering bean definition for @Bean method com.soft.config.AppConfig.viewResolver()
17:59:16.441 [main] DEBUG org.springframework.context.annotation.ConfigurationClassBeanDefinitionReader - Registering bean definition for @Bean method com.soft.config.AppConfig.templateEngine()
17:59:16.441 [main] DEBUG org.springframework.context.annotation.ConfigurationClassBeanDefinitionReader - Registering bean definition for @Bean method com.soft.config.AppConfig.templateResolver()
17:59:16.442 [main] DEBUG org.springframework.context.annotation.ConfigurationClassBeanDefinitionReader - Registering bean definition for @Bean method com.soft.config.AppConfig.localeResolver()
17:59:16.443 [main] DEBUG org.springframework.context.annotation.ConfigurationClassBeanDefinitionReader - Registered bean definition for imported class 'org.springframework.transaction.annotation.ProxyTransactionManagementConfiguration'
17:59:16.443 [main] DEBUG org.springframework.context.annotation.ConfigurationClassBeanDefinitionReader - Registering bean definition for @Bean method org.springframework.transaction.annotation.ProxyTransactionManagementConfiguration.org.springframework.transaction.config.internalTransactionAdvisor()
17:59:16.444 [main] DEBUG org.springframework.context.annotation.ConfigurationClassBeanDefinitionReader - Registering bean definition for @Bean method org.springframework.transaction.annotation.ProxyTransactionManagementConfiguration.transactionAttributeSource()
17:59:16.444 [main] DEBUG org.springframework.context.annotation.ConfigurationClassBeanDefinitionReader - Registering bean definition for @Bean method org.springframework.transaction.annotation.ProxyTransactionManagementConfiguration.transactionInterceptor()
17:59:16.445 [main] DEBUG org.springframework.context.annotation.ConfigurationClassBeanDefinitionReader - Registering bean definition for @Bean method org.springframework.transaction.annotation.ProxyTransactionManagementConfiguration.org.springframework.transaction.config.internalTransactionalEventListenerFactory()
17:59:16.451 [main] DEBUG org.springframework.context.annotation.ConfigurationClassBeanDefinitionReader - Registering bean definition for @Bean method com.soft.config.DataAccessConfig.DataSourceBean()
17:59:16.454 [main] DEBUG org.springframework.context.annotation.ConfigurationClassBeanDefinitionReader - Registering bean definition for @Bean method com.soft.config.DataAccessConfig.SessionFactory()
17:59:16.456 [main] DEBUG org.springframework.context.annotation.ConfigurationClassBeanDefinitionReader - Registering bean definition for @Bean method com.soft.config.DataAccessConfig.getDevLocaleDAO()
17:59:16.459 [main] DEBUG org.springframework.context.annotation.ConfigurationClassBeanDefinitionReader - Registering bean definition for @Bean method com.soft.config.DataAccessConfig.transactionManager()
17:59:16.566 [main] DEBUG org.springframework.context.annotation.ConfigurationClassEnhancer - Successfully enhanced com.soft.config.AppConfig; enhanced class name is: com.soft.config.AppConfig$$EnhancerBySpringCGLIB$$e918ca52
17:59:16.566 [main] DEBUG org.springframework.context.annotation.ConfigurationClassPostProcessor - Replacing bean definition 'appConfig' existing class 'com.soft.config.AppConfig' with enhanced class 'com.soft.config.AppConfig$$EnhancerBySpringCGLIB$$e918ca52'
17:59:16.577 [main] DEBUG org.springframework.context.annotation.ConfigurationClassEnhancer - Successfully enhanced com.soft.config.DataAccessConfig; enhanced class name is: com.soft.config.DataAccessConfig$$EnhancerBySpringCGLIB$$d625e009
17:59:16.578 [main] DEBUG org.springframework.context.annotation.ConfigurationClassPostProcessor - Replacing bean definition 'dataAccessConfig' existing class 'com.soft.config.DataAccessConfig' with enhanced class 'com.soft.config.DataAccessConfig$$EnhancerBySpringCGLIB$$d625e009'
17:59:16.587 [main] DEBUG org.springframework.context.annotation.ConfigurationClassEnhancer - Successfully enhanced org.springframework.web.servlet.config.annotation.DelegatingWebMvcConfiguration; enhanced class name is: org.springframework.web.servlet.config.annotation.DelegatingWebMvcConfiguration$$EnhancerBySpringCGLIB$$38f91ed5
17:59:16.587 [main] DEBUG org.springframework.context.annotation.ConfigurationClassPostProcessor - Replacing bean definition 'org.springframework.web.servlet.config.annotation.DelegatingWebMvcConfiguration' existing class 'org.springframework.web.servlet.config.annotation.DelegatingWebMvcConfiguration' with enhanced class 'org.springframework.web.servlet.config.annotation.DelegatingWebMvcConfiguration$$EnhancerBySpringCGLIB$$38f91ed5'
17:59:16.591 [main] DEBUG org.springframework.context.annotation.ConfigurationClassEnhancer - Successfully enhanced org.springframework.transaction.annotation.ProxyTransactionManagementConfiguration; enhanced class name is: org.springframework.transaction.annotation.ProxyTransactionManagementConfiguration$$EnhancerBySpringCGLIB$$7438399f
17:59:16.591 [main] DEBUG org.springframework.context.annotation.ConfigurationClassPostProcessor - Replacing bean definition 'org.springframework.transaction.annotation.ProxyTransactionManagementConfiguration' existing class 'org.springframework.transaction.annotation.ProxyTransactionManagementConfiguration' with enhanced class 'org.springframework.transaction.annotation.ProxyTransactionManagementConfiguration$$EnhancerBySpringCGLIB$$7438399f'
17:59:16.596 [main] DEBUG org.springframework.beans.factory.support.DefaultListableBeanFactory - Creating shared instance of singleton bean 'org.springframework.context.annotation.internalAutowiredAnnotationProcessor'
17:59:16.596 [main] DEBUG org.springframework.beans.factory.support.DefaultListableBeanFactory - Creating instance of bean 'org.springframework.context.annotation.internalAutowiredAnnotationProcessor'
17:59:16.596 [main] DEBUG org.springframework.beans.factory.support.DefaultListableBeanFactory - Eagerly caching bean 'org.springframework.context.annotation.internalAutowiredAnnotationProcessor' to allow for resolving potential circular references
17:59:16.598 [main] TRACE org.springframework.core.io.support.SpringFactoriesLoader - Loaded [org.springframework.beans.BeanInfoFactory] names: [org.springframework.beans.ExtendedBeanInfoFactory]
17:59:16.598 [main] TRACE org.springframework.beans.CachedIntrospectionResults - Getting BeanInfo for class [org.springframework.beans.factory.annotation.AutowiredAnnotationBeanPostProcessor]
17:59:16.603 [main] TRACE org.springframework.beans.CachedIntrospectionResults - Caching PropertyDescriptors for class [org.springframework.beans.factory.annotation.AutowiredAnnotationBeanPostProcessor]
17:59:16.603 [main] TRACE org.springframework.beans.CachedIntrospectionResults - Found bean property 'autowiredAnnotationType' of type [java.lang.Class]
17:59:16.605 [main] TRACE org.springframework.beans.CachedIntrospectionResults - Found bean property 'autowiredAnnotationTypes' of type [java.util.Set]
17:59:16.605 [main] TRACE org.springframework.beans.CachedIntrospectionResults - Found bean property 'beanFactory' of type [org.springframework.beans.factory.BeanFactory]
17:59:16.606 [main] TRACE org.springframework.beans.CachedIntrospectionResults - Found bean property 'class' of type [java.lang.Class]
17:59:16.606 [main] TRACE org.springframework.beans.CachedIntrospectionResults - Found bean property 'order' of type [int]
17:59:16.606 [main] TRACE org.springframework.beans.CachedIntrospectionResults - Found bean property 'requiredParameterName' of type [java.lang.String]
17:59:16.606 [main] TRACE org.springframework.beans.CachedIntrospectionResults - Found bean property 'requiredParameterValue' of type [boolean]
17:59:16.608 [main] DEBUG org.springframework.beans.factory.support.DefaultListableBeanFactory - Finished creating instance of bean 'org.springframework.context.annotation.internalAutowiredAnnotationProcessor'
17:59:16.608 [main] DEBUG org.springframework.beans.factory.support.DefaultListableBeanFactory - Creating shared instance of singleton bean 'org.springframework.context.annotation.internalRequiredAnnotationProcessor'
17:59:16.608 [main] DEBUG org.springframework.beans.factory.support.DefaultListableBeanFactory - Creating instance of bean 'org.springframework.context.annotation.internalRequiredAnnotationProcessor'
17:59:16.609 [main] DEBUG org.springframework.beans.factory.support.DefaultListableBeanFactory - Eagerly caching bean 'org.springframework.context.annotation.internalRequiredAnnotationProcessor' to allow for resolving potential circular references
17:59:16.609 [main] TRACE org.springframework.beans.CachedIntrospectionResults - Getting BeanInfo for class [org.springframework.beans.factory.annotation.RequiredAnnotationBeanPostProcessor]
17:59:16.610 [main] TRACE org.springframework.beans.CachedIntrospectionResults - Caching PropertyDescriptors for class [org.springframework.beans.factory.annotation.RequiredAnnotationBeanPostProcessor]
17:59:16.610 [main] TRACE org.springframework.beans.CachedIntrospectionResults - Found bean property 'beanFactory' of type [org.springframework.beans.factory.BeanFactory]
17:59:16.610 [main] TRACE org.springframework.beans.CachedIntrospectionResults - Found bean property 'class' of type [java.lang.Class]
17:59:16.610 [main] TRACE org.springframework.beans.CachedIntrospectionResults - Found bean property 'order' of type [int]
17:59:16.610 [main] TRACE org.springframework.beans.CachedIntrospectionResults - Found bean property 'requiredAnnotationType' of type [java.lang.Class]
17:59:16.611 [main] DEBUG org.springframework.beans.factory.support.DefaultListableBeanFactory - Finished creating instance of bean 'org.springframework.context.annotation.internalRequiredAnnotationProcessor'
17:59:16.611 [main] DEBUG org.springframework.beans.factory.support.DefaultListableBeanFactory - Creating shared instance of singleton bean 'org.springframework.context.annotation.internalCommonAnnotationProcessor'
17:59:16.611 [main] DEBUG org.springframework.beans.factory.support.DefaultListableBeanFactory - Creating instance of bean 'org.springframework.context.annotation.internalCommonAnnotationProcessor'
17:59:16.613 [main] DEBUG org.springframework.beans.factory.support.DefaultListableBeanFactory - Eagerly caching bean 'org.springframework.context.annotation.internalCommonAnnotationProcessor' to allow for resolving potential circular references
17:59:16.613 [main] TRACE org.springframework.beans.CachedIntrospectionResults - Getting BeanInfo for class [org.springframework.context.annotation.CommonAnnotationBeanPostProcessor]
17:59:16.615 [main] TRACE org.springframework.beans.CachedIntrospectionResults - Caching PropertyDescriptors for class [org.springframework.context.annotation.CommonAnnotationBeanPostProcessor]
17:59:16.615 [main] TRACE org.springframework.beans.CachedIntrospectionResults - Found bean property 'alwaysUseJndiLookup' of type [boolean]
17:59:16.615 [main] TRACE org.springframework.beans.CachedIntrospectionResults - Found bean property 'beanFactory' of type [org.springframework.beans.factory.BeanFactory]
17:59:16.616 [main] TRACE org.springframework.beans.CachedIntrospectionResults - Found bean property 'class' of type [java.lang.Class]
17:59:16.616 [main] TRACE org.springframework.beans.CachedIntrospectionResults - Found bean property 'destroyAnnotationType' of type [java.lang.Class]
17:59:16.616 [main] TRACE org.springframework.beans.CachedIntrospectionResults - Found bean property 'fallbackToDefaultTypeMatch' of type [boolean]
17:59:16.616 [main] TRACE org.springframework.beans.CachedIntrospectionResults - Found bean property 'initAnnotationType' of type [java.lang.Class]
17:59:16.616 [main] TRACE org.springframework.beans.CachedIntrospectionResults - Found bean property 'jndiFactory' of type [org.springframework.beans.factory.BeanFactory]
17:59:16.616 [main] TRACE org.springframework.beans.CachedIntrospectionResults - Found bean property 'order' of type [int]
17:59:16.617 [main] TRACE org.springframework.beans.CachedIntrospectionResults - Found bean property 'resourceFactory' of type [org.springframework.beans.factory.BeanFactory]
17:59:16.618 [main] DEBUG org.springframework.beans.factory.support.DefaultListableBeanFactory - Finished creating instance of bean 'org.springframework.context.annotation.internalCommonAnnotationProcessor'
17:59:16.619 [main] DEBUG org.springframework.beans.factory.support.DefaultListableBeanFactory - Creating shared instance of singleton bean 'org.springframework.context.annotation.internalPersistenceAnnotationProcessor'
17:59:16.619 [main] DEBUG org.springframework.beans.factory.support.DefaultListableBeanFactory - Creating instance of bean 'org.springframework.context.annotation.internalPersistenceAnnotationProcessor'
17:59:16.619 [main] DEBUG org.springframework.beans.factory.support.DefaultListableBeanFactory - Eagerly caching bean 'org.springframework.context.annotation.internalPersistenceAnnotationProcessor' to allow for resolving potential circular references
17:59:16.619 [main] TRACE org.springframework.beans.CachedIntrospectionResults - Getting BeanInfo for class [org.springframework.orm.jpa.support.PersistenceAnnotationBeanPostProcessor]
17:59:16.620 [main] TRACE org.springframework.beans.CachedIntrospectionResults - Caching PropertyDescriptors for class [org.springframework.orm.jpa.support.PersistenceAnnotationBeanPostProcessor]
17:59:16.620 [main] TRACE org.springframework.beans.CachedIntrospectionResults - Found bean property 'beanFactory' of type [org.springframework.beans.factory.BeanFactory]
17:59:16.620 [main] TRACE org.springframework.beans.CachedIntrospectionResults - Found bean property 'class' of type [java.lang.Class]
17:59:16.620 [main] TRACE org.springframework.beans.CachedIntrospectionResults - Found bean property 'defaultPersistenceUnitName' of type [java.lang.String]
17:59:16.621 [main] TRACE org.springframework.beans.CachedIntrospectionResults - Found bean property 'extendedPersistenceContexts' of type [java.util.Map]
17:59:16.621 [main] TRACE org.springframework.beans.CachedIntrospectionResults - Found bean property 'jndiEnvironment' of type [java.util.Properties]
17:59:16.621 [main] TRACE org.springframework.beans.CachedIntrospectionResults - Found bean property 'jndiTemplate' of type [java.lang.Object]
17:59:16.621 [main] TRACE org.springframework.beans.CachedIntrospectionResults - Found bean property 'order' of type [int]
17:59:16.621 [main] TRACE org.springframework.beans.CachedIntrospectionResults - Found bean property 'persistenceContexts' of type [java.util.Map]
17:59:16.621 [main] TRACE org.springframework.beans.CachedIntrospectionResults - Found bean property 'persistenceUnits' of type [java.util.Map]
17:59:16.621 [main] TRACE org.springframework.beans.CachedIntrospectionResults - Found bean property 'resourceRef' of type [boolean]
17:59:16.623 [main] DEBUG org.springframework.beans.factory.support.DefaultListableBeanFactory - Finished creating instance of bean 'org.springframework.context.annotation.internalPersistenceAnnotationProcessor'
17:59:16.623 [main] DEBUG org.springframework.beans.factory.support.DefaultListableBeanFactory - Creating shared instance of singleton bean 'org.springframework.aop.config.internalAutoProxyCreator'
17:59:16.623 [main] DEBUG org.springframework.beans.factory.support.DefaultListableBeanFactory - Creating instance of bean 'org.springframework.aop.config.internalAutoProxyCreator'
17:59:16.632 [main] DEBUG org.springframework.beans.factory.support.DefaultListableBeanFactory - Eagerly caching bean 'org.springframework.aop.config.internalAutoProxyCreator' to allow for resolving potential circular references
17:59:16.632 [main] TRACE org.springframework.beans.CachedIntrospectionResults - Getting BeanInfo for class [org.springframework.aop.framework.autoproxy.InfrastructureAdvisorAutoProxyCreator]
17:59:16.636 [main] TRACE org.springframework.beans.CachedIntrospectionResults - Caching PropertyDescriptors for class [org.springframework.aop.framework.autoproxy.InfrastructureAdvisorAutoProxyCreator]
17:59:16.636 [main] TRACE org.springframework.beans.CachedIntrospectionResults - Found bean property 'advisorAdapterRegistry' of type [org.springframework.aop.framework.adapter.AdvisorAdapterRegistry]
17:59:16.637 [main] TRACE org.springframework.beans.CachedIntrospectionResults - Found bean property 'applyCommonInterceptorsFirst' of type [boolean]
17:59:16.637 [main] TRACE org.springframework.beans.CachedIntrospectionResults - Found bean property 'beanClassLoader' of type [java.lang.ClassLoader]
17:59:16.637 [main] TRACE org.springframework.beans.CachedIntrospectionResults - Found bean property 'beanFactory' of type [org.springframework.beans.factory.BeanFactory]
17:59:16.637 [main] TRACE org.springframework.beans.CachedIntrospectionResults - Found bean property 'class' of type [java.lang.Class]
17:59:16.643 [main] TRACE org.springframework.beans.CachedIntrospectionResults - Found bean property 'customTargetSourceCreators' of type [[Lorg.springframework.aop.framework.autoproxy.TargetSourceCreator;]
17:59:16.643 [main] TRACE org.springframework.beans.CachedIntrospectionResults - Found bean property 'exposeProxy' of type [boolean]
17:59:16.643 [main] TRACE org.springframework.beans.CachedIntrospectionResults - Found bean property 'frozen' of type [boolean]
17:59:16.644 [main] TRACE org.springframework.beans.CachedIntrospectionResults - Found bean property 'interceptorNames' of type [[Ljava.lang.String;]
17:59:16.644 [main] TRACE org.springframework.beans.CachedIntrospectionResults - Found bean property 'opaque' of type [boolean]
17:59:16.644 [main] TRACE org.springframework.beans.CachedIntrospectionResults - Found bean property 'optimize' of type [boolean]
17:59:16.644 [main] TRACE org.springframework.beans.CachedIntrospectionResults - Found bean property 'order' of type [int]
17:59:16.644 [main] TRACE org.springframework.beans.CachedIntrospectionResults - Found bean property 'proxyClassLoader' of type [java.lang.ClassLoader]
17:59:16.644 [main] TRACE org.springframework.beans.CachedIntrospectionResults - Found bean property 'proxyTargetClass' of type [boolean]
17:59:16.652 [main] DEBUG org.springframework.beans.factory.support.DefaultListableBeanFactory - Finished creating instance of bean 'org.springframework.aop.config.internalAutoProxyCreator'
17:59:16.652 [main] DEBUG org.springframework.beans.factory.support.DefaultListableBeanFactory - Creating shared instance of singleton bean 'messageSource'
17:59:16.652 [main] DEBUG org.springframework.beans.factory.support.DefaultListableBeanFactory - Creating instance of bean 'messageSource'
17:59:16.658 [main] DEBUG org.springframework.beans.factory.support.DefaultListableBeanFactory - Creating shared instance of singleton bean 'appConfig'
17:59:16.658 [main] DEBUG org.springframework.beans.factory.support.DefaultListableBeanFactory - Creating instance of bean 'appConfig'
17:59:16.658 [main] DEBUG org.springframework.beans.factory.support.DefaultListableBeanFactory - Eagerly caching bean 'appConfig' to allow for resolving potential circular references
17:59:16.659 [main] TRACE org.springframework.beans.CachedIntrospectionResults - Getting BeanInfo for class [com.soft.config.AppConfig$$EnhancerBySpringCGLIB$$e918ca52]
17:59:16.661 [main] TRACE org.springframework.beans.CachedIntrospectionResults - Caching PropertyDescriptors for class [com.soft.config.AppConfig$$EnhancerBySpringCGLIB$$e918ca52]
17:59:16.661 [main] TRACE org.springframework.beans.CachedIntrospectionResults - Found bean property 'applicationContext' of type [org.springframework.context.ApplicationContext]
17:59:16.662 [main] TRACE org.springframework.beans.CachedIntrospectionResults - Found bean property 'beanFactory' of type [org.springframework.beans.factory.BeanFactory]
17:59:16.662 [main] TRACE org.springframework.beans.CachedIntrospectionResults - Found bean property 'class' of type [java.lang.Class]
17:59:16.662 [main] TRACE org.springframework.beans.CachedIntrospectionResults - Found bean property 'messageCodesResolver' of type [org.springframework.validation.MessageCodesResolver]
17:59:16.662 [main] TRACE org.springframework.beans.CachedIntrospectionResults - Found bean property 'sessionLocaleResolver' of type [org.springframework.web.servlet.i18n.SessionLocaleResolver]
17:59:16.662 [main] TRACE org.springframework.beans.CachedIntrospectionResults - Found bean property 'validator' of type [org.springframework.validation.Validator]
17:59:16.668 [main] DEBUG org.springframework.beans.factory.support.DefaultListableBeanFactory - Creating shared instance of singleton bean 'org.springframework.transaction.config.internalTransactionAdvisor'
17:59:16.670 [main] DEBUG org.springframework.beans.factory.support.DefaultListableBeanFactory - Creating instance of bean 'org.springframework.transaction.config.internalTransactionAdvisor'
17:59:16.670 [main] TRACE org.springframework.aop.framework.autoproxy.InfrastructureAdvisorAutoProxyCreator - Did not attempt to auto-proxy infrastructure class [org.springframework.transaction.interceptor.BeanFactoryTransactionAttributeSourceAdvisor]
17:59:16.671 [main] DEBUG org.springframework.beans.factory.support.DefaultListableBeanFactory - Creating shared instance of singleton bean 'org.springframework.transaction.annotation.ProxyTransactionManagementConfiguration'
17:59:16.672 [main] DEBUG org.springframework.beans.factory.support.DefaultListableBeanFactory - Creating instance of bean 'org.springframework.transaction.annotation.ProxyTransactionManagementConfiguration'
17:59:16.673 [main] TRACE org.springframework.beans.CachedIntrospectionResults - Getting BeanInfo for class [org.springframework.transaction.annotation.ProxyTransactionManagementConfiguration$$EnhancerBySpringCGLIB$$7438399f]
17:59:16.675 [main] TRACE org.springframework.beans.CachedIntrospectionResults - Caching PropertyDescriptors for class [org.springframework.transaction.annotation.ProxyTransactionManagementConfiguration$$EnhancerBySpringCGLIB$$7438399f]
17:59:16.675 [main] TRACE org.springframework.beans.CachedIntrospectionResults - Found bean property 'beanFactory' of type [org.springframework.beans.factory.BeanFactory]
17:59:16.675 [main] TRACE org.springframework.beans.CachedIntrospectionResults - Found bean property 'class' of type [java.lang.Class]
17:59:16.675 [main] TRACE org.springframework.beans.CachedIntrospectionResults - Found bean property 'importMetadata' of type [org.springframework.core.type.AnnotationMetadata]
17:59:16.677 [main] DEBUG org.springframework.beans.factory.annotation.InjectionMetadata - Registered injected element on class [org.springframework.transaction.annotation.ProxyTransactionManagementConfiguration$$EnhancerBySpringCGLIB$$7438399f]: AutowiredMethodElement for void org.springframework.transaction.annotation.AbstractTransactionManagementConfiguration.setConfigurers(java.util.Collection)
17:59:16.677 [main] DEBUG org.springframework.beans.factory.support.DefaultListableBeanFactory - Eagerly caching bean 'org.springframework.transaction.annotation.ProxyTransactionManagementConfiguration' to allow for resolving potential circular references
17:59:16.678 [main] DEBUG org.springframework.beans.factory.annotation.InjectionMetadata - Processing injected element of bean 'org.springframework.transaction.annotation.ProxyTransactionManagementConfiguration': AutowiredMethodElement for void org.springframework.transaction.annotation.AbstractTransactionManagementConfiguration.setConfigurers(java.util.Collection)
17:59:16.680 [main] DEBUG org.springframework.beans.factory.support.DefaultListableBeanFactory - Returning cached instance of singleton bean 'org.springframework.context.annotation.ConfigurationClassPostProcessor.importRegistry'
17:59:16.680 [main] DEBUG org.springframework.aop.framework.autoproxy.BeanFactoryAdvisorRetrievalHelper - Skipping currently created advisor 'org.springframework.transaction.config.internalTransactionAdvisor'
17:59:16.681 [main] DEBUG org.springframework.beans.factory.support.DefaultListableBeanFactory - Finished creating instance of bean 'org.springframework.transaction.annotation.ProxyTransactionManagementConfiguration'
17:59:16.692 [main] DEBUG org.springframework.beans.factory.support.DefaultListableBeanFactory - Creating shared instance of singleton bean 'transactionAttributeSource'
17:59:16.692 [main] DEBUG org.springframework.beans.factory.support.DefaultListableBeanFactory - Creating instance of bean 'transactionAttributeSource'
17:59:16.692 [main] DEBUG org.springframework.beans.factory.support.DefaultListableBeanFactory - Returning cached instance of singleton bean 'org.springframework.transaction.annotation.ProxyTransactionManagementConfiguration'
17:59:16.693 [main] DEBUG org.springframework.beans.factory.support.DefaultListableBeanFactory - Eagerly caching bean 'transactionAttributeSource' to allow for resolving potential circular references
17:59:16.693 [main] TRACE org.springframework.beans.CachedIntrospectionResults - Getting BeanInfo for class [org.springframework.transaction.annotation.AnnotationTransactionAttributeSource]
17:59:16.694 [main] TRACE org.springframework.beans.CachedIntrospectionResults - Caching PropertyDescriptors for class [org.springframework.transaction.annotation.AnnotationTransactionAttributeSource]
17:59:16.694 [main] TRACE org.springframework.beans.CachedIntrospectionResults - Found bean property 'class' of type [java.lang.Class]
17:59:16.695 [main] DEBUG org.springframework.aop.framework.autoproxy.BeanFactoryAdvisorRetrievalHelper - Skipping currently created advisor 'org.springframework.transaction.config.internalTransactionAdvisor'
17:59:16.695 [main] DEBUG org.springframework.beans.factory.support.DefaultListableBeanFactory - Finished creating instance of bean 'transactionAttributeSource'
17:59:16.696 [main] DEBUG org.springframework.beans.factory.support.DefaultListableBeanFactory - Creating shared instance of singleton bean 'transactionInterceptor'
17:59:16.696 [main] DEBUG org.springframework.beans.factory.support.DefaultListableBeanFactory - Creating instance of bean 'transactionInterceptor'
17:59:16.696 [main] TRACE org.springframework.aop.framework.autoproxy.InfrastructureAdvisorAutoProxyCreator - Did not attempt to auto-proxy infrastructure class [org.springframework.transaction.interceptor.TransactionInterceptor]
17:59:16.696 [main] DEBUG org.springframework.beans.factory.support.DefaultListableBeanFactory - Returning cached instance of singleton bean 'org.springframework.transaction.annotation.ProxyTransactionManagementConfiguration'
17:59:16.698 [main] DEBUG org.springframework.beans.factory.support.DefaultListableBeanFactory - Returning cached instance of singleton bean 'transactionAttributeSource'
17:59:16.707 [main] DEBUG org.springframework.beans.factory.support.DefaultListableBeanFactory - Eagerly caching bean 'transactionInterceptor' to allow for resolving potential circular references
17:59:16.707 [main] TRACE org.springframework.beans.CachedIntrospectionResults - Getting BeanInfo for class [org.springframework.transaction.interceptor.TransactionInterceptor]
17:59:16.709 [main] TRACE org.springframework.beans.CachedIntrospectionResults - Caching PropertyDescriptors for class [org.springframework.transaction.interceptor.TransactionInterceptor]
17:59:16.709 [main] TRACE org.springframework.beans.CachedIntrospectionResults - Found bean property 'beanFactory' of type [org.springframework.beans.factory.BeanFactory]
17:59:16.709 [main] TRACE org.springframework.beans.CachedIntrospectionResults - Found bean property 'class' of type [java.lang.Class]
17:59:16.709 [main] TRACE org.springframework.beans.CachedIntrospectionResults - Found bean property 'transactionAttributeSource' of type [org.springframework.transaction.interceptor.TransactionAttributeSource]
17:59:16.709 [main] TRACE org.springframework.beans.CachedIntrospectionResults - Found bean property 'transactionAttributeSources' of type [[Lorg.springframework.transaction.interceptor.TransactionAttributeSource;]
17:59:16.709 [main] TRACE org.springframework.beans.CachedIntrospectionResults - Found bean property 'transactionAttributes' of type [java.util.Properties]
17:59:16.709 [main] TRACE org.springframework.beans.CachedIntrospectionResults - Found bean property 'transactionManager' of type [org.springframework.transaction.PlatformTransactionManager]
17:59:16.709 [main] TRACE org.springframework.beans.CachedIntrospectionResults - Found bean property 'transactionManagerBeanName' of type [java.lang.String]
17:59:16.711 [main] DEBUG org.springframework.beans.factory.support.DefaultListableBeanFactory - Invoking afterPropertiesSet() on bean with name 'transactionInterceptor'
17:59:16.711 [main] DEBUG org.springframework.beans.factory.support.DefaultListableBeanFactory - Finished creating instance of bean 'transactionInterceptor'
17:59:16.712 [main] DEBUG org.springframework.beans.factory.support.DefaultListableBeanFactory - Eagerly caching bean 'org.springframework.transaction.config.internalTransactionAdvisor' to allow for resolving potential circular references
17:59:16.712 [main] TRACE org.springframework.beans.CachedIntrospectionResults - Getting BeanInfo for class [org.springframework.transaction.interceptor.BeanFactoryTransactionAttributeSourceAdvisor]
17:59:16.714 [main] TRACE org.springframework.beans.CachedIntrospectionResults - Caching PropertyDescriptors for class [org.springframework.transaction.interceptor.BeanFactoryTransactionAttributeSourceAdvisor]
17:59:16.714 [main] TRACE org.springframework.beans.CachedIntrospectionResults - Found bean property 'advice' of type [org.aopalliance.aop.Advice]
17:59:16.714 [main] TRACE org.springframework.beans.CachedIntrospectionResults - Found bean property 'adviceBeanName' of type [java.lang.String]
17:59:16.714 [main] TRACE org.springframework.beans.CachedIntrospectionResults - Found bean property 'beanFactory' of type [org.springframework.beans.factory.BeanFactory]
17:59:16.714 [main] TRACE org.springframework.beans.CachedIntrospectionResults - Found bean property 'class' of type [java.lang.Class]
17:59:16.715 [main] TRACE org.springframework.beans.CachedIntrospectionResults - Found bean property 'classFilter' of type [org.springframework.aop.ClassFilter]
17:59:16.715 [main] TRACE org.springframework.beans.CachedIntrospectionResults - Found bean property 'order' of type [int]
17:59:16.715 [main] TRACE org.springframework.beans.CachedIntrospectionResults - Found bean property 'perInstance' of type [boolean]
17:59:16.715 [main] TRACE org.springframework.beans.CachedIntrospectionResults - Found bean property 'pointcut' of type [org.springframework.aop.Pointcut]
17:59:16.715 [main] TRACE org.springframework.beans.CachedIntrospectionResults - Found bean property 'transactionAttributeSource' of type [org.springframework.transaction.interceptor.TransactionAttributeSource]
17:59:16.716 [main] DEBUG org.springframework.beans.factory.support.DefaultListableBeanFactory - Finished creating instance of bean 'org.springframework.transaction.config.internalTransactionAdvisor'
17:59:16.721 [main] DEBUG org.springframework.beans.factory.support.DefaultListableBeanFactory - Finished creating instance of bean 'appConfig'
17:59:16.721 [main] DEBUG org.springframework.beans.factory.support.DefaultListableBeanFactory - Autowiring by type from bean name 'messageSource' via constructor to bean named 'appConfig'
17:59:16.723 [main] DEBUG org.springframework.beans.factory.annotation.InjectionMetadata - Registered injected element on class [com.soft.config.AppConfig$DBMessageSource]: AutowiredFieldElement for private com.soft.dao.EshopDAOImpl com.soft.config.AppConfig$DBMessageSource.eshopDaoImpl
17:59:16.723 [main] DEBUG org.springframework.beans.factory.support.DefaultListableBeanFactory - Eagerly caching bean 'messageSource' to allow for resolving potential circular references
17:59:16.725 [main] TRACE org.springframework.beans.CachedIntrospectionResults - Getting BeanInfo for class [com.soft.config.AppConfig$DBMessageSource]
17:59:16.729 [main] TRACE org.springframework.beans.CachedIntrospectionResults - Caching PropertyDescriptors for class [com.soft.config.AppConfig$DBMessageSource]
17:59:16.729 [main] TRACE org.springframework.beans.CachedIntrospectionResults - Found bean property 'alwaysUseMessageFormat' of type [boolean]
17:59:16.729 [main] TRACE org.springframework.beans.CachedIntrospectionResults - Found bean property 'class' of type [java.lang.Class]
17:59:16.729 [main] TRACE org.springframework.beans.CachedIntrospectionResults - Found bean property 'commonMessages' of type [java.util.Properties]
17:59:16.729 [main] TRACE org.springframework.beans.CachedIntrospectionResults - Found bean property 'parentMessageSource' of type [org.springframework.context.MessageSource]
17:59:16.729 [main] TRACE org.springframework.beans.CachedIntrospectionResults - Found bean property 'useCodeAsDefaultMessage' of type [boolean]
17:59:16.730 [main] DEBUG org.springframework.beans.factory.annotation.InjectionMetadata - Processing injected element of bean 'messageSource': AutowiredFieldElement for private com.soft.dao.EshopDAOImpl com.soft.config.AppConfig$DBMessageSource.eshopDaoImpl
17:59:16.733 [main] DEBUG org.springframework.beans.factory.support.DefaultListableBeanFactory - Creating shared instance of singleton bean 'DataSourceBean'
17:59:16.734 [main] DEBUG org.springframework.beans.factory.support.DefaultListableBeanFactory - Creating instance of bean 'DataSourceBean'
17:59:16.734 [main] DEBUG org.springframework.beans.factory.support.DefaultListableBeanFactory - Creating shared instance of singleton bean 'dataAccessConfig'
17:59:16.734 [main] DEBUG org.springframework.beans.factory.support.DefaultListableBeanFactory - Creating instance of bean 'dataAccessConfig'
17:59:16.735 [main] DEBUG org.springframework.beans.factory.support.DefaultListableBeanFactory - Eagerly caching bean 'dataAccessConfig' to allow for resolving potential circular references
17:59:16.735 [main] TRACE org.springframework.beans.CachedIntrospectionResults - Getting BeanInfo for class [com.soft.config.DataAccessConfig$$EnhancerBySpringCGLIB$$d625e009]
17:59:16.738 [main] TRACE org.springframework.beans.CachedIntrospectionResults - Caching PropertyDescriptors for class [com.soft.config.DataAccessConfig$$EnhancerBySpringCGLIB$$d625e009]
17:59:16.743 [main] TRACE org.springframework.beans.CachedIntrospectionResults - Found bean property 'beanFactory' of type [org.springframework.beans.factory.BeanFactory]
17:59:16.744 [main] TRACE org.springframework.beans.CachedIntrospectionResults - Found bean property 'class' of type [java.lang.Class]
17:59:16.744 [main] TRACE org.springframework.beans.CachedIntrospectionResults - Found bean property 'dataSource' of type [javax.sql.DataSource]
17:59:16.744 [main] TRACE org.springframework.beans.CachedIntrospectionResults - Found bean property 'devDataSource' of type [javax.sql.DataSource]
17:59:16.744 [main] DEBUG org.springframework.beans.factory.support.DefaultListableBeanFactory - Returning cached instance of singleton bean 'org.springframework.transaction.config.internalTransactionAdvisor'
17:59:16.747 [main] DEBUG org.springframework.beans.factory.support.DefaultListableBeanFactory - Finished creating instance of bean 'dataAccessConfig'
17:59:16.762 [main] DEBUG org.springframework.beans.factory.support.DefaultListableBeanFactory - Eagerly caching bean 'DataSourceBean' to allow for resolving potential circular references
17:59:16.763 [main] TRACE org.springframework.beans.CachedIntrospectionResults - Getting BeanInfo for class [org.apache.commons.dbcp2.BasicDataSource]
17:59:16.766 [main] TRACE org.springframework.beans.CachedIntrospectionResults - Caching PropertyDescriptors for class [org.apache.commons.dbcp2.BasicDataSource]
17:59:16.766 [main] TRACE org.springframework.beans.CachedIntrospectionResults - Found bean property 'abandonedLogWriter' of type [java.io.PrintWriter]
17:59:16.767 [main] TRACE org.springframework.beans.CachedIntrospectionResults - Found bean property 'abandonedUsageTracking' of type [boolean]
17:59:16.767 [main] TRACE org.springframework.beans.CachedIntrospectionResults - Found bean property 'accessToUnderlyingConnectionAllowed' of type [boolean]
17:59:16.767 [main] TRACE org.springframework.beans.CachedIntrospectionResults - Found bean property 'autoCommitOnReturn' of type [boolean]
17:59:16.767 [main] TRACE org.springframework.beans.CachedIntrospectionResults - Found bean property 'cacheState' of type [boolean]
17:59:16.768 [main] TRACE org.springframework.beans.CachedIntrospectionResults - Found bean property 'class' of type [java.lang.Class]
17:59:16.768 [main] TRACE org.springframework.beans.CachedIntrospectionResults - Found bean property 'closed' of type [boolean]
17:59:16.768 [main] TRACE org.springframework.beans.CachedIntrospectionResults - Found bean property 'connection' of type [java.sql.Connection]
17:59:16.769 [main] TRACE org.springframework.beans.CachedIntrospectionResults - Found bean property 'connectionFactoryClassName' of type [java.lang.String]
17:59:16.769 [main] TRACE org.springframework.beans.CachedIntrospectionResults - Found bean property 'connectionInitSqls' of type [java.util.List]
17:59:16.769 [main] TRACE org.springframework.beans.CachedIntrospectionResults - Found bean property 'connectionInitSqlsAsArray' of type [[Ljava.lang.String;]
17:59:16.770 [main] TRACE org.springframework.beans.CachedIntrospectionResults - Found bean property 'connectionProperties' of type [java.lang.String]
17:59:16.770 [main] TRACE org.springframework.beans.CachedIntrospectionResults - Found bean property 'defaultAutoCommit' of type [java.lang.Boolean]
17:59:16.770 [main] TRACE org.springframework.beans.CachedIntrospectionResults - Found bean property 'defaultCatalog' of type [java.lang.String]
17:59:16.770 [main] TRACE org.springframework.beans.CachedIntrospectionResults - Found bean property 'defaultQueryTimeout' of type [java.lang.Integer]
17:59:16.771 [main] TRACE org.springframework.beans.CachedIntrospectionResults - Found bean property 'defaultReadOnly' of type [java.lang.Boolean]
17:59:16.771 [main] TRACE org.springframework.beans.CachedIntrospectionResults - Found bean property 'defaultSchema' of type [java.lang.String]
17:59:16.771 [main] TRACE org.springframework.beans.CachedIntrospectionResults - Found bean property 'defaultTransactionIsolation' of type [int]
17:59:16.772 [main] TRACE org.springframework.beans.CachedIntrospectionResults - Found bean property 'disconnectionSqlCodes' of type [java.util.Set]
17:59:16.772 [main] TRACE org.springframework.beans.CachedIntrospectionResults - Found bean property 'disconnectionSqlCodesAsArray' of type [[Ljava.lang.String;]
17:59:16.772 [main] TRACE org.springframework.beans.CachedIntrospectionResults - Found bean property 'driver' of type [java.sql.Driver]
17:59:16.774 [main] TRACE org.springframework.beans.CachedIntrospectionResults - Found bean property 'driverClassLoader' of type [java.lang.ClassLoader]
17:59:16.774 [main] TRACE org.springframework.beans.CachedIntrospectionResults - Found bean property 'driverClassName' of type [java.lang.String]
17:59:16.774 [main] TRACE org.springframework.beans.CachedIntrospectionResults - Found bean property 'enableAutoCommitOnReturn' of type [boolean]
17:59:16.775 [main] TRACE org.springframework.beans.CachedIntrospectionResults - Found bean property 'evictionPolicyClassName' of type [java.lang.String]
17:59:16.775 [main] TRACE org.springframework.beans.CachedIntrospectionResults - Found bean property 'fastFailValidation' of type [boolean]
17:59:16.775 [main] TRACE org.springframework.beans.CachedIntrospectionResults - Found bean property 'initialSize' of type [int]
17:59:16.775 [main] TRACE org.springframework.beans.CachedIntrospectionResults - Found bean property 'jmxName' of type [java.lang.String]
17:59:16.776 [main] TRACE org.springframework.beans.CachedIntrospectionResults - Found bean property 'lifo' of type [boolean]
17:59:16.776 [main] TRACE org.springframework.beans.CachedIntrospectionResults - Found bean property 'logAbandoned' of type [boolean]
17:59:16.776 [main] TRACE org.springframework.beans.CachedIntrospectionResults - Found bean property 'logExpiredConnections' of type [boolean]
17:59:16.776 [main] TRACE org.springframework.beans.CachedIntrospectionResults - Found bean property 'logWriter' of type [java.io.PrintWriter]
17:59:16.777 [main] TRACE org.springframework.beans.CachedIntrospectionResults - Found bean property 'loginTimeout' of type [int]
17:59:16.777 [main] TRACE org.springframework.beans.CachedIntrospectionResults - Found bean property 'maxConnLifetimeMillis' of type [long]
17:59:16.777 [main] TRACE org.springframework.beans.CachedIntrospectionResults - Found bean property 'maxIdle' of type [int]
17:59:16.777 [main] TRACE org.springframework.beans.CachedIntrospectionResults - Found bean property 'maxOpenPreparedStatements' of type [int]
17:59:16.778 [main] TRACE org.springframework.beans.CachedIntrospectionResults - Found bean property 'maxTotal' of type [int]
17:59:16.778 [main] TRACE org.springframework.beans.CachedIntrospectionResults - Found bean property 'maxWaitMillis' of type [long]
17:59:16.778 [main] TRACE org.springframework.beans.CachedIntrospectionResults - Found bean property 'minEvictableIdleTimeMillis' of type [long]
17:59:16.780 [main] TRACE org.springframework.beans.CachedIntrospectionResults - Found bean property 'minIdle' of type [int]
17:59:16.781 [main] TRACE org.springframework.beans.CachedIntrospectionResults - Found bean property 'numActive' of type [int]
17:59:16.781 [main] TRACE org.springframework.beans.CachedIntrospectionResults - Found bean property 'numIdle' of type [int]
17:59:16.781 [main] TRACE org.springframework.beans.CachedIntrospectionResults - Found bean property 'numTestsPerEvictionRun' of type [int]
17:59:16.782 [main] TRACE org.springframework.beans.CachedIntrospectionResults - Found bean property 'parentLogger' of type [java.util.logging.Logger]
17:59:16.782 [main] TRACE org.springframework.beans.CachedIntrospectionResults - Found bean property 'password' of type [java.lang.String]
17:59:16.782 [main] TRACE org.springframework.beans.CachedIntrospectionResults - Found bean property 'poolPreparedStatements' of type [boolean]
17:59:16.782 [main] TRACE org.springframework.beans.CachedIntrospectionResults - Found bean property 'removeAbandonedOnBorrow' of type [boolean]
17:59:16.783 [main] TRACE org.springframework.beans.CachedIntrospectionResults - Found bean property 'removeAbandonedOnMaintenance' of type [boolean]
17:59:16.783 [main] TRACE org.springframework.beans.CachedIntrospectionResults - Found bean property 'removeAbandonedTimeout' of type [int]
17:59:16.783 [main] TRACE org.springframework.beans.CachedIntrospectionResults - Found bean property 'rollbackOnReturn' of type [boolean]
17:59:16.784 [main] TRACE org.springframework.beans.CachedIntrospectionResults - Found bean property 'softMinEvictableIdleTimeMillis' of type [long]
17:59:16.784 [main] TRACE org.springframework.beans.CachedIntrospectionResults - Found bean property 'testOnBorrow' of type [boolean]
17:59:16.784 [main] TRACE org.springframework.beans.CachedIntrospectionResults - Found bean property 'testOnCreate' of type [boolean]
17:59:16.784 [main] TRACE org.springframework.beans.CachedIntrospectionResults - Found bean property 'testOnReturn' of type [boolean]
17:59:16.785 [main] TRACE org.springframework.beans.CachedIntrospectionResults - Found bean property 'testWhileIdle' of type [boolean]
17:59:16.785 [main] TRACE org.springframework.beans.CachedIntrospectionResults - Found bean property 'timeBetweenEvictionRunsMillis' of type [long]
17:59:16.785 [main] TRACE org.springframework.beans.CachedIntrospectionResults - Found bean property 'url' of type [java.lang.String]
17:59:16.785 [main] TRACE org.springframework.beans.CachedIntrospectionResults - Found bean property 'username' of type [java.lang.String]
17:59:16.785 [main] TRACE org.springframework.beans.CachedIntrospectionResults - Found bean property 'validationQuery' of type [java.lang.String]
17:59:16.786 [main] TRACE org.springframework.beans.CachedIntrospectionResults - Found bean property 'validationQueryTimeout' of type [int]
17:59:16.787 [main] DEBUG org.springframework.beans.factory.support.DefaultListableBeanFactory - Returning cached instance of singleton bean 'org.springframework.transaction.config.internalTransactionAdvisor'
17:59:16.791 [main] DEBUG org.springframework.beans.factory.support.DefaultListableBeanFactory - Finished creating instance of bean 'DataSourceBean'
17:59:16.792 [main] DEBUG org.springframework.beans.factory.support.DefaultListableBeanFactory - Creating shared instance of singleton bean 'SessionFactory'
17:59:16.792 [main] DEBUG org.springframework.beans.factory.support.DefaultListableBeanFactory - Creating instance of bean 'SessionFactory'
17:59:16.792 [main] DEBUG org.springframework.beans.factory.support.DefaultListableBeanFactory - Returning cached instance of singleton bean 'dataAccessConfig'
17:59:16.793 [main] DEBUG org.springframework.beans.factory.support.DefaultListableBeanFactory - Returning cached instance of singleton bean 'DataSourceBean'
17:59:16.793 [main] DEBUG org.springframework.beans.factory.support.DefaultListableBeanFactory - Autowiring by type from bean name 'SessionFactory' via factory method to bean named 'DataSourceBean'
17:59:16.809 [main] DEBUG org.jboss.logging - Logging Provider: org.jboss.logging.Log4j2LoggerProvider
17:59:16.822 [main] DEBUG org.hibernate.integrator.internal.IntegratorServiceImpl - Adding Integrator [org.hibernate.cfg.beanvalidation.BeanValidationIntegrator].
17:59:16.823 [main] DEBUG org.hibernate.integrator.internal.IntegratorServiceImpl - Adding Integrator [org.hibernate.secure.spi.JaccIntegrator].
17:59:16.826 [main] DEBUG org.hibernate.integrator.internal.IntegratorServiceImpl - Adding Integrator [org.hibernate.cache.internal.CollectionCacheInvalidator].
17:59:16.832 [main] TRACE org.hibernate.boot.registry.selector.internal.StrategySelectorImpl - Registering named strategy selector [org.hibernate.dialect.Dialect] : [Cache71] -> [org.hibernate.dialect.Cache71Dialect]
17:59:16.833 [main] TRACE org.hibernate.boot.registry.selector.internal.StrategySelectorImpl - Registering named strategy selector [org.hibernate.dialect.Dialect] : [CUBRID] -> [org.hibernate.dialect.CUBRIDDialect]
17:59:16.833 [main] TRACE org.hibernate.boot.registry.selector.internal.StrategySelectorImpl - Registering named strategy selector [org.hibernate.dialect.Dialect] : [DB2] -> [org.hibernate.dialect.DB2Dialect]
17:59:16.834 [main] TRACE org.hibernate.boot.registry.selector.internal.StrategySelectorImpl - Registering named strategy selector [org.hibernate.dialect.Dialect] : [DB2390] -> [org.hibernate.dialect.DB2390Dialect]
17:59:16.834 [main] TRACE org.hibernate.boot.registry.selector.internal.StrategySelectorImpl - Registering named strategy selector [org.hibernate.dialect.Dialect] : [DB2390V8] -> [org.hibernate.dialect.DB2390V8Dialect]
17:59:16.835 [main] TRACE org.hibernate.boot.registry.selector.internal.StrategySelectorImpl - Registering named strategy selector [org.hibernate.dialect.Dialect] : [DB2400] -> [org.hibernate.dialect.DB2400Dialect]
17:59:16.835 [main] TRACE org.hibernate.boot.registry.selector.internal.StrategySelectorImpl - Registering named strategy selector [org.hibernate.dialect.Dialect] : [DerbyTenFive] -> [org.hibernate.dialect.DerbyTenFiveDialect]
17:59:16.836 [main] TRACE org.hibernate.boot.registry.selector.internal.StrategySelectorImpl - Registering named strategy selector [org.hibernate.dialect.Dialect] : [DerbyTenSix] -> [org.hibernate.dialect.DerbyTenSixDialect]
17:59:16.836 [main] TRACE org.hibernate.boot.registry.selector.internal.StrategySelectorImpl - Registering named strategy selector [org.hibernate.dialect.Dialect] : [DerbyTenSeven] -> [org.hibernate.dialect.DerbyTenSevenDialect]
17:59:16.837 [main] TRACE org.hibernate.boot.registry.selector.internal.StrategySelectorImpl - Registering named strategy selector [org.hibernate.dialect.Dialect] : [Firebird] -> [org.hibernate.dialect.FirebirdDialect]
17:59:16.837 [main] TRACE org.hibernate.boot.registry.selector.internal.StrategySelectorImpl - Registering named strategy selector [org.hibernate.dialect.Dialect] : [FrontBase] -> [org.hibernate.dialect.FrontBaseDialect]
17:59:16.838 [main] TRACE org.hibernate.boot.registry.selector.internal.StrategySelectorImpl - Registering named strategy selector [org.hibernate.dialect.Dialect] : [H2] -> [org.hibernate.dialect.H2Dialect]
17:59:16.839 [main] TRACE org.hibernate.boot.registry.selector.internal.StrategySelectorImpl - Registering named strategy selector [org.hibernate.dialect.Dialect] : [HANAColumnStore] -> [org.hibernate.dialect.HANAColumnStoreDialect]
17:59:16.839 [main] TRACE org.hibernate.boot.registry.selector.internal.StrategySelectorImpl - Registering named strategy selector [org.hibernate.dialect.Dialect] : [HANARowStore] -> [org.hibernate.dialect.HANARowStoreDialect]
17:59:16.840 [main] TRACE org.hibernate.boot.registry.selector.internal.StrategySelectorImpl - Registering named strategy selector [org.hibernate.dialect.Dialect] : [HSQL] -> [org.hibernate.dialect.HSQLDialect]
17:59:16.841 [main] TRACE org.hibernate.boot.registry.selector.internal.StrategySelectorImpl - Registering named strategy selector [org.hibernate.dialect.Dialect] : [Informix] -> [org.hibernate.dialect.InformixDialect]
17:59:16.841 [main] TRACE org.hibernate.boot.registry.selector.internal.StrategySelectorImpl - Registering named strategy selector [org.hibernate.dialect.Dialect] : [Ingres] -> [org.hibernate.dialect.IngresDialect]
17:59:16.842 [main] TRACE org.hibernate.boot.registry.selector.internal.StrategySelectorImpl - Registering named strategy selector [org.hibernate.dialect.Dialect] : [Ingres9] -> [org.hibernate.dialect.Ingres9Dialect]
17:59:16.843 [main] TRACE org.hibernate.boot.registry.selector.internal.StrategySelectorImpl - Registering named strategy selector [org.hibernate.dialect.Dialect] : [Ingres10] -> [org.hibernate.dialect.Ingres10Dialect]
17:59:16.846 [main] TRACE org.hibernate.boot.registry.selector.internal.StrategySelectorImpl - Registering named strategy selector [org.hibernate.dialect.Dialect] : [Interbase] -> [org.hibernate.dialect.InterbaseDialect]
17:59:16.847 [main] TRACE org.hibernate.boot.registry.selector.internal.StrategySelectorImpl - Registering named strategy selector [org.hibernate.dialect.Dialect] : [JDataStore] -> [org.hibernate.dialect.JDataStoreDialect]
17:59:16.847 [main] TRACE org.hibernate.boot.registry.selector.internal.StrategySelectorImpl - Registering named strategy selector [org.hibernate.dialect.Dialect] : [Mckoi] -> [org.hibernate.dialect.MckoiDialect]
17:59:16.848 [main] TRACE org.hibernate.boot.registry.selector.internal.StrategySelectorImpl - Registering named strategy selector [org.hibernate.dialect.Dialect] : [MimerSQL] -> [org.hibernate.dialect.MimerSQLDialect]
17:59:16.849 [main] TRACE org.hibernate.boot.registry.selector.internal.StrategySelectorImpl - Registering named strategy selector [org.hibernate.dialect.Dialect] : [MySQL5] -> [org.hibernate.dialect.MySQL5Dialect]
17:59:16.849 [main] TRACE org.hibernate.boot.registry.selector.internal.StrategySelectorImpl - Registering named strategy selector [org.hibernate.dialect.Dialect] : [MySQL5InnoDB] -> [org.hibernate.dialect.MySQL5InnoDBDialect]
17:59:16.849 [main] TRACE org.hibernate.boot.registry.selector.internal.StrategySelectorImpl - Registering named strategy selector [org.hibernate.dialect.Dialect] : [MySQL57InnoDB] -> [org.hibernate.dialect.MySQL57InnoDBDialect]
17:59:16.850 [main] TRACE org.hibernate.boot.registry.selector.internal.StrategySelectorImpl - Registering named strategy selector [org.hibernate.dialect.Dialect] : [MySQL57] -> [org.hibernate.dialect.MySQL57Dialect]
17:59:16.851 [main] TRACE org.hibernate.boot.registry.selector.internal.StrategySelectorImpl - Registering named strategy selector [org.hibernate.dialect.Dialect] : [Oracle8i] -> [org.hibernate.dialect.Oracle8iDialect]
17:59:16.852 [main] TRACE org.hibernate.boot.registry.selector.internal.StrategySelectorImpl - Registering named strategy selector [org.hibernate.dialect.Dialect] : [Oracle9i] -> [org.hibernate.dialect.Oracle9iDialect]
17:59:16.852 [main] TRACE org.hibernate.boot.registry.selector.internal.StrategySelectorImpl - Registering named strategy selector [org.hibernate.dialect.Dialect] : [Oracle10g] -> [org.hibernate.dialect.Oracle10gDialect]
17:59:16.853 [main] TRACE org.hibernate.boot.registry.selector.internal.StrategySelectorImpl - Registering named strategy selector [org.hibernate.dialect.Dialect] : [Pointbase] -> [org.hibernate.dialect.PointbaseDialect]
17:59:16.854 [main] TRACE org.hibernate.boot.registry.selector.internal.StrategySelectorImpl - Registering named strategy selector [org.hibernate.dialect.Dialect] : [PostgresPlus] -> [org.hibernate.dialect.PostgresPlusDialect]
17:59:16.854 [main] TRACE org.hibernate.boot.registry.selector.internal.StrategySelectorImpl - Registering named strategy selector [org.hibernate.dialect.Dialect] : [PostgreSQL81] -> [org.hibernate.dialect.PostgreSQL81Dialect]
17:59:16.854 [main] TRACE org.hibernate.boot.registry.selector.internal.StrategySelectorImpl - Registering named strategy selector [org.hibernate.dialect.Dialect] : [PostgreSQL82] -> [org.hibernate.dialect.PostgreSQL82Dialect]
17:59:16.854 [main] TRACE org.hibernate.boot.registry.selector.internal.StrategySelectorImpl - Registering named strategy selector [org.hibernate.dialect.Dialect] : [PostgreSQL9] -> [org.hibernate.dialect.PostgreSQL9Dialect]
17:59:16.855 [main] TRACE org.hibernate.boot.registry.selector.internal.StrategySelectorImpl - Registering named strategy selector [org.hibernate.dialect.Dialect] : [Progress] -> [org.hibernate.dialect.ProgressDialect]
17:59:16.855 [main] TRACE org.hibernate.boot.registry.selector.internal.StrategySelectorImpl - Registering named strategy selector [org.hibernate.dialect.Dialect] : [SAPDB] -> [org.hibernate.dialect.SAPDBDialect]
17:59:16.856 [main] TRACE org.hibernate.boot.registry.selector.internal.StrategySelectorImpl - Registering named strategy selector [org.hibernate.dialect.Dialect] : [SQLServer] -> [org.hibernate.dialect.SQLServerDialect]
17:59:16.856 [main] TRACE org.hibernate.boot.registry.selector.internal.StrategySelectorImpl - Registering named strategy selector [org.hibernate.dialect.Dialect] : [SQLServer2005] -> [org.hibernate.dialect.SQLServer2005Dialect]
17:59:16.857 [main] TRACE org.hibernate.boot.registry.selector.internal.StrategySelectorImpl - Registering named strategy selector [org.hibernate.dialect.Dialect] : [SQLServer2008] -> [org.hibernate.dialect.SQLServer2008Dialect]
17:59:16.857 [main] TRACE org.hibernate.boot.registry.selector.internal.StrategySelectorImpl - Registering named strategy selector [org.hibernate.dialect.Dialect] : [Sybase11] -> [org.hibernate.dialect.Sybase11Dialect]
17:59:16.857 [main] TRACE org.hibernate.boot.registry.selector.internal.StrategySelectorImpl - Registering named strategy selector [org.hibernate.dialect.Dialect] : [SybaseAnywhere] -> [org.hibernate.dialect.SybaseAnywhereDialect]
17:59:16.858 [main] TRACE org.hibernate.boot.registry.selector.internal.StrategySelectorImpl - Registering named strategy selector [org.hibernate.dialect.Dialect] : [SybaseASE15] -> [org.hibernate.dialect.SybaseASE15Dialect]
17:59:16.858 [main] TRACE org.hibernate.boot.registry.selector.internal.StrategySelectorImpl - Registering named strategy selector [org.hibernate.dialect.Dialect] : [SybaseASE157] -> [org.hibernate.dialect.SybaseASE157Dialect]
17:59:16.859 [main] TRACE org.hibernate.boot.registry.selector.internal.StrategySelectorImpl - Registering named strategy selector [org.hibernate.dialect.Dialect] : [Teradata] -> [org.hibernate.dialect.TeradataDialect]
17:59:16.859 [main] TRACE org.hibernate.boot.registry.selector.internal.StrategySelectorImpl - Registering named strategy selector [org.hibernate.dialect.Dialect] : [TimesTen] -> [org.hibernate.dialect.TimesTenDialect]
17:59:16.861 [main] TRACE org.hibernate.boot.registry.selector.internal.StrategySelectorImpl - Registering named strategy selector [org.hibernate.engine.transaction.jta.platform.spi.JtaPlatform] : [Borland] -> [org.hibernate.engine.transaction.jta.platform.internal.BorlandEnterpriseServerJtaPlatform]
17:59:16.861 [main] TRACE org.hibernate.boot.registry.selector.internal.StrategySelectorImpl - Registering named strategy selector [org.hibernate.engine.transaction.jta.platform.spi.JtaPlatform] : [org.hibernate.service.jta.platform.internal.BorlandEnterpriseServerJtaPlatform] -> [org.hibernate.engine.transaction.jta.platform.internal.BorlandEnterpriseServerJtaPlatform]
17:59:16.861 [main] TRACE org.hibernate.boot.registry.selector.internal.StrategySelectorImpl - Registering named strategy selector [org.hibernate.engine.transaction.jta.platform.spi.JtaPlatform] : [Bitronix] -> [org.hibernate.engine.transaction.jta.platform.internal.BitronixJtaPlatform]
17:59:16.861 [main] TRACE org.hibernate.boot.registry.selector.internal.StrategySelectorImpl - Registering named strategy selector [org.hibernate.engine.transaction.jta.platform.spi.JtaPlatform] : [org.hibernate.service.jta.platform.internal.BitronixJtaPlatform] -> [org.hibernate.engine.transaction.jta.platform.internal.BitronixJtaPlatform]
17:59:16.862 [main] TRACE org.hibernate.boot.registry.selector.internal.StrategySelectorImpl - Registering named strategy selector [org.hibernate.engine.transaction.jta.platform.spi.JtaPlatform] : [JBossAS] -> [org.hibernate.engine.transaction.jta.platform.internal.JBossAppServerJtaPlatform]
17:59:16.862 [main] TRACE org.hibernate.boot.registry.selector.internal.StrategySelectorImpl - Registering named strategy selector [org.hibernate.engine.transaction.jta.platform.spi.JtaPlatform] : [org.hibernate.service.jta.platform.internal.JBossAppServerJtaPlatform] -> [org.hibernate.engine.transaction.jta.platform.internal.JBossAppServerJtaPlatform]
17:59:16.862 [main] TRACE org.hibernate.boot.registry.selector.internal.StrategySelectorImpl - Registering named strategy selector [org.hibernate.engine.transaction.jta.platform.spi.JtaPlatform] : [JBossTS] -> [org.hibernate.engine.transaction.jta.platform.internal.JBossStandAloneJtaPlatform]
17:59:16.862 [main] TRACE org.hibernate.boot.registry.selector.internal.StrategySelectorImpl - Registering named strategy selector [org.hibernate.engine.transaction.jta.platform.spi.JtaPlatform] : [org.hibernate.service.jta.platform.internal.JBossStandAloneJtaPlatform] -> [org.hibernate.engine.transaction.jta.platform.internal.JBossStandAloneJtaPlatform]
17:59:16.863 [main] TRACE org.hibernate.boot.registry.selector.internal.StrategySelectorImpl - Registering named strategy selector [org.hibernate.engine.transaction.jta.platform.spi.JtaPlatform] : [JOnAS] -> [org.hibernate.engine.transaction.jta.platform.internal.JOnASJtaPlatform]
17:59:16.863 [main] TRACE org.hibernate.boot.registry.selector.internal.StrategySelectorImpl - Registering named strategy selector [org.hibernate.engine.transaction.jta.platform.spi.JtaPlatform] : [org.hibernate.service.jta.platform.internal.JOnASJtaPlatform] -> [org.hibernate.engine.transaction.jta.platform.internal.JOnASJtaPlatform]
17:59:16.863 [main] TRACE org.hibernate.boot.registry.selector.internal.StrategySelectorImpl - Registering named strategy selector [org.hibernate.engine.transaction.jta.platform.spi.JtaPlatform] : [JOTM] -> [org.hibernate.engine.transaction.jta.platform.internal.JOTMJtaPlatform]
17:59:16.863 [main] TRACE org.hibernate.boot.registry.selector.internal.StrategySelectorImpl - Registering named strategy selector [org.hibernate.engine.transaction.jta.platform.spi.JtaPlatform] : [org.hibernate.service.jta.platform.internal.JOTMJtaPlatform] -> [org.hibernate.engine.transaction.jta.platform.internal.JOTMJtaPlatform]
17:59:16.864 [main] TRACE org.hibernate.boot.registry.selector.internal.StrategySelectorImpl - Registering named strategy selector [org.hibernate.engine.transaction.jta.platform.spi.JtaPlatform] : [JRun4] -> [org.hibernate.engine.transaction.jta.platform.internal.JRun4JtaPlatform]
17:59:16.864 [main] TRACE org.hibernate.boot.registry.selector.internal.StrategySelectorImpl - Registering named strategy selector [org.hibernate.engine.transaction.jta.platform.spi.JtaPlatform] : [org.hibernate.service.jta.platform.internal.JRun4JtaPlatform] -> [org.hibernate.engine.transaction.jta.platform.internal.JRun4JtaPlatform]
17:59:16.874 [main] TRACE org.hibernate.boot.registry.selector.internal.StrategySelectorImpl - Registering named strategy selector [org.hibernate.engine.transaction.jta.platform.spi.JtaPlatform] : [OC4J] -> [org.hibernate.engine.transaction.jta.platform.internal.OC4JJtaPlatform]
17:59:16.874 [main] TRACE org.hibernate.boot.registry.selector.internal.StrategySelectorImpl - Registering named strategy selector [org.hibernate.engine.transaction.jta.platform.spi.JtaPlatform] : [org.hibernate.service.jta.platform.internal.OC4JJtaPlatform] -> [org.hibernate.engine.transaction.jta.platform.internal.OC4JJtaPlatform]
17:59:16.874 [main] TRACE org.hibernate.boot.registry.selector.internal.StrategySelectorImpl - Registering named strategy selector [org.hibernate.engine.transaction.jta.platform.spi.JtaPlatform] : [Orion] -> [org.hibernate.engine.transaction.jta.platform.internal.OrionJtaPlatform]
17:59:16.875 [main] TRACE org.hibernate.boot.registry.selector.internal.StrategySelectorImpl - Registering named strategy selector [org.hibernate.engine.transaction.jta.platform.spi.JtaPlatform] : [org.hibernate.service.jta.platform.internal.OrionJtaPlatform] -> [org.hibernate.engine.transaction.jta.platform.internal.OrionJtaPlatform]
17:59:16.875 [main] TRACE org.hibernate.boot.registry.selector.internal.StrategySelectorImpl - Registering named strategy selector [org.hibernate.engine.transaction.jta.platform.spi.JtaPlatform] : [Resin] -> [org.hibernate.engine.transaction.jta.platform.internal.ResinJtaPlatform]
17:59:16.875 [main] TRACE org.hibernate.boot.registry.selector.internal.StrategySelectorImpl - Registering named strategy selector [org.hibernate.engine.transaction.jta.platform.spi.JtaPlatform] : [org.hibernate.service.jta.platform.internal.ResinJtaPlatform] -> [org.hibernate.engine.transaction.jta.platform.internal.ResinJtaPlatform]
17:59:16.875 [main] TRACE org.hibernate.boot.registry.selector.internal.StrategySelectorImpl - Registering named strategy selector [org.hibernate.engine.transaction.jta.platform.spi.JtaPlatform] : [SapNetWeaver] -> [org.hibernate.engine.transaction.jta.platform.internal.SapNetWeaverJtaPlatform]
17:59:16.875 [main] TRACE org.hibernate.boot.registry.selector.internal.StrategySelectorImpl - Registering named strategy selector [org.hibernate.engine.transaction.jta.platform.spi.JtaPlatform] : [org.hibernate.service.jta.platform.internal.SapNetWeaverJtaPlatform] -> [org.hibernate.engine.transaction.jta.platform.internal.SapNetWeaverJtaPlatform]
17:59:16.876 [main] TRACE org.hibernate.boot.registry.selector.internal.StrategySelectorImpl - Registering named strategy selector [org.hibernate.engine.transaction.jta.platform.spi.JtaPlatform] : [SunOne] -> [org.hibernate.engine.transaction.jta.platform.internal.SunOneJtaPlatform]
17:59:16.876 [main] TRACE org.hibernate.boot.registry.selector.internal.StrategySelectorImpl - Registering named strategy selector [org.hibernate.engine.transaction.jta.platform.spi.JtaPlatform] : [org.hibernate.service.jta.platform.internal.SunOneJtaPlatform] -> [org.hibernate.engine.transaction.jta.platform.internal.SunOneJtaPlatform]
17:59:16.876 [main] TRACE org.hibernate.boot.registry.selector.internal.StrategySelectorImpl - Registering named strategy selector [org.hibernate.engine.transaction.jta.platform.spi.JtaPlatform] : [Weblogic] -> [org.hibernate.engine.transaction.jta.platform.internal.WeblogicJtaPlatform]
17:59:16.876 [main] TRACE org.hibernate.boot.registry.selector.internal.StrategySelectorImpl - Registering named strategy selector [org.hibernate.engine.transaction.jta.platform.spi.JtaPlatform] : [org.hibernate.service.jta.platform.internal.WeblogicJtaPlatform] -> [org.hibernate.engine.transaction.jta.platform.internal.WeblogicJtaPlatform]
17:59:16.877 [main] TRACE org.hibernate.boot.registry.selector.internal.StrategySelectorImpl - Registering named strategy selector [org.hibernate.engine.transaction.jta.platform.spi.JtaPlatform] : [WebSphereLiberty] -> [org.hibernate.engine.transaction.jta.platform.internal.WebSphereLibertyJtaPlatform]
17:59:16.877 [main] TRACE org.hibernate.boot.registry.selector.internal.StrategySelectorImpl - Registering named strategy selector [org.hibernate.engine.transaction.jta.platform.spi.JtaPlatform] : [org.hibernate.engine.transaction.jta.platform.internal.WebSphereLibertyJtaPlatform] -> [org.hibernate.engine.transaction.jta.platform.internal.WebSphereLibertyJtaPlatform]
17:59:16.877 [main] TRACE org.hibernate.boot.registry.selector.internal.StrategySelectorImpl - Registering named strategy selector [org.hibernate.engine.transaction.jta.platform.spi.JtaPlatform] : [WebSphere] -> [org.hibernate.engine.transaction.jta.platform.internal.WebSphereJtaPlatform]
17:59:16.877 [main] TRACE org.hibernate.boot.registry.selector.internal.StrategySelectorImpl - Registering named strategy selector [org.hibernate.engine.transaction.jta.platform.spi.JtaPlatform] : [org.hibernate.service.jta.platform.internal.WebSphereJtaPlatform] -> [org.hibernate.engine.transaction.jta.platform.internal.WebSphereJtaPlatform]
17:59:16.877 [main] TRACE org.hibernate.boot.registry.selector.internal.StrategySelectorImpl - Registering named strategy selector [org.hibernate.engine.transaction.jta.platform.spi.JtaPlatform] : [WebSphereExtended] -> [org.hibernate.engine.transaction.jta.platform.internal.WebSphereExtendedJtaPlatform]
17:59:16.878 [main] TRACE org.hibernate.boot.registry.selector.internal.StrategySelectorImpl - Registering named strategy selector [org.hibernate.engine.transaction.jta.platform.spi.JtaPlatform] : [org.hibernate.service.jta.platform.internal.WebSphereExtendedJtaPlatform] -> [org.hibernate.engine.transaction.jta.platform.internal.WebSphereExtendedJtaPlatform]
17:59:16.878 [main] TRACE org.hibernate.boot.registry.selector.internal.StrategySelectorImpl - Registering named strategy selector [org.hibernate.resource.transaction.spi.TransactionCoordinatorBuilder] : [jdbc] -> [org.hibernate.resource.transaction.backend.jdbc.internal.JdbcResourceLocalTransactionCoordinatorBuilderImpl]
17:59:16.878 [main] TRACE org.hibernate.boot.registry.selector.internal.StrategySelectorImpl - Registering named strategy selector [org.hibernate.resource.transaction.spi.TransactionCoordinatorBuilder] : [jta] -> [org.hibernate.resource.transaction.backend.jta.internal.JtaTransactionCoordinatorBuilderImpl]
17:59:16.879 [main] TRACE org.hibernate.boot.registry.selector.internal.StrategySelectorImpl - Registering named strategy selector [org.hibernate.resource.transaction.spi.TransactionCoordinatorBuilder] : [org.hibernate.transaction.JDBCTransactionFactory] -> [org.hibernate.resource.transaction.backend.jdbc.internal.JdbcResourceLocalTransactionCoordinatorBuilderImpl]
17:59:16.879 [main] TRACE org.hibernate.boot.registry.selector.internal.StrategySelectorImpl - Registering named strategy selector [org.hibernate.resource.transaction.spi.TransactionCoordinatorBuilder] : [org.hibernate.transaction.JTATransactionFactory] -> [org.hibernate.resource.transaction.backend.jta.internal.JtaTransactionCoordinatorBuilderImpl]
17:59:16.879 [main] TRACE org.hibernate.boot.registry.selector.internal.StrategySelectorImpl - Registering named strategy selector [org.hibernate.resource.transaction.spi.TransactionCoordinatorBuilder] : [org.hibernate.transaction.CMTTransactionFactory] -> [org.hibernate.resource.transaction.backend.jta.internal.JtaTransactionCoordinatorBuilderImpl]
17:59:16.880 [main] TRACE org.hibernate.boot.registry.selector.internal.StrategySelectorImpl - Registering named strategy selector [org.hibernate.hql.spi.id.MultiTableBulkIdStrategy] : [persistent] -> [org.hibernate.hql.spi.id.persistent.PersistentTableBulkIdStrategy]
17:59:16.881 [main] TRACE org.hibernate.boot.registry.selector.internal.StrategySelectorImpl - Registering named strategy selector [org.hibernate.hql.spi.id.MultiTableBulkIdStrategy] : [global_temporary] -> [org.hibernate.hql.spi.id.global.GlobalTemporaryTableBulkIdStrategy]
17:59:16.881 [main] TRACE org.hibernate.boot.registry.selector.internal.StrategySelectorImpl - Registering named strategy selector [org.hibernate.hql.spi.id.MultiTableBulkIdStrategy] : [local_temporary] -> [org.hibernate.hql.spi.id.local.LocalTemporaryTableBulkIdStrategy]
17:59:16.881 [main] TRACE org.hibernate.boot.registry.selector.internal.StrategySelectorImpl - Registering named strategy selector [org.hibernate.event.spi.EntityCopyObserver] : [disallow] -> [org.hibernate.event.internal.EntityCopyNotAllowedObserver]
17:59:16.886 [main] TRACE org.hibernate.boot.registry.selector.internal.StrategySelectorImpl - Registering named strategy selector [org.hibernate.event.spi.EntityCopyObserver] : [allow] -> [org.hibernate.event.internal.EntityCopyAllowedObserver]
17:59:16.886 [main] TRACE org.hibernate.boot.registry.selector.internal.StrategySelectorImpl - Registering named strategy selector [org.hibernate.event.spi.EntityCopyObserver] : [log] -> [org.hibernate.event.internal.EntityCopyAllowedLoggedObserver]
17:59:16.887 [main] TRACE org.hibernate.boot.registry.selector.internal.StrategySelectorImpl - Registering named strategy selector [org.hibernate.boot.model.naming.ImplicitNamingStrategy] : [default] -> [org.hibernate.boot.model.naming.ImplicitNamingStrategyJpaCompliantImpl]
17:59:16.887 [main] TRACE org.hibernate.boot.registry.selector.internal.StrategySelectorImpl - Registering named strategy selector [org.hibernate.boot.model.naming.ImplicitNamingStrategy] : [jpa] -> [org.hibernate.boot.model.naming.ImplicitNamingStrategyJpaCompliantImpl]
17:59:16.888 [main] TRACE org.hibernate.boot.registry.selector.internal.StrategySelectorImpl - Registering named strategy selector [org.hibernate.boot.model.naming.ImplicitNamingStrategy] : [legacy-jpa] -> [org.hibernate.boot.model.naming.ImplicitNamingStrategyLegacyJpaImpl]
17:59:16.888 [main] TRACE org.hibernate.boot.registry.selector.internal.StrategySelectorImpl - Registering named strategy selector [org.hibernate.boot.model.naming.ImplicitNamingStrategy] : [legacy-hbm] -> [org.hibernate.boot.model.naming.ImplicitNamingStrategyLegacyHbmImpl]
17:59:16.888 [main] TRACE org.hibernate.boot.registry.selector.internal.StrategySelectorImpl - Registering named strategy selector [org.hibernate.boot.model.naming.ImplicitNamingStrategy] : [component-path] -> [org.hibernate.boot.model.naming.ImplicitNamingStrategyComponentPathImpl]
17:59:16.889 [main] TRACE org.hibernate.boot.registry.selector.internal.StrategySelectorImpl - Registering named strategy selector [org.hibernate.cache.spi.CacheKeysFactory] : [default] -> [org.hibernate.cache.internal.DefaultCacheKeysFactory]
17:59:16.889 [main] TRACE org.hibernate.boot.registry.selector.internal.StrategySelectorImpl - Registering named strategy selector [org.hibernate.cache.spi.CacheKeysFactory] : [simple] -> [org.hibernate.cache.internal.SimpleCacheKeysFactory]
17:59:16.905 [main] INFO  org.hibernate.Version - HHH000412: Hibernate Core {5.2.13.Final}
17:59:16.906 [main] INFO  org.hibernate.cfg.Environment - HHH000206: hibernate.properties not found
17:59:16.913 [main] DEBUG org.hibernate.service.spi.ServiceBinding - Overriding existing service binding [org.hibernate.secure.spi.JaccService]
17:59:16.925 [main] TRACE org.hibernate.service.internal.AbstractServiceRegistryImpl - Initializing service [role=org.hibernate.engine.config.spi.ConfigurationService]
17:59:16.929 [main] TRACE org.hibernate.service.internal.AbstractServiceRegistryImpl - Initializing service [role=org.hibernate.cache.spi.RegionFactory]
17:59:16.938 [main] DEBUG org.hibernate.cache.internal.StrategyCreatorRegionFactoryImpl - RegionFactory impl [org.hibernate.cache.jcache.JCacheRegionFactory] did not provide constructor accepting Properties
17:59:16.938 [main] DEBUG org.hibernate.cache.internal.StrategyCreatorRegionFactoryImpl - RegionFactory impl [org.hibernate.cache.jcache.JCacheRegionFactory] did not provide constructor accepting Properties
17:59:16.938 [main] DEBUG org.hibernate.cache.internal.RegionFactoryInitiator - Cache region factory : org.hibernate.cache.jcache.JCacheRegionFactory
17:59:16.943 [main] INFO  org.hibernate.annotations.common.Version - HCANN000001: Hibernate Commons Annotations {5.0.1.Final}
17:59:16.947 [main] TRACE org.hibernate.service.internal.AbstractServiceRegistryImpl - Initializing service [role=org.hibernate.boot.cfgxml.spi.CfgXmlAccessService]
17:59:16.957 [main] DEBUG org.hibernate.type.BasicTypeRegistry - Adding type registration boolean -> org.hibernate.type.BooleanType@37fbe4a8
17:59:16.957 [main] DEBUG org.hibernate.type.BasicTypeRegistry - Adding type registration boolean -> org.hibernate.type.BooleanType@37fbe4a8
17:59:16.957 [main] DEBUG org.hibernate.type.BasicTypeRegistry - Adding type registration java.lang.Boolean -> org.hibernate.type.BooleanType@37fbe4a8
17:59:16.958 [main] DEBUG org.hibernate.type.BasicTypeRegistry - Adding type registration numeric_boolean -> org.hibernate.type.NumericBooleanType@10027fc9
17:59:16.959 [main] DEBUG org.hibernate.type.BasicTypeRegistry - Adding type registration true_false -> org.hibernate.type.TrueFalseType@5a021cb9
17:59:16.959 [main] DEBUG org.hibernate.type.BasicTypeRegistry - Adding type registration yes_no -> org.hibernate.type.YesNoType@b93aad
17:59:16.960 [main] DEBUG org.hibernate.type.BasicTypeRegistry - Adding type registration byte -> org.hibernate.type.ByteType@3a0807b7
17:59:16.960 [main] DEBUG org.hibernate.type.BasicTypeRegistry - Adding type registration byte -> org.hibernate.type.ByteType@3a0807b7
17:59:16.960 [main] DEBUG org.hibernate.type.BasicTypeRegistry - Adding type registration java.lang.Byte -> org.hibernate.type.ByteType@3a0807b7
17:59:16.961 [main] DEBUG org.hibernate.type.BasicTypeRegistry - Adding type registration character -> org.hibernate.type.CharacterType@287f94b1
17:59:16.961 [main] DEBUG org.hibernate.type.BasicTypeRegistry - Adding type registration char -> org.hibernate.type.CharacterType@287f94b1
17:59:16.961 [main] DEBUG org.hibernate.type.BasicTypeRegistry - Adding type registration java.lang.Character -> org.hibernate.type.CharacterType@287f94b1
17:59:16.962 [main] DEBUG org.hibernate.type.BasicTypeRegistry - Adding type registration short -> org.hibernate.type.ShortType@5149f008
17:59:16.962 [main] DEBUG org.hibernate.type.BasicTypeRegistry - Adding type registration short -> org.hibernate.type.ShortType@5149f008
17:59:16.963 [main] DEBUG org.hibernate.type.BasicTypeRegistry - Adding type registration java.lang.Short -> org.hibernate.type.ShortType@5149f008
17:59:16.964 [main] DEBUG org.hibernate.type.BasicTypeRegistry - Adding type registration integer -> org.hibernate.type.IntegerType@5707c1cb
17:59:16.964 [main] DEBUG org.hibernate.type.BasicTypeRegistry - Adding type registration int -> org.hibernate.type.IntegerType@5707c1cb
17:59:16.965 [main] DEBUG org.hibernate.type.BasicTypeRegistry - Adding type registration java.lang.Integer -> org.hibernate.type.IntegerType@5707c1cb
17:59:16.966 [main] DEBUG org.hibernate.type.BasicTypeRegistry - Adding type registration long -> org.hibernate.type.LongType@72efb5c1
17:59:16.967 [main] DEBUG org.hibernate.type.BasicTypeRegistry - Adding type registration long -> org.hibernate.type.LongType@72efb5c1
17:59:16.967 [main] DEBUG org.hibernate.type.BasicTypeRegistry - Adding type registration java.lang.Long -> org.hibernate.type.LongType@72efb5c1
17:59:16.968 [main] DEBUG org.hibernate.type.BasicTypeRegistry - Adding type registration float -> org.hibernate.type.FloatType@24be2d9c
17:59:16.969 [main] DEBUG org.hibernate.type.BasicTypeRegistry - Adding type registration float -> org.hibernate.type.FloatType@24be2d9c
17:59:16.969 [main] DEBUG org.hibernate.type.BasicTypeRegistry - Adding type registration java.lang.Float -> org.hibernate.type.FloatType@24be2d9c
17:59:16.970 [main] DEBUG org.hibernate.type.BasicTypeRegistry - Adding type registration double -> org.hibernate.type.DoubleType@702ed190
17:59:16.970 [main] DEBUG org.hibernate.type.BasicTypeRegistry - Adding type registration double -> org.hibernate.type.DoubleType@702ed190
17:59:16.970 [main] DEBUG org.hibernate.type.BasicTypeRegistry - Adding type registration java.lang.Double -> org.hibernate.type.DoubleType@702ed190
17:59:16.972 [main] DEBUG org.hibernate.type.BasicTypeRegistry - Adding type registration big_decimal -> org.hibernate.type.BigDecimalType@42a9a63e
17:59:16.972 [main] DEBUG org.hibernate.type.BasicTypeRegistry - Adding type registration java.math.BigDecimal -> org.hibernate.type.BigDecimalType@42a9a63e
17:59:16.973 [main] DEBUG org.hibernate.type.BasicTypeRegistry - Adding type registration big_integer -> org.hibernate.type.BigIntegerType@e3cee7b
17:59:16.973 [main] DEBUG org.hibernate.type.BasicTypeRegistry - Adding type registration java.math.BigInteger -> org.hibernate.type.BigIntegerType@e3cee7b
17:59:16.973 [main] DEBUG org.hibernate.type.BasicTypeRegistry - Adding type registration string -> org.hibernate.type.StringType@15bcf458
17:59:16.973 [main] DEBUG org.hibernate.type.BasicTypeRegistry - Adding type registration java.lang.String -> org.hibernate.type.StringType@15bcf458
17:59:16.974 [main] DEBUG org.hibernate.type.BasicTypeRegistry - Adding type registration nstring -> org.hibernate.type.StringNVarcharType@649f2009
17:59:16.974 [main] DEBUG org.hibernate.type.BasicTypeRegistry - Adding type registration ncharacter -> org.hibernate.type.CharacterNCharType@57f791c6
17:59:16.975 [main] DEBUG org.hibernate.type.BasicTypeRegistry - Adding type registration url -> org.hibernate.type.UrlType@499b2a5c
17:59:16.975 [main] DEBUG org.hibernate.type.BasicTypeRegistry - Adding type registration java.net.URL -> org.hibernate.type.UrlType@499b2a5c
17:59:16.976 [main] DEBUG org.hibernate.type.BasicTypeRegistry - Adding type registration Duration -> org.hibernate.type.DurationType@2db2cd5
17:59:16.976 [main] DEBUG org.hibernate.type.BasicTypeRegistry - Adding type registration java.time.Duration -> org.hibernate.type.DurationType@2db2cd5
17:59:16.984 [main] DEBUG org.hibernate.type.BasicTypeRegistry - Adding type registration Instant -> org.hibernate.type.InstantType@3aacf32a
17:59:16.984 [main] DEBUG org.hibernate.type.BasicTypeRegistry - Adding type registration java.time.Instant -> org.hibernate.type.InstantType@3aacf32a
17:59:16.986 [main] DEBUG org.hibernate.type.BasicTypeRegistry - Adding type registration LocalDateTime -> org.hibernate.type.LocalDateTimeType@345e5a17
17:59:16.986 [main] DEBUG org.hibernate.type.BasicTypeRegistry - Adding type registration java.time.LocalDateTime -> org.hibernate.type.LocalDateTimeType@345e5a17
17:59:16.987 [main] DEBUG org.hibernate.type.BasicTypeRegistry - Adding type registration LocalDate -> org.hibernate.type.LocalDateType@402f80f5
17:59:16.987 [main] DEBUG org.hibernate.type.BasicTypeRegistry - Adding type registration java.time.LocalDate -> org.hibernate.type.LocalDateType@402f80f5
17:59:16.988 [main] DEBUG org.hibernate.type.BasicTypeRegistry - Adding type registration LocalTime -> org.hibernate.type.LocalTimeType@210386e0
17:59:16.989 [main] DEBUG org.hibernate.type.BasicTypeRegistry - Adding type registration java.time.LocalTime -> org.hibernate.type.LocalTimeType@210386e0
17:59:16.990 [main] DEBUG org.hibernate.type.BasicTypeRegistry - Adding type registration OffsetDateTime -> org.hibernate.type.OffsetDateTimeType@38875e7d
17:59:16.990 [main] DEBUG org.hibernate.type.BasicTypeRegistry - Adding type registration java.time.OffsetDateTime -> org.hibernate.type.OffsetDateTimeType@38875e7d
17:59:16.991 [main] DEBUG org.hibernate.type.BasicTypeRegistry - Adding type registration OffsetTime -> org.hibernate.type.OffsetTimeType@31c269fd
17:59:16.991 [main] DEBUG org.hibernate.type.BasicTypeRegistry - Adding type registration java.time.OffsetTime -> org.hibernate.type.OffsetTimeType@31c269fd
17:59:16.993 [main] DEBUG org.hibernate.type.BasicTypeRegistry - Adding type registration ZonedDateTime -> org.hibernate.type.ZonedDateTimeType@cc62a3b
17:59:16.993 [main] DEBUG org.hibernate.type.BasicTypeRegistry - Adding type registration java.time.ZonedDateTime -> org.hibernate.type.ZonedDateTimeType@cc62a3b
17:59:16.994 [main] DEBUG org.hibernate.type.BasicTypeRegistry - Adding type registration date -> org.hibernate.type.DateType@51a06cbe
17:59:16.994 [main] DEBUG org.hibernate.type.BasicTypeRegistry - Adding type registration java.sql.Date -> org.hibernate.type.DateType@51a06cbe
17:59:16.995 [main] DEBUG org.hibernate.type.BasicTypeRegistry - Adding type registration time -> org.hibernate.type.TimeType@36ac8a63
17:59:16.996 [main] DEBUG org.hibernate.type.BasicTypeRegistry - Adding type registration java.sql.Time -> org.hibernate.type.TimeType@36ac8a63
17:59:16.996 [main] DEBUG org.hibernate.type.BasicTypeRegistry - Adding type registration timestamp -> org.hibernate.type.TimestampType@52d10fb8
17:59:16.996 [main] DEBUG org.hibernate.type.BasicTypeRegistry - Adding type registration java.sql.Timestamp -> org.hibernate.type.TimestampType@52d10fb8
17:59:16.996 [main] DEBUG org.hibernate.type.BasicTypeRegistry - Adding type registration java.util.Date -> org.hibernate.type.TimestampType@52d10fb8
17:59:16.998 [main] DEBUG org.hibernate.type.BasicTypeRegistry - Adding type registration dbtimestamp -> org.hibernate.type.DbTimestampType@781e7326
17:59:16.998 [main] DEBUG org.hibernate.type.BasicTypeRegistry - Adding type registration calendar -> org.hibernate.type.CalendarType@503d56b5
17:59:16.999 [main] DEBUG org.hibernate.type.BasicTypeRegistry - Adding type registration java.util.Calendar -> org.hibernate.type.CalendarType@503d56b5
17:59:16.999 [main] DEBUG org.hibernate.type.BasicTypeRegistry - Adding type registration java.util.GregorianCalendar -> org.hibernate.type.CalendarType@503d56b5
17:59:16.999 [main] DEBUG org.hibernate.type.BasicTypeRegistry - Adding type registration calendar_date -> org.hibernate.type.CalendarDateType@1fc793c2
17:59:17.000 [main] DEBUG org.hibernate.type.BasicTypeRegistry - Adding type registration locale -> org.hibernate.type.LocaleType@27f9e982
17:59:17.000 [main] DEBUG org.hibernate.type.BasicTypeRegistry - Adding type registration java.util.Locale -> org.hibernate.type.LocaleType@27f9e982
17:59:17.001 [main] DEBUG org.hibernate.type.BasicTypeRegistry - Adding type registration currency -> org.hibernate.type.CurrencyType@22db8f4
17:59:17.001 [main] DEBUG org.hibernate.type.BasicTypeRegistry - Adding type registration java.util.Currency -> org.hibernate.type.CurrencyType@22db8f4
17:59:17.001 [main] DEBUG org.hibernate.type.BasicTypeRegistry - Adding type registration timezone -> org.hibernate.type.TimeZoneType@5851bd4f
17:59:17.002 [main] DEBUG org.hibernate.type.BasicTypeRegistry - Adding type registration java.util.TimeZone -> org.hibernate.type.TimeZoneType@5851bd4f
17:59:17.002 [main] DEBUG org.hibernate.type.BasicTypeRegistry - Adding type registration class -> org.hibernate.type.ClassType@1804f60d
17:59:17.002 [main] DEBUG org.hibernate.type.BasicTypeRegistry - Adding type registration java.lang.Class -> org.hibernate.type.ClassType@1804f60d
17:59:17.003 [main] DEBUG org.hibernate.type.BasicTypeRegistry - Adding type registration uuid-binary -> org.hibernate.type.UUIDBinaryType@c8b96ec
17:59:17.003 [main] DEBUG org.hibernate.type.BasicTypeRegistry - Adding type registration java.util.UUID -> org.hibernate.type.UUIDBinaryType@c8b96ec
17:59:17.004 [main] DEBUG org.hibernate.type.BasicTypeRegistry - Adding type registration uuid-char -> org.hibernate.type.UUIDCharType@2024293c
17:59:17.004 [main] DEBUG org.hibernate.type.BasicTypeRegistry - Adding type registration binary -> org.hibernate.type.BinaryType@6e0ff644
17:59:17.005 [main] DEBUG org.hibernate.type.BasicTypeRegistry - Adding type registration byte[] -> org.hibernate.type.BinaryType@6e0ff644
17:59:17.005 [main] DEBUG org.hibernate.type.BasicTypeRegistry - Adding type registration [B -> org.hibernate.type.BinaryType@6e0ff644
17:59:17.005 [main] DEBUG org.hibernate.type.BasicTypeRegistry - Adding type registration wrapper-binary -> org.hibernate.type.WrapperBinaryType@733037
17:59:17.005 [main] DEBUG org.hibernate.type.BasicTypeRegistry - Adding type registration Byte[] -> org.hibernate.type.WrapperBinaryType@733037
17:59:17.005 [main] DEBUG org.hibernate.type.BasicTypeRegistry - Adding type registration [Ljava.lang.Byte; -> org.hibernate.type.WrapperBinaryType@733037
17:59:17.006 [main] DEBUG org.hibernate.type.BasicTypeRegistry - Adding type registration row_version -> org.hibernate.type.RowVersionType@28c0b664
17:59:17.007 [main] DEBUG org.hibernate.type.BasicTypeRegistry - Adding type registration image -> org.hibernate.type.ImageType@4d157787
17:59:17.007 [main] DEBUG org.hibernate.type.BasicTypeRegistry - Adding type registration characters -> org.hibernate.type.CharArrayType@50b8ae8d
17:59:17.007 [main] DEBUG org.hibernate.type.BasicTypeRegistry - Adding type registration char[] -> org.hibernate.type.CharArrayType@50b8ae8d
17:59:17.007 [main] DEBUG org.hibernate.type.BasicTypeRegistry - Adding type registration [C -> org.hibernate.type.CharArrayType@50b8ae8d
17:59:17.008 [main] DEBUG org.hibernate.type.BasicTypeRegistry - Adding type registration wrapper-characters -> org.hibernate.type.CharacterArrayType@40e4ea87
17:59:17.008 [main] DEBUG org.hibernate.type.BasicTypeRegistry - Adding type registration [Ljava.lang.Character; -> org.hibernate.type.CharacterArrayType@40e4ea87
17:59:17.008 [main] DEBUG org.hibernate.type.BasicTypeRegistry - Adding type registration Character[] -> org.hibernate.type.CharacterArrayType@40e4ea87
17:59:17.009 [main] DEBUG org.hibernate.type.BasicTypeRegistry - Adding type registration text -> org.hibernate.type.TextType@7bdf6bb7
17:59:17.009 [main] DEBUG org.hibernate.type.BasicTypeRegistry - Adding type registration ntext -> org.hibernate.type.NTextType@751e664e
17:59:17.017 [main] DEBUG org.hibernate.type.BasicTypeRegistry - Adding type registration blob -> org.hibernate.type.BlobType@2c22a348
17:59:17.017 [main] DEBUG org.hibernate.type.BasicTypeRegistry - Adding type registration java.sql.Blob -> org.hibernate.type.BlobType@2c22a348
17:59:17.023 [main] DEBUG org.hibernate.type.BasicTypeRegistry - Adding type registration materialized_blob -> org.hibernate.type.MaterializedBlobType@51b01960
17:59:17.025 [main] DEBUG org.hibernate.type.BasicTypeRegistry - Adding type registration clob -> org.hibernate.type.ClobType@619bd14c
17:59:17.025 [main] DEBUG org.hibernate.type.BasicTypeRegistry - Adding type registration java.sql.Clob -> org.hibernate.type.ClobType@619bd14c
17:59:17.027 [main] DEBUG org.hibernate.type.BasicTypeRegistry - Adding type registration nclob -> org.hibernate.type.NClobType@26d10f2e
17:59:17.027 [main] DEBUG org.hibernate.type.BasicTypeRegistry - Adding type registration java.sql.NClob -> org.hibernate.type.NClobType@26d10f2e
17:59:17.028 [main] DEBUG org.hibernate.type.BasicTypeRegistry - Adding type registration materialized_clob -> org.hibernate.type.MaterializedClobType@2c282004
17:59:17.028 [main] DEBUG org.hibernate.type.BasicTypeRegistry - Adding type registration materialized_nclob -> org.hibernate.type.MaterializedNClobType@3e792ce3
17:59:17.029 [main] DEBUG org.hibernate.type.BasicTypeRegistry - Adding type registration serializable -> org.hibernate.type.SerializableType@1968a49c
17:59:17.031 [main] DEBUG org.hibernate.type.BasicTypeRegistry - Adding type registration object -> org.hibernate.type.ObjectType@11963225
17:59:17.031 [main] DEBUG org.hibernate.type.BasicTypeRegistry - Adding type registration java.lang.Object -> org.hibernate.type.ObjectType@11963225
17:59:17.031 [main] DEBUG org.hibernate.type.BasicTypeRegistry - Adding type registration imm_date -> org.hibernate.type.AdaptedImmutableType@4102b1b1
17:59:17.031 [main] DEBUG org.hibernate.type.BasicTypeRegistry - Adding type registration imm_time -> org.hibernate.type.AdaptedImmutableType@61a5b4ae
17:59:17.031 [main] DEBUG org.hibernate.type.BasicTypeRegistry - Adding type registration imm_timestamp -> org.hibernate.type.AdaptedImmutableType@3a71c100
17:59:17.031 [main] DEBUG org.hibernate.type.BasicTypeRegistry - Adding type registration imm_dbtimestamp -> org.hibernate.type.AdaptedImmutableType@5b69fd74
17:59:17.031 [main] DEBUG org.hibernate.type.BasicTypeRegistry - Adding type registration imm_calendar -> org.hibernate.type.AdaptedImmutableType@f325091
17:59:17.031 [main] DEBUG org.hibernate.type.BasicTypeRegistry - Adding type registration imm_calendar_date -> org.hibernate.type.AdaptedImmutableType@437e951d
17:59:17.031 [main] DEBUG org.hibernate.type.BasicTypeRegistry - Adding type registration imm_binary -> org.hibernate.type.AdaptedImmutableType@77b325b3
17:59:17.031 [main] DEBUG org.hibernate.type.BasicTypeRegistry - Adding type registration imm_serializable -> org.hibernate.type.AdaptedImmutableType@63a5e46c
17:59:17.032 [main] TRACE org.hibernate.service.internal.AbstractServiceRegistryImpl - Initializing service [role=org.hibernate.engine.jdbc.spi.JdbcServices]
17:59:17.033 [main] TRACE org.hibernate.service.internal.AbstractServiceRegistryImpl - Initializing service [role=org.hibernate.engine.jdbc.env.spi.JdbcEnvironment]
17:59:17.034 [main] TRACE org.hibernate.service.internal.AbstractServiceRegistryImpl - Initializing service [role=org.hibernate.engine.jdbc.dialect.spi.DialectFactory]
17:59:17.034 [main] TRACE org.hibernate.service.internal.AbstractServiceRegistryImpl - Initializing service [role=org.hibernate.engine.jdbc.dialect.spi.DialectResolver]
17:59:17.037 [main] TRACE org.hibernate.service.internal.AbstractServiceRegistryImpl - Initializing service [role=org.hibernate.engine.jdbc.connections.spi.ConnectionProvider]
17:59:17.038 [main] WARN  org.hibernate.orm.connections.pooling - HHH10001002: Using Hibernate built-in connection pool (not for production use!)
17:59:17.039 [main] DEBUG org.hibernate.orm.connections.pooling - No driver class specified
17:59:17.039 [main] INFO  org.hibernate.orm.connections.pooling - HHH10001005: using driver [null] at URL [jdbc:hsqldb:file:mymemdb;ifexists=false;sql.syntax_mys=true]
17:59:17.039 [main] INFO  org.hibernate.orm.connections.pooling - HHH10001001: Connection properties: {}
17:59:17.039 [main] INFO  org.hibernate.orm.connections.pooling - HHH10001003: Autocommit mode: false
17:59:17.041 [main] DEBUG org.hibernate.engine.jdbc.connections.internal.DriverManagerConnectionProviderImpl - Initializing Connection pool with 1 Connections
17:59:17.041 [main] INFO  org.hibernate.engine.jdbc.connections.internal.DriverManagerConnectionProviderImpl - HHH000115: Hibernate connection pool size: 20 (min=1)
17:59:17.268 [main] INFO  hsqldb.db.HSQLDB702F9C9A86.ENGINE - Checkpoint start
17:59:17.268 [main] INFO  hsqldb.db.HSQLDB702F9C9A86.ENGINE - checkpointClose start
17:59:17.285 [main] INFO  hsqldb.db.HSQLDB702F9C9A86.ENGINE - checkpointClose synched
17:59:17.356 [main] INFO  hsqldb.db.HSQLDB702F9C9A86.ENGINE - checkpointClose script done
17:59:17.519 [main] TRACE hsqldb.db.HSQLDB702F9C9A86.ENGINE - log close size: 0
17:59:17.553 [main] INFO  hsqldb.db.HSQLDB702F9C9A86.ENGINE - checkpointClose end
17:59:17.554 [main] INFO  hsqldb.db.HSQLDB702F9C9A86.ENGINE - Checkpoint end - txts: 1
17:59:17.612 [main] DEBUG org.hibernate.engine.jdbc.env.internal.JdbcEnvironmentInitiator - Database ->
       name : HSQL Database Engine
    version : 2.5.0
      major : 2
      minor : 5
17:59:17.612 [main] DEBUG org.hibernate.engine.jdbc.env.internal.JdbcEnvironmentInitiator - Driver ->
       name : HSQL Database Engine Driver
    version : 2.5.0
      major : 2
      minor : 5
17:59:17.612 [main] DEBUG org.hibernate.engine.jdbc.env.internal.JdbcEnvironmentInitiator - JDBC version : 4.2
17:59:17.630 [main] INFO  org.hibernate.dialect.Dialect - HHH000400: Using dialect: org.hibernate.dialect.MySQL5Dialect
17:59:17.649 [main] DEBUG org.hibernate.engine.jdbc.env.spi.IdentifierHelperBuilder - JDBC driver metadata reported database stores quoted identifiers in neither upper, lower nor mixed case
17:59:17.651 [main] TRACE org.hibernate.engine.jdbc.env.internal.NormalizingIdentifierHelperImpl - Normalizing identifier quoting [PUBLIC]
17:59:17.651 [main] TRACE org.hibernate.engine.jdbc.env.internal.NormalizingIdentifierHelperImpl - Normalizing identifier quoting [PUBLIC]
17:59:17.670 [main] TRACE org.hibernate.service.internal.AbstractServiceRegistryImpl - Initializing service [role=org.hibernate.id.factory.spi.MutableIdentifierGeneratorFactory]
17:59:17.671 [main] DEBUG org.hibernate.id.factory.internal.DefaultIdentifierGeneratorFactory - Registering IdentifierGenerator strategy [uuid2] -> [org.hibernate.id.UUIDGenerator]
17:59:17.671 [main] DEBUG org.hibernate.id.factory.internal.DefaultIdentifierGeneratorFactory - Registering IdentifierGenerator strategy [guid] -> [org.hibernate.id.GUIDGenerator]
17:59:17.672 [main] DEBUG org.hibernate.id.factory.internal.DefaultIdentifierGeneratorFactory - Registering IdentifierGenerator strategy [uuid] -> [org.hibernate.id.UUIDHexGenerator]
17:59:17.672 [main] DEBUG org.hibernate.id.factory.internal.DefaultIdentifierGeneratorFactory - Registering IdentifierGenerator strategy [uuid.hex] -> [org.hibernate.id.UUIDHexGenerator]
17:59:17.672 [main] DEBUG org.hibernate.id.factory.internal.DefaultIdentifierGeneratorFactory - Registering IdentifierGenerator strategy [assigned] -> [org.hibernate.id.Assigned]
17:59:17.672 [main] DEBUG org.hibernate.id.factory.internal.DefaultIdentifierGeneratorFactory - Registering IdentifierGenerator strategy [identity] -> [org.hibernate.id.IdentityGenerator]
17:59:17.673 [main] DEBUG org.hibernate.id.factory.internal.DefaultIdentifierGeneratorFactory - Registering IdentifierGenerator strategy [select] -> [org.hibernate.id.SelectGenerator]
17:59:17.673 [main] DEBUG org.hibernate.id.factory.internal.DefaultIdentifierGeneratorFactory - Registering IdentifierGenerator strategy [sequence] -> [org.hibernate.id.enhanced.SequenceStyleGenerator]
17:59:17.676 [main] DEBUG org.hibernate.id.factory.internal.DefaultIdentifierGeneratorFactory - Registering IdentifierGenerator strategy [seqhilo] -> [org.hibernate.id.SequenceHiLoGenerator]
17:59:17.676 [main] DEBUG org.hibernate.id.factory.internal.DefaultIdentifierGeneratorFactory - Registering IdentifierGenerator strategy [increment] -> [org.hibernate.id.IncrementGenerator]
17:59:17.676 [main] DEBUG org.hibernate.id.factory.internal.DefaultIdentifierGeneratorFactory - Registering IdentifierGenerator strategy [foreign] -> [org.hibernate.id.ForeignGenerator]
17:59:17.677 [main] DEBUG org.hibernate.id.factory.internal.DefaultIdentifierGeneratorFactory - Registering IdentifierGenerator strategy [sequence-identity] -> [org.hibernate.id.SequenceIdentityGenerator]
17:59:17.677 [main] DEBUG org.hibernate.id.factory.internal.DefaultIdentifierGeneratorFactory - Registering IdentifierGenerator strategy [enhanced-sequence] -> [org.hibernate.id.enhanced.SequenceStyleGenerator]
17:59:17.677 [main] DEBUG org.hibernate.id.factory.internal.DefaultIdentifierGeneratorFactory - Registering IdentifierGenerator strategy [enhanced-table] -> [org.hibernate.id.enhanced.TableGenerator]
17:59:17.694 [main] DEBUG org.hibernate.boot.model.relational.Namespace - Created database namespace [logicalName=Name{catalog=null, schema=null}, physicalName=Name{catalog=null, schema=null}]
17:59:17.706 [main] DEBUG org.hibernate.cfg.AnnotationBinder - Binding entity from annotated class: com.soft.entity.PersonEntity
17:59:17.719 [main] TRACE org.hibernate.engine.jdbc.env.internal.NormalizingIdentifierHelperImpl - Normalizing identifier quoting [DTYPE]
17:59:17.719 [main] DEBUG org.hibernate.cfg.Ejb3Column - Binding column: Ejb3DiscriminatorColumn{logicalColumnName'DTYPE', discriminatorTypeName='string'}
17:59:17.722 [main] DEBUG org.hibernate.cfg.annotations.EntityBinder - Import with entity name PersonEntity
17:59:17.722 [main] TRACE org.hibernate.boot.internal.InFlightMetadataCollectorImpl - Import: PersonEntity -> com.soft.entity.PersonEntity
17:59:17.722 [main] TRACE org.hibernate.boot.internal.InFlightMetadataCollectorImpl - Import: com.soft.entity.PersonEntity -> com.soft.entity.PersonEntity
17:59:17.723 [main] TRACE org.hibernate.engine.jdbc.env.internal.NormalizingIdentifierHelperImpl - Normalizing identifier quoting [PERSON]
17:59:17.723 [main] TRACE org.hibernate.engine.jdbc.env.internal.NormalizingIdentifierHelperImpl - Normalizing identifier quoting [PERSON]
17:59:17.724 [main] DEBUG org.hibernate.cfg.annotations.EntityBinder - Bind entity com.soft.entity.PersonEntity on table PERSON
17:59:17.733 [main] TRACE org.hibernate.cfg.AnnotationBinder - Processing annotations of com.soft.entity.PersonEntity.id
17:59:17.735 [main] TRACE org.hibernate.engine.jdbc.env.internal.NormalizingIdentifierHelperImpl - Normalizing identifier quoting [ID]
17:59:17.736 [main] TRACE org.hibernate.engine.jdbc.env.internal.NormalizingIdentifierHelperImpl - Normalizing identifier quoting [ID]
17:59:17.736 [main] DEBUG org.hibernate.cfg.Ejb3Column - Binding column: Ejb3Column{table=org.hibernate.mapping.Table(PERSON), mappingColumn=ID, insertable=true, updatable=true, unique=false}
17:59:17.738 [main] DEBUG org.hibernate.cfg.annotations.PropertyBinder - MetadataSourceProcessor property id with lazy=false
17:59:17.739 [main] DEBUG org.hibernate.cfg.AbstractPropertyHolder - Attempting to locate auto-apply AttributeConverter for property [com.soft.entity.PersonEntity:id]
17:59:17.740 [main] DEBUG org.hibernate.cfg.annotations.SimpleValueBinder - building SimpleValue for id
17:59:17.741 [main] TRACE org.hibernate.engine.jdbc.env.internal.NormalizingIdentifierHelperImpl - Normalizing identifier quoting [ID]
17:59:17.741 [main] DEBUG org.hibernate.cfg.annotations.PropertyBinder - Building property id
17:59:17.742 [main] TRACE org.hibernate.cfg.annotations.PropertyBinder - Cascading id with null
17:59:17.743 [main] TRACE org.hibernate.cfg.AnnotationBinder - Add generic generator with name: increment
17:59:17.743 [main] TRACE org.hibernate.cfg.AnnotationBinder - Bind @Id on id
17:59:17.743 [main] TRACE org.hibernate.cfg.AnnotationBinder - Processing annotations of com.soft.entity.PersonEntity.name
17:59:17.743 [main] TRACE org.hibernate.engine.jdbc.env.internal.NormalizingIdentifierHelperImpl - Normalizing identifier quoting [NAME]
17:59:17.743 [main] TRACE org.hibernate.engine.jdbc.env.internal.NormalizingIdentifierHelperImpl - Normalizing identifier quoting [NAME]
17:59:17.744 [main] DEBUG org.hibernate.cfg.Ejb3Column - Binding column: Ejb3Column{table=org.hibernate.mapping.Table(PERSON), mappingColumn=NAME, insertable=true, updatable=true, unique=false}
17:59:17.744 [main] DEBUG org.hibernate.cfg.annotations.PropertyBinder - MetadataSourceProcessor property name with lazy=false
17:59:17.744 [main] DEBUG org.hibernate.cfg.AbstractPropertyHolder - Attempting to locate auto-apply AttributeConverter for property [com.soft.entity.PersonEntity:name]
17:59:17.744 [main] DEBUG org.hibernate.cfg.annotations.SimpleValueBinder - building SimpleValue for name
17:59:17.744 [main] TRACE org.hibernate.engine.jdbc.env.internal.NormalizingIdentifierHelperImpl - Normalizing identifier quoting [NAME]
17:59:17.744 [main] DEBUG org.hibernate.cfg.annotations.PropertyBinder - Building property name
17:59:17.744 [main] TRACE org.hibernate.cfg.annotations.PropertyBinder - Cascading name with null
17:59:17.744 [main] DEBUG org.hibernate.cfg.AnnotationBinder - Binding entity from annotated class: com.soft.entity.ResistorEntity
17:59:17.744 [main] TRACE org.hibernate.engine.jdbc.env.internal.NormalizingIdentifierHelperImpl - Normalizing identifier quoting [DTYPE]
17:59:17.744 [main] DEBUG org.hibernate.cfg.Ejb3Column - Binding column: Ejb3DiscriminatorColumn{logicalColumnName'DTYPE', discriminatorTypeName='string'}
17:59:17.744 [main] DEBUG org.hibernate.cfg.annotations.EntityBinder - Import with entity name ResistorEntity
17:59:17.745 [main] TRACE org.hibernate.boot.internal.InFlightMetadataCollectorImpl - Import: ResistorEntity -> com.soft.entity.ResistorEntity
17:59:17.745 [main] TRACE org.hibernate.boot.internal.InFlightMetadataCollectorImpl - Import: com.soft.entity.ResistorEntity -> com.soft.entity.ResistorEntity
17:59:17.745 [main] TRACE org.hibernate.engine.jdbc.env.internal.NormalizingIdentifierHelperImpl - Normalizing identifier quoting [resistor]
17:59:17.745 [main] TRACE org.hibernate.engine.jdbc.env.internal.NormalizingIdentifierHelperImpl - Normalizing identifier quoting [resistor]
17:59:17.745 [main] DEBUG org.hibernate.cfg.annotations.EntityBinder - Bind entity com.soft.entity.ResistorEntity on table resistor
17:59:17.746 [main] TRACE org.hibernate.cfg.AnnotationBinder - Processing annotations of com.soft.entity.ResistorEntity.id
17:59:17.746 [main] TRACE org.hibernate.engine.jdbc.env.internal.NormalizingIdentifierHelperImpl - Normalizing identifier quoting [resistor_id]
17:59:17.747 [main] TRACE org.hibernate.engine.jdbc.env.internal.NormalizingIdentifierHelperImpl - Normalizing identifier quoting [resistor_id]
17:59:17.747 [main] DEBUG org.hibernate.cfg.Ejb3Column - Binding column: Ejb3Column{table=org.hibernate.mapping.Table(resistor), mappingColumn=resistor_id, insertable=true, updatable=true, unique=false}
17:59:17.747 [main] DEBUG org.hibernate.cfg.annotations.PropertyBinder - MetadataSourceProcessor property id with lazy=false
17:59:17.747 [main] DEBUG org.hibernate.cfg.AbstractPropertyHolder - Attempting to locate auto-apply AttributeConverter for property [com.soft.entity.ResistorEntity:id]
17:59:17.747 [main] DEBUG org.hibernate.cfg.annotations.SimpleValueBinder - building SimpleValue for id
17:59:17.747 [main] TRACE org.hibernate.engine.jdbc.env.internal.NormalizingIdentifierHelperImpl - Normalizing identifier quoting [resistor_id]
17:59:17.747 [main] DEBUG org.hibernate.cfg.annotations.PropertyBinder - Building property id
17:59:17.747 [main] TRACE org.hibernate.cfg.annotations.PropertyBinder - Cascading id with null
17:59:17.747 [main] TRACE org.hibernate.cfg.AnnotationBinder - Add generic generator with name: increment
17:59:17.747 [main] TRACE org.hibernate.cfg.AnnotationBinder - Bind @Id on id
17:59:17.747 [main] TRACE org.hibernate.cfg.AnnotationBinder - Processing annotations of com.soft.entity.ResistorEntity.category
17:59:17.747 [main] TRACE org.hibernate.engine.jdbc.env.internal.NormalizingIdentifierHelperImpl - Normalizing identifier quoting [category]
17:59:17.747 [main] TRACE org.hibernate.engine.jdbc.env.internal.NormalizingIdentifierHelperImpl - Normalizing identifier quoting [category]
17:59:17.747 [main] DEBUG org.hibernate.cfg.Ejb3Column - Binding column: Ejb3Column{table=org.hibernate.mapping.Table(resistor), mappingColumn=category, insertable=true, updatable=true, unique=false}
17:59:17.747 [main] DEBUG org.hibernate.cfg.annotations.PropertyBinder - MetadataSourceProcessor property category with lazy=false
17:59:17.748 [main] DEBUG org.hibernate.cfg.AbstractPropertyHolder - Attempting to locate auto-apply AttributeConverter for property [com.soft.entity.ResistorEntity:category]
17:59:17.748 [main] DEBUG org.hibernate.cfg.annotations.SimpleValueBinder - building SimpleValue for category
17:59:17.748 [main] TRACE org.hibernate.engine.jdbc.env.internal.NormalizingIdentifierHelperImpl - Normalizing identifier quoting [category]
17:59:17.748 [main] DEBUG org.hibernate.cfg.annotations.PropertyBinder - Building property category
17:59:17.748 [main] TRACE org.hibernate.cfg.annotations.PropertyBinder - Cascading category with null
17:59:17.748 [main] TRACE org.hibernate.cfg.AnnotationBinder - Processing annotations of com.soft.entity.ResistorEntity.description
17:59:17.748 [main] TRACE org.hibernate.engine.jdbc.env.internal.NormalizingIdentifierHelperImpl - Normalizing identifier quoting [description]
17:59:17.748 [main] TRACE org.hibernate.engine.jdbc.env.internal.NormalizingIdentifierHelperImpl - Normalizing identifier quoting [description]
17:59:17.748 [main] DEBUG org.hibernate.cfg.Ejb3Column - Binding column: Ejb3Column{table=org.hibernate.mapping.Table(resistor), mappingColumn=description, insertable=true, updatable=true, unique=false}
17:59:17.748 [main] DEBUG org.hibernate.cfg.annotations.PropertyBinder - MetadataSourceProcessor property description with lazy=false
17:59:17.748 [main] DEBUG org.hibernate.cfg.AbstractPropertyHolder - Attempting to locate auto-apply AttributeConverter for property [com.soft.entity.ResistorEntity:description]
17:59:17.748 [main] DEBUG org.hibernate.cfg.annotations.SimpleValueBinder - building SimpleValue for description
17:59:17.748 [main] TRACE org.hibernate.engine.jdbc.env.internal.NormalizingIdentifierHelperImpl - Normalizing identifier quoting [description]
17:59:17.748 [main] DEBUG org.hibernate.cfg.annotations.PropertyBinder - Building property description
17:59:17.748 [main] TRACE org.hibernate.cfg.annotations.PropertyBinder - Cascading description with null
17:59:17.748 [main] TRACE org.hibernate.cfg.AnnotationBinder - Processing annotations of com.soft.entity.ResistorEntity.name
17:59:17.748 [main] TRACE org.hibernate.engine.jdbc.env.internal.NormalizingIdentifierHelperImpl - Normalizing identifier quoting [name]
17:59:17.748 [main] TRACE org.hibernate.engine.jdbc.env.internal.NormalizingIdentifierHelperImpl - Normalizing identifier quoting [name]
17:59:17.748 [main] DEBUG org.hibernate.cfg.Ejb3Column - Binding column: Ejb3Column{table=org.hibernate.mapping.Table(resistor), mappingColumn=name, insertable=true, updatable=true, unique=false}
17:59:17.748 [main] DEBUG org.hibernate.cfg.annotations.PropertyBinder - MetadataSourceProcessor property name with lazy=false
17:59:17.748 [main] DEBUG org.hibernate.cfg.AbstractPropertyHolder - Attempting to locate auto-apply AttributeConverter for property [com.soft.entity.ResistorEntity:name]
17:59:17.748 [main] DEBUG org.hibernate.cfg.annotations.SimpleValueBinder - building SimpleValue for name
17:59:17.748 [main] TRACE org.hibernate.engine.jdbc.env.internal.NormalizingIdentifierHelperImpl - Normalizing identifier quoting [name]
17:59:17.749 [main] DEBUG org.hibernate.cfg.annotations.PropertyBinder - Building property name
17:59:17.749 [main] TRACE org.hibernate.cfg.annotations.PropertyBinder - Cascading name with null
17:59:17.749 [main] TRACE org.hibernate.cfg.AnnotationBinder - Processing annotations of com.soft.entity.ResistorEntity.nominal
17:59:17.749 [main] TRACE org.hibernate.engine.jdbc.env.internal.NormalizingIdentifierHelperImpl - Normalizing identifier quoting [nominal]
17:59:17.749 [main] TRACE org.hibernate.engine.jdbc.env.internal.NormalizingIdentifierHelperImpl - Normalizing identifier quoting [nominal]
17:59:17.749 [main] DEBUG org.hibernate.cfg.Ejb3Column - Binding column: Ejb3Column{table=org.hibernate.mapping.Table(resistor), mappingColumn=nominal, insertable=true, updatable=true, unique=false}
17:59:17.749 [main] DEBUG org.hibernate.cfg.annotations.PropertyBinder - MetadataSourceProcessor property nominal with lazy=false
17:59:17.749 [main] DEBUG org.hibernate.cfg.AbstractPropertyHolder - Attempting to locate auto-apply AttributeConverter for property [com.soft.entity.ResistorEntity:nominal]
17:59:17.749 [main] DEBUG org.hibernate.cfg.annotations.SimpleValueBinder - building SimpleValue for nominal
17:59:17.749 [main] TRACE org.hibernate.engine.jdbc.env.internal.NormalizingIdentifierHelperImpl - Normalizing identifier quoting [nominal]
17:59:17.749 [main] DEBUG org.hibernate.cfg.annotations.PropertyBinder - Building property nominal
17:59:17.749 [main] TRACE org.hibernate.cfg.annotations.PropertyBinder - Cascading nominal with null
17:59:17.749 [main] TRACE org.hibernate.cfg.AnnotationBinder - Processing annotations of com.soft.entity.ResistorEntity.nominalUnit
17:59:17.749 [main] TRACE org.hibernate.engine.jdbc.env.internal.NormalizingIdentifierHelperImpl - Normalizing identifier quoting [nominal_unit]
17:59:17.749 [main] TRACE org.hibernate.engine.jdbc.env.internal.NormalizingIdentifierHelperImpl - Normalizing identifier quoting [nominal_unit]
17:59:17.749 [main] DEBUG org.hibernate.cfg.Ejb3Column - Binding column: Ejb3Column{table=org.hibernate.mapping.Table(resistor), mappingColumn=nominal_unit, insertable=true, updatable=true, unique=false}
17:59:17.749 [main] DEBUG org.hibernate.cfg.annotations.PropertyBinder - MetadataSourceProcessor property nominalUnit with lazy=false
17:59:17.749 [main] DEBUG org.hibernate.cfg.AbstractPropertyHolder - Attempting to locate auto-apply AttributeConverter for property [com.soft.entity.ResistorEntity:nominalUnit]
17:59:17.749 [main] DEBUG org.hibernate.cfg.annotations.SimpleValueBinder - building SimpleValue for nominalUnit
17:59:17.749 [main] TRACE org.hibernate.engine.jdbc.env.internal.NormalizingIdentifierHelperImpl - Normalizing identifier quoting [nominal_unit]
17:59:17.749 [main] DEBUG org.hibernate.cfg.annotations.PropertyBinder - Building property nominalUnit
17:59:17.749 [main] TRACE org.hibernate.cfg.annotations.PropertyBinder - Cascading nominalUnit with null
17:59:17.749 [main] TRACE org.hibernate.cfg.AnnotationBinder - Processing annotations of com.soft.entity.ResistorEntity.photo
17:59:17.749 [main] TRACE org.hibernate.engine.jdbc.env.internal.NormalizingIdentifierHelperImpl - Normalizing identifier quoting [photo]
17:59:17.750 [main] TRACE org.hibernate.engine.jdbc.env.internal.NormalizingIdentifierHelperImpl - Normalizing identifier quoting [photo]
17:59:17.750 [main] DEBUG org.hibernate.cfg.Ejb3Column - Binding column: Ejb3Column{table=org.hibernate.mapping.Table(resistor), mappingColumn=photo, insertable=true, updatable=true, unique=false}
17:59:17.750 [main] DEBUG org.hibernate.cfg.annotations.PropertyBinder - MetadataSourceProcessor property photo with lazy=false
17:59:17.750 [main] DEBUG org.hibernate.cfg.AbstractPropertyHolder - Attempting to locate auto-apply AttributeConverter for property [com.soft.entity.ResistorEntity:photo]
17:59:17.750 [main] DEBUG org.hibernate.cfg.annotations.SimpleValueBinder - building SimpleValue for photo
17:59:17.750 [main] TRACE org.hibernate.engine.jdbc.env.internal.NormalizingIdentifierHelperImpl - Normalizing identifier quoting [photo]
17:59:17.750 [main] DEBUG org.hibernate.cfg.annotations.PropertyBinder - Building property photo
17:59:17.750 [main] TRACE org.hibernate.cfg.annotations.PropertyBinder - Cascading photo with null
17:59:17.750 [main] TRACE org.hibernate.cfg.AnnotationBinder - Processing annotations of com.soft.entity.ResistorEntity.power
17:59:17.750 [main] TRACE org.hibernate.engine.jdbc.env.internal.NormalizingIdentifierHelperImpl - Normalizing identifier quoting [power]
17:59:17.750 [main] TRACE org.hibernate.engine.jdbc.env.internal.NormalizingIdentifierHelperImpl - Normalizing identifier quoting [power]
17:59:17.750 [main] DEBUG org.hibernate.cfg.Ejb3Column - Binding column: Ejb3Column{table=org.hibernate.mapping.Table(resistor), mappingColumn=power, insertable=true, updatable=true, unique=false}
17:59:17.750 [main] DEBUG org.hibernate.cfg.annotations.PropertyBinder - MetadataSourceProcessor property power with lazy=false
17:59:17.750 [main] DEBUG org.hibernate.cfg.AbstractPropertyHolder - Attempting to locate auto-apply AttributeConverter for property [com.soft.entity.ResistorEntity:power]
17:59:17.750 [main] DEBUG org.hibernate.cfg.annotations.SimpleValueBinder - building SimpleValue for power
17:59:17.750 [main] TRACE org.hibernate.engine.jdbc.env.internal.NormalizingIdentifierHelperImpl - Normalizing identifier quoting [power]
17:59:17.750 [main] DEBUG org.hibernate.cfg.annotations.PropertyBinder - Building property power
17:59:17.750 [main] TRACE org.hibernate.cfg.annotations.PropertyBinder - Cascading power with null
17:59:17.750 [main] TRACE org.hibernate.cfg.AnnotationBinder - Processing annotations of com.soft.entity.ResistorEntity.powerUnit
17:59:17.750 [main] TRACE org.hibernate.engine.jdbc.env.internal.NormalizingIdentifierHelperImpl - Normalizing identifier quoting [power_unit]
17:59:17.750 [main] TRACE org.hibernate.engine.jdbc.env.internal.NormalizingIdentifierHelperImpl - Normalizing identifier quoting [power_unit]
17:59:17.750 [main] DEBUG org.hibernate.cfg.Ejb3Column - Binding column: Ejb3Column{table=org.hibernate.mapping.Table(resistor), mappingColumn=power_unit, insertable=true, updatable=true, unique=false}
17:59:17.750 [main] DEBUG org.hibernate.cfg.annotations.PropertyBinder - MetadataSourceProcessor property powerUnit with lazy=false
17:59:17.751 [main] DEBUG org.hibernate.cfg.AbstractPropertyHolder - Attempting to locate auto-apply AttributeConverter for property [com.soft.entity.ResistorEntity:powerUnit]
17:59:17.751 [main] DEBUG org.hibernate.cfg.annotations.SimpleValueBinder - building SimpleValue for powerUnit
17:59:17.751 [main] TRACE org.hibernate.engine.jdbc.env.internal.NormalizingIdentifierHelperImpl - Normalizing identifier quoting [power_unit]
17:59:17.751 [main] DEBUG org.hibernate.cfg.annotations.PropertyBinder - Building property powerUnit
17:59:17.751 [main] TRACE org.hibernate.cfg.annotations.PropertyBinder - Cascading powerUnit with null
17:59:17.751 [main] TRACE org.hibernate.cfg.AnnotationBinder - Processing annotations of com.soft.entity.ResistorEntity.price
17:59:17.751 [main] TRACE org.hibernate.engine.jdbc.env.internal.NormalizingIdentifierHelperImpl - Normalizing identifier quoting [price]
17:59:17.751 [main] TRACE org.hibernate.engine.jdbc.env.internal.NormalizingIdentifierHelperImpl - Normalizing identifier quoting [price]
17:59:17.751 [main] DEBUG org.hibernate.cfg.Ejb3Column - Binding column: Ejb3Column{table=org.hibernate.mapping.Table(resistor), mappingColumn=price, insertable=true, updatable=true, unique=false}
17:59:17.751 [main] DEBUG org.hibernate.cfg.annotations.PropertyBinder - MetadataSourceProcessor property price with lazy=false
17:59:17.751 [main] DEBUG org.hibernate.cfg.AbstractPropertyHolder - Attempting to locate auto-apply AttributeConverter for property [com.soft.entity.ResistorEntity:price]
17:59:17.751 [main] DEBUG org.hibernate.cfg.annotations.SimpleValueBinder - building SimpleValue for price
17:59:17.751 [main] TRACE org.hibernate.engine.jdbc.env.internal.NormalizingIdentifierHelperImpl - Normalizing identifier quoting [price]
17:59:17.751 [main] DEBUG org.hibernate.cfg.annotations.PropertyBinder - Building property price
17:59:17.751 [main] TRACE org.hibernate.cfg.annotations.PropertyBinder - Cascading price with null
17:59:17.751 [main] TRACE org.hibernate.cfg.AnnotationBinder - Processing annotations of com.soft.entity.ResistorEntity.producer
17:59:17.751 [main] TRACE org.hibernate.engine.jdbc.env.internal.NormalizingIdentifierHelperImpl - Normalizing identifier quoting [producer]
17:59:17.751 [main] TRACE org.hibernate.engine.jdbc.env.internal.NormalizingIdentifierHelperImpl - Normalizing identifier quoting [producer]
17:59:17.751 [main] DEBUG org.hibernate.cfg.Ejb3Column - Binding column: Ejb3Column{table=org.hibernate.mapping.Table(resistor), mappingColumn=producer, insertable=true, updatable=true, unique=false}
17:59:17.751 [main] DEBUG org.hibernate.cfg.annotations.PropertyBinder - MetadataSourceProcessor property producer with lazy=false
17:59:17.751 [main] DEBUG org.hibernate.cfg.AbstractPropertyHolder - Attempting to locate auto-apply AttributeConverter for property [com.soft.entity.ResistorEntity:producer]
17:59:17.751 [main] DEBUG org.hibernate.cfg.annotations.SimpleValueBinder - building SimpleValue for producer
17:59:17.751 [main] TRACE org.hibernate.engine.jdbc.env.internal.NormalizingIdentifierHelperImpl - Normalizing identifier quoting [producer]
17:59:17.751 [main] DEBUG org.hibernate.cfg.annotations.PropertyBinder - Building property producer
17:59:17.752 [main] TRACE org.hibernate.cfg.annotations.PropertyBinder - Cascading producer with null
17:59:17.752 [main] TRACE org.hibernate.cfg.AnnotationBinder - Processing annotations of com.soft.entity.ResistorEntity.quantity
17:59:17.752 [main] TRACE org.hibernate.engine.jdbc.env.internal.NormalizingIdentifierHelperImpl - Normalizing identifier quoting [quantity]
17:59:17.752 [main] TRACE org.hibernate.engine.jdbc.env.internal.NormalizingIdentifierHelperImpl - Normalizing identifier quoting [quantity]
17:59:17.752 [main] DEBUG org.hibernate.cfg.Ejb3Column - Binding column: Ejb3Column{table=org.hibernate.mapping.Table(resistor), mappingColumn=quantity, insertable=true, updatable=true, unique=false}
17:59:17.752 [main] DEBUG org.hibernate.cfg.annotations.PropertyBinder - MetadataSourceProcessor property quantity with lazy=false
17:59:17.752 [main] DEBUG org.hibernate.cfg.AbstractPropertyHolder - Attempting to locate auto-apply AttributeConverter for property [com.soft.entity.ResistorEntity:quantity]
17:59:17.752 [main] DEBUG org.hibernate.cfg.annotations.SimpleValueBinder - building SimpleValue for quantity
17:59:17.752 [main] TRACE org.hibernate.engine.jdbc.env.internal.NormalizingIdentifierHelperImpl - Normalizing identifier quoting [quantity]
17:59:17.752 [main] DEBUG org.hibernate.cfg.annotations.PropertyBinder - Building property quantity
17:59:17.752 [main] TRACE org.hibernate.cfg.annotations.PropertyBinder - Cascading quantity with null
17:59:17.752 [main] TRACE org.hibernate.cfg.AnnotationBinder - Processing annotations of com.soft.entity.ResistorEntity.rPackage
17:59:17.752 [main] TRACE org.hibernate.engine.jdbc.env.internal.NormalizingIdentifierHelperImpl - Normalizing identifier quoting [package]
17:59:17.752 [main] TRACE org.hibernate.engine.jdbc.env.internal.NormalizingIdentifierHelperImpl - Normalizing identifier quoting [package]
17:59:17.752 [main] DEBUG org.hibernate.cfg.Ejb3Column - Binding column: Ejb3Column{table=org.hibernate.mapping.Table(resistor), mappingColumn=package, insertable=true, updatable=true, unique=false}
17:59:17.752 [main] DEBUG org.hibernate.cfg.annotations.PropertyBinder - MetadataSourceProcessor property rPackage with lazy=false
17:59:17.752 [main] DEBUG org.hibernate.cfg.AbstractPropertyHolder - Attempting to locate auto-apply AttributeConverter for property [com.soft.entity.ResistorEntity:rPackage]
17:59:17.752 [main] DEBUG org.hibernate.cfg.annotations.SimpleValueBinder - building SimpleValue for rPackage
17:59:17.752 [main] TRACE org.hibernate.engine.jdbc.env.internal.NormalizingIdentifierHelperImpl - Normalizing identifier quoting [package]
17:59:17.752 [main] DEBUG org.hibernate.cfg.annotations.PropertyBinder - Building property rPackage
17:59:17.752 [main] TRACE org.hibernate.cfg.annotations.PropertyBinder - Cascading rPackage with null
17:59:17.752 [main] TRACE org.hibernate.cfg.AnnotationBinder - Processing annotations of com.soft.entity.ResistorEntity.rPrecision
17:59:17.752 [main] TRACE org.hibernate.engine.jdbc.env.internal.NormalizingIdentifierHelperImpl - Normalizing identifier quoting [r_precision]
17:59:17.752 [main] TRACE org.hibernate.engine.jdbc.env.internal.NormalizingIdentifierHelperImpl - Normalizing identifier quoting [r_precision]
17:59:17.753 [main] DEBUG org.hibernate.cfg.Ejb3Column - Binding column: Ejb3Column{table=org.hibernate.mapping.Table(resistor), mappingColumn=r_precision, insertable=true, updatable=true, unique=false}
17:59:17.753 [main] DEBUG org.hibernate.cfg.annotations.PropertyBinder - MetadataSourceProcessor property rPrecision with lazy=false
17:59:17.753 [main] DEBUG org.hibernate.cfg.AbstractPropertyHolder - Attempting to locate auto-apply AttributeConverter for property [com.soft.entity.ResistorEntity:rPrecision]
17:59:17.753 [main] DEBUG org.hibernate.cfg.annotations.SimpleValueBinder - building SimpleValue for rPrecision
17:59:17.753 [main] TRACE org.hibernate.engine.jdbc.env.internal.NormalizingIdentifierHelperImpl - Normalizing identifier quoting [r_precision]
17:59:17.753 [main] DEBUG org.hibernate.cfg.annotations.PropertyBinder - Building property rPrecision
17:59:17.753 [main] TRACE org.hibernate.cfg.annotations.PropertyBinder - Cascading rPrecision with null
17:59:17.754 [main] DEBUG org.hibernate.cfg.annotations.SimpleValueBinder - Starting fillSimpleValue for id
17:59:17.754 [main] DEBUG org.hibernate.cfg.annotations.SimpleValueBinder - Starting fillSimpleValue for name
17:59:17.754 [main] DEBUG org.hibernate.cfg.annotations.SimpleValueBinder - Starting fillSimpleValue for id
17:59:17.754 [main] DEBUG org.hibernate.cfg.annotations.SimpleValueBinder - Starting fillSimpleValue for category
17:59:17.754 [main] DEBUG org.hibernate.cfg.annotations.SimpleValueBinder - Starting fillSimpleValue for description
17:59:17.754 [main] DEBUG org.hibernate.cfg.annotations.SimpleValueBinder - Starting fillSimpleValue for name
17:59:17.754 [main] DEBUG org.hibernate.cfg.annotations.SimpleValueBinder - Starting fillSimpleValue for nominal
17:59:17.754 [main] DEBUG org.hibernate.cfg.annotations.SimpleValueBinder - Starting fillSimpleValue for nominalUnit
17:59:17.754 [main] DEBUG org.hibernate.cfg.annotations.SimpleValueBinder - Starting fillSimpleValue for photo
17:59:17.754 [main] DEBUG org.hibernate.cfg.annotations.SimpleValueBinder - Starting fillSimpleValue for power
17:59:17.754 [main] DEBUG org.hibernate.cfg.annotations.SimpleValueBinder - Starting fillSimpleValue for powerUnit
17:59:17.754 [main] DEBUG org.hibernate.cfg.annotations.SimpleValueBinder - Starting fillSimpleValue for price
17:59:17.755 [main] DEBUG org.hibernate.cfg.annotations.SimpleValueBinder - Starting fillSimpleValue for producer
17:59:17.755 [main] DEBUG org.hibernate.cfg.annotations.SimpleValueBinder - Starting fillSimpleValue for quantity
17:59:17.755 [main] DEBUG org.hibernate.cfg.annotations.SimpleValueBinder - Starting fillSimpleValue for rPackage
17:59:17.755 [main] DEBUG org.hibernate.cfg.annotations.SimpleValueBinder - Starting fillSimpleValue for rPrecision
17:59:17.756 [main] DEBUG org.hibernate.mapping.PrimaryKey - Forcing column [id] to be non-null as it is part of the primary key for table [person]
17:59:17.756 [main] DEBUG org.hibernate.mapping.PrimaryKey - Forcing column [resistor_id] to be non-null as it is part of the primary key for table [resistor]
17:59:17.758 [main] TRACE org.hibernate.engine.jdbc.env.internal.NormalizingIdentifierHelperImpl - Normalizing identifier quoting [resistor_id]
17:59:17.758 [main] TRACE org.hibernate.engine.jdbc.env.internal.NormalizingIdentifierHelperImpl - Normalizing identifier quoting [resistor]
17:59:17.758 [main] TRACE org.hibernate.engine.jdbc.env.internal.NormalizingIdentifierHelperImpl - Normalizing identifier quoting [ID]
17:59:17.758 [main] TRACE org.hibernate.engine.jdbc.env.internal.NormalizingIdentifierHelperImpl - Normalizing identifier quoting [PERSON]
17:59:17.771 [main] INFO  org.hibernate.tool.hbm2ddl.SchemaExport - HHH000227: Running hbm2ddl schema export
17:59:17.771 [main] TRACE org.hibernate.service.internal.AbstractServiceRegistryImpl - Initializing service [role=org.hibernate.tool.schema.spi.SchemaManagementTool]
17:59:17.776 [main] TRACE org.hibernate.service.internal.AbstractServiceRegistryImpl - Initializing service [role=org.hibernate.resource.transaction.spi.TransactionCoordinatorBuilder]
17:59:17.777 [main] TRACE org.hibernate.service.internal.AbstractServiceRegistryImpl - Initializing service [role=org.hibernate.tool.hbm2ddl.ImportSqlCommandExtractor]
17:59:17.780 [main] DEBUG org.hibernate.SQL - drop table if exists PERSON
17:59:17.780 [main] INFO  org.hibernate.orm.connections.access - HHH10001501: Connection obtained from JdbcConnectionAccess [org.hibernate.engine.jdbc.env.internal.JdbcEnvironmentInitiator$ConnectionProviderJdbcConnectionAccess@5246a3b3] for (non-JTA) DDL execution was not in auto-commit mode; the Connection 'local transaction' will be committed and the Connection will be set into auto-commit mode.
17:59:17.781 [main] DEBUG org.hibernate.SQL - drop table if exists resistor
17:59:17.783 [main] DEBUG org.hibernate.SQL - create table PERSON (ID bigint not null, NAME char(1), primary key (ID)) engine=MyISAM
17:59:17.783 [main] INFO  org.hibernate.orm.connections.access - HHH10001501: Connection obtained from JdbcConnectionAccess [org.hibernate.engine.jdbc.env.internal.JdbcEnvironmentInitiator$ConnectionProviderJdbcConnectionAccess@7ce7e83c] for (non-JTA) DDL execution was not in auto-commit mode; the Connection 'local transaction' will be committed and the Connection will be set into auto-commit mode.
17:59:17.784 [main] DEBUG org.hibernate.SQL - create table resistor (resistor_id bigint not null, category integer, description varchar(255), name varchar(255), nominal double precision, nominal_unit integer, photo tinyblob, power double precision, power_unit integer, price double precision, producer integer, quantity integer, package integer, r_precision double precision, primary key (resistor_id)) engine=MyISAM
17:59:17.785 [main] INFO  org.hibernate.tool.schema.internal.SchemaCreatorImpl - HHH000476: Executing import script 'org.hibernate.tool.schema.internal.exec.ScriptSourceInputNonExistentImpl@57a48985'
17:59:17.786 [main] DEBUG org.hibernate.integrator.internal.IntegratorServiceImpl - Adding Integrator [org.hibernate.cfg.beanvalidation.BeanValidationIntegrator].
17:59:17.786 [main] DEBUG org.hibernate.integrator.internal.IntegratorServiceImpl - Adding Integrator [org.hibernate.secure.spi.JaccIntegrator].
17:59:17.786 [main] DEBUG org.hibernate.integrator.internal.IntegratorServiceImpl - Adding Integrator [org.hibernate.cache.internal.CollectionCacheInvalidator].
17:59:17.787 [main] TRACE org.hibernate.boot.registry.selector.internal.StrategySelectorImpl - Registering named strategy selector [org.hibernate.dialect.Dialect] : [Cache71] -> [org.hibernate.dialect.Cache71Dialect]
17:59:17.787 [main] TRACE org.hibernate.boot.registry.selector.internal.StrategySelectorImpl - Registering named strategy selector [org.hibernate.dialect.Dialect] : [CUBRID] -> [org.hibernate.dialect.CUBRIDDialect]
17:59:17.787 [main] TRACE org.hibernate.boot.registry.selector.internal.StrategySelectorImpl - Registering named strategy selector [org.hibernate.dialect.Dialect] : [DB2] -> [org.hibernate.dialect.DB2Dialect]
17:59:17.787 [main] TRACE org.hibernate.boot.registry.selector.internal.StrategySelectorImpl - Registering named strategy selector [org.hibernate.dialect.Dialect] : [DB2390] -> [org.hibernate.dialect.DB2390Dialect]
17:59:17.787 [main] TRACE org.hibernate.boot.registry.selector.internal.StrategySelectorImpl - Registering named strategy selector [org.hibernate.dialect.Dialect] : [DB2390V8] -> [org.hibernate.dialect.DB2390V8Dialect]
17:59:17.787 [main] TRACE org.hibernate.boot.registry.selector.internal.StrategySelectorImpl - Registering named strategy selector [org.hibernate.dialect.Dialect] : [DB2400] -> [org.hibernate.dialect.DB2400Dialect]
17:59:17.787 [main] TRACE org.hibernate.boot.registry.selector.internal.StrategySelectorImpl - Registering named strategy selector [org.hibernate.dialect.Dialect] : [DerbyTenFive] -> [org.hibernate.dialect.DerbyTenFiveDialect]
17:59:17.787 [main] TRACE org.hibernate.boot.registry.selector.internal.StrategySelectorImpl - Registering named strategy selector [org.hibernate.dialect.Dialect] : [DerbyTenSix] -> [org.hibernate.dialect.DerbyTenSixDialect]
17:59:17.787 [main] TRACE org.hibernate.boot.registry.selector.internal.StrategySelectorImpl - Registering named strategy selector [org.hibernate.dialect.Dialect] : [DerbyTenSeven] -> [org.hibernate.dialect.DerbyTenSevenDialect]
17:59:17.787 [main] TRACE org.hibernate.boot.registry.selector.internal.StrategySelectorImpl - Registering named strategy selector [org.hibernate.dialect.Dialect] : [Firebird] -> [org.hibernate.dialect.FirebirdDialect]
17:59:17.787 [main] TRACE org.hibernate.boot.registry.selector.internal.StrategySelectorImpl - Registering named strategy selector [org.hibernate.dialect.Dialect] : [FrontBase] -> [org.hibernate.dialect.FrontBaseDialect]
17:59:17.787 [main] TRACE org.hibernate.boot.registry.selector.internal.StrategySelectorImpl - Registering named strategy selector [org.hibernate.dialect.Dialect] : [H2] -> [org.hibernate.dialect.H2Dialect]
17:59:17.787 [main] TRACE org.hibernate.boot.registry.selector.internal.StrategySelectorImpl - Registering named strategy selector [org.hibernate.dialect.Dialect] : [HANAColumnStore] -> [org.hibernate.dialect.HANAColumnStoreDialect]
17:59:17.787 [main] TRACE org.hibernate.boot.registry.selector.internal.StrategySelectorImpl - Registering named strategy selector [org.hibernate.dialect.Dialect] : [HANARowStore] -> [org.hibernate.dialect.HANARowStoreDialect]
17:59:17.787 [main] TRACE org.hibernate.boot.registry.selector.internal.StrategySelectorImpl - Registering named strategy selector [org.hibernate.dialect.Dialect] : [HSQL] -> [org.hibernate.dialect.HSQLDialect]
17:59:17.787 [main] TRACE org.hibernate.boot.registry.selector.internal.StrategySelectorImpl - Registering named strategy selector [org.hibernate.dialect.Dialect] : [Informix] -> [org.hibernate.dialect.InformixDialect]
17:59:17.787 [main] TRACE org.hibernate.boot.registry.selector.internal.StrategySelectorImpl - Registering named strategy selector [org.hibernate.dialect.Dialect] : [Ingres] -> [org.hibernate.dialect.IngresDialect]
17:59:17.787 [main] TRACE org.hibernate.boot.registry.selector.internal.StrategySelectorImpl - Registering named strategy selector [org.hibernate.dialect.Dialect] : [Ingres9] -> [org.hibernate.dialect.Ingres9Dialect]
17:59:17.787 [main] TRACE org.hibernate.boot.registry.selector.internal.StrategySelectorImpl - Registering named strategy selector [org.hibernate.dialect.Dialect] : [Ingres10] -> [org.hibernate.dialect.Ingres10Dialect]
17:59:17.787 [main] TRACE org.hibernate.boot.registry.selector.internal.StrategySelectorImpl - Registering named strategy selector [org.hibernate.dialect.Dialect] : [Interbase] -> [org.hibernate.dialect.InterbaseDialect]
17:59:17.787 [main] TRACE org.hibernate.boot.registry.selector.internal.StrategySelectorImpl - Registering named strategy selector [org.hibernate.dialect.Dialect] : [JDataStore] -> [org.hibernate.dialect.JDataStoreDialect]
17:59:17.787 [main] TRACE org.hibernate.boot.registry.selector.internal.StrategySelectorImpl - Registering named strategy selector [org.hibernate.dialect.Dialect] : [Mckoi] -> [org.hibernate.dialect.MckoiDialect]
17:59:17.787 [main] TRACE org.hibernate.boot.registry.selector.internal.StrategySelectorImpl - Registering named strategy selector [org.hibernate.dialect.Dialect] : [MimerSQL] -> [org.hibernate.dialect.MimerSQLDialect]
17:59:17.787 [main] TRACE org.hibernate.boot.registry.selector.internal.StrategySelectorImpl - Registering named strategy selector [org.hibernate.dialect.Dialect] : [MySQL5] -> [org.hibernate.dialect.MySQL5Dialect]
17:59:17.787 [main] TRACE org.hibernate.boot.registry.selector.internal.StrategySelectorImpl - Registering named strategy selector [org.hibernate.dialect.Dialect] : [MySQL5InnoDB] -> [org.hibernate.dialect.MySQL5InnoDBDialect]
17:59:17.787 [main] TRACE org.hibernate.boot.registry.selector.internal.StrategySelectorImpl - Registering named strategy selector [org.hibernate.dialect.Dialect] : [MySQL57InnoDB] -> [org.hibernate.dialect.MySQL57InnoDBDialect]
17:59:17.787 [main] TRACE org.hibernate.boot.registry.selector.internal.StrategySelectorImpl - Registering named strategy selector [org.hibernate.dialect.Dialect] : [MySQL57] -> [org.hibernate.dialect.MySQL57Dialect]
17:59:17.787 [main] TRACE org.hibernate.boot.registry.selector.internal.StrategySelectorImpl - Registering named strategy selector [org.hibernate.dialect.Dialect] : [Oracle8i] -> [org.hibernate.dialect.Oracle8iDialect]
17:59:17.787 [main] TRACE org.hibernate.boot.registry.selector.internal.StrategySelectorImpl - Registering named strategy selector [org.hibernate.dialect.Dialect] : [Oracle9i] -> [org.hibernate.dialect.Oracle9iDialect]
17:59:17.787 [main] TRACE org.hibernate.boot.registry.selector.internal.StrategySelectorImpl - Registering named strategy selector [org.hibernate.dialect.Dialect] : [Oracle10g] -> [org.hibernate.dialect.Oracle10gDialect]
17:59:17.787 [main] TRACE org.hibernate.boot.registry.selector.internal.StrategySelectorImpl - Registering named strategy selector [org.hibernate.dialect.Dialect] : [Pointbase] -> [org.hibernate.dialect.PointbaseDialect]
17:59:17.787 [main] TRACE org.hibernate.boot.registry.selector.internal.StrategySelectorImpl - Registering named strategy selector [org.hibernate.dialect.Dialect] : [PostgresPlus] -> [org.hibernate.dialect.PostgresPlusDialect]
17:59:17.787 [main] TRACE org.hibernate.boot.registry.selector.internal.StrategySelectorImpl - Registering named strategy selector [org.hibernate.dialect.Dialect] : [PostgreSQL81] -> [org.hibernate.dialect.PostgreSQL81Dialect]
17:59:17.787 [main] TRACE org.hibernate.boot.registry.selector.internal.StrategySelectorImpl - Registering named strategy selector [org.hibernate.dialect.Dialect] : [PostgreSQL82] -> [org.hibernate.dialect.PostgreSQL82Dialect]
17:59:17.788 [main] TRACE org.hibernate.boot.registry.selector.internal.StrategySelectorImpl - Registering named strategy selector [org.hibernate.dialect.Dialect] : [PostgreSQL9] -> [org.hibernate.dialect.PostgreSQL9Dialect]
17:59:17.788 [main] TRACE org.hibernate.boot.registry.selector.internal.StrategySelectorImpl - Registering named strategy selector [org.hibernate.dialect.Dialect] : [Progress] -> [org.hibernate.dialect.ProgressDialect]
17:59:17.788 [main] TRACE org.hibernate.boot.registry.selector.internal.StrategySelectorImpl - Registering named strategy selector [org.hibernate.dialect.Dialect] : [SAPDB] -> [org.hibernate.dialect.SAPDBDialect]
17:59:17.788 [main] TRACE org.hibernate.boot.registry.selector.internal.StrategySelectorImpl - Registering named strategy selector [org.hibernate.dialect.Dialect] : [SQLServer] -> [org.hibernate.dialect.SQLServerDialect]
17:59:17.788 [main] TRACE org.hibernate.boot.registry.selector.internal.StrategySelectorImpl - Registering named strategy selector [org.hibernate.dialect.Dialect] : [SQLServer2005] -> [org.hibernate.dialect.SQLServer2005Dialect]
17:59:17.788 [main] TRACE org.hibernate.boot.registry.selector.internal.StrategySelectorImpl - Registering named strategy selector [org.hibernate.dialect.Dialect] : [SQLServer2008] -> [org.hibernate.dialect.SQLServer2008Dialect]
17:59:17.788 [main] TRACE org.hibernate.boot.registry.selector.internal.StrategySelectorImpl - Registering named strategy selector [org.hibernate.dialect.Dialect] : [Sybase11] -> [org.hibernate.dialect.Sybase11Dialect]
17:59:17.788 [main] TRACE org.hibernate.boot.registry.selector.internal.StrategySelectorImpl - Registering named strategy selector [org.hibernate.dialect.Dialect] : [SybaseAnywhere] -> [org.hibernate.dialect.SybaseAnywhereDialect]
17:59:17.788 [main] TRACE org.hibernate.boot.registry.selector.internal.StrategySelectorImpl - Registering named strategy selector [org.hibernate.dialect.Dialect] : [SybaseASE15] -> [org.hibernate.dialect.SybaseASE15Dialect]
17:59:17.788 [main] TRACE org.hibernate.boot.registry.selector.internal.StrategySelectorImpl - Registering named strategy selector [org.hibernate.dialect.Dialect] : [SybaseASE157] -> [org.hibernate.dialect.SybaseASE157Dialect]
17:59:17.788 [main] TRACE org.hibernate.boot.registry.selector.internal.StrategySelectorImpl - Registering named strategy selector [org.hibernate.dialect.Dialect] : [Teradata] -> [org.hibernate.dialect.TeradataDialect]
17:59:17.788 [main] TRACE org.hibernate.boot.registry.selector.internal.StrategySelectorImpl - Registering named strategy selector [org.hibernate.dialect.Dialect] : [TimesTen] -> [org.hibernate.dialect.TimesTenDialect]
17:59:17.788 [main] TRACE org.hibernate.boot.registry.selector.internal.StrategySelectorImpl - Registering named strategy selector [org.hibernate.engine.transaction.jta.platform.spi.JtaPlatform] : [Borland] -> [org.hibernate.engine.transaction.jta.platform.internal.BorlandEnterpriseServerJtaPlatform]
17:59:17.788 [main] TRACE org.hibernate.boot.registry.selector.internal.StrategySelectorImpl - Registering named strategy selector [org.hibernate.engine.transaction.jta.platform.spi.JtaPlatform] : [org.hibernate.service.jta.platform.internal.BorlandEnterpriseServerJtaPlatform] -> [org.hibernate.engine.transaction.jta.platform.internal.BorlandEnterpriseServerJtaPlatform]
17:59:17.788 [main] TRACE org.hibernate.boot.registry.selector.internal.StrategySelectorImpl - Registering named strategy selector [org.hibernate.engine.transaction.jta.platform.spi.JtaPlatform] : [Bitronix] -> [org.hibernate.engine.transaction.jta.platform.internal.BitronixJtaPlatform]
17:59:17.788 [main] TRACE org.hibernate.boot.registry.selector.internal.StrategySelectorImpl - Registering named strategy selector [org.hibernate.engine.transaction.jta.platform.spi.JtaPlatform] : [org.hibernate.service.jta.platform.internal.BitronixJtaPlatform] -> [org.hibernate.engine.transaction.jta.platform.internal.BitronixJtaPlatform]
17:59:17.788 [main] TRACE org.hibernate.boot.registry.selector.internal.StrategySelectorImpl - Registering named strategy selector [org.hibernate.engine.transaction.jta.platform.spi.JtaPlatform] : [JBossAS] -> [org.hibernate.engine.transaction.jta.platform.internal.JBossAppServerJtaPlatform]
17:59:17.788 [main] TRACE org.hibernate.boot.registry.selector.internal.StrategySelectorImpl - Registering named strategy selector [org.hibernate.engine.transaction.jta.platform.spi.JtaPlatform] : [org.hibernate.service.jta.platform.internal.JBossAppServerJtaPlatform] -> [org.hibernate.engine.transaction.jta.platform.internal.JBossAppServerJtaPlatform]
17:59:17.788 [main] TRACE org.hibernate.boot.registry.selector.internal.StrategySelectorImpl - Registering named strategy selector [org.hibernate.engine.transaction.jta.platform.spi.JtaPlatform] : [JBossTS] -> [org.hibernate.engine.transaction.jta.platform.internal.JBossStandAloneJtaPlatform]
17:59:17.788 [main] TRACE org.hibernate.boot.registry.selector.internal.StrategySelectorImpl - Registering named strategy selector [org.hibernate.engine.transaction.jta.platform.spi.JtaPlatform] : [org.hibernate.service.jta.platform.internal.JBossStandAloneJtaPlatform] -> [org.hibernate.engine.transaction.jta.platform.internal.JBossStandAloneJtaPlatform]
17:59:17.788 [main] TRACE org.hibernate.boot.registry.selector.internal.StrategySelectorImpl - Registering named strategy selector [org.hibernate.engine.transaction.jta.platform.spi.JtaPlatform] : [JOnAS] -> [org.hibernate.engine.transaction.jta.platform.internal.JOnASJtaPlatform]
17:59:17.788 [main] TRACE org.hibernate.boot.registry.selector.internal.StrategySelectorImpl - Registering named strategy selector [org.hibernate.engine.transaction.jta.platform.spi.JtaPlatform] : [org.hibernate.service.jta.platform.internal.JOnASJtaPlatform] -> [org.hibernate.engine.transaction.jta.platform.internal.JOnASJtaPlatform]
17:59:17.788 [main] TRACE org.hibernate.boot.registry.selector.internal.StrategySelectorImpl - Registering named strategy selector [org.hibernate.engine.transaction.jta.platform.spi.JtaPlatform] : [JOTM] -> [org.hibernate.engine.transaction.jta.platform.internal.JOTMJtaPlatform]
17:59:17.788 [main] TRACE org.hibernate.boot.registry.selector.internal.StrategySelectorImpl - Registering named strategy selector [org.hibernate.engine.transaction.jta.platform.spi.JtaPlatform] : [org.hibernate.service.jta.platform.internal.JOTMJtaPlatform] -> [org.hibernate.engine.transaction.jta.platform.internal.JOTMJtaPlatform]
17:59:17.788 [main] TRACE org.hibernate.boot.registry.selector.internal.StrategySelectorImpl - Registering named strategy selector [org.hibernate.engine.transaction.jta.platform.spi.JtaPlatform] : [JRun4] -> [org.hibernate.engine.transaction.jta.platform.internal.JRun4JtaPlatform]
17:59:17.788 [main] TRACE org.hibernate.boot.registry.selector.internal.StrategySelectorImpl - Registering named strategy selector [org.hibernate.engine.transaction.jta.platform.spi.JtaPlatform] : [org.hibernate.service.jta.platform.internal.JRun4JtaPlatform] -> [org.hibernate.engine.transaction.jta.platform.internal.JRun4JtaPlatform]
17:59:17.788 [main] TRACE org.hibernate.boot.registry.selector.internal.StrategySelectorImpl - Registering named strategy selector [org.hibernate.engine.transaction.jta.platform.spi.JtaPlatform] : [OC4J] -> [org.hibernate.engine.transaction.jta.platform.internal.OC4JJtaPlatform]
17:59:17.788 [main] TRACE org.hibernate.boot.registry.selector.internal.StrategySelectorImpl - Registering named strategy selector [org.hibernate.engine.transaction.jta.platform.spi.JtaPlatform] : [org.hibernate.service.jta.platform.internal.OC4JJtaPlatform] -> [org.hibernate.engine.transaction.jta.platform.internal.OC4JJtaPlatform]
17:59:17.788 [main] TRACE org.hibernate.boot.registry.selector.internal.StrategySelectorImpl - Registering named strategy selector [org.hibernate.engine.transaction.jta.platform.spi.JtaPlatform] : [Orion] -> [org.hibernate.engine.transaction.jta.platform.internal.OrionJtaPlatform]
17:59:17.788 [main] TRACE org.hibernate.boot.registry.selector.internal.StrategySelectorImpl - Registering named strategy selector [org.hibernate.engine.transaction.jta.platform.spi.JtaPlatform] : [org.hibernate.service.jta.platform.internal.OrionJtaPlatform] -> [org.hibernate.engine.transaction.jta.platform.internal.OrionJtaPlatform]
17:59:17.788 [main] TRACE org.hibernate.boot.registry.selector.internal.StrategySelectorImpl - Registering named strategy selector [org.hibernate.engine.transaction.jta.platform.spi.JtaPlatform] : [Resin] -> [org.hibernate.engine.transaction.jta.platform.internal.ResinJtaPlatform]
17:59:17.788 [main] TRACE org.hibernate.boot.registry.selector.internal.StrategySelectorImpl - Registering named strategy selector [org.hibernate.engine.transaction.jta.platform.spi.JtaPlatform] : [org.hibernate.service.jta.platform.internal.ResinJtaPlatform] -> [org.hibernate.engine.transaction.jta.platform.internal.ResinJtaPlatform]
17:59:17.788 [main] TRACE org.hibernate.boot.registry.selector.internal.StrategySelectorImpl - Registering named strategy selector [org.hibernate.engine.transaction.jta.platform.spi.JtaPlatform] : [SapNetWeaver] -> [org.hibernate.engine.transaction.jta.platform.internal.SapNetWeaverJtaPlatform]
17:59:17.788 [main] TRACE org.hibernate.boot.registry.selector.internal.StrategySelectorImpl - Registering named strategy selector [org.hibernate.engine.transaction.jta.platform.spi.JtaPlatform] : [org.hibernate.service.jta.platform.internal.SapNetWeaverJtaPlatform] -> [org.hibernate.engine.transaction.jta.platform.internal.SapNetWeaverJtaPlatform]
17:59:17.788 [main] TRACE org.hibernate.boot.registry.selector.internal.StrategySelectorImpl - Registering named strategy selector [org.hibernate.engine.transaction.jta.platform.spi.JtaPlatform] : [SunOne] -> [org.hibernate.engine.transaction.jta.platform.internal.SunOneJtaPlatform]
17:59:17.788 [main] TRACE org.hibernate.boot.registry.selector.internal.StrategySelectorImpl - Registering named strategy selector [org.hibernate.engine.transaction.jta.platform.spi.JtaPlatform] : [org.hibernate.service.jta.platform.internal.SunOneJtaPlatform] -> [org.hibernate.engine.transaction.jta.platform.internal.SunOneJtaPlatform]
17:59:17.789 [main] TRACE org.hibernate.boot.registry.selector.internal.StrategySelectorImpl - Registering named strategy selector [org.hibernate.engine.transaction.jta.platform.spi.JtaPlatform] : [Weblogic] -> [org.hibernate.engine.transaction.jta.platform.internal.WeblogicJtaPlatform]
17:59:17.789 [main] TRACE org.hibernate.boot.registry.selector.internal.StrategySelectorImpl - Registering named strategy selector [org.hibernate.engine.transaction.jta.platform.spi.JtaPlatform] : [org.hibernate.service.jta.platform.internal.WeblogicJtaPlatform] -> [org.hibernate.engine.transaction.jta.platform.internal.WeblogicJtaPlatform]
17:59:17.789 [main] TRACE org.hibernate.boot.registry.selector.internal.StrategySelectorImpl - Registering named strategy selector [org.hibernate.engine.transaction.jta.platform.spi.JtaPlatform] : [WebSphereLiberty] -> [org.hibernate.engine.transaction.jta.platform.internal.WebSphereLibertyJtaPlatform]
17:59:17.789 [main] TRACE org.hibernate.boot.registry.selector.internal.StrategySelectorImpl - Registering named strategy selector [org.hibernate.engine.transaction.jta.platform.spi.JtaPlatform] : [org.hibernate.engine.transaction.jta.platform.internal.WebSphereLibertyJtaPlatform] -> [org.hibernate.engine.transaction.jta.platform.internal.WebSphereLibertyJtaPlatform]
17:59:17.789 [main] TRACE org.hibernate.boot.registry.selector.internal.StrategySelectorImpl - Registering named strategy selector [org.hibernate.engine.transaction.jta.platform.spi.JtaPlatform] : [WebSphere] -> [org.hibernate.engine.transaction.jta.platform.internal.WebSphereJtaPlatform]
17:59:17.789 [main] TRACE org.hibernate.boot.registry.selector.internal.StrategySelectorImpl - Registering named strategy selector [org.hibernate.engine.transaction.jta.platform.spi.JtaPlatform] : [org.hibernate.service.jta.platform.internal.WebSphereJtaPlatform] -> [org.hibernate.engine.transaction.jta.platform.internal.WebSphereJtaPlatform]
17:59:17.789 [main] TRACE org.hibernate.boot.registry.selector.internal.StrategySelectorImpl - Registering named strategy selector [org.hibernate.engine.transaction.jta.platform.spi.JtaPlatform] : [WebSphereExtended] -> [org.hibernate.engine.transaction.jta.platform.internal.WebSphereExtendedJtaPlatform]
17:59:17.789 [main] TRACE org.hibernate.boot.registry.selector.internal.StrategySelectorImpl - Registering named strategy selector [org.hibernate.engine.transaction.jta.platform.spi.JtaPlatform] : [org.hibernate.service.jta.platform.internal.WebSphereExtendedJtaPlatform] -> [org.hibernate.engine.transaction.jta.platform.internal.WebSphereExtendedJtaPlatform]
17:59:17.789 [main] TRACE org.hibernate.boot.registry.selector.internal.StrategySelectorImpl - Registering named strategy selector [org.hibernate.resource.transaction.spi.TransactionCoordinatorBuilder] : [jdbc] -> [org.hibernate.resource.transaction.backend.jdbc.internal.JdbcResourceLocalTransactionCoordinatorBuilderImpl]
17:59:17.789 [main] TRACE org.hibernate.boot.registry.selector.internal.StrategySelectorImpl - Registering named strategy selector [org.hibernate.resource.transaction.spi.TransactionCoordinatorBuilder] : [jta] -> [org.hibernate.resource.transaction.backend.jta.internal.JtaTransactionCoordinatorBuilderImpl]
17:59:17.789 [main] TRACE org.hibernate.boot.registry.selector.internal.StrategySelectorImpl - Registering named strategy selector [org.hibernate.resource.transaction.spi.TransactionCoordinatorBuilder] : [org.hibernate.transaction.JDBCTransactionFactory] -> [org.hibernate.resource.transaction.backend.jdbc.internal.JdbcResourceLocalTransactionCoordinatorBuilderImpl]
17:59:17.789 [main] TRACE org.hibernate.boot.registry.selector.internal.StrategySelectorImpl - Registering named strategy selector [org.hibernate.resource.transaction.spi.TransactionCoordinatorBuilder] : [org.hibernate.transaction.JTATransactionFactory] -> [org.hibernate.resource.transaction.backend.jta.internal.JtaTransactionCoordinatorBuilderImpl]
17:59:17.789 [main] TRACE org.hibernate.boot.registry.selector.internal.StrategySelectorImpl - Registering named strategy selector [org.hibernate.resource.transaction.spi.TransactionCoordinatorBuilder] : [org.hibernate.transaction.CMTTransactionFactory] -> [org.hibernate.resource.transaction.backend.jta.internal.JtaTransactionCoordinatorBuilderImpl]
17:59:17.789 [main] TRACE org.hibernate.boot.registry.selector.internal.StrategySelectorImpl - Registering named strategy selector [org.hibernate.hql.spi.id.MultiTableBulkIdStrategy] : [persistent] -> [org.hibernate.hql.spi.id.persistent.PersistentTableBulkIdStrategy]
17:59:17.789 [main] TRACE org.hibernate.boot.registry.selector.internal.StrategySelectorImpl - Registering named strategy selector [org.hibernate.hql.spi.id.MultiTableBulkIdStrategy] : [global_temporary] -> [org.hibernate.hql.spi.id.global.GlobalTemporaryTableBulkIdStrategy]
17:59:17.789 [main] TRACE org.hibernate.boot.registry.selector.internal.StrategySelectorImpl - Registering named strategy selector [org.hibernate.hql.spi.id.MultiTableBulkIdStrategy] : [local_temporary] -> [org.hibernate.hql.spi.id.local.LocalTemporaryTableBulkIdStrategy]
17:59:17.789 [main] TRACE org.hibernate.boot.registry.selector.internal.StrategySelectorImpl - Registering named strategy selector [org.hibernate.event.spi.EntityCopyObserver] : [disallow] -> [org.hibernate.event.internal.EntityCopyNotAllowedObserver]
17:59:17.789 [main] TRACE org.hibernate.boot.registry.selector.internal.StrategySelectorImpl - Registering named strategy selector [org.hibernate.event.spi.EntityCopyObserver] : [allow] -> [org.hibernate.event.internal.EntityCopyAllowedObserver]
17:59:17.789 [main] TRACE org.hibernate.boot.registry.selector.internal.StrategySelectorImpl - Registering named strategy selector [org.hibernate.event.spi.EntityCopyObserver] : [log] -> [org.hibernate.event.internal.EntityCopyAllowedLoggedObserver]
17:59:17.789 [main] TRACE org.hibernate.boot.registry.selector.internal.StrategySelectorImpl - Registering named strategy selector [org.hibernate.boot.model.naming.ImplicitNamingStrategy] : [default] -> [org.hibernate.boot.model.naming.ImplicitNamingStrategyJpaCompliantImpl]
17:59:17.789 [main] TRACE org.hibernate.boot.registry.selector.internal.StrategySelectorImpl - Registering named strategy selector [org.hibernate.boot.model.naming.ImplicitNamingStrategy] : [jpa] -> [org.hibernate.boot.model.naming.ImplicitNamingStrategyJpaCompliantImpl]
17:59:17.789 [main] TRACE org.hibernate.boot.registry.selector.internal.StrategySelectorImpl - Registering named strategy selector [org.hibernate.boot.model.naming.ImplicitNamingStrategy] : [legacy-jpa] -> [org.hibernate.boot.model.naming.ImplicitNamingStrategyLegacyJpaImpl]
17:59:17.789 [main] TRACE org.hibernate.boot.registry.selector.internal.StrategySelectorImpl - Registering named strategy selector [org.hibernate.boot.model.naming.ImplicitNamingStrategy] : [legacy-hbm] -> [org.hibernate.boot.model.naming.ImplicitNamingStrategyLegacyHbmImpl]
17:59:17.789 [main] TRACE org.hibernate.boot.registry.selector.internal.StrategySelectorImpl - Registering named strategy selector [org.hibernate.boot.model.naming.ImplicitNamingStrategy] : [component-path] -> [org.hibernate.boot.model.naming.ImplicitNamingStrategyComponentPathImpl]
17:59:17.789 [main] TRACE org.hibernate.boot.registry.selector.internal.StrategySelectorImpl - Registering named strategy selector [org.hibernate.cache.spi.CacheKeysFactory] : [default] -> [org.hibernate.cache.internal.DefaultCacheKeysFactory]
17:59:17.789 [main] TRACE org.hibernate.boot.registry.selector.internal.StrategySelectorImpl - Registering named strategy selector [org.hibernate.cache.spi.CacheKeysFactory] : [simple] -> [org.hibernate.cache.internal.SimpleCacheKeysFactory]
17:59:17.794 [main] TRACE org.springframework.core.io.support.PathMatchingResourcePatternResolver - Resolved classpath location [com/soft/entity/] to resources [URL [file:/home/mihail/programs/project_mvn/eShop/eShop_repo/eshop/target/test-classes/com/soft/entity/], URL [file:/home/mihail/programs/project_mvn/eShop/eShop_repo/eshop/target/classes/com/soft/entity/]]
17:59:17.794 [main] TRACE org.springframework.core.io.support.PathMatchingResourcePatternResolver - Looking for matching resources in directory tree [/home/mihail/programs/project_mvn/eShop/eShop_repo/eshop/target/test-classes/com/soft/entity]
17:59:17.794 [main] TRACE org.springframework.core.io.support.PathMatchingResourcePatternResolver - Searching directory [/home/mihail/programs/project_mvn/eShop/eShop_repo/eshop/target/test-classes/com/soft/entity] for files matching pattern [/home/mihail/programs/project_mvn/eShop/eShop_repo/eshop/target/test-classes/com/soft/entity/**/*.class]
17:59:17.795 [main] TRACE org.springframework.core.io.support.PathMatchingResourcePatternResolver - Looking for matching resources in directory tree [/home/mihail/programs/project_mvn/eShop/eShop_repo/eshop/target/classes/com/soft/entity]
17:59:17.795 [main] TRACE org.springframework.core.io.support.PathMatchingResourcePatternResolver - Searching directory [/home/mihail/programs/project_mvn/eShop/eShop_repo/eshop/target/classes/com/soft/entity] for files matching pattern [/home/mihail/programs/project_mvn/eShop/eShop_repo/eshop/target/classes/com/soft/entity/**/*.class]
17:59:17.796 [main] TRACE org.springframework.core.io.support.PathMatchingResourcePatternResolver - Resolved location pattern [classpath*:com/soft/entity/**/*.class] to resources [file [/home/mihail/programs/project_mvn/eShop/eShop_repo/eshop/target/test-classes/com/soft/entity/CategoryEntityTest.class], file [/home/mihail/programs/project_mvn/eShop/eShop_repo/eshop/target/test-classes/com/soft/entity/LocaleMessageEntityTest.class], file [/home/mihail/programs/project_mvn/eShop/eShop_repo/eshop/target/test-classes/com/soft/entity/ProducerEntityTest.class], file [/home/mihail/programs/project_mvn/eShop/eShop_repo/eshop/target/test-classes/com/soft/entity/ResistorEntityTest.class], file [/home/mihail/programs/project_mvn/eShop/eShop_repo/eshop/target/test-classes/com/soft/entity/TransistorEntityTest.class], file [/home/mihail/programs/project_mvn/eShop/eShop_repo/eshop/target/classes/com/soft/entity/BaseEntity.class], file [/home/mihail/programs/project_mvn/eShop/eShop_repo/eshop/target/classes/com/soft/entity/CategoryEntity.class], file [/home/mihail/programs/project_mvn/eShop/eShop_repo/eshop/target/classes/com/soft/entity/LocaleMessageEntity.class], file [/home/mihail/programs/project_mvn/eShop/eShop_repo/eshop/target/classes/com/soft/entity/PersonEntity.class], file [/home/mihail/programs/project_mvn/eShop/eShop_repo/eshop/target/classes/com/soft/entity/ProducerEntity.class], file [/home/mihail/programs/project_mvn/eShop/eShop_repo/eshop/target/classes/com/soft/entity/ResistorEntity.class], file [/home/mihail/programs/project_mvn/eShop/eShop_repo/eshop/target/classes/com/soft/entity/TransistorEntity.class]]
17:59:17.799 [main] DEBUG org.hibernate.cfg.Configuration - Building session factory using internal StandardServiceRegistryBuilder
17:59:17.799 [main] DEBUG org.hibernate.service.spi.ServiceBinding - Overriding existing service binding [org.hibernate.secure.spi.JaccService]
17:59:17.799 [main] DEBUG org.hibernate.cfg.Configuration - Building session factory using provided StandardServiceRegistry
17:59:17.799 [main] TRACE org.hibernate.service.internal.AbstractServiceRegistryImpl - Initializing service [role=org.hibernate.engine.config.spi.ConfigurationService]
17:59:17.799 [main] TRACE org.hibernate.service.internal.AbstractServiceRegistryImpl - Initializing service [role=org.hibernate.cache.spi.RegionFactory]
17:59:17.799 [main] DEBUG org.hibernate.cache.internal.StrategyCreatorRegionFactoryImpl - RegionFactory impl [org.hibernate.cache.jcache.JCacheRegionFactory] did not provide constructor accepting Properties
17:59:17.799 [main] DEBUG org.hibernate.cache.internal.StrategyCreatorRegionFactoryImpl - RegionFactory impl [org.hibernate.cache.jcache.JCacheRegionFactory] did not provide constructor accepting Properties
17:59:17.799 [main] DEBUG org.hibernate.cache.internal.RegionFactoryInitiator - Cache region factory : org.hibernate.cache.jcache.JCacheRegionFactory
17:59:17.800 [main] TRACE org.hibernate.service.internal.AbstractServiceRegistryImpl - Initializing service [role=org.hibernate.boot.cfgxml.spi.CfgXmlAccessService]
17:59:17.800 [main] DEBUG org.hibernate.type.BasicTypeRegistry - Adding type registration boolean -> org.hibernate.type.BooleanType@37fbe4a8
17:59:17.800 [main] DEBUG org.hibernate.type.BasicTypeRegistry - Adding type registration boolean -> org.hibernate.type.BooleanType@37fbe4a8
17:59:17.800 [main] DEBUG org.hibernate.type.BasicTypeRegistry - Adding type registration java.lang.Boolean -> org.hibernate.type.BooleanType@37fbe4a8
17:59:17.800 [main] DEBUG org.hibernate.type.BasicTypeRegistry - Adding type registration numeric_boolean -> org.hibernate.type.NumericBooleanType@10027fc9
17:59:17.800 [main] DEBUG org.hibernate.type.BasicTypeRegistry - Adding type registration true_false -> org.hibernate.type.TrueFalseType@5a021cb9
17:59:17.800 [main] DEBUG org.hibernate.type.BasicTypeRegistry - Adding type registration yes_no -> org.hibernate.type.YesNoType@b93aad
17:59:17.800 [main] DEBUG org.hibernate.type.BasicTypeRegistry - Adding type registration byte -> org.hibernate.type.ByteType@3a0807b7
17:59:17.800 [main] DEBUG org.hibernate.type.BasicTypeRegistry - Adding type registration byte -> org.hibernate.type.ByteType@3a0807b7
17:59:17.800 [main] DEBUG org.hibernate.type.BasicTypeRegistry - Adding type registration java.lang.Byte -> org.hibernate.type.ByteType@3a0807b7
17:59:17.800 [main] DEBUG org.hibernate.type.BasicTypeRegistry - Adding type registration character -> org.hibernate.type.CharacterType@287f94b1
17:59:17.800 [main] DEBUG org.hibernate.type.BasicTypeRegistry - Adding type registration char -> org.hibernate.type.CharacterType@287f94b1
17:59:17.800 [main] DEBUG org.hibernate.type.BasicTypeRegistry - Adding type registration java.lang.Character -> org.hibernate.type.CharacterType@287f94b1
17:59:17.800 [main] DEBUG org.hibernate.type.BasicTypeRegistry - Adding type registration short -> org.hibernate.type.ShortType@5149f008
17:59:17.800 [main] DEBUG org.hibernate.type.BasicTypeRegistry - Adding type registration short -> org.hibernate.type.ShortType@5149f008
17:59:17.800 [main] DEBUG org.hibernate.type.BasicTypeRegistry - Adding type registration java.lang.Short -> org.hibernate.type.ShortType@5149f008
17:59:17.800 [main] DEBUG org.hibernate.type.BasicTypeRegistry - Adding type registration integer -> org.hibernate.type.IntegerType@5707c1cb
17:59:17.800 [main] DEBUG org.hibernate.type.BasicTypeRegistry - Adding type registration int -> org.hibernate.type.IntegerType@5707c1cb
17:59:17.800 [main] DEBUG org.hibernate.type.BasicTypeRegistry - Adding type registration java.lang.Integer -> org.hibernate.type.IntegerType@5707c1cb
17:59:17.801 [main] DEBUG org.hibernate.type.BasicTypeRegistry - Adding type registration long -> org.hibernate.type.LongType@72efb5c1
17:59:17.801 [main] DEBUG org.hibernate.type.BasicTypeRegistry - Adding type registration long -> org.hibernate.type.LongType@72efb5c1
17:59:17.801 [main] DEBUG org.hibernate.type.BasicTypeRegistry - Adding type registration java.lang.Long -> org.hibernate.type.LongType@72efb5c1
17:59:17.801 [main] DEBUG org.hibernate.type.BasicTypeRegistry - Adding type registration float -> org.hibernate.type.FloatType@24be2d9c
17:59:17.801 [main] DEBUG org.hibernate.type.BasicTypeRegistry - Adding type registration float -> org.hibernate.type.FloatType@24be2d9c
17:59:17.801 [main] DEBUG org.hibernate.type.BasicTypeRegistry - Adding type registration java.lang.Float -> org.hibernate.type.FloatType@24be2d9c
17:59:17.801 [main] DEBUG org.hibernate.type.BasicTypeRegistry - Adding type registration double -> org.hibernate.type.DoubleType@702ed190
17:59:17.801 [main] DEBUG org.hibernate.type.BasicTypeRegistry - Adding type registration double -> org.hibernate.type.DoubleType@702ed190
17:59:17.801 [main] DEBUG org.hibernate.type.BasicTypeRegistry - Adding type registration java.lang.Double -> org.hibernate.type.DoubleType@702ed190
17:59:17.801 [main] DEBUG org.hibernate.type.BasicTypeRegistry - Adding type registration big_decimal -> org.hibernate.type.BigDecimalType@42a9a63e
17:59:17.801 [main] DEBUG org.hibernate.type.BasicTypeRegistry - Adding type registration java.math.BigDecimal -> org.hibernate.type.BigDecimalType@42a9a63e
17:59:17.801 [main] DEBUG org.hibernate.type.BasicTypeRegistry - Adding type registration big_integer -> org.hibernate.type.BigIntegerType@e3cee7b
17:59:17.801 [main] DEBUG org.hibernate.type.BasicTypeRegistry - Adding type registration java.math.BigInteger -> org.hibernate.type.BigIntegerType@e3cee7b
17:59:17.801 [main] DEBUG org.hibernate.type.BasicTypeRegistry - Adding type registration string -> org.hibernate.type.StringType@15bcf458
17:59:17.801 [main] DEBUG org.hibernate.type.BasicTypeRegistry - Adding type registration java.lang.String -> org.hibernate.type.StringType@15bcf458
17:59:17.801 [main] DEBUG org.hibernate.type.BasicTypeRegistry - Adding type registration nstring -> org.hibernate.type.StringNVarcharType@649f2009
17:59:17.801 [main] DEBUG org.hibernate.type.BasicTypeRegistry - Adding type registration ncharacter -> org.hibernate.type.CharacterNCharType@57f791c6
17:59:17.801 [main] DEBUG org.hibernate.type.BasicTypeRegistry - Adding type registration url -> org.hibernate.type.UrlType@499b2a5c
17:59:17.801 [main] DEBUG org.hibernate.type.BasicTypeRegistry - Adding type registration java.net.URL -> org.hibernate.type.UrlType@499b2a5c
17:59:17.801 [main] DEBUG org.hibernate.type.BasicTypeRegistry - Adding type registration Duration -> org.hibernate.type.DurationType@2db2cd5
17:59:17.801 [main] DEBUG org.hibernate.type.BasicTypeRegistry - Adding type registration java.time.Duration -> org.hibernate.type.DurationType@2db2cd5
17:59:17.801 [main] DEBUG org.hibernate.type.BasicTypeRegistry - Adding type registration Instant -> org.hibernate.type.InstantType@3aacf32a
17:59:17.801 [main] DEBUG org.hibernate.type.BasicTypeRegistry - Adding type registration java.time.Instant -> org.hibernate.type.InstantType@3aacf32a
17:59:17.801 [main] DEBUG org.hibernate.type.BasicTypeRegistry - Adding type registration LocalDateTime -> org.hibernate.type.LocalDateTimeType@345e5a17
17:59:17.801 [main] DEBUG org.hibernate.type.BasicTypeRegistry - Adding type registration java.time.LocalDateTime -> org.hibernate.type.LocalDateTimeType@345e5a17
17:59:17.801 [main] DEBUG org.hibernate.type.BasicTypeRegistry - Adding type registration LocalDate -> org.hibernate.type.LocalDateType@402f80f5
17:59:17.801 [main] DEBUG org.hibernate.type.BasicTypeRegistry - Adding type registration java.time.LocalDate -> org.hibernate.type.LocalDateType@402f80f5
17:59:17.801 [main] DEBUG org.hibernate.type.BasicTypeRegistry - Adding type registration LocalTime -> org.hibernate.type.LocalTimeType@210386e0
17:59:17.801 [main] DEBUG org.hibernate.type.BasicTypeRegistry - Adding type registration java.time.LocalTime -> org.hibernate.type.LocalTimeType@210386e0
17:59:17.801 [main] DEBUG org.hibernate.type.BasicTypeRegistry - Adding type registration OffsetDateTime -> org.hibernate.type.OffsetDateTimeType@38875e7d
17:59:17.801 [main] DEBUG org.hibernate.type.BasicTypeRegistry - Adding type registration java.time.OffsetDateTime -> org.hibernate.type.OffsetDateTimeType@38875e7d
17:59:17.801 [main] DEBUG org.hibernate.type.BasicTypeRegistry - Adding type registration OffsetTime -> org.hibernate.type.OffsetTimeType@31c269fd
17:59:17.801 [main] DEBUG org.hibernate.type.BasicTypeRegistry - Adding type registration java.time.OffsetTime -> org.hibernate.type.OffsetTimeType@31c269fd
17:59:17.801 [main] DEBUG org.hibernate.type.BasicTypeRegistry - Adding type registration ZonedDateTime -> org.hibernate.type.ZonedDateTimeType@cc62a3b
17:59:17.801 [main] DEBUG org.hibernate.type.BasicTypeRegistry - Adding type registration java.time.ZonedDateTime -> org.hibernate.type.ZonedDateTimeType@cc62a3b
17:59:17.801 [main] DEBUG org.hibernate.type.BasicTypeRegistry - Adding type registration date -> org.hibernate.type.DateType@51a06cbe
17:59:17.801 [main] DEBUG org.hibernate.type.BasicTypeRegistry - Adding type registration java.sql.Date -> org.hibernate.type.DateType@51a06cbe
17:59:17.801 [main] DEBUG org.hibernate.type.BasicTypeRegistry - Adding type registration time -> org.hibernate.type.TimeType@36ac8a63
17:59:17.801 [main] DEBUG org.hibernate.type.BasicTypeRegistry - Adding type registration java.sql.Time -> org.hibernate.type.TimeType@36ac8a63
17:59:17.801 [main] DEBUG org.hibernate.type.BasicTypeRegistry - Adding type registration timestamp -> org.hibernate.type.TimestampType@52d10fb8
17:59:17.801 [main] DEBUG org.hibernate.type.BasicTypeRegistry - Adding type registration java.sql.Timestamp -> org.hibernate.type.TimestampType@52d10fb8
17:59:17.802 [main] DEBUG org.hibernate.type.BasicTypeRegistry - Adding type registration java.util.Date -> org.hibernate.type.TimestampType@52d10fb8
17:59:17.802 [main] DEBUG org.hibernate.type.BasicTypeRegistry - Adding type registration dbtimestamp -> org.hibernate.type.DbTimestampType@781e7326
17:59:17.802 [main] DEBUG org.hibernate.type.BasicTypeRegistry - Adding type registration calendar -> org.hibernate.type.CalendarType@503d56b5
17:59:17.802 [main] DEBUG org.hibernate.type.BasicTypeRegistry - Adding type registration java.util.Calendar -> org.hibernate.type.CalendarType@503d56b5
17:59:17.802 [main] DEBUG org.hibernate.type.BasicTypeRegistry - Adding type registration java.util.GregorianCalendar -> org.hibernate.type.CalendarType@503d56b5
17:59:17.802 [main] DEBUG org.hibernate.type.BasicTypeRegistry - Adding type registration calendar_date -> org.hibernate.type.CalendarDateType@1fc793c2
17:59:17.802 [main] DEBUG org.hibernate.type.BasicTypeRegistry - Adding type registration locale -> org.hibernate.type.LocaleType@27f9e982
17:59:17.802 [main] DEBUG org.hibernate.type.BasicTypeRegistry - Adding type registration java.util.Locale -> org.hibernate.type.LocaleType@27f9e982
17:59:17.802 [main] DEBUG org.hibernate.type.BasicTypeRegistry - Adding type registration currency -> org.hibernate.type.CurrencyType@22db8f4
17:59:17.802 [main] DEBUG org.hibernate.type.BasicTypeRegistry - Adding type registration java.util.Currency -> org.hibernate.type.CurrencyType@22db8f4
17:59:17.802 [main] DEBUG org.hibernate.type.BasicTypeRegistry - Adding type registration timezone -> org.hibernate.type.TimeZoneType@5851bd4f
17:59:17.802 [main] DEBUG org.hibernate.type.BasicTypeRegistry - Adding type registration java.util.TimeZone -> org.hibernate.type.TimeZoneType@5851bd4f
17:59:17.802 [main] DEBUG org.hibernate.type.BasicTypeRegistry - Adding type registration class -> org.hibernate.type.ClassType@1804f60d
17:59:17.802 [main] DEBUG org.hibernate.type.BasicTypeRegistry - Adding type registration java.lang.Class -> org.hibernate.type.ClassType@1804f60d
17:59:17.802 [main] DEBUG org.hibernate.type.BasicTypeRegistry - Adding type registration uuid-binary -> org.hibernate.type.UUIDBinaryType@c8b96ec
17:59:17.802 [main] DEBUG org.hibernate.type.BasicTypeRegistry - Adding type registration java.util.UUID -> org.hibernate.type.UUIDBinaryType@c8b96ec
17:59:17.802 [main] DEBUG org.hibernate.type.BasicTypeRegistry - Adding type registration uuid-char -> org.hibernate.type.UUIDCharType@2024293c
17:59:17.802 [main] DEBUG org.hibernate.type.BasicTypeRegistry - Adding type registration binary -> org.hibernate.type.BinaryType@6e0ff644
17:59:17.802 [main] DEBUG org.hibernate.type.BasicTypeRegistry - Adding type registration byte[] -> org.hibernate.type.BinaryType@6e0ff644
17:59:17.802 [main] DEBUG org.hibernate.type.BasicTypeRegistry - Adding type registration [B -> org.hibernate.type.BinaryType@6e0ff644
17:59:17.802 [main] DEBUG org.hibernate.type.BasicTypeRegistry - Adding type registration wrapper-binary -> org.hibernate.type.WrapperBinaryType@733037
17:59:17.802 [main] DEBUG org.hibernate.type.BasicTypeRegistry - Adding type registration Byte[] -> org.hibernate.type.WrapperBinaryType@733037
17:59:17.802 [main] DEBUG org.hibernate.type.BasicTypeRegistry - Adding type registration [Ljava.lang.Byte; -> org.hibernate.type.WrapperBinaryType@733037
17:59:17.802 [main] DEBUG org.hibernate.type.BasicTypeRegistry - Adding type registration row_version -> org.hibernate.type.RowVersionType@28c0b664
17:59:17.802 [main] DEBUG org.hibernate.type.BasicTypeRegistry - Adding type registration image -> org.hibernate.type.ImageType@4d157787
17:59:17.802 [main] DEBUG org.hibernate.type.BasicTypeRegistry - Adding type registration characters -> org.hibernate.type.CharArrayType@50b8ae8d
17:59:17.802 [main] DEBUG org.hibernate.type.BasicTypeRegistry - Adding type registration char[] -> org.hibernate.type.CharArrayType@50b8ae8d
17:59:17.802 [main] DEBUG org.hibernate.type.BasicTypeRegistry - Adding type registration [C -> org.hibernate.type.CharArrayType@50b8ae8d
17:59:17.802 [main] DEBUG org.hibernate.type.BasicTypeRegistry - Adding type registration wrapper-characters -> org.hibernate.type.CharacterArrayType@40e4ea87
17:59:17.802 [main] DEBUG org.hibernate.type.BasicTypeRegistry - Adding type registration [Ljava.lang.Character; -> org.hibernate.type.CharacterArrayType@40e4ea87
17:59:17.802 [main] DEBUG org.hibernate.type.BasicTypeRegistry - Adding type registration Character[] -> org.hibernate.type.CharacterArrayType@40e4ea87
17:59:17.802 [main] DEBUG org.hibernate.type.BasicTypeRegistry - Adding type registration text -> org.hibernate.type.TextType@7bdf6bb7
17:59:17.802 [main] DEBUG org.hibernate.type.BasicTypeRegistry - Adding type registration ntext -> org.hibernate.type.NTextType@751e664e
17:59:17.802 [main] DEBUG org.hibernate.type.BasicTypeRegistry - Adding type registration blob -> org.hibernate.type.BlobType@2c22a348
17:59:17.802 [main] DEBUG org.hibernate.type.BasicTypeRegistry - Adding type registration java.sql.Blob -> org.hibernate.type.BlobType@2c22a348
17:59:17.802 [main] DEBUG org.hibernate.type.BasicTypeRegistry - Adding type registration materialized_blob -> org.hibernate.type.MaterializedBlobType@51b01960
17:59:17.802 [main] DEBUG org.hibernate.type.BasicTypeRegistry - Adding type registration clob -> org.hibernate.type.ClobType@619bd14c
17:59:17.802 [main] DEBUG org.hibernate.type.BasicTypeRegistry - Adding type registration java.sql.Clob -> org.hibernate.type.ClobType@619bd14c
17:59:17.802 [main] DEBUG org.hibernate.type.BasicTypeRegistry - Adding type registration nclob -> org.hibernate.type.NClobType@26d10f2e
17:59:17.802 [main] DEBUG org.hibernate.type.BasicTypeRegistry - Adding type registration java.sql.NClob -> org.hibernate.type.NClobType@26d10f2e
17:59:17.802 [main] DEBUG org.hibernate.type.BasicTypeRegistry - Adding type registration materialized_clob -> org.hibernate.type.MaterializedClobType@2c282004
17:59:17.802 [main] DEBUG org.hibernate.type.BasicTypeRegistry - Adding type registration materialized_nclob -> org.hibernate.type.MaterializedNClobType@3e792ce3
17:59:17.802 [main] DEBUG org.hibernate.type.BasicTypeRegistry - Adding type registration serializable -> org.hibernate.type.SerializableType@1968a49c
17:59:17.802 [main] DEBUG org.hibernate.type.BasicTypeRegistry - Adding type registration object -> org.hibernate.type.ObjectType@11963225
17:59:17.803 [main] DEBUG org.hibernate.type.BasicTypeRegistry - Adding type registration java.lang.Object -> org.hibernate.type.ObjectType@11963225
17:59:17.803 [main] DEBUG org.hibernate.type.BasicTypeRegistry - Adding type registration imm_date -> org.hibernate.type.AdaptedImmutableType@540a903b
17:59:17.803 [main] DEBUG org.hibernate.type.BasicTypeRegistry - Adding type registration imm_time -> org.hibernate.type.AdaptedImmutableType@58496dc
17:59:17.803 [main] DEBUG org.hibernate.type.BasicTypeRegistry - Adding type registration imm_timestamp -> org.hibernate.type.AdaptedImmutableType@151db587
17:59:17.803 [main] DEBUG org.hibernate.type.BasicTypeRegistry - Adding type registration imm_dbtimestamp -> org.hibernate.type.AdaptedImmutableType@238acd0b
17:59:17.803 [main] DEBUG org.hibernate.type.BasicTypeRegistry - Adding type registration imm_calendar -> org.hibernate.type.AdaptedImmutableType@23811a09
17:59:17.803 [main] DEBUG org.hibernate.type.BasicTypeRegistry - Adding type registration imm_calendar_date -> org.hibernate.type.AdaptedImmutableType@2125ad3
17:59:17.803 [main] DEBUG org.hibernate.type.BasicTypeRegistry - Adding type registration imm_binary -> org.hibernate.type.AdaptedImmutableType@7a5b769b
17:59:17.803 [main] DEBUG org.hibernate.type.BasicTypeRegistry - Adding type registration imm_serializable -> org.hibernate.type.AdaptedImmutableType@f4c0e4e
17:59:17.803 [main] TRACE org.hibernate.service.internal.AbstractServiceRegistryImpl - Initializing service [role=org.hibernate.engine.jdbc.spi.JdbcServices]
17:59:17.803 [main] TRACE org.hibernate.service.internal.AbstractServiceRegistryImpl - Initializing service [role=org.hibernate.engine.jdbc.env.spi.JdbcEnvironment]
17:59:17.803 [main] TRACE org.hibernate.service.internal.AbstractServiceRegistryImpl - Initializing service [role=org.hibernate.engine.jdbc.dialect.spi.DialectFactory]
17:59:17.803 [main] TRACE org.hibernate.service.internal.AbstractServiceRegistryImpl - Initializing service [role=org.hibernate.engine.jdbc.dialect.spi.DialectResolver]
17:59:17.803 [main] TRACE org.hibernate.service.internal.AbstractServiceRegistryImpl - Initializing service [role=org.hibernate.engine.jdbc.connections.spi.ConnectionProvider]
17:59:17.804 [main] TRACE org.hibernate.service.internal.AbstractServiceRegistryImpl - Initializing service [role=org.hibernate.engine.jndi.spi.JndiService]
17:59:17.807 [main] DEBUG org.hibernate.engine.jdbc.env.internal.JdbcEnvironmentInitiator - Database ->
       name : HSQL Database Engine
    version : 2.5.0
      major : 2
      minor : 5
17:59:17.807 [main] DEBUG org.hibernate.engine.jdbc.env.internal.JdbcEnvironmentInitiator - Driver ->
       name : HSQL Database Engine Driver
    version : 2.5.0
      major : 2
      minor : 5
17:59:17.807 [main] DEBUG org.hibernate.engine.jdbc.env.internal.JdbcEnvironmentInitiator - JDBC version : 4.2
17:59:17.807 [main] INFO  org.hibernate.dialect.Dialect - HHH000400: Using dialect: org.hibernate.dialect.MySQL5Dialect
17:59:17.811 [main] DEBUG org.hibernate.engine.jdbc.env.spi.IdentifierHelperBuilder - JDBC driver metadata reported database stores quoted identifiers in neither upper, lower nor mixed case
17:59:17.811 [main] TRACE org.hibernate.engine.jdbc.env.internal.NormalizingIdentifierHelperImpl - Normalizing identifier quoting [PUBLIC]
17:59:17.811 [main] TRACE org.hibernate.engine.jdbc.env.internal.NormalizingIdentifierHelperImpl - Normalizing identifier quoting [PUBLIC]
17:59:17.812 [main] TRACE org.hibernate.service.internal.AbstractServiceRegistryImpl - Initializing service [role=org.hibernate.id.factory.spi.MutableIdentifierGeneratorFactory]
17:59:17.813 [main] DEBUG org.hibernate.id.factory.internal.DefaultIdentifierGeneratorFactory - Registering IdentifierGenerator strategy [uuid2] -> [org.hibernate.id.UUIDGenerator]
17:59:17.813 [main] DEBUG org.hibernate.id.factory.internal.DefaultIdentifierGeneratorFactory - Registering IdentifierGenerator strategy [guid] -> [org.hibernate.id.GUIDGenerator]
17:59:17.813 [main] DEBUG org.hibernate.id.factory.internal.DefaultIdentifierGeneratorFactory - Registering IdentifierGenerator strategy [uuid] -> [org.hibernate.id.UUIDHexGenerator]
17:59:17.813 [main] DEBUG org.hibernate.id.factory.internal.DefaultIdentifierGeneratorFactory - Registering IdentifierGenerator strategy [uuid.hex] -> [org.hibernate.id.UUIDHexGenerator]
17:59:17.813 [main] DEBUG org.hibernate.id.factory.internal.DefaultIdentifierGeneratorFactory - Registering IdentifierGenerator strategy [assigned] -> [org.hibernate.id.Assigned]
17:59:17.813 [main] DEBUG org.hibernate.id.factory.internal.DefaultIdentifierGeneratorFactory - Registering IdentifierGenerator strategy [identity] -> [org.hibernate.id.IdentityGenerator]
17:59:17.813 [main] DEBUG org.hibernate.id.factory.internal.DefaultIdentifierGeneratorFactory - Registering IdentifierGenerator strategy [select] -> [org.hibernate.id.SelectGenerator]
17:59:17.813 [main] DEBUG org.hibernate.id.factory.internal.DefaultIdentifierGeneratorFactory - Registering IdentifierGenerator strategy [sequence] -> [org.hibernate.id.enhanced.SequenceStyleGenerator]
17:59:17.813 [main] DEBUG org.hibernate.id.factory.internal.DefaultIdentifierGeneratorFactory - Registering IdentifierGenerator strategy [seqhilo] -> [org.hibernate.id.SequenceHiLoGenerator]
17:59:17.813 [main] DEBUG org.hibernate.id.factory.internal.DefaultIdentifierGeneratorFactory - Registering IdentifierGenerator strategy [increment] -> [org.hibernate.id.IncrementGenerator]
17:59:17.813 [main] DEBUG org.hibernate.id.factory.internal.DefaultIdentifierGeneratorFactory - Registering IdentifierGenerator strategy [foreign] -> [org.hibernate.id.ForeignGenerator]
17:59:17.813 [main] DEBUG org.hibernate.id.factory.internal.DefaultIdentifierGeneratorFactory - Registering IdentifierGenerator strategy [sequence-identity] -> [org.hibernate.id.SequenceIdentityGenerator]
17:59:17.813 [main] DEBUG org.hibernate.id.factory.internal.DefaultIdentifierGeneratorFactory - Registering IdentifierGenerator strategy [enhanced-sequence] -> [org.hibernate.id.enhanced.SequenceStyleGenerator]
17:59:17.813 [main] DEBUG org.hibernate.id.factory.internal.DefaultIdentifierGeneratorFactory - Registering IdentifierGenerator strategy [enhanced-table] -> [org.hibernate.id.enhanced.TableGenerator]
17:59:17.813 [main] DEBUG org.hibernate.boot.model.relational.Namespace - Created database namespace [logicalName=Name{catalog=null, schema=null}, physicalName=Name{catalog=null, schema=null}]
17:59:17.813 [main] DEBUG org.hibernate.cfg.AnnotationBinder - Binding entity from annotated class: com.soft.entity.CategoryEntity
17:59:17.813 [main] TRACE org.hibernate.engine.jdbc.env.internal.NormalizingIdentifierHelperImpl - Normalizing identifier quoting [DTYPE]
17:59:17.813 [main] DEBUG org.hibernate.cfg.Ejb3Column - Binding column: Ejb3DiscriminatorColumn{logicalColumnName'DTYPE', discriminatorTypeName='string'}
17:59:17.813 [main] DEBUG org.hibernate.cfg.annotations.EntityBinder - Import with entity name CategoryEntity
17:59:17.813 [main] TRACE org.hibernate.boot.internal.InFlightMetadataCollectorImpl - Import: CategoryEntity -> com.soft.entity.CategoryEntity
17:59:17.814 [main] TRACE org.hibernate.boot.internal.InFlightMetadataCollectorImpl - Import: com.soft.entity.CategoryEntity -> com.soft.entity.CategoryEntity
17:59:17.814 [main] TRACE org.hibernate.engine.jdbc.env.internal.NormalizingIdentifierHelperImpl - Normalizing identifier quoting [category]
17:59:17.814 [main] TRACE org.hibernate.engine.jdbc.env.internal.NormalizingIdentifierHelperImpl - Normalizing identifier quoting [category]
17:59:17.814 [main] DEBUG org.hibernate.cfg.annotations.EntityBinder - Bind entity com.soft.entity.CategoryEntity on table category
17:59:17.814 [main] TRACE org.hibernate.cfg.AnnotationBinder - Processing annotations of com.soft.entity.CategoryEntity.id
17:59:17.814 [main] TRACE org.hibernate.engine.jdbc.env.internal.NormalizingIdentifierHelperImpl - Normalizing identifier quoting [category_id]
17:59:17.814 [main] TRACE org.hibernate.engine.jdbc.env.internal.NormalizingIdentifierHelperImpl - Normalizing identifier quoting [category_id]
17:59:17.814 [main] DEBUG org.hibernate.cfg.Ejb3Column - Binding column: Ejb3Column{table=org.hibernate.mapping.Table(category), mappingColumn=category_id, insertable=true, updatable=true, unique=false}
17:59:17.815 [main] DEBUG org.hibernate.cfg.annotations.PropertyBinder - MetadataSourceProcessor property id with lazy=false
17:59:17.815 [main] DEBUG org.hibernate.cfg.AbstractPropertyHolder - Attempting to locate auto-apply AttributeConverter for property [com.soft.entity.CategoryEntity:id]
17:59:17.815 [main] DEBUG org.hibernate.cfg.annotations.SimpleValueBinder - building SimpleValue for id
17:59:17.815 [main] TRACE org.hibernate.engine.jdbc.env.internal.NormalizingIdentifierHelperImpl - Normalizing identifier quoting [category_id]
17:59:17.815 [main] DEBUG org.hibernate.cfg.annotations.PropertyBinder - Building property id
17:59:17.815 [main] TRACE org.hibernate.cfg.annotations.PropertyBinder - Cascading id with null
17:59:17.815 [main] TRACE org.hibernate.cfg.AnnotationBinder - Add generic generator with name: increment
17:59:17.815 [main] TRACE org.hibernate.cfg.AnnotationBinder - Bind @Id on id
17:59:17.815 [main] TRACE org.hibernate.cfg.AnnotationBinder - Processing annotations of com.soft.entity.CategoryEntity.entityName
17:59:17.815 [main] TRACE org.hibernate.engine.jdbc.env.internal.NormalizingIdentifierHelperImpl - Normalizing identifier quoting [entity_name]
17:59:17.815 [main] TRACE org.hibernate.engine.jdbc.env.internal.NormalizingIdentifierHelperImpl - Normalizing identifier quoting [entity_name]
17:59:17.815 [main] DEBUG org.hibernate.cfg.Ejb3Column - Binding column: Ejb3Column{table=org.hibernate.mapping.Table(category), mappingColumn=entity_name, insertable=true, updatable=true, unique=false}
17:59:17.815 [main] DEBUG org.hibernate.cfg.annotations.PropertyBinder - MetadataSourceProcessor property entityName with lazy=false
17:59:17.815 [main] DEBUG org.hibernate.cfg.AbstractPropertyHolder - Attempting to locate auto-apply AttributeConverter for property [com.soft.entity.CategoryEntity:entityName]
17:59:17.815 [main] DEBUG org.hibernate.cfg.annotations.SimpleValueBinder - building SimpleValue for entityName
17:59:17.815 [main] TRACE org.hibernate.engine.jdbc.env.internal.NormalizingIdentifierHelperImpl - Normalizing identifier quoting [entity_name]
17:59:17.815 [main] DEBUG org.hibernate.cfg.annotations.PropertyBinder - Building property entityName
17:59:17.816 [main] TRACE org.hibernate.cfg.annotations.PropertyBinder - Cascading entityName with null
17:59:17.816 [main] TRACE org.hibernate.cfg.AnnotationBinder - Processing annotations of com.soft.entity.CategoryEntity.name
17:59:17.816 [main] TRACE org.hibernate.engine.jdbc.env.internal.NormalizingIdentifierHelperImpl - Normalizing identifier quoting [name]
17:59:17.816 [main] TRACE org.hibernate.engine.jdbc.env.internal.NormalizingIdentifierHelperImpl - Normalizing identifier quoting [name]
17:59:17.816 [main] DEBUG org.hibernate.cfg.Ejb3Column - Binding column: Ejb3Column{table=org.hibernate.mapping.Table(category), mappingColumn=name, insertable=true, updatable=true, unique=false}
17:59:17.816 [main] DEBUG org.hibernate.cfg.annotations.PropertyBinder - MetadataSourceProcessor property name with lazy=false
17:59:17.816 [main] DEBUG org.hibernate.cfg.AbstractPropertyHolder - Attempting to locate auto-apply AttributeConverter for property [com.soft.entity.CategoryEntity:name]
17:59:17.816 [main] DEBUG org.hibernate.cfg.annotations.SimpleValueBinder - building SimpleValue for name
17:59:17.816 [main] TRACE org.hibernate.engine.jdbc.env.internal.NormalizingIdentifierHelperImpl - Normalizing identifier quoting [name]
17:59:17.816 [main] DEBUG org.hibernate.cfg.annotations.PropertyBinder - Building property name
17:59:17.816 [main] TRACE org.hibernate.cfg.annotations.PropertyBinder - Cascading name with null
17:59:17.816 [main] TRACE org.hibernate.cfg.AnnotationBinder - Processing annotations of com.soft.entity.CategoryEntity.photo
17:59:17.816 [main] TRACE org.hibernate.engine.jdbc.env.internal.NormalizingIdentifierHelperImpl - Normalizing identifier quoting [photo]
17:59:17.816 [main] TRACE org.hibernate.engine.jdbc.env.internal.NormalizingIdentifierHelperImpl - Normalizing identifier quoting [photo]
17:59:17.816 [main] DEBUG org.hibernate.cfg.Ejb3Column - Binding column: Ejb3Column{table=org.hibernate.mapping.Table(category), mappingColumn=photo, insertable=true, updatable=true, unique=false}
17:59:17.816 [main] DEBUG org.hibernate.cfg.annotations.PropertyBinder - MetadataSourceProcessor property photo with lazy=false
17:59:17.816 [main] DEBUG org.hibernate.cfg.AbstractPropertyHolder - Attempting to locate auto-apply AttributeConverter for property [com.soft.entity.CategoryEntity:photo]
17:59:17.816 [main] DEBUG org.hibernate.cfg.annotations.SimpleValueBinder - building SimpleValue for photo
17:59:17.816 [main] TRACE org.hibernate.engine.jdbc.env.internal.NormalizingIdentifierHelperImpl - Normalizing identifier quoting [photo]
17:59:17.816 [main] DEBUG org.hibernate.cfg.annotations.PropertyBinder - Building property photo
17:59:17.816 [main] TRACE org.hibernate.cfg.annotations.PropertyBinder - Cascading photo with null
17:59:17.816 [main] DEBUG org.hibernate.cfg.AnnotationBinder - Binding entity from annotated class: com.soft.entity.LocaleMessageEntity
17:59:17.816 [main] TRACE org.hibernate.engine.jdbc.env.internal.NormalizingIdentifierHelperImpl - Normalizing identifier quoting [DTYPE]
17:59:17.816 [main] DEBUG org.hibernate.cfg.Ejb3Column - Binding column: Ejb3DiscriminatorColumn{logicalColumnName'DTYPE', discriminatorTypeName='string'}
17:59:17.816 [main] DEBUG org.hibernate.cfg.annotations.EntityBinder - Import with entity name LocaleMessageEntity
17:59:17.816 [main] TRACE org.hibernate.boot.internal.InFlightMetadataCollectorImpl - Import: LocaleMessageEntity -> com.soft.entity.LocaleMessageEntity
17:59:17.816 [main] TRACE org.hibernate.boot.internal.InFlightMetadataCollectorImpl - Import: com.soft.entity.LocaleMessageEntity -> com.soft.entity.LocaleMessageEntity
17:59:17.817 [main] TRACE org.hibernate.engine.jdbc.env.internal.NormalizingIdentifierHelperImpl - Normalizing identifier quoting [locale]
17:59:17.817 [main] TRACE org.hibernate.engine.jdbc.env.internal.NormalizingIdentifierHelperImpl - Normalizing identifier quoting [locale]
17:59:17.817 [main] DEBUG org.hibernate.cfg.annotations.EntityBinder - Bind entity com.soft.entity.LocaleMessageEntity on table locale
17:59:17.817 [main] TRACE org.hibernate.cfg.AnnotationBinder - Processing annotations of com.soft.entity.LocaleMessageEntity.id
17:59:17.817 [main] TRACE org.hibernate.engine.jdbc.env.internal.NormalizingIdentifierHelperImpl - Normalizing identifier quoting [ID]
17:59:17.817 [main] TRACE org.hibernate.engine.jdbc.env.internal.NormalizingIdentifierHelperImpl - Normalizing identifier quoting [ID]
17:59:17.817 [main] DEBUG org.hibernate.cfg.Ejb3Column - Binding column: Ejb3Column{table=org.hibernate.mapping.Table(locale), mappingColumn=ID, insertable=true, updatable=true, unique=false}
17:59:17.817 [main] DEBUG org.hibernate.cfg.annotations.PropertyBinder - MetadataSourceProcessor property id with lazy=false
17:59:17.817 [main] DEBUG org.hibernate.cfg.AbstractPropertyHolder - Attempting to locate auto-apply AttributeConverter for property [com.soft.entity.LocaleMessageEntity:id]
17:59:17.817 [main] DEBUG org.hibernate.cfg.annotations.SimpleValueBinder - building SimpleValue for id
17:59:17.817 [main] TRACE org.hibernate.engine.jdbc.env.internal.NormalizingIdentifierHelperImpl - Normalizing identifier quoting [ID]
17:59:17.817 [main] DEBUG org.hibernate.cfg.annotations.PropertyBinder - Building property id
17:59:17.817 [main] TRACE org.hibernate.cfg.annotations.PropertyBinder - Cascading id with null
17:59:17.817 [main] TRACE org.hibernate.cfg.AnnotationBinder - Add generic generator with name: increment
17:59:17.817 [main] TRACE org.hibernate.cfg.AnnotationBinder - Bind @Id on id
17:59:17.817 [main] TRACE org.hibernate.cfg.AnnotationBinder - Processing annotations of com.soft.entity.LocaleMessageEntity.locale
17:59:17.817 [main] TRACE org.hibernate.engine.jdbc.env.internal.NormalizingIdentifierHelperImpl - Normalizing identifier quoting [locale]
17:59:17.818 [main] TRACE org.hibernate.engine.jdbc.env.internal.NormalizingIdentifierHelperImpl - Normalizing identifier quoting [locale]
17:59:17.818 [main] DEBUG org.hibernate.cfg.Ejb3Column - Binding column: Ejb3Column{table=org.hibernate.mapping.Table(locale), mappingColumn=locale, insertable=true, updatable=true, unique=false}
17:59:17.818 [main] DEBUG org.hibernate.cfg.annotations.PropertyBinder - MetadataSourceProcessor property locale with lazy=false
17:59:17.818 [main] DEBUG org.hibernate.cfg.AbstractPropertyHolder - Attempting to locate auto-apply AttributeConverter for property [com.soft.entity.LocaleMessageEntity:locale]
17:59:17.818 [main] DEBUG org.hibernate.cfg.annotations.SimpleValueBinder - building SimpleValue for locale
17:59:17.818 [main] TRACE org.hibernate.engine.jdbc.env.internal.NormalizingIdentifierHelperImpl - Normalizing identifier quoting [locale]
17:59:17.818 [main] DEBUG org.hibernate.cfg.annotations.PropertyBinder - Building property locale
17:59:17.818 [main] TRACE org.hibernate.cfg.annotations.PropertyBinder - Cascading locale with null
17:59:17.818 [main] TRACE org.hibernate.cfg.AnnotationBinder - Processing annotations of com.soft.entity.LocaleMessageEntity.message
17:59:17.818 [main] TRACE org.hibernate.engine.jdbc.env.internal.NormalizingIdentifierHelperImpl - Normalizing identifier quoting [message]
17:59:17.818 [main] TRACE org.hibernate.engine.jdbc.env.internal.NormalizingIdentifierHelperImpl - Normalizing identifier quoting [message]
17:59:17.818 [main] DEBUG org.hibernate.cfg.Ejb3Column - Binding column: Ejb3Column{table=org.hibernate.mapping.Table(locale), mappingColumn=message, insertable=true, updatable=true, unique=false}
17:59:17.818 [main] DEBUG org.hibernate.cfg.annotations.PropertyBinder - MetadataSourceProcessor property message with lazy=false
17:59:17.818 [main] DEBUG org.hibernate.cfg.AbstractPropertyHolder - Attempting to locate auto-apply AttributeConverter for property [com.soft.entity.LocaleMessageEntity:message]
17:59:17.818 [main] DEBUG org.hibernate.cfg.annotations.SimpleValueBinder - building SimpleValue for message
17:59:17.818 [main] TRACE org.hibernate.engine.jdbc.env.internal.NormalizingIdentifierHelperImpl - Normalizing identifier quoting [message]
17:59:17.818 [main] DEBUG org.hibernate.cfg.annotations.PropertyBinder - Building property message
17:59:17.818 [main] TRACE org.hibernate.cfg.annotations.PropertyBinder - Cascading message with null
17:59:17.818 [main] TRACE org.hibernate.cfg.AnnotationBinder - Processing annotations of com.soft.entity.LocaleMessageEntity.msgKey
17:59:17.818 [main] TRACE org.hibernate.engine.jdbc.env.internal.NormalizingIdentifierHelperImpl - Normalizing identifier quoting [msgkey]
17:59:17.818 [main] TRACE org.hibernate.engine.jdbc.env.internal.NormalizingIdentifierHelperImpl - Normalizing identifier quoting [msgkey]
17:59:17.818 [main] DEBUG org.hibernate.cfg.Ejb3Column - Binding column: Ejb3Column{table=org.hibernate.mapping.Table(locale), mappingColumn=msgkey, insertable=true, updatable=true, unique=false}
17:59:17.818 [main] DEBUG org.hibernate.cfg.annotations.PropertyBinder - MetadataSourceProcessor property msgKey with lazy=false
17:59:17.818 [main] DEBUG org.hibernate.cfg.AbstractPropertyHolder - Attempting to locate auto-apply AttributeConverter for property [com.soft.entity.LocaleMessageEntity:msgKey]
17:59:17.818 [main] DEBUG org.hibernate.cfg.annotations.SimpleValueBinder - building SimpleValue for msgKey
17:59:17.818 [main] TRACE org.hibernate.engine.jdbc.env.internal.NormalizingIdentifierHelperImpl - Normalizing identifier quoting [msgkey]
17:59:17.818 [main] DEBUG org.hibernate.cfg.annotations.PropertyBinder - Building property msgKey
17:59:17.818 [main] TRACE org.hibernate.cfg.annotations.PropertyBinder - Cascading msgKey with null
17:59:17.819 [main] DEBUG org.hibernate.cfg.AnnotationBinder - Binding entity from annotated class: com.soft.entity.PersonEntity
17:59:17.819 [main] TRACE org.hibernate.engine.jdbc.env.internal.NormalizingIdentifierHelperImpl - Normalizing identifier quoting [DTYPE]
17:59:17.819 [main] DEBUG org.hibernate.cfg.Ejb3Column - Binding column: Ejb3DiscriminatorColumn{logicalColumnName'DTYPE', discriminatorTypeName='string'}
17:59:17.819 [main] DEBUG org.hibernate.cfg.annotations.EntityBinder - Import with entity name PersonEntity
17:59:17.819 [main] TRACE org.hibernate.boot.internal.InFlightMetadataCollectorImpl - Import: PersonEntity -> com.soft.entity.PersonEntity
17:59:17.819 [main] TRACE org.hibernate.boot.internal.InFlightMetadataCollectorImpl - Import: com.soft.entity.PersonEntity -> com.soft.entity.PersonEntity
17:59:17.819 [main] TRACE org.hibernate.engine.jdbc.env.internal.NormalizingIdentifierHelperImpl - Normalizing identifier quoting [PERSON]
17:59:17.819 [main] TRACE org.hibernate.engine.jdbc.env.internal.NormalizingIdentifierHelperImpl - Normalizing identifier quoting [PERSON]
17:59:17.819 [main] DEBUG org.hibernate.cfg.annotations.EntityBinder - Bind entity com.soft.entity.PersonEntity on table PERSON
17:59:17.819 [main] TRACE org.hibernate.cfg.AnnotationBinder - Processing annotations of com.soft.entity.PersonEntity.id
17:59:17.820 [main] TRACE org.hibernate.engine.jdbc.env.internal.NormalizingIdentifierHelperImpl - Normalizing identifier quoting [ID]
17:59:17.820 [main] TRACE org.hibernate.engine.jdbc.env.internal.NormalizingIdentifierHelperImpl - Normalizing identifier quoting [ID]
17:59:17.820 [main] DEBUG org.hibernate.cfg.Ejb3Column - Binding column: Ejb3Column{table=org.hibernate.mapping.Table(PERSON), mappingColumn=ID, insertable=true, updatable=true, unique=false}
17:59:17.820 [main] DEBUG org.hibernate.cfg.annotations.PropertyBinder - MetadataSourceProcessor property id with lazy=false
17:59:17.820 [main] DEBUG org.hibernate.cfg.AbstractPropertyHolder - Attempting to locate auto-apply AttributeConverter for property [com.soft.entity.PersonEntity:id]
17:59:17.820 [main] DEBUG org.hibernate.cfg.annotations.SimpleValueBinder - building SimpleValue for id
17:59:17.820 [main] TRACE org.hibernate.engine.jdbc.env.internal.NormalizingIdentifierHelperImpl - Normalizing identifier quoting [ID]
17:59:17.820 [main] DEBUG org.hibernate.cfg.annotations.PropertyBinder - Building property id
17:59:17.820 [main] TRACE org.hibernate.cfg.annotations.PropertyBinder - Cascading id with null
17:59:17.820 [main] TRACE org.hibernate.cfg.AnnotationBinder - Add generic generator with name: increment
17:59:17.820 [main] TRACE org.hibernate.cfg.AnnotationBinder - Bind @Id on id
17:59:17.820 [main] TRACE org.hibernate.cfg.AnnotationBinder - Processing annotations of com.soft.entity.PersonEntity.name
17:59:17.820 [main] TRACE org.hibernate.engine.jdbc.env.internal.NormalizingIdentifierHelperImpl - Normalizing identifier quoting [NAME]
17:59:17.820 [main] TRACE org.hibernate.engine.jdbc.env.internal.NormalizingIdentifierHelperImpl - Normalizing identifier quoting [NAME]
17:59:17.820 [main] DEBUG org.hibernate.cfg.Ejb3Column - Binding column: Ejb3Column{table=org.hibernate.mapping.Table(PERSON), mappingColumn=NAME, insertable=true, updatable=true, unique=false}
17:59:17.820 [main] DEBUG org.hibernate.cfg.annotations.PropertyBinder - MetadataSourceProcessor property name with lazy=false
17:59:17.820 [main] DEBUG org.hibernate.cfg.AbstractPropertyHolder - Attempting to locate auto-apply AttributeConverter for property [com.soft.entity.PersonEntity:name]
17:59:17.820 [main] DEBUG org.hibernate.cfg.annotations.SimpleValueBinder - building SimpleValue for name
17:59:17.820 [main] TRACE org.hibernate.engine.jdbc.env.internal.NormalizingIdentifierHelperImpl - Normalizing identifier quoting [NAME]
17:59:17.820 [main] DEBUG org.hibernate.cfg.annotations.PropertyBinder - Building property name
17:59:17.820 [main] TRACE org.hibernate.cfg.annotations.PropertyBinder - Cascading name with null
17:59:17.820 [main] DEBUG org.hibernate.cfg.AnnotationBinder - Binding entity from annotated class: com.soft.entity.ProducerEntity
17:59:17.820 [main] TRACE org.hibernate.engine.jdbc.env.internal.NormalizingIdentifierHelperImpl - Normalizing identifier quoting [DTYPE]
17:59:17.820 [main] DEBUG org.hibernate.cfg.Ejb3Column - Binding column: Ejb3DiscriminatorColumn{logicalColumnName'DTYPE', discriminatorTypeName='string'}
17:59:17.821 [main] DEBUG org.hibernate.cfg.annotations.EntityBinder - Import with entity name ProducerEntity
17:59:17.821 [main] TRACE org.hibernate.boot.internal.InFlightMetadataCollectorImpl - Import: ProducerEntity -> com.soft.entity.ProducerEntity
17:59:17.821 [main] TRACE org.hibernate.boot.internal.InFlightMetadataCollectorImpl - Import: com.soft.entity.ProducerEntity -> com.soft.entity.ProducerEntity
17:59:17.821 [main] TRACE org.hibernate.engine.jdbc.env.internal.NormalizingIdentifierHelperImpl - Normalizing identifier quoting [producer]
17:59:17.821 [main] TRACE org.hibernate.engine.jdbc.env.internal.NormalizingIdentifierHelperImpl - Normalizing identifier quoting [producer]
17:59:17.821 [main] DEBUG org.hibernate.cfg.annotations.EntityBinder - Bind entity com.soft.entity.ProducerEntity on table producer
17:59:17.821 [main] TRACE org.hibernate.cfg.AnnotationBinder - Processing annotations of com.soft.entity.ProducerEntity.id
17:59:17.821 [main] TRACE org.hibernate.engine.jdbc.env.internal.NormalizingIdentifierHelperImpl - Normalizing identifier quoting [producer_id]
17:59:17.821 [main] TRACE org.hibernate.engine.jdbc.env.internal.NormalizingIdentifierHelperImpl - Normalizing identifier quoting [producer_id]
17:59:17.821 [main] DEBUG org.hibernate.cfg.Ejb3Column - Binding column: Ejb3Column{table=org.hibernate.mapping.Table(producer), mappingColumn=producer_id, insertable=true, updatable=true, unique=false}
17:59:17.821 [main] DEBUG org.hibernate.cfg.annotations.PropertyBinder - MetadataSourceProcessor property id with lazy=false
17:59:17.821 [main] DEBUG org.hibernate.cfg.AbstractPropertyHolder - Attempting to locate auto-apply AttributeConverter for property [com.soft.entity.ProducerEntity:id]
17:59:17.822 [main] DEBUG org.hibernate.cfg.annotations.SimpleValueBinder - building SimpleValue for id
17:59:17.822 [main] TRACE org.hibernate.engine.jdbc.env.internal.NormalizingIdentifierHelperImpl - Normalizing identifier quoting [producer_id]
17:59:17.822 [main] DEBUG org.hibernate.cfg.annotations.PropertyBinder - Building property id
17:59:17.822 [main] TRACE org.hibernate.cfg.annotations.PropertyBinder - Cascading id with null
17:59:17.822 [main] TRACE org.hibernate.cfg.AnnotationBinder - Add generic generator with name: increment
17:59:17.822 [main] TRACE org.hibernate.cfg.AnnotationBinder - Bind @Id on id
17:59:17.822 [main] TRACE org.hibernate.cfg.AnnotationBinder - Processing annotations of com.soft.entity.ProducerEntity.producerCategory
17:59:17.822 [main] TRACE org.hibernate.engine.jdbc.env.internal.NormalizingIdentifierHelperImpl - Normalizing identifier quoting [producer_category]
17:59:17.822 [main] TRACE org.hibernate.engine.jdbc.env.internal.NormalizingIdentifierHelperImpl - Normalizing identifier quoting [producer_category]
17:59:17.822 [main] DEBUG org.hibernate.cfg.Ejb3Column - Binding column: Ejb3Column{table=org.hibernate.mapping.Table(producer), mappingColumn=producer_category, insertable=true, updatable=true, unique=false}
17:59:17.822 [main] DEBUG org.hibernate.cfg.annotations.PropertyBinder - MetadataSourceProcessor property producerCategory with lazy=false
17:59:17.822 [main] DEBUG org.hibernate.cfg.AbstractPropertyHolder - Attempting to locate auto-apply AttributeConverter for property [com.soft.entity.ProducerEntity:producerCategory]
17:59:17.822 [main] DEBUG org.hibernate.cfg.annotations.SimpleValueBinder - building SimpleValue for producerCategory
17:59:17.822 [main] TRACE org.hibernate.engine.jdbc.env.internal.NormalizingIdentifierHelperImpl - Normalizing identifier quoting [producer_category]
17:59:17.822 [main] DEBUG org.hibernate.cfg.annotations.PropertyBinder - Building property producerCategory
17:59:17.822 [main] TRACE org.hibernate.cfg.annotations.PropertyBinder - Cascading producerCategory with null
17:59:17.822 [main] TRACE org.hibernate.cfg.AnnotationBinder - Processing annotations of com.soft.entity.ProducerEntity.producerName
17:59:17.822 [main] TRACE org.hibernate.engine.jdbc.env.internal.NormalizingIdentifierHelperImpl - Normalizing identifier quoting [producer_name]
17:59:17.822 [main] TRACE org.hibernate.engine.jdbc.env.internal.NormalizingIdentifierHelperImpl - Normalizing identifier quoting [producer_name]
17:59:17.822 [main] DEBUG org.hibernate.cfg.Ejb3Column - Binding column: Ejb3Column{table=org.hibernate.mapping.Table(producer), mappingColumn=producer_name, insertable=true, updatable=true, unique=false}
17:59:17.822 [main] DEBUG org.hibernate.cfg.annotations.PropertyBinder - MetadataSourceProcessor property producerName with lazy=false
17:59:17.822 [main] DEBUG org.hibernate.cfg.AbstractPropertyHolder - Attempting to locate auto-apply AttributeConverter for property [com.soft.entity.ProducerEntity:producerName]
17:59:17.822 [main] DEBUG org.hibernate.cfg.annotations.SimpleValueBinder - building SimpleValue for producerName
17:59:17.822 [main] TRACE org.hibernate.engine.jdbc.env.internal.NormalizingIdentifierHelperImpl - Normalizing identifier quoting [producer_name]
17:59:17.822 [main] DEBUG org.hibernate.cfg.annotations.PropertyBinder - Building property producerName
17:59:17.822 [main] TRACE org.hibernate.cfg.annotations.PropertyBinder - Cascading producerName with null
17:59:17.823 [main] DEBUG org.hibernate.cfg.AnnotationBinder - Binding entity from annotated class: com.soft.entity.ResistorEntity
17:59:17.823 [main] TRACE org.hibernate.engine.jdbc.env.internal.NormalizingIdentifierHelperImpl - Normalizing identifier quoting [DTYPE]
17:59:17.823 [main] DEBUG org.hibernate.cfg.Ejb3Column - Binding column: Ejb3DiscriminatorColumn{logicalColumnName'DTYPE', discriminatorTypeName='string'}
17:59:17.823 [main] DEBUG org.hibernate.cfg.annotations.EntityBinder - Import with entity name ResistorEntity
17:59:17.824 [main] TRACE org.hibernate.boot.internal.InFlightMetadataCollectorImpl - Import: ResistorEntity -> com.soft.entity.ResistorEntity
17:59:17.824 [main] TRACE org.hibernate.boot.internal.InFlightMetadataCollectorImpl - Import: com.soft.entity.ResistorEntity -> com.soft.entity.ResistorEntity
17:59:17.824 [main] TRACE org.hibernate.engine.jdbc.env.internal.NormalizingIdentifierHelperImpl - Normalizing identifier quoting [resistor]
17:59:17.824 [main] TRACE org.hibernate.engine.jdbc.env.internal.NormalizingIdentifierHelperImpl - Normalizing identifier quoting [resistor]
17:59:17.825 [main] DEBUG org.hibernate.cfg.annotations.EntityBinder - Bind entity com.soft.entity.ResistorEntity on table resistor
17:59:17.829 [main] TRACE org.hibernate.cfg.AnnotationBinder - Processing annotations of com.soft.entity.ResistorEntity.id
17:59:17.829 [main] TRACE org.hibernate.engine.jdbc.env.internal.NormalizingIdentifierHelperImpl - Normalizing identifier quoting [resistor_id]
17:59:17.829 [main] TRACE org.hibernate.engine.jdbc.env.internal.NormalizingIdentifierHelperImpl - Normalizing identifier quoting [resistor_id]
17:59:17.829 [main] DEBUG org.hibernate.cfg.Ejb3Column - Binding column: Ejb3Column{table=org.hibernate.mapping.Table(resistor), mappingColumn=resistor_id, insertable=true, updatable=true, unique=false}
17:59:17.829 [main] DEBUG org.hibernate.cfg.annotations.PropertyBinder - MetadataSourceProcessor property id with lazy=false
17:59:17.829 [main] DEBUG org.hibernate.cfg.AbstractPropertyHolder - Attempting to locate auto-apply AttributeConverter for property [com.soft.entity.ResistorEntity:id]
17:59:17.829 [main] DEBUG org.hibernate.cfg.annotations.SimpleValueBinder - building SimpleValue for id
17:59:17.829 [main] TRACE org.hibernate.engine.jdbc.env.internal.NormalizingIdentifierHelperImpl - Normalizing identifier quoting [resistor_id]
17:59:17.829 [main] DEBUG org.hibernate.cfg.annotations.PropertyBinder - Building property id
17:59:17.829 [main] TRACE org.hibernate.cfg.annotations.PropertyBinder - Cascading id with null
17:59:17.829 [main] TRACE org.hibernate.cfg.AnnotationBinder - Add generic generator with name: increment
17:59:17.829 [main] TRACE org.hibernate.cfg.AnnotationBinder - Bind @Id on id
17:59:17.829 [main] TRACE org.hibernate.cfg.AnnotationBinder - Processing annotations of com.soft.entity.ResistorEntity.category
17:59:17.829 [main] TRACE org.hibernate.engine.jdbc.env.internal.NormalizingIdentifierHelperImpl - Normalizing identifier quoting [category]
17:59:17.829 [main] TRACE org.hibernate.engine.jdbc.env.internal.NormalizingIdentifierHelperImpl - Normalizing identifier quoting [category]
17:59:17.829 [main] DEBUG org.hibernate.cfg.Ejb3Column - Binding column: Ejb3Column{table=org.hibernate.mapping.Table(resistor), mappingColumn=category, insertable=true, updatable=true, unique=false}
17:59:17.830 [main] DEBUG org.hibernate.cfg.annotations.PropertyBinder - MetadataSourceProcessor property category with lazy=false
17:59:17.830 [main] DEBUG org.hibernate.cfg.AbstractPropertyHolder - Attempting to locate auto-apply AttributeConverter for property [com.soft.entity.ResistorEntity:category]
17:59:17.830 [main] DEBUG org.hibernate.cfg.annotations.SimpleValueBinder - building SimpleValue for category
17:59:17.830 [main] TRACE org.hibernate.engine.jdbc.env.internal.NormalizingIdentifierHelperImpl - Normalizing identifier quoting [category]
17:59:17.830 [main] DEBUG org.hibernate.cfg.annotations.PropertyBinder - Building property category
17:59:17.830 [main] TRACE org.hibernate.cfg.annotations.PropertyBinder - Cascading category with null
17:59:17.830 [main] TRACE org.hibernate.cfg.AnnotationBinder - Processing annotations of com.soft.entity.ResistorEntity.description
17:59:17.830 [main] TRACE org.hibernate.engine.jdbc.env.internal.NormalizingIdentifierHelperImpl - Normalizing identifier quoting [description]
17:59:17.830 [main] TRACE org.hibernate.engine.jdbc.env.internal.NormalizingIdentifierHelperImpl - Normalizing identifier quoting [description]
17:59:17.830 [main] DEBUG org.hibernate.cfg.Ejb3Column - Binding column: Ejb3Column{table=org.hibernate.mapping.Table(resistor), mappingColumn=description, insertable=true, updatable=true, unique=false}
17:59:17.830 [main] DEBUG org.hibernate.cfg.annotations.PropertyBinder - MetadataSourceProcessor property description with lazy=false
17:59:17.830 [main] DEBUG org.hibernate.cfg.AbstractPropertyHolder - Attempting to locate auto-apply AttributeConverter for property [com.soft.entity.ResistorEntity:description]
17:59:17.830 [main] DEBUG org.hibernate.cfg.annotations.SimpleValueBinder - building SimpleValue for description
17:59:17.830 [main] TRACE org.hibernate.engine.jdbc.env.internal.NormalizingIdentifierHelperImpl - Normalizing identifier quoting [description]
17:59:17.830 [main] DEBUG org.hibernate.cfg.annotations.PropertyBinder - Building property description
17:59:17.830 [main] TRACE org.hibernate.cfg.annotations.PropertyBinder - Cascading description with null
17:59:17.830 [main] TRACE org.hibernate.cfg.AnnotationBinder - Processing annotations of com.soft.entity.ResistorEntity.name
17:59:17.830 [main] TRACE org.hibernate.engine.jdbc.env.internal.NormalizingIdentifierHelperImpl - Normalizing identifier quoting [name]
17:59:17.830 [main] TRACE org.hibernate.engine.jdbc.env.internal.NormalizingIdentifierHelperImpl - Normalizing identifier quoting [name]
17:59:17.830 [main] DEBUG org.hibernate.cfg.Ejb3Column - Binding column: Ejb3Column{table=org.hibernate.mapping.Table(resistor), mappingColumn=name, insertable=true, updatable=true, unique=false}
17:59:17.830 [main] DEBUG org.hibernate.cfg.annotations.PropertyBinder - MetadataSourceProcessor property name with lazy=false
17:59:17.830 [main] DEBUG org.hibernate.cfg.AbstractPropertyHolder - Attempting to locate auto-apply AttributeConverter for property [com.soft.entity.ResistorEntity:name]
17:59:17.830 [main] DEBUG org.hibernate.cfg.annotations.SimpleValueBinder - building SimpleValue for name
17:59:17.830 [main] TRACE org.hibernate.engine.jdbc.env.internal.NormalizingIdentifierHelperImpl - Normalizing identifier quoting [name]
17:59:17.830 [main] DEBUG org.hibernate.cfg.annotations.PropertyBinder - Building property name
17:59:17.830 [main] TRACE org.hibernate.cfg.annotations.PropertyBinder - Cascading name with null
17:59:17.830 [main] TRACE org.hibernate.cfg.AnnotationBinder - Processing annotations of com.soft.entity.ResistorEntity.nominal
17:59:17.830 [main] TRACE org.hibernate.engine.jdbc.env.internal.NormalizingIdentifierHelperImpl - Normalizing identifier quoting [nominal]
17:59:17.830 [main] TRACE org.hibernate.engine.jdbc.env.internal.NormalizingIdentifierHelperImpl - Normalizing identifier quoting [nominal]
17:59:17.830 [main] DEBUG org.hibernate.cfg.Ejb3Column - Binding column: Ejb3Column{table=org.hibernate.mapping.Table(resistor), mappingColumn=nominal, insertable=true, updatable=true, unique=false}
17:59:17.830 [main] DEBUG org.hibernate.cfg.annotations.PropertyBinder - MetadataSourceProcessor property nominal with lazy=false
17:59:17.831 [main] DEBUG org.hibernate.cfg.AbstractPropertyHolder - Attempting to locate auto-apply AttributeConverter for property [com.soft.entity.ResistorEntity:nominal]
17:59:17.831 [main] DEBUG org.hibernate.cfg.annotations.SimpleValueBinder - building SimpleValue for nominal
17:59:17.831 [main] TRACE org.hibernate.engine.jdbc.env.internal.NormalizingIdentifierHelperImpl - Normalizing identifier quoting [nominal]
17:59:17.831 [main] DEBUG org.hibernate.cfg.annotations.PropertyBinder - Building property nominal
17:59:17.831 [main] TRACE org.hibernate.cfg.annotations.PropertyBinder - Cascading nominal with null
17:59:17.831 [main] TRACE org.hibernate.cfg.AnnotationBinder - Processing annotations of com.soft.entity.ResistorEntity.nominalUnit
17:59:17.831 [main] TRACE org.hibernate.engine.jdbc.env.internal.NormalizingIdentifierHelperImpl - Normalizing identifier quoting [nominal_unit]
17:59:17.831 [main] TRACE org.hibernate.engine.jdbc.env.internal.NormalizingIdentifierHelperImpl - Normalizing identifier quoting [nominal_unit]
17:59:17.831 [main] DEBUG org.hibernate.cfg.Ejb3Column - Binding column: Ejb3Column{table=org.hibernate.mapping.Table(resistor), mappingColumn=nominal_unit, insertable=true, updatable=true, unique=false}
17:59:17.831 [main] DEBUG org.hibernate.cfg.annotations.PropertyBinder - MetadataSourceProcessor property nominalUnit with lazy=false
17:59:17.831 [main] DEBUG org.hibernate.cfg.AbstractPropertyHolder - Attempting to locate auto-apply AttributeConverter for property [com.soft.entity.ResistorEntity:nominalUnit]
17:59:17.831 [main] DEBUG org.hibernate.cfg.annotations.SimpleValueBinder - building SimpleValue for nominalUnit
17:59:17.831 [main] TRACE org.hibernate.engine.jdbc.env.internal.NormalizingIdentifierHelperImpl - Normalizing identifier quoting [nominal_unit]
17:59:17.831 [main] DEBUG org.hibernate.cfg.annotations.PropertyBinder - Building property nominalUnit
17:59:17.831 [main] TRACE org.hibernate.cfg.annotations.PropertyBinder - Cascading nominalUnit with null
17:59:17.831 [main] TRACE org.hibernate.cfg.AnnotationBinder - Processing annotations of com.soft.entity.ResistorEntity.photo
17:59:17.831 [main] TRACE org.hibernate.engine.jdbc.env.internal.NormalizingIdentifierHelperImpl - Normalizing identifier quoting [photo]
17:59:17.831 [main] TRACE org.hibernate.engine.jdbc.env.internal.NormalizingIdentifierHelperImpl - Normalizing identifier quoting [photo]
17:59:17.831 [main] DEBUG org.hibernate.cfg.Ejb3Column - Binding column: Ejb3Column{table=org.hibernate.mapping.Table(resistor), mappingColumn=photo, insertable=true, updatable=true, unique=false}
17:59:17.831 [main] DEBUG org.hibernate.cfg.annotations.PropertyBinder - MetadataSourceProcessor property photo with lazy=false
17:59:17.831 [main] DEBUG org.hibernate.cfg.AbstractPropertyHolder - Attempting to locate auto-apply AttributeConverter for property [com.soft.entity.ResistorEntity:photo]
17:59:17.831 [main] DEBUG org.hibernate.cfg.annotations.SimpleValueBinder - building SimpleValue for photo
17:59:17.831 [main] TRACE org.hibernate.engine.jdbc.env.internal.NormalizingIdentifierHelperImpl - Normalizing identifier quoting [photo]
17:59:17.831 [main] DEBUG org.hibernate.cfg.annotations.PropertyBinder - Building property photo
17:59:17.831 [main] TRACE org.hibernate.cfg.annotations.PropertyBinder - Cascading photo with null
17:59:17.832 [main] TRACE org.hibernate.cfg.AnnotationBinder - Processing annotations of com.soft.entity.ResistorEntity.power
17:59:17.832 [main] TRACE org.hibernate.engine.jdbc.env.internal.NormalizingIdentifierHelperImpl - Normalizing identifier quoting [power]
17:59:17.832 [main] TRACE org.hibernate.engine.jdbc.env.internal.NormalizingIdentifierHelperImpl - Normalizing identifier quoting [power]
17:59:17.832 [main] DEBUG org.hibernate.cfg.Ejb3Column - Binding column: Ejb3Column{table=org.hibernate.mapping.Table(resistor), mappingColumn=power, insertable=true, updatable=true, unique=false}
17:59:17.832 [main] DEBUG org.hibernate.cfg.annotations.PropertyBinder - MetadataSourceProcessor property power with lazy=false
17:59:17.832 [main] DEBUG org.hibernate.cfg.AbstractPropertyHolder - Attempting to locate auto-apply AttributeConverter for property [com.soft.entity.ResistorEntity:power]
17:59:17.832 [main] DEBUG org.hibernate.cfg.annotations.SimpleValueBinder - building SimpleValue for power
17:59:17.832 [main] TRACE org.hibernate.engine.jdbc.env.internal.NormalizingIdentifierHelperImpl - Normalizing identifier quoting [power]
17:59:17.833 [main] DEBUG org.hibernate.cfg.annotations.PropertyBinder - Building property power
17:59:17.833 [main] TRACE org.hibernate.cfg.annotations.PropertyBinder - Cascading power with null
17:59:17.833 [main] TRACE org.hibernate.cfg.AnnotationBinder - Processing annotations of com.soft.entity.ResistorEntity.powerUnit
17:59:17.833 [main] TRACE org.hibernate.engine.jdbc.env.internal.NormalizingIdentifierHelperImpl - Normalizing identifier quoting [power_unit]
17:59:17.833 [main] TRACE org.hibernate.engine.jdbc.env.internal.NormalizingIdentifierHelperImpl - Normalizing identifier quoting [power_unit]
17:59:17.833 [main] DEBUG org.hibernate.cfg.Ejb3Column - Binding column: Ejb3Column{table=org.hibernate.mapping.Table(resistor), mappingColumn=power_unit, insertable=true, updatable=true, unique=false}
17:59:17.833 [main] DEBUG org.hibernate.cfg.annotations.PropertyBinder - MetadataSourceProcessor property powerUnit with lazy=false
17:59:17.833 [main] DEBUG org.hibernate.cfg.AbstractPropertyHolder - Attempting to locate auto-apply AttributeConverter for property [com.soft.entity.ResistorEntity:powerUnit]
17:59:17.833 [main] DEBUG org.hibernate.cfg.annotations.SimpleValueBinder - building SimpleValue for powerUnit
17:59:17.833 [main] TRACE org.hibernate.engine.jdbc.env.internal.NormalizingIdentifierHelperImpl - Normalizing identifier quoting [power_unit]
17:59:17.833 [main] DEBUG org.hibernate.cfg.annotations.PropertyBinder - Building property powerUnit
17:59:17.833 [main] TRACE org.hibernate.cfg.annotations.PropertyBinder - Cascading powerUnit with null
17:59:17.833 [main] TRACE org.hibernate.cfg.AnnotationBinder - Processing annotations of com.soft.entity.ResistorEntity.price
17:59:17.833 [main] TRACE org.hibernate.engine.jdbc.env.internal.NormalizingIdentifierHelperImpl - Normalizing identifier quoting [price]
17:59:17.833 [main] TRACE org.hibernate.engine.jdbc.env.internal.NormalizingIdentifierHelperImpl - Normalizing identifier quoting [price]
17:59:17.833 [main] DEBUG org.hibernate.cfg.Ejb3Column - Binding column: Ejb3Column{table=org.hibernate.mapping.Table(resistor), mappingColumn=price, insertable=true, updatable=true, unique=false}
17:59:17.833 [main] DEBUG org.hibernate.cfg.annotations.PropertyBinder - MetadataSourceProcessor property price with lazy=false
17:59:17.833 [main] DEBUG org.hibernate.cfg.AbstractPropertyHolder - Attempting to locate auto-apply AttributeConverter for property [com.soft.entity.ResistorEntity:price]
17:59:17.833 [main] DEBUG org.hibernate.cfg.annotations.SimpleValueBinder - building SimpleValue for price
17:59:17.833 [main] TRACE org.hibernate.engine.jdbc.env.internal.NormalizingIdentifierHelperImpl - Normalizing identifier quoting [price]
17:59:17.833 [main] DEBUG org.hibernate.cfg.annotations.PropertyBinder - Building property price
17:59:17.833 [main] TRACE org.hibernate.cfg.annotations.PropertyBinder - Cascading price with null
17:59:17.833 [main] TRACE org.hibernate.cfg.AnnotationBinder - Processing annotations of com.soft.entity.ResistorEntity.producer
17:59:17.834 [main] TRACE org.hibernate.engine.jdbc.env.internal.NormalizingIdentifierHelperImpl - Normalizing identifier quoting [producer]
17:59:17.834 [main] TRACE org.hibernate.engine.jdbc.env.internal.NormalizingIdentifierHelperImpl - Normalizing identifier quoting [producer]
17:59:17.834 [main] DEBUG org.hibernate.cfg.Ejb3Column - Binding column: Ejb3Column{table=org.hibernate.mapping.Table(resistor), mappingColumn=producer, insertable=true, updatable=true, unique=false}
17:59:17.834 [main] DEBUG org.hibernate.cfg.annotations.PropertyBinder - MetadataSourceProcessor property producer with lazy=false
17:59:17.834 [main] DEBUG org.hibernate.cfg.AbstractPropertyHolder - Attempting to locate auto-apply AttributeConverter for property [com.soft.entity.ResistorEntity:producer]
17:59:17.834 [main] DEBUG org.hibernate.cfg.annotations.SimpleValueBinder - building SimpleValue for producer
17:59:17.834 [main] TRACE org.hibernate.engine.jdbc.env.internal.NormalizingIdentifierHelperImpl - Normalizing identifier quoting [producer]
17:59:17.834 [main] DEBUG org.hibernate.cfg.annotations.PropertyBinder - Building property producer
17:59:17.834 [main] TRACE org.hibernate.cfg.annotations.PropertyBinder - Cascading producer with null
17:59:17.834 [main] TRACE org.hibernate.cfg.AnnotationBinder - Processing annotations of com.soft.entity.ResistorEntity.quantity
17:59:17.834 [main] TRACE org.hibernate.engine.jdbc.env.internal.NormalizingIdentifierHelperImpl - Normalizing identifier quoting [quantity]
17:59:17.834 [main] TRACE org.hibernate.engine.jdbc.env.internal.NormalizingIdentifierHelperImpl - Normalizing identifier quoting [quantity]
17:59:17.834 [main] DEBUG org.hibernate.cfg.Ejb3Column - Binding column: Ejb3Column{table=org.hibernate.mapping.Table(resistor), mappingColumn=quantity, insertable=true, updatable=true, unique=false}
17:59:17.834 [main] DEBUG org.hibernate.cfg.annotations.PropertyBinder - MetadataSourceProcessor property quantity with lazy=false
17:59:17.834 [main] DEBUG org.hibernate.cfg.AbstractPropertyHolder - Attempting to locate auto-apply AttributeConverter for property [com.soft.entity.ResistorEntity:quantity]
17:59:17.834 [main] DEBUG org.hibernate.cfg.annotations.SimpleValueBinder - building SimpleValue for quantity
17:59:17.834 [main] TRACE org.hibernate.engine.jdbc.env.internal.NormalizingIdentifierHelperImpl - Normalizing identifier quoting [quantity]
17:59:17.834 [main] DEBUG org.hibernate.cfg.annotations.PropertyBinder - Building property quantity
17:59:17.834 [main] TRACE org.hibernate.cfg.annotations.PropertyBinder - Cascading quantity with null
17:59:17.834 [main] TRACE org.hibernate.cfg.AnnotationBinder - Processing annotations of com.soft.entity.ResistorEntity.rPackage
17:59:17.834 [main] TRACE org.hibernate.engine.jdbc.env.internal.NormalizingIdentifierHelperImpl - Normalizing identifier quoting [package]
17:59:17.834 [main] TRACE org.hibernate.engine.jdbc.env.internal.NormalizingIdentifierHelperImpl - Normalizing identifier quoting [package]
17:59:17.834 [main] DEBUG org.hibernate.cfg.Ejb3Column - Binding column: Ejb3Column{table=org.hibernate.mapping.Table(resistor), mappingColumn=package, insertable=true, updatable=true, unique=false}
17:59:17.834 [main] DEBUG org.hibernate.cfg.annotations.PropertyBinder - MetadataSourceProcessor property rPackage with lazy=false
17:59:17.834 [main] DEBUG org.hibernate.cfg.AbstractPropertyHolder - Attempting to locate auto-apply AttributeConverter for property [com.soft.entity.ResistorEntity:rPackage]
17:59:17.835 [main] DEBUG org.hibernate.cfg.annotations.SimpleValueBinder - building SimpleValue for rPackage
17:59:17.835 [main] TRACE org.hibernate.engine.jdbc.env.internal.NormalizingIdentifierHelperImpl - Normalizing identifier quoting [package]
17:59:17.835 [main] DEBUG org.hibernate.cfg.annotations.PropertyBinder - Building property rPackage
17:59:17.835 [main] TRACE org.hibernate.cfg.annotations.PropertyBinder - Cascading rPackage with null
17:59:17.835 [main] TRACE org.hibernate.cfg.AnnotationBinder - Processing annotations of com.soft.entity.ResistorEntity.rPrecision
17:59:17.835 [main] TRACE org.hibernate.engine.jdbc.env.internal.NormalizingIdentifierHelperImpl - Normalizing identifier quoting [r_precision]
17:59:17.835 [main] TRACE org.hibernate.engine.jdbc.env.internal.NormalizingIdentifierHelperImpl - Normalizing identifier quoting [r_precision]
17:59:17.835 [main] DEBUG org.hibernate.cfg.Ejb3Column - Binding column: Ejb3Column{table=org.hibernate.mapping.Table(resistor), mappingColumn=r_precision, insertable=true, updatable=true, unique=false}
17:59:17.835 [main] DEBUG org.hibernate.cfg.annotations.PropertyBinder - MetadataSourceProcessor property rPrecision with lazy=false
17:59:17.835 [main] DEBUG org.hibernate.cfg.AbstractPropertyHolder - Attempting to locate auto-apply AttributeConverter for property [com.soft.entity.ResistorEntity:rPrecision]
17:59:17.835 [main] DEBUG org.hibernate.cfg.annotations.SimpleValueBinder - building SimpleValue for rPrecision
17:59:17.835 [main] TRACE org.hibernate.engine.jdbc.env.internal.NormalizingIdentifierHelperImpl - Normalizing identifier quoting [r_precision]
17:59:17.835 [main] DEBUG org.hibernate.cfg.annotations.PropertyBinder - Building property rPrecision
17:59:17.835 [main] TRACE org.hibernate.cfg.annotations.PropertyBinder - Cascading rPrecision with null
17:59:17.835 [main] DEBUG org.hibernate.cfg.AnnotationBinder - Binding entity from annotated class: com.soft.entity.TransistorEntity
17:59:17.835 [main] TRACE org.hibernate.engine.jdbc.env.internal.NormalizingIdentifierHelperImpl - Normalizing identifier quoting [DTYPE]
17:59:17.835 [main] DEBUG org.hibernate.cfg.Ejb3Column - Binding column: Ejb3DiscriminatorColumn{logicalColumnName'DTYPE', discriminatorTypeName='string'}
17:59:17.835 [main] DEBUG org.hibernate.cfg.annotations.EntityBinder - Import with entity name TransistorEntity
17:59:17.835 [main] TRACE org.hibernate.boot.internal.InFlightMetadataCollectorImpl - Import: TransistorEntity -> com.soft.entity.TransistorEntity
17:59:17.835 [main] TRACE org.hibernate.boot.internal.InFlightMetadataCollectorImpl - Import: com.soft.entity.TransistorEntity -> com.soft.entity.TransistorEntity
17:59:17.835 [main] TRACE org.hibernate.engine.jdbc.env.internal.NormalizingIdentifierHelperImpl - Normalizing identifier quoting [transistor]
17:59:17.836 [main] TRACE org.hibernate.engine.jdbc.env.internal.NormalizingIdentifierHelperImpl - Normalizing identifier quoting [transistor]
17:59:17.836 [main] DEBUG org.hibernate.cfg.annotations.EntityBinder - Bind entity com.soft.entity.TransistorEntity on table transistor
17:59:17.836 [main] TRACE org.hibernate.cfg.AnnotationBinder - Processing annotations of com.soft.entity.TransistorEntity.id
17:59:17.836 [main] TRACE org.hibernate.engine.jdbc.env.internal.NormalizingIdentifierHelperImpl - Normalizing identifier quoting [transistor_id]
17:59:17.836 [main] TRACE org.hibernate.engine.jdbc.env.internal.NormalizingIdentifierHelperImpl - Normalizing identifier quoting [transistor_id]
17:59:17.836 [main] DEBUG org.hibernate.cfg.Ejb3Column - Binding column: Ejb3Column{table=org.hibernate.mapping.Table(transistor), mappingColumn=transistor_id, insertable=true, updatable=true, unique=false}
17:59:17.836 [main] DEBUG org.hibernate.cfg.annotations.PropertyBinder - MetadataSourceProcessor property id with lazy=false
17:59:17.836 [main] DEBUG org.hibernate.cfg.AbstractPropertyHolder - Attempting to locate auto-apply AttributeConverter for property [com.soft.entity.TransistorEntity:id]
17:59:17.836 [main] DEBUG org.hibernate.cfg.annotations.SimpleValueBinder - building SimpleValue for id
17:59:17.836 [main] TRACE org.hibernate.engine.jdbc.env.internal.NormalizingIdentifierHelperImpl - Normalizing identifier quoting [transistor_id]
17:59:17.837 [main] DEBUG org.hibernate.cfg.annotations.PropertyBinder - Building property id
17:59:17.837 [main] TRACE org.hibernate.cfg.annotations.PropertyBinder - Cascading id with null
17:59:17.837 [main] TRACE org.hibernate.cfg.AnnotationBinder - Add generic generator with name: increment
17:59:17.837 [main] TRACE org.hibernate.cfg.AnnotationBinder - Bind @Id on id
17:59:17.837 [main] TRACE org.hibernate.cfg.AnnotationBinder - Processing annotations of com.soft.entity.TransistorEntity.category
17:59:17.837 [main] TRACE org.hibernate.engine.jdbc.env.internal.NormalizingIdentifierHelperImpl - Normalizing identifier quoting [category]
17:59:17.837 [main] TRACE org.hibernate.engine.jdbc.env.internal.NormalizingIdentifierHelperImpl - Normalizing identifier quoting [category]
17:59:17.837 [main] DEBUG org.hibernate.cfg.Ejb3Column - Binding column: Ejb3Column{table=org.hibernate.mapping.Table(transistor), mappingColumn=category, insertable=true, updatable=true, unique=false}
17:59:17.837 [main] DEBUG org.hibernate.cfg.annotations.PropertyBinder - MetadataSourceProcessor property category with lazy=false
17:59:17.837 [main] DEBUG org.hibernate.cfg.AbstractPropertyHolder - Attempting to locate auto-apply AttributeConverter for property [com.soft.entity.TransistorEntity:category]
17:59:17.837 [main] DEBUG org.hibernate.cfg.annotations.SimpleValueBinder - building SimpleValue for category
17:59:17.837 [main] TRACE org.hibernate.engine.jdbc.env.internal.NormalizingIdentifierHelperImpl - Normalizing identifier quoting [category]
17:59:17.837 [main] DEBUG org.hibernate.cfg.annotations.PropertyBinder - Building property category
17:59:17.837 [main] TRACE org.hibernate.cfg.annotations.PropertyBinder - Cascading category with null
17:59:17.837 [main] TRACE org.hibernate.cfg.AnnotationBinder - Processing annotations of com.soft.entity.TransistorEntity.conductanceType
17:59:17.837 [main] TRACE org.hibernate.engine.jdbc.env.internal.NormalizingIdentifierHelperImpl - Normalizing identifier quoting [conductunce_type]
17:59:17.837 [main] TRACE org.hibernate.engine.jdbc.env.internal.NormalizingIdentifierHelperImpl - Normalizing identifier quoting [conductunce_type]
17:59:17.837 [main] DEBUG org.hibernate.cfg.Ejb3Column - Binding column: Ejb3Column{table=org.hibernate.mapping.Table(transistor), mappingColumn=conductunce_type, insertable=true, updatable=true, unique=false}
17:59:17.837 [main] DEBUG org.hibernate.cfg.annotations.PropertyBinder - MetadataSourceProcessor property conductanceType with lazy=false
17:59:17.837 [main] DEBUG org.hibernate.cfg.AbstractPropertyHolder - Attempting to locate auto-apply AttributeConverter for property [com.soft.entity.TransistorEntity:conductanceType]
17:59:17.837 [main] DEBUG org.hibernate.cfg.annotations.SimpleValueBinder - building SimpleValue for conductanceType
17:59:17.837 [main] TRACE org.hibernate.engine.jdbc.env.internal.NormalizingIdentifierHelperImpl - Normalizing identifier quoting [conductunce_type]
17:59:17.837 [main] DEBUG org.hibernate.cfg.annotations.PropertyBinder - Building property conductanceType
17:59:17.838 [main] TRACE org.hibernate.cfg.annotations.PropertyBinder - Cascading conductanceType with null
17:59:17.838 [main] TRACE org.hibernate.cfg.AnnotationBinder - Processing annotations of com.soft.entity.TransistorEntity.description
17:59:17.838 [main] TRACE org.hibernate.engine.jdbc.env.internal.NormalizingIdentifierHelperImpl - Normalizing identifier quoting [description]
17:59:17.838 [main] TRACE org.hibernate.engine.jdbc.env.internal.NormalizingIdentifierHelperImpl - Normalizing identifier quoting [description]
17:59:17.838 [main] DEBUG org.hibernate.cfg.Ejb3Column - Binding column: Ejb3Column{table=org.hibernate.mapping.Table(transistor), mappingColumn=description, insertable=true, updatable=true, unique=false}
17:59:17.838 [main] DEBUG org.hibernate.cfg.annotations.PropertyBinder - MetadataSourceProcessor property description with lazy=false
17:59:17.838 [main] DEBUG org.hibernate.cfg.AbstractPropertyHolder - Attempting to locate auto-apply AttributeConverter for property [com.soft.entity.TransistorEntity:description]
17:59:17.838 [main] DEBUG org.hibernate.cfg.annotations.SimpleValueBinder - building SimpleValue for description
17:59:17.838 [main] TRACE org.hibernate.engine.jdbc.env.internal.NormalizingIdentifierHelperImpl - Normalizing identifier quoting [description]
17:59:17.838 [main] DEBUG org.hibernate.cfg.annotations.PropertyBinder - Building property description
17:59:17.838 [main] TRACE org.hibernate.cfg.annotations.PropertyBinder - Cascading description with null
17:59:17.838 [main] TRACE org.hibernate.cfg.AnnotationBinder - Processing annotations of com.soft.entity.TransistorEntity.gain
17:59:17.838 [main] TRACE org.hibernate.engine.jdbc.env.internal.NormalizingIdentifierHelperImpl - Normalizing identifier quoting [gain]
17:59:17.838 [main] TRACE org.hibernate.engine.jdbc.env.internal.NormalizingIdentifierHelperImpl - Normalizing identifier quoting [gain]
17:59:17.838 [main] DEBUG org.hibernate.cfg.Ejb3Column - Binding column: Ejb3Column{table=org.hibernate.mapping.Table(transistor), mappingColumn=gain, insertable=true, updatable=true, unique=false}
17:59:17.838 [main] DEBUG org.hibernate.cfg.annotations.PropertyBinder - MetadataSourceProcessor property gain with lazy=false
17:59:17.838 [main] DEBUG org.hibernate.cfg.AbstractPropertyHolder - Attempting to locate auto-apply AttributeConverter for property [com.soft.entity.TransistorEntity:gain]
17:59:17.838 [main] DEBUG org.hibernate.cfg.annotations.SimpleValueBinder - building SimpleValue for gain
17:59:17.838 [main] TRACE org.hibernate.engine.jdbc.env.internal.NormalizingIdentifierHelperImpl - Normalizing identifier quoting [gain]
17:59:17.838 [main] DEBUG org.hibernate.cfg.annotations.PropertyBinder - Building property gain
17:59:17.838 [main] TRACE org.hibernate.cfg.annotations.PropertyBinder - Cascading gain with null
17:59:17.838 [main] TRACE org.hibernate.cfg.AnnotationBinder - Processing annotations of com.soft.entity.TransistorEntity.maxCurrent
17:59:17.839 [main] TRACE org.hibernate.engine.jdbc.env.internal.NormalizingIdentifierHelperImpl - Normalizing identifier quoting [max_current]
17:59:17.839 [main] TRACE org.hibernate.engine.jdbc.env.internal.NormalizingIdentifierHelperImpl - Normalizing identifier quoting [max_current]
17:59:17.839 [main] DEBUG org.hibernate.cfg.Ejb3Column - Binding column: Ejb3Column{table=org.hibernate.mapping.Table(transistor), mappingColumn=max_current, insertable=true, updatable=true, unique=false}
17:59:17.839 [main] DEBUG org.hibernate.cfg.annotations.PropertyBinder - MetadataSourceProcessor property maxCurrent with lazy=false
17:59:17.839 [main] DEBUG org.hibernate.cfg.AbstractPropertyHolder - Attempting to locate auto-apply AttributeConverter for property [com.soft.entity.TransistorEntity:maxCurrent]
17:59:17.839 [main] DEBUG org.hibernate.cfg.annotations.SimpleValueBinder - building SimpleValue for maxCurrent
17:59:17.839 [main] TRACE org.hibernate.engine.jdbc.env.internal.NormalizingIdentifierHelperImpl - Normalizing identifier quoting [max_current]
17:59:17.839 [main] DEBUG org.hibernate.cfg.annotations.PropertyBinder - Building property maxCurrent
17:59:17.839 [main] TRACE org.hibernate.cfg.annotations.PropertyBinder - Cascading maxCurrent with null
17:59:17.839 [main] TRACE org.hibernate.cfg.AnnotationBinder - Processing annotations of com.soft.entity.TransistorEntity.maxCurrentUnit
17:59:17.839 [main] TRACE org.hibernate.engine.jdbc.env.internal.NormalizingIdentifierHelperImpl - Normalizing identifier quoting [max_current_unit]
17:59:17.839 [main] TRACE org.hibernate.engine.jdbc.env.internal.NormalizingIdentifierHelperImpl - Normalizing identifier quoting [max_current_unit]
17:59:17.839 [main] DEBUG org.hibernate.cfg.Ejb3Column - Binding column: Ejb3Column{table=org.hibernate.mapping.Table(transistor), mappingColumn=max_current_unit, insertable=true, updatable=true, unique=false}
17:59:17.839 [main] DEBUG org.hibernate.cfg.annotations.PropertyBinder - MetadataSourceProcessor property maxCurrentUnit with lazy=false
17:59:17.839 [main] DEBUG org.hibernate.cfg.AbstractPropertyHolder - Attempting to locate auto-apply AttributeConverter for property [com.soft.entity.TransistorEntity:maxCurrentUnit]
17:59:17.839 [main] DEBUG org.hibernate.cfg.annotations.SimpleValueBinder - building SimpleValue for maxCurrentUnit
17:59:17.839 [main] TRACE org.hibernate.engine.jdbc.env.internal.NormalizingIdentifierHelperImpl - Normalizing identifier quoting [max_current_unit]
17:59:17.839 [main] DEBUG org.hibernate.cfg.annotations.PropertyBinder - Building property maxCurrentUnit
17:59:17.839 [main] TRACE org.hibernate.cfg.annotations.PropertyBinder - Cascading maxCurrentUnit with null
17:59:17.839 [main] TRACE org.hibernate.cfg.AnnotationBinder - Processing annotations of com.soft.entity.TransistorEntity.name
17:59:17.839 [main] TRACE org.hibernate.engine.jdbc.env.internal.NormalizingIdentifierHelperImpl - Normalizing identifier quoting [name]
17:59:17.839 [main] TRACE org.hibernate.engine.jdbc.env.internal.NormalizingIdentifierHelperImpl - Normalizing identifier quoting [name]
17:59:17.839 [main] DEBUG org.hibernate.cfg.Ejb3Column - Binding column: Ejb3Column{table=org.hibernate.mapping.Table(transistor), mappingColumn=name, insertable=true, updatable=true, unique=false}
17:59:17.839 [main] DEBUG org.hibernate.cfg.annotations.PropertyBinder - MetadataSourceProcessor property name with lazy=false
17:59:17.839 [main] DEBUG org.hibernate.cfg.AbstractPropertyHolder - Attempting to locate auto-apply AttributeConverter for property [com.soft.entity.TransistorEntity:name]
17:59:17.839 [main] DEBUG org.hibernate.cfg.annotations.SimpleValueBinder - building SimpleValue for name
17:59:17.840 [main] TRACE org.hibernate.engine.jdbc.env.internal.NormalizingIdentifierHelperImpl - Normalizing identifier quoting [name]
17:59:17.840 [main] DEBUG org.hibernate.cfg.annotations.PropertyBinder - Building property name
17:59:17.840 [main] TRACE org.hibernate.cfg.annotations.PropertyBinder - Cascading name with null
17:59:17.840 [main] TRACE org.hibernate.cfg.AnnotationBinder - Processing annotations of com.soft.entity.TransistorEntity.photo
17:59:17.840 [main] TRACE org.hibernate.engine.jdbc.env.internal.NormalizingIdentifierHelperImpl - Normalizing identifier quoting [photo]
17:59:17.840 [main] TRACE org.hibernate.engine.jdbc.env.internal.NormalizingIdentifierHelperImpl - Normalizing identifier quoting [photo]
17:59:17.840 [main] DEBUG org.hibernate.cfg.Ejb3Column - Binding column: Ejb3Column{table=org.hibernate.mapping.Table(transistor), mappingColumn=photo, insertable=true, updatable=true, unique=false}
17:59:17.840 [main] DEBUG org.hibernate.cfg.annotations.PropertyBinder - MetadataSourceProcessor property photo with lazy=false
17:59:17.840 [main] DEBUG org.hibernate.cfg.AbstractPropertyHolder - Attempting to locate auto-apply AttributeConverter for property [com.soft.entity.TransistorEntity:photo]
17:59:17.840 [main] DEBUG org.hibernate.cfg.annotations.SimpleValueBinder - building SimpleValue for photo
17:59:17.840 [main] TRACE org.hibernate.engine.jdbc.env.internal.NormalizingIdentifierHelperImpl - Normalizing identifier quoting [photo]
17:59:17.840 [main] DEBUG org.hibernate.cfg.annotations.PropertyBinder - Building property photo
17:59:17.840 [main] TRACE org.hibernate.cfg.annotations.PropertyBinder - Cascading photo with null
17:59:17.840 [main] TRACE org.hibernate.cfg.AnnotationBinder - Processing annotations of com.soft.entity.TransistorEntity.price
17:59:17.840 [main] TRACE org.hibernate.engine.jdbc.env.internal.NormalizingIdentifierHelperImpl - Normalizing identifier quoting [price]
17:59:17.840 [main] TRACE org.hibernate.engine.jdbc.env.internal.NormalizingIdentifierHelperImpl - Normalizing identifier quoting [price]
17:59:17.840 [main] DEBUG org.hibernate.cfg.Ejb3Column - Binding column: Ejb3Column{table=org.hibernate.mapping.Table(transistor), mappingColumn=price, insertable=true, updatable=true, unique=false}
17:59:17.840 [main] DEBUG org.hibernate.cfg.annotations.PropertyBinder - MetadataSourceProcessor property price with lazy=false
17:59:17.840 [main] DEBUG org.hibernate.cfg.AbstractPropertyHolder - Attempting to locate auto-apply AttributeConverter for property [com.soft.entity.TransistorEntity:price]
17:59:17.840 [main] DEBUG org.hibernate.cfg.annotations.SimpleValueBinder - building SimpleValue for price
17:59:17.840 [main] TRACE org.hibernate.engine.jdbc.env.internal.NormalizingIdentifierHelperImpl - Normalizing identifier quoting [price]
17:59:17.840 [main] DEBUG org.hibernate.cfg.annotations.PropertyBinder - Building property price
17:59:17.840 [main] TRACE org.hibernate.cfg.annotations.PropertyBinder - Cascading price with null
17:59:17.840 [main] TRACE org.hibernate.cfg.AnnotationBinder - Processing annotations of com.soft.entity.TransistorEntity.producer
17:59:17.840 [main] TRACE org.hibernate.engine.jdbc.env.internal.NormalizingIdentifierHelperImpl - Normalizing identifier quoting [producer]
17:59:17.840 [main] TRACE org.hibernate.engine.jdbc.env.internal.NormalizingIdentifierHelperImpl - Normalizing identifier quoting [producer]
17:59:17.840 [main] DEBUG org.hibernate.cfg.Ejb3Column - Binding column: Ejb3Column{table=org.hibernate.mapping.Table(transistor), mappingColumn=producer, insertable=true, updatable=true, unique=false}
17:59:17.841 [main] DEBUG org.hibernate.cfg.annotations.PropertyBinder - MetadataSourceProcessor property producer with lazy=false
17:59:17.841 [main] DEBUG org.hibernate.cfg.AbstractPropertyHolder - Attempting to locate auto-apply AttributeConverter for property [com.soft.entity.TransistorEntity:producer]
17:59:17.841 [main] DEBUG org.hibernate.cfg.annotations.SimpleValueBinder - building SimpleValue for producer
17:59:17.841 [main] TRACE org.hibernate.engine.jdbc.env.internal.NormalizingIdentifierHelperImpl - Normalizing identifier quoting [producer]
17:59:17.841 [main] DEBUG org.hibernate.cfg.annotations.PropertyBinder - Building property producer
17:59:17.841 [main] TRACE org.hibernate.cfg.annotations.PropertyBinder - Cascading producer with null
17:59:17.841 [main] TRACE org.hibernate.cfg.AnnotationBinder - Processing annotations of com.soft.entity.TransistorEntity.quantity
17:59:17.841 [main] TRACE org.hibernate.engine.jdbc.env.internal.NormalizingIdentifierHelperImpl - Normalizing identifier quoting [quantity]
17:59:17.841 [main] TRACE org.hibernate.engine.jdbc.env.internal.NormalizingIdentifierHelperImpl - Normalizing identifier quoting [quantity]
17:59:17.841 [main] DEBUG org.hibernate.cfg.Ejb3Column - Binding column: Ejb3Column{table=org.hibernate.mapping.Table(transistor), mappingColumn=quantity, insertable=true, updatable=true, unique=false}
17:59:17.841 [main] DEBUG org.hibernate.cfg.annotations.PropertyBinder - MetadataSourceProcessor property quantity with lazy=false
17:59:17.841 [main] DEBUG org.hibernate.cfg.AbstractPropertyHolder - Attempting to locate auto-apply AttributeConverter for property [com.soft.entity.TransistorEntity:quantity]
17:59:17.841 [main] DEBUG org.hibernate.cfg.annotations.SimpleValueBinder - building SimpleValue for quantity
17:59:17.841 [main] TRACE org.hibernate.engine.jdbc.env.internal.NormalizingIdentifierHelperImpl - Normalizing identifier quoting [quantity]
17:59:17.841 [main] DEBUG org.hibernate.cfg.annotations.PropertyBinder - Building property quantity
17:59:17.841 [main] TRACE org.hibernate.cfg.annotations.PropertyBinder - Cascading quantity with null
17:59:17.841 [main] TRACE org.hibernate.cfg.AnnotationBinder - Processing annotations of com.soft.entity.TransistorEntity.tPackage
17:59:17.841 [main] TRACE org.hibernate.engine.jdbc.env.internal.NormalizingIdentifierHelperImpl - Normalizing identifier quoting [package]
17:59:17.841 [main] TRACE org.hibernate.engine.jdbc.env.internal.NormalizingIdentifierHelperImpl - Normalizing identifier quoting [package]
17:59:17.841 [main] DEBUG org.hibernate.cfg.Ejb3Column - Binding column: Ejb3Column{table=org.hibernate.mapping.Table(transistor), mappingColumn=package, insertable=true, updatable=true, unique=false}
17:59:17.841 [main] DEBUG org.hibernate.cfg.annotations.PropertyBinder - MetadataSourceProcessor property tPackage with lazy=false
17:59:17.841 [main] DEBUG org.hibernate.cfg.AbstractPropertyHolder - Attempting to locate auto-apply AttributeConverter for property [com.soft.entity.TransistorEntity:tPackage]
17:59:17.841 [main] DEBUG org.hibernate.cfg.annotations.SimpleValueBinder - building SimpleValue for tPackage
17:59:17.841 [main] TRACE org.hibernate.engine.jdbc.env.internal.NormalizingIdentifierHelperImpl - Normalizing identifier quoting [package]
17:59:17.841 [main] DEBUG org.hibernate.cfg.annotations.PropertyBinder - Building property tPackage
17:59:17.841 [main] TRACE org.hibernate.cfg.annotations.PropertyBinder - Cascading tPackage with null
17:59:17.842 [main] DEBUG org.hibernate.cfg.annotations.SimpleValueBinder - Starting fillSimpleValue for id
17:59:17.842 [main] DEBUG org.hibernate.cfg.annotations.SimpleValueBinder - Starting fillSimpleValue for entityName
17:59:17.842 [main] DEBUG org.hibernate.cfg.annotations.SimpleValueBinder - Starting fillSimpleValue for name
17:59:17.842 [main] DEBUG org.hibernate.cfg.annotations.SimpleValueBinder - Starting fillSimpleValue for photo
17:59:17.842 [main] DEBUG org.hibernate.cfg.annotations.SimpleValueBinder - Starting fillSimpleValue for id
17:59:17.842 [main] DEBUG org.hibernate.cfg.annotations.SimpleValueBinder - Starting fillSimpleValue for locale
17:59:17.842 [main] DEBUG org.hibernate.cfg.annotations.SimpleValueBinder - Starting fillSimpleValue for message
17:59:17.842 [main] DEBUG org.hibernate.cfg.annotations.SimpleValueBinder - Starting fillSimpleValue for msgKey
17:59:17.842 [main] DEBUG org.hibernate.cfg.annotations.SimpleValueBinder - Starting fillSimpleValue for id
17:59:17.842 [main] DEBUG org.hibernate.cfg.annotations.SimpleValueBinder - Starting fillSimpleValue for name
17:59:17.842 [main] DEBUG org.hibernate.cfg.annotations.SimpleValueBinder - Starting fillSimpleValue for id
17:59:17.842 [main] DEBUG org.hibernate.cfg.annotations.SimpleValueBinder - Starting fillSimpleValue for producerCategory
17:59:17.842 [main] DEBUG org.hibernate.cfg.annotations.SimpleValueBinder - Starting fillSimpleValue for producerName
17:59:17.842 [main] DEBUG org.hibernate.cfg.annotations.SimpleValueBinder - Starting fillSimpleValue for id
17:59:17.842 [main] DEBUG org.hibernate.cfg.annotations.SimpleValueBinder - Starting fillSimpleValue for category
17:59:17.842 [main] DEBUG org.hibernate.cfg.annotations.SimpleValueBinder - Starting fillSimpleValue for description
17:59:17.842 [main] DEBUG org.hibernate.cfg.annotations.SimpleValueBinder - Starting fillSimpleValue for name
17:59:17.842 [main] DEBUG org.hibernate.cfg.annotations.SimpleValueBinder - Starting fillSimpleValue for nominal
17:59:17.842 [main] DEBUG org.hibernate.cfg.annotations.SimpleValueBinder - Starting fillSimpleValue for nominalUnit
17:59:17.842 [main] DEBUG org.hibernate.cfg.annotations.SimpleValueBinder - Starting fillSimpleValue for photo
17:59:17.842 [main] DEBUG org.hibernate.cfg.annotations.SimpleValueBinder - Starting fillSimpleValue for power
17:59:17.842 [main] DEBUG org.hibernate.cfg.annotations.SimpleValueBinder - Starting fillSimpleValue for powerUnit
17:59:17.843 [main] DEBUG org.hibernate.cfg.annotations.SimpleValueBinder - Starting fillSimpleValue for price
17:59:17.843 [main] DEBUG org.hibernate.cfg.annotations.SimpleValueBinder - Starting fillSimpleValue for producer
17:59:17.843 [main] DEBUG org.hibernate.cfg.annotations.SimpleValueBinder - Starting fillSimpleValue for quantity
17:59:17.843 [main] DEBUG org.hibernate.cfg.annotations.SimpleValueBinder - Starting fillSimpleValue for rPackage
17:59:17.843 [main] DEBUG org.hibernate.cfg.annotations.SimpleValueBinder - Starting fillSimpleValue for rPrecision
17:59:17.843 [main] DEBUG org.hibernate.cfg.annotations.SimpleValueBinder - Starting fillSimpleValue for id
17:59:17.843 [main] DEBUG org.hibernate.cfg.annotations.SimpleValueBinder - Starting fillSimpleValue for category
17:59:17.843 [main] DEBUG org.hibernate.cfg.annotations.SimpleValueBinder - Starting fillSimpleValue for conductanceType
17:59:17.843 [main] DEBUG org.hibernate.cfg.annotations.SimpleValueBinder - Starting fillSimpleValue for description
17:59:17.843 [main] DEBUG org.hibernate.cfg.annotations.SimpleValueBinder - Starting fillSimpleValue for gain
17:59:17.843 [main] DEBUG org.hibernate.cfg.annotations.SimpleValueBinder - Starting fillSimpleValue for maxCurrent
17:59:17.843 [main] DEBUG org.hibernate.cfg.annotations.SimpleValueBinder - Starting fillSimpleValue for maxCurrentUnit
17:59:17.843 [main] DEBUG org.hibernate.cfg.annotations.SimpleValueBinder - Starting fillSimpleValue for name
17:59:17.843 [main] DEBUG org.hibernate.cfg.annotations.SimpleValueBinder - Starting fillSimpleValue for photo
17:59:17.843 [main] DEBUG org.hibernate.cfg.annotations.SimpleValueBinder - Starting fillSimpleValue for price
17:59:17.843 [main] DEBUG org.hibernate.cfg.annotations.SimpleValueBinder - Starting fillSimpleValue for producer
17:59:17.843 [main] DEBUG org.hibernate.cfg.annotations.SimpleValueBinder - Starting fillSimpleValue for quantity
17:59:17.843 [main] DEBUG org.hibernate.cfg.annotations.SimpleValueBinder - Starting fillSimpleValue for tPackage
17:59:17.843 [main] DEBUG org.hibernate.mapping.PrimaryKey - Forcing column [category_id] to be non-null as it is part of the primary key for table [category]
17:59:17.843 [main] DEBUG org.hibernate.mapping.PrimaryKey - Forcing column [id] to be non-null as it is part of the primary key for table [locale]
17:59:17.843 [main] DEBUG org.hibernate.mapping.PrimaryKey - Forcing column [id] to be non-null as it is part of the primary key for table [person]
17:59:17.843 [main] DEBUG org.hibernate.mapping.PrimaryKey - Forcing column [producer_id] to be non-null as it is part of the primary key for table [producer]
17:59:17.843 [main] DEBUG org.hibernate.mapping.PrimaryKey - Forcing column [resistor_id] to be non-null as it is part of the primary key for table [resistor]
17:59:17.843 [main] DEBUG org.hibernate.mapping.PrimaryKey - Forcing column [transistor_id] to be non-null as it is part of the primary key for table [transistor]
17:59:17.844 [main] TRACE org.hibernate.engine.jdbc.env.internal.NormalizingIdentifierHelperImpl - Normalizing identifier quoting [resistor_id]
17:59:17.844 [main] TRACE org.hibernate.engine.jdbc.env.internal.NormalizingIdentifierHelperImpl - Normalizing identifier quoting [resistor]
17:59:17.844 [main] TRACE org.hibernate.engine.jdbc.env.internal.NormalizingIdentifierHelperImpl - Normalizing identifier quoting [producer_id]
17:59:17.844 [main] TRACE org.hibernate.engine.jdbc.env.internal.NormalizingIdentifierHelperImpl - Normalizing identifier quoting [producer]
17:59:17.844 [main] TRACE org.hibernate.engine.jdbc.env.internal.NormalizingIdentifierHelperImpl - Normalizing identifier quoting [transistor_id]
17:59:17.844 [main] TRACE org.hibernate.engine.jdbc.env.internal.NormalizingIdentifierHelperImpl - Normalizing identifier quoting [transistor]
17:59:17.844 [main] TRACE org.hibernate.engine.jdbc.env.internal.NormalizingIdentifierHelperImpl - Normalizing identifier quoting [category_id]
17:59:17.844 [main] TRACE org.hibernate.engine.jdbc.env.internal.NormalizingIdentifierHelperImpl - Normalizing identifier quoting [category]
17:59:17.844 [main] TRACE org.hibernate.engine.jdbc.env.internal.NormalizingIdentifierHelperImpl - Normalizing identifier quoting [ID]
17:59:17.844 [main] TRACE org.hibernate.engine.jdbc.env.internal.NormalizingIdentifierHelperImpl - Normalizing identifier quoting [PERSON]
17:59:17.844 [main] TRACE org.hibernate.engine.jdbc.env.internal.NormalizingIdentifierHelperImpl - Normalizing identifier quoting [ID]
17:59:17.844 [main] TRACE org.hibernate.engine.jdbc.env.internal.NormalizingIdentifierHelperImpl - Normalizing identifier quoting [locale]
17:59:17.854 [main] TRACE org.hibernate.loader.BatchFetchStyle - Interpreting BatchFetchStyle from setting : null
17:59:17.866 [main] DEBUG org.hibernate.internal.SessionFactoryImpl - Building session factory
17:59:17.867 [main] DEBUG org.hibernate.cfg.Settings - SessionFactory name : null
17:59:17.867 [main] DEBUG org.hibernate.cfg.Settings - Automatic flush during beforeCompletion(): enabled
17:59:17.867 [main] DEBUG org.hibernate.cfg.Settings - Automatic session close at end of transaction: disabled
17:59:17.867 [main] DEBUG org.hibernate.cfg.Settings - Statistics: disabled
17:59:17.867 [main] DEBUG org.hibernate.cfg.Settings - Deleted entity synthetic identifier rollback: disabled
17:59:17.867 [main] DEBUG org.hibernate.cfg.Settings - Default entity-mode: pojo
17:59:17.867 [main] DEBUG org.hibernate.cfg.Settings - Check Nullability in Core (should be disabled when Bean Validation is on): enabled
17:59:17.867 [main] DEBUG org.hibernate.cfg.Settings - Allow initialization of lazy state outside session : disabled
17:59:17.867 [main] DEBUG org.hibernate.cfg.Settings - Using BatchFetchStyle : LEGACY
17:59:17.867 [main] DEBUG org.hibernate.cfg.Settings - Default batch fetch size: -1
17:59:17.867 [main] DEBUG org.hibernate.cfg.Settings - Maximum outer join fetch depth: 2
17:59:17.867 [main] DEBUG org.hibernate.cfg.Settings - Default null ordering: NONE
17:59:17.867 [main] DEBUG org.hibernate.cfg.Settings - Order SQL updates by primary key: disabled
17:59:17.867 [main] DEBUG org.hibernate.cfg.Settings - Order SQL inserts for batching: disabled
17:59:17.867 [main] DEBUG org.hibernate.cfg.Settings - multi-tenancy strategy : NONE
17:59:17.867 [main] DEBUG org.hibernate.cfg.Settings - JTA Track by Thread: enabled
17:59:17.867 [main] DEBUG org.hibernate.cfg.Settings - Query language substitutions: {}
17:59:17.867 [main] DEBUG org.hibernate.cfg.Settings - JPA query language strict compliance: disabled
17:59:17.867 [main] DEBUG org.hibernate.cfg.Settings - Named query checking : enabled
17:59:17.867 [main] DEBUG org.hibernate.cfg.Settings - Second-level cache: enabled
17:59:17.867 [main] DEBUG org.hibernate.cfg.Settings - Second-level query cache: enabled
17:59:17.867 [main] DEBUG org.hibernate.cfg.Settings - Second-level query cache factory: org.hibernate.cache.internal.StandardQueryCacheFactory@4ab550d5
17:59:17.868 [main] DEBUG org.hibernate.cfg.Settings - Second-level cache region prefix: null
17:59:17.868 [main] DEBUG org.hibernate.cfg.Settings - Optimize second-level cache for minimal puts: enabled
17:59:17.868 [main] DEBUG org.hibernate.cfg.Settings - Structured second-level cache entries: disabled
17:59:17.868 [main] DEBUG org.hibernate.cfg.Settings - Second-level cache direct-reference entries: disabled
17:59:17.868 [main] DEBUG org.hibernate.cfg.Settings - Automatic eviction of collection cache: disabled
17:59:17.868 [main] DEBUG org.hibernate.cfg.Settings - JDBC batch size: 15
17:59:17.868 [main] DEBUG org.hibernate.cfg.Settings - JDBC batch updates for versioned data: enabled
17:59:17.868 [main] DEBUG org.hibernate.cfg.Settings - Scrollable result sets: enabled
17:59:17.868 [main] DEBUG org.hibernate.cfg.Settings - Wrap result sets: disabled
17:59:17.868 [main] DEBUG org.hibernate.cfg.Settings - JDBC3 getGeneratedKeys(): enabled
17:59:17.868 [main] DEBUG org.hibernate.cfg.Settings - JDBC result set fetch size: null
17:59:17.868 [main] DEBUG org.hibernate.cfg.Settings - Connection release mode: ON_CLOSE
17:59:17.868 [main] DEBUG org.hibernate.cfg.Settings - Generate SQL with comments: disabled
17:59:17.868 [main] TRACE org.hibernate.service.internal.AbstractServiceRegistryImpl - Initializing service [role=org.hibernate.service.spi.SessionFactoryServiceRegistryFactory]
17:59:17.872 [main] TRACE org.hibernate.service.internal.AbstractServiceRegistryImpl - Initializing service [role=org.hibernate.event.service.spi.EventListenerRegistry]
17:59:17.911 [main] TRACE org.hibernate.service.internal.AbstractServiceRegistryImpl - Initializing service [role=org.hibernate.engine.spi.CacheImplementor]
17:59:17.966 [main] DEBUG org.ehcache.core.internal.service.ServiceLocator - Starting 16 Services...
17:59:17.969 [main] DEBUG org.ehcache.impl.internal.statistics.DefaultStatisticsService - Starting service
17:59:17.969 [main] DEBUG org.ehcache.core.internal.service.ServiceLocator - All Services successfully started, 16 Services in 5ms
17:59:17.969 [main] DEBUG org.ehcache.impl.internal.statistics.DefaultStatisticsService - Moving from UNINITIALIZED to AVAILABLE
17:59:17.970 [main] DEBUG org.ehcache.core.EhcacheManager - Initialize successful.
17:59:17.979 [main] DEBUG org.ehcache.jsr107.ConfigurationMerger - Using default Copier for JSR-107 store-by-value cache org.hibernate.cache.spi.UpdateTimestampsCache
17:59:17.980 [main] DEBUG org.ehcache.core.EhcacheManager - Creating Cache 'org.hibernate.cache.spi.UpdateTimestampsCache' in Eh107InternalCacheManager.
17:59:17.981 [main] DEBUG org.ehcache.impl.internal.spi.serialization.DefaultSerializationProvider - Serializer for <java.lang.Object> : org.ehcache.impl.serialization.PlainJavaSerializer@618ad2aa
17:59:17.981 [main] DEBUG org.ehcache.impl.internal.spi.serialization.DefaultSerializationProvider - Serializer for <java.lang.Object> : org.ehcache.impl.serialization.PlainJavaSerializer@5e671e20
17:59:18.026 [main] DEBUG org.ehcache.impl.internal.spi.copy.DefaultCopyProvider - Copier for <java.lang.Object> : org.ehcache.impl.copy.SerializingCopier@5477a1ca
17:59:18.026 [main] DEBUG org.ehcache.impl.internal.spi.copy.DefaultCopyProvider - Copier for <java.lang.Object> : org.ehcache.impl.copy.SerializingCopier@3ae9d1e2
17:59:18.089 [main] TRACE class org.ehcache.core.Ehcache-org.hibernate.cache.spi.UpdateTimestampsCache - Initializing
17:59:18.089 [main] DEBUG class org.ehcache.core.Ehcache-org.hibernate.cache.spi.UpdateTimestampsCache - Initialize successful.
17:59:18.089 [main] DEBUG org.ehcache.impl.internal.statistics.DefaultStatisticsService - Cache added org.hibernate.cache.spi.UpdateTimestampsCache
17:59:18.104 [main] INFO  org.ehcache.core.EhcacheManager - Cache 'org.hibernate.cache.spi.UpdateTimestampsCache' created in Eh107InternalCacheManager.
17:59:18.107 [main] INFO  org.hibernate.cache.spi.UpdateTimestampsCache - HHH000250: Starting update timestamps cache at region: org.hibernate.cache.spi.UpdateTimestampsCache
17:59:18.107 [main] DEBUG org.ehcache.jsr107.ConfigurationMerger - Using default Copier for JSR-107 store-by-value cache org.hibernate.cache.internal.StandardQueryCache
17:59:18.108 [main] DEBUG org.ehcache.core.EhcacheManager - Creating Cache 'org.hibernate.cache.internal.StandardQueryCache' in Eh107InternalCacheManager.
17:59:18.108 [main] DEBUG org.ehcache.impl.internal.spi.serialization.DefaultSerializationProvider - Serializer for <java.lang.Object> : org.ehcache.impl.serialization.PlainJavaSerializer@6726cc69
17:59:18.108 [main] DEBUG org.ehcache.impl.internal.spi.serialization.DefaultSerializationProvider - Serializer for <java.lang.Object> : org.ehcache.impl.serialization.PlainJavaSerializer@4b6d92e
17:59:18.108 [main] DEBUG org.ehcache.impl.internal.spi.copy.DefaultCopyProvider - Copier for <java.lang.Object> : org.ehcache.impl.copy.SerializingCopier@33899f7a
17:59:18.108 [main] DEBUG org.ehcache.impl.internal.spi.copy.DefaultCopyProvider - Copier for <java.lang.Object> : org.ehcache.impl.copy.SerializingCopier@7899de11
17:59:18.110 [main] TRACE class org.ehcache.core.Ehcache-org.hibernate.cache.internal.StandardQueryCache - Initializing
17:59:18.111 [main] DEBUG class org.ehcache.core.Ehcache-org.hibernate.cache.internal.StandardQueryCache - Initialize successful.
17:59:18.111 [main] DEBUG org.ehcache.impl.internal.statistics.DefaultStatisticsService - Cache added org.hibernate.cache.internal.StandardQueryCache
17:59:18.112 [main] INFO  org.ehcache.core.EhcacheManager - Cache 'org.hibernate.cache.internal.StandardQueryCache' created in Eh107InternalCacheManager.
17:59:18.113 [main] INFO  org.hibernate.cache.internal.StandardQueryCache - HHH000248: Starting query cache at region: org.hibernate.cache.internal.StandardQueryCache
17:59:18.120 [main] TRACE org.hibernate.type.TypeFactory - Scoping types to session factory org.hibernate.internal.SessionFactoryImpl@6920614
17:59:18.121 [main] DEBUG org.hibernate.internal.SessionFactoryImpl - Session factory constructed with filter configurations : {}
17:59:18.121 [main] DEBUG org.hibernate.internal.SessionFactoryImpl - Instantiating session factory with properties: {sun.desktop=gnome, awt.toolkit=sun.awt.X11.XToolkit, file.encoding.pkg=sun.io, java.specification.version=1.8, hibernate.connection.handling_mode=DELAYED_ACQUISITION_AND_HOLD, sun.cpu.isalist=, sun.jnu.encoding=UTF-8, hibernate.dialect=org.hibernate.dialect.MySQL5Dialect, java.class.path=/home/mihail/programs/project_mvn/eShop/eShop_repo/eshop/target/test-classes:/home/mihail/programs/project_mvn/eShop/eShop_repo/eshop/target/classes:/home/mihail/.m2/repository/org/hsqldb/hsqldb/2.5.0/hsqldb-2.5.0.jar:/home/mihail/.m2/repository/org/apache/commons/commons-dbcp2/2.7.0/commons-dbcp2-2.7.0.jar:/home/mihail/.m2/repository/org/apache/commons/commons-pool2/2.7.0/commons-pool2-2.7.0.jar:/home/mihail/.m2/repository/commons-logging/commons-logging/1.2/commons-logging-1.2.jar:/home/mihail/.m2/repository/org/apache/logging/log4j/log4j-api/2.11.1/log4j-api-2.11.1.jar:/home/mihail/.m2/repository/org/apache/logging/log4j/log4j-core/2.11.1/log4j-core-2.11.1.jar:/home/mihail/.m2/repository/org/apache/logging/log4j/log4j-jcl/2.11.1/log4j-jcl-2.11.1.jar:/home/mihail/.m2/repository/org/apache/logging/log4j/log4j-slf4j-impl/2.11.1/log4j-slf4j-impl-2.11.1.jar:/home/mihail/.m2/repository/org/slf4j/slf4j-api/1.7.25/slf4j-api-1.7.25.jar:/home/mihail/.m2/repository/org/apache/logging/log4j/log4j-taglib/2.11.1/log4j-taglib-2.11.1.jar:/home/mihail/.m2/repository/org/junit/jupiter/junit-jupiter/5.6.0/junit-jupiter-5.6.0.jar:/home/mihail/.m2/repository/org/junit/jupiter/junit-jupiter-api/5.6.0/junit-jupiter-api-5.6.0.jar:/home/mihail/.m2/repository/org/apiguardian/apiguardian-api/1.1.0/apiguardian-api-1.1.0.jar:/home/mihail/.m2/repository/org/opentest4j/opentest4j/1.2.0/opentest4j-1.2.0.jar:/home/mihail/.m2/repository/org/junit/platform/junit-platform-commons/1.6.0/junit-platform-commons-1.6.0.jar:/home/mihail/.m2/repository/org/junit/jupiter/junit-jupiter-params/5.6.0/junit-jupiter-params-5.6.0.jar:/home/mihail/.m2/repository/org/junit/jupiter/junit-jupiter-engine/5.6.0/junit-jupiter-engine-5.6.0.jar:/home/mihail/.m2/repository/org/junit/platform/junit-platform-engine/1.6.0/junit-platform-engine-1.6.0.jar:/home/mihail/.m2/repository/org/springframework/spring-core/5.2.0.RELEASE/spring-core-5.2.0.RELEASE.jar:/home/mihail/.m2/repository/org/springframework/spring-jcl/5.2.0.RELEASE/spring-jcl-5.2.0.RELEASE.jar:/home/mihail/.m2/repository/org/springframework/spring-context/5.0.4.RELEASE/spring-context-5.0.4.RELEASE.jar:/home/mihail/.m2/repository/org/springframework/spring-aop/5.0.4.RELEASE/spring-aop-5.0.4.RELEASE.jar:/home/mihail/.m2/repository/org/springframework/spring-beans/5.0.4.RELEASE/spring-beans-5.0.4.RELEASE.jar:/home/mihail/.m2/repository/org/springframework/spring-expression/5.0.4.RELEASE/spring-expression-5.0.4.RELEASE.jar:/home/mihail/.m2/repository/org/springframework/spring-jdbc/5.0.4.RELEASE/spring-jdbc-5.0.4.RELEASE.jar:/home/mihail/.m2/repository/org/springframework/spring-orm/5.0.4.RELEASE/spring-orm-5.0.4.RELEASE.jar:/home/mihail/.m2/repository/org/springframework/spring-web/5.0.4.RELEASE/spring-web-5.0.4.RELEASE.jar:/home/mihail/.m2/repository/org/springframework/spring-webmvc/5.0.4.RELEASE/spring-webmvc-5.0.4.RELEASE.jar:/home/mihail/.m2/repository/org/springframework/spring-websocket/5.0.4.RELEASE/spring-websocket-5.0.4.RELEASE.jar:/home/mihail/.m2/repository/org/springframework/spring-tx/5.0.4.RELEASE/spring-tx-5.0.4.RELEASE.jar:/home/mihail/.m2/repository/org/springframework/spring-context-support/5.0.4.RELEASE/spring-context-support-5.0.4.RELEASE.jar:/home/mihail/.m2/repository/org/springframework/ws/spring-ws-core/3.0.1.RELEASE/spring-ws-core-3.0.1.RELEASE.jar:/home/mihail/.m2/repository/org/springframework/ws/spring-xml/3.0.1.RELEASE/spring-xml-3.0.1.RELEASE.jar:/home/mihail/.m2/repository/org/springframework/spring-oxm/5.0.4.RELEASE/spring-oxm-5.0.4.RELEASE.jar:/home/mihail/.m2/repository/commons-io/commons-io/2.5/commons-io-2.5.jar:/home/mihail/.m2/repository/org/springframework/spring-test/5.2.3.RELEASE/spring-test-5.2.3.RELEASE.jar:/home/mihail/.m2/repository/javax/servlet/javax.servlet-api/3.1.0/javax.servlet-api-3.1.0.jar:/home/mihail/.m2/repository/org/hibernate/hibernate-core/5.2.13.Final/hibernate-core-5.2.13.Final.jar:/home/mihail/.m2/repository/org/jboss/logging/jboss-logging/3.3.1.Final/jboss-logging-3.3.1.Final.jar:/home/mihail/.m2/repository/org/hibernate/javax/persistence/hibernate-jpa-2.1-api/1.0.0.Final/hibernate-jpa-2.1-api-1.0.0.Final.jar:/home/mihail/.m2/repository/org/javassist/javassist/3.22.0-GA/javassist-3.22.0-GA.jar:/home/mihail/.m2/repository/antlr/antlr/2.7.7/antlr-2.7.7.jar:/home/mihail/.m2/repository/org/jboss/spec/javax/transaction/jboss-transaction-api_1.2_spec/1.0.1.Final/jboss-transaction-api_1.2_spec-1.0.1.Final.jar:/home/mihail/.m2/repository/org/jboss/jandex/2.0.3.Final/jandex-2.0.3.Final.jar:/home/mihail/.m2/repository/com/fasterxml/classmate/1.3.0/classmate-1.3.0.jar:/home/mihail/.m2/repository/dom4j/dom4j/1.6.1/dom4j-1.6.1.jar:/home/mihail/.m2/repository/org/hibernate/common/hibernate-commons-annotations/5.0.1.Final/hibernate-commons-annotations-5.0.1.Final.jar:/home/mihail/.m2/repository/org/hibernate/hibernate-jcache/5.2.10.Final/hibernate-jcache-5.2.10.Final.jar:/home/mihail/.m2/repository/javax/cache/cache-api/1.0.0/cache-api-1.0.0.jar:/home/mihail/.m2/repository/org/ehcache/ehcache/3.3.1/ehcache-3.3.1.jar:/home/mihail/.m2/repository/com/fasterxml/jackson/core/jackson-databind/2.9.4/jackson-databind-2.9.4.jar:/home/mihail/.m2/repository/com/fasterxml/jackson/core/jackson-annotations/2.9.0/jackson-annotations-2.9.0.jar:/home/mihail/.m2/repository/com/fasterxml/jackson/core/jackson-core/2.9.4/jackson-core-2.9.4.jar:/home/mihail/.m2/repository/org/thymeleaf/thymeleaf/3.0.9.RELEASE/thymeleaf-3.0.9.RELEASE.jar:/home/mihail/.m2/repository/ognl/ognl/3.1.12/ognl-3.1.12.jar:/home/mihail/.m2/repository/org/attoparser/attoparser/2.0.4.RELEASE/attoparser-2.0.4.RELEASE.jar:/home/mihail/.m2/repository/org/unbescape/unbescape/1.1.5.RELEASE/unbescape-1.1.5.RELEASE.jar:/home/mihail/.m2/repository/org/thymeleaf/thymeleaf-spring5/3.0.9.RELEASE/thymeleaf-spring5-3.0.9.RELEASE.jar:, java.vm.vendor=Oracle Corporation, sun.arch.data.model=64, java.vendor.url=http://java.oracle.com/, user.timezone=Europe/Moscow, os.name=Linux, java.vm.specification.version=1.8, user.country=RU, sun.java.launcher=SUN_STANDARD, sun.boot.library.path=/usr/lib/jvm/jdk-8u211-linux-x64/jdk1.8.0_211/jre/lib/amd64, sun.java.command=/home/mihail/programs/project_mvn/eShop/eShop_repo/eshop/target/surefire/surefirebooter5552332246516877536.jar /home/mihail/programs/project_mvn/eShop/eShop_repo/eshop/target/surefire/surefire637262464480284067tmp /home/mihail/programs/project_mvn/eShop/eShop_repo/eshop/target/surefire/surefire_02450850484246564765tmp, surefire.test.class.path=/home/mihail/programs/project_mvn/eShop/eShop_repo/eshop/target/test-classes:/home/mihail/programs/project_mvn/eShop/eShop_repo/eshop/target/classes:/home/mihail/.m2/repository/org/hsqldb/hsqldb/2.5.0/hsqldb-2.5.0.jar:/home/mihail/.m2/repository/org/apache/commons/commons-dbcp2/2.7.0/commons-dbcp2-2.7.0.jar:/home/mihail/.m2/repository/org/apache/commons/commons-pool2/2.7.0/commons-pool2-2.7.0.jar:/home/mihail/.m2/repository/commons-logging/commons-logging/1.2/commons-logging-1.2.jar:/home/mihail/.m2/repository/org/apache/logging/log4j/log4j-api/2.11.1/log4j-api-2.11.1.jar:/home/mihail/.m2/repository/org/apache/logging/log4j/log4j-core/2.11.1/log4j-core-2.11.1.jar:/home/mihail/.m2/repository/org/apache/logging/log4j/log4j-jcl/2.11.1/log4j-jcl-2.11.1.jar:/home/mihail/.m2/repository/org/apache/logging/log4j/log4j-slf4j-impl/2.11.1/log4j-slf4j-impl-2.11.1.jar:/home/mihail/.m2/repository/org/slf4j/slf4j-api/1.7.25/slf4j-api-1.7.25.jar:/home/mihail/.m2/repository/org/apache/logging/log4j/log4j-taglib/2.11.1/log4j-taglib-2.11.1.jar:/home/mihail/.m2/repository/org/junit/jupiter/junit-jupiter/5.6.0/junit-jupiter-5.6.0.jar:/home/mihail/.m2/repository/org/junit/jupiter/junit-jupiter-api/5.6.0/junit-jupiter-api-5.6.0.jar:/home/mihail/.m2/repository/org/apiguardian/apiguardian-api/1.1.0/apiguardian-api-1.1.0.jar:/home/mihail/.m2/repository/org/opentest4j/opentest4j/1.2.0/opentest4j-1.2.0.jar:/home/mihail/.m2/repository/org/junit/platform/junit-platform-commons/1.6.0/junit-platform-commons-1.6.0.jar:/home/mihail/.m2/repository/org/junit/jupiter/junit-jupiter-params/5.6.0/junit-jupiter-params-5.6.0.jar:/home/mihail/.m2/repository/org/junit/jupiter/junit-jupiter-engine/5.6.0/junit-jupiter-engine-5.6.0.jar:/home/mihail/.m2/repository/org/junit/platform/junit-platform-engine/1.6.0/junit-platform-engine-1.6.0.jar:/home/mihail/.m2/repository/org/springframework/spring-core/5.2.0.RELEASE/spring-core-5.2.0.RELEASE.jar:/home/mihail/.m2/repository/org/springframework/spring-jcl/5.2.0.RELEASE/spring-jcl-5.2.0.RELEASE.jar:/home/mihail/.m2/repository/org/springframework/spring-context/5.0.4.RELEASE/spring-context-5.0.4.RELEASE.jar:/home/mihail/.m2/repository/org/springframework/spring-aop/5.0.4.RELEASE/spring-aop-5.0.4.RELEASE.jar:/home/mihail/.m2/repository/org/springframework/spring-beans/5.0.4.RELEASE/spring-beans-5.0.4.RELEASE.jar:/home/mihail/.m2/repository/org/springframework/spring-expression/5.0.4.RELEASE/spring-expression-5.0.4.RELEASE.jar:/home/mihail/.m2/repository/org/springframework/spring-jdbc/5.0.4.RELEASE/spring-jdbc-5.0.4.RELEASE.jar:/home/mihail/.m2/repository/org/springframework/spring-orm/5.0.4.RELEASE/spring-orm-5.0.4.RELEASE.jar:/home/mihail/.m2/repository/org/springframework/spring-web/5.0.4.RELEASE/spring-web-5.0.4.RELEASE.jar:/home/mihail/.m2/repository/org/springframework/spring-webmvc/5.0.4.RELEASE/spring-webmvc-5.0.4.RELEASE.jar:/home/mihail/.m2/repository/org/springframework/spring-websocket/5.0.4.RELEASE/spring-websocket-5.0.4.RELEASE.jar:/home/mihail/.m2/repository/org/springframework/spring-tx/5.0.4.RELEASE/spring-tx-5.0.4.RELEASE.jar:/home/mihail/.m2/repository/org/springframework/spring-context-support/5.0.4.RELEASE/spring-context-support-5.0.4.RELEASE.jar:/home/mihail/.m2/repository/org/springframework/ws/spring-ws-core/3.0.1.RELEASE/spring-ws-core-3.0.1.RELEASE.jar:/home/mihail/.m2/repository/org/springframework/ws/spring-xml/3.0.1.RELEASE/spring-xml-3.0.1.RELEASE.jar:/home/mihail/.m2/repository/org/springframework/spring-oxm/5.0.4.RELEASE/spring-oxm-5.0.4.RELEASE.jar:/home/mihail/.m2/repository/commons-io/commons-io/2.5/commons-io-2.5.jar:/home/mihail/.m2/repository/org/springframework/spring-test/5.2.3.RELEASE/spring-test-5.2.3.RELEASE.jar:/home/mihail/.m2/repository/javax/servlet/javax.servlet-api/3.1.0/javax.servlet-api-3.1.0.jar:/home/mihail/.m2/repository/org/hibernate/hibernate-core/5.2.13.Final/hibernate-core-5.2.13.Final.jar:/home/mihail/.m2/repository/org/jboss/logging/jboss-logging/3.3.1.Final/jboss-logging-3.3.1.Final.jar:/home/mihail/.m2/repository/org/hibernate/javax/persistence/hibernate-jpa-2.1-api/1.0.0.Final/hibernate-jpa-2.1-api-1.0.0.Final.jar:/home/mihail/.m2/repository/org/javassist/javassist/3.22.0-GA/javassist-3.22.0-GA.jar:/home/mihail/.m2/repository/antlr/antlr/2.7.7/antlr-2.7.7.jar:/home/mihail/.m2/repository/org/jboss/spec/javax/transaction/jboss-transaction-api_1.2_spec/1.0.1.Final/jboss-transaction-api_1.2_spec-1.0.1.Final.jar:/home/mihail/.m2/repository/org/jboss/jandex/2.0.3.Final/jandex-2.0.3.Final.jar:/home/mihail/.m2/repository/com/fasterxml/classmate/1.3.0/classmate-1.3.0.jar:/home/mihail/.m2/repository/dom4j/dom4j/1.6.1/dom4j-1.6.1.jar:/home/mihail/.m2/repository/org/hibernate/common/hibernate-commons-annotations/5.0.1.Final/hibernate-commons-annotations-5.0.1.Final.jar:/home/mihail/.m2/repository/org/hibernate/hibernate-jcache/5.2.10.Final/hibernate-jcache-5.2.10.Final.jar:/home/mihail/.m2/repository/javax/cache/cache-api/1.0.0/cache-api-1.0.0.jar:/home/mihail/.m2/repository/org/ehcache/ehcache/3.3.1/ehcache-3.3.1.jar:/home/mihail/.m2/repository/com/fasterxml/jackson/core/jackson-databind/2.9.4/jackson-databind-2.9.4.jar:/home/mihail/.m2/repository/com/fasterxml/jackson/core/jackson-annotations/2.9.0/jackson-annotations-2.9.0.jar:/home/mihail/.m2/repository/com/fasterxml/jackson/core/jackson-core/2.9.4/jackson-core-2.9.4.jar:/home/mihail/.m2/repository/org/thymeleaf/thymeleaf/3.0.9.RELEASE/thymeleaf-3.0.9.RELEASE.jar:/home/mihail/.m2/repository/ognl/ognl/3.1.12/ognl-3.1.12.jar:/home/mihail/.m2/repository/org/attoparser/attoparser/2.0.4.RELEASE/attoparser-2.0.4.RELEASE.jar:/home/mihail/.m2/repository/org/unbescape/unbescape/1.1.5.RELEASE/unbescape-1.1.5.RELEASE.jar:/home/mihail/.m2/repository/org/thymeleaf/thymeleaf-spring5/3.0.9.RELEASE/thymeleaf-spring5-3.0.9.RELEASE.jar:, sun.cpu.endian=little, user.home=/home/mihail, user.language=ru, java.specification.vendor=Oracle Corporation, java.home=/usr/lib/jvm/jdk-8u211-linux-x64/jdk1.8.0_211/jre, basedir=/home/mihail/programs/project_mvn/eShop/eShop_repo/eshop, file.separator=/, line.separator=
, java.vm.specification.vendor=Oracle Corporation, java.specification.name=Java Platform API Specification, java.awt.graphicsenv=sun.awt.X11GraphicsEnvironment, hibernate.cache.region.factory_class=org.hibernate.cache.jcache.JCacheRegionFactory, surefire.real.class.path=/home/mihail/programs/project_mvn/eShop/eShop_repo/eshop/target/surefire/surefirebooter5552332246516877536.jar, sun.boot.class.path=/usr/lib/jvm/jdk-8u211-linux-x64/jdk1.8.0_211/jre/lib/resources.jar:/usr/lib/jvm/jdk-8u211-linux-x64/jdk1.8.0_211/jre/lib/rt.jar:/usr/lib/jvm/jdk-8u211-linux-x64/jdk1.8.0_211/jre/lib/sunrsasign.jar:/usr/lib/jvm/jdk-8u211-linux-x64/jdk1.8.0_211/jre/lib/jsse.jar:/usr/lib/jvm/jdk-8u211-linux-x64/jdk1.8.0_211/jre/lib/jce.jar:/usr/lib/jvm/jdk-8u211-linux-x64/jdk1.8.0_211/jre/lib/charsets.jar:/usr/lib/jvm/jdk-8u211-linux-x64/jdk1.8.0_211/jre/lib/jfr.jar:/usr/lib/jvm/jdk-8u211-linux-x64/jdk1.8.0_211/jre/classes, hibernate.hbm2ddl.auto=create-drop, sun.management.compiler=HotSpot 64-Bit Tiered Compilers, java.runtime.version=1.8.0_211-b12, hibernate.cache.use_query_cache=true, user.name=mihail, path.separator=:, os.version=5.3.0-26-generic, java.endorsed.dirs=/usr/lib/jvm/jdk-8u211-linux-x64/jdk1.8.0_211/jre/lib/endorsed, java.runtime.name=Java(TM) SE Runtime Environment, hibernate.connection.url=jdbc:hsqldb:file:mymemdb;ifexists=false;sql.syntax_mys=true, file.encoding=UTF-8, java.vm.name=Java HotSpot(TM) 64-Bit Server VM, hibernate.classLoaders=[sun.misc.Launcher$AppClassLoader@3d4eac69], hibernate.current_session_context_class=org.springframework.orm.hibernate5.SpringSessionContext, localRepository=/home/mihail/.m2/repository, java.vendor.url.bug=http://bugreport.sun.com/bugreport/, java.io.tmpdir=/tmp, java.version=1.8.0_211, user.dir=/home/mihail/programs/project_mvn/eShop/eShop_repo/eshop, os.arch=amd64, java.vm.specification.name=Java Virtual Machine Specification, java.awt.printerjob=sun.print.PSPrinterJob, javax.persistence.schema-generation.database.action=drop-and-create, sun.os.patch.level=unknown, hibernate.boot.CfgXmlAccessService.key=org.hibernate.boot.cfgxml.spi.LoadedConfig@558756be, hibernate.cache.use_second_level_cache=true, java.library.path=/usr/java/packages/lib/amd64:/usr/lib64:/lib64:/lib:/usr/lib, java.vm.info=mixed mode, java.vendor=Oracle Corporation, java.vm.version=25.211-b12, hibernate.bytecode.use_reflection_optimizer=false, hibernate.connection.datasource=org.apache.commons.dbcp2.BasicDataSource@3c435123, java.ext.dirs=/usr/lib/jvm/jdk-8u211-linux-x64/jdk1.8.0_211/jre/lib/ext:/usr/java/packages/lib/ext, sun.io.unicode.encoding=UnicodeLittle, java.class.version=52.0, hibernate.javax.cache.provider=org.ehcache.jsr107.EhcacheCachingProvider}
17:59:18.127 [main] TRACE org.hibernate.service.internal.AbstractServiceRegistryImpl - Initializing service [role=org.hibernate.engine.query.spi.NativeQueryInterpreter]
17:59:18.132 [main] DEBUG org.hibernate.secure.spi.JaccIntegrator - Skipping JACC integration as it was not enabled
17:59:18.138 [main] DEBUG org.hibernate.internal.SessionFactoryImpl - Instantiated session factory
17:59:18.150 [main] TRACE org.hibernate.service.internal.AbstractServiceRegistryImpl - Initializing service [role=org.hibernate.persister.spi.PersisterFactory]
17:59:18.152 [main] TRACE org.hibernate.service.internal.AbstractServiceRegistryImpl - Initializing service [role=org.hibernate.persister.spi.PersisterClassResolver]
17:59:18.166 [main] TRACE org.hibernate.service.internal.AbstractServiceRegistryImpl - Initializing service [role=org.hibernate.property.access.spi.PropertyAccessStrategyResolver]
17:59:18.168 [main] DEBUG org.hibernate.boot.internal.ClassLoaderAccessImpl - Not known whether passed class name [com.soft.entity.ResistorEntity] is safe
17:59:18.168 [main] DEBUG org.hibernate.boot.internal.ClassLoaderAccessImpl - No temp ClassLoader provided; using live ClassLoader for loading potentially unsafe class : com.soft.entity.ResistorEntity
17:59:18.177 [main] DEBUG org.hibernate.boot.internal.ClassLoaderAccessImpl - Not known whether passed class name [com.soft.entity.ResistorEntity] is safe
17:59:18.177 [main] DEBUG org.hibernate.boot.internal.ClassLoaderAccessImpl - No temp ClassLoader provided; using live ClassLoader for loading potentially unsafe class : com.soft.entity.ResistorEntity
17:59:18.219 [main] TRACE org.hibernate.persister.entity.AbstractPropertyMapping - Skipping duplicate registration of path [category], existing type = [org.hibernate.type.IntegerType@5707c1cb], incoming type = [org.hibernate.type.IntegerType@5707c1cb]
17:59:18.219 [main] TRACE org.hibernate.persister.entity.AbstractPropertyMapping - Skipping duplicate registration of path [description], existing type = [org.hibernate.type.StringType@15bcf458], incoming type = [org.hibernate.type.StringType@15bcf458]
17:59:18.219 [main] TRACE org.hibernate.persister.entity.AbstractPropertyMapping - Skipping duplicate registration of path [name], existing type = [org.hibernate.type.StringType@15bcf458], incoming type = [org.hibernate.type.StringType@15bcf458]
17:59:18.219 [main] TRACE org.hibernate.persister.entity.AbstractPropertyMapping - Skipping duplicate registration of path [nominal], existing type = [org.hibernate.type.DoubleType@702ed190], incoming type = [org.hibernate.type.DoubleType@702ed190]
17:59:18.219 [main] TRACE org.hibernate.persister.entity.AbstractPropertyMapping - Skipping duplicate registration of path [nominalUnit], existing type = [org.hibernate.type.IntegerType@5707c1cb], incoming type = [org.hibernate.type.IntegerType@5707c1cb]
17:59:18.219 [main] TRACE org.hibernate.persister.entity.AbstractPropertyMapping - Skipping duplicate registration of path [photo], existing type = [org.hibernate.type.BinaryType@6e0ff644], incoming type = [org.hibernate.type.BinaryType@6e0ff644]
17:59:18.219 [main] TRACE org.hibernate.persister.entity.AbstractPropertyMapping - Skipping duplicate registration of path [power], existing type = [org.hibernate.type.DoubleType@702ed190], incoming type = [org.hibernate.type.DoubleType@702ed190]
17:59:18.219 [main] TRACE org.hibernate.persister.entity.AbstractPropertyMapping - Skipping duplicate registration of path [powerUnit], existing type = [org.hibernate.type.IntegerType@5707c1cb], incoming type = [org.hibernate.type.IntegerType@5707c1cb]
17:59:18.219 [main] TRACE org.hibernate.persister.entity.AbstractPropertyMapping - Skipping duplicate registration of path [price], existing type = [org.hibernate.type.DoubleType@702ed190], incoming type = [org.hibernate.type.DoubleType@702ed190]
17:59:18.220 [main] TRACE org.hibernate.persister.entity.AbstractPropertyMapping - Skipping duplicate registration of path [producer], existing type = [org.hibernate.type.IntegerType@5707c1cb], incoming type = [org.hibernate.type.IntegerType@5707c1cb]
17:59:18.220 [main] TRACE org.hibernate.persister.entity.AbstractPropertyMapping - Skipping duplicate registration of path [quantity], existing type = [org.hibernate.type.IntegerType@5707c1cb], incoming type = [org.hibernate.type.IntegerType@5707c1cb]
17:59:18.220 [main] TRACE org.hibernate.persister.entity.AbstractPropertyMapping - Skipping duplicate registration of path [rPackage], existing type = [org.hibernate.type.IntegerType@5707c1cb], incoming type = [org.hibernate.type.IntegerType@5707c1cb]
17:59:18.220 [main] TRACE org.hibernate.persister.entity.AbstractPropertyMapping - Skipping duplicate registration of path [rPrecision], existing type = [org.hibernate.type.DoubleType@702ed190], incoming type = [org.hibernate.type.DoubleType@702ed190]
17:59:18.220 [main] TRACE org.hibernate.persister.entity.AbstractPropertyMapping - Skipping duplicate registration of path [id], existing type = [org.hibernate.type.LongType@72efb5c1], incoming type = [org.hibernate.type.LongType@72efb5c1]
17:59:18.223 [main] TRACE org.hibernate.internal.CacheImpl - Building shared cache region for entity data [com.soft.entity.ProducerEntity]
17:59:18.223 [main] DEBUG org.ehcache.jsr107.ConfigurationMerger - Using default Copier for JSR-107 store-by-value cache com.soft.entity.ProducerEntity
17:59:18.224 [main] DEBUG org.ehcache.core.EhcacheManager - Creating Cache 'com.soft.entity.ProducerEntity' in Eh107InternalCacheManager.
17:59:18.224 [main] DEBUG org.ehcache.impl.internal.spi.serialization.DefaultSerializationProvider - Serializer for <java.lang.Object> : org.ehcache.impl.serialization.PlainJavaSerializer@765ffb14
17:59:18.224 [main] DEBUG org.ehcache.impl.internal.spi.serialization.DefaultSerializationProvider - Serializer for <java.lang.Object> : org.ehcache.impl.serialization.PlainJavaSerializer@57562473
17:59:18.224 [main] DEBUG org.ehcache.impl.internal.spi.copy.DefaultCopyProvider - Copier for <java.lang.Object> : org.ehcache.impl.copy.SerializingCopier@7a360554
17:59:18.224 [main] DEBUG org.ehcache.impl.internal.spi.copy.DefaultCopyProvider - Copier for <java.lang.Object> : org.ehcache.impl.copy.SerializingCopier@424de326
17:59:18.227 [main] TRACE class org.ehcache.core.Ehcache-com.soft.entity.ProducerEntity - Initializing
17:59:18.227 [main] DEBUG class org.ehcache.core.Ehcache-com.soft.entity.ProducerEntity - Initialize successful.
17:59:18.227 [main] DEBUG org.ehcache.impl.internal.statistics.DefaultStatisticsService - Cache added com.soft.entity.ProducerEntity
17:59:18.229 [main] INFO  org.ehcache.core.EhcacheManager - Cache 'com.soft.entity.ProducerEntity' created in Eh107InternalCacheManager.
17:59:18.231 [main] DEBUG org.hibernate.boot.internal.ClassLoaderAccessImpl - Not known whether passed class name [com.soft.entity.ProducerEntity] is safe
17:59:18.231 [main] DEBUG org.hibernate.boot.internal.ClassLoaderAccessImpl - No temp ClassLoader provided; using live ClassLoader for loading potentially unsafe class : com.soft.entity.ProducerEntity
17:59:18.232 [main] DEBUG org.hibernate.boot.internal.ClassLoaderAccessImpl - Not known whether passed class name [com.soft.entity.ProducerEntity] is safe
17:59:18.232 [main] DEBUG org.hibernate.boot.internal.ClassLoaderAccessImpl - No temp ClassLoader provided; using live ClassLoader for loading potentially unsafe class : com.soft.entity.ProducerEntity
17:59:18.239 [main] TRACE org.hibernate.persister.entity.AbstractPropertyMapping - Skipping duplicate registration of path [producerCategory], existing type = [org.hibernate.type.IntegerType@5707c1cb], incoming type = [org.hibernate.type.IntegerType@5707c1cb]
17:59:18.240 [main] TRACE org.hibernate.persister.entity.AbstractPropertyMapping - Skipping duplicate registration of path [producerName], existing type = [org.hibernate.type.StringType@15bcf458], incoming type = [org.hibernate.type.StringType@15bcf458]
17:59:18.240 [main] TRACE org.hibernate.persister.entity.AbstractPropertyMapping - Skipping duplicate registration of path [id], existing type = [org.hibernate.type.LongType@72efb5c1], incoming type = [org.hibernate.type.LongType@72efb5c1]
17:59:18.240 [main] DEBUG org.hibernate.boot.internal.ClassLoaderAccessImpl - Not known whether passed class name [com.soft.entity.TransistorEntity] is safe
17:59:18.241 [main] DEBUG org.hibernate.boot.internal.ClassLoaderAccessImpl - No temp ClassLoader provided; using live ClassLoader for loading potentially unsafe class : com.soft.entity.TransistorEntity
17:59:18.241 [main] DEBUG org.hibernate.boot.internal.ClassLoaderAccessImpl - Not known whether passed class name [com.soft.entity.TransistorEntity] is safe
17:59:18.242 [main] DEBUG org.hibernate.boot.internal.ClassLoaderAccessImpl - No temp ClassLoader provided; using live ClassLoader for loading potentially unsafe class : com.soft.entity.TransistorEntity
17:59:18.249 [main] TRACE org.hibernate.persister.entity.AbstractPropertyMapping - Skipping duplicate registration of path [category], existing type = [org.hibernate.type.IntegerType@5707c1cb], incoming type = [org.hibernate.type.IntegerType@5707c1cb]
17:59:18.250 [main] TRACE org.hibernate.persister.entity.AbstractPropertyMapping - Skipping duplicate registration of path [conductanceType], existing type = [org.hibernate.type.StringType@15bcf458], incoming type = [org.hibernate.type.StringType@15bcf458]
17:59:18.250 [main] TRACE org.hibernate.persister.entity.AbstractPropertyMapping - Skipping duplicate registration of path [description], existing type = [org.hibernate.type.StringType@15bcf458], incoming type = [org.hibernate.type.StringType@15bcf458]
17:59:18.250 [main] TRACE org.hibernate.persister.entity.AbstractPropertyMapping - Skipping duplicate registration of path [gain], existing type = [org.hibernate.type.DoubleType@702ed190], incoming type = [org.hibernate.type.DoubleType@702ed190]
17:59:18.250 [main] TRACE org.hibernate.persister.entity.AbstractPropertyMapping - Skipping duplicate registration of path [maxCurrent], existing type = [org.hibernate.type.DoubleType@702ed190], incoming type = [org.hibernate.type.DoubleType@702ed190]
17:59:18.250 [main] TRACE org.hibernate.persister.entity.AbstractPropertyMapping - Skipping duplicate registration of path [maxCurrentUnit], existing type = [org.hibernate.type.IntegerType@5707c1cb], incoming type = [org.hibernate.type.IntegerType@5707c1cb]
17:59:18.250 [main] TRACE org.hibernate.persister.entity.AbstractPropertyMapping - Skipping duplicate registration of path [name], existing type = [org.hibernate.type.StringType@15bcf458], incoming type = [org.hibernate.type.StringType@15bcf458]
17:59:18.251 [main] TRACE org.hibernate.persister.entity.AbstractPropertyMapping - Skipping duplicate registration of path [photo], existing type = [org.hibernate.type.BinaryType@6e0ff644], incoming type = [org.hibernate.type.BinaryType@6e0ff644]
17:59:18.251 [main] TRACE org.hibernate.persister.entity.AbstractPropertyMapping - Skipping duplicate registration of path [price], existing type = [org.hibernate.type.DoubleType@702ed190], incoming type = [org.hibernate.type.DoubleType@702ed190]
17:59:18.251 [main] TRACE org.hibernate.persister.entity.AbstractPropertyMapping - Skipping duplicate registration of path [producer], existing type = [org.hibernate.type.IntegerType@5707c1cb], incoming type = [org.hibernate.type.IntegerType@5707c1cb]
17:59:18.252 [main] TRACE org.hibernate.persister.entity.AbstractPropertyMapping - Skipping duplicate registration of path [quantity], existing type = [org.hibernate.type.IntegerType@5707c1cb], incoming type = [org.hibernate.type.IntegerType@5707c1cb]
17:59:18.252 [main] TRACE org.hibernate.persister.entity.AbstractPropertyMapping - Skipping duplicate registration of path [tPackage], existing type = [org.hibernate.type.IntegerType@5707c1cb], incoming type = [org.hibernate.type.IntegerType@5707c1cb]
17:59:18.252 [main] TRACE org.hibernate.persister.entity.AbstractPropertyMapping - Skipping duplicate registration of path [id], existing type = [org.hibernate.type.LongType@72efb5c1], incoming type = [org.hibernate.type.LongType@72efb5c1]
17:59:18.253 [main] TRACE org.hibernate.internal.CacheImpl - Building shared cache region for entity data [com.soft.entity.CategoryEntity]
17:59:18.254 [main] DEBUG org.ehcache.jsr107.ConfigurationMerger - Using default Copier for JSR-107 store-by-value cache com.soft.entity.CategoryEntity
17:59:18.254 [main] DEBUG org.ehcache.core.EhcacheManager - Creating Cache 'com.soft.entity.CategoryEntity' in Eh107InternalCacheManager.
17:59:18.254 [main] DEBUG org.ehcache.impl.internal.spi.serialization.DefaultSerializationProvider - Serializer for <java.lang.Object> : org.ehcache.impl.serialization.PlainJavaSerializer@6920b0bc
17:59:18.254 [main] DEBUG org.ehcache.impl.internal.spi.serialization.DefaultSerializationProvider - Serializer for <java.lang.Object> : org.ehcache.impl.serialization.PlainJavaSerializer@65f651eb
17:59:18.254 [main] DEBUG org.ehcache.impl.internal.spi.copy.DefaultCopyProvider - Copier for <java.lang.Object> : org.ehcache.impl.copy.SerializingCopier@69923ac3
17:59:18.254 [main] DEBUG org.ehcache.impl.internal.spi.copy.DefaultCopyProvider - Copier for <java.lang.Object> : org.ehcache.impl.copy.SerializingCopier@1f1ff879
17:59:18.261 [main] TRACE class org.ehcache.core.Ehcache-com.soft.entity.CategoryEntity - Initializing
17:59:18.261 [main] DEBUG class org.ehcache.core.Ehcache-com.soft.entity.CategoryEntity - Initialize successful.
17:59:18.261 [main] DEBUG org.ehcache.impl.internal.statistics.DefaultStatisticsService - Cache added com.soft.entity.CategoryEntity
17:59:18.262 [main] INFO  org.ehcache.core.EhcacheManager - Cache 'com.soft.entity.CategoryEntity' created in Eh107InternalCacheManager.
17:59:18.262 [main] DEBUG org.hibernate.boot.internal.ClassLoaderAccessImpl - Not known whether passed class name [com.soft.entity.CategoryEntity] is safe
17:59:18.263 [main] DEBUG org.hibernate.boot.internal.ClassLoaderAccessImpl - No temp ClassLoader provided; using live ClassLoader for loading potentially unsafe class : com.soft.entity.CategoryEntity
17:59:18.263 [main] DEBUG org.hibernate.boot.internal.ClassLoaderAccessImpl - Not known whether passed class name [com.soft.entity.CategoryEntity] is safe
17:59:18.263 [main] DEBUG org.hibernate.boot.internal.ClassLoaderAccessImpl - No temp ClassLoader provided; using live ClassLoader for loading potentially unsafe class : com.soft.entity.CategoryEntity
17:59:18.266 [main] TRACE org.hibernate.persister.entity.AbstractPropertyMapping - Skipping duplicate registration of path [entityName], existing type = [org.hibernate.type.StringType@15bcf458], incoming type = [org.hibernate.type.StringType@15bcf458]
17:59:18.266 [main] TRACE org.hibernate.persister.entity.AbstractPropertyMapping - Skipping duplicate registration of path [name], existing type = [org.hibernate.type.StringType@15bcf458], incoming type = [org.hibernate.type.StringType@15bcf458]
17:59:18.266 [main] TRACE org.hibernate.persister.entity.AbstractPropertyMapping - Skipping duplicate registration of path [photo], existing type = [org.hibernate.type.BinaryType@6e0ff644], incoming type = [org.hibernate.type.BinaryType@6e0ff644]
17:59:18.266 [main] TRACE org.hibernate.persister.entity.AbstractPropertyMapping - Skipping duplicate registration of path [id], existing type = [org.hibernate.type.LongType@72efb5c1], incoming type = [org.hibernate.type.LongType@72efb5c1]
17:59:18.266 [main] DEBUG org.hibernate.boot.internal.ClassLoaderAccessImpl - Not known whether passed class name [com.soft.entity.PersonEntity] is safe
17:59:18.266 [main] DEBUG org.hibernate.boot.internal.ClassLoaderAccessImpl - No temp ClassLoader provided; using live ClassLoader for loading potentially unsafe class : com.soft.entity.PersonEntity
17:59:18.267 [main] DEBUG org.hibernate.boot.internal.ClassLoaderAccessImpl - Not known whether passed class name [com.soft.entity.PersonEntity] is safe
17:59:18.267 [main] DEBUG org.hibernate.boot.internal.ClassLoaderAccessImpl - No temp ClassLoader provided; using live ClassLoader for loading potentially unsafe class : com.soft.entity.PersonEntity
17:59:18.267 [main] INFO  org.hibernate.tuple.PojoInstantiator - HHH000182: No default (no-argument) constructor for class: com.soft.entity.PersonEntity (class must be instantiated by Interceptor)
17:59:18.271 [main] TRACE org.hibernate.persister.entity.AbstractPropertyMapping - Skipping duplicate registration of path [name], existing type = [org.hibernate.type.CharacterType@287f94b1], incoming type = [org.hibernate.type.CharacterType@287f94b1]
17:59:18.271 [main] TRACE org.hibernate.persister.entity.AbstractPropertyMapping - Skipping duplicate registration of path [id], existing type = [org.hibernate.type.LongType@72efb5c1], incoming type = [org.hibernate.type.LongType@72efb5c1]
17:59:18.271 [main] TRACE org.hibernate.internal.CacheImpl - Building shared cache region for entity data [com.soft.entity.LocaleMessageEntity]
17:59:18.271 [main] DEBUG org.ehcache.jsr107.ConfigurationMerger - Using default Copier for JSR-107 store-by-value cache com.soft.entity.LocaleMessageEntity
17:59:18.271 [main] DEBUG org.ehcache.core.EhcacheManager - Creating Cache 'com.soft.entity.LocaleMessageEntity' in Eh107InternalCacheManager.
17:59:18.271 [main] DEBUG org.ehcache.impl.internal.spi.serialization.DefaultSerializationProvider - Serializer for <java.lang.Object> : org.ehcache.impl.serialization.PlainJavaSerializer@257e0827
17:59:18.271 [main] DEBUG org.ehcache.impl.internal.spi.serialization.DefaultSerializationProvider - Serializer for <java.lang.Object> : org.ehcache.impl.serialization.PlainJavaSerializer@22752544
17:59:18.271 [main] DEBUG org.ehcache.impl.internal.spi.copy.DefaultCopyProvider - Copier for <java.lang.Object> : org.ehcache.impl.copy.SerializingCopier@21ba2445
17:59:18.272 [main] DEBUG org.ehcache.impl.internal.spi.copy.DefaultCopyProvider - Copier for <java.lang.Object> : org.ehcache.impl.copy.SerializingCopier@69d23296
17:59:18.275 [main] TRACE class org.ehcache.core.Ehcache-com.soft.entity.LocaleMessageEntity - Initializing
17:59:18.276 [main] DEBUG class org.ehcache.core.Ehcache-com.soft.entity.LocaleMessageEntity - Initialize successful.
17:59:18.276 [main] DEBUG org.ehcache.impl.internal.statistics.DefaultStatisticsService - Cache added com.soft.entity.LocaleMessageEntity
17:59:18.277 [main] INFO  org.ehcache.core.EhcacheManager - Cache 'com.soft.entity.LocaleMessageEntity' created in Eh107InternalCacheManager.
17:59:18.277 [main] DEBUG org.hibernate.boot.internal.ClassLoaderAccessImpl - Not known whether passed class name [com.soft.entity.LocaleMessageEntity] is safe
17:59:18.277 [main] DEBUG org.hibernate.boot.internal.ClassLoaderAccessImpl - No temp ClassLoader provided; using live ClassLoader for loading potentially unsafe class : com.soft.entity.LocaleMessageEntity
17:59:18.277 [main] DEBUG org.hibernate.boot.internal.ClassLoaderAccessImpl - Not known whether passed class name [com.soft.entity.LocaleMessageEntity] is safe
17:59:18.277 [main] DEBUG org.hibernate.boot.internal.ClassLoaderAccessImpl - No temp ClassLoader provided; using live ClassLoader for loading potentially unsafe class : com.soft.entity.LocaleMessageEntity
17:59:18.280 [main] TRACE org.hibernate.persister.entity.AbstractPropertyMapping - Skipping duplicate registration of path [locale], existing type = [org.hibernate.type.StringType@15bcf458], incoming type = [org.hibernate.type.StringType@15bcf458]
17:59:18.280 [main] TRACE org.hibernate.persister.entity.AbstractPropertyMapping - Skipping duplicate registration of path [message], existing type = [org.hibernate.type.StringType@15bcf458], incoming type = [org.hibernate.type.StringType@15bcf458]
17:59:18.283 [main] TRACE org.hibernate.persister.entity.AbstractPropertyMapping - Skipping duplicate registration of path [msgKey], existing type = [org.hibernate.type.StringType@15bcf458], incoming type = [org.hibernate.type.StringType@15bcf458]
17:59:18.283 [main] TRACE org.hibernate.persister.entity.AbstractPropertyMapping - Skipping duplicate registration of path [id], existing type = [org.hibernate.type.LongType@72efb5c1], incoming type = [org.hibernate.type.LongType@72efb5c1]
17:59:18.289 [main] DEBUG org.hibernate.persister.entity.AbstractEntityPersister - Static SQL for entity: com.soft.entity.ResistorEntity
17:59:18.289 [main] DEBUG org.hibernate.persister.entity.AbstractEntityPersister -  Version select: select resistor_id from resistor where resistor_id =?
17:59:18.289 [main] DEBUG org.hibernate.persister.entity.AbstractEntityPersister -  Snapshot select: select resistoren_.resistor_id, resistoren_.category as category2_4_, resistoren_.description as descript3_4_, resistoren_.name as name4_4_, resistoren_.nominal as nominal5_4_, resistoren_.nominal_unit as nominal_6_4_, resistoren_.photo as photo7_4_, resistoren_.power as power8_4_, resistoren_.power_unit as power_un9_4_, resistoren_.price as price10_4_, resistoren_.producer as produce11_4_, resistoren_.quantity as quantit12_4_, resistoren_.package as package13_4_, resistoren_.r_precision as r_preci14_4_ from resistor resistoren_ where resistoren_.resistor_id=?
17:59:18.289 [main] DEBUG org.hibernate.persister.entity.AbstractEntityPersister -  Insert 0: insert into resistor (category, description, name, nominal, nominal_unit, photo, power, power_unit, price, producer, quantity, package, r_precision, resistor_id) values (?, ?, ?, ?, ?, ?, ?, ?, ?, ?, ?, ?, ?, ?)
17:59:18.290 [main] DEBUG org.hibernate.persister.entity.AbstractEntityPersister -  Update 0: update resistor set category=?, description=?, name=?, nominal=?, nominal_unit=?, photo=?, power=?, power_unit=?, price=?, producer=?, quantity=?, package=?, r_precision=? where resistor_id=?
17:59:18.290 [main] DEBUG org.hibernate.persister.entity.AbstractEntityPersister -  Delete 0: delete from resistor where resistor_id=?
17:59:18.301 [main] TRACE org.hibernate.loader.plan.build.internal.AbstractLoadPlanBuildingAssociationVisitationStrategy -  Starting root entity : com.soft.entity.ResistorEntity
17:59:18.304 [main] DEBUG org.hibernate.loader.plan.build.internal.spaces.QuerySpacesImpl - Adding QuerySpace : uid = <gen:0> -> org.hibernate.loader.plan.build.internal.spaces.EntityQuerySpaceImpl@5853ca50]
17:59:18.304 [main] TRACE org.hibernate.loader.plan.build.internal.AbstractLoadPlanBuildingAssociationVisitationStrategy - Pushing fetch source to stack : org.hibernate.loader.plan.build.internal.returns.EntityReturnImpl@7a3e5cd3
17:59:18.307 [main] TRACE org.hibernate.loader.plan.build.internal.AbstractLoadPlanBuildingAssociationVisitationStrategy - .. Registering AssociationKey : AssociationKey(table=resistor, columns={resistor_id}) -> org.hibernate.loader.plan.build.internal.returns.EntityReturnImpl@7a3e5cd3
17:59:18.307 [main] TRACE org.hibernate.loader.plan.build.internal.AbstractLoadPlanBuildingAssociationVisitationStrategy - >> Starting entity identifier : com.soft.entity.ResistorEntity
17:59:18.307 [main] DEBUG org.hibernate.persister.walking.spi.MetamodelGraphWalker - Visiting attribute path : category
17:59:18.308 [main] TRACE org.hibernate.loader.plan.build.internal.AbstractLoadPlanBuildingAssociationVisitationStrategy - >> Starting attribute Attribute(name=category, type=integer [non-identifier])
17:59:18.308 [main] TRACE org.hibernate.loader.plan.build.internal.AbstractLoadPlanBuildingAssociationVisitationStrategy - << Finishing up attribute : Attribute(name=category, type=integer [non-identifier])
17:59:18.308 [main] DEBUG org.hibernate.persister.walking.spi.MetamodelGraphWalker - Visiting attribute path : description
17:59:18.308 [main] TRACE org.hibernate.loader.plan.build.internal.AbstractLoadPlanBuildingAssociationVisitationStrategy - >> Starting attribute Attribute(name=description, type=string [non-identifier])
17:59:18.308 [main] TRACE org.hibernate.loader.plan.build.internal.AbstractLoadPlanBuildingAssociationVisitationStrategy - << Finishing up attribute : Attribute(name=description, type=string [non-identifier])
17:59:18.308 [main] DEBUG org.hibernate.persister.walking.spi.MetamodelGraphWalker - Visiting attribute path : name
17:59:18.308 [main] TRACE org.hibernate.loader.plan.build.internal.AbstractLoadPlanBuildingAssociationVisitationStrategy - >> Starting attribute Attribute(name=name, type=string [non-identifier])
17:59:18.308 [main] TRACE org.hibernate.loader.plan.build.internal.AbstractLoadPlanBuildingAssociationVisitationStrategy - << Finishing up attribute : Attribute(name=name, type=string [non-identifier])
17:59:18.308 [main] DEBUG org.hibernate.persister.walking.spi.MetamodelGraphWalker - Visiting attribute path : nominal
17:59:18.308 [main] TRACE org.hibernate.loader.plan.build.internal.AbstractLoadPlanBuildingAssociationVisitationStrategy - >> Starting attribute Attribute(name=nominal, type=double [non-identifier])
17:59:18.308 [main] TRACE org.hibernate.loader.plan.build.internal.AbstractLoadPlanBuildingAssociationVisitationStrategy - << Finishing up attribute : Attribute(name=nominal, type=double [non-identifier])
17:59:18.308 [main] DEBUG org.hibernate.persister.walking.spi.MetamodelGraphWalker - Visiting attribute path : nominalUnit
17:59:18.308 [main] TRACE org.hibernate.loader.plan.build.internal.AbstractLoadPlanBuildingAssociationVisitationStrategy - >> Starting attribute Attribute(name=nominalUnit, type=integer [non-identifier])
17:59:18.308 [main] TRACE org.hibernate.loader.plan.build.internal.AbstractLoadPlanBuildingAssociationVisitationStrategy - << Finishing up attribute : Attribute(name=nominalUnit, type=integer [non-identifier])
17:59:18.308 [main] DEBUG org.hibernate.persister.walking.spi.MetamodelGraphWalker - Visiting attribute path : photo
17:59:18.308 [main] TRACE org.hibernate.loader.plan.build.internal.AbstractLoadPlanBuildingAssociationVisitationStrategy - >> Starting attribute Attribute(name=photo, type=binary [non-identifier])
17:59:18.308 [main] TRACE org.hibernate.loader.plan.build.internal.AbstractLoadPlanBuildingAssociationVisitationStrategy - << Finishing up attribute : Attribute(name=photo, type=binary [non-identifier])
17:59:18.308 [main] DEBUG org.hibernate.persister.walking.spi.MetamodelGraphWalker - Visiting attribute path : power
17:59:18.308 [main] TRACE org.hibernate.loader.plan.build.internal.AbstractLoadPlanBuildingAssociationVisitationStrategy - >> Starting attribute Attribute(name=power, type=double [non-identifier])
17:59:18.308 [main] TRACE org.hibernate.loader.plan.build.internal.AbstractLoadPlanBuildingAssociationVisitationStrategy - << Finishing up attribute : Attribute(name=power, type=double [non-identifier])
17:59:18.308 [main] DEBUG org.hibernate.persister.walking.spi.MetamodelGraphWalker - Visiting attribute path : powerUnit
17:59:18.308 [main] TRACE org.hibernate.loader.plan.build.internal.AbstractLoadPlanBuildingAssociationVisitationStrategy - >> Starting attribute Attribute(name=powerUnit, type=integer [non-identifier])
17:59:18.308 [main] TRACE org.hibernate.loader.plan.build.internal.AbstractLoadPlanBuildingAssociationVisitationStrategy - << Finishing up attribute : Attribute(name=powerUnit, type=integer [non-identifier])
17:59:18.308 [main] DEBUG org.hibernate.persister.walking.spi.MetamodelGraphWalker - Visiting attribute path : price
17:59:18.308 [main] TRACE org.hibernate.loader.plan.build.internal.AbstractLoadPlanBuildingAssociationVisitationStrategy - >> Starting attribute Attribute(name=price, type=double [non-identifier])
17:59:18.308 [main] TRACE org.hibernate.loader.plan.build.internal.AbstractLoadPlanBuildingAssociationVisitationStrategy - << Finishing up attribute : Attribute(name=price, type=double [non-identifier])
17:59:18.308 [main] DEBUG org.hibernate.persister.walking.spi.MetamodelGraphWalker - Visiting attribute path : producer
17:59:18.308 [main] TRACE org.hibernate.loader.plan.build.internal.AbstractLoadPlanBuildingAssociationVisitationStrategy - >> Starting attribute Attribute(name=producer, type=integer [non-identifier])
17:59:18.308 [main] TRACE org.hibernate.loader.plan.build.internal.AbstractLoadPlanBuildingAssociationVisitationStrategy - << Finishing up attribute : Attribute(name=producer, type=integer [non-identifier])
17:59:18.308 [main] DEBUG org.hibernate.persister.walking.spi.MetamodelGraphWalker - Visiting attribute path : quantity
17:59:18.308 [main] TRACE org.hibernate.loader.plan.build.internal.AbstractLoadPlanBuildingAssociationVisitationStrategy - >> Starting attribute Attribute(name=quantity, type=integer [non-identifier])
17:59:18.308 [main] TRACE org.hibernate.loader.plan.build.internal.AbstractLoadPlanBuildingAssociationVisitationStrategy - << Finishing up attribute : Attribute(name=quantity, type=integer [non-identifier])
17:59:18.309 [main] DEBUG org.hibernate.persister.walking.spi.MetamodelGraphWalker - Visiting attribute path : rPackage
17:59:18.309 [main] TRACE org.hibernate.loader.plan.build.internal.AbstractLoadPlanBuildingAssociationVisitationStrategy - >> Starting attribute Attribute(name=rPackage, type=integer [non-identifier])
17:59:18.309 [main] TRACE org.hibernate.loader.plan.build.internal.AbstractLoadPlanBuildingAssociationVisitationStrategy - << Finishing up attribute : Attribute(name=rPackage, type=integer [non-identifier])
17:59:18.309 [main] DEBUG org.hibernate.persister.walking.spi.MetamodelGraphWalker - Visiting attribute path : rPrecision
17:59:18.309 [main] TRACE org.hibernate.loader.plan.build.internal.AbstractLoadPlanBuildingAssociationVisitationStrategy - >> Starting attribute Attribute(name=rPrecision, type=double [non-identifier])
17:59:18.309 [main] TRACE org.hibernate.loader.plan.build.internal.AbstractLoadPlanBuildingAssociationVisitationStrategy - << Finishing up attribute : Attribute(name=rPrecision, type=double [non-identifier])
17:59:18.309 [main] TRACE org.hibernate.loader.plan.build.internal.AbstractLoadPlanBuildingAssociationVisitationStrategy - Popped fetch owner from stack : org.hibernate.loader.plan.build.internal.returns.EntityReturnImpl@7a3e5cd3
17:59:18.309 [main] TRACE org.hibernate.loader.plan.build.internal.AbstractLoadPlanBuildingAssociationVisitationStrategy -  Finished root entity : com.soft.entity.ResistorEntity
17:59:18.309 [main] DEBUG org.hibernate.loader.plan.build.internal.FetchStyleLoadPlanBuildingAssociationVisitationStrategy - Building LoadPlan...
17:59:18.326 [main] DEBUG org.hibernate.loader.plan.exec.internal.LoadQueryJoinAndFetchProcessor - processing queryspace <gen:0>
17:59:18.329 [main] DEBUG org.hibernate.loader.plan.build.spi.LoadPlanTreePrinter - LoadPlan(entity=com.soft.entity.ResistorEntity)
    - Returns
       - EntityReturnImpl(entity=com.soft.entity.ResistorEntity, querySpaceUid=<gen:0>, path=com.soft.entity.ResistorEntity)
    - QuerySpaces
       - EntityQuerySpaceImpl(uid=<gen:0>, entity=com.soft.entity.ResistorEntity)
          - SQL table alias mapping - resistoren0_
          - alias suffix - 0_
          - suffixed key columns - {resistor1_4_0_}

17:59:18.330 [main] DEBUG org.hibernate.loader.entity.plan.EntityLoader - Static select for entity com.soft.entity.ResistorEntity [NONE]: select resistoren0_.resistor_id as resistor1_4_0_, resistoren0_.category as category2_4_0_, resistoren0_.description as descript3_4_0_, resistoren0_.name as name4_4_0_, resistoren0_.nominal as nominal5_4_0_, resistoren0_.nominal_unit as nominal_6_4_0_, resistoren0_.photo as photo7_4_0_, resistoren0_.power as power8_4_0_, resistoren0_.power_unit as power_un9_4_0_, resistoren0_.price as price10_4_0_, resistoren0_.producer as produce11_4_0_, resistoren0_.quantity as quantit12_4_0_, resistoren0_.package as package13_4_0_, resistoren0_.r_precision as r_preci14_4_0_ from resistor resistoren0_ where resistoren0_.resistor_id=?
17:59:18.330 [main] TRACE org.hibernate.loader.plan.build.internal.AbstractLoadPlanBuildingAssociationVisitationStrategy -  Starting root entity : com.soft.entity.ResistorEntity
17:59:18.330 [main] DEBUG org.hibernate.loader.plan.build.internal.spaces.QuerySpacesImpl - Adding QuerySpace : uid = <gen:0> -> org.hibernate.loader.plan.build.internal.spaces.EntityQuerySpaceImpl@4fb392c4]
17:59:18.330 [main] TRACE org.hibernate.loader.plan.build.internal.AbstractLoadPlanBuildingAssociationVisitationStrategy - Pushing fetch source to stack : org.hibernate.loader.plan.build.internal.returns.EntityReturnImpl@194d329e
17:59:18.330 [main] TRACE org.hibernate.loader.plan.build.internal.AbstractLoadPlanBuildingAssociationVisitationStrategy - .. Registering AssociationKey : AssociationKey(table=resistor, columns={resistor_id}) -> org.hibernate.loader.plan.build.internal.returns.EntityReturnImpl@194d329e
17:59:18.330 [main] TRACE org.hibernate.loader.plan.build.internal.AbstractLoadPlanBuildingAssociationVisitationStrategy - >> Starting entity identifier : com.soft.entity.ResistorEntity
17:59:18.330 [main] DEBUG org.hibernate.persister.walking.spi.MetamodelGraphWalker - Visiting attribute path : category
17:59:18.330 [main] TRACE org.hibernate.loader.plan.build.internal.AbstractLoadPlanBuildingAssociationVisitationStrategy - >> Starting attribute Attribute(name=category, type=integer [non-identifier])
17:59:18.331 [main] TRACE org.hibernate.loader.plan.build.internal.AbstractLoadPlanBuildingAssociationVisitationStrategy - << Finishing up attribute : Attribute(name=category, type=integer [non-identifier])
17:59:18.331 [main] DEBUG org.hibernate.persister.walking.spi.MetamodelGraphWalker - Visiting attribute path : description
17:59:18.331 [main] TRACE org.hibernate.loader.plan.build.internal.AbstractLoadPlanBuildingAssociationVisitationStrategy - >> Starting attribute Attribute(name=description, type=string [non-identifier])
17:59:18.331 [main] TRACE org.hibernate.loader.plan.build.internal.AbstractLoadPlanBuildingAssociationVisitationStrategy - << Finishing up attribute : Attribute(name=description, type=string [non-identifier])
17:59:18.331 [main] DEBUG org.hibernate.persister.walking.spi.MetamodelGraphWalker - Visiting attribute path : name
17:59:18.331 [main] TRACE org.hibernate.loader.plan.build.internal.AbstractLoadPlanBuildingAssociationVisitationStrategy - >> Starting attribute Attribute(name=name, type=string [non-identifier])
17:59:18.331 [main] TRACE org.hibernate.loader.plan.build.internal.AbstractLoadPlanBuildingAssociationVisitationStrategy - << Finishing up attribute : Attribute(name=name, type=string [non-identifier])
17:59:18.331 [main] DEBUG org.hibernate.persister.walking.spi.MetamodelGraphWalker - Visiting attribute path : nominal
17:59:18.331 [main] TRACE org.hibernate.loader.plan.build.internal.AbstractLoadPlanBuildingAssociationVisitationStrategy - >> Starting attribute Attribute(name=nominal, type=double [non-identifier])
17:59:18.331 [main] TRACE org.hibernate.loader.plan.build.internal.AbstractLoadPlanBuildingAssociationVisitationStrategy - << Finishing up attribute : Attribute(name=nominal, type=double [non-identifier])
17:59:18.331 [main] DEBUG org.hibernate.persister.walking.spi.MetamodelGraphWalker - Visiting attribute path : nominalUnit
17:59:18.331 [main] TRACE org.hibernate.loader.plan.build.internal.AbstractLoadPlanBuildingAssociationVisitationStrategy - >> Starting attribute Attribute(name=nominalUnit, type=integer [non-identifier])
17:59:18.331 [main] TRACE org.hibernate.loader.plan.build.internal.AbstractLoadPlanBuildingAssociationVisitationStrategy - << Finishing up attribute : Attribute(name=nominalUnit, type=integer [non-identifier])
17:59:18.331 [main] DEBUG org.hibernate.persister.walking.spi.MetamodelGraphWalker - Visiting attribute path : photo
17:59:18.331 [main] TRACE org.hibernate.loader.plan.build.internal.AbstractLoadPlanBuildingAssociationVisitationStrategy - >> Starting attribute Attribute(name=photo, type=binary [non-identifier])
17:59:18.331 [main] TRACE org.hibernate.loader.plan.build.internal.AbstractLoadPlanBuildingAssociationVisitationStrategy - << Finishing up attribute : Attribute(name=photo, type=binary [non-identifier])
17:59:18.331 [main] DEBUG org.hibernate.persister.walking.spi.MetamodelGraphWalker - Visiting attribute path : power
17:59:18.331 [main] TRACE org.hibernate.loader.plan.build.internal.AbstractLoadPlanBuildingAssociationVisitationStrategy - >> Starting attribute Attribute(name=power, type=double [non-identifier])
17:59:18.331 [main] TRACE org.hibernate.loader.plan.build.internal.AbstractLoadPlanBuildingAssociationVisitationStrategy - << Finishing up attribute : Attribute(name=power, type=double [non-identifier])
17:59:18.331 [main] DEBUG org.hibernate.persister.walking.spi.MetamodelGraphWalker - Visiting attribute path : powerUnit
17:59:18.331 [main] TRACE org.hibernate.loader.plan.build.internal.AbstractLoadPlanBuildingAssociationVisitationStrategy - >> Starting attribute Attribute(name=powerUnit, type=integer [non-identifier])
17:59:18.331 [main] TRACE org.hibernate.loader.plan.build.internal.AbstractLoadPlanBuildingAssociationVisitationStrategy - << Finishing up attribute : Attribute(name=powerUnit, type=integer [non-identifier])
17:59:18.331 [main] DEBUG org.hibernate.persister.walking.spi.MetamodelGraphWalker - Visiting attribute path : price
17:59:18.331 [main] TRACE org.hibernate.loader.plan.build.internal.AbstractLoadPlanBuildingAssociationVisitationStrategy - >> Starting attribute Attribute(name=price, type=double [non-identifier])
17:59:18.331 [main] TRACE org.hibernate.loader.plan.build.internal.AbstractLoadPlanBuildingAssociationVisitationStrategy - << Finishing up attribute : Attribute(name=price, type=double [non-identifier])
17:59:18.331 [main] DEBUG org.hibernate.persister.walking.spi.MetamodelGraphWalker - Visiting attribute path : producer
17:59:18.331 [main] TRACE org.hibernate.loader.plan.build.internal.AbstractLoadPlanBuildingAssociationVisitationStrategy - >> Starting attribute Attribute(name=producer, type=integer [non-identifier])
17:59:18.331 [main] TRACE org.hibernate.loader.plan.build.internal.AbstractLoadPlanBuildingAssociationVisitationStrategy - << Finishing up attribute : Attribute(name=producer, type=integer [non-identifier])
17:59:18.331 [main] DEBUG org.hibernate.persister.walking.spi.MetamodelGraphWalker - Visiting attribute path : quantity
17:59:18.331 [main] TRACE org.hibernate.loader.plan.build.internal.AbstractLoadPlanBuildingAssociationVisitationStrategy - >> Starting attribute Attribute(name=quantity, type=integer [non-identifier])
17:59:18.331 [main] TRACE org.hibernate.loader.plan.build.internal.AbstractLoadPlanBuildingAssociationVisitationStrategy - << Finishing up attribute : Attribute(name=quantity, type=integer [non-identifier])
17:59:18.331 [main] DEBUG org.hibernate.persister.walking.spi.MetamodelGraphWalker - Visiting attribute path : rPackage
17:59:18.331 [main] TRACE org.hibernate.loader.plan.build.internal.AbstractLoadPlanBuildingAssociationVisitationStrategy - >> Starting attribute Attribute(name=rPackage, type=integer [non-identifier])
17:59:18.331 [main] TRACE org.hibernate.loader.plan.build.internal.AbstractLoadPlanBuildingAssociationVisitationStrategy - << Finishing up attribute : Attribute(name=rPackage, type=integer [non-identifier])
17:59:18.331 [main] DEBUG org.hibernate.persister.walking.spi.MetamodelGraphWalker - Visiting attribute path : rPrecision
17:59:18.331 [main] TRACE org.hibernate.loader.plan.build.internal.AbstractLoadPlanBuildingAssociationVisitationStrategy - >> Starting attribute Attribute(name=rPrecision, type=double [non-identifier])
17:59:18.331 [main] TRACE org.hibernate.loader.plan.build.internal.AbstractLoadPlanBuildingAssociationVisitationStrategy - << Finishing up attribute : Attribute(name=rPrecision, type=double [non-identifier])
17:59:18.331 [main] TRACE org.hibernate.loader.plan.build.internal.AbstractLoadPlanBuildingAssociationVisitationStrategy - Popped fetch owner from stack : org.hibernate.loader.plan.build.internal.returns.EntityReturnImpl@194d329e
17:59:18.331 [main] TRACE org.hibernate.loader.plan.build.internal.AbstractLoadPlanBuildingAssociationVisitationStrategy -  Finished root entity : com.soft.entity.ResistorEntity
17:59:18.331 [main] DEBUG org.hibernate.loader.plan.build.internal.FetchStyleLoadPlanBuildingAssociationVisitationStrategy - Building LoadPlan...
17:59:18.332 [main] DEBUG org.hibernate.loader.plan.exec.internal.LoadQueryJoinAndFetchProcessor - processing queryspace <gen:0>
17:59:18.332 [main] DEBUG org.hibernate.loader.plan.build.spi.LoadPlanTreePrinter - LoadPlan(entity=com.soft.entity.ResistorEntity)
    - Returns
       - EntityReturnImpl(entity=com.soft.entity.ResistorEntity, querySpaceUid=<gen:0>, path=com.soft.entity.ResistorEntity)
    - QuerySpaces
       - EntityQuerySpaceImpl(uid=<gen:0>, entity=com.soft.entity.ResistorEntity)
          - SQL table alias mapping - resistoren0_
          - alias suffix - 0_
          - suffixed key columns - {resistor1_4_0_}

17:59:18.332 [main] DEBUG org.hibernate.loader.entity.plan.EntityLoader - Static select for entity com.soft.entity.ResistorEntity [READ]: select resistoren0_.resistor_id as resistor1_4_0_, resistoren0_.category as category2_4_0_, resistoren0_.description as descript3_4_0_, resistoren0_.name as name4_4_0_, resistoren0_.nominal as nominal5_4_0_, resistoren0_.nominal_unit as nominal_6_4_0_, resistoren0_.photo as photo7_4_0_, resistoren0_.power as power8_4_0_, resistoren0_.power_unit as power_un9_4_0_, resistoren0_.price as price10_4_0_, resistoren0_.producer as produce11_4_0_, resistoren0_.quantity as quantit12_4_0_, resistoren0_.package as package13_4_0_, resistoren0_.r_precision as r_preci14_4_0_ from resistor resistoren0_ where resistoren0_.resistor_id=?
17:59:18.332 [main] TRACE org.hibernate.loader.plan.build.internal.AbstractLoadPlanBuildingAssociationVisitationStrategy -  Starting root entity : com.soft.entity.ResistorEntity
17:59:18.332 [main] DEBUG org.hibernate.loader.plan.build.internal.spaces.QuerySpacesImpl - Adding QuerySpace : uid = <gen:0> -> org.hibernate.loader.plan.build.internal.spaces.EntityQuerySpaceImpl@54d1608f]
17:59:18.332 [main] TRACE org.hibernate.loader.plan.build.internal.AbstractLoadPlanBuildingAssociationVisitationStrategy - Pushing fetch source to stack : org.hibernate.loader.plan.build.internal.returns.EntityReturnImpl@7e7fe6d
17:59:18.332 [main] TRACE org.hibernate.loader.plan.build.internal.AbstractLoadPlanBuildingAssociationVisitationStrategy - .. Registering AssociationKey : AssociationKey(table=resistor, columns={resistor_id}) -> org.hibernate.loader.plan.build.internal.returns.EntityReturnImpl@7e7fe6d
17:59:18.332 [main] TRACE org.hibernate.loader.plan.build.internal.AbstractLoadPlanBuildingAssociationVisitationStrategy - >> Starting entity identifier : com.soft.entity.ResistorEntity
17:59:18.332 [main] DEBUG org.hibernate.persister.walking.spi.MetamodelGraphWalker - Visiting attribute path : category
17:59:18.332 [main] TRACE org.hibernate.loader.plan.build.internal.AbstractLoadPlanBuildingAssociationVisitationStrategy - >> Starting attribute Attribute(name=category, type=integer [non-identifier])
17:59:18.332 [main] TRACE org.hibernate.loader.plan.build.internal.AbstractLoadPlanBuildingAssociationVisitationStrategy - << Finishing up attribute : Attribute(name=category, type=integer [non-identifier])
17:59:18.332 [main] DEBUG org.hibernate.persister.walking.spi.MetamodelGraphWalker - Visiting attribute path : description
17:59:18.332 [main] TRACE org.hibernate.loader.plan.build.internal.AbstractLoadPlanBuildingAssociationVisitationStrategy - >> Starting attribute Attribute(name=description, type=string [non-identifier])
17:59:18.332 [main] TRACE org.hibernate.loader.plan.build.internal.AbstractLoadPlanBuildingAssociationVisitationStrategy - << Finishing up attribute : Attribute(name=description, type=string [non-identifier])
17:59:18.332 [main] DEBUG org.hibernate.persister.walking.spi.MetamodelGraphWalker - Visiting attribute path : name
17:59:18.333 [main] TRACE org.hibernate.loader.plan.build.internal.AbstractLoadPlanBuildingAssociationVisitationStrategy - >> Starting attribute Attribute(name=name, type=string [non-identifier])
17:59:18.333 [main] TRACE org.hibernate.loader.plan.build.internal.AbstractLoadPlanBuildingAssociationVisitationStrategy - << Finishing up attribute : Attribute(name=name, type=string [non-identifier])
17:59:18.333 [main] DEBUG org.hibernate.persister.walking.spi.MetamodelGraphWalker - Visiting attribute path : nominal
17:59:18.333 [main] TRACE org.hibernate.loader.plan.build.internal.AbstractLoadPlanBuildingAssociationVisitationStrategy - >> Starting attribute Attribute(name=nominal, type=double [non-identifier])
17:59:18.333 [main] TRACE org.hibernate.loader.plan.build.internal.AbstractLoadPlanBuildingAssociationVisitationStrategy - << Finishing up attribute : Attribute(name=nominal, type=double [non-identifier])
17:59:18.333 [main] DEBUG org.hibernate.persister.walking.spi.MetamodelGraphWalker - Visiting attribute path : nominalUnit
17:59:18.333 [main] TRACE org.hibernate.loader.plan.build.internal.AbstractLoadPlanBuildingAssociationVisitationStrategy - >> Starting attribute Attribute(name=nominalUnit, type=integer [non-identifier])
17:59:18.333 [main] TRACE org.hibernate.loader.plan.build.internal.AbstractLoadPlanBuildingAssociationVisitationStrategy - << Finishing up attribute : Attribute(name=nominalUnit, type=integer [non-identifier])
17:59:18.333 [main] DEBUG org.hibernate.persister.walking.spi.MetamodelGraphWalker - Visiting attribute path : photo
17:59:18.333 [main] TRACE org.hibernate.loader.plan.build.internal.AbstractLoadPlanBuildingAssociationVisitationStrategy - >> Starting attribute Attribute(name=photo, type=binary [non-identifier])
17:59:18.333 [main] TRACE org.hibernate.loader.plan.build.internal.AbstractLoadPlanBuildingAssociationVisitationStrategy - << Finishing up attribute : Attribute(name=photo, type=binary [non-identifier])
17:59:18.333 [main] DEBUG org.hibernate.persister.walking.spi.MetamodelGraphWalker - Visiting attribute path : power
17:59:18.333 [main] TRACE org.hibernate.loader.plan.build.internal.AbstractLoadPlanBuildingAssociationVisitationStrategy - >> Starting attribute Attribute(name=power, type=double [non-identifier])
17:59:18.333 [main] TRACE org.hibernate.loader.plan.build.internal.AbstractLoadPlanBuildingAssociationVisitationStrategy - << Finishing up attribute : Attribute(name=power, type=double [non-identifier])
17:59:18.333 [main] DEBUG org.hibernate.persister.walking.spi.MetamodelGraphWalker - Visiting attribute path : powerUnit
17:59:18.333 [main] TRACE org.hibernate.loader.plan.build.internal.AbstractLoadPlanBuildingAssociationVisitationStrategy - >> Starting attribute Attribute(name=powerUnit, type=integer [non-identifier])
17:59:18.333 [main] TRACE org.hibernate.loader.plan.build.internal.AbstractLoadPlanBuildingAssociationVisitationStrategy - << Finishing up attribute : Attribute(name=powerUnit, type=integer [non-identifier])
17:59:18.333 [main] DEBUG org.hibernate.persister.walking.spi.MetamodelGraphWalker - Visiting attribute path : price
17:59:18.333 [main] TRACE org.hibernate.loader.plan.build.internal.AbstractLoadPlanBuildingAssociationVisitationStrategy - >> Starting attribute Attribute(name=price, type=double [non-identifier])
17:59:18.333 [main] TRACE org.hibernate.loader.plan.build.internal.AbstractLoadPlanBuildingAssociationVisitationStrategy - << Finishing up attribute : Attribute(name=price, type=double [non-identifier])
17:59:18.333 [main] DEBUG org.hibernate.persister.walking.spi.MetamodelGraphWalker - Visiting attribute path : producer
17:59:18.333 [main] TRACE org.hibernate.loader.plan.build.internal.AbstractLoadPlanBuildingAssociationVisitationStrategy - >> Starting attribute Attribute(name=producer, type=integer [non-identifier])
17:59:18.333 [main] TRACE org.hibernate.loader.plan.build.internal.AbstractLoadPlanBuildingAssociationVisitationStrategy - << Finishing up attribute : Attribute(name=producer, type=integer [non-identifier])
17:59:18.333 [main] DEBUG org.hibernate.persister.walking.spi.MetamodelGraphWalker - Visiting attribute path : quantity
17:59:18.333 [main] TRACE org.hibernate.loader.plan.build.internal.AbstractLoadPlanBuildingAssociationVisitationStrategy - >> Starting attribute Attribute(name=quantity, type=integer [non-identifier])
17:59:18.333 [main] TRACE org.hibernate.loader.plan.build.internal.AbstractLoadPlanBuildingAssociationVisitationStrategy - << Finishing up attribute : Attribute(name=quantity, type=integer [non-identifier])
17:59:18.333 [main] DEBUG org.hibernate.persister.walking.spi.MetamodelGraphWalker - Visiting attribute path : rPackage
17:59:18.333 [main] TRACE org.hibernate.loader.plan.build.internal.AbstractLoadPlanBuildingAssociationVisitationStrategy - >> Starting attribute Attribute(name=rPackage, type=integer [non-identifier])
17:59:18.333 [main] TRACE org.hibernate.loader.plan.build.internal.AbstractLoadPlanBuildingAssociationVisitationStrategy - << Finishing up attribute : Attribute(name=rPackage, type=integer [non-identifier])
17:59:18.333 [main] DEBUG org.hibernate.persister.walking.spi.MetamodelGraphWalker - Visiting attribute path : rPrecision
17:59:18.333 [main] TRACE org.hibernate.loader.plan.build.internal.AbstractLoadPlanBuildingAssociationVisitationStrategy - >> Starting attribute Attribute(name=rPrecision, type=double [non-identifier])
17:59:18.333 [main] TRACE org.hibernate.loader.plan.build.internal.AbstractLoadPlanBuildingAssociationVisitationStrategy - << Finishing up attribute : Attribute(name=rPrecision, type=double [non-identifier])
17:59:18.333 [main] TRACE org.hibernate.loader.plan.build.internal.AbstractLoadPlanBuildingAssociationVisitationStrategy - Popped fetch owner from stack : org.hibernate.loader.plan.build.internal.returns.EntityReturnImpl@7e7fe6d
17:59:18.333 [main] TRACE org.hibernate.loader.plan.build.internal.AbstractLoadPlanBuildingAssociationVisitationStrategy -  Finished root entity : com.soft.entity.ResistorEntity
17:59:18.333 [main] DEBUG org.hibernate.loader.plan.build.internal.FetchStyleLoadPlanBuildingAssociationVisitationStrategy - Building LoadPlan...
17:59:18.334 [main] DEBUG org.hibernate.loader.plan.exec.internal.LoadQueryJoinAndFetchProcessor - processing queryspace <gen:0>
17:59:18.334 [main] DEBUG org.hibernate.loader.plan.build.spi.LoadPlanTreePrinter - LoadPlan(entity=com.soft.entity.ResistorEntity)
    - Returns
       - EntityReturnImpl(entity=com.soft.entity.ResistorEntity, querySpaceUid=<gen:0>, path=com.soft.entity.ResistorEntity)
    - QuerySpaces
       - EntityQuerySpaceImpl(uid=<gen:0>, entity=com.soft.entity.ResistorEntity)
          - SQL table alias mapping - resistoren0_
          - alias suffix - 0_
          - suffixed key columns - {resistor1_4_0_}

17:59:18.334 [main] DEBUG org.hibernate.loader.entity.plan.EntityLoader - Static select for entity com.soft.entity.ResistorEntity [UPGRADE]: select resistoren0_.resistor_id as resistor1_4_0_, resistoren0_.category as category2_4_0_, resistoren0_.description as descript3_4_0_, resistoren0_.name as name4_4_0_, resistoren0_.nominal as nominal5_4_0_, resistoren0_.nominal_unit as nominal_6_4_0_, resistoren0_.photo as photo7_4_0_, resistoren0_.power as power8_4_0_, resistoren0_.power_unit as power_un9_4_0_, resistoren0_.price as price10_4_0_, resistoren0_.producer as produce11_4_0_, resistoren0_.quantity as quantit12_4_0_, resistoren0_.package as package13_4_0_, resistoren0_.r_precision as r_preci14_4_0_ from resistor resistoren0_ where resistoren0_.resistor_id=? for update
17:59:18.334 [main] TRACE org.hibernate.loader.plan.build.internal.AbstractLoadPlanBuildingAssociationVisitationStrategy -  Starting root entity : com.soft.entity.ResistorEntity
17:59:18.334 [main] DEBUG org.hibernate.loader.plan.build.internal.spaces.QuerySpacesImpl - Adding QuerySpace : uid = <gen:0> -> org.hibernate.loader.plan.build.internal.spaces.EntityQuerySpaceImpl@541179e7]
17:59:18.334 [main] TRACE org.hibernate.loader.plan.build.internal.AbstractLoadPlanBuildingAssociationVisitationStrategy - Pushing fetch source to stack : org.hibernate.loader.plan.build.internal.returns.EntityReturnImpl@24386839
17:59:18.334 [main] TRACE org.hibernate.loader.plan.build.internal.AbstractLoadPlanBuildingAssociationVisitationStrategy - .. Registering AssociationKey : AssociationKey(table=resistor, columns={resistor_id}) -> org.hibernate.loader.plan.build.internal.returns.EntityReturnImpl@24386839
17:59:18.334 [main] TRACE org.hibernate.loader.plan.build.internal.AbstractLoadPlanBuildingAssociationVisitationStrategy - >> Starting entity identifier : com.soft.entity.ResistorEntity
17:59:18.334 [main] DEBUG org.hibernate.persister.walking.spi.MetamodelGraphWalker - Visiting attribute path : category
17:59:18.335 [main] TRACE org.hibernate.loader.plan.build.internal.AbstractLoadPlanBuildingAssociationVisitationStrategy - >> Starting attribute Attribute(name=category, type=integer [non-identifier])
17:59:18.335 [main] TRACE org.hibernate.loader.plan.build.internal.AbstractLoadPlanBuildingAssociationVisitationStrategy - << Finishing up attribute : Attribute(name=category, type=integer [non-identifier])
17:59:18.335 [main] DEBUG org.hibernate.persister.walking.spi.MetamodelGraphWalker - Visiting attribute path : description
17:59:18.335 [main] TRACE org.hibernate.loader.plan.build.internal.AbstractLoadPlanBuildingAssociationVisitationStrategy - >> Starting attribute Attribute(name=description, type=string [non-identifier])
17:59:18.335 [main] TRACE org.hibernate.loader.plan.build.internal.AbstractLoadPlanBuildingAssociationVisitationStrategy - << Finishing up attribute : Attribute(name=description, type=string [non-identifier])
17:59:18.335 [main] DEBUG org.hibernate.persister.walking.spi.MetamodelGraphWalker - Visiting attribute path : name
17:59:18.335 [main] TRACE org.hibernate.loader.plan.build.internal.AbstractLoadPlanBuildingAssociationVisitationStrategy - >> Starting attribute Attribute(name=name, type=string [non-identifier])
17:59:18.335 [main] TRACE org.hibernate.loader.plan.build.internal.AbstractLoadPlanBuildingAssociationVisitationStrategy - << Finishing up attribute : Attribute(name=name, type=string [non-identifier])
17:59:18.335 [main] DEBUG org.hibernate.persister.walking.spi.MetamodelGraphWalker - Visiting attribute path : nominal
17:59:18.335 [main] TRACE org.hibernate.loader.plan.build.internal.AbstractLoadPlanBuildingAssociationVisitationStrategy - >> Starting attribute Attribute(name=nominal, type=double [non-identifier])
17:59:18.335 [main] TRACE org.hibernate.loader.plan.build.internal.AbstractLoadPlanBuildingAssociationVisitationStrategy - << Finishing up attribute : Attribute(name=nominal, type=double [non-identifier])
17:59:18.335 [main] DEBUG org.hibernate.persister.walking.spi.MetamodelGraphWalker - Visiting attribute path : nominalUnit
17:59:18.335 [main] TRACE org.hibernate.loader.plan.build.internal.AbstractLoadPlanBuildingAssociationVisitationStrategy - >> Starting attribute Attribute(name=nominalUnit, type=integer [non-identifier])
17:59:18.335 [main] TRACE org.hibernate.loader.plan.build.internal.AbstractLoadPlanBuildingAssociationVisitationStrategy - << Finishing up attribute : Attribute(name=nominalUnit, type=integer [non-identifier])
17:59:18.335 [main] DEBUG org.hibernate.persister.walking.spi.MetamodelGraphWalker - Visiting attribute path : photo
17:59:18.335 [main] TRACE org.hibernate.loader.plan.build.internal.AbstractLoadPlanBuildingAssociationVisitationStrategy - >> Starting attribute Attribute(name=photo, type=binary [non-identifier])
17:59:18.335 [main] TRACE org.hibernate.loader.plan.build.internal.AbstractLoadPlanBuildingAssociationVisitationStrategy - << Finishing up attribute : Attribute(name=photo, type=binary [non-identifier])
17:59:18.335 [main] DEBUG org.hibernate.persister.walking.spi.MetamodelGraphWalker - Visiting attribute path : power
17:59:18.335 [main] TRACE org.hibernate.loader.plan.build.internal.AbstractLoadPlanBuildingAssociationVisitationStrategy - >> Starting attribute Attribute(name=power, type=double [non-identifier])
17:59:18.335 [main] TRACE org.hibernate.loader.plan.build.internal.AbstractLoadPlanBuildingAssociationVisitationStrategy - << Finishing up attribute : Attribute(name=power, type=double [non-identifier])
17:59:18.335 [main] DEBUG org.hibernate.persister.walking.spi.MetamodelGraphWalker - Visiting attribute path : powerUnit
17:59:18.335 [main] TRACE org.hibernate.loader.plan.build.internal.AbstractLoadPlanBuildingAssociationVisitationStrategy - >> Starting attribute Attribute(name=powerUnit, type=integer [non-identifier])
17:59:18.335 [main] TRACE org.hibernate.loader.plan.build.internal.AbstractLoadPlanBuildingAssociationVisitationStrategy - << Finishing up attribute : Attribute(name=powerUnit, type=integer [non-identifier])
17:59:18.335 [main] DEBUG org.hibernate.persister.walking.spi.MetamodelGraphWalker - Visiting attribute path : price
17:59:18.335 [main] TRACE org.hibernate.loader.plan.build.internal.AbstractLoadPlanBuildingAssociationVisitationStrategy - >> Starting attribute Attribute(name=price, type=double [non-identifier])
17:59:18.335 [main] TRACE org.hibernate.loader.plan.build.internal.AbstractLoadPlanBuildingAssociationVisitationStrategy - << Finishing up attribute : Attribute(name=price, type=double [non-identifier])
17:59:18.335 [main] DEBUG org.hibernate.persister.walking.spi.MetamodelGraphWalker - Visiting attribute path : producer
17:59:18.335 [main] TRACE org.hibernate.loader.plan.build.internal.AbstractLoadPlanBuildingAssociationVisitationStrategy - >> Starting attribute Attribute(name=producer, type=integer [non-identifier])
17:59:18.335 [main] TRACE org.hibernate.loader.plan.build.internal.AbstractLoadPlanBuildingAssociationVisitationStrategy - << Finishing up attribute : Attribute(name=producer, type=integer [non-identifier])
17:59:18.335 [main] DEBUG org.hibernate.persister.walking.spi.MetamodelGraphWalker - Visiting attribute path : quantity
17:59:18.335 [main] TRACE org.hibernate.loader.plan.build.internal.AbstractLoadPlanBuildingAssociationVisitationStrategy - >> Starting attribute Attribute(name=quantity, type=integer [non-identifier])
17:59:18.335 [main] TRACE org.hibernate.loader.plan.build.internal.AbstractLoadPlanBuildingAssociationVisitationStrategy - << Finishing up attribute : Attribute(name=quantity, type=integer [non-identifier])
17:59:18.335 [main] DEBUG org.hibernate.persister.walking.spi.MetamodelGraphWalker - Visiting attribute path : rPackage
17:59:18.335 [main] TRACE org.hibernate.loader.plan.build.internal.AbstractLoadPlanBuildingAssociationVisitationStrategy - >> Starting attribute Attribute(name=rPackage, type=integer [non-identifier])
17:59:18.335 [main] TRACE org.hibernate.loader.plan.build.internal.AbstractLoadPlanBuildingAssociationVisitationStrategy - << Finishing up attribute : Attribute(name=rPackage, type=integer [non-identifier])
17:59:18.335 [main] DEBUG org.hibernate.persister.walking.spi.MetamodelGraphWalker - Visiting attribute path : rPrecision
17:59:18.335 [main] TRACE org.hibernate.loader.plan.build.internal.AbstractLoadPlanBuildingAssociationVisitationStrategy - >> Starting attribute Attribute(name=rPrecision, type=double [non-identifier])
17:59:18.335 [main] TRACE org.hibernate.loader.plan.build.internal.AbstractLoadPlanBuildingAssociationVisitationStrategy - << Finishing up attribute : Attribute(name=rPrecision, type=double [non-identifier])
17:59:18.335 [main] TRACE org.hibernate.loader.plan.build.internal.AbstractLoadPlanBuildingAssociationVisitationStrategy - Popped fetch owner from stack : org.hibernate.loader.plan.build.internal.returns.EntityReturnImpl@24386839
17:59:18.335 [main] TRACE org.hibernate.loader.plan.build.internal.AbstractLoadPlanBuildingAssociationVisitationStrategy -  Finished root entity : com.soft.entity.ResistorEntity
17:59:18.335 [main] DEBUG org.hibernate.loader.plan.build.internal.FetchStyleLoadPlanBuildingAssociationVisitationStrategy - Building LoadPlan...
17:59:18.336 [main] DEBUG org.hibernate.loader.plan.exec.internal.LoadQueryJoinAndFetchProcessor - processing queryspace <gen:0>
17:59:18.336 [main] DEBUG org.hibernate.loader.plan.build.spi.LoadPlanTreePrinter - LoadPlan(entity=com.soft.entity.ResistorEntity)
    - Returns
       - EntityReturnImpl(entity=com.soft.entity.ResistorEntity, querySpaceUid=<gen:0>, path=com.soft.entity.ResistorEntity)
    - QuerySpaces
       - EntityQuerySpaceImpl(uid=<gen:0>, entity=com.soft.entity.ResistorEntity)
          - SQL table alias mapping - resistoren0_
          - alias suffix - 0_
          - suffixed key columns - {resistor1_4_0_}

17:59:18.336 [main] DEBUG org.hibernate.loader.entity.plan.EntityLoader - Static select for entity com.soft.entity.ResistorEntity [UPGRADE_NOWAIT]: select resistoren0_.resistor_id as resistor1_4_0_, resistoren0_.category as category2_4_0_, resistoren0_.description as descript3_4_0_, resistoren0_.name as name4_4_0_, resistoren0_.nominal as nominal5_4_0_, resistoren0_.nominal_unit as nominal_6_4_0_, resistoren0_.photo as photo7_4_0_, resistoren0_.power as power8_4_0_, resistoren0_.power_unit as power_un9_4_0_, resistoren0_.price as price10_4_0_, resistoren0_.producer as produce11_4_0_, resistoren0_.quantity as quantit12_4_0_, resistoren0_.package as package13_4_0_, resistoren0_.r_precision as r_preci14_4_0_ from resistor resistoren0_ where resistoren0_.resistor_id=? for update
17:59:18.336 [main] TRACE org.hibernate.loader.plan.build.internal.AbstractLoadPlanBuildingAssociationVisitationStrategy -  Starting root entity : com.soft.entity.ResistorEntity
17:59:18.336 [main] DEBUG org.hibernate.loader.plan.build.internal.spaces.QuerySpacesImpl - Adding QuerySpace : uid = <gen:0> -> org.hibernate.loader.plan.build.internal.spaces.EntityQuerySpaceImpl@7b32b129]
17:59:18.336 [main] TRACE org.hibernate.loader.plan.build.internal.AbstractLoadPlanBuildingAssociationVisitationStrategy - Pushing fetch source to stack : org.hibernate.loader.plan.build.internal.returns.EntityReturnImpl@439e3cb4
17:59:18.336 [main] TRACE org.hibernate.loader.plan.build.internal.AbstractLoadPlanBuildingAssociationVisitationStrategy - .. Registering AssociationKey : AssociationKey(table=resistor, columns={resistor_id}) -> org.hibernate.loader.plan.build.internal.returns.EntityReturnImpl@439e3cb4
17:59:18.336 [main] TRACE org.hibernate.loader.plan.build.internal.AbstractLoadPlanBuildingAssociationVisitationStrategy - >> Starting entity identifier : com.soft.entity.ResistorEntity
17:59:18.336 [main] DEBUG org.hibernate.persister.walking.spi.MetamodelGraphWalker - Visiting attribute path : category
17:59:18.336 [main] TRACE org.hibernate.loader.plan.build.internal.AbstractLoadPlanBuildingAssociationVisitationStrategy - >> Starting attribute Attribute(name=category, type=integer [non-identifier])
17:59:18.336 [main] TRACE org.hibernate.loader.plan.build.internal.AbstractLoadPlanBuildingAssociationVisitationStrategy - << Finishing up attribute : Attribute(name=category, type=integer [non-identifier])
17:59:18.336 [main] DEBUG org.hibernate.persister.walking.spi.MetamodelGraphWalker - Visiting attribute path : description
17:59:18.336 [main] TRACE org.hibernate.loader.plan.build.internal.AbstractLoadPlanBuildingAssociationVisitationStrategy - >> Starting attribute Attribute(name=description, type=string [non-identifier])
17:59:18.336 [main] TRACE org.hibernate.loader.plan.build.internal.AbstractLoadPlanBuildingAssociationVisitationStrategy - << Finishing up attribute : Attribute(name=description, type=string [non-identifier])
17:59:18.337 [main] DEBUG org.hibernate.persister.walking.spi.MetamodelGraphWalker - Visiting attribute path : name
17:59:18.337 [main] TRACE org.hibernate.loader.plan.build.internal.AbstractLoadPlanBuildingAssociationVisitationStrategy - >> Starting attribute Attribute(name=name, type=string [non-identifier])
17:59:18.337 [main] TRACE org.hibernate.loader.plan.build.internal.AbstractLoadPlanBuildingAssociationVisitationStrategy - << Finishing up attribute : Attribute(name=name, type=string [non-identifier])
17:59:18.337 [main] DEBUG org.hibernate.persister.walking.spi.MetamodelGraphWalker - Visiting attribute path : nominal
17:59:18.337 [main] TRACE org.hibernate.loader.plan.build.internal.AbstractLoadPlanBuildingAssociationVisitationStrategy - >> Starting attribute Attribute(name=nominal, type=double [non-identifier])
17:59:18.337 [main] TRACE org.hibernate.loader.plan.build.internal.AbstractLoadPlanBuildingAssociationVisitationStrategy - << Finishing up attribute : Attribute(name=nominal, type=double [non-identifier])
17:59:18.337 [main] DEBUG org.hibernate.persister.walking.spi.MetamodelGraphWalker - Visiting attribute path : nominalUnit
17:59:18.337 [main] TRACE org.hibernate.loader.plan.build.internal.AbstractLoadPlanBuildingAssociationVisitationStrategy - >> Starting attribute Attribute(name=nominalUnit, type=integer [non-identifier])
17:59:18.337 [main] TRACE org.hibernate.loader.plan.build.internal.AbstractLoadPlanBuildingAssociationVisitationStrategy - << Finishing up attribute : Attribute(name=nominalUnit, type=integer [non-identifier])
17:59:18.337 [main] DEBUG org.hibernate.persister.walking.spi.MetamodelGraphWalker - Visiting attribute path : photo
17:59:18.337 [main] TRACE org.hibernate.loader.plan.build.internal.AbstractLoadPlanBuildingAssociationVisitationStrategy - >> Starting attribute Attribute(name=photo, type=binary [non-identifier])
17:59:18.337 [main] TRACE org.hibernate.loader.plan.build.internal.AbstractLoadPlanBuildingAssociationVisitationStrategy - << Finishing up attribute : Attribute(name=photo, type=binary [non-identifier])
17:59:18.337 [main] DEBUG org.hibernate.persister.walking.spi.MetamodelGraphWalker - Visiting attribute path : power
17:59:18.337 [main] TRACE org.hibernate.loader.plan.build.internal.AbstractLoadPlanBuildingAssociationVisitationStrategy - >> Starting attribute Attribute(name=power, type=double [non-identifier])
17:59:18.337 [main] TRACE org.hibernate.loader.plan.build.internal.AbstractLoadPlanBuildingAssociationVisitationStrategy - << Finishing up attribute : Attribute(name=power, type=double [non-identifier])
17:59:18.337 [main] DEBUG org.hibernate.persister.walking.spi.MetamodelGraphWalker - Visiting attribute path : powerUnit
17:59:18.337 [main] TRACE org.hibernate.loader.plan.build.internal.AbstractLoadPlanBuildingAssociationVisitationStrategy - >> Starting attribute Attribute(name=powerUnit, type=integer [non-identifier])
17:59:18.337 [main] TRACE org.hibernate.loader.plan.build.internal.AbstractLoadPlanBuildingAssociationVisitationStrategy - << Finishing up attribute : Attribute(name=powerUnit, type=integer [non-identifier])
17:59:18.337 [main] DEBUG org.hibernate.persister.walking.spi.MetamodelGraphWalker - Visiting attribute path : price
17:59:18.337 [main] TRACE org.hibernate.loader.plan.build.internal.AbstractLoadPlanBuildingAssociationVisitationStrategy - >> Starting attribute Attribute(name=price, type=double [non-identifier])
17:59:18.337 [main] TRACE org.hibernate.loader.plan.build.internal.AbstractLoadPlanBuildingAssociationVisitationStrategy - << Finishing up attribute : Attribute(name=price, type=double [non-identifier])
17:59:18.337 [main] DEBUG org.hibernate.persister.walking.spi.MetamodelGraphWalker - Visiting attribute path : producer
17:59:18.337 [main] TRACE org.hibernate.loader.plan.build.internal.AbstractLoadPlanBuildingAssociationVisitationStrategy - >> Starting attribute Attribute(name=producer, type=integer [non-identifier])
17:59:18.337 [main] TRACE org.hibernate.loader.plan.build.internal.AbstractLoadPlanBuildingAssociationVisitationStrategy - << Finishing up attribute : Attribute(name=producer, type=integer [non-identifier])
17:59:18.337 [main] DEBUG org.hibernate.persister.walking.spi.MetamodelGraphWalker - Visiting attribute path : quantity
17:59:18.337 [main] TRACE org.hibernate.loader.plan.build.internal.AbstractLoadPlanBuildingAssociationVisitationStrategy - >> Starting attribute Attribute(name=quantity, type=integer [non-identifier])
17:59:18.337 [main] TRACE org.hibernate.loader.plan.build.internal.AbstractLoadPlanBuildingAssociationVisitationStrategy - << Finishing up attribute : Attribute(name=quantity, type=integer [non-identifier])
17:59:18.337 [main] DEBUG org.hibernate.persister.walking.spi.MetamodelGraphWalker - Visiting attribute path : rPackage
17:59:18.337 [main] TRACE org.hibernate.loader.plan.build.internal.AbstractLoadPlanBuildingAssociationVisitationStrategy - >> Starting attribute Attribute(name=rPackage, type=integer [non-identifier])
17:59:18.337 [main] TRACE org.hibernate.loader.plan.build.internal.AbstractLoadPlanBuildingAssociationVisitationStrategy - << Finishing up attribute : Attribute(name=rPackage, type=integer [non-identifier])
17:59:18.337 [main] DEBUG org.hibernate.persister.walking.spi.MetamodelGraphWalker - Visiting attribute path : rPrecision
17:59:18.337 [main] TRACE org.hibernate.loader.plan.build.internal.AbstractLoadPlanBuildingAssociationVisitationStrategy - >> Starting attribute Attribute(name=rPrecision, type=double [non-identifier])
17:59:18.337 [main] TRACE org.hibernate.loader.plan.build.internal.AbstractLoadPlanBuildingAssociationVisitationStrategy - << Finishing up attribute : Attribute(name=rPrecision, type=double [non-identifier])
17:59:18.338 [main] TRACE org.hibernate.loader.plan.build.internal.AbstractLoadPlanBuildingAssociationVisitationStrategy - Popped fetch owner from stack : org.hibernate.loader.plan.build.internal.returns.EntityReturnImpl@439e3cb4
17:59:18.338 [main] TRACE org.hibernate.loader.plan.build.internal.AbstractLoadPlanBuildingAssociationVisitationStrategy -  Finished root entity : com.soft.entity.ResistorEntity
17:59:18.338 [main] DEBUG org.hibernate.loader.plan.build.internal.FetchStyleLoadPlanBuildingAssociationVisitationStrategy - Building LoadPlan...
17:59:18.338 [main] DEBUG org.hibernate.loader.plan.exec.internal.LoadQueryJoinAndFetchProcessor - processing queryspace <gen:0>
17:59:18.338 [main] DEBUG org.hibernate.loader.plan.build.spi.LoadPlanTreePrinter - LoadPlan(entity=com.soft.entity.ResistorEntity)
    - Returns
       - EntityReturnImpl(entity=com.soft.entity.ResistorEntity, querySpaceUid=<gen:0>, path=com.soft.entity.ResistorEntity)
    - QuerySpaces
       - EntityQuerySpaceImpl(uid=<gen:0>, entity=com.soft.entity.ResistorEntity)
          - SQL table alias mapping - resistoren0_
          - alias suffix - 0_
          - suffixed key columns - {resistor1_4_0_}

17:59:18.339 [main] DEBUG org.hibernate.loader.entity.plan.EntityLoader - Static select for entity com.soft.entity.ResistorEntity [UPGRADE_SKIPLOCKED]: select resistoren0_.resistor_id as resistor1_4_0_, resistoren0_.category as category2_4_0_, resistoren0_.description as descript3_4_0_, resistoren0_.name as name4_4_0_, resistoren0_.nominal as nominal5_4_0_, resistoren0_.nominal_unit as nominal_6_4_0_, resistoren0_.photo as photo7_4_0_, resistoren0_.power as power8_4_0_, resistoren0_.power_unit as power_un9_4_0_, resistoren0_.price as price10_4_0_, resistoren0_.producer as produce11_4_0_, resistoren0_.quantity as quantit12_4_0_, resistoren0_.package as package13_4_0_, resistoren0_.r_precision as r_preci14_4_0_ from resistor resistoren0_ where resistoren0_.resistor_id=? for update
17:59:18.339 [main] TRACE org.hibernate.loader.plan.build.internal.AbstractLoadPlanBuildingAssociationVisitationStrategy -  Starting root entity : com.soft.entity.ResistorEntity
17:59:18.339 [main] DEBUG org.hibernate.loader.plan.build.internal.spaces.QuerySpacesImpl - Adding QuerySpace : uid = <gen:0> -> org.hibernate.loader.plan.build.internal.spaces.EntityQuerySpaceImpl@1c9fbb61]
17:59:18.339 [main] TRACE org.hibernate.loader.plan.build.internal.AbstractLoadPlanBuildingAssociationVisitationStrategy - Pushing fetch source to stack : org.hibernate.loader.plan.build.internal.returns.EntityReturnImpl@7b81616b
17:59:18.339 [main] TRACE org.hibernate.loader.plan.build.internal.AbstractLoadPlanBuildingAssociationVisitationStrategy - .. Registering AssociationKey : AssociationKey(table=resistor, columns={resistor_id}) -> org.hibernate.loader.plan.build.internal.returns.EntityReturnImpl@7b81616b
17:59:18.339 [main] TRACE org.hibernate.loader.plan.build.internal.AbstractLoadPlanBuildingAssociationVisitationStrategy - >> Starting entity identifier : com.soft.entity.ResistorEntity
17:59:18.339 [main] DEBUG org.hibernate.persister.walking.spi.MetamodelGraphWalker - Visiting attribute path : category
17:59:18.339 [main] TRACE org.hibernate.loader.plan.build.internal.AbstractLoadPlanBuildingAssociationVisitationStrategy - >> Starting attribute Attribute(name=category, type=integer [non-identifier])
17:59:18.339 [main] TRACE org.hibernate.loader.plan.build.internal.AbstractLoadPlanBuildingAssociationVisitationStrategy - << Finishing up attribute : Attribute(name=category, type=integer [non-identifier])
17:59:18.339 [main] DEBUG org.hibernate.persister.walking.spi.MetamodelGraphWalker - Visiting attribute path : description
17:59:18.339 [main] TRACE org.hibernate.loader.plan.build.internal.AbstractLoadPlanBuildingAssociationVisitationStrategy - >> Starting attribute Attribute(name=description, type=string [non-identifier])
17:59:18.339 [main] TRACE org.hibernate.loader.plan.build.internal.AbstractLoadPlanBuildingAssociationVisitationStrategy - << Finishing up attribute : Attribute(name=description, type=string [non-identifier])
17:59:18.339 [main] DEBUG org.hibernate.persister.walking.spi.MetamodelGraphWalker - Visiting attribute path : name
17:59:18.339 [main] TRACE org.hibernate.loader.plan.build.internal.AbstractLoadPlanBuildingAssociationVisitationStrategy - >> Starting attribute Attribute(name=name, type=string [non-identifier])
17:59:18.339 [main] TRACE org.hibernate.loader.plan.build.internal.AbstractLoadPlanBuildingAssociationVisitationStrategy - << Finishing up attribute : Attribute(name=name, type=string [non-identifier])
17:59:18.339 [main] DEBUG org.hibernate.persister.walking.spi.MetamodelGraphWalker - Visiting attribute path : nominal
17:59:18.339 [main] TRACE org.hibernate.loader.plan.build.internal.AbstractLoadPlanBuildingAssociationVisitationStrategy - >> Starting attribute Attribute(name=nominal, type=double [non-identifier])
17:59:18.339 [main] TRACE org.hibernate.loader.plan.build.internal.AbstractLoadPlanBuildingAssociationVisitationStrategy - << Finishing up attribute : Attribute(name=nominal, type=double [non-identifier])
17:59:18.339 [main] DEBUG org.hibernate.persister.walking.spi.MetamodelGraphWalker - Visiting attribute path : nominalUnit
17:59:18.339 [main] TRACE org.hibernate.loader.plan.build.internal.AbstractLoadPlanBuildingAssociationVisitationStrategy - >> Starting attribute Attribute(name=nominalUnit, type=integer [non-identifier])
17:59:18.339 [main] TRACE org.hibernate.loader.plan.build.internal.AbstractLoadPlanBuildingAssociationVisitationStrategy - << Finishing up attribute : Attribute(name=nominalUnit, type=integer [non-identifier])
17:59:18.339 [main] DEBUG org.hibernate.persister.walking.spi.MetamodelGraphWalker - Visiting attribute path : photo
17:59:18.339 [main] TRACE org.hibernate.loader.plan.build.internal.AbstractLoadPlanBuildingAssociationVisitationStrategy - >> Starting attribute Attribute(name=photo, type=binary [non-identifier])
17:59:18.339 [main] TRACE org.hibernate.loader.plan.build.internal.AbstractLoadPlanBuildingAssociationVisitationStrategy - << Finishing up attribute : Attribute(name=photo, type=binary [non-identifier])
17:59:18.339 [main] DEBUG org.hibernate.persister.walking.spi.MetamodelGraphWalker - Visiting attribute path : power
17:59:18.339 [main] TRACE org.hibernate.loader.plan.build.internal.AbstractLoadPlanBuildingAssociationVisitationStrategy - >> Starting attribute Attribute(name=power, type=double [non-identifier])
17:59:18.339 [main] TRACE org.hibernate.loader.plan.build.internal.AbstractLoadPlanBuildingAssociationVisitationStrategy - << Finishing up attribute : Attribute(name=power, type=double [non-identifier])
17:59:18.339 [main] DEBUG org.hibernate.persister.walking.spi.MetamodelGraphWalker - Visiting attribute path : powerUnit
17:59:18.339 [main] TRACE org.hibernate.loader.plan.build.internal.AbstractLoadPlanBuildingAssociationVisitationStrategy - >> Starting attribute Attribute(name=powerUnit, type=integer [non-identifier])
17:59:18.339 [main] TRACE org.hibernate.loader.plan.build.internal.AbstractLoadPlanBuildingAssociationVisitationStrategy - << Finishing up attribute : Attribute(name=powerUnit, type=integer [non-identifier])
17:59:18.340 [main] DEBUG org.hibernate.persister.walking.spi.MetamodelGraphWalker - Visiting attribute path : price
17:59:18.340 [main] TRACE org.hibernate.loader.plan.build.internal.AbstractLoadPlanBuildingAssociationVisitationStrategy - >> Starting attribute Attribute(name=price, type=double [non-identifier])
17:59:18.340 [main] TRACE org.hibernate.loader.plan.build.internal.AbstractLoadPlanBuildingAssociationVisitationStrategy - << Finishing up attribute : Attribute(name=price, type=double [non-identifier])
17:59:18.340 [main] DEBUG org.hibernate.persister.walking.spi.MetamodelGraphWalker - Visiting attribute path : producer
17:59:18.340 [main] TRACE org.hibernate.loader.plan.build.internal.AbstractLoadPlanBuildingAssociationVisitationStrategy - >> Starting attribute Attribute(name=producer, type=integer [non-identifier])
17:59:18.340 [main] TRACE org.hibernate.loader.plan.build.internal.AbstractLoadPlanBuildingAssociationVisitationStrategy - << Finishing up attribute : Attribute(name=producer, type=integer [non-identifier])
17:59:18.340 [main] DEBUG org.hibernate.persister.walking.spi.MetamodelGraphWalker - Visiting attribute path : quantity
17:59:18.340 [main] TRACE org.hibernate.loader.plan.build.internal.AbstractLoadPlanBuildingAssociationVisitationStrategy - >> Starting attribute Attribute(name=quantity, type=integer [non-identifier])
17:59:18.340 [main] TRACE org.hibernate.loader.plan.build.internal.AbstractLoadPlanBuildingAssociationVisitationStrategy - << Finishing up attribute : Attribute(name=quantity, type=integer [non-identifier])
17:59:18.340 [main] DEBUG org.hibernate.persister.walking.spi.MetamodelGraphWalker - Visiting attribute path : rPackage
17:59:18.340 [main] TRACE org.hibernate.loader.plan.build.internal.AbstractLoadPlanBuildingAssociationVisitationStrategy - >> Starting attribute Attribute(name=rPackage, type=integer [non-identifier])
17:59:18.340 [main] TRACE org.hibernate.loader.plan.build.internal.AbstractLoadPlanBuildingAssociationVisitationStrategy - << Finishing up attribute : Attribute(name=rPackage, type=integer [non-identifier])
17:59:18.340 [main] DEBUG org.hibernate.persister.walking.spi.MetamodelGraphWalker - Visiting attribute path : rPrecision
17:59:18.340 [main] TRACE org.hibernate.loader.plan.build.internal.AbstractLoadPlanBuildingAssociationVisitationStrategy - >> Starting attribute Attribute(name=rPrecision, type=double [non-identifier])
17:59:18.340 [main] TRACE org.hibernate.loader.plan.build.internal.AbstractLoadPlanBuildingAssociationVisitationStrategy - << Finishing up attribute : Attribute(name=rPrecision, type=double [non-identifier])
17:59:18.340 [main] TRACE org.hibernate.loader.plan.build.internal.AbstractLoadPlanBuildingAssociationVisitationStrategy - Popped fetch owner from stack : org.hibernate.loader.plan.build.internal.returns.EntityReturnImpl@7b81616b
17:59:18.340 [main] TRACE org.hibernate.loader.plan.build.internal.AbstractLoadPlanBuildingAssociationVisitationStrategy -  Finished root entity : com.soft.entity.ResistorEntity
17:59:18.340 [main] DEBUG org.hibernate.loader.plan.build.internal.FetchStyleLoadPlanBuildingAssociationVisitationStrategy - Building LoadPlan...
17:59:18.340 [main] DEBUG org.hibernate.loader.plan.exec.internal.LoadQueryJoinAndFetchProcessor - processing queryspace <gen:0>
17:59:18.340 [main] DEBUG org.hibernate.loader.plan.build.spi.LoadPlanTreePrinter - LoadPlan(entity=com.soft.entity.ResistorEntity)
    - Returns
       - EntityReturnImpl(entity=com.soft.entity.ResistorEntity, querySpaceUid=<gen:0>, path=com.soft.entity.ResistorEntity)
    - QuerySpaces
       - EntityQuerySpaceImpl(uid=<gen:0>, entity=com.soft.entity.ResistorEntity)
          - SQL table alias mapping - resistoren0_
          - alias suffix - 0_
          - suffixed key columns - {resistor1_4_0_}

17:59:18.340 [main] DEBUG org.hibernate.loader.entity.plan.EntityLoader - Static select for entity com.soft.entity.ResistorEntity [FORCE]: select resistoren0_.resistor_id as resistor1_4_0_, resistoren0_.category as category2_4_0_, resistoren0_.description as descript3_4_0_, resistoren0_.name as name4_4_0_, resistoren0_.nominal as nominal5_4_0_, resistoren0_.nominal_unit as nominal_6_4_0_, resistoren0_.photo as photo7_4_0_, resistoren0_.power as power8_4_0_, resistoren0_.power_unit as power_un9_4_0_, resistoren0_.price as price10_4_0_, resistoren0_.producer as produce11_4_0_, resistoren0_.quantity as quantit12_4_0_, resistoren0_.package as package13_4_0_, resistoren0_.r_precision as r_preci14_4_0_ from resistor resistoren0_ where resistoren0_.resistor_id=? for update
17:59:18.340 [main] TRACE org.hibernate.loader.plan.build.internal.AbstractLoadPlanBuildingAssociationVisitationStrategy -  Starting root entity : com.soft.entity.ResistorEntity
17:59:18.340 [main] DEBUG org.hibernate.loader.plan.build.internal.spaces.QuerySpacesImpl - Adding QuerySpace : uid = <gen:0> -> org.hibernate.loader.plan.build.internal.spaces.EntityQuerySpaceImpl@15d42ccb]
17:59:18.340 [main] TRACE org.hibernate.loader.plan.build.internal.AbstractLoadPlanBuildingAssociationVisitationStrategy - Pushing fetch source to stack : org.hibernate.loader.plan.build.internal.returns.EntityReturnImpl@279dd959
17:59:18.340 [main] TRACE org.hibernate.loader.plan.build.internal.AbstractLoadPlanBuildingAssociationVisitationStrategy - .. Registering AssociationKey : AssociationKey(table=resistor, columns={resistor_id}) -> org.hibernate.loader.plan.build.internal.returns.EntityReturnImpl@279dd959
17:59:18.341 [main] TRACE org.hibernate.loader.plan.build.internal.AbstractLoadPlanBuildingAssociationVisitationStrategy - >> Starting entity identifier : com.soft.entity.ResistorEntity
17:59:18.341 [main] DEBUG org.hibernate.persister.walking.spi.MetamodelGraphWalker - Visiting attribute path : category
17:59:18.341 [main] TRACE org.hibernate.loader.plan.build.internal.AbstractLoadPlanBuildingAssociationVisitationStrategy - >> Starting attribute Attribute(name=category, type=integer [non-identifier])
17:59:18.341 [main] TRACE org.hibernate.loader.plan.build.internal.AbstractLoadPlanBuildingAssociationVisitationStrategy - << Finishing up attribute : Attribute(name=category, type=integer [non-identifier])
17:59:18.341 [main] DEBUG org.hibernate.persister.walking.spi.MetamodelGraphWalker - Visiting attribute path : description
17:59:18.341 [main] TRACE org.hibernate.loader.plan.build.internal.AbstractLoadPlanBuildingAssociationVisitationStrategy - >> Starting attribute Attribute(name=description, type=string [non-identifier])
17:59:18.341 [main] TRACE org.hibernate.loader.plan.build.internal.AbstractLoadPlanBuildingAssociationVisitationStrategy - << Finishing up attribute : Attribute(name=description, type=string [non-identifier])
17:59:18.341 [main] DEBUG org.hibernate.persister.walking.spi.MetamodelGraphWalker - Visiting attribute path : name
17:59:18.341 [main] TRACE org.hibernate.loader.plan.build.internal.AbstractLoadPlanBuildingAssociationVisitationStrategy - >> Starting attribute Attribute(name=name, type=string [non-identifier])
17:59:18.341 [main] TRACE org.hibernate.loader.plan.build.internal.AbstractLoadPlanBuildingAssociationVisitationStrategy - << Finishing up attribute : Attribute(name=name, type=string [non-identifier])
17:59:18.341 [main] DEBUG org.hibernate.persister.walking.spi.MetamodelGraphWalker - Visiting attribute path : nominal
17:59:18.341 [main] TRACE org.hibernate.loader.plan.build.internal.AbstractLoadPlanBuildingAssociationVisitationStrategy - >> Starting attribute Attribute(name=nominal, type=double [non-identifier])
17:59:18.341 [main] TRACE org.hibernate.loader.plan.build.internal.AbstractLoadPlanBuildingAssociationVisitationStrategy - << Finishing up attribute : Attribute(name=nominal, type=double [non-identifier])
17:59:18.341 [main] DEBUG org.hibernate.persister.walking.spi.MetamodelGraphWalker - Visiting attribute path : nominalUnit
17:59:18.341 [main] TRACE org.hibernate.loader.plan.build.internal.AbstractLoadPlanBuildingAssociationVisitationStrategy - >> Starting attribute Attribute(name=nominalUnit, type=integer [non-identifier])
17:59:18.341 [main] TRACE org.hibernate.loader.plan.build.internal.AbstractLoadPlanBuildingAssociationVisitationStrategy - << Finishing up attribute : Attribute(name=nominalUnit, type=integer [non-identifier])
17:59:18.341 [main] DEBUG org.hibernate.persister.walking.spi.MetamodelGraphWalker - Visiting attribute path : photo
17:59:18.341 [main] TRACE org.hibernate.loader.plan.build.internal.AbstractLoadPlanBuildingAssociationVisitationStrategy - >> Starting attribute Attribute(name=photo, type=binary [non-identifier])
17:59:18.341 [main] TRACE org.hibernate.loader.plan.build.internal.AbstractLoadPlanBuildingAssociationVisitationStrategy - << Finishing up attribute : Attribute(name=photo, type=binary [non-identifier])
17:59:18.341 [main] DEBUG org.hibernate.persister.walking.spi.MetamodelGraphWalker - Visiting attribute path : power
17:59:18.341 [main] TRACE org.hibernate.loader.plan.build.internal.AbstractLoadPlanBuildingAssociationVisitationStrategy - >> Starting attribute Attribute(name=power, type=double [non-identifier])
17:59:18.341 [main] TRACE org.hibernate.loader.plan.build.internal.AbstractLoadPlanBuildingAssociationVisitationStrategy - << Finishing up attribute : Attribute(name=power, type=double [non-identifier])
17:59:18.341 [main] DEBUG org.hibernate.persister.walking.spi.MetamodelGraphWalker - Visiting attribute path : powerUnit
17:59:18.341 [main] TRACE org.hibernate.loader.plan.build.internal.AbstractLoadPlanBuildingAssociationVisitationStrategy - >> Starting attribute Attribute(name=powerUnit, type=integer [non-identifier])
17:59:18.341 [main] TRACE org.hibernate.loader.plan.build.internal.AbstractLoadPlanBuildingAssociationVisitationStrategy - << Finishing up attribute : Attribute(name=powerUnit, type=integer [non-identifier])
17:59:18.341 [main] DEBUG org.hibernate.persister.walking.spi.MetamodelGraphWalker - Visiting attribute path : price
17:59:18.341 [main] TRACE org.hibernate.loader.plan.build.internal.AbstractLoadPlanBuildingAssociationVisitationStrategy - >> Starting attribute Attribute(name=price, type=double [non-identifier])
17:59:18.341 [main] TRACE org.hibernate.loader.plan.build.internal.AbstractLoadPlanBuildingAssociationVisitationStrategy - << Finishing up attribute : Attribute(name=price, type=double [non-identifier])
17:59:18.341 [main] DEBUG org.hibernate.persister.walking.spi.MetamodelGraphWalker - Visiting attribute path : producer
17:59:18.341 [main] TRACE org.hibernate.loader.plan.build.internal.AbstractLoadPlanBuildingAssociationVisitationStrategy - >> Starting attribute Attribute(name=producer, type=integer [non-identifier])
17:59:18.341 [main] TRACE org.hibernate.loader.plan.build.internal.AbstractLoadPlanBuildingAssociationVisitationStrategy - << Finishing up attribute : Attribute(name=producer, type=integer [non-identifier])
17:59:18.341 [main] DEBUG org.hibernate.persister.walking.spi.MetamodelGraphWalker - Visiting attribute path : quantity
17:59:18.341 [main] TRACE org.hibernate.loader.plan.build.internal.AbstractLoadPlanBuildingAssociationVisitationStrategy - >> Starting attribute Attribute(name=quantity, type=integer [non-identifier])
17:59:18.341 [main] TRACE org.hibernate.loader.plan.build.internal.AbstractLoadPlanBuildingAssociationVisitationStrategy - << Finishing up attribute : Attribute(name=quantity, type=integer [non-identifier])
17:59:18.341 [main] DEBUG org.hibernate.persister.walking.spi.MetamodelGraphWalker - Visiting attribute path : rPackage
17:59:18.341 [main] TRACE org.hibernate.loader.plan.build.internal.AbstractLoadPlanBuildingAssociationVisitationStrategy - >> Starting attribute Attribute(name=rPackage, type=integer [non-identifier])
17:59:18.341 [main] TRACE org.hibernate.loader.plan.build.internal.AbstractLoadPlanBuildingAssociationVisitationStrategy - << Finishing up attribute : Attribute(name=rPackage, type=integer [non-identifier])
17:59:18.341 [main] DEBUG org.hibernate.persister.walking.spi.MetamodelGraphWalker - Visiting attribute path : rPrecision
17:59:18.341 [main] TRACE org.hibernate.loader.plan.build.internal.AbstractLoadPlanBuildingAssociationVisitationStrategy - >> Starting attribute Attribute(name=rPrecision, type=double [non-identifier])
17:59:18.341 [main] TRACE org.hibernate.loader.plan.build.internal.AbstractLoadPlanBuildingAssociationVisitationStrategy - << Finishing up attribute : Attribute(name=rPrecision, type=double [non-identifier])
17:59:18.341 [main] TRACE org.hibernate.loader.plan.build.internal.AbstractLoadPlanBuildingAssociationVisitationStrategy - Popped fetch owner from stack : org.hibernate.loader.plan.build.internal.returns.EntityReturnImpl@279dd959
17:59:18.341 [main] TRACE org.hibernate.loader.plan.build.internal.AbstractLoadPlanBuildingAssociationVisitationStrategy -  Finished root entity : com.soft.entity.ResistorEntity
17:59:18.341 [main] DEBUG org.hibernate.loader.plan.build.internal.FetchStyleLoadPlanBuildingAssociationVisitationStrategy - Building LoadPlan...
17:59:18.342 [main] DEBUG org.hibernate.loader.plan.exec.internal.LoadQueryJoinAndFetchProcessor - processing queryspace <gen:0>
17:59:18.342 [main] DEBUG org.hibernate.loader.plan.build.spi.LoadPlanTreePrinter - LoadPlan(entity=com.soft.entity.ResistorEntity)
    - Returns
       - EntityReturnImpl(entity=com.soft.entity.ResistorEntity, querySpaceUid=<gen:0>, path=com.soft.entity.ResistorEntity)
    - QuerySpaces
       - EntityQuerySpaceImpl(uid=<gen:0>, entity=com.soft.entity.ResistorEntity)
          - SQL table alias mapping - resistoren0_
          - alias suffix - 0_
          - suffixed key columns - {resistor1_4_0_}

17:59:18.342 [main] DEBUG org.hibernate.loader.entity.plan.EntityLoader - Static select for entity com.soft.entity.ResistorEntity [PESSIMISTIC_READ]: select resistoren0_.resistor_id as resistor1_4_0_, resistoren0_.category as category2_4_0_, resistoren0_.description as descript3_4_0_, resistoren0_.name as name4_4_0_, resistoren0_.nominal as nominal5_4_0_, resistoren0_.nominal_unit as nominal_6_4_0_, resistoren0_.photo as photo7_4_0_, resistoren0_.power as power8_4_0_, resistoren0_.power_unit as power_un9_4_0_, resistoren0_.price as price10_4_0_, resistoren0_.producer as produce11_4_0_, resistoren0_.quantity as quantit12_4_0_, resistoren0_.package as package13_4_0_, resistoren0_.r_precision as r_preci14_4_0_ from resistor resistoren0_ where resistoren0_.resistor_id=? lock in share mode
17:59:18.342 [main] TRACE org.hibernate.loader.plan.build.internal.AbstractLoadPlanBuildingAssociationVisitationStrategy -  Starting root entity : com.soft.entity.ResistorEntity
17:59:18.342 [main] DEBUG org.hibernate.loader.plan.build.internal.spaces.QuerySpacesImpl - Adding QuerySpace : uid = <gen:0> -> org.hibernate.loader.plan.build.internal.spaces.EntityQuerySpaceImpl@46383a78]
17:59:18.342 [main] TRACE org.hibernate.loader.plan.build.internal.AbstractLoadPlanBuildingAssociationVisitationStrategy - Pushing fetch source to stack : org.hibernate.loader.plan.build.internal.returns.EntityReturnImpl@36c281ed
17:59:18.342 [main] TRACE org.hibernate.loader.plan.build.internal.AbstractLoadPlanBuildingAssociationVisitationStrategy - .. Registering AssociationKey : AssociationKey(table=resistor, columns={resistor_id}) -> org.hibernate.loader.plan.build.internal.returns.EntityReturnImpl@36c281ed
17:59:18.342 [main] TRACE org.hibernate.loader.plan.build.internal.AbstractLoadPlanBuildingAssociationVisitationStrategy - >> Starting entity identifier : com.soft.entity.ResistorEntity
17:59:18.342 [main] DEBUG org.hibernate.persister.walking.spi.MetamodelGraphWalker - Visiting attribute path : category
17:59:18.342 [main] TRACE org.hibernate.loader.plan.build.internal.AbstractLoadPlanBuildingAssociationVisitationStrategy - >> Starting attribute Attribute(name=category, type=integer [non-identifier])
17:59:18.342 [main] TRACE org.hibernate.loader.plan.build.internal.AbstractLoadPlanBuildingAssociationVisitationStrategy - << Finishing up attribute : Attribute(name=category, type=integer [non-identifier])
17:59:18.342 [main] DEBUG org.hibernate.persister.walking.spi.MetamodelGraphWalker - Visiting attribute path : description
17:59:18.342 [main] TRACE org.hibernate.loader.plan.build.internal.AbstractLoadPlanBuildingAssociationVisitationStrategy - >> Starting attribute Attribute(name=description, type=string [non-identifier])
17:59:18.342 [main] TRACE org.hibernate.loader.plan.build.internal.AbstractLoadPlanBuildingAssociationVisitationStrategy - << Finishing up attribute : Attribute(name=description, type=string [non-identifier])
17:59:18.342 [main] DEBUG org.hibernate.persister.walking.spi.MetamodelGraphWalker - Visiting attribute path : name
17:59:18.342 [main] TRACE org.hibernate.loader.plan.build.internal.AbstractLoadPlanBuildingAssociationVisitationStrategy - >> Starting attribute Attribute(name=name, type=string [non-identifier])
17:59:18.342 [main] TRACE org.hibernate.loader.plan.build.internal.AbstractLoadPlanBuildingAssociationVisitationStrategy - << Finishing up attribute : Attribute(name=name, type=string [non-identifier])
17:59:18.342 [main] DEBUG org.hibernate.persister.walking.spi.MetamodelGraphWalker - Visiting attribute path : nominal
17:59:18.342 [main] TRACE org.hibernate.loader.plan.build.internal.AbstractLoadPlanBuildingAssociationVisitationStrategy - >> Starting attribute Attribute(name=nominal, type=double [non-identifier])
17:59:18.342 [main] TRACE org.hibernate.loader.plan.build.internal.AbstractLoadPlanBuildingAssociationVisitationStrategy - << Finishing up attribute : Attribute(name=nominal, type=double [non-identifier])
17:59:18.342 [main] DEBUG org.hibernate.persister.walking.spi.MetamodelGraphWalker - Visiting attribute path : nominalUnit
17:59:18.343 [main] TRACE org.hibernate.loader.plan.build.internal.AbstractLoadPlanBuildingAssociationVisitationStrategy - >> Starting attribute Attribute(name=nominalUnit, type=integer [non-identifier])
17:59:18.343 [main] TRACE org.hibernate.loader.plan.build.internal.AbstractLoadPlanBuildingAssociationVisitationStrategy - << Finishing up attribute : Attribute(name=nominalUnit, type=integer [non-identifier])
17:59:18.343 [main] DEBUG org.hibernate.persister.walking.spi.MetamodelGraphWalker - Visiting attribute path : photo
17:59:18.343 [main] TRACE org.hibernate.loader.plan.build.internal.AbstractLoadPlanBuildingAssociationVisitationStrategy - >> Starting attribute Attribute(name=photo, type=binary [non-identifier])
17:59:18.343 [main] TRACE org.hibernate.loader.plan.build.internal.AbstractLoadPlanBuildingAssociationVisitationStrategy - << Finishing up attribute : Attribute(name=photo, type=binary [non-identifier])
17:59:18.343 [main] DEBUG org.hibernate.persister.walking.spi.MetamodelGraphWalker - Visiting attribute path : power
17:59:18.343 [main] TRACE org.hibernate.loader.plan.build.internal.AbstractLoadPlanBuildingAssociationVisitationStrategy - >> Starting attribute Attribute(name=power, type=double [non-identifier])
17:59:18.343 [main] TRACE org.hibernate.loader.plan.build.internal.AbstractLoadPlanBuildingAssociationVisitationStrategy - << Finishing up attribute : Attribute(name=power, type=double [non-identifier])
17:59:18.343 [main] DEBUG org.hibernate.persister.walking.spi.MetamodelGraphWalker - Visiting attribute path : powerUnit
17:59:18.343 [main] TRACE org.hibernate.loader.plan.build.internal.AbstractLoadPlanBuildingAssociationVisitationStrategy - >> Starting attribute Attribute(name=powerUnit, type=integer [non-identifier])
17:59:18.343 [main] TRACE org.hibernate.loader.plan.build.internal.AbstractLoadPlanBuildingAssociationVisitationStrategy - << Finishing up attribute : Attribute(name=powerUnit, type=integer [non-identifier])
17:59:18.343 [main] DEBUG org.hibernate.persister.walking.spi.MetamodelGraphWalker - Visiting attribute path : price
17:59:18.343 [main] TRACE org.hibernate.loader.plan.build.internal.AbstractLoadPlanBuildingAssociationVisitationStrategy - >> Starting attribute Attribute(name=price, type=double [non-identifier])
17:59:18.343 [main] TRACE org.hibernate.loader.plan.build.internal.AbstractLoadPlanBuildingAssociationVisitationStrategy - << Finishing up attribute : Attribute(name=price, type=double [non-identifier])
17:59:18.343 [main] DEBUG org.hibernate.persister.walking.spi.MetamodelGraphWalker - Visiting attribute path : producer
17:59:18.343 [main] TRACE org.hibernate.loader.plan.build.internal.AbstractLoadPlanBuildingAssociationVisitationStrategy - >> Starting attribute Attribute(name=producer, type=integer [non-identifier])
17:59:18.343 [main] TRACE org.hibernate.loader.plan.build.internal.AbstractLoadPlanBuildingAssociationVisitationStrategy - << Finishing up attribute : Attribute(name=producer, type=integer [non-identifier])
17:59:18.343 [main] DEBUG org.hibernate.persister.walking.spi.MetamodelGraphWalker - Visiting attribute path : quantity
17:59:18.343 [main] TRACE org.hibernate.loader.plan.build.internal.AbstractLoadPlanBuildingAssociationVisitationStrategy - >> Starting attribute Attribute(name=quantity, type=integer [non-identifier])
17:59:18.343 [main] TRACE org.hibernate.loader.plan.build.internal.AbstractLoadPlanBuildingAssociationVisitationStrategy - << Finishing up attribute : Attribute(name=quantity, type=integer [non-identifier])
17:59:18.343 [main] DEBUG org.hibernate.persister.walking.spi.MetamodelGraphWalker - Visiting attribute path : rPackage
17:59:18.343 [main] TRACE org.hibernate.loader.plan.build.internal.AbstractLoadPlanBuildingAssociationVisitationStrategy - >> Starting attribute Attribute(name=rPackage, type=integer [non-identifier])
17:59:18.343 [main] TRACE org.hibernate.loader.plan.build.internal.AbstractLoadPlanBuildingAssociationVisitationStrategy - << Finishing up attribute : Attribute(name=rPackage, type=integer [non-identifier])
17:59:18.343 [main] DEBUG org.hibernate.persister.walking.spi.MetamodelGraphWalker - Visiting attribute path : rPrecision
17:59:18.343 [main] TRACE org.hibernate.loader.plan.build.internal.AbstractLoadPlanBuildingAssociationVisitationStrategy - >> Starting attribute Attribute(name=rPrecision, type=double [non-identifier])
17:59:18.343 [main] TRACE org.hibernate.loader.plan.build.internal.AbstractLoadPlanBuildingAssociationVisitationStrategy - << Finishing up attribute : Attribute(name=rPrecision, type=double [non-identifier])
17:59:18.343 [main] TRACE org.hibernate.loader.plan.build.internal.AbstractLoadPlanBuildingAssociationVisitationStrategy - Popped fetch owner from stack : org.hibernate.loader.plan.build.internal.returns.EntityReturnImpl@36c281ed
17:59:18.343 [main] TRACE org.hibernate.loader.plan.build.internal.AbstractLoadPlanBuildingAssociationVisitationStrategy -  Finished root entity : com.soft.entity.ResistorEntity
17:59:18.343 [main] DEBUG org.hibernate.loader.plan.build.internal.FetchStyleLoadPlanBuildingAssociationVisitationStrategy - Building LoadPlan...
17:59:18.343 [main] DEBUG org.hibernate.loader.plan.exec.internal.LoadQueryJoinAndFetchProcessor - processing queryspace <gen:0>
17:59:18.343 [main] DEBUG org.hibernate.loader.plan.build.spi.LoadPlanTreePrinter - LoadPlan(entity=com.soft.entity.ResistorEntity)
    - Returns
       - EntityReturnImpl(entity=com.soft.entity.ResistorEntity, querySpaceUid=<gen:0>, path=com.soft.entity.ResistorEntity)
    - QuerySpaces
       - EntityQuerySpaceImpl(uid=<gen:0>, entity=com.soft.entity.ResistorEntity)
          - SQL table alias mapping - resistoren0_
          - alias suffix - 0_
          - suffixed key columns - {resistor1_4_0_}

17:59:18.344 [main] DEBUG org.hibernate.loader.entity.plan.EntityLoader - Static select for entity com.soft.entity.ResistorEntity [PESSIMISTIC_WRITE]: select resistoren0_.resistor_id as resistor1_4_0_, resistoren0_.category as category2_4_0_, resistoren0_.description as descript3_4_0_, resistoren0_.name as name4_4_0_, resistoren0_.nominal as nominal5_4_0_, resistoren0_.nominal_unit as nominal_6_4_0_, resistoren0_.photo as photo7_4_0_, resistoren0_.power as power8_4_0_, resistoren0_.power_unit as power_un9_4_0_, resistoren0_.price as price10_4_0_, resistoren0_.producer as produce11_4_0_, resistoren0_.quantity as quantit12_4_0_, resistoren0_.package as package13_4_0_, resistoren0_.r_precision as r_preci14_4_0_ from resistor resistoren0_ where resistoren0_.resistor_id=? for update
17:59:18.344 [main] TRACE org.hibernate.loader.plan.build.internal.AbstractLoadPlanBuildingAssociationVisitationStrategy -  Starting root entity : com.soft.entity.ResistorEntity
17:59:18.344 [main] DEBUG org.hibernate.loader.plan.build.internal.spaces.QuerySpacesImpl - Adding QuerySpace : uid = <gen:0> -> org.hibernate.loader.plan.build.internal.spaces.EntityQuerySpaceImpl@244418a]
17:59:18.344 [main] TRACE org.hibernate.loader.plan.build.internal.AbstractLoadPlanBuildingAssociationVisitationStrategy - Pushing fetch source to stack : org.hibernate.loader.plan.build.internal.returns.EntityReturnImpl@4b5a078a
17:59:18.344 [main] TRACE org.hibernate.loader.plan.build.internal.AbstractLoadPlanBuildingAssociationVisitationStrategy - .. Registering AssociationKey : AssociationKey(table=resistor, columns={resistor_id}) -> org.hibernate.loader.plan.build.internal.returns.EntityReturnImpl@4b5a078a
17:59:18.344 [main] TRACE org.hibernate.loader.plan.build.internal.AbstractLoadPlanBuildingAssociationVisitationStrategy - >> Starting entity identifier : com.soft.entity.ResistorEntity
17:59:18.344 [main] DEBUG org.hibernate.persister.walking.spi.MetamodelGraphWalker - Visiting attribute path : category
17:59:18.344 [main] TRACE org.hibernate.loader.plan.build.internal.AbstractLoadPlanBuildingAssociationVisitationStrategy - >> Starting attribute Attribute(name=category, type=integer [non-identifier])
17:59:18.344 [main] TRACE org.hibernate.loader.plan.build.internal.AbstractLoadPlanBuildingAssociationVisitationStrategy - << Finishing up attribute : Attribute(name=category, type=integer [non-identifier])
17:59:18.344 [main] DEBUG org.hibernate.persister.walking.spi.MetamodelGraphWalker - Visiting attribute path : description
17:59:18.344 [main] TRACE org.hibernate.loader.plan.build.internal.AbstractLoadPlanBuildingAssociationVisitationStrategy - >> Starting attribute Attribute(name=description, type=string [non-identifier])
17:59:18.344 [main] TRACE org.hibernate.loader.plan.build.internal.AbstractLoadPlanBuildingAssociationVisitationStrategy - << Finishing up attribute : Attribute(name=description, type=string [non-identifier])
17:59:18.344 [main] DEBUG org.hibernate.persister.walking.spi.MetamodelGraphWalker - Visiting attribute path : name
17:59:18.344 [main] TRACE org.hibernate.loader.plan.build.internal.AbstractLoadPlanBuildingAssociationVisitationStrategy - >> Starting attribute Attribute(name=name, type=string [non-identifier])
17:59:18.344 [main] TRACE org.hibernate.loader.plan.build.internal.AbstractLoadPlanBuildingAssociationVisitationStrategy - << Finishing up attribute : Attribute(name=name, type=string [non-identifier])
17:59:18.344 [main] DEBUG org.hibernate.persister.walking.spi.MetamodelGraphWalker - Visiting attribute path : nominal
17:59:18.344 [main] TRACE org.hibernate.loader.plan.build.internal.AbstractLoadPlanBuildingAssociationVisitationStrategy - >> Starting attribute Attribute(name=nominal, type=double [non-identifier])
17:59:18.344 [main] TRACE org.hibernate.loader.plan.build.internal.AbstractLoadPlanBuildingAssociationVisitationStrategy - << Finishing up attribute : Attribute(name=nominal, type=double [non-identifier])
17:59:18.344 [main] DEBUG org.hibernate.persister.walking.spi.MetamodelGraphWalker - Visiting attribute path : nominalUnit
17:59:18.344 [main] TRACE org.hibernate.loader.plan.build.internal.AbstractLoadPlanBuildingAssociationVisitationStrategy - >> Starting attribute Attribute(name=nominalUnit, type=integer [non-identifier])
17:59:18.344 [main] TRACE org.hibernate.loader.plan.build.internal.AbstractLoadPlanBuildingAssociationVisitationStrategy - << Finishing up attribute : Attribute(name=nominalUnit, type=integer [non-identifier])
17:59:18.344 [main] DEBUG org.hibernate.persister.walking.spi.MetamodelGraphWalker - Visiting attribute path : photo
17:59:18.344 [main] TRACE org.hibernate.loader.plan.build.internal.AbstractLoadPlanBuildingAssociationVisitationStrategy - >> Starting attribute Attribute(name=photo, type=binary [non-identifier])
17:59:18.348 [main] TRACE org.hibernate.loader.plan.build.internal.AbstractLoadPlanBuildingAssociationVisitationStrategy - << Finishing up attribute : Attribute(name=photo, type=binary [non-identifier])
17:59:18.348 [main] DEBUG org.hibernate.persister.walking.spi.MetamodelGraphWalker - Visiting attribute path : power
17:59:18.349 [main] TRACE org.hibernate.loader.plan.build.internal.AbstractLoadPlanBuildingAssociationVisitationStrategy - >> Starting attribute Attribute(name=power, type=double [non-identifier])
17:59:18.349 [main] TRACE org.hibernate.loader.plan.build.internal.AbstractLoadPlanBuildingAssociationVisitationStrategy - << Finishing up attribute : Attribute(name=power, type=double [non-identifier])
17:59:18.349 [main] DEBUG org.hibernate.persister.walking.spi.MetamodelGraphWalker - Visiting attribute path : powerUnit
17:59:18.349 [main] TRACE org.hibernate.loader.plan.build.internal.AbstractLoadPlanBuildingAssociationVisitationStrategy - >> Starting attribute Attribute(name=powerUnit, type=integer [non-identifier])
17:59:18.349 [main] TRACE org.hibernate.loader.plan.build.internal.AbstractLoadPlanBuildingAssociationVisitationStrategy - << Finishing up attribute : Attribute(name=powerUnit, type=integer [non-identifier])
17:59:18.349 [main] DEBUG org.hibernate.persister.walking.spi.MetamodelGraphWalker - Visiting attribute path : price
17:59:18.349 [main] TRACE org.hibernate.loader.plan.build.internal.AbstractLoadPlanBuildingAssociationVisitationStrategy - >> Starting attribute Attribute(name=price, type=double [non-identifier])
17:59:18.349 [main] TRACE org.hibernate.loader.plan.build.internal.AbstractLoadPlanBuildingAssociationVisitationStrategy - << Finishing up attribute : Attribute(name=price, type=double [non-identifier])
17:59:18.349 [main] DEBUG org.hibernate.persister.walking.spi.MetamodelGraphWalker - Visiting attribute path : producer
17:59:18.349 [main] TRACE org.hibernate.loader.plan.build.internal.AbstractLoadPlanBuildingAssociationVisitationStrategy - >> Starting attribute Attribute(name=producer, type=integer [non-identifier])
17:59:18.349 [main] TRACE org.hibernate.loader.plan.build.internal.AbstractLoadPlanBuildingAssociationVisitationStrategy - << Finishing up attribute : Attribute(name=producer, type=integer [non-identifier])
17:59:18.349 [main] DEBUG org.hibernate.persister.walking.spi.MetamodelGraphWalker - Visiting attribute path : quantity
17:59:18.349 [main] TRACE org.hibernate.loader.plan.build.internal.AbstractLoadPlanBuildingAssociationVisitationStrategy - >> Starting attribute Attribute(name=quantity, type=integer [non-identifier])
17:59:18.349 [main] TRACE org.hibernate.loader.plan.build.internal.AbstractLoadPlanBuildingAssociationVisitationStrategy - << Finishing up attribute : Attribute(name=quantity, type=integer [non-identifier])
17:59:18.349 [main] DEBUG org.hibernate.persister.walking.spi.MetamodelGraphWalker - Visiting attribute path : rPackage
17:59:18.349 [main] TRACE org.hibernate.loader.plan.build.internal.AbstractLoadPlanBuildingAssociationVisitationStrategy - >> Starting attribute Attribute(name=rPackage, type=integer [non-identifier])
17:59:18.349 [main] TRACE org.hibernate.loader.plan.build.internal.AbstractLoadPlanBuildingAssociationVisitationStrategy - << Finishing up attribute : Attribute(name=rPackage, type=integer [non-identifier])
17:59:18.349 [main] DEBUG org.hibernate.persister.walking.spi.MetamodelGraphWalker - Visiting attribute path : rPrecision
17:59:18.349 [main] TRACE org.hibernate.loader.plan.build.internal.AbstractLoadPlanBuildingAssociationVisitationStrategy - >> Starting attribute Attribute(name=rPrecision, type=double [non-identifier])
17:59:18.349 [main] TRACE org.hibernate.loader.plan.build.internal.AbstractLoadPlanBuildingAssociationVisitationStrategy - << Finishing up attribute : Attribute(name=rPrecision, type=double [non-identifier])
17:59:18.349 [main] TRACE org.hibernate.loader.plan.build.internal.AbstractLoadPlanBuildingAssociationVisitationStrategy - Popped fetch owner from stack : org.hibernate.loader.plan.build.internal.returns.EntityReturnImpl@4b5a078a
17:59:18.349 [main] TRACE org.hibernate.loader.plan.build.internal.AbstractLoadPlanBuildingAssociationVisitationStrategy -  Finished root entity : com.soft.entity.ResistorEntity
17:59:18.349 [main] DEBUG org.hibernate.loader.plan.build.internal.FetchStyleLoadPlanBuildingAssociationVisitationStrategy - Building LoadPlan...
17:59:18.351 [main] DEBUG org.hibernate.loader.plan.exec.internal.LoadQueryJoinAndFetchProcessor - processing queryspace <gen:0>
17:59:18.351 [main] DEBUG org.hibernate.loader.plan.build.spi.LoadPlanTreePrinter - LoadPlan(entity=com.soft.entity.ResistorEntity)
    - Returns
       - EntityReturnImpl(entity=com.soft.entity.ResistorEntity, querySpaceUid=<gen:0>, path=com.soft.entity.ResistorEntity)
    - QuerySpaces
       - EntityQuerySpaceImpl(uid=<gen:0>, entity=com.soft.entity.ResistorEntity)
          - SQL table alias mapping - resistoren0_
          - alias suffix - 0_
          - suffixed key columns - {resistor1_4_0_}

17:59:18.351 [main] DEBUG org.hibernate.loader.entity.plan.EntityLoader - Static select for entity com.soft.entity.ResistorEntity [PESSIMISTIC_FORCE_INCREMENT]: select resistoren0_.resistor_id as resistor1_4_0_, resistoren0_.category as category2_4_0_, resistoren0_.description as descript3_4_0_, resistoren0_.name as name4_4_0_, resistoren0_.nominal as nominal5_4_0_, resistoren0_.nominal_unit as nominal_6_4_0_, resistoren0_.photo as photo7_4_0_, resistoren0_.power as power8_4_0_, resistoren0_.power_unit as power_un9_4_0_, resistoren0_.price as price10_4_0_, resistoren0_.producer as produce11_4_0_, resistoren0_.quantity as quantit12_4_0_, resistoren0_.package as package13_4_0_, resistoren0_.r_precision as r_preci14_4_0_ from resistor resistoren0_ where resistoren0_.resistor_id=? for update
17:59:18.351 [main] TRACE org.hibernate.loader.plan.build.internal.AbstractLoadPlanBuildingAssociationVisitationStrategy -  Starting root entity : com.soft.entity.ResistorEntity
17:59:18.351 [main] DEBUG org.hibernate.loader.plan.build.internal.spaces.QuerySpacesImpl - Adding QuerySpace : uid = <gen:0> -> org.hibernate.loader.plan.build.internal.spaces.EntityQuerySpaceImpl@4c361f63]
17:59:18.351 [main] TRACE org.hibernate.loader.plan.build.internal.AbstractLoadPlanBuildingAssociationVisitationStrategy - Pushing fetch source to stack : org.hibernate.loader.plan.build.internal.returns.EntityReturnImpl@6ed922e1
17:59:18.351 [main] TRACE org.hibernate.loader.plan.build.internal.AbstractLoadPlanBuildingAssociationVisitationStrategy - .. Registering AssociationKey : AssociationKey(table=resistor, columns={resistor_id}) -> org.hibernate.loader.plan.build.internal.returns.EntityReturnImpl@6ed922e1
17:59:18.351 [main] TRACE org.hibernate.loader.plan.build.internal.AbstractLoadPlanBuildingAssociationVisitationStrategy - >> Starting entity identifier : com.soft.entity.ResistorEntity
17:59:18.351 [main] DEBUG org.hibernate.persister.walking.spi.MetamodelGraphWalker - Visiting attribute path : category
17:59:18.352 [main] TRACE org.hibernate.loader.plan.build.internal.AbstractLoadPlanBuildingAssociationVisitationStrategy - >> Starting attribute Attribute(name=category, type=integer [non-identifier])
17:59:18.352 [main] TRACE org.hibernate.loader.plan.build.internal.AbstractLoadPlanBuildingAssociationVisitationStrategy - << Finishing up attribute : Attribute(name=category, type=integer [non-identifier])
17:59:18.352 [main] DEBUG org.hibernate.persister.walking.spi.MetamodelGraphWalker - Visiting attribute path : description
17:59:18.352 [main] TRACE org.hibernate.loader.plan.build.internal.AbstractLoadPlanBuildingAssociationVisitationStrategy - >> Starting attribute Attribute(name=description, type=string [non-identifier])
17:59:18.352 [main] TRACE org.hibernate.loader.plan.build.internal.AbstractLoadPlanBuildingAssociationVisitationStrategy - << Finishing up attribute : Attribute(name=description, type=string [non-identifier])
17:59:18.352 [main] DEBUG org.hibernate.persister.walking.spi.MetamodelGraphWalker - Visiting attribute path : name
17:59:18.352 [main] TRACE org.hibernate.loader.plan.build.internal.AbstractLoadPlanBuildingAssociationVisitationStrategy - >> Starting attribute Attribute(name=name, type=string [non-identifier])
17:59:18.352 [main] TRACE org.hibernate.loader.plan.build.internal.AbstractLoadPlanBuildingAssociationVisitationStrategy - << Finishing up attribute : Attribute(name=name, type=string [non-identifier])
17:59:18.352 [main] DEBUG org.hibernate.persister.walking.spi.MetamodelGraphWalker - Visiting attribute path : nominal
17:59:18.352 [main] TRACE org.hibernate.loader.plan.build.internal.AbstractLoadPlanBuildingAssociationVisitationStrategy - >> Starting attribute Attribute(name=nominal, type=double [non-identifier])
17:59:18.352 [main] TRACE org.hibernate.loader.plan.build.internal.AbstractLoadPlanBuildingAssociationVisitationStrategy - << Finishing up attribute : Attribute(name=nominal, type=double [non-identifier])
17:59:18.352 [main] DEBUG org.hibernate.persister.walking.spi.MetamodelGraphWalker - Visiting attribute path : nominalUnit
17:59:18.352 [main] TRACE org.hibernate.loader.plan.build.internal.AbstractLoadPlanBuildingAssociationVisitationStrategy - >> Starting attribute Attribute(name=nominalUnit, type=integer [non-identifier])
17:59:18.352 [main] TRACE org.hibernate.loader.plan.build.internal.AbstractLoadPlanBuildingAssociationVisitationStrategy - << Finishing up attribute : Attribute(name=nominalUnit, type=integer [non-identifier])
17:59:18.352 [main] DEBUG org.hibernate.persister.walking.spi.MetamodelGraphWalker - Visiting attribute path : photo
17:59:18.352 [main] TRACE org.hibernate.loader.plan.build.internal.AbstractLoadPlanBuildingAssociationVisitationStrategy - >> Starting attribute Attribute(name=photo, type=binary [non-identifier])
17:59:18.352 [main] TRACE org.hibernate.loader.plan.build.internal.AbstractLoadPlanBuildingAssociationVisitationStrategy - << Finishing up attribute : Attribute(name=photo, type=binary [non-identifier])
17:59:18.352 [main] DEBUG org.hibernate.persister.walking.spi.MetamodelGraphWalker - Visiting attribute path : power
17:59:18.352 [main] TRACE org.hibernate.loader.plan.build.internal.AbstractLoadPlanBuildingAssociationVisitationStrategy - >> Starting attribute Attribute(name=power, type=double [non-identifier])
17:59:18.352 [main] TRACE org.hibernate.loader.plan.build.internal.AbstractLoadPlanBuildingAssociationVisitationStrategy - << Finishing up attribute : Attribute(name=power, type=double [non-identifier])
17:59:18.352 [main] DEBUG org.hibernate.persister.walking.spi.MetamodelGraphWalker - Visiting attribute path : powerUnit
17:59:18.352 [main] TRACE org.hibernate.loader.plan.build.internal.AbstractLoadPlanBuildingAssociationVisitationStrategy - >> Starting attribute Attribute(name=powerUnit, type=integer [non-identifier])
17:59:18.352 [main] TRACE org.hibernate.loader.plan.build.internal.AbstractLoadPlanBuildingAssociationVisitationStrategy - << Finishing up attribute : Attribute(name=powerUnit, type=integer [non-identifier])
17:59:18.352 [main] DEBUG org.hibernate.persister.walking.spi.MetamodelGraphWalker - Visiting attribute path : price
17:59:18.352 [main] TRACE org.hibernate.loader.plan.build.internal.AbstractLoadPlanBuildingAssociationVisitationStrategy - >> Starting attribute Attribute(name=price, type=double [non-identifier])
17:59:18.352 [main] TRACE org.hibernate.loader.plan.build.internal.AbstractLoadPlanBuildingAssociationVisitationStrategy - << Finishing up attribute : Attribute(name=price, type=double [non-identifier])
17:59:18.352 [main] DEBUG org.hibernate.persister.walking.spi.MetamodelGraphWalker - Visiting attribute path : producer
17:59:18.352 [main] TRACE org.hibernate.loader.plan.build.internal.AbstractLoadPlanBuildingAssociationVisitationStrategy - >> Starting attribute Attribute(name=producer, type=integer [non-identifier])
17:59:18.352 [main] TRACE org.hibernate.loader.plan.build.internal.AbstractLoadPlanBuildingAssociationVisitationStrategy - << Finishing up attribute : Attribute(name=producer, type=integer [non-identifier])
17:59:18.352 [main] DEBUG org.hibernate.persister.walking.spi.MetamodelGraphWalker - Visiting attribute path : quantity
17:59:18.352 [main] TRACE org.hibernate.loader.plan.build.internal.AbstractLoadPlanBuildingAssociationVisitationStrategy - >> Starting attribute Attribute(name=quantity, type=integer [non-identifier])
17:59:18.352 [main] TRACE org.hibernate.loader.plan.build.internal.AbstractLoadPlanBuildingAssociationVisitationStrategy - << Finishing up attribute : Attribute(name=quantity, type=integer [non-identifier])
17:59:18.352 [main] DEBUG org.hibernate.persister.walking.spi.MetamodelGraphWalker - Visiting attribute path : rPackage
17:59:18.352 [main] TRACE org.hibernate.loader.plan.build.internal.AbstractLoadPlanBuildingAssociationVisitationStrategy - >> Starting attribute Attribute(name=rPackage, type=integer [non-identifier])
17:59:18.352 [main] TRACE org.hibernate.loader.plan.build.internal.AbstractLoadPlanBuildingAssociationVisitationStrategy - << Finishing up attribute : Attribute(name=rPackage, type=integer [non-identifier])
17:59:18.352 [main] DEBUG org.hibernate.persister.walking.spi.MetamodelGraphWalker - Visiting attribute path : rPrecision
17:59:18.352 [main] TRACE org.hibernate.loader.plan.build.internal.AbstractLoadPlanBuildingAssociationVisitationStrategy - >> Starting attribute Attribute(name=rPrecision, type=double [non-identifier])
17:59:18.352 [main] TRACE org.hibernate.loader.plan.build.internal.AbstractLoadPlanBuildingAssociationVisitationStrategy - << Finishing up attribute : Attribute(name=rPrecision, type=double [non-identifier])
17:59:18.352 [main] TRACE org.hibernate.loader.plan.build.internal.AbstractLoadPlanBuildingAssociationVisitationStrategy - Popped fetch owner from stack : org.hibernate.loader.plan.build.internal.returns.EntityReturnImpl@6ed922e1
17:59:18.352 [main] TRACE org.hibernate.loader.plan.build.internal.AbstractLoadPlanBuildingAssociationVisitationStrategy -  Finished root entity : com.soft.entity.ResistorEntity
17:59:18.352 [main] DEBUG org.hibernate.loader.plan.build.internal.FetchStyleLoadPlanBuildingAssociationVisitationStrategy - Building LoadPlan...
17:59:18.353 [main] DEBUG org.hibernate.loader.plan.exec.internal.LoadQueryJoinAndFetchProcessor - processing queryspace <gen:0>
17:59:18.353 [main] DEBUG org.hibernate.loader.plan.build.spi.LoadPlanTreePrinter - LoadPlan(entity=com.soft.entity.ResistorEntity)
    - Returns
       - EntityReturnImpl(entity=com.soft.entity.ResistorEntity, querySpaceUid=<gen:0>, path=com.soft.entity.ResistorEntity)
    - QuerySpaces
       - EntityQuerySpaceImpl(uid=<gen:0>, entity=com.soft.entity.ResistorEntity)
          - SQL table alias mapping - resistoren0_
          - alias suffix - 0_
          - suffixed key columns - {resistor1_4_0_}

17:59:18.353 [main] DEBUG org.hibernate.loader.entity.plan.EntityLoader - Static select for entity com.soft.entity.ResistorEntity [OPTIMISTIC]: select resistoren0_.resistor_id as resistor1_4_0_, resistoren0_.category as category2_4_0_, resistoren0_.description as descript3_4_0_, resistoren0_.name as name4_4_0_, resistoren0_.nominal as nominal5_4_0_, resistoren0_.nominal_unit as nominal_6_4_0_, resistoren0_.photo as photo7_4_0_, resistoren0_.power as power8_4_0_, resistoren0_.power_unit as power_un9_4_0_, resistoren0_.price as price10_4_0_, resistoren0_.producer as produce11_4_0_, resistoren0_.quantity as quantit12_4_0_, resistoren0_.package as package13_4_0_, resistoren0_.r_precision as r_preci14_4_0_ from resistor resistoren0_ where resistoren0_.resistor_id=?
17:59:18.353 [main] TRACE org.hibernate.loader.plan.build.internal.AbstractLoadPlanBuildingAssociationVisitationStrategy -  Starting root entity : com.soft.entity.ResistorEntity
17:59:18.353 [main] DEBUG org.hibernate.loader.plan.build.internal.spaces.QuerySpacesImpl - Adding QuerySpace : uid = <gen:0> -> org.hibernate.loader.plan.build.internal.spaces.EntityQuerySpaceImpl@4eb166a1]
17:59:18.353 [main] TRACE org.hibernate.loader.plan.build.internal.AbstractLoadPlanBuildingAssociationVisitationStrategy - Pushing fetch source to stack : org.hibernate.loader.plan.build.internal.returns.EntityReturnImpl@554c4eaa
17:59:18.353 [main] TRACE org.hibernate.loader.plan.build.internal.AbstractLoadPlanBuildingAssociationVisitationStrategy - .. Registering AssociationKey : AssociationKey(table=resistor, columns={resistor_id}) -> org.hibernate.loader.plan.build.internal.returns.EntityReturnImpl@554c4eaa
17:59:18.353 [main] TRACE org.hibernate.loader.plan.build.internal.AbstractLoadPlanBuildingAssociationVisitationStrategy - >> Starting entity identifier : com.soft.entity.ResistorEntity
17:59:18.353 [main] DEBUG org.hibernate.persister.walking.spi.MetamodelGraphWalker - Visiting attribute path : category
17:59:18.353 [main] TRACE org.hibernate.loader.plan.build.internal.AbstractLoadPlanBuildingAssociationVisitationStrategy - >> Starting attribute Attribute(name=category, type=integer [non-identifier])
17:59:18.353 [main] TRACE org.hibernate.loader.plan.build.internal.AbstractLoadPlanBuildingAssociationVisitationStrategy - << Finishing up attribute : Attribute(name=category, type=integer [non-identifier])
17:59:18.353 [main] DEBUG org.hibernate.persister.walking.spi.MetamodelGraphWalker - Visiting attribute path : description
17:59:18.353 [main] TRACE org.hibernate.loader.plan.build.internal.AbstractLoadPlanBuildingAssociationVisitationStrategy - >> Starting attribute Attribute(name=description, type=string [non-identifier])
17:59:18.353 [main] TRACE org.hibernate.loader.plan.build.internal.AbstractLoadPlanBuildingAssociationVisitationStrategy - << Finishing up attribute : Attribute(name=description, type=string [non-identifier])
17:59:18.353 [main] DEBUG org.hibernate.persister.walking.spi.MetamodelGraphWalker - Visiting attribute path : name
17:59:18.353 [main] TRACE org.hibernate.loader.plan.build.internal.AbstractLoadPlanBuildingAssociationVisitationStrategy - >> Starting attribute Attribute(name=name, type=string [non-identifier])
17:59:18.353 [main] TRACE org.hibernate.loader.plan.build.internal.AbstractLoadPlanBuildingAssociationVisitationStrategy - << Finishing up attribute : Attribute(name=name, type=string [non-identifier])
17:59:18.353 [main] DEBUG org.hibernate.persister.walking.spi.MetamodelGraphWalker - Visiting attribute path : nominal
17:59:18.353 [main] TRACE org.hibernate.loader.plan.build.internal.AbstractLoadPlanBuildingAssociationVisitationStrategy - >> Starting attribute Attribute(name=nominal, type=double [non-identifier])
17:59:18.353 [main] TRACE org.hibernate.loader.plan.build.internal.AbstractLoadPlanBuildingAssociationVisitationStrategy - << Finishing up attribute : Attribute(name=nominal, type=double [non-identifier])
17:59:18.353 [main] DEBUG org.hibernate.persister.walking.spi.MetamodelGraphWalker - Visiting attribute path : nominalUnit
17:59:18.353 [main] TRACE org.hibernate.loader.plan.build.internal.AbstractLoadPlanBuildingAssociationVisitationStrategy - >> Starting attribute Attribute(name=nominalUnit, type=integer [non-identifier])
17:59:18.353 [main] TRACE org.hibernate.loader.plan.build.internal.AbstractLoadPlanBuildingAssociationVisitationStrategy - << Finishing up attribute : Attribute(name=nominalUnit, type=integer [non-identifier])
17:59:18.353 [main] DEBUG org.hibernate.persister.walking.spi.MetamodelGraphWalker - Visiting attribute path : photo
17:59:18.353 [main] TRACE org.hibernate.loader.plan.build.internal.AbstractLoadPlanBuildingAssociationVisitationStrategy - >> Starting attribute Attribute(name=photo, type=binary [non-identifier])
17:59:18.353 [main] TRACE org.hibernate.loader.plan.build.internal.AbstractLoadPlanBuildingAssociationVisitationStrategy - << Finishing up attribute : Attribute(name=photo, type=binary [non-identifier])
17:59:18.353 [main] DEBUG org.hibernate.persister.walking.spi.MetamodelGraphWalker - Visiting attribute path : power
17:59:18.353 [main] TRACE org.hibernate.loader.plan.build.internal.AbstractLoadPlanBuildingAssociationVisitationStrategy - >> Starting attribute Attribute(name=power, type=double [non-identifier])
17:59:18.353 [main] TRACE org.hibernate.loader.plan.build.internal.AbstractLoadPlanBuildingAssociationVisitationStrategy - << Finishing up attribute : Attribute(name=power, type=double [non-identifier])
17:59:18.353 [main] DEBUG org.hibernate.persister.walking.spi.MetamodelGraphWalker - Visiting attribute path : powerUnit
17:59:18.353 [main] TRACE org.hibernate.loader.plan.build.internal.AbstractLoadPlanBuildingAssociationVisitationStrategy - >> Starting attribute Attribute(name=powerUnit, type=integer [non-identifier])
17:59:18.353 [main] TRACE org.hibernate.loader.plan.build.internal.AbstractLoadPlanBuildingAssociationVisitationStrategy - << Finishing up attribute : Attribute(name=powerUnit, type=integer [non-identifier])
17:59:18.353 [main] DEBUG org.hibernate.persister.walking.spi.MetamodelGraphWalker - Visiting attribute path : price
17:59:18.354 [main] TRACE org.hibernate.loader.plan.build.internal.AbstractLoadPlanBuildingAssociationVisitationStrategy - >> Starting attribute Attribute(name=price, type=double [non-identifier])
17:59:18.354 [main] TRACE org.hibernate.loader.plan.build.internal.AbstractLoadPlanBuildingAssociationVisitationStrategy - << Finishing up attribute : Attribute(name=price, type=double [non-identifier])
17:59:18.354 [main] DEBUG org.hibernate.persister.walking.spi.MetamodelGraphWalker - Visiting attribute path : producer
17:59:18.354 [main] TRACE org.hibernate.loader.plan.build.internal.AbstractLoadPlanBuildingAssociationVisitationStrategy - >> Starting attribute Attribute(name=producer, type=integer [non-identifier])
17:59:18.354 [main] TRACE org.hibernate.loader.plan.build.internal.AbstractLoadPlanBuildingAssociationVisitationStrategy - << Finishing up attribute : Attribute(name=producer, type=integer [non-identifier])
17:59:18.354 [main] DEBUG org.hibernate.persister.walking.spi.MetamodelGraphWalker - Visiting attribute path : quantity
17:59:18.354 [main] TRACE org.hibernate.loader.plan.build.internal.AbstractLoadPlanBuildingAssociationVisitationStrategy - >> Starting attribute Attribute(name=quantity, type=integer [non-identifier])
17:59:18.354 [main] TRACE org.hibernate.loader.plan.build.internal.AbstractLoadPlanBuildingAssociationVisitationStrategy - << Finishing up attribute : Attribute(name=quantity, type=integer [non-identifier])
17:59:18.354 [main] DEBUG org.hibernate.persister.walking.spi.MetamodelGraphWalker - Visiting attribute path : rPackage
17:59:18.354 [main] TRACE org.hibernate.loader.plan.build.internal.AbstractLoadPlanBuildingAssociationVisitationStrategy - >> Starting attribute Attribute(name=rPackage, type=integer [non-identifier])
17:59:18.354 [main] TRACE org.hibernate.loader.plan.build.internal.AbstractLoadPlanBuildingAssociationVisitationStrategy - << Finishing up attribute : Attribute(name=rPackage, type=integer [non-identifier])
17:59:18.354 [main] DEBUG org.hibernate.persister.walking.spi.MetamodelGraphWalker - Visiting attribute path : rPrecision
17:59:18.354 [main] TRACE org.hibernate.loader.plan.build.internal.AbstractLoadPlanBuildingAssociationVisitationStrategy - >> Starting attribute Attribute(name=rPrecision, type=double [non-identifier])
17:59:18.354 [main] TRACE org.hibernate.loader.plan.build.internal.AbstractLoadPlanBuildingAssociationVisitationStrategy - << Finishing up attribute : Attribute(name=rPrecision, type=double [non-identifier])
17:59:18.354 [main] TRACE org.hibernate.loader.plan.build.internal.AbstractLoadPlanBuildingAssociationVisitationStrategy - Popped fetch owner from stack : org.hibernate.loader.plan.build.internal.returns.EntityReturnImpl@554c4eaa
17:59:18.354 [main] TRACE org.hibernate.loader.plan.build.internal.AbstractLoadPlanBuildingAssociationVisitationStrategy -  Finished root entity : com.soft.entity.ResistorEntity
17:59:18.354 [main] DEBUG org.hibernate.loader.plan.build.internal.FetchStyleLoadPlanBuildingAssociationVisitationStrategy - Building LoadPlan...
17:59:18.354 [main] DEBUG org.hibernate.loader.plan.exec.internal.LoadQueryJoinAndFetchProcessor - processing queryspace <gen:0>
17:59:18.354 [main] DEBUG org.hibernate.loader.plan.build.spi.LoadPlanTreePrinter - LoadPlan(entity=com.soft.entity.ResistorEntity)
    - Returns
       - EntityReturnImpl(entity=com.soft.entity.ResistorEntity, querySpaceUid=<gen:0>, path=com.soft.entity.ResistorEntity)
    - QuerySpaces
       - EntityQuerySpaceImpl(uid=<gen:0>, entity=com.soft.entity.ResistorEntity)
          - SQL table alias mapping - resistoren0_
          - alias suffix - 0_
          - suffixed key columns - {resistor1_4_0_}

17:59:18.354 [main] DEBUG org.hibernate.loader.entity.plan.EntityLoader - Static select for entity com.soft.entity.ResistorEntity [OPTIMISTIC_FORCE_INCREMENT]: select resistoren0_.resistor_id as resistor1_4_0_, resistoren0_.category as category2_4_0_, resistoren0_.description as descript3_4_0_, resistoren0_.name as name4_4_0_, resistoren0_.nominal as nominal5_4_0_, resistoren0_.nominal_unit as nominal_6_4_0_, resistoren0_.photo as photo7_4_0_, resistoren0_.power as power8_4_0_, resistoren0_.power_unit as power_un9_4_0_, resistoren0_.price as price10_4_0_, resistoren0_.producer as produce11_4_0_, resistoren0_.quantity as quantit12_4_0_, resistoren0_.package as package13_4_0_, resistoren0_.r_precision as r_preci14_4_0_ from resistor resistoren0_ where resistoren0_.resistor_id=?
17:59:18.363 [main] DEBUG org.hibernate.loader.Loader - Static select for action ACTION_MERGE on entity com.soft.entity.ResistorEntity: select resistoren0_.resistor_id as resistor1_4_0_, resistoren0_.category as category2_4_0_, resistoren0_.description as descript3_4_0_, resistoren0_.name as name4_4_0_, resistoren0_.nominal as nominal5_4_0_, resistoren0_.nominal_unit as nominal_6_4_0_, resistoren0_.photo as photo7_4_0_, resistoren0_.power as power8_4_0_, resistoren0_.power_unit as power_un9_4_0_, resistoren0_.price as price10_4_0_, resistoren0_.producer as produce11_4_0_, resistoren0_.quantity as quantit12_4_0_, resistoren0_.package as package13_4_0_, resistoren0_.r_precision as r_preci14_4_0_ from resistor resistoren0_ where resistoren0_.resistor_id=?
17:59:18.363 [main] DEBUG org.hibernate.loader.Loader - Static select for action ACTION_REFRESH on entity com.soft.entity.ResistorEntity: select resistoren0_.resistor_id as resistor1_4_0_, resistoren0_.category as category2_4_0_, resistoren0_.description as descript3_4_0_, resistoren0_.name as name4_4_0_, resistoren0_.nominal as nominal5_4_0_, resistoren0_.nominal_unit as nominal_6_4_0_, resistoren0_.photo as photo7_4_0_, resistoren0_.power as power8_4_0_, resistoren0_.power_unit as power_un9_4_0_, resistoren0_.price as price10_4_0_, resistoren0_.producer as produce11_4_0_, resistoren0_.quantity as quantit12_4_0_, resistoren0_.package as package13_4_0_, resistoren0_.r_precision as r_preci14_4_0_ from resistor resistoren0_ where resistoren0_.resistor_id=?
17:59:18.364 [main] DEBUG org.hibernate.persister.entity.AbstractEntityPersister - Static SQL for entity: com.soft.entity.ProducerEntity
17:59:18.364 [main] DEBUG org.hibernate.persister.entity.AbstractEntityPersister -  Version select: select producer_id from producer where producer_id =?
17:59:18.364 [main] DEBUG org.hibernate.persister.entity.AbstractEntityPersister -  Snapshot select: select produceren_.producer_id, produceren_.producer_category as producer2_3_, produceren_.producer_name as producer3_3_ from producer produceren_ where produceren_.producer_id=?
17:59:18.364 [main] DEBUG org.hibernate.persister.entity.AbstractEntityPersister -  Insert 0: insert into producer (producer_category, producer_name, producer_id) values (?, ?, ?)
17:59:18.364 [main] DEBUG org.hibernate.persister.entity.AbstractEntityPersister -  Update 0: update producer set producer_category=?, producer_name=? where producer_id=?
17:59:18.364 [main] DEBUG org.hibernate.persister.entity.AbstractEntityPersister -  Delete 0: delete from producer where producer_id=?
17:59:18.364 [main] TRACE org.hibernate.loader.plan.build.internal.AbstractLoadPlanBuildingAssociationVisitationStrategy -  Starting root entity : com.soft.entity.ProducerEntity
17:59:18.364 [main] DEBUG org.hibernate.loader.plan.build.internal.spaces.QuerySpacesImpl - Adding QuerySpace : uid = <gen:0> -> org.hibernate.loader.plan.build.internal.spaces.EntityQuerySpaceImpl@6056232d]
17:59:18.365 [main] TRACE org.hibernate.loader.plan.build.internal.AbstractLoadPlanBuildingAssociationVisitationStrategy - Pushing fetch source to stack : org.hibernate.loader.plan.build.internal.returns.EntityReturnImpl@33f2df51
17:59:18.365 [main] TRACE org.hibernate.loader.plan.build.internal.AbstractLoadPlanBuildingAssociationVisitationStrategy - .. Registering AssociationKey : AssociationKey(table=producer, columns={producer_id}) -> org.hibernate.loader.plan.build.internal.returns.EntityReturnImpl@33f2df51
17:59:18.365 [main] TRACE org.hibernate.loader.plan.build.internal.AbstractLoadPlanBuildingAssociationVisitationStrategy - >> Starting entity identifier : com.soft.entity.ProducerEntity
17:59:18.365 [main] DEBUG org.hibernate.persister.walking.spi.MetamodelGraphWalker - Visiting attribute path : producerCategory
17:59:18.365 [main] TRACE org.hibernate.loader.plan.build.internal.AbstractLoadPlanBuildingAssociationVisitationStrategy - >> Starting attribute Attribute(name=producerCategory, type=integer [non-identifier])
17:59:18.365 [main] TRACE org.hibernate.loader.plan.build.internal.AbstractLoadPlanBuildingAssociationVisitationStrategy - << Finishing up attribute : Attribute(name=producerCategory, type=integer [non-identifier])
17:59:18.365 [main] DEBUG org.hibernate.persister.walking.spi.MetamodelGraphWalker - Visiting attribute path : producerName
17:59:18.365 [main] TRACE org.hibernate.loader.plan.build.internal.AbstractLoadPlanBuildingAssociationVisitationStrategy - >> Starting attribute Attribute(name=producerName, type=string [non-identifier])
17:59:18.365 [main] TRACE org.hibernate.loader.plan.build.internal.AbstractLoadPlanBuildingAssociationVisitationStrategy - << Finishing up attribute : Attribute(name=producerName, type=string [non-identifier])
17:59:18.365 [main] TRACE org.hibernate.loader.plan.build.internal.AbstractLoadPlanBuildingAssociationVisitationStrategy - Popped fetch owner from stack : org.hibernate.loader.plan.build.internal.returns.EntityReturnImpl@33f2df51
17:59:18.365 [main] TRACE org.hibernate.loader.plan.build.internal.AbstractLoadPlanBuildingAssociationVisitationStrategy -  Finished root entity : com.soft.entity.ProducerEntity
17:59:18.365 [main] DEBUG org.hibernate.loader.plan.build.internal.FetchStyleLoadPlanBuildingAssociationVisitationStrategy - Building LoadPlan...
17:59:18.366 [main] DEBUG org.hibernate.loader.plan.exec.internal.LoadQueryJoinAndFetchProcessor - processing queryspace <gen:0>
17:59:18.366 [main] DEBUG org.hibernate.loader.plan.build.spi.LoadPlanTreePrinter - LoadPlan(entity=com.soft.entity.ProducerEntity)
    - Returns
       - EntityReturnImpl(entity=com.soft.entity.ProducerEntity, querySpaceUid=<gen:0>, path=com.soft.entity.ProducerEntity)
    - QuerySpaces
       - EntityQuerySpaceImpl(uid=<gen:0>, entity=com.soft.entity.ProducerEntity)
          - SQL table alias mapping - produceren0_
          - alias suffix - 0_
          - suffixed key columns - {producer1_3_0_}

17:59:18.366 [main] DEBUG org.hibernate.loader.entity.plan.EntityLoader - Static select for entity com.soft.entity.ProducerEntity [NONE]: select produceren0_.producer_id as producer1_3_0_, produceren0_.producer_category as producer2_3_0_, produceren0_.producer_name as producer3_3_0_ from producer produceren0_ where produceren0_.producer_id=?
17:59:18.366 [main] TRACE org.hibernate.loader.plan.build.internal.AbstractLoadPlanBuildingAssociationVisitationStrategy -  Starting root entity : com.soft.entity.ProducerEntity
17:59:18.366 [main] DEBUG org.hibernate.loader.plan.build.internal.spaces.QuerySpacesImpl - Adding QuerySpace : uid = <gen:0> -> org.hibernate.loader.plan.build.internal.spaces.EntityQuerySpaceImpl@107bfcb2]
17:59:18.366 [main] TRACE org.hibernate.loader.plan.build.internal.AbstractLoadPlanBuildingAssociationVisitationStrategy - Pushing fetch source to stack : org.hibernate.loader.plan.build.internal.returns.EntityReturnImpl@7bac686b
17:59:18.366 [main] TRACE org.hibernate.loader.plan.build.internal.AbstractLoadPlanBuildingAssociationVisitationStrategy - .. Registering AssociationKey : AssociationKey(table=producer, columns={producer_id}) -> org.hibernate.loader.plan.build.internal.returns.EntityReturnImpl@7bac686b
17:59:18.366 [main] TRACE org.hibernate.loader.plan.build.internal.AbstractLoadPlanBuildingAssociationVisitationStrategy - >> Starting entity identifier : com.soft.entity.ProducerEntity
17:59:18.366 [main] DEBUG org.hibernate.persister.walking.spi.MetamodelGraphWalker - Visiting attribute path : producerCategory
17:59:18.366 [main] TRACE org.hibernate.loader.plan.build.internal.AbstractLoadPlanBuildingAssociationVisitationStrategy - >> Starting attribute Attribute(name=producerCategory, type=integer [non-identifier])
17:59:18.366 [main] TRACE org.hibernate.loader.plan.build.internal.AbstractLoadPlanBuildingAssociationVisitationStrategy - << Finishing up attribute : Attribute(name=producerCategory, type=integer [non-identifier])
17:59:18.366 [main] DEBUG org.hibernate.persister.walking.spi.MetamodelGraphWalker - Visiting attribute path : producerName
17:59:18.366 [main] TRACE org.hibernate.loader.plan.build.internal.AbstractLoadPlanBuildingAssociationVisitationStrategy - >> Starting attribute Attribute(name=producerName, type=string [non-identifier])
17:59:18.366 [main] TRACE org.hibernate.loader.plan.build.internal.AbstractLoadPlanBuildingAssociationVisitationStrategy - << Finishing up attribute : Attribute(name=producerName, type=string [non-identifier])
17:59:18.366 [main] TRACE org.hibernate.loader.plan.build.internal.AbstractLoadPlanBuildingAssociationVisitationStrategy - Popped fetch owner from stack : org.hibernate.loader.plan.build.internal.returns.EntityReturnImpl@7bac686b
17:59:18.366 [main] TRACE org.hibernate.loader.plan.build.internal.AbstractLoadPlanBuildingAssociationVisitationStrategy -  Finished root entity : com.soft.entity.ProducerEntity
17:59:18.366 [main] DEBUG org.hibernate.loader.plan.build.internal.FetchStyleLoadPlanBuildingAssociationVisitationStrategy - Building LoadPlan...
17:59:18.367 [main] DEBUG org.hibernate.loader.plan.exec.internal.LoadQueryJoinAndFetchProcessor - processing queryspace <gen:0>
17:59:18.367 [main] DEBUG org.hibernate.loader.plan.build.spi.LoadPlanTreePrinter - LoadPlan(entity=com.soft.entity.ProducerEntity)
    - Returns
       - EntityReturnImpl(entity=com.soft.entity.ProducerEntity, querySpaceUid=<gen:0>, path=com.soft.entity.ProducerEntity)
    - QuerySpaces
       - EntityQuerySpaceImpl(uid=<gen:0>, entity=com.soft.entity.ProducerEntity)
          - SQL table alias mapping - produceren0_
          - alias suffix - 0_
          - suffixed key columns - {producer1_3_0_}

17:59:18.367 [main] DEBUG org.hibernate.loader.entity.plan.EntityLoader - Static select for entity com.soft.entity.ProducerEntity [READ]: select produceren0_.producer_id as producer1_3_0_, produceren0_.producer_category as producer2_3_0_, produceren0_.producer_name as producer3_3_0_ from producer produceren0_ where produceren0_.producer_id=?
17:59:18.367 [main] TRACE org.hibernate.loader.plan.build.internal.AbstractLoadPlanBuildingAssociationVisitationStrategy -  Starting root entity : com.soft.entity.ProducerEntity
17:59:18.367 [main] DEBUG org.hibernate.loader.plan.build.internal.spaces.QuerySpacesImpl - Adding QuerySpace : uid = <gen:0> -> org.hibernate.loader.plan.build.internal.spaces.EntityQuerySpaceImpl@2ab26378]
17:59:18.367 [main] TRACE org.hibernate.loader.plan.build.internal.AbstractLoadPlanBuildingAssociationVisitationStrategy - Pushing fetch source to stack : org.hibernate.loader.plan.build.internal.returns.EntityReturnImpl@f9f3928
17:59:18.367 [main] TRACE org.hibernate.loader.plan.build.internal.AbstractLoadPlanBuildingAssociationVisitationStrategy - .. Registering AssociationKey : AssociationKey(table=producer, columns={producer_id}) -> org.hibernate.loader.plan.build.internal.returns.EntityReturnImpl@f9f3928
17:59:18.367 [main] TRACE org.hibernate.loader.plan.build.internal.AbstractLoadPlanBuildingAssociationVisitationStrategy - >> Starting entity identifier : com.soft.entity.ProducerEntity
17:59:18.367 [main] DEBUG org.hibernate.persister.walking.spi.MetamodelGraphWalker - Visiting attribute path : producerCategory
17:59:18.367 [main] TRACE org.hibernate.loader.plan.build.internal.AbstractLoadPlanBuildingAssociationVisitationStrategy - >> Starting attribute Attribute(name=producerCategory, type=integer [non-identifier])
17:59:18.367 [main] TRACE org.hibernate.loader.plan.build.internal.AbstractLoadPlanBuildingAssociationVisitationStrategy - << Finishing up attribute : Attribute(name=producerCategory, type=integer [non-identifier])
17:59:18.367 [main] DEBUG org.hibernate.persister.walking.spi.MetamodelGraphWalker - Visiting attribute path : producerName
17:59:18.367 [main] TRACE org.hibernate.loader.plan.build.internal.AbstractLoadPlanBuildingAssociationVisitationStrategy - >> Starting attribute Attribute(name=producerName, type=string [non-identifier])
17:59:18.367 [main] TRACE org.hibernate.loader.plan.build.internal.AbstractLoadPlanBuildingAssociationVisitationStrategy - << Finishing up attribute : Attribute(name=producerName, type=string [non-identifier])
17:59:18.367 [main] TRACE org.hibernate.loader.plan.build.internal.AbstractLoadPlanBuildingAssociationVisitationStrategy - Popped fetch owner from stack : org.hibernate.loader.plan.build.internal.returns.EntityReturnImpl@f9f3928
17:59:18.367 [main] TRACE org.hibernate.loader.plan.build.internal.AbstractLoadPlanBuildingAssociationVisitationStrategy -  Finished root entity : com.soft.entity.ProducerEntity
17:59:18.367 [main] DEBUG org.hibernate.loader.plan.build.internal.FetchStyleLoadPlanBuildingAssociationVisitationStrategy - Building LoadPlan...
17:59:18.368 [main] DEBUG org.hibernate.loader.plan.exec.internal.LoadQueryJoinAndFetchProcessor - processing queryspace <gen:0>
17:59:18.368 [main] DEBUG org.hibernate.loader.plan.build.spi.LoadPlanTreePrinter - LoadPlan(entity=com.soft.entity.ProducerEntity)
    - Returns
       - EntityReturnImpl(entity=com.soft.entity.ProducerEntity, querySpaceUid=<gen:0>, path=com.soft.entity.ProducerEntity)
    - QuerySpaces
       - EntityQuerySpaceImpl(uid=<gen:0>, entity=com.soft.entity.ProducerEntity)
          - SQL table alias mapping - produceren0_
          - alias suffix - 0_
          - suffixed key columns - {producer1_3_0_}

17:59:18.368 [main] DEBUG org.hibernate.loader.entity.plan.EntityLoader - Static select for entity com.soft.entity.ProducerEntity [UPGRADE]: select produceren0_.producer_id as producer1_3_0_, produceren0_.producer_category as producer2_3_0_, produceren0_.producer_name as producer3_3_0_ from producer produceren0_ where produceren0_.producer_id=? for update
17:59:18.368 [main] TRACE org.hibernate.loader.plan.build.internal.AbstractLoadPlanBuildingAssociationVisitationStrategy -  Starting root entity : com.soft.entity.ProducerEntity
17:59:18.369 [main] DEBUG org.hibernate.loader.plan.build.internal.spaces.QuerySpacesImpl - Adding QuerySpace : uid = <gen:0> -> org.hibernate.loader.plan.build.internal.spaces.EntityQuerySpaceImpl@404eca05]
17:59:18.369 [main] TRACE org.hibernate.loader.plan.build.internal.AbstractLoadPlanBuildingAssociationVisitationStrategy - Pushing fetch source to stack : org.hibernate.loader.plan.build.internal.returns.EntityReturnImpl@58b91d57
17:59:18.369 [main] TRACE org.hibernate.loader.plan.build.internal.AbstractLoadPlanBuildingAssociationVisitationStrategy - .. Registering AssociationKey : AssociationKey(table=producer, columns={producer_id}) -> org.hibernate.loader.plan.build.internal.returns.EntityReturnImpl@58b91d57
17:59:18.369 [main] TRACE org.hibernate.loader.plan.build.internal.AbstractLoadPlanBuildingAssociationVisitationStrategy - >> Starting entity identifier : com.soft.entity.ProducerEntity
17:59:18.369 [main] DEBUG org.hibernate.persister.walking.spi.MetamodelGraphWalker - Visiting attribute path : producerCategory
17:59:18.369 [main] TRACE org.hibernate.loader.plan.build.internal.AbstractLoadPlanBuildingAssociationVisitationStrategy - >> Starting attribute Attribute(name=producerCategory, type=integer [non-identifier])
17:59:18.369 [main] TRACE org.hibernate.loader.plan.build.internal.AbstractLoadPlanBuildingAssociationVisitationStrategy - << Finishing up attribute : Attribute(name=producerCategory, type=integer [non-identifier])
17:59:18.369 [main] DEBUG org.hibernate.persister.walking.spi.MetamodelGraphWalker - Visiting attribute path : producerName
17:59:18.369 [main] TRACE org.hibernate.loader.plan.build.internal.AbstractLoadPlanBuildingAssociationVisitationStrategy - >> Starting attribute Attribute(name=producerName, type=string [non-identifier])
17:59:18.369 [main] TRACE org.hibernate.loader.plan.build.internal.AbstractLoadPlanBuildingAssociationVisitationStrategy - << Finishing up attribute : Attribute(name=producerName, type=string [non-identifier])
17:59:18.369 [main] TRACE org.hibernate.loader.plan.build.internal.AbstractLoadPlanBuildingAssociationVisitationStrategy - Popped fetch owner from stack : org.hibernate.loader.plan.build.internal.returns.EntityReturnImpl@58b91d57
17:59:18.369 [main] TRACE org.hibernate.loader.plan.build.internal.AbstractLoadPlanBuildingAssociationVisitationStrategy -  Finished root entity : com.soft.entity.ProducerEntity
17:59:18.369 [main] DEBUG org.hibernate.loader.plan.build.internal.FetchStyleLoadPlanBuildingAssociationVisitationStrategy - Building LoadPlan...
17:59:18.369 [main] DEBUG org.hibernate.loader.plan.exec.internal.LoadQueryJoinAndFetchProcessor - processing queryspace <gen:0>
17:59:18.369 [main] DEBUG org.hibernate.loader.plan.build.spi.LoadPlanTreePrinter - LoadPlan(entity=com.soft.entity.ProducerEntity)
    - Returns
       - EntityReturnImpl(entity=com.soft.entity.ProducerEntity, querySpaceUid=<gen:0>, path=com.soft.entity.ProducerEntity)
    - QuerySpaces
       - EntityQuerySpaceImpl(uid=<gen:0>, entity=com.soft.entity.ProducerEntity)
          - SQL table alias mapping - produceren0_
          - alias suffix - 0_
          - suffixed key columns - {producer1_3_0_}

17:59:18.369 [main] DEBUG org.hibernate.loader.entity.plan.EntityLoader - Static select for entity com.soft.entity.ProducerEntity [UPGRADE_NOWAIT]: select produceren0_.producer_id as producer1_3_0_, produceren0_.producer_category as producer2_3_0_, produceren0_.producer_name as producer3_3_0_ from producer produceren0_ where produceren0_.producer_id=? for update
17:59:18.369 [main] TRACE org.hibernate.loader.plan.build.internal.AbstractLoadPlanBuildingAssociationVisitationStrategy -  Starting root entity : com.soft.entity.ProducerEntity
17:59:18.369 [main] DEBUG org.hibernate.loader.plan.build.internal.spaces.QuerySpacesImpl - Adding QuerySpace : uid = <gen:0> -> org.hibernate.loader.plan.build.internal.spaces.EntityQuerySpaceImpl@61a91c9b]
17:59:18.370 [main] TRACE org.hibernate.loader.plan.build.internal.AbstractLoadPlanBuildingAssociationVisitationStrategy - Pushing fetch source to stack : org.hibernate.loader.plan.build.internal.returns.EntityReturnImpl@17092fff
17:59:18.370 [main] TRACE org.hibernate.loader.plan.build.internal.AbstractLoadPlanBuildingAssociationVisitationStrategy - .. Registering AssociationKey : AssociationKey(table=producer, columns={producer_id}) -> org.hibernate.loader.plan.build.internal.returns.EntityReturnImpl@17092fff
17:59:18.370 [main] TRACE org.hibernate.loader.plan.build.internal.AbstractLoadPlanBuildingAssociationVisitationStrategy - >> Starting entity identifier : com.soft.entity.ProducerEntity
17:59:18.370 [main] DEBUG org.hibernate.persister.walking.spi.MetamodelGraphWalker - Visiting attribute path : producerCategory
17:59:18.370 [main] TRACE org.hibernate.loader.plan.build.internal.AbstractLoadPlanBuildingAssociationVisitationStrategy - >> Starting attribute Attribute(name=producerCategory, type=integer [non-identifier])
17:59:18.370 [main] TRACE org.hibernate.loader.plan.build.internal.AbstractLoadPlanBuildingAssociationVisitationStrategy - << Finishing up attribute : Attribute(name=producerCategory, type=integer [non-identifier])
17:59:18.370 [main] DEBUG org.hibernate.persister.walking.spi.MetamodelGraphWalker - Visiting attribute path : producerName
17:59:18.370 [main] TRACE org.hibernate.loader.plan.build.internal.AbstractLoadPlanBuildingAssociationVisitationStrategy - >> Starting attribute Attribute(name=producerName, type=string [non-identifier])
17:59:18.370 [main] TRACE org.hibernate.loader.plan.build.internal.AbstractLoadPlanBuildingAssociationVisitationStrategy - << Finishing up attribute : Attribute(name=producerName, type=string [non-identifier])
17:59:18.370 [main] TRACE org.hibernate.loader.plan.build.internal.AbstractLoadPlanBuildingAssociationVisitationStrategy - Popped fetch owner from stack : org.hibernate.loader.plan.build.internal.returns.EntityReturnImpl@17092fff
17:59:18.370 [main] TRACE org.hibernate.loader.plan.build.internal.AbstractLoadPlanBuildingAssociationVisitationStrategy -  Finished root entity : com.soft.entity.ProducerEntity
17:59:18.370 [main] DEBUG org.hibernate.loader.plan.build.internal.FetchStyleLoadPlanBuildingAssociationVisitationStrategy - Building LoadPlan...
17:59:18.370 [main] DEBUG org.hibernate.loader.plan.exec.internal.LoadQueryJoinAndFetchProcessor - processing queryspace <gen:0>
17:59:18.370 [main] DEBUG org.hibernate.loader.plan.build.spi.LoadPlanTreePrinter - LoadPlan(entity=com.soft.entity.ProducerEntity)
    - Returns
       - EntityReturnImpl(entity=com.soft.entity.ProducerEntity, querySpaceUid=<gen:0>, path=com.soft.entity.ProducerEntity)
    - QuerySpaces
       - EntityQuerySpaceImpl(uid=<gen:0>, entity=com.soft.entity.ProducerEntity)
          - SQL table alias mapping - produceren0_
          - alias suffix - 0_
          - suffixed key columns - {producer1_3_0_}

17:59:18.370 [main] DEBUG org.hibernate.loader.entity.plan.EntityLoader - Static select for entity com.soft.entity.ProducerEntity [UPGRADE_SKIPLOCKED]: select produceren0_.producer_id as producer1_3_0_, produceren0_.producer_category as producer2_3_0_, produceren0_.producer_name as producer3_3_0_ from producer produceren0_ where produceren0_.producer_id=? for update
17:59:18.370 [main] TRACE org.hibernate.loader.plan.build.internal.AbstractLoadPlanBuildingAssociationVisitationStrategy -  Starting root entity : com.soft.entity.ProducerEntity
17:59:18.370 [main] DEBUG org.hibernate.loader.plan.build.internal.spaces.QuerySpacesImpl - Adding QuerySpace : uid = <gen:0> -> org.hibernate.loader.plan.build.internal.spaces.EntityQuerySpaceImpl@2121d1f9]
17:59:18.370 [main] TRACE org.hibernate.loader.plan.build.internal.AbstractLoadPlanBuildingAssociationVisitationStrategy - Pushing fetch source to stack : org.hibernate.loader.plan.build.internal.returns.EntityReturnImpl@31e2232f
17:59:18.371 [main] TRACE org.hibernate.loader.plan.build.internal.AbstractLoadPlanBuildingAssociationVisitationStrategy - .. Registering AssociationKey : AssociationKey(table=producer, columns={producer_id}) -> org.hibernate.loader.plan.build.internal.returns.EntityReturnImpl@31e2232f
17:59:18.371 [main] TRACE org.hibernate.loader.plan.build.internal.AbstractLoadPlanBuildingAssociationVisitationStrategy - >> Starting entity identifier : com.soft.entity.ProducerEntity
17:59:18.371 [main] DEBUG org.hibernate.persister.walking.spi.MetamodelGraphWalker - Visiting attribute path : producerCategory
17:59:18.371 [main] TRACE org.hibernate.loader.plan.build.internal.AbstractLoadPlanBuildingAssociationVisitationStrategy - >> Starting attribute Attribute(name=producerCategory, type=integer [non-identifier])
17:59:18.371 [main] TRACE org.hibernate.loader.plan.build.internal.AbstractLoadPlanBuildingAssociationVisitationStrategy - << Finishing up attribute : Attribute(name=producerCategory, type=integer [non-identifier])
17:59:18.371 [main] DEBUG org.hibernate.persister.walking.spi.MetamodelGraphWalker - Visiting attribute path : producerName
17:59:18.371 [main] TRACE org.hibernate.loader.plan.build.internal.AbstractLoadPlanBuildingAssociationVisitationStrategy - >> Starting attribute Attribute(name=producerName, type=string [non-identifier])
17:59:18.371 [main] TRACE org.hibernate.loader.plan.build.internal.AbstractLoadPlanBuildingAssociationVisitationStrategy - << Finishing up attribute : Attribute(name=producerName, type=string [non-identifier])
17:59:18.371 [main] TRACE org.hibernate.loader.plan.build.internal.AbstractLoadPlanBuildingAssociationVisitationStrategy - Popped fetch owner from stack : org.hibernate.loader.plan.build.internal.returns.EntityReturnImpl@31e2232f
17:59:18.371 [main] TRACE org.hibernate.loader.plan.build.internal.AbstractLoadPlanBuildingAssociationVisitationStrategy -  Finished root entity : com.soft.entity.ProducerEntity
17:59:18.371 [main] DEBUG org.hibernate.loader.plan.build.internal.FetchStyleLoadPlanBuildingAssociationVisitationStrategy - Building LoadPlan...
17:59:18.371 [main] DEBUG org.hibernate.loader.plan.exec.internal.LoadQueryJoinAndFetchProcessor - processing queryspace <gen:0>
17:59:18.371 [main] DEBUG org.hibernate.loader.plan.build.spi.LoadPlanTreePrinter - LoadPlan(entity=com.soft.entity.ProducerEntity)
    - Returns
       - EntityReturnImpl(entity=com.soft.entity.ProducerEntity, querySpaceUid=<gen:0>, path=com.soft.entity.ProducerEntity)
    - QuerySpaces
       - EntityQuerySpaceImpl(uid=<gen:0>, entity=com.soft.entity.ProducerEntity)
          - SQL table alias mapping - produceren0_
          - alias suffix - 0_
          - suffixed key columns - {producer1_3_0_}

17:59:18.371 [main] DEBUG org.hibernate.loader.entity.plan.EntityLoader - Static select for entity com.soft.entity.ProducerEntity [FORCE]: select produceren0_.producer_id as producer1_3_0_, produceren0_.producer_category as producer2_3_0_, produceren0_.producer_name as producer3_3_0_ from producer produceren0_ where produceren0_.producer_id=? for update
17:59:18.371 [main] TRACE org.hibernate.loader.plan.build.internal.AbstractLoadPlanBuildingAssociationVisitationStrategy -  Starting root entity : com.soft.entity.ProducerEntity
17:59:18.371 [main] DEBUG org.hibernate.loader.plan.build.internal.spaces.QuerySpacesImpl - Adding QuerySpace : uid = <gen:0> -> org.hibernate.loader.plan.build.internal.spaces.EntityQuerySpaceImpl@1806bc4c]
17:59:18.371 [main] TRACE org.hibernate.loader.plan.build.internal.AbstractLoadPlanBuildingAssociationVisitationStrategy - Pushing fetch source to stack : org.hibernate.loader.plan.build.internal.returns.EntityReturnImpl@462e1e64
17:59:18.371 [main] TRACE org.hibernate.loader.plan.build.internal.AbstractLoadPlanBuildingAssociationVisitationStrategy - .. Registering AssociationKey : AssociationKey(table=producer, columns={producer_id}) -> org.hibernate.loader.plan.build.internal.returns.EntityReturnImpl@462e1e64
17:59:18.371 [main] TRACE org.hibernate.loader.plan.build.internal.AbstractLoadPlanBuildingAssociationVisitationStrategy - >> Starting entity identifier : com.soft.entity.ProducerEntity
17:59:18.372 [main] DEBUG org.hibernate.persister.walking.spi.MetamodelGraphWalker - Visiting attribute path : producerCategory
17:59:18.372 [main] TRACE org.hibernate.loader.plan.build.internal.AbstractLoadPlanBuildingAssociationVisitationStrategy - >> Starting attribute Attribute(name=producerCategory, type=integer [non-identifier])
17:59:18.372 [main] TRACE org.hibernate.loader.plan.build.internal.AbstractLoadPlanBuildingAssociationVisitationStrategy - << Finishing up attribute : Attribute(name=producerCategory, type=integer [non-identifier])
17:59:18.372 [main] DEBUG org.hibernate.persister.walking.spi.MetamodelGraphWalker - Visiting attribute path : producerName
17:59:18.372 [main] TRACE org.hibernate.loader.plan.build.internal.AbstractLoadPlanBuildingAssociationVisitationStrategy - >> Starting attribute Attribute(name=producerName, type=string [non-identifier])
17:59:18.372 [main] TRACE org.hibernate.loader.plan.build.internal.AbstractLoadPlanBuildingAssociationVisitationStrategy - << Finishing up attribute : Attribute(name=producerName, type=string [non-identifier])
17:59:18.372 [main] TRACE org.hibernate.loader.plan.build.internal.AbstractLoadPlanBuildingAssociationVisitationStrategy - Popped fetch owner from stack : org.hibernate.loader.plan.build.internal.returns.EntityReturnImpl@462e1e64
17:59:18.372 [main] TRACE org.hibernate.loader.plan.build.internal.AbstractLoadPlanBuildingAssociationVisitationStrategy -  Finished root entity : com.soft.entity.ProducerEntity
17:59:18.372 [main] DEBUG org.hibernate.loader.plan.build.internal.FetchStyleLoadPlanBuildingAssociationVisitationStrategy - Building LoadPlan...
17:59:18.372 [main] DEBUG org.hibernate.loader.plan.exec.internal.LoadQueryJoinAndFetchProcessor - processing queryspace <gen:0>
17:59:18.372 [main] DEBUG org.hibernate.loader.plan.build.spi.LoadPlanTreePrinter - LoadPlan(entity=com.soft.entity.ProducerEntity)
    - Returns
       - EntityReturnImpl(entity=com.soft.entity.ProducerEntity, querySpaceUid=<gen:0>, path=com.soft.entity.ProducerEntity)
    - QuerySpaces
       - EntityQuerySpaceImpl(uid=<gen:0>, entity=com.soft.entity.ProducerEntity)
          - SQL table alias mapping - produceren0_
          - alias suffix - 0_
          - suffixed key columns - {producer1_3_0_}

17:59:18.373 [main] DEBUG org.hibernate.loader.entity.plan.EntityLoader - Static select for entity com.soft.entity.ProducerEntity [PESSIMISTIC_READ]: select produceren0_.producer_id as producer1_3_0_, produceren0_.producer_category as producer2_3_0_, produceren0_.producer_name as producer3_3_0_ from producer produceren0_ where produceren0_.producer_id=? lock in share mode
17:59:18.373 [main] TRACE org.hibernate.loader.plan.build.internal.AbstractLoadPlanBuildingAssociationVisitationStrategy -  Starting root entity : com.soft.entity.ProducerEntity
17:59:18.373 [main] DEBUG org.hibernate.loader.plan.build.internal.spaces.QuerySpacesImpl - Adding QuerySpace : uid = <gen:0> -> org.hibernate.loader.plan.build.internal.spaces.EntityQuerySpaceImpl@69afa141]
17:59:18.373 [main] TRACE org.hibernate.loader.plan.build.internal.AbstractLoadPlanBuildingAssociationVisitationStrategy - Pushing fetch source to stack : org.hibernate.loader.plan.build.internal.returns.EntityReturnImpl@49f40c00
17:59:18.373 [main] TRACE org.hibernate.loader.plan.build.internal.AbstractLoadPlanBuildingAssociationVisitationStrategy - .. Registering AssociationKey : AssociationKey(table=producer, columns={producer_id}) -> org.hibernate.loader.plan.build.internal.returns.EntityReturnImpl@49f40c00
17:59:18.373 [main] TRACE org.hibernate.loader.plan.build.internal.AbstractLoadPlanBuildingAssociationVisitationStrategy - >> Starting entity identifier : com.soft.entity.ProducerEntity
17:59:18.373 [main] DEBUG org.hibernate.persister.walking.spi.MetamodelGraphWalker - Visiting attribute path : producerCategory
17:59:18.373 [main] TRACE org.hibernate.loader.plan.build.internal.AbstractLoadPlanBuildingAssociationVisitationStrategy - >> Starting attribute Attribute(name=producerCategory, type=integer [non-identifier])
17:59:18.373 [main] TRACE org.hibernate.loader.plan.build.internal.AbstractLoadPlanBuildingAssociationVisitationStrategy - << Finishing up attribute : Attribute(name=producerCategory, type=integer [non-identifier])
17:59:18.373 [main] DEBUG org.hibernate.persister.walking.spi.MetamodelGraphWalker - Visiting attribute path : producerName
17:59:18.373 [main] TRACE org.hibernate.loader.plan.build.internal.AbstractLoadPlanBuildingAssociationVisitationStrategy - >> Starting attribute Attribute(name=producerName, type=string [non-identifier])
17:59:18.373 [main] TRACE org.hibernate.loader.plan.build.internal.AbstractLoadPlanBuildingAssociationVisitationStrategy - << Finishing up attribute : Attribute(name=producerName, type=string [non-identifier])
17:59:18.373 [main] TRACE org.hibernate.loader.plan.build.internal.AbstractLoadPlanBuildingAssociationVisitationStrategy - Popped fetch owner from stack : org.hibernate.loader.plan.build.internal.returns.EntityReturnImpl@49f40c00
17:59:18.373 [main] TRACE org.hibernate.loader.plan.build.internal.AbstractLoadPlanBuildingAssociationVisitationStrategy -  Finished root entity : com.soft.entity.ProducerEntity
17:59:18.373 [main] DEBUG org.hibernate.loader.plan.build.internal.FetchStyleLoadPlanBuildingAssociationVisitationStrategy - Building LoadPlan...
17:59:18.374 [main] DEBUG org.hibernate.loader.plan.exec.internal.LoadQueryJoinAndFetchProcessor - processing queryspace <gen:0>
17:59:18.374 [main] DEBUG org.hibernate.loader.plan.build.spi.LoadPlanTreePrinter - LoadPlan(entity=com.soft.entity.ProducerEntity)
    - Returns
       - EntityReturnImpl(entity=com.soft.entity.ProducerEntity, querySpaceUid=<gen:0>, path=com.soft.entity.ProducerEntity)
    - QuerySpaces
       - EntityQuerySpaceImpl(uid=<gen:0>, entity=com.soft.entity.ProducerEntity)
          - SQL table alias mapping - produceren0_
          - alias suffix - 0_
          - suffixed key columns - {producer1_3_0_}

17:59:18.374 [main] DEBUG org.hibernate.loader.entity.plan.EntityLoader - Static select for entity com.soft.entity.ProducerEntity [PESSIMISTIC_WRITE]: select produceren0_.producer_id as producer1_3_0_, produceren0_.producer_category as producer2_3_0_, produceren0_.producer_name as producer3_3_0_ from producer produceren0_ where produceren0_.producer_id=? for update
17:59:18.374 [main] TRACE org.hibernate.loader.plan.build.internal.AbstractLoadPlanBuildingAssociationVisitationStrategy -  Starting root entity : com.soft.entity.ProducerEntity
17:59:18.374 [main] DEBUG org.hibernate.loader.plan.build.internal.spaces.QuerySpacesImpl - Adding QuerySpace : uid = <gen:0> -> org.hibernate.loader.plan.build.internal.spaces.EntityQuerySpaceImpl@643d2dae]
17:59:18.374 [main] TRACE org.hibernate.loader.plan.build.internal.AbstractLoadPlanBuildingAssociationVisitationStrategy - Pushing fetch source to stack : org.hibernate.loader.plan.build.internal.returns.EntityReturnImpl@52d6d273
17:59:18.374 [main] TRACE org.hibernate.loader.plan.build.internal.AbstractLoadPlanBuildingAssociationVisitationStrategy - .. Registering AssociationKey : AssociationKey(table=producer, columns={producer_id}) -> org.hibernate.loader.plan.build.internal.returns.EntityReturnImpl@52d6d273
17:59:18.374 [main] TRACE org.hibernate.loader.plan.build.internal.AbstractLoadPlanBuildingAssociationVisitationStrategy - >> Starting entity identifier : com.soft.entity.ProducerEntity
17:59:18.374 [main] DEBUG org.hibernate.persister.walking.spi.MetamodelGraphWalker - Visiting attribute path : producerCategory
17:59:18.374 [main] TRACE org.hibernate.loader.plan.build.internal.AbstractLoadPlanBuildingAssociationVisitationStrategy - >> Starting attribute Attribute(name=producerCategory, type=integer [non-identifier])
17:59:18.374 [main] TRACE org.hibernate.loader.plan.build.internal.AbstractLoadPlanBuildingAssociationVisitationStrategy - << Finishing up attribute : Attribute(name=producerCategory, type=integer [non-identifier])
17:59:18.374 [main] DEBUG org.hibernate.persister.walking.spi.MetamodelGraphWalker - Visiting attribute path : producerName
17:59:18.374 [main] TRACE org.hibernate.loader.plan.build.internal.AbstractLoadPlanBuildingAssociationVisitationStrategy - >> Starting attribute Attribute(name=producerName, type=string [non-identifier])
17:59:18.374 [main] TRACE org.hibernate.loader.plan.build.internal.AbstractLoadPlanBuildingAssociationVisitationStrategy - << Finishing up attribute : Attribute(name=producerName, type=string [non-identifier])
17:59:18.374 [main] TRACE org.hibernate.loader.plan.build.internal.AbstractLoadPlanBuildingAssociationVisitationStrategy - Popped fetch owner from stack : org.hibernate.loader.plan.build.internal.returns.EntityReturnImpl@52d6d273
17:59:18.374 [main] TRACE org.hibernate.loader.plan.build.internal.AbstractLoadPlanBuildingAssociationVisitationStrategy -  Finished root entity : com.soft.entity.ProducerEntity
17:59:18.374 [main] DEBUG org.hibernate.loader.plan.build.internal.FetchStyleLoadPlanBuildingAssociationVisitationStrategy - Building LoadPlan...
17:59:18.374 [main] DEBUG org.hibernate.loader.plan.exec.internal.LoadQueryJoinAndFetchProcessor - processing queryspace <gen:0>
17:59:18.375 [main] DEBUG org.hibernate.loader.plan.build.spi.LoadPlanTreePrinter - LoadPlan(entity=com.soft.entity.ProducerEntity)
    - Returns
       - EntityReturnImpl(entity=com.soft.entity.ProducerEntity, querySpaceUid=<gen:0>, path=com.soft.entity.ProducerEntity)
    - QuerySpaces
       - EntityQuerySpaceImpl(uid=<gen:0>, entity=com.soft.entity.ProducerEntity)
          - SQL table alias mapping - produceren0_
          - alias suffix - 0_
          - suffixed key columns - {producer1_3_0_}

17:59:18.375 [main] DEBUG org.hibernate.loader.entity.plan.EntityLoader - Static select for entity com.soft.entity.ProducerEntity [PESSIMISTIC_FORCE_INCREMENT]: select produceren0_.producer_id as producer1_3_0_, produceren0_.producer_category as producer2_3_0_, produceren0_.producer_name as producer3_3_0_ from producer produceren0_ where produceren0_.producer_id=? for update
17:59:18.375 [main] TRACE org.hibernate.loader.plan.build.internal.AbstractLoadPlanBuildingAssociationVisitationStrategy -  Starting root entity : com.soft.entity.ProducerEntity
17:59:18.375 [main] DEBUG org.hibernate.loader.plan.build.internal.spaces.QuerySpacesImpl - Adding QuerySpace : uid = <gen:0> -> org.hibernate.loader.plan.build.internal.spaces.EntityQuerySpaceImpl@4667c4c1]
17:59:18.375 [main] TRACE org.hibernate.loader.plan.build.internal.AbstractLoadPlanBuildingAssociationVisitationStrategy - Pushing fetch source to stack : org.hibernate.loader.plan.build.internal.returns.EntityReturnImpl@2f9a4401
17:59:18.375 [main] TRACE org.hibernate.loader.plan.build.internal.AbstractLoadPlanBuildingAssociationVisitationStrategy - .. Registering AssociationKey : AssociationKey(table=producer, columns={producer_id}) -> org.hibernate.loader.plan.build.internal.returns.EntityReturnImpl@2f9a4401
17:59:18.375 [main] TRACE org.hibernate.loader.plan.build.internal.AbstractLoadPlanBuildingAssociationVisitationStrategy - >> Starting entity identifier : com.soft.entity.ProducerEntity
17:59:18.375 [main] DEBUG org.hibernate.persister.walking.spi.MetamodelGraphWalker - Visiting attribute path : producerCategory
17:59:18.375 [main] TRACE org.hibernate.loader.plan.build.internal.AbstractLoadPlanBuildingAssociationVisitationStrategy - >> Starting attribute Attribute(name=producerCategory, type=integer [non-identifier])
17:59:18.375 [main] TRACE org.hibernate.loader.plan.build.internal.AbstractLoadPlanBuildingAssociationVisitationStrategy - << Finishing up attribute : Attribute(name=producerCategory, type=integer [non-identifier])
17:59:18.375 [main] DEBUG org.hibernate.persister.walking.spi.MetamodelGraphWalker - Visiting attribute path : producerName
17:59:18.375 [main] TRACE org.hibernate.loader.plan.build.internal.AbstractLoadPlanBuildingAssociationVisitationStrategy - >> Starting attribute Attribute(name=producerName, type=string [non-identifier])
17:59:18.375 [main] TRACE org.hibernate.loader.plan.build.internal.AbstractLoadPlanBuildingAssociationVisitationStrategy - << Finishing up attribute : Attribute(name=producerName, type=string [non-identifier])
17:59:18.375 [main] TRACE org.hibernate.loader.plan.build.internal.AbstractLoadPlanBuildingAssociationVisitationStrategy - Popped fetch owner from stack : org.hibernate.loader.plan.build.internal.returns.EntityReturnImpl@2f9a4401
17:59:18.375 [main] TRACE org.hibernate.loader.plan.build.internal.AbstractLoadPlanBuildingAssociationVisitationStrategy -  Finished root entity : com.soft.entity.ProducerEntity
17:59:18.375 [main] DEBUG org.hibernate.loader.plan.build.internal.FetchStyleLoadPlanBuildingAssociationVisitationStrategy - Building LoadPlan...
17:59:18.375 [main] DEBUG org.hibernate.loader.plan.exec.internal.LoadQueryJoinAndFetchProcessor - processing queryspace <gen:0>
17:59:18.375 [main] DEBUG org.hibernate.loader.plan.build.spi.LoadPlanTreePrinter - LoadPlan(entity=com.soft.entity.ProducerEntity)
    - Returns
       - EntityReturnImpl(entity=com.soft.entity.ProducerEntity, querySpaceUid=<gen:0>, path=com.soft.entity.ProducerEntity)
    - QuerySpaces
       - EntityQuerySpaceImpl(uid=<gen:0>, entity=com.soft.entity.ProducerEntity)
          - SQL table alias mapping - produceren0_
          - alias suffix - 0_
          - suffixed key columns - {producer1_3_0_}

17:59:18.375 [main] DEBUG org.hibernate.loader.entity.plan.EntityLoader - Static select for entity com.soft.entity.ProducerEntity [OPTIMISTIC]: select produceren0_.producer_id as producer1_3_0_, produceren0_.producer_category as producer2_3_0_, produceren0_.producer_name as producer3_3_0_ from producer produceren0_ where produceren0_.producer_id=?
17:59:18.375 [main] TRACE org.hibernate.loader.plan.build.internal.AbstractLoadPlanBuildingAssociationVisitationStrategy -  Starting root entity : com.soft.entity.ProducerEntity
17:59:18.376 [main] DEBUG org.hibernate.loader.plan.build.internal.spaces.QuerySpacesImpl - Adding QuerySpace : uid = <gen:0> -> org.hibernate.loader.plan.build.internal.spaces.EntityQuerySpaceImpl@22c75c01]
17:59:18.376 [main] TRACE org.hibernate.loader.plan.build.internal.AbstractLoadPlanBuildingAssociationVisitationStrategy - Pushing fetch source to stack : org.hibernate.loader.plan.build.internal.returns.EntityReturnImpl@46e64760
17:59:18.376 [main] TRACE org.hibernate.loader.plan.build.internal.AbstractLoadPlanBuildingAssociationVisitationStrategy - .. Registering AssociationKey : AssociationKey(table=producer, columns={producer_id}) -> org.hibernate.loader.plan.build.internal.returns.EntityReturnImpl@46e64760
17:59:18.376 [main] TRACE org.hibernate.loader.plan.build.internal.AbstractLoadPlanBuildingAssociationVisitationStrategy - >> Starting entity identifier : com.soft.entity.ProducerEntity
17:59:18.376 [main] DEBUG org.hibernate.persister.walking.spi.MetamodelGraphWalker - Visiting attribute path : producerCategory
17:59:18.376 [main] TRACE org.hibernate.loader.plan.build.internal.AbstractLoadPlanBuildingAssociationVisitationStrategy - >> Starting attribute Attribute(name=producerCategory, type=integer [non-identifier])
17:59:18.376 [main] TRACE org.hibernate.loader.plan.build.internal.AbstractLoadPlanBuildingAssociationVisitationStrategy - << Finishing up attribute : Attribute(name=producerCategory, type=integer [non-identifier])
17:59:18.376 [main] DEBUG org.hibernate.persister.walking.spi.MetamodelGraphWalker - Visiting attribute path : producerName
17:59:18.376 [main] TRACE org.hibernate.loader.plan.build.internal.AbstractLoadPlanBuildingAssociationVisitationStrategy - >> Starting attribute Attribute(name=producerName, type=string [non-identifier])
17:59:18.376 [main] TRACE org.hibernate.loader.plan.build.internal.AbstractLoadPlanBuildingAssociationVisitationStrategy - << Finishing up attribute : Attribute(name=producerName, type=string [non-identifier])
17:59:18.376 [main] TRACE org.hibernate.loader.plan.build.internal.AbstractLoadPlanBuildingAssociationVisitationStrategy - Popped fetch owner from stack : org.hibernate.loader.plan.build.internal.returns.EntityReturnImpl@46e64760
17:59:18.376 [main] TRACE org.hibernate.loader.plan.build.internal.AbstractLoadPlanBuildingAssociationVisitationStrategy -  Finished root entity : com.soft.entity.ProducerEntity
17:59:18.376 [main] DEBUG org.hibernate.loader.plan.build.internal.FetchStyleLoadPlanBuildingAssociationVisitationStrategy - Building LoadPlan...
17:59:18.376 [main] DEBUG org.hibernate.loader.plan.exec.internal.LoadQueryJoinAndFetchProcessor - processing queryspace <gen:0>
17:59:18.376 [main] DEBUG org.hibernate.loader.plan.build.spi.LoadPlanTreePrinter - LoadPlan(entity=com.soft.entity.ProducerEntity)
    - Returns
       - EntityReturnImpl(entity=com.soft.entity.ProducerEntity, querySpaceUid=<gen:0>, path=com.soft.entity.ProducerEntity)
    - QuerySpaces
       - EntityQuerySpaceImpl(uid=<gen:0>, entity=com.soft.entity.ProducerEntity)
          - SQL table alias mapping - produceren0_
          - alias suffix - 0_
          - suffixed key columns - {producer1_3_0_}

17:59:18.376 [main] DEBUG org.hibernate.loader.entity.plan.EntityLoader - Static select for entity com.soft.entity.ProducerEntity [OPTIMISTIC_FORCE_INCREMENT]: select produceren0_.producer_id as producer1_3_0_, produceren0_.producer_category as producer2_3_0_, produceren0_.producer_name as producer3_3_0_ from producer produceren0_ where produceren0_.producer_id=?
17:59:18.377 [main] DEBUG org.hibernate.loader.Loader - Static select for action ACTION_MERGE on entity com.soft.entity.ProducerEntity: select produceren0_.producer_id as producer1_3_0_, produceren0_.producer_category as producer2_3_0_, produceren0_.producer_name as producer3_3_0_ from producer produceren0_ where produceren0_.producer_id=?
17:59:18.377 [main] DEBUG org.hibernate.loader.Loader - Static select for action ACTION_REFRESH on entity com.soft.entity.ProducerEntity: select produceren0_.producer_id as producer1_3_0_, produceren0_.producer_category as producer2_3_0_, produceren0_.producer_name as producer3_3_0_ from producer produceren0_ where produceren0_.producer_id=?
17:59:18.377 [main] DEBUG org.hibernate.persister.entity.AbstractEntityPersister - Static SQL for entity: com.soft.entity.TransistorEntity
17:59:18.377 [main] DEBUG org.hibernate.persister.entity.AbstractEntityPersister -  Version select: select transistor_id from transistor where transistor_id =?
17:59:18.377 [main] DEBUG org.hibernate.persister.entity.AbstractEntityPersister -  Snapshot select: select transistor_.transistor_id, transistor_.category as category2_5_, transistor_.conductunce_type as conductu3_5_, transistor_.description as descript4_5_, transistor_.gain as gain5_5_, transistor_.max_current as max_curr6_5_, transistor_.max_current_unit as max_curr7_5_, transistor_.name as name8_5_, transistor_.photo as photo9_5_, transistor_.price as price10_5_, transistor_.producer as produce11_5_, transistor_.quantity as quantit12_5_, transistor_.package as package13_5_ from transistor transistor_ where transistor_.transistor_id=?
17:59:18.377 [main] DEBUG org.hibernate.persister.entity.AbstractEntityPersister -  Insert 0: insert into transistor (category, conductunce_type, description, gain, max_current, max_current_unit, name, photo, price, producer, quantity, package, transistor_id) values (?, ?, ?, ?, ?, ?, ?, ?, ?, ?, ?, ?, ?)
17:59:18.377 [main] DEBUG org.hibernate.persister.entity.AbstractEntityPersister -  Update 0: update transistor set category=?, conductunce_type=?, description=?, gain=?, max_current=?, max_current_unit=?, name=?, photo=?, price=?, producer=?, quantity=?, package=? where transistor_id=?
17:59:18.377 [main] DEBUG org.hibernate.persister.entity.AbstractEntityPersister -  Delete 0: delete from transistor where transistor_id=?
17:59:18.377 [main] TRACE org.hibernate.loader.plan.build.internal.AbstractLoadPlanBuildingAssociationVisitationStrategy -  Starting root entity : com.soft.entity.TransistorEntity
17:59:18.377 [main] DEBUG org.hibernate.loader.plan.build.internal.spaces.QuerySpacesImpl - Adding QuerySpace : uid = <gen:0> -> org.hibernate.loader.plan.build.internal.spaces.EntityQuerySpaceImpl@3e5fd2b1]
17:59:18.377 [main] TRACE org.hibernate.loader.plan.build.internal.AbstractLoadPlanBuildingAssociationVisitationStrategy - Pushing fetch source to stack : org.hibernate.loader.plan.build.internal.returns.EntityReturnImpl@43982337
17:59:18.377 [main] TRACE org.hibernate.loader.plan.build.internal.AbstractLoadPlanBuildingAssociationVisitationStrategy - .. Registering AssociationKey : AssociationKey(table=transistor, columns={transistor_id}) -> org.hibernate.loader.plan.build.internal.returns.EntityReturnImpl@43982337
17:59:18.378 [main] TRACE org.hibernate.loader.plan.build.internal.AbstractLoadPlanBuildingAssociationVisitationStrategy - >> Starting entity identifier : com.soft.entity.TransistorEntity
17:59:18.378 [main] DEBUG org.hibernate.persister.walking.spi.MetamodelGraphWalker - Visiting attribute path : category
17:59:18.378 [main] TRACE org.hibernate.loader.plan.build.internal.AbstractLoadPlanBuildingAssociationVisitationStrategy - >> Starting attribute Attribute(name=category, type=integer [non-identifier])
17:59:18.378 [main] TRACE org.hibernate.loader.plan.build.internal.AbstractLoadPlanBuildingAssociationVisitationStrategy - << Finishing up attribute : Attribute(name=category, type=integer [non-identifier])
17:59:18.378 [main] DEBUG org.hibernate.persister.walking.spi.MetamodelGraphWalker - Visiting attribute path : conductanceType
17:59:18.378 [main] TRACE org.hibernate.loader.plan.build.internal.AbstractLoadPlanBuildingAssociationVisitationStrategy - >> Starting attribute Attribute(name=conductanceType, type=string [non-identifier])
17:59:18.378 [main] TRACE org.hibernate.loader.plan.build.internal.AbstractLoadPlanBuildingAssociationVisitationStrategy - << Finishing up attribute : Attribute(name=conductanceType, type=string [non-identifier])
17:59:18.378 [main] DEBUG org.hibernate.persister.walking.spi.MetamodelGraphWalker - Visiting attribute path : description
17:59:18.378 [main] TRACE org.hibernate.loader.plan.build.internal.AbstractLoadPlanBuildingAssociationVisitationStrategy - >> Starting attribute Attribute(name=description, type=string [non-identifier])
17:59:18.378 [main] TRACE org.hibernate.loader.plan.build.internal.AbstractLoadPlanBuildingAssociationVisitationStrategy - << Finishing up attribute : Attribute(name=description, type=string [non-identifier])
17:59:18.378 [main] DEBUG org.hibernate.persister.walking.spi.MetamodelGraphWalker - Visiting attribute path : gain
17:59:18.378 [main] TRACE org.hibernate.loader.plan.build.internal.AbstractLoadPlanBuildingAssociationVisitationStrategy - >> Starting attribute Attribute(name=gain, type=double [non-identifier])
17:59:18.378 [main] TRACE org.hibernate.loader.plan.build.internal.AbstractLoadPlanBuildingAssociationVisitationStrategy - << Finishing up attribute : Attribute(name=gain, type=double [non-identifier])
17:59:18.378 [main] DEBUG org.hibernate.persister.walking.spi.MetamodelGraphWalker - Visiting attribute path : maxCurrent
17:59:18.378 [main] TRACE org.hibernate.loader.plan.build.internal.AbstractLoadPlanBuildingAssociationVisitationStrategy - >> Starting attribute Attribute(name=maxCurrent, type=double [non-identifier])
17:59:18.378 [main] TRACE org.hibernate.loader.plan.build.internal.AbstractLoadPlanBuildingAssociationVisitationStrategy - << Finishing up attribute : Attribute(name=maxCurrent, type=double [non-identifier])
17:59:18.378 [main] DEBUG org.hibernate.persister.walking.spi.MetamodelGraphWalker - Visiting attribute path : maxCurrentUnit
17:59:18.378 [main] TRACE org.hibernate.loader.plan.build.internal.AbstractLoadPlanBuildingAssociationVisitationStrategy - >> Starting attribute Attribute(name=maxCurrentUnit, type=integer [non-identifier])
17:59:18.378 [main] TRACE org.hibernate.loader.plan.build.internal.AbstractLoadPlanBuildingAssociationVisitationStrategy - << Finishing up attribute : Attribute(name=maxCurrentUnit, type=integer [non-identifier])
17:59:18.378 [main] DEBUG org.hibernate.persister.walking.spi.MetamodelGraphWalker - Visiting attribute path : name
17:59:18.378 [main] TRACE org.hibernate.loader.plan.build.internal.AbstractLoadPlanBuildingAssociationVisitationStrategy - >> Starting attribute Attribute(name=name, type=string [non-identifier])
17:59:18.378 [main] TRACE org.hibernate.loader.plan.build.internal.AbstractLoadPlanBuildingAssociationVisitationStrategy - << Finishing up attribute : Attribute(name=name, type=string [non-identifier])
17:59:18.378 [main] DEBUG org.hibernate.persister.walking.spi.MetamodelGraphWalker - Visiting attribute path : photo
17:59:18.378 [main] TRACE org.hibernate.loader.plan.build.internal.AbstractLoadPlanBuildingAssociationVisitationStrategy - >> Starting attribute Attribute(name=photo, type=binary [non-identifier])
17:59:18.378 [main] TRACE org.hibernate.loader.plan.build.internal.AbstractLoadPlanBuildingAssociationVisitationStrategy - << Finishing up attribute : Attribute(name=photo, type=binary [non-identifier])
17:59:18.378 [main] DEBUG org.hibernate.persister.walking.spi.MetamodelGraphWalker - Visiting attribute path : price
17:59:18.378 [main] TRACE org.hibernate.loader.plan.build.internal.AbstractLoadPlanBuildingAssociationVisitationStrategy - >> Starting attribute Attribute(name=price, type=double [non-identifier])
17:59:18.378 [main] TRACE org.hibernate.loader.plan.build.internal.AbstractLoadPlanBuildingAssociationVisitationStrategy - << Finishing up attribute : Attribute(name=price, type=double [non-identifier])
17:59:18.378 [main] DEBUG org.hibernate.persister.walking.spi.MetamodelGraphWalker - Visiting attribute path : producer
17:59:18.378 [main] TRACE org.hibernate.loader.plan.build.internal.AbstractLoadPlanBuildingAssociationVisitationStrategy - >> Starting attribute Attribute(name=producer, type=integer [non-identifier])
17:59:18.378 [main] TRACE org.hibernate.loader.plan.build.internal.AbstractLoadPlanBuildingAssociationVisitationStrategy - << Finishing up attribute : Attribute(name=producer, type=integer [non-identifier])
17:59:18.378 [main] DEBUG org.hibernate.persister.walking.spi.MetamodelGraphWalker - Visiting attribute path : quantity
17:59:18.378 [main] TRACE org.hibernate.loader.plan.build.internal.AbstractLoadPlanBuildingAssociationVisitationStrategy - >> Starting attribute Attribute(name=quantity, type=integer [non-identifier])
17:59:18.378 [main] TRACE org.hibernate.loader.plan.build.internal.AbstractLoadPlanBuildingAssociationVisitationStrategy - << Finishing up attribute : Attribute(name=quantity, type=integer [non-identifier])
17:59:18.378 [main] DEBUG org.hibernate.persister.walking.spi.MetamodelGraphWalker - Visiting attribute path : tPackage
17:59:18.378 [main] TRACE org.hibernate.loader.plan.build.internal.AbstractLoadPlanBuildingAssociationVisitationStrategy - >> Starting attribute Attribute(name=tPackage, type=integer [non-identifier])
17:59:18.378 [main] TRACE org.hibernate.loader.plan.build.internal.AbstractLoadPlanBuildingAssociationVisitationStrategy - << Finishing up attribute : Attribute(name=tPackage, type=integer [non-identifier])
17:59:18.378 [main] TRACE org.hibernate.loader.plan.build.internal.AbstractLoadPlanBuildingAssociationVisitationStrategy - Popped fetch owner from stack : org.hibernate.loader.plan.build.internal.returns.EntityReturnImpl@43982337
17:59:18.378 [main] TRACE org.hibernate.loader.plan.build.internal.AbstractLoadPlanBuildingAssociationVisitationStrategy -  Finished root entity : com.soft.entity.TransistorEntity
17:59:18.379 [main] DEBUG org.hibernate.loader.plan.build.internal.FetchStyleLoadPlanBuildingAssociationVisitationStrategy - Building LoadPlan...
17:59:18.381 [main] DEBUG org.hibernate.loader.plan.exec.internal.LoadQueryJoinAndFetchProcessor - processing queryspace <gen:0>
17:59:18.381 [main] DEBUG org.hibernate.loader.plan.build.spi.LoadPlanTreePrinter - LoadPlan(entity=com.soft.entity.TransistorEntity)
    - Returns
       - EntityReturnImpl(entity=com.soft.entity.TransistorEntity, querySpaceUid=<gen:0>, path=com.soft.entity.TransistorEntity)
    - QuerySpaces
       - EntityQuerySpaceImpl(uid=<gen:0>, entity=com.soft.entity.TransistorEntity)
          - SQL table alias mapping - transistor0_
          - alias suffix - 0_
          - suffixed key columns - {transist1_5_0_}

17:59:18.382 [main] DEBUG org.hibernate.loader.entity.plan.EntityLoader - Static select for entity com.soft.entity.TransistorEntity [NONE]: select transistor0_.transistor_id as transist1_5_0_, transistor0_.category as category2_5_0_, transistor0_.conductunce_type as conductu3_5_0_, transistor0_.description as descript4_5_0_, transistor0_.gain as gain5_5_0_, transistor0_.max_current as max_curr6_5_0_, transistor0_.max_current_unit as max_curr7_5_0_, transistor0_.name as name8_5_0_, transistor0_.photo as photo9_5_0_, transistor0_.price as price10_5_0_, transistor0_.producer as produce11_5_0_, transistor0_.quantity as quantit12_5_0_, transistor0_.package as package13_5_0_ from transistor transistor0_ where transistor0_.transistor_id=?
17:59:18.382 [main] TRACE org.hibernate.loader.plan.build.internal.AbstractLoadPlanBuildingAssociationVisitationStrategy -  Starting root entity : com.soft.entity.TransistorEntity
17:59:18.382 [main] DEBUG org.hibernate.loader.plan.build.internal.spaces.QuerySpacesImpl - Adding QuerySpace : uid = <gen:0> -> org.hibernate.loader.plan.build.internal.spaces.EntityQuerySpaceImpl@5b275811]
17:59:18.382 [main] TRACE org.hibernate.loader.plan.build.internal.AbstractLoadPlanBuildingAssociationVisitationStrategy - Pushing fetch source to stack : org.hibernate.loader.plan.build.internal.returns.EntityReturnImpl@2f0ed952
17:59:18.382 [main] TRACE org.hibernate.loader.plan.build.internal.AbstractLoadPlanBuildingAssociationVisitationStrategy - .. Registering AssociationKey : AssociationKey(table=transistor, columns={transistor_id}) -> org.hibernate.loader.plan.build.internal.returns.EntityReturnImpl@2f0ed952
17:59:18.382 [main] TRACE org.hibernate.loader.plan.build.internal.AbstractLoadPlanBuildingAssociationVisitationStrategy - >> Starting entity identifier : com.soft.entity.TransistorEntity
17:59:18.382 [main] DEBUG org.hibernate.persister.walking.spi.MetamodelGraphWalker - Visiting attribute path : category
17:59:18.382 [main] TRACE org.hibernate.loader.plan.build.internal.AbstractLoadPlanBuildingAssociationVisitationStrategy - >> Starting attribute Attribute(name=category, type=integer [non-identifier])
17:59:18.382 [main] TRACE org.hibernate.loader.plan.build.internal.AbstractLoadPlanBuildingAssociationVisitationStrategy - << Finishing up attribute : Attribute(name=category, type=integer [non-identifier])
17:59:18.382 [main] DEBUG org.hibernate.persister.walking.spi.MetamodelGraphWalker - Visiting attribute path : conductanceType
17:59:18.382 [main] TRACE org.hibernate.loader.plan.build.internal.AbstractLoadPlanBuildingAssociationVisitationStrategy - >> Starting attribute Attribute(name=conductanceType, type=string [non-identifier])
17:59:18.382 [main] TRACE org.hibernate.loader.plan.build.internal.AbstractLoadPlanBuildingAssociationVisitationStrategy - << Finishing up attribute : Attribute(name=conductanceType, type=string [non-identifier])
17:59:18.382 [main] DEBUG org.hibernate.persister.walking.spi.MetamodelGraphWalker - Visiting attribute path : description
17:59:18.382 [main] TRACE org.hibernate.loader.plan.build.internal.AbstractLoadPlanBuildingAssociationVisitationStrategy - >> Starting attribute Attribute(name=description, type=string [non-identifier])
17:59:18.382 [main] TRACE org.hibernate.loader.plan.build.internal.AbstractLoadPlanBuildingAssociationVisitationStrategy - << Finishing up attribute : Attribute(name=description, type=string [non-identifier])
17:59:18.382 [main] DEBUG org.hibernate.persister.walking.spi.MetamodelGraphWalker - Visiting attribute path : gain
17:59:18.382 [main] TRACE org.hibernate.loader.plan.build.internal.AbstractLoadPlanBuildingAssociationVisitationStrategy - >> Starting attribute Attribute(name=gain, type=double [non-identifier])
17:59:18.382 [main] TRACE org.hibernate.loader.plan.build.internal.AbstractLoadPlanBuildingAssociationVisitationStrategy - << Finishing up attribute : Attribute(name=gain, type=double [non-identifier])
17:59:18.382 [main] DEBUG org.hibernate.persister.walking.spi.MetamodelGraphWalker - Visiting attribute path : maxCurrent
17:59:18.382 [main] TRACE org.hibernate.loader.plan.build.internal.AbstractLoadPlanBuildingAssociationVisitationStrategy - >> Starting attribute Attribute(name=maxCurrent, type=double [non-identifier])
17:59:18.382 [main] TRACE org.hibernate.loader.plan.build.internal.AbstractLoadPlanBuildingAssociationVisitationStrategy - << Finishing up attribute : Attribute(name=maxCurrent, type=double [non-identifier])
17:59:18.382 [main] DEBUG org.hibernate.persister.walking.spi.MetamodelGraphWalker - Visiting attribute path : maxCurrentUnit
17:59:18.382 [main] TRACE org.hibernate.loader.plan.build.internal.AbstractLoadPlanBuildingAssociationVisitationStrategy - >> Starting attribute Attribute(name=maxCurrentUnit, type=integer [non-identifier])
17:59:18.382 [main] TRACE org.hibernate.loader.plan.build.internal.AbstractLoadPlanBuildingAssociationVisitationStrategy - << Finishing up attribute : Attribute(name=maxCurrentUnit, type=integer [non-identifier])
17:59:18.382 [main] DEBUG org.hibernate.persister.walking.spi.MetamodelGraphWalker - Visiting attribute path : name
17:59:18.382 [main] TRACE org.hibernate.loader.plan.build.internal.AbstractLoadPlanBuildingAssociationVisitationStrategy - >> Starting attribute Attribute(name=name, type=string [non-identifier])
17:59:18.382 [main] TRACE org.hibernate.loader.plan.build.internal.AbstractLoadPlanBuildingAssociationVisitationStrategy - << Finishing up attribute : Attribute(name=name, type=string [non-identifier])
17:59:18.382 [main] DEBUG org.hibernate.persister.walking.spi.MetamodelGraphWalker - Visiting attribute path : photo
17:59:18.382 [main] TRACE org.hibernate.loader.plan.build.internal.AbstractLoadPlanBuildingAssociationVisitationStrategy - >> Starting attribute Attribute(name=photo, type=binary [non-identifier])
17:59:18.382 [main] TRACE org.hibernate.loader.plan.build.internal.AbstractLoadPlanBuildingAssociationVisitationStrategy - << Finishing up attribute : Attribute(name=photo, type=binary [non-identifier])
17:59:18.383 [main] DEBUG org.hibernate.persister.walking.spi.MetamodelGraphWalker - Visiting attribute path : price
17:59:18.383 [main] TRACE org.hibernate.loader.plan.build.internal.AbstractLoadPlanBuildingAssociationVisitationStrategy - >> Starting attribute Attribute(name=price, type=double [non-identifier])
17:59:18.383 [main] TRACE org.hibernate.loader.plan.build.internal.AbstractLoadPlanBuildingAssociationVisitationStrategy - << Finishing up attribute : Attribute(name=price, type=double [non-identifier])
17:59:18.383 [main] DEBUG org.hibernate.persister.walking.spi.MetamodelGraphWalker - Visiting attribute path : producer
17:59:18.383 [main] TRACE org.hibernate.loader.plan.build.internal.AbstractLoadPlanBuildingAssociationVisitationStrategy - >> Starting attribute Attribute(name=producer, type=integer [non-identifier])
17:59:18.383 [main] TRACE org.hibernate.loader.plan.build.internal.AbstractLoadPlanBuildingAssociationVisitationStrategy - << Finishing up attribute : Attribute(name=producer, type=integer [non-identifier])
17:59:18.383 [main] DEBUG org.hibernate.persister.walking.spi.MetamodelGraphWalker - Visiting attribute path : quantity
17:59:18.383 [main] TRACE org.hibernate.loader.plan.build.internal.AbstractLoadPlanBuildingAssociationVisitationStrategy - >> Starting attribute Attribute(name=quantity, type=integer [non-identifier])
17:59:18.383 [main] TRACE org.hibernate.loader.plan.build.internal.AbstractLoadPlanBuildingAssociationVisitationStrategy - << Finishing up attribute : Attribute(name=quantity, type=integer [non-identifier])
17:59:18.383 [main] DEBUG org.hibernate.persister.walking.spi.MetamodelGraphWalker - Visiting attribute path : tPackage
17:59:18.383 [main] TRACE org.hibernate.loader.plan.build.internal.AbstractLoadPlanBuildingAssociationVisitationStrategy - >> Starting attribute Attribute(name=tPackage, type=integer [non-identifier])
17:59:18.383 [main] TRACE org.hibernate.loader.plan.build.internal.AbstractLoadPlanBuildingAssociationVisitationStrategy - << Finishing up attribute : Attribute(name=tPackage, type=integer [non-identifier])
17:59:18.383 [main] TRACE org.hibernate.loader.plan.build.internal.AbstractLoadPlanBuildingAssociationVisitationStrategy - Popped fetch owner from stack : org.hibernate.loader.plan.build.internal.returns.EntityReturnImpl@2f0ed952
17:59:18.383 [main] TRACE org.hibernate.loader.plan.build.internal.AbstractLoadPlanBuildingAssociationVisitationStrategy -  Finished root entity : com.soft.entity.TransistorEntity
17:59:18.383 [main] DEBUG org.hibernate.loader.plan.build.internal.FetchStyleLoadPlanBuildingAssociationVisitationStrategy - Building LoadPlan...
17:59:18.383 [main] DEBUG org.hibernate.loader.plan.exec.internal.LoadQueryJoinAndFetchProcessor - processing queryspace <gen:0>
17:59:18.383 [main] DEBUG org.hibernate.loader.plan.build.spi.LoadPlanTreePrinter - LoadPlan(entity=com.soft.entity.TransistorEntity)
    - Returns
       - EntityReturnImpl(entity=com.soft.entity.TransistorEntity, querySpaceUid=<gen:0>, path=com.soft.entity.TransistorEntity)
    - QuerySpaces
       - EntityQuerySpaceImpl(uid=<gen:0>, entity=com.soft.entity.TransistorEntity)
          - SQL table alias mapping - transistor0_
          - alias suffix - 0_
          - suffixed key columns - {transist1_5_0_}

17:59:18.383 [main] DEBUG org.hibernate.loader.entity.plan.EntityLoader - Static select for entity com.soft.entity.TransistorEntity [READ]: select transistor0_.transistor_id as transist1_5_0_, transistor0_.category as category2_5_0_, transistor0_.conductunce_type as conductu3_5_0_, transistor0_.description as descript4_5_0_, transistor0_.gain as gain5_5_0_, transistor0_.max_current as max_curr6_5_0_, transistor0_.max_current_unit as max_curr7_5_0_, transistor0_.name as name8_5_0_, transistor0_.photo as photo9_5_0_, transistor0_.price as price10_5_0_, transistor0_.producer as produce11_5_0_, transistor0_.quantity as quantit12_5_0_, transistor0_.package as package13_5_0_ from transistor transistor0_ where transistor0_.transistor_id=?
17:59:18.383 [main] TRACE org.hibernate.loader.plan.build.internal.AbstractLoadPlanBuildingAssociationVisitationStrategy -  Starting root entity : com.soft.entity.TransistorEntity
17:59:18.383 [main] DEBUG org.hibernate.loader.plan.build.internal.spaces.QuerySpacesImpl - Adding QuerySpace : uid = <gen:0> -> org.hibernate.loader.plan.build.internal.spaces.EntityQuerySpaceImpl@6f044c58]
17:59:18.383 [main] TRACE org.hibernate.loader.plan.build.internal.AbstractLoadPlanBuildingAssociationVisitationStrategy - Pushing fetch source to stack : org.hibernate.loader.plan.build.internal.returns.EntityReturnImpl@6d074b14
17:59:18.383 [main] TRACE org.hibernate.loader.plan.build.internal.AbstractLoadPlanBuildingAssociationVisitationStrategy - .. Registering AssociationKey : AssociationKey(table=transistor, columns={transistor_id}) -> org.hibernate.loader.plan.build.internal.returns.EntityReturnImpl@6d074b14
17:59:18.383 [main] TRACE org.hibernate.loader.plan.build.internal.AbstractLoadPlanBuildingAssociationVisitationStrategy - >> Starting entity identifier : com.soft.entity.TransistorEntity
17:59:18.383 [main] DEBUG org.hibernate.persister.walking.spi.MetamodelGraphWalker - Visiting attribute path : category
17:59:18.383 [main] TRACE org.hibernate.loader.plan.build.internal.AbstractLoadPlanBuildingAssociationVisitationStrategy - >> Starting attribute Attribute(name=category, type=integer [non-identifier])
17:59:18.383 [main] TRACE org.hibernate.loader.plan.build.internal.AbstractLoadPlanBuildingAssociationVisitationStrategy - << Finishing up attribute : Attribute(name=category, type=integer [non-identifier])
17:59:18.383 [main] DEBUG org.hibernate.persister.walking.spi.MetamodelGraphWalker - Visiting attribute path : conductanceType
17:59:18.383 [main] TRACE org.hibernate.loader.plan.build.internal.AbstractLoadPlanBuildingAssociationVisitationStrategy - >> Starting attribute Attribute(name=conductanceType, type=string [non-identifier])
17:59:18.383 [main] TRACE org.hibernate.loader.plan.build.internal.AbstractLoadPlanBuildingAssociationVisitationStrategy - << Finishing up attribute : Attribute(name=conductanceType, type=string [non-identifier])
17:59:18.383 [main] DEBUG org.hibernate.persister.walking.spi.MetamodelGraphWalker - Visiting attribute path : description
17:59:18.383 [main] TRACE org.hibernate.loader.plan.build.internal.AbstractLoadPlanBuildingAssociationVisitationStrategy - >> Starting attribute Attribute(name=description, type=string [non-identifier])
17:59:18.383 [main] TRACE org.hibernate.loader.plan.build.internal.AbstractLoadPlanBuildingAssociationVisitationStrategy - << Finishing up attribute : Attribute(name=description, type=string [non-identifier])
17:59:18.383 [main] DEBUG org.hibernate.persister.walking.spi.MetamodelGraphWalker - Visiting attribute path : gain
17:59:18.383 [main] TRACE org.hibernate.loader.plan.build.internal.AbstractLoadPlanBuildingAssociationVisitationStrategy - >> Starting attribute Attribute(name=gain, type=double [non-identifier])
17:59:18.384 [main] TRACE org.hibernate.loader.plan.build.internal.AbstractLoadPlanBuildingAssociationVisitationStrategy - << Finishing up attribute : Attribute(name=gain, type=double [non-identifier])
17:59:18.384 [main] DEBUG org.hibernate.persister.walking.spi.MetamodelGraphWalker - Visiting attribute path : maxCurrent
17:59:18.384 [main] TRACE org.hibernate.loader.plan.build.internal.AbstractLoadPlanBuildingAssociationVisitationStrategy - >> Starting attribute Attribute(name=maxCurrent, type=double [non-identifier])
17:59:18.384 [main] TRACE org.hibernate.loader.plan.build.internal.AbstractLoadPlanBuildingAssociationVisitationStrategy - << Finishing up attribute : Attribute(name=maxCurrent, type=double [non-identifier])
17:59:18.384 [main] DEBUG org.hibernate.persister.walking.spi.MetamodelGraphWalker - Visiting attribute path : maxCurrentUnit
17:59:18.384 [main] TRACE org.hibernate.loader.plan.build.internal.AbstractLoadPlanBuildingAssociationVisitationStrategy - >> Starting attribute Attribute(name=maxCurrentUnit, type=integer [non-identifier])
17:59:18.384 [main] TRACE org.hibernate.loader.plan.build.internal.AbstractLoadPlanBuildingAssociationVisitationStrategy - << Finishing up attribute : Attribute(name=maxCurrentUnit, type=integer [non-identifier])
17:59:18.384 [main] DEBUG org.hibernate.persister.walking.spi.MetamodelGraphWalker - Visiting attribute path : name
17:59:18.384 [main] TRACE org.hibernate.loader.plan.build.internal.AbstractLoadPlanBuildingAssociationVisitationStrategy - >> Starting attribute Attribute(name=name, type=string [non-identifier])
17:59:18.384 [main] TRACE org.hibernate.loader.plan.build.internal.AbstractLoadPlanBuildingAssociationVisitationStrategy - << Finishing up attribute : Attribute(name=name, type=string [non-identifier])
17:59:18.384 [main] DEBUG org.hibernate.persister.walking.spi.MetamodelGraphWalker - Visiting attribute path : photo
17:59:18.384 [main] TRACE org.hibernate.loader.plan.build.internal.AbstractLoadPlanBuildingAssociationVisitationStrategy - >> Starting attribute Attribute(name=photo, type=binary [non-identifier])
17:59:18.384 [main] TRACE org.hibernate.loader.plan.build.internal.AbstractLoadPlanBuildingAssociationVisitationStrategy - << Finishing up attribute : Attribute(name=photo, type=binary [non-identifier])
17:59:18.384 [main] DEBUG org.hibernate.persister.walking.spi.MetamodelGraphWalker - Visiting attribute path : price
17:59:18.384 [main] TRACE org.hibernate.loader.plan.build.internal.AbstractLoadPlanBuildingAssociationVisitationStrategy - >> Starting attribute Attribute(name=price, type=double [non-identifier])
17:59:18.384 [main] TRACE org.hibernate.loader.plan.build.internal.AbstractLoadPlanBuildingAssociationVisitationStrategy - << Finishing up attribute : Attribute(name=price, type=double [non-identifier])
17:59:18.384 [main] DEBUG org.hibernate.persister.walking.spi.MetamodelGraphWalker - Visiting attribute path : producer
17:59:18.384 [main] TRACE org.hibernate.loader.plan.build.internal.AbstractLoadPlanBuildingAssociationVisitationStrategy - >> Starting attribute Attribute(name=producer, type=integer [non-identifier])
17:59:18.384 [main] TRACE org.hibernate.loader.plan.build.internal.AbstractLoadPlanBuildingAssociationVisitationStrategy - << Finishing up attribute : Attribute(name=producer, type=integer [non-identifier])
17:59:18.384 [main] DEBUG org.hibernate.persister.walking.spi.MetamodelGraphWalker - Visiting attribute path : quantity
17:59:18.384 [main] TRACE org.hibernate.loader.plan.build.internal.AbstractLoadPlanBuildingAssociationVisitationStrategy - >> Starting attribute Attribute(name=quantity, type=integer [non-identifier])
17:59:18.384 [main] TRACE org.hibernate.loader.plan.build.internal.AbstractLoadPlanBuildingAssociationVisitationStrategy - << Finishing up attribute : Attribute(name=quantity, type=integer [non-identifier])
17:59:18.384 [main] DEBUG org.hibernate.persister.walking.spi.MetamodelGraphWalker - Visiting attribute path : tPackage
17:59:18.384 [main] TRACE org.hibernate.loader.plan.build.internal.AbstractLoadPlanBuildingAssociationVisitationStrategy - >> Starting attribute Attribute(name=tPackage, type=integer [non-identifier])
17:59:18.384 [main] TRACE org.hibernate.loader.plan.build.internal.AbstractLoadPlanBuildingAssociationVisitationStrategy - << Finishing up attribute : Attribute(name=tPackage, type=integer [non-identifier])
17:59:18.384 [main] TRACE org.hibernate.loader.plan.build.internal.AbstractLoadPlanBuildingAssociationVisitationStrategy - Popped fetch owner from stack : org.hibernate.loader.plan.build.internal.returns.EntityReturnImpl@6d074b14
17:59:18.384 [main] TRACE org.hibernate.loader.plan.build.internal.AbstractLoadPlanBuildingAssociationVisitationStrategy -  Finished root entity : com.soft.entity.TransistorEntity
17:59:18.384 [main] DEBUG org.hibernate.loader.plan.build.internal.FetchStyleLoadPlanBuildingAssociationVisitationStrategy - Building LoadPlan...
17:59:18.386 [main] DEBUG org.hibernate.loader.plan.exec.internal.LoadQueryJoinAndFetchProcessor - processing queryspace <gen:0>
17:59:18.387 [main] DEBUG org.hibernate.loader.plan.build.spi.LoadPlanTreePrinter - LoadPlan(entity=com.soft.entity.TransistorEntity)
    - Returns
       - EntityReturnImpl(entity=com.soft.entity.TransistorEntity, querySpaceUid=<gen:0>, path=com.soft.entity.TransistorEntity)
    - QuerySpaces
       - EntityQuerySpaceImpl(uid=<gen:0>, entity=com.soft.entity.TransistorEntity)
          - SQL table alias mapping - transistor0_
          - alias suffix - 0_
          - suffixed key columns - {transist1_5_0_}

17:59:18.387 [main] DEBUG org.hibernate.loader.entity.plan.EntityLoader - Static select for entity com.soft.entity.TransistorEntity [UPGRADE]: select transistor0_.transistor_id as transist1_5_0_, transistor0_.category as category2_5_0_, transistor0_.conductunce_type as conductu3_5_0_, transistor0_.description as descript4_5_0_, transistor0_.gain as gain5_5_0_, transistor0_.max_current as max_curr6_5_0_, transistor0_.max_current_unit as max_curr7_5_0_, transistor0_.name as name8_5_0_, transistor0_.photo as photo9_5_0_, transistor0_.price as price10_5_0_, transistor0_.producer as produce11_5_0_, transistor0_.quantity as quantit12_5_0_, transistor0_.package as package13_5_0_ from transistor transistor0_ where transistor0_.transistor_id=? for update
17:59:18.387 [main] TRACE org.hibernate.loader.plan.build.internal.AbstractLoadPlanBuildingAssociationVisitationStrategy -  Starting root entity : com.soft.entity.TransistorEntity
17:59:18.387 [main] DEBUG org.hibernate.loader.plan.build.internal.spaces.QuerySpacesImpl - Adding QuerySpace : uid = <gen:0> -> org.hibernate.loader.plan.build.internal.spaces.EntityQuerySpaceImpl@c017175]
17:59:18.387 [main] TRACE org.hibernate.loader.plan.build.internal.AbstractLoadPlanBuildingAssociationVisitationStrategy - Pushing fetch source to stack : org.hibernate.loader.plan.build.internal.returns.EntityReturnImpl@559cedee
17:59:18.387 [main] TRACE org.hibernate.loader.plan.build.internal.AbstractLoadPlanBuildingAssociationVisitationStrategy - .. Registering AssociationKey : AssociationKey(table=transistor, columns={transistor_id}) -> org.hibernate.loader.plan.build.internal.returns.EntityReturnImpl@559cedee
17:59:18.387 [main] TRACE org.hibernate.loader.plan.build.internal.AbstractLoadPlanBuildingAssociationVisitationStrategy - >> Starting entity identifier : com.soft.entity.TransistorEntity
17:59:18.387 [main] DEBUG org.hibernate.persister.walking.spi.MetamodelGraphWalker - Visiting attribute path : category
17:59:18.387 [main] TRACE org.hibernate.loader.plan.build.internal.AbstractLoadPlanBuildingAssociationVisitationStrategy - >> Starting attribute Attribute(name=category, type=integer [non-identifier])
17:59:18.387 [main] TRACE org.hibernate.loader.plan.build.internal.AbstractLoadPlanBuildingAssociationVisitationStrategy - << Finishing up attribute : Attribute(name=category, type=integer [non-identifier])
17:59:18.387 [main] DEBUG org.hibernate.persister.walking.spi.MetamodelGraphWalker - Visiting attribute path : conductanceType
17:59:18.387 [main] TRACE org.hibernate.loader.plan.build.internal.AbstractLoadPlanBuildingAssociationVisitationStrategy - >> Starting attribute Attribute(name=conductanceType, type=string [non-identifier])
17:59:18.387 [main] TRACE org.hibernate.loader.plan.build.internal.AbstractLoadPlanBuildingAssociationVisitationStrategy - << Finishing up attribute : Attribute(name=conductanceType, type=string [non-identifier])
17:59:18.387 [main] DEBUG org.hibernate.persister.walking.spi.MetamodelGraphWalker - Visiting attribute path : description
17:59:18.387 [main] TRACE org.hibernate.loader.plan.build.internal.AbstractLoadPlanBuildingAssociationVisitationStrategy - >> Starting attribute Attribute(name=description, type=string [non-identifier])
17:59:18.387 [main] TRACE org.hibernate.loader.plan.build.internal.AbstractLoadPlanBuildingAssociationVisitationStrategy - << Finishing up attribute : Attribute(name=description, type=string [non-identifier])
17:59:18.387 [main] DEBUG org.hibernate.persister.walking.spi.MetamodelGraphWalker - Visiting attribute path : gain
17:59:18.387 [main] TRACE org.hibernate.loader.plan.build.internal.AbstractLoadPlanBuildingAssociationVisitationStrategy - >> Starting attribute Attribute(name=gain, type=double [non-identifier])
17:59:18.387 [main] TRACE org.hibernate.loader.plan.build.internal.AbstractLoadPlanBuildingAssociationVisitationStrategy - << Finishing up attribute : Attribute(name=gain, type=double [non-identifier])
17:59:18.387 [main] DEBUG org.hibernate.persister.walking.spi.MetamodelGraphWalker - Visiting attribute path : maxCurrent
17:59:18.387 [main] TRACE org.hibernate.loader.plan.build.internal.AbstractLoadPlanBuildingAssociationVisitationStrategy - >> Starting attribute Attribute(name=maxCurrent, type=double [non-identifier])
17:59:18.387 [main] TRACE org.hibernate.loader.plan.build.internal.AbstractLoadPlanBuildingAssociationVisitationStrategy - << Finishing up attribute : Attribute(name=maxCurrent, type=double [non-identifier])
17:59:18.387 [main] DEBUG org.hibernate.persister.walking.spi.MetamodelGraphWalker - Visiting attribute path : maxCurrentUnit
17:59:18.387 [main] TRACE org.hibernate.loader.plan.build.internal.AbstractLoadPlanBuildingAssociationVisitationStrategy - >> Starting attribute Attribute(name=maxCurrentUnit, type=integer [non-identifier])
17:59:18.387 [main] TRACE org.hibernate.loader.plan.build.internal.AbstractLoadPlanBuildingAssociationVisitationStrategy - << Finishing up attribute : Attribute(name=maxCurrentUnit, type=integer [non-identifier])
17:59:18.387 [main] DEBUG org.hibernate.persister.walking.spi.MetamodelGraphWalker - Visiting attribute path : name
17:59:18.387 [main] TRACE org.hibernate.loader.plan.build.internal.AbstractLoadPlanBuildingAssociationVisitationStrategy - >> Starting attribute Attribute(name=name, type=string [non-identifier])
17:59:18.388 [main] TRACE org.hibernate.loader.plan.build.internal.AbstractLoadPlanBuildingAssociationVisitationStrategy - << Finishing up attribute : Attribute(name=name, type=string [non-identifier])
17:59:18.388 [main] DEBUG org.hibernate.persister.walking.spi.MetamodelGraphWalker - Visiting attribute path : photo
17:59:18.388 [main] TRACE org.hibernate.loader.plan.build.internal.AbstractLoadPlanBuildingAssociationVisitationStrategy - >> Starting attribute Attribute(name=photo, type=binary [non-identifier])
17:59:18.388 [main] TRACE org.hibernate.loader.plan.build.internal.AbstractLoadPlanBuildingAssociationVisitationStrategy - << Finishing up attribute : Attribute(name=photo, type=binary [non-identifier])
17:59:18.388 [main] DEBUG org.hibernate.persister.walking.spi.MetamodelGraphWalker - Visiting attribute path : price
17:59:18.388 [main] TRACE org.hibernate.loader.plan.build.internal.AbstractLoadPlanBuildingAssociationVisitationStrategy - >> Starting attribute Attribute(name=price, type=double [non-identifier])
17:59:18.388 [main] TRACE org.hibernate.loader.plan.build.internal.AbstractLoadPlanBuildingAssociationVisitationStrategy - << Finishing up attribute : Attribute(name=price, type=double [non-identifier])
17:59:18.388 [main] DEBUG org.hibernate.persister.walking.spi.MetamodelGraphWalker - Visiting attribute path : producer
17:59:18.388 [main] TRACE org.hibernate.loader.plan.build.internal.AbstractLoadPlanBuildingAssociationVisitationStrategy - >> Starting attribute Attribute(name=producer, type=integer [non-identifier])
17:59:18.388 [main] TRACE org.hibernate.loader.plan.build.internal.AbstractLoadPlanBuildingAssociationVisitationStrategy - << Finishing up attribute : Attribute(name=producer, type=integer [non-identifier])
17:59:18.388 [main] DEBUG org.hibernate.persister.walking.spi.MetamodelGraphWalker - Visiting attribute path : quantity
17:59:18.388 [main] TRACE org.hibernate.loader.plan.build.internal.AbstractLoadPlanBuildingAssociationVisitationStrategy - >> Starting attribute Attribute(name=quantity, type=integer [non-identifier])
17:59:18.388 [main] TRACE org.hibernate.loader.plan.build.internal.AbstractLoadPlanBuildingAssociationVisitationStrategy - << Finishing up attribute : Attribute(name=quantity, type=integer [non-identifier])
17:59:18.388 [main] DEBUG org.hibernate.persister.walking.spi.MetamodelGraphWalker - Visiting attribute path : tPackage
17:59:18.388 [main] TRACE org.hibernate.loader.plan.build.internal.AbstractLoadPlanBuildingAssociationVisitationStrategy - >> Starting attribute Attribute(name=tPackage, type=integer [non-identifier])
17:59:18.388 [main] TRACE org.hibernate.loader.plan.build.internal.AbstractLoadPlanBuildingAssociationVisitationStrategy - << Finishing up attribute : Attribute(name=tPackage, type=integer [non-identifier])
17:59:18.388 [main] TRACE org.hibernate.loader.plan.build.internal.AbstractLoadPlanBuildingAssociationVisitationStrategy - Popped fetch owner from stack : org.hibernate.loader.plan.build.internal.returns.EntityReturnImpl@559cedee
17:59:18.388 [main] TRACE org.hibernate.loader.plan.build.internal.AbstractLoadPlanBuildingAssociationVisitationStrategy -  Finished root entity : com.soft.entity.TransistorEntity
17:59:18.388 [main] DEBUG org.hibernate.loader.plan.build.internal.FetchStyleLoadPlanBuildingAssociationVisitationStrategy - Building LoadPlan...
17:59:18.388 [main] DEBUG org.hibernate.loader.plan.exec.internal.LoadQueryJoinAndFetchProcessor - processing queryspace <gen:0>
17:59:18.388 [main] DEBUG org.hibernate.loader.plan.build.spi.LoadPlanTreePrinter - LoadPlan(entity=com.soft.entity.TransistorEntity)
    - Returns
       - EntityReturnImpl(entity=com.soft.entity.TransistorEntity, querySpaceUid=<gen:0>, path=com.soft.entity.TransistorEntity)
    - QuerySpaces
       - EntityQuerySpaceImpl(uid=<gen:0>, entity=com.soft.entity.TransistorEntity)
          - SQL table alias mapping - transistor0_
          - alias suffix - 0_
          - suffixed key columns - {transist1_5_0_}

17:59:18.388 [main] DEBUG org.hibernate.loader.entity.plan.EntityLoader - Static select for entity com.soft.entity.TransistorEntity [UPGRADE_NOWAIT]: select transistor0_.transistor_id as transist1_5_0_, transistor0_.category as category2_5_0_, transistor0_.conductunce_type as conductu3_5_0_, transistor0_.description as descript4_5_0_, transistor0_.gain as gain5_5_0_, transistor0_.max_current as max_curr6_5_0_, transistor0_.max_current_unit as max_curr7_5_0_, transistor0_.name as name8_5_0_, transistor0_.photo as photo9_5_0_, transistor0_.price as price10_5_0_, transistor0_.producer as produce11_5_0_, transistor0_.quantity as quantit12_5_0_, transistor0_.package as package13_5_0_ from transistor transistor0_ where transistor0_.transistor_id=? for update
17:59:18.388 [main] TRACE org.hibernate.loader.plan.build.internal.AbstractLoadPlanBuildingAssociationVisitationStrategy -  Starting root entity : com.soft.entity.TransistorEntity
17:59:18.389 [main] DEBUG org.hibernate.loader.plan.build.internal.spaces.QuerySpacesImpl - Adding QuerySpace : uid = <gen:0> -> org.hibernate.loader.plan.build.internal.spaces.EntityQuerySpaceImpl@18371d89]
17:59:18.389 [main] TRACE org.hibernate.loader.plan.build.internal.AbstractLoadPlanBuildingAssociationVisitationStrategy - Pushing fetch source to stack : org.hibernate.loader.plan.build.internal.returns.EntityReturnImpl@4f3faa70
17:59:18.389 [main] TRACE org.hibernate.loader.plan.build.internal.AbstractLoadPlanBuildingAssociationVisitationStrategy - .. Registering AssociationKey : AssociationKey(table=transistor, columns={transistor_id}) -> org.hibernate.loader.plan.build.internal.returns.EntityReturnImpl@4f3faa70
17:59:18.389 [main] TRACE org.hibernate.loader.plan.build.internal.AbstractLoadPlanBuildingAssociationVisitationStrategy - >> Starting entity identifier : com.soft.entity.TransistorEntity
17:59:18.389 [main] DEBUG org.hibernate.persister.walking.spi.MetamodelGraphWalker - Visiting attribute path : category
17:59:18.389 [main] TRACE org.hibernate.loader.plan.build.internal.AbstractLoadPlanBuildingAssociationVisitationStrategy - >> Starting attribute Attribute(name=category, type=integer [non-identifier])
17:59:18.389 [main] TRACE org.hibernate.loader.plan.build.internal.AbstractLoadPlanBuildingAssociationVisitationStrategy - << Finishing up attribute : Attribute(name=category, type=integer [non-identifier])
17:59:18.389 [main] DEBUG org.hibernate.persister.walking.spi.MetamodelGraphWalker - Visiting attribute path : conductanceType
17:59:18.389 [main] TRACE org.hibernate.loader.plan.build.internal.AbstractLoadPlanBuildingAssociationVisitationStrategy - >> Starting attribute Attribute(name=conductanceType, type=string [non-identifier])
17:59:18.389 [main] TRACE org.hibernate.loader.plan.build.internal.AbstractLoadPlanBuildingAssociationVisitationStrategy - << Finishing up attribute : Attribute(name=conductanceType, type=string [non-identifier])
17:59:18.389 [main] DEBUG org.hibernate.persister.walking.spi.MetamodelGraphWalker - Visiting attribute path : description
17:59:18.389 [main] TRACE org.hibernate.loader.plan.build.internal.AbstractLoadPlanBuildingAssociationVisitationStrategy - >> Starting attribute Attribute(name=description, type=string [non-identifier])
17:59:18.389 [main] TRACE org.hibernate.loader.plan.build.internal.AbstractLoadPlanBuildingAssociationVisitationStrategy - << Finishing up attribute : Attribute(name=description, type=string [non-identifier])
17:59:18.389 [main] DEBUG org.hibernate.persister.walking.spi.MetamodelGraphWalker - Visiting attribute path : gain
17:59:18.389 [main] TRACE org.hibernate.loader.plan.build.internal.AbstractLoadPlanBuildingAssociationVisitationStrategy - >> Starting attribute Attribute(name=gain, type=double [non-identifier])
17:59:18.389 [main] TRACE org.hibernate.loader.plan.build.internal.AbstractLoadPlanBuildingAssociationVisitationStrategy - << Finishing up attribute : Attribute(name=gain, type=double [non-identifier])
17:59:18.389 [main] DEBUG org.hibernate.persister.walking.spi.MetamodelGraphWalker - Visiting attribute path : maxCurrent
17:59:18.389 [main] TRACE org.hibernate.loader.plan.build.internal.AbstractLoadPlanBuildingAssociationVisitationStrategy - >> Starting attribute Attribute(name=maxCurrent, type=double [non-identifier])
17:59:18.389 [main] TRACE org.hibernate.loader.plan.build.internal.AbstractLoadPlanBuildingAssociationVisitationStrategy - << Finishing up attribute : Attribute(name=maxCurrent, type=double [non-identifier])
17:59:18.389 [main] DEBUG org.hibernate.persister.walking.spi.MetamodelGraphWalker - Visiting attribute path : maxCurrentUnit
17:59:18.389 [main] TRACE org.hibernate.loader.plan.build.internal.AbstractLoadPlanBuildingAssociationVisitationStrategy - >> Starting attribute Attribute(name=maxCurrentUnit, type=integer [non-identifier])
17:59:18.389 [main] TRACE org.hibernate.loader.plan.build.internal.AbstractLoadPlanBuildingAssociationVisitationStrategy - << Finishing up attribute : Attribute(name=maxCurrentUnit, type=integer [non-identifier])
17:59:18.389 [main] DEBUG org.hibernate.persister.walking.spi.MetamodelGraphWalker - Visiting attribute path : name
17:59:18.389 [main] TRACE org.hibernate.loader.plan.build.internal.AbstractLoadPlanBuildingAssociationVisitationStrategy - >> Starting attribute Attribute(name=name, type=string [non-identifier])
17:59:18.389 [main] TRACE org.hibernate.loader.plan.build.internal.AbstractLoadPlanBuildingAssociationVisitationStrategy - << Finishing up attribute : Attribute(name=name, type=string [non-identifier])
17:59:18.389 [main] DEBUG org.hibernate.persister.walking.spi.MetamodelGraphWalker - Visiting attribute path : photo
17:59:18.389 [main] TRACE org.hibernate.loader.plan.build.internal.AbstractLoadPlanBuildingAssociationVisitationStrategy - >> Starting attribute Attribute(name=photo, type=binary [non-identifier])
17:59:18.389 [main] TRACE org.hibernate.loader.plan.build.internal.AbstractLoadPlanBuildingAssociationVisitationStrategy - << Finishing up attribute : Attribute(name=photo, type=binary [non-identifier])
17:59:18.389 [main] DEBUG org.hibernate.persister.walking.spi.MetamodelGraphWalker - Visiting attribute path : price
17:59:18.389 [main] TRACE org.hibernate.loader.plan.build.internal.AbstractLoadPlanBuildingAssociationVisitationStrategy - >> Starting attribute Attribute(name=price, type=double [non-identifier])
17:59:18.389 [main] TRACE org.hibernate.loader.plan.build.internal.AbstractLoadPlanBuildingAssociationVisitationStrategy - << Finishing up attribute : Attribute(name=price, type=double [non-identifier])
17:59:18.389 [main] DEBUG org.hibernate.persister.walking.spi.MetamodelGraphWalker - Visiting attribute path : producer
17:59:18.389 [main] TRACE org.hibernate.loader.plan.build.internal.AbstractLoadPlanBuildingAssociationVisitationStrategy - >> Starting attribute Attribute(name=producer, type=integer [non-identifier])
17:59:18.389 [main] TRACE org.hibernate.loader.plan.build.internal.AbstractLoadPlanBuildingAssociationVisitationStrategy - << Finishing up attribute : Attribute(name=producer, type=integer [non-identifier])
17:59:18.389 [main] DEBUG org.hibernate.persister.walking.spi.MetamodelGraphWalker - Visiting attribute path : quantity
17:59:18.389 [main] TRACE org.hibernate.loader.plan.build.internal.AbstractLoadPlanBuildingAssociationVisitationStrategy - >> Starting attribute Attribute(name=quantity, type=integer [non-identifier])
17:59:18.389 [main] TRACE org.hibernate.loader.plan.build.internal.AbstractLoadPlanBuildingAssociationVisitationStrategy - << Finishing up attribute : Attribute(name=quantity, type=integer [non-identifier])
17:59:18.389 [main] DEBUG org.hibernate.persister.walking.spi.MetamodelGraphWalker - Visiting attribute path : tPackage
17:59:18.389 [main] TRACE org.hibernate.loader.plan.build.internal.AbstractLoadPlanBuildingAssociationVisitationStrategy - >> Starting attribute Attribute(name=tPackage, type=integer [non-identifier])
17:59:18.389 [main] TRACE org.hibernate.loader.plan.build.internal.AbstractLoadPlanBuildingAssociationVisitationStrategy - << Finishing up attribute : Attribute(name=tPackage, type=integer [non-identifier])
17:59:18.389 [main] TRACE org.hibernate.loader.plan.build.internal.AbstractLoadPlanBuildingAssociationVisitationStrategy - Popped fetch owner from stack : org.hibernate.loader.plan.build.internal.returns.EntityReturnImpl@4f3faa70
17:59:18.389 [main] TRACE org.hibernate.loader.plan.build.internal.AbstractLoadPlanBuildingAssociationVisitationStrategy -  Finished root entity : com.soft.entity.TransistorEntity
17:59:18.389 [main] DEBUG org.hibernate.loader.plan.build.internal.FetchStyleLoadPlanBuildingAssociationVisitationStrategy - Building LoadPlan...
17:59:18.390 [main] DEBUG org.hibernate.loader.plan.exec.internal.LoadQueryJoinAndFetchProcessor - processing queryspace <gen:0>
17:59:18.390 [main] DEBUG org.hibernate.loader.plan.build.spi.LoadPlanTreePrinter - LoadPlan(entity=com.soft.entity.TransistorEntity)
    - Returns
       - EntityReturnImpl(entity=com.soft.entity.TransistorEntity, querySpaceUid=<gen:0>, path=com.soft.entity.TransistorEntity)
    - QuerySpaces
       - EntityQuerySpaceImpl(uid=<gen:0>, entity=com.soft.entity.TransistorEntity)
          - SQL table alias mapping - transistor0_
          - alias suffix - 0_
          - suffixed key columns - {transist1_5_0_}

17:59:18.390 [main] DEBUG org.hibernate.loader.entity.plan.EntityLoader - Static select for entity com.soft.entity.TransistorEntity [UPGRADE_SKIPLOCKED]: select transistor0_.transistor_id as transist1_5_0_, transistor0_.category as category2_5_0_, transistor0_.conductunce_type as conductu3_5_0_, transistor0_.description as descript4_5_0_, transistor0_.gain as gain5_5_0_, transistor0_.max_current as max_curr6_5_0_, transistor0_.max_current_unit as max_curr7_5_0_, transistor0_.name as name8_5_0_, transistor0_.photo as photo9_5_0_, transistor0_.price as price10_5_0_, transistor0_.producer as produce11_5_0_, transistor0_.quantity as quantit12_5_0_, transistor0_.package as package13_5_0_ from transistor transistor0_ where transistor0_.transistor_id=? for update
17:59:18.390 [main] TRACE org.hibernate.loader.plan.build.internal.AbstractLoadPlanBuildingAssociationVisitationStrategy -  Starting root entity : com.soft.entity.TransistorEntity
17:59:18.390 [main] DEBUG org.hibernate.loader.plan.build.internal.spaces.QuerySpacesImpl - Adding QuerySpace : uid = <gen:0> -> org.hibernate.loader.plan.build.internal.spaces.EntityQuerySpaceImpl@4832f03b]
17:59:18.390 [main] TRACE org.hibernate.loader.plan.build.internal.AbstractLoadPlanBuildingAssociationVisitationStrategy - Pushing fetch source to stack : org.hibernate.loader.plan.build.internal.returns.EntityReturnImpl@7af3874e
17:59:18.390 [main] TRACE org.hibernate.loader.plan.build.internal.AbstractLoadPlanBuildingAssociationVisitationStrategy - .. Registering AssociationKey : AssociationKey(table=transistor, columns={transistor_id}) -> org.hibernate.loader.plan.build.internal.returns.EntityReturnImpl@7af3874e
17:59:18.390 [main] TRACE org.hibernate.loader.plan.build.internal.AbstractLoadPlanBuildingAssociationVisitationStrategy - >> Starting entity identifier : com.soft.entity.TransistorEntity
17:59:18.390 [main] DEBUG org.hibernate.persister.walking.spi.MetamodelGraphWalker - Visiting attribute path : category
17:59:18.390 [main] TRACE org.hibernate.loader.plan.build.internal.AbstractLoadPlanBuildingAssociationVisitationStrategy - >> Starting attribute Attribute(name=category, type=integer [non-identifier])
17:59:18.390 [main] TRACE org.hibernate.loader.plan.build.internal.AbstractLoadPlanBuildingAssociationVisitationStrategy - << Finishing up attribute : Attribute(name=category, type=integer [non-identifier])
17:59:18.390 [main] DEBUG org.hibernate.persister.walking.spi.MetamodelGraphWalker - Visiting attribute path : conductanceType
17:59:18.390 [main] TRACE org.hibernate.loader.plan.build.internal.AbstractLoadPlanBuildingAssociationVisitationStrategy - >> Starting attribute Attribute(name=conductanceType, type=string [non-identifier])
17:59:18.390 [main] TRACE org.hibernate.loader.plan.build.internal.AbstractLoadPlanBuildingAssociationVisitationStrategy - << Finishing up attribute : Attribute(name=conductanceType, type=string [non-identifier])
17:59:18.390 [main] DEBUG org.hibernate.persister.walking.spi.MetamodelGraphWalker - Visiting attribute path : description
17:59:18.390 [main] TRACE org.hibernate.loader.plan.build.internal.AbstractLoadPlanBuildingAssociationVisitationStrategy - >> Starting attribute Attribute(name=description, type=string [non-identifier])
17:59:18.390 [main] TRACE org.hibernate.loader.plan.build.internal.AbstractLoadPlanBuildingAssociationVisitationStrategy - << Finishing up attribute : Attribute(name=description, type=string [non-identifier])
17:59:18.390 [main] DEBUG org.hibernate.persister.walking.spi.MetamodelGraphWalker - Visiting attribute path : gain
17:59:18.390 [main] TRACE org.hibernate.loader.plan.build.internal.AbstractLoadPlanBuildingAssociationVisitationStrategy - >> Starting attribute Attribute(name=gain, type=double [non-identifier])
17:59:18.390 [main] TRACE org.hibernate.loader.plan.build.internal.AbstractLoadPlanBuildingAssociationVisitationStrategy - << Finishing up attribute : Attribute(name=gain, type=double [non-identifier])
17:59:18.390 [main] DEBUG org.hibernate.persister.walking.spi.MetamodelGraphWalker - Visiting attribute path : maxCurrent
17:59:18.390 [main] TRACE org.hibernate.loader.plan.build.internal.AbstractLoadPlanBuildingAssociationVisitationStrategy - >> Starting attribute Attribute(name=maxCurrent, type=double [non-identifier])
17:59:18.390 [main] TRACE org.hibernate.loader.plan.build.internal.AbstractLoadPlanBuildingAssociationVisitationStrategy - << Finishing up attribute : Attribute(name=maxCurrent, type=double [non-identifier])
17:59:18.390 [main] DEBUG org.hibernate.persister.walking.spi.MetamodelGraphWalker - Visiting attribute path : maxCurrentUnit
17:59:18.390 [main] TRACE org.hibernate.loader.plan.build.internal.AbstractLoadPlanBuildingAssociationVisitationStrategy - >> Starting attribute Attribute(name=maxCurrentUnit, type=integer [non-identifier])
17:59:18.390 [main] TRACE org.hibernate.loader.plan.build.internal.AbstractLoadPlanBuildingAssociationVisitationStrategy - << Finishing up attribute : Attribute(name=maxCurrentUnit, type=integer [non-identifier])
17:59:18.390 [main] DEBUG org.hibernate.persister.walking.spi.MetamodelGraphWalker - Visiting attribute path : name
17:59:18.390 [main] TRACE org.hibernate.loader.plan.build.internal.AbstractLoadPlanBuildingAssociationVisitationStrategy - >> Starting attribute Attribute(name=name, type=string [non-identifier])
17:59:18.390 [main] TRACE org.hibernate.loader.plan.build.internal.AbstractLoadPlanBuildingAssociationVisitationStrategy - << Finishing up attribute : Attribute(name=name, type=string [non-identifier])
17:59:18.390 [main] DEBUG org.hibernate.persister.walking.spi.MetamodelGraphWalker - Visiting attribute path : photo
17:59:18.390 [main] TRACE org.hibernate.loader.plan.build.internal.AbstractLoadPlanBuildingAssociationVisitationStrategy - >> Starting attribute Attribute(name=photo, type=binary [non-identifier])
17:59:18.390 [main] TRACE org.hibernate.loader.plan.build.internal.AbstractLoadPlanBuildingAssociationVisitationStrategy - << Finishing up attribute : Attribute(name=photo, type=binary [non-identifier])
17:59:18.391 [main] DEBUG org.hibernate.persister.walking.spi.MetamodelGraphWalker - Visiting attribute path : price
17:59:18.391 [main] TRACE org.hibernate.loader.plan.build.internal.AbstractLoadPlanBuildingAssociationVisitationStrategy - >> Starting attribute Attribute(name=price, type=double [non-identifier])
17:59:18.391 [main] TRACE org.hibernate.loader.plan.build.internal.AbstractLoadPlanBuildingAssociationVisitationStrategy - << Finishing up attribute : Attribute(name=price, type=double [non-identifier])
17:59:18.391 [main] DEBUG org.hibernate.persister.walking.spi.MetamodelGraphWalker - Visiting attribute path : producer
17:59:18.391 [main] TRACE org.hibernate.loader.plan.build.internal.AbstractLoadPlanBuildingAssociationVisitationStrategy - >> Starting attribute Attribute(name=producer, type=integer [non-identifier])
17:59:18.391 [main] TRACE org.hibernate.loader.plan.build.internal.AbstractLoadPlanBuildingAssociationVisitationStrategy - << Finishing up attribute : Attribute(name=producer, type=integer [non-identifier])
17:59:18.391 [main] DEBUG org.hibernate.persister.walking.spi.MetamodelGraphWalker - Visiting attribute path : quantity
17:59:18.391 [main] TRACE org.hibernate.loader.plan.build.internal.AbstractLoadPlanBuildingAssociationVisitationStrategy - >> Starting attribute Attribute(name=quantity, type=integer [non-identifier])
17:59:18.391 [main] TRACE org.hibernate.loader.plan.build.internal.AbstractLoadPlanBuildingAssociationVisitationStrategy - << Finishing up attribute : Attribute(name=quantity, type=integer [non-identifier])
17:59:18.391 [main] DEBUG org.hibernate.persister.walking.spi.MetamodelGraphWalker - Visiting attribute path : tPackage
17:59:18.391 [main] TRACE org.hibernate.loader.plan.build.internal.AbstractLoadPlanBuildingAssociationVisitationStrategy - >> Starting attribute Attribute(name=tPackage, type=integer [non-identifier])
17:59:18.391 [main] TRACE org.hibernate.loader.plan.build.internal.AbstractLoadPlanBuildingAssociationVisitationStrategy - << Finishing up attribute : Attribute(name=tPackage, type=integer [non-identifier])
17:59:18.391 [main] TRACE org.hibernate.loader.plan.build.internal.AbstractLoadPlanBuildingAssociationVisitationStrategy - Popped fetch owner from stack : org.hibernate.loader.plan.build.internal.returns.EntityReturnImpl@7af3874e
17:59:18.391 [main] TRACE org.hibernate.loader.plan.build.internal.AbstractLoadPlanBuildingAssociationVisitationStrategy -  Finished root entity : com.soft.entity.TransistorEntity
17:59:18.391 [main] DEBUG org.hibernate.loader.plan.build.internal.FetchStyleLoadPlanBuildingAssociationVisitationStrategy - Building LoadPlan...
17:59:18.392 [main] DEBUG org.hibernate.loader.plan.exec.internal.LoadQueryJoinAndFetchProcessor - processing queryspace <gen:0>
17:59:18.392 [main] DEBUG org.hibernate.loader.plan.build.spi.LoadPlanTreePrinter - LoadPlan(entity=com.soft.entity.TransistorEntity)
    - Returns
       - EntityReturnImpl(entity=com.soft.entity.TransistorEntity, querySpaceUid=<gen:0>, path=com.soft.entity.TransistorEntity)
    - QuerySpaces
       - EntityQuerySpaceImpl(uid=<gen:0>, entity=com.soft.entity.TransistorEntity)
          - SQL table alias mapping - transistor0_
          - alias suffix - 0_
          - suffixed key columns - {transist1_5_0_}

17:59:18.393 [main] DEBUG org.hibernate.loader.entity.plan.EntityLoader - Static select for entity com.soft.entity.TransistorEntity [FORCE]: select transistor0_.transistor_id as transist1_5_0_, transistor0_.category as category2_5_0_, transistor0_.conductunce_type as conductu3_5_0_, transistor0_.description as descript4_5_0_, transistor0_.gain as gain5_5_0_, transistor0_.max_current as max_curr6_5_0_, transistor0_.max_current_unit as max_curr7_5_0_, transistor0_.name as name8_5_0_, transistor0_.photo as photo9_5_0_, transistor0_.price as price10_5_0_, transistor0_.producer as produce11_5_0_, transistor0_.quantity as quantit12_5_0_, transistor0_.package as package13_5_0_ from transistor transistor0_ where transistor0_.transistor_id=? for update
17:59:18.393 [main] TRACE org.hibernate.loader.plan.build.internal.AbstractLoadPlanBuildingAssociationVisitationStrategy -  Starting root entity : com.soft.entity.TransistorEntity
17:59:18.393 [main] DEBUG org.hibernate.loader.plan.build.internal.spaces.QuerySpacesImpl - Adding QuerySpace : uid = <gen:0> -> org.hibernate.loader.plan.build.internal.spaces.EntityQuerySpaceImpl@5a8816cc]
17:59:18.393 [main] TRACE org.hibernate.loader.plan.build.internal.AbstractLoadPlanBuildingAssociationVisitationStrategy - Pushing fetch source to stack : org.hibernate.loader.plan.build.internal.returns.EntityReturnImpl@68565bc7
17:59:18.393 [main] TRACE org.hibernate.loader.plan.build.internal.AbstractLoadPlanBuildingAssociationVisitationStrategy - .. Registering AssociationKey : AssociationKey(table=transistor, columns={transistor_id}) -> org.hibernate.loader.plan.build.internal.returns.EntityReturnImpl@68565bc7
17:59:18.393 [main] TRACE org.hibernate.loader.plan.build.internal.AbstractLoadPlanBuildingAssociationVisitationStrategy - >> Starting entity identifier : com.soft.entity.TransistorEntity
17:59:18.393 [main] DEBUG org.hibernate.persister.walking.spi.MetamodelGraphWalker - Visiting attribute path : category
17:59:18.393 [main] TRACE org.hibernate.loader.plan.build.internal.AbstractLoadPlanBuildingAssociationVisitationStrategy - >> Starting attribute Attribute(name=category, type=integer [non-identifier])
17:59:18.393 [main] TRACE org.hibernate.loader.plan.build.internal.AbstractLoadPlanBuildingAssociationVisitationStrategy - << Finishing up attribute : Attribute(name=category, type=integer [non-identifier])
17:59:18.393 [main] DEBUG org.hibernate.persister.walking.spi.MetamodelGraphWalker - Visiting attribute path : conductanceType
17:59:18.393 [main] TRACE org.hibernate.loader.plan.build.internal.AbstractLoadPlanBuildingAssociationVisitationStrategy - >> Starting attribute Attribute(name=conductanceType, type=string [non-identifier])
17:59:18.393 [main] TRACE org.hibernate.loader.plan.build.internal.AbstractLoadPlanBuildingAssociationVisitationStrategy - << Finishing up attribute : Attribute(name=conductanceType, type=string [non-identifier])
17:59:18.393 [main] DEBUG org.hibernate.persister.walking.spi.MetamodelGraphWalker - Visiting attribute path : description
17:59:18.393 [main] TRACE org.hibernate.loader.plan.build.internal.AbstractLoadPlanBuildingAssociationVisitationStrategy - >> Starting attribute Attribute(name=description, type=string [non-identifier])
17:59:18.393 [main] TRACE org.hibernate.loader.plan.build.internal.AbstractLoadPlanBuildingAssociationVisitationStrategy - << Finishing up attribute : Attribute(name=description, type=string [non-identifier])
17:59:18.393 [main] DEBUG org.hibernate.persister.walking.spi.MetamodelGraphWalker - Visiting attribute path : gain
17:59:18.393 [main] TRACE org.hibernate.loader.plan.build.internal.AbstractLoadPlanBuildingAssociationVisitationStrategy - >> Starting attribute Attribute(name=gain, type=double [non-identifier])
17:59:18.393 [main] TRACE org.hibernate.loader.plan.build.internal.AbstractLoadPlanBuildingAssociationVisitationStrategy - << Finishing up attribute : Attribute(name=gain, type=double [non-identifier])
17:59:18.393 [main] DEBUG org.hibernate.persister.walking.spi.MetamodelGraphWalker - Visiting attribute path : maxCurrent
17:59:18.393 [main] TRACE org.hibernate.loader.plan.build.internal.AbstractLoadPlanBuildingAssociationVisitationStrategy - >> Starting attribute Attribute(name=maxCurrent, type=double [non-identifier])
17:59:18.393 [main] TRACE org.hibernate.loader.plan.build.internal.AbstractLoadPlanBuildingAssociationVisitationStrategy - << Finishing up attribute : Attribute(name=maxCurrent, type=double [non-identifier])
17:59:18.393 [main] DEBUG org.hibernate.persister.walking.spi.MetamodelGraphWalker - Visiting attribute path : maxCurrentUnit
17:59:18.393 [main] TRACE org.hibernate.loader.plan.build.internal.AbstractLoadPlanBuildingAssociationVisitationStrategy - >> Starting attribute Attribute(name=maxCurrentUnit, type=integer [non-identifier])
17:59:18.393 [main] TRACE org.hibernate.loader.plan.build.internal.AbstractLoadPlanBuildingAssociationVisitationStrategy - << Finishing up attribute : Attribute(name=maxCurrentUnit, type=integer [non-identifier])
17:59:18.393 [main] DEBUG org.hibernate.persister.walking.spi.MetamodelGraphWalker - Visiting attribute path : name
17:59:18.393 [main] TRACE org.hibernate.loader.plan.build.internal.AbstractLoadPlanBuildingAssociationVisitationStrategy - >> Starting attribute Attribute(name=name, type=string [non-identifier])
17:59:18.393 [main] TRACE org.hibernate.loader.plan.build.internal.AbstractLoadPlanBuildingAssociationVisitationStrategy - << Finishing up attribute : Attribute(name=name, type=string [non-identifier])
17:59:18.393 [main] DEBUG org.hibernate.persister.walking.spi.MetamodelGraphWalker - Visiting attribute path : photo
17:59:18.393 [main] TRACE org.hibernate.loader.plan.build.internal.AbstractLoadPlanBuildingAssociationVisitationStrategy - >> Starting attribute Attribute(name=photo, type=binary [non-identifier])
17:59:18.393 [main] TRACE org.hibernate.loader.plan.build.internal.AbstractLoadPlanBuildingAssociationVisitationStrategy - << Finishing up attribute : Attribute(name=photo, type=binary [non-identifier])
17:59:18.393 [main] DEBUG org.hibernate.persister.walking.spi.MetamodelGraphWalker - Visiting attribute path : price
17:59:18.393 [main] TRACE org.hibernate.loader.plan.build.internal.AbstractLoadPlanBuildingAssociationVisitationStrategy - >> Starting attribute Attribute(name=price, type=double [non-identifier])
17:59:18.393 [main] TRACE org.hibernate.loader.plan.build.internal.AbstractLoadPlanBuildingAssociationVisitationStrategy - << Finishing up attribute : Attribute(name=price, type=double [non-identifier])
17:59:18.393 [main] DEBUG org.hibernate.persister.walking.spi.MetamodelGraphWalker - Visiting attribute path : producer
17:59:18.393 [main] TRACE org.hibernate.loader.plan.build.internal.AbstractLoadPlanBuildingAssociationVisitationStrategy - >> Starting attribute Attribute(name=producer, type=integer [non-identifier])
17:59:18.393 [main] TRACE org.hibernate.loader.plan.build.internal.AbstractLoadPlanBuildingAssociationVisitationStrategy - << Finishing up attribute : Attribute(name=producer, type=integer [non-identifier])
17:59:18.393 [main] DEBUG org.hibernate.persister.walking.spi.MetamodelGraphWalker - Visiting attribute path : quantity
17:59:18.394 [main] TRACE org.hibernate.loader.plan.build.internal.AbstractLoadPlanBuildingAssociationVisitationStrategy - >> Starting attribute Attribute(name=quantity, type=integer [non-identifier])
17:59:18.394 [main] TRACE org.hibernate.loader.plan.build.internal.AbstractLoadPlanBuildingAssociationVisitationStrategy - << Finishing up attribute : Attribute(name=quantity, type=integer [non-identifier])
17:59:18.394 [main] DEBUG org.hibernate.persister.walking.spi.MetamodelGraphWalker - Visiting attribute path : tPackage
17:59:18.394 [main] TRACE org.hibernate.loader.plan.build.internal.AbstractLoadPlanBuildingAssociationVisitationStrategy - >> Starting attribute Attribute(name=tPackage, type=integer [non-identifier])
17:59:18.394 [main] TRACE org.hibernate.loader.plan.build.internal.AbstractLoadPlanBuildingAssociationVisitationStrategy - << Finishing up attribute : Attribute(name=tPackage, type=integer [non-identifier])
17:59:18.394 [main] TRACE org.hibernate.loader.plan.build.internal.AbstractLoadPlanBuildingAssociationVisitationStrategy - Popped fetch owner from stack : org.hibernate.loader.plan.build.internal.returns.EntityReturnImpl@68565bc7
17:59:18.394 [main] TRACE org.hibernate.loader.plan.build.internal.AbstractLoadPlanBuildingAssociationVisitationStrategy -  Finished root entity : com.soft.entity.TransistorEntity
17:59:18.394 [main] DEBUG org.hibernate.loader.plan.build.internal.FetchStyleLoadPlanBuildingAssociationVisitationStrategy - Building LoadPlan...
17:59:18.394 [main] DEBUG org.hibernate.loader.plan.exec.internal.LoadQueryJoinAndFetchProcessor - processing queryspace <gen:0>
17:59:18.394 [main] DEBUG org.hibernate.loader.plan.build.spi.LoadPlanTreePrinter - LoadPlan(entity=com.soft.entity.TransistorEntity)
    - Returns
       - EntityReturnImpl(entity=com.soft.entity.TransistorEntity, querySpaceUid=<gen:0>, path=com.soft.entity.TransistorEntity)
    - QuerySpaces
       - EntityQuerySpaceImpl(uid=<gen:0>, entity=com.soft.entity.TransistorEntity)
          - SQL table alias mapping - transistor0_
          - alias suffix - 0_
          - suffixed key columns - {transist1_5_0_}

17:59:18.394 [main] DEBUG org.hibernate.loader.entity.plan.EntityLoader - Static select for entity com.soft.entity.TransistorEntity [PESSIMISTIC_READ]: select transistor0_.transistor_id as transist1_5_0_, transistor0_.category as category2_5_0_, transistor0_.conductunce_type as conductu3_5_0_, transistor0_.description as descript4_5_0_, transistor0_.gain as gain5_5_0_, transistor0_.max_current as max_curr6_5_0_, transistor0_.max_current_unit as max_curr7_5_0_, transistor0_.name as name8_5_0_, transistor0_.photo as photo9_5_0_, transistor0_.price as price10_5_0_, transistor0_.producer as produce11_5_0_, transistor0_.quantity as quantit12_5_0_, transistor0_.package as package13_5_0_ from transistor transistor0_ where transistor0_.transistor_id=? lock in share mode
17:59:18.394 [main] TRACE org.hibernate.loader.plan.build.internal.AbstractLoadPlanBuildingAssociationVisitationStrategy -  Starting root entity : com.soft.entity.TransistorEntity
17:59:18.394 [main] DEBUG org.hibernate.loader.plan.build.internal.spaces.QuerySpacesImpl - Adding QuerySpace : uid = <gen:0> -> org.hibernate.loader.plan.build.internal.spaces.EntityQuerySpaceImpl@37baddde]
17:59:18.394 [main] TRACE org.hibernate.loader.plan.build.internal.AbstractLoadPlanBuildingAssociationVisitationStrategy - Pushing fetch source to stack : org.hibernate.loader.plan.build.internal.returns.EntityReturnImpl@5115f590
17:59:18.394 [main] TRACE org.hibernate.loader.plan.build.internal.AbstractLoadPlanBuildingAssociationVisitationStrategy - .. Registering AssociationKey : AssociationKey(table=transistor, columns={transistor_id}) -> org.hibernate.loader.plan.build.internal.returns.EntityReturnImpl@5115f590
17:59:18.394 [main] TRACE org.hibernate.loader.plan.build.internal.AbstractLoadPlanBuildingAssociationVisitationStrategy - >> Starting entity identifier : com.soft.entity.TransistorEntity
17:59:18.394 [main] DEBUG org.hibernate.persister.walking.spi.MetamodelGraphWalker - Visiting attribute path : category
17:59:18.394 [main] TRACE org.hibernate.loader.plan.build.internal.AbstractLoadPlanBuildingAssociationVisitationStrategy - >> Starting attribute Attribute(name=category, type=integer [non-identifier])
17:59:18.394 [main] TRACE org.hibernate.loader.plan.build.internal.AbstractLoadPlanBuildingAssociationVisitationStrategy - << Finishing up attribute : Attribute(name=category, type=integer [non-identifier])
17:59:18.394 [main] DEBUG org.hibernate.persister.walking.spi.MetamodelGraphWalker - Visiting attribute path : conductanceType
17:59:18.394 [main] TRACE org.hibernate.loader.plan.build.internal.AbstractLoadPlanBuildingAssociationVisitationStrategy - >> Starting attribute Attribute(name=conductanceType, type=string [non-identifier])
17:59:18.394 [main] TRACE org.hibernate.loader.plan.build.internal.AbstractLoadPlanBuildingAssociationVisitationStrategy - << Finishing up attribute : Attribute(name=conductanceType, type=string [non-identifier])
17:59:18.394 [main] DEBUG org.hibernate.persister.walking.spi.MetamodelGraphWalker - Visiting attribute path : description
17:59:18.394 [main] TRACE org.hibernate.loader.plan.build.internal.AbstractLoadPlanBuildingAssociationVisitationStrategy - >> Starting attribute Attribute(name=description, type=string [non-identifier])
17:59:18.394 [main] TRACE org.hibernate.loader.plan.build.internal.AbstractLoadPlanBuildingAssociationVisitationStrategy - << Finishing up attribute : Attribute(name=description, type=string [non-identifier])
17:59:18.394 [main] DEBUG org.hibernate.persister.walking.spi.MetamodelGraphWalker - Visiting attribute path : gain
17:59:18.395 [main] TRACE org.hibernate.loader.plan.build.internal.AbstractLoadPlanBuildingAssociationVisitationStrategy - >> Starting attribute Attribute(name=gain, type=double [non-identifier])
17:59:18.395 [main] TRACE org.hibernate.loader.plan.build.internal.AbstractLoadPlanBuildingAssociationVisitationStrategy - << Finishing up attribute : Attribute(name=gain, type=double [non-identifier])
17:59:18.395 [main] DEBUG org.hibernate.persister.walking.spi.MetamodelGraphWalker - Visiting attribute path : maxCurrent
17:59:18.395 [main] TRACE org.hibernate.loader.plan.build.internal.AbstractLoadPlanBuildingAssociationVisitationStrategy - >> Starting attribute Attribute(name=maxCurrent, type=double [non-identifier])
17:59:18.395 [main] TRACE org.hibernate.loader.plan.build.internal.AbstractLoadPlanBuildingAssociationVisitationStrategy - << Finishing up attribute : Attribute(name=maxCurrent, type=double [non-identifier])
17:59:18.395 [main] DEBUG org.hibernate.persister.walking.spi.MetamodelGraphWalker - Visiting attribute path : maxCurrentUnit
17:59:18.395 [main] TRACE org.hibernate.loader.plan.build.internal.AbstractLoadPlanBuildingAssociationVisitationStrategy - >> Starting attribute Attribute(name=maxCurrentUnit, type=integer [non-identifier])
17:59:18.395 [main] TRACE org.hibernate.loader.plan.build.internal.AbstractLoadPlanBuildingAssociationVisitationStrategy - << Finishing up attribute : Attribute(name=maxCurrentUnit, type=integer [non-identifier])
17:59:18.396 [main] DEBUG org.hibernate.persister.walking.spi.MetamodelGraphWalker - Visiting attribute path : name
17:59:18.396 [main] TRACE org.hibernate.loader.plan.build.internal.AbstractLoadPlanBuildingAssociationVisitationStrategy - >> Starting attribute Attribute(name=name, type=string [non-identifier])
17:59:18.396 [main] TRACE org.hibernate.loader.plan.build.internal.AbstractLoadPlanBuildingAssociationVisitationStrategy - << Finishing up attribute : Attribute(name=name, type=string [non-identifier])
17:59:18.396 [main] DEBUG org.hibernate.persister.walking.spi.MetamodelGraphWalker - Visiting attribute path : photo
17:59:18.396 [main] TRACE org.hibernate.loader.plan.build.internal.AbstractLoadPlanBuildingAssociationVisitationStrategy - >> Starting attribute Attribute(name=photo, type=binary [non-identifier])
17:59:18.396 [main] TRACE org.hibernate.loader.plan.build.internal.AbstractLoadPlanBuildingAssociationVisitationStrategy - << Finishing up attribute : Attribute(name=photo, type=binary [non-identifier])
17:59:18.396 [main] DEBUG org.hibernate.persister.walking.spi.MetamodelGraphWalker - Visiting attribute path : price
17:59:18.396 [main] TRACE org.hibernate.loader.plan.build.internal.AbstractLoadPlanBuildingAssociationVisitationStrategy - >> Starting attribute Attribute(name=price, type=double [non-identifier])
17:59:18.397 [main] TRACE org.hibernate.loader.plan.build.internal.AbstractLoadPlanBuildingAssociationVisitationStrategy - << Finishing up attribute : Attribute(name=price, type=double [non-identifier])
17:59:18.397 [main] DEBUG org.hibernate.persister.walking.spi.MetamodelGraphWalker - Visiting attribute path : producer
17:59:18.397 [main] TRACE org.hibernate.loader.plan.build.internal.AbstractLoadPlanBuildingAssociationVisitationStrategy - >> Starting attribute Attribute(name=producer, type=integer [non-identifier])
17:59:18.397 [main] TRACE org.hibernate.loader.plan.build.internal.AbstractLoadPlanBuildingAssociationVisitationStrategy - << Finishing up attribute : Attribute(name=producer, type=integer [non-identifier])
17:59:18.397 [main] DEBUG org.hibernate.persister.walking.spi.MetamodelGraphWalker - Visiting attribute path : quantity
17:59:18.397 [main] TRACE org.hibernate.loader.plan.build.internal.AbstractLoadPlanBuildingAssociationVisitationStrategy - >> Starting attribute Attribute(name=quantity, type=integer [non-identifier])
17:59:18.397 [main] TRACE org.hibernate.loader.plan.build.internal.AbstractLoadPlanBuildingAssociationVisitationStrategy - << Finishing up attribute : Attribute(name=quantity, type=integer [non-identifier])
17:59:18.397 [main] DEBUG org.hibernate.persister.walking.spi.MetamodelGraphWalker - Visiting attribute path : tPackage
17:59:18.397 [main] TRACE org.hibernate.loader.plan.build.internal.AbstractLoadPlanBuildingAssociationVisitationStrategy - >> Starting attribute Attribute(name=tPackage, type=integer [non-identifier])
17:59:18.397 [main] TRACE org.hibernate.loader.plan.build.internal.AbstractLoadPlanBuildingAssociationVisitationStrategy - << Finishing up attribute : Attribute(name=tPackage, type=integer [non-identifier])
17:59:18.397 [main] TRACE org.hibernate.loader.plan.build.internal.AbstractLoadPlanBuildingAssociationVisitationStrategy - Popped fetch owner from stack : org.hibernate.loader.plan.build.internal.returns.EntityReturnImpl@5115f590
17:59:18.397 [main] TRACE org.hibernate.loader.plan.build.internal.AbstractLoadPlanBuildingAssociationVisitationStrategy -  Finished root entity : com.soft.entity.TransistorEntity
17:59:18.397 [main] DEBUG org.hibernate.loader.plan.build.internal.FetchStyleLoadPlanBuildingAssociationVisitationStrategy - Building LoadPlan...
17:59:18.397 [main] DEBUG org.hibernate.loader.plan.exec.internal.LoadQueryJoinAndFetchProcessor - processing queryspace <gen:0>
17:59:18.397 [main] DEBUG org.hibernate.loader.plan.build.spi.LoadPlanTreePrinter - LoadPlan(entity=com.soft.entity.TransistorEntity)
    - Returns
       - EntityReturnImpl(entity=com.soft.entity.TransistorEntity, querySpaceUid=<gen:0>, path=com.soft.entity.TransistorEntity)
    - QuerySpaces
       - EntityQuerySpaceImpl(uid=<gen:0>, entity=com.soft.entity.TransistorEntity)
          - SQL table alias mapping - transistor0_
          - alias suffix - 0_
          - suffixed key columns - {transist1_5_0_}

17:59:18.397 [main] DEBUG org.hibernate.loader.entity.plan.EntityLoader - Static select for entity com.soft.entity.TransistorEntity [PESSIMISTIC_WRITE]: select transistor0_.transistor_id as transist1_5_0_, transistor0_.category as category2_5_0_, transistor0_.conductunce_type as conductu3_5_0_, transistor0_.description as descript4_5_0_, transistor0_.gain as gain5_5_0_, transistor0_.max_current as max_curr6_5_0_, transistor0_.max_current_unit as max_curr7_5_0_, transistor0_.name as name8_5_0_, transistor0_.photo as photo9_5_0_, transistor0_.price as price10_5_0_, transistor0_.producer as produce11_5_0_, transistor0_.quantity as quantit12_5_0_, transistor0_.package as package13_5_0_ from transistor transistor0_ where transistor0_.transistor_id=? for update
17:59:18.397 [main] TRACE org.hibernate.loader.plan.build.internal.AbstractLoadPlanBuildingAssociationVisitationStrategy -  Starting root entity : com.soft.entity.TransistorEntity
17:59:18.397 [main] DEBUG org.hibernate.loader.plan.build.internal.spaces.QuerySpacesImpl - Adding QuerySpace : uid = <gen:0> -> org.hibernate.loader.plan.build.internal.spaces.EntityQuerySpaceImpl@4b31a708]
17:59:18.397 [main] TRACE org.hibernate.loader.plan.build.internal.AbstractLoadPlanBuildingAssociationVisitationStrategy - Pushing fetch source to stack : org.hibernate.loader.plan.build.internal.returns.EntityReturnImpl@11e355ca
17:59:18.397 [main] TRACE org.hibernate.loader.plan.build.internal.AbstractLoadPlanBuildingAssociationVisitationStrategy - .. Registering AssociationKey : AssociationKey(table=transistor, columns={transistor_id}) -> org.hibernate.loader.plan.build.internal.returns.EntityReturnImpl@11e355ca
17:59:18.397 [main] TRACE org.hibernate.loader.plan.build.internal.AbstractLoadPlanBuildingAssociationVisitationStrategy - >> Starting entity identifier : com.soft.entity.TransistorEntity
17:59:18.397 [main] DEBUG org.hibernate.persister.walking.spi.MetamodelGraphWalker - Visiting attribute path : category
17:59:18.397 [main] TRACE org.hibernate.loader.plan.build.internal.AbstractLoadPlanBuildingAssociationVisitationStrategy - >> Starting attribute Attribute(name=category, type=integer [non-identifier])
17:59:18.397 [main] TRACE org.hibernate.loader.plan.build.internal.AbstractLoadPlanBuildingAssociationVisitationStrategy - << Finishing up attribute : Attribute(name=category, type=integer [non-identifier])
17:59:18.397 [main] DEBUG org.hibernate.persister.walking.spi.MetamodelGraphWalker - Visiting attribute path : conductanceType
17:59:18.397 [main] TRACE org.hibernate.loader.plan.build.internal.AbstractLoadPlanBuildingAssociationVisitationStrategy - >> Starting attribute Attribute(name=conductanceType, type=string [non-identifier])
17:59:18.398 [main] TRACE org.hibernate.loader.plan.build.internal.AbstractLoadPlanBuildingAssociationVisitationStrategy - << Finishing up attribute : Attribute(name=conductanceType, type=string [non-identifier])
17:59:18.398 [main] DEBUG org.hibernate.persister.walking.spi.MetamodelGraphWalker - Visiting attribute path : description
17:59:18.398 [main] TRACE org.hibernate.loader.plan.build.internal.AbstractLoadPlanBuildingAssociationVisitationStrategy - >> Starting attribute Attribute(name=description, type=string [non-identifier])
17:59:18.398 [main] TRACE org.hibernate.loader.plan.build.internal.AbstractLoadPlanBuildingAssociationVisitationStrategy - << Finishing up attribute : Attribute(name=description, type=string [non-identifier])
17:59:18.398 [main] DEBUG org.hibernate.persister.walking.spi.MetamodelGraphWalker - Visiting attribute path : gain
17:59:18.398 [main] TRACE org.hibernate.loader.plan.build.internal.AbstractLoadPlanBuildingAssociationVisitationStrategy - >> Starting attribute Attribute(name=gain, type=double [non-identifier])
17:59:18.398 [main] TRACE org.hibernate.loader.plan.build.internal.AbstractLoadPlanBuildingAssociationVisitationStrategy - << Finishing up attribute : Attribute(name=gain, type=double [non-identifier])
17:59:18.398 [main] DEBUG org.hibernate.persister.walking.spi.MetamodelGraphWalker - Visiting attribute path : maxCurrent
17:59:18.398 [main] TRACE org.hibernate.loader.plan.build.internal.AbstractLoadPlanBuildingAssociationVisitationStrategy - >> Starting attribute Attribute(name=maxCurrent, type=double [non-identifier])
17:59:18.398 [main] TRACE org.hibernate.loader.plan.build.internal.AbstractLoadPlanBuildingAssociationVisitationStrategy - << Finishing up attribute : Attribute(name=maxCurrent, type=double [non-identifier])
17:59:18.398 [main] DEBUG org.hibernate.persister.walking.spi.MetamodelGraphWalker - Visiting attribute path : maxCurrentUnit
17:59:18.398 [main] TRACE org.hibernate.loader.plan.build.internal.AbstractLoadPlanBuildingAssociationVisitationStrategy - >> Starting attribute Attribute(name=maxCurrentUnit, type=integer [non-identifier])
17:59:18.398 [main] TRACE org.hibernate.loader.plan.build.internal.AbstractLoadPlanBuildingAssociationVisitationStrategy - << Finishing up attribute : Attribute(name=maxCurrentUnit, type=integer [non-identifier])
17:59:18.398 [main] DEBUG org.hibernate.persister.walking.spi.MetamodelGraphWalker - Visiting attribute path : name
17:59:18.398 [main] TRACE org.hibernate.loader.plan.build.internal.AbstractLoadPlanBuildingAssociationVisitationStrategy - >> Starting attribute Attribute(name=name, type=string [non-identifier])
17:59:18.398 [main] TRACE org.hibernate.loader.plan.build.internal.AbstractLoadPlanBuildingAssociationVisitationStrategy - << Finishing up attribute : Attribute(name=name, type=string [non-identifier])
17:59:18.398 [main] DEBUG org.hibernate.persister.walking.spi.MetamodelGraphWalker - Visiting attribute path : photo
17:59:18.398 [main] TRACE org.hibernate.loader.plan.build.internal.AbstractLoadPlanBuildingAssociationVisitationStrategy - >> Starting attribute Attribute(name=photo, type=binary [non-identifier])
17:59:18.398 [main] TRACE org.hibernate.loader.plan.build.internal.AbstractLoadPlanBuildingAssociationVisitationStrategy - << Finishing up attribute : Attribute(name=photo, type=binary [non-identifier])
17:59:18.398 [main] DEBUG org.hibernate.persister.walking.spi.MetamodelGraphWalker - Visiting attribute path : price
17:59:18.398 [main] TRACE org.hibernate.loader.plan.build.internal.AbstractLoadPlanBuildingAssociationVisitationStrategy - >> Starting attribute Attribute(name=price, type=double [non-identifier])
17:59:18.398 [main] TRACE org.hibernate.loader.plan.build.internal.AbstractLoadPlanBuildingAssociationVisitationStrategy - << Finishing up attribute : Attribute(name=price, type=double [non-identifier])
17:59:18.398 [main] DEBUG org.hibernate.persister.walking.spi.MetamodelGraphWalker - Visiting attribute path : producer
17:59:18.398 [main] TRACE org.hibernate.loader.plan.build.internal.AbstractLoadPlanBuildingAssociationVisitationStrategy - >> Starting attribute Attribute(name=producer, type=integer [non-identifier])
17:59:18.398 [main] TRACE org.hibernate.loader.plan.build.internal.AbstractLoadPlanBuildingAssociationVisitationStrategy - << Finishing up attribute : Attribute(name=producer, type=integer [non-identifier])
17:59:18.398 [main] DEBUG org.hibernate.persister.walking.spi.MetamodelGraphWalker - Visiting attribute path : quantity
17:59:18.398 [main] TRACE org.hibernate.loader.plan.build.internal.AbstractLoadPlanBuildingAssociationVisitationStrategy - >> Starting attribute Attribute(name=quantity, type=integer [non-identifier])
17:59:18.398 [main] TRACE org.hibernate.loader.plan.build.internal.AbstractLoadPlanBuildingAssociationVisitationStrategy - << Finishing up attribute : Attribute(name=quantity, type=integer [non-identifier])
17:59:18.398 [main] DEBUG org.hibernate.persister.walking.spi.MetamodelGraphWalker - Visiting attribute path : tPackage
17:59:18.398 [main] TRACE org.hibernate.loader.plan.build.internal.AbstractLoadPlanBuildingAssociationVisitationStrategy - >> Starting attribute Attribute(name=tPackage, type=integer [non-identifier])
17:59:18.398 [main] TRACE org.hibernate.loader.plan.build.internal.AbstractLoadPlanBuildingAssociationVisitationStrategy - << Finishing up attribute : Attribute(name=tPackage, type=integer [non-identifier])
17:59:18.398 [main] TRACE org.hibernate.loader.plan.build.internal.AbstractLoadPlanBuildingAssociationVisitationStrategy - Popped fetch owner from stack : org.hibernate.loader.plan.build.internal.returns.EntityReturnImpl@11e355ca
17:59:18.398 [main] TRACE org.hibernate.loader.plan.build.internal.AbstractLoadPlanBuildingAssociationVisitationStrategy -  Finished root entity : com.soft.entity.TransistorEntity
17:59:18.398 [main] DEBUG org.hibernate.loader.plan.build.internal.FetchStyleLoadPlanBuildingAssociationVisitationStrategy - Building LoadPlan...
17:59:18.398 [main] DEBUG org.hibernate.loader.plan.exec.internal.LoadQueryJoinAndFetchProcessor - processing queryspace <gen:0>
17:59:18.399 [main] DEBUG org.hibernate.loader.plan.build.spi.LoadPlanTreePrinter - LoadPlan(entity=com.soft.entity.TransistorEntity)
    - Returns
       - EntityReturnImpl(entity=com.soft.entity.TransistorEntity, querySpaceUid=<gen:0>, path=com.soft.entity.TransistorEntity)
    - QuerySpaces
       - EntityQuerySpaceImpl(uid=<gen:0>, entity=com.soft.entity.TransistorEntity)
          - SQL table alias mapping - transistor0_
          - alias suffix - 0_
          - suffixed key columns - {transist1_5_0_}

17:59:18.399 [main] DEBUG org.hibernate.loader.entity.plan.EntityLoader - Static select for entity com.soft.entity.TransistorEntity [PESSIMISTIC_FORCE_INCREMENT]: select transistor0_.transistor_id as transist1_5_0_, transistor0_.category as category2_5_0_, transistor0_.conductunce_type as conductu3_5_0_, transistor0_.description as descript4_5_0_, transistor0_.gain as gain5_5_0_, transistor0_.max_current as max_curr6_5_0_, transistor0_.max_current_unit as max_curr7_5_0_, transistor0_.name as name8_5_0_, transistor0_.photo as photo9_5_0_, transistor0_.price as price10_5_0_, transistor0_.producer as produce11_5_0_, transistor0_.quantity as quantit12_5_0_, transistor0_.package as package13_5_0_ from transistor transistor0_ where transistor0_.transistor_id=? for update
17:59:18.399 [main] TRACE org.hibernate.loader.plan.build.internal.AbstractLoadPlanBuildingAssociationVisitationStrategy -  Starting root entity : com.soft.entity.TransistorEntity
17:59:18.399 [main] DEBUG org.hibernate.loader.plan.build.internal.spaces.QuerySpacesImpl - Adding QuerySpace : uid = <gen:0> -> org.hibernate.loader.plan.build.internal.spaces.EntityQuerySpaceImpl@70d63e05]
17:59:18.399 [main] TRACE org.hibernate.loader.plan.build.internal.AbstractLoadPlanBuildingAssociationVisitationStrategy - Pushing fetch source to stack : org.hibernate.loader.plan.build.internal.returns.EntityReturnImpl@e11ecfa
17:59:18.399 [main] TRACE org.hibernate.loader.plan.build.internal.AbstractLoadPlanBuildingAssociationVisitationStrategy - .. Registering AssociationKey : AssociationKey(table=transistor, columns={transistor_id}) -> org.hibernate.loader.plan.build.internal.returns.EntityReturnImpl@e11ecfa
17:59:18.399 [main] TRACE org.hibernate.loader.plan.build.internal.AbstractLoadPlanBuildingAssociationVisitationStrategy - >> Starting entity identifier : com.soft.entity.TransistorEntity
17:59:18.399 [main] DEBUG org.hibernate.persister.walking.spi.MetamodelGraphWalker - Visiting attribute path : category
17:59:18.399 [main] TRACE org.hibernate.loader.plan.build.internal.AbstractLoadPlanBuildingAssociationVisitationStrategy - >> Starting attribute Attribute(name=category, type=integer [non-identifier])
17:59:18.400 [main] TRACE org.hibernate.loader.plan.build.internal.AbstractLoadPlanBuildingAssociationVisitationStrategy - << Finishing up attribute : Attribute(name=category, type=integer [non-identifier])
17:59:18.400 [main] DEBUG org.hibernate.persister.walking.spi.MetamodelGraphWalker - Visiting attribute path : conductanceType
17:59:18.400 [main] TRACE org.hibernate.loader.plan.build.internal.AbstractLoadPlanBuildingAssociationVisitationStrategy - >> Starting attribute Attribute(name=conductanceType, type=string [non-identifier])
17:59:18.400 [main] TRACE org.hibernate.loader.plan.build.internal.AbstractLoadPlanBuildingAssociationVisitationStrategy - << Finishing up attribute : Attribute(name=conductanceType, type=string [non-identifier])
17:59:18.400 [main] DEBUG org.hibernate.persister.walking.spi.MetamodelGraphWalker - Visiting attribute path : description
17:59:18.400 [main] TRACE org.hibernate.loader.plan.build.internal.AbstractLoadPlanBuildingAssociationVisitationStrategy - >> Starting attribute Attribute(name=description, type=string [non-identifier])
17:59:18.400 [main] TRACE org.hibernate.loader.plan.build.internal.AbstractLoadPlanBuildingAssociationVisitationStrategy - << Finishing up attribute : Attribute(name=description, type=string [non-identifier])
17:59:18.400 [main] DEBUG org.hibernate.persister.walking.spi.MetamodelGraphWalker - Visiting attribute path : gain
17:59:18.400 [main] TRACE org.hibernate.loader.plan.build.internal.AbstractLoadPlanBuildingAssociationVisitationStrategy - >> Starting attribute Attribute(name=gain, type=double [non-identifier])
17:59:18.400 [main] TRACE org.hibernate.loader.plan.build.internal.AbstractLoadPlanBuildingAssociationVisitationStrategy - << Finishing up attribute : Attribute(name=gain, type=double [non-identifier])
17:59:18.400 [main] DEBUG org.hibernate.persister.walking.spi.MetamodelGraphWalker - Visiting attribute path : maxCurrent
17:59:18.400 [main] TRACE org.hibernate.loader.plan.build.internal.AbstractLoadPlanBuildingAssociationVisitationStrategy - >> Starting attribute Attribute(name=maxCurrent, type=double [non-identifier])
17:59:18.400 [main] TRACE org.hibernate.loader.plan.build.internal.AbstractLoadPlanBuildingAssociationVisitationStrategy - << Finishing up attribute : Attribute(name=maxCurrent, type=double [non-identifier])
17:59:18.400 [main] DEBUG org.hibernate.persister.walking.spi.MetamodelGraphWalker - Visiting attribute path : maxCurrentUnit
17:59:18.400 [main] TRACE org.hibernate.loader.plan.build.internal.AbstractLoadPlanBuildingAssociationVisitationStrategy - >> Starting attribute Attribute(name=maxCurrentUnit, type=integer [non-identifier])
17:59:18.400 [main] TRACE org.hibernate.loader.plan.build.internal.AbstractLoadPlanBuildingAssociationVisitationStrategy - << Finishing up attribute : Attribute(name=maxCurrentUnit, type=integer [non-identifier])
17:59:18.400 [main] DEBUG org.hibernate.persister.walking.spi.MetamodelGraphWalker - Visiting attribute path : name
17:59:18.400 [main] TRACE org.hibernate.loader.plan.build.internal.AbstractLoadPlanBuildingAssociationVisitationStrategy - >> Starting attribute Attribute(name=name, type=string [non-identifier])
17:59:18.400 [main] TRACE org.hibernate.loader.plan.build.internal.AbstractLoadPlanBuildingAssociationVisitationStrategy - << Finishing up attribute : Attribute(name=name, type=string [non-identifier])
17:59:18.400 [main] DEBUG org.hibernate.persister.walking.spi.MetamodelGraphWalker - Visiting attribute path : photo
17:59:18.400 [main] TRACE org.hibernate.loader.plan.build.internal.AbstractLoadPlanBuildingAssociationVisitationStrategy - >> Starting attribute Attribute(name=photo, type=binary [non-identifier])
17:59:18.400 [main] TRACE org.hibernate.loader.plan.build.internal.AbstractLoadPlanBuildingAssociationVisitationStrategy - << Finishing up attribute : Attribute(name=photo, type=binary [non-identifier])
17:59:18.400 [main] DEBUG org.hibernate.persister.walking.spi.MetamodelGraphWalker - Visiting attribute path : price
17:59:18.400 [main] TRACE org.hibernate.loader.plan.build.internal.AbstractLoadPlanBuildingAssociationVisitationStrategy - >> Starting attribute Attribute(name=price, type=double [non-identifier])
17:59:18.400 [main] TRACE org.hibernate.loader.plan.build.internal.AbstractLoadPlanBuildingAssociationVisitationStrategy - << Finishing up attribute : Attribute(name=price, type=double [non-identifier])
17:59:18.400 [main] DEBUG org.hibernate.persister.walking.spi.MetamodelGraphWalker - Visiting attribute path : producer
17:59:18.400 [main] TRACE org.hibernate.loader.plan.build.internal.AbstractLoadPlanBuildingAssociationVisitationStrategy - >> Starting attribute Attribute(name=producer, type=integer [non-identifier])
17:59:18.400 [main] TRACE org.hibernate.loader.plan.build.internal.AbstractLoadPlanBuildingAssociationVisitationStrategy - << Finishing up attribute : Attribute(name=producer, type=integer [non-identifier])
17:59:18.400 [main] DEBUG org.hibernate.persister.walking.spi.MetamodelGraphWalker - Visiting attribute path : quantity
17:59:18.400 [main] TRACE org.hibernate.loader.plan.build.internal.AbstractLoadPlanBuildingAssociationVisitationStrategy - >> Starting attribute Attribute(name=quantity, type=integer [non-identifier])
17:59:18.400 [main] TRACE org.hibernate.loader.plan.build.internal.AbstractLoadPlanBuildingAssociationVisitationStrategy - << Finishing up attribute : Attribute(name=quantity, type=integer [non-identifier])
17:59:18.400 [main] DEBUG org.hibernate.persister.walking.spi.MetamodelGraphWalker - Visiting attribute path : tPackage
17:59:18.400 [main] TRACE org.hibernate.loader.plan.build.internal.AbstractLoadPlanBuildingAssociationVisitationStrategy - >> Starting attribute Attribute(name=tPackage, type=integer [non-identifier])
17:59:18.400 [main] TRACE org.hibernate.loader.plan.build.internal.AbstractLoadPlanBuildingAssociationVisitationStrategy - << Finishing up attribute : Attribute(name=tPackage, type=integer [non-identifier])
17:59:18.400 [main] TRACE org.hibernate.loader.plan.build.internal.AbstractLoadPlanBuildingAssociationVisitationStrategy - Popped fetch owner from stack : org.hibernate.loader.plan.build.internal.returns.EntityReturnImpl@e11ecfa
17:59:18.400 [main] TRACE org.hibernate.loader.plan.build.internal.AbstractLoadPlanBuildingAssociationVisitationStrategy -  Finished root entity : com.soft.entity.TransistorEntity
17:59:18.401 [main] DEBUG org.hibernate.loader.plan.build.internal.FetchStyleLoadPlanBuildingAssociationVisitationStrategy - Building LoadPlan...
17:59:18.401 [main] DEBUG org.hibernate.loader.plan.exec.internal.LoadQueryJoinAndFetchProcessor - processing queryspace <gen:0>
17:59:18.402 [main] DEBUG org.hibernate.loader.plan.build.spi.LoadPlanTreePrinter - LoadPlan(entity=com.soft.entity.TransistorEntity)
    - Returns
       - EntityReturnImpl(entity=com.soft.entity.TransistorEntity, querySpaceUid=<gen:0>, path=com.soft.entity.TransistorEntity)
    - QuerySpaces
       - EntityQuerySpaceImpl(uid=<gen:0>, entity=com.soft.entity.TransistorEntity)
          - SQL table alias mapping - transistor0_
          - alias suffix - 0_
          - suffixed key columns - {transist1_5_0_}

17:59:18.402 [main] DEBUG org.hibernate.loader.entity.plan.EntityLoader - Static select for entity com.soft.entity.TransistorEntity [OPTIMISTIC]: select transistor0_.transistor_id as transist1_5_0_, transistor0_.category as category2_5_0_, transistor0_.conductunce_type as conductu3_5_0_, transistor0_.description as descript4_5_0_, transistor0_.gain as gain5_5_0_, transistor0_.max_current as max_curr6_5_0_, transistor0_.max_current_unit as max_curr7_5_0_, transistor0_.name as name8_5_0_, transistor0_.photo as photo9_5_0_, transistor0_.price as price10_5_0_, transistor0_.producer as produce11_5_0_, transistor0_.quantity as quantit12_5_0_, transistor0_.package as package13_5_0_ from transistor transistor0_ where transistor0_.transistor_id=?
17:59:18.402 [main] TRACE org.hibernate.loader.plan.build.internal.AbstractLoadPlanBuildingAssociationVisitationStrategy -  Starting root entity : com.soft.entity.TransistorEntity
17:59:18.402 [main] DEBUG org.hibernate.loader.plan.build.internal.spaces.QuerySpacesImpl - Adding QuerySpace : uid = <gen:0> -> org.hibernate.loader.plan.build.internal.spaces.EntityQuerySpaceImpl@485e13d7]
17:59:18.402 [main] TRACE org.hibernate.loader.plan.build.internal.AbstractLoadPlanBuildingAssociationVisitationStrategy - Pushing fetch source to stack : org.hibernate.loader.plan.build.internal.returns.EntityReturnImpl@43984213
17:59:18.402 [main] TRACE org.hibernate.loader.plan.build.internal.AbstractLoadPlanBuildingAssociationVisitationStrategy - .. Registering AssociationKey : AssociationKey(table=transistor, columns={transistor_id}) -> org.hibernate.loader.plan.build.internal.returns.EntityReturnImpl@43984213
17:59:18.402 [main] TRACE org.hibernate.loader.plan.build.internal.AbstractLoadPlanBuildingAssociationVisitationStrategy - >> Starting entity identifier : com.soft.entity.TransistorEntity
17:59:18.402 [main] DEBUG org.hibernate.persister.walking.spi.MetamodelGraphWalker - Visiting attribute path : category
17:59:18.402 [main] TRACE org.hibernate.loader.plan.build.internal.AbstractLoadPlanBuildingAssociationVisitationStrategy - >> Starting attribute Attribute(name=category, type=integer [non-identifier])
17:59:18.402 [main] TRACE org.hibernate.loader.plan.build.internal.AbstractLoadPlanBuildingAssociationVisitationStrategy - << Finishing up attribute : Attribute(name=category, type=integer [non-identifier])
17:59:18.402 [main] DEBUG org.hibernate.persister.walking.spi.MetamodelGraphWalker - Visiting attribute path : conductanceType
17:59:18.402 [main] TRACE org.hibernate.loader.plan.build.internal.AbstractLoadPlanBuildingAssociationVisitationStrategy - >> Starting attribute Attribute(name=conductanceType, type=string [non-identifier])
17:59:18.402 [main] TRACE org.hibernate.loader.plan.build.internal.AbstractLoadPlanBuildingAssociationVisitationStrategy - << Finishing up attribute : Attribute(name=conductanceType, type=string [non-identifier])
17:59:18.402 [main] DEBUG org.hibernate.persister.walking.spi.MetamodelGraphWalker - Visiting attribute path : description
17:59:18.402 [main] TRACE org.hibernate.loader.plan.build.internal.AbstractLoadPlanBuildingAssociationVisitationStrategy - >> Starting attribute Attribute(name=description, type=string [non-identifier])
17:59:18.402 [main] TRACE org.hibernate.loader.plan.build.internal.AbstractLoadPlanBuildingAssociationVisitationStrategy - << Finishing up attribute : Attribute(name=description, type=string [non-identifier])
17:59:18.402 [main] DEBUG org.hibernate.persister.walking.spi.MetamodelGraphWalker - Visiting attribute path : gain
17:59:18.402 [main] TRACE org.hibernate.loader.plan.build.internal.AbstractLoadPlanBuildingAssociationVisitationStrategy - >> Starting attribute Attribute(name=gain, type=double [non-identifier])
17:59:18.402 [main] TRACE org.hibernate.loader.plan.build.internal.AbstractLoadPlanBuildingAssociationVisitationStrategy - << Finishing up attribute : Attribute(name=gain, type=double [non-identifier])
17:59:18.402 [main] DEBUG org.hibernate.persister.walking.spi.MetamodelGraphWalker - Visiting attribute path : maxCurrent
17:59:18.402 [main] TRACE org.hibernate.loader.plan.build.internal.AbstractLoadPlanBuildingAssociationVisitationStrategy - >> Starting attribute Attribute(name=maxCurrent, type=double [non-identifier])
17:59:18.403 [main] TRACE org.hibernate.loader.plan.build.internal.AbstractLoadPlanBuildingAssociationVisitationStrategy - << Finishing up attribute : Attribute(name=maxCurrent, type=double [non-identifier])
17:59:18.403 [main] DEBUG org.hibernate.persister.walking.spi.MetamodelGraphWalker - Visiting attribute path : maxCurrentUnit
17:59:18.403 [main] TRACE org.hibernate.loader.plan.build.internal.AbstractLoadPlanBuildingAssociationVisitationStrategy - >> Starting attribute Attribute(name=maxCurrentUnit, type=integer [non-identifier])
17:59:18.403 [main] TRACE org.hibernate.loader.plan.build.internal.AbstractLoadPlanBuildingAssociationVisitationStrategy - << Finishing up attribute : Attribute(name=maxCurrentUnit, type=integer [non-identifier])
17:59:18.403 [main] DEBUG org.hibernate.persister.walking.spi.MetamodelGraphWalker - Visiting attribute path : name
17:59:18.403 [main] TRACE org.hibernate.loader.plan.build.internal.AbstractLoadPlanBuildingAssociationVisitationStrategy - >> Starting attribute Attribute(name=name, type=string [non-identifier])
17:59:18.403 [main] TRACE org.hibernate.loader.plan.build.internal.AbstractLoadPlanBuildingAssociationVisitationStrategy - << Finishing up attribute : Attribute(name=name, type=string [non-identifier])
17:59:18.403 [main] DEBUG org.hibernate.persister.walking.spi.MetamodelGraphWalker - Visiting attribute path : photo
17:59:18.403 [main] TRACE org.hibernate.loader.plan.build.internal.AbstractLoadPlanBuildingAssociationVisitationStrategy - >> Starting attribute Attribute(name=photo, type=binary [non-identifier])
17:59:18.403 [main] TRACE org.hibernate.loader.plan.build.internal.AbstractLoadPlanBuildingAssociationVisitationStrategy - << Finishing up attribute : Attribute(name=photo, type=binary [non-identifier])
17:59:18.403 [main] DEBUG org.hibernate.persister.walking.spi.MetamodelGraphWalker - Visiting attribute path : price
17:59:18.403 [main] TRACE org.hibernate.loader.plan.build.internal.AbstractLoadPlanBuildingAssociationVisitationStrategy - >> Starting attribute Attribute(name=price, type=double [non-identifier])
17:59:18.403 [main] TRACE org.hibernate.loader.plan.build.internal.AbstractLoadPlanBuildingAssociationVisitationStrategy - << Finishing up attribute : Attribute(name=price, type=double [non-identifier])
17:59:18.403 [main] DEBUG org.hibernate.persister.walking.spi.MetamodelGraphWalker - Visiting attribute path : producer
17:59:18.403 [main] TRACE org.hibernate.loader.plan.build.internal.AbstractLoadPlanBuildingAssociationVisitationStrategy - >> Starting attribute Attribute(name=producer, type=integer [non-identifier])
17:59:18.403 [main] TRACE org.hibernate.loader.plan.build.internal.AbstractLoadPlanBuildingAssociationVisitationStrategy - << Finishing up attribute : Attribute(name=producer, type=integer [non-identifier])
17:59:18.403 [main] DEBUG org.hibernate.persister.walking.spi.MetamodelGraphWalker - Visiting attribute path : quantity
17:59:18.403 [main] TRACE org.hibernate.loader.plan.build.internal.AbstractLoadPlanBuildingAssociationVisitationStrategy - >> Starting attribute Attribute(name=quantity, type=integer [non-identifier])
17:59:18.403 [main] TRACE org.hibernate.loader.plan.build.internal.AbstractLoadPlanBuildingAssociationVisitationStrategy - << Finishing up attribute : Attribute(name=quantity, type=integer [non-identifier])
17:59:18.403 [main] DEBUG org.hibernate.persister.walking.spi.MetamodelGraphWalker - Visiting attribute path : tPackage
17:59:18.403 [main] TRACE org.hibernate.loader.plan.build.internal.AbstractLoadPlanBuildingAssociationVisitationStrategy - >> Starting attribute Attribute(name=tPackage, type=integer [non-identifier])
17:59:18.403 [main] TRACE org.hibernate.loader.plan.build.internal.AbstractLoadPlanBuildingAssociationVisitationStrategy - << Finishing up attribute : Attribute(name=tPackage, type=integer [non-identifier])
17:59:18.403 [main] TRACE org.hibernate.loader.plan.build.internal.AbstractLoadPlanBuildingAssociationVisitationStrategy - Popped fetch owner from stack : org.hibernate.loader.plan.build.internal.returns.EntityReturnImpl@43984213
17:59:18.403 [main] TRACE org.hibernate.loader.plan.build.internal.AbstractLoadPlanBuildingAssociationVisitationStrategy -  Finished root entity : com.soft.entity.TransistorEntity
17:59:18.403 [main] DEBUG org.hibernate.loader.plan.build.internal.FetchStyleLoadPlanBuildingAssociationVisitationStrategy - Building LoadPlan...
17:59:18.403 [main] DEBUG org.hibernate.loader.plan.exec.internal.LoadQueryJoinAndFetchProcessor - processing queryspace <gen:0>
17:59:18.404 [main] DEBUG org.hibernate.loader.plan.build.spi.LoadPlanTreePrinter - LoadPlan(entity=com.soft.entity.TransistorEntity)
    - Returns
       - EntityReturnImpl(entity=com.soft.entity.TransistorEntity, querySpaceUid=<gen:0>, path=com.soft.entity.TransistorEntity)
    - QuerySpaces
       - EntityQuerySpaceImpl(uid=<gen:0>, entity=com.soft.entity.TransistorEntity)
          - SQL table alias mapping - transistor0_
          - alias suffix - 0_
          - suffixed key columns - {transist1_5_0_}

17:59:18.404 [main] DEBUG org.hibernate.loader.entity.plan.EntityLoader - Static select for entity com.soft.entity.TransistorEntity [OPTIMISTIC_FORCE_INCREMENT]: select transistor0_.transistor_id as transist1_5_0_, transistor0_.category as category2_5_0_, transistor0_.conductunce_type as conductu3_5_0_, transistor0_.description as descript4_5_0_, transistor0_.gain as gain5_5_0_, transistor0_.max_current as max_curr6_5_0_, transistor0_.max_current_unit as max_curr7_5_0_, transistor0_.name as name8_5_0_, transistor0_.photo as photo9_5_0_, transistor0_.price as price10_5_0_, transistor0_.producer as produce11_5_0_, transistor0_.quantity as quantit12_5_0_, transistor0_.package as package13_5_0_ from transistor transistor0_ where transistor0_.transistor_id=?
17:59:18.404 [main] DEBUG org.hibernate.loader.Loader - Static select for action ACTION_MERGE on entity com.soft.entity.TransistorEntity: select transistor0_.transistor_id as transist1_5_0_, transistor0_.category as category2_5_0_, transistor0_.conductunce_type as conductu3_5_0_, transistor0_.description as descript4_5_0_, transistor0_.gain as gain5_5_0_, transistor0_.max_current as max_curr6_5_0_, transistor0_.max_current_unit as max_curr7_5_0_, transistor0_.name as name8_5_0_, transistor0_.photo as photo9_5_0_, transistor0_.price as price10_5_0_, transistor0_.producer as produce11_5_0_, transistor0_.quantity as quantit12_5_0_, transistor0_.package as package13_5_0_ from transistor transistor0_ where transistor0_.transistor_id=?
17:59:18.404 [main] DEBUG org.hibernate.loader.Loader - Static select for action ACTION_REFRESH on entity com.soft.entity.TransistorEntity: select transistor0_.transistor_id as transist1_5_0_, transistor0_.category as category2_5_0_, transistor0_.conductunce_type as conductu3_5_0_, transistor0_.description as descript4_5_0_, transistor0_.gain as gain5_5_0_, transistor0_.max_current as max_curr6_5_0_, transistor0_.max_current_unit as max_curr7_5_0_, transistor0_.name as name8_5_0_, transistor0_.photo as photo9_5_0_, transistor0_.price as price10_5_0_, transistor0_.producer as produce11_5_0_, transistor0_.quantity as quantit12_5_0_, transistor0_.package as package13_5_0_ from transistor transistor0_ where transistor0_.transistor_id=?
17:59:18.404 [main] DEBUG org.hibernate.persister.entity.AbstractEntityPersister - Static SQL for entity: com.soft.entity.CategoryEntity
17:59:18.404 [main] DEBUG org.hibernate.persister.entity.AbstractEntityPersister -  Version select: select category_id from category where category_id =?
17:59:18.405 [main] DEBUG org.hibernate.persister.entity.AbstractEntityPersister -  Snapshot select: select categoryen_.category_id, categoryen_.entity_name as entity_n2_0_, categoryen_.name as name3_0_, categoryen_.photo as photo4_0_ from category categoryen_ where categoryen_.category_id=?
17:59:18.405 [main] DEBUG org.hibernate.persister.entity.AbstractEntityPersister -  Insert 0: insert into category (entity_name, name, photo, category_id) values (?, ?, ?, ?)
17:59:18.405 [main] DEBUG org.hibernate.persister.entity.AbstractEntityPersister -  Update 0: update category set entity_name=?, name=?, photo=? where category_id=?
17:59:18.405 [main] DEBUG org.hibernate.persister.entity.AbstractEntityPersister -  Delete 0: delete from category where category_id=?
17:59:18.405 [main] TRACE org.hibernate.loader.plan.build.internal.AbstractLoadPlanBuildingAssociationVisitationStrategy -  Starting root entity : com.soft.entity.CategoryEntity
17:59:18.405 [main] DEBUG org.hibernate.loader.plan.build.internal.spaces.QuerySpacesImpl - Adding QuerySpace : uid = <gen:0> -> org.hibernate.loader.plan.build.internal.spaces.EntityQuerySpaceImpl@2ff7a73]
17:59:18.405 [main] TRACE org.hibernate.loader.plan.build.internal.AbstractLoadPlanBuildingAssociationVisitationStrategy - Pushing fetch source to stack : org.hibernate.loader.plan.build.internal.returns.EntityReturnImpl@38830ea
17:59:18.405 [main] TRACE org.hibernate.loader.plan.build.internal.AbstractLoadPlanBuildingAssociationVisitationStrategy - .. Registering AssociationKey : AssociationKey(table=category, columns={category_id}) -> org.hibernate.loader.plan.build.internal.returns.EntityReturnImpl@38830ea
17:59:18.405 [main] TRACE org.hibernate.loader.plan.build.internal.AbstractLoadPlanBuildingAssociationVisitationStrategy - >> Starting entity identifier : com.soft.entity.CategoryEntity
17:59:18.405 [main] DEBUG org.hibernate.persister.walking.spi.MetamodelGraphWalker - Visiting attribute path : entityName
17:59:18.405 [main] TRACE org.hibernate.loader.plan.build.internal.AbstractLoadPlanBuildingAssociationVisitationStrategy - >> Starting attribute Attribute(name=entityName, type=string [non-identifier])
17:59:18.405 [main] TRACE org.hibernate.loader.plan.build.internal.AbstractLoadPlanBuildingAssociationVisitationStrategy - << Finishing up attribute : Attribute(name=entityName, type=string [non-identifier])
17:59:18.405 [main] DEBUG org.hibernate.persister.walking.spi.MetamodelGraphWalker - Visiting attribute path : name
17:59:18.405 [main] TRACE org.hibernate.loader.plan.build.internal.AbstractLoadPlanBuildingAssociationVisitationStrategy - >> Starting attribute Attribute(name=name, type=string [non-identifier])
17:59:18.405 [main] TRACE org.hibernate.loader.plan.build.internal.AbstractLoadPlanBuildingAssociationVisitationStrategy - << Finishing up attribute : Attribute(name=name, type=string [non-identifier])
17:59:18.405 [main] DEBUG org.hibernate.persister.walking.spi.MetamodelGraphWalker - Visiting attribute path : photo
17:59:18.405 [main] TRACE org.hibernate.loader.plan.build.internal.AbstractLoadPlanBuildingAssociationVisitationStrategy - >> Starting attribute Attribute(name=photo, type=binary [non-identifier])
17:59:18.405 [main] TRACE org.hibernate.loader.plan.build.internal.AbstractLoadPlanBuildingAssociationVisitationStrategy - << Finishing up attribute : Attribute(name=photo, type=binary [non-identifier])
17:59:18.405 [main] TRACE org.hibernate.loader.plan.build.internal.AbstractLoadPlanBuildingAssociationVisitationStrategy - Popped fetch owner from stack : org.hibernate.loader.plan.build.internal.returns.EntityReturnImpl@38830ea
17:59:18.405 [main] TRACE org.hibernate.loader.plan.build.internal.AbstractLoadPlanBuildingAssociationVisitationStrategy -  Finished root entity : com.soft.entity.CategoryEntity
17:59:18.405 [main] DEBUG org.hibernate.loader.plan.build.internal.FetchStyleLoadPlanBuildingAssociationVisitationStrategy - Building LoadPlan...
17:59:18.405 [main] DEBUG org.hibernate.loader.plan.exec.internal.LoadQueryJoinAndFetchProcessor - processing queryspace <gen:0>
17:59:18.406 [main] DEBUG org.hibernate.loader.plan.build.spi.LoadPlanTreePrinter - LoadPlan(entity=com.soft.entity.CategoryEntity)
    - Returns
       - EntityReturnImpl(entity=com.soft.entity.CategoryEntity, querySpaceUid=<gen:0>, path=com.soft.entity.CategoryEntity)
    - QuerySpaces
       - EntityQuerySpaceImpl(uid=<gen:0>, entity=com.soft.entity.CategoryEntity)
          - SQL table alias mapping - categoryen0_
          - alias suffix - 0_
          - suffixed key columns - {category1_0_0_}

17:59:18.406 [main] DEBUG org.hibernate.loader.entity.plan.EntityLoader - Static select for entity com.soft.entity.CategoryEntity [NONE]: select categoryen0_.category_id as category1_0_0_, categoryen0_.entity_name as entity_n2_0_0_, categoryen0_.name as name3_0_0_, categoryen0_.photo as photo4_0_0_ from category categoryen0_ where categoryen0_.category_id=?
17:59:18.406 [main] TRACE org.hibernate.loader.plan.build.internal.AbstractLoadPlanBuildingAssociationVisitationStrategy -  Starting root entity : com.soft.entity.CategoryEntity
17:59:18.406 [main] DEBUG org.hibernate.loader.plan.build.internal.spaces.QuerySpacesImpl - Adding QuerySpace : uid = <gen:0> -> org.hibernate.loader.plan.build.internal.spaces.EntityQuerySpaceImpl@3b705be7]
17:59:18.406 [main] TRACE org.hibernate.loader.plan.build.internal.AbstractLoadPlanBuildingAssociationVisitationStrategy - Pushing fetch source to stack : org.hibernate.loader.plan.build.internal.returns.EntityReturnImpl@3a790e40
17:59:18.406 [main] TRACE org.hibernate.loader.plan.build.internal.AbstractLoadPlanBuildingAssociationVisitationStrategy - .. Registering AssociationKey : AssociationKey(table=category, columns={category_id}) -> org.hibernate.loader.plan.build.internal.returns.EntityReturnImpl@3a790e40
17:59:18.406 [main] TRACE org.hibernate.loader.plan.build.internal.AbstractLoadPlanBuildingAssociationVisitationStrategy - >> Starting entity identifier : com.soft.entity.CategoryEntity
17:59:18.406 [main] DEBUG org.hibernate.persister.walking.spi.MetamodelGraphWalker - Visiting attribute path : entityName
17:59:18.406 [main] TRACE org.hibernate.loader.plan.build.internal.AbstractLoadPlanBuildingAssociationVisitationStrategy - >> Starting attribute Attribute(name=entityName, type=string [non-identifier])
17:59:18.406 [main] TRACE org.hibernate.loader.plan.build.internal.AbstractLoadPlanBuildingAssociationVisitationStrategy - << Finishing up attribute : Attribute(name=entityName, type=string [non-identifier])
17:59:18.406 [main] DEBUG org.hibernate.persister.walking.spi.MetamodelGraphWalker - Visiting attribute path : name
17:59:18.406 [main] TRACE org.hibernate.loader.plan.build.internal.AbstractLoadPlanBuildingAssociationVisitationStrategy - >> Starting attribute Attribute(name=name, type=string [non-identifier])
17:59:18.406 [main] TRACE org.hibernate.loader.plan.build.internal.AbstractLoadPlanBuildingAssociationVisitationStrategy - << Finishing up attribute : Attribute(name=name, type=string [non-identifier])
17:59:18.406 [main] DEBUG org.hibernate.persister.walking.spi.MetamodelGraphWalker - Visiting attribute path : photo
17:59:18.406 [main] TRACE org.hibernate.loader.plan.build.internal.AbstractLoadPlanBuildingAssociationVisitationStrategy - >> Starting attribute Attribute(name=photo, type=binary [non-identifier])
17:59:18.406 [main] TRACE org.hibernate.loader.plan.build.internal.AbstractLoadPlanBuildingAssociationVisitationStrategy - << Finishing up attribute : Attribute(name=photo, type=binary [non-identifier])
17:59:18.406 [main] TRACE org.hibernate.loader.plan.build.internal.AbstractLoadPlanBuildingAssociationVisitationStrategy - Popped fetch owner from stack : org.hibernate.loader.plan.build.internal.returns.EntityReturnImpl@3a790e40
17:59:18.406 [main] TRACE org.hibernate.loader.plan.build.internal.AbstractLoadPlanBuildingAssociationVisitationStrategy -  Finished root entity : com.soft.entity.CategoryEntity
17:59:18.406 [main] DEBUG org.hibernate.loader.plan.build.internal.FetchStyleLoadPlanBuildingAssociationVisitationStrategy - Building LoadPlan...
17:59:18.406 [main] DEBUG org.hibernate.loader.plan.exec.internal.LoadQueryJoinAndFetchProcessor - processing queryspace <gen:0>
17:59:18.407 [main] DEBUG org.hibernate.loader.plan.build.spi.LoadPlanTreePrinter - LoadPlan(entity=com.soft.entity.CategoryEntity)
    - Returns
       - EntityReturnImpl(entity=com.soft.entity.CategoryEntity, querySpaceUid=<gen:0>, path=com.soft.entity.CategoryEntity)
    - QuerySpaces
       - EntityQuerySpaceImpl(uid=<gen:0>, entity=com.soft.entity.CategoryEntity)
          - SQL table alias mapping - categoryen0_
          - alias suffix - 0_
          - suffixed key columns - {category1_0_0_}

17:59:18.407 [main] DEBUG org.hibernate.loader.entity.plan.EntityLoader - Static select for entity com.soft.entity.CategoryEntity [READ]: select categoryen0_.category_id as category1_0_0_, categoryen0_.entity_name as entity_n2_0_0_, categoryen0_.name as name3_0_0_, categoryen0_.photo as photo4_0_0_ from category categoryen0_ where categoryen0_.category_id=?
17:59:18.407 [main] TRACE org.hibernate.loader.plan.build.internal.AbstractLoadPlanBuildingAssociationVisitationStrategy -  Starting root entity : com.soft.entity.CategoryEntity
17:59:18.407 [main] DEBUG org.hibernate.loader.plan.build.internal.spaces.QuerySpacesImpl - Adding QuerySpace : uid = <gen:0> -> org.hibernate.loader.plan.build.internal.spaces.EntityQuerySpaceImpl@43acd79e]
17:59:18.407 [main] TRACE org.hibernate.loader.plan.build.internal.AbstractLoadPlanBuildingAssociationVisitationStrategy - Pushing fetch source to stack : org.hibernate.loader.plan.build.internal.returns.EntityReturnImpl@1e1b061
17:59:18.407 [main] TRACE org.hibernate.loader.plan.build.internal.AbstractLoadPlanBuildingAssociationVisitationStrategy - .. Registering AssociationKey : AssociationKey(table=category, columns={category_id}) -> org.hibernate.loader.plan.build.internal.returns.EntityReturnImpl@1e1b061
17:59:18.407 [main] TRACE org.hibernate.loader.plan.build.internal.AbstractLoadPlanBuildingAssociationVisitationStrategy - >> Starting entity identifier : com.soft.entity.CategoryEntity
17:59:18.407 [main] DEBUG org.hibernate.persister.walking.spi.MetamodelGraphWalker - Visiting attribute path : entityName
17:59:18.407 [main] TRACE org.hibernate.loader.plan.build.internal.AbstractLoadPlanBuildingAssociationVisitationStrategy - >> Starting attribute Attribute(name=entityName, type=string [non-identifier])
17:59:18.407 [main] TRACE org.hibernate.loader.plan.build.internal.AbstractLoadPlanBuildingAssociationVisitationStrategy - << Finishing up attribute : Attribute(name=entityName, type=string [non-identifier])
17:59:18.407 [main] DEBUG org.hibernate.persister.walking.spi.MetamodelGraphWalker - Visiting attribute path : name
17:59:18.407 [main] TRACE org.hibernate.loader.plan.build.internal.AbstractLoadPlanBuildingAssociationVisitationStrategy - >> Starting attribute Attribute(name=name, type=string [non-identifier])
17:59:18.407 [main] TRACE org.hibernate.loader.plan.build.internal.AbstractLoadPlanBuildingAssociationVisitationStrategy - << Finishing up attribute : Attribute(name=name, type=string [non-identifier])
17:59:18.407 [main] DEBUG org.hibernate.persister.walking.spi.MetamodelGraphWalker - Visiting attribute path : photo
17:59:18.407 [main] TRACE org.hibernate.loader.plan.build.internal.AbstractLoadPlanBuildingAssociationVisitationStrategy - >> Starting attribute Attribute(name=photo, type=binary [non-identifier])
17:59:18.407 [main] TRACE org.hibernate.loader.plan.build.internal.AbstractLoadPlanBuildingAssociationVisitationStrategy - << Finishing up attribute : Attribute(name=photo, type=binary [non-identifier])
17:59:18.407 [main] TRACE org.hibernate.loader.plan.build.internal.AbstractLoadPlanBuildingAssociationVisitationStrategy - Popped fetch owner from stack : org.hibernate.loader.plan.build.internal.returns.EntityReturnImpl@1e1b061
17:59:18.407 [main] TRACE org.hibernate.loader.plan.build.internal.AbstractLoadPlanBuildingAssociationVisitationStrategy -  Finished root entity : com.soft.entity.CategoryEntity
17:59:18.407 [main] DEBUG org.hibernate.loader.plan.build.internal.FetchStyleLoadPlanBuildingAssociationVisitationStrategy - Building LoadPlan...
17:59:18.407 [main] DEBUG org.hibernate.loader.plan.exec.internal.LoadQueryJoinAndFetchProcessor - processing queryspace <gen:0>
17:59:18.408 [main] DEBUG org.hibernate.loader.plan.build.spi.LoadPlanTreePrinter - LoadPlan(entity=com.soft.entity.CategoryEntity)
    - Returns
       - EntityReturnImpl(entity=com.soft.entity.CategoryEntity, querySpaceUid=<gen:0>, path=com.soft.entity.CategoryEntity)
    - QuerySpaces
       - EntityQuerySpaceImpl(uid=<gen:0>, entity=com.soft.entity.CategoryEntity)
          - SQL table alias mapping - categoryen0_
          - alias suffix - 0_
          - suffixed key columns - {category1_0_0_}

17:59:18.408 [main] DEBUG org.hibernate.loader.entity.plan.EntityLoader - Static select for entity com.soft.entity.CategoryEntity [UPGRADE]: select categoryen0_.category_id as category1_0_0_, categoryen0_.entity_name as entity_n2_0_0_, categoryen0_.name as name3_0_0_, categoryen0_.photo as photo4_0_0_ from category categoryen0_ where categoryen0_.category_id=? for update
17:59:18.408 [main] TRACE org.hibernate.loader.plan.build.internal.AbstractLoadPlanBuildingAssociationVisitationStrategy -  Starting root entity : com.soft.entity.CategoryEntity
17:59:18.408 [main] DEBUG org.hibernate.loader.plan.build.internal.spaces.QuerySpacesImpl - Adding QuerySpace : uid = <gen:0> -> org.hibernate.loader.plan.build.internal.spaces.EntityQuerySpaceImpl@38f77cd9]
17:59:18.408 [main] TRACE org.hibernate.loader.plan.build.internal.AbstractLoadPlanBuildingAssociationVisitationStrategy - Pushing fetch source to stack : org.hibernate.loader.plan.build.internal.returns.EntityReturnImpl@4a8e6e89
17:59:18.408 [main] TRACE org.hibernate.loader.plan.build.internal.AbstractLoadPlanBuildingAssociationVisitationStrategy - .. Registering AssociationKey : AssociationKey(table=category, columns={category_id}) -> org.hibernate.loader.plan.build.internal.returns.EntityReturnImpl@4a8e6e89
17:59:18.408 [main] TRACE org.hibernate.loader.plan.build.internal.AbstractLoadPlanBuildingAssociationVisitationStrategy - >> Starting entity identifier : com.soft.entity.CategoryEntity
17:59:18.408 [main] DEBUG org.hibernate.persister.walking.spi.MetamodelGraphWalker - Visiting attribute path : entityName
17:59:18.408 [main] TRACE org.hibernate.loader.plan.build.internal.AbstractLoadPlanBuildingAssociationVisitationStrategy - >> Starting attribute Attribute(name=entityName, type=string [non-identifier])
17:59:18.408 [main] TRACE org.hibernate.loader.plan.build.internal.AbstractLoadPlanBuildingAssociationVisitationStrategy - << Finishing up attribute : Attribute(name=entityName, type=string [non-identifier])
17:59:18.408 [main] DEBUG org.hibernate.persister.walking.spi.MetamodelGraphWalker - Visiting attribute path : name
17:59:18.408 [main] TRACE org.hibernate.loader.plan.build.internal.AbstractLoadPlanBuildingAssociationVisitationStrategy - >> Starting attribute Attribute(name=name, type=string [non-identifier])
17:59:18.408 [main] TRACE org.hibernate.loader.plan.build.internal.AbstractLoadPlanBuildingAssociationVisitationStrategy - << Finishing up attribute : Attribute(name=name, type=string [non-identifier])
17:59:18.408 [main] DEBUG org.hibernate.persister.walking.spi.MetamodelGraphWalker - Visiting attribute path : photo
17:59:18.408 [main] TRACE org.hibernate.loader.plan.build.internal.AbstractLoadPlanBuildingAssociationVisitationStrategy - >> Starting attribute Attribute(name=photo, type=binary [non-identifier])
17:59:18.408 [main] TRACE org.hibernate.loader.plan.build.internal.AbstractLoadPlanBuildingAssociationVisitationStrategy - << Finishing up attribute : Attribute(name=photo, type=binary [non-identifier])
17:59:18.408 [main] TRACE org.hibernate.loader.plan.build.internal.AbstractLoadPlanBuildingAssociationVisitationStrategy - Popped fetch owner from stack : org.hibernate.loader.plan.build.internal.returns.EntityReturnImpl@4a8e6e89
17:59:18.408 [main] TRACE org.hibernate.loader.plan.build.internal.AbstractLoadPlanBuildingAssociationVisitationStrategy -  Finished root entity : com.soft.entity.CategoryEntity
17:59:18.409 [main] DEBUG org.hibernate.loader.plan.build.internal.FetchStyleLoadPlanBuildingAssociationVisitationStrategy - Building LoadPlan...
17:59:18.409 [main] DEBUG org.hibernate.loader.plan.exec.internal.LoadQueryJoinAndFetchProcessor - processing queryspace <gen:0>
17:59:18.409 [main] DEBUG org.hibernate.loader.plan.build.spi.LoadPlanTreePrinter - LoadPlan(entity=com.soft.entity.CategoryEntity)
    - Returns
       - EntityReturnImpl(entity=com.soft.entity.CategoryEntity, querySpaceUid=<gen:0>, path=com.soft.entity.CategoryEntity)
    - QuerySpaces
       - EntityQuerySpaceImpl(uid=<gen:0>, entity=com.soft.entity.CategoryEntity)
          - SQL table alias mapping - categoryen0_
          - alias suffix - 0_
          - suffixed key columns - {category1_0_0_}

17:59:18.409 [main] DEBUG org.hibernate.loader.entity.plan.EntityLoader - Static select for entity com.soft.entity.CategoryEntity [UPGRADE_NOWAIT]: select categoryen0_.category_id as category1_0_0_, categoryen0_.entity_name as entity_n2_0_0_, categoryen0_.name as name3_0_0_, categoryen0_.photo as photo4_0_0_ from category categoryen0_ where categoryen0_.category_id=? for update
17:59:18.409 [main] TRACE org.hibernate.loader.plan.build.internal.AbstractLoadPlanBuildingAssociationVisitationStrategy -  Starting root entity : com.soft.entity.CategoryEntity
17:59:18.409 [main] DEBUG org.hibernate.loader.plan.build.internal.spaces.QuerySpacesImpl - Adding QuerySpace : uid = <gen:0> -> org.hibernate.loader.plan.build.internal.spaces.EntityQuerySpaceImpl@6fbb4061]
17:59:18.409 [main] TRACE org.hibernate.loader.plan.build.internal.AbstractLoadPlanBuildingAssociationVisitationStrategy - Pushing fetch source to stack : org.hibernate.loader.plan.build.internal.returns.EntityReturnImpl@63d5874f
17:59:18.410 [main] TRACE org.hibernate.loader.plan.build.internal.AbstractLoadPlanBuildingAssociationVisitationStrategy - .. Registering AssociationKey : AssociationKey(table=category, columns={category_id}) -> org.hibernate.loader.plan.build.internal.returns.EntityReturnImpl@63d5874f
17:59:18.410 [main] TRACE org.hibernate.loader.plan.build.internal.AbstractLoadPlanBuildingAssociationVisitationStrategy - >> Starting entity identifier : com.soft.entity.CategoryEntity
17:59:18.410 [main] DEBUG org.hibernate.persister.walking.spi.MetamodelGraphWalker - Visiting attribute path : entityName
17:59:18.410 [main] TRACE org.hibernate.loader.plan.build.internal.AbstractLoadPlanBuildingAssociationVisitationStrategy - >> Starting attribute Attribute(name=entityName, type=string [non-identifier])
17:59:18.410 [main] TRACE org.hibernate.loader.plan.build.internal.AbstractLoadPlanBuildingAssociationVisitationStrategy - << Finishing up attribute : Attribute(name=entityName, type=string [non-identifier])
17:59:18.410 [main] DEBUG org.hibernate.persister.walking.spi.MetamodelGraphWalker - Visiting attribute path : name
17:59:18.410 [main] TRACE org.hibernate.loader.plan.build.internal.AbstractLoadPlanBuildingAssociationVisitationStrategy - >> Starting attribute Attribute(name=name, type=string [non-identifier])
17:59:18.410 [main] TRACE org.hibernate.loader.plan.build.internal.AbstractLoadPlanBuildingAssociationVisitationStrategy - << Finishing up attribute : Attribute(name=name, type=string [non-identifier])
17:59:18.410 [main] DEBUG org.hibernate.persister.walking.spi.MetamodelGraphWalker - Visiting attribute path : photo
17:59:18.410 [main] TRACE org.hibernate.loader.plan.build.internal.AbstractLoadPlanBuildingAssociationVisitationStrategy - >> Starting attribute Attribute(name=photo, type=binary [non-identifier])
17:59:18.410 [main] TRACE org.hibernate.loader.plan.build.internal.AbstractLoadPlanBuildingAssociationVisitationStrategy - << Finishing up attribute : Attribute(name=photo, type=binary [non-identifier])
17:59:18.410 [main] TRACE org.hibernate.loader.plan.build.internal.AbstractLoadPlanBuildingAssociationVisitationStrategy - Popped fetch owner from stack : org.hibernate.loader.plan.build.internal.returns.EntityReturnImpl@63d5874f
17:59:18.410 [main] TRACE org.hibernate.loader.plan.build.internal.AbstractLoadPlanBuildingAssociationVisitationStrategy -  Finished root entity : com.soft.entity.CategoryEntity
17:59:18.410 [main] DEBUG org.hibernate.loader.plan.build.internal.FetchStyleLoadPlanBuildingAssociationVisitationStrategy - Building LoadPlan...
17:59:18.410 [main] DEBUG org.hibernate.loader.plan.exec.internal.LoadQueryJoinAndFetchProcessor - processing queryspace <gen:0>
17:59:18.410 [main] DEBUG org.hibernate.loader.plan.build.spi.LoadPlanTreePrinter - LoadPlan(entity=com.soft.entity.CategoryEntity)
    - Returns
       - EntityReturnImpl(entity=com.soft.entity.CategoryEntity, querySpaceUid=<gen:0>, path=com.soft.entity.CategoryEntity)
    - QuerySpaces
       - EntityQuerySpaceImpl(uid=<gen:0>, entity=com.soft.entity.CategoryEntity)
          - SQL table alias mapping - categoryen0_
          - alias suffix - 0_
          - suffixed key columns - {category1_0_0_}

17:59:18.410 [main] DEBUG org.hibernate.loader.entity.plan.EntityLoader - Static select for entity com.soft.entity.CategoryEntity [UPGRADE_SKIPLOCKED]: select categoryen0_.category_id as category1_0_0_, categoryen0_.entity_name as entity_n2_0_0_, categoryen0_.name as name3_0_0_, categoryen0_.photo as photo4_0_0_ from category categoryen0_ where categoryen0_.category_id=? for update
17:59:18.410 [main] TRACE org.hibernate.loader.plan.build.internal.AbstractLoadPlanBuildingAssociationVisitationStrategy -  Starting root entity : com.soft.entity.CategoryEntity
17:59:18.410 [main] DEBUG org.hibernate.loader.plan.build.internal.spaces.QuerySpacesImpl - Adding QuerySpace : uid = <gen:0> -> org.hibernate.loader.plan.build.internal.spaces.EntityQuerySpaceImpl@60c73e58]
17:59:18.410 [main] TRACE org.hibernate.loader.plan.build.internal.AbstractLoadPlanBuildingAssociationVisitationStrategy - Pushing fetch source to stack : org.hibernate.loader.plan.build.internal.returns.EntityReturnImpl@5984feef
17:59:18.410 [main] TRACE org.hibernate.loader.plan.build.internal.AbstractLoadPlanBuildingAssociationVisitationStrategy - .. Registering AssociationKey : AssociationKey(table=category, columns={category_id}) -> org.hibernate.loader.plan.build.internal.returns.EntityReturnImpl@5984feef
17:59:18.410 [main] TRACE org.hibernate.loader.plan.build.internal.AbstractLoadPlanBuildingAssociationVisitationStrategy - >> Starting entity identifier : com.soft.entity.CategoryEntity
17:59:18.410 [main] DEBUG org.hibernate.persister.walking.spi.MetamodelGraphWalker - Visiting attribute path : entityName
17:59:18.410 [main] TRACE org.hibernate.loader.plan.build.internal.AbstractLoadPlanBuildingAssociationVisitationStrategy - >> Starting attribute Attribute(name=entityName, type=string [non-identifier])
17:59:18.410 [main] TRACE org.hibernate.loader.plan.build.internal.AbstractLoadPlanBuildingAssociationVisitationStrategy - << Finishing up attribute : Attribute(name=entityName, type=string [non-identifier])
17:59:18.411 [main] DEBUG org.hibernate.persister.walking.spi.MetamodelGraphWalker - Visiting attribute path : name
17:59:18.411 [main] TRACE org.hibernate.loader.plan.build.internal.AbstractLoadPlanBuildingAssociationVisitationStrategy - >> Starting attribute Attribute(name=name, type=string [non-identifier])
17:59:18.411 [main] TRACE org.hibernate.loader.plan.build.internal.AbstractLoadPlanBuildingAssociationVisitationStrategy - << Finishing up attribute : Attribute(name=name, type=string [non-identifier])
17:59:18.411 [main] DEBUG org.hibernate.persister.walking.spi.MetamodelGraphWalker - Visiting attribute path : photo
17:59:18.411 [main] TRACE org.hibernate.loader.plan.build.internal.AbstractLoadPlanBuildingAssociationVisitationStrategy - >> Starting attribute Attribute(name=photo, type=binary [non-identifier])
17:59:18.411 [main] TRACE org.hibernate.loader.plan.build.internal.AbstractLoadPlanBuildingAssociationVisitationStrategy - << Finishing up attribute : Attribute(name=photo, type=binary [non-identifier])
17:59:18.411 [main] TRACE org.hibernate.loader.plan.build.internal.AbstractLoadPlanBuildingAssociationVisitationStrategy - Popped fetch owner from stack : org.hibernate.loader.plan.build.internal.returns.EntityReturnImpl@5984feef
17:59:18.411 [main] TRACE org.hibernate.loader.plan.build.internal.AbstractLoadPlanBuildingAssociationVisitationStrategy -  Finished root entity : com.soft.entity.CategoryEntity
17:59:18.411 [main] DEBUG org.hibernate.loader.plan.build.internal.FetchStyleLoadPlanBuildingAssociationVisitationStrategy - Building LoadPlan...
17:59:18.411 [main] DEBUG org.hibernate.loader.plan.exec.internal.LoadQueryJoinAndFetchProcessor - processing queryspace <gen:0>
17:59:18.411 [main] DEBUG org.hibernate.loader.plan.build.spi.LoadPlanTreePrinter - LoadPlan(entity=com.soft.entity.CategoryEntity)
    - Returns
       - EntityReturnImpl(entity=com.soft.entity.CategoryEntity, querySpaceUid=<gen:0>, path=com.soft.entity.CategoryEntity)
    - QuerySpaces
       - EntityQuerySpaceImpl(uid=<gen:0>, entity=com.soft.entity.CategoryEntity)
          - SQL table alias mapping - categoryen0_
          - alias suffix - 0_
          - suffixed key columns - {category1_0_0_}

17:59:18.411 [main] DEBUG org.hibernate.loader.entity.plan.EntityLoader - Static select for entity com.soft.entity.CategoryEntity [FORCE]: select categoryen0_.category_id as category1_0_0_, categoryen0_.entity_name as entity_n2_0_0_, categoryen0_.name as name3_0_0_, categoryen0_.photo as photo4_0_0_ from category categoryen0_ where categoryen0_.category_id=? for update
17:59:18.411 [main] TRACE org.hibernate.loader.plan.build.internal.AbstractLoadPlanBuildingAssociationVisitationStrategy -  Starting root entity : com.soft.entity.CategoryEntity
17:59:18.411 [main] DEBUG org.hibernate.loader.plan.build.internal.spaces.QuerySpacesImpl - Adding QuerySpace : uid = <gen:0> -> org.hibernate.loader.plan.build.internal.spaces.EntityQuerySpaceImpl@6c0905f6]
17:59:18.411 [main] TRACE org.hibernate.loader.plan.build.internal.AbstractLoadPlanBuildingAssociationVisitationStrategy - Pushing fetch source to stack : org.hibernate.loader.plan.build.internal.returns.EntityReturnImpl@23a918c7
17:59:18.411 [main] TRACE org.hibernate.loader.plan.build.internal.AbstractLoadPlanBuildingAssociationVisitationStrategy - .. Registering AssociationKey : AssociationKey(table=category, columns={category_id}) -> org.hibernate.loader.plan.build.internal.returns.EntityReturnImpl@23a918c7
17:59:18.411 [main] TRACE org.hibernate.loader.plan.build.internal.AbstractLoadPlanBuildingAssociationVisitationStrategy - >> Starting entity identifier : com.soft.entity.CategoryEntity
17:59:18.411 [main] DEBUG org.hibernate.persister.walking.spi.MetamodelGraphWalker - Visiting attribute path : entityName
17:59:18.411 [main] TRACE org.hibernate.loader.plan.build.internal.AbstractLoadPlanBuildingAssociationVisitationStrategy - >> Starting attribute Attribute(name=entityName, type=string [non-identifier])
17:59:18.411 [main] TRACE org.hibernate.loader.plan.build.internal.AbstractLoadPlanBuildingAssociationVisitationStrategy - << Finishing up attribute : Attribute(name=entityName, type=string [non-identifier])
17:59:18.411 [main] DEBUG org.hibernate.persister.walking.spi.MetamodelGraphWalker - Visiting attribute path : name
17:59:18.411 [main] TRACE org.hibernate.loader.plan.build.internal.AbstractLoadPlanBuildingAssociationVisitationStrategy - >> Starting attribute Attribute(name=name, type=string [non-identifier])
17:59:18.411 [main] TRACE org.hibernate.loader.plan.build.internal.AbstractLoadPlanBuildingAssociationVisitationStrategy - << Finishing up attribute : Attribute(name=name, type=string [non-identifier])
17:59:18.411 [main] DEBUG org.hibernate.persister.walking.spi.MetamodelGraphWalker - Visiting attribute path : photo
17:59:18.411 [main] TRACE org.hibernate.loader.plan.build.internal.AbstractLoadPlanBuildingAssociationVisitationStrategy - >> Starting attribute Attribute(name=photo, type=binary [non-identifier])
17:59:18.411 [main] TRACE org.hibernate.loader.plan.build.internal.AbstractLoadPlanBuildingAssociationVisitationStrategy - << Finishing up attribute : Attribute(name=photo, type=binary [non-identifier])
17:59:18.411 [main] TRACE org.hibernate.loader.plan.build.internal.AbstractLoadPlanBuildingAssociationVisitationStrategy - Popped fetch owner from stack : org.hibernate.loader.plan.build.internal.returns.EntityReturnImpl@23a918c7
17:59:18.412 [main] TRACE org.hibernate.loader.plan.build.internal.AbstractLoadPlanBuildingAssociationVisitationStrategy -  Finished root entity : com.soft.entity.CategoryEntity
17:59:18.412 [main] DEBUG org.hibernate.loader.plan.build.internal.FetchStyleLoadPlanBuildingAssociationVisitationStrategy - Building LoadPlan...
17:59:18.412 [main] DEBUG org.hibernate.loader.plan.exec.internal.LoadQueryJoinAndFetchProcessor - processing queryspace <gen:0>
17:59:18.412 [main] DEBUG org.hibernate.loader.plan.build.spi.LoadPlanTreePrinter - LoadPlan(entity=com.soft.entity.CategoryEntity)
    - Returns
       - EntityReturnImpl(entity=com.soft.entity.CategoryEntity, querySpaceUid=<gen:0>, path=com.soft.entity.CategoryEntity)
    - QuerySpaces
       - EntityQuerySpaceImpl(uid=<gen:0>, entity=com.soft.entity.CategoryEntity)
          - SQL table alias mapping - categoryen0_
          - alias suffix - 0_
          - suffixed key columns - {category1_0_0_}

17:59:18.412 [main] DEBUG org.hibernate.loader.entity.plan.EntityLoader - Static select for entity com.soft.entity.CategoryEntity [PESSIMISTIC_READ]: select categoryen0_.category_id as category1_0_0_, categoryen0_.entity_name as entity_n2_0_0_, categoryen0_.name as name3_0_0_, categoryen0_.photo as photo4_0_0_ from category categoryen0_ where categoryen0_.category_id=? lock in share mode
17:59:18.412 [main] TRACE org.hibernate.loader.plan.build.internal.AbstractLoadPlanBuildingAssociationVisitationStrategy -  Starting root entity : com.soft.entity.CategoryEntity
17:59:18.412 [main] DEBUG org.hibernate.loader.plan.build.internal.spaces.QuerySpacesImpl - Adding QuerySpace : uid = <gen:0> -> org.hibernate.loader.plan.build.internal.spaces.EntityQuerySpaceImpl@7a45d714]
17:59:18.412 [main] TRACE org.hibernate.loader.plan.build.internal.AbstractLoadPlanBuildingAssociationVisitationStrategy - Pushing fetch source to stack : org.hibernate.loader.plan.build.internal.returns.EntityReturnImpl@4483d35
17:59:18.412 [main] TRACE org.hibernate.loader.plan.build.internal.AbstractLoadPlanBuildingAssociationVisitationStrategy - .. Registering AssociationKey : AssociationKey(table=category, columns={category_id}) -> org.hibernate.loader.plan.build.internal.returns.EntityReturnImpl@4483d35
17:59:18.412 [main] TRACE org.hibernate.loader.plan.build.internal.AbstractLoadPlanBuildingAssociationVisitationStrategy - >> Starting entity identifier : com.soft.entity.CategoryEntity
17:59:18.412 [main] DEBUG org.hibernate.persister.walking.spi.MetamodelGraphWalker - Visiting attribute path : entityName
17:59:18.412 [main] TRACE org.hibernate.loader.plan.build.internal.AbstractLoadPlanBuildingAssociationVisitationStrategy - >> Starting attribute Attribute(name=entityName, type=string [non-identifier])
17:59:18.412 [main] TRACE org.hibernate.loader.plan.build.internal.AbstractLoadPlanBuildingAssociationVisitationStrategy - << Finishing up attribute : Attribute(name=entityName, type=string [non-identifier])
17:59:18.412 [main] DEBUG org.hibernate.persister.walking.spi.MetamodelGraphWalker - Visiting attribute path : name
17:59:18.412 [main] TRACE org.hibernate.loader.plan.build.internal.AbstractLoadPlanBuildingAssociationVisitationStrategy - >> Starting attribute Attribute(name=name, type=string [non-identifier])
17:59:18.412 [main] TRACE org.hibernate.loader.plan.build.internal.AbstractLoadPlanBuildingAssociationVisitationStrategy - << Finishing up attribute : Attribute(name=name, type=string [non-identifier])
17:59:18.412 [main] DEBUG org.hibernate.persister.walking.spi.MetamodelGraphWalker - Visiting attribute path : photo
17:59:18.412 [main] TRACE org.hibernate.loader.plan.build.internal.AbstractLoadPlanBuildingAssociationVisitationStrategy - >> Starting attribute Attribute(name=photo, type=binary [non-identifier])
17:59:18.412 [main] TRACE org.hibernate.loader.plan.build.internal.AbstractLoadPlanBuildingAssociationVisitationStrategy - << Finishing up attribute : Attribute(name=photo, type=binary [non-identifier])
17:59:18.412 [main] TRACE org.hibernate.loader.plan.build.internal.AbstractLoadPlanBuildingAssociationVisitationStrategy - Popped fetch owner from stack : org.hibernate.loader.plan.build.internal.returns.EntityReturnImpl@4483d35
17:59:18.412 [main] TRACE org.hibernate.loader.plan.build.internal.AbstractLoadPlanBuildingAssociationVisitationStrategy -  Finished root entity : com.soft.entity.CategoryEntity
17:59:18.412 [main] DEBUG org.hibernate.loader.plan.build.internal.FetchStyleLoadPlanBuildingAssociationVisitationStrategy - Building LoadPlan...
17:59:18.412 [main] DEBUG org.hibernate.loader.plan.exec.internal.LoadQueryJoinAndFetchProcessor - processing queryspace <gen:0>
17:59:18.412 [main] DEBUG org.hibernate.loader.plan.build.spi.LoadPlanTreePrinter - LoadPlan(entity=com.soft.entity.CategoryEntity)
    - Returns
       - EntityReturnImpl(entity=com.soft.entity.CategoryEntity, querySpaceUid=<gen:0>, path=com.soft.entity.CategoryEntity)
    - QuerySpaces
       - EntityQuerySpaceImpl(uid=<gen:0>, entity=com.soft.entity.CategoryEntity)
          - SQL table alias mapping - categoryen0_
          - alias suffix - 0_
          - suffixed key columns - {category1_0_0_}

17:59:18.412 [main] DEBUG org.hibernate.loader.entity.plan.EntityLoader - Static select for entity com.soft.entity.CategoryEntity [PESSIMISTIC_WRITE]: select categoryen0_.category_id as category1_0_0_, categoryen0_.entity_name as entity_n2_0_0_, categoryen0_.name as name3_0_0_, categoryen0_.photo as photo4_0_0_ from category categoryen0_ where categoryen0_.category_id=? for update
17:59:18.412 [main] TRACE org.hibernate.loader.plan.build.internal.AbstractLoadPlanBuildingAssociationVisitationStrategy -  Starting root entity : com.soft.entity.CategoryEntity
17:59:18.412 [main] DEBUG org.hibernate.loader.plan.build.internal.spaces.QuerySpacesImpl - Adding QuerySpace : uid = <gen:0> -> org.hibernate.loader.plan.build.internal.spaces.EntityQuerySpaceImpl@204abeff]
17:59:18.413 [main] TRACE org.hibernate.loader.plan.build.internal.AbstractLoadPlanBuildingAssociationVisitationStrategy - Pushing fetch source to stack : org.hibernate.loader.plan.build.internal.returns.EntityReturnImpl@4b4ee511
17:59:18.413 [main] TRACE org.hibernate.loader.plan.build.internal.AbstractLoadPlanBuildingAssociationVisitationStrategy - .. Registering AssociationKey : AssociationKey(table=category, columns={category_id}) -> org.hibernate.loader.plan.build.internal.returns.EntityReturnImpl@4b4ee511
17:59:18.413 [main] TRACE org.hibernate.loader.plan.build.internal.AbstractLoadPlanBuildingAssociationVisitationStrategy - >> Starting entity identifier : com.soft.entity.CategoryEntity
17:59:18.413 [main] DEBUG org.hibernate.persister.walking.spi.MetamodelGraphWalker - Visiting attribute path : entityName
17:59:18.413 [main] TRACE org.hibernate.loader.plan.build.internal.AbstractLoadPlanBuildingAssociationVisitationStrategy - >> Starting attribute Attribute(name=entityName, type=string [non-identifier])
17:59:18.413 [main] TRACE org.hibernate.loader.plan.build.internal.AbstractLoadPlanBuildingAssociationVisitationStrategy - << Finishing up attribute : Attribute(name=entityName, type=string [non-identifier])
17:59:18.413 [main] DEBUG org.hibernate.persister.walking.spi.MetamodelGraphWalker - Visiting attribute path : name
17:59:18.413 [main] TRACE org.hibernate.loader.plan.build.internal.AbstractLoadPlanBuildingAssociationVisitationStrategy - >> Starting attribute Attribute(name=name, type=string [non-identifier])
17:59:18.413 [main] TRACE org.hibernate.loader.plan.build.internal.AbstractLoadPlanBuildingAssociationVisitationStrategy - << Finishing up attribute : Attribute(name=name, type=string [non-identifier])
17:59:18.413 [main] DEBUG org.hibernate.persister.walking.spi.MetamodelGraphWalker - Visiting attribute path : photo
17:59:18.413 [main] TRACE org.hibernate.loader.plan.build.internal.AbstractLoadPlanBuildingAssociationVisitationStrategy - >> Starting attribute Attribute(name=photo, type=binary [non-identifier])
17:59:18.413 [main] TRACE org.hibernate.loader.plan.build.internal.AbstractLoadPlanBuildingAssociationVisitationStrategy - << Finishing up attribute : Attribute(name=photo, type=binary [non-identifier])
17:59:18.413 [main] TRACE org.hibernate.loader.plan.build.internal.AbstractLoadPlanBuildingAssociationVisitationStrategy - Popped fetch owner from stack : org.hibernate.loader.plan.build.internal.returns.EntityReturnImpl@4b4ee511
17:59:18.413 [main] TRACE org.hibernate.loader.plan.build.internal.AbstractLoadPlanBuildingAssociationVisitationStrategy -  Finished root entity : com.soft.entity.CategoryEntity
17:59:18.413 [main] DEBUG org.hibernate.loader.plan.build.internal.FetchStyleLoadPlanBuildingAssociationVisitationStrategy - Building LoadPlan...
17:59:18.413 [main] DEBUG org.hibernate.loader.plan.exec.internal.LoadQueryJoinAndFetchProcessor - processing queryspace <gen:0>
17:59:18.413 [main] DEBUG org.hibernate.loader.plan.build.spi.LoadPlanTreePrinter - LoadPlan(entity=com.soft.entity.CategoryEntity)
    - Returns
       - EntityReturnImpl(entity=com.soft.entity.CategoryEntity, querySpaceUid=<gen:0>, path=com.soft.entity.CategoryEntity)
    - QuerySpaces
       - EntityQuerySpaceImpl(uid=<gen:0>, entity=com.soft.entity.CategoryEntity)
          - SQL table alias mapping - categoryen0_
          - alias suffix - 0_
          - suffixed key columns - {category1_0_0_}

17:59:18.413 [main] DEBUG org.hibernate.loader.entity.plan.EntityLoader - Static select for entity com.soft.entity.CategoryEntity [PESSIMISTIC_FORCE_INCREMENT]: select categoryen0_.category_id as category1_0_0_, categoryen0_.entity_name as entity_n2_0_0_, categoryen0_.name as name3_0_0_, categoryen0_.photo as photo4_0_0_ from category categoryen0_ where categoryen0_.category_id=? for update
17:59:18.413 [main] TRACE org.hibernate.loader.plan.build.internal.AbstractLoadPlanBuildingAssociationVisitationStrategy -  Starting root entity : com.soft.entity.CategoryEntity
17:59:18.413 [main] DEBUG org.hibernate.loader.plan.build.internal.spaces.QuerySpacesImpl - Adding QuerySpace : uid = <gen:0> -> org.hibernate.loader.plan.build.internal.spaces.EntityQuerySpaceImpl@1f67761b]
17:59:18.413 [main] TRACE org.hibernate.loader.plan.build.internal.AbstractLoadPlanBuildingAssociationVisitationStrategy - Pushing fetch source to stack : org.hibernate.loader.plan.build.internal.returns.EntityReturnImpl@5a034157
17:59:18.413 [main] TRACE org.hibernate.loader.plan.build.internal.AbstractLoadPlanBuildingAssociationVisitationStrategy - .. Registering AssociationKey : AssociationKey(table=category, columns={category_id}) -> org.hibernate.loader.plan.build.internal.returns.EntityReturnImpl@5a034157
17:59:18.413 [main] TRACE org.hibernate.loader.plan.build.internal.AbstractLoadPlanBuildingAssociationVisitationStrategy - >> Starting entity identifier : com.soft.entity.CategoryEntity
17:59:18.413 [main] DEBUG org.hibernate.persister.walking.spi.MetamodelGraphWalker - Visiting attribute path : entityName
17:59:18.413 [main] TRACE org.hibernate.loader.plan.build.internal.AbstractLoadPlanBuildingAssociationVisitationStrategy - >> Starting attribute Attribute(name=entityName, type=string [non-identifier])
17:59:18.413 [main] TRACE org.hibernate.loader.plan.build.internal.AbstractLoadPlanBuildingAssociationVisitationStrategy - << Finishing up attribute : Attribute(name=entityName, type=string [non-identifier])
17:59:18.413 [main] DEBUG org.hibernate.persister.walking.spi.MetamodelGraphWalker - Visiting attribute path : name
17:59:18.413 [main] TRACE org.hibernate.loader.plan.build.internal.AbstractLoadPlanBuildingAssociationVisitationStrategy - >> Starting attribute Attribute(name=name, type=string [non-identifier])
17:59:18.414 [main] TRACE org.hibernate.loader.plan.build.internal.AbstractLoadPlanBuildingAssociationVisitationStrategy - << Finishing up attribute : Attribute(name=name, type=string [non-identifier])
17:59:18.414 [main] DEBUG org.hibernate.persister.walking.spi.MetamodelGraphWalker - Visiting attribute path : photo
17:59:18.414 [main] TRACE org.hibernate.loader.plan.build.internal.AbstractLoadPlanBuildingAssociationVisitationStrategy - >> Starting attribute Attribute(name=photo, type=binary [non-identifier])
17:59:18.414 [main] TRACE org.hibernate.loader.plan.build.internal.AbstractLoadPlanBuildingAssociationVisitationStrategy - << Finishing up attribute : Attribute(name=photo, type=binary [non-identifier])
17:59:18.414 [main] TRACE org.hibernate.loader.plan.build.internal.AbstractLoadPlanBuildingAssociationVisitationStrategy - Popped fetch owner from stack : org.hibernate.loader.plan.build.internal.returns.EntityReturnImpl@5a034157
17:59:18.414 [main] TRACE org.hibernate.loader.plan.build.internal.AbstractLoadPlanBuildingAssociationVisitationStrategy -  Finished root entity : com.soft.entity.CategoryEntity
17:59:18.414 [main] DEBUG org.hibernate.loader.plan.build.internal.FetchStyleLoadPlanBuildingAssociationVisitationStrategy - Building LoadPlan...
17:59:18.414 [main] DEBUG org.hibernate.loader.plan.exec.internal.LoadQueryJoinAndFetchProcessor - processing queryspace <gen:0>
17:59:18.414 [main] DEBUG org.hibernate.loader.plan.build.spi.LoadPlanTreePrinter - LoadPlan(entity=com.soft.entity.CategoryEntity)
    - Returns
       - EntityReturnImpl(entity=com.soft.entity.CategoryEntity, querySpaceUid=<gen:0>, path=com.soft.entity.CategoryEntity)
    - QuerySpaces
       - EntityQuerySpaceImpl(uid=<gen:0>, entity=com.soft.entity.CategoryEntity)
          - SQL table alias mapping - categoryen0_
          - alias suffix - 0_
          - suffixed key columns - {category1_0_0_}

17:59:18.414 [main] DEBUG org.hibernate.loader.entity.plan.EntityLoader - Static select for entity com.soft.entity.CategoryEntity [OPTIMISTIC]: select categoryen0_.category_id as category1_0_0_, categoryen0_.entity_name as entity_n2_0_0_, categoryen0_.name as name3_0_0_, categoryen0_.photo as photo4_0_0_ from category categoryen0_ where categoryen0_.category_id=?
17:59:18.414 [main] TRACE org.hibernate.loader.plan.build.internal.AbstractLoadPlanBuildingAssociationVisitationStrategy -  Starting root entity : com.soft.entity.CategoryEntity
17:59:18.414 [main] DEBUG org.hibernate.loader.plan.build.internal.spaces.QuerySpacesImpl - Adding QuerySpace : uid = <gen:0> -> org.hibernate.loader.plan.build.internal.spaces.EntityQuerySpaceImpl@2f4ba1ae]
17:59:18.415 [main] TRACE org.hibernate.loader.plan.build.internal.AbstractLoadPlanBuildingAssociationVisitationStrategy - Pushing fetch source to stack : org.hibernate.loader.plan.build.internal.returns.EntityReturnImpl@1391af3b
17:59:18.415 [main] TRACE org.hibernate.loader.plan.build.internal.AbstractLoadPlanBuildingAssociationVisitationStrategy - .. Registering AssociationKey : AssociationKey(table=category, columns={category_id}) -> org.hibernate.loader.plan.build.internal.returns.EntityReturnImpl@1391af3b
17:59:18.415 [main] TRACE org.hibernate.loader.plan.build.internal.AbstractLoadPlanBuildingAssociationVisitationStrategy - >> Starting entity identifier : com.soft.entity.CategoryEntity
17:59:18.415 [main] DEBUG org.hibernate.persister.walking.spi.MetamodelGraphWalker - Visiting attribute path : entityName
17:59:18.415 [main] TRACE org.hibernate.loader.plan.build.internal.AbstractLoadPlanBuildingAssociationVisitationStrategy - >> Starting attribute Attribute(name=entityName, type=string [non-identifier])
17:59:18.415 [main] TRACE org.hibernate.loader.plan.build.internal.AbstractLoadPlanBuildingAssociationVisitationStrategy - << Finishing up attribute : Attribute(name=entityName, type=string [non-identifier])
17:59:18.415 [main] DEBUG org.hibernate.persister.walking.spi.MetamodelGraphWalker - Visiting attribute path : name
17:59:18.415 [main] TRACE org.hibernate.loader.plan.build.internal.AbstractLoadPlanBuildingAssociationVisitationStrategy - >> Starting attribute Attribute(name=name, type=string [non-identifier])
17:59:18.415 [main] TRACE org.hibernate.loader.plan.build.internal.AbstractLoadPlanBuildingAssociationVisitationStrategy - << Finishing up attribute : Attribute(name=name, type=string [non-identifier])
17:59:18.415 [main] DEBUG org.hibernate.persister.walking.spi.MetamodelGraphWalker - Visiting attribute path : photo
17:59:18.415 [main] TRACE org.hibernate.loader.plan.build.internal.AbstractLoadPlanBuildingAssociationVisitationStrategy - >> Starting attribute Attribute(name=photo, type=binary [non-identifier])
17:59:18.415 [main] TRACE org.hibernate.loader.plan.build.internal.AbstractLoadPlanBuildingAssociationVisitationStrategy - << Finishing up attribute : Attribute(name=photo, type=binary [non-identifier])
17:59:18.415 [main] TRACE org.hibernate.loader.plan.build.internal.AbstractLoadPlanBuildingAssociationVisitationStrategy - Popped fetch owner from stack : org.hibernate.loader.plan.build.internal.returns.EntityReturnImpl@1391af3b
17:59:18.415 [main] TRACE org.hibernate.loader.plan.build.internal.AbstractLoadPlanBuildingAssociationVisitationStrategy -  Finished root entity : com.soft.entity.CategoryEntity
17:59:18.415 [main] DEBUG org.hibernate.loader.plan.build.internal.FetchStyleLoadPlanBuildingAssociationVisitationStrategy - Building LoadPlan...
17:59:18.415 [main] DEBUG org.hibernate.loader.plan.exec.internal.LoadQueryJoinAndFetchProcessor - processing queryspace <gen:0>
17:59:18.415 [main] DEBUG org.hibernate.loader.plan.build.spi.LoadPlanTreePrinter - LoadPlan(entity=com.soft.entity.CategoryEntity)
    - Returns
       - EntityReturnImpl(entity=com.soft.entity.CategoryEntity, querySpaceUid=<gen:0>, path=com.soft.entity.CategoryEntity)
    - QuerySpaces
       - EntityQuerySpaceImpl(uid=<gen:0>, entity=com.soft.entity.CategoryEntity)
          - SQL table alias mapping - categoryen0_
          - alias suffix - 0_
          - suffixed key columns - {category1_0_0_}

17:59:18.415 [main] DEBUG org.hibernate.loader.entity.plan.EntityLoader - Static select for entity com.soft.entity.CategoryEntity [OPTIMISTIC_FORCE_INCREMENT]: select categoryen0_.category_id as category1_0_0_, categoryen0_.entity_name as entity_n2_0_0_, categoryen0_.name as name3_0_0_, categoryen0_.photo as photo4_0_0_ from category categoryen0_ where categoryen0_.category_id=?
17:59:18.416 [main] DEBUG org.hibernate.loader.Loader - Static select for action ACTION_MERGE on entity com.soft.entity.CategoryEntity: select categoryen0_.category_id as category1_0_0_, categoryen0_.entity_name as entity_n2_0_0_, categoryen0_.name as name3_0_0_, categoryen0_.photo as photo4_0_0_ from category categoryen0_ where categoryen0_.category_id=?
17:59:18.416 [main] DEBUG org.hibernate.loader.Loader - Static select for action ACTION_REFRESH on entity com.soft.entity.CategoryEntity: select categoryen0_.category_id as category1_0_0_, categoryen0_.entity_name as entity_n2_0_0_, categoryen0_.name as name3_0_0_, categoryen0_.photo as photo4_0_0_ from category categoryen0_ where categoryen0_.category_id=?
17:59:18.416 [main] DEBUG org.hibernate.persister.entity.AbstractEntityPersister - Static SQL for entity: com.soft.entity.PersonEntity
17:59:18.416 [main] DEBUG org.hibernate.persister.entity.AbstractEntityPersister -  Version select: select ID from PERSON where ID =?
17:59:18.416 [main] DEBUG org.hibernate.persister.entity.AbstractEntityPersister -  Snapshot select: select personenti_.ID, personenti_.NAME as NAME2_2_ from PERSON personenti_ where personenti_.ID=?
17:59:18.416 [main] DEBUG org.hibernate.persister.entity.AbstractEntityPersister -  Insert 0: insert into PERSON (NAME, ID) values (?, ?)
17:59:18.416 [main] DEBUG org.hibernate.persister.entity.AbstractEntityPersister -  Update 0: update PERSON set NAME=? where ID=?
17:59:18.416 [main] DEBUG org.hibernate.persister.entity.AbstractEntityPersister -  Delete 0: delete from PERSON where ID=?
17:59:18.416 [main] TRACE org.hibernate.loader.plan.build.internal.AbstractLoadPlanBuildingAssociationVisitationStrategy -  Starting root entity : com.soft.entity.PersonEntity
17:59:18.416 [main] DEBUG org.hibernate.loader.plan.build.internal.spaces.QuerySpacesImpl - Adding QuerySpace : uid = <gen:0> -> org.hibernate.loader.plan.build.internal.spaces.EntityQuerySpaceImpl@3762c4fc]
17:59:18.416 [main] TRACE org.hibernate.loader.plan.build.internal.AbstractLoadPlanBuildingAssociationVisitationStrategy - Pushing fetch source to stack : org.hibernate.loader.plan.build.internal.returns.EntityReturnImpl@77ab22be
17:59:18.416 [main] TRACE org.hibernate.loader.plan.build.internal.AbstractLoadPlanBuildingAssociationVisitationStrategy - .. Registering AssociationKey : AssociationKey(table=PERSON, columns={ID}) -> org.hibernate.loader.plan.build.internal.returns.EntityReturnImpl@77ab22be
17:59:18.416 [main] TRACE org.hibernate.loader.plan.build.internal.AbstractLoadPlanBuildingAssociationVisitationStrategy - >> Starting entity identifier : com.soft.entity.PersonEntity
17:59:18.416 [main] DEBUG org.hibernate.persister.walking.spi.MetamodelGraphWalker - Visiting attribute path : name
17:59:18.416 [main] TRACE org.hibernate.loader.plan.build.internal.AbstractLoadPlanBuildingAssociationVisitationStrategy - >> Starting attribute Attribute(name=name, type=character [non-identifier])
17:59:18.416 [main] TRACE org.hibernate.loader.plan.build.internal.AbstractLoadPlanBuildingAssociationVisitationStrategy - << Finishing up attribute : Attribute(name=name, type=character [non-identifier])
17:59:18.417 [main] TRACE org.hibernate.loader.plan.build.internal.AbstractLoadPlanBuildingAssociationVisitationStrategy - Popped fetch owner from stack : org.hibernate.loader.plan.build.internal.returns.EntityReturnImpl@77ab22be
17:59:18.417 [main] TRACE org.hibernate.loader.plan.build.internal.AbstractLoadPlanBuildingAssociationVisitationStrategy -  Finished root entity : com.soft.entity.PersonEntity
17:59:18.417 [main] DEBUG org.hibernate.loader.plan.build.internal.FetchStyleLoadPlanBuildingAssociationVisitationStrategy - Building LoadPlan...
17:59:18.417 [main] DEBUG org.hibernate.loader.plan.exec.internal.LoadQueryJoinAndFetchProcessor - processing queryspace <gen:0>
17:59:18.417 [main] DEBUG org.hibernate.loader.plan.build.spi.LoadPlanTreePrinter - LoadPlan(entity=com.soft.entity.PersonEntity)
    - Returns
       - EntityReturnImpl(entity=com.soft.entity.PersonEntity, querySpaceUid=<gen:0>, path=com.soft.entity.PersonEntity)
    - QuerySpaces
       - EntityQuerySpaceImpl(uid=<gen:0>, entity=com.soft.entity.PersonEntity)
          - SQL table alias mapping - personenti0_
          - alias suffix - 0_
          - suffixed key columns - {ID1_2_0_}

17:59:18.417 [main] DEBUG org.hibernate.loader.entity.plan.EntityLoader - Static select for entity com.soft.entity.PersonEntity [NONE]: select personenti0_.ID as ID1_2_0_, personenti0_.NAME as NAME2_2_0_ from PERSON personenti0_ where personenti0_.ID=?
17:59:18.417 [main] TRACE org.hibernate.loader.plan.build.internal.AbstractLoadPlanBuildingAssociationVisitationStrategy -  Starting root entity : com.soft.entity.PersonEntity
17:59:18.417 [main] DEBUG org.hibernate.loader.plan.build.internal.spaces.QuerySpacesImpl - Adding QuerySpace : uid = <gen:0> -> org.hibernate.loader.plan.build.internal.spaces.EntityQuerySpaceImpl@59fbb34]
17:59:18.417 [main] TRACE org.hibernate.loader.plan.build.internal.AbstractLoadPlanBuildingAssociationVisitationStrategy - Pushing fetch source to stack : org.hibernate.loader.plan.build.internal.returns.EntityReturnImpl@1b6924cb
17:59:18.417 [main] TRACE org.hibernate.loader.plan.build.internal.AbstractLoadPlanBuildingAssociationVisitationStrategy - .. Registering AssociationKey : AssociationKey(table=PERSON, columns={ID}) -> org.hibernate.loader.plan.build.internal.returns.EntityReturnImpl@1b6924cb
17:59:18.417 [main] TRACE org.hibernate.loader.plan.build.internal.AbstractLoadPlanBuildingAssociationVisitationStrategy - >> Starting entity identifier : com.soft.entity.PersonEntity
17:59:18.417 [main] DEBUG org.hibernate.persister.walking.spi.MetamodelGraphWalker - Visiting attribute path : name
17:59:18.417 [main] TRACE org.hibernate.loader.plan.build.internal.AbstractLoadPlanBuildingAssociationVisitationStrategy - >> Starting attribute Attribute(name=name, type=character [non-identifier])
17:59:18.417 [main] TRACE org.hibernate.loader.plan.build.internal.AbstractLoadPlanBuildingAssociationVisitationStrategy - << Finishing up attribute : Attribute(name=name, type=character [non-identifier])
17:59:18.417 [main] TRACE org.hibernate.loader.plan.build.internal.AbstractLoadPlanBuildingAssociationVisitationStrategy - Popped fetch owner from stack : org.hibernate.loader.plan.build.internal.returns.EntityReturnImpl@1b6924cb
17:59:18.417 [main] TRACE org.hibernate.loader.plan.build.internal.AbstractLoadPlanBuildingAssociationVisitationStrategy -  Finished root entity : com.soft.entity.PersonEntity
17:59:18.417 [main] DEBUG org.hibernate.loader.plan.build.internal.FetchStyleLoadPlanBuildingAssociationVisitationStrategy - Building LoadPlan...
17:59:18.417 [main] DEBUG org.hibernate.loader.plan.exec.internal.LoadQueryJoinAndFetchProcessor - processing queryspace <gen:0>
17:59:18.418 [main] DEBUG org.hibernate.loader.plan.build.spi.LoadPlanTreePrinter - LoadPlan(entity=com.soft.entity.PersonEntity)
    - Returns
       - EntityReturnImpl(entity=com.soft.entity.PersonEntity, querySpaceUid=<gen:0>, path=com.soft.entity.PersonEntity)
    - QuerySpaces
       - EntityQuerySpaceImpl(uid=<gen:0>, entity=com.soft.entity.PersonEntity)
          - SQL table alias mapping - personenti0_
          - alias suffix - 0_
          - suffixed key columns - {ID1_2_0_}

17:59:18.418 [main] DEBUG org.hibernate.loader.entity.plan.EntityLoader - Static select for entity com.soft.entity.PersonEntity [READ]: select personenti0_.ID as ID1_2_0_, personenti0_.NAME as NAME2_2_0_ from PERSON personenti0_ where personenti0_.ID=?
17:59:18.418 [main] TRACE org.hibernate.loader.plan.build.internal.AbstractLoadPlanBuildingAssociationVisitationStrategy -  Starting root entity : com.soft.entity.PersonEntity
17:59:18.418 [main] DEBUG org.hibernate.loader.plan.build.internal.spaces.QuerySpacesImpl - Adding QuerySpace : uid = <gen:0> -> org.hibernate.loader.plan.build.internal.spaces.EntityQuerySpaceImpl@3a8d467e]
17:59:18.418 [main] TRACE org.hibernate.loader.plan.build.internal.AbstractLoadPlanBuildingAssociationVisitationStrategy - Pushing fetch source to stack : org.hibernate.loader.plan.build.internal.returns.EntityReturnImpl@141d3d43
17:59:18.418 [main] TRACE org.hibernate.loader.plan.build.internal.AbstractLoadPlanBuildingAssociationVisitationStrategy - .. Registering AssociationKey : AssociationKey(table=PERSON, columns={ID}) -> org.hibernate.loader.plan.build.internal.returns.EntityReturnImpl@141d3d43
17:59:18.418 [main] TRACE org.hibernate.loader.plan.build.internal.AbstractLoadPlanBuildingAssociationVisitationStrategy - >> Starting entity identifier : com.soft.entity.PersonEntity
17:59:18.418 [main] DEBUG org.hibernate.persister.walking.spi.MetamodelGraphWalker - Visiting attribute path : name
17:59:18.418 [main] TRACE org.hibernate.loader.plan.build.internal.AbstractLoadPlanBuildingAssociationVisitationStrategy - >> Starting attribute Attribute(name=name, type=character [non-identifier])
17:59:18.418 [main] TRACE org.hibernate.loader.plan.build.internal.AbstractLoadPlanBuildingAssociationVisitationStrategy - << Finishing up attribute : Attribute(name=name, type=character [non-identifier])
17:59:18.418 [main] TRACE org.hibernate.loader.plan.build.internal.AbstractLoadPlanBuildingAssociationVisitationStrategy - Popped fetch owner from stack : org.hibernate.loader.plan.build.internal.returns.EntityReturnImpl@141d3d43
17:59:18.418 [main] TRACE org.hibernate.loader.plan.build.internal.AbstractLoadPlanBuildingAssociationVisitationStrategy -  Finished root entity : com.soft.entity.PersonEntity
17:59:18.418 [main] DEBUG org.hibernate.loader.plan.build.internal.FetchStyleLoadPlanBuildingAssociationVisitationStrategy - Building LoadPlan...
17:59:18.418 [main] DEBUG org.hibernate.loader.plan.exec.internal.LoadQueryJoinAndFetchProcessor - processing queryspace <gen:0>
17:59:18.418 [main] DEBUG org.hibernate.loader.plan.build.spi.LoadPlanTreePrinter - LoadPlan(entity=com.soft.entity.PersonEntity)
    - Returns
       - EntityReturnImpl(entity=com.soft.entity.PersonEntity, querySpaceUid=<gen:0>, path=com.soft.entity.PersonEntity)
    - QuerySpaces
       - EntityQuerySpaceImpl(uid=<gen:0>, entity=com.soft.entity.PersonEntity)
          - SQL table alias mapping - personenti0_
          - alias suffix - 0_
          - suffixed key columns - {ID1_2_0_}

17:59:18.418 [main] DEBUG org.hibernate.loader.entity.plan.EntityLoader - Static select for entity com.soft.entity.PersonEntity [UPGRADE]: select personenti0_.ID as ID1_2_0_, personenti0_.NAME as NAME2_2_0_ from PERSON personenti0_ where personenti0_.ID=? for update
17:59:18.418 [main] TRACE org.hibernate.loader.plan.build.internal.AbstractLoadPlanBuildingAssociationVisitationStrategy -  Starting root entity : com.soft.entity.PersonEntity
17:59:18.418 [main] DEBUG org.hibernate.loader.plan.build.internal.spaces.QuerySpacesImpl - Adding QuerySpace : uid = <gen:0> -> org.hibernate.loader.plan.build.internal.spaces.EntityQuerySpaceImpl@6ca372ef]
17:59:18.419 [main] TRACE org.hibernate.loader.plan.build.internal.AbstractLoadPlanBuildingAssociationVisitationStrategy - Pushing fetch source to stack : org.hibernate.loader.plan.build.internal.returns.EntityReturnImpl@3ebe4ccc
17:59:18.421 [main] TRACE org.hibernate.loader.plan.build.internal.AbstractLoadPlanBuildingAssociationVisitationStrategy - .. Registering AssociationKey : AssociationKey(table=PERSON, columns={ID}) -> org.hibernate.loader.plan.build.internal.returns.EntityReturnImpl@3ebe4ccc
17:59:18.422 [main] TRACE org.hibernate.loader.plan.build.internal.AbstractLoadPlanBuildingAssociationVisitationStrategy - >> Starting entity identifier : com.soft.entity.PersonEntity
17:59:18.422 [main] DEBUG org.hibernate.persister.walking.spi.MetamodelGraphWalker - Visiting attribute path : name
17:59:18.422 [main] TRACE org.hibernate.loader.plan.build.internal.AbstractLoadPlanBuildingAssociationVisitationStrategy - >> Starting attribute Attribute(name=name, type=character [non-identifier])
17:59:18.422 [main] TRACE org.hibernate.loader.plan.build.internal.AbstractLoadPlanBuildingAssociationVisitationStrategy - << Finishing up attribute : Attribute(name=name, type=character [non-identifier])
17:59:18.422 [main] TRACE org.hibernate.loader.plan.build.internal.AbstractLoadPlanBuildingAssociationVisitationStrategy - Popped fetch owner from stack : org.hibernate.loader.plan.build.internal.returns.EntityReturnImpl@3ebe4ccc
17:59:18.422 [main] TRACE org.hibernate.loader.plan.build.internal.AbstractLoadPlanBuildingAssociationVisitationStrategy -  Finished root entity : com.soft.entity.PersonEntity
17:59:18.422 [main] DEBUG org.hibernate.loader.plan.build.internal.FetchStyleLoadPlanBuildingAssociationVisitationStrategy - Building LoadPlan...
17:59:18.422 [main] DEBUG org.hibernate.loader.plan.exec.internal.LoadQueryJoinAndFetchProcessor - processing queryspace <gen:0>
17:59:18.422 [main] DEBUG org.hibernate.loader.plan.build.spi.LoadPlanTreePrinter - LoadPlan(entity=com.soft.entity.PersonEntity)
    - Returns
       - EntityReturnImpl(entity=com.soft.entity.PersonEntity, querySpaceUid=<gen:0>, path=com.soft.entity.PersonEntity)
    - QuerySpaces
       - EntityQuerySpaceImpl(uid=<gen:0>, entity=com.soft.entity.PersonEntity)
          - SQL table alias mapping - personenti0_
          - alias suffix - 0_
          - suffixed key columns - {ID1_2_0_}

17:59:18.422 [main] DEBUG org.hibernate.loader.entity.plan.EntityLoader - Static select for entity com.soft.entity.PersonEntity [UPGRADE_NOWAIT]: select personenti0_.ID as ID1_2_0_, personenti0_.NAME as NAME2_2_0_ from PERSON personenti0_ where personenti0_.ID=? for update
17:59:18.422 [main] TRACE org.hibernate.loader.plan.build.internal.AbstractLoadPlanBuildingAssociationVisitationStrategy -  Starting root entity : com.soft.entity.PersonEntity
17:59:18.422 [main] DEBUG org.hibernate.loader.plan.build.internal.spaces.QuerySpacesImpl - Adding QuerySpace : uid = <gen:0> -> org.hibernate.loader.plan.build.internal.spaces.EntityQuerySpaceImpl@6ed043d3]
17:59:18.423 [main] TRACE org.hibernate.loader.plan.build.internal.AbstractLoadPlanBuildingAssociationVisitationStrategy - Pushing fetch source to stack : org.hibernate.loader.plan.build.internal.returns.EntityReturnImpl@135a8c6f
17:59:18.423 [main] TRACE org.hibernate.loader.plan.build.internal.AbstractLoadPlanBuildingAssociationVisitationStrategy - .. Registering AssociationKey : AssociationKey(table=PERSON, columns={ID}) -> org.hibernate.loader.plan.build.internal.returns.EntityReturnImpl@135a8c6f
17:59:18.423 [main] TRACE org.hibernate.loader.plan.build.internal.AbstractLoadPlanBuildingAssociationVisitationStrategy - >> Starting entity identifier : com.soft.entity.PersonEntity
17:59:18.423 [main] DEBUG org.hibernate.persister.walking.spi.MetamodelGraphWalker - Visiting attribute path : name
17:59:18.423 [main] TRACE org.hibernate.loader.plan.build.internal.AbstractLoadPlanBuildingAssociationVisitationStrategy - >> Starting attribute Attribute(name=name, type=character [non-identifier])
17:59:18.423 [main] TRACE org.hibernate.loader.plan.build.internal.AbstractLoadPlanBuildingAssociationVisitationStrategy - << Finishing up attribute : Attribute(name=name, type=character [non-identifier])
17:59:18.423 [main] TRACE org.hibernate.loader.plan.build.internal.AbstractLoadPlanBuildingAssociationVisitationStrategy - Popped fetch owner from stack : org.hibernate.loader.plan.build.internal.returns.EntityReturnImpl@135a8c6f
17:59:18.423 [main] TRACE org.hibernate.loader.plan.build.internal.AbstractLoadPlanBuildingAssociationVisitationStrategy -  Finished root entity : com.soft.entity.PersonEntity
17:59:18.423 [main] DEBUG org.hibernate.loader.plan.build.internal.FetchStyleLoadPlanBuildingAssociationVisitationStrategy - Building LoadPlan...
17:59:18.423 [main] DEBUG org.hibernate.loader.plan.exec.internal.LoadQueryJoinAndFetchProcessor - processing queryspace <gen:0>
17:59:18.423 [main] DEBUG org.hibernate.loader.plan.build.spi.LoadPlanTreePrinter - LoadPlan(entity=com.soft.entity.PersonEntity)
    - Returns
       - EntityReturnImpl(entity=com.soft.entity.PersonEntity, querySpaceUid=<gen:0>, path=com.soft.entity.PersonEntity)
    - QuerySpaces
       - EntityQuerySpaceImpl(uid=<gen:0>, entity=com.soft.entity.PersonEntity)
          - SQL table alias mapping - personenti0_
          - alias suffix - 0_
          - suffixed key columns - {ID1_2_0_}

17:59:18.423 [main] DEBUG org.hibernate.loader.entity.plan.EntityLoader - Static select for entity com.soft.entity.PersonEntity [UPGRADE_SKIPLOCKED]: select personenti0_.ID as ID1_2_0_, personenti0_.NAME as NAME2_2_0_ from PERSON personenti0_ where personenti0_.ID=? for update
17:59:18.423 [main] TRACE org.hibernate.loader.plan.build.internal.AbstractLoadPlanBuildingAssociationVisitationStrategy -  Starting root entity : com.soft.entity.PersonEntity
17:59:18.423 [main] DEBUG org.hibernate.loader.plan.build.internal.spaces.QuerySpacesImpl - Adding QuerySpace : uid = <gen:0> -> org.hibernate.loader.plan.build.internal.spaces.EntityQuerySpaceImpl@6419a0e1]
17:59:18.423 [main] TRACE org.hibernate.loader.plan.build.internal.AbstractLoadPlanBuildingAssociationVisitationStrategy - Pushing fetch source to stack : org.hibernate.loader.plan.build.internal.returns.EntityReturnImpl@280d4882
17:59:18.424 [main] TRACE org.hibernate.loader.plan.build.internal.AbstractLoadPlanBuildingAssociationVisitationStrategy - .. Registering AssociationKey : AssociationKey(table=PERSON, columns={ID}) -> org.hibernate.loader.plan.build.internal.returns.EntityReturnImpl@280d4882
17:59:18.424 [main] TRACE org.hibernate.loader.plan.build.internal.AbstractLoadPlanBuildingAssociationVisitationStrategy - >> Starting entity identifier : com.soft.entity.PersonEntity
17:59:18.424 [main] DEBUG org.hibernate.persister.walking.spi.MetamodelGraphWalker - Visiting attribute path : name
17:59:18.424 [main] TRACE org.hibernate.loader.plan.build.internal.AbstractLoadPlanBuildingAssociationVisitationStrategy - >> Starting attribute Attribute(name=name, type=character [non-identifier])
17:59:18.424 [main] TRACE org.hibernate.loader.plan.build.internal.AbstractLoadPlanBuildingAssociationVisitationStrategy - << Finishing up attribute : Attribute(name=name, type=character [non-identifier])
17:59:18.424 [main] TRACE org.hibernate.loader.plan.build.internal.AbstractLoadPlanBuildingAssociationVisitationStrategy - Popped fetch owner from stack : org.hibernate.loader.plan.build.internal.returns.EntityReturnImpl@280d4882
17:59:18.424 [main] TRACE org.hibernate.loader.plan.build.internal.AbstractLoadPlanBuildingAssociationVisitationStrategy -  Finished root entity : com.soft.entity.PersonEntity
17:59:18.424 [main] DEBUG org.hibernate.loader.plan.build.internal.FetchStyleLoadPlanBuildingAssociationVisitationStrategy - Building LoadPlan...
17:59:18.424 [main] DEBUG org.hibernate.loader.plan.exec.internal.LoadQueryJoinAndFetchProcessor - processing queryspace <gen:0>
17:59:18.424 [main] DEBUG org.hibernate.loader.plan.build.spi.LoadPlanTreePrinter - LoadPlan(entity=com.soft.entity.PersonEntity)
    - Returns
       - EntityReturnImpl(entity=com.soft.entity.PersonEntity, querySpaceUid=<gen:0>, path=com.soft.entity.PersonEntity)
    - QuerySpaces
       - EntityQuerySpaceImpl(uid=<gen:0>, entity=com.soft.entity.PersonEntity)
          - SQL table alias mapping - personenti0_
          - alias suffix - 0_
          - suffixed key columns - {ID1_2_0_}

17:59:18.424 [main] DEBUG org.hibernate.loader.entity.plan.EntityLoader - Static select for entity com.soft.entity.PersonEntity [FORCE]: select personenti0_.ID as ID1_2_0_, personenti0_.NAME as NAME2_2_0_ from PERSON personenti0_ where personenti0_.ID=? for update
17:59:18.424 [main] TRACE org.hibernate.loader.plan.build.internal.AbstractLoadPlanBuildingAssociationVisitationStrategy -  Starting root entity : com.soft.entity.PersonEntity
17:59:18.424 [main] DEBUG org.hibernate.loader.plan.build.internal.spaces.QuerySpacesImpl - Adding QuerySpace : uid = <gen:0> -> org.hibernate.loader.plan.build.internal.spaces.EntityQuerySpaceImpl@44af588b]
17:59:18.424 [main] TRACE org.hibernate.loader.plan.build.internal.AbstractLoadPlanBuildingAssociationVisitationStrategy - Pushing fetch source to stack : org.hibernate.loader.plan.build.internal.returns.EntityReturnImpl@3d19d85
17:59:18.424 [main] TRACE org.hibernate.loader.plan.build.internal.AbstractLoadPlanBuildingAssociationVisitationStrategy - .. Registering AssociationKey : AssociationKey(table=PERSON, columns={ID}) -> org.hibernate.loader.plan.build.internal.returns.EntityReturnImpl@3d19d85
17:59:18.424 [main] TRACE org.hibernate.loader.plan.build.internal.AbstractLoadPlanBuildingAssociationVisitationStrategy - >> Starting entity identifier : com.soft.entity.PersonEntity
17:59:18.424 [main] DEBUG org.hibernate.persister.walking.spi.MetamodelGraphWalker - Visiting attribute path : name
17:59:18.424 [main] TRACE org.hibernate.loader.plan.build.internal.AbstractLoadPlanBuildingAssociationVisitationStrategy - >> Starting attribute Attribute(name=name, type=character [non-identifier])
17:59:18.424 [main] TRACE org.hibernate.loader.plan.build.internal.AbstractLoadPlanBuildingAssociationVisitationStrategy - << Finishing up attribute : Attribute(name=name, type=character [non-identifier])
17:59:18.424 [main] TRACE org.hibernate.loader.plan.build.internal.AbstractLoadPlanBuildingAssociationVisitationStrategy - Popped fetch owner from stack : org.hibernate.loader.plan.build.internal.returns.EntityReturnImpl@3d19d85
17:59:18.424 [main] TRACE org.hibernate.loader.plan.build.internal.AbstractLoadPlanBuildingAssociationVisitationStrategy -  Finished root entity : com.soft.entity.PersonEntity
17:59:18.425 [main] DEBUG org.hibernate.loader.plan.build.internal.FetchStyleLoadPlanBuildingAssociationVisitationStrategy - Building LoadPlan...
17:59:18.425 [main] DEBUG org.hibernate.loader.plan.exec.internal.LoadQueryJoinAndFetchProcessor - processing queryspace <gen:0>
17:59:18.426 [main] DEBUG org.hibernate.loader.plan.build.spi.LoadPlanTreePrinter - LoadPlan(entity=com.soft.entity.PersonEntity)
    - Returns
       - EntityReturnImpl(entity=com.soft.entity.PersonEntity, querySpaceUid=<gen:0>, path=com.soft.entity.PersonEntity)
    - QuerySpaces
       - EntityQuerySpaceImpl(uid=<gen:0>, entity=com.soft.entity.PersonEntity)
          - SQL table alias mapping - personenti0_
          - alias suffix - 0_
          - suffixed key columns - {ID1_2_0_}

17:59:18.426 [main] DEBUG org.hibernate.loader.entity.plan.EntityLoader - Static select for entity com.soft.entity.PersonEntity [PESSIMISTIC_READ]: select personenti0_.ID as ID1_2_0_, personenti0_.NAME as NAME2_2_0_ from PERSON personenti0_ where personenti0_.ID=? lock in share mode
17:59:18.426 [main] TRACE org.hibernate.loader.plan.build.internal.AbstractLoadPlanBuildingAssociationVisitationStrategy -  Starting root entity : com.soft.entity.PersonEntity
17:59:18.426 [main] DEBUG org.hibernate.loader.plan.build.internal.spaces.QuerySpacesImpl - Adding QuerySpace : uid = <gen:0> -> org.hibernate.loader.plan.build.internal.spaces.EntityQuerySpaceImpl@2ae62bb6]
17:59:18.426 [main] TRACE org.hibernate.loader.plan.build.internal.AbstractLoadPlanBuildingAssociationVisitationStrategy - Pushing fetch source to stack : org.hibernate.loader.plan.build.internal.returns.EntityReturnImpl@68ed3f30
17:59:18.427 [main] TRACE org.hibernate.loader.plan.build.internal.AbstractLoadPlanBuildingAssociationVisitationStrategy - .. Registering AssociationKey : AssociationKey(table=PERSON, columns={ID}) -> org.hibernate.loader.plan.build.internal.returns.EntityReturnImpl@68ed3f30
17:59:18.427 [main] TRACE org.hibernate.loader.plan.build.internal.AbstractLoadPlanBuildingAssociationVisitationStrategy - >> Starting entity identifier : com.soft.entity.PersonEntity
17:59:18.427 [main] DEBUG org.hibernate.persister.walking.spi.MetamodelGraphWalker - Visiting attribute path : name
17:59:18.427 [main] TRACE org.hibernate.loader.plan.build.internal.AbstractLoadPlanBuildingAssociationVisitationStrategy - >> Starting attribute Attribute(name=name, type=character [non-identifier])
17:59:18.427 [main] TRACE org.hibernate.loader.plan.build.internal.AbstractLoadPlanBuildingAssociationVisitationStrategy - << Finishing up attribute : Attribute(name=name, type=character [non-identifier])
17:59:18.427 [main] TRACE org.hibernate.loader.plan.build.internal.AbstractLoadPlanBuildingAssociationVisitationStrategy - Popped fetch owner from stack : org.hibernate.loader.plan.build.internal.returns.EntityReturnImpl@68ed3f30
17:59:18.427 [main] TRACE org.hibernate.loader.plan.build.internal.AbstractLoadPlanBuildingAssociationVisitationStrategy -  Finished root entity : com.soft.entity.PersonEntity
17:59:18.427 [main] DEBUG org.hibernate.loader.plan.build.internal.FetchStyleLoadPlanBuildingAssociationVisitationStrategy - Building LoadPlan...
17:59:18.427 [main] DEBUG org.hibernate.loader.plan.exec.internal.LoadQueryJoinAndFetchProcessor - processing queryspace <gen:0>
17:59:18.428 [main] DEBUG org.hibernate.loader.plan.build.spi.LoadPlanTreePrinter - LoadPlan(entity=com.soft.entity.PersonEntity)
    - Returns
       - EntityReturnImpl(entity=com.soft.entity.PersonEntity, querySpaceUid=<gen:0>, path=com.soft.entity.PersonEntity)
    - QuerySpaces
       - EntityQuerySpaceImpl(uid=<gen:0>, entity=com.soft.entity.PersonEntity)
          - SQL table alias mapping - personenti0_
          - alias suffix - 0_
          - suffixed key columns - {ID1_2_0_}

17:59:18.428 [main] DEBUG org.hibernate.loader.entity.plan.EntityLoader - Static select for entity com.soft.entity.PersonEntity [PESSIMISTIC_WRITE]: select personenti0_.ID as ID1_2_0_, personenti0_.NAME as NAME2_2_0_ from PERSON personenti0_ where personenti0_.ID=? for update
17:59:18.428 [main] TRACE org.hibernate.loader.plan.build.internal.AbstractLoadPlanBuildingAssociationVisitationStrategy -  Starting root entity : com.soft.entity.PersonEntity
17:59:18.428 [main] DEBUG org.hibernate.loader.plan.build.internal.spaces.QuerySpacesImpl - Adding QuerySpace : uid = <gen:0> -> org.hibernate.loader.plan.build.internal.spaces.EntityQuerySpaceImpl@56b859a6]
17:59:18.428 [main] TRACE org.hibernate.loader.plan.build.internal.AbstractLoadPlanBuildingAssociationVisitationStrategy - Pushing fetch source to stack : org.hibernate.loader.plan.build.internal.returns.EntityReturnImpl@590adb41
17:59:18.428 [main] TRACE org.hibernate.loader.plan.build.internal.AbstractLoadPlanBuildingAssociationVisitationStrategy - .. Registering AssociationKey : AssociationKey(table=PERSON, columns={ID}) -> org.hibernate.loader.plan.build.internal.returns.EntityReturnImpl@590adb41
17:59:18.428 [main] TRACE org.hibernate.loader.plan.build.internal.AbstractLoadPlanBuildingAssociationVisitationStrategy - >> Starting entity identifier : com.soft.entity.PersonEntity
17:59:18.428 [main] DEBUG org.hibernate.persister.walking.spi.MetamodelGraphWalker - Visiting attribute path : name
17:59:18.428 [main] TRACE org.hibernate.loader.plan.build.internal.AbstractLoadPlanBuildingAssociationVisitationStrategy - >> Starting attribute Attribute(name=name, type=character [non-identifier])
17:59:18.428 [main] TRACE org.hibernate.loader.plan.build.internal.AbstractLoadPlanBuildingAssociationVisitationStrategy - << Finishing up attribute : Attribute(name=name, type=character [non-identifier])
17:59:18.428 [main] TRACE org.hibernate.loader.plan.build.internal.AbstractLoadPlanBuildingAssociationVisitationStrategy - Popped fetch owner from stack : org.hibernate.loader.plan.build.internal.returns.EntityReturnImpl@590adb41
17:59:18.428 [main] TRACE org.hibernate.loader.plan.build.internal.AbstractLoadPlanBuildingAssociationVisitationStrategy -  Finished root entity : com.soft.entity.PersonEntity
17:59:18.428 [main] DEBUG org.hibernate.loader.plan.build.internal.FetchStyleLoadPlanBuildingAssociationVisitationStrategy - Building LoadPlan...
17:59:18.429 [main] DEBUG org.hibernate.loader.plan.exec.internal.LoadQueryJoinAndFetchProcessor - processing queryspace <gen:0>
17:59:18.429 [main] DEBUG org.hibernate.loader.plan.build.spi.LoadPlanTreePrinter - LoadPlan(entity=com.soft.entity.PersonEntity)
    - Returns
       - EntityReturnImpl(entity=com.soft.entity.PersonEntity, querySpaceUid=<gen:0>, path=com.soft.entity.PersonEntity)
    - QuerySpaces
       - EntityQuerySpaceImpl(uid=<gen:0>, entity=com.soft.entity.PersonEntity)
          - SQL table alias mapping - personenti0_
          - alias suffix - 0_
          - suffixed key columns - {ID1_2_0_}

17:59:18.429 [main] DEBUG org.hibernate.loader.entity.plan.EntityLoader - Static select for entity com.soft.entity.PersonEntity [PESSIMISTIC_FORCE_INCREMENT]: select personenti0_.ID as ID1_2_0_, personenti0_.NAME as NAME2_2_0_ from PERSON personenti0_ where personenti0_.ID=? for update
17:59:18.429 [main] TRACE org.hibernate.loader.plan.build.internal.AbstractLoadPlanBuildingAssociationVisitationStrategy -  Starting root entity : com.soft.entity.PersonEntity
17:59:18.429 [main] DEBUG org.hibernate.loader.plan.build.internal.spaces.QuerySpacesImpl - Adding QuerySpace : uid = <gen:0> -> org.hibernate.loader.plan.build.internal.spaces.EntityQuerySpaceImpl@42aae04d]
17:59:18.429 [main] TRACE org.hibernate.loader.plan.build.internal.AbstractLoadPlanBuildingAssociationVisitationStrategy - Pushing fetch source to stack : org.hibernate.loader.plan.build.internal.returns.EntityReturnImpl@43bf5397
17:59:18.429 [main] TRACE org.hibernate.loader.plan.build.internal.AbstractLoadPlanBuildingAssociationVisitationStrategy - .. Registering AssociationKey : AssociationKey(table=PERSON, columns={ID}) -> org.hibernate.loader.plan.build.internal.returns.EntityReturnImpl@43bf5397
17:59:18.429 [main] TRACE org.hibernate.loader.plan.build.internal.AbstractLoadPlanBuildingAssociationVisitationStrategy - >> Starting entity identifier : com.soft.entity.PersonEntity
17:59:18.429 [main] DEBUG org.hibernate.persister.walking.spi.MetamodelGraphWalker - Visiting attribute path : name
17:59:18.429 [main] TRACE org.hibernate.loader.plan.build.internal.AbstractLoadPlanBuildingAssociationVisitationStrategy - >> Starting attribute Attribute(name=name, type=character [non-identifier])
17:59:18.429 [main] TRACE org.hibernate.loader.plan.build.internal.AbstractLoadPlanBuildingAssociationVisitationStrategy - << Finishing up attribute : Attribute(name=name, type=character [non-identifier])
17:59:18.429 [main] TRACE org.hibernate.loader.plan.build.internal.AbstractLoadPlanBuildingAssociationVisitationStrategy - Popped fetch owner from stack : org.hibernate.loader.plan.build.internal.returns.EntityReturnImpl@43bf5397
17:59:18.429 [main] TRACE org.hibernate.loader.plan.build.internal.AbstractLoadPlanBuildingAssociationVisitationStrategy -  Finished root entity : com.soft.entity.PersonEntity
17:59:18.429 [main] DEBUG org.hibernate.loader.plan.build.internal.FetchStyleLoadPlanBuildingAssociationVisitationStrategy - Building LoadPlan...
17:59:18.429 [main] DEBUG org.hibernate.loader.plan.exec.internal.LoadQueryJoinAndFetchProcessor - processing queryspace <gen:0>
17:59:18.429 [main] DEBUG org.hibernate.loader.plan.build.spi.LoadPlanTreePrinter - LoadPlan(entity=com.soft.entity.PersonEntity)
    - Returns
       - EntityReturnImpl(entity=com.soft.entity.PersonEntity, querySpaceUid=<gen:0>, path=com.soft.entity.PersonEntity)
    - QuerySpaces
       - EntityQuerySpaceImpl(uid=<gen:0>, entity=com.soft.entity.PersonEntity)
          - SQL table alias mapping - personenti0_
          - alias suffix - 0_
          - suffixed key columns - {ID1_2_0_}

17:59:18.429 [main] DEBUG org.hibernate.loader.entity.plan.EntityLoader - Static select for entity com.soft.entity.PersonEntity [OPTIMISTIC]: select personenti0_.ID as ID1_2_0_, personenti0_.NAME as NAME2_2_0_ from PERSON personenti0_ where personenti0_.ID=?
17:59:18.430 [main] TRACE org.hibernate.loader.plan.build.internal.AbstractLoadPlanBuildingAssociationVisitationStrategy -  Starting root entity : com.soft.entity.PersonEntity
17:59:18.430 [main] DEBUG org.hibernate.loader.plan.build.internal.spaces.QuerySpacesImpl - Adding QuerySpace : uid = <gen:0> -> org.hibernate.loader.plan.build.internal.spaces.EntityQuerySpaceImpl@575e572f]
17:59:18.430 [main] TRACE org.hibernate.loader.plan.build.internal.AbstractLoadPlanBuildingAssociationVisitationStrategy - Pushing fetch source to stack : org.hibernate.loader.plan.build.internal.returns.EntityReturnImpl@58015e56
17:59:18.430 [main] TRACE org.hibernate.loader.plan.build.internal.AbstractLoadPlanBuildingAssociationVisitationStrategy - .. Registering AssociationKey : AssociationKey(table=PERSON, columns={ID}) -> org.hibernate.loader.plan.build.internal.returns.EntityReturnImpl@58015e56
17:59:18.430 [main] TRACE org.hibernate.loader.plan.build.internal.AbstractLoadPlanBuildingAssociationVisitationStrategy - >> Starting entity identifier : com.soft.entity.PersonEntity
17:59:18.430 [main] DEBUG org.hibernate.persister.walking.spi.MetamodelGraphWalker - Visiting attribute path : name
17:59:18.430 [main] TRACE org.hibernate.loader.plan.build.internal.AbstractLoadPlanBuildingAssociationVisitationStrategy - >> Starting attribute Attribute(name=name, type=character [non-identifier])
17:59:18.430 [main] TRACE org.hibernate.loader.plan.build.internal.AbstractLoadPlanBuildingAssociationVisitationStrategy - << Finishing up attribute : Attribute(name=name, type=character [non-identifier])
17:59:18.430 [main] TRACE org.hibernate.loader.plan.build.internal.AbstractLoadPlanBuildingAssociationVisitationStrategy - Popped fetch owner from stack : org.hibernate.loader.plan.build.internal.returns.EntityReturnImpl@58015e56
17:59:18.430 [main] TRACE org.hibernate.loader.plan.build.internal.AbstractLoadPlanBuildingAssociationVisitationStrategy -  Finished root entity : com.soft.entity.PersonEntity
17:59:18.430 [main] DEBUG org.hibernate.loader.plan.build.internal.FetchStyleLoadPlanBuildingAssociationVisitationStrategy - Building LoadPlan...
17:59:18.430 [main] DEBUG org.hibernate.loader.plan.exec.internal.LoadQueryJoinAndFetchProcessor - processing queryspace <gen:0>
17:59:18.430 [main] DEBUG org.hibernate.loader.plan.build.spi.LoadPlanTreePrinter - LoadPlan(entity=com.soft.entity.PersonEntity)
    - Returns
       - EntityReturnImpl(entity=com.soft.entity.PersonEntity, querySpaceUid=<gen:0>, path=com.soft.entity.PersonEntity)
    - QuerySpaces
       - EntityQuerySpaceImpl(uid=<gen:0>, entity=com.soft.entity.PersonEntity)
          - SQL table alias mapping - personenti0_
          - alias suffix - 0_
          - suffixed key columns - {ID1_2_0_}

17:59:18.430 [main] DEBUG org.hibernate.loader.entity.plan.EntityLoader - Static select for entity com.soft.entity.PersonEntity [OPTIMISTIC_FORCE_INCREMENT]: select personenti0_.ID as ID1_2_0_, personenti0_.NAME as NAME2_2_0_ from PERSON personenti0_ where personenti0_.ID=?
17:59:18.431 [main] DEBUG org.hibernate.loader.Loader - Static select for action ACTION_MERGE on entity com.soft.entity.PersonEntity: select personenti0_.ID as ID1_2_0_, personenti0_.NAME as NAME2_2_0_ from PERSON personenti0_ where personenti0_.ID=?
17:59:18.431 [main] DEBUG org.hibernate.loader.Loader - Static select for action ACTION_REFRESH on entity com.soft.entity.PersonEntity: select personenti0_.ID as ID1_2_0_, personenti0_.NAME as NAME2_2_0_ from PERSON personenti0_ where personenti0_.ID=?
17:59:18.431 [main] DEBUG org.hibernate.persister.entity.AbstractEntityPersister - Static SQL for entity: com.soft.entity.LocaleMessageEntity
17:59:18.431 [main] DEBUG org.hibernate.persister.entity.AbstractEntityPersister -  Version select: select ID from locale where ID =?
17:59:18.431 [main] DEBUG org.hibernate.persister.entity.AbstractEntityPersister -  Snapshot select: select localemess_.ID, localemess_.locale as locale2_1_, localemess_.message as message3_1_, localemess_.msgkey as msgkey4_1_ from locale localemess_ where localemess_.ID=?
17:59:18.431 [main] DEBUG org.hibernate.persister.entity.AbstractEntityPersister -  Insert 0: insert into locale (locale, message, msgkey, ID) values (?, ?, ?, ?)
17:59:18.431 [main] DEBUG org.hibernate.persister.entity.AbstractEntityPersister -  Update 0: update locale set locale=?, message=?, msgkey=? where ID=?
17:59:18.431 [main] DEBUG org.hibernate.persister.entity.AbstractEntityPersister -  Delete 0: delete from locale where ID=?
17:59:18.431 [main] TRACE org.hibernate.loader.plan.build.internal.AbstractLoadPlanBuildingAssociationVisitationStrategy -  Starting root entity : com.soft.entity.LocaleMessageEntity
17:59:18.431 [main] DEBUG org.hibernate.loader.plan.build.internal.spaces.QuerySpacesImpl - Adding QuerySpace : uid = <gen:0> -> org.hibernate.loader.plan.build.internal.spaces.EntityQuerySpaceImpl@4d3c6593]
17:59:18.431 [main] TRACE org.hibernate.loader.plan.build.internal.AbstractLoadPlanBuildingAssociationVisitationStrategy - Pushing fetch source to stack : org.hibernate.loader.plan.build.internal.returns.EntityReturnImpl@7426a448
17:59:18.431 [main] TRACE org.hibernate.loader.plan.build.internal.AbstractLoadPlanBuildingAssociationVisitationStrategy - .. Registering AssociationKey : AssociationKey(table=locale, columns={ID}) -> org.hibernate.loader.plan.build.internal.returns.EntityReturnImpl@7426a448
17:59:18.431 [main] TRACE org.hibernate.loader.plan.build.internal.AbstractLoadPlanBuildingAssociationVisitationStrategy - >> Starting entity identifier : com.soft.entity.LocaleMessageEntity
17:59:18.431 [main] DEBUG org.hibernate.persister.walking.spi.MetamodelGraphWalker - Visiting attribute path : locale
17:59:18.431 [main] TRACE org.hibernate.loader.plan.build.internal.AbstractLoadPlanBuildingAssociationVisitationStrategy - >> Starting attribute Attribute(name=locale, type=string [non-identifier])
17:59:18.431 [main] TRACE org.hibernate.loader.plan.build.internal.AbstractLoadPlanBuildingAssociationVisitationStrategy - << Finishing up attribute : Attribute(name=locale, type=string [non-identifier])
17:59:18.431 [main] DEBUG org.hibernate.persister.walking.spi.MetamodelGraphWalker - Visiting attribute path : message
17:59:18.431 [main] TRACE org.hibernate.loader.plan.build.internal.AbstractLoadPlanBuildingAssociationVisitationStrategy - >> Starting attribute Attribute(name=message, type=string [non-identifier])
17:59:18.432 [main] TRACE org.hibernate.loader.plan.build.internal.AbstractLoadPlanBuildingAssociationVisitationStrategy - << Finishing up attribute : Attribute(name=message, type=string [non-identifier])
17:59:18.432 [main] DEBUG org.hibernate.persister.walking.spi.MetamodelGraphWalker - Visiting attribute path : msgKey
17:59:18.432 [main] TRACE org.hibernate.loader.plan.build.internal.AbstractLoadPlanBuildingAssociationVisitationStrategy - >> Starting attribute Attribute(name=msgKey, type=string [non-identifier])
17:59:18.432 [main] TRACE org.hibernate.loader.plan.build.internal.AbstractLoadPlanBuildingAssociationVisitationStrategy - << Finishing up attribute : Attribute(name=msgKey, type=string [non-identifier])
17:59:18.432 [main] TRACE org.hibernate.loader.plan.build.internal.AbstractLoadPlanBuildingAssociationVisitationStrategy - Popped fetch owner from stack : org.hibernate.loader.plan.build.internal.returns.EntityReturnImpl@7426a448
17:59:18.432 [main] TRACE org.hibernate.loader.plan.build.internal.AbstractLoadPlanBuildingAssociationVisitationStrategy -  Finished root entity : com.soft.entity.LocaleMessageEntity
17:59:18.432 [main] DEBUG org.hibernate.loader.plan.build.internal.FetchStyleLoadPlanBuildingAssociationVisitationStrategy - Building LoadPlan...
17:59:18.432 [main] DEBUG org.hibernate.loader.plan.exec.internal.LoadQueryJoinAndFetchProcessor - processing queryspace <gen:0>
17:59:18.432 [main] DEBUG org.hibernate.loader.plan.build.spi.LoadPlanTreePrinter - LoadPlan(entity=com.soft.entity.LocaleMessageEntity)
    - Returns
       - EntityReturnImpl(entity=com.soft.entity.LocaleMessageEntity, querySpaceUid=<gen:0>, path=com.soft.entity.LocaleMessageEntity)
    - QuerySpaces
       - EntityQuerySpaceImpl(uid=<gen:0>, entity=com.soft.entity.LocaleMessageEntity)
          - SQL table alias mapping - localemess0_
          - alias suffix - 0_
          - suffixed key columns - {ID1_1_0_}

17:59:18.432 [main] DEBUG org.hibernate.loader.entity.plan.EntityLoader - Static select for entity com.soft.entity.LocaleMessageEntity [NONE]: select localemess0_.ID as ID1_1_0_, localemess0_.locale as locale2_1_0_, localemess0_.message as message3_1_0_, localemess0_.msgkey as msgkey4_1_0_ from locale localemess0_ where localemess0_.ID=?
17:59:18.432 [main] TRACE org.hibernate.loader.plan.build.internal.AbstractLoadPlanBuildingAssociationVisitationStrategy -  Starting root entity : com.soft.entity.LocaleMessageEntity
17:59:18.432 [main] DEBUG org.hibernate.loader.plan.build.internal.spaces.QuerySpacesImpl - Adding QuerySpace : uid = <gen:0> -> org.hibernate.loader.plan.build.internal.spaces.EntityQuerySpaceImpl@516462cc]
17:59:18.432 [main] TRACE org.hibernate.loader.plan.build.internal.AbstractLoadPlanBuildingAssociationVisitationStrategy - Pushing fetch source to stack : org.hibernate.loader.plan.build.internal.returns.EntityReturnImpl@3456558
17:59:18.432 [main] TRACE org.hibernate.loader.plan.build.internal.AbstractLoadPlanBuildingAssociationVisitationStrategy - .. Registering AssociationKey : AssociationKey(table=locale, columns={ID}) -> org.hibernate.loader.plan.build.internal.returns.EntityReturnImpl@3456558
17:59:18.432 [main] TRACE org.hibernate.loader.plan.build.internal.AbstractLoadPlanBuildingAssociationVisitationStrategy - >> Starting entity identifier : com.soft.entity.LocaleMessageEntity
17:59:18.432 [main] DEBUG org.hibernate.persister.walking.spi.MetamodelGraphWalker - Visiting attribute path : locale
17:59:18.432 [main] TRACE org.hibernate.loader.plan.build.internal.AbstractLoadPlanBuildingAssociationVisitationStrategy - >> Starting attribute Attribute(name=locale, type=string [non-identifier])
17:59:18.432 [main] TRACE org.hibernate.loader.plan.build.internal.AbstractLoadPlanBuildingAssociationVisitationStrategy - << Finishing up attribute : Attribute(name=locale, type=string [non-identifier])
17:59:18.432 [main] DEBUG org.hibernate.persister.walking.spi.MetamodelGraphWalker - Visiting attribute path : message
17:59:18.432 [main] TRACE org.hibernate.loader.plan.build.internal.AbstractLoadPlanBuildingAssociationVisitationStrategy - >> Starting attribute Attribute(name=message, type=string [non-identifier])
17:59:18.432 [main] TRACE org.hibernate.loader.plan.build.internal.AbstractLoadPlanBuildingAssociationVisitationStrategy - << Finishing up attribute : Attribute(name=message, type=string [non-identifier])
17:59:18.432 [main] DEBUG org.hibernate.persister.walking.spi.MetamodelGraphWalker - Visiting attribute path : msgKey
17:59:18.432 [main] TRACE org.hibernate.loader.plan.build.internal.AbstractLoadPlanBuildingAssociationVisitationStrategy - >> Starting attribute Attribute(name=msgKey, type=string [non-identifier])
17:59:18.433 [main] TRACE org.hibernate.loader.plan.build.internal.AbstractLoadPlanBuildingAssociationVisitationStrategy - << Finishing up attribute : Attribute(name=msgKey, type=string [non-identifier])
17:59:18.433 [main] TRACE org.hibernate.loader.plan.build.internal.AbstractLoadPlanBuildingAssociationVisitationStrategy - Popped fetch owner from stack : org.hibernate.loader.plan.build.internal.returns.EntityReturnImpl@3456558
17:59:18.433 [main] TRACE org.hibernate.loader.plan.build.internal.AbstractLoadPlanBuildingAssociationVisitationStrategy -  Finished root entity : com.soft.entity.LocaleMessageEntity
17:59:18.433 [main] DEBUG org.hibernate.loader.plan.build.internal.FetchStyleLoadPlanBuildingAssociationVisitationStrategy - Building LoadPlan...
17:59:18.433 [main] DEBUG org.hibernate.loader.plan.exec.internal.LoadQueryJoinAndFetchProcessor - processing queryspace <gen:0>
17:59:18.433 [main] DEBUG org.hibernate.loader.plan.build.spi.LoadPlanTreePrinter - LoadPlan(entity=com.soft.entity.LocaleMessageEntity)
    - Returns
       - EntityReturnImpl(entity=com.soft.entity.LocaleMessageEntity, querySpaceUid=<gen:0>, path=com.soft.entity.LocaleMessageEntity)
    - QuerySpaces
       - EntityQuerySpaceImpl(uid=<gen:0>, entity=com.soft.entity.LocaleMessageEntity)
          - SQL table alias mapping - localemess0_
          - alias suffix - 0_
          - suffixed key columns - {ID1_1_0_}

17:59:18.433 [main] DEBUG org.hibernate.loader.entity.plan.EntityLoader - Static select for entity com.soft.entity.LocaleMessageEntity [READ]: select localemess0_.ID as ID1_1_0_, localemess0_.locale as locale2_1_0_, localemess0_.message as message3_1_0_, localemess0_.msgkey as msgkey4_1_0_ from locale localemess0_ where localemess0_.ID=?
17:59:18.433 [main] TRACE org.hibernate.loader.plan.build.internal.AbstractLoadPlanBuildingAssociationVisitationStrategy -  Starting root entity : com.soft.entity.LocaleMessageEntity
17:59:18.433 [main] DEBUG org.hibernate.loader.plan.build.internal.spaces.QuerySpacesImpl - Adding QuerySpace : uid = <gen:0> -> org.hibernate.loader.plan.build.internal.spaces.EntityQuerySpaceImpl@2dfb885e]
17:59:18.433 [main] TRACE org.hibernate.loader.plan.build.internal.AbstractLoadPlanBuildingAssociationVisitationStrategy - Pushing fetch source to stack : org.hibernate.loader.plan.build.internal.returns.EntityReturnImpl@6cbe7d4d
17:59:18.433 [main] TRACE org.hibernate.loader.plan.build.internal.AbstractLoadPlanBuildingAssociationVisitationStrategy - .. Registering AssociationKey : AssociationKey(table=locale, columns={ID}) -> org.hibernate.loader.plan.build.internal.returns.EntityReturnImpl@6cbe7d4d
17:59:18.433 [main] TRACE org.hibernate.loader.plan.build.internal.AbstractLoadPlanBuildingAssociationVisitationStrategy - >> Starting entity identifier : com.soft.entity.LocaleMessageEntity
17:59:18.433 [main] DEBUG org.hibernate.persister.walking.spi.MetamodelGraphWalker - Visiting attribute path : locale
17:59:18.433 [main] TRACE org.hibernate.loader.plan.build.internal.AbstractLoadPlanBuildingAssociationVisitationStrategy - >> Starting attribute Attribute(name=locale, type=string [non-identifier])
17:59:18.433 [main] TRACE org.hibernate.loader.plan.build.internal.AbstractLoadPlanBuildingAssociationVisitationStrategy - << Finishing up attribute : Attribute(name=locale, type=string [non-identifier])
17:59:18.433 [main] DEBUG org.hibernate.persister.walking.spi.MetamodelGraphWalker - Visiting attribute path : message
17:59:18.433 [main] TRACE org.hibernate.loader.plan.build.internal.AbstractLoadPlanBuildingAssociationVisitationStrategy - >> Starting attribute Attribute(name=message, type=string [non-identifier])
17:59:18.433 [main] TRACE org.hibernate.loader.plan.build.internal.AbstractLoadPlanBuildingAssociationVisitationStrategy - << Finishing up attribute : Attribute(name=message, type=string [non-identifier])
17:59:18.433 [main] DEBUG org.hibernate.persister.walking.spi.MetamodelGraphWalker - Visiting attribute path : msgKey
17:59:18.433 [main] TRACE org.hibernate.loader.plan.build.internal.AbstractLoadPlanBuildingAssociationVisitationStrategy - >> Starting attribute Attribute(name=msgKey, type=string [non-identifier])
17:59:18.433 [main] TRACE org.hibernate.loader.plan.build.internal.AbstractLoadPlanBuildingAssociationVisitationStrategy - << Finishing up attribute : Attribute(name=msgKey, type=string [non-identifier])
17:59:18.433 [main] TRACE org.hibernate.loader.plan.build.internal.AbstractLoadPlanBuildingAssociationVisitationStrategy - Popped fetch owner from stack : org.hibernate.loader.plan.build.internal.returns.EntityReturnImpl@6cbe7d4d
17:59:18.434 [main] TRACE org.hibernate.loader.plan.build.internal.AbstractLoadPlanBuildingAssociationVisitationStrategy -  Finished root entity : com.soft.entity.LocaleMessageEntity
17:59:18.434 [main] DEBUG org.hibernate.loader.plan.build.internal.FetchStyleLoadPlanBuildingAssociationVisitationStrategy - Building LoadPlan...
17:59:18.434 [main] DEBUG org.hibernate.loader.plan.exec.internal.LoadQueryJoinAndFetchProcessor - processing queryspace <gen:0>
17:59:18.434 [main] DEBUG org.hibernate.loader.plan.build.spi.LoadPlanTreePrinter - LoadPlan(entity=com.soft.entity.LocaleMessageEntity)
    - Returns
       - EntityReturnImpl(entity=com.soft.entity.LocaleMessageEntity, querySpaceUid=<gen:0>, path=com.soft.entity.LocaleMessageEntity)
    - QuerySpaces
       - EntityQuerySpaceImpl(uid=<gen:0>, entity=com.soft.entity.LocaleMessageEntity)
          - SQL table alias mapping - localemess0_
          - alias suffix - 0_
          - suffixed key columns - {ID1_1_0_}

17:59:18.434 [main] DEBUG org.hibernate.loader.entity.plan.EntityLoader - Static select for entity com.soft.entity.LocaleMessageEntity [UPGRADE]: select localemess0_.ID as ID1_1_0_, localemess0_.locale as locale2_1_0_, localemess0_.message as message3_1_0_, localemess0_.msgkey as msgkey4_1_0_ from locale localemess0_ where localemess0_.ID=? for update
17:59:18.434 [main] TRACE org.hibernate.loader.plan.build.internal.AbstractLoadPlanBuildingAssociationVisitationStrategy -  Starting root entity : com.soft.entity.LocaleMessageEntity
17:59:18.434 [main] DEBUG org.hibernate.loader.plan.build.internal.spaces.QuerySpacesImpl - Adding QuerySpace : uid = <gen:0> -> org.hibernate.loader.plan.build.internal.spaces.EntityQuerySpaceImpl@1e3e1014]
17:59:18.434 [main] TRACE org.hibernate.loader.plan.build.internal.AbstractLoadPlanBuildingAssociationVisitationStrategy - Pushing fetch source to stack : org.hibernate.loader.plan.build.internal.returns.EntityReturnImpl@3679d92e
17:59:18.434 [main] TRACE org.hibernate.loader.plan.build.internal.AbstractLoadPlanBuildingAssociationVisitationStrategy - .. Registering AssociationKey : AssociationKey(table=locale, columns={ID}) -> org.hibernate.loader.plan.build.internal.returns.EntityReturnImpl@3679d92e
17:59:18.434 [main] TRACE org.hibernate.loader.plan.build.internal.AbstractLoadPlanBuildingAssociationVisitationStrategy - >> Starting entity identifier : com.soft.entity.LocaleMessageEntity
17:59:18.435 [main] DEBUG org.hibernate.persister.walking.spi.MetamodelGraphWalker - Visiting attribute path : locale
17:59:18.435 [main] TRACE org.hibernate.loader.plan.build.internal.AbstractLoadPlanBuildingAssociationVisitationStrategy - >> Starting attribute Attribute(name=locale, type=string [non-identifier])
17:59:18.435 [main] TRACE org.hibernate.loader.plan.build.internal.AbstractLoadPlanBuildingAssociationVisitationStrategy - << Finishing up attribute : Attribute(name=locale, type=string [non-identifier])
17:59:18.435 [main] DEBUG org.hibernate.persister.walking.spi.MetamodelGraphWalker - Visiting attribute path : message
17:59:18.435 [main] TRACE org.hibernate.loader.plan.build.internal.AbstractLoadPlanBuildingAssociationVisitationStrategy - >> Starting attribute Attribute(name=message, type=string [non-identifier])
17:59:18.435 [main] TRACE org.hibernate.loader.plan.build.internal.AbstractLoadPlanBuildingAssociationVisitationStrategy - << Finishing up attribute : Attribute(name=message, type=string [non-identifier])
17:59:18.435 [main] DEBUG org.hibernate.persister.walking.spi.MetamodelGraphWalker - Visiting attribute path : msgKey
17:59:18.435 [main] TRACE org.hibernate.loader.plan.build.internal.AbstractLoadPlanBuildingAssociationVisitationStrategy - >> Starting attribute Attribute(name=msgKey, type=string [non-identifier])
17:59:18.435 [main] TRACE org.hibernate.loader.plan.build.internal.AbstractLoadPlanBuildingAssociationVisitationStrategy - << Finishing up attribute : Attribute(name=msgKey, type=string [non-identifier])
17:59:18.435 [main] TRACE org.hibernate.loader.plan.build.internal.AbstractLoadPlanBuildingAssociationVisitationStrategy - Popped fetch owner from stack : org.hibernate.loader.plan.build.internal.returns.EntityReturnImpl@3679d92e
17:59:18.435 [main] TRACE org.hibernate.loader.plan.build.internal.AbstractLoadPlanBuildingAssociationVisitationStrategy -  Finished root entity : com.soft.entity.LocaleMessageEntity
17:59:18.435 [main] DEBUG org.hibernate.loader.plan.build.internal.FetchStyleLoadPlanBuildingAssociationVisitationStrategy - Building LoadPlan...
17:59:18.435 [main] DEBUG org.hibernate.loader.plan.exec.internal.LoadQueryJoinAndFetchProcessor - processing queryspace <gen:0>
17:59:18.435 [main] DEBUG org.hibernate.loader.plan.build.spi.LoadPlanTreePrinter - LoadPlan(entity=com.soft.entity.LocaleMessageEntity)
    - Returns
       - EntityReturnImpl(entity=com.soft.entity.LocaleMessageEntity, querySpaceUid=<gen:0>, path=com.soft.entity.LocaleMessageEntity)
    - QuerySpaces
       - EntityQuerySpaceImpl(uid=<gen:0>, entity=com.soft.entity.LocaleMessageEntity)
          - SQL table alias mapping - localemess0_
          - alias suffix - 0_
          - suffixed key columns - {ID1_1_0_}

17:59:18.435 [main] DEBUG org.hibernate.loader.entity.plan.EntityLoader - Static select for entity com.soft.entity.LocaleMessageEntity [UPGRADE_NOWAIT]: select localemess0_.ID as ID1_1_0_, localemess0_.locale as locale2_1_0_, localemess0_.message as message3_1_0_, localemess0_.msgkey as msgkey4_1_0_ from locale localemess0_ where localemess0_.ID=? for update
17:59:18.435 [main] TRACE org.hibernate.loader.plan.build.internal.AbstractLoadPlanBuildingAssociationVisitationStrategy -  Starting root entity : com.soft.entity.LocaleMessageEntity
17:59:18.435 [main] DEBUG org.hibernate.loader.plan.build.internal.spaces.QuerySpacesImpl - Adding QuerySpace : uid = <gen:0> -> org.hibernate.loader.plan.build.internal.spaces.EntityQuerySpaceImpl@47b11ec7]
17:59:18.435 [main] TRACE org.hibernate.loader.plan.build.internal.AbstractLoadPlanBuildingAssociationVisitationStrategy - Pushing fetch source to stack : org.hibernate.loader.plan.build.internal.returns.EntityReturnImpl@58fa5769
17:59:18.435 [main] TRACE org.hibernate.loader.plan.build.internal.AbstractLoadPlanBuildingAssociationVisitationStrategy - .. Registering AssociationKey : AssociationKey(table=locale, columns={ID}) -> org.hibernate.loader.plan.build.internal.returns.EntityReturnImpl@58fa5769
17:59:18.435 [main] TRACE org.hibernate.loader.plan.build.internal.AbstractLoadPlanBuildingAssociationVisitationStrategy - >> Starting entity identifier : com.soft.entity.LocaleMessageEntity
17:59:18.435 [main] DEBUG org.hibernate.persister.walking.spi.MetamodelGraphWalker - Visiting attribute path : locale
17:59:18.436 [main] TRACE org.hibernate.loader.plan.build.internal.AbstractLoadPlanBuildingAssociationVisitationStrategy - >> Starting attribute Attribute(name=locale, type=string [non-identifier])
17:59:18.436 [main] TRACE org.hibernate.loader.plan.build.internal.AbstractLoadPlanBuildingAssociationVisitationStrategy - << Finishing up attribute : Attribute(name=locale, type=string [non-identifier])
17:59:18.436 [main] DEBUG org.hibernate.persister.walking.spi.MetamodelGraphWalker - Visiting attribute path : message
17:59:18.436 [main] TRACE org.hibernate.loader.plan.build.internal.AbstractLoadPlanBuildingAssociationVisitationStrategy - >> Starting attribute Attribute(name=message, type=string [non-identifier])
17:59:18.437 [main] TRACE org.hibernate.loader.plan.build.internal.AbstractLoadPlanBuildingAssociationVisitationStrategy - << Finishing up attribute : Attribute(name=message, type=string [non-identifier])
17:59:18.437 [main] DEBUG org.hibernate.persister.walking.spi.MetamodelGraphWalker - Visiting attribute path : msgKey
17:59:18.437 [main] TRACE org.hibernate.loader.plan.build.internal.AbstractLoadPlanBuildingAssociationVisitationStrategy - >> Starting attribute Attribute(name=msgKey, type=string [non-identifier])
17:59:18.437 [main] TRACE org.hibernate.loader.plan.build.internal.AbstractLoadPlanBuildingAssociationVisitationStrategy - << Finishing up attribute : Attribute(name=msgKey, type=string [non-identifier])
17:59:18.437 [main] TRACE org.hibernate.loader.plan.build.internal.AbstractLoadPlanBuildingAssociationVisitationStrategy - Popped fetch owner from stack : org.hibernate.loader.plan.build.internal.returns.EntityReturnImpl@58fa5769
17:59:18.437 [main] TRACE org.hibernate.loader.plan.build.internal.AbstractLoadPlanBuildingAssociationVisitationStrategy -  Finished root entity : com.soft.entity.LocaleMessageEntity
17:59:18.437 [main] DEBUG org.hibernate.loader.plan.build.internal.FetchStyleLoadPlanBuildingAssociationVisitationStrategy - Building LoadPlan...
17:59:18.437 [main] DEBUG org.hibernate.loader.plan.exec.internal.LoadQueryJoinAndFetchProcessor - processing queryspace <gen:0>
17:59:18.437 [main] DEBUG org.hibernate.loader.plan.build.spi.LoadPlanTreePrinter - LoadPlan(entity=com.soft.entity.LocaleMessageEntity)
    - Returns
       - EntityReturnImpl(entity=com.soft.entity.LocaleMessageEntity, querySpaceUid=<gen:0>, path=com.soft.entity.LocaleMessageEntity)
    - QuerySpaces
       - EntityQuerySpaceImpl(uid=<gen:0>, entity=com.soft.entity.LocaleMessageEntity)
          - SQL table alias mapping - localemess0_
          - alias suffix - 0_
          - suffixed key columns - {ID1_1_0_}

17:59:18.438 [main] DEBUG org.hibernate.loader.entity.plan.EntityLoader - Static select for entity com.soft.entity.LocaleMessageEntity [UPGRADE_SKIPLOCKED]: select localemess0_.ID as ID1_1_0_, localemess0_.locale as locale2_1_0_, localemess0_.message as message3_1_0_, localemess0_.msgkey as msgkey4_1_0_ from locale localemess0_ where localemess0_.ID=? for update
17:59:18.438 [main] TRACE org.hibernate.loader.plan.build.internal.AbstractLoadPlanBuildingAssociationVisitationStrategy -  Starting root entity : com.soft.entity.LocaleMessageEntity
17:59:18.438 [main] DEBUG org.hibernate.loader.plan.build.internal.spaces.QuerySpacesImpl - Adding QuerySpace : uid = <gen:0> -> org.hibernate.loader.plan.build.internal.spaces.EntityQuerySpaceImpl@36aa52d2]
17:59:18.438 [main] TRACE org.hibernate.loader.plan.build.internal.AbstractLoadPlanBuildingAssociationVisitationStrategy - Pushing fetch source to stack : org.hibernate.loader.plan.build.internal.returns.EntityReturnImpl@4ee25d80
17:59:18.438 [main] TRACE org.hibernate.loader.plan.build.internal.AbstractLoadPlanBuildingAssociationVisitationStrategy - .. Registering AssociationKey : AssociationKey(table=locale, columns={ID}) -> org.hibernate.loader.plan.build.internal.returns.EntityReturnImpl@4ee25d80
17:59:18.438 [main] TRACE org.hibernate.loader.plan.build.internal.AbstractLoadPlanBuildingAssociationVisitationStrategy - >> Starting entity identifier : com.soft.entity.LocaleMessageEntity
17:59:18.438 [main] DEBUG org.hibernate.persister.walking.spi.MetamodelGraphWalker - Visiting attribute path : locale
17:59:18.438 [main] TRACE org.hibernate.loader.plan.build.internal.AbstractLoadPlanBuildingAssociationVisitationStrategy - >> Starting attribute Attribute(name=locale, type=string [non-identifier])
17:59:18.438 [main] TRACE org.hibernate.loader.plan.build.internal.AbstractLoadPlanBuildingAssociationVisitationStrategy - << Finishing up attribute : Attribute(name=locale, type=string [non-identifier])
17:59:18.438 [main] DEBUG org.hibernate.persister.walking.spi.MetamodelGraphWalker - Visiting attribute path : message
17:59:18.438 [main] TRACE org.hibernate.loader.plan.build.internal.AbstractLoadPlanBuildingAssociationVisitationStrategy - >> Starting attribute Attribute(name=message, type=string [non-identifier])
17:59:18.438 [main] TRACE org.hibernate.loader.plan.build.internal.AbstractLoadPlanBuildingAssociationVisitationStrategy - << Finishing up attribute : Attribute(name=message, type=string [non-identifier])
17:59:18.438 [main] DEBUG org.hibernate.persister.walking.spi.MetamodelGraphWalker - Visiting attribute path : msgKey
17:59:18.438 [main] TRACE org.hibernate.loader.plan.build.internal.AbstractLoadPlanBuildingAssociationVisitationStrategy - >> Starting attribute Attribute(name=msgKey, type=string [non-identifier])
17:59:18.438 [main] TRACE org.hibernate.loader.plan.build.internal.AbstractLoadPlanBuildingAssociationVisitationStrategy - << Finishing up attribute : Attribute(name=msgKey, type=string [non-identifier])
17:59:18.438 [main] TRACE org.hibernate.loader.plan.build.internal.AbstractLoadPlanBuildingAssociationVisitationStrategy - Popped fetch owner from stack : org.hibernate.loader.plan.build.internal.returns.EntityReturnImpl@4ee25d80
17:59:18.438 [main] TRACE org.hibernate.loader.plan.build.internal.AbstractLoadPlanBuildingAssociationVisitationStrategy -  Finished root entity : com.soft.entity.LocaleMessageEntity
17:59:18.438 [main] DEBUG org.hibernate.loader.plan.build.internal.FetchStyleLoadPlanBuildingAssociationVisitationStrategy - Building LoadPlan...
17:59:18.438 [main] DEBUG org.hibernate.loader.plan.exec.internal.LoadQueryJoinAndFetchProcessor - processing queryspace <gen:0>
17:59:18.439 [main] DEBUG org.hibernate.loader.plan.build.spi.LoadPlanTreePrinter - LoadPlan(entity=com.soft.entity.LocaleMessageEntity)
    - Returns
       - EntityReturnImpl(entity=com.soft.entity.LocaleMessageEntity, querySpaceUid=<gen:0>, path=com.soft.entity.LocaleMessageEntity)
    - QuerySpaces
       - EntityQuerySpaceImpl(uid=<gen:0>, entity=com.soft.entity.LocaleMessageEntity)
          - SQL table alias mapping - localemess0_
          - alias suffix - 0_
          - suffixed key columns - {ID1_1_0_}

17:59:18.439 [main] DEBUG org.hibernate.loader.entity.plan.EntityLoader - Static select for entity com.soft.entity.LocaleMessageEntity [FORCE]: select localemess0_.ID as ID1_1_0_, localemess0_.locale as locale2_1_0_, localemess0_.message as message3_1_0_, localemess0_.msgkey as msgkey4_1_0_ from locale localemess0_ where localemess0_.ID=? for update
17:59:18.439 [main] TRACE org.hibernate.loader.plan.build.internal.AbstractLoadPlanBuildingAssociationVisitationStrategy -  Starting root entity : com.soft.entity.LocaleMessageEntity
17:59:18.439 [main] DEBUG org.hibernate.loader.plan.build.internal.spaces.QuerySpacesImpl - Adding QuerySpace : uid = <gen:0> -> org.hibernate.loader.plan.build.internal.spaces.EntityQuerySpaceImpl@16a35bd]
17:59:18.439 [main] TRACE org.hibernate.loader.plan.build.internal.AbstractLoadPlanBuildingAssociationVisitationStrategy - Pushing fetch source to stack : org.hibernate.loader.plan.build.internal.returns.EntityReturnImpl@ba17be6
17:59:18.439 [main] TRACE org.hibernate.loader.plan.build.internal.AbstractLoadPlanBuildingAssociationVisitationStrategy - .. Registering AssociationKey : AssociationKey(table=locale, columns={ID}) -> org.hibernate.loader.plan.build.internal.returns.EntityReturnImpl@ba17be6
17:59:18.439 [main] TRACE org.hibernate.loader.plan.build.internal.AbstractLoadPlanBuildingAssociationVisitationStrategy - >> Starting entity identifier : com.soft.entity.LocaleMessageEntity
17:59:18.439 [main] DEBUG org.hibernate.persister.walking.spi.MetamodelGraphWalker - Visiting attribute path : locale
17:59:18.439 [main] TRACE org.hibernate.loader.plan.build.internal.AbstractLoadPlanBuildingAssociationVisitationStrategy - >> Starting attribute Attribute(name=locale, type=string [non-identifier])
17:59:18.439 [main] TRACE org.hibernate.loader.plan.build.internal.AbstractLoadPlanBuildingAssociationVisitationStrategy - << Finishing up attribute : Attribute(name=locale, type=string [non-identifier])
17:59:18.439 [main] DEBUG org.hibernate.persister.walking.spi.MetamodelGraphWalker - Visiting attribute path : message
17:59:18.439 [main] TRACE org.hibernate.loader.plan.build.internal.AbstractLoadPlanBuildingAssociationVisitationStrategy - >> Starting attribute Attribute(name=message, type=string [non-identifier])
17:59:18.439 [main] TRACE org.hibernate.loader.plan.build.internal.AbstractLoadPlanBuildingAssociationVisitationStrategy - << Finishing up attribute : Attribute(name=message, type=string [non-identifier])
17:59:18.439 [main] DEBUG org.hibernate.persister.walking.spi.MetamodelGraphWalker - Visiting attribute path : msgKey
17:59:18.439 [main] TRACE org.hibernate.loader.plan.build.internal.AbstractLoadPlanBuildingAssociationVisitationStrategy - >> Starting attribute Attribute(name=msgKey, type=string [non-identifier])
17:59:18.439 [main] TRACE org.hibernate.loader.plan.build.internal.AbstractLoadPlanBuildingAssociationVisitationStrategy - << Finishing up attribute : Attribute(name=msgKey, type=string [non-identifier])
17:59:18.439 [main] TRACE org.hibernate.loader.plan.build.internal.AbstractLoadPlanBuildingAssociationVisitationStrategy - Popped fetch owner from stack : org.hibernate.loader.plan.build.internal.returns.EntityReturnImpl@ba17be6
17:59:18.439 [main] TRACE org.hibernate.loader.plan.build.internal.AbstractLoadPlanBuildingAssociationVisitationStrategy -  Finished root entity : com.soft.entity.LocaleMessageEntity
17:59:18.440 [main] DEBUG org.hibernate.loader.plan.build.internal.FetchStyleLoadPlanBuildingAssociationVisitationStrategy - Building LoadPlan...
17:59:18.440 [main] DEBUG org.hibernate.loader.plan.exec.internal.LoadQueryJoinAndFetchProcessor - processing queryspace <gen:0>
17:59:18.440 [main] DEBUG org.hibernate.loader.plan.build.spi.LoadPlanTreePrinter - LoadPlan(entity=com.soft.entity.LocaleMessageEntity)
    - Returns
       - EntityReturnImpl(entity=com.soft.entity.LocaleMessageEntity, querySpaceUid=<gen:0>, path=com.soft.entity.LocaleMessageEntity)
    - QuerySpaces
       - EntityQuerySpaceImpl(uid=<gen:0>, entity=com.soft.entity.LocaleMessageEntity)
          - SQL table alias mapping - localemess0_
          - alias suffix - 0_
          - suffixed key columns - {ID1_1_0_}

17:59:18.440 [main] DEBUG org.hibernate.loader.entity.plan.EntityLoader - Static select for entity com.soft.entity.LocaleMessageEntity [PESSIMISTIC_READ]: select localemess0_.ID as ID1_1_0_, localemess0_.locale as locale2_1_0_, localemess0_.message as message3_1_0_, localemess0_.msgkey as msgkey4_1_0_ from locale localemess0_ where localemess0_.ID=? lock in share mode
17:59:18.440 [main] TRACE org.hibernate.loader.plan.build.internal.AbstractLoadPlanBuildingAssociationVisitationStrategy -  Starting root entity : com.soft.entity.LocaleMessageEntity
17:59:18.441 [main] DEBUG org.hibernate.loader.plan.build.internal.spaces.QuerySpacesImpl - Adding QuerySpace : uid = <gen:0> -> org.hibernate.loader.plan.build.internal.spaces.EntityQuerySpaceImpl@6f798482]
17:59:18.441 [main] TRACE org.hibernate.loader.plan.build.internal.AbstractLoadPlanBuildingAssociationVisitationStrategy - Pushing fetch source to stack : org.hibernate.loader.plan.build.internal.returns.EntityReturnImpl@332bcab0
17:59:18.441 [main] TRACE org.hibernate.loader.plan.build.internal.AbstractLoadPlanBuildingAssociationVisitationStrategy - .. Registering AssociationKey : AssociationKey(table=locale, columns={ID}) -> org.hibernate.loader.plan.build.internal.returns.EntityReturnImpl@332bcab0
17:59:18.441 [main] TRACE org.hibernate.loader.plan.build.internal.AbstractLoadPlanBuildingAssociationVisitationStrategy - >> Starting entity identifier : com.soft.entity.LocaleMessageEntity
17:59:18.441 [main] DEBUG org.hibernate.persister.walking.spi.MetamodelGraphWalker - Visiting attribute path : locale
17:59:18.441 [main] TRACE org.hibernate.loader.plan.build.internal.AbstractLoadPlanBuildingAssociationVisitationStrategy - >> Starting attribute Attribute(name=locale, type=string [non-identifier])
17:59:18.441 [main] TRACE org.hibernate.loader.plan.build.internal.AbstractLoadPlanBuildingAssociationVisitationStrategy - << Finishing up attribute : Attribute(name=locale, type=string [non-identifier])
17:59:18.441 [main] DEBUG org.hibernate.persister.walking.spi.MetamodelGraphWalker - Visiting attribute path : message
17:59:18.441 [main] TRACE org.hibernate.loader.plan.build.internal.AbstractLoadPlanBuildingAssociationVisitationStrategy - >> Starting attribute Attribute(name=message, type=string [non-identifier])
17:59:18.441 [main] TRACE org.hibernate.loader.plan.build.internal.AbstractLoadPlanBuildingAssociationVisitationStrategy - << Finishing up attribute : Attribute(name=message, type=string [non-identifier])
17:59:18.441 [main] DEBUG org.hibernate.persister.walking.spi.MetamodelGraphWalker - Visiting attribute path : msgKey
17:59:18.441 [main] TRACE org.hibernate.loader.plan.build.internal.AbstractLoadPlanBuildingAssociationVisitationStrategy - >> Starting attribute Attribute(name=msgKey, type=string [non-identifier])
17:59:18.441 [main] TRACE org.hibernate.loader.plan.build.internal.AbstractLoadPlanBuildingAssociationVisitationStrategy - << Finishing up attribute : Attribute(name=msgKey, type=string [non-identifier])
17:59:18.441 [main] TRACE org.hibernate.loader.plan.build.internal.AbstractLoadPlanBuildingAssociationVisitationStrategy - Popped fetch owner from stack : org.hibernate.loader.plan.build.internal.returns.EntityReturnImpl@332bcab0
17:59:18.441 [main] TRACE org.hibernate.loader.plan.build.internal.AbstractLoadPlanBuildingAssociationVisitationStrategy -  Finished root entity : com.soft.entity.LocaleMessageEntity
17:59:18.441 [main] DEBUG org.hibernate.loader.plan.build.internal.FetchStyleLoadPlanBuildingAssociationVisitationStrategy - Building LoadPlan...
17:59:18.441 [main] DEBUG org.hibernate.loader.plan.exec.internal.LoadQueryJoinAndFetchProcessor - processing queryspace <gen:0>
17:59:18.441 [main] DEBUG org.hibernate.loader.plan.build.spi.LoadPlanTreePrinter - LoadPlan(entity=com.soft.entity.LocaleMessageEntity)
    - Returns
       - EntityReturnImpl(entity=com.soft.entity.LocaleMessageEntity, querySpaceUid=<gen:0>, path=com.soft.entity.LocaleMessageEntity)
    - QuerySpaces
       - EntityQuerySpaceImpl(uid=<gen:0>, entity=com.soft.entity.LocaleMessageEntity)
          - SQL table alias mapping - localemess0_
          - alias suffix - 0_
          - suffixed key columns - {ID1_1_0_}

17:59:18.441 [main] DEBUG org.hibernate.loader.entity.plan.EntityLoader - Static select for entity com.soft.entity.LocaleMessageEntity [PESSIMISTIC_WRITE]: select localemess0_.ID as ID1_1_0_, localemess0_.locale as locale2_1_0_, localemess0_.message as message3_1_0_, localemess0_.msgkey as msgkey4_1_0_ from locale localemess0_ where localemess0_.ID=? for update
17:59:18.441 [main] TRACE org.hibernate.loader.plan.build.internal.AbstractLoadPlanBuildingAssociationVisitationStrategy -  Starting root entity : com.soft.entity.LocaleMessageEntity
17:59:18.441 [main] DEBUG org.hibernate.loader.plan.build.internal.spaces.QuerySpacesImpl - Adding QuerySpace : uid = <gen:0> -> org.hibernate.loader.plan.build.internal.spaces.EntityQuerySpaceImpl@633cc6b5]
17:59:18.441 [main] TRACE org.hibernate.loader.plan.build.internal.AbstractLoadPlanBuildingAssociationVisitationStrategy - Pushing fetch source to stack : org.hibernate.loader.plan.build.internal.returns.EntityReturnImpl@6342ff7f
17:59:18.441 [main] TRACE org.hibernate.loader.plan.build.internal.AbstractLoadPlanBuildingAssociationVisitationStrategy - .. Registering AssociationKey : AssociationKey(table=locale, columns={ID}) -> org.hibernate.loader.plan.build.internal.returns.EntityReturnImpl@6342ff7f
17:59:18.442 [main] TRACE org.hibernate.loader.plan.build.internal.AbstractLoadPlanBuildingAssociationVisitationStrategy - >> Starting entity identifier : com.soft.entity.LocaleMessageEntity
17:59:18.442 [main] DEBUG org.hibernate.persister.walking.spi.MetamodelGraphWalker - Visiting attribute path : locale
17:59:18.442 [main] TRACE org.hibernate.loader.plan.build.internal.AbstractLoadPlanBuildingAssociationVisitationStrategy - >> Starting attribute Attribute(name=locale, type=string [non-identifier])
17:59:18.442 [main] TRACE org.hibernate.loader.plan.build.internal.AbstractLoadPlanBuildingAssociationVisitationStrategy - << Finishing up attribute : Attribute(name=locale, type=string [non-identifier])
17:59:18.442 [main] DEBUG org.hibernate.persister.walking.spi.MetamodelGraphWalker - Visiting attribute path : message
17:59:18.442 [main] TRACE org.hibernate.loader.plan.build.internal.AbstractLoadPlanBuildingAssociationVisitationStrategy - >> Starting attribute Attribute(name=message, type=string [non-identifier])
17:59:18.442 [main] TRACE org.hibernate.loader.plan.build.internal.AbstractLoadPlanBuildingAssociationVisitationStrategy - << Finishing up attribute : Attribute(name=message, type=string [non-identifier])
17:59:18.442 [main] DEBUG org.hibernate.persister.walking.spi.MetamodelGraphWalker - Visiting attribute path : msgKey
17:59:18.442 [main] TRACE org.hibernate.loader.plan.build.internal.AbstractLoadPlanBuildingAssociationVisitationStrategy - >> Starting attribute Attribute(name=msgKey, type=string [non-identifier])
17:59:18.442 [main] TRACE org.hibernate.loader.plan.build.internal.AbstractLoadPlanBuildingAssociationVisitationStrategy - << Finishing up attribute : Attribute(name=msgKey, type=string [non-identifier])
17:59:18.442 [main] TRACE org.hibernate.loader.plan.build.internal.AbstractLoadPlanBuildingAssociationVisitationStrategy - Popped fetch owner from stack : org.hibernate.loader.plan.build.internal.returns.EntityReturnImpl@6342ff7f
17:59:18.442 [main] TRACE org.hibernate.loader.plan.build.internal.AbstractLoadPlanBuildingAssociationVisitationStrategy -  Finished root entity : com.soft.entity.LocaleMessageEntity
17:59:18.443 [main] DEBUG org.hibernate.loader.plan.build.internal.FetchStyleLoadPlanBuildingAssociationVisitationStrategy - Building LoadPlan...
17:59:18.443 [main] DEBUG org.hibernate.loader.plan.exec.internal.LoadQueryJoinAndFetchProcessor - processing queryspace <gen:0>
17:59:18.444 [main] DEBUG org.hibernate.loader.plan.build.spi.LoadPlanTreePrinter - LoadPlan(entity=com.soft.entity.LocaleMessageEntity)
    - Returns
       - EntityReturnImpl(entity=com.soft.entity.LocaleMessageEntity, querySpaceUid=<gen:0>, path=com.soft.entity.LocaleMessageEntity)
    - QuerySpaces
       - EntityQuerySpaceImpl(uid=<gen:0>, entity=com.soft.entity.LocaleMessageEntity)
          - SQL table alias mapping - localemess0_
          - alias suffix - 0_
          - suffixed key columns - {ID1_1_0_}

17:59:18.445 [main] DEBUG org.hibernate.loader.entity.plan.EntityLoader - Static select for entity com.soft.entity.LocaleMessageEntity [PESSIMISTIC_FORCE_INCREMENT]: select localemess0_.ID as ID1_1_0_, localemess0_.locale as locale2_1_0_, localemess0_.message as message3_1_0_, localemess0_.msgkey as msgkey4_1_0_ from locale localemess0_ where localemess0_.ID=? for update
17:59:18.445 [main] TRACE org.hibernate.loader.plan.build.internal.AbstractLoadPlanBuildingAssociationVisitationStrategy -  Starting root entity : com.soft.entity.LocaleMessageEntity
17:59:18.445 [main] DEBUG org.hibernate.loader.plan.build.internal.spaces.QuerySpacesImpl - Adding QuerySpace : uid = <gen:0> -> org.hibernate.loader.plan.build.internal.spaces.EntityQuerySpaceImpl@403c3a01]
17:59:18.445 [main] TRACE org.hibernate.loader.plan.build.internal.AbstractLoadPlanBuildingAssociationVisitationStrategy - Pushing fetch source to stack : org.hibernate.loader.plan.build.internal.returns.EntityReturnImpl@2daf06fc
17:59:18.445 [main] TRACE org.hibernate.loader.plan.build.internal.AbstractLoadPlanBuildingAssociationVisitationStrategy - .. Registering AssociationKey : AssociationKey(table=locale, columns={ID}) -> org.hibernate.loader.plan.build.internal.returns.EntityReturnImpl@2daf06fc
17:59:18.445 [main] TRACE org.hibernate.loader.plan.build.internal.AbstractLoadPlanBuildingAssociationVisitationStrategy - >> Starting entity identifier : com.soft.entity.LocaleMessageEntity
17:59:18.445 [main] DEBUG org.hibernate.persister.walking.spi.MetamodelGraphWalker - Visiting attribute path : locale
17:59:18.445 [main] TRACE org.hibernate.loader.plan.build.internal.AbstractLoadPlanBuildingAssociationVisitationStrategy - >> Starting attribute Attribute(name=locale, type=string [non-identifier])
17:59:18.445 [main] TRACE org.hibernate.loader.plan.build.internal.AbstractLoadPlanBuildingAssociationVisitationStrategy - << Finishing up attribute : Attribute(name=locale, type=string [non-identifier])
17:59:18.445 [main] DEBUG org.hibernate.persister.walking.spi.MetamodelGraphWalker - Visiting attribute path : message
17:59:18.445 [main] TRACE org.hibernate.loader.plan.build.internal.AbstractLoadPlanBuildingAssociationVisitationStrategy - >> Starting attribute Attribute(name=message, type=string [non-identifier])
17:59:18.445 [main] TRACE org.hibernate.loader.plan.build.internal.AbstractLoadPlanBuildingAssociationVisitationStrategy - << Finishing up attribute : Attribute(name=message, type=string [non-identifier])
17:59:18.445 [main] DEBUG org.hibernate.persister.walking.spi.MetamodelGraphWalker - Visiting attribute path : msgKey
17:59:18.445 [main] TRACE org.hibernate.loader.plan.build.internal.AbstractLoadPlanBuildingAssociationVisitationStrategy - >> Starting attribute Attribute(name=msgKey, type=string [non-identifier])
17:59:18.445 [main] TRACE org.hibernate.loader.plan.build.internal.AbstractLoadPlanBuildingAssociationVisitationStrategy - << Finishing up attribute : Attribute(name=msgKey, type=string [non-identifier])
17:59:18.445 [main] TRACE org.hibernate.loader.plan.build.internal.AbstractLoadPlanBuildingAssociationVisitationStrategy - Popped fetch owner from stack : org.hibernate.loader.plan.build.internal.returns.EntityReturnImpl@2daf06fc
17:59:18.445 [main] TRACE org.hibernate.loader.plan.build.internal.AbstractLoadPlanBuildingAssociationVisitationStrategy -  Finished root entity : com.soft.entity.LocaleMessageEntity
17:59:18.445 [main] DEBUG org.hibernate.loader.plan.build.internal.FetchStyleLoadPlanBuildingAssociationVisitationStrategy - Building LoadPlan...
17:59:18.445 [main] DEBUG org.hibernate.loader.plan.exec.internal.LoadQueryJoinAndFetchProcessor - processing queryspace <gen:0>
17:59:18.446 [main] DEBUG org.hibernate.loader.plan.build.spi.LoadPlanTreePrinter - LoadPlan(entity=com.soft.entity.LocaleMessageEntity)
    - Returns
       - EntityReturnImpl(entity=com.soft.entity.LocaleMessageEntity, querySpaceUid=<gen:0>, path=com.soft.entity.LocaleMessageEntity)
    - QuerySpaces
       - EntityQuerySpaceImpl(uid=<gen:0>, entity=com.soft.entity.LocaleMessageEntity)
          - SQL table alias mapping - localemess0_
          - alias suffix - 0_
          - suffixed key columns - {ID1_1_0_}

17:59:18.446 [main] DEBUG org.hibernate.loader.entity.plan.EntityLoader - Static select for entity com.soft.entity.LocaleMessageEntity [OPTIMISTIC]: select localemess0_.ID as ID1_1_0_, localemess0_.locale as locale2_1_0_, localemess0_.message as message3_1_0_, localemess0_.msgkey as msgkey4_1_0_ from locale localemess0_ where localemess0_.ID=?
17:59:18.446 [main] TRACE org.hibernate.loader.plan.build.internal.AbstractLoadPlanBuildingAssociationVisitationStrategy -  Starting root entity : com.soft.entity.LocaleMessageEntity
17:59:18.446 [main] DEBUG org.hibernate.loader.plan.build.internal.spaces.QuerySpacesImpl - Adding QuerySpace : uid = <gen:0> -> org.hibernate.loader.plan.build.internal.spaces.EntityQuerySpaceImpl@28237492]
17:59:18.446 [main] TRACE org.hibernate.loader.plan.build.internal.AbstractLoadPlanBuildingAssociationVisitationStrategy - Pushing fetch source to stack : org.hibernate.loader.plan.build.internal.returns.EntityReturnImpl@5ceecfee
17:59:18.446 [main] TRACE org.hibernate.loader.plan.build.internal.AbstractLoadPlanBuildingAssociationVisitationStrategy - .. Registering AssociationKey : AssociationKey(table=locale, columns={ID}) -> org.hibernate.loader.plan.build.internal.returns.EntityReturnImpl@5ceecfee
17:59:18.446 [main] TRACE org.hibernate.loader.plan.build.internal.AbstractLoadPlanBuildingAssociationVisitationStrategy - >> Starting entity identifier : com.soft.entity.LocaleMessageEntity
17:59:18.446 [main] DEBUG org.hibernate.persister.walking.spi.MetamodelGraphWalker - Visiting attribute path : locale
17:59:18.446 [main] TRACE org.hibernate.loader.plan.build.internal.AbstractLoadPlanBuildingAssociationVisitationStrategy - >> Starting attribute Attribute(name=locale, type=string [non-identifier])
17:59:18.446 [main] TRACE org.hibernate.loader.plan.build.internal.AbstractLoadPlanBuildingAssociationVisitationStrategy - << Finishing up attribute : Attribute(name=locale, type=string [non-identifier])
17:59:18.446 [main] DEBUG org.hibernate.persister.walking.spi.MetamodelGraphWalker - Visiting attribute path : message
17:59:18.446 [main] TRACE org.hibernate.loader.plan.build.internal.AbstractLoadPlanBuildingAssociationVisitationStrategy - >> Starting attribute Attribute(name=message, type=string [non-identifier])
17:59:18.447 [main] TRACE org.hibernate.loader.plan.build.internal.AbstractLoadPlanBuildingAssociationVisitationStrategy - << Finishing up attribute : Attribute(name=message, type=string [non-identifier])
17:59:18.447 [main] DEBUG org.hibernate.persister.walking.spi.MetamodelGraphWalker - Visiting attribute path : msgKey
17:59:18.447 [main] TRACE org.hibernate.loader.plan.build.internal.AbstractLoadPlanBuildingAssociationVisitationStrategy - >> Starting attribute Attribute(name=msgKey, type=string [non-identifier])
17:59:18.447 [main] TRACE org.hibernate.loader.plan.build.internal.AbstractLoadPlanBuildingAssociationVisitationStrategy - << Finishing up attribute : Attribute(name=msgKey, type=string [non-identifier])
17:59:18.447 [main] TRACE org.hibernate.loader.plan.build.internal.AbstractLoadPlanBuildingAssociationVisitationStrategy - Popped fetch owner from stack : org.hibernate.loader.plan.build.internal.returns.EntityReturnImpl@5ceecfee
17:59:18.447 [main] TRACE org.hibernate.loader.plan.build.internal.AbstractLoadPlanBuildingAssociationVisitationStrategy -  Finished root entity : com.soft.entity.LocaleMessageEntity
17:59:18.447 [main] DEBUG org.hibernate.loader.plan.build.internal.FetchStyleLoadPlanBuildingAssociationVisitationStrategy - Building LoadPlan...
17:59:18.447 [main] DEBUG org.hibernate.loader.plan.exec.internal.LoadQueryJoinAndFetchProcessor - processing queryspace <gen:0>
17:59:18.447 [main] DEBUG org.hibernate.loader.plan.build.spi.LoadPlanTreePrinter - LoadPlan(entity=com.soft.entity.LocaleMessageEntity)
    - Returns
       - EntityReturnImpl(entity=com.soft.entity.LocaleMessageEntity, querySpaceUid=<gen:0>, path=com.soft.entity.LocaleMessageEntity)
    - QuerySpaces
       - EntityQuerySpaceImpl(uid=<gen:0>, entity=com.soft.entity.LocaleMessageEntity)
          - SQL table alias mapping - localemess0_
          - alias suffix - 0_
          - suffixed key columns - {ID1_1_0_}

17:59:18.447 [main] DEBUG org.hibernate.loader.entity.plan.EntityLoader - Static select for entity com.soft.entity.LocaleMessageEntity [OPTIMISTIC_FORCE_INCREMENT]: select localemess0_.ID as ID1_1_0_, localemess0_.locale as locale2_1_0_, localemess0_.message as message3_1_0_, localemess0_.msgkey as msgkey4_1_0_ from locale localemess0_ where localemess0_.ID=?
17:59:18.448 [main] DEBUG org.hibernate.loader.Loader - Static select for action ACTION_MERGE on entity com.soft.entity.LocaleMessageEntity: select localemess0_.ID as ID1_1_0_, localemess0_.locale as locale2_1_0_, localemess0_.message as message3_1_0_, localemess0_.msgkey as msgkey4_1_0_ from locale localemess0_ where localemess0_.ID=?
17:59:18.448 [main] DEBUG org.hibernate.loader.Loader - Static select for action ACTION_REFRESH on entity com.soft.entity.LocaleMessageEntity: select localemess0_.ID as ID1_1_0_, localemess0_.locale as locale2_1_0_, localemess0_.message as message3_1_0_, localemess0_.msgkey as msgkey4_1_0_ from locale localemess0_ where localemess0_.ID=?
17:59:18.454 [main] TRACE org.hibernate.metamodel.internal.MetadataContext - Wrapping up metadata context...
17:59:18.455 [main] TRACE org.hibernate.metamodel.internal.MetadataContext - Starting entity [com.soft.entity.ResistorEntity]
17:59:18.455 [main] TRACE org.hibernate.metamodel.internal.AttributeFactory - Building identifier attribute [com.soft.entity.ResistorEntity.id]
17:59:18.455 [main] TRACE org.hibernate.metamodel.internal.AttributeFactory - Starting attribute metadata determination [id]
17:59:18.456 [main] TRACE org.hibernate.metamodel.internal.AttributeFactory -     Determined member [private java.lang.Long com.soft.entity.ResistorEntity.id]
17:59:18.456 [main] TRACE org.hibernate.metamodel.internal.AttributeFactory -     Determined type [name=long, class=org.hibernate.type.LongType]
17:59:18.458 [main] TRACE org.hibernate.metamodel.internal.AttributeFactory - Building attribute [com.soft.entity.ResistorEntity.category]
17:59:18.458 [main] TRACE org.hibernate.metamodel.internal.AttributeFactory - Starting attribute metadata determination [category]
17:59:18.458 [main] TRACE org.hibernate.metamodel.internal.AttributeFactory -     Determined member [private java.lang.Integer com.soft.entity.ResistorEntity.category]
17:59:18.458 [main] TRACE org.hibernate.metamodel.internal.AttributeFactory -     Determined type [name=integer, class=org.hibernate.type.IntegerType]
17:59:18.458 [main] TRACE org.hibernate.metamodel.internal.AttributeFactory - Building attribute [com.soft.entity.ResistorEntity.description]
17:59:18.459 [main] TRACE org.hibernate.metamodel.internal.AttributeFactory - Starting attribute metadata determination [description]
17:59:18.459 [main] TRACE org.hibernate.metamodel.internal.AttributeFactory -     Determined member [private java.lang.String com.soft.entity.ResistorEntity.description]
17:59:18.459 [main] TRACE org.hibernate.metamodel.internal.AttributeFactory -     Determined type [name=string, class=org.hibernate.type.StringType]
17:59:18.459 [main] TRACE org.hibernate.metamodel.internal.AttributeFactory - Building attribute [com.soft.entity.ResistorEntity.name]
17:59:18.459 [main] TRACE org.hibernate.metamodel.internal.AttributeFactory - Starting attribute metadata determination [name]
17:59:18.459 [main] TRACE org.hibernate.metamodel.internal.AttributeFactory -     Determined member [private java.lang.String com.soft.entity.ResistorEntity.name]
17:59:18.459 [main] TRACE org.hibernate.metamodel.internal.AttributeFactory -     Determined type [name=string, class=org.hibernate.type.StringType]
17:59:18.459 [main] TRACE org.hibernate.metamodel.internal.AttributeFactory - Building attribute [com.soft.entity.ResistorEntity.nominal]
17:59:18.459 [main] TRACE org.hibernate.metamodel.internal.AttributeFactory - Starting attribute metadata determination [nominal]
17:59:18.459 [main] TRACE org.hibernate.metamodel.internal.AttributeFactory -     Determined member [private java.lang.Double com.soft.entity.ResistorEntity.nominal]
17:59:18.459 [main] TRACE org.hibernate.metamodel.internal.AttributeFactory -     Determined type [name=double, class=org.hibernate.type.DoubleType]
17:59:18.459 [main] TRACE org.hibernate.metamodel.internal.AttributeFactory - Building attribute [com.soft.entity.ResistorEntity.nominalUnit]
17:59:18.459 [main] TRACE org.hibernate.metamodel.internal.AttributeFactory - Starting attribute metadata determination [nominalUnit]
17:59:18.459 [main] TRACE org.hibernate.metamodel.internal.AttributeFactory -     Determined member [private java.lang.Integer com.soft.entity.ResistorEntity.nominalUnit]
17:59:18.459 [main] TRACE org.hibernate.metamodel.internal.AttributeFactory -     Determined type [name=integer, class=org.hibernate.type.IntegerType]
17:59:18.459 [main] TRACE org.hibernate.metamodel.internal.AttributeFactory - Building attribute [com.soft.entity.ResistorEntity.photo]
17:59:18.459 [main] TRACE org.hibernate.metamodel.internal.AttributeFactory - Starting attribute metadata determination [photo]
17:59:18.459 [main] TRACE org.hibernate.metamodel.internal.AttributeFactory -     Determined member [private byte[] com.soft.entity.ResistorEntity.photo]
17:59:18.459 [main] TRACE org.hibernate.metamodel.internal.AttributeFactory -     Determined type [name=binary, class=org.hibernate.type.BinaryType]
17:59:18.459 [main] TRACE org.hibernate.metamodel.internal.AttributeFactory - Building attribute [com.soft.entity.ResistorEntity.power]
17:59:18.459 [main] TRACE org.hibernate.metamodel.internal.AttributeFactory - Starting attribute metadata determination [power]
17:59:18.459 [main] TRACE org.hibernate.metamodel.internal.AttributeFactory -     Determined member [private java.lang.Double com.soft.entity.ResistorEntity.power]
17:59:18.459 [main] TRACE org.hibernate.metamodel.internal.AttributeFactory -     Determined type [name=double, class=org.hibernate.type.DoubleType]
17:59:18.459 [main] TRACE org.hibernate.metamodel.internal.AttributeFactory - Building attribute [com.soft.entity.ResistorEntity.powerUnit]
17:59:18.459 [main] TRACE org.hibernate.metamodel.internal.AttributeFactory - Starting attribute metadata determination [powerUnit]
17:59:18.459 [main] TRACE org.hibernate.metamodel.internal.AttributeFactory -     Determined member [private java.lang.Integer com.soft.entity.ResistorEntity.powerUnit]
17:59:18.459 [main] TRACE org.hibernate.metamodel.internal.AttributeFactory -     Determined type [name=integer, class=org.hibernate.type.IntegerType]
17:59:18.459 [main] TRACE org.hibernate.metamodel.internal.AttributeFactory - Building attribute [com.soft.entity.ResistorEntity.price]
17:59:18.459 [main] TRACE org.hibernate.metamodel.internal.AttributeFactory - Starting attribute metadata determination [price]
17:59:18.459 [main] TRACE org.hibernate.metamodel.internal.AttributeFactory -     Determined member [private java.lang.Double com.soft.entity.ResistorEntity.price]
17:59:18.459 [main] TRACE org.hibernate.metamodel.internal.AttributeFactory -     Determined type [name=double, class=org.hibernate.type.DoubleType]
17:59:18.459 [main] TRACE org.hibernate.metamodel.internal.AttributeFactory - Building attribute [com.soft.entity.ResistorEntity.producer]
17:59:18.460 [main] TRACE org.hibernate.metamodel.internal.AttributeFactory - Starting attribute metadata determination [producer]
17:59:18.460 [main] TRACE org.hibernate.metamodel.internal.AttributeFactory -     Determined member [private java.lang.Integer com.soft.entity.ResistorEntity.producer]
17:59:18.460 [main] TRACE org.hibernate.metamodel.internal.AttributeFactory -     Determined type [name=integer, class=org.hibernate.type.IntegerType]
17:59:18.460 [main] TRACE org.hibernate.metamodel.internal.AttributeFactory - Building attribute [com.soft.entity.ResistorEntity.quantity]
17:59:18.460 [main] TRACE org.hibernate.metamodel.internal.AttributeFactory - Starting attribute metadata determination [quantity]
17:59:18.460 [main] TRACE org.hibernate.metamodel.internal.AttributeFactory -     Determined member [private java.lang.Integer com.soft.entity.ResistorEntity.quantity]
17:59:18.460 [main] TRACE org.hibernate.metamodel.internal.AttributeFactory -     Determined type [name=integer, class=org.hibernate.type.IntegerType]
17:59:18.460 [main] TRACE org.hibernate.metamodel.internal.AttributeFactory - Building attribute [com.soft.entity.ResistorEntity.rPackage]
17:59:18.460 [main] TRACE org.hibernate.metamodel.internal.AttributeFactory - Starting attribute metadata determination [rPackage]
17:59:18.460 [main] TRACE org.hibernate.metamodel.internal.AttributeFactory -     Determined member [private java.lang.Integer com.soft.entity.ResistorEntity.rPackage]
17:59:18.460 [main] TRACE org.hibernate.metamodel.internal.AttributeFactory -     Determined type [name=integer, class=org.hibernate.type.IntegerType]
17:59:18.460 [main] TRACE org.hibernate.metamodel.internal.AttributeFactory - Building attribute [com.soft.entity.ResistorEntity.rPrecision]
17:59:18.460 [main] TRACE org.hibernate.metamodel.internal.AttributeFactory - Starting attribute metadata determination [rPrecision]
17:59:18.460 [main] TRACE org.hibernate.metamodel.internal.AttributeFactory -     Determined member [private java.lang.Double com.soft.entity.ResistorEntity.rPrecision]
17:59:18.460 [main] TRACE org.hibernate.metamodel.internal.AttributeFactory -     Determined type [name=double, class=org.hibernate.type.DoubleType]
17:59:18.460 [main] TRACE org.hibernate.metamodel.internal.MetadataContext - Completed entity [com.soft.entity.ResistorEntity]
17:59:18.460 [main] TRACE org.hibernate.metamodel.internal.MetadataContext - Starting entity [com.soft.entity.ProducerEntity]
17:59:18.460 [main] TRACE org.hibernate.metamodel.internal.AttributeFactory - Building identifier attribute [com.soft.entity.ProducerEntity.id]
17:59:18.460 [main] TRACE org.hibernate.metamodel.internal.AttributeFactory - Starting attribute metadata determination [id]
17:59:18.460 [main] TRACE org.hibernate.metamodel.internal.AttributeFactory -     Determined member [private java.lang.Long com.soft.entity.ProducerEntity.id]
17:59:18.460 [main] TRACE org.hibernate.metamodel.internal.AttributeFactory -     Determined type [name=long, class=org.hibernate.type.LongType]
17:59:18.460 [main] TRACE org.hibernate.metamodel.internal.AttributeFactory - Building attribute [com.soft.entity.ProducerEntity.producerCategory]
17:59:18.460 [main] TRACE org.hibernate.metamodel.internal.AttributeFactory - Starting attribute metadata determination [producerCategory]
17:59:18.460 [main] TRACE org.hibernate.metamodel.internal.AttributeFactory -     Determined member [private java.lang.Integer com.soft.entity.ProducerEntity.producerCategory]
17:59:18.460 [main] TRACE org.hibernate.metamodel.internal.AttributeFactory -     Determined type [name=integer, class=org.hibernate.type.IntegerType]
17:59:18.460 [main] TRACE org.hibernate.metamodel.internal.AttributeFactory - Building attribute [com.soft.entity.ProducerEntity.producerName]
17:59:18.460 [main] TRACE org.hibernate.metamodel.internal.AttributeFactory - Starting attribute metadata determination [producerName]
17:59:18.461 [main] TRACE org.hibernate.metamodel.internal.AttributeFactory -     Determined member [private java.lang.String com.soft.entity.ProducerEntity.producerName]
17:59:18.461 [main] TRACE org.hibernate.metamodel.internal.AttributeFactory -     Determined type [name=string, class=org.hibernate.type.StringType]
17:59:18.461 [main] TRACE org.hibernate.metamodel.internal.MetadataContext - Completed entity [com.soft.entity.ProducerEntity]
17:59:18.461 [main] TRACE org.hibernate.metamodel.internal.MetadataContext - Starting entity [com.soft.entity.TransistorEntity]
17:59:18.461 [main] TRACE org.hibernate.metamodel.internal.AttributeFactory - Building identifier attribute [com.soft.entity.TransistorEntity.id]
17:59:18.461 [main] TRACE org.hibernate.metamodel.internal.AttributeFactory - Starting attribute metadata determination [id]
17:59:18.461 [main] TRACE org.hibernate.metamodel.internal.AttributeFactory -     Determined member [private java.lang.Long com.soft.entity.TransistorEntity.id]
17:59:18.461 [main] TRACE org.hibernate.metamodel.internal.AttributeFactory -     Determined type [name=long, class=org.hibernate.type.LongType]
17:59:18.461 [main] TRACE org.hibernate.metamodel.internal.AttributeFactory - Building attribute [com.soft.entity.TransistorEntity.category]
17:59:18.461 [main] TRACE org.hibernate.metamodel.internal.AttributeFactory - Starting attribute metadata determination [category]
17:59:18.461 [main] TRACE org.hibernate.metamodel.internal.AttributeFactory -     Determined member [private java.lang.Integer com.soft.entity.TransistorEntity.category]
17:59:18.461 [main] TRACE org.hibernate.metamodel.internal.AttributeFactory -     Determined type [name=integer, class=org.hibernate.type.IntegerType]
17:59:18.461 [main] TRACE org.hibernate.metamodel.internal.AttributeFactory - Building attribute [com.soft.entity.TransistorEntity.conductanceType]
17:59:18.461 [main] TRACE org.hibernate.metamodel.internal.AttributeFactory - Starting attribute metadata determination [conductanceType]
17:59:18.461 [main] TRACE org.hibernate.metamodel.internal.AttributeFactory -     Determined member [private java.lang.String com.soft.entity.TransistorEntity.conductanceType]
17:59:18.461 [main] TRACE org.hibernate.metamodel.internal.AttributeFactory -     Determined type [name=string, class=org.hibernate.type.StringType]
17:59:18.461 [main] TRACE org.hibernate.metamodel.internal.AttributeFactory - Building attribute [com.soft.entity.TransistorEntity.description]
17:59:18.461 [main] TRACE org.hibernate.metamodel.internal.AttributeFactory - Starting attribute metadata determination [description]
17:59:18.461 [main] TRACE org.hibernate.metamodel.internal.AttributeFactory -     Determined member [private java.lang.String com.soft.entity.TransistorEntity.description]
17:59:18.461 [main] TRACE org.hibernate.metamodel.internal.AttributeFactory -     Determined type [name=string, class=org.hibernate.type.StringType]
17:59:18.461 [main] TRACE org.hibernate.metamodel.internal.AttributeFactory - Building attribute [com.soft.entity.TransistorEntity.gain]
17:59:18.461 [main] TRACE org.hibernate.metamodel.internal.AttributeFactory - Starting attribute metadata determination [gain]
17:59:18.461 [main] TRACE org.hibernate.metamodel.internal.AttributeFactory -     Determined member [private java.lang.Double com.soft.entity.TransistorEntity.gain]
17:59:18.461 [main] TRACE org.hibernate.metamodel.internal.AttributeFactory -     Determined type [name=double, class=org.hibernate.type.DoubleType]
17:59:18.461 [main] TRACE org.hibernate.metamodel.internal.AttributeFactory - Building attribute [com.soft.entity.TransistorEntity.maxCurrent]
17:59:18.461 [main] TRACE org.hibernate.metamodel.internal.AttributeFactory - Starting attribute metadata determination [maxCurrent]
17:59:18.461 [main] TRACE org.hibernate.metamodel.internal.AttributeFactory -     Determined member [private java.lang.Double com.soft.entity.TransistorEntity.maxCurrent]
17:59:18.461 [main] TRACE org.hibernate.metamodel.internal.AttributeFactory -     Determined type [name=double, class=org.hibernate.type.DoubleType]
17:59:18.461 [main] TRACE org.hibernate.metamodel.internal.AttributeFactory - Building attribute [com.soft.entity.TransistorEntity.maxCurrentUnit]
17:59:18.462 [main] TRACE org.hibernate.metamodel.internal.AttributeFactory - Starting attribute metadata determination [maxCurrentUnit]
17:59:18.462 [main] TRACE org.hibernate.metamodel.internal.AttributeFactory -     Determined member [private java.lang.Integer com.soft.entity.TransistorEntity.maxCurrentUnit]
17:59:18.462 [main] TRACE org.hibernate.metamodel.internal.AttributeFactory -     Determined type [name=integer, class=org.hibernate.type.IntegerType]
17:59:18.462 [main] TRACE org.hibernate.metamodel.internal.AttributeFactory - Building attribute [com.soft.entity.TransistorEntity.name]
17:59:18.462 [main] TRACE org.hibernate.metamodel.internal.AttributeFactory - Starting attribute metadata determination [name]
17:59:18.462 [main] TRACE org.hibernate.metamodel.internal.AttributeFactory -     Determined member [private java.lang.String com.soft.entity.TransistorEntity.name]
17:59:18.462 [main] TRACE org.hibernate.metamodel.internal.AttributeFactory -     Determined type [name=string, class=org.hibernate.type.StringType]
17:59:18.463 [main] TRACE org.hibernate.metamodel.internal.AttributeFactory - Building attribute [com.soft.entity.TransistorEntity.photo]
17:59:18.463 [main] TRACE org.hibernate.metamodel.internal.AttributeFactory - Starting attribute metadata determination [photo]
17:59:18.463 [main] TRACE org.hibernate.metamodel.internal.AttributeFactory -     Determined member [private byte[] com.soft.entity.TransistorEntity.photo]
17:59:18.463 [main] TRACE org.hibernate.metamodel.internal.AttributeFactory -     Determined type [name=binary, class=org.hibernate.type.BinaryType]
17:59:18.464 [main] TRACE org.hibernate.metamodel.internal.AttributeFactory - Building attribute [com.soft.entity.TransistorEntity.price]
17:59:18.464 [main] TRACE org.hibernate.metamodel.internal.AttributeFactory - Starting attribute metadata determination [price]
17:59:18.464 [main] TRACE org.hibernate.metamodel.internal.AttributeFactory -     Determined member [private java.lang.Double com.soft.entity.TransistorEntity.price]
17:59:18.464 [main] TRACE org.hibernate.metamodel.internal.AttributeFactory -     Determined type [name=double, class=org.hibernate.type.DoubleType]
17:59:18.464 [main] TRACE org.hibernate.metamodel.internal.AttributeFactory - Building attribute [com.soft.entity.TransistorEntity.producer]
17:59:18.464 [main] TRACE org.hibernate.metamodel.internal.AttributeFactory - Starting attribute metadata determination [producer]
17:59:18.464 [main] TRACE org.hibernate.metamodel.internal.AttributeFactory -     Determined member [private java.lang.Integer com.soft.entity.TransistorEntity.producer]
17:59:18.464 [main] TRACE org.hibernate.metamodel.internal.AttributeFactory -     Determined type [name=integer, class=org.hibernate.type.IntegerType]
17:59:18.464 [main] TRACE org.hibernate.metamodel.internal.AttributeFactory - Building attribute [com.soft.entity.TransistorEntity.quantity]
17:59:18.464 [main] TRACE org.hibernate.metamodel.internal.AttributeFactory - Starting attribute metadata determination [quantity]
17:59:18.464 [main] TRACE org.hibernate.metamodel.internal.AttributeFactory -     Determined member [private java.lang.Integer com.soft.entity.TransistorEntity.quantity]
17:59:18.464 [main] TRACE org.hibernate.metamodel.internal.AttributeFactory -     Determined type [name=integer, class=org.hibernate.type.IntegerType]
17:59:18.464 [main] TRACE org.hibernate.metamodel.internal.AttributeFactory - Building attribute [com.soft.entity.TransistorEntity.tPackage]
17:59:18.464 [main] TRACE org.hibernate.metamodel.internal.AttributeFactory - Starting attribute metadata determination [tPackage]
17:59:18.464 [main] TRACE org.hibernate.metamodel.internal.AttributeFactory -     Determined member [private java.lang.Integer com.soft.entity.TransistorEntity.tPackage]
17:59:18.464 [main] TRACE org.hibernate.metamodel.internal.AttributeFactory -     Determined type [name=integer, class=org.hibernate.type.IntegerType]
17:59:18.464 [main] TRACE org.hibernate.metamodel.internal.MetadataContext - Completed entity [com.soft.entity.TransistorEntity]
17:59:18.464 [main] TRACE org.hibernate.metamodel.internal.MetadataContext - Starting entity [com.soft.entity.CategoryEntity]
17:59:18.464 [main] TRACE org.hibernate.metamodel.internal.AttributeFactory - Building identifier attribute [com.soft.entity.CategoryEntity.id]
17:59:18.464 [main] TRACE org.hibernate.metamodel.internal.AttributeFactory - Starting attribute metadata determination [id]
17:59:18.465 [main] TRACE org.hibernate.metamodel.internal.AttributeFactory -     Determined member [private java.lang.Long com.soft.entity.CategoryEntity.id]
17:59:18.465 [main] TRACE org.hibernate.metamodel.internal.AttributeFactory -     Determined type [name=long, class=org.hibernate.type.LongType]
17:59:18.465 [main] TRACE org.hibernate.metamodel.internal.AttributeFactory - Building attribute [com.soft.entity.CategoryEntity.entityName]
17:59:18.465 [main] TRACE org.hibernate.metamodel.internal.AttributeFactory - Starting attribute metadata determination [entityName]
17:59:18.465 [main] TRACE org.hibernate.metamodel.internal.AttributeFactory -     Determined member [private java.lang.String com.soft.entity.CategoryEntity.entityName]
17:59:18.465 [main] TRACE org.hibernate.metamodel.internal.AttributeFactory -     Determined type [name=string, class=org.hibernate.type.StringType]
17:59:18.465 [main] TRACE org.hibernate.metamodel.internal.AttributeFactory - Building attribute [com.soft.entity.CategoryEntity.name]
17:59:18.465 [main] TRACE org.hibernate.metamodel.internal.AttributeFactory - Starting attribute metadata determination [name]
17:59:18.465 [main] TRACE org.hibernate.metamodel.internal.AttributeFactory -     Determined member [private java.lang.String com.soft.entity.CategoryEntity.name]
17:59:18.465 [main] TRACE org.hibernate.metamodel.internal.AttributeFactory -     Determined type [name=string, class=org.hibernate.type.StringType]
17:59:18.465 [main] TRACE org.hibernate.metamodel.internal.AttributeFactory - Building attribute [com.soft.entity.CategoryEntity.photo]
17:59:18.465 [main] TRACE org.hibernate.metamodel.internal.AttributeFactory - Starting attribute metadata determination [photo]
17:59:18.465 [main] TRACE org.hibernate.metamodel.internal.AttributeFactory -     Determined member [private byte[] com.soft.entity.CategoryEntity.photo]
17:59:18.465 [main] TRACE org.hibernate.metamodel.internal.AttributeFactory -     Determined type [name=binary, class=org.hibernate.type.BinaryType]
17:59:18.465 [main] TRACE org.hibernate.metamodel.internal.MetadataContext - Completed entity [com.soft.entity.CategoryEntity]
17:59:18.466 [main] TRACE org.hibernate.metamodel.internal.MetadataContext - Starting entity [com.soft.entity.PersonEntity]
17:59:18.466 [main] TRACE org.hibernate.metamodel.internal.AttributeFactory - Building identifier attribute [com.soft.entity.PersonEntity.id]
17:59:18.466 [main] TRACE org.hibernate.metamodel.internal.AttributeFactory - Starting attribute metadata determination [id]
17:59:18.466 [main] TRACE org.hibernate.metamodel.internal.AttributeFactory -     Determined member [private java.lang.Long com.soft.entity.PersonEntity.id]
17:59:18.466 [main] TRACE org.hibernate.metamodel.internal.AttributeFactory -     Determined type [name=long, class=org.hibernate.type.LongType]
17:59:18.466 [main] TRACE org.hibernate.metamodel.internal.AttributeFactory - Building attribute [com.soft.entity.PersonEntity.name]
17:59:18.466 [main] TRACE org.hibernate.metamodel.internal.AttributeFactory - Starting attribute metadata determination [name]
17:59:18.466 [main] TRACE org.hibernate.metamodel.internal.AttributeFactory -     Determined member [private char com.soft.entity.PersonEntity.name]
17:59:18.466 [main] TRACE org.hibernate.metamodel.internal.AttributeFactory -     Determined type [name=character, class=org.hibernate.type.CharacterType]
17:59:18.466 [main] TRACE org.hibernate.metamodel.internal.MetadataContext - Completed entity [com.soft.entity.PersonEntity]
17:59:18.466 [main] TRACE org.hibernate.metamodel.internal.MetadataContext - Starting entity [com.soft.entity.LocaleMessageEntity]
17:59:18.466 [main] TRACE org.hibernate.metamodel.internal.AttributeFactory - Building identifier attribute [com.soft.entity.LocaleMessageEntity.id]
17:59:18.466 [main] TRACE org.hibernate.metamodel.internal.AttributeFactory - Starting attribute metadata determination [id]
17:59:18.466 [main] TRACE org.hibernate.metamodel.internal.AttributeFactory -     Determined member [private java.lang.Long com.soft.entity.LocaleMessageEntity.id]
17:59:18.466 [main] TRACE org.hibernate.metamodel.internal.AttributeFactory -     Determined type [name=long, class=org.hibernate.type.LongType]
17:59:18.466 [main] TRACE org.hibernate.metamodel.internal.AttributeFactory - Building attribute [com.soft.entity.LocaleMessageEntity.locale]
17:59:18.466 [main] TRACE org.hibernate.metamodel.internal.AttributeFactory - Starting attribute metadata determination [locale]
17:59:18.466 [main] TRACE org.hibernate.metamodel.internal.AttributeFactory -     Determined member [private java.lang.String com.soft.entity.LocaleMessageEntity.locale]
17:59:18.466 [main] TRACE org.hibernate.metamodel.internal.AttributeFactory -     Determined type [name=string, class=org.hibernate.type.StringType]
17:59:18.466 [main] TRACE org.hibernate.metamodel.internal.AttributeFactory - Building attribute [com.soft.entity.LocaleMessageEntity.message]
17:59:18.466 [main] TRACE org.hibernate.metamodel.internal.AttributeFactory - Starting attribute metadata determination [message]
17:59:18.466 [main] TRACE org.hibernate.metamodel.internal.AttributeFactory -     Determined member [private java.lang.String com.soft.entity.LocaleMessageEntity.message]
17:59:18.466 [main] TRACE org.hibernate.metamodel.internal.AttributeFactory -     Determined type [name=string, class=org.hibernate.type.StringType]
17:59:18.466 [main] TRACE org.hibernate.metamodel.internal.AttributeFactory - Building attribute [com.soft.entity.LocaleMessageEntity.msgKey]
17:59:18.466 [main] TRACE org.hibernate.metamodel.internal.AttributeFactory - Starting attribute metadata determination [msgKey]
17:59:18.466 [main] TRACE org.hibernate.metamodel.internal.AttributeFactory -     Determined member [private java.lang.String com.soft.entity.LocaleMessageEntity.msgKey]
17:59:18.467 [main] TRACE org.hibernate.metamodel.internal.AttributeFactory -     Determined type [name=string, class=org.hibernate.type.StringType]
17:59:18.467 [main] TRACE org.hibernate.metamodel.internal.MetadataContext - Completed entity [com.soft.entity.LocaleMessageEntity]
17:59:18.470 [main] TRACE org.hibernate.service.internal.AbstractServiceRegistryImpl - Initializing service [role=org.hibernate.tool.schema.spi.SchemaManagementTool]
17:59:18.471 [main] TRACE org.hibernate.service.internal.AbstractServiceRegistryImpl - Initializing service [role=org.hibernate.resource.transaction.spi.TransactionCoordinatorBuilder]
17:59:18.471 [main] TRACE org.hibernate.service.internal.AbstractServiceRegistryImpl - Initializing service [role=org.hibernate.tool.hbm2ddl.ImportSqlCommandExtractor]
17:59:18.471 [main] DEBUG org.hibernate.SQL - drop table if exists category
17:59:18.471 [main] DEBUG org.hibernate.SQL - drop table if exists locale
17:59:18.472 [main] DEBUG org.hibernate.SQL - drop table if exists PERSON
17:59:18.472 [main] DEBUG org.hibernate.SQL - drop table if exists producer
17:59:18.472 [main] DEBUG org.hibernate.SQL - drop table if exists resistor
17:59:18.472 [main] DEBUG org.hibernate.SQL - drop table if exists transistor
17:59:18.472 [main] DEBUG org.hibernate.SQL - create table category (category_id bigint not null, entity_name varchar(255), name varchar(255), photo tinyblob, primary key (category_id)) engine=MyISAM
17:59:18.473 [main] WARN  org.hibernate.tool.schema.internal.ExceptionHandlerLoggedImpl - GenerationTarget encountered exception accepting command : Error executing DDL via JDBC Statement
org.hibernate.tool.schema.spi.CommandAcceptanceException: Error executing DDL via JDBC Statement
	at org.hibernate.tool.schema.internal.exec.GenerationTargetToDatabase.accept(GenerationTargetToDatabase.java:67) ~[hibernate-core-5.2.13.Final.jar:5.2.13.Final]
	at org.hibernate.tool.schema.internal.SchemaCreatorImpl.applySqlString(SchemaCreatorImpl.java:440) ~[hibernate-core-5.2.13.Final.jar:5.2.13.Final]
	at org.hibernate.tool.schema.internal.SchemaCreatorImpl.applySqlStrings(SchemaCreatorImpl.java:424) ~[hibernate-core-5.2.13.Final.jar:5.2.13.Final]
	at org.hibernate.tool.schema.internal.SchemaCreatorImpl.createFromMetadata(SchemaCreatorImpl.java:315) ~[hibernate-core-5.2.13.Final.jar:5.2.13.Final]
	at org.hibernate.tool.schema.internal.SchemaCreatorImpl.performCreation(SchemaCreatorImpl.java:166) ~[hibernate-core-5.2.13.Final.jar:5.2.13.Final]
	at org.hibernate.tool.schema.internal.SchemaCreatorImpl.doCreation(SchemaCreatorImpl.java:135) ~[hibernate-core-5.2.13.Final.jar:5.2.13.Final]
	at org.hibernate.tool.schema.internal.SchemaCreatorImpl.doCreation(SchemaCreatorImpl.java:121) ~[hibernate-core-5.2.13.Final.jar:5.2.13.Final]
	at org.hibernate.tool.schema.spi.SchemaManagementToolCoordinator.performDatabaseAction(SchemaManagementToolCoordinator.java:155) ~[hibernate-core-5.2.13.Final.jar:5.2.13.Final]
	at org.hibernate.tool.schema.spi.SchemaManagementToolCoordinator.process(SchemaManagementToolCoordinator.java:72) ~[hibernate-core-5.2.13.Final.jar:5.2.13.Final]
	at org.hibernate.internal.SessionFactoryImpl.<init>(SessionFactoryImpl.java:312) ~[hibernate-core-5.2.13.Final.jar:5.2.13.Final]
	at org.hibernate.boot.internal.SessionFactoryBuilderImpl.build(SessionFactoryBuilderImpl.java:460) ~[hibernate-core-5.2.13.Final.jar:5.2.13.Final]
	at org.hibernate.cfg.Configuration.buildSessionFactory(Configuration.java:710) ~[hibernate-core-5.2.13.Final.jar:5.2.13.Final]
	at org.hibernate.cfg.Configuration.buildSessionFactory(Configuration.java:726) ~[hibernate-core-5.2.13.Final.jar:5.2.13.Final]
	at org.springframework.orm.hibernate5.LocalSessionFactoryBean.buildSessionFactory(LocalSessionFactoryBean.java:535) ~[spring-orm-5.0.4.RELEASE.jar:5.0.4.RELEASE]
	at org.springframework.orm.hibernate5.LocalSessionFactoryBean.afterPropertiesSet(LocalSessionFactoryBean.java:519) ~[spring-orm-5.0.4.RELEASE.jar:5.0.4.RELEASE]
	at com.soft.config.DataAccessConfig.getDevSessionFactory(DataAccessConfig.java:192) ~[classes/:?]
	at com.soft.config.DataAccessConfig$$EnhancerBySpringCGLIB$$d625e009.CGLIB$getDevSessionFactory$6(<generated>) ~[classes/:?]
	at com.soft.config.DataAccessConfig$$EnhancerBySpringCGLIB$$d625e009$$FastClassBySpringCGLIB$$62d74cbd.invoke(<generated>) ~[classes/:?]
	at org.springframework.cglib.proxy.MethodProxy.invokeSuper(MethodProxy.java:244) ~[spring-core-5.2.0.RELEASE.jar:5.2.0.RELEASE]
	at org.springframework.context.annotation.ConfigurationClassEnhancer$BeanMethodInterceptor.intercept(ConfigurationClassEnhancer.java:361) ~[spring-context-5.0.4.RELEASE.jar:5.0.4.RELEASE]
	at com.soft.config.DataAccessConfig$$EnhancerBySpringCGLIB$$d625e009.getDevSessionFactory(<generated>) ~[classes/:?]
	at sun.reflect.NativeMethodAccessorImpl.invoke0(Native Method) ~[?:1.8.0_211]
	at sun.reflect.NativeMethodAccessorImpl.invoke(NativeMethodAccessorImpl.java:62) ~[?:1.8.0_211]
	at sun.reflect.DelegatingMethodAccessorImpl.invoke(DelegatingMethodAccessorImpl.java:43) ~[?:1.8.0_211]
	at java.lang.reflect.Method.invoke(Method.java:498) ~[?:1.8.0_211]
	at org.springframework.beans.factory.support.SimpleInstantiationStrategy.instantiate(SimpleInstantiationStrategy.java:154) ~[spring-beans-5.0.4.RELEASE.jar:5.0.4.RELEASE]
	at org.springframework.beans.factory.support.ConstructorResolver.instantiateUsingFactoryMethod(ConstructorResolver.java:579) ~[spring-beans-5.0.4.RELEASE.jar:5.0.4.RELEASE]
	at org.springframework.beans.factory.support.AbstractAutowireCapableBeanFactory.instantiateUsingFactoryMethod(AbstractAutowireCapableBeanFactory.java:1250) ~[spring-beans-5.0.4.RELEASE.jar:5.0.4.RELEASE]
	at org.springframework.beans.factory.support.AbstractAutowireCapableBeanFactory.createBeanInstance(AbstractAutowireCapableBeanFactory.java:1099) ~[spring-beans-5.0.4.RELEASE.jar:5.0.4.RELEASE]
	at org.springframework.beans.factory.support.AbstractAutowireCapableBeanFactory.doCreateBean(AbstractAutowireCapableBeanFactory.java:545) ~[spring-beans-5.0.4.RELEASE.jar:5.0.4.RELEASE]
	at org.springframework.beans.factory.support.AbstractAutowireCapableBeanFactory.createBean(AbstractAutowireCapableBeanFactory.java:502) ~[spring-beans-5.0.4.RELEASE.jar:5.0.4.RELEASE]
	at org.springframework.beans.factory.support.AbstractBeanFactory.lambda$doGetBean$0(AbstractBeanFactory.java:312) ~[spring-beans-5.0.4.RELEASE.jar:5.0.4.RELEASE]
	at org.springframework.beans.factory.support.DefaultSingletonBeanRegistry.getSingleton(DefaultSingletonBeanRegistry.java:228) ~[spring-beans-5.0.4.RELEASE.jar:5.0.4.RELEASE]
	at org.springframework.beans.factory.support.AbstractBeanFactory.doGetBean(AbstractBeanFactory.java:310) ~[spring-beans-5.0.4.RELEASE.jar:5.0.4.RELEASE]
	at org.springframework.beans.factory.support.AbstractBeanFactory.getBean(AbstractBeanFactory.java:200) ~[spring-beans-5.0.4.RELEASE.jar:5.0.4.RELEASE]
	at org.springframework.beans.factory.support.AbstractBeanFactory.doGetBean(AbstractBeanFactory.java:304) ~[spring-beans-5.0.4.RELEASE.jar:5.0.4.RELEASE]
	at org.springframework.beans.factory.support.AbstractBeanFactory.getBean(AbstractBeanFactory.java:200) ~[spring-beans-5.0.4.RELEASE.jar:5.0.4.RELEASE]
	at org.springframework.beans.factory.config.DependencyDescriptor.resolveCandidate(DependencyDescriptor.java:251) ~[spring-beans-5.0.4.RELEASE.jar:5.0.4.RELEASE]
	at org.springframework.beans.factory.support.DefaultListableBeanFactory.doResolveDependency(DefaultListableBeanFactory.java:1138) ~[spring-beans-5.0.4.RELEASE.jar:5.0.4.RELEASE]
	at org.springframework.beans.factory.support.DefaultListableBeanFactory.resolveDependency(DefaultListableBeanFactory.java:1065) ~[spring-beans-5.0.4.RELEASE.jar:5.0.4.RELEASE]
	at org.springframework.beans.factory.annotation.AutowiredAnnotationBeanPostProcessor$AutowiredFieldElement.inject(AutowiredAnnotationBeanPostProcessor.java:584) ~[spring-beans-5.0.4.RELEASE.jar:5.0.4.RELEASE]
	at org.springframework.beans.factory.annotation.InjectionMetadata.inject(InjectionMetadata.java:91) ~[spring-beans-5.0.4.RELEASE.jar:5.0.4.RELEASE]
	at org.springframework.beans.factory.annotation.AutowiredAnnotationBeanPostProcessor.postProcessPropertyValues(AutowiredAnnotationBeanPostProcessor.java:373) ~[spring-beans-5.0.4.RELEASE.jar:5.0.4.RELEASE]
	at org.springframework.beans.factory.support.AbstractAutowireCapableBeanFactory.populateBean(AbstractAutowireCapableBeanFactory.java:1344) ~[spring-beans-5.0.4.RELEASE.jar:5.0.4.RELEASE]
	at org.springframework.beans.factory.support.AbstractAutowireCapableBeanFactory.doCreateBean(AbstractAutowireCapableBeanFactory.java:582) ~[spring-beans-5.0.4.RELEASE.jar:5.0.4.RELEASE]
	at org.springframework.beans.factory.support.AbstractAutowireCapableBeanFactory.createBean(AbstractAutowireCapableBeanFactory.java:502) ~[spring-beans-5.0.4.RELEASE.jar:5.0.4.RELEASE]
	at org.springframework.beans.factory.support.AbstractBeanFactory.lambda$doGetBean$0(AbstractBeanFactory.java:312) ~[spring-beans-5.0.4.RELEASE.jar:5.0.4.RELEASE]
	at org.springframework.beans.factory.support.DefaultSingletonBeanRegistry.getSingleton(DefaultSingletonBeanRegistry.java:228) ~[spring-beans-5.0.4.RELEASE.jar:5.0.4.RELEASE]
	at org.springframework.beans.factory.support.AbstractBeanFactory.doGetBean(AbstractBeanFactory.java:310) ~[spring-beans-5.0.4.RELEASE.jar:5.0.4.RELEASE]
	at org.springframework.beans.factory.support.AbstractBeanFactory.getBean(AbstractBeanFactory.java:205) ~[spring-beans-5.0.4.RELEASE.jar:5.0.4.RELEASE]
	at org.springframework.context.support.AbstractApplicationContext.initMessageSource(AbstractApplicationContext.java:719) ~[spring-context-5.0.4.RELEASE.jar:5.0.4.RELEASE]
	at org.springframework.context.support.AbstractApplicationContext.refresh(AbstractApplicationContext.java:537) ~[spring-context-5.0.4.RELEASE.jar:5.0.4.RELEASE]
	at org.springframework.test.context.web.AbstractGenericWebContextLoader.loadContext(AbstractGenericWebContextLoader.java:129) ~[spring-test-5.2.3.RELEASE.jar:5.2.3.RELEASE]
	at org.springframework.test.context.web.AbstractGenericWebContextLoader.loadContext(AbstractGenericWebContextLoader.java:61) ~[spring-test-5.2.3.RELEASE.jar:5.2.3.RELEASE]
	at org.springframework.test.context.support.AbstractDelegatingSmartContextLoader.delegateLoading(AbstractDelegatingSmartContextLoader.java:275) ~[spring-test-5.2.3.RELEASE.jar:5.2.3.RELEASE]
	at org.springframework.test.context.support.AbstractDelegatingSmartContextLoader.loadContext(AbstractDelegatingSmartContextLoader.java:243) ~[spring-test-5.2.3.RELEASE.jar:5.2.3.RELEASE]
	at org.springframework.test.context.cache.DefaultCacheAwareContextLoaderDelegate.loadContextInternal(DefaultCacheAwareContextLoaderDelegate.java:99) ~[spring-test-5.2.3.RELEASE.jar:5.2.3.RELEASE]
	at org.springframework.test.context.cache.DefaultCacheAwareContextLoaderDelegate.loadContext(DefaultCacheAwareContextLoaderDelegate.java:124) ~[spring-test-5.2.3.RELEASE.jar:5.2.3.RELEASE]
	at org.springframework.test.context.support.DefaultTestContext.getApplicationContext(DefaultTestContext.java:123) ~[spring-test-5.2.3.RELEASE.jar:5.2.3.RELEASE]
	at org.springframework.test.context.web.ServletTestExecutionListener.setUpRequestContextIfNecessary(ServletTestExecutionListener.java:190) ~[spring-test-5.2.3.RELEASE.jar:5.2.3.RELEASE]
	at org.springframework.test.context.web.ServletTestExecutionListener.prepareTestInstance(ServletTestExecutionListener.java:132) ~[spring-test-5.2.3.RELEASE.jar:5.2.3.RELEASE]
	at org.springframework.test.context.TestContextManager.prepareTestInstance(TestContextManager.java:244) ~[spring-test-5.2.3.RELEASE.jar:5.2.3.RELEASE]
	at org.springframework.test.context.junit.jupiter.SpringExtension.postProcessTestInstance(SpringExtension.java:98) ~[spring-test-5.2.3.RELEASE.jar:5.2.3.RELEASE]
	at org.junit.jupiter.engine.descriptor.ClassBasedTestDescriptor.lambda$invokeTestInstancePostProcessors$5(ClassBasedTestDescriptor.java:341) ~[junit-jupiter-engine-5.6.0.jar:5.6.0]
	at org.junit.jupiter.engine.descriptor.ClassBasedTestDescriptor.executeAndMaskThrowable(ClassBasedTestDescriptor.java:346) ~[junit-jupiter-engine-5.6.0.jar:5.6.0]
	at org.junit.jupiter.engine.descriptor.ClassBasedTestDescriptor.lambda$invokeTestInstancePostProcessors$6(ClassBasedTestDescriptor.java:341) ~[junit-jupiter-engine-5.6.0.jar:5.6.0]
	at java.util.stream.ReferencePipeline$3$1.accept(ReferencePipeline.java:193) ~[?:1.8.0_211]
	at java.util.stream.ReferencePipeline$2$1.accept(ReferencePipeline.java:175) ~[?:1.8.0_211]
	at java.util.ArrayList$ArrayListSpliterator.forEachRemaining(ArrayList.java:1382) ~[?:1.8.0_211]
	at java.util.stream.AbstractPipeline.copyInto(AbstractPipeline.java:481) ~[?:1.8.0_211]
	at java.util.stream.AbstractPipeline.wrapAndCopyInto(AbstractPipeline.java:471) ~[?:1.8.0_211]
	at java.util.stream.StreamSpliterators$WrappingSpliterator.forEachRemaining(StreamSpliterators.java:312) ~[?:1.8.0_211]
	at java.util.stream.Streams$ConcatSpliterator.forEachRemaining(Streams.java:743) ~[?:1.8.0_211]
	at java.util.stream.Streams$ConcatSpliterator.forEachRemaining(Streams.java:742) ~[?:1.8.0_211]
	at java.util.stream.ReferencePipeline$Head.forEach(ReferencePipeline.java:580) ~[?:1.8.0_211]
	at org.junit.jupiter.engine.descriptor.ClassBasedTestDescriptor.invokeTestInstancePostProcessors(ClassBasedTestDescriptor.java:340) ~[junit-jupiter-engine-5.6.0.jar:5.6.0]
	at org.junit.jupiter.engine.descriptor.ClassBasedTestDescriptor.instantiateAndPostProcessTestInstance(ClassBasedTestDescriptor.java:263) ~[junit-jupiter-engine-5.6.0.jar:5.6.0]
	at org.junit.jupiter.engine.descriptor.ClassBasedTestDescriptor.lambda$testInstancesProvider$2(ClassBasedTestDescriptor.java:256) ~[junit-jupiter-engine-5.6.0.jar:5.6.0]
	at java.util.Optional.orElseGet(Optional.java:267) ~[?:1.8.0_211]
	at org.junit.jupiter.engine.descriptor.ClassBasedTestDescriptor.lambda$testInstancesProvider$3(ClassBasedTestDescriptor.java:255) ~[junit-jupiter-engine-5.6.0.jar:5.6.0]
	at org.junit.jupiter.engine.execution.TestInstancesProvider.getTestInstances(TestInstancesProvider.java:29) ~[junit-jupiter-engine-5.6.0.jar:5.6.0]
	at org.junit.jupiter.engine.descriptor.TestMethodTestDescriptor.lambda$prepare$0(TestMethodTestDescriptor.java:108) ~[junit-jupiter-engine-5.6.0.jar:5.6.0]
	at org.junit.platform.engine.support.hierarchical.ThrowableCollector.execute(ThrowableCollector.java:73) ~[junit-platform-engine-1.6.0.jar:1.6.0]
	at org.junit.jupiter.engine.descriptor.TestMethodTestDescriptor.prepare(TestMethodTestDescriptor.java:107) ~[junit-jupiter-engine-5.6.0.jar:5.6.0]
	at org.junit.jupiter.engine.descriptor.TestMethodTestDescriptor.prepare(TestMethodTestDescriptor.java:71) ~[junit-jupiter-engine-5.6.0.jar:5.6.0]
	at org.junit.platform.engine.support.hierarchical.NodeTestTask.lambda$prepare$1(NodeTestTask.java:107) ~[junit-platform-engine-1.6.0.jar:1.6.0]
	at org.junit.platform.engine.support.hierarchical.ThrowableCollector.execute(ThrowableCollector.java:73) ~[junit-platform-engine-1.6.0.jar:1.6.0]
	at org.junit.platform.engine.support.hierarchical.NodeTestTask.prepare(NodeTestTask.java:107) ~[junit-platform-engine-1.6.0.jar:1.6.0]
	at org.junit.platform.engine.support.hierarchical.NodeTestTask.execute(NodeTestTask.java:75) ~[junit-platform-engine-1.6.0.jar:1.6.0]
	at java.util.ArrayList.forEach(ArrayList.java:1257) ~[?:1.8.0_211]
	at org.junit.platform.engine.support.hierarchical.SameThreadHierarchicalTestExecutorService.invokeAll(SameThreadHierarchicalTestExecutorService.java:38) ~[junit-platform-engine-1.6.0.jar:1.6.0]
	at org.junit.platform.engine.support.hierarchical.NodeTestTask.lambda$executeRecursively$5(NodeTestTask.java:139) ~[junit-platform-engine-1.6.0.jar:1.6.0]
	at org.junit.platform.engine.support.hierarchical.ThrowableCollector.execute(ThrowableCollector.java:73) ~[junit-platform-engine-1.6.0.jar:1.6.0]
	at org.junit.platform.engine.support.hierarchical.NodeTestTask.lambda$executeRecursively$7(NodeTestTask.java:125) ~[junit-platform-engine-1.6.0.jar:1.6.0]
	at org.junit.platform.engine.support.hierarchical.Node.around(Node.java:135) ~[junit-platform-engine-1.6.0.jar:1.6.0]
	at org.junit.platform.engine.support.hierarchical.NodeTestTask.lambda$executeRecursively$8(NodeTestTask.java:123) ~[junit-platform-engine-1.6.0.jar:1.6.0]
	at org.junit.platform.engine.support.hierarchical.ThrowableCollector.execute(ThrowableCollector.java:73) ~[junit-platform-engine-1.6.0.jar:1.6.0]
	at org.junit.platform.engine.support.hierarchical.NodeTestTask.executeRecursively(NodeTestTask.java:122) ~[junit-platform-engine-1.6.0.jar:1.6.0]
	at org.junit.platform.engine.support.hierarchical.NodeTestTask.execute(NodeTestTask.java:80) ~[junit-platform-engine-1.6.0.jar:1.6.0]
	at java.util.ArrayList.forEach(ArrayList.java:1257) ~[?:1.8.0_211]
	at org.junit.platform.engine.support.hierarchical.SameThreadHierarchicalTestExecutorService.invokeAll(SameThreadHierarchicalTestExecutorService.java:38) ~[junit-platform-engine-1.6.0.jar:1.6.0]
	at org.junit.platform.engine.support.hierarchical.NodeTestTask.lambda$executeRecursively$5(NodeTestTask.java:139) ~[junit-platform-engine-1.6.0.jar:1.6.0]
	at org.junit.platform.engine.support.hierarchical.ThrowableCollector.execute(ThrowableCollector.java:73) ~[junit-platform-engine-1.6.0.jar:1.6.0]
	at org.junit.platform.engine.support.hierarchical.NodeTestTask.lambda$executeRecursively$7(NodeTestTask.java:125) ~[junit-platform-engine-1.6.0.jar:1.6.0]
	at org.junit.platform.engine.support.hierarchical.Node.around(Node.java:135) ~[junit-platform-engine-1.6.0.jar:1.6.0]
	at org.junit.platform.engine.support.hierarchical.NodeTestTask.lambda$executeRecursively$8(NodeTestTask.java:123) ~[junit-platform-engine-1.6.0.jar:1.6.0]
	at org.junit.platform.engine.support.hierarchical.ThrowableCollector.execute(ThrowableCollector.java:73) [junit-platform-engine-1.6.0.jar:1.6.0]
	at org.junit.platform.engine.support.hierarchical.NodeTestTask.executeRecursively(NodeTestTask.java:122) [junit-platform-engine-1.6.0.jar:1.6.0]
	at org.junit.platform.engine.support.hierarchical.NodeTestTask.execute(NodeTestTask.java:80) [junit-platform-engine-1.6.0.jar:1.6.0]
	at org.junit.platform.engine.support.hierarchical.SameThreadHierarchicalTestExecutorService.submit(SameThreadHierarchicalTestExecutorService.java:32) [junit-platform-engine-1.6.0.jar:1.6.0]
	at org.junit.platform.engine.support.hierarchical.HierarchicalTestExecutor.execute(HierarchicalTestExecutor.java:57) [junit-platform-engine-1.6.0.jar:1.6.0]
	at org.junit.platform.engine.support.hierarchical.HierarchicalTestEngine.execute(HierarchicalTestEngine.java:51) [junit-platform-engine-1.6.0.jar:1.6.0]
	at org.junit.platform.launcher.core.DefaultLauncher.execute(DefaultLauncher.java:170) [junit-platform-launcher-1.1.0.jar:1.1.0]
	at org.junit.platform.launcher.core.DefaultLauncher.execute(DefaultLauncher.java:154) [junit-platform-launcher-1.1.0.jar:1.1.0]
	at org.junit.platform.launcher.core.DefaultLauncher.execute(DefaultLauncher.java:90) [junit-platform-launcher-1.1.0.jar:1.1.0]
	at org.junit.platform.surefire.provider.JUnitPlatformProvider.invokeAllTests(JUnitPlatformProvider.java:132) [junit-platform-surefire-provider-1.1.0.jar:1.1.0]
	at org.junit.platform.surefire.provider.JUnitPlatformProvider.invoke(JUnitPlatformProvider.java:111) [junit-platform-surefire-provider-1.1.0.jar:1.1.0]
	at org.apache.maven.surefire.booter.ForkedBooter.invokeProviderInSameClassLoader(ForkedBooter.java:290) [surefire-booter-2.19.1.jar:2.19.1]
	at org.apache.maven.surefire.booter.ForkedBooter.runSuitesInProcess(ForkedBooter.java:242) [surefire-booter-2.19.1.jar:2.19.1]
	at org.apache.maven.surefire.booter.ForkedBooter.main(ForkedBooter.java:121) [surefire-booter-2.19.1.jar:2.19.1]
Caused by: java.sql.SQLException: General error
	at org.hsqldb.jdbc.JDBCUtil.sqlException(Unknown Source) ~[hsqldb-2.5.0.jar:2.5.0]
	at org.hsqldb.jdbc.JDBCUtil.sqlException(Unknown Source) ~[hsqldb-2.5.0.jar:2.5.0]
	at org.hsqldb.jdbc.JDBCStatement.fetchResult(Unknown Source) ~[hsqldb-2.5.0.jar:2.5.0]
	at org.hsqldb.jdbc.JDBCStatement.execute(Unknown Source) ~[hsqldb-2.5.0.jar:2.5.0]
	at org.apache.commons.dbcp2.DelegatingStatement.execute(DelegatingStatement.java:194) ~[commons-dbcp2-2.7.0.jar:2.7.0]
	at org.apache.commons.dbcp2.DelegatingStatement.execute(DelegatingStatement.java:194) ~[commons-dbcp2-2.7.0.jar:2.7.0]
	at org.hibernate.tool.schema.internal.exec.GenerationTargetToDatabase.accept(GenerationTargetToDatabase.java:54) ~[hibernate-core-5.2.13.Final.jar:5.2.13.Final]
	... 119 more
Caused by: org.hsqldb.HsqlException: General error
	at org.hsqldb.error.Error.error(Unknown Source) ~[hsqldb-2.5.0.jar:2.5.0]
	at org.hsqldb.error.Error.error(Unknown Source) ~[hsqldb-2.5.0.jar:2.5.0]
	at org.hsqldb.result.Result.newErrorResult(Unknown Source) ~[hsqldb-2.5.0.jar:2.5.0]
	at org.hsqldb.result.Result.newErrorResult(Unknown Source) ~[hsqldb-2.5.0.jar:2.5.0]
	at org.hsqldb.Session.executeDirectStatement(Unknown Source) ~[hsqldb-2.5.0.jar:2.5.0]
	at org.hsqldb.Session.execute(Unknown Source) ~[hsqldb-2.5.0.jar:2.5.0]
	at org.hsqldb.jdbc.JDBCStatement.fetchResult(Unknown Source) ~[hsqldb-2.5.0.jar:2.5.0]
	at org.hsqldb.jdbc.JDBCStatement.execute(Unknown Source) ~[hsqldb-2.5.0.jar:2.5.0]
	at org.apache.commons.dbcp2.DelegatingStatement.execute(DelegatingStatement.java:194) ~[commons-dbcp2-2.7.0.jar:2.7.0]
	at org.apache.commons.dbcp2.DelegatingStatement.execute(DelegatingStatement.java:194) ~[commons-dbcp2-2.7.0.jar:2.7.0]
	at org.hibernate.tool.schema.internal.exec.GenerationTargetToDatabase.accept(GenerationTargetToDatabase.java:54) ~[hibernate-core-5.2.13.Final.jar:5.2.13.Final]
	... 119 more
17:59:18.478 [main] DEBUG org.hibernate.SQL - create table locale (ID bigint not null, locale varchar(255), message varchar(255), msgkey varchar(255), primary key (ID)) engine=MyISAM
17:59:18.479 [main] WARN  org.hibernate.tool.schema.internal.ExceptionHandlerLoggedImpl - GenerationTarget encountered exception accepting command : Error executing DDL via JDBC Statement
org.hibernate.tool.schema.spi.CommandAcceptanceException: Error executing DDL via JDBC Statement
	at org.hibernate.tool.schema.internal.exec.GenerationTargetToDatabase.accept(GenerationTargetToDatabase.java:67) ~[hibernate-core-5.2.13.Final.jar:5.2.13.Final]
	at org.hibernate.tool.schema.internal.SchemaCreatorImpl.applySqlString(SchemaCreatorImpl.java:440) ~[hibernate-core-5.2.13.Final.jar:5.2.13.Final]
	at org.hibernate.tool.schema.internal.SchemaCreatorImpl.applySqlStrings(SchemaCreatorImpl.java:424) ~[hibernate-core-5.2.13.Final.jar:5.2.13.Final]
	at org.hibernate.tool.schema.internal.SchemaCreatorImpl.createFromMetadata(SchemaCreatorImpl.java:315) ~[hibernate-core-5.2.13.Final.jar:5.2.13.Final]
	at org.hibernate.tool.schema.internal.SchemaCreatorImpl.performCreation(SchemaCreatorImpl.java:166) ~[hibernate-core-5.2.13.Final.jar:5.2.13.Final]
	at org.hibernate.tool.schema.internal.SchemaCreatorImpl.doCreation(SchemaCreatorImpl.java:135) ~[hibernate-core-5.2.13.Final.jar:5.2.13.Final]
	at org.hibernate.tool.schema.internal.SchemaCreatorImpl.doCreation(SchemaCreatorImpl.java:121) ~[hibernate-core-5.2.13.Final.jar:5.2.13.Final]
	at org.hibernate.tool.schema.spi.SchemaManagementToolCoordinator.performDatabaseAction(SchemaManagementToolCoordinator.java:155) ~[hibernate-core-5.2.13.Final.jar:5.2.13.Final]
	at org.hibernate.tool.schema.spi.SchemaManagementToolCoordinator.process(SchemaManagementToolCoordinator.java:72) ~[hibernate-core-5.2.13.Final.jar:5.2.13.Final]
	at org.hibernate.internal.SessionFactoryImpl.<init>(SessionFactoryImpl.java:312) ~[hibernate-core-5.2.13.Final.jar:5.2.13.Final]
	at org.hibernate.boot.internal.SessionFactoryBuilderImpl.build(SessionFactoryBuilderImpl.java:460) ~[hibernate-core-5.2.13.Final.jar:5.2.13.Final]
	at org.hibernate.cfg.Configuration.buildSessionFactory(Configuration.java:710) ~[hibernate-core-5.2.13.Final.jar:5.2.13.Final]
	at org.hibernate.cfg.Configuration.buildSessionFactory(Configuration.java:726) ~[hibernate-core-5.2.13.Final.jar:5.2.13.Final]
	at org.springframework.orm.hibernate5.LocalSessionFactoryBean.buildSessionFactory(LocalSessionFactoryBean.java:535) ~[spring-orm-5.0.4.RELEASE.jar:5.0.4.RELEASE]
	at org.springframework.orm.hibernate5.LocalSessionFactoryBean.afterPropertiesSet(LocalSessionFactoryBean.java:519) ~[spring-orm-5.0.4.RELEASE.jar:5.0.4.RELEASE]
	at com.soft.config.DataAccessConfig.getDevSessionFactory(DataAccessConfig.java:192) ~[classes/:?]
	at com.soft.config.DataAccessConfig$$EnhancerBySpringCGLIB$$d625e009.CGLIB$getDevSessionFactory$6(<generated>) ~[classes/:?]
	at com.soft.config.DataAccessConfig$$EnhancerBySpringCGLIB$$d625e009$$FastClassBySpringCGLIB$$62d74cbd.invoke(<generated>) ~[classes/:?]
	at org.springframework.cglib.proxy.MethodProxy.invokeSuper(MethodProxy.java:244) ~[spring-core-5.2.0.RELEASE.jar:5.2.0.RELEASE]
	at org.springframework.context.annotation.ConfigurationClassEnhancer$BeanMethodInterceptor.intercept(ConfigurationClassEnhancer.java:361) ~[spring-context-5.0.4.RELEASE.jar:5.0.4.RELEASE]
	at com.soft.config.DataAccessConfig$$EnhancerBySpringCGLIB$$d625e009.getDevSessionFactory(<generated>) ~[classes/:?]
	at sun.reflect.NativeMethodAccessorImpl.invoke0(Native Method) ~[?:1.8.0_211]
	at sun.reflect.NativeMethodAccessorImpl.invoke(NativeMethodAccessorImpl.java:62) ~[?:1.8.0_211]
	at sun.reflect.DelegatingMethodAccessorImpl.invoke(DelegatingMethodAccessorImpl.java:43) ~[?:1.8.0_211]
	at java.lang.reflect.Method.invoke(Method.java:498) ~[?:1.8.0_211]
	at org.springframework.beans.factory.support.SimpleInstantiationStrategy.instantiate(SimpleInstantiationStrategy.java:154) ~[spring-beans-5.0.4.RELEASE.jar:5.0.4.RELEASE]
	at org.springframework.beans.factory.support.ConstructorResolver.instantiateUsingFactoryMethod(ConstructorResolver.java:579) ~[spring-beans-5.0.4.RELEASE.jar:5.0.4.RELEASE]
	at org.springframework.beans.factory.support.AbstractAutowireCapableBeanFactory.instantiateUsingFactoryMethod(AbstractAutowireCapableBeanFactory.java:1250) ~[spring-beans-5.0.4.RELEASE.jar:5.0.4.RELEASE]
	at org.springframework.beans.factory.support.AbstractAutowireCapableBeanFactory.createBeanInstance(AbstractAutowireCapableBeanFactory.java:1099) ~[spring-beans-5.0.4.RELEASE.jar:5.0.4.RELEASE]
	at org.springframework.beans.factory.support.AbstractAutowireCapableBeanFactory.doCreateBean(AbstractAutowireCapableBeanFactory.java:545) ~[spring-beans-5.0.4.RELEASE.jar:5.0.4.RELEASE]
	at org.springframework.beans.factory.support.AbstractAutowireCapableBeanFactory.createBean(AbstractAutowireCapableBeanFactory.java:502) ~[spring-beans-5.0.4.RELEASE.jar:5.0.4.RELEASE]
	at org.springframework.beans.factory.support.AbstractBeanFactory.lambda$doGetBean$0(AbstractBeanFactory.java:312) ~[spring-beans-5.0.4.RELEASE.jar:5.0.4.RELEASE]
	at org.springframework.beans.factory.support.DefaultSingletonBeanRegistry.getSingleton(DefaultSingletonBeanRegistry.java:228) ~[spring-beans-5.0.4.RELEASE.jar:5.0.4.RELEASE]
	at org.springframework.beans.factory.support.AbstractBeanFactory.doGetBean(AbstractBeanFactory.java:310) ~[spring-beans-5.0.4.RELEASE.jar:5.0.4.RELEASE]
	at org.springframework.beans.factory.support.AbstractBeanFactory.getBean(AbstractBeanFactory.java:200) ~[spring-beans-5.0.4.RELEASE.jar:5.0.4.RELEASE]
	at org.springframework.beans.factory.support.AbstractBeanFactory.doGetBean(AbstractBeanFactory.java:304) ~[spring-beans-5.0.4.RELEASE.jar:5.0.4.RELEASE]
	at org.springframework.beans.factory.support.AbstractBeanFactory.getBean(AbstractBeanFactory.java:200) ~[spring-beans-5.0.4.RELEASE.jar:5.0.4.RELEASE]
	at org.springframework.beans.factory.config.DependencyDescriptor.resolveCandidate(DependencyDescriptor.java:251) ~[spring-beans-5.0.4.RELEASE.jar:5.0.4.RELEASE]
	at org.springframework.beans.factory.support.DefaultListableBeanFactory.doResolveDependency(DefaultListableBeanFactory.java:1138) ~[spring-beans-5.0.4.RELEASE.jar:5.0.4.RELEASE]
	at org.springframework.beans.factory.support.DefaultListableBeanFactory.resolveDependency(DefaultListableBeanFactory.java:1065) ~[spring-beans-5.0.4.RELEASE.jar:5.0.4.RELEASE]
	at org.springframework.beans.factory.annotation.AutowiredAnnotationBeanPostProcessor$AutowiredFieldElement.inject(AutowiredAnnotationBeanPostProcessor.java:584) ~[spring-beans-5.0.4.RELEASE.jar:5.0.4.RELEASE]
	at org.springframework.beans.factory.annotation.InjectionMetadata.inject(InjectionMetadata.java:91) ~[spring-beans-5.0.4.RELEASE.jar:5.0.4.RELEASE]
	at org.springframework.beans.factory.annotation.AutowiredAnnotationBeanPostProcessor.postProcessPropertyValues(AutowiredAnnotationBeanPostProcessor.java:373) ~[spring-beans-5.0.4.RELEASE.jar:5.0.4.RELEASE]
	at org.springframework.beans.factory.support.AbstractAutowireCapableBeanFactory.populateBean(AbstractAutowireCapableBeanFactory.java:1344) ~[spring-beans-5.0.4.RELEASE.jar:5.0.4.RELEASE]
	at org.springframework.beans.factory.support.AbstractAutowireCapableBeanFactory.doCreateBean(AbstractAutowireCapableBeanFactory.java:582) ~[spring-beans-5.0.4.RELEASE.jar:5.0.4.RELEASE]
	at org.springframework.beans.factory.support.AbstractAutowireCapableBeanFactory.createBean(AbstractAutowireCapableBeanFactory.java:502) ~[spring-beans-5.0.4.RELEASE.jar:5.0.4.RELEASE]
	at org.springframework.beans.factory.support.AbstractBeanFactory.lambda$doGetBean$0(AbstractBeanFactory.java:312) ~[spring-beans-5.0.4.RELEASE.jar:5.0.4.RELEASE]
	at org.springframework.beans.factory.support.DefaultSingletonBeanRegistry.getSingleton(DefaultSingletonBeanRegistry.java:228) ~[spring-beans-5.0.4.RELEASE.jar:5.0.4.RELEASE]
	at org.springframework.beans.factory.support.AbstractBeanFactory.doGetBean(AbstractBeanFactory.java:310) ~[spring-beans-5.0.4.RELEASE.jar:5.0.4.RELEASE]
	at org.springframework.beans.factory.support.AbstractBeanFactory.getBean(AbstractBeanFactory.java:205) ~[spring-beans-5.0.4.RELEASE.jar:5.0.4.RELEASE]
	at org.springframework.context.support.AbstractApplicationContext.initMessageSource(AbstractApplicationContext.java:719) ~[spring-context-5.0.4.RELEASE.jar:5.0.4.RELEASE]
	at org.springframework.context.support.AbstractApplicationContext.refresh(AbstractApplicationContext.java:537) ~[spring-context-5.0.4.RELEASE.jar:5.0.4.RELEASE]
	at org.springframework.test.context.web.AbstractGenericWebContextLoader.loadContext(AbstractGenericWebContextLoader.java:129) ~[spring-test-5.2.3.RELEASE.jar:5.2.3.RELEASE]
	at org.springframework.test.context.web.AbstractGenericWebContextLoader.loadContext(AbstractGenericWebContextLoader.java:61) ~[spring-test-5.2.3.RELEASE.jar:5.2.3.RELEASE]
	at org.springframework.test.context.support.AbstractDelegatingSmartContextLoader.delegateLoading(AbstractDelegatingSmartContextLoader.java:275) ~[spring-test-5.2.3.RELEASE.jar:5.2.3.RELEASE]
	at org.springframework.test.context.support.AbstractDelegatingSmartContextLoader.loadContext(AbstractDelegatingSmartContextLoader.java:243) ~[spring-test-5.2.3.RELEASE.jar:5.2.3.RELEASE]
	at org.springframework.test.context.cache.DefaultCacheAwareContextLoaderDelegate.loadContextInternal(DefaultCacheAwareContextLoaderDelegate.java:99) ~[spring-test-5.2.3.RELEASE.jar:5.2.3.RELEASE]
	at org.springframework.test.context.cache.DefaultCacheAwareContextLoaderDelegate.loadContext(DefaultCacheAwareContextLoaderDelegate.java:124) ~[spring-test-5.2.3.RELEASE.jar:5.2.3.RELEASE]
	at org.springframework.test.context.support.DefaultTestContext.getApplicationContext(DefaultTestContext.java:123) ~[spring-test-5.2.3.RELEASE.jar:5.2.3.RELEASE]
	at org.springframework.test.context.web.ServletTestExecutionListener.setUpRequestContextIfNecessary(ServletTestExecutionListener.java:190) ~[spring-test-5.2.3.RELEASE.jar:5.2.3.RELEASE]
	at org.springframework.test.context.web.ServletTestExecutionListener.prepareTestInstance(ServletTestExecutionListener.java:132) ~[spring-test-5.2.3.RELEASE.jar:5.2.3.RELEASE]
	at org.springframework.test.context.TestContextManager.prepareTestInstance(TestContextManager.java:244) ~[spring-test-5.2.3.RELEASE.jar:5.2.3.RELEASE]
	at org.springframework.test.context.junit.jupiter.SpringExtension.postProcessTestInstance(SpringExtension.java:98) ~[spring-test-5.2.3.RELEASE.jar:5.2.3.RELEASE]
	at org.junit.jupiter.engine.descriptor.ClassBasedTestDescriptor.lambda$invokeTestInstancePostProcessors$5(ClassBasedTestDescriptor.java:341) ~[junit-jupiter-engine-5.6.0.jar:5.6.0]
	at org.junit.jupiter.engine.descriptor.ClassBasedTestDescriptor.executeAndMaskThrowable(ClassBasedTestDescriptor.java:346) ~[junit-jupiter-engine-5.6.0.jar:5.6.0]
	at org.junit.jupiter.engine.descriptor.ClassBasedTestDescriptor.lambda$invokeTestInstancePostProcessors$6(ClassBasedTestDescriptor.java:341) ~[junit-jupiter-engine-5.6.0.jar:5.6.0]
	at java.util.stream.ReferencePipeline$3$1.accept(ReferencePipeline.java:193) ~[?:1.8.0_211]
	at java.util.stream.ReferencePipeline$2$1.accept(ReferencePipeline.java:175) ~[?:1.8.0_211]
	at java.util.ArrayList$ArrayListSpliterator.forEachRemaining(ArrayList.java:1382) ~[?:1.8.0_211]
	at java.util.stream.AbstractPipeline.copyInto(AbstractPipeline.java:481) ~[?:1.8.0_211]
	at java.util.stream.AbstractPipeline.wrapAndCopyInto(AbstractPipeline.java:471) ~[?:1.8.0_211]
	at java.util.stream.StreamSpliterators$WrappingSpliterator.forEachRemaining(StreamSpliterators.java:312) ~[?:1.8.0_211]
	at java.util.stream.Streams$ConcatSpliterator.forEachRemaining(Streams.java:743) ~[?:1.8.0_211]
	at java.util.stream.Streams$ConcatSpliterator.forEachRemaining(Streams.java:742) ~[?:1.8.0_211]
	at java.util.stream.ReferencePipeline$Head.forEach(ReferencePipeline.java:580) ~[?:1.8.0_211]
	at org.junit.jupiter.engine.descriptor.ClassBasedTestDescriptor.invokeTestInstancePostProcessors(ClassBasedTestDescriptor.java:340) ~[junit-jupiter-engine-5.6.0.jar:5.6.0]
	at org.junit.jupiter.engine.descriptor.ClassBasedTestDescriptor.instantiateAndPostProcessTestInstance(ClassBasedTestDescriptor.java:263) ~[junit-jupiter-engine-5.6.0.jar:5.6.0]
	at org.junit.jupiter.engine.descriptor.ClassBasedTestDescriptor.lambda$testInstancesProvider$2(ClassBasedTestDescriptor.java:256) ~[junit-jupiter-engine-5.6.0.jar:5.6.0]
	at java.util.Optional.orElseGet(Optional.java:267) ~[?:1.8.0_211]
	at org.junit.jupiter.engine.descriptor.ClassBasedTestDescriptor.lambda$testInstancesProvider$3(ClassBasedTestDescriptor.java:255) ~[junit-jupiter-engine-5.6.0.jar:5.6.0]
	at org.junit.jupiter.engine.execution.TestInstancesProvider.getTestInstances(TestInstancesProvider.java:29) ~[junit-jupiter-engine-5.6.0.jar:5.6.0]
	at org.junit.jupiter.engine.descriptor.TestMethodTestDescriptor.lambda$prepare$0(TestMethodTestDescriptor.java:108) ~[junit-jupiter-engine-5.6.0.jar:5.6.0]
	at org.junit.platform.engine.support.hierarchical.ThrowableCollector.execute(ThrowableCollector.java:73) ~[junit-platform-engine-1.6.0.jar:1.6.0]
	at org.junit.jupiter.engine.descriptor.TestMethodTestDescriptor.prepare(TestMethodTestDescriptor.java:107) ~[junit-jupiter-engine-5.6.0.jar:5.6.0]
	at org.junit.jupiter.engine.descriptor.TestMethodTestDescriptor.prepare(TestMethodTestDescriptor.java:71) ~[junit-jupiter-engine-5.6.0.jar:5.6.0]
	at org.junit.platform.engine.support.hierarchical.NodeTestTask.lambda$prepare$1(NodeTestTask.java:107) ~[junit-platform-engine-1.6.0.jar:1.6.0]
	at org.junit.platform.engine.support.hierarchical.ThrowableCollector.execute(ThrowableCollector.java:73) ~[junit-platform-engine-1.6.0.jar:1.6.0]
	at org.junit.platform.engine.support.hierarchical.NodeTestTask.prepare(NodeTestTask.java:107) ~[junit-platform-engine-1.6.0.jar:1.6.0]
	at org.junit.platform.engine.support.hierarchical.NodeTestTask.execute(NodeTestTask.java:75) ~[junit-platform-engine-1.6.0.jar:1.6.0]
	at java.util.ArrayList.forEach(ArrayList.java:1257) ~[?:1.8.0_211]
	at org.junit.platform.engine.support.hierarchical.SameThreadHierarchicalTestExecutorService.invokeAll(SameThreadHierarchicalTestExecutorService.java:38) ~[junit-platform-engine-1.6.0.jar:1.6.0]
	at org.junit.platform.engine.support.hierarchical.NodeTestTask.lambda$executeRecursively$5(NodeTestTask.java:139) ~[junit-platform-engine-1.6.0.jar:1.6.0]
	at org.junit.platform.engine.support.hierarchical.ThrowableCollector.execute(ThrowableCollector.java:73) ~[junit-platform-engine-1.6.0.jar:1.6.0]
	at org.junit.platform.engine.support.hierarchical.NodeTestTask.lambda$executeRecursively$7(NodeTestTask.java:125) ~[junit-platform-engine-1.6.0.jar:1.6.0]
	at org.junit.platform.engine.support.hierarchical.Node.around(Node.java:135) ~[junit-platform-engine-1.6.0.jar:1.6.0]
	at org.junit.platform.engine.support.hierarchical.NodeTestTask.lambda$executeRecursively$8(NodeTestTask.java:123) ~[junit-platform-engine-1.6.0.jar:1.6.0]
	at org.junit.platform.engine.support.hierarchical.ThrowableCollector.execute(ThrowableCollector.java:73) ~[junit-platform-engine-1.6.0.jar:1.6.0]
	at org.junit.platform.engine.support.hierarchical.NodeTestTask.executeRecursively(NodeTestTask.java:122) ~[junit-platform-engine-1.6.0.jar:1.6.0]
	at org.junit.platform.engine.support.hierarchical.NodeTestTask.execute(NodeTestTask.java:80) ~[junit-platform-engine-1.6.0.jar:1.6.0]
	at java.util.ArrayList.forEach(ArrayList.java:1257) ~[?:1.8.0_211]
	at org.junit.platform.engine.support.hierarchical.SameThreadHierarchicalTestExecutorService.invokeAll(SameThreadHierarchicalTestExecutorService.java:38) ~[junit-platform-engine-1.6.0.jar:1.6.0]
	at org.junit.platform.engine.support.hierarchical.NodeTestTask.lambda$executeRecursively$5(NodeTestTask.java:139) ~[junit-platform-engine-1.6.0.jar:1.6.0]
	at org.junit.platform.engine.support.hierarchical.ThrowableCollector.execute(ThrowableCollector.java:73) ~[junit-platform-engine-1.6.0.jar:1.6.0]
	at org.junit.platform.engine.support.hierarchical.NodeTestTask.lambda$executeRecursively$7(NodeTestTask.java:125) ~[junit-platform-engine-1.6.0.jar:1.6.0]
	at org.junit.platform.engine.support.hierarchical.Node.around(Node.java:135) ~[junit-platform-engine-1.6.0.jar:1.6.0]
	at org.junit.platform.engine.support.hierarchical.NodeTestTask.lambda$executeRecursively$8(NodeTestTask.java:123) ~[junit-platform-engine-1.6.0.jar:1.6.0]
	at org.junit.platform.engine.support.hierarchical.ThrowableCollector.execute(ThrowableCollector.java:73) [junit-platform-engine-1.6.0.jar:1.6.0]
	at org.junit.platform.engine.support.hierarchical.NodeTestTask.executeRecursively(NodeTestTask.java:122) [junit-platform-engine-1.6.0.jar:1.6.0]
	at org.junit.platform.engine.support.hierarchical.NodeTestTask.execute(NodeTestTask.java:80) [junit-platform-engine-1.6.0.jar:1.6.0]
	at org.junit.platform.engine.support.hierarchical.SameThreadHierarchicalTestExecutorService.submit(SameThreadHierarchicalTestExecutorService.java:32) [junit-platform-engine-1.6.0.jar:1.6.0]
	at org.junit.platform.engine.support.hierarchical.HierarchicalTestExecutor.execute(HierarchicalTestExecutor.java:57) [junit-platform-engine-1.6.0.jar:1.6.0]
	at org.junit.platform.engine.support.hierarchical.HierarchicalTestEngine.execute(HierarchicalTestEngine.java:51) [junit-platform-engine-1.6.0.jar:1.6.0]
	at org.junit.platform.launcher.core.DefaultLauncher.execute(DefaultLauncher.java:170) [junit-platform-launcher-1.1.0.jar:1.1.0]
	at org.junit.platform.launcher.core.DefaultLauncher.execute(DefaultLauncher.java:154) [junit-platform-launcher-1.1.0.jar:1.1.0]
	at org.junit.platform.launcher.core.DefaultLauncher.execute(DefaultLauncher.java:90) [junit-platform-launcher-1.1.0.jar:1.1.0]
	at org.junit.platform.surefire.provider.JUnitPlatformProvider.invokeAllTests(JUnitPlatformProvider.java:132) [junit-platform-surefire-provider-1.1.0.jar:1.1.0]
	at org.junit.platform.surefire.provider.JUnitPlatformProvider.invoke(JUnitPlatformProvider.java:111) [junit-platform-surefire-provider-1.1.0.jar:1.1.0]
	at org.apache.maven.surefire.booter.ForkedBooter.invokeProviderInSameClassLoader(ForkedBooter.java:290) [surefire-booter-2.19.1.jar:2.19.1]
	at org.apache.maven.surefire.booter.ForkedBooter.runSuitesInProcess(ForkedBooter.java:242) [surefire-booter-2.19.1.jar:2.19.1]
	at org.apache.maven.surefire.booter.ForkedBooter.main(ForkedBooter.java:121) [surefire-booter-2.19.1.jar:2.19.1]
Caused by: java.sql.SQLSyntaxErrorException: unexpected token: ENGINE
	at org.hsqldb.jdbc.JDBCUtil.sqlException(Unknown Source) ~[hsqldb-2.5.0.jar:2.5.0]
	at org.hsqldb.jdbc.JDBCUtil.sqlException(Unknown Source) ~[hsqldb-2.5.0.jar:2.5.0]
	at org.hsqldb.jdbc.JDBCStatement.fetchResult(Unknown Source) ~[hsqldb-2.5.0.jar:2.5.0]
	at org.hsqldb.jdbc.JDBCStatement.execute(Unknown Source) ~[hsqldb-2.5.0.jar:2.5.0]
	at org.apache.commons.dbcp2.DelegatingStatement.execute(DelegatingStatement.java:194) ~[commons-dbcp2-2.7.0.jar:2.7.0]
	at org.apache.commons.dbcp2.DelegatingStatement.execute(DelegatingStatement.java:194) ~[commons-dbcp2-2.7.0.jar:2.7.0]
	at org.hibernate.tool.schema.internal.exec.GenerationTargetToDatabase.accept(GenerationTargetToDatabase.java:54) ~[hibernate-core-5.2.13.Final.jar:5.2.13.Final]
	... 119 more
Caused by: org.hsqldb.HsqlException: unexpected token: ENGINE
	at org.hsqldb.error.Error.parseError(Unknown Source) ~[hsqldb-2.5.0.jar:2.5.0]
	at org.hsqldb.ParserBase.unexpectedToken(Unknown Source) ~[hsqldb-2.5.0.jar:2.5.0]
	at org.hsqldb.ParserCommand.compilePart(Unknown Source) ~[hsqldb-2.5.0.jar:2.5.0]
	at org.hsqldb.ParserCommand.compileStatements(Unknown Source) ~[hsqldb-2.5.0.jar:2.5.0]
	at org.hsqldb.Session.executeDirectStatement(Unknown Source) ~[hsqldb-2.5.0.jar:2.5.0]
	at org.hsqldb.Session.execute(Unknown Source) ~[hsqldb-2.5.0.jar:2.5.0]
	at org.hsqldb.jdbc.JDBCStatement.fetchResult(Unknown Source) ~[hsqldb-2.5.0.jar:2.5.0]
	at org.hsqldb.jdbc.JDBCStatement.execute(Unknown Source) ~[hsqldb-2.5.0.jar:2.5.0]
	at org.apache.commons.dbcp2.DelegatingStatement.execute(DelegatingStatement.java:194) ~[commons-dbcp2-2.7.0.jar:2.7.0]
	at org.apache.commons.dbcp2.DelegatingStatement.execute(DelegatingStatement.java:194) ~[commons-dbcp2-2.7.0.jar:2.7.0]
	at org.hibernate.tool.schema.internal.exec.GenerationTargetToDatabase.accept(GenerationTargetToDatabase.java:54) ~[hibernate-core-5.2.13.Final.jar:5.2.13.Final]
	... 119 more
17:59:18.481 [main] DEBUG org.hibernate.SQL - create table PERSON (ID bigint not null, NAME char(1), primary key (ID)) engine=MyISAM
17:59:18.481 [main] WARN  org.hibernate.tool.schema.internal.ExceptionHandlerLoggedImpl - GenerationTarget encountered exception accepting command : Error executing DDL via JDBC Statement
org.hibernate.tool.schema.spi.CommandAcceptanceException: Error executing DDL via JDBC Statement
	at org.hibernate.tool.schema.internal.exec.GenerationTargetToDatabase.accept(GenerationTargetToDatabase.java:67) ~[hibernate-core-5.2.13.Final.jar:5.2.13.Final]
	at org.hibernate.tool.schema.internal.SchemaCreatorImpl.applySqlString(SchemaCreatorImpl.java:440) ~[hibernate-core-5.2.13.Final.jar:5.2.13.Final]
	at org.hibernate.tool.schema.internal.SchemaCreatorImpl.applySqlStrings(SchemaCreatorImpl.java:424) ~[hibernate-core-5.2.13.Final.jar:5.2.13.Final]
	at org.hibernate.tool.schema.internal.SchemaCreatorImpl.createFromMetadata(SchemaCreatorImpl.java:315) ~[hibernate-core-5.2.13.Final.jar:5.2.13.Final]
	at org.hibernate.tool.schema.internal.SchemaCreatorImpl.performCreation(SchemaCreatorImpl.java:166) ~[hibernate-core-5.2.13.Final.jar:5.2.13.Final]
	at org.hibernate.tool.schema.internal.SchemaCreatorImpl.doCreation(SchemaCreatorImpl.java:135) ~[hibernate-core-5.2.13.Final.jar:5.2.13.Final]
	at org.hibernate.tool.schema.internal.SchemaCreatorImpl.doCreation(SchemaCreatorImpl.java:121) ~[hibernate-core-5.2.13.Final.jar:5.2.13.Final]
	at org.hibernate.tool.schema.spi.SchemaManagementToolCoordinator.performDatabaseAction(SchemaManagementToolCoordinator.java:155) ~[hibernate-core-5.2.13.Final.jar:5.2.13.Final]
	at org.hibernate.tool.schema.spi.SchemaManagementToolCoordinator.process(SchemaManagementToolCoordinator.java:72) ~[hibernate-core-5.2.13.Final.jar:5.2.13.Final]
	at org.hibernate.internal.SessionFactoryImpl.<init>(SessionFactoryImpl.java:312) ~[hibernate-core-5.2.13.Final.jar:5.2.13.Final]
	at org.hibernate.boot.internal.SessionFactoryBuilderImpl.build(SessionFactoryBuilderImpl.java:460) ~[hibernate-core-5.2.13.Final.jar:5.2.13.Final]
	at org.hibernate.cfg.Configuration.buildSessionFactory(Configuration.java:710) ~[hibernate-core-5.2.13.Final.jar:5.2.13.Final]
	at org.hibernate.cfg.Configuration.buildSessionFactory(Configuration.java:726) ~[hibernate-core-5.2.13.Final.jar:5.2.13.Final]
	at org.springframework.orm.hibernate5.LocalSessionFactoryBean.buildSessionFactory(LocalSessionFactoryBean.java:535) ~[spring-orm-5.0.4.RELEASE.jar:5.0.4.RELEASE]
	at org.springframework.orm.hibernate5.LocalSessionFactoryBean.afterPropertiesSet(LocalSessionFactoryBean.java:519) ~[spring-orm-5.0.4.RELEASE.jar:5.0.4.RELEASE]
	at com.soft.config.DataAccessConfig.getDevSessionFactory(DataAccessConfig.java:192) ~[classes/:?]
	at com.soft.config.DataAccessConfig$$EnhancerBySpringCGLIB$$d625e009.CGLIB$getDevSessionFactory$6(<generated>) ~[classes/:?]
	at com.soft.config.DataAccessConfig$$EnhancerBySpringCGLIB$$d625e009$$FastClassBySpringCGLIB$$62d74cbd.invoke(<generated>) ~[classes/:?]
	at org.springframework.cglib.proxy.MethodProxy.invokeSuper(MethodProxy.java:244) ~[spring-core-5.2.0.RELEASE.jar:5.2.0.RELEASE]
	at org.springframework.context.annotation.ConfigurationClassEnhancer$BeanMethodInterceptor.intercept(ConfigurationClassEnhancer.java:361) ~[spring-context-5.0.4.RELEASE.jar:5.0.4.RELEASE]
	at com.soft.config.DataAccessConfig$$EnhancerBySpringCGLIB$$d625e009.getDevSessionFactory(<generated>) ~[classes/:?]
	at sun.reflect.NativeMethodAccessorImpl.invoke0(Native Method) ~[?:1.8.0_211]
	at sun.reflect.NativeMethodAccessorImpl.invoke(NativeMethodAccessorImpl.java:62) ~[?:1.8.0_211]
	at sun.reflect.DelegatingMethodAccessorImpl.invoke(DelegatingMethodAccessorImpl.java:43) ~[?:1.8.0_211]
	at java.lang.reflect.Method.invoke(Method.java:498) ~[?:1.8.0_211]
	at org.springframework.beans.factory.support.SimpleInstantiationStrategy.instantiate(SimpleInstantiationStrategy.java:154) ~[spring-beans-5.0.4.RELEASE.jar:5.0.4.RELEASE]
	at org.springframework.beans.factory.support.ConstructorResolver.instantiateUsingFactoryMethod(ConstructorResolver.java:579) ~[spring-beans-5.0.4.RELEASE.jar:5.0.4.RELEASE]
	at org.springframework.beans.factory.support.AbstractAutowireCapableBeanFactory.instantiateUsingFactoryMethod(AbstractAutowireCapableBeanFactory.java:1250) ~[spring-beans-5.0.4.RELEASE.jar:5.0.4.RELEASE]
	at org.springframework.beans.factory.support.AbstractAutowireCapableBeanFactory.createBeanInstance(AbstractAutowireCapableBeanFactory.java:1099) ~[spring-beans-5.0.4.RELEASE.jar:5.0.4.RELEASE]
	at org.springframework.beans.factory.support.AbstractAutowireCapableBeanFactory.doCreateBean(AbstractAutowireCapableBeanFactory.java:545) ~[spring-beans-5.0.4.RELEASE.jar:5.0.4.RELEASE]
	at org.springframework.beans.factory.support.AbstractAutowireCapableBeanFactory.createBean(AbstractAutowireCapableBeanFactory.java:502) ~[spring-beans-5.0.4.RELEASE.jar:5.0.4.RELEASE]
	at org.springframework.beans.factory.support.AbstractBeanFactory.lambda$doGetBean$0(AbstractBeanFactory.java:312) ~[spring-beans-5.0.4.RELEASE.jar:5.0.4.RELEASE]
	at org.springframework.beans.factory.support.DefaultSingletonBeanRegistry.getSingleton(DefaultSingletonBeanRegistry.java:228) ~[spring-beans-5.0.4.RELEASE.jar:5.0.4.RELEASE]
	at org.springframework.beans.factory.support.AbstractBeanFactory.doGetBean(AbstractBeanFactory.java:310) ~[spring-beans-5.0.4.RELEASE.jar:5.0.4.RELEASE]
	at org.springframework.beans.factory.support.AbstractBeanFactory.getBean(AbstractBeanFactory.java:200) ~[spring-beans-5.0.4.RELEASE.jar:5.0.4.RELEASE]
	at org.springframework.beans.factory.support.AbstractBeanFactory.doGetBean(AbstractBeanFactory.java:304) ~[spring-beans-5.0.4.RELEASE.jar:5.0.4.RELEASE]
	at org.springframework.beans.factory.support.AbstractBeanFactory.getBean(AbstractBeanFactory.java:200) ~[spring-beans-5.0.4.RELEASE.jar:5.0.4.RELEASE]
	at org.springframework.beans.factory.config.DependencyDescriptor.resolveCandidate(DependencyDescriptor.java:251) ~[spring-beans-5.0.4.RELEASE.jar:5.0.4.RELEASE]
	at org.springframework.beans.factory.support.DefaultListableBeanFactory.doResolveDependency(DefaultListableBeanFactory.java:1138) ~[spring-beans-5.0.4.RELEASE.jar:5.0.4.RELEASE]
	at org.springframework.beans.factory.support.DefaultListableBeanFactory.resolveDependency(DefaultListableBeanFactory.java:1065) ~[spring-beans-5.0.4.RELEASE.jar:5.0.4.RELEASE]
	at org.springframework.beans.factory.annotation.AutowiredAnnotationBeanPostProcessor$AutowiredFieldElement.inject(AutowiredAnnotationBeanPostProcessor.java:584) ~[spring-beans-5.0.4.RELEASE.jar:5.0.4.RELEASE]
	at org.springframework.beans.factory.annotation.InjectionMetadata.inject(InjectionMetadata.java:91) ~[spring-beans-5.0.4.RELEASE.jar:5.0.4.RELEASE]
	at org.springframework.beans.factory.annotation.AutowiredAnnotationBeanPostProcessor.postProcessPropertyValues(AutowiredAnnotationBeanPostProcessor.java:373) ~[spring-beans-5.0.4.RELEASE.jar:5.0.4.RELEASE]
	at org.springframework.beans.factory.support.AbstractAutowireCapableBeanFactory.populateBean(AbstractAutowireCapableBeanFactory.java:1344) ~[spring-beans-5.0.4.RELEASE.jar:5.0.4.RELEASE]
	at org.springframework.beans.factory.support.AbstractAutowireCapableBeanFactory.doCreateBean(AbstractAutowireCapableBeanFactory.java:582) ~[spring-beans-5.0.4.RELEASE.jar:5.0.4.RELEASE]
	at org.springframework.beans.factory.support.AbstractAutowireCapableBeanFactory.createBean(AbstractAutowireCapableBeanFactory.java:502) ~[spring-beans-5.0.4.RELEASE.jar:5.0.4.RELEASE]
	at org.springframework.beans.factory.support.AbstractBeanFactory.lambda$doGetBean$0(AbstractBeanFactory.java:312) ~[spring-beans-5.0.4.RELEASE.jar:5.0.4.RELEASE]
	at org.springframework.beans.factory.support.DefaultSingletonBeanRegistry.getSingleton(DefaultSingletonBeanRegistry.java:228) ~[spring-beans-5.0.4.RELEASE.jar:5.0.4.RELEASE]
	at org.springframework.beans.factory.support.AbstractBeanFactory.doGetBean(AbstractBeanFactory.java:310) ~[spring-beans-5.0.4.RELEASE.jar:5.0.4.RELEASE]
	at org.springframework.beans.factory.support.AbstractBeanFactory.getBean(AbstractBeanFactory.java:205) ~[spring-beans-5.0.4.RELEASE.jar:5.0.4.RELEASE]
	at org.springframework.context.support.AbstractApplicationContext.initMessageSource(AbstractApplicationContext.java:719) ~[spring-context-5.0.4.RELEASE.jar:5.0.4.RELEASE]
	at org.springframework.context.support.AbstractApplicationContext.refresh(AbstractApplicationContext.java:537) ~[spring-context-5.0.4.RELEASE.jar:5.0.4.RELEASE]
	at org.springframework.test.context.web.AbstractGenericWebContextLoader.loadContext(AbstractGenericWebContextLoader.java:129) ~[spring-test-5.2.3.RELEASE.jar:5.2.3.RELEASE]
	at org.springframework.test.context.web.AbstractGenericWebContextLoader.loadContext(AbstractGenericWebContextLoader.java:61) ~[spring-test-5.2.3.RELEASE.jar:5.2.3.RELEASE]
	at org.springframework.test.context.support.AbstractDelegatingSmartContextLoader.delegateLoading(AbstractDelegatingSmartContextLoader.java:275) ~[spring-test-5.2.3.RELEASE.jar:5.2.3.RELEASE]
	at org.springframework.test.context.support.AbstractDelegatingSmartContextLoader.loadContext(AbstractDelegatingSmartContextLoader.java:243) ~[spring-test-5.2.3.RELEASE.jar:5.2.3.RELEASE]
	at org.springframework.test.context.cache.DefaultCacheAwareContextLoaderDelegate.loadContextInternal(DefaultCacheAwareContextLoaderDelegate.java:99) ~[spring-test-5.2.3.RELEASE.jar:5.2.3.RELEASE]
	at org.springframework.test.context.cache.DefaultCacheAwareContextLoaderDelegate.loadContext(DefaultCacheAwareContextLoaderDelegate.java:124) ~[spring-test-5.2.3.RELEASE.jar:5.2.3.RELEASE]
	at org.springframework.test.context.support.DefaultTestContext.getApplicationContext(DefaultTestContext.java:123) ~[spring-test-5.2.3.RELEASE.jar:5.2.3.RELEASE]
	at org.springframework.test.context.web.ServletTestExecutionListener.setUpRequestContextIfNecessary(ServletTestExecutionListener.java:190) ~[spring-test-5.2.3.RELEASE.jar:5.2.3.RELEASE]
	at org.springframework.test.context.web.ServletTestExecutionListener.prepareTestInstance(ServletTestExecutionListener.java:132) ~[spring-test-5.2.3.RELEASE.jar:5.2.3.RELEASE]
	at org.springframework.test.context.TestContextManager.prepareTestInstance(TestContextManager.java:244) ~[spring-test-5.2.3.RELEASE.jar:5.2.3.RELEASE]
	at org.springframework.test.context.junit.jupiter.SpringExtension.postProcessTestInstance(SpringExtension.java:98) ~[spring-test-5.2.3.RELEASE.jar:5.2.3.RELEASE]
	at org.junit.jupiter.engine.descriptor.ClassBasedTestDescriptor.lambda$invokeTestInstancePostProcessors$5(ClassBasedTestDescriptor.java:341) ~[junit-jupiter-engine-5.6.0.jar:5.6.0]
	at org.junit.jupiter.engine.descriptor.ClassBasedTestDescriptor.executeAndMaskThrowable(ClassBasedTestDescriptor.java:346) ~[junit-jupiter-engine-5.6.0.jar:5.6.0]
	at org.junit.jupiter.engine.descriptor.ClassBasedTestDescriptor.lambda$invokeTestInstancePostProcessors$6(ClassBasedTestDescriptor.java:341) ~[junit-jupiter-engine-5.6.0.jar:5.6.0]
	at java.util.stream.ReferencePipeline$3$1.accept(ReferencePipeline.java:193) ~[?:1.8.0_211]
	at java.util.stream.ReferencePipeline$2$1.accept(ReferencePipeline.java:175) ~[?:1.8.0_211]
	at java.util.ArrayList$ArrayListSpliterator.forEachRemaining(ArrayList.java:1382) ~[?:1.8.0_211]
	at java.util.stream.AbstractPipeline.copyInto(AbstractPipeline.java:481) ~[?:1.8.0_211]
	at java.util.stream.AbstractPipeline.wrapAndCopyInto(AbstractPipeline.java:471) ~[?:1.8.0_211]
	at java.util.stream.StreamSpliterators$WrappingSpliterator.forEachRemaining(StreamSpliterators.java:312) ~[?:1.8.0_211]
	at java.util.stream.Streams$ConcatSpliterator.forEachRemaining(Streams.java:743) ~[?:1.8.0_211]
	at java.util.stream.Streams$ConcatSpliterator.forEachRemaining(Streams.java:742) ~[?:1.8.0_211]
	at java.util.stream.ReferencePipeline$Head.forEach(ReferencePipeline.java:580) ~[?:1.8.0_211]
	at org.junit.jupiter.engine.descriptor.ClassBasedTestDescriptor.invokeTestInstancePostProcessors(ClassBasedTestDescriptor.java:340) ~[junit-jupiter-engine-5.6.0.jar:5.6.0]
	at org.junit.jupiter.engine.descriptor.ClassBasedTestDescriptor.instantiateAndPostProcessTestInstance(ClassBasedTestDescriptor.java:263) ~[junit-jupiter-engine-5.6.0.jar:5.6.0]
	at org.junit.jupiter.engine.descriptor.ClassBasedTestDescriptor.lambda$testInstancesProvider$2(ClassBasedTestDescriptor.java:256) ~[junit-jupiter-engine-5.6.0.jar:5.6.0]
	at java.util.Optional.orElseGet(Optional.java:267) ~[?:1.8.0_211]
	at org.junit.jupiter.engine.descriptor.ClassBasedTestDescriptor.lambda$testInstancesProvider$3(ClassBasedTestDescriptor.java:255) ~[junit-jupiter-engine-5.6.0.jar:5.6.0]
	at org.junit.jupiter.engine.execution.TestInstancesProvider.getTestInstances(TestInstancesProvider.java:29) ~[junit-jupiter-engine-5.6.0.jar:5.6.0]
	at org.junit.jupiter.engine.descriptor.TestMethodTestDescriptor.lambda$prepare$0(TestMethodTestDescriptor.java:108) ~[junit-jupiter-engine-5.6.0.jar:5.6.0]
	at org.junit.platform.engine.support.hierarchical.ThrowableCollector.execute(ThrowableCollector.java:73) ~[junit-platform-engine-1.6.0.jar:1.6.0]
	at org.junit.jupiter.engine.descriptor.TestMethodTestDescriptor.prepare(TestMethodTestDescriptor.java:107) ~[junit-jupiter-engine-5.6.0.jar:5.6.0]
	at org.junit.jupiter.engine.descriptor.TestMethodTestDescriptor.prepare(TestMethodTestDescriptor.java:71) ~[junit-jupiter-engine-5.6.0.jar:5.6.0]
	at org.junit.platform.engine.support.hierarchical.NodeTestTask.lambda$prepare$1(NodeTestTask.java:107) ~[junit-platform-engine-1.6.0.jar:1.6.0]
	at org.junit.platform.engine.support.hierarchical.ThrowableCollector.execute(ThrowableCollector.java:73) ~[junit-platform-engine-1.6.0.jar:1.6.0]
	at org.junit.platform.engine.support.hierarchical.NodeTestTask.prepare(NodeTestTask.java:107) ~[junit-platform-engine-1.6.0.jar:1.6.0]
	at org.junit.platform.engine.support.hierarchical.NodeTestTask.execute(NodeTestTask.java:75) ~[junit-platform-engine-1.6.0.jar:1.6.0]
	at java.util.ArrayList.forEach(ArrayList.java:1257) ~[?:1.8.0_211]
	at org.junit.platform.engine.support.hierarchical.SameThreadHierarchicalTestExecutorService.invokeAll(SameThreadHierarchicalTestExecutorService.java:38) ~[junit-platform-engine-1.6.0.jar:1.6.0]
	at org.junit.platform.engine.support.hierarchical.NodeTestTask.lambda$executeRecursively$5(NodeTestTask.java:139) ~[junit-platform-engine-1.6.0.jar:1.6.0]
	at org.junit.platform.engine.support.hierarchical.ThrowableCollector.execute(ThrowableCollector.java:73) ~[junit-platform-engine-1.6.0.jar:1.6.0]
	at org.junit.platform.engine.support.hierarchical.NodeTestTask.lambda$executeRecursively$7(NodeTestTask.java:125) ~[junit-platform-engine-1.6.0.jar:1.6.0]
	at org.junit.platform.engine.support.hierarchical.Node.around(Node.java:135) ~[junit-platform-engine-1.6.0.jar:1.6.0]
	at org.junit.platform.engine.support.hierarchical.NodeTestTask.lambda$executeRecursively$8(NodeTestTask.java:123) ~[junit-platform-engine-1.6.0.jar:1.6.0]
	at org.junit.platform.engine.support.hierarchical.ThrowableCollector.execute(ThrowableCollector.java:73) ~[junit-platform-engine-1.6.0.jar:1.6.0]
	at org.junit.platform.engine.support.hierarchical.NodeTestTask.executeRecursively(NodeTestTask.java:122) ~[junit-platform-engine-1.6.0.jar:1.6.0]
	at org.junit.platform.engine.support.hierarchical.NodeTestTask.execute(NodeTestTask.java:80) ~[junit-platform-engine-1.6.0.jar:1.6.0]
	at java.util.ArrayList.forEach(ArrayList.java:1257) ~[?:1.8.0_211]
	at org.junit.platform.engine.support.hierarchical.SameThreadHierarchicalTestExecutorService.invokeAll(SameThreadHierarchicalTestExecutorService.java:38) ~[junit-platform-engine-1.6.0.jar:1.6.0]
	at org.junit.platform.engine.support.hierarchical.NodeTestTask.lambda$executeRecursively$5(NodeTestTask.java:139) ~[junit-platform-engine-1.6.0.jar:1.6.0]
	at org.junit.platform.engine.support.hierarchical.ThrowableCollector.execute(ThrowableCollector.java:73) ~[junit-platform-engine-1.6.0.jar:1.6.0]
	at org.junit.platform.engine.support.hierarchical.NodeTestTask.lambda$executeRecursively$7(NodeTestTask.java:125) ~[junit-platform-engine-1.6.0.jar:1.6.0]
	at org.junit.platform.engine.support.hierarchical.Node.around(Node.java:135) ~[junit-platform-engine-1.6.0.jar:1.6.0]
	at org.junit.platform.engine.support.hierarchical.NodeTestTask.lambda$executeRecursively$8(NodeTestTask.java:123) ~[junit-platform-engine-1.6.0.jar:1.6.0]
	at org.junit.platform.engine.support.hierarchical.ThrowableCollector.execute(ThrowableCollector.java:73) [junit-platform-engine-1.6.0.jar:1.6.0]
	at org.junit.platform.engine.support.hierarchical.NodeTestTask.executeRecursively(NodeTestTask.java:122) [junit-platform-engine-1.6.0.jar:1.6.0]
	at org.junit.platform.engine.support.hierarchical.NodeTestTask.execute(NodeTestTask.java:80) [junit-platform-engine-1.6.0.jar:1.6.0]
	at org.junit.platform.engine.support.hierarchical.SameThreadHierarchicalTestExecutorService.submit(SameThreadHierarchicalTestExecutorService.java:32) [junit-platform-engine-1.6.0.jar:1.6.0]
	at org.junit.platform.engine.support.hierarchical.HierarchicalTestExecutor.execute(HierarchicalTestExecutor.java:57) [junit-platform-engine-1.6.0.jar:1.6.0]
	at org.junit.platform.engine.support.hierarchical.HierarchicalTestEngine.execute(HierarchicalTestEngine.java:51) [junit-platform-engine-1.6.0.jar:1.6.0]
	at org.junit.platform.launcher.core.DefaultLauncher.execute(DefaultLauncher.java:170) [junit-platform-launcher-1.1.0.jar:1.1.0]
	at org.junit.platform.launcher.core.DefaultLauncher.execute(DefaultLauncher.java:154) [junit-platform-launcher-1.1.0.jar:1.1.0]
	at org.junit.platform.launcher.core.DefaultLauncher.execute(DefaultLauncher.java:90) [junit-platform-launcher-1.1.0.jar:1.1.0]
	at org.junit.platform.surefire.provider.JUnitPlatformProvider.invokeAllTests(JUnitPlatformProvider.java:132) [junit-platform-surefire-provider-1.1.0.jar:1.1.0]
	at org.junit.platform.surefire.provider.JUnitPlatformProvider.invoke(JUnitPlatformProvider.java:111) [junit-platform-surefire-provider-1.1.0.jar:1.1.0]
	at org.apache.maven.surefire.booter.ForkedBooter.invokeProviderInSameClassLoader(ForkedBooter.java:290) [surefire-booter-2.19.1.jar:2.19.1]
	at org.apache.maven.surefire.booter.ForkedBooter.runSuitesInProcess(ForkedBooter.java:242) [surefire-booter-2.19.1.jar:2.19.1]
	at org.apache.maven.surefire.booter.ForkedBooter.main(ForkedBooter.java:121) [surefire-booter-2.19.1.jar:2.19.1]
Caused by: java.sql.SQLSyntaxErrorException: unexpected token: ENGINE
	at org.hsqldb.jdbc.JDBCUtil.sqlException(Unknown Source) ~[hsqldb-2.5.0.jar:2.5.0]
	at org.hsqldb.jdbc.JDBCUtil.sqlException(Unknown Source) ~[hsqldb-2.5.0.jar:2.5.0]
	at org.hsqldb.jdbc.JDBCStatement.fetchResult(Unknown Source) ~[hsqldb-2.5.0.jar:2.5.0]
	at org.hsqldb.jdbc.JDBCStatement.execute(Unknown Source) ~[hsqldb-2.5.0.jar:2.5.0]
	at org.apache.commons.dbcp2.DelegatingStatement.execute(DelegatingStatement.java:194) ~[commons-dbcp2-2.7.0.jar:2.7.0]
	at org.apache.commons.dbcp2.DelegatingStatement.execute(DelegatingStatement.java:194) ~[commons-dbcp2-2.7.0.jar:2.7.0]
	at org.hibernate.tool.schema.internal.exec.GenerationTargetToDatabase.accept(GenerationTargetToDatabase.java:54) ~[hibernate-core-5.2.13.Final.jar:5.2.13.Final]
	... 119 more
Caused by: org.hsqldb.HsqlException: unexpected token: ENGINE
	at org.hsqldb.error.Error.parseError(Unknown Source) ~[hsqldb-2.5.0.jar:2.5.0]
	at org.hsqldb.ParserBase.unexpectedToken(Unknown Source) ~[hsqldb-2.5.0.jar:2.5.0]
	at org.hsqldb.ParserCommand.compilePart(Unknown Source) ~[hsqldb-2.5.0.jar:2.5.0]
	at org.hsqldb.ParserCommand.compileStatements(Unknown Source) ~[hsqldb-2.5.0.jar:2.5.0]
	at org.hsqldb.Session.executeDirectStatement(Unknown Source) ~[hsqldb-2.5.0.jar:2.5.0]
	at org.hsqldb.Session.execute(Unknown Source) ~[hsqldb-2.5.0.jar:2.5.0]
	at org.hsqldb.jdbc.JDBCStatement.fetchResult(Unknown Source) ~[hsqldb-2.5.0.jar:2.5.0]
	at org.hsqldb.jdbc.JDBCStatement.execute(Unknown Source) ~[hsqldb-2.5.0.jar:2.5.0]
	at org.apache.commons.dbcp2.DelegatingStatement.execute(DelegatingStatement.java:194) ~[commons-dbcp2-2.7.0.jar:2.7.0]
	at org.apache.commons.dbcp2.DelegatingStatement.execute(DelegatingStatement.java:194) ~[commons-dbcp2-2.7.0.jar:2.7.0]
	at org.hibernate.tool.schema.internal.exec.GenerationTargetToDatabase.accept(GenerationTargetToDatabase.java:54) ~[hibernate-core-5.2.13.Final.jar:5.2.13.Final]
	... 119 more
17:59:18.484 [main] DEBUG org.hibernate.SQL - create table producer (producer_id bigint not null, producer_category integer, producer_name varchar(255), primary key (producer_id)) engine=MyISAM
17:59:18.484 [main] WARN  org.hibernate.tool.schema.internal.ExceptionHandlerLoggedImpl - GenerationTarget encountered exception accepting command : Error executing DDL via JDBC Statement
org.hibernate.tool.schema.spi.CommandAcceptanceException: Error executing DDL via JDBC Statement
	at org.hibernate.tool.schema.internal.exec.GenerationTargetToDatabase.accept(GenerationTargetToDatabase.java:67) ~[hibernate-core-5.2.13.Final.jar:5.2.13.Final]
	at org.hibernate.tool.schema.internal.SchemaCreatorImpl.applySqlString(SchemaCreatorImpl.java:440) ~[hibernate-core-5.2.13.Final.jar:5.2.13.Final]
	at org.hibernate.tool.schema.internal.SchemaCreatorImpl.applySqlStrings(SchemaCreatorImpl.java:424) ~[hibernate-core-5.2.13.Final.jar:5.2.13.Final]
	at org.hibernate.tool.schema.internal.SchemaCreatorImpl.createFromMetadata(SchemaCreatorImpl.java:315) ~[hibernate-core-5.2.13.Final.jar:5.2.13.Final]
	at org.hibernate.tool.schema.internal.SchemaCreatorImpl.performCreation(SchemaCreatorImpl.java:166) ~[hibernate-core-5.2.13.Final.jar:5.2.13.Final]
	at org.hibernate.tool.schema.internal.SchemaCreatorImpl.doCreation(SchemaCreatorImpl.java:135) ~[hibernate-core-5.2.13.Final.jar:5.2.13.Final]
	at org.hibernate.tool.schema.internal.SchemaCreatorImpl.doCreation(SchemaCreatorImpl.java:121) ~[hibernate-core-5.2.13.Final.jar:5.2.13.Final]
	at org.hibernate.tool.schema.spi.SchemaManagementToolCoordinator.performDatabaseAction(SchemaManagementToolCoordinator.java:155) ~[hibernate-core-5.2.13.Final.jar:5.2.13.Final]
	at org.hibernate.tool.schema.spi.SchemaManagementToolCoordinator.process(SchemaManagementToolCoordinator.java:72) ~[hibernate-core-5.2.13.Final.jar:5.2.13.Final]
	at org.hibernate.internal.SessionFactoryImpl.<init>(SessionFactoryImpl.java:312) ~[hibernate-core-5.2.13.Final.jar:5.2.13.Final]
	at org.hibernate.boot.internal.SessionFactoryBuilderImpl.build(SessionFactoryBuilderImpl.java:460) ~[hibernate-core-5.2.13.Final.jar:5.2.13.Final]
	at org.hibernate.cfg.Configuration.buildSessionFactory(Configuration.java:710) ~[hibernate-core-5.2.13.Final.jar:5.2.13.Final]
	at org.hibernate.cfg.Configuration.buildSessionFactory(Configuration.java:726) ~[hibernate-core-5.2.13.Final.jar:5.2.13.Final]
	at org.springframework.orm.hibernate5.LocalSessionFactoryBean.buildSessionFactory(LocalSessionFactoryBean.java:535) ~[spring-orm-5.0.4.RELEASE.jar:5.0.4.RELEASE]
	at org.springframework.orm.hibernate5.LocalSessionFactoryBean.afterPropertiesSet(LocalSessionFactoryBean.java:519) ~[spring-orm-5.0.4.RELEASE.jar:5.0.4.RELEASE]
	at com.soft.config.DataAccessConfig.getDevSessionFactory(DataAccessConfig.java:192) ~[classes/:?]
	at com.soft.config.DataAccessConfig$$EnhancerBySpringCGLIB$$d625e009.CGLIB$getDevSessionFactory$6(<generated>) ~[classes/:?]
	at com.soft.config.DataAccessConfig$$EnhancerBySpringCGLIB$$d625e009$$FastClassBySpringCGLIB$$62d74cbd.invoke(<generated>) ~[classes/:?]
	at org.springframework.cglib.proxy.MethodProxy.invokeSuper(MethodProxy.java:244) ~[spring-core-5.2.0.RELEASE.jar:5.2.0.RELEASE]
	at org.springframework.context.annotation.ConfigurationClassEnhancer$BeanMethodInterceptor.intercept(ConfigurationClassEnhancer.java:361) ~[spring-context-5.0.4.RELEASE.jar:5.0.4.RELEASE]
	at com.soft.config.DataAccessConfig$$EnhancerBySpringCGLIB$$d625e009.getDevSessionFactory(<generated>) ~[classes/:?]
	at sun.reflect.NativeMethodAccessorImpl.invoke0(Native Method) ~[?:1.8.0_211]
	at sun.reflect.NativeMethodAccessorImpl.invoke(NativeMethodAccessorImpl.java:62) ~[?:1.8.0_211]
	at sun.reflect.DelegatingMethodAccessorImpl.invoke(DelegatingMethodAccessorImpl.java:43) ~[?:1.8.0_211]
	at java.lang.reflect.Method.invoke(Method.java:498) ~[?:1.8.0_211]
	at org.springframework.beans.factory.support.SimpleInstantiationStrategy.instantiate(SimpleInstantiationStrategy.java:154) ~[spring-beans-5.0.4.RELEASE.jar:5.0.4.RELEASE]
	at org.springframework.beans.factory.support.ConstructorResolver.instantiateUsingFactoryMethod(ConstructorResolver.java:579) ~[spring-beans-5.0.4.RELEASE.jar:5.0.4.RELEASE]
	at org.springframework.beans.factory.support.AbstractAutowireCapableBeanFactory.instantiateUsingFactoryMethod(AbstractAutowireCapableBeanFactory.java:1250) ~[spring-beans-5.0.4.RELEASE.jar:5.0.4.RELEASE]
	at org.springframework.beans.factory.support.AbstractAutowireCapableBeanFactory.createBeanInstance(AbstractAutowireCapableBeanFactory.java:1099) ~[spring-beans-5.0.4.RELEASE.jar:5.0.4.RELEASE]
	at org.springframework.beans.factory.support.AbstractAutowireCapableBeanFactory.doCreateBean(AbstractAutowireCapableBeanFactory.java:545) ~[spring-beans-5.0.4.RELEASE.jar:5.0.4.RELEASE]
	at org.springframework.beans.factory.support.AbstractAutowireCapableBeanFactory.createBean(AbstractAutowireCapableBeanFactory.java:502) ~[spring-beans-5.0.4.RELEASE.jar:5.0.4.RELEASE]
	at org.springframework.beans.factory.support.AbstractBeanFactory.lambda$doGetBean$0(AbstractBeanFactory.java:312) ~[spring-beans-5.0.4.RELEASE.jar:5.0.4.RELEASE]
	at org.springframework.beans.factory.support.DefaultSingletonBeanRegistry.getSingleton(DefaultSingletonBeanRegistry.java:228) ~[spring-beans-5.0.4.RELEASE.jar:5.0.4.RELEASE]
	at org.springframework.beans.factory.support.AbstractBeanFactory.doGetBean(AbstractBeanFactory.java:310) ~[spring-beans-5.0.4.RELEASE.jar:5.0.4.RELEASE]
	at org.springframework.beans.factory.support.AbstractBeanFactory.getBean(AbstractBeanFactory.java:200) ~[spring-beans-5.0.4.RELEASE.jar:5.0.4.RELEASE]
	at org.springframework.beans.factory.support.AbstractBeanFactory.doGetBean(AbstractBeanFactory.java:304) ~[spring-beans-5.0.4.RELEASE.jar:5.0.4.RELEASE]
	at org.springframework.beans.factory.support.AbstractBeanFactory.getBean(AbstractBeanFactory.java:200) ~[spring-beans-5.0.4.RELEASE.jar:5.0.4.RELEASE]
	at org.springframework.beans.factory.config.DependencyDescriptor.resolveCandidate(DependencyDescriptor.java:251) ~[spring-beans-5.0.4.RELEASE.jar:5.0.4.RELEASE]
	at org.springframework.beans.factory.support.DefaultListableBeanFactory.doResolveDependency(DefaultListableBeanFactory.java:1138) ~[spring-beans-5.0.4.RELEASE.jar:5.0.4.RELEASE]
	at org.springframework.beans.factory.support.DefaultListableBeanFactory.resolveDependency(DefaultListableBeanFactory.java:1065) ~[spring-beans-5.0.4.RELEASE.jar:5.0.4.RELEASE]
	at org.springframework.beans.factory.annotation.AutowiredAnnotationBeanPostProcessor$AutowiredFieldElement.inject(AutowiredAnnotationBeanPostProcessor.java:584) ~[spring-beans-5.0.4.RELEASE.jar:5.0.4.RELEASE]
	at org.springframework.beans.factory.annotation.InjectionMetadata.inject(InjectionMetadata.java:91) ~[spring-beans-5.0.4.RELEASE.jar:5.0.4.RELEASE]
	at org.springframework.beans.factory.annotation.AutowiredAnnotationBeanPostProcessor.postProcessPropertyValues(AutowiredAnnotationBeanPostProcessor.java:373) ~[spring-beans-5.0.4.RELEASE.jar:5.0.4.RELEASE]
	at org.springframework.beans.factory.support.AbstractAutowireCapableBeanFactory.populateBean(AbstractAutowireCapableBeanFactory.java:1344) ~[spring-beans-5.0.4.RELEASE.jar:5.0.4.RELEASE]
	at org.springframework.beans.factory.support.AbstractAutowireCapableBeanFactory.doCreateBean(AbstractAutowireCapableBeanFactory.java:582) ~[spring-beans-5.0.4.RELEASE.jar:5.0.4.RELEASE]
	at org.springframework.beans.factory.support.AbstractAutowireCapableBeanFactory.createBean(AbstractAutowireCapableBeanFactory.java:502) ~[spring-beans-5.0.4.RELEASE.jar:5.0.4.RELEASE]
	at org.springframework.beans.factory.support.AbstractBeanFactory.lambda$doGetBean$0(AbstractBeanFactory.java:312) ~[spring-beans-5.0.4.RELEASE.jar:5.0.4.RELEASE]
	at org.springframework.beans.factory.support.DefaultSingletonBeanRegistry.getSingleton(DefaultSingletonBeanRegistry.java:228) ~[spring-beans-5.0.4.RELEASE.jar:5.0.4.RELEASE]
	at org.springframework.beans.factory.support.AbstractBeanFactory.doGetBean(AbstractBeanFactory.java:310) ~[spring-beans-5.0.4.RELEASE.jar:5.0.4.RELEASE]
	at org.springframework.beans.factory.support.AbstractBeanFactory.getBean(AbstractBeanFactory.java:205) ~[spring-beans-5.0.4.RELEASE.jar:5.0.4.RELEASE]
	at org.springframework.context.support.AbstractApplicationContext.initMessageSource(AbstractApplicationContext.java:719) ~[spring-context-5.0.4.RELEASE.jar:5.0.4.RELEASE]
	at org.springframework.context.support.AbstractApplicationContext.refresh(AbstractApplicationContext.java:537) ~[spring-context-5.0.4.RELEASE.jar:5.0.4.RELEASE]
	at org.springframework.test.context.web.AbstractGenericWebContextLoader.loadContext(AbstractGenericWebContextLoader.java:129) ~[spring-test-5.2.3.RELEASE.jar:5.2.3.RELEASE]
	at org.springframework.test.context.web.AbstractGenericWebContextLoader.loadContext(AbstractGenericWebContextLoader.java:61) ~[spring-test-5.2.3.RELEASE.jar:5.2.3.RELEASE]
	at org.springframework.test.context.support.AbstractDelegatingSmartContextLoader.delegateLoading(AbstractDelegatingSmartContextLoader.java:275) ~[spring-test-5.2.3.RELEASE.jar:5.2.3.RELEASE]
	at org.springframework.test.context.support.AbstractDelegatingSmartContextLoader.loadContext(AbstractDelegatingSmartContextLoader.java:243) ~[spring-test-5.2.3.RELEASE.jar:5.2.3.RELEASE]
	at org.springframework.test.context.cache.DefaultCacheAwareContextLoaderDelegate.loadContextInternal(DefaultCacheAwareContextLoaderDelegate.java:99) ~[spring-test-5.2.3.RELEASE.jar:5.2.3.RELEASE]
	at org.springframework.test.context.cache.DefaultCacheAwareContextLoaderDelegate.loadContext(DefaultCacheAwareContextLoaderDelegate.java:124) ~[spring-test-5.2.3.RELEASE.jar:5.2.3.RELEASE]
	at org.springframework.test.context.support.DefaultTestContext.getApplicationContext(DefaultTestContext.java:123) ~[spring-test-5.2.3.RELEASE.jar:5.2.3.RELEASE]
	at org.springframework.test.context.web.ServletTestExecutionListener.setUpRequestContextIfNecessary(ServletTestExecutionListener.java:190) ~[spring-test-5.2.3.RELEASE.jar:5.2.3.RELEASE]
	at org.springframework.test.context.web.ServletTestExecutionListener.prepareTestInstance(ServletTestExecutionListener.java:132) ~[spring-test-5.2.3.RELEASE.jar:5.2.3.RELEASE]
	at org.springframework.test.context.TestContextManager.prepareTestInstance(TestContextManager.java:244) ~[spring-test-5.2.3.RELEASE.jar:5.2.3.RELEASE]
	at org.springframework.test.context.junit.jupiter.SpringExtension.postProcessTestInstance(SpringExtension.java:98) ~[spring-test-5.2.3.RELEASE.jar:5.2.3.RELEASE]
	at org.junit.jupiter.engine.descriptor.ClassBasedTestDescriptor.lambda$invokeTestInstancePostProcessors$5(ClassBasedTestDescriptor.java:341) ~[junit-jupiter-engine-5.6.0.jar:5.6.0]
	at org.junit.jupiter.engine.descriptor.ClassBasedTestDescriptor.executeAndMaskThrowable(ClassBasedTestDescriptor.java:346) ~[junit-jupiter-engine-5.6.0.jar:5.6.0]
	at org.junit.jupiter.engine.descriptor.ClassBasedTestDescriptor.lambda$invokeTestInstancePostProcessors$6(ClassBasedTestDescriptor.java:341) ~[junit-jupiter-engine-5.6.0.jar:5.6.0]
	at java.util.stream.ReferencePipeline$3$1.accept(ReferencePipeline.java:193) ~[?:1.8.0_211]
	at java.util.stream.ReferencePipeline$2$1.accept(ReferencePipeline.java:175) ~[?:1.8.0_211]
	at java.util.ArrayList$ArrayListSpliterator.forEachRemaining(ArrayList.java:1382) ~[?:1.8.0_211]
	at java.util.stream.AbstractPipeline.copyInto(AbstractPipeline.java:481) ~[?:1.8.0_211]
	at java.util.stream.AbstractPipeline.wrapAndCopyInto(AbstractPipeline.java:471) ~[?:1.8.0_211]
	at java.util.stream.StreamSpliterators$WrappingSpliterator.forEachRemaining(StreamSpliterators.java:312) ~[?:1.8.0_211]
	at java.util.stream.Streams$ConcatSpliterator.forEachRemaining(Streams.java:743) ~[?:1.8.0_211]
	at java.util.stream.Streams$ConcatSpliterator.forEachRemaining(Streams.java:742) ~[?:1.8.0_211]
	at java.util.stream.ReferencePipeline$Head.forEach(ReferencePipeline.java:580) ~[?:1.8.0_211]
	at org.junit.jupiter.engine.descriptor.ClassBasedTestDescriptor.invokeTestInstancePostProcessors(ClassBasedTestDescriptor.java:340) ~[junit-jupiter-engine-5.6.0.jar:5.6.0]
	at org.junit.jupiter.engine.descriptor.ClassBasedTestDescriptor.instantiateAndPostProcessTestInstance(ClassBasedTestDescriptor.java:263) ~[junit-jupiter-engine-5.6.0.jar:5.6.0]
	at org.junit.jupiter.engine.descriptor.ClassBasedTestDescriptor.lambda$testInstancesProvider$2(ClassBasedTestDescriptor.java:256) ~[junit-jupiter-engine-5.6.0.jar:5.6.0]
	at java.util.Optional.orElseGet(Optional.java:267) ~[?:1.8.0_211]
	at org.junit.jupiter.engine.descriptor.ClassBasedTestDescriptor.lambda$testInstancesProvider$3(ClassBasedTestDescriptor.java:255) ~[junit-jupiter-engine-5.6.0.jar:5.6.0]
	at org.junit.jupiter.engine.execution.TestInstancesProvider.getTestInstances(TestInstancesProvider.java:29) ~[junit-jupiter-engine-5.6.0.jar:5.6.0]
	at org.junit.jupiter.engine.descriptor.TestMethodTestDescriptor.lambda$prepare$0(TestMethodTestDescriptor.java:108) ~[junit-jupiter-engine-5.6.0.jar:5.6.0]
	at org.junit.platform.engine.support.hierarchical.ThrowableCollector.execute(ThrowableCollector.java:73) ~[junit-platform-engine-1.6.0.jar:1.6.0]
	at org.junit.jupiter.engine.descriptor.TestMethodTestDescriptor.prepare(TestMethodTestDescriptor.java:107) ~[junit-jupiter-engine-5.6.0.jar:5.6.0]
	at org.junit.jupiter.engine.descriptor.TestMethodTestDescriptor.prepare(TestMethodTestDescriptor.java:71) ~[junit-jupiter-engine-5.6.0.jar:5.6.0]
	at org.junit.platform.engine.support.hierarchical.NodeTestTask.lambda$prepare$1(NodeTestTask.java:107) ~[junit-platform-engine-1.6.0.jar:1.6.0]
	at org.junit.platform.engine.support.hierarchical.ThrowableCollector.execute(ThrowableCollector.java:73) ~[junit-platform-engine-1.6.0.jar:1.6.0]
	at org.junit.platform.engine.support.hierarchical.NodeTestTask.prepare(NodeTestTask.java:107) ~[junit-platform-engine-1.6.0.jar:1.6.0]
	at org.junit.platform.engine.support.hierarchical.NodeTestTask.execute(NodeTestTask.java:75) ~[junit-platform-engine-1.6.0.jar:1.6.0]
	at java.util.ArrayList.forEach(ArrayList.java:1257) ~[?:1.8.0_211]
	at org.junit.platform.engine.support.hierarchical.SameThreadHierarchicalTestExecutorService.invokeAll(SameThreadHierarchicalTestExecutorService.java:38) ~[junit-platform-engine-1.6.0.jar:1.6.0]
	at org.junit.platform.engine.support.hierarchical.NodeTestTask.lambda$executeRecursively$5(NodeTestTask.java:139) ~[junit-platform-engine-1.6.0.jar:1.6.0]
	at org.junit.platform.engine.support.hierarchical.ThrowableCollector.execute(ThrowableCollector.java:73) ~[junit-platform-engine-1.6.0.jar:1.6.0]
	at org.junit.platform.engine.support.hierarchical.NodeTestTask.lambda$executeRecursively$7(NodeTestTask.java:125) ~[junit-platform-engine-1.6.0.jar:1.6.0]
	at org.junit.platform.engine.support.hierarchical.Node.around(Node.java:135) ~[junit-platform-engine-1.6.0.jar:1.6.0]
	at org.junit.platform.engine.support.hierarchical.NodeTestTask.lambda$executeRecursively$8(NodeTestTask.java:123) ~[junit-platform-engine-1.6.0.jar:1.6.0]
	at org.junit.platform.engine.support.hierarchical.ThrowableCollector.execute(ThrowableCollector.java:73) ~[junit-platform-engine-1.6.0.jar:1.6.0]
	at org.junit.platform.engine.support.hierarchical.NodeTestTask.executeRecursively(NodeTestTask.java:122) ~[junit-platform-engine-1.6.0.jar:1.6.0]
	at org.junit.platform.engine.support.hierarchical.NodeTestTask.execute(NodeTestTask.java:80) ~[junit-platform-engine-1.6.0.jar:1.6.0]
	at java.util.ArrayList.forEach(ArrayList.java:1257) ~[?:1.8.0_211]
	at org.junit.platform.engine.support.hierarchical.SameThreadHierarchicalTestExecutorService.invokeAll(SameThreadHierarchicalTestExecutorService.java:38) ~[junit-platform-engine-1.6.0.jar:1.6.0]
	at org.junit.platform.engine.support.hierarchical.NodeTestTask.lambda$executeRecursively$5(NodeTestTask.java:139) ~[junit-platform-engine-1.6.0.jar:1.6.0]
	at org.junit.platform.engine.support.hierarchical.ThrowableCollector.execute(ThrowableCollector.java:73) ~[junit-platform-engine-1.6.0.jar:1.6.0]
	at org.junit.platform.engine.support.hierarchical.NodeTestTask.lambda$executeRecursively$7(NodeTestTask.java:125) ~[junit-platform-engine-1.6.0.jar:1.6.0]
	at org.junit.platform.engine.support.hierarchical.Node.around(Node.java:135) ~[junit-platform-engine-1.6.0.jar:1.6.0]
	at org.junit.platform.engine.support.hierarchical.NodeTestTask.lambda$executeRecursively$8(NodeTestTask.java:123) ~[junit-platform-engine-1.6.0.jar:1.6.0]
	at org.junit.platform.engine.support.hierarchical.ThrowableCollector.execute(ThrowableCollector.java:73) [junit-platform-engine-1.6.0.jar:1.6.0]
	at org.junit.platform.engine.support.hierarchical.NodeTestTask.executeRecursively(NodeTestTask.java:122) [junit-platform-engine-1.6.0.jar:1.6.0]
	at org.junit.platform.engine.support.hierarchical.NodeTestTask.execute(NodeTestTask.java:80) [junit-platform-engine-1.6.0.jar:1.6.0]
	at org.junit.platform.engine.support.hierarchical.SameThreadHierarchicalTestExecutorService.submit(SameThreadHierarchicalTestExecutorService.java:32) [junit-platform-engine-1.6.0.jar:1.6.0]
	at org.junit.platform.engine.support.hierarchical.HierarchicalTestExecutor.execute(HierarchicalTestExecutor.java:57) [junit-platform-engine-1.6.0.jar:1.6.0]
	at org.junit.platform.engine.support.hierarchical.HierarchicalTestEngine.execute(HierarchicalTestEngine.java:51) [junit-platform-engine-1.6.0.jar:1.6.0]
	at org.junit.platform.launcher.core.DefaultLauncher.execute(DefaultLauncher.java:170) [junit-platform-launcher-1.1.0.jar:1.1.0]
	at org.junit.platform.launcher.core.DefaultLauncher.execute(DefaultLauncher.java:154) [junit-platform-launcher-1.1.0.jar:1.1.0]
	at org.junit.platform.launcher.core.DefaultLauncher.execute(DefaultLauncher.java:90) [junit-platform-launcher-1.1.0.jar:1.1.0]
	at org.junit.platform.surefire.provider.JUnitPlatformProvider.invokeAllTests(JUnitPlatformProvider.java:132) [junit-platform-surefire-provider-1.1.0.jar:1.1.0]
	at org.junit.platform.surefire.provider.JUnitPlatformProvider.invoke(JUnitPlatformProvider.java:111) [junit-platform-surefire-provider-1.1.0.jar:1.1.0]
	at org.apache.maven.surefire.booter.ForkedBooter.invokeProviderInSameClassLoader(ForkedBooter.java:290) [surefire-booter-2.19.1.jar:2.19.1]
	at org.apache.maven.surefire.booter.ForkedBooter.runSuitesInProcess(ForkedBooter.java:242) [surefire-booter-2.19.1.jar:2.19.1]
	at org.apache.maven.surefire.booter.ForkedBooter.main(ForkedBooter.java:121) [surefire-booter-2.19.1.jar:2.19.1]
Caused by: java.sql.SQLSyntaxErrorException: unexpected token: ENGINE
	at org.hsqldb.jdbc.JDBCUtil.sqlException(Unknown Source) ~[hsqldb-2.5.0.jar:2.5.0]
	at org.hsqldb.jdbc.JDBCUtil.sqlException(Unknown Source) ~[hsqldb-2.5.0.jar:2.5.0]
	at org.hsqldb.jdbc.JDBCStatement.fetchResult(Unknown Source) ~[hsqldb-2.5.0.jar:2.5.0]
	at org.hsqldb.jdbc.JDBCStatement.execute(Unknown Source) ~[hsqldb-2.5.0.jar:2.5.0]
	at org.apache.commons.dbcp2.DelegatingStatement.execute(DelegatingStatement.java:194) ~[commons-dbcp2-2.7.0.jar:2.7.0]
	at org.apache.commons.dbcp2.DelegatingStatement.execute(DelegatingStatement.java:194) ~[commons-dbcp2-2.7.0.jar:2.7.0]
	at org.hibernate.tool.schema.internal.exec.GenerationTargetToDatabase.accept(GenerationTargetToDatabase.java:54) ~[hibernate-core-5.2.13.Final.jar:5.2.13.Final]
	... 119 more
Caused by: org.hsqldb.HsqlException: unexpected token: ENGINE
	at org.hsqldb.error.Error.parseError(Unknown Source) ~[hsqldb-2.5.0.jar:2.5.0]
	at org.hsqldb.ParserBase.unexpectedToken(Unknown Source) ~[hsqldb-2.5.0.jar:2.5.0]
	at org.hsqldb.ParserCommand.compilePart(Unknown Source) ~[hsqldb-2.5.0.jar:2.5.0]
	at org.hsqldb.ParserCommand.compileStatements(Unknown Source) ~[hsqldb-2.5.0.jar:2.5.0]
	at org.hsqldb.Session.executeDirectStatement(Unknown Source) ~[hsqldb-2.5.0.jar:2.5.0]
	at org.hsqldb.Session.execute(Unknown Source) ~[hsqldb-2.5.0.jar:2.5.0]
	at org.hsqldb.jdbc.JDBCStatement.fetchResult(Unknown Source) ~[hsqldb-2.5.0.jar:2.5.0]
	at org.hsqldb.jdbc.JDBCStatement.execute(Unknown Source) ~[hsqldb-2.5.0.jar:2.5.0]
	at org.apache.commons.dbcp2.DelegatingStatement.execute(DelegatingStatement.java:194) ~[commons-dbcp2-2.7.0.jar:2.7.0]
	at org.apache.commons.dbcp2.DelegatingStatement.execute(DelegatingStatement.java:194) ~[commons-dbcp2-2.7.0.jar:2.7.0]
	at org.hibernate.tool.schema.internal.exec.GenerationTargetToDatabase.accept(GenerationTargetToDatabase.java:54) ~[hibernate-core-5.2.13.Final.jar:5.2.13.Final]
	... 119 more
17:59:18.486 [main] DEBUG org.hibernate.SQL - create table resistor (resistor_id bigint not null, category integer, description varchar(255), name varchar(255), nominal double precision, nominal_unit integer, photo tinyblob, power double precision, power_unit integer, price double precision, producer integer, quantity integer, package integer, r_precision double precision, primary key (resistor_id)) engine=MyISAM
17:59:18.486 [main] WARN  org.hibernate.tool.schema.internal.ExceptionHandlerLoggedImpl - GenerationTarget encountered exception accepting command : Error executing DDL via JDBC Statement
org.hibernate.tool.schema.spi.CommandAcceptanceException: Error executing DDL via JDBC Statement
	at org.hibernate.tool.schema.internal.exec.GenerationTargetToDatabase.accept(GenerationTargetToDatabase.java:67) ~[hibernate-core-5.2.13.Final.jar:5.2.13.Final]
	at org.hibernate.tool.schema.internal.SchemaCreatorImpl.applySqlString(SchemaCreatorImpl.java:440) ~[hibernate-core-5.2.13.Final.jar:5.2.13.Final]
	at org.hibernate.tool.schema.internal.SchemaCreatorImpl.applySqlStrings(SchemaCreatorImpl.java:424) ~[hibernate-core-5.2.13.Final.jar:5.2.13.Final]
	at org.hibernate.tool.schema.internal.SchemaCreatorImpl.createFromMetadata(SchemaCreatorImpl.java:315) ~[hibernate-core-5.2.13.Final.jar:5.2.13.Final]
	at org.hibernate.tool.schema.internal.SchemaCreatorImpl.performCreation(SchemaCreatorImpl.java:166) ~[hibernate-core-5.2.13.Final.jar:5.2.13.Final]
	at org.hibernate.tool.schema.internal.SchemaCreatorImpl.doCreation(SchemaCreatorImpl.java:135) ~[hibernate-core-5.2.13.Final.jar:5.2.13.Final]
	at org.hibernate.tool.schema.internal.SchemaCreatorImpl.doCreation(SchemaCreatorImpl.java:121) ~[hibernate-core-5.2.13.Final.jar:5.2.13.Final]
	at org.hibernate.tool.schema.spi.SchemaManagementToolCoordinator.performDatabaseAction(SchemaManagementToolCoordinator.java:155) ~[hibernate-core-5.2.13.Final.jar:5.2.13.Final]
	at org.hibernate.tool.schema.spi.SchemaManagementToolCoordinator.process(SchemaManagementToolCoordinator.java:72) ~[hibernate-core-5.2.13.Final.jar:5.2.13.Final]
	at org.hibernate.internal.SessionFactoryImpl.<init>(SessionFactoryImpl.java:312) ~[hibernate-core-5.2.13.Final.jar:5.2.13.Final]
	at org.hibernate.boot.internal.SessionFactoryBuilderImpl.build(SessionFactoryBuilderImpl.java:460) ~[hibernate-core-5.2.13.Final.jar:5.2.13.Final]
	at org.hibernate.cfg.Configuration.buildSessionFactory(Configuration.java:710) ~[hibernate-core-5.2.13.Final.jar:5.2.13.Final]
	at org.hibernate.cfg.Configuration.buildSessionFactory(Configuration.java:726) ~[hibernate-core-5.2.13.Final.jar:5.2.13.Final]
	at org.springframework.orm.hibernate5.LocalSessionFactoryBean.buildSessionFactory(LocalSessionFactoryBean.java:535) ~[spring-orm-5.0.4.RELEASE.jar:5.0.4.RELEASE]
	at org.springframework.orm.hibernate5.LocalSessionFactoryBean.afterPropertiesSet(LocalSessionFactoryBean.java:519) ~[spring-orm-5.0.4.RELEASE.jar:5.0.4.RELEASE]
	at com.soft.config.DataAccessConfig.getDevSessionFactory(DataAccessConfig.java:192) ~[classes/:?]
	at com.soft.config.DataAccessConfig$$EnhancerBySpringCGLIB$$d625e009.CGLIB$getDevSessionFactory$6(<generated>) ~[classes/:?]
	at com.soft.config.DataAccessConfig$$EnhancerBySpringCGLIB$$d625e009$$FastClassBySpringCGLIB$$62d74cbd.invoke(<generated>) ~[classes/:?]
	at org.springframework.cglib.proxy.MethodProxy.invokeSuper(MethodProxy.java:244) ~[spring-core-5.2.0.RELEASE.jar:5.2.0.RELEASE]
	at org.springframework.context.annotation.ConfigurationClassEnhancer$BeanMethodInterceptor.intercept(ConfigurationClassEnhancer.java:361) ~[spring-context-5.0.4.RELEASE.jar:5.0.4.RELEASE]
	at com.soft.config.DataAccessConfig$$EnhancerBySpringCGLIB$$d625e009.getDevSessionFactory(<generated>) ~[classes/:?]
	at sun.reflect.NativeMethodAccessorImpl.invoke0(Native Method) ~[?:1.8.0_211]
	at sun.reflect.NativeMethodAccessorImpl.invoke(NativeMethodAccessorImpl.java:62) ~[?:1.8.0_211]
	at sun.reflect.DelegatingMethodAccessorImpl.invoke(DelegatingMethodAccessorImpl.java:43) ~[?:1.8.0_211]
	at java.lang.reflect.Method.invoke(Method.java:498) ~[?:1.8.0_211]
	at org.springframework.beans.factory.support.SimpleInstantiationStrategy.instantiate(SimpleInstantiationStrategy.java:154) ~[spring-beans-5.0.4.RELEASE.jar:5.0.4.RELEASE]
	at org.springframework.beans.factory.support.ConstructorResolver.instantiateUsingFactoryMethod(ConstructorResolver.java:579) ~[spring-beans-5.0.4.RELEASE.jar:5.0.4.RELEASE]
	at org.springframework.beans.factory.support.AbstractAutowireCapableBeanFactory.instantiateUsingFactoryMethod(AbstractAutowireCapableBeanFactory.java:1250) ~[spring-beans-5.0.4.RELEASE.jar:5.0.4.RELEASE]
	at org.springframework.beans.factory.support.AbstractAutowireCapableBeanFactory.createBeanInstance(AbstractAutowireCapableBeanFactory.java:1099) ~[spring-beans-5.0.4.RELEASE.jar:5.0.4.RELEASE]
	at org.springframework.beans.factory.support.AbstractAutowireCapableBeanFactory.doCreateBean(AbstractAutowireCapableBeanFactory.java:545) ~[spring-beans-5.0.4.RELEASE.jar:5.0.4.RELEASE]
	at org.springframework.beans.factory.support.AbstractAutowireCapableBeanFactory.createBean(AbstractAutowireCapableBeanFactory.java:502) ~[spring-beans-5.0.4.RELEASE.jar:5.0.4.RELEASE]
	at org.springframework.beans.factory.support.AbstractBeanFactory.lambda$doGetBean$0(AbstractBeanFactory.java:312) ~[spring-beans-5.0.4.RELEASE.jar:5.0.4.RELEASE]
	at org.springframework.beans.factory.support.DefaultSingletonBeanRegistry.getSingleton(DefaultSingletonBeanRegistry.java:228) ~[spring-beans-5.0.4.RELEASE.jar:5.0.4.RELEASE]
	at org.springframework.beans.factory.support.AbstractBeanFactory.doGetBean(AbstractBeanFactory.java:310) ~[spring-beans-5.0.4.RELEASE.jar:5.0.4.RELEASE]
	at org.springframework.beans.factory.support.AbstractBeanFactory.getBean(AbstractBeanFactory.java:200) ~[spring-beans-5.0.4.RELEASE.jar:5.0.4.RELEASE]
	at org.springframework.beans.factory.support.AbstractBeanFactory.doGetBean(AbstractBeanFactory.java:304) ~[spring-beans-5.0.4.RELEASE.jar:5.0.4.RELEASE]
	at org.springframework.beans.factory.support.AbstractBeanFactory.getBean(AbstractBeanFactory.java:200) ~[spring-beans-5.0.4.RELEASE.jar:5.0.4.RELEASE]
	at org.springframework.beans.factory.config.DependencyDescriptor.resolveCandidate(DependencyDescriptor.java:251) ~[spring-beans-5.0.4.RELEASE.jar:5.0.4.RELEASE]
	at org.springframework.beans.factory.support.DefaultListableBeanFactory.doResolveDependency(DefaultListableBeanFactory.java:1138) ~[spring-beans-5.0.4.RELEASE.jar:5.0.4.RELEASE]
	at org.springframework.beans.factory.support.DefaultListableBeanFactory.resolveDependency(DefaultListableBeanFactory.java:1065) ~[spring-beans-5.0.4.RELEASE.jar:5.0.4.RELEASE]
	at org.springframework.beans.factory.annotation.AutowiredAnnotationBeanPostProcessor$AutowiredFieldElement.inject(AutowiredAnnotationBeanPostProcessor.java:584) ~[spring-beans-5.0.4.RELEASE.jar:5.0.4.RELEASE]
	at org.springframework.beans.factory.annotation.InjectionMetadata.inject(InjectionMetadata.java:91) ~[spring-beans-5.0.4.RELEASE.jar:5.0.4.RELEASE]
	at org.springframework.beans.factory.annotation.AutowiredAnnotationBeanPostProcessor.postProcessPropertyValues(AutowiredAnnotationBeanPostProcessor.java:373) ~[spring-beans-5.0.4.RELEASE.jar:5.0.4.RELEASE]
	at org.springframework.beans.factory.support.AbstractAutowireCapableBeanFactory.populateBean(AbstractAutowireCapableBeanFactory.java:1344) ~[spring-beans-5.0.4.RELEASE.jar:5.0.4.RELEASE]
	at org.springframework.beans.factory.support.AbstractAutowireCapableBeanFactory.doCreateBean(AbstractAutowireCapableBeanFactory.java:582) ~[spring-beans-5.0.4.RELEASE.jar:5.0.4.RELEASE]
	at org.springframework.beans.factory.support.AbstractAutowireCapableBeanFactory.createBean(AbstractAutowireCapableBeanFactory.java:502) ~[spring-beans-5.0.4.RELEASE.jar:5.0.4.RELEASE]
	at org.springframework.beans.factory.support.AbstractBeanFactory.lambda$doGetBean$0(AbstractBeanFactory.java:312) ~[spring-beans-5.0.4.RELEASE.jar:5.0.4.RELEASE]
	at org.springframework.beans.factory.support.DefaultSingletonBeanRegistry.getSingleton(DefaultSingletonBeanRegistry.java:228) ~[spring-beans-5.0.4.RELEASE.jar:5.0.4.RELEASE]
	at org.springframework.beans.factory.support.AbstractBeanFactory.doGetBean(AbstractBeanFactory.java:310) ~[spring-beans-5.0.4.RELEASE.jar:5.0.4.RELEASE]
	at org.springframework.beans.factory.support.AbstractBeanFactory.getBean(AbstractBeanFactory.java:205) ~[spring-beans-5.0.4.RELEASE.jar:5.0.4.RELEASE]
	at org.springframework.context.support.AbstractApplicationContext.initMessageSource(AbstractApplicationContext.java:719) ~[spring-context-5.0.4.RELEASE.jar:5.0.4.RELEASE]
	at org.springframework.context.support.AbstractApplicationContext.refresh(AbstractApplicationContext.java:537) ~[spring-context-5.0.4.RELEASE.jar:5.0.4.RELEASE]
	at org.springframework.test.context.web.AbstractGenericWebContextLoader.loadContext(AbstractGenericWebContextLoader.java:129) ~[spring-test-5.2.3.RELEASE.jar:5.2.3.RELEASE]
	at org.springframework.test.context.web.AbstractGenericWebContextLoader.loadContext(AbstractGenericWebContextLoader.java:61) ~[spring-test-5.2.3.RELEASE.jar:5.2.3.RELEASE]
	at org.springframework.test.context.support.AbstractDelegatingSmartContextLoader.delegateLoading(AbstractDelegatingSmartContextLoader.java:275) ~[spring-test-5.2.3.RELEASE.jar:5.2.3.RELEASE]
	at org.springframework.test.context.support.AbstractDelegatingSmartContextLoader.loadContext(AbstractDelegatingSmartContextLoader.java:243) ~[spring-test-5.2.3.RELEASE.jar:5.2.3.RELEASE]
	at org.springframework.test.context.cache.DefaultCacheAwareContextLoaderDelegate.loadContextInternal(DefaultCacheAwareContextLoaderDelegate.java:99) ~[spring-test-5.2.3.RELEASE.jar:5.2.3.RELEASE]
	at org.springframework.test.context.cache.DefaultCacheAwareContextLoaderDelegate.loadContext(DefaultCacheAwareContextLoaderDelegate.java:124) ~[spring-test-5.2.3.RELEASE.jar:5.2.3.RELEASE]
	at org.springframework.test.context.support.DefaultTestContext.getApplicationContext(DefaultTestContext.java:123) ~[spring-test-5.2.3.RELEASE.jar:5.2.3.RELEASE]
	at org.springframework.test.context.web.ServletTestExecutionListener.setUpRequestContextIfNecessary(ServletTestExecutionListener.java:190) ~[spring-test-5.2.3.RELEASE.jar:5.2.3.RELEASE]
	at org.springframework.test.context.web.ServletTestExecutionListener.prepareTestInstance(ServletTestExecutionListener.java:132) ~[spring-test-5.2.3.RELEASE.jar:5.2.3.RELEASE]
	at org.springframework.test.context.TestContextManager.prepareTestInstance(TestContextManager.java:244) ~[spring-test-5.2.3.RELEASE.jar:5.2.3.RELEASE]
	at org.springframework.test.context.junit.jupiter.SpringExtension.postProcessTestInstance(SpringExtension.java:98) ~[spring-test-5.2.3.RELEASE.jar:5.2.3.RELEASE]
	at org.junit.jupiter.engine.descriptor.ClassBasedTestDescriptor.lambda$invokeTestInstancePostProcessors$5(ClassBasedTestDescriptor.java:341) ~[junit-jupiter-engine-5.6.0.jar:5.6.0]
	at org.junit.jupiter.engine.descriptor.ClassBasedTestDescriptor.executeAndMaskThrowable(ClassBasedTestDescriptor.java:346) ~[junit-jupiter-engine-5.6.0.jar:5.6.0]
	at org.junit.jupiter.engine.descriptor.ClassBasedTestDescriptor.lambda$invokeTestInstancePostProcessors$6(ClassBasedTestDescriptor.java:341) ~[junit-jupiter-engine-5.6.0.jar:5.6.0]
	at java.util.stream.ReferencePipeline$3$1.accept(ReferencePipeline.java:193) ~[?:1.8.0_211]
	at java.util.stream.ReferencePipeline$2$1.accept(ReferencePipeline.java:175) ~[?:1.8.0_211]
	at java.util.ArrayList$ArrayListSpliterator.forEachRemaining(ArrayList.java:1382) ~[?:1.8.0_211]
	at java.util.stream.AbstractPipeline.copyInto(AbstractPipeline.java:481) ~[?:1.8.0_211]
	at java.util.stream.AbstractPipeline.wrapAndCopyInto(AbstractPipeline.java:471) ~[?:1.8.0_211]
	at java.util.stream.StreamSpliterators$WrappingSpliterator.forEachRemaining(StreamSpliterators.java:312) ~[?:1.8.0_211]
	at java.util.stream.Streams$ConcatSpliterator.forEachRemaining(Streams.java:743) ~[?:1.8.0_211]
	at java.util.stream.Streams$ConcatSpliterator.forEachRemaining(Streams.java:742) ~[?:1.8.0_211]
	at java.util.stream.ReferencePipeline$Head.forEach(ReferencePipeline.java:580) ~[?:1.8.0_211]
	at org.junit.jupiter.engine.descriptor.ClassBasedTestDescriptor.invokeTestInstancePostProcessors(ClassBasedTestDescriptor.java:340) ~[junit-jupiter-engine-5.6.0.jar:5.6.0]
	at org.junit.jupiter.engine.descriptor.ClassBasedTestDescriptor.instantiateAndPostProcessTestInstance(ClassBasedTestDescriptor.java:263) ~[junit-jupiter-engine-5.6.0.jar:5.6.0]
	at org.junit.jupiter.engine.descriptor.ClassBasedTestDescriptor.lambda$testInstancesProvider$2(ClassBasedTestDescriptor.java:256) ~[junit-jupiter-engine-5.6.0.jar:5.6.0]
	at java.util.Optional.orElseGet(Optional.java:267) ~[?:1.8.0_211]
	at org.junit.jupiter.engine.descriptor.ClassBasedTestDescriptor.lambda$testInstancesProvider$3(ClassBasedTestDescriptor.java:255) ~[junit-jupiter-engine-5.6.0.jar:5.6.0]
	at org.junit.jupiter.engine.execution.TestInstancesProvider.getTestInstances(TestInstancesProvider.java:29) ~[junit-jupiter-engine-5.6.0.jar:5.6.0]
	at org.junit.jupiter.engine.descriptor.TestMethodTestDescriptor.lambda$prepare$0(TestMethodTestDescriptor.java:108) ~[junit-jupiter-engine-5.6.0.jar:5.6.0]
	at org.junit.platform.engine.support.hierarchical.ThrowableCollector.execute(ThrowableCollector.java:73) ~[junit-platform-engine-1.6.0.jar:1.6.0]
	at org.junit.jupiter.engine.descriptor.TestMethodTestDescriptor.prepare(TestMethodTestDescriptor.java:107) ~[junit-jupiter-engine-5.6.0.jar:5.6.0]
	at org.junit.jupiter.engine.descriptor.TestMethodTestDescriptor.prepare(TestMethodTestDescriptor.java:71) ~[junit-jupiter-engine-5.6.0.jar:5.6.0]
	at org.junit.platform.engine.support.hierarchical.NodeTestTask.lambda$prepare$1(NodeTestTask.java:107) ~[junit-platform-engine-1.6.0.jar:1.6.0]
	at org.junit.platform.engine.support.hierarchical.ThrowableCollector.execute(ThrowableCollector.java:73) ~[junit-platform-engine-1.6.0.jar:1.6.0]
	at org.junit.platform.engine.support.hierarchical.NodeTestTask.prepare(NodeTestTask.java:107) ~[junit-platform-engine-1.6.0.jar:1.6.0]
	at org.junit.platform.engine.support.hierarchical.NodeTestTask.execute(NodeTestTask.java:75) ~[junit-platform-engine-1.6.0.jar:1.6.0]
	at java.util.ArrayList.forEach(ArrayList.java:1257) ~[?:1.8.0_211]
	at org.junit.platform.engine.support.hierarchical.SameThreadHierarchicalTestExecutorService.invokeAll(SameThreadHierarchicalTestExecutorService.java:38) ~[junit-platform-engine-1.6.0.jar:1.6.0]
	at org.junit.platform.engine.support.hierarchical.NodeTestTask.lambda$executeRecursively$5(NodeTestTask.java:139) ~[junit-platform-engine-1.6.0.jar:1.6.0]
	at org.junit.platform.engine.support.hierarchical.ThrowableCollector.execute(ThrowableCollector.java:73) ~[junit-platform-engine-1.6.0.jar:1.6.0]
	at org.junit.platform.engine.support.hierarchical.NodeTestTask.lambda$executeRecursively$7(NodeTestTask.java:125) ~[junit-platform-engine-1.6.0.jar:1.6.0]
	at org.junit.platform.engine.support.hierarchical.Node.around(Node.java:135) ~[junit-platform-engine-1.6.0.jar:1.6.0]
	at org.junit.platform.engine.support.hierarchical.NodeTestTask.lambda$executeRecursively$8(NodeTestTask.java:123) ~[junit-platform-engine-1.6.0.jar:1.6.0]
	at org.junit.platform.engine.support.hierarchical.ThrowableCollector.execute(ThrowableCollector.java:73) ~[junit-platform-engine-1.6.0.jar:1.6.0]
	at org.junit.platform.engine.support.hierarchical.NodeTestTask.executeRecursively(NodeTestTask.java:122) ~[junit-platform-engine-1.6.0.jar:1.6.0]
	at org.junit.platform.engine.support.hierarchical.NodeTestTask.execute(NodeTestTask.java:80) ~[junit-platform-engine-1.6.0.jar:1.6.0]
	at java.util.ArrayList.forEach(ArrayList.java:1257) ~[?:1.8.0_211]
	at org.junit.platform.engine.support.hierarchical.SameThreadHierarchicalTestExecutorService.invokeAll(SameThreadHierarchicalTestExecutorService.java:38) ~[junit-platform-engine-1.6.0.jar:1.6.0]
	at org.junit.platform.engine.support.hierarchical.NodeTestTask.lambda$executeRecursively$5(NodeTestTask.java:139) ~[junit-platform-engine-1.6.0.jar:1.6.0]
	at org.junit.platform.engine.support.hierarchical.ThrowableCollector.execute(ThrowableCollector.java:73) ~[junit-platform-engine-1.6.0.jar:1.6.0]
	at org.junit.platform.engine.support.hierarchical.NodeTestTask.lambda$executeRecursively$7(NodeTestTask.java:125) ~[junit-platform-engine-1.6.0.jar:1.6.0]
	at org.junit.platform.engine.support.hierarchical.Node.around(Node.java:135) ~[junit-platform-engine-1.6.0.jar:1.6.0]
	at org.junit.platform.engine.support.hierarchical.NodeTestTask.lambda$executeRecursively$8(NodeTestTask.java:123) ~[junit-platform-engine-1.6.0.jar:1.6.0]
	at org.junit.platform.engine.support.hierarchical.ThrowableCollector.execute(ThrowableCollector.java:73) [junit-platform-engine-1.6.0.jar:1.6.0]
	at org.junit.platform.engine.support.hierarchical.NodeTestTask.executeRecursively(NodeTestTask.java:122) [junit-platform-engine-1.6.0.jar:1.6.0]
	at org.junit.platform.engine.support.hierarchical.NodeTestTask.execute(NodeTestTask.java:80) [junit-platform-engine-1.6.0.jar:1.6.0]
	at org.junit.platform.engine.support.hierarchical.SameThreadHierarchicalTestExecutorService.submit(SameThreadHierarchicalTestExecutorService.java:32) [junit-platform-engine-1.6.0.jar:1.6.0]
	at org.junit.platform.engine.support.hierarchical.HierarchicalTestExecutor.execute(HierarchicalTestExecutor.java:57) [junit-platform-engine-1.6.0.jar:1.6.0]
	at org.junit.platform.engine.support.hierarchical.HierarchicalTestEngine.execute(HierarchicalTestEngine.java:51) [junit-platform-engine-1.6.0.jar:1.6.0]
	at org.junit.platform.launcher.core.DefaultLauncher.execute(DefaultLauncher.java:170) [junit-platform-launcher-1.1.0.jar:1.1.0]
	at org.junit.platform.launcher.core.DefaultLauncher.execute(DefaultLauncher.java:154) [junit-platform-launcher-1.1.0.jar:1.1.0]
	at org.junit.platform.launcher.core.DefaultLauncher.execute(DefaultLauncher.java:90) [junit-platform-launcher-1.1.0.jar:1.1.0]
	at org.junit.platform.surefire.provider.JUnitPlatformProvider.invokeAllTests(JUnitPlatformProvider.java:132) [junit-platform-surefire-provider-1.1.0.jar:1.1.0]
	at org.junit.platform.surefire.provider.JUnitPlatformProvider.invoke(JUnitPlatformProvider.java:111) [junit-platform-surefire-provider-1.1.0.jar:1.1.0]
	at org.apache.maven.surefire.booter.ForkedBooter.invokeProviderInSameClassLoader(ForkedBooter.java:290) [surefire-booter-2.19.1.jar:2.19.1]
	at org.apache.maven.surefire.booter.ForkedBooter.runSuitesInProcess(ForkedBooter.java:242) [surefire-booter-2.19.1.jar:2.19.1]
	at org.apache.maven.surefire.booter.ForkedBooter.main(ForkedBooter.java:121) [surefire-booter-2.19.1.jar:2.19.1]
Caused by: java.sql.SQLException: General error
	at org.hsqldb.jdbc.JDBCUtil.sqlException(Unknown Source) ~[hsqldb-2.5.0.jar:2.5.0]
	at org.hsqldb.jdbc.JDBCUtil.sqlException(Unknown Source) ~[hsqldb-2.5.0.jar:2.5.0]
	at org.hsqldb.jdbc.JDBCStatement.fetchResult(Unknown Source) ~[hsqldb-2.5.0.jar:2.5.0]
	at org.hsqldb.jdbc.JDBCStatement.execute(Unknown Source) ~[hsqldb-2.5.0.jar:2.5.0]
	at org.apache.commons.dbcp2.DelegatingStatement.execute(DelegatingStatement.java:194) ~[commons-dbcp2-2.7.0.jar:2.7.0]
	at org.apache.commons.dbcp2.DelegatingStatement.execute(DelegatingStatement.java:194) ~[commons-dbcp2-2.7.0.jar:2.7.0]
	at org.hibernate.tool.schema.internal.exec.GenerationTargetToDatabase.accept(GenerationTargetToDatabase.java:54) ~[hibernate-core-5.2.13.Final.jar:5.2.13.Final]
	... 119 more
Caused by: org.hsqldb.HsqlException: General error
	at org.hsqldb.error.Error.error(Unknown Source) ~[hsqldb-2.5.0.jar:2.5.0]
	at org.hsqldb.error.Error.error(Unknown Source) ~[hsqldb-2.5.0.jar:2.5.0]
	at org.hsqldb.result.Result.newErrorResult(Unknown Source) ~[hsqldb-2.5.0.jar:2.5.0]
	at org.hsqldb.result.Result.newErrorResult(Unknown Source) ~[hsqldb-2.5.0.jar:2.5.0]
	at org.hsqldb.Session.executeDirectStatement(Unknown Source) ~[hsqldb-2.5.0.jar:2.5.0]
	at org.hsqldb.Session.execute(Unknown Source) ~[hsqldb-2.5.0.jar:2.5.0]
	at org.hsqldb.jdbc.JDBCStatement.fetchResult(Unknown Source) ~[hsqldb-2.5.0.jar:2.5.0]
	at org.hsqldb.jdbc.JDBCStatement.execute(Unknown Source) ~[hsqldb-2.5.0.jar:2.5.0]
	at org.apache.commons.dbcp2.DelegatingStatement.execute(DelegatingStatement.java:194) ~[commons-dbcp2-2.7.0.jar:2.7.0]
	at org.apache.commons.dbcp2.DelegatingStatement.execute(DelegatingStatement.java:194) ~[commons-dbcp2-2.7.0.jar:2.7.0]
	at org.hibernate.tool.schema.internal.exec.GenerationTargetToDatabase.accept(GenerationTargetToDatabase.java:54) ~[hibernate-core-5.2.13.Final.jar:5.2.13.Final]
	... 119 more
17:59:18.489 [main] DEBUG org.hibernate.SQL - create table transistor (transistor_id bigint not null, category integer, conductunce_type varchar(255), description varchar(255), gain double precision, max_current double precision, max_current_unit integer, name varchar(255), photo tinyblob, price double precision, producer integer, quantity integer, package integer, primary key (transistor_id)) engine=MyISAM
17:59:18.489 [main] WARN  org.hibernate.tool.schema.internal.ExceptionHandlerLoggedImpl - GenerationTarget encountered exception accepting command : Error executing DDL via JDBC Statement
org.hibernate.tool.schema.spi.CommandAcceptanceException: Error executing DDL via JDBC Statement
	at org.hibernate.tool.schema.internal.exec.GenerationTargetToDatabase.accept(GenerationTargetToDatabase.java:67) ~[hibernate-core-5.2.13.Final.jar:5.2.13.Final]
	at org.hibernate.tool.schema.internal.SchemaCreatorImpl.applySqlString(SchemaCreatorImpl.java:440) ~[hibernate-core-5.2.13.Final.jar:5.2.13.Final]
	at org.hibernate.tool.schema.internal.SchemaCreatorImpl.applySqlStrings(SchemaCreatorImpl.java:424) ~[hibernate-core-5.2.13.Final.jar:5.2.13.Final]
	at org.hibernate.tool.schema.internal.SchemaCreatorImpl.createFromMetadata(SchemaCreatorImpl.java:315) ~[hibernate-core-5.2.13.Final.jar:5.2.13.Final]
	at org.hibernate.tool.schema.internal.SchemaCreatorImpl.performCreation(SchemaCreatorImpl.java:166) ~[hibernate-core-5.2.13.Final.jar:5.2.13.Final]
	at org.hibernate.tool.schema.internal.SchemaCreatorImpl.doCreation(SchemaCreatorImpl.java:135) ~[hibernate-core-5.2.13.Final.jar:5.2.13.Final]
	at org.hibernate.tool.schema.internal.SchemaCreatorImpl.doCreation(SchemaCreatorImpl.java:121) ~[hibernate-core-5.2.13.Final.jar:5.2.13.Final]
	at org.hibernate.tool.schema.spi.SchemaManagementToolCoordinator.performDatabaseAction(SchemaManagementToolCoordinator.java:155) ~[hibernate-core-5.2.13.Final.jar:5.2.13.Final]
	at org.hibernate.tool.schema.spi.SchemaManagementToolCoordinator.process(SchemaManagementToolCoordinator.java:72) ~[hibernate-core-5.2.13.Final.jar:5.2.13.Final]
	at org.hibernate.internal.SessionFactoryImpl.<init>(SessionFactoryImpl.java:312) ~[hibernate-core-5.2.13.Final.jar:5.2.13.Final]
	at org.hibernate.boot.internal.SessionFactoryBuilderImpl.build(SessionFactoryBuilderImpl.java:460) ~[hibernate-core-5.2.13.Final.jar:5.2.13.Final]
	at org.hibernate.cfg.Configuration.buildSessionFactory(Configuration.java:710) ~[hibernate-core-5.2.13.Final.jar:5.2.13.Final]
	at org.hibernate.cfg.Configuration.buildSessionFactory(Configuration.java:726) ~[hibernate-core-5.2.13.Final.jar:5.2.13.Final]
	at org.springframework.orm.hibernate5.LocalSessionFactoryBean.buildSessionFactory(LocalSessionFactoryBean.java:535) ~[spring-orm-5.0.4.RELEASE.jar:5.0.4.RELEASE]
	at org.springframework.orm.hibernate5.LocalSessionFactoryBean.afterPropertiesSet(LocalSessionFactoryBean.java:519) ~[spring-orm-5.0.4.RELEASE.jar:5.0.4.RELEASE]
	at com.soft.config.DataAccessConfig.getDevSessionFactory(DataAccessConfig.java:192) ~[classes/:?]
	at com.soft.config.DataAccessConfig$$EnhancerBySpringCGLIB$$d625e009.CGLIB$getDevSessionFactory$6(<generated>) ~[classes/:?]
	at com.soft.config.DataAccessConfig$$EnhancerBySpringCGLIB$$d625e009$$FastClassBySpringCGLIB$$62d74cbd.invoke(<generated>) ~[classes/:?]
	at org.springframework.cglib.proxy.MethodProxy.invokeSuper(MethodProxy.java:244) ~[spring-core-5.2.0.RELEASE.jar:5.2.0.RELEASE]
	at org.springframework.context.annotation.ConfigurationClassEnhancer$BeanMethodInterceptor.intercept(ConfigurationClassEnhancer.java:361) ~[spring-context-5.0.4.RELEASE.jar:5.0.4.RELEASE]
	at com.soft.config.DataAccessConfig$$EnhancerBySpringCGLIB$$d625e009.getDevSessionFactory(<generated>) ~[classes/:?]
	at sun.reflect.NativeMethodAccessorImpl.invoke0(Native Method) ~[?:1.8.0_211]
	at sun.reflect.NativeMethodAccessorImpl.invoke(NativeMethodAccessorImpl.java:62) ~[?:1.8.0_211]
	at sun.reflect.DelegatingMethodAccessorImpl.invoke(DelegatingMethodAccessorImpl.java:43) ~[?:1.8.0_211]
	at java.lang.reflect.Method.invoke(Method.java:498) ~[?:1.8.0_211]
	at org.springframework.beans.factory.support.SimpleInstantiationStrategy.instantiate(SimpleInstantiationStrategy.java:154) ~[spring-beans-5.0.4.RELEASE.jar:5.0.4.RELEASE]
	at org.springframework.beans.factory.support.ConstructorResolver.instantiateUsingFactoryMethod(ConstructorResolver.java:579) ~[spring-beans-5.0.4.RELEASE.jar:5.0.4.RELEASE]
	at org.springframework.beans.factory.support.AbstractAutowireCapableBeanFactory.instantiateUsingFactoryMethod(AbstractAutowireCapableBeanFactory.java:1250) ~[spring-beans-5.0.4.RELEASE.jar:5.0.4.RELEASE]
	at org.springframework.beans.factory.support.AbstractAutowireCapableBeanFactory.createBeanInstance(AbstractAutowireCapableBeanFactory.java:1099) ~[spring-beans-5.0.4.RELEASE.jar:5.0.4.RELEASE]
	at org.springframework.beans.factory.support.AbstractAutowireCapableBeanFactory.doCreateBean(AbstractAutowireCapableBeanFactory.java:545) ~[spring-beans-5.0.4.RELEASE.jar:5.0.4.RELEASE]
	at org.springframework.beans.factory.support.AbstractAutowireCapableBeanFactory.createBean(AbstractAutowireCapableBeanFactory.java:502) ~[spring-beans-5.0.4.RELEASE.jar:5.0.4.RELEASE]
	at org.springframework.beans.factory.support.AbstractBeanFactory.lambda$doGetBean$0(AbstractBeanFactory.java:312) ~[spring-beans-5.0.4.RELEASE.jar:5.0.4.RELEASE]
	at org.springframework.beans.factory.support.DefaultSingletonBeanRegistry.getSingleton(DefaultSingletonBeanRegistry.java:228) ~[spring-beans-5.0.4.RELEASE.jar:5.0.4.RELEASE]
	at org.springframework.beans.factory.support.AbstractBeanFactory.doGetBean(AbstractBeanFactory.java:310) ~[spring-beans-5.0.4.RELEASE.jar:5.0.4.RELEASE]
	at org.springframework.beans.factory.support.AbstractBeanFactory.getBean(AbstractBeanFactory.java:200) ~[spring-beans-5.0.4.RELEASE.jar:5.0.4.RELEASE]
	at org.springframework.beans.factory.support.AbstractBeanFactory.doGetBean(AbstractBeanFactory.java:304) ~[spring-beans-5.0.4.RELEASE.jar:5.0.4.RELEASE]
	at org.springframework.beans.factory.support.AbstractBeanFactory.getBean(AbstractBeanFactory.java:200) ~[spring-beans-5.0.4.RELEASE.jar:5.0.4.RELEASE]
	at org.springframework.beans.factory.config.DependencyDescriptor.resolveCandidate(DependencyDescriptor.java:251) ~[spring-beans-5.0.4.RELEASE.jar:5.0.4.RELEASE]
	at org.springframework.beans.factory.support.DefaultListableBeanFactory.doResolveDependency(DefaultListableBeanFactory.java:1138) ~[spring-beans-5.0.4.RELEASE.jar:5.0.4.RELEASE]
	at org.springframework.beans.factory.support.DefaultListableBeanFactory.resolveDependency(DefaultListableBeanFactory.java:1065) ~[spring-beans-5.0.4.RELEASE.jar:5.0.4.RELEASE]
	at org.springframework.beans.factory.annotation.AutowiredAnnotationBeanPostProcessor$AutowiredFieldElement.inject(AutowiredAnnotationBeanPostProcessor.java:584) ~[spring-beans-5.0.4.RELEASE.jar:5.0.4.RELEASE]
	at org.springframework.beans.factory.annotation.InjectionMetadata.inject(InjectionMetadata.java:91) ~[spring-beans-5.0.4.RELEASE.jar:5.0.4.RELEASE]
	at org.springframework.beans.factory.annotation.AutowiredAnnotationBeanPostProcessor.postProcessPropertyValues(AutowiredAnnotationBeanPostProcessor.java:373) ~[spring-beans-5.0.4.RELEASE.jar:5.0.4.RELEASE]
	at org.springframework.beans.factory.support.AbstractAutowireCapableBeanFactory.populateBean(AbstractAutowireCapableBeanFactory.java:1344) ~[spring-beans-5.0.4.RELEASE.jar:5.0.4.RELEASE]
	at org.springframework.beans.factory.support.AbstractAutowireCapableBeanFactory.doCreateBean(AbstractAutowireCapableBeanFactory.java:582) ~[spring-beans-5.0.4.RELEASE.jar:5.0.4.RELEASE]
	at org.springframework.beans.factory.support.AbstractAutowireCapableBeanFactory.createBean(AbstractAutowireCapableBeanFactory.java:502) ~[spring-beans-5.0.4.RELEASE.jar:5.0.4.RELEASE]
	at org.springframework.beans.factory.support.AbstractBeanFactory.lambda$doGetBean$0(AbstractBeanFactory.java:312) ~[spring-beans-5.0.4.RELEASE.jar:5.0.4.RELEASE]
	at org.springframework.beans.factory.support.DefaultSingletonBeanRegistry.getSingleton(DefaultSingletonBeanRegistry.java:228) ~[spring-beans-5.0.4.RELEASE.jar:5.0.4.RELEASE]
	at org.springframework.beans.factory.support.AbstractBeanFactory.doGetBean(AbstractBeanFactory.java:310) ~[spring-beans-5.0.4.RELEASE.jar:5.0.4.RELEASE]
	at org.springframework.beans.factory.support.AbstractBeanFactory.getBean(AbstractBeanFactory.java:205) ~[spring-beans-5.0.4.RELEASE.jar:5.0.4.RELEASE]
	at org.springframework.context.support.AbstractApplicationContext.initMessageSource(AbstractApplicationContext.java:719) ~[spring-context-5.0.4.RELEASE.jar:5.0.4.RELEASE]
	at org.springframework.context.support.AbstractApplicationContext.refresh(AbstractApplicationContext.java:537) ~[spring-context-5.0.4.RELEASE.jar:5.0.4.RELEASE]
	at org.springframework.test.context.web.AbstractGenericWebContextLoader.loadContext(AbstractGenericWebContextLoader.java:129) ~[spring-test-5.2.3.RELEASE.jar:5.2.3.RELEASE]
	at org.springframework.test.context.web.AbstractGenericWebContextLoader.loadContext(AbstractGenericWebContextLoader.java:61) ~[spring-test-5.2.3.RELEASE.jar:5.2.3.RELEASE]
	at org.springframework.test.context.support.AbstractDelegatingSmartContextLoader.delegateLoading(AbstractDelegatingSmartContextLoader.java:275) ~[spring-test-5.2.3.RELEASE.jar:5.2.3.RELEASE]
	at org.springframework.test.context.support.AbstractDelegatingSmartContextLoader.loadContext(AbstractDelegatingSmartContextLoader.java:243) ~[spring-test-5.2.3.RELEASE.jar:5.2.3.RELEASE]
	at org.springframework.test.context.cache.DefaultCacheAwareContextLoaderDelegate.loadContextInternal(DefaultCacheAwareContextLoaderDelegate.java:99) ~[spring-test-5.2.3.RELEASE.jar:5.2.3.RELEASE]
	at org.springframework.test.context.cache.DefaultCacheAwareContextLoaderDelegate.loadContext(DefaultCacheAwareContextLoaderDelegate.java:124) ~[spring-test-5.2.3.RELEASE.jar:5.2.3.RELEASE]
	at org.springframework.test.context.support.DefaultTestContext.getApplicationContext(DefaultTestContext.java:123) ~[spring-test-5.2.3.RELEASE.jar:5.2.3.RELEASE]
	at org.springframework.test.context.web.ServletTestExecutionListener.setUpRequestContextIfNecessary(ServletTestExecutionListener.java:190) ~[spring-test-5.2.3.RELEASE.jar:5.2.3.RELEASE]
	at org.springframework.test.context.web.ServletTestExecutionListener.prepareTestInstance(ServletTestExecutionListener.java:132) ~[spring-test-5.2.3.RELEASE.jar:5.2.3.RELEASE]
	at org.springframework.test.context.TestContextManager.prepareTestInstance(TestContextManager.java:244) ~[spring-test-5.2.3.RELEASE.jar:5.2.3.RELEASE]
	at org.springframework.test.context.junit.jupiter.SpringExtension.postProcessTestInstance(SpringExtension.java:98) ~[spring-test-5.2.3.RELEASE.jar:5.2.3.RELEASE]
	at org.junit.jupiter.engine.descriptor.ClassBasedTestDescriptor.lambda$invokeTestInstancePostProcessors$5(ClassBasedTestDescriptor.java:341) ~[junit-jupiter-engine-5.6.0.jar:5.6.0]
	at org.junit.jupiter.engine.descriptor.ClassBasedTestDescriptor.executeAndMaskThrowable(ClassBasedTestDescriptor.java:346) ~[junit-jupiter-engine-5.6.0.jar:5.6.0]
	at org.junit.jupiter.engine.descriptor.ClassBasedTestDescriptor.lambda$invokeTestInstancePostProcessors$6(ClassBasedTestDescriptor.java:341) ~[junit-jupiter-engine-5.6.0.jar:5.6.0]
	at java.util.stream.ReferencePipeline$3$1.accept(ReferencePipeline.java:193) ~[?:1.8.0_211]
	at java.util.stream.ReferencePipeline$2$1.accept(ReferencePipeline.java:175) ~[?:1.8.0_211]
	at java.util.ArrayList$ArrayListSpliterator.forEachRemaining(ArrayList.java:1382) ~[?:1.8.0_211]
	at java.util.stream.AbstractPipeline.copyInto(AbstractPipeline.java:481) ~[?:1.8.0_211]
	at java.util.stream.AbstractPipeline.wrapAndCopyInto(AbstractPipeline.java:471) ~[?:1.8.0_211]
	at java.util.stream.StreamSpliterators$WrappingSpliterator.forEachRemaining(StreamSpliterators.java:312) ~[?:1.8.0_211]
	at java.util.stream.Streams$ConcatSpliterator.forEachRemaining(Streams.java:743) ~[?:1.8.0_211]
	at java.util.stream.Streams$ConcatSpliterator.forEachRemaining(Streams.java:742) ~[?:1.8.0_211]
	at java.util.stream.ReferencePipeline$Head.forEach(ReferencePipeline.java:580) ~[?:1.8.0_211]
	at org.junit.jupiter.engine.descriptor.ClassBasedTestDescriptor.invokeTestInstancePostProcessors(ClassBasedTestDescriptor.java:340) ~[junit-jupiter-engine-5.6.0.jar:5.6.0]
	at org.junit.jupiter.engine.descriptor.ClassBasedTestDescriptor.instantiateAndPostProcessTestInstance(ClassBasedTestDescriptor.java:263) ~[junit-jupiter-engine-5.6.0.jar:5.6.0]
	at org.junit.jupiter.engine.descriptor.ClassBasedTestDescriptor.lambda$testInstancesProvider$2(ClassBasedTestDescriptor.java:256) ~[junit-jupiter-engine-5.6.0.jar:5.6.0]
	at java.util.Optional.orElseGet(Optional.java:267) ~[?:1.8.0_211]
	at org.junit.jupiter.engine.descriptor.ClassBasedTestDescriptor.lambda$testInstancesProvider$3(ClassBasedTestDescriptor.java:255) ~[junit-jupiter-engine-5.6.0.jar:5.6.0]
	at org.junit.jupiter.engine.execution.TestInstancesProvider.getTestInstances(TestInstancesProvider.java:29) ~[junit-jupiter-engine-5.6.0.jar:5.6.0]
	at org.junit.jupiter.engine.descriptor.TestMethodTestDescriptor.lambda$prepare$0(TestMethodTestDescriptor.java:108) ~[junit-jupiter-engine-5.6.0.jar:5.6.0]
	at org.junit.platform.engine.support.hierarchical.ThrowableCollector.execute(ThrowableCollector.java:73) ~[junit-platform-engine-1.6.0.jar:1.6.0]
	at org.junit.jupiter.engine.descriptor.TestMethodTestDescriptor.prepare(TestMethodTestDescriptor.java:107) ~[junit-jupiter-engine-5.6.0.jar:5.6.0]
	at org.junit.jupiter.engine.descriptor.TestMethodTestDescriptor.prepare(TestMethodTestDescriptor.java:71) ~[junit-jupiter-engine-5.6.0.jar:5.6.0]
	at org.junit.platform.engine.support.hierarchical.NodeTestTask.lambda$prepare$1(NodeTestTask.java:107) ~[junit-platform-engine-1.6.0.jar:1.6.0]
	at org.junit.platform.engine.support.hierarchical.ThrowableCollector.execute(ThrowableCollector.java:73) ~[junit-platform-engine-1.6.0.jar:1.6.0]
	at org.junit.platform.engine.support.hierarchical.NodeTestTask.prepare(NodeTestTask.java:107) ~[junit-platform-engine-1.6.0.jar:1.6.0]
	at org.junit.platform.engine.support.hierarchical.NodeTestTask.execute(NodeTestTask.java:75) ~[junit-platform-engine-1.6.0.jar:1.6.0]
	at java.util.ArrayList.forEach(ArrayList.java:1257) ~[?:1.8.0_211]
	at org.junit.platform.engine.support.hierarchical.SameThreadHierarchicalTestExecutorService.invokeAll(SameThreadHierarchicalTestExecutorService.java:38) ~[junit-platform-engine-1.6.0.jar:1.6.0]
	at org.junit.platform.engine.support.hierarchical.NodeTestTask.lambda$executeRecursively$5(NodeTestTask.java:139) ~[junit-platform-engine-1.6.0.jar:1.6.0]
	at org.junit.platform.engine.support.hierarchical.ThrowableCollector.execute(ThrowableCollector.java:73) ~[junit-platform-engine-1.6.0.jar:1.6.0]
	at org.junit.platform.engine.support.hierarchical.NodeTestTask.lambda$executeRecursively$7(NodeTestTask.java:125) ~[junit-platform-engine-1.6.0.jar:1.6.0]
	at org.junit.platform.engine.support.hierarchical.Node.around(Node.java:135) ~[junit-platform-engine-1.6.0.jar:1.6.0]
	at org.junit.platform.engine.support.hierarchical.NodeTestTask.lambda$executeRecursively$8(NodeTestTask.java:123) ~[junit-platform-engine-1.6.0.jar:1.6.0]
	at org.junit.platform.engine.support.hierarchical.ThrowableCollector.execute(ThrowableCollector.java:73) ~[junit-platform-engine-1.6.0.jar:1.6.0]
	at org.junit.platform.engine.support.hierarchical.NodeTestTask.executeRecursively(NodeTestTask.java:122) ~[junit-platform-engine-1.6.0.jar:1.6.0]
	at org.junit.platform.engine.support.hierarchical.NodeTestTask.execute(NodeTestTask.java:80) ~[junit-platform-engine-1.6.0.jar:1.6.0]
	at java.util.ArrayList.forEach(ArrayList.java:1257) ~[?:1.8.0_211]
	at org.junit.platform.engine.support.hierarchical.SameThreadHierarchicalTestExecutorService.invokeAll(SameThreadHierarchicalTestExecutorService.java:38) ~[junit-platform-engine-1.6.0.jar:1.6.0]
	at org.junit.platform.engine.support.hierarchical.NodeTestTask.lambda$executeRecursively$5(NodeTestTask.java:139) ~[junit-platform-engine-1.6.0.jar:1.6.0]
	at org.junit.platform.engine.support.hierarchical.ThrowableCollector.execute(ThrowableCollector.java:73) ~[junit-platform-engine-1.6.0.jar:1.6.0]
	at org.junit.platform.engine.support.hierarchical.NodeTestTask.lambda$executeRecursively$7(NodeTestTask.java:125) ~[junit-platform-engine-1.6.0.jar:1.6.0]
	at org.junit.platform.engine.support.hierarchical.Node.around(Node.java:135) ~[junit-platform-engine-1.6.0.jar:1.6.0]
	at org.junit.platform.engine.support.hierarchical.NodeTestTask.lambda$executeRecursively$8(NodeTestTask.java:123) ~[junit-platform-engine-1.6.0.jar:1.6.0]
	at org.junit.platform.engine.support.hierarchical.ThrowableCollector.execute(ThrowableCollector.java:73) [junit-platform-engine-1.6.0.jar:1.6.0]
	at org.junit.platform.engine.support.hierarchical.NodeTestTask.executeRecursively(NodeTestTask.java:122) [junit-platform-engine-1.6.0.jar:1.6.0]
	at org.junit.platform.engine.support.hierarchical.NodeTestTask.execute(NodeTestTask.java:80) [junit-platform-engine-1.6.0.jar:1.6.0]
	at org.junit.platform.engine.support.hierarchical.SameThreadHierarchicalTestExecutorService.submit(SameThreadHierarchicalTestExecutorService.java:32) [junit-platform-engine-1.6.0.jar:1.6.0]
	at org.junit.platform.engine.support.hierarchical.HierarchicalTestExecutor.execute(HierarchicalTestExecutor.java:57) [junit-platform-engine-1.6.0.jar:1.6.0]
	at org.junit.platform.engine.support.hierarchical.HierarchicalTestEngine.execute(HierarchicalTestEngine.java:51) [junit-platform-engine-1.6.0.jar:1.6.0]
	at org.junit.platform.launcher.core.DefaultLauncher.execute(DefaultLauncher.java:170) [junit-platform-launcher-1.1.0.jar:1.1.0]
	at org.junit.platform.launcher.core.DefaultLauncher.execute(DefaultLauncher.java:154) [junit-platform-launcher-1.1.0.jar:1.1.0]
	at org.junit.platform.launcher.core.DefaultLauncher.execute(DefaultLauncher.java:90) [junit-platform-launcher-1.1.0.jar:1.1.0]
	at org.junit.platform.surefire.provider.JUnitPlatformProvider.invokeAllTests(JUnitPlatformProvider.java:132) [junit-platform-surefire-provider-1.1.0.jar:1.1.0]
	at org.junit.platform.surefire.provider.JUnitPlatformProvider.invoke(JUnitPlatformProvider.java:111) [junit-platform-surefire-provider-1.1.0.jar:1.1.0]
	at org.apache.maven.surefire.booter.ForkedBooter.invokeProviderInSameClassLoader(ForkedBooter.java:290) [surefire-booter-2.19.1.jar:2.19.1]
	at org.apache.maven.surefire.booter.ForkedBooter.runSuitesInProcess(ForkedBooter.java:242) [surefire-booter-2.19.1.jar:2.19.1]
	at org.apache.maven.surefire.booter.ForkedBooter.main(ForkedBooter.java:121) [surefire-booter-2.19.1.jar:2.19.1]
Caused by: java.sql.SQLException: General error
	at org.hsqldb.jdbc.JDBCUtil.sqlException(Unknown Source) ~[hsqldb-2.5.0.jar:2.5.0]
	at org.hsqldb.jdbc.JDBCUtil.sqlException(Unknown Source) ~[hsqldb-2.5.0.jar:2.5.0]
	at org.hsqldb.jdbc.JDBCStatement.fetchResult(Unknown Source) ~[hsqldb-2.5.0.jar:2.5.0]
	at org.hsqldb.jdbc.JDBCStatement.execute(Unknown Source) ~[hsqldb-2.5.0.jar:2.5.0]
	at org.apache.commons.dbcp2.DelegatingStatement.execute(DelegatingStatement.java:194) ~[commons-dbcp2-2.7.0.jar:2.7.0]
	at org.apache.commons.dbcp2.DelegatingStatement.execute(DelegatingStatement.java:194) ~[commons-dbcp2-2.7.0.jar:2.7.0]
	at org.hibernate.tool.schema.internal.exec.GenerationTargetToDatabase.accept(GenerationTargetToDatabase.java:54) ~[hibernate-core-5.2.13.Final.jar:5.2.13.Final]
	... 119 more
Caused by: org.hsqldb.HsqlException: General error
	at org.hsqldb.error.Error.error(Unknown Source) ~[hsqldb-2.5.0.jar:2.5.0]
	at org.hsqldb.error.Error.error(Unknown Source) ~[hsqldb-2.5.0.jar:2.5.0]
	at org.hsqldb.result.Result.newErrorResult(Unknown Source) ~[hsqldb-2.5.0.jar:2.5.0]
	at org.hsqldb.result.Result.newErrorResult(Unknown Source) ~[hsqldb-2.5.0.jar:2.5.0]
	at org.hsqldb.Session.executeDirectStatement(Unknown Source) ~[hsqldb-2.5.0.jar:2.5.0]
	at org.hsqldb.Session.execute(Unknown Source) ~[hsqldb-2.5.0.jar:2.5.0]
	at org.hsqldb.jdbc.JDBCStatement.fetchResult(Unknown Source) ~[hsqldb-2.5.0.jar:2.5.0]
	at org.hsqldb.jdbc.JDBCStatement.execute(Unknown Source) ~[hsqldb-2.5.0.jar:2.5.0]
	at org.apache.commons.dbcp2.DelegatingStatement.execute(DelegatingStatement.java:194) ~[commons-dbcp2-2.7.0.jar:2.7.0]
	at org.apache.commons.dbcp2.DelegatingStatement.execute(DelegatingStatement.java:194) ~[commons-dbcp2-2.7.0.jar:2.7.0]
	at org.hibernate.tool.schema.internal.exec.GenerationTargetToDatabase.accept(GenerationTargetToDatabase.java:54) ~[hibernate-core-5.2.13.Final.jar:5.2.13.Final]
	... 119 more
17:59:18.491 [main] INFO  org.hibernate.tool.schema.internal.SchemaCreatorImpl - HHH000476: Executing import script 'org.hibernate.tool.schema.internal.exec.ScriptSourceInputNonExistentImpl@57a48985'
17:59:18.492 [main] TRACE org.hibernate.service.internal.AbstractServiceRegistryImpl - Initializing service [role=org.hibernate.engine.transaction.jta.platform.spi.JtaPlatform]
17:59:18.492 [main] DEBUG org.hibernate.engine.transaction.jta.platform.internal.JtaPlatformInitiator - No JtaPlatform was specified, checking resolver
17:59:18.492 [main] TRACE org.hibernate.service.internal.AbstractServiceRegistryImpl - Initializing service [role=org.hibernate.engine.transaction.jta.platform.spi.JtaPlatformResolver]
17:59:18.492 [main] DEBUG org.hibernate.engine.transaction.jta.platform.internal.JtaPlatformResolverInitiator - No JtaPlatformResolver was specified, using default [org.hibernate.engine.transaction.jta.platform.internal.StandardJtaPlatformResolver]
17:59:18.497 [main] DEBUG org.hibernate.engine.transaction.jta.platform.internal.StandardJtaPlatformResolver - Could not resolve JtaPlatform, using default [org.hibernate.engine.transaction.jta.platform.internal.NoJtaPlatform]
17:59:18.498 [main] DEBUG org.hibernate.query.spi.NamedQueryRepository - Checking 0 named HQL queries
17:59:18.498 [main] DEBUG org.hibernate.query.spi.NamedQueryRepository - Checking 0 named SQL queries
17:59:18.499 [main] DEBUG org.hibernate.internal.SessionFactoryRegistry - Initializing SessionFactoryRegistry : org.hibernate.internal.SessionFactoryRegistry@47ac613b
17:59:18.500 [main] DEBUG org.hibernate.internal.SessionFactoryRegistry - Registering SessionFactory: ea3cdbb2-f65e-4218-8bc3-0f41ba0822c4 (<unnamed>)
17:59:18.500 [main] DEBUG org.hibernate.internal.SessionFactoryRegistry - Not binding SessionFactory to JNDI, no JNDI name configured
17:59:18.515 [main] DEBUG org.springframework.beans.factory.support.DefaultListableBeanFactory - Eagerly caching bean 'SessionFactory' to allow for resolving potential circular references
17:59:18.515 [main] TRACE org.springframework.beans.CachedIntrospectionResults - Getting BeanInfo for class [org.hibernate.internal.SessionFactoryImpl]
17:59:18.516 [main] TRACE org.springframework.beans.CachedIntrospectionResults - Caching PropertyDescriptors for class [org.hibernate.internal.SessionFactoryImpl]
17:59:18.516 [main] TRACE org.springframework.beans.CachedIntrospectionResults - Found bean property 'allClassMetadata' of type [java.util.Map]
17:59:18.517 [main] TRACE org.springframework.beans.CachedIntrospectionResults - Found bean property 'allCollectionMetadata' of type [java.util.Map]
17:59:18.517 [main] TRACE org.springframework.beans.CachedIntrospectionResults - Found bean property 'allSecondLevelCacheRegions' of type [java.util.Map]
17:59:18.517 [main] TRACE org.springframework.beans.CachedIntrospectionResults - Found bean property 'cache' of type [org.hibernate.engine.spi.CacheImplementor]
17:59:18.517 [main] TRACE org.springframework.beans.CachedIntrospectionResults - Found bean property 'class' of type [java.lang.Class]
17:59:18.517 [main] TRACE org.springframework.beans.CachedIntrospectionResults - Found bean property 'closed' of type [boolean]
17:59:18.517 [main] TRACE org.springframework.beans.CachedIntrospectionResults - Found bean property 'criteriaBuilder' of type [javax.persistence.criteria.CriteriaBuilder]
17:59:18.517 [main] TRACE org.springframework.beans.CachedIntrospectionResults - Found bean property 'currentSession' of type [org.hibernate.Session]
17:59:18.517 [main] TRACE org.springframework.beans.CachedIntrospectionResults - Found bean property 'currentTenantIdentifierResolver' of type [org.hibernate.context.spi.CurrentTenantIdentifierResolver]
17:59:18.517 [main] TRACE org.springframework.beans.CachedIntrospectionResults - Found bean property 'customEntityDirtinessStrategy' of type [org.hibernate.CustomEntityDirtinessStrategy]
17:59:18.517 [main] TRACE org.springframework.beans.CachedIntrospectionResults - Found bean property 'definedFilterNames' of type [java.util.Set]
17:59:18.517 [main] TRACE org.springframework.beans.CachedIntrospectionResults - Found bean property 'deserializationResolver' of type [org.hibernate.engine.spi.SessionFactoryImplementor$DeserializationResolver]
17:59:18.517 [main] TRACE org.springframework.beans.CachedIntrospectionResults - Found bean property 'entityNotFoundDelegate' of type [org.hibernate.proxy.EntityNotFoundDelegate]
17:59:18.517 [main] TRACE org.springframework.beans.CachedIntrospectionResults - Found bean property 'identifierGeneratorFactory' of type [org.hibernate.id.factory.IdentifierGeneratorFactory]
17:59:18.517 [main] TRACE org.springframework.beans.CachedIntrospectionResults - Found bean property 'interceptor' of type [org.hibernate.Interceptor]
17:59:18.518 [main] TRACE org.springframework.beans.CachedIntrospectionResults - Found bean property 'jdbcServices' of type [org.hibernate.engine.jdbc.spi.JdbcServices]
17:59:18.518 [main] TRACE org.springframework.beans.CachedIntrospectionResults - Found bean property 'metamodel' of type [org.hibernate.metamodel.spi.MetamodelImplementor]
17:59:18.518 [main] TRACE org.springframework.beans.CachedIntrospectionResults - Found bean property 'name' of type [java.lang.String]
17:59:18.518 [main] TRACE org.springframework.beans.CachedIntrospectionResults - Found bean property 'namedQueryRepository' of type [org.hibernate.query.spi.NamedQueryRepository]
17:59:18.518 [main] TRACE org.springframework.beans.CachedIntrospectionResults - Found bean property 'open' of type [boolean]
17:59:18.518 [main] TRACE org.springframework.beans.CachedIntrospectionResults - Found bean property 'persistenceUnitUtil' of type [javax.persistence.PersistenceUnitUtil]
17:59:18.518 [main] TRACE org.springframework.beans.CachedIntrospectionResults - Found bean property 'properties' of type [java.util.Map]
17:59:18.518 [main] TRACE org.springframework.beans.CachedIntrospectionResults - Found bean property 'queryPlanCache' of type [org.hibernate.engine.query.spi.QueryPlanCache]
17:59:18.518 [main] TRACE org.springframework.beans.CachedIntrospectionResults - Found bean property 'reference' of type [javax.naming.Reference]
17:59:18.518 [main] TRACE org.springframework.beans.CachedIntrospectionResults - Found bean property 'serviceRegistry' of type [org.hibernate.service.spi.ServiceRegistryImplementor]
17:59:18.518 [main] TRACE org.springframework.beans.CachedIntrospectionResults - Found bean property 'sessionFactoryOptions' of type [org.hibernate.boot.spi.SessionFactoryOptions]
17:59:18.518 [main] TRACE org.springframework.beans.CachedIntrospectionResults - Found bean property 'settings' of type [org.hibernate.cfg.Settings]
17:59:18.518 [main] TRACE org.springframework.beans.CachedIntrospectionResults - Found bean property 'sqlFunctionRegistry' of type [org.hibernate.dialect.function.SQLFunctionRegistry]
17:59:18.518 [main] TRACE org.springframework.beans.CachedIntrospectionResults - Found bean property 'statistics' of type [org.hibernate.stat.spi.StatisticsImplementor]
17:59:18.518 [main] TRACE org.springframework.beans.CachedIntrospectionResults - Found bean property 'typeHelper' of type [org.hibernate.TypeHelper]
17:59:18.518 [main] TRACE org.springframework.beans.CachedIntrospectionResults - Found bean property 'typeResolver' of type [org.hibernate.type.TypeResolver]
17:59:18.518 [main] TRACE org.springframework.beans.CachedIntrospectionResults - Found bean property 'uuid' of type [java.lang.String]
17:59:18.520 [main] DEBUG org.springframework.beans.factory.support.DefaultListableBeanFactory - Returning cached instance of singleton bean 'org.springframework.transaction.config.internalTransactionAdvisor'
17:59:18.534 [main] DEBUG org.springframework.beans.factory.support.DefaultListableBeanFactory - Finished creating instance of bean 'SessionFactory'
17:59:18.534 [main] DEBUG org.springframework.beans.factory.support.DefaultListableBeanFactory - Creating shared instance of singleton bean 'getDevLocaleDAO'
17:59:18.534 [main] DEBUG org.springframework.beans.factory.support.DefaultListableBeanFactory - Creating instance of bean 'getDevLocaleDAO'
17:59:18.534 [main] DEBUG org.springframework.beans.factory.support.DefaultListableBeanFactory - Returning cached instance of singleton bean 'dataAccessConfig'
17:59:18.534 [main] DEBUG org.springframework.beans.factory.support.DefaultListableBeanFactory - Returning cached instance of singleton bean 'SessionFactory'
17:59:18.534 [main] DEBUG org.springframework.beans.factory.support.DefaultListableBeanFactory - Returning cached instance of singleton bean 'DataSourceBean'
17:59:18.534 [main] DEBUG org.springframework.beans.factory.support.DefaultListableBeanFactory - Autowiring by type from bean name 'getDevLocaleDAO' via factory method to bean named 'SessionFactory'
17:59:18.534 [main] DEBUG org.springframework.beans.factory.support.DefaultListableBeanFactory - Autowiring by type from bean name 'getDevLocaleDAO' via factory method to bean named 'DataSourceBean'
17:59:18.535 [main] DEBUG org.springframework.beans.factory.support.DefaultListableBeanFactory - Eagerly caching bean 'getDevLocaleDAO' to allow for resolving potential circular references
17:59:18.535 [main] TRACE org.springframework.beans.CachedIntrospectionResults - Getting BeanInfo for class [com.soft.dao.EshopDAOImpl]
17:59:18.536 [main] TRACE org.springframework.beans.CachedIntrospectionResults - Caching PropertyDescriptors for class [com.soft.dao.EshopDAOImpl]
17:59:18.536 [main] TRACE org.springframework.beans.CachedIntrospectionResults - Found bean property 'class' of type [java.lang.Class]
17:59:18.536 [main] TRACE org.springframework.beans.CachedIntrospectionResults - Found bean property 'sessionFactory' of type [org.hibernate.SessionFactory]
17:59:18.537 [main] DEBUG org.springframework.beans.factory.support.DefaultListableBeanFactory - Returning cached instance of singleton bean 'org.springframework.transaction.config.internalTransactionAdvisor'
17:59:18.537 [main] DEBUG org.springframework.beans.factory.support.DefaultListableBeanFactory - Finished creating instance of bean 'getDevLocaleDAO'
17:59:18.537 [main] DEBUG org.springframework.beans.factory.annotation.AutowiredAnnotationBeanPostProcessor - Autowiring by type from bean name 'messageSource' to bean named 'getDevLocaleDAO'
17:59:18.538 [main] DEBUG org.springframework.beans.factory.support.DefaultListableBeanFactory - Returning cached instance of singleton bean 'org.springframework.transaction.config.internalTransactionAdvisor'
17:59:18.538 [main] DEBUG org.springframework.beans.factory.support.DefaultListableBeanFactory - Finished creating instance of bean 'messageSource'
17:59:18.538 [main] DEBUG org.springframework.web.context.support.GenericWebApplicationContext - Using MessageSource [com.soft.config.AppConfig$DBMessageSource@5562c2c9]
17:59:18.539 [main] DEBUG org.springframework.web.context.support.GenericWebApplicationContext - Unable to locate ApplicationEventMulticaster with name 'applicationEventMulticaster': using default [org.springframework.context.event.SimpleApplicationEventMulticaster@561953e3]
17:59:18.540 [main] DEBUG org.springframework.ui.context.support.UiApplicationContextUtils - Unable to locate ThemeSource with name 'themeSource': using default [org.springframework.ui.context.support.ResourceBundleThemeSource@67531e3a]
17:59:18.541 [main] DEBUG org.springframework.beans.factory.support.DefaultListableBeanFactory - Pre-instantiating singletons in org.springframework.beans.factory.support.DefaultListableBeanFactory@a307a8c: defining beans [org.springframework.context.annotation.internalConfigurationAnnotationProcessor,org.springframework.context.annotation.internalAutowiredAnnotationProcessor,org.springframework.context.annotation.internalRequiredAnnotationProcessor,org.springframework.context.annotation.internalCommonAnnotationProcessor,org.springframework.context.annotation.internalPersistenceAnnotationProcessor,org.springframework.context.event.internalEventListenerProcessor,org.springframework.context.event.internalEventListenerFactory,appConfig,dataAccessConfig,eshopController,messageSource,org.springframework.web.servlet.config.annotation.DelegatingWebMvcConfiguration,requestMappingHandlerMapping,mvcPathMatcher,mvcUrlPathHelper,mvcContentNegotiationManager,viewControllerHandlerMapping,beanNameHandlerMapping,resourceHandlerMapping,mvcResourceUrlProvider,defaultServletHandlerMapping,requestMappingHandlerAdapter,mvcConversionService,mvcValidator,mvcUriComponentsContributor,httpRequestHandlerAdapter,simpleControllerHandlerAdapter,handlerExceptionResolver,mvcViewResolver,mvcHandlerMappingIntrospector,viewResolver,templateEngine,templateResolver,localeResolver,org.springframework.transaction.annotation.ProxyTransactionManagementConfiguration,org.springframework.transaction.config.internalTransactionAdvisor,transactionAttributeSource,transactionInterceptor,org.springframework.transaction.config.internalTransactionalEventListenerFactory,DataSourceBean,SessionFactory,getDevLocaleDAO,transactionManager,org.springframework.aop.config.internalAutoProxyCreator]; root of factory hierarchy
17:59:18.542 [main] DEBUG org.springframework.beans.factory.support.DefaultListableBeanFactory - Returning cached instance of singleton bean 'org.springframework.context.annotation.internalConfigurationAnnotationProcessor'
17:59:18.542 [main] DEBUG org.springframework.beans.factory.support.DefaultListableBeanFactory - Returning cached instance of singleton bean 'org.springframework.context.annotation.internalAutowiredAnnotationProcessor'
17:59:18.542 [main] DEBUG org.springframework.beans.factory.support.DefaultListableBeanFactory - Returning cached instance of singleton bean 'org.springframework.context.annotation.internalRequiredAnnotationProcessor'
17:59:18.542 [main] DEBUG org.springframework.beans.factory.support.DefaultListableBeanFactory - Returning cached instance of singleton bean 'org.springframework.context.annotation.internalCommonAnnotationProcessor'
17:59:18.542 [main] DEBUG org.springframework.beans.factory.support.DefaultListableBeanFactory - Returning cached instance of singleton bean 'org.springframework.context.annotation.internalPersistenceAnnotationProcessor'
17:59:18.542 [main] DEBUG org.springframework.beans.factory.support.DefaultListableBeanFactory - Creating shared instance of singleton bean 'org.springframework.context.event.internalEventListenerProcessor'
17:59:18.542 [main] DEBUG org.springframework.beans.factory.support.DefaultListableBeanFactory - Creating instance of bean 'org.springframework.context.event.internalEventListenerProcessor'
17:59:18.543 [main] DEBUG org.springframework.beans.factory.support.DefaultListableBeanFactory - Eagerly caching bean 'org.springframework.context.event.internalEventListenerProcessor' to allow for resolving potential circular references
17:59:18.543 [main] TRACE org.springframework.beans.CachedIntrospectionResults - Getting BeanInfo for class [org.springframework.context.event.EventListenerMethodProcessor]
17:59:18.543 [main] TRACE org.springframework.beans.CachedIntrospectionResults - Caching PropertyDescriptors for class [org.springframework.context.event.EventListenerMethodProcessor]
17:59:18.543 [main] TRACE org.springframework.beans.CachedIntrospectionResults - Found bean property 'applicationContext' of type [org.springframework.context.ApplicationContext]
17:59:18.544 [main] TRACE org.springframework.beans.CachedIntrospectionResults - Found bean property 'class' of type [java.lang.Class]
17:59:18.544 [main] DEBUG org.springframework.beans.factory.support.DefaultListableBeanFactory - Returning cached instance of singleton bean 'org.springframework.transaction.config.internalTransactionAdvisor'
17:59:18.544 [main] DEBUG org.springframework.beans.factory.support.DefaultListableBeanFactory - Finished creating instance of bean 'org.springframework.context.event.internalEventListenerProcessor'
17:59:18.544 [main] DEBUG org.springframework.beans.factory.support.DefaultListableBeanFactory - Creating shared instance of singleton bean 'org.springframework.context.event.internalEventListenerFactory'
17:59:18.545 [main] DEBUG org.springframework.beans.factory.support.DefaultListableBeanFactory - Creating instance of bean 'org.springframework.context.event.internalEventListenerFactory'
17:59:18.545 [main] DEBUG org.springframework.beans.factory.support.DefaultListableBeanFactory - Eagerly caching bean 'org.springframework.context.event.internalEventListenerFactory' to allow for resolving potential circular references
17:59:18.545 [main] TRACE org.springframework.beans.CachedIntrospectionResults - Getting BeanInfo for class [org.springframework.context.event.DefaultEventListenerFactory]
17:59:18.545 [main] TRACE org.springframework.beans.CachedIntrospectionResults - Caching PropertyDescriptors for class [org.springframework.context.event.DefaultEventListenerFactory]
17:59:18.546 [main] TRACE org.springframework.beans.CachedIntrospectionResults - Found bean property 'class' of type [java.lang.Class]
17:59:18.546 [main] TRACE org.springframework.beans.CachedIntrospectionResults - Found bean property 'order' of type [int]
17:59:18.546 [main] DEBUG org.springframework.beans.factory.support.DefaultListableBeanFactory - Returning cached instance of singleton bean 'org.springframework.transaction.config.internalTransactionAdvisor'
17:59:18.547 [main] DEBUG org.springframework.beans.factory.support.DefaultListableBeanFactory - Finished creating instance of bean 'org.springframework.context.event.internalEventListenerFactory'
17:59:18.547 [main] DEBUG org.springframework.beans.factory.support.DefaultListableBeanFactory - Returning cached instance of singleton bean 'appConfig'
17:59:18.547 [main] DEBUG org.springframework.beans.factory.support.DefaultListableBeanFactory - Returning cached instance of singleton bean 'dataAccessConfig'
17:59:18.547 [main] DEBUG org.springframework.beans.factory.support.DefaultListableBeanFactory - Creating shared instance of singleton bean 'eshopController'
17:59:18.547 [main] DEBUG org.springframework.beans.factory.support.DefaultListableBeanFactory - Creating instance of bean 'eshopController'
17:59:18.549 [main] DEBUG org.springframework.beans.factory.annotation.InjectionMetadata - Registered injected element on class [com.soft.controller.EshopController]: AutowiredFieldElement for private com.soft.dao.EshopDAOImpl com.soft.controller.EshopController.eshopDaoImpl
17:59:18.550 [main] DEBUG org.springframework.beans.factory.support.DefaultListableBeanFactory - Eagerly caching bean 'eshopController' to allow for resolving potential circular references
17:59:18.550 [main] TRACE org.springframework.beans.CachedIntrospectionResults - Getting BeanInfo for class [com.soft.controller.EshopController]
17:59:18.550 [main] TRACE org.springframework.beans.CachedIntrospectionResults - Caching PropertyDescriptors for class [com.soft.controller.EshopController]
17:59:18.550 [main] TRACE org.springframework.beans.CachedIntrospectionResults - Found bean property 'class' of type [java.lang.Class]
17:59:18.551 [main] DEBUG org.springframework.beans.factory.annotation.InjectionMetadata - Processing injected element of bean 'eshopController': AutowiredFieldElement for private com.soft.dao.EshopDAOImpl com.soft.controller.EshopController.eshopDaoImpl
17:59:18.551 [main] DEBUG org.springframework.beans.factory.support.DefaultListableBeanFactory - Returning cached instance of singleton bean 'getDevLocaleDAO'
17:59:18.551 [main] DEBUG org.springframework.beans.factory.annotation.AutowiredAnnotationBeanPostProcessor - Autowiring by type from bean name 'eshopController' to bean named 'getDevLocaleDAO'
17:59:18.551 [main] DEBUG org.springframework.beans.factory.support.DefaultListableBeanFactory - Returning cached instance of singleton bean 'org.springframework.transaction.config.internalTransactionAdvisor'
17:59:18.552 [main] DEBUG org.springframework.beans.factory.support.DefaultListableBeanFactory - Finished creating instance of bean 'eshopController'
17:59:18.552 [main] DEBUG org.springframework.beans.factory.support.DefaultListableBeanFactory - Returning cached instance of singleton bean 'messageSource'
17:59:18.552 [main] DEBUG org.springframework.beans.factory.support.DefaultListableBeanFactory - Creating shared instance of singleton bean 'org.springframework.web.servlet.config.annotation.DelegatingWebMvcConfiguration'
17:59:18.552 [main] DEBUG org.springframework.beans.factory.support.DefaultListableBeanFactory - Creating instance of bean 'org.springframework.web.servlet.config.annotation.DelegatingWebMvcConfiguration'
17:59:18.554 [main] TRACE org.springframework.beans.CachedIntrospectionResults - Getting BeanInfo for class [org.springframework.web.servlet.config.annotation.DelegatingWebMvcConfiguration$$EnhancerBySpringCGLIB$$38f91ed5]
17:59:18.556 [main] TRACE org.springframework.beans.CachedIntrospectionResults - Caching PropertyDescriptors for class [org.springframework.web.servlet.config.annotation.DelegatingWebMvcConfiguration$$EnhancerBySpringCGLIB$$38f91ed5]
17:59:18.556 [main] TRACE org.springframework.beans.CachedIntrospectionResults - Found bean property 'applicationContext' of type [org.springframework.context.ApplicationContext]
17:59:18.556 [main] TRACE org.springframework.beans.CachedIntrospectionResults - Found bean property 'beanFactory' of type [org.springframework.beans.factory.BeanFactory]
17:59:18.556 [main] TRACE org.springframework.beans.CachedIntrospectionResults - Found bean property 'class' of type [java.lang.Class]
17:59:18.556 [main] TRACE org.springframework.beans.CachedIntrospectionResults - Found bean property 'configurers' of type [java.util.List]
17:59:18.556 [main] TRACE org.springframework.beans.CachedIntrospectionResults - Found bean property 'servletContext' of type [javax.servlet.ServletContext]
17:59:18.557 [main] DEBUG org.springframework.beans.factory.annotation.InjectionMetadata - Registered injected element on class [org.springframework.web.servlet.config.annotation.DelegatingWebMvcConfiguration$$EnhancerBySpringCGLIB$$38f91ed5]: AutowiredMethodElement for public void org.springframework.web.servlet.config.annotation.DelegatingWebMvcConfiguration.setConfigurers(java.util.List)
17:59:18.565 [main] DEBUG org.springframework.beans.factory.support.DefaultListableBeanFactory - Eagerly caching bean 'org.springframework.web.servlet.config.annotation.DelegatingWebMvcConfiguration' to allow for resolving potential circular references
17:59:18.565 [main] DEBUG org.springframework.beans.factory.annotation.InjectionMetadata - Processing injected element of bean 'org.springframework.web.servlet.config.annotation.DelegatingWebMvcConfiguration': AutowiredMethodElement for public void org.springframework.web.servlet.config.annotation.DelegatingWebMvcConfiguration.setConfigurers(java.util.List)
17:59:18.566 [main] DEBUG org.springframework.beans.factory.support.DefaultListableBeanFactory - Returning cached instance of singleton bean 'appConfig'
17:59:18.577 [main] DEBUG org.springframework.beans.factory.annotation.AutowiredAnnotationBeanPostProcessor - Autowiring by type from bean name 'org.springframework.web.servlet.config.annotation.DelegatingWebMvcConfiguration' to bean named 'appConfig'
17:59:18.578 [main] DEBUG org.springframework.beans.factory.support.DefaultListableBeanFactory - Returning cached instance of singleton bean 'org.springframework.transaction.config.internalTransactionAdvisor'
17:59:18.582 [main] DEBUG org.springframework.beans.factory.support.DefaultListableBeanFactory - Finished creating instance of bean 'org.springframework.web.servlet.config.annotation.DelegatingWebMvcConfiguration'
17:59:18.582 [main] DEBUG org.springframework.beans.factory.support.DefaultListableBeanFactory - Creating shared instance of singleton bean 'requestMappingHandlerMapping'
17:59:18.582 [main] DEBUG org.springframework.beans.factory.support.DefaultListableBeanFactory - Creating instance of bean 'requestMappingHandlerMapping'
17:59:18.583 [main] DEBUG org.springframework.beans.factory.support.DefaultListableBeanFactory - Returning cached instance of singleton bean 'org.springframework.web.servlet.config.annotation.DelegatingWebMvcConfiguration'
17:59:18.655 [main] DEBUG org.springframework.beans.factory.support.DefaultListableBeanFactory - Creating shared instance of singleton bean 'mvcConversionService'
17:59:18.655 [main] DEBUG org.springframework.beans.factory.support.DefaultListableBeanFactory - Creating instance of bean 'mvcConversionService'
17:59:18.655 [main] DEBUG org.springframework.beans.factory.support.DefaultListableBeanFactory - Returning cached instance of singleton bean 'org.springframework.web.servlet.config.annotation.DelegatingWebMvcConfiguration'
17:59:18.717 [main] DEBUG org.springframework.beans.factory.support.DefaultListableBeanFactory - Eagerly caching bean 'mvcConversionService' to allow for resolving potential circular references
17:59:18.718 [main] TRACE org.springframework.beans.CachedIntrospectionResults - Getting BeanInfo for class [org.springframework.format.support.DefaultFormattingConversionService]
17:59:18.726 [main] TRACE org.springframework.beans.CachedIntrospectionResults - Caching PropertyDescriptors for class [org.springframework.format.support.DefaultFormattingConversionService]
17:59:18.726 [main] TRACE org.springframework.beans.CachedIntrospectionResults - Found bean property 'class' of type [java.lang.Class]
17:59:18.726 [main] TRACE org.springframework.beans.CachedIntrospectionResults - Found bean property 'embeddedValueResolver' of type [org.springframework.util.StringValueResolver]
17:59:18.727 [main] DEBUG org.springframework.beans.factory.support.DefaultListableBeanFactory - Returning cached instance of singleton bean 'org.springframework.transaction.config.internalTransactionAdvisor'
17:59:18.728 [main] DEBUG org.springframework.beans.factory.support.DefaultListableBeanFactory - Finished creating instance of bean 'mvcConversionService'
17:59:18.729 [main] DEBUG org.springframework.beans.factory.support.DefaultListableBeanFactory - Creating shared instance of singleton bean 'mvcResourceUrlProvider'
17:59:18.729 [main] DEBUG org.springframework.beans.factory.support.DefaultListableBeanFactory - Creating instance of bean 'mvcResourceUrlProvider'
17:59:18.729 [main] DEBUG org.springframework.beans.factory.support.DefaultListableBeanFactory - Returning cached instance of singleton bean 'org.springframework.web.servlet.config.annotation.DelegatingWebMvcConfiguration'
17:59:18.730 [main] DEBUG org.springframework.beans.factory.support.DefaultListableBeanFactory - Eagerly caching bean 'mvcResourceUrlProvider' to allow for resolving potential circular references
17:59:18.730 [main] TRACE org.springframework.beans.CachedIntrospectionResults - Getting BeanInfo for class [org.springframework.web.servlet.resource.ResourceUrlProvider]
17:59:18.733 [main] TRACE org.springframework.beans.CachedIntrospectionResults - Caching PropertyDescriptors for class [org.springframework.web.servlet.resource.ResourceUrlProvider]
17:59:18.733 [main] TRACE org.springframework.beans.CachedIntrospectionResults - Found bean property 'autodetect' of type [boolean]
17:59:18.733 [main] TRACE org.springframework.beans.CachedIntrospectionResults - Found bean property 'class' of type [java.lang.Class]
17:59:18.733 [main] TRACE org.springframework.beans.CachedIntrospectionResults - Found bean property 'handlerMap' of type [java.util.Map]
17:59:18.733 [main] TRACE org.springframework.beans.CachedIntrospectionResults - Found bean property 'pathMatcher' of type [org.springframework.util.PathMatcher]
17:59:18.743 [main] TRACE org.springframework.beans.CachedIntrospectionResults - Found bean property 'urlPathHelper' of type [org.springframework.web.util.UrlPathHelper]
17:59:18.743 [main] DEBUG org.springframework.beans.factory.support.DefaultListableBeanFactory - Returning cached instance of singleton bean 'org.springframework.transaction.config.internalTransactionAdvisor'
17:59:18.747 [main] DEBUG org.springframework.beans.factory.support.DefaultListableBeanFactory - Finished creating instance of bean 'mvcResourceUrlProvider'
17:59:18.750 [main] DEBUG org.springframework.beans.factory.support.DefaultListableBeanFactory - Creating shared instance of singleton bean 'mvcContentNegotiationManager'
17:59:18.750 [main] DEBUG org.springframework.beans.factory.support.DefaultListableBeanFactory - Creating instance of bean 'mvcContentNegotiationManager'
17:59:18.751 [main] DEBUG org.springframework.beans.factory.support.DefaultListableBeanFactory - Returning cached instance of singleton bean 'org.springframework.web.servlet.config.annotation.DelegatingWebMvcConfiguration'
17:59:18.753 [main] DEBUG org.springframework.beans.factory.support.DefaultListableBeanFactory - Eagerly caching bean 'mvcContentNegotiationManager' to allow for resolving potential circular references
17:59:18.755 [main] TRACE org.springframework.beans.CachedIntrospectionResults - Getting BeanInfo for class [org.springframework.web.accept.ContentNegotiationManager]
17:59:18.758 [main] TRACE org.springframework.beans.CachedIntrospectionResults - Caching PropertyDescriptors for class [org.springframework.web.accept.ContentNegotiationManager]
17:59:18.758 [main] TRACE org.springframework.beans.CachedIntrospectionResults - Found bean property 'allFileExtensions' of type [java.util.List]
17:59:18.759 [main] TRACE org.springframework.beans.CachedIntrospectionResults - Found bean property 'class' of type [java.lang.Class]
17:59:18.759 [main] TRACE org.springframework.beans.CachedIntrospectionResults - Found bean property 'strategies' of type [java.util.List]
17:59:18.759 [main] DEBUG org.springframework.beans.factory.support.DefaultListableBeanFactory - Returning cached instance of singleton bean 'org.springframework.transaction.config.internalTransactionAdvisor'
17:59:18.762 [main] DEBUG org.springframework.beans.factory.support.DefaultListableBeanFactory - Finished creating instance of bean 'mvcContentNegotiationManager'
17:59:18.767 [main] DEBUG org.springframework.beans.factory.support.DefaultListableBeanFactory - Eagerly caching bean 'requestMappingHandlerMapping' to allow for resolving potential circular references
17:59:18.767 [main] TRACE org.springframework.beans.CachedIntrospectionResults - Getting BeanInfo for class [org.springframework.web.servlet.mvc.method.annotation.RequestMappingHandlerMapping]
17:59:18.771 [main] TRACE org.springframework.beans.CachedIntrospectionResults - Caching PropertyDescriptors for class [org.springframework.web.servlet.mvc.method.annotation.RequestMappingHandlerMapping]
17:59:18.771 [main] TRACE org.springframework.beans.CachedIntrospectionResults - Found bean property 'alwaysUseFullPath' of type [boolean]
17:59:18.771 [main] TRACE org.springframework.beans.CachedIntrospectionResults - Found bean property 'applicationContext' of type [org.springframework.context.ApplicationContext]
17:59:18.771 [main] TRACE org.springframework.beans.CachedIntrospectionResults - Found bean property 'class' of type [java.lang.Class]
17:59:18.771 [main] TRACE org.springframework.beans.CachedIntrospectionResults - Found bean property 'contentNegotiationManager' of type [org.springframework.web.accept.ContentNegotiationManager]
17:59:18.773 [main] TRACE org.springframework.beans.CachedIntrospectionResults - Found bean property 'corsConfigurations' of type [java.util.Map]
17:59:18.774 [main] TRACE org.springframework.beans.CachedIntrospectionResults - Found bean property 'corsProcessor' of type [org.springframework.web.cors.CorsProcessor]
17:59:18.774 [main] TRACE org.springframework.beans.CachedIntrospectionResults - Found bean property 'defaultHandler' of type [java.lang.Object]
17:59:18.774 [main] TRACE org.springframework.beans.CachedIntrospectionResults - Found bean property 'detectHandlerMethodsInAncestorContexts' of type [boolean]
17:59:18.774 [main] TRACE org.springframework.beans.CachedIntrospectionResults - Found bean property 'embeddedValueResolver' of type [org.springframework.util.StringValueResolver]
17:59:18.774 [main] TRACE org.springframework.beans.CachedIntrospectionResults - Found bean property 'fileExtensions' of type [java.util.List]
17:59:18.774 [main] TRACE org.springframework.beans.CachedIntrospectionResults - Found bean property 'handlerMethodMappingNamingStrategy' of type [org.springframework.web.servlet.handler.HandlerMethodMappingNamingStrategy]
17:59:18.779 [main] TRACE org.springframework.beans.CachedIntrospectionResults - Found bean property 'handlerMethods' of type [java.util.Map]
17:59:18.782 [main] TRACE org.springframework.beans.CachedIntrospectionResults - Found bean property 'interceptors' of type [[Ljava.lang.Object;]
17:59:18.782 [main] TRACE org.springframework.beans.CachedIntrospectionResults - Found bean property 'namingStrategy' of type [org.springframework.web.servlet.handler.HandlerMethodMappingNamingStrategy]
17:59:18.782 [main] TRACE org.springframework.beans.CachedIntrospectionResults - Found bean property 'order' of type [int]
17:59:18.782 [main] TRACE org.springframework.beans.CachedIntrospectionResults - Found bean property 'pathMatcher' of type [org.springframework.util.PathMatcher]
17:59:18.782 [main] TRACE org.springframework.beans.CachedIntrospectionResults - Found bean property 'removeSemicolonContent' of type [boolean]
17:59:18.782 [main] TRACE org.springframework.beans.CachedIntrospectionResults - Found bean property 'servletContext' of type [javax.servlet.ServletContext]
17:59:18.782 [main] TRACE org.springframework.beans.CachedIntrospectionResults - Found bean property 'urlDecode' of type [boolean]
17:59:18.782 [main] TRACE org.springframework.beans.CachedIntrospectionResults - Found bean property 'urlPathHelper' of type [org.springframework.web.util.UrlPathHelper]
17:59:18.782 [main] TRACE org.springframework.beans.CachedIntrospectionResults - Found bean property 'useRegisteredSuffixPatternMatch' of type [boolean]
17:59:18.782 [main] TRACE org.springframework.beans.CachedIntrospectionResults - Found bean property 'useSuffixPatternMatch' of type [boolean]
17:59:18.782 [main] TRACE org.springframework.beans.CachedIntrospectionResults - Found bean property 'useTrailingSlashMatch' of type [boolean]
17:59:18.785 [main] DEBUG org.springframework.beans.factory.support.DefaultListableBeanFactory - Invoking afterPropertiesSet() on bean with name 'requestMappingHandlerMapping'
17:59:18.785 [main] DEBUG org.springframework.web.servlet.mvc.method.annotation.RequestMappingHandlerMapping - Looking for request mappings in application context: org.springframework.web.context.support.GenericWebApplicationContext@38145825: startup date [Mon Feb 10 17:59:16 MSK 2020]; root of context hierarchy
17:59:18.809 [main] DEBUG org.springframework.web.servlet.mvc.method.annotation.RequestMappingHandlerMapping - 3 request handler methods found on class com.soft.controller.EshopController: {public void com.soft.controller.EshopController.showImage(javax.servlet.http.HttpServletRequest,javax.servlet.http.HttpServletResponse) throws java.io.IOException={[/image],methods=[GET]}, public java.lang.String com.soft.controller.EshopController.renderCatalogContent(org.springframework.ui.ModelMap,javax.servlet.http.HttpServletRequest,javax.servlet.http.HttpServletResponse) throws java.io.IOException={[/list],methods=[GET]}, public java.lang.String com.soft.controller.EshopController.renderHomePage(org.springframework.ui.ModelMap,javax.servlet.http.HttpServletRequest)={[/home.html],methods=[GET]}}
17:59:18.809 [main] INFO  org.springframework.web.servlet.mvc.method.annotation.RequestMappingHandlerMapping - Mapped "{[/image],methods=[GET]}" onto public void com.soft.controller.EshopController.showImage(javax.servlet.http.HttpServletRequest,javax.servlet.http.HttpServletResponse) throws java.io.IOException
17:59:18.809 [main] TRACE org.springframework.web.servlet.mvc.method.annotation.RequestMappingHandlerMapping - Mapping name 'EC#showImage'
17:59:18.810 [main] INFO  org.springframework.web.servlet.mvc.method.annotation.RequestMappingHandlerMapping - Mapped "{[/list],methods=[GET]}" onto public java.lang.String com.soft.controller.EshopController.renderCatalogContent(org.springframework.ui.ModelMap,javax.servlet.http.HttpServletRequest,javax.servlet.http.HttpServletResponse) throws java.io.IOException
17:59:18.810 [main] TRACE org.springframework.web.servlet.mvc.method.annotation.RequestMappingHandlerMapping - Mapping name 'EC#renderCatalogContent'
17:59:18.810 [main] INFO  org.springframework.web.servlet.mvc.method.annotation.RequestMappingHandlerMapping - Mapped "{[/home.html],methods=[GET]}" onto public java.lang.String com.soft.controller.EshopController.renderHomePage(org.springframework.ui.ModelMap,javax.servlet.http.HttpServletRequest)
17:59:18.810 [main] TRACE org.springframework.web.servlet.mvc.method.annotation.RequestMappingHandlerMapping - Mapping name 'EC#renderHomePage'
17:59:18.811 [main] DEBUG org.springframework.beans.factory.support.DefaultListableBeanFactory - Returning cached instance of singleton bean 'org.springframework.transaction.config.internalTransactionAdvisor'
17:59:18.813 [main] DEBUG org.springframework.beans.factory.support.DefaultListableBeanFactory - Finished creating instance of bean 'requestMappingHandlerMapping'
17:59:18.813 [main] DEBUG org.springframework.beans.factory.support.DefaultListableBeanFactory - Creating shared instance of singleton bean 'mvcPathMatcher'
17:59:18.813 [main] DEBUG org.springframework.beans.factory.support.DefaultListableBeanFactory - Creating instance of bean 'mvcPathMatcher'
17:59:18.813 [main] DEBUG org.springframework.beans.factory.support.DefaultListableBeanFactory - Returning cached instance of singleton bean 'org.springframework.web.servlet.config.annotation.DelegatingWebMvcConfiguration'
17:59:18.814 [main] DEBUG org.springframework.beans.factory.support.DefaultListableBeanFactory - Eagerly caching bean 'mvcPathMatcher' to allow for resolving potential circular references
17:59:18.814 [main] TRACE org.springframework.beans.CachedIntrospectionResults - Getting BeanInfo for class [org.springframework.util.AntPathMatcher]
17:59:18.815 [main] TRACE org.springframework.beans.CachedIntrospectionResults - Caching PropertyDescriptors for class [org.springframework.util.AntPathMatcher]
17:59:18.815 [main] TRACE org.springframework.beans.CachedIntrospectionResults - Found bean property 'cachePatterns' of type [boolean]
17:59:18.816 [main] TRACE org.springframework.beans.CachedIntrospectionResults - Found bean property 'caseSensitive' of type [boolean]
17:59:18.820 [main] TRACE org.springframework.beans.CachedIntrospectionResults - Found bean property 'class' of type [java.lang.Class]
17:59:18.820 [main] TRACE org.springframework.beans.CachedIntrospectionResults - Found bean property 'pathSeparator' of type [java.lang.String]
17:59:18.820 [main] TRACE org.springframework.beans.CachedIntrospectionResults - Found bean property 'trimTokens' of type [boolean]
17:59:18.821 [main] DEBUG org.springframework.beans.factory.support.DefaultListableBeanFactory - Returning cached instance of singleton bean 'org.springframework.transaction.config.internalTransactionAdvisor'
17:59:18.821 [main] DEBUG org.springframework.beans.factory.support.DefaultListableBeanFactory - Finished creating instance of bean 'mvcPathMatcher'
17:59:18.821 [main] DEBUG org.springframework.beans.factory.support.DefaultListableBeanFactory - Creating shared instance of singleton bean 'mvcUrlPathHelper'
17:59:18.821 [main] DEBUG org.springframework.beans.factory.support.DefaultListableBeanFactory - Creating instance of bean 'mvcUrlPathHelper'
17:59:18.821 [main] DEBUG org.springframework.beans.factory.support.DefaultListableBeanFactory - Returning cached instance of singleton bean 'org.springframework.web.servlet.config.annotation.DelegatingWebMvcConfiguration'
17:59:18.822 [main] DEBUG org.springframework.beans.factory.support.DefaultListableBeanFactory - Eagerly caching bean 'mvcUrlPathHelper' to allow for resolving potential circular references
17:59:18.823 [main] TRACE org.springframework.beans.CachedIntrospectionResults - Getting BeanInfo for class [org.springframework.web.util.UrlPathHelper]
17:59:18.824 [main] TRACE org.springframework.beans.CachedIntrospectionResults - Caching PropertyDescriptors for class [org.springframework.web.util.UrlPathHelper]
17:59:18.824 [main] TRACE org.springframework.beans.CachedIntrospectionResults - Found bean property 'alwaysUseFullPath' of type [boolean]
17:59:18.824 [main] TRACE org.springframework.beans.CachedIntrospectionResults - Found bean property 'class' of type [java.lang.Class]
17:59:18.824 [main] TRACE org.springframework.beans.CachedIntrospectionResults - Found bean property 'defaultEncoding' of type [java.lang.String]
17:59:18.824 [main] TRACE org.springframework.beans.CachedIntrospectionResults - Found bean property 'removeSemicolonContent' of type [boolean]
17:59:18.825 [main] TRACE org.springframework.beans.CachedIntrospectionResults - Found bean property 'urlDecode' of type [boolean]
17:59:18.828 [main] DEBUG org.springframework.beans.factory.support.DefaultListableBeanFactory - Returning cached instance of singleton bean 'org.springframework.transaction.config.internalTransactionAdvisor'
17:59:18.828 [main] DEBUG org.springframework.beans.factory.support.DefaultListableBeanFactory - Finished creating instance of bean 'mvcUrlPathHelper'
17:59:18.828 [main] DEBUG org.springframework.beans.factory.support.DefaultListableBeanFactory - Returning cached instance of singleton bean 'mvcContentNegotiationManager'
17:59:18.828 [main] DEBUG org.springframework.beans.factory.support.DefaultListableBeanFactory - Creating shared instance of singleton bean 'viewControllerHandlerMapping'
17:59:18.828 [main] DEBUG org.springframework.beans.factory.support.DefaultListableBeanFactory - Creating instance of bean 'viewControllerHandlerMapping'
17:59:18.828 [main] DEBUG org.springframework.beans.factory.support.DefaultListableBeanFactory - Returning cached instance of singleton bean 'org.springframework.web.servlet.config.annotation.DelegatingWebMvcConfiguration'
17:59:18.829 [main] DEBUG org.springframework.beans.factory.support.DefaultListableBeanFactory - Returning cached instance of singleton bean 'mvcPathMatcher'
17:59:18.829 [main] DEBUG org.springframework.beans.factory.support.DefaultListableBeanFactory - Returning cached instance of singleton bean 'mvcUrlPathHelper'
17:59:18.829 [main] DEBUG org.springframework.beans.factory.support.DefaultListableBeanFactory - Eagerly caching bean 'viewControllerHandlerMapping' to allow for resolving potential circular references
17:59:18.830 [main] TRACE org.springframework.beans.CachedIntrospectionResults - Getting BeanInfo for class [org.springframework.web.servlet.config.annotation.WebMvcConfigurationSupport$EmptyHandlerMapping]
17:59:18.830 [main] TRACE org.springframework.beans.CachedIntrospectionResults - Caching PropertyDescriptors for class [org.springframework.web.servlet.config.annotation.WebMvcConfigurationSupport$EmptyHandlerMapping]
17:59:18.830 [main] TRACE org.springframework.beans.CachedIntrospectionResults - Found bean property 'alwaysUseFullPath' of type [boolean]
17:59:18.831 [main] TRACE org.springframework.beans.CachedIntrospectionResults - Found bean property 'applicationContext' of type [org.springframework.context.ApplicationContext]
17:59:18.831 [main] TRACE org.springframework.beans.CachedIntrospectionResults - Found bean property 'class' of type [java.lang.Class]
17:59:18.831 [main] TRACE org.springframework.beans.CachedIntrospectionResults - Found bean property 'corsConfigurations' of type [java.util.Map]
17:59:18.832 [main] TRACE org.springframework.beans.CachedIntrospectionResults - Found bean property 'corsProcessor' of type [org.springframework.web.cors.CorsProcessor]
17:59:18.832 [main] TRACE org.springframework.beans.CachedIntrospectionResults - Found bean property 'defaultHandler' of type [java.lang.Object]
17:59:18.832 [main] TRACE org.springframework.beans.CachedIntrospectionResults - Found bean property 'interceptors' of type [[Ljava.lang.Object;]
17:59:18.832 [main] TRACE org.springframework.beans.CachedIntrospectionResults - Found bean property 'order' of type [int]
17:59:18.832 [main] TRACE org.springframework.beans.CachedIntrospectionResults - Found bean property 'pathMatcher' of type [org.springframework.util.PathMatcher]
17:59:18.832 [main] TRACE org.springframework.beans.CachedIntrospectionResults - Found bean property 'removeSemicolonContent' of type [boolean]
17:59:18.832 [main] TRACE org.springframework.beans.CachedIntrospectionResults - Found bean property 'servletContext' of type [javax.servlet.ServletContext]
17:59:18.832 [main] TRACE org.springframework.beans.CachedIntrospectionResults - Found bean property 'urlDecode' of type [boolean]
17:59:18.832 [main] TRACE org.springframework.beans.CachedIntrospectionResults - Found bean property 'urlPathHelper' of type [org.springframework.web.util.UrlPathHelper]
17:59:18.834 [main] DEBUG org.springframework.beans.factory.support.DefaultListableBeanFactory - Returning cached instance of singleton bean 'org.springframework.transaction.config.internalTransactionAdvisor'
17:59:18.845 [main] DEBUG org.springframework.beans.factory.support.DefaultListableBeanFactory - Finished creating instance of bean 'viewControllerHandlerMapping'
17:59:18.845 [main] DEBUG org.springframework.beans.factory.support.DefaultListableBeanFactory - Creating shared instance of singleton bean 'beanNameHandlerMapping'
17:59:18.845 [main] DEBUG org.springframework.beans.factory.support.DefaultListableBeanFactory - Creating instance of bean 'beanNameHandlerMapping'
17:59:18.846 [main] DEBUG org.springframework.beans.factory.support.DefaultListableBeanFactory - Returning cached instance of singleton bean 'org.springframework.web.servlet.config.annotation.DelegatingWebMvcConfiguration'
17:59:18.847 [main] DEBUG org.springframework.beans.factory.support.DefaultListableBeanFactory - Eagerly caching bean 'beanNameHandlerMapping' to allow for resolving potential circular references
17:59:18.847 [main] TRACE org.springframework.beans.CachedIntrospectionResults - Getting BeanInfo for class [org.springframework.web.servlet.handler.BeanNameUrlHandlerMapping]
17:59:18.851 [main] TRACE org.springframework.beans.CachedIntrospectionResults - Caching PropertyDescriptors for class [org.springframework.web.servlet.handler.BeanNameUrlHandlerMapping]
17:59:18.853 [main] TRACE org.springframework.beans.CachedIntrospectionResults - Found bean property 'alwaysUseFullPath' of type [boolean]
17:59:18.854 [main] TRACE org.springframework.beans.CachedIntrospectionResults - Found bean property 'applicationContext' of type [org.springframework.context.ApplicationContext]
17:59:18.854 [main] TRACE org.springframework.beans.CachedIntrospectionResults - Found bean property 'class' of type [java.lang.Class]
17:59:18.858 [main] TRACE org.springframework.beans.CachedIntrospectionResults - Found bean property 'corsConfigurations' of type [java.util.Map]
17:59:18.863 [main] TRACE org.springframework.beans.CachedIntrospectionResults - Found bean property 'corsProcessor' of type [org.springframework.web.cors.CorsProcessor]
17:59:18.863 [main] TRACE org.springframework.beans.CachedIntrospectionResults - Found bean property 'defaultHandler' of type [java.lang.Object]
17:59:18.863 [main] TRACE org.springframework.beans.CachedIntrospectionResults - Found bean property 'detectHandlersInAncestorContexts' of type [boolean]
17:59:18.863 [main] TRACE org.springframework.beans.CachedIntrospectionResults - Found bean property 'handlerMap' of type [java.util.Map]
17:59:18.863 [main] TRACE org.springframework.beans.CachedIntrospectionResults - Found bean property 'interceptors' of type [[Ljava.lang.Object;]
17:59:18.867 [main] TRACE org.springframework.beans.CachedIntrospectionResults - Found bean property 'lazyInitHandlers' of type [boolean]
17:59:18.867 [main] TRACE org.springframework.beans.CachedIntrospectionResults - Found bean property 'order' of type [int]
17:59:18.867 [main] TRACE org.springframework.beans.CachedIntrospectionResults - Found bean property 'pathMatcher' of type [org.springframework.util.PathMatcher]
17:59:18.868 [main] TRACE org.springframework.beans.CachedIntrospectionResults - Found bean property 'removeSemicolonContent' of type [boolean]
17:59:18.868 [main] TRACE org.springframework.beans.CachedIntrospectionResults - Found bean property 'rootHandler' of type [java.lang.Object]
17:59:18.868 [main] TRACE org.springframework.beans.CachedIntrospectionResults - Found bean property 'servletContext' of type [javax.servlet.ServletContext]
17:59:18.868 [main] TRACE org.springframework.beans.CachedIntrospectionResults - Found bean property 'urlDecode' of type [boolean]
17:59:18.868 [main] TRACE org.springframework.beans.CachedIntrospectionResults - Found bean property 'urlPathHelper' of type [org.springframework.web.util.UrlPathHelper]
17:59:18.868 [main] TRACE org.springframework.beans.CachedIntrospectionResults - Found bean property 'useTrailingSlashMatch' of type [boolean]
17:59:18.871 [main] DEBUG org.springframework.web.servlet.handler.BeanNameUrlHandlerMapping - Looking for URL mappings in application context: org.springframework.web.context.support.GenericWebApplicationContext@38145825: startup date [Mon Feb 10 17:59:16 MSK 2020]; root of context hierarchy
17:59:18.872 [main] DEBUG org.springframework.web.servlet.handler.BeanNameUrlHandlerMapping - Rejected bean name 'org.springframework.context.annotation.internalConfigurationAnnotationProcessor': no URL paths identified
17:59:18.872 [main] DEBUG org.springframework.web.servlet.handler.BeanNameUrlHandlerMapping - Rejected bean name 'org.springframework.context.annotation.internalAutowiredAnnotationProcessor': no URL paths identified
17:59:18.872 [main] DEBUG org.springframework.web.servlet.handler.BeanNameUrlHandlerMapping - Rejected bean name 'org.springframework.context.annotation.internalRequiredAnnotationProcessor': no URL paths identified
17:59:18.872 [main] DEBUG org.springframework.web.servlet.handler.BeanNameUrlHandlerMapping - Rejected bean name 'org.springframework.context.annotation.internalCommonAnnotationProcessor': no URL paths identified
17:59:18.872 [main] DEBUG org.springframework.web.servlet.handler.BeanNameUrlHandlerMapping - Rejected bean name 'org.springframework.context.annotation.internalPersistenceAnnotationProcessor': no URL paths identified
17:59:18.872 [main] DEBUG org.springframework.web.servlet.handler.BeanNameUrlHandlerMapping - Rejected bean name 'org.springframework.context.event.internalEventListenerProcessor': no URL paths identified
17:59:18.872 [main] DEBUG org.springframework.web.servlet.handler.BeanNameUrlHandlerMapping - Rejected bean name 'org.springframework.context.event.internalEventListenerFactory': no URL paths identified
17:59:18.872 [main] DEBUG org.springframework.web.servlet.handler.BeanNameUrlHandlerMapping - Rejected bean name 'appConfig': no URL paths identified
17:59:18.872 [main] DEBUG org.springframework.web.servlet.handler.BeanNameUrlHandlerMapping - Rejected bean name 'dataAccessConfig': no URL paths identified
17:59:18.872 [main] DEBUG org.springframework.web.servlet.handler.BeanNameUrlHandlerMapping - Rejected bean name 'eshopController': no URL paths identified
17:59:18.872 [main] DEBUG org.springframework.web.servlet.handler.BeanNameUrlHandlerMapping - Rejected bean name 'messageSource': no URL paths identified
17:59:18.872 [main] DEBUG org.springframework.web.servlet.handler.BeanNameUrlHandlerMapping - Rejected bean name 'org.springframework.web.servlet.config.annotation.DelegatingWebMvcConfiguration': no URL paths identified
17:59:18.872 [main] DEBUG org.springframework.web.servlet.handler.BeanNameUrlHandlerMapping - Rejected bean name 'requestMappingHandlerMapping': no URL paths identified
17:59:18.872 [main] DEBUG org.springframework.web.servlet.handler.BeanNameUrlHandlerMapping - Rejected bean name 'mvcPathMatcher': no URL paths identified
17:59:18.872 [main] DEBUG org.springframework.web.servlet.handler.BeanNameUrlHandlerMapping - Rejected bean name 'mvcUrlPathHelper': no URL paths identified
17:59:18.872 [main] DEBUG org.springframework.web.servlet.handler.BeanNameUrlHandlerMapping - Rejected bean name 'mvcContentNegotiationManager': no URL paths identified
17:59:18.872 [main] DEBUG org.springframework.web.servlet.handler.BeanNameUrlHandlerMapping - Rejected bean name 'viewControllerHandlerMapping': no URL paths identified
17:59:18.872 [main] DEBUG org.springframework.web.servlet.handler.BeanNameUrlHandlerMapping - Rejected bean name 'beanNameHandlerMapping': no URL paths identified
17:59:18.872 [main] DEBUG org.springframework.web.servlet.handler.BeanNameUrlHandlerMapping - Rejected bean name 'resourceHandlerMapping': no URL paths identified
17:59:18.872 [main] DEBUG org.springframework.web.servlet.handler.BeanNameUrlHandlerMapping - Rejected bean name 'mvcResourceUrlProvider': no URL paths identified
17:59:18.872 [main] DEBUG org.springframework.web.servlet.handler.BeanNameUrlHandlerMapping - Rejected bean name 'defaultServletHandlerMapping': no URL paths identified
17:59:18.872 [main] DEBUG org.springframework.web.servlet.handler.BeanNameUrlHandlerMapping - Rejected bean name 'requestMappingHandlerAdapter': no URL paths identified
17:59:18.872 [main] DEBUG org.springframework.web.servlet.handler.BeanNameUrlHandlerMapping - Rejected bean name 'mvcConversionService': no URL paths identified
17:59:18.872 [main] DEBUG org.springframework.web.servlet.handler.BeanNameUrlHandlerMapping - Rejected bean name 'mvcValidator': no URL paths identified
17:59:18.872 [main] DEBUG org.springframework.web.servlet.handler.BeanNameUrlHandlerMapping - Rejected bean name 'mvcUriComponentsContributor': no URL paths identified
17:59:18.872 [main] DEBUG org.springframework.web.servlet.handler.BeanNameUrlHandlerMapping - Rejected bean name 'httpRequestHandlerAdapter': no URL paths identified
17:59:18.872 [main] DEBUG org.springframework.web.servlet.handler.BeanNameUrlHandlerMapping - Rejected bean name 'simpleControllerHandlerAdapter': no URL paths identified
17:59:18.872 [main] DEBUG org.springframework.web.servlet.handler.BeanNameUrlHandlerMapping - Rejected bean name 'handlerExceptionResolver': no URL paths identified
17:59:18.872 [main] DEBUG org.springframework.web.servlet.handler.BeanNameUrlHandlerMapping - Rejected bean name 'mvcViewResolver': no URL paths identified
17:59:18.872 [main] DEBUG org.springframework.web.servlet.handler.BeanNameUrlHandlerMapping - Rejected bean name 'mvcHandlerMappingIntrospector': no URL paths identified
17:59:18.873 [main] DEBUG org.springframework.web.servlet.handler.BeanNameUrlHandlerMapping - Rejected bean name 'viewResolver': no URL paths identified
17:59:18.873 [main] DEBUG org.springframework.web.servlet.handler.BeanNameUrlHandlerMapping - Rejected bean name 'templateEngine': no URL paths identified
17:59:18.873 [main] DEBUG org.springframework.web.servlet.handler.BeanNameUrlHandlerMapping - Rejected bean name 'templateResolver': no URL paths identified
17:59:18.873 [main] DEBUG org.springframework.web.servlet.handler.BeanNameUrlHandlerMapping - Rejected bean name 'localeResolver': no URL paths identified
17:59:18.873 [main] DEBUG org.springframework.web.servlet.handler.BeanNameUrlHandlerMapping - Rejected bean name 'org.springframework.transaction.annotation.ProxyTransactionManagementConfiguration': no URL paths identified
17:59:18.873 [main] DEBUG org.springframework.web.servlet.handler.BeanNameUrlHandlerMapping - Rejected bean name 'org.springframework.transaction.config.internalTransactionAdvisor': no URL paths identified
17:59:18.873 [main] DEBUG org.springframework.web.servlet.handler.BeanNameUrlHandlerMapping - Rejected bean name 'transactionAttributeSource': no URL paths identified
17:59:18.873 [main] DEBUG org.springframework.web.servlet.handler.BeanNameUrlHandlerMapping - Rejected bean name 'transactionInterceptor': no URL paths identified
17:59:18.873 [main] DEBUG org.springframework.web.servlet.handler.BeanNameUrlHandlerMapping - Rejected bean name 'org.springframework.transaction.config.internalTransactionalEventListenerFactory': no URL paths identified
17:59:18.873 [main] DEBUG org.springframework.web.servlet.handler.BeanNameUrlHandlerMapping - Rejected bean name 'DataSourceBean': no URL paths identified
17:59:18.873 [main] DEBUG org.springframework.web.servlet.handler.BeanNameUrlHandlerMapping - Rejected bean name 'SessionFactory': no URL paths identified
17:59:18.875 [main] DEBUG org.springframework.web.servlet.handler.BeanNameUrlHandlerMapping - Rejected bean name 'getDevLocaleDAO': no URL paths identified
17:59:18.875 [main] DEBUG org.springframework.web.servlet.handler.BeanNameUrlHandlerMapping - Rejected bean name 'transactionManager': no URL paths identified
17:59:18.875 [main] DEBUG org.springframework.web.servlet.handler.BeanNameUrlHandlerMapping - Rejected bean name 'org.springframework.aop.config.internalAutoProxyCreator': no URL paths identified
17:59:18.875 [main] DEBUG org.springframework.web.servlet.handler.BeanNameUrlHandlerMapping - Rejected bean name 'environment': no URL paths identified
17:59:18.875 [main] DEBUG org.springframework.web.servlet.handler.BeanNameUrlHandlerMapping - Rejected bean name 'systemProperties': no URL paths identified
17:59:18.875 [main] DEBUG org.springframework.web.servlet.handler.BeanNameUrlHandlerMapping - Rejected bean name 'systemEnvironment': no URL paths identified
17:59:18.875 [main] DEBUG org.springframework.web.servlet.handler.BeanNameUrlHandlerMapping - Rejected bean name 'servletContext': no URL paths identified
17:59:18.875 [main] DEBUG org.springframework.web.servlet.handler.BeanNameUrlHandlerMapping - Rejected bean name 'contextParameters': no URL paths identified
17:59:18.875 [main] DEBUG org.springframework.web.servlet.handler.BeanNameUrlHandlerMapping - Rejected bean name 'contextAttributes': no URL paths identified
17:59:18.875 [main] DEBUG org.springframework.web.servlet.handler.BeanNameUrlHandlerMapping - Rejected bean name 'org.springframework.context.annotation.ConfigurationClassPostProcessor.importRegistry': no URL paths identified
17:59:18.875 [main] DEBUG org.springframework.web.servlet.handler.BeanNameUrlHandlerMapping - Rejected bean name 'applicationEventMulticaster': no URL paths identified
17:59:18.875 [main] DEBUG org.springframework.beans.factory.support.DefaultListableBeanFactory - Returning cached instance of singleton bean 'org.springframework.transaction.config.internalTransactionAdvisor'
17:59:18.876 [main] DEBUG org.springframework.beans.factory.support.DefaultListableBeanFactory - Finished creating instance of bean 'beanNameHandlerMapping'
17:59:18.876 [main] DEBUG org.springframework.beans.factory.support.DefaultListableBeanFactory - Creating shared instance of singleton bean 'resourceHandlerMapping'
17:59:18.876 [main] DEBUG org.springframework.beans.factory.support.DefaultListableBeanFactory - Creating instance of bean 'resourceHandlerMapping'
17:59:18.876 [main] DEBUG org.springframework.beans.factory.support.DefaultListableBeanFactory - Returning cached instance of singleton bean 'org.springframework.web.servlet.config.annotation.DelegatingWebMvcConfiguration'
17:59:18.877 [main] DEBUG org.springframework.beans.factory.support.DefaultListableBeanFactory - Returning cached instance of singleton bean 'mvcContentNegotiationManager'
17:59:18.877 [main] DEBUG org.springframework.beans.factory.support.DefaultListableBeanFactory - Returning cached instance of singleton bean 'mvcUrlPathHelper'
17:59:18.888 [main] DEBUG org.springframework.beans.factory.support.DefaultListableBeanFactory - Returning cached instance of singleton bean 'mvcPathMatcher'
17:59:18.888 [main] DEBUG org.springframework.beans.factory.support.DefaultListableBeanFactory - Returning cached instance of singleton bean 'mvcUrlPathHelper'
17:59:18.889 [main] DEBUG org.springframework.beans.factory.support.DefaultListableBeanFactory - Eagerly caching bean 'resourceHandlerMapping' to allow for resolving potential circular references
17:59:18.889 [main] TRACE org.springframework.beans.CachedIntrospectionResults - Getting BeanInfo for class [org.springframework.web.servlet.handler.SimpleUrlHandlerMapping]
17:59:18.890 [main] TRACE org.springframework.beans.CachedIntrospectionResults - Caching PropertyDescriptors for class [org.springframework.web.servlet.handler.SimpleUrlHandlerMapping]
17:59:18.890 [main] TRACE org.springframework.beans.CachedIntrospectionResults - Found bean property 'alwaysUseFullPath' of type [boolean]
17:59:18.890 [main] TRACE org.springframework.beans.CachedIntrospectionResults - Found bean property 'applicationContext' of type [org.springframework.context.ApplicationContext]
17:59:18.890 [main] TRACE org.springframework.beans.CachedIntrospectionResults - Found bean property 'class' of type [java.lang.Class]
17:59:18.890 [main] TRACE org.springframework.beans.CachedIntrospectionResults - Found bean property 'corsConfigurations' of type [java.util.Map]
17:59:18.890 [main] TRACE org.springframework.beans.CachedIntrospectionResults - Found bean property 'corsProcessor' of type [org.springframework.web.cors.CorsProcessor]
17:59:18.890 [main] TRACE org.springframework.beans.CachedIntrospectionResults - Found bean property 'defaultHandler' of type [java.lang.Object]
17:59:18.890 [main] TRACE org.springframework.beans.CachedIntrospectionResults - Found bean property 'handlerMap' of type [java.util.Map]
17:59:18.890 [main] TRACE org.springframework.beans.CachedIntrospectionResults - Found bean property 'interceptors' of type [[Ljava.lang.Object;]
17:59:18.890 [main] TRACE org.springframework.beans.CachedIntrospectionResults - Found bean property 'lazyInitHandlers' of type [boolean]
17:59:18.890 [main] TRACE org.springframework.beans.CachedIntrospectionResults - Found bean property 'mappings' of type [java.util.Properties]
17:59:18.890 [main] TRACE org.springframework.beans.CachedIntrospectionResults - Found bean property 'order' of type [int]
17:59:18.890 [main] TRACE org.springframework.beans.CachedIntrospectionResults - Found bean property 'pathMatcher' of type [org.springframework.util.PathMatcher]
17:59:18.890 [main] TRACE org.springframework.beans.CachedIntrospectionResults - Found bean property 'removeSemicolonContent' of type [boolean]
17:59:18.890 [main] TRACE org.springframework.beans.CachedIntrospectionResults - Found bean property 'rootHandler' of type [java.lang.Object]
17:59:18.890 [main] TRACE org.springframework.beans.CachedIntrospectionResults - Found bean property 'servletContext' of type [javax.servlet.ServletContext]
17:59:18.903 [main] TRACE org.springframework.beans.CachedIntrospectionResults - Found bean property 'urlDecode' of type [boolean]
17:59:18.903 [main] TRACE org.springframework.beans.CachedIntrospectionResults - Found bean property 'urlMap' of type [java.util.Map]
17:59:18.903 [main] TRACE org.springframework.beans.CachedIntrospectionResults - Found bean property 'urlPathHelper' of type [org.springframework.web.util.UrlPathHelper]
17:59:18.903 [main] TRACE org.springframework.beans.CachedIntrospectionResults - Found bean property 'useTrailingSlashMatch' of type [boolean]
17:59:18.906 [main] INFO  org.springframework.web.servlet.handler.SimpleUrlHandlerMapping - Mapped URL path [/img/**] onto handler of type [class org.springframework.web.servlet.resource.ResourceHttpRequestHandler]
17:59:18.906 [main] INFO  org.springframework.web.servlet.handler.SimpleUrlHandlerMapping - Mapped URL path [/css/**] onto handler of type [class org.springframework.web.servlet.resource.ResourceHttpRequestHandler]
17:59:18.906 [main] INFO  org.springframework.web.servlet.handler.SimpleUrlHandlerMapping - Mapped URL path [/js/**] onto handler of type [class org.springframework.web.servlet.resource.ResourceHttpRequestHandler]
17:59:18.906 [main] DEBUG org.springframework.beans.factory.support.DefaultListableBeanFactory - Returning cached instance of singleton bean 'org.springframework.transaction.config.internalTransactionAdvisor'
17:59:18.907 [main] DEBUG org.springframework.beans.factory.support.DefaultListableBeanFactory - Finished creating instance of bean 'resourceHandlerMapping'
17:59:18.907 [main] DEBUG org.springframework.beans.factory.support.DefaultListableBeanFactory - Returning cached instance of singleton bean 'mvcResourceUrlProvider'
17:59:18.907 [main] DEBUG org.springframework.beans.factory.support.DefaultListableBeanFactory - Creating shared instance of singleton bean 'defaultServletHandlerMapping'
17:59:18.907 [main] DEBUG org.springframework.beans.factory.support.DefaultListableBeanFactory - Creating instance of bean 'defaultServletHandlerMapping'
17:59:18.907 [main] DEBUG org.springframework.beans.factory.support.DefaultListableBeanFactory - Returning cached instance of singleton bean 'org.springframework.web.servlet.config.annotation.DelegatingWebMvcConfiguration'
17:59:18.907 [main] DEBUG org.springframework.beans.factory.support.DefaultListableBeanFactory - Eagerly caching bean 'defaultServletHandlerMapping' to allow for resolving potential circular references
17:59:18.907 [main] DEBUG org.springframework.beans.factory.support.DefaultListableBeanFactory - Returning cached instance of singleton bean 'org.springframework.transaction.config.internalTransactionAdvisor'
17:59:18.907 [main] DEBUG org.springframework.beans.factory.support.DefaultListableBeanFactory - Finished creating instance of bean 'defaultServletHandlerMapping'
17:59:18.908 [main] DEBUG org.springframework.beans.factory.support.DefaultListableBeanFactory - Creating shared instance of singleton bean 'requestMappingHandlerAdapter'
17:59:18.908 [main] DEBUG org.springframework.beans.factory.support.DefaultListableBeanFactory - Creating instance of bean 'requestMappingHandlerAdapter'
17:59:18.908 [main] DEBUG org.springframework.beans.factory.support.DefaultListableBeanFactory - Returning cached instance of singleton bean 'org.springframework.web.servlet.config.annotation.DelegatingWebMvcConfiguration'
17:59:19.210 [main] DEBUG org.springframework.beans.factory.support.DefaultListableBeanFactory - Returning cached instance of singleton bean 'mvcContentNegotiationManager'
17:59:19.214 [main] DEBUG org.springframework.beans.factory.support.DefaultListableBeanFactory - Returning cached instance of singleton bean 'mvcConversionService'
17:59:19.214 [main] DEBUG org.springframework.beans.factory.support.DefaultListableBeanFactory - Creating shared instance of singleton bean 'mvcValidator'
17:59:19.214 [main] DEBUG org.springframework.beans.factory.support.DefaultListableBeanFactory - Creating instance of bean 'mvcValidator'
17:59:19.214 [main] DEBUG org.springframework.beans.factory.support.DefaultListableBeanFactory - Returning cached instance of singleton bean 'org.springframework.web.servlet.config.annotation.DelegatingWebMvcConfiguration'
17:59:19.215 [main] DEBUG org.springframework.beans.factory.support.DefaultListableBeanFactory - Eagerly caching bean 'mvcValidator' to allow for resolving potential circular references
17:59:19.215 [main] TRACE org.springframework.beans.CachedIntrospectionResults - Getting BeanInfo for class [org.springframework.web.servlet.config.annotation.WebMvcConfigurationSupport$NoOpValidator]
17:59:19.216 [main] TRACE org.springframework.beans.CachedIntrospectionResults - Caching PropertyDescriptors for class [org.springframework.web.servlet.config.annotation.WebMvcConfigurationSupport$NoOpValidator]
17:59:19.216 [main] TRACE org.springframework.beans.CachedIntrospectionResults - Found bean property 'class' of type [java.lang.Class]
17:59:19.216 [main] DEBUG org.springframework.beans.factory.support.DefaultListableBeanFactory - Returning cached instance of singleton bean 'org.springframework.transaction.config.internalTransactionAdvisor'
17:59:19.217 [main] DEBUG org.springframework.beans.factory.support.DefaultListableBeanFactory - Finished creating instance of bean 'mvcValidator'
17:59:19.221 [main] DEBUG org.springframework.beans.factory.support.DefaultListableBeanFactory - Eagerly caching bean 'requestMappingHandlerAdapter' to allow for resolving potential circular references
17:59:19.221 [main] TRACE org.springframework.beans.CachedIntrospectionResults - Getting BeanInfo for class [org.springframework.web.servlet.mvc.method.annotation.RequestMappingHandlerAdapter]
17:59:19.236 [main] TRACE org.springframework.beans.CachedIntrospectionResults - Caching PropertyDescriptors for class [org.springframework.web.servlet.mvc.method.annotation.RequestMappingHandlerAdapter]
17:59:19.236 [main] TRACE org.springframework.beans.CachedIntrospectionResults - Found bean property 'alwaysMustRevalidate' of type [boolean]
17:59:19.236 [main] TRACE org.springframework.beans.CachedIntrospectionResults - Found bean property 'applicationContext' of type [org.springframework.context.ApplicationContext]
17:59:19.236 [main] TRACE org.springframework.beans.CachedIntrospectionResults - Found bean property 'argumentResolvers' of type [java.util.List]
17:59:19.236 [main] TRACE org.springframework.beans.CachedIntrospectionResults - Found bean property 'asyncRequestTimeout' of type [long]
17:59:19.236 [main] TRACE org.springframework.beans.CachedIntrospectionResults - Found bean property 'beanFactory' of type [org.springframework.beans.factory.BeanFactory]
17:59:19.236 [main] TRACE org.springframework.beans.CachedIntrospectionResults - Found bean property 'cacheControl' of type [org.springframework.http.CacheControl]
17:59:19.236 [main] TRACE org.springframework.beans.CachedIntrospectionResults - Found bean property 'cacheSeconds' of type [int]
17:59:19.237 [main] TRACE org.springframework.beans.CachedIntrospectionResults - Found bean property 'cacheSecondsForSessionAttributeHandlers' of type [int]
17:59:19.237 [main] TRACE org.springframework.beans.CachedIntrospectionResults - Found bean property 'callableInterceptors' of type [java.util.List]
17:59:19.237 [main] TRACE org.springframework.beans.CachedIntrospectionResults - Found bean property 'class' of type [java.lang.Class]
17:59:19.237 [main] TRACE org.springframework.beans.CachedIntrospectionResults - Found bean property 'contentNegotiationManager' of type [org.springframework.web.accept.ContentNegotiationManager]
17:59:19.237 [main] TRACE org.springframework.beans.CachedIntrospectionResults - Found bean property 'customArgumentResolvers' of type [java.util.List]
17:59:19.237 [main] TRACE org.springframework.beans.CachedIntrospectionResults - Found bean property 'customReturnValueHandlers' of type [java.util.List]
17:59:19.237 [main] TRACE org.springframework.beans.CachedIntrospectionResults - Found bean property 'deferredResultInterceptors' of type [java.util.List]
17:59:19.237 [main] TRACE org.springframework.beans.CachedIntrospectionResults - Found bean property 'ignoreDefaultModelOnRedirect' of type [boolean]
17:59:19.237 [main] TRACE org.springframework.beans.CachedIntrospectionResults - Found bean property 'initBinderArgumentResolvers' of type [java.util.List]
17:59:19.237 [main] TRACE org.springframework.beans.CachedIntrospectionResults - Found bean property 'messageConverters' of type [java.util.List]
17:59:19.237 [main] TRACE org.springframework.beans.CachedIntrospectionResults - Found bean property 'modelAndViewResolvers' of type [java.util.List]
17:59:19.237 [main] TRACE org.springframework.beans.CachedIntrospectionResults - Found bean property 'order' of type [int]
17:59:19.237 [main] TRACE org.springframework.beans.CachedIntrospectionResults - Found bean property 'parameterNameDiscoverer' of type [org.springframework.core.ParameterNameDiscoverer]
17:59:19.237 [main] TRACE org.springframework.beans.CachedIntrospectionResults - Found bean property 'reactiveAdapterRegistry' of type [org.springframework.core.ReactiveAdapterRegistry]
17:59:19.238 [main] TRACE org.springframework.beans.CachedIntrospectionResults - Found bean property 'reactiveRegistry' of type [org.springframework.core.ReactiveAdapterRegistry]
17:59:19.238 [main] TRACE org.springframework.beans.CachedIntrospectionResults - Found bean property 'requestBodyAdvice' of type [java.util.List]
17:59:19.238 [main] TRACE org.springframework.beans.CachedIntrospectionResults - Found bean property 'requireSession' of type [boolean]
17:59:19.238 [main] TRACE org.springframework.beans.CachedIntrospectionResults - Found bean property 'responseBodyAdvice' of type [java.util.List]
17:59:19.238 [main] TRACE org.springframework.beans.CachedIntrospectionResults - Found bean property 'returnValueHandlers' of type [java.util.List]
17:59:19.238 [main] TRACE org.springframework.beans.CachedIntrospectionResults - Found bean property 'servletContext' of type [javax.servlet.ServletContext]
17:59:19.238 [main] TRACE org.springframework.beans.CachedIntrospectionResults - Found bean property 'sessionAttributeStore' of type [org.springframework.web.bind.support.SessionAttributeStore]
17:59:19.238 [main] TRACE org.springframework.beans.CachedIntrospectionResults - Found bean property 'supportedMethods' of type [[Ljava.lang.String;]
17:59:19.238 [main] TRACE org.springframework.beans.CachedIntrospectionResults - Found bean property 'synchronizeOnSession' of type [boolean]
17:59:19.238 [main] TRACE org.springframework.beans.CachedIntrospectionResults - Found bean property 'taskExecutor' of type [org.springframework.core.task.AsyncTaskExecutor]
17:59:19.238 [main] TRACE org.springframework.beans.CachedIntrospectionResults - Found bean property 'useCacheControlHeader' of type [boolean]
17:59:19.238 [main] TRACE org.springframework.beans.CachedIntrospectionResults - Found bean property 'useCacheControlNoStore' of type [boolean]
17:59:19.238 [main] TRACE org.springframework.beans.CachedIntrospectionResults - Found bean property 'useExpiresHeader' of type [boolean]
17:59:19.239 [main] TRACE org.springframework.beans.CachedIntrospectionResults - Found bean property 'varyByRequestHeaders' of type [[Ljava.lang.String;]
17:59:19.239 [main] TRACE org.springframework.beans.CachedIntrospectionResults - Found bean property 'webBindingInitializer' of type [org.springframework.web.bind.support.WebBindingInitializer]
17:59:19.242 [main] DEBUG org.springframework.beans.factory.support.DefaultListableBeanFactory - Invoking afterPropertiesSet() on bean with name 'requestMappingHandlerAdapter'
17:59:19.242 [main] INFO  org.springframework.web.servlet.mvc.method.annotation.RequestMappingHandlerAdapter - Looking for @ControllerAdvice: org.springframework.web.context.support.GenericWebApplicationContext@38145825: startup date [Mon Feb 10 17:59:16 MSK 2020]; root of context hierarchy
17:59:19.265 [main] DEBUG org.springframework.beans.factory.support.DefaultListableBeanFactory - Returning cached instance of singleton bean 'org.springframework.transaction.config.internalTransactionAdvisor'
17:59:19.267 [main] DEBUG org.springframework.beans.factory.support.DefaultListableBeanFactory - Finished creating instance of bean 'requestMappingHandlerAdapter'
17:59:19.267 [main] DEBUG org.springframework.beans.factory.support.DefaultListableBeanFactory - Returning cached instance of singleton bean 'mvcConversionService'
17:59:19.267 [main] DEBUG org.springframework.beans.factory.support.DefaultListableBeanFactory - Returning cached instance of singleton bean 'mvcValidator'
17:59:19.267 [main] DEBUG org.springframework.beans.factory.support.DefaultListableBeanFactory - Creating shared instance of singleton bean 'mvcUriComponentsContributor'
17:59:19.268 [main] DEBUG org.springframework.beans.factory.support.DefaultListableBeanFactory - Creating instance of bean 'mvcUriComponentsContributor'
17:59:19.268 [main] DEBUG org.springframework.beans.factory.support.DefaultListableBeanFactory - Returning cached instance of singleton bean 'org.springframework.web.servlet.config.annotation.DelegatingWebMvcConfiguration'
17:59:19.269 [main] DEBUG org.springframework.beans.factory.support.DefaultListableBeanFactory - Returning cached instance of singleton bean 'requestMappingHandlerAdapter'
17:59:19.269 [main] DEBUG org.springframework.beans.factory.support.DefaultListableBeanFactory - Returning cached instance of singleton bean 'mvcConversionService'
17:59:19.272 [main] DEBUG org.springframework.beans.factory.support.DefaultListableBeanFactory - Eagerly caching bean 'mvcUriComponentsContributor' to allow for resolving potential circular references
17:59:19.272 [main] TRACE org.springframework.beans.CachedIntrospectionResults - Getting BeanInfo for class [org.springframework.web.method.support.CompositeUriComponentsContributor]
17:59:19.273 [main] TRACE org.springframework.beans.CachedIntrospectionResults - Caching PropertyDescriptors for class [org.springframework.web.method.support.CompositeUriComponentsContributor]
17:59:19.273 [main] TRACE org.springframework.beans.CachedIntrospectionResults - Found bean property 'class' of type [java.lang.Class]
17:59:19.273 [main] DEBUG org.springframework.beans.factory.support.DefaultListableBeanFactory - Returning cached instance of singleton bean 'org.springframework.transaction.config.internalTransactionAdvisor'
17:59:19.273 [main] DEBUG org.springframework.beans.factory.support.DefaultListableBeanFactory - Finished creating instance of bean 'mvcUriComponentsContributor'
17:59:19.273 [main] DEBUG org.springframework.beans.factory.support.DefaultListableBeanFactory - Creating shared instance of singleton bean 'httpRequestHandlerAdapter'
17:59:19.273 [main] DEBUG org.springframework.beans.factory.support.DefaultListableBeanFactory - Creating instance of bean 'httpRequestHandlerAdapter'
17:59:19.274 [main] DEBUG org.springframework.beans.factory.support.DefaultListableBeanFactory - Returning cached instance of singleton bean 'org.springframework.web.servlet.config.annotation.DelegatingWebMvcConfiguration'
17:59:19.275 [main] DEBUG org.springframework.beans.factory.support.DefaultListableBeanFactory - Eagerly caching bean 'httpRequestHandlerAdapter' to allow for resolving potential circular references
17:59:19.275 [main] TRACE org.springframework.beans.CachedIntrospectionResults - Getting BeanInfo for class [org.springframework.web.servlet.mvc.HttpRequestHandlerAdapter]
17:59:19.276 [main] TRACE org.springframework.beans.CachedIntrospectionResults - Caching PropertyDescriptors for class [org.springframework.web.servlet.mvc.HttpRequestHandlerAdapter]
17:59:19.276 [main] TRACE org.springframework.beans.CachedIntrospectionResults - Found bean property 'class' of type [java.lang.Class]
17:59:19.277 [main] DEBUG org.springframework.beans.factory.support.DefaultListableBeanFactory - Returning cached instance of singleton bean 'org.springframework.transaction.config.internalTransactionAdvisor'
17:59:19.277 [main] DEBUG org.springframework.beans.factory.support.DefaultListableBeanFactory - Finished creating instance of bean 'httpRequestHandlerAdapter'
17:59:19.277 [main] DEBUG org.springframework.beans.factory.support.DefaultListableBeanFactory - Creating shared instance of singleton bean 'simpleControllerHandlerAdapter'
17:59:19.277 [main] DEBUG org.springframework.beans.factory.support.DefaultListableBeanFactory - Creating instance of bean 'simpleControllerHandlerAdapter'
17:59:19.277 [main] DEBUG org.springframework.beans.factory.support.DefaultListableBeanFactory - Returning cached instance of singleton bean 'org.springframework.web.servlet.config.annotation.DelegatingWebMvcConfiguration'
17:59:19.277 [main] DEBUG org.springframework.beans.factory.support.DefaultListableBeanFactory - Eagerly caching bean 'simpleControllerHandlerAdapter' to allow for resolving potential circular references
17:59:19.277 [main] TRACE org.springframework.beans.CachedIntrospectionResults - Getting BeanInfo for class [org.springframework.web.servlet.mvc.SimpleControllerHandlerAdapter]
17:59:19.278 [main] TRACE org.springframework.beans.CachedIntrospectionResults - Caching PropertyDescriptors for class [org.springframework.web.servlet.mvc.SimpleControllerHandlerAdapter]
17:59:19.278 [main] TRACE org.springframework.beans.CachedIntrospectionResults - Found bean property 'class' of type [java.lang.Class]
17:59:19.278 [main] DEBUG org.springframework.beans.factory.support.DefaultListableBeanFactory - Returning cached instance of singleton bean 'org.springframework.transaction.config.internalTransactionAdvisor'
17:59:19.278 [main] DEBUG org.springframework.beans.factory.support.DefaultListableBeanFactory - Finished creating instance of bean 'simpleControllerHandlerAdapter'
17:59:19.279 [main] DEBUG org.springframework.beans.factory.support.DefaultListableBeanFactory - Creating shared instance of singleton bean 'handlerExceptionResolver'
17:59:19.279 [main] DEBUG org.springframework.beans.factory.support.DefaultListableBeanFactory - Creating instance of bean 'handlerExceptionResolver'
17:59:19.279 [main] DEBUG org.springframework.beans.factory.support.DefaultListableBeanFactory - Returning cached instance of singleton bean 'org.springframework.web.servlet.config.annotation.DelegatingWebMvcConfiguration'
17:59:19.281 [main] DEBUG org.springframework.beans.factory.support.DefaultListableBeanFactory - Returning cached instance of singleton bean 'mvcContentNegotiationManager'
17:59:19.281 [main] DEBUG org.springframework.web.servlet.mvc.method.annotation.ExceptionHandlerExceptionResolver - Looking for exception mappings: org.springframework.web.context.support.GenericWebApplicationContext@38145825: startup date [Mon Feb 10 17:59:16 MSK 2020]; root of context hierarchy
17:59:19.284 [main] DEBUG org.springframework.beans.factory.support.DefaultListableBeanFactory - Eagerly caching bean 'handlerExceptionResolver' to allow for resolving potential circular references
17:59:19.284 [main] TRACE org.springframework.beans.CachedIntrospectionResults - Getting BeanInfo for class [org.springframework.web.servlet.handler.HandlerExceptionResolverComposite]
17:59:19.284 [main] TRACE org.springframework.beans.CachedIntrospectionResults - Caching PropertyDescriptors for class [org.springframework.web.servlet.handler.HandlerExceptionResolverComposite]
17:59:19.284 [main] TRACE org.springframework.beans.CachedIntrospectionResults - Found bean property 'class' of type [java.lang.Class]
17:59:19.284 [main] TRACE org.springframework.beans.CachedIntrospectionResults - Found bean property 'exceptionResolvers' of type [java.util.List]
17:59:19.285 [main] TRACE org.springframework.beans.CachedIntrospectionResults - Found bean property 'order' of type [int]
17:59:19.285 [main] DEBUG org.springframework.beans.factory.support.DefaultListableBeanFactory - Returning cached instance of singleton bean 'org.springframework.transaction.config.internalTransactionAdvisor'
17:59:19.285 [main] DEBUG org.springframework.beans.factory.support.DefaultListableBeanFactory - Finished creating instance of bean 'handlerExceptionResolver'
17:59:19.285 [main] DEBUG org.springframework.beans.factory.support.DefaultListableBeanFactory - Creating shared instance of singleton bean 'mvcViewResolver'
17:59:19.285 [main] DEBUG org.springframework.beans.factory.support.DefaultListableBeanFactory - Creating instance of bean 'mvcViewResolver'
17:59:19.286 [main] DEBUG org.springframework.beans.factory.support.DefaultListableBeanFactory - Returning cached instance of singleton bean 'org.springframework.web.servlet.config.annotation.DelegatingWebMvcConfiguration'
17:59:19.287 [main] DEBUG org.springframework.beans.factory.support.DefaultListableBeanFactory - Returning cached instance of singleton bean 'mvcContentNegotiationManager'
17:59:19.288 [main] DEBUG org.springframework.beans.factory.support.DefaultListableBeanFactory - Eagerly caching bean 'mvcViewResolver' to allow for resolving potential circular references
17:59:19.288 [main] TRACE org.springframework.beans.CachedIntrospectionResults - Getting BeanInfo for class [org.springframework.web.servlet.view.ViewResolverComposite]
17:59:19.289 [main] TRACE org.springframework.beans.CachedIntrospectionResults - Caching PropertyDescriptors for class [org.springframework.web.servlet.view.ViewResolverComposite]
17:59:19.289 [main] TRACE org.springframework.beans.CachedIntrospectionResults - Found bean property 'applicationContext' of type [org.springframework.context.ApplicationContext]
17:59:19.289 [main] TRACE org.springframework.beans.CachedIntrospectionResults - Found bean property 'class' of type [java.lang.Class]
17:59:19.289 [main] TRACE org.springframework.beans.CachedIntrospectionResults - Found bean property 'order' of type [int]
17:59:19.289 [main] TRACE org.springframework.beans.CachedIntrospectionResults - Found bean property 'servletContext' of type [javax.servlet.ServletContext]
17:59:19.289 [main] TRACE org.springframework.beans.CachedIntrospectionResults - Found bean property 'viewResolvers' of type [java.util.List]
17:59:19.290 [main] DEBUG org.springframework.beans.factory.support.DefaultListableBeanFactory - Invoking afterPropertiesSet() on bean with name 'mvcViewResolver'
17:59:19.290 [main] DEBUG org.springframework.beans.factory.support.DefaultListableBeanFactory - Returning cached instance of singleton bean 'org.springframework.transaction.config.internalTransactionAdvisor'
17:59:19.291 [main] DEBUG org.springframework.beans.factory.support.DefaultListableBeanFactory - Finished creating instance of bean 'mvcViewResolver'
17:59:19.291 [main] DEBUG org.springframework.beans.factory.support.DefaultListableBeanFactory - Creating shared instance of singleton bean 'viewResolver'
17:59:19.291 [main] DEBUG org.springframework.beans.factory.support.DefaultListableBeanFactory - Creating instance of bean 'viewResolver'
17:59:19.291 [main] DEBUG org.springframework.beans.factory.support.DefaultListableBeanFactory - Returning cached instance of singleton bean 'appConfig'
17:59:19.300 [main] DEBUG org.springframework.beans.factory.support.DefaultListableBeanFactory - Creating shared instance of singleton bean 'templateEngine'
17:59:19.300 [main] DEBUG org.springframework.beans.factory.support.DefaultListableBeanFactory - Creating instance of bean 'templateEngine'
17:59:19.300 [main] DEBUG org.springframework.beans.factory.support.DefaultListableBeanFactory - Returning cached instance of singleton bean 'appConfig'
17:59:19.312 [main] DEBUG org.springframework.beans.factory.support.DefaultListableBeanFactory - Creating shared instance of singleton bean 'templateResolver'
17:59:19.312 [main] DEBUG org.springframework.beans.factory.support.DefaultListableBeanFactory - Creating instance of bean 'templateResolver'
17:59:19.312 [main] DEBUG org.springframework.beans.factory.support.DefaultListableBeanFactory - Returning cached instance of singleton bean 'appConfig'
17:59:19.316 [main] DEBUG org.springframework.beans.factory.support.DefaultListableBeanFactory - Eagerly caching bean 'templateResolver' to allow for resolving potential circular references
17:59:19.316 [main] TRACE org.springframework.beans.CachedIntrospectionResults - Getting BeanInfo for class [org.thymeleaf.spring5.templateresolver.SpringResourceTemplateResolver]
17:59:19.319 [main] TRACE org.springframework.beans.CachedIntrospectionResults - Caching PropertyDescriptors for class [org.thymeleaf.spring5.templateresolver.SpringResourceTemplateResolver]
17:59:19.319 [main] TRACE org.springframework.beans.CachedIntrospectionResults - Found bean property 'CSSTemplateModePatternSpec' of type [org.thymeleaf.util.PatternSpec]
17:59:19.319 [main] TRACE org.springframework.beans.CachedIntrospectionResults - Found bean property 'CSSTemplateModePatterns' of type [java.util.Set]
17:59:19.319 [main] TRACE org.springframework.beans.CachedIntrospectionResults - Found bean property 'applicationContext' of type [org.springframework.context.ApplicationContext]
17:59:19.320 [main] TRACE org.springframework.beans.CachedIntrospectionResults - Found bean property 'cacheTTLMs' of type [java.lang.Long]
17:59:19.320 [main] TRACE org.springframework.beans.CachedIntrospectionResults - Found bean property 'cacheable' of type [boolean]
17:59:19.320 [main] TRACE org.springframework.beans.CachedIntrospectionResults - Found bean property 'cacheablePatternSpec' of type [org.thymeleaf.util.PatternSpec]
17:59:19.320 [main] TRACE org.springframework.beans.CachedIntrospectionResults - Found bean property 'cacheablePatterns' of type [java.util.Set]
17:59:19.321 [main] TRACE org.springframework.beans.CachedIntrospectionResults - Found bean property 'characterEncoding' of type [java.lang.String]
17:59:19.321 [main] TRACE org.springframework.beans.CachedIntrospectionResults - Found bean property 'checkExistence' of type [boolean]
17:59:19.321 [main] TRACE org.springframework.beans.CachedIntrospectionResults - Found bean property 'class' of type [java.lang.Class]
17:59:19.322 [main] TRACE org.springframework.beans.CachedIntrospectionResults - Found bean property 'forceSuffix' of type [boolean]
17:59:19.322 [main] TRACE org.springframework.beans.CachedIntrospectionResults - Found bean property 'forceTemplateMode' of type [boolean]
17:59:19.322 [main] TRACE org.springframework.beans.CachedIntrospectionResults - Found bean property 'html5TemplateModePatternSpec' of type [org.thymeleaf.util.PatternSpec]
17:59:19.322 [main] TRACE org.springframework.beans.CachedIntrospectionResults - Found bean property 'html5TemplateModePatterns' of type [java.util.Set]
17:59:19.323 [main] TRACE org.springframework.beans.CachedIntrospectionResults - Found bean property 'htmlTemplateModePatternSpec' of type [org.thymeleaf.util.PatternSpec]
17:59:19.323 [main] TRACE org.springframework.beans.CachedIntrospectionResults - Found bean property 'htmlTemplateModePatterns' of type [java.util.Set]
17:59:19.323 [main] TRACE org.springframework.beans.CachedIntrospectionResults - Found bean property 'javaScriptTemplateModePatternSpec' of type [org.thymeleaf.util.PatternSpec]
17:59:19.323 [main] TRACE org.springframework.beans.CachedIntrospectionResults - Found bean property 'javaScriptTemplateModePatterns' of type [java.util.Set]
17:59:19.325 [main] TRACE org.springframework.beans.CachedIntrospectionResults - Found bean property 'legacyHtml5TemplateModePatternSpec' of type [org.thymeleaf.util.PatternSpec]
17:59:19.325 [main] TRACE org.springframework.beans.CachedIntrospectionResults - Found bean property 'legacyHtml5TemplateModePatterns' of type [java.util.Set]
17:59:19.326 [main] TRACE org.springframework.beans.CachedIntrospectionResults - Found bean property 'name' of type [java.lang.String]
17:59:19.326 [main] TRACE org.springframework.beans.CachedIntrospectionResults - Found bean property 'nonCacheablePatternSpec' of type [org.thymeleaf.util.PatternSpec]
17:59:19.326 [main] TRACE org.springframework.beans.CachedIntrospectionResults - Found bean property 'nonCacheablePatterns' of type [java.util.Set]
17:59:19.326 [main] TRACE org.springframework.beans.CachedIntrospectionResults - Found bean property 'order' of type [java.lang.Integer]
17:59:19.327 [main] TRACE org.springframework.beans.CachedIntrospectionResults - Found bean property 'prefix' of type [java.lang.String]
17:59:19.327 [main] TRACE org.springframework.beans.CachedIntrospectionResults - Found bean property 'rawTemplateModePatternSpec' of type [org.thymeleaf.util.PatternSpec]
17:59:19.327 [main] TRACE org.springframework.beans.CachedIntrospectionResults - Found bean property 'rawTemplateModePatterns' of type [java.util.Set]
17:59:19.327 [main] TRACE org.springframework.beans.CachedIntrospectionResults - Found bean property 'resolvablePatternSpec' of type [org.thymeleaf.util.PatternSpec]
17:59:19.328 [main] TRACE org.springframework.beans.CachedIntrospectionResults - Found bean property 'resolvablePatterns' of type [java.util.Set]
17:59:19.328 [main] TRACE org.springframework.beans.CachedIntrospectionResults - Found bean property 'suffix' of type [java.lang.String]
17:59:19.328 [main] TRACE org.springframework.beans.CachedIntrospectionResults - Found bean property 'templateAliases' of type [java.util.Map]
17:59:19.328 [main] TRACE org.springframework.beans.CachedIntrospectionResults - Found bean property 'templateMode' of type [org.thymeleaf.templatemode.TemplateMode]
17:59:19.328 [main] TRACE org.springframework.beans.CachedIntrospectionResults - Found bean property 'textTemplateModePatternSpec' of type [org.thymeleaf.util.PatternSpec]
17:59:19.329 [main] TRACE org.springframework.beans.CachedIntrospectionResults - Found bean property 'textTemplateModePatterns' of type [java.util.Set]
17:59:19.329 [main] TRACE org.springframework.beans.CachedIntrospectionResults - Found bean property 'useDecoupledLogic' of type [boolean]
17:59:19.329 [main] TRACE org.springframework.beans.CachedIntrospectionResults - Found bean property 'validXhtmlTemplateModePatternSpec' of type [org.thymeleaf.util.PatternSpec]
17:59:19.329 [main] TRACE org.springframework.beans.CachedIntrospectionResults - Found bean property 'validXhtmlTemplateModePatterns' of type [java.util.Set]
17:59:19.329 [main] TRACE org.springframework.beans.CachedIntrospectionResults - Found bean property 'validXmlTemplateModePatternSpec' of type [org.thymeleaf.util.PatternSpec]
17:59:19.329 [main] TRACE org.springframework.beans.CachedIntrospectionResults - Found bean property 'validXmlTemplateModePatterns' of type [java.util.Set]
17:59:19.329 [main] TRACE org.springframework.beans.CachedIntrospectionResults - Found bean property 'xhtmlTemplateModePatternSpec' of type [org.thymeleaf.util.PatternSpec]
17:59:19.329 [main] TRACE org.springframework.beans.CachedIntrospectionResults - Found bean property 'xhtmlTemplateModePatterns' of type [java.util.Set]
17:59:19.329 [main] TRACE org.springframework.beans.CachedIntrospectionResults - Found bean property 'xmlTemplateModePatternSpec' of type [org.thymeleaf.util.PatternSpec]
17:59:19.329 [main] TRACE org.springframework.beans.CachedIntrospectionResults - Found bean property 'xmlTemplateModePatterns' of type [java.util.Set]
17:59:19.330 [main] DEBUG org.springframework.beans.factory.support.DefaultListableBeanFactory - Returning cached instance of singleton bean 'org.springframework.transaction.config.internalTransactionAdvisor'
17:59:19.330 [main] DEBUG org.springframework.beans.factory.support.DefaultListableBeanFactory - Finished creating instance of bean 'templateResolver'
17:59:19.331 [main] DEBUG org.springframework.beans.factory.support.DefaultListableBeanFactory - Eagerly caching bean 'templateEngine' to allow for resolving potential circular references
17:59:19.331 [main] TRACE org.springframework.beans.CachedIntrospectionResults - Getting BeanInfo for class [org.thymeleaf.spring5.SpringTemplateEngine]
17:59:19.333 [main] TRACE org.springframework.beans.CachedIntrospectionResults - Caching PropertyDescriptors for class [org.thymeleaf.spring5.SpringTemplateEngine]
17:59:19.333 [main] TRACE org.springframework.beans.CachedIntrospectionResults - Found bean property 'additionalDialects' of type [java.util.Set]
17:59:19.333 [main] TRACE org.springframework.beans.CachedIntrospectionResults - Found bean property 'cacheManager' of type [org.thymeleaf.cache.ICacheManager]
17:59:19.333 [main] TRACE org.springframework.beans.CachedIntrospectionResults - Found bean property 'class' of type [java.lang.Class]
17:59:19.333 [main] TRACE org.springframework.beans.CachedIntrospectionResults - Found bean property 'configuration' of type [org.thymeleaf.IEngineConfiguration]
17:59:19.333 [main] TRACE org.springframework.beans.CachedIntrospectionResults - Found bean property 'decoupledTemplateLogicResolver' of type [org.thymeleaf.templateparser.markup.decoupled.IDecoupledTemplateLogicResolver]
17:59:19.333 [main] TRACE org.springframework.beans.CachedIntrospectionResults - Found bean property 'dialect' of type [org.thymeleaf.dialect.IDialect]
17:59:19.333 [main] TRACE org.springframework.beans.CachedIntrospectionResults - Found bean property 'dialects' of type [java.util.Set]
17:59:19.333 [main] TRACE org.springframework.beans.CachedIntrospectionResults - Found bean property 'dialectsByPrefix' of type [java.util.Map]
17:59:19.333 [main] TRACE org.springframework.beans.CachedIntrospectionResults - Found bean property 'enableSpringELCompiler' of type [boolean]
17:59:19.333 [main] TRACE org.springframework.beans.CachedIntrospectionResults - Found bean property 'engineContextFactory' of type [org.thymeleaf.context.IEngineContextFactory]
17:59:19.333 [main] TRACE org.springframework.beans.CachedIntrospectionResults - Found bean property 'initialized' of type [boolean]
17:59:19.333 [main] TRACE org.springframework.beans.CachedIntrospectionResults - Found bean property 'linkBuilder' of type [org.thymeleaf.linkbuilder.ILinkBuilder]
17:59:19.333 [main] TRACE org.springframework.beans.CachedIntrospectionResults - Found bean property 'linkBuilders' of type [java.util.Set]
17:59:19.333 [main] TRACE org.springframework.beans.CachedIntrospectionResults - Found bean property 'messageResolver' of type [org.thymeleaf.messageresolver.IMessageResolver]
17:59:19.334 [main] TRACE org.springframework.beans.CachedIntrospectionResults - Found bean property 'messageResolvers' of type [java.util.Set]
17:59:19.334 [main] TRACE org.springframework.beans.CachedIntrospectionResults - Found bean property 'messageSource' of type [org.springframework.context.MessageSource]
17:59:19.334 [main] TRACE org.springframework.beans.CachedIntrospectionResults - Found bean property 'templateEngineMessageSource' of type [org.springframework.context.MessageSource]
17:59:19.334 [main] TRACE org.springframework.beans.CachedIntrospectionResults - Found bean property 'templateResolver' of type [org.thymeleaf.templateresolver.ITemplateResolver]
17:59:19.334 [main] TRACE org.springframework.beans.CachedIntrospectionResults - Found bean property 'templateResolvers' of type [java.util.Set]
17:59:19.335 [main] DEBUG org.springframework.beans.factory.support.DefaultListableBeanFactory - Returning cached instance of singleton bean 'org.springframework.transaction.config.internalTransactionAdvisor'
17:59:19.335 [main] DEBUG org.springframework.beans.factory.support.DefaultListableBeanFactory - Finished creating instance of bean 'templateEngine'
17:59:19.336 [main] DEBUG org.springframework.beans.factory.support.DefaultListableBeanFactory - Eagerly caching bean 'viewResolver' to allow for resolving potential circular references
17:59:19.336 [main] TRACE org.springframework.beans.CachedIntrospectionResults - Getting BeanInfo for class [org.thymeleaf.spring5.view.ThymeleafViewResolver]
17:59:19.338 [main] TRACE org.springframework.beans.CachedIntrospectionResults - Caching PropertyDescriptors for class [org.thymeleaf.spring5.view.ThymeleafViewResolver]
17:59:19.338 [main] TRACE org.springframework.beans.CachedIntrospectionResults - Found bean property 'alwaysProcessRedirectAndForward' of type [boolean]
17:59:19.338 [main] TRACE org.springframework.beans.CachedIntrospectionResults - Found bean property 'applicationContext' of type [org.springframework.context.ApplicationContext]
17:59:19.338 [main] TRACE org.springframework.beans.CachedIntrospectionResults - Found bean property 'cache' of type [boolean]
17:59:19.338 [main] TRACE org.springframework.beans.CachedIntrospectionResults - Found bean property 'cacheLimit' of type [int]
17:59:19.338 [main] TRACE org.springframework.beans.CachedIntrospectionResults - Found bean property 'cacheUnresolved' of type [boolean]
17:59:19.338 [main] TRACE org.springframework.beans.CachedIntrospectionResults - Found bean property 'characterEncoding' of type [java.lang.String]
17:59:19.338 [main] TRACE org.springframework.beans.CachedIntrospectionResults - Found bean property 'class' of type [java.lang.Class]
17:59:19.338 [main] TRACE org.springframework.beans.CachedIntrospectionResults - Found bean property 'contentType' of type [java.lang.String]
17:59:19.338 [main] TRACE org.springframework.beans.CachedIntrospectionResults - Found bean property 'excludedViewNames' of type [[Ljava.lang.String;]
17:59:19.338 [main] TRACE org.springframework.beans.CachedIntrospectionResults - Found bean property 'forceContentType' of type [boolean]
17:59:19.338 [main] TRACE org.springframework.beans.CachedIntrospectionResults - Found bean property 'order' of type [int]
17:59:19.338 [main] TRACE org.springframework.beans.CachedIntrospectionResults - Found bean property 'redirectContextRelative' of type [boolean]
17:59:19.338 [main] TRACE org.springframework.beans.CachedIntrospectionResults - Found bean property 'redirectHttp10Compatible' of type [boolean]
17:59:19.338 [main] TRACE org.springframework.beans.CachedIntrospectionResults - Found bean property 'servletContext' of type [javax.servlet.ServletContext]
17:59:19.338 [main] TRACE org.springframework.beans.CachedIntrospectionResults - Found bean property 'staticVariables' of type [java.util.Map]
17:59:19.338 [main] TRACE org.springframework.beans.CachedIntrospectionResults - Found bean property 'templateEngine' of type [org.thymeleaf.spring5.ISpringTemplateEngine]
17:59:19.338 [main] TRACE org.springframework.beans.CachedIntrospectionResults - Found bean property 'viewClass' of type [java.lang.Class]
17:59:19.338 [main] TRACE org.springframework.beans.CachedIntrospectionResults - Found bean property 'viewNames' of type [[Ljava.lang.String;]
17:59:19.339 [main] DEBUG org.springframework.beans.factory.support.DefaultListableBeanFactory - Returning cached instance of singleton bean 'org.springframework.transaction.config.internalTransactionAdvisor'
17:59:19.340 [main] DEBUG org.springframework.beans.factory.support.DefaultListableBeanFactory - Finished creating instance of bean 'viewResolver'
17:59:19.340 [main] DEBUG org.springframework.beans.factory.support.DefaultListableBeanFactory - Returning cached instance of singleton bean 'templateEngine'
17:59:19.340 [main] DEBUG org.springframework.beans.factory.support.DefaultListableBeanFactory - Returning cached instance of singleton bean 'templateResolver'
17:59:19.340 [main] DEBUG org.springframework.beans.factory.support.DefaultListableBeanFactory - Creating shared instance of singleton bean 'localeResolver'
17:59:19.340 [main] DEBUG org.springframework.beans.factory.support.DefaultListableBeanFactory - Creating instance of bean 'localeResolver'
17:59:19.340 [main] DEBUG org.springframework.beans.factory.support.DefaultListableBeanFactory - Returning cached instance of singleton bean 'appConfig'
17:59:19.341 [main] DEBUG org.springframework.beans.factory.support.DefaultListableBeanFactory - Eagerly caching bean 'localeResolver' to allow for resolving potential circular references
17:59:19.341 [main] TRACE org.springframework.beans.CachedIntrospectionResults - Getting BeanInfo for class [org.springframework.web.servlet.i18n.SessionLocaleResolver]
17:59:19.342 [main] TRACE org.springframework.beans.CachedIntrospectionResults - Caching PropertyDescriptors for class [org.springframework.web.servlet.i18n.SessionLocaleResolver]
17:59:19.342 [main] TRACE org.springframework.beans.CachedIntrospectionResults - Found bean property 'class' of type [java.lang.Class]
17:59:19.342 [main] TRACE org.springframework.beans.CachedIntrospectionResults - Found bean property 'defaultLocale' of type [java.util.Locale]
17:59:19.342 [main] TRACE org.springframework.beans.CachedIntrospectionResults - Found bean property 'defaultTimeZone' of type [java.util.TimeZone]
17:59:19.342 [main] TRACE org.springframework.beans.CachedIntrospectionResults - Found bean property 'localeAttributeName' of type [java.lang.String]
17:59:19.342 [main] TRACE org.springframework.beans.CachedIntrospectionResults - Found bean property 'timeZoneAttributeName' of type [java.lang.String]
17:59:19.343 [main] DEBUG org.springframework.beans.factory.support.DefaultListableBeanFactory - Returning cached instance of singleton bean 'org.springframework.transaction.config.internalTransactionAdvisor'
17:59:19.343 [main] DEBUG org.springframework.beans.factory.support.DefaultListableBeanFactory - Finished creating instance of bean 'localeResolver'
17:59:19.343 [main] DEBUG org.springframework.beans.factory.support.DefaultListableBeanFactory - Returning cached instance of singleton bean 'org.springframework.transaction.annotation.ProxyTransactionManagementConfiguration'
17:59:19.343 [main] DEBUG org.springframework.beans.factory.support.DefaultListableBeanFactory - Returning cached instance of singleton bean 'org.springframework.transaction.config.internalTransactionAdvisor'
17:59:19.343 [main] DEBUG org.springframework.beans.factory.support.DefaultListableBeanFactory - Returning cached instance of singleton bean 'transactionAttributeSource'
17:59:19.343 [main] DEBUG org.springframework.beans.factory.support.DefaultListableBeanFactory - Returning cached instance of singleton bean 'transactionInterceptor'
17:59:19.343 [main] DEBUG org.springframework.beans.factory.support.DefaultListableBeanFactory - Creating shared instance of singleton bean 'org.springframework.transaction.config.internalTransactionalEventListenerFactory'
17:59:19.343 [main] DEBUG org.springframework.beans.factory.support.DefaultListableBeanFactory - Creating instance of bean 'org.springframework.transaction.config.internalTransactionalEventListenerFactory'
17:59:19.344 [main] DEBUG org.springframework.beans.factory.support.DefaultListableBeanFactory - Returning cached instance of singleton bean 'org.springframework.transaction.annotation.ProxyTransactionManagementConfiguration'
17:59:19.345 [main] DEBUG org.springframework.beans.factory.support.DefaultListableBeanFactory - Eagerly caching bean 'org.springframework.transaction.config.internalTransactionalEventListenerFactory' to allow for resolving potential circular references
17:59:19.345 [main] TRACE org.springframework.beans.CachedIntrospectionResults - Getting BeanInfo for class [org.springframework.transaction.event.TransactionalEventListenerFactory]
17:59:19.346 [main] TRACE org.springframework.beans.CachedIntrospectionResults - Caching PropertyDescriptors for class [org.springframework.transaction.event.TransactionalEventListenerFactory]
17:59:19.346 [main] TRACE org.springframework.beans.CachedIntrospectionResults - Found bean property 'class' of type [java.lang.Class]
17:59:19.346 [main] TRACE org.springframework.beans.CachedIntrospectionResults - Found bean property 'order' of type [int]
17:59:19.346 [main] DEBUG org.springframework.beans.factory.support.DefaultListableBeanFactory - Returning cached instance of singleton bean 'org.springframework.transaction.config.internalTransactionAdvisor'
17:59:19.346 [main] DEBUG org.springframework.beans.factory.support.DefaultListableBeanFactory - Finished creating instance of bean 'org.springframework.transaction.config.internalTransactionalEventListenerFactory'
17:59:19.346 [main] DEBUG org.springframework.beans.factory.support.DefaultListableBeanFactory - Returning cached instance of singleton bean 'DataSourceBean'
17:59:19.347 [main] DEBUG org.springframework.beans.factory.support.DefaultListableBeanFactory - Returning cached instance of singleton bean 'SessionFactory'
17:59:19.347 [main] DEBUG org.springframework.beans.factory.support.DefaultListableBeanFactory - Returning cached instance of singleton bean 'getDevLocaleDAO'
17:59:19.347 [main] DEBUG org.springframework.beans.factory.support.DefaultListableBeanFactory - Returning cached instance of singleton bean 'SessionFactory'
17:59:19.347 [main] DEBUG org.springframework.beans.factory.support.DefaultListableBeanFactory - Creating shared instance of singleton bean 'transactionManager'
17:59:19.347 [main] DEBUG org.springframework.beans.factory.support.DefaultListableBeanFactory - Creating instance of bean 'transactionManager'
17:59:19.347 [main] DEBUG org.springframework.beans.factory.support.DefaultListableBeanFactory - Returning cached instance of singleton bean 'dataAccessConfig'
17:59:19.347 [main] DEBUG org.springframework.beans.factory.support.DefaultListableBeanFactory - Returning cached instance of singleton bean 'SessionFactory'
17:59:19.347 [main] DEBUG org.springframework.beans.factory.support.DefaultListableBeanFactory - Autowiring by type from bean name 'transactionManager' via factory method to bean named 'SessionFactory'
17:59:19.350 [main] DEBUG org.springframework.beans.factory.support.DefaultListableBeanFactory - Returning cached instance of singleton bean 'DataSourceBean'
17:59:19.352 [main] DEBUG org.springframework.beans.factory.support.DefaultListableBeanFactory - Eagerly caching bean 'transactionManager' to allow for resolving potential circular references
17:59:19.352 [main] TRACE org.springframework.beans.CachedIntrospectionResults - Getting BeanInfo for class [org.springframework.orm.hibernate5.HibernateTransactionManager]
17:59:19.354 [main] TRACE org.springframework.beans.CachedIntrospectionResults - Caching PropertyDescriptors for class [org.springframework.orm.hibernate5.HibernateTransactionManager]
17:59:19.354 [main] TRACE org.springframework.beans.CachedIntrospectionResults - Found bean property 'allowResultAccessAfterCompletion' of type [boolean]
17:59:19.354 [main] TRACE org.springframework.beans.CachedIntrospectionResults - Found bean property 'autodetectDataSource' of type [boolean]
17:59:19.354 [main] TRACE org.springframework.beans.CachedIntrospectionResults - Found bean property 'beanFactory' of type [org.springframework.beans.factory.BeanFactory]
17:59:19.354 [main] TRACE org.springframework.beans.CachedIntrospectionResults - Found bean property 'class' of type [java.lang.Class]
17:59:19.354 [main] TRACE org.springframework.beans.CachedIntrospectionResults - Found bean property 'dataSource' of type [javax.sql.DataSource]
17:59:19.354 [main] TRACE org.springframework.beans.CachedIntrospectionResults - Found bean property 'defaultTimeout' of type [int]
17:59:19.354 [main] TRACE org.springframework.beans.CachedIntrospectionResults - Found bean property 'entityInterceptor' of type [org.hibernate.Interceptor]
17:59:19.354 [main] TRACE org.springframework.beans.CachedIntrospectionResults - Found bean property 'entityInterceptorBeanName' of type [java.lang.String]
17:59:19.354 [main] TRACE org.springframework.beans.CachedIntrospectionResults - Found bean property 'failEarlyOnGlobalRollbackOnly' of type [boolean]
17:59:19.354 [main] TRACE org.springframework.beans.CachedIntrospectionResults - Found bean property 'globalRollbackOnParticipationFailure' of type [boolean]
17:59:19.354 [main] TRACE org.springframework.beans.CachedIntrospectionResults - Found bean property 'hibernateManagedSession' of type [boolean]
17:59:19.354 [main] TRACE org.springframework.beans.CachedIntrospectionResults - Found bean property 'nestedTransactionAllowed' of type [boolean]
17:59:19.354 [main] TRACE org.springframework.beans.CachedIntrospectionResults - Found bean property 'prepareConnection' of type [boolean]
17:59:19.354 [main] TRACE org.springframework.beans.CachedIntrospectionResults - Found bean property 'resourceFactory' of type [java.lang.Object]
17:59:19.354 [main] TRACE org.springframework.beans.CachedIntrospectionResults - Found bean property 'rollbackOnCommitFailure' of type [boolean]
17:59:19.354 [main] TRACE org.springframework.beans.CachedIntrospectionResults - Found bean property 'sessionFactory' of type [org.hibernate.SessionFactory]
17:59:19.354 [main] TRACE org.springframework.beans.CachedIntrospectionResults - Found bean property 'transactionSynchronization' of type [int]
17:59:19.354 [main] TRACE org.springframework.beans.CachedIntrospectionResults - Found bean property 'transactionSynchronizationName' of type [java.lang.String]
17:59:19.354 [main] TRACE org.springframework.beans.CachedIntrospectionResults - Found bean property 'validateExistingTransaction' of type [boolean]
17:59:19.355 [main] DEBUG org.springframework.beans.factory.support.DefaultListableBeanFactory - Invoking afterPropertiesSet() on bean with name 'transactionManager'
17:59:19.355 [main] DEBUG org.springframework.beans.factory.support.DefaultListableBeanFactory - Returning cached instance of singleton bean 'org.springframework.transaction.config.internalTransactionAdvisor'
17:59:19.356 [main] DEBUG org.springframework.beans.factory.support.DefaultListableBeanFactory - Finished creating instance of bean 'transactionManager'
17:59:19.356 [main] DEBUG org.springframework.beans.factory.support.DefaultListableBeanFactory - Returning cached instance of singleton bean 'org.springframework.aop.config.internalAutoProxyCreator'
17:59:19.356 [main] DEBUG org.springframework.beans.factory.support.DefaultListableBeanFactory - Returning cached instance of singleton bean 'org.springframework.context.event.internalEventListenerFactory'
17:59:19.356 [main] DEBUG org.springframework.beans.factory.support.DefaultListableBeanFactory - Returning cached instance of singleton bean 'org.springframework.transaction.config.internalTransactionalEventListenerFactory'
17:59:19.358 [main] TRACE org.springframework.context.event.EventListenerMethodProcessor - No @EventListener annotations found on bean class: org.springframework.context.annotation.ConfigurationClassPostProcessor
17:59:19.358 [main] TRACE org.springframework.context.event.EventListenerMethodProcessor - No @EventListener annotations found on bean class: org.springframework.beans.factory.annotation.AutowiredAnnotationBeanPostProcessor
17:59:19.358 [main] TRACE org.springframework.context.event.EventListenerMethodProcessor - No @EventListener annotations found on bean class: org.springframework.beans.factory.annotation.RequiredAnnotationBeanPostProcessor
17:59:19.359 [main] TRACE org.springframework.context.event.EventListenerMethodProcessor - No @EventListener annotations found on bean class: org.springframework.context.annotation.CommonAnnotationBeanPostProcessor
17:59:19.359 [main] TRACE org.springframework.context.event.EventListenerMethodProcessor - No @EventListener annotations found on bean class: org.springframework.orm.jpa.support.PersistenceAnnotationBeanPostProcessor
17:59:19.359 [main] TRACE org.springframework.context.event.EventListenerMethodProcessor - No @EventListener annotations found on bean class: org.springframework.context.event.EventListenerMethodProcessor
17:59:19.359 [main] TRACE org.springframework.context.event.EventListenerMethodProcessor - No @EventListener annotations found on bean class: org.springframework.context.event.DefaultEventListenerFactory
17:59:19.359 [main] TRACE org.springframework.context.event.EventListenerMethodProcessor - No @EventListener annotations found on bean class: com.soft.config.AppConfig$$EnhancerBySpringCGLIB$$e918ca52
17:59:19.359 [main] TRACE org.springframework.context.event.EventListenerMethodProcessor - No @EventListener annotations found on bean class: com.soft.config.DataAccessConfig$$EnhancerBySpringCGLIB$$d625e009
17:59:19.360 [main] TRACE org.springframework.context.event.EventListenerMethodProcessor - No @EventListener annotations found on bean class: com.soft.controller.EshopController
17:59:19.360 [main] TRACE org.springframework.context.event.EventListenerMethodProcessor - No @EventListener annotations found on bean class: com.soft.config.AppConfig$DBMessageSource
17:59:19.361 [main] TRACE org.springframework.context.event.EventListenerMethodProcessor - No @EventListener annotations found on bean class: org.springframework.web.servlet.config.annotation.DelegatingWebMvcConfiguration$$EnhancerBySpringCGLIB$$38f91ed5
17:59:19.362 [main] TRACE org.springframework.context.event.EventListenerMethodProcessor - No @EventListener annotations found on bean class: org.springframework.web.servlet.mvc.method.annotation.RequestMappingHandlerMapping
17:59:19.362 [main] TRACE org.springframework.context.event.EventListenerMethodProcessor - No @EventListener annotations found on bean class: org.springframework.util.AntPathMatcher
17:59:19.362 [main] TRACE org.springframework.context.event.EventListenerMethodProcessor - No @EventListener annotations found on bean class: org.springframework.web.util.UrlPathHelper
17:59:19.362 [main] TRACE org.springframework.context.event.EventListenerMethodProcessor - No @EventListener annotations found on bean class: org.springframework.web.accept.ContentNegotiationManager
17:59:19.362 [main] TRACE org.springframework.context.event.EventListenerMethodProcessor - No @EventListener annotations found on bean class: org.springframework.web.servlet.config.annotation.WebMvcConfigurationSupport$EmptyHandlerMapping
17:59:19.362 [main] TRACE org.springframework.context.event.EventListenerMethodProcessor - No @EventListener annotations found on bean class: org.springframework.web.servlet.handler.BeanNameUrlHandlerMapping
17:59:19.363 [main] TRACE org.springframework.context.event.EventListenerMethodProcessor - No @EventListener annotations found on bean class: org.springframework.web.servlet.handler.SimpleUrlHandlerMapping
17:59:19.363 [main] TRACE org.springframework.context.event.EventListenerMethodProcessor - No @EventListener annotations found on bean class: org.springframework.web.servlet.resource.ResourceUrlProvider
17:59:19.363 [main] TRACE org.springframework.context.event.EventListenerMethodProcessor - No @EventListener annotations found on bean class: org.springframework.web.servlet.mvc.method.annotation.RequestMappingHandlerAdapter
17:59:19.363 [main] TRACE org.springframework.context.event.EventListenerMethodProcessor - No @EventListener annotations found on bean class: org.springframework.format.support.DefaultFormattingConversionService
17:59:19.363 [main] TRACE org.springframework.context.event.EventListenerMethodProcessor - No @EventListener annotations found on bean class: org.springframework.web.servlet.config.annotation.WebMvcConfigurationSupport$NoOpValidator
17:59:19.363 [main] TRACE org.springframework.context.event.EventListenerMethodProcessor - No @EventListener annotations found on bean class: org.springframework.web.method.support.CompositeUriComponentsContributor
17:59:19.363 [main] TRACE org.springframework.context.event.EventListenerMethodProcessor - No @EventListener annotations found on bean class: org.springframework.web.servlet.mvc.HttpRequestHandlerAdapter
17:59:19.363 [main] TRACE org.springframework.context.event.EventListenerMethodProcessor - No @EventListener annotations found on bean class: org.springframework.web.servlet.mvc.SimpleControllerHandlerAdapter
17:59:19.363 [main] TRACE org.springframework.context.event.EventListenerMethodProcessor - No @EventListener annotations found on bean class: org.springframework.web.servlet.handler.HandlerExceptionResolverComposite
17:59:19.364 [main] TRACE org.springframework.context.event.EventListenerMethodProcessor - No @EventListener annotations found on bean class: org.springframework.web.servlet.view.ViewResolverComposite
17:59:19.364 [main] TRACE org.springframework.context.event.EventListenerMethodProcessor - No @EventListener annotations found on bean class: org.springframework.web.servlet.handler.HandlerMappingIntrospector
17:59:19.364 [main] TRACE org.springframework.context.event.EventListenerMethodProcessor - No @EventListener annotations found on bean class: org.thymeleaf.spring5.view.ThymeleafViewResolver
17:59:19.364 [main] TRACE org.springframework.context.event.EventListenerMethodProcessor - No @EventListener annotations found on bean class: org.thymeleaf.spring5.SpringTemplateEngine
17:59:19.364 [main] TRACE org.springframework.context.event.EventListenerMethodProcessor - No @EventListener annotations found on bean class: org.thymeleaf.spring5.templateresolver.SpringResourceTemplateResolver
17:59:19.364 [main] TRACE org.springframework.context.event.EventListenerMethodProcessor - No @EventListener annotations found on bean class: org.springframework.web.servlet.i18n.SessionLocaleResolver
17:59:19.365 [main] TRACE org.springframework.context.event.EventListenerMethodProcessor - No @EventListener annotations found on bean class: org.springframework.transaction.annotation.ProxyTransactionManagementConfiguration$$EnhancerBySpringCGLIB$$7438399f
17:59:19.365 [main] TRACE org.springframework.context.event.EventListenerMethodProcessor - No @EventListener annotations found on bean class: org.springframework.transaction.interceptor.BeanFactoryTransactionAttributeSourceAdvisor
17:59:19.365 [main] TRACE org.springframework.context.event.EventListenerMethodProcessor - No @EventListener annotations found on bean class: org.springframework.transaction.annotation.AnnotationTransactionAttributeSource
17:59:19.365 [main] TRACE org.springframework.context.event.EventListenerMethodProcessor - No @EventListener annotations found on bean class: org.springframework.transaction.interceptor.TransactionInterceptor
17:59:19.365 [main] TRACE org.springframework.context.event.EventListenerMethodProcessor - No @EventListener annotations found on bean class: org.springframework.transaction.event.TransactionalEventListenerFactory
17:59:19.365 [main] TRACE org.springframework.context.event.EventListenerMethodProcessor - No @EventListener annotations found on bean class: org.apache.commons.dbcp2.BasicDataSource
17:59:19.366 [main] TRACE org.springframework.context.event.EventListenerMethodProcessor - No @EventListener annotations found on bean class: org.hibernate.internal.SessionFactoryImpl
17:59:19.366 [main] TRACE org.springframework.context.event.EventListenerMethodProcessor - No @EventListener annotations found on bean class: com.soft.dao.EshopDAOImpl
17:59:19.366 [main] TRACE org.springframework.context.event.EventListenerMethodProcessor - No @EventListener annotations found on bean class: org.springframework.orm.hibernate5.HibernateTransactionManager
17:59:19.367 [main] TRACE org.springframework.context.event.EventListenerMethodProcessor - No @EventListener annotations found on bean class: org.springframework.aop.framework.autoproxy.InfrastructureAdvisorAutoProxyCreator
17:59:19.371 [main] TRACE org.springframework.context.event.EventListenerMethodProcessor - No @EventListener annotations found on bean class: org.springframework.web.context.support.StandardServletEnvironment
17:59:19.372 [main] TRACE org.springframework.context.event.EventListenerMethodProcessor - No @EventListener annotations found on bean class: java.util.Properties
17:59:19.372 [main] TRACE org.springframework.context.event.EventListenerMethodProcessor - No @EventListener annotations found on bean class: java.util.Collections$UnmodifiableMap
17:59:19.374 [main] TRACE org.springframework.context.event.EventListenerMethodProcessor - No @EventListener annotations found on bean class: org.springframework.mock.web.MockServletContext
17:59:19.374 [main] TRACE org.springframework.context.event.EventListenerMethodProcessor - No @EventListener annotations found on bean class: org.springframework.context.annotation.ConfigurationClassParser$ImportStack
17:59:19.375 [main] TRACE org.springframework.context.event.EventListenerMethodProcessor - No @EventListener annotations found on bean class: org.springframework.context.event.SimpleApplicationEventMulticaster
17:59:19.376 [main] DEBUG org.springframework.web.context.support.GenericWebApplicationContext - Unable to locate LifecycleProcessor with name 'lifecycleProcessor': using default [org.springframework.context.support.DefaultLifecycleProcessor@1e1232cf]
17:59:19.376 [main] DEBUG org.springframework.beans.factory.support.DefaultListableBeanFactory - Returning cached instance of singleton bean 'lifecycleProcessor'
17:59:19.377 [main] TRACE org.springframework.web.context.support.GenericWebApplicationContext - Publishing event in org.springframework.web.context.support.GenericWebApplicationContext@38145825: org.springframework.context.event.ContextRefreshedEvent[source=org.springframework.web.context.support.GenericWebApplicationContext@38145825: startup date [Mon Feb 10 17:59:16 MSK 2020]; root of context hierarchy]
17:59:19.378 [main] DEBUG org.springframework.beans.factory.support.DefaultListableBeanFactory - Returning cached instance of singleton bean 'mvcResourceUrlProvider'
17:59:19.378 [main] DEBUG org.springframework.web.servlet.resource.ResourceUrlProvider - Looking for resource handler mappings
17:59:19.378 [main] DEBUG org.springframework.beans.factory.support.DefaultListableBeanFactory - Returning cached instance of singleton bean 'resourceHandlerMapping'
17:59:19.378 [main] DEBUG org.springframework.web.servlet.resource.ResourceUrlProvider - Found resource handler mapping: URL pattern="/img/**", locations=[class path resource [static/img/]], resolvers=[org.springframework.web.servlet.resource.PathResourceResolver@6588b715]
17:59:19.378 [main] DEBUG org.springframework.web.servlet.resource.ResourceUrlProvider - Found resource handler mapping: URL pattern="/css/**", locations=[class path resource [static/css/]], resolvers=[org.springframework.web.servlet.resource.PathResourceResolver@15a3b42]
17:59:19.378 [main] DEBUG org.springframework.web.servlet.resource.ResourceUrlProvider - Found resource handler mapping: URL pattern="/js/**", locations=[class path resource [static/js/]], resolvers=[org.springframework.web.servlet.resource.PathResourceResolver@52c9d3d0]
17:59:19.379 [main] TRACE org.springframework.core.env.PropertySourcesPropertyResolver - Searching for key 'spring.liveBeansView.mbeanDomain' in PropertySource 'servletConfigInitParams'
17:59:19.379 [main] TRACE org.springframework.core.env.PropertySourcesPropertyResolver - Searching for key 'spring.liveBeansView.mbeanDomain' in PropertySource 'servletContextInitParams'
17:59:19.379 [main] TRACE org.springframework.core.env.PropertySourcesPropertyResolver - Searching for key 'spring.liveBeansView.mbeanDomain' in PropertySource 'systemProperties'
17:59:19.379 [main] TRACE org.springframework.core.env.PropertySourcesPropertyResolver - Searching for key 'spring.liveBeansView.mbeanDomain' in PropertySource 'systemEnvironment'
17:59:19.379 [main] TRACE org.springframework.core.env.PropertySourcesPropertyResolver - Could not find key 'spring.liveBeansView.mbeanDomain' in any property source
17:59:19.380 [main] DEBUG org.springframework.test.context.cache.DefaultCacheAwareContextLoaderDelegate - Storing ApplicationContext [940857381] in cache under key [[WebMergedContextConfiguration@dc7df28 testClass = EshopDAOImplTest, locations = '{}', classes = '{class com.soft.config.AppConfig, class com.soft.config.DataAccessConfig}', contextInitializerClasses = '[]', activeProfiles = '{development}', propertySourceLocations = '{}', propertySourceProperties = '{}', contextCustomizers = set[[empty]], resourceBasePath = 'src/main/webapp', contextLoader = 'org.springframework.test.context.web.WebDelegatingSmartContextLoader', parent = [null]]]
17:59:19.380 [main] DEBUG org.springframework.test.context.cache - Spring test ApplicationContext cache statistics: [DefaultContextCache@298b64f7 size = 1, maxSize = 32, parentContextCount = 0, hitCount = 0, missCount = 1]
17:59:19.381 [main] DEBUG org.springframework.test.context.web.ServletTestExecutionListener - Setting up MockHttpServletRequest, MockHttpServletResponse, ServletWebRequest, and RequestContextHolder for test context [DefaultTestContext@55de24cc testClass = EshopDAOImplTest, testInstance = com.soft.dao.EshopDAOImplTest@7a6d7e92, testMethod = [null], testException = [null], mergedContextConfiguration = [WebMergedContextConfiguration@dc7df28 testClass = EshopDAOImplTest, locations = '{}', classes = '{class com.soft.config.AppConfig, class com.soft.config.DataAccessConfig}', contextInitializerClasses = '[]', activeProfiles = '{development}', propertySourceLocations = '{}', propertySourceProperties = '{}', contextCustomizers = set[[empty]], resourceBasePath = 'src/main/webapp', contextLoader = 'org.springframework.test.context.web.WebDelegatingSmartContextLoader', parent = [null]], attributes = map[[empty]]].
17:59:19.390 [main] DEBUG org.springframework.test.context.support.DependencyInjectionTestExecutionListener - Performing dependency injection for test context [[DefaultTestContext@55de24cc testClass = EshopDAOImplTest, testInstance = com.soft.dao.EshopDAOImplTest@7a6d7e92, testMethod = [null], testException = [null], mergedContextConfiguration = [WebMergedContextConfiguration@dc7df28 testClass = EshopDAOImplTest, locations = '{}', classes = '{class com.soft.config.AppConfig, class com.soft.config.DataAccessConfig}', contextInitializerClasses = '[]', activeProfiles = '{development}', propertySourceLocations = '{}', propertySourceProperties = '{}', contextCustomizers = set[[empty]], resourceBasePath = 'src/main/webapp', contextLoader = 'org.springframework.test.context.web.WebDelegatingSmartContextLoader', parent = [null]], attributes = map['org.springframework.test.context.web.ServletTestExecutionListener.populatedRequestContextHolder' -> true, 'org.springframework.test.context.web.ServletTestExecutionListener.resetRequestContextHolder' -> true]]].
17:59:19.390 [main] DEBUG org.springframework.test.context.cache.DefaultCacheAwareContextLoaderDelegate - Retrieved ApplicationContext [940857381] from cache with key [[WebMergedContextConfiguration@dc7df28 testClass = EshopDAOImplTest, locations = '{}', classes = '{class com.soft.config.AppConfig, class com.soft.config.DataAccessConfig}', contextInitializerClasses = '[]', activeProfiles = '{development}', propertySourceLocations = '{}', propertySourceProperties = '{}', contextCustomizers = set[[empty]], resourceBasePath = 'src/main/webapp', contextLoader = 'org.springframework.test.context.web.WebDelegatingSmartContextLoader', parent = [null]]]
17:59:19.390 [main] DEBUG org.springframework.test.context.cache - Spring test ApplicationContext cache statistics: [DefaultContextCache@298b64f7 size = 1, maxSize = 32, parentContextCount = 0, hitCount = 1, missCount = 1]
17:59:19.390 [main] TRACE org.springframework.beans.CachedIntrospectionResults - Getting BeanInfo for class [com.soft.dao.EshopDAOImplTest]
17:59:19.391 [main] TRACE org.springframework.beans.CachedIntrospectionResults - Caching PropertyDescriptors for class [com.soft.dao.EshopDAOImplTest]
17:59:19.391 [main] TRACE org.springframework.beans.CachedIntrospectionResults - Found bean property 'class' of type [java.lang.Class]
17:59:19.391 [main] DEBUG org.springframework.beans.factory.annotation.InjectionMetadata - Processing injected element of bean 'com.soft.dao.EshopDAOImplTest': AutowiredFieldElement for com.soft.dao.EshopDAOImpl com.soft.dao.EshopDAOImplTest.eshopDAOImpl
17:59:19.391 [main] DEBUG org.springframework.beans.factory.support.DefaultListableBeanFactory - Returning cached instance of singleton bean 'getDevLocaleDAO'
17:59:19.391 [main] DEBUG org.springframework.beans.factory.annotation.AutowiredAnnotationBeanPostProcessor - Autowiring by type from bean name 'com.soft.dao.EshopDAOImplTest' to bean named 'getDevLocaleDAO'
17:59:19.391 [main] DEBUG org.springframework.beans.factory.support.DefaultListableBeanFactory - Returning cached instance of singleton bean 'org.springframework.transaction.config.internalTransactionAdvisor'
17:59:19.395 [main] DEBUG org.springframework.test.context.cache.DefaultCacheAwareContextLoaderDelegate - Retrieved ApplicationContext [940857381] from cache with key [[WebMergedContextConfiguration@dc7df28 testClass = EshopDAOImplTest, locations = '{}', classes = '{class com.soft.config.AppConfig, class com.soft.config.DataAccessConfig}', contextInitializerClasses = '[]', activeProfiles = '{development}', propertySourceLocations = '{}', propertySourceProperties = '{}', contextCustomizers = set[[empty]], resourceBasePath = 'src/main/webapp', contextLoader = 'org.springframework.test.context.web.WebDelegatingSmartContextLoader', parent = [null]]]
17:59:19.395 [main] DEBUG org.springframework.test.context.cache - Spring test ApplicationContext cache statistics: [DefaultContextCache@298b64f7 size = 1, maxSize = 32, parentContextCount = 0, hitCount = 2, missCount = 1]
17:59:19.395 [main] TRACE org.springframework.web.context.support.GenericWebApplicationContext - Publishing event in org.springframework.web.context.support.GenericWebApplicationContext@38145825: org.springframework.test.context.event.PrepareTestInstanceEvent[source=[DefaultTestContext@55de24cc testClass = EshopDAOImplTest, testInstance = com.soft.dao.EshopDAOImplTest@7a6d7e92, testMethod = [null], testException = [null], mergedContextConfiguration = [WebMergedContextConfiguration@dc7df28 testClass = EshopDAOImplTest, locations = '{}', classes = '{class com.soft.config.AppConfig, class com.soft.config.DataAccessConfig}', contextInitializerClasses = '[]', activeProfiles = '{development}', propertySourceLocations = '{}', propertySourceProperties = '{}', contextCustomizers = set[[empty]], resourceBasePath = 'src/main/webapp', contextLoader = 'org.springframework.test.context.web.WebDelegatingSmartContextLoader', parent = [null]], attributes = map['org.springframework.test.context.web.ServletTestExecutionListener.populatedRequestContextHolder' -> true, 'org.springframework.test.context.web.ServletTestExecutionListener.resetRequestContextHolder' -> true]]]
17:59:19.396 [main] TRACE org.springframework.test.context.TestContextManager - beforeTestMethod(): instance [com.soft.dao.EshopDAOImplTest@7a6d7e92], method [public void com.soft.dao.EshopDAOImplTest.daoTest()]
17:59:19.397 [main] DEBUG org.springframework.test.context.support.AbstractDirtiesContextTestExecutionListener - Before test method: context [DefaultTestContext@55de24cc testClass = EshopDAOImplTest, testInstance = com.soft.dao.EshopDAOImplTest@7a6d7e92, testMethod = daoTest@EshopDAOImplTest, testException = [null], mergedContextConfiguration = [WebMergedContextConfiguration@dc7df28 testClass = EshopDAOImplTest, locations = '{}', classes = '{class com.soft.config.AppConfig, class com.soft.config.DataAccessConfig}', contextInitializerClasses = '[]', activeProfiles = '{development}', propertySourceLocations = '{}', propertySourceProperties = '{}', contextCustomizers = set[[empty]], resourceBasePath = 'src/main/webapp', contextLoader = 'org.springframework.test.context.web.WebDelegatingSmartContextLoader', parent = [null]], attributes = map['org.springframework.test.context.web.ServletTestExecutionListener.populatedRequestContextHolder' -> true, 'org.springframework.test.context.web.ServletTestExecutionListener.resetRequestContextHolder' -> true]], class annotated with @DirtiesContext [false] with mode [null], method annotated with @DirtiesContext [false] with mode [null].
17:59:19.399 [main] DEBUG org.springframework.test.context.cache.DefaultCacheAwareContextLoaderDelegate - Retrieved ApplicationContext [940857381] from cache with key [[WebMergedContextConfiguration@dc7df28 testClass = EshopDAOImplTest, locations = '{}', classes = '{class com.soft.config.AppConfig, class com.soft.config.DataAccessConfig}', contextInitializerClasses = '[]', activeProfiles = '{development}', propertySourceLocations = '{}', propertySourceProperties = '{}', contextCustomizers = set[[empty]], resourceBasePath = 'src/main/webapp', contextLoader = 'org.springframework.test.context.web.WebDelegatingSmartContextLoader', parent = [null]]]
17:59:19.400 [main] DEBUG org.springframework.test.context.cache - Spring test ApplicationContext cache statistics: [DefaultContextCache@298b64f7 size = 1, maxSize = 32, parentContextCount = 0, hitCount = 3, missCount = 1]
17:59:19.400 [main] TRACE org.springframework.web.context.support.GenericWebApplicationContext - Publishing event in org.springframework.web.context.support.GenericWebApplicationContext@38145825: org.springframework.test.context.event.BeforeTestMethodEvent[source=[DefaultTestContext@55de24cc testClass = EshopDAOImplTest, testInstance = com.soft.dao.EshopDAOImplTest@7a6d7e92, testMethod = daoTest@EshopDAOImplTest, testException = [null], mergedContextConfiguration = [WebMergedContextConfiguration@dc7df28 testClass = EshopDAOImplTest, locations = '{}', classes = '{class com.soft.config.AppConfig, class com.soft.config.DataAccessConfig}', contextInitializerClasses = '[]', activeProfiles = '{development}', propertySourceLocations = '{}', propertySourceProperties = '{}', contextCustomizers = set[[empty]], resourceBasePath = 'src/main/webapp', contextLoader = 'org.springframework.test.context.web.WebDelegatingSmartContextLoader', parent = [null]], attributes = map['org.springframework.test.context.web.ServletTestExecutionListener.populatedRequestContextHolder' -> true, 'org.springframework.test.context.web.ServletTestExecutionListener.resetRequestContextHolder' -> true]]]
17:59:19.400 [main] TRACE org.springframework.test.context.TestContextManager - beforeTestExecution(): instance [com.soft.dao.EshopDAOImplTest@7a6d7e92], method [public void com.soft.dao.EshopDAOImplTest.daoTest()]
17:59:19.401 [main] DEBUG org.springframework.test.context.cache.DefaultCacheAwareContextLoaderDelegate - Retrieved ApplicationContext [940857381] from cache with key [[WebMergedContextConfiguration@dc7df28 testClass = EshopDAOImplTest, locations = '{}', classes = '{class com.soft.config.AppConfig, class com.soft.config.DataAccessConfig}', contextInitializerClasses = '[]', activeProfiles = '{development}', propertySourceLocations = '{}', propertySourceProperties = '{}', contextCustomizers = set[[empty]], resourceBasePath = 'src/main/webapp', contextLoader = 'org.springframework.test.context.web.WebDelegatingSmartContextLoader', parent = [null]]]
17:59:19.401 [main] DEBUG org.springframework.test.context.cache - Spring test ApplicationContext cache statistics: [DefaultContextCache@298b64f7 size = 1, maxSize = 32, parentContextCount = 0, hitCount = 4, missCount = 1]
17:59:19.401 [main] TRACE org.springframework.web.context.support.GenericWebApplicationContext - Publishing event in org.springframework.web.context.support.GenericWebApplicationContext@38145825: org.springframework.test.context.event.BeforeTestExecutionEvent[source=[DefaultTestContext@55de24cc testClass = EshopDAOImplTest, testInstance = com.soft.dao.EshopDAOImplTest@7a6d7e92, testMethod = daoTest@EshopDAOImplTest, testException = [null], mergedContextConfiguration = [WebMergedContextConfiguration@dc7df28 testClass = EshopDAOImplTest, locations = '{}', classes = '{class com.soft.config.AppConfig, class com.soft.config.DataAccessConfig}', contextInitializerClasses = '[]', activeProfiles = '{development}', propertySourceLocations = '{}', propertySourceProperties = '{}', contextCustomizers = set[[empty]], resourceBasePath = 'src/main/webapp', contextLoader = 'org.springframework.test.context.web.WebDelegatingSmartContextLoader', parent = [null]], attributes = map['org.springframework.test.context.web.ServletTestExecutionListener.populatedRequestContextHolder' -> true, 'org.springframework.test.context.web.ServletTestExecutionListener.resetRequestContextHolder' -> true]]]
17:59:19.403 [main] TRACE org.hibernate.internal.SessionFactoryImpl$SessionBuilderImpl - Opening Hibernate Session.  tenant=null, owner=null
17:59:19.452 [main] TRACE org.hibernate.service.internal.AbstractServiceRegistryImpl - Initializing service [role=org.hibernate.stat.spi.StatisticsImplementor]
17:59:19.455 [main] DEBUG org.hibernate.stat.internal.StatisticsInitiator - Statistics initialized [enabled=false]
17:59:19.459 [main] TRACE org.hibernate.internal.SessionImpl - Opened Session [86770c01-6d93-4122-94e5-39685883b45f] at timestamp: 6477196326633472
17:59:19.460 [main] DEBUG org.hibernate.engine.transaction.internal.TransactionImpl - begin
17:59:19.460 [main] TRACE org.hibernate.resource.jdbc.internal.AbstractLogicalConnectionImplementor - Preparing to begin transaction via JDBC Connection.setAutoCommit(false)
17:59:19.460 [main] TRACE org.hibernate.resource.jdbc.internal.AbstractLogicalConnectionImplementor - Transaction begun via JDBC Connection.setAutoCommit(false)
17:59:19.460 [main] TRACE org.hibernate.resource.transaction.backend.jdbc.internal.JdbcResourceLocalTransactionCoordinatorImpl - ResourceLocalTransactionCoordinatorImpl#afterBeginCallback
17:59:19.467 [main] TRACE org.hibernate.engine.query.spi.QueryPlanCache - Unable to locate HQL query plan in cache; generating (FROM PersonEntity)
17:59:19.470 [main] TRACE org.hibernate.service.internal.AbstractServiceRegistryImpl - Initializing service [role=org.hibernate.hql.spi.QueryTranslatorFactory]
17:59:19.470 [main] DEBUG org.hibernate.hql.internal.QueryTranslatorFactoryInitiator - QueryTranslatorFactory : org.hibernate.hql.internal.ast.ASTQueryTranslatorFactory@4bf80c29
17:59:19.471 [main] INFO  org.hibernate.hql.internal.QueryTranslatorFactoryInitiator - HHH000397: Using ASTQueryTranslatorFactory
17:59:19.499 [main] DEBUG org.hibernate.hql.internal.ast.QueryTranslatorImpl - parse() - HQL: FROM com.soft.entity.PersonEntity
17:59:19.501 [main] DEBUG org.hibernate.hql.internal.ast.ErrorCounter - throwQueryException() : no errors
17:59:19.503 [main] DEBUG org.hibernate.hql.internal.ast.QueryTranslatorImpl - --- HQL AST ---
 \-[QUERY] Node: 'query'
    \-[SELECT_FROM] Node: 'SELECT_FROM'
       \-[FROM] Node: 'FROM'
          \-[RANGE] Node: 'RANGE'
             \-[DOT] Node: '.'
                +-[DOT] Node: '.'
                |  +-[DOT] Node: '.'
                |  |  +-[IDENT] Node: 'com'
                |  |  \-[IDENT] Node: 'soft'
                |  \-[IDENT] Node: 'entity'
                \-[IDENT] Node: 'PersonEntity'

17:59:19.524 [main] DEBUG org.hibernate.hql.internal.antlr.HqlSqlBaseWalker - select << begin [level=1, statement=select]
17:59:19.532 [main] DEBUG org.hibernate.hql.internal.ast.tree.FromElement - FromClause{level=1} : com.soft.entity.PersonEntity (<no alias>) -> personenti0_
17:59:19.532 [main] DEBUG org.hibernate.hql.internal.antlr.HqlSqlBaseWalker - select : finishing up [level=1, statement=select]
17:59:19.533 [main] DEBUG org.hibernate.hql.internal.ast.HqlSqlWalker - processQuery() :  ( SELECT ( FromClause{level=1} PERSON personenti0_ ) )
17:59:19.536 [main] DEBUG org.hibernate.hql.internal.ast.HqlSqlWalker - Derived SELECT clause created.
17:59:19.539 [main] DEBUG org.hibernate.hql.internal.ast.util.JoinProcessor - Using FROM fragment [PERSON personenti0_]
17:59:19.540 [main] DEBUG org.hibernate.hql.internal.antlr.HqlSqlBaseWalker - select >> end [level=1, statement=select]
17:59:19.540 [main] DEBUG org.hibernate.hql.internal.ast.QueryTranslatorImpl - --- SQL AST ---
 \-[SELECT] QueryNode: 'SELECT'  querySpaces (PERSON)
    +-[SELECT_CLAUSE] SelectClause: '{derived select clause}'
    |  +-[SELECT_EXPR] SelectExpressionImpl: 'personenti0_.ID as ID1_2_' {FromElement{explicit,not a collection join,not a fetch join,fetch non-lazy properties,classAlias=null,role=null,tableName=PERSON,tableAlias=personenti0_,origin=null,columns={,className=com.soft.entity.PersonEntity}}}
    |  \-[SQL_TOKEN] SqlFragment: 'personenti0_.NAME as NAME2_2_'
    \-[FROM] FromClause: 'FROM' FromClause{level=1, fromElementCounter=1, fromElements=1, fromElementByClassAlias=[], fromElementByTableAlias=[personenti0_], fromElementsByPath=[], collectionJoinFromElementsByPath=[], impliedElements=[]}
       \-[FROM_FRAGMENT] FromElement: 'PERSON personenti0_' FromElement{explicit,not a collection join,not a fetch join,fetch non-lazy properties,classAlias=null,role=null,tableName=PERSON,tableAlias=personenti0_,origin=null,columns={,className=com.soft.entity.PersonEntity}}

17:59:19.540 [main] DEBUG org.hibernate.hql.internal.ast.ErrorCounter - throwQueryException() : no errors
17:59:19.545 [main] DEBUG org.hibernate.hql.internal.ast.QueryTranslatorImpl - HQL: FROM com.soft.entity.PersonEntity
17:59:19.545 [main] DEBUG org.hibernate.hql.internal.ast.QueryTranslatorImpl - SQL: select personenti0_.ID as ID1_2_, personenti0_.NAME as NAME2_2_ from PERSON personenti0_
17:59:19.545 [main] DEBUG org.hibernate.hql.internal.ast.ErrorCounter - throwQueryException() : no errors
17:59:19.548 [main] TRACE org.hibernate.engine.query.spi.HQLQueryPlan - HQL param location recognition took 590 423 nanoseconds (FROM PersonEntity)
17:59:19.551 [main] TRACE org.hibernate.engine.query.spi.QueryPlanCache - Located HQL query plan in cache (FROM PersonEntity)
17:59:19.553 [main] TRACE org.hibernate.engine.query.spi.HQLQueryPlan - Find: FROM PersonEntity
17:59:19.554 [main] TRACE org.hibernate.engine.spi.QueryParameters - Named parameters: {}
17:59:19.556 [main] DEBUG org.hibernate.SQL - select personenti0_.ID as ID1_2_, personenti0_.NAME as NAME2_2_ from PERSON personenti0_
17:59:19.559 [main] DEBUG org.hibernate.engine.jdbc.spi.SqlExceptionHelper - could not prepare statement [select personenti0_.ID as ID1_2_, personenti0_.NAME as NAME2_2_ from PERSON personenti0_]
java.sql.SQLSyntaxErrorException: user lacks privilege or object not found: PERSON in statement [select personenti0_.ID as ID1_2_, personenti0_.NAME as NAME2_2_ from PERSON personenti0_]
	at org.hsqldb.jdbc.JDBCUtil.sqlException(Unknown Source) ~[hsqldb-2.5.0.jar:2.5.0]
	at org.hsqldb.jdbc.JDBCUtil.sqlException(Unknown Source) ~[hsqldb-2.5.0.jar:2.5.0]
	at org.hsqldb.jdbc.JDBCPreparedStatement.<init>(Unknown Source) ~[hsqldb-2.5.0.jar:2.5.0]
	at org.hsqldb.jdbc.JDBCConnection.prepareStatement(Unknown Source) ~[hsqldb-2.5.0.jar:2.5.0]
	at org.apache.commons.dbcp2.DelegatingConnection.prepareStatement(DelegatingConnection.java:303) ~[commons-dbcp2-2.7.0.jar:2.7.0]
	at org.apache.commons.dbcp2.DelegatingConnection.prepareStatement(DelegatingConnection.java:303) ~[commons-dbcp2-2.7.0.jar:2.7.0]
	at org.hibernate.engine.jdbc.internal.StatementPreparerImpl$5.doPrepare(StatementPreparerImpl.java:146) ~[hibernate-core-5.2.13.Final.jar:5.2.13.Final]
	at org.hibernate.engine.jdbc.internal.StatementPreparerImpl$StatementPreparationTemplate.prepareStatement(StatementPreparerImpl.java:172) ~[hibernate-core-5.2.13.Final.jar:5.2.13.Final]
	at org.hibernate.engine.jdbc.internal.StatementPreparerImpl.prepareQueryStatement(StatementPreparerImpl.java:148) ~[hibernate-core-5.2.13.Final.jar:5.2.13.Final]
	at org.hibernate.loader.Loader.prepareQueryStatement(Loader.java:1985) ~[hibernate-core-5.2.13.Final.jar:5.2.13.Final]
	at org.hibernate.loader.Loader.executeQueryStatement(Loader.java:1915) ~[hibernate-core-5.2.13.Final.jar:5.2.13.Final]
	at org.hibernate.loader.Loader.executeQueryStatement(Loader.java:1893) ~[hibernate-core-5.2.13.Final.jar:5.2.13.Final]
	at org.hibernate.loader.Loader.doQuery(Loader.java:938) ~[hibernate-core-5.2.13.Final.jar:5.2.13.Final]
	at org.hibernate.loader.Loader.doQueryAndInitializeNonLazyCollections(Loader.java:341) ~[hibernate-core-5.2.13.Final.jar:5.2.13.Final]
	at org.hibernate.loader.Loader.doList(Loader.java:2692) ~[hibernate-core-5.2.13.Final.jar:5.2.13.Final]
	at org.hibernate.loader.Loader.doList(Loader.java:2675) ~[hibernate-core-5.2.13.Final.jar:5.2.13.Final]
	at org.hibernate.loader.Loader.listIgnoreQueryCache(Loader.java:2507) ~[hibernate-core-5.2.13.Final.jar:5.2.13.Final]
	at org.hibernate.loader.Loader.list(Loader.java:2502) ~[hibernate-core-5.2.13.Final.jar:5.2.13.Final]
	at org.hibernate.loader.hql.QueryLoader.list(QueryLoader.java:502) ~[hibernate-core-5.2.13.Final.jar:5.2.13.Final]
	at org.hibernate.hql.internal.ast.QueryTranslatorImpl.list(QueryTranslatorImpl.java:392) ~[hibernate-core-5.2.13.Final.jar:5.2.13.Final]
	at org.hibernate.engine.query.spi.HQLQueryPlan.performList(HQLQueryPlan.java:216) ~[hibernate-core-5.2.13.Final.jar:5.2.13.Final]
	at org.hibernate.internal.SessionImpl.list(SessionImpl.java:1490) ~[hibernate-core-5.2.13.Final.jar:5.2.13.Final]
	at org.hibernate.query.internal.AbstractProducedQuery.doList(AbstractProducedQuery.java:1445) ~[hibernate-core-5.2.13.Final.jar:5.2.13.Final]
	at org.hibernate.query.internal.AbstractProducedQuery.list(AbstractProducedQuery.java:1414) ~[hibernate-core-5.2.13.Final.jar:5.2.13.Final]
	at com.soft.dao.EshopDAOImpl.testHSQLDB(EshopDAOImpl.java:289) ~[classes/:?]
	at com.soft.dao.EshopDAOImplTest.daoTest(EshopDAOImplTest.java:48) ~[test-classes/:?]
	at sun.reflect.NativeMethodAccessorImpl.invoke0(Native Method) ~[?:1.8.0_211]
	at sun.reflect.NativeMethodAccessorImpl.invoke(NativeMethodAccessorImpl.java:62) ~[?:1.8.0_211]
	at sun.reflect.DelegatingMethodAccessorImpl.invoke(DelegatingMethodAccessorImpl.java:43) ~[?:1.8.0_211]
	at java.lang.reflect.Method.invoke(Method.java:498) ~[?:1.8.0_211]
	at org.junit.platform.commons.util.ReflectionUtils.invokeMethod(ReflectionUtils.java:686) ~[junit-platform-commons-1.6.0.jar:1.6.0]
	at org.junit.jupiter.engine.execution.MethodInvocation.proceed(MethodInvocation.java:60) ~[junit-jupiter-engine-5.6.0.jar:5.6.0]
	at org.junit.jupiter.engine.execution.InvocationInterceptorChain$ValidatingInvocation.proceed(InvocationInterceptorChain.java:131) ~[junit-jupiter-engine-5.6.0.jar:5.6.0]
	at org.junit.jupiter.engine.extension.TimeoutExtension.intercept(TimeoutExtension.java:149) ~[junit-jupiter-engine-5.6.0.jar:5.6.0]
	at org.junit.jupiter.engine.extension.TimeoutExtension.interceptTestableMethod(TimeoutExtension.java:140) ~[junit-jupiter-engine-5.6.0.jar:5.6.0]
	at org.junit.jupiter.engine.extension.TimeoutExtension.interceptTestMethod(TimeoutExtension.java:84) ~[junit-jupiter-engine-5.6.0.jar:5.6.0]
	at org.junit.jupiter.engine.execution.ExecutableInvoker$ReflectiveInterceptorCall.lambda$ofVoidMethod$0(ExecutableInvoker.java:115) ~[junit-jupiter-engine-5.6.0.jar:5.6.0]
	at org.junit.jupiter.engine.execution.ExecutableInvoker.lambda$invoke$0(ExecutableInvoker.java:105) ~[junit-jupiter-engine-5.6.0.jar:5.6.0]
	at org.junit.jupiter.engine.execution.InvocationInterceptorChain$InterceptedInvocation.proceed(InvocationInterceptorChain.java:106) ~[junit-jupiter-engine-5.6.0.jar:5.6.0]
	at org.junit.jupiter.engine.execution.InvocationInterceptorChain.proceed(InvocationInterceptorChain.java:64) ~[junit-jupiter-engine-5.6.0.jar:5.6.0]
	at org.junit.jupiter.engine.execution.InvocationInterceptorChain.chainAndInvoke(InvocationInterceptorChain.java:45) ~[junit-jupiter-engine-5.6.0.jar:5.6.0]
	at org.junit.jupiter.engine.execution.InvocationInterceptorChain.invoke(InvocationInterceptorChain.java:37) ~[junit-jupiter-engine-5.6.0.jar:5.6.0]
	at org.junit.jupiter.engine.execution.ExecutableInvoker.invoke(ExecutableInvoker.java:104) ~[junit-jupiter-engine-5.6.0.jar:5.6.0]
	at org.junit.jupiter.engine.execution.ExecutableInvoker.invoke(ExecutableInvoker.java:98) ~[junit-jupiter-engine-5.6.0.jar:5.6.0]
	at org.junit.jupiter.engine.descriptor.TestMethodTestDescriptor.lambda$invokeTestMethod$6(TestMethodTestDescriptor.java:205) ~[junit-jupiter-engine-5.6.0.jar:5.6.0]
	at org.junit.platform.engine.support.hierarchical.ThrowableCollector.execute(ThrowableCollector.java:73) ~[junit-platform-engine-1.6.0.jar:1.6.0]
	at org.junit.jupiter.engine.descriptor.TestMethodTestDescriptor.invokeTestMethod(TestMethodTestDescriptor.java:201) ~[junit-jupiter-engine-5.6.0.jar:5.6.0]
	at org.junit.jupiter.engine.descriptor.TestMethodTestDescriptor.execute(TestMethodTestDescriptor.java:137) ~[junit-jupiter-engine-5.6.0.jar:5.6.0]
	at org.junit.jupiter.engine.descriptor.TestMethodTestDescriptor.execute(TestMethodTestDescriptor.java:71) ~[junit-jupiter-engine-5.6.0.jar:5.6.0]
	at org.junit.platform.engine.support.hierarchical.NodeTestTask.lambda$executeRecursively$5(NodeTestTask.java:135) ~[junit-platform-engine-1.6.0.jar:1.6.0]
	at org.junit.platform.engine.support.hierarchical.ThrowableCollector.execute(ThrowableCollector.java:73) ~[junit-platform-engine-1.6.0.jar:1.6.0]
	at org.junit.platform.engine.support.hierarchical.NodeTestTask.lambda$executeRecursively$7(NodeTestTask.java:125) ~[junit-platform-engine-1.6.0.jar:1.6.0]
	at org.junit.platform.engine.support.hierarchical.Node.around(Node.java:135) ~[junit-platform-engine-1.6.0.jar:1.6.0]
	at org.junit.platform.engine.support.hierarchical.NodeTestTask.lambda$executeRecursively$8(NodeTestTask.java:123) ~[junit-platform-engine-1.6.0.jar:1.6.0]
	at org.junit.platform.engine.support.hierarchical.ThrowableCollector.execute(ThrowableCollector.java:73) ~[junit-platform-engine-1.6.0.jar:1.6.0]
	at org.junit.platform.engine.support.hierarchical.NodeTestTask.executeRecursively(NodeTestTask.java:122) ~[junit-platform-engine-1.6.0.jar:1.6.0]
	at org.junit.platform.engine.support.hierarchical.NodeTestTask.execute(NodeTestTask.java:80) ~[junit-platform-engine-1.6.0.jar:1.6.0]
	at java.util.ArrayList.forEach(ArrayList.java:1257) ~[?:1.8.0_211]
	at org.junit.platform.engine.support.hierarchical.SameThreadHierarchicalTestExecutorService.invokeAll(SameThreadHierarchicalTestExecutorService.java:38) ~[junit-platform-engine-1.6.0.jar:1.6.0]
	at org.junit.platform.engine.support.hierarchical.NodeTestTask.lambda$executeRecursively$5(NodeTestTask.java:139) ~[junit-platform-engine-1.6.0.jar:1.6.0]
	at org.junit.platform.engine.support.hierarchical.ThrowableCollector.execute(ThrowableCollector.java:73) ~[junit-platform-engine-1.6.0.jar:1.6.0]
	at org.junit.platform.engine.support.hierarchical.NodeTestTask.lambda$executeRecursively$7(NodeTestTask.java:125) ~[junit-platform-engine-1.6.0.jar:1.6.0]
	at org.junit.platform.engine.support.hierarchical.Node.around(Node.java:135) ~[junit-platform-engine-1.6.0.jar:1.6.0]
	at org.junit.platform.engine.support.hierarchical.NodeTestTask.lambda$executeRecursively$8(NodeTestTask.java:123) ~[junit-platform-engine-1.6.0.jar:1.6.0]
	at org.junit.platform.engine.support.hierarchical.ThrowableCollector.execute(ThrowableCollector.java:73) ~[junit-platform-engine-1.6.0.jar:1.6.0]
	at org.junit.platform.engine.support.hierarchical.NodeTestTask.executeRecursively(NodeTestTask.java:122) ~[junit-platform-engine-1.6.0.jar:1.6.0]
	at org.junit.platform.engine.support.hierarchical.NodeTestTask.execute(NodeTestTask.java:80) ~[junit-platform-engine-1.6.0.jar:1.6.0]
	at java.util.ArrayList.forEach(ArrayList.java:1257) ~[?:1.8.0_211]
	at org.junit.platform.engine.support.hierarchical.SameThreadHierarchicalTestExecutorService.invokeAll(SameThreadHierarchicalTestExecutorService.java:38) ~[junit-platform-engine-1.6.0.jar:1.6.0]
	at org.junit.platform.engine.support.hierarchical.NodeTestTask.lambda$executeRecursively$5(NodeTestTask.java:139) ~[junit-platform-engine-1.6.0.jar:1.6.0]
	at org.junit.platform.engine.support.hierarchical.ThrowableCollector.execute(ThrowableCollector.java:73) ~[junit-platform-engine-1.6.0.jar:1.6.0]
	at org.junit.platform.engine.support.hierarchical.NodeTestTask.lambda$executeRecursively$7(NodeTestTask.java:125) ~[junit-platform-engine-1.6.0.jar:1.6.0]
	at org.junit.platform.engine.support.hierarchical.Node.around(Node.java:135) ~[junit-platform-engine-1.6.0.jar:1.6.0]
	at org.junit.platform.engine.support.hierarchical.NodeTestTask.lambda$executeRecursively$8(NodeTestTask.java:123) ~[junit-platform-engine-1.6.0.jar:1.6.0]
	at org.junit.platform.engine.support.hierarchical.ThrowableCollector.execute(ThrowableCollector.java:73) [junit-platform-engine-1.6.0.jar:1.6.0]
	at org.junit.platform.engine.support.hierarchical.NodeTestTask.executeRecursively(NodeTestTask.java:122) [junit-platform-engine-1.6.0.jar:1.6.0]
	at org.junit.platform.engine.support.hierarchical.NodeTestTask.execute(NodeTestTask.java:80) [junit-platform-engine-1.6.0.jar:1.6.0]
	at org.junit.platform.engine.support.hierarchical.SameThreadHierarchicalTestExecutorService.submit(SameThreadHierarchicalTestExecutorService.java:32) [junit-platform-engine-1.6.0.jar:1.6.0]
	at org.junit.platform.engine.support.hierarchical.HierarchicalTestExecutor.execute(HierarchicalTestExecutor.java:57) [junit-platform-engine-1.6.0.jar:1.6.0]
	at org.junit.platform.engine.support.hierarchical.HierarchicalTestEngine.execute(HierarchicalTestEngine.java:51) [junit-platform-engine-1.6.0.jar:1.6.0]
	at org.junit.platform.launcher.core.DefaultLauncher.execute(DefaultLauncher.java:170) [junit-platform-launcher-1.1.0.jar:1.1.0]
	at org.junit.platform.launcher.core.DefaultLauncher.execute(DefaultLauncher.java:154) [junit-platform-launcher-1.1.0.jar:1.1.0]
	at org.junit.platform.launcher.core.DefaultLauncher.execute(DefaultLauncher.java:90) [junit-platform-launcher-1.1.0.jar:1.1.0]
	at org.junit.platform.surefire.provider.JUnitPlatformProvider.invokeAllTests(JUnitPlatformProvider.java:132) [junit-platform-surefire-provider-1.1.0.jar:1.1.0]
	at org.junit.platform.surefire.provider.JUnitPlatformProvider.invoke(JUnitPlatformProvider.java:111) [junit-platform-surefire-provider-1.1.0.jar:1.1.0]
	at org.apache.maven.surefire.booter.ForkedBooter.invokeProviderInSameClassLoader(ForkedBooter.java:290) [surefire-booter-2.19.1.jar:2.19.1]
	at org.apache.maven.surefire.booter.ForkedBooter.runSuitesInProcess(ForkedBooter.java:242) [surefire-booter-2.19.1.jar:2.19.1]
	at org.apache.maven.surefire.booter.ForkedBooter.main(ForkedBooter.java:121) [surefire-booter-2.19.1.jar:2.19.1]
Caused by: org.hsqldb.HsqlException: user lacks privilege or object not found: PERSON
	at org.hsqldb.error.Error.error(Unknown Source) ~[hsqldb-2.5.0.jar:2.5.0]
	at org.hsqldb.error.Error.error(Unknown Source) ~[hsqldb-2.5.0.jar:2.5.0]
	at org.hsqldb.ParserDQL.readTableName(Unknown Source) ~[hsqldb-2.5.0.jar:2.5.0]
	at org.hsqldb.ParserDQL.readTableOrSubquery(Unknown Source) ~[hsqldb-2.5.0.jar:2.5.0]
	at org.hsqldb.ParserDQL.XreadTableReference(Unknown Source) ~[hsqldb-2.5.0.jar:2.5.0]
	at org.hsqldb.ParserDQL.XreadFromClause(Unknown Source) ~[hsqldb-2.5.0.jar:2.5.0]
	at org.hsqldb.ParserDQL.XreadTableExpression(Unknown Source) ~[hsqldb-2.5.0.jar:2.5.0]
	at org.hsqldb.ParserDQL.XreadQuerySpecification(Unknown Source) ~[hsqldb-2.5.0.jar:2.5.0]
	at org.hsqldb.ParserDQL.XreadSimpleTable(Unknown Source) ~[hsqldb-2.5.0.jar:2.5.0]
	at org.hsqldb.ParserDQL.XreadQueryPrimary(Unknown Source) ~[hsqldb-2.5.0.jar:2.5.0]
	at org.hsqldb.ParserDQL.XreadQueryTerm(Unknown Source) ~[hsqldb-2.5.0.jar:2.5.0]
	at org.hsqldb.ParserDQL.XreadQueryExpressionBody(Unknown Source) ~[hsqldb-2.5.0.jar:2.5.0]
	at org.hsqldb.ParserDQL.XreadQueryExpression(Unknown Source) ~[hsqldb-2.5.0.jar:2.5.0]
	at org.hsqldb.ParserDQL.compileCursorSpecification(Unknown Source) ~[hsqldb-2.5.0.jar:2.5.0]
	at org.hsqldb.ParserCommand.compilePart(Unknown Source) ~[hsqldb-2.5.0.jar:2.5.0]
	at org.hsqldb.ParserCommand.compileStatement(Unknown Source) ~[hsqldb-2.5.0.jar:2.5.0]
	at org.hsqldb.Session.compileStatement(Unknown Source) ~[hsqldb-2.5.0.jar:2.5.0]
	at org.hsqldb.StatementManager.compile(Unknown Source) ~[hsqldb-2.5.0.jar:2.5.0]
	at org.hsqldb.Session.execute(Unknown Source) ~[hsqldb-2.5.0.jar:2.5.0]
	... 86 more
17:59:19.561 [main] WARN  org.hibernate.engine.jdbc.spi.SqlExceptionHelper - SQL Error: -5501, SQLState: 42501
17:59:19.561 [main] ERROR org.hibernate.engine.jdbc.spi.SqlExceptionHelper - user lacks privilege or object not found: PERSON in statement [select personenti0_.ID as ID1_2_, personenti0_.NAME as NAME2_2_ from PERSON personenti0_]
17:59:19.562 [main] DEBUG org.hibernate.resource.transaction.backend.jdbc.internal.JdbcResourceLocalTransactionCoordinatorImpl - JDBC transaction marked for rollback-only (exception provided for stack trace)
java.lang.Exception: exception just for purpose of providing stack trace
	at org.hibernate.resource.transaction.backend.jdbc.internal.JdbcResourceLocalTransactionCoordinatorImpl$TransactionDriverControlImpl.markRollbackOnly(JdbcResourceLocalTransactionCoordinatorImpl.java:266) ~[hibernate-core-5.2.13.Final.jar:5.2.13.Final]
	at org.hibernate.engine.transaction.internal.TransactionImpl.setRollbackOnly(TransactionImpl.java:143) ~[hibernate-core-5.2.13.Final.jar:5.2.13.Final]
	at org.hibernate.Transaction.markRollbackOnly(Transaction.java:68) ~[hibernate-core-5.2.13.Final.jar:5.2.13.Final]
	at org.hibernate.internal.AbstractSharedSessionContract.markForRollbackOnly(AbstractSharedSessionContract.java:364) ~[hibernate-core-5.2.13.Final.jar:5.2.13.Final]
	at org.hibernate.internal.ExceptionConverterImpl.handlePersistenceException(ExceptionConverterImpl.java:273) ~[hibernate-core-5.2.13.Final.jar:5.2.13.Final]
	at org.hibernate.internal.ExceptionConverterImpl.convert(ExceptionConverterImpl.java:150) ~[hibernate-core-5.2.13.Final.jar:5.2.13.Final]
	at org.hibernate.internal.ExceptionConverterImpl.convert(ExceptionConverterImpl.java:157) ~[hibernate-core-5.2.13.Final.jar:5.2.13.Final]
	at org.hibernate.query.internal.AbstractProducedQuery.list(AbstractProducedQuery.java:1423) ~[hibernate-core-5.2.13.Final.jar:5.2.13.Final]
	at com.soft.dao.EshopDAOImpl.testHSQLDB(EshopDAOImpl.java:289) ~[classes/:?]
	at com.soft.dao.EshopDAOImplTest.daoTest(EshopDAOImplTest.java:48) ~[test-classes/:?]
	at sun.reflect.NativeMethodAccessorImpl.invoke0(Native Method) ~[?:1.8.0_211]
	at sun.reflect.NativeMethodAccessorImpl.invoke(NativeMethodAccessorImpl.java:62) ~[?:1.8.0_211]
	at sun.reflect.DelegatingMethodAccessorImpl.invoke(DelegatingMethodAccessorImpl.java:43) ~[?:1.8.0_211]
	at java.lang.reflect.Method.invoke(Method.java:498) ~[?:1.8.0_211]
	at org.junit.platform.commons.util.ReflectionUtils.invokeMethod(ReflectionUtils.java:686) ~[junit-platform-commons-1.6.0.jar:1.6.0]
	at org.junit.jupiter.engine.execution.MethodInvocation.proceed(MethodInvocation.java:60) ~[junit-jupiter-engine-5.6.0.jar:5.6.0]
	at org.junit.jupiter.engine.execution.InvocationInterceptorChain$ValidatingInvocation.proceed(InvocationInterceptorChain.java:131) ~[junit-jupiter-engine-5.6.0.jar:5.6.0]
	at org.junit.jupiter.engine.extension.TimeoutExtension.intercept(TimeoutExtension.java:149) ~[junit-jupiter-engine-5.6.0.jar:5.6.0]
	at org.junit.jupiter.engine.extension.TimeoutExtension.interceptTestableMethod(TimeoutExtension.java:140) ~[junit-jupiter-engine-5.6.0.jar:5.6.0]
	at org.junit.jupiter.engine.extension.TimeoutExtension.interceptTestMethod(TimeoutExtension.java:84) ~[junit-jupiter-engine-5.6.0.jar:5.6.0]
	at org.junit.jupiter.engine.execution.ExecutableInvoker$ReflectiveInterceptorCall.lambda$ofVoidMethod$0(ExecutableInvoker.java:115) ~[junit-jupiter-engine-5.6.0.jar:5.6.0]
	at org.junit.jupiter.engine.execution.ExecutableInvoker.lambda$invoke$0(ExecutableInvoker.java:105) ~[junit-jupiter-engine-5.6.0.jar:5.6.0]
	at org.junit.jupiter.engine.execution.InvocationInterceptorChain$InterceptedInvocation.proceed(InvocationInterceptorChain.java:106) ~[junit-jupiter-engine-5.6.0.jar:5.6.0]
	at org.junit.jupiter.engine.execution.InvocationInterceptorChain.proceed(InvocationInterceptorChain.java:64) ~[junit-jupiter-engine-5.6.0.jar:5.6.0]
	at org.junit.jupiter.engine.execution.InvocationInterceptorChain.chainAndInvoke(InvocationInterceptorChain.java:45) ~[junit-jupiter-engine-5.6.0.jar:5.6.0]
	at org.junit.jupiter.engine.execution.InvocationInterceptorChain.invoke(InvocationInterceptorChain.java:37) ~[junit-jupiter-engine-5.6.0.jar:5.6.0]
	at org.junit.jupiter.engine.execution.ExecutableInvoker.invoke(ExecutableInvoker.java:104) ~[junit-jupiter-engine-5.6.0.jar:5.6.0]
	at org.junit.jupiter.engine.execution.ExecutableInvoker.invoke(ExecutableInvoker.java:98) ~[junit-jupiter-engine-5.6.0.jar:5.6.0]
	at org.junit.jupiter.engine.descriptor.TestMethodTestDescriptor.lambda$invokeTestMethod$6(TestMethodTestDescriptor.java:205) ~[junit-jupiter-engine-5.6.0.jar:5.6.0]
	at org.junit.platform.engine.support.hierarchical.ThrowableCollector.execute(ThrowableCollector.java:73) ~[junit-platform-engine-1.6.0.jar:1.6.0]
	at org.junit.jupiter.engine.descriptor.TestMethodTestDescriptor.invokeTestMethod(TestMethodTestDescriptor.java:201) ~[junit-jupiter-engine-5.6.0.jar:5.6.0]
	at org.junit.jupiter.engine.descriptor.TestMethodTestDescriptor.execute(TestMethodTestDescriptor.java:137) ~[junit-jupiter-engine-5.6.0.jar:5.6.0]
	at org.junit.jupiter.engine.descriptor.TestMethodTestDescriptor.execute(TestMethodTestDescriptor.java:71) ~[junit-jupiter-engine-5.6.0.jar:5.6.0]
	at org.junit.platform.engine.support.hierarchical.NodeTestTask.lambda$executeRecursively$5(NodeTestTask.java:135) ~[junit-platform-engine-1.6.0.jar:1.6.0]
	at org.junit.platform.engine.support.hierarchical.ThrowableCollector.execute(ThrowableCollector.java:73) ~[junit-platform-engine-1.6.0.jar:1.6.0]
	at org.junit.platform.engine.support.hierarchical.NodeTestTask.lambda$executeRecursively$7(NodeTestTask.java:125) ~[junit-platform-engine-1.6.0.jar:1.6.0]
	at org.junit.platform.engine.support.hierarchical.Node.around(Node.java:135) ~[junit-platform-engine-1.6.0.jar:1.6.0]
	at org.junit.platform.engine.support.hierarchical.NodeTestTask.lambda$executeRecursively$8(NodeTestTask.java:123) ~[junit-platform-engine-1.6.0.jar:1.6.0]
	at org.junit.platform.engine.support.hierarchical.ThrowableCollector.execute(ThrowableCollector.java:73) ~[junit-platform-engine-1.6.0.jar:1.6.0]
	at org.junit.platform.engine.support.hierarchical.NodeTestTask.executeRecursively(NodeTestTask.java:122) ~[junit-platform-engine-1.6.0.jar:1.6.0]
	at org.junit.platform.engine.support.hierarchical.NodeTestTask.execute(NodeTestTask.java:80) ~[junit-platform-engine-1.6.0.jar:1.6.0]
	at java.util.ArrayList.forEach(ArrayList.java:1257) ~[?:1.8.0_211]
	at org.junit.platform.engine.support.hierarchical.SameThreadHierarchicalTestExecutorService.invokeAll(SameThreadHierarchicalTestExecutorService.java:38) ~[junit-platform-engine-1.6.0.jar:1.6.0]
	at org.junit.platform.engine.support.hierarchical.NodeTestTask.lambda$executeRecursively$5(NodeTestTask.java:139) ~[junit-platform-engine-1.6.0.jar:1.6.0]
	at org.junit.platform.engine.support.hierarchical.ThrowableCollector.execute(ThrowableCollector.java:73) ~[junit-platform-engine-1.6.0.jar:1.6.0]
	at org.junit.platform.engine.support.hierarchical.NodeTestTask.lambda$executeRecursively$7(NodeTestTask.java:125) ~[junit-platform-engine-1.6.0.jar:1.6.0]
	at org.junit.platform.engine.support.hierarchical.Node.around(Node.java:135) ~[junit-platform-engine-1.6.0.jar:1.6.0]
	at org.junit.platform.engine.support.hierarchical.NodeTestTask.lambda$executeRecursively$8(NodeTestTask.java:123) ~[junit-platform-engine-1.6.0.jar:1.6.0]
	at org.junit.platform.engine.support.hierarchical.ThrowableCollector.execute(ThrowableCollector.java:73) ~[junit-platform-engine-1.6.0.jar:1.6.0]
	at org.junit.platform.engine.support.hierarchical.NodeTestTask.executeRecursively(NodeTestTask.java:122) ~[junit-platform-engine-1.6.0.jar:1.6.0]
	at org.junit.platform.engine.support.hierarchical.NodeTestTask.execute(NodeTestTask.java:80) ~[junit-platform-engine-1.6.0.jar:1.6.0]
	at java.util.ArrayList.forEach(ArrayList.java:1257) ~[?:1.8.0_211]
	at org.junit.platform.engine.support.hierarchical.SameThreadHierarchicalTestExecutorService.invokeAll(SameThreadHierarchicalTestExecutorService.java:38) ~[junit-platform-engine-1.6.0.jar:1.6.0]
	at org.junit.platform.engine.support.hierarchical.NodeTestTask.lambda$executeRecursively$5(NodeTestTask.java:139) ~[junit-platform-engine-1.6.0.jar:1.6.0]
	at org.junit.platform.engine.support.hierarchical.ThrowableCollector.execute(ThrowableCollector.java:73) ~[junit-platform-engine-1.6.0.jar:1.6.0]
	at org.junit.platform.engine.support.hierarchical.NodeTestTask.lambda$executeRecursively$7(NodeTestTask.java:125) ~[junit-platform-engine-1.6.0.jar:1.6.0]
	at org.junit.platform.engine.support.hierarchical.Node.around(Node.java:135) ~[junit-platform-engine-1.6.0.jar:1.6.0]
	at org.junit.platform.engine.support.hierarchical.NodeTestTask.lambda$executeRecursively$8(NodeTestTask.java:123) ~[junit-platform-engine-1.6.0.jar:1.6.0]
	at org.junit.platform.engine.support.hierarchical.ThrowableCollector.execute(ThrowableCollector.java:73) [junit-platform-engine-1.6.0.jar:1.6.0]
	at org.junit.platform.engine.support.hierarchical.NodeTestTask.executeRecursively(NodeTestTask.java:122) [junit-platform-engine-1.6.0.jar:1.6.0]
	at org.junit.platform.engine.support.hierarchical.NodeTestTask.execute(NodeTestTask.java:80) [junit-platform-engine-1.6.0.jar:1.6.0]
	at org.junit.platform.engine.support.hierarchical.SameThreadHierarchicalTestExecutorService.submit(SameThreadHierarchicalTestExecutorService.java:32) [junit-platform-engine-1.6.0.jar:1.6.0]
	at org.junit.platform.engine.support.hierarchical.HierarchicalTestExecutor.execute(HierarchicalTestExecutor.java:57) [junit-platform-engine-1.6.0.jar:1.6.0]
	at org.junit.platform.engine.support.hierarchical.HierarchicalTestEngine.execute(HierarchicalTestEngine.java:51) [junit-platform-engine-1.6.0.jar:1.6.0]
	at org.junit.platform.launcher.core.DefaultLauncher.execute(DefaultLauncher.java:170) [junit-platform-launcher-1.1.0.jar:1.1.0]
	at org.junit.platform.launcher.core.DefaultLauncher.execute(DefaultLauncher.java:154) [junit-platform-launcher-1.1.0.jar:1.1.0]
	at org.junit.platform.launcher.core.DefaultLauncher.execute(DefaultLauncher.java:90) [junit-platform-launcher-1.1.0.jar:1.1.0]
	at org.junit.platform.surefire.provider.JUnitPlatformProvider.invokeAllTests(JUnitPlatformProvider.java:132) [junit-platform-surefire-provider-1.1.0.jar:1.1.0]
	at org.junit.platform.surefire.provider.JUnitPlatformProvider.invoke(JUnitPlatformProvider.java:111) [junit-platform-surefire-provider-1.1.0.jar:1.1.0]
	at org.apache.maven.surefire.booter.ForkedBooter.invokeProviderInSameClassLoader(ForkedBooter.java:290) [surefire-booter-2.19.1.jar:2.19.1]
	at org.apache.maven.surefire.booter.ForkedBooter.runSuitesInProcess(ForkedBooter.java:242) [surefire-booter-2.19.1.jar:2.19.1]
	at org.apache.maven.surefire.booter.ForkedBooter.main(ForkedBooter.java:121) [surefire-booter-2.19.1.jar:2.19.1]
17:59:19.563 [main] DEBUG com.soft.controller.EshopController - [EshopDAOImpl. testHSQLDB()] --> EXCEPTION: org.hibernate.exception.SQLGrammarException: could not prepare statement
17:59:19.563 [main] DEBUG com.soft.controller.EshopController - [EshopDAOImpl. testHSQLDB()] --> EXCEPTION TO STRING: javax.persistence.PersistenceException: org.hibernate.exception.SQLGrammarException: could not prepare statement
17:59:19.565 [main] TRACE org.springframework.test.context.TestContextManager - afterTestExecution(): instance [com.soft.dao.EshopDAOImplTest@7a6d7e92], method [public void com.soft.dao.EshopDAOImplTest.daoTest()], exception [java.lang.NullPointerException]
17:59:19.566 [main] DEBUG org.springframework.test.context.cache.DefaultCacheAwareContextLoaderDelegate - Retrieved ApplicationContext [940857381] from cache with key [[WebMergedContextConfiguration@dc7df28 testClass = EshopDAOImplTest, locations = '{}', classes = '{class com.soft.config.AppConfig, class com.soft.config.DataAccessConfig}', contextInitializerClasses = '[]', activeProfiles = '{development}', propertySourceLocations = '{}', propertySourceProperties = '{}', contextCustomizers = set[[empty]], resourceBasePath = 'src/main/webapp', contextLoader = 'org.springframework.test.context.web.WebDelegatingSmartContextLoader', parent = [null]]]
17:59:19.566 [main] DEBUG org.springframework.test.context.cache - Spring test ApplicationContext cache statistics: [DefaultContextCache@298b64f7 size = 1, maxSize = 32, parentContextCount = 0, hitCount = 5, missCount = 1]
17:59:19.566 [main] TRACE org.springframework.web.context.support.GenericWebApplicationContext - Publishing event in org.springframework.web.context.support.GenericWebApplicationContext@38145825: org.springframework.test.context.event.AfterTestExecutionEvent[source=[DefaultTestContext@55de24cc testClass = EshopDAOImplTest, testInstance = com.soft.dao.EshopDAOImplTest@7a6d7e92, testMethod = daoTest@EshopDAOImplTest, testException = java.lang.NullPointerException, mergedContextConfiguration = [WebMergedContextConfiguration@dc7df28 testClass = EshopDAOImplTest, locations = '{}', classes = '{class com.soft.config.AppConfig, class com.soft.config.DataAccessConfig}', contextInitializerClasses = '[]', activeProfiles = '{development}', propertySourceLocations = '{}', propertySourceProperties = '{}', contextCustomizers = set[[empty]], resourceBasePath = 'src/main/webapp', contextLoader = 'org.springframework.test.context.web.WebDelegatingSmartContextLoader', parent = [null]], attributes = map['org.springframework.test.context.web.ServletTestExecutionListener.populatedRequestContextHolder' -> true, 'org.springframework.test.context.web.ServletTestExecutionListener.resetRequestContextHolder' -> true]]]
17:59:19.566 [main] TRACE org.springframework.test.context.TestContextManager - afterTestMethod(): instance [com.soft.dao.EshopDAOImplTest@7a6d7e92], method [public void com.soft.dao.EshopDAOImplTest.daoTest()], exception [java.lang.NullPointerException]
17:59:19.567 [main] DEBUG org.springframework.test.context.cache.DefaultCacheAwareContextLoaderDelegate - Retrieved ApplicationContext [940857381] from cache with key [[WebMergedContextConfiguration@dc7df28 testClass = EshopDAOImplTest, locations = '{}', classes = '{class com.soft.config.AppConfig, class com.soft.config.DataAccessConfig}', contextInitializerClasses = '[]', activeProfiles = '{development}', propertySourceLocations = '{}', propertySourceProperties = '{}', contextCustomizers = set[[empty]], resourceBasePath = 'src/main/webapp', contextLoader = 'org.springframework.test.context.web.WebDelegatingSmartContextLoader', parent = [null]]]
17:59:19.567 [main] DEBUG org.springframework.test.context.cache - Spring test ApplicationContext cache statistics: [DefaultContextCache@298b64f7 size = 1, maxSize = 32, parentContextCount = 0, hitCount = 6, missCount = 1]
17:59:19.567 [main] TRACE org.springframework.web.context.support.GenericWebApplicationContext - Publishing event in org.springframework.web.context.support.GenericWebApplicationContext@38145825: org.springframework.test.context.event.AfterTestMethodEvent[source=[DefaultTestContext@55de24cc testClass = EshopDAOImplTest, testInstance = com.soft.dao.EshopDAOImplTest@7a6d7e92, testMethod = daoTest@EshopDAOImplTest, testException = java.lang.NullPointerException, mergedContextConfiguration = [WebMergedContextConfiguration@dc7df28 testClass = EshopDAOImplTest, locations = '{}', classes = '{class com.soft.config.AppConfig, class com.soft.config.DataAccessConfig}', contextInitializerClasses = '[]', activeProfiles = '{development}', propertySourceLocations = '{}', propertySourceProperties = '{}', contextCustomizers = set[[empty]], resourceBasePath = 'src/main/webapp', contextLoader = 'org.springframework.test.context.web.WebDelegatingSmartContextLoader', parent = [null]], attributes = map['org.springframework.test.context.web.ServletTestExecutionListener.populatedRequestContextHolder' -> true, 'org.springframework.test.context.web.ServletTestExecutionListener.resetRequestContextHolder' -> true]]]
17:59:19.568 [main] DEBUG org.springframework.test.context.support.AbstractDirtiesContextTestExecutionListener - After test method: context [DefaultTestContext@55de24cc testClass = EshopDAOImplTest, testInstance = com.soft.dao.EshopDAOImplTest@7a6d7e92, testMethod = daoTest@EshopDAOImplTest, testException = java.lang.NullPointerException, mergedContextConfiguration = [WebMergedContextConfiguration@dc7df28 testClass = EshopDAOImplTest, locations = '{}', classes = '{class com.soft.config.AppConfig, class com.soft.config.DataAccessConfig}', contextInitializerClasses = '[]', activeProfiles = '{development}', propertySourceLocations = '{}', propertySourceProperties = '{}', contextCustomizers = set[[empty]], resourceBasePath = 'src/main/webapp', contextLoader = 'org.springframework.test.context.web.WebDelegatingSmartContextLoader', parent = [null]], attributes = map['org.springframework.test.context.web.ServletTestExecutionListener.populatedRequestContextHolder' -> true, 'org.springframework.test.context.web.ServletTestExecutionListener.resetRequestContextHolder' -> true]], class annotated with @DirtiesContext [false] with mode [null], method annotated with @DirtiesContext [false] with mode [null].
17:59:19.568 [main] DEBUG org.springframework.test.context.web.ServletTestExecutionListener - Resetting RequestContextHolder for test context [DefaultTestContext@55de24cc testClass = EshopDAOImplTest, testInstance = com.soft.dao.EshopDAOImplTest@7a6d7e92, testMethod = daoTest@EshopDAOImplTest, testException = java.lang.NullPointerException, mergedContextConfiguration = [WebMergedContextConfiguration@dc7df28 testClass = EshopDAOImplTest, locations = '{}', classes = '{class com.soft.config.AppConfig, class com.soft.config.DataAccessConfig}', contextInitializerClasses = '[]', activeProfiles = '{development}', propertySourceLocations = '{}', propertySourceProperties = '{}', contextCustomizers = set[[empty]], resourceBasePath = 'src/main/webapp', contextLoader = 'org.springframework.test.context.web.WebDelegatingSmartContextLoader', parent = [null]], attributes = map['org.springframework.test.context.web.ServletTestExecutionListener.populatedRequestContextHolder' -> true, 'org.springframework.test.context.web.ServletTestExecutionListener.resetRequestContextHolder' -> true]].
]]></system-out>
  </testcase>
</testsuite>