<?xml version="1.0" encoding="UTF-8"?>
<testsuite xmlns:xsi="http://www.w3.org/2001/XMLSchema-instance" xsi:schemaLocation="https://maven.apache.org/surefire/maven-surefire-plugin/xsd/surefire-test-report.xsd" name="com.soft.dao.EshopDAOImplTest" time="3.127" tests="1" errors="0" skipped="0" failures="1">
  <properties>
    <property name="java.runtime.name" value="Java(TM) SE Runtime Environment"/>
    <property name="sun.boot.library.path" value="/usr/lib/jvm/jdk-8u211-linux-x64/jdk1.8.0_211/jre/lib/amd64"/>
    <property name="java.vm.version" value="25.211-b12"/>
    <property name="java.vm.vendor" value="Oracle Corporation"/>
    <property name="maven.multiModuleProjectDirectory" value="/home/mihail/programs/project_mvn/eShop/eShop_repo/eshop"/>
    <property name="java.vendor.url" value="http://java.oracle.com/"/>
    <property name="path.separator" value=":"/>
    <property name="guice.disable.misplaced.annotation.check" value="true"/>
    <property name="java.vm.name" value="Java HotSpot(TM) 64-Bit Server VM"/>
    <property name="file.encoding.pkg" value="sun.io"/>
    <property name="user.country" value="RU"/>
    <property name="sun.java.launcher" value="SUN_STANDARD"/>
    <property name="sun.os.patch.level" value="unknown"/>
    <property name="java.vm.specification.name" value="Java Virtual Machine Specification"/>
    <property name="user.dir" value="/home/mihail/programs/project_mvn/eShop/eShop_repo/eshop"/>
    <property name="java.runtime.version" value="1.8.0_211-b12"/>
    <property name="java.awt.graphicsenv" value="sun.awt.X11GraphicsEnvironment"/>
    <property name="java.endorsed.dirs" value="/usr/lib/jvm/jdk-8u211-linux-x64/jdk1.8.0_211/jre/lib/endorsed"/>
    <property name="os.arch" value="amd64"/>
    <property name="java.io.tmpdir" value="/tmp"/>
    <property name="line.separator" value="&#10;"/>
    <property name="java.vm.specification.vendor" value="Oracle Corporation"/>
    <property name="os.name" value="Linux"/>
    <property name="classworlds.conf" value="/home/mihail/eclipse-workspace/.metadata/.plugins/org.eclipse.m2e.launching/launches/m2conf4971239126783656051.tmp"/>
    <property name="sun.jnu.encoding" value="UTF-8"/>
    <property name="java.library.path" value="/usr/java/packages/lib/amd64:/usr/lib64:/lib64:/lib:/usr/lib"/>
    <property name="java.specification.name" value="Java Platform API Specification"/>
    <property name="java.class.version" value="52.0"/>
    <property name="sun.management.compiler" value="HotSpot 64-Bit Tiered Compilers"/>
    <property name="os.version" value="5.3.0-26-generic"/>
    <property name="user.home" value="/home/mihail"/>
    <property name="user.timezone" value="Europe/Moscow"/>
    <property name="java.awt.printerjob" value="sun.print.PSPrinterJob"/>
    <property name="file.encoding" value="UTF-8"/>
    <property name="java.specification.version" value="1.8"/>
    <property name="user.name" value="mihail"/>
    <property name="java.class.path" value="/home/mihail/programs/Eclipse/eclipse-jee-2019-03-R-linux-gtk-x86_64/eclipse/plugins/org.eclipse.m2e.maven.runtime_1.11.0.20190220-2117/jars/plexus-classworlds-2.5.2.jar"/>
    <property name="java.vm.specification.version" value="1.8"/>
    <property name="sun.arch.data.model" value="64"/>
    <property name="java.home" value="/usr/lib/jvm/jdk-8u211-linux-x64/jdk1.8.0_211/jre"/>
    <property name="sun.java.command" value="org.codehaus.plexus.classworlds.launcher.Launcher -B install"/>
    <property name="java.specification.vendor" value="Oracle Corporation"/>
    <property name="user.language" value="ru"/>
    <property name="awt.toolkit" value="sun.awt.X11.XToolkit"/>
    <property name="java.vm.info" value="mixed mode"/>
    <property name="java.version" value="1.8.0_211"/>
    <property name="java.ext.dirs" value="/usr/lib/jvm/jdk-8u211-linux-x64/jdk1.8.0_211/jre/lib/ext:/usr/java/packages/lib/ext"/>
    <property name="securerandom.source" value="file:/dev/./urandom"/>
    <property name="sun.boot.class.path" value="/usr/lib/jvm/jdk-8u211-linux-x64/jdk1.8.0_211/jre/lib/resources.jar:/usr/lib/jvm/jdk-8u211-linux-x64/jdk1.8.0_211/jre/lib/rt.jar:/usr/lib/jvm/jdk-8u211-linux-x64/jdk1.8.0_211/jre/lib/sunrsasign.jar:/usr/lib/jvm/jdk-8u211-linux-x64/jdk1.8.0_211/jre/lib/jsse.jar:/usr/lib/jvm/jdk-8u211-linux-x64/jdk1.8.0_211/jre/lib/jce.jar:/usr/lib/jvm/jdk-8u211-linux-x64/jdk1.8.0_211/jre/lib/charsets.jar:/usr/lib/jvm/jdk-8u211-linux-x64/jdk1.8.0_211/jre/lib/jfr.jar:/usr/lib/jvm/jdk-8u211-linux-x64/jdk1.8.0_211/jre/classes"/>
    <property name="java.vendor" value="Oracle Corporation"/>
    <property name="maven.home" value="/home/mihail/programs/project_mvn/eShop/eShop_repo/eshop/EMBEDDED"/>
    <property name="file.separator" value="/"/>
    <property name="java.vendor.url.bug" value="http://bugreport.sun.com/bugreport/"/>
    <property name="sun.cpu.endian" value="little"/>
    <property name="sun.io.unicode.encoding" value="UnicodeLittle"/>
    <property name="sun.desktop" value="gnome"/>
    <property name="sun.cpu.isalist" value=""/>
  </properties>
  <testcase name="daoTest" classname="com.soft.dao.EshopDAOImplTest" time="0.215">
    <failure message="TEST FAILURE: HSQLDB ==&gt; expected: &lt;true&gt; but was: &lt;false&gt;" type="org.opentest4j.AssertionFailedError"><![CDATA[org.opentest4j.AssertionFailedError: TEST FAILURE: HSQLDB ==> expected: <true> but was: <false>
	at com.soft.dao.EshopDAOImplTest.daoTest(EshopDAOImplTest.java:50)
]]></failure>
    <system-out><![CDATA[2020-02-06 17:48:01,236 main ERROR LevelRangeFilter contains an invalid element or attribute "param"
17:48:01.288 [main] DEBUG org.springframework.test.context.BootstrapUtils - Instantiating CacheAwareContextLoaderDelegate from class [org.springframework.test.context.cache.DefaultCacheAwareContextLoaderDelegate]
17:48:01.299 [main] DEBUG org.springframework.test.context.BootstrapUtils - Instantiating BootstrapContext using constructor [public org.springframework.test.context.support.DefaultBootstrapContext(java.lang.Class,org.springframework.test.context.CacheAwareContextLoaderDelegate)]
17:48:01.320 [main] DEBUG org.springframework.test.context.BootstrapUtils - Instantiating TestContextBootstrapper for test class [com.soft.dao.EshopDAOImplTest] from class [org.springframework.test.context.web.WebTestContextBootstrapper]
17:48:01.327 [main] TRACE org.springframework.test.context.support.ContextLoaderUtils - Retrieved @ContextConfiguration [@org.springframework.test.context.ContextConfiguration(classes=[com.soft.config.AppConfig, com.soft.config.DataAccessConfig], inheritInitializers=true, inheritLocations=true, initializers=[], loader=org.springframework.test.context.ContextLoader, locations=[], name=, value=[])] for declaring class [com.soft.dao.EshopDAOImplTest].
17:48:01.329 [main] TRACE org.springframework.test.context.support.ContextLoaderUtils - Resolved context configuration attributes: [ContextConfigurationAttributes@1cf6d1be declaringClass = 'com.soft.dao.EshopDAOImplTest', classes = '{class com.soft.config.AppConfig, class com.soft.config.DataAccessConfig}', locations = '{}', inheritLocations = true, initializers = '{}', inheritInitializers = true, name = [null], contextLoaderClass = 'org.springframework.test.context.ContextLoader']
17:48:01.330 [main] TRACE org.springframework.test.context.web.WebTestContextBootstrapper - Resolving ContextLoader for context configuration attributes [ContextConfigurationAttributes@1cf6d1be declaringClass = 'com.soft.dao.EshopDAOImplTest', classes = '{class com.soft.config.AppConfig, class com.soft.config.DataAccessConfig}', locations = '{}', inheritLocations = true, initializers = '{}', inheritInitializers = true, name = [null], contextLoaderClass = 'org.springframework.test.context.ContextLoader']
17:48:01.331 [main] TRACE org.springframework.test.context.web.WebTestContextBootstrapper - Using ContextLoader class [org.springframework.test.context.web.WebDelegatingSmartContextLoader] for test class [com.soft.dao.EshopDAOImplTest]
17:48:01.335 [main] TRACE org.springframework.test.context.web.WebTestContextBootstrapper - Processing locations and classes for context configuration attributes [ContextConfigurationAttributes@1cf6d1be declaringClass = 'com.soft.dao.EshopDAOImplTest', classes = '{class com.soft.config.AppConfig, class com.soft.config.DataAccessConfig}', locations = '{}', inheritLocations = true, initializers = '{}', inheritInitializers = true, name = [null], contextLoaderClass = 'org.springframework.test.context.ContextLoader']
17:48:01.335 [main] DEBUG org.springframework.test.context.support.AbstractDelegatingSmartContextLoader - Delegating to AnnotationConfigWebContextLoader to process context configuration [ContextConfigurationAttributes@1cf6d1be declaringClass = 'com.soft.dao.EshopDAOImplTest', classes = '{class com.soft.config.AppConfig, class com.soft.config.DataAccessConfig}', locations = '{}', inheritLocations = true, initializers = '{}', inheritInitializers = true, name = [null], contextLoaderClass = 'org.springframework.test.context.ContextLoader'].
17:48:01.340 [main] TRACE org.springframework.core.io.support.SpringFactoriesLoader - Loaded [org.springframework.test.context.ContextCustomizerFactory] names: [org.springframework.test.context.web.socket.MockServerContainerContextCustomizerFactory]
17:48:01.344 [main] TRACE org.springframework.test.context.support.ApplicationContextInitializerUtils - Processing context initializers for configuration attributes [ContextConfigurationAttributes@1cf6d1be declaringClass = 'com.soft.dao.EshopDAOImplTest', classes = '{class com.soft.config.AppConfig, class com.soft.config.DataAccessConfig}', locations = '{}', inheritLocations = true, initializers = '{}', inheritInitializers = true, name = [null], contextLoaderClass = 'org.springframework.test.context.ContextLoader']
17:48:01.346 [main] TRACE org.springframework.test.context.support.ActiveProfilesUtils - Retrieved @ActiveProfiles [@org.springframework.test.context.ActiveProfiles(inheritProfiles=true, profiles=[development], resolver=org.springframework.test.context.ActiveProfilesResolver, value=[development])] for declaring class [com.soft.dao.EshopDAOImplTest]
17:48:01.347 [main] TRACE org.springframework.test.context.support.DefaultActiveProfilesResolver - Retrieved @ActiveProfiles [@org.springframework.test.context.ActiveProfiles(inheritProfiles=true, profiles=[development], resolver=org.springframework.test.context.ActiveProfilesResolver, value=[development])] for declaring class [com.soft.dao.EshopDAOImplTest].
17:48:01.349 [main] DEBUG org.springframework.test.context.web.WebTestContextBootstrapper - @TestExecutionListeners is not present for class [com.soft.dao.EshopDAOImplTest]: using defaults.
17:48:01.350 [main] INFO  org.springframework.test.context.web.WebTestContextBootstrapper - Loaded default TestExecutionListener class names from location [META-INF/spring.factories]: [org.springframework.test.context.web.ServletTestExecutionListener, org.springframework.test.context.support.DirtiesContextBeforeModesTestExecutionListener, org.springframework.test.context.support.DependencyInjectionTestExecutionListener, org.springframework.test.context.support.DirtiesContextTestExecutionListener, org.springframework.test.context.transaction.TransactionalTestExecutionListener, org.springframework.test.context.jdbc.SqlScriptsTestExecutionListener, org.springframework.test.context.event.EventPublishingTestExecutionListener]
17:48:01.365 [main] INFO  org.springframework.test.context.web.WebTestContextBootstrapper - Using TestExecutionListeners: [org.springframework.test.context.web.ServletTestExecutionListener@57bc27f5, org.springframework.test.context.support.DirtiesContextBeforeModesTestExecutionListener@5fb759d6, org.springframework.test.context.support.DependencyInjectionTestExecutionListener@4b8d604b, org.springframework.test.context.support.DirtiesContextTestExecutionListener@5e7cd6cc, org.springframework.test.context.transaction.TransactionalTestExecutionListener@68c9d179, org.springframework.test.context.jdbc.SqlScriptsTestExecutionListener@d554c5f, org.springframework.test.context.event.EventPublishingTestExecutionListener@2dfaea86]
17:48:01.365 [main] TRACE org.springframework.test.context.TestContextManager - Registering TestExecutionListener: org.springframework.test.context.web.ServletTestExecutionListener@57bc27f5
17:48:01.366 [main] TRACE org.springframework.test.context.TestContextManager - Registering TestExecutionListener: org.springframework.test.context.support.DirtiesContextBeforeModesTestExecutionListener@5fb759d6
17:48:01.366 [main] TRACE org.springframework.test.context.TestContextManager - Registering TestExecutionListener: org.springframework.test.context.support.DependencyInjectionTestExecutionListener@4b8d604b
17:48:01.366 [main] TRACE org.springframework.test.context.TestContextManager - Registering TestExecutionListener: org.springframework.test.context.support.DirtiesContextTestExecutionListener@5e7cd6cc
17:48:01.366 [main] TRACE org.springframework.test.context.TestContextManager - Registering TestExecutionListener: org.springframework.test.context.transaction.TransactionalTestExecutionListener@68c9d179
17:48:01.366 [main] TRACE org.springframework.test.context.TestContextManager - Registering TestExecutionListener: org.springframework.test.context.jdbc.SqlScriptsTestExecutionListener@d554c5f
17:48:01.366 [main] TRACE org.springframework.test.context.TestContextManager - Registering TestExecutionListener: org.springframework.test.context.event.EventPublishingTestExecutionListener@2dfaea86
17:48:01.366 [main] TRACE org.springframework.test.context.TestContextManager - beforeTestClass(): class [com.soft.dao.EshopDAOImplTest]
17:48:01.367 [main] DEBUG org.springframework.test.context.support.AbstractDirtiesContextTestExecutionListener - Before test class: context [DefaultTestContext@3feb2dda testClass = EshopDAOImplTest, testInstance = [null], testMethod = [null], testException = [null], mergedContextConfiguration = [WebMergedContextConfiguration@6a8658ff testClass = EshopDAOImplTest, locations = '{}', classes = '{class com.soft.config.AppConfig, class com.soft.config.DataAccessConfig}', contextInitializerClasses = '[]', activeProfiles = '{development}', propertySourceLocations = '{}', propertySourceProperties = '{}', contextCustomizers = set[[empty]], resourceBasePath = 'src/main/webapp', contextLoader = 'org.springframework.test.context.web.WebDelegatingSmartContextLoader', parent = [null]], attributes = map[[empty]]], class annotated with @DirtiesContext [false] with mode [null].
17:48:01.369 [main] TRACE org.springframework.test.context.TestContextManager - prepareTestInstance(): instance [com.soft.dao.EshopDAOImplTest@60f00693]
17:48:01.369 [main] DEBUG org.springframework.test.context.support.AbstractDelegatingSmartContextLoader - Delegating to AnnotationConfigWebContextLoader to load context from [WebMergedContextConfiguration@6a8658ff testClass = EshopDAOImplTest, locations = '{}', classes = '{class com.soft.config.AppConfig, class com.soft.config.DataAccessConfig}', contextInitializerClasses = '[]', activeProfiles = '{development}', propertySourceLocations = '{}', propertySourceProperties = '{}', contextCustomizers = set[[empty]], resourceBasePath = 'src/main/webapp', contextLoader = 'org.springframework.test.context.web.WebDelegatingSmartContextLoader', parent = [null]].
17:48:01.370 [main] DEBUG org.springframework.test.context.web.AbstractGenericWebContextLoader - Loading WebApplicationContext for merged context configuration [WebMergedContextConfiguration@6a8658ff testClass = EshopDAOImplTest, locations = '{}', classes = '{class com.soft.config.AppConfig, class com.soft.config.DataAccessConfig}', contextInitializerClasses = '[]', activeProfiles = '{development}', propertySourceLocations = '{}', propertySourceProperties = '{}', contextCustomizers = set[[empty]], resourceBasePath = 'src/main/webapp', contextLoader = 'org.springframework.test.context.web.WebDelegatingSmartContextLoader', parent = [null]].
17:48:01.402 [main] DEBUG org.springframework.web.context.support.StandardServletEnvironment - Activating profiles [development]
17:48:01.402 [main] DEBUG org.springframework.test.context.web.AnnotationConfigWebContextLoader - Registering annotated classes: {class com.soft.config.AppConfig, class com.soft.config.DataAccessConfig}
17:48:01.431 [main] INFO  org.springframework.web.context.support.GenericWebApplicationContext - Refreshing org.springframework.web.context.support.GenericWebApplicationContext@d2de489: startup date [Thu Feb 06 17:48:01 MSK 2020]; root of context hierarchy
17:48:01.433 [main] DEBUG org.springframework.web.context.support.GenericWebApplicationContext - Bean factory for org.springframework.web.context.support.GenericWebApplicationContext@d2de489: org.springframework.beans.factory.support.DefaultListableBeanFactory@1e81f160: defining beans [org.springframework.context.annotation.internalConfigurationAnnotationProcessor,org.springframework.context.annotation.internalAutowiredAnnotationProcessor,org.springframework.context.annotation.internalRequiredAnnotationProcessor,org.springframework.context.annotation.internalCommonAnnotationProcessor,org.springframework.context.annotation.internalPersistenceAnnotationProcessor,org.springframework.context.event.internalEventListenerProcessor,org.springframework.context.event.internalEventListenerFactory,appConfig,dataAccessConfig]; root of factory hierarchy
17:48:01.439 [main] DEBUG org.springframework.beans.factory.support.DefaultListableBeanFactory - Registering scope 'request' with implementation [org.springframework.web.context.request.RequestScope@1ae8bcbc]
17:48:01.439 [main] DEBUG org.springframework.beans.factory.support.DefaultListableBeanFactory - Registering scope 'session' with implementation [org.springframework.web.context.request.SessionScope@30c8681]
17:48:01.439 [main] DEBUG org.springframework.beans.factory.support.DefaultListableBeanFactory - Registering scope 'application' with implementation [org.springframework.web.context.support.ServletContextScope@78aa1f72]
17:48:01.443 [main] DEBUG org.springframework.beans.factory.support.DefaultListableBeanFactory - Creating shared instance of singleton bean 'org.springframework.context.annotation.internalConfigurationAnnotationProcessor'
17:48:01.444 [main] DEBUG org.springframework.beans.factory.support.DefaultListableBeanFactory - Creating instance of bean 'org.springframework.context.annotation.internalConfigurationAnnotationProcessor'
17:48:01.454 [main] DEBUG org.springframework.beans.factory.support.DefaultListableBeanFactory - Eagerly caching bean 'org.springframework.context.annotation.internalConfigurationAnnotationProcessor' to allow for resolving potential circular references
17:48:01.456 [main] DEBUG org.springframework.beans.factory.support.DefaultListableBeanFactory - Finished creating instance of bean 'org.springframework.context.annotation.internalConfigurationAnnotationProcessor'
17:48:01.478 [main] TRACE org.springframework.core.io.support.PathMatchingResourcePatternResolver - Resolved classpath location [com/soft/controller/] to resources [URL [file:/home/mihail/programs/project_mvn/eShop/eShop_repo/eshop/target/classes/com/soft/controller/]]
17:48:01.478 [main] TRACE org.springframework.core.io.support.PathMatchingResourcePatternResolver - Looking for matching resources in directory tree [/home/mihail/programs/project_mvn/eShop/eShop_repo/eshop/target/classes/com/soft/controller]
17:48:01.479 [main] TRACE org.springframework.core.io.support.PathMatchingResourcePatternResolver - Searching directory [/home/mihail/programs/project_mvn/eShop/eShop_repo/eshop/target/classes/com/soft/controller] for files matching pattern [/home/mihail/programs/project_mvn/eShop/eShop_repo/eshop/target/classes/com/soft/controller/**/*.class]
17:48:01.480 [main] TRACE org.springframework.core.io.support.PathMatchingResourcePatternResolver - Resolved location pattern [classpath*:com/soft/controller/**/*.class] to resources [file [/home/mihail/programs/project_mvn/eShop/eShop_repo/eshop/target/classes/com/soft/controller/EshopController.class]]
17:48:01.481 [main] TRACE org.springframework.context.annotation.ClassPathBeanDefinitionScanner - Scanning file [/home/mihail/programs/project_mvn/eShop/eShop_repo/eshop/target/classes/com/soft/controller/EshopController.class]
17:48:01.493 [main] DEBUG org.springframework.context.annotation.ClassPathBeanDefinitionScanner - Identified candidate component class: file [/home/mihail/programs/project_mvn/eShop/eShop_repo/eshop/target/classes/com/soft/controller/EshopController.class]
17:48:01.528 [main] DEBUG org.springframework.context.annotation.ConfigurationClassBeanDefinitionReader - Registered bean definition for imported class 'messageSource'
17:48:01.529 [main] DEBUG org.springframework.context.annotation.ConfigurationClassBeanDefinitionReader - Registered bean definition for imported class 'org.springframework.web.servlet.config.annotation.DelegatingWebMvcConfiguration'
17:48:01.530 [main] DEBUG org.springframework.context.annotation.ConfigurationClassBeanDefinitionReader - Registering bean definition for @Bean method org.springframework.web.servlet.config.annotation.DelegatingWebMvcConfiguration.requestMappingHandlerMapping()
17:48:01.530 [main] DEBUG org.springframework.context.annotation.ConfigurationClassBeanDefinitionReader - Registering bean definition for @Bean method org.springframework.web.servlet.config.annotation.DelegatingWebMvcConfiguration.mvcPathMatcher()
17:48:01.531 [main] DEBUG org.springframework.context.annotation.ConfigurationClassBeanDefinitionReader - Registering bean definition for @Bean method org.springframework.web.servlet.config.annotation.DelegatingWebMvcConfiguration.mvcUrlPathHelper()
17:48:01.531 [main] DEBUG org.springframework.context.annotation.ConfigurationClassBeanDefinitionReader - Registering bean definition for @Bean method org.springframework.web.servlet.config.annotation.DelegatingWebMvcConfiguration.mvcContentNegotiationManager()
17:48:01.531 [main] DEBUG org.springframework.context.annotation.ConfigurationClassBeanDefinitionReader - Registering bean definition for @Bean method org.springframework.web.servlet.config.annotation.DelegatingWebMvcConfiguration.viewControllerHandlerMapping()
17:48:01.531 [main] DEBUG org.springframework.context.annotation.ConfigurationClassBeanDefinitionReader - Registering bean definition for @Bean method org.springframework.web.servlet.config.annotation.DelegatingWebMvcConfiguration.beanNameHandlerMapping()
17:48:01.532 [main] DEBUG org.springframework.context.annotation.ConfigurationClassBeanDefinitionReader - Registering bean definition for @Bean method org.springframework.web.servlet.config.annotation.DelegatingWebMvcConfiguration.resourceHandlerMapping()
17:48:01.532 [main] DEBUG org.springframework.context.annotation.ConfigurationClassBeanDefinitionReader - Registering bean definition for @Bean method org.springframework.web.servlet.config.annotation.DelegatingWebMvcConfiguration.mvcResourceUrlProvider()
17:48:01.532 [main] DEBUG org.springframework.context.annotation.ConfigurationClassBeanDefinitionReader - Registering bean definition for @Bean method org.springframework.web.servlet.config.annotation.DelegatingWebMvcConfiguration.defaultServletHandlerMapping()
17:48:01.533 [main] DEBUG org.springframework.context.annotation.ConfigurationClassBeanDefinitionReader - Registering bean definition for @Bean method org.springframework.web.servlet.config.annotation.DelegatingWebMvcConfiguration.requestMappingHandlerAdapter()
17:48:01.533 [main] DEBUG org.springframework.context.annotation.ConfigurationClassBeanDefinitionReader - Registering bean definition for @Bean method org.springframework.web.servlet.config.annotation.DelegatingWebMvcConfiguration.mvcConversionService()
17:48:01.533 [main] DEBUG org.springframework.context.annotation.ConfigurationClassBeanDefinitionReader - Registering bean definition for @Bean method org.springframework.web.servlet.config.annotation.DelegatingWebMvcConfiguration.mvcValidator()
17:48:01.533 [main] DEBUG org.springframework.context.annotation.ConfigurationClassBeanDefinitionReader - Registering bean definition for @Bean method org.springframework.web.servlet.config.annotation.DelegatingWebMvcConfiguration.mvcUriComponentsContributor()
17:48:01.534 [main] DEBUG org.springframework.context.annotation.ConfigurationClassBeanDefinitionReader - Registering bean definition for @Bean method org.springframework.web.servlet.config.annotation.DelegatingWebMvcConfiguration.httpRequestHandlerAdapter()
17:48:01.534 [main] DEBUG org.springframework.context.annotation.ConfigurationClassBeanDefinitionReader - Registering bean definition for @Bean method org.springframework.web.servlet.config.annotation.DelegatingWebMvcConfiguration.simpleControllerHandlerAdapter()
17:48:01.535 [main] DEBUG org.springframework.context.annotation.ConfigurationClassBeanDefinitionReader - Registering bean definition for @Bean method org.springframework.web.servlet.config.annotation.DelegatingWebMvcConfiguration.handlerExceptionResolver()
17:48:01.535 [main] DEBUG org.springframework.context.annotation.ConfigurationClassBeanDefinitionReader - Registering bean definition for @Bean method org.springframework.web.servlet.config.annotation.DelegatingWebMvcConfiguration.mvcViewResolver()
17:48:01.535 [main] DEBUG org.springframework.context.annotation.ConfigurationClassBeanDefinitionReader - Registering bean definition for @Bean method org.springframework.web.servlet.config.annotation.DelegatingWebMvcConfiguration.mvcHandlerMappingIntrospector()
17:48:01.536 [main] DEBUG org.springframework.context.annotation.ConfigurationClassBeanDefinitionReader - Registering bean definition for @Bean method com.soft.config.AppConfig.viewResolver()
17:48:01.536 [main] DEBUG org.springframework.context.annotation.ConfigurationClassBeanDefinitionReader - Registering bean definition for @Bean method com.soft.config.AppConfig.templateEngine()
17:48:01.536 [main] DEBUG org.springframework.context.annotation.ConfigurationClassBeanDefinitionReader - Registering bean definition for @Bean method com.soft.config.AppConfig.templateResolver()
17:48:01.536 [main] DEBUG org.springframework.context.annotation.ConfigurationClassBeanDefinitionReader - Registering bean definition for @Bean method com.soft.config.AppConfig.localeResolver()
17:48:01.537 [main] DEBUG org.springframework.context.annotation.ConfigurationClassBeanDefinitionReader - Registered bean definition for imported class 'org.springframework.transaction.annotation.ProxyTransactionManagementConfiguration'
17:48:01.537 [main] DEBUG org.springframework.context.annotation.ConfigurationClassBeanDefinitionReader - Registering bean definition for @Bean method org.springframework.transaction.annotation.ProxyTransactionManagementConfiguration.org.springframework.transaction.config.internalTransactionAdvisor()
17:48:01.537 [main] DEBUG org.springframework.context.annotation.ConfigurationClassBeanDefinitionReader - Registering bean definition for @Bean method org.springframework.transaction.annotation.ProxyTransactionManagementConfiguration.transactionAttributeSource()
17:48:01.538 [main] DEBUG org.springframework.context.annotation.ConfigurationClassBeanDefinitionReader - Registering bean definition for @Bean method org.springframework.transaction.annotation.ProxyTransactionManagementConfiguration.transactionInterceptor()
17:48:01.538 [main] DEBUG org.springframework.context.annotation.ConfigurationClassBeanDefinitionReader - Registering bean definition for @Bean method org.springframework.transaction.annotation.ProxyTransactionManagementConfiguration.org.springframework.transaction.config.internalTransactionalEventListenerFactory()
17:48:01.541 [main] DEBUG org.springframework.context.annotation.ConfigurationClassBeanDefinitionReader - Registering bean definition for @Bean method com.soft.config.DataAccessConfig.DataSourceBean()
17:48:01.542 [main] DEBUG org.springframework.context.annotation.ConfigurationClassBeanDefinitionReader - Registering bean definition for @Bean method com.soft.config.DataAccessConfig.SessionFactory()
17:48:01.542 [main] DEBUG org.springframework.context.annotation.ConfigurationClassBeanDefinitionReader - Registering bean definition for @Bean method com.soft.config.DataAccessConfig.getDevLocaleDAO()
17:48:01.543 [main] DEBUG org.springframework.context.annotation.ConfigurationClassBeanDefinitionReader - Registering bean definition for @Bean method com.soft.config.DataAccessConfig.transactionManager()
17:48:01.636 [main] DEBUG org.springframework.context.annotation.ConfigurationClassEnhancer - Successfully enhanced com.soft.config.AppConfig; enhanced class name is: com.soft.config.AppConfig$$EnhancerBySpringCGLIB$$34de6d54
17:48:01.637 [main] DEBUG org.springframework.context.annotation.ConfigurationClassPostProcessor - Replacing bean definition 'appConfig' existing class 'com.soft.config.AppConfig' with enhanced class 'com.soft.config.AppConfig$$EnhancerBySpringCGLIB$$34de6d54'
17:48:01.644 [main] DEBUG org.springframework.context.annotation.ConfigurationClassEnhancer - Successfully enhanced com.soft.config.DataAccessConfig; enhanced class name is: com.soft.config.DataAccessConfig$$EnhancerBySpringCGLIB$$21eb830b
17:48:01.644 [main] DEBUG org.springframework.context.annotation.ConfigurationClassPostProcessor - Replacing bean definition 'dataAccessConfig' existing class 'com.soft.config.DataAccessConfig' with enhanced class 'com.soft.config.DataAccessConfig$$EnhancerBySpringCGLIB$$21eb830b'
17:48:01.652 [main] DEBUG org.springframework.context.annotation.ConfigurationClassEnhancer - Successfully enhanced org.springframework.web.servlet.config.annotation.DelegatingWebMvcConfiguration; enhanced class name is: org.springframework.web.servlet.config.annotation.DelegatingWebMvcConfiguration$$EnhancerBySpringCGLIB$$84bec1d7
17:48:01.653 [main] DEBUG org.springframework.context.annotation.ConfigurationClassPostProcessor - Replacing bean definition 'org.springframework.web.servlet.config.annotation.DelegatingWebMvcConfiguration' existing class 'org.springframework.web.servlet.config.annotation.DelegatingWebMvcConfiguration' with enhanced class 'org.springframework.web.servlet.config.annotation.DelegatingWebMvcConfiguration$$EnhancerBySpringCGLIB$$84bec1d7'
17:48:01.657 [main] DEBUG org.springframework.context.annotation.ConfigurationClassEnhancer - Successfully enhanced org.springframework.transaction.annotation.ProxyTransactionManagementConfiguration; enhanced class name is: org.springframework.transaction.annotation.ProxyTransactionManagementConfiguration$$EnhancerBySpringCGLIB$$bffddca1
17:48:01.658 [main] DEBUG org.springframework.context.annotation.ConfigurationClassPostProcessor - Replacing bean definition 'org.springframework.transaction.annotation.ProxyTransactionManagementConfiguration' existing class 'org.springframework.transaction.annotation.ProxyTransactionManagementConfiguration' with enhanced class 'org.springframework.transaction.annotation.ProxyTransactionManagementConfiguration$$EnhancerBySpringCGLIB$$bffddca1'
17:48:01.662 [main] DEBUG org.springframework.beans.factory.support.DefaultListableBeanFactory - Creating shared instance of singleton bean 'org.springframework.context.annotation.internalAutowiredAnnotationProcessor'
17:48:01.663 [main] DEBUG org.springframework.beans.factory.support.DefaultListableBeanFactory - Creating instance of bean 'org.springframework.context.annotation.internalAutowiredAnnotationProcessor'
17:48:01.664 [main] DEBUG org.springframework.beans.factory.support.DefaultListableBeanFactory - Eagerly caching bean 'org.springframework.context.annotation.internalAutowiredAnnotationProcessor' to allow for resolving potential circular references
17:48:01.666 [main] TRACE org.springframework.core.io.support.SpringFactoriesLoader - Loaded [org.springframework.beans.BeanInfoFactory] names: [org.springframework.beans.ExtendedBeanInfoFactory]
17:48:01.667 [main] TRACE org.springframework.beans.CachedIntrospectionResults - Getting BeanInfo for class [org.springframework.beans.factory.annotation.AutowiredAnnotationBeanPostProcessor]
17:48:01.673 [main] TRACE org.springframework.beans.CachedIntrospectionResults - Caching PropertyDescriptors for class [org.springframework.beans.factory.annotation.AutowiredAnnotationBeanPostProcessor]
17:48:01.674 [main] TRACE org.springframework.beans.CachedIntrospectionResults - Found bean property 'autowiredAnnotationType' of type [java.lang.Class]
17:48:01.676 [main] TRACE org.springframework.beans.CachedIntrospectionResults - Found bean property 'autowiredAnnotationTypes' of type [java.util.Set]
17:48:01.676 [main] TRACE org.springframework.beans.CachedIntrospectionResults - Found bean property 'beanFactory' of type [org.springframework.beans.factory.BeanFactory]
17:48:01.677 [main] TRACE org.springframework.beans.CachedIntrospectionResults - Found bean property 'class' of type [java.lang.Class]
17:48:01.677 [main] TRACE org.springframework.beans.CachedIntrospectionResults - Found bean property 'order' of type [int]
17:48:01.678 [main] TRACE org.springframework.beans.CachedIntrospectionResults - Found bean property 'requiredParameterName' of type [java.lang.String]
17:48:01.678 [main] TRACE org.springframework.beans.CachedIntrospectionResults - Found bean property 'requiredParameterValue' of type [boolean]
17:48:01.680 [main] DEBUG org.springframework.beans.factory.support.DefaultListableBeanFactory - Finished creating instance of bean 'org.springframework.context.annotation.internalAutowiredAnnotationProcessor'
17:48:01.681 [main] DEBUG org.springframework.beans.factory.support.DefaultListableBeanFactory - Creating shared instance of singleton bean 'org.springframework.context.annotation.internalRequiredAnnotationProcessor'
17:48:01.681 [main] DEBUG org.springframework.beans.factory.support.DefaultListableBeanFactory - Creating instance of bean 'org.springframework.context.annotation.internalRequiredAnnotationProcessor'
17:48:01.682 [main] DEBUG org.springframework.beans.factory.support.DefaultListableBeanFactory - Eagerly caching bean 'org.springframework.context.annotation.internalRequiredAnnotationProcessor' to allow for resolving potential circular references
17:48:01.683 [main] TRACE org.springframework.beans.CachedIntrospectionResults - Getting BeanInfo for class [org.springframework.beans.factory.annotation.RequiredAnnotationBeanPostProcessor]
17:48:01.684 [main] TRACE org.springframework.beans.CachedIntrospectionResults - Caching PropertyDescriptors for class [org.springframework.beans.factory.annotation.RequiredAnnotationBeanPostProcessor]
17:48:01.684 [main] TRACE org.springframework.beans.CachedIntrospectionResults - Found bean property 'beanFactory' of type [org.springframework.beans.factory.BeanFactory]
17:48:01.684 [main] TRACE org.springframework.beans.CachedIntrospectionResults - Found bean property 'class' of type [java.lang.Class]
17:48:01.685 [main] TRACE org.springframework.beans.CachedIntrospectionResults - Found bean property 'order' of type [int]
17:48:01.685 [main] TRACE org.springframework.beans.CachedIntrospectionResults - Found bean property 'requiredAnnotationType' of type [java.lang.Class]
17:48:01.686 [main] DEBUG org.springframework.beans.factory.support.DefaultListableBeanFactory - Finished creating instance of bean 'org.springframework.context.annotation.internalRequiredAnnotationProcessor'
17:48:01.686 [main] DEBUG org.springframework.beans.factory.support.DefaultListableBeanFactory - Creating shared instance of singleton bean 'org.springframework.context.annotation.internalCommonAnnotationProcessor'
17:48:01.686 [main] DEBUG org.springframework.beans.factory.support.DefaultListableBeanFactory - Creating instance of bean 'org.springframework.context.annotation.internalCommonAnnotationProcessor'
17:48:01.688 [main] DEBUG org.springframework.beans.factory.support.DefaultListableBeanFactory - Eagerly caching bean 'org.springframework.context.annotation.internalCommonAnnotationProcessor' to allow for resolving potential circular references
17:48:01.688 [main] TRACE org.springframework.beans.CachedIntrospectionResults - Getting BeanInfo for class [org.springframework.context.annotation.CommonAnnotationBeanPostProcessor]
17:48:01.690 [main] TRACE org.springframework.beans.CachedIntrospectionResults - Caching PropertyDescriptors for class [org.springframework.context.annotation.CommonAnnotationBeanPostProcessor]
17:48:01.690 [main] TRACE org.springframework.beans.CachedIntrospectionResults - Found bean property 'alwaysUseJndiLookup' of type [boolean]
17:48:01.690 [main] TRACE org.springframework.beans.CachedIntrospectionResults - Found bean property 'beanFactory' of type [org.springframework.beans.factory.BeanFactory]
17:48:01.690 [main] TRACE org.springframework.beans.CachedIntrospectionResults - Found bean property 'class' of type [java.lang.Class]
17:48:01.690 [main] TRACE org.springframework.beans.CachedIntrospectionResults - Found bean property 'destroyAnnotationType' of type [java.lang.Class]
17:48:01.690 [main] TRACE org.springframework.beans.CachedIntrospectionResults - Found bean property 'fallbackToDefaultTypeMatch' of type [boolean]
17:48:01.691 [main] TRACE org.springframework.beans.CachedIntrospectionResults - Found bean property 'initAnnotationType' of type [java.lang.Class]
17:48:01.691 [main] TRACE org.springframework.beans.CachedIntrospectionResults - Found bean property 'jndiFactory' of type [org.springframework.beans.factory.BeanFactory]
17:48:01.691 [main] TRACE org.springframework.beans.CachedIntrospectionResults - Found bean property 'order' of type [int]
17:48:01.691 [main] TRACE org.springframework.beans.CachedIntrospectionResults - Found bean property 'resourceFactory' of type [org.springframework.beans.factory.BeanFactory]
17:48:01.693 [main] DEBUG org.springframework.beans.factory.support.DefaultListableBeanFactory - Finished creating instance of bean 'org.springframework.context.annotation.internalCommonAnnotationProcessor'
17:48:01.693 [main] DEBUG org.springframework.beans.factory.support.DefaultListableBeanFactory - Creating shared instance of singleton bean 'org.springframework.context.annotation.internalPersistenceAnnotationProcessor'
17:48:01.693 [main] DEBUG org.springframework.beans.factory.support.DefaultListableBeanFactory - Creating instance of bean 'org.springframework.context.annotation.internalPersistenceAnnotationProcessor'
17:48:01.693 [main] DEBUG org.springframework.beans.factory.support.DefaultListableBeanFactory - Eagerly caching bean 'org.springframework.context.annotation.internalPersistenceAnnotationProcessor' to allow for resolving potential circular references
17:48:01.693 [main] TRACE org.springframework.beans.CachedIntrospectionResults - Getting BeanInfo for class [org.springframework.orm.jpa.support.PersistenceAnnotationBeanPostProcessor]
17:48:01.694 [main] TRACE org.springframework.beans.CachedIntrospectionResults - Caching PropertyDescriptors for class [org.springframework.orm.jpa.support.PersistenceAnnotationBeanPostProcessor]
17:48:01.695 [main] TRACE org.springframework.beans.CachedIntrospectionResults - Found bean property 'beanFactory' of type [org.springframework.beans.factory.BeanFactory]
17:48:01.695 [main] TRACE org.springframework.beans.CachedIntrospectionResults - Found bean property 'class' of type [java.lang.Class]
17:48:01.695 [main] TRACE org.springframework.beans.CachedIntrospectionResults - Found bean property 'defaultPersistenceUnitName' of type [java.lang.String]
17:48:01.695 [main] TRACE org.springframework.beans.CachedIntrospectionResults - Found bean property 'extendedPersistenceContexts' of type [java.util.Map]
17:48:01.695 [main] TRACE org.springframework.beans.CachedIntrospectionResults - Found bean property 'jndiEnvironment' of type [java.util.Properties]
17:48:01.695 [main] TRACE org.springframework.beans.CachedIntrospectionResults - Found bean property 'jndiTemplate' of type [java.lang.Object]
17:48:01.695 [main] TRACE org.springframework.beans.CachedIntrospectionResults - Found bean property 'order' of type [int]
17:48:01.695 [main] TRACE org.springframework.beans.CachedIntrospectionResults - Found bean property 'persistenceContexts' of type [java.util.Map]
17:48:01.695 [main] TRACE org.springframework.beans.CachedIntrospectionResults - Found bean property 'persistenceUnits' of type [java.util.Map]
17:48:01.696 [main] TRACE org.springframework.beans.CachedIntrospectionResults - Found bean property 'resourceRef' of type [boolean]
17:48:01.697 [main] DEBUG org.springframework.beans.factory.support.DefaultListableBeanFactory - Finished creating instance of bean 'org.springframework.context.annotation.internalPersistenceAnnotationProcessor'
17:48:01.697 [main] DEBUG org.springframework.beans.factory.support.DefaultListableBeanFactory - Creating shared instance of singleton bean 'org.springframework.aop.config.internalAutoProxyCreator'
17:48:01.698 [main] DEBUG org.springframework.beans.factory.support.DefaultListableBeanFactory - Creating instance of bean 'org.springframework.aop.config.internalAutoProxyCreator'
17:48:01.706 [main] DEBUG org.springframework.beans.factory.support.DefaultListableBeanFactory - Eagerly caching bean 'org.springframework.aop.config.internalAutoProxyCreator' to allow for resolving potential circular references
17:48:01.706 [main] TRACE org.springframework.beans.CachedIntrospectionResults - Getting BeanInfo for class [org.springframework.aop.framework.autoproxy.InfrastructureAdvisorAutoProxyCreator]
17:48:01.710 [main] TRACE org.springframework.beans.CachedIntrospectionResults - Caching PropertyDescriptors for class [org.springframework.aop.framework.autoproxy.InfrastructureAdvisorAutoProxyCreator]
17:48:01.710 [main] TRACE org.springframework.beans.CachedIntrospectionResults - Found bean property 'advisorAdapterRegistry' of type [org.springframework.aop.framework.adapter.AdvisorAdapterRegistry]
17:48:01.710 [main] TRACE org.springframework.beans.CachedIntrospectionResults - Found bean property 'applyCommonInterceptorsFirst' of type [boolean]
17:48:01.710 [main] TRACE org.springframework.beans.CachedIntrospectionResults - Found bean property 'beanClassLoader' of type [java.lang.ClassLoader]
17:48:01.710 [main] TRACE org.springframework.beans.CachedIntrospectionResults - Found bean property 'beanFactory' of type [org.springframework.beans.factory.BeanFactory]
17:48:01.710 [main] TRACE org.springframework.beans.CachedIntrospectionResults - Found bean property 'class' of type [java.lang.Class]
17:48:01.711 [main] TRACE org.springframework.beans.CachedIntrospectionResults - Found bean property 'customTargetSourceCreators' of type [[Lorg.springframework.aop.framework.autoproxy.TargetSourceCreator;]
17:48:01.713 [main] TRACE org.springframework.beans.CachedIntrospectionResults - Found bean property 'exposeProxy' of type [boolean]
17:48:01.713 [main] TRACE org.springframework.beans.CachedIntrospectionResults - Found bean property 'frozen' of type [boolean]
17:48:01.713 [main] TRACE org.springframework.beans.CachedIntrospectionResults - Found bean property 'interceptorNames' of type [[Ljava.lang.String;]
17:48:01.714 [main] TRACE org.springframework.beans.CachedIntrospectionResults - Found bean property 'opaque' of type [boolean]
17:48:01.714 [main] TRACE org.springframework.beans.CachedIntrospectionResults - Found bean property 'optimize' of type [boolean]
17:48:01.714 [main] TRACE org.springframework.beans.CachedIntrospectionResults - Found bean property 'order' of type [int]
17:48:01.714 [main] TRACE org.springframework.beans.CachedIntrospectionResults - Found bean property 'proxyClassLoader' of type [java.lang.ClassLoader]
17:48:01.714 [main] TRACE org.springframework.beans.CachedIntrospectionResults - Found bean property 'proxyTargetClass' of type [boolean]
17:48:01.722 [main] DEBUG org.springframework.beans.factory.support.DefaultListableBeanFactory - Finished creating instance of bean 'org.springframework.aop.config.internalAutoProxyCreator'
17:48:01.722 [main] DEBUG org.springframework.beans.factory.support.DefaultListableBeanFactory - Creating shared instance of singleton bean 'messageSource'
17:48:01.722 [main] DEBUG org.springframework.beans.factory.support.DefaultListableBeanFactory - Creating instance of bean 'messageSource'
17:48:01.730 [main] DEBUG org.springframework.beans.factory.support.DefaultListableBeanFactory - Creating shared instance of singleton bean 'appConfig'
17:48:01.730 [main] DEBUG org.springframework.beans.factory.support.DefaultListableBeanFactory - Creating instance of bean 'appConfig'
17:48:01.732 [main] DEBUG org.springframework.beans.factory.support.DefaultListableBeanFactory - Eagerly caching bean 'appConfig' to allow for resolving potential circular references
17:48:01.732 [main] TRACE org.springframework.beans.CachedIntrospectionResults - Getting BeanInfo for class [com.soft.config.AppConfig$$EnhancerBySpringCGLIB$$34de6d54]
17:48:01.735 [main] TRACE org.springframework.beans.CachedIntrospectionResults - Caching PropertyDescriptors for class [com.soft.config.AppConfig$$EnhancerBySpringCGLIB$$34de6d54]
17:48:01.735 [main] TRACE org.springframework.beans.CachedIntrospectionResults - Found bean property 'applicationContext' of type [org.springframework.context.ApplicationContext]
17:48:01.751 [main] TRACE org.springframework.beans.CachedIntrospectionResults - Found bean property 'beanFactory' of type [org.springframework.beans.factory.BeanFactory]
17:48:01.751 [main] TRACE org.springframework.beans.CachedIntrospectionResults - Found bean property 'class' of type [java.lang.Class]
17:48:01.752 [main] TRACE org.springframework.beans.CachedIntrospectionResults - Found bean property 'messageCodesResolver' of type [org.springframework.validation.MessageCodesResolver]
17:48:01.752 [main] TRACE org.springframework.beans.CachedIntrospectionResults - Found bean property 'sessionLocaleResolver' of type [org.springframework.web.servlet.i18n.SessionLocaleResolver]
17:48:01.752 [main] TRACE org.springframework.beans.CachedIntrospectionResults - Found bean property 'validator' of type [org.springframework.validation.Validator]
17:48:01.754 [main] DEBUG org.springframework.beans.factory.support.DefaultListableBeanFactory - Creating shared instance of singleton bean 'org.springframework.transaction.config.internalTransactionAdvisor'
17:48:01.754 [main] DEBUG org.springframework.beans.factory.support.DefaultListableBeanFactory - Creating instance of bean 'org.springframework.transaction.config.internalTransactionAdvisor'
17:48:01.754 [main] TRACE org.springframework.aop.framework.autoproxy.InfrastructureAdvisorAutoProxyCreator - Did not attempt to auto-proxy infrastructure class [org.springframework.transaction.interceptor.BeanFactoryTransactionAttributeSourceAdvisor]
17:48:01.754 [main] DEBUG org.springframework.beans.factory.support.DefaultListableBeanFactory - Creating shared instance of singleton bean 'org.springframework.transaction.annotation.ProxyTransactionManagementConfiguration'
17:48:01.754 [main] DEBUG org.springframework.beans.factory.support.DefaultListableBeanFactory - Creating instance of bean 'org.springframework.transaction.annotation.ProxyTransactionManagementConfiguration'
17:48:01.755 [main] TRACE org.springframework.beans.CachedIntrospectionResults - Getting BeanInfo for class [org.springframework.transaction.annotation.ProxyTransactionManagementConfiguration$$EnhancerBySpringCGLIB$$bffddca1]
17:48:01.757 [main] TRACE org.springframework.beans.CachedIntrospectionResults - Caching PropertyDescriptors for class [org.springframework.transaction.annotation.ProxyTransactionManagementConfiguration$$EnhancerBySpringCGLIB$$bffddca1]
17:48:01.757 [main] TRACE org.springframework.beans.CachedIntrospectionResults - Found bean property 'beanFactory' of type [org.springframework.beans.factory.BeanFactory]
17:48:01.757 [main] TRACE org.springframework.beans.CachedIntrospectionResults - Found bean property 'class' of type [java.lang.Class]
17:48:01.757 [main] TRACE org.springframework.beans.CachedIntrospectionResults - Found bean property 'importMetadata' of type [org.springframework.core.type.AnnotationMetadata]
17:48:01.759 [main] DEBUG org.springframework.beans.factory.annotation.InjectionMetadata - Registered injected element on class [org.springframework.transaction.annotation.ProxyTransactionManagementConfiguration$$EnhancerBySpringCGLIB$$bffddca1]: AutowiredMethodElement for void org.springframework.transaction.annotation.AbstractTransactionManagementConfiguration.setConfigurers(java.util.Collection)
17:48:01.759 [main] DEBUG org.springframework.beans.factory.support.DefaultListableBeanFactory - Eagerly caching bean 'org.springframework.transaction.annotation.ProxyTransactionManagementConfiguration' to allow for resolving potential circular references
17:48:01.759 [main] DEBUG org.springframework.beans.factory.annotation.InjectionMetadata - Processing injected element of bean 'org.springframework.transaction.annotation.ProxyTransactionManagementConfiguration': AutowiredMethodElement for void org.springframework.transaction.annotation.AbstractTransactionManagementConfiguration.setConfigurers(java.util.Collection)
17:48:01.761 [main] DEBUG org.springframework.beans.factory.support.DefaultListableBeanFactory - Returning cached instance of singleton bean 'org.springframework.context.annotation.ConfigurationClassPostProcessor.importRegistry'
17:48:01.762 [main] DEBUG org.springframework.aop.framework.autoproxy.BeanFactoryAdvisorRetrievalHelper - Skipping currently created advisor 'org.springframework.transaction.config.internalTransactionAdvisor'
17:48:01.763 [main] DEBUG org.springframework.beans.factory.support.DefaultListableBeanFactory - Finished creating instance of bean 'org.springframework.transaction.annotation.ProxyTransactionManagementConfiguration'
17:48:01.773 [main] DEBUG org.springframework.beans.factory.support.DefaultListableBeanFactory - Creating shared instance of singleton bean 'transactionAttributeSource'
17:48:01.773 [main] DEBUG org.springframework.beans.factory.support.DefaultListableBeanFactory - Creating instance of bean 'transactionAttributeSource'
17:48:01.773 [main] DEBUG org.springframework.beans.factory.support.DefaultListableBeanFactory - Returning cached instance of singleton bean 'org.springframework.transaction.annotation.ProxyTransactionManagementConfiguration'
17:48:01.774 [main] DEBUG org.springframework.beans.factory.support.DefaultListableBeanFactory - Eagerly caching bean 'transactionAttributeSource' to allow for resolving potential circular references
17:48:01.775 [main] TRACE org.springframework.beans.CachedIntrospectionResults - Getting BeanInfo for class [org.springframework.transaction.annotation.AnnotationTransactionAttributeSource]
17:48:01.776 [main] TRACE org.springframework.beans.CachedIntrospectionResults - Caching PropertyDescriptors for class [org.springframework.transaction.annotation.AnnotationTransactionAttributeSource]
17:48:01.776 [main] TRACE org.springframework.beans.CachedIntrospectionResults - Found bean property 'class' of type [java.lang.Class]
17:48:01.777 [main] DEBUG org.springframework.aop.framework.autoproxy.BeanFactoryAdvisorRetrievalHelper - Skipping currently created advisor 'org.springframework.transaction.config.internalTransactionAdvisor'
17:48:01.777 [main] DEBUG org.springframework.beans.factory.support.DefaultListableBeanFactory - Finished creating instance of bean 'transactionAttributeSource'
17:48:01.778 [main] DEBUG org.springframework.beans.factory.support.DefaultListableBeanFactory - Creating shared instance of singleton bean 'transactionInterceptor'
17:48:01.778 [main] DEBUG org.springframework.beans.factory.support.DefaultListableBeanFactory - Creating instance of bean 'transactionInterceptor'
17:48:01.778 [main] TRACE org.springframework.aop.framework.autoproxy.InfrastructureAdvisorAutoProxyCreator - Did not attempt to auto-proxy infrastructure class [org.springframework.transaction.interceptor.TransactionInterceptor]
17:48:01.778 [main] DEBUG org.springframework.beans.factory.support.DefaultListableBeanFactory - Returning cached instance of singleton bean 'org.springframework.transaction.annotation.ProxyTransactionManagementConfiguration'
17:48:01.780 [main] DEBUG org.springframework.beans.factory.support.DefaultListableBeanFactory - Returning cached instance of singleton bean 'transactionAttributeSource'
17:48:01.782 [main] DEBUG org.springframework.beans.factory.support.DefaultListableBeanFactory - Eagerly caching bean 'transactionInterceptor' to allow for resolving potential circular references
17:48:01.782 [main] TRACE org.springframework.beans.CachedIntrospectionResults - Getting BeanInfo for class [org.springframework.transaction.interceptor.TransactionInterceptor]
17:48:01.784 [main] TRACE org.springframework.beans.CachedIntrospectionResults - Caching PropertyDescriptors for class [org.springframework.transaction.interceptor.TransactionInterceptor]
17:48:01.784 [main] TRACE org.springframework.beans.CachedIntrospectionResults - Found bean property 'beanFactory' of type [org.springframework.beans.factory.BeanFactory]
17:48:01.785 [main] TRACE org.springframework.beans.CachedIntrospectionResults - Found bean property 'class' of type [java.lang.Class]
17:48:01.785 [main] TRACE org.springframework.beans.CachedIntrospectionResults - Found bean property 'transactionAttributeSource' of type [org.springframework.transaction.interceptor.TransactionAttributeSource]
17:48:01.786 [main] TRACE org.springframework.beans.CachedIntrospectionResults - Found bean property 'transactionAttributeSources' of type [[Lorg.springframework.transaction.interceptor.TransactionAttributeSource;]
17:48:01.786 [main] TRACE org.springframework.beans.CachedIntrospectionResults - Found bean property 'transactionAttributes' of type [java.util.Properties]
17:48:01.786 [main] TRACE org.springframework.beans.CachedIntrospectionResults - Found bean property 'transactionManager' of type [org.springframework.transaction.PlatformTransactionManager]
17:48:01.786 [main] TRACE org.springframework.beans.CachedIntrospectionResults - Found bean property 'transactionManagerBeanName' of type [java.lang.String]
17:48:01.787 [main] DEBUG org.springframework.beans.factory.support.DefaultListableBeanFactory - Invoking afterPropertiesSet() on bean with name 'transactionInterceptor'
17:48:01.787 [main] DEBUG org.springframework.beans.factory.support.DefaultListableBeanFactory - Finished creating instance of bean 'transactionInterceptor'
17:48:01.788 [main] DEBUG org.springframework.beans.factory.support.DefaultListableBeanFactory - Eagerly caching bean 'org.springframework.transaction.config.internalTransactionAdvisor' to allow for resolving potential circular references
17:48:01.788 [main] TRACE org.springframework.beans.CachedIntrospectionResults - Getting BeanInfo for class [org.springframework.transaction.interceptor.BeanFactoryTransactionAttributeSourceAdvisor]
17:48:01.790 [main] TRACE org.springframework.beans.CachedIntrospectionResults - Caching PropertyDescriptors for class [org.springframework.transaction.interceptor.BeanFactoryTransactionAttributeSourceAdvisor]
17:48:01.790 [main] TRACE org.springframework.beans.CachedIntrospectionResults - Found bean property 'advice' of type [org.aopalliance.aop.Advice]
17:48:01.791 [main] TRACE org.springframework.beans.CachedIntrospectionResults - Found bean property 'adviceBeanName' of type [java.lang.String]
17:48:01.791 [main] TRACE org.springframework.beans.CachedIntrospectionResults - Found bean property 'beanFactory' of type [org.springframework.beans.factory.BeanFactory]
17:48:01.791 [main] TRACE org.springframework.beans.CachedIntrospectionResults - Found bean property 'class' of type [java.lang.Class]
17:48:01.791 [main] TRACE org.springframework.beans.CachedIntrospectionResults - Found bean property 'classFilter' of type [org.springframework.aop.ClassFilter]
17:48:01.791 [main] TRACE org.springframework.beans.CachedIntrospectionResults - Found bean property 'order' of type [int]
17:48:01.791 [main] TRACE org.springframework.beans.CachedIntrospectionResults - Found bean property 'perInstance' of type [boolean]
17:48:01.791 [main] TRACE org.springframework.beans.CachedIntrospectionResults - Found bean property 'pointcut' of type [org.springframework.aop.Pointcut]
17:48:01.791 [main] TRACE org.springframework.beans.CachedIntrospectionResults - Found bean property 'transactionAttributeSource' of type [org.springframework.transaction.interceptor.TransactionAttributeSource]
17:48:01.792 [main] DEBUG org.springframework.beans.factory.support.DefaultListableBeanFactory - Finished creating instance of bean 'org.springframework.transaction.config.internalTransactionAdvisor'
17:48:01.797 [main] DEBUG org.springframework.beans.factory.support.DefaultListableBeanFactory - Finished creating instance of bean 'appConfig'
17:48:01.797 [main] DEBUG org.springframework.beans.factory.support.DefaultListableBeanFactory - Autowiring by type from bean name 'messageSource' via constructor to bean named 'appConfig'
17:48:01.799 [main] DEBUG org.springframework.beans.factory.annotation.InjectionMetadata - Registered injected element on class [com.soft.config.AppConfig$DBMessageSource]: AutowiredFieldElement for private com.soft.dao.EshopDAOImpl com.soft.config.AppConfig$DBMessageSource.eshopDaoImpl
17:48:01.799 [main] DEBUG org.springframework.beans.factory.support.DefaultListableBeanFactory - Eagerly caching bean 'messageSource' to allow for resolving potential circular references
17:48:01.799 [main] TRACE org.springframework.beans.CachedIntrospectionResults - Getting BeanInfo for class [com.soft.config.AppConfig$DBMessageSource]
17:48:01.801 [main] TRACE org.springframework.beans.CachedIntrospectionResults - Caching PropertyDescriptors for class [com.soft.config.AppConfig$DBMessageSource]
17:48:01.801 [main] TRACE org.springframework.beans.CachedIntrospectionResults - Found bean property 'alwaysUseMessageFormat' of type [boolean]
17:48:01.801 [main] TRACE org.springframework.beans.CachedIntrospectionResults - Found bean property 'class' of type [java.lang.Class]
17:48:01.801 [main] TRACE org.springframework.beans.CachedIntrospectionResults - Found bean property 'commonMessages' of type [java.util.Properties]
17:48:01.801 [main] TRACE org.springframework.beans.CachedIntrospectionResults - Found bean property 'parentMessageSource' of type [org.springframework.context.MessageSource]
17:48:01.801 [main] TRACE org.springframework.beans.CachedIntrospectionResults - Found bean property 'useCodeAsDefaultMessage' of type [boolean]
17:48:01.803 [main] DEBUG org.springframework.beans.factory.annotation.InjectionMetadata - Processing injected element of bean 'messageSource': AutowiredFieldElement for private com.soft.dao.EshopDAOImpl com.soft.config.AppConfig$DBMessageSource.eshopDaoImpl
17:48:01.804 [main] DEBUG org.springframework.beans.factory.support.DefaultListableBeanFactory - Creating shared instance of singleton bean 'DataSourceBean'
17:48:01.804 [main] DEBUG org.springframework.beans.factory.support.DefaultListableBeanFactory - Creating instance of bean 'DataSourceBean'
17:48:01.805 [main] DEBUG org.springframework.beans.factory.support.DefaultListableBeanFactory - Creating shared instance of singleton bean 'dataAccessConfig'
17:48:01.805 [main] DEBUG org.springframework.beans.factory.support.DefaultListableBeanFactory - Creating instance of bean 'dataAccessConfig'
17:48:01.805 [main] DEBUG org.springframework.beans.factory.support.DefaultListableBeanFactory - Eagerly caching bean 'dataAccessConfig' to allow for resolving potential circular references
17:48:01.805 [main] TRACE org.springframework.beans.CachedIntrospectionResults - Getting BeanInfo for class [com.soft.config.DataAccessConfig$$EnhancerBySpringCGLIB$$21eb830b]
17:48:01.807 [main] TRACE org.springframework.beans.CachedIntrospectionResults - Caching PropertyDescriptors for class [com.soft.config.DataAccessConfig$$EnhancerBySpringCGLIB$$21eb830b]
17:48:01.807 [main] TRACE org.springframework.beans.CachedIntrospectionResults - Found bean property 'beanFactory' of type [org.springframework.beans.factory.BeanFactory]
17:48:01.807 [main] TRACE org.springframework.beans.CachedIntrospectionResults - Found bean property 'class' of type [java.lang.Class]
17:48:01.807 [main] TRACE org.springframework.beans.CachedIntrospectionResults - Found bean property 'dataSource' of type [javax.sql.DataSource]
17:48:01.807 [main] TRACE org.springframework.beans.CachedIntrospectionResults - Found bean property 'devDataSource' of type [javax.sql.DataSource]
17:48:01.808 [main] DEBUG org.springframework.beans.factory.support.DefaultListableBeanFactory - Returning cached instance of singleton bean 'org.springframework.transaction.config.internalTransactionAdvisor'
17:48:01.809 [main] DEBUG org.springframework.beans.factory.support.DefaultListableBeanFactory - Finished creating instance of bean 'dataAccessConfig'
17:48:01.823 [main] DEBUG org.springframework.beans.factory.support.DefaultListableBeanFactory - Eagerly caching bean 'DataSourceBean' to allow for resolving potential circular references
17:48:01.824 [main] TRACE org.springframework.beans.CachedIntrospectionResults - Getting BeanInfo for class [org.apache.commons.dbcp2.BasicDataSource]
17:48:01.827 [main] TRACE org.springframework.beans.CachedIntrospectionResults - Caching PropertyDescriptors for class [org.apache.commons.dbcp2.BasicDataSource]
17:48:01.827 [main] TRACE org.springframework.beans.CachedIntrospectionResults - Found bean property 'abandonedLogWriter' of type [java.io.PrintWriter]
17:48:01.827 [main] TRACE org.springframework.beans.CachedIntrospectionResults - Found bean property 'abandonedUsageTracking' of type [boolean]
17:48:01.827 [main] TRACE org.springframework.beans.CachedIntrospectionResults - Found bean property 'accessToUnderlyingConnectionAllowed' of type [boolean]
17:48:01.827 [main] TRACE org.springframework.beans.CachedIntrospectionResults - Found bean property 'autoCommitOnReturn' of type [boolean]
17:48:01.827 [main] TRACE org.springframework.beans.CachedIntrospectionResults - Found bean property 'cacheState' of type [boolean]
17:48:01.827 [main] TRACE org.springframework.beans.CachedIntrospectionResults - Found bean property 'class' of type [java.lang.Class]
17:48:01.828 [main] TRACE org.springframework.beans.CachedIntrospectionResults - Found bean property 'closed' of type [boolean]
17:48:01.828 [main] TRACE org.springframework.beans.CachedIntrospectionResults - Found bean property 'connection' of type [java.sql.Connection]
17:48:01.828 [main] TRACE org.springframework.beans.CachedIntrospectionResults - Found bean property 'connectionFactoryClassName' of type [java.lang.String]
17:48:01.828 [main] TRACE org.springframework.beans.CachedIntrospectionResults - Found bean property 'connectionInitSqls' of type [java.util.List]
17:48:01.828 [main] TRACE org.springframework.beans.CachedIntrospectionResults - Found bean property 'connectionInitSqlsAsArray' of type [[Ljava.lang.String;]
17:48:01.828 [main] TRACE org.springframework.beans.CachedIntrospectionResults - Found bean property 'connectionProperties' of type [java.lang.String]
17:48:01.828 [main] TRACE org.springframework.beans.CachedIntrospectionResults - Found bean property 'defaultAutoCommit' of type [java.lang.Boolean]
17:48:01.828 [main] TRACE org.springframework.beans.CachedIntrospectionResults - Found bean property 'defaultCatalog' of type [java.lang.String]
17:48:01.829 [main] TRACE org.springframework.beans.CachedIntrospectionResults - Found bean property 'defaultQueryTimeout' of type [java.lang.Integer]
17:48:01.829 [main] TRACE org.springframework.beans.CachedIntrospectionResults - Found bean property 'defaultReadOnly' of type [java.lang.Boolean]
17:48:01.829 [main] TRACE org.springframework.beans.CachedIntrospectionResults - Found bean property 'defaultSchema' of type [java.lang.String]
17:48:01.829 [main] TRACE org.springframework.beans.CachedIntrospectionResults - Found bean property 'defaultTransactionIsolation' of type [int]
17:48:01.829 [main] TRACE org.springframework.beans.CachedIntrospectionResults - Found bean property 'disconnectionSqlCodes' of type [java.util.Set]
17:48:01.829 [main] TRACE org.springframework.beans.CachedIntrospectionResults - Found bean property 'disconnectionSqlCodesAsArray' of type [[Ljava.lang.String;]
17:48:01.829 [main] TRACE org.springframework.beans.CachedIntrospectionResults - Found bean property 'driver' of type [java.sql.Driver]
17:48:01.829 [main] TRACE org.springframework.beans.CachedIntrospectionResults - Found bean property 'driverClassLoader' of type [java.lang.ClassLoader]
17:48:01.829 [main] TRACE org.springframework.beans.CachedIntrospectionResults - Found bean property 'driverClassName' of type [java.lang.String]
17:48:01.829 [main] TRACE org.springframework.beans.CachedIntrospectionResults - Found bean property 'enableAutoCommitOnReturn' of type [boolean]
17:48:01.830 [main] TRACE org.springframework.beans.CachedIntrospectionResults - Found bean property 'evictionPolicyClassName' of type [java.lang.String]
17:48:01.830 [main] TRACE org.springframework.beans.CachedIntrospectionResults - Found bean property 'fastFailValidation' of type [boolean]
17:48:01.830 [main] TRACE org.springframework.beans.CachedIntrospectionResults - Found bean property 'initialSize' of type [int]
17:48:01.830 [main] TRACE org.springframework.beans.CachedIntrospectionResults - Found bean property 'jmxName' of type [java.lang.String]
17:48:01.830 [main] TRACE org.springframework.beans.CachedIntrospectionResults - Found bean property 'lifo' of type [boolean]
17:48:01.830 [main] TRACE org.springframework.beans.CachedIntrospectionResults - Found bean property 'logAbandoned' of type [boolean]
17:48:01.830 [main] TRACE org.springframework.beans.CachedIntrospectionResults - Found bean property 'logExpiredConnections' of type [boolean]
17:48:01.830 [main] TRACE org.springframework.beans.CachedIntrospectionResults - Found bean property 'logWriter' of type [java.io.PrintWriter]
17:48:01.830 [main] TRACE org.springframework.beans.CachedIntrospectionResults - Found bean property 'loginTimeout' of type [int]
17:48:01.830 [main] TRACE org.springframework.beans.CachedIntrospectionResults - Found bean property 'maxConnLifetimeMillis' of type [long]
17:48:01.830 [main] TRACE org.springframework.beans.CachedIntrospectionResults - Found bean property 'maxIdle' of type [int]
17:48:01.830 [main] TRACE org.springframework.beans.CachedIntrospectionResults - Found bean property 'maxOpenPreparedStatements' of type [int]
17:48:01.831 [main] TRACE org.springframework.beans.CachedIntrospectionResults - Found bean property 'maxTotal' of type [int]
17:48:01.831 [main] TRACE org.springframework.beans.CachedIntrospectionResults - Found bean property 'maxWaitMillis' of type [long]
17:48:01.831 [main] TRACE org.springframework.beans.CachedIntrospectionResults - Found bean property 'minEvictableIdleTimeMillis' of type [long]
17:48:01.831 [main] TRACE org.springframework.beans.CachedIntrospectionResults - Found bean property 'minIdle' of type [int]
17:48:01.831 [main] TRACE org.springframework.beans.CachedIntrospectionResults - Found bean property 'numActive' of type [int]
17:48:01.831 [main] TRACE org.springframework.beans.CachedIntrospectionResults - Found bean property 'numIdle' of type [int]
17:48:01.831 [main] TRACE org.springframework.beans.CachedIntrospectionResults - Found bean property 'numTestsPerEvictionRun' of type [int]
17:48:01.831 [main] TRACE org.springframework.beans.CachedIntrospectionResults - Found bean property 'parentLogger' of type [java.util.logging.Logger]
17:48:01.831 [main] TRACE org.springframework.beans.CachedIntrospectionResults - Found bean property 'password' of type [java.lang.String]
17:48:01.831 [main] TRACE org.springframework.beans.CachedIntrospectionResults - Found bean property 'poolPreparedStatements' of type [boolean]
17:48:01.831 [main] TRACE org.springframework.beans.CachedIntrospectionResults - Found bean property 'removeAbandonedOnBorrow' of type [boolean]
17:48:01.831 [main] TRACE org.springframework.beans.CachedIntrospectionResults - Found bean property 'removeAbandonedOnMaintenance' of type [boolean]
17:48:01.831 [main] TRACE org.springframework.beans.CachedIntrospectionResults - Found bean property 'removeAbandonedTimeout' of type [int]
17:48:01.832 [main] TRACE org.springframework.beans.CachedIntrospectionResults - Found bean property 'rollbackOnReturn' of type [boolean]
17:48:01.832 [main] TRACE org.springframework.beans.CachedIntrospectionResults - Found bean property 'softMinEvictableIdleTimeMillis' of type [long]
17:48:01.832 [main] TRACE org.springframework.beans.CachedIntrospectionResults - Found bean property 'testOnBorrow' of type [boolean]
17:48:01.832 [main] TRACE org.springframework.beans.CachedIntrospectionResults - Found bean property 'testOnCreate' of type [boolean]
17:48:01.832 [main] TRACE org.springframework.beans.CachedIntrospectionResults - Found bean property 'testOnReturn' of type [boolean]
17:48:01.832 [main] TRACE org.springframework.beans.CachedIntrospectionResults - Found bean property 'testWhileIdle' of type [boolean]
17:48:01.832 [main] TRACE org.springframework.beans.CachedIntrospectionResults - Found bean property 'timeBetweenEvictionRunsMillis' of type [long]
17:48:01.832 [main] TRACE org.springframework.beans.CachedIntrospectionResults - Found bean property 'url' of type [java.lang.String]
17:48:01.832 [main] TRACE org.springframework.beans.CachedIntrospectionResults - Found bean property 'username' of type [java.lang.String]
17:48:01.832 [main] TRACE org.springframework.beans.CachedIntrospectionResults - Found bean property 'validationQuery' of type [java.lang.String]
17:48:01.832 [main] TRACE org.springframework.beans.CachedIntrospectionResults - Found bean property 'validationQueryTimeout' of type [int]
17:48:01.834 [main] DEBUG org.springframework.beans.factory.support.DefaultListableBeanFactory - Returning cached instance of singleton bean 'org.springframework.transaction.config.internalTransactionAdvisor'
17:48:01.838 [main] DEBUG org.springframework.beans.factory.support.DefaultListableBeanFactory - Finished creating instance of bean 'DataSourceBean'
17:48:01.838 [main] DEBUG org.springframework.beans.factory.support.DefaultListableBeanFactory - Creating shared instance of singleton bean 'SessionFactory'
17:48:01.838 [main] DEBUG org.springframework.beans.factory.support.DefaultListableBeanFactory - Creating instance of bean 'SessionFactory'
17:48:01.839 [main] DEBUG org.springframework.beans.factory.support.DefaultListableBeanFactory - Returning cached instance of singleton bean 'dataAccessConfig'
17:48:01.840 [main] DEBUG org.springframework.beans.factory.support.DefaultListableBeanFactory - Returning cached instance of singleton bean 'DataSourceBean'
17:48:01.840 [main] DEBUG org.springframework.beans.factory.support.DefaultListableBeanFactory - Autowiring by type from bean name 'SessionFactory' via factory method to bean named 'DataSourceBean'
17:48:01.857 [main] DEBUG org.jboss.logging - Logging Provider: org.jboss.logging.Log4j2LoggerProvider
17:48:01.865 [main] DEBUG org.hibernate.integrator.internal.IntegratorServiceImpl - Adding Integrator [org.hibernate.cfg.beanvalidation.BeanValidationIntegrator].
17:48:01.867 [main] DEBUG org.hibernate.integrator.internal.IntegratorServiceImpl - Adding Integrator [org.hibernate.secure.spi.JaccIntegrator].
17:48:01.869 [main] DEBUG org.hibernate.integrator.internal.IntegratorServiceImpl - Adding Integrator [org.hibernate.cache.internal.CollectionCacheInvalidator].
17:48:01.874 [main] TRACE org.hibernate.boot.registry.selector.internal.StrategySelectorImpl - Registering named strategy selector [org.hibernate.dialect.Dialect] : [Cache71] -> [org.hibernate.dialect.Cache71Dialect]
17:48:01.875 [main] TRACE org.hibernate.boot.registry.selector.internal.StrategySelectorImpl - Registering named strategy selector [org.hibernate.dialect.Dialect] : [CUBRID] -> [org.hibernate.dialect.CUBRIDDialect]
17:48:01.875 [main] TRACE org.hibernate.boot.registry.selector.internal.StrategySelectorImpl - Registering named strategy selector [org.hibernate.dialect.Dialect] : [DB2] -> [org.hibernate.dialect.DB2Dialect]
17:48:01.876 [main] TRACE org.hibernate.boot.registry.selector.internal.StrategySelectorImpl - Registering named strategy selector [org.hibernate.dialect.Dialect] : [DB2390] -> [org.hibernate.dialect.DB2390Dialect]
17:48:01.876 [main] TRACE org.hibernate.boot.registry.selector.internal.StrategySelectorImpl - Registering named strategy selector [org.hibernate.dialect.Dialect] : [DB2390V8] -> [org.hibernate.dialect.DB2390V8Dialect]
17:48:01.877 [main] TRACE org.hibernate.boot.registry.selector.internal.StrategySelectorImpl - Registering named strategy selector [org.hibernate.dialect.Dialect] : [DB2400] -> [org.hibernate.dialect.DB2400Dialect]
17:48:01.877 [main] TRACE org.hibernate.boot.registry.selector.internal.StrategySelectorImpl - Registering named strategy selector [org.hibernate.dialect.Dialect] : [DerbyTenFive] -> [org.hibernate.dialect.DerbyTenFiveDialect]
17:48:01.878 [main] TRACE org.hibernate.boot.registry.selector.internal.StrategySelectorImpl - Registering named strategy selector [org.hibernate.dialect.Dialect] : [DerbyTenSix] -> [org.hibernate.dialect.DerbyTenSixDialect]
17:48:01.878 [main] TRACE org.hibernate.boot.registry.selector.internal.StrategySelectorImpl - Registering named strategy selector [org.hibernate.dialect.Dialect] : [DerbyTenSeven] -> [org.hibernate.dialect.DerbyTenSevenDialect]
17:48:01.879 [main] TRACE org.hibernate.boot.registry.selector.internal.StrategySelectorImpl - Registering named strategy selector [org.hibernate.dialect.Dialect] : [Firebird] -> [org.hibernate.dialect.FirebirdDialect]
17:48:01.879 [main] TRACE org.hibernate.boot.registry.selector.internal.StrategySelectorImpl - Registering named strategy selector [org.hibernate.dialect.Dialect] : [FrontBase] -> [org.hibernate.dialect.FrontBaseDialect]
17:48:01.880 [main] TRACE org.hibernate.boot.registry.selector.internal.StrategySelectorImpl - Registering named strategy selector [org.hibernate.dialect.Dialect] : [H2] -> [org.hibernate.dialect.H2Dialect]
17:48:01.881 [main] TRACE org.hibernate.boot.registry.selector.internal.StrategySelectorImpl - Registering named strategy selector [org.hibernate.dialect.Dialect] : [HANAColumnStore] -> [org.hibernate.dialect.HANAColumnStoreDialect]
17:48:01.881 [main] TRACE org.hibernate.boot.registry.selector.internal.StrategySelectorImpl - Registering named strategy selector [org.hibernate.dialect.Dialect] : [HANARowStore] -> [org.hibernate.dialect.HANARowStoreDialect]
17:48:01.882 [main] TRACE org.hibernate.boot.registry.selector.internal.StrategySelectorImpl - Registering named strategy selector [org.hibernate.dialect.Dialect] : [HSQL] -> [org.hibernate.dialect.HSQLDialect]
17:48:01.882 [main] TRACE org.hibernate.boot.registry.selector.internal.StrategySelectorImpl - Registering named strategy selector [org.hibernate.dialect.Dialect] : [Informix] -> [org.hibernate.dialect.InformixDialect]
17:48:01.883 [main] TRACE org.hibernate.boot.registry.selector.internal.StrategySelectorImpl - Registering named strategy selector [org.hibernate.dialect.Dialect] : [Ingres] -> [org.hibernate.dialect.IngresDialect]
17:48:01.883 [main] TRACE org.hibernate.boot.registry.selector.internal.StrategySelectorImpl - Registering named strategy selector [org.hibernate.dialect.Dialect] : [Ingres9] -> [org.hibernate.dialect.Ingres9Dialect]
17:48:01.883 [main] TRACE org.hibernate.boot.registry.selector.internal.StrategySelectorImpl - Registering named strategy selector [org.hibernate.dialect.Dialect] : [Ingres10] -> [org.hibernate.dialect.Ingres10Dialect]
17:48:01.883 [main] TRACE org.hibernate.boot.registry.selector.internal.StrategySelectorImpl - Registering named strategy selector [org.hibernate.dialect.Dialect] : [Interbase] -> [org.hibernate.dialect.InterbaseDialect]
17:48:01.884 [main] TRACE org.hibernate.boot.registry.selector.internal.StrategySelectorImpl - Registering named strategy selector [org.hibernate.dialect.Dialect] : [JDataStore] -> [org.hibernate.dialect.JDataStoreDialect]
17:48:01.884 [main] TRACE org.hibernate.boot.registry.selector.internal.StrategySelectorImpl - Registering named strategy selector [org.hibernate.dialect.Dialect] : [Mckoi] -> [org.hibernate.dialect.MckoiDialect]
17:48:01.884 [main] TRACE org.hibernate.boot.registry.selector.internal.StrategySelectorImpl - Registering named strategy selector [org.hibernate.dialect.Dialect] : [MimerSQL] -> [org.hibernate.dialect.MimerSQLDialect]
17:48:01.885 [main] TRACE org.hibernate.boot.registry.selector.internal.StrategySelectorImpl - Registering named strategy selector [org.hibernate.dialect.Dialect] : [MySQL5] -> [org.hibernate.dialect.MySQL5Dialect]
17:48:01.886 [main] TRACE org.hibernate.boot.registry.selector.internal.StrategySelectorImpl - Registering named strategy selector [org.hibernate.dialect.Dialect] : [MySQL5InnoDB] -> [org.hibernate.dialect.MySQL5InnoDBDialect]
17:48:01.886 [main] TRACE org.hibernate.boot.registry.selector.internal.StrategySelectorImpl - Registering named strategy selector [org.hibernate.dialect.Dialect] : [MySQL57InnoDB] -> [org.hibernate.dialect.MySQL57InnoDBDialect]
17:48:01.886 [main] TRACE org.hibernate.boot.registry.selector.internal.StrategySelectorImpl - Registering named strategy selector [org.hibernate.dialect.Dialect] : [MySQL57] -> [org.hibernate.dialect.MySQL57Dialect]
17:48:01.887 [main] TRACE org.hibernate.boot.registry.selector.internal.StrategySelectorImpl - Registering named strategy selector [org.hibernate.dialect.Dialect] : [Oracle8i] -> [org.hibernate.dialect.Oracle8iDialect]
17:48:01.888 [main] TRACE org.hibernate.boot.registry.selector.internal.StrategySelectorImpl - Registering named strategy selector [org.hibernate.dialect.Dialect] : [Oracle9i] -> [org.hibernate.dialect.Oracle9iDialect]
17:48:01.888 [main] TRACE org.hibernate.boot.registry.selector.internal.StrategySelectorImpl - Registering named strategy selector [org.hibernate.dialect.Dialect] : [Oracle10g] -> [org.hibernate.dialect.Oracle10gDialect]
17:48:01.888 [main] TRACE org.hibernate.boot.registry.selector.internal.StrategySelectorImpl - Registering named strategy selector [org.hibernate.dialect.Dialect] : [Pointbase] -> [org.hibernate.dialect.PointbaseDialect]
17:48:01.889 [main] TRACE org.hibernate.boot.registry.selector.internal.StrategySelectorImpl - Registering named strategy selector [org.hibernate.dialect.Dialect] : [PostgresPlus] -> [org.hibernate.dialect.PostgresPlusDialect]
17:48:01.890 [main] TRACE org.hibernate.boot.registry.selector.internal.StrategySelectorImpl - Registering named strategy selector [org.hibernate.dialect.Dialect] : [PostgreSQL81] -> [org.hibernate.dialect.PostgreSQL81Dialect]
17:48:01.890 [main] TRACE org.hibernate.boot.registry.selector.internal.StrategySelectorImpl - Registering named strategy selector [org.hibernate.dialect.Dialect] : [PostgreSQL82] -> [org.hibernate.dialect.PostgreSQL82Dialect]
17:48:01.890 [main] TRACE org.hibernate.boot.registry.selector.internal.StrategySelectorImpl - Registering named strategy selector [org.hibernate.dialect.Dialect] : [PostgreSQL9] -> [org.hibernate.dialect.PostgreSQL9Dialect]
17:48:01.890 [main] TRACE org.hibernate.boot.registry.selector.internal.StrategySelectorImpl - Registering named strategy selector [org.hibernate.dialect.Dialect] : [Progress] -> [org.hibernate.dialect.ProgressDialect]
17:48:01.891 [main] TRACE org.hibernate.boot.registry.selector.internal.StrategySelectorImpl - Registering named strategy selector [org.hibernate.dialect.Dialect] : [SAPDB] -> [org.hibernate.dialect.SAPDBDialect]
17:48:01.892 [main] TRACE org.hibernate.boot.registry.selector.internal.StrategySelectorImpl - Registering named strategy selector [org.hibernate.dialect.Dialect] : [SQLServer] -> [org.hibernate.dialect.SQLServerDialect]
17:48:01.892 [main] TRACE org.hibernate.boot.registry.selector.internal.StrategySelectorImpl - Registering named strategy selector [org.hibernate.dialect.Dialect] : [SQLServer2005] -> [org.hibernate.dialect.SQLServer2005Dialect]
17:48:01.892 [main] TRACE org.hibernate.boot.registry.selector.internal.StrategySelectorImpl - Registering named strategy selector [org.hibernate.dialect.Dialect] : [SQLServer2008] -> [org.hibernate.dialect.SQLServer2008Dialect]
17:48:01.893 [main] TRACE org.hibernate.boot.registry.selector.internal.StrategySelectorImpl - Registering named strategy selector [org.hibernate.dialect.Dialect] : [Sybase11] -> [org.hibernate.dialect.Sybase11Dialect]
17:48:01.893 [main] TRACE org.hibernate.boot.registry.selector.internal.StrategySelectorImpl - Registering named strategy selector [org.hibernate.dialect.Dialect] : [SybaseAnywhere] -> [org.hibernate.dialect.SybaseAnywhereDialect]
17:48:01.894 [main] TRACE org.hibernate.boot.registry.selector.internal.StrategySelectorImpl - Registering named strategy selector [org.hibernate.dialect.Dialect] : [SybaseASE15] -> [org.hibernate.dialect.SybaseASE15Dialect]
17:48:01.894 [main] TRACE org.hibernate.boot.registry.selector.internal.StrategySelectorImpl - Registering named strategy selector [org.hibernate.dialect.Dialect] : [SybaseASE157] -> [org.hibernate.dialect.SybaseASE157Dialect]
17:48:01.895 [main] TRACE org.hibernate.boot.registry.selector.internal.StrategySelectorImpl - Registering named strategy selector [org.hibernate.dialect.Dialect] : [Teradata] -> [org.hibernate.dialect.TeradataDialect]
17:48:01.895 [main] TRACE org.hibernate.boot.registry.selector.internal.StrategySelectorImpl - Registering named strategy selector [org.hibernate.dialect.Dialect] : [TimesTen] -> [org.hibernate.dialect.TimesTenDialect]
17:48:01.896 [main] TRACE org.hibernate.boot.registry.selector.internal.StrategySelectorImpl - Registering named strategy selector [org.hibernate.engine.transaction.jta.platform.spi.JtaPlatform] : [Borland] -> [org.hibernate.engine.transaction.jta.platform.internal.BorlandEnterpriseServerJtaPlatform]
17:48:01.897 [main] TRACE org.hibernate.boot.registry.selector.internal.StrategySelectorImpl - Registering named strategy selector [org.hibernate.engine.transaction.jta.platform.spi.JtaPlatform] : [org.hibernate.service.jta.platform.internal.BorlandEnterpriseServerJtaPlatform] -> [org.hibernate.engine.transaction.jta.platform.internal.BorlandEnterpriseServerJtaPlatform]
17:48:01.897 [main] TRACE org.hibernate.boot.registry.selector.internal.StrategySelectorImpl - Registering named strategy selector [org.hibernate.engine.transaction.jta.platform.spi.JtaPlatform] : [Bitronix] -> [org.hibernate.engine.transaction.jta.platform.internal.BitronixJtaPlatform]
17:48:01.897 [main] TRACE org.hibernate.boot.registry.selector.internal.StrategySelectorImpl - Registering named strategy selector [org.hibernate.engine.transaction.jta.platform.spi.JtaPlatform] : [org.hibernate.service.jta.platform.internal.BitronixJtaPlatform] -> [org.hibernate.engine.transaction.jta.platform.internal.BitronixJtaPlatform]
17:48:01.897 [main] TRACE org.hibernate.boot.registry.selector.internal.StrategySelectorImpl - Registering named strategy selector [org.hibernate.engine.transaction.jta.platform.spi.JtaPlatform] : [JBossAS] -> [org.hibernate.engine.transaction.jta.platform.internal.JBossAppServerJtaPlatform]
17:48:01.898 [main] TRACE org.hibernate.boot.registry.selector.internal.StrategySelectorImpl - Registering named strategy selector [org.hibernate.engine.transaction.jta.platform.spi.JtaPlatform] : [org.hibernate.service.jta.platform.internal.JBossAppServerJtaPlatform] -> [org.hibernate.engine.transaction.jta.platform.internal.JBossAppServerJtaPlatform]
17:48:01.898 [main] TRACE org.hibernate.boot.registry.selector.internal.StrategySelectorImpl - Registering named strategy selector [org.hibernate.engine.transaction.jta.platform.spi.JtaPlatform] : [JBossTS] -> [org.hibernate.engine.transaction.jta.platform.internal.JBossStandAloneJtaPlatform]
17:48:01.898 [main] TRACE org.hibernate.boot.registry.selector.internal.StrategySelectorImpl - Registering named strategy selector [org.hibernate.engine.transaction.jta.platform.spi.JtaPlatform] : [org.hibernate.service.jta.platform.internal.JBossStandAloneJtaPlatform] -> [org.hibernate.engine.transaction.jta.platform.internal.JBossStandAloneJtaPlatform]
17:48:01.898 [main] TRACE org.hibernate.boot.registry.selector.internal.StrategySelectorImpl - Registering named strategy selector [org.hibernate.engine.transaction.jta.platform.spi.JtaPlatform] : [JOnAS] -> [org.hibernate.engine.transaction.jta.platform.internal.JOnASJtaPlatform]
17:48:01.898 [main] TRACE org.hibernate.boot.registry.selector.internal.StrategySelectorImpl - Registering named strategy selector [org.hibernate.engine.transaction.jta.platform.spi.JtaPlatform] : [org.hibernate.service.jta.platform.internal.JOnASJtaPlatform] -> [org.hibernate.engine.transaction.jta.platform.internal.JOnASJtaPlatform]
17:48:01.899 [main] TRACE org.hibernate.boot.registry.selector.internal.StrategySelectorImpl - Registering named strategy selector [org.hibernate.engine.transaction.jta.platform.spi.JtaPlatform] : [JOTM] -> [org.hibernate.engine.transaction.jta.platform.internal.JOTMJtaPlatform]
17:48:01.899 [main] TRACE org.hibernate.boot.registry.selector.internal.StrategySelectorImpl - Registering named strategy selector [org.hibernate.engine.transaction.jta.platform.spi.JtaPlatform] : [org.hibernate.service.jta.platform.internal.JOTMJtaPlatform] -> [org.hibernate.engine.transaction.jta.platform.internal.JOTMJtaPlatform]
17:48:01.899 [main] TRACE org.hibernate.boot.registry.selector.internal.StrategySelectorImpl - Registering named strategy selector [org.hibernate.engine.transaction.jta.platform.spi.JtaPlatform] : [JRun4] -> [org.hibernate.engine.transaction.jta.platform.internal.JRun4JtaPlatform]
17:48:01.899 [main] TRACE org.hibernate.boot.registry.selector.internal.StrategySelectorImpl - Registering named strategy selector [org.hibernate.engine.transaction.jta.platform.spi.JtaPlatform] : [org.hibernate.service.jta.platform.internal.JRun4JtaPlatform] -> [org.hibernate.engine.transaction.jta.platform.internal.JRun4JtaPlatform]
17:48:01.900 [main] TRACE org.hibernate.boot.registry.selector.internal.StrategySelectorImpl - Registering named strategy selector [org.hibernate.engine.transaction.jta.platform.spi.JtaPlatform] : [OC4J] -> [org.hibernate.engine.transaction.jta.platform.internal.OC4JJtaPlatform]
17:48:01.900 [main] TRACE org.hibernate.boot.registry.selector.internal.StrategySelectorImpl - Registering named strategy selector [org.hibernate.engine.transaction.jta.platform.spi.JtaPlatform] : [org.hibernate.service.jta.platform.internal.OC4JJtaPlatform] -> [org.hibernate.engine.transaction.jta.platform.internal.OC4JJtaPlatform]
17:48:01.900 [main] TRACE org.hibernate.boot.registry.selector.internal.StrategySelectorImpl - Registering named strategy selector [org.hibernate.engine.transaction.jta.platform.spi.JtaPlatform] : [Orion] -> [org.hibernate.engine.transaction.jta.platform.internal.OrionJtaPlatform]
17:48:01.900 [main] TRACE org.hibernate.boot.registry.selector.internal.StrategySelectorImpl - Registering named strategy selector [org.hibernate.engine.transaction.jta.platform.spi.JtaPlatform] : [org.hibernate.service.jta.platform.internal.OrionJtaPlatform] -> [org.hibernate.engine.transaction.jta.platform.internal.OrionJtaPlatform]
17:48:01.901 [main] TRACE org.hibernate.boot.registry.selector.internal.StrategySelectorImpl - Registering named strategy selector [org.hibernate.engine.transaction.jta.platform.spi.JtaPlatform] : [Resin] -> [org.hibernate.engine.transaction.jta.platform.internal.ResinJtaPlatform]
17:48:01.901 [main] TRACE org.hibernate.boot.registry.selector.internal.StrategySelectorImpl - Registering named strategy selector [org.hibernate.engine.transaction.jta.platform.spi.JtaPlatform] : [org.hibernate.service.jta.platform.internal.ResinJtaPlatform] -> [org.hibernate.engine.transaction.jta.platform.internal.ResinJtaPlatform]
17:48:01.901 [main] TRACE org.hibernate.boot.registry.selector.internal.StrategySelectorImpl - Registering named strategy selector [org.hibernate.engine.transaction.jta.platform.spi.JtaPlatform] : [SapNetWeaver] -> [org.hibernate.engine.transaction.jta.platform.internal.SapNetWeaverJtaPlatform]
17:48:01.901 [main] TRACE org.hibernate.boot.registry.selector.internal.StrategySelectorImpl - Registering named strategy selector [org.hibernate.engine.transaction.jta.platform.spi.JtaPlatform] : [org.hibernate.service.jta.platform.internal.SapNetWeaverJtaPlatform] -> [org.hibernate.engine.transaction.jta.platform.internal.SapNetWeaverJtaPlatform]
17:48:01.901 [main] TRACE org.hibernate.boot.registry.selector.internal.StrategySelectorImpl - Registering named strategy selector [org.hibernate.engine.transaction.jta.platform.spi.JtaPlatform] : [SunOne] -> [org.hibernate.engine.transaction.jta.platform.internal.SunOneJtaPlatform]
17:48:01.901 [main] TRACE org.hibernate.boot.registry.selector.internal.StrategySelectorImpl - Registering named strategy selector [org.hibernate.engine.transaction.jta.platform.spi.JtaPlatform] : [org.hibernate.service.jta.platform.internal.SunOneJtaPlatform] -> [org.hibernate.engine.transaction.jta.platform.internal.SunOneJtaPlatform]
17:48:01.902 [main] TRACE org.hibernate.boot.registry.selector.internal.StrategySelectorImpl - Registering named strategy selector [org.hibernate.engine.transaction.jta.platform.spi.JtaPlatform] : [Weblogic] -> [org.hibernate.engine.transaction.jta.platform.internal.WeblogicJtaPlatform]
17:48:01.902 [main] TRACE org.hibernate.boot.registry.selector.internal.StrategySelectorImpl - Registering named strategy selector [org.hibernate.engine.transaction.jta.platform.spi.JtaPlatform] : [org.hibernate.service.jta.platform.internal.WeblogicJtaPlatform] -> [org.hibernate.engine.transaction.jta.platform.internal.WeblogicJtaPlatform]
17:48:01.902 [main] TRACE org.hibernate.boot.registry.selector.internal.StrategySelectorImpl - Registering named strategy selector [org.hibernate.engine.transaction.jta.platform.spi.JtaPlatform] : [WebSphereLiberty] -> [org.hibernate.engine.transaction.jta.platform.internal.WebSphereLibertyJtaPlatform]
17:48:01.902 [main] TRACE org.hibernate.boot.registry.selector.internal.StrategySelectorImpl - Registering named strategy selector [org.hibernate.engine.transaction.jta.platform.spi.JtaPlatform] : [org.hibernate.engine.transaction.jta.platform.internal.WebSphereLibertyJtaPlatform] -> [org.hibernate.engine.transaction.jta.platform.internal.WebSphereLibertyJtaPlatform]
17:48:01.903 [main] TRACE org.hibernate.boot.registry.selector.internal.StrategySelectorImpl - Registering named strategy selector [org.hibernate.engine.transaction.jta.platform.spi.JtaPlatform] : [WebSphere] -> [org.hibernate.engine.transaction.jta.platform.internal.WebSphereJtaPlatform]
17:48:01.903 [main] TRACE org.hibernate.boot.registry.selector.internal.StrategySelectorImpl - Registering named strategy selector [org.hibernate.engine.transaction.jta.platform.spi.JtaPlatform] : [org.hibernate.service.jta.platform.internal.WebSphereJtaPlatform] -> [org.hibernate.engine.transaction.jta.platform.internal.WebSphereJtaPlatform]
17:48:01.903 [main] TRACE org.hibernate.boot.registry.selector.internal.StrategySelectorImpl - Registering named strategy selector [org.hibernate.engine.transaction.jta.platform.spi.JtaPlatform] : [WebSphereExtended] -> [org.hibernate.engine.transaction.jta.platform.internal.WebSphereExtendedJtaPlatform]
17:48:01.903 [main] TRACE org.hibernate.boot.registry.selector.internal.StrategySelectorImpl - Registering named strategy selector [org.hibernate.engine.transaction.jta.platform.spi.JtaPlatform] : [org.hibernate.service.jta.platform.internal.WebSphereExtendedJtaPlatform] -> [org.hibernate.engine.transaction.jta.platform.internal.WebSphereExtendedJtaPlatform]
17:48:01.904 [main] TRACE org.hibernate.boot.registry.selector.internal.StrategySelectorImpl - Registering named strategy selector [org.hibernate.resource.transaction.spi.TransactionCoordinatorBuilder] : [jdbc] -> [org.hibernate.resource.transaction.backend.jdbc.internal.JdbcResourceLocalTransactionCoordinatorBuilderImpl]
17:48:01.904 [main] TRACE org.hibernate.boot.registry.selector.internal.StrategySelectorImpl - Registering named strategy selector [org.hibernate.resource.transaction.spi.TransactionCoordinatorBuilder] : [jta] -> [org.hibernate.resource.transaction.backend.jta.internal.JtaTransactionCoordinatorBuilderImpl]
17:48:01.905 [main] TRACE org.hibernate.boot.registry.selector.internal.StrategySelectorImpl - Registering named strategy selector [org.hibernate.resource.transaction.spi.TransactionCoordinatorBuilder] : [org.hibernate.transaction.JDBCTransactionFactory] -> [org.hibernate.resource.transaction.backend.jdbc.internal.JdbcResourceLocalTransactionCoordinatorBuilderImpl]
17:48:01.905 [main] TRACE org.hibernate.boot.registry.selector.internal.StrategySelectorImpl - Registering named strategy selector [org.hibernate.resource.transaction.spi.TransactionCoordinatorBuilder] : [org.hibernate.transaction.JTATransactionFactory] -> [org.hibernate.resource.transaction.backend.jta.internal.JtaTransactionCoordinatorBuilderImpl]
17:48:01.905 [main] TRACE org.hibernate.boot.registry.selector.internal.StrategySelectorImpl - Registering named strategy selector [org.hibernate.resource.transaction.spi.TransactionCoordinatorBuilder] : [org.hibernate.transaction.CMTTransactionFactory] -> [org.hibernate.resource.transaction.backend.jta.internal.JtaTransactionCoordinatorBuilderImpl]
17:48:01.906 [main] TRACE org.hibernate.boot.registry.selector.internal.StrategySelectorImpl - Registering named strategy selector [org.hibernate.hql.spi.id.MultiTableBulkIdStrategy] : [persistent] -> [org.hibernate.hql.spi.id.persistent.PersistentTableBulkIdStrategy]
17:48:01.906 [main] TRACE org.hibernate.boot.registry.selector.internal.StrategySelectorImpl - Registering named strategy selector [org.hibernate.hql.spi.id.MultiTableBulkIdStrategy] : [global_temporary] -> [org.hibernate.hql.spi.id.global.GlobalTemporaryTableBulkIdStrategy]
17:48:01.907 [main] TRACE org.hibernate.boot.registry.selector.internal.StrategySelectorImpl - Registering named strategy selector [org.hibernate.hql.spi.id.MultiTableBulkIdStrategy] : [local_temporary] -> [org.hibernate.hql.spi.id.local.LocalTemporaryTableBulkIdStrategy]
17:48:01.907 [main] TRACE org.hibernate.boot.registry.selector.internal.StrategySelectorImpl - Registering named strategy selector [org.hibernate.event.spi.EntityCopyObserver] : [disallow] -> [org.hibernate.event.internal.EntityCopyNotAllowedObserver]
17:48:01.908 [main] TRACE org.hibernate.boot.registry.selector.internal.StrategySelectorImpl - Registering named strategy selector [org.hibernate.event.spi.EntityCopyObserver] : [allow] -> [org.hibernate.event.internal.EntityCopyAllowedObserver]
17:48:01.908 [main] TRACE org.hibernate.boot.registry.selector.internal.StrategySelectorImpl - Registering named strategy selector [org.hibernate.event.spi.EntityCopyObserver] : [log] -> [org.hibernate.event.internal.EntityCopyAllowedLoggedObserver]
17:48:01.909 [main] TRACE org.hibernate.boot.registry.selector.internal.StrategySelectorImpl - Registering named strategy selector [org.hibernate.boot.model.naming.ImplicitNamingStrategy] : [default] -> [org.hibernate.boot.model.naming.ImplicitNamingStrategyJpaCompliantImpl]
17:48:01.910 [main] TRACE org.hibernate.boot.registry.selector.internal.StrategySelectorImpl - Registering named strategy selector [org.hibernate.boot.model.naming.ImplicitNamingStrategy] : [jpa] -> [org.hibernate.boot.model.naming.ImplicitNamingStrategyJpaCompliantImpl]
17:48:01.910 [main] TRACE org.hibernate.boot.registry.selector.internal.StrategySelectorImpl - Registering named strategy selector [org.hibernate.boot.model.naming.ImplicitNamingStrategy] : [legacy-jpa] -> [org.hibernate.boot.model.naming.ImplicitNamingStrategyLegacyJpaImpl]
17:48:01.910 [main] TRACE org.hibernate.boot.registry.selector.internal.StrategySelectorImpl - Registering named strategy selector [org.hibernate.boot.model.naming.ImplicitNamingStrategy] : [legacy-hbm] -> [org.hibernate.boot.model.naming.ImplicitNamingStrategyLegacyHbmImpl]
17:48:01.911 [main] TRACE org.hibernate.boot.registry.selector.internal.StrategySelectorImpl - Registering named strategy selector [org.hibernate.boot.model.naming.ImplicitNamingStrategy] : [component-path] -> [org.hibernate.boot.model.naming.ImplicitNamingStrategyComponentPathImpl]
17:48:01.911 [main] TRACE org.hibernate.boot.registry.selector.internal.StrategySelectorImpl - Registering named strategy selector [org.hibernate.cache.spi.CacheKeysFactory] : [default] -> [org.hibernate.cache.internal.DefaultCacheKeysFactory]
17:48:01.912 [main] TRACE org.hibernate.boot.registry.selector.internal.StrategySelectorImpl - Registering named strategy selector [org.hibernate.cache.spi.CacheKeysFactory] : [simple] -> [org.hibernate.cache.internal.SimpleCacheKeysFactory]
17:48:01.938 [main] INFO  org.hibernate.Version - HHH000412: Hibernate Core {5.2.13.Final}
17:48:01.939 [main] INFO  org.hibernate.cfg.Environment - HHH000206: hibernate.properties not found
17:48:01.947 [main] TRACE org.springframework.core.io.support.PathMatchingResourcePatternResolver - Resolved classpath location [com/soft/entity/] to resources [URL [file:/home/mihail/programs/project_mvn/eShop/eShop_repo/eshop/target/test-classes/com/soft/entity/], URL [file:/home/mihail/programs/project_mvn/eShop/eShop_repo/eshop/target/classes/com/soft/entity/]]
17:48:01.948 [main] TRACE org.springframework.core.io.support.PathMatchingResourcePatternResolver - Looking for matching resources in directory tree [/home/mihail/programs/project_mvn/eShop/eShop_repo/eshop/target/test-classes/com/soft/entity]
17:48:01.948 [main] TRACE org.springframework.core.io.support.PathMatchingResourcePatternResolver - Searching directory [/home/mihail/programs/project_mvn/eShop/eShop_repo/eshop/target/test-classes/com/soft/entity] for files matching pattern [/home/mihail/programs/project_mvn/eShop/eShop_repo/eshop/target/test-classes/com/soft/entity/**/*.class]
17:48:01.949 [main] TRACE org.springframework.core.io.support.PathMatchingResourcePatternResolver - Looking for matching resources in directory tree [/home/mihail/programs/project_mvn/eShop/eShop_repo/eshop/target/classes/com/soft/entity]
17:48:01.949 [main] TRACE org.springframework.core.io.support.PathMatchingResourcePatternResolver - Searching directory [/home/mihail/programs/project_mvn/eShop/eShop_repo/eshop/target/classes/com/soft/entity] for files matching pattern [/home/mihail/programs/project_mvn/eShop/eShop_repo/eshop/target/classes/com/soft/entity/**/*.class]
17:48:01.950 [main] TRACE org.springframework.core.io.support.PathMatchingResourcePatternResolver - Resolved location pattern [classpath*:com/soft/entity/**/*.class] to resources [file [/home/mihail/programs/project_mvn/eShop/eShop_repo/eshop/target/test-classes/com/soft/entity/CategoryEntityTest.class], file [/home/mihail/programs/project_mvn/eShop/eShop_repo/eshop/target/test-classes/com/soft/entity/LocaleMessageEntityTest.class], file [/home/mihail/programs/project_mvn/eShop/eShop_repo/eshop/target/test-classes/com/soft/entity/ProducerEntityTest.class], file [/home/mihail/programs/project_mvn/eShop/eShop_repo/eshop/target/test-classes/com/soft/entity/ResistorEntityTest.class], file [/home/mihail/programs/project_mvn/eShop/eShop_repo/eshop/target/test-classes/com/soft/entity/TransistorEntityTest.class], file [/home/mihail/programs/project_mvn/eShop/eShop_repo/eshop/target/classes/com/soft/entity/BaseEntity.class], file [/home/mihail/programs/project_mvn/eShop/eShop_repo/eshop/target/classes/com/soft/entity/CategoryEntity.class], file [/home/mihail/programs/project_mvn/eShop/eShop_repo/eshop/target/classes/com/soft/entity/LocaleMessageEntity.class], file [/home/mihail/programs/project_mvn/eShop/eShop_repo/eshop/target/classes/com/soft/entity/ProducerEntity.class], file [/home/mihail/programs/project_mvn/eShop/eShop_repo/eshop/target/classes/com/soft/entity/ResistorEntity.class], file [/home/mihail/programs/project_mvn/eShop/eShop_repo/eshop/target/classes/com/soft/entity/TransistorEntity.class], file [/home/mihail/programs/project_mvn/eShop/eShop_repo/eshop/target/classes/com/soft/entity/person.class]]
17:48:01.955 [main] DEBUG org.hibernate.cfg.Configuration - Building session factory using internal StandardServiceRegistryBuilder
17:48:01.960 [main] DEBUG org.hibernate.service.spi.ServiceBinding - Overriding existing service binding [org.hibernate.secure.spi.JaccService]
17:48:01.960 [main] DEBUG org.hibernate.cfg.Configuration - Building session factory using provided StandardServiceRegistry
17:48:01.966 [main] TRACE org.hibernate.service.internal.AbstractServiceRegistryImpl - Initializing service [role=org.hibernate.engine.config.spi.ConfigurationService]
17:48:01.970 [main] TRACE org.hibernate.service.internal.AbstractServiceRegistryImpl - Initializing service [role=org.hibernate.cache.spi.RegionFactory]
17:48:01.979 [main] DEBUG org.hibernate.cache.internal.StrategyCreatorRegionFactoryImpl - RegionFactory impl [org.hibernate.cache.jcache.JCacheRegionFactory] did not provide constructor accepting Properties
17:48:01.979 [main] DEBUG org.hibernate.cache.internal.StrategyCreatorRegionFactoryImpl - RegionFactory impl [org.hibernate.cache.jcache.JCacheRegionFactory] did not provide constructor accepting Properties
17:48:01.979 [main] DEBUG org.hibernate.cache.internal.RegionFactoryInitiator - Cache region factory : org.hibernate.cache.jcache.JCacheRegionFactory
17:48:01.984 [main] INFO  org.hibernate.annotations.common.Version - HCANN000001: Hibernate Commons Annotations {5.0.1.Final}
17:48:01.988 [main] TRACE org.hibernate.service.internal.AbstractServiceRegistryImpl - Initializing service [role=org.hibernate.boot.cfgxml.spi.CfgXmlAccessService]
17:48:01.998 [main] DEBUG org.hibernate.type.BasicTypeRegistry - Adding type registration boolean -> org.hibernate.type.BooleanType@158d255c
17:48:01.998 [main] DEBUG org.hibernate.type.BasicTypeRegistry - Adding type registration boolean -> org.hibernate.type.BooleanType@158d255c
17:48:01.998 [main] DEBUG org.hibernate.type.BasicTypeRegistry - Adding type registration java.lang.Boolean -> org.hibernate.type.BooleanType@158d255c
17:48:01.999 [main] DEBUG org.hibernate.type.BasicTypeRegistry - Adding type registration numeric_boolean -> org.hibernate.type.NumericBooleanType@35038141
17:48:02.000 [main] DEBUG org.hibernate.type.BasicTypeRegistry - Adding type registration true_false -> org.hibernate.type.TrueFalseType@41200e0c
17:48:02.000 [main] DEBUG org.hibernate.type.BasicTypeRegistry - Adding type registration yes_no -> org.hibernate.type.YesNoType@2ad3a1bb
17:48:02.001 [main] DEBUG org.hibernate.type.BasicTypeRegistry - Adding type registration byte -> org.hibernate.type.ByteType@2555fff0
17:48:02.001 [main] DEBUG org.hibernate.type.BasicTypeRegistry - Adding type registration byte -> org.hibernate.type.ByteType@2555fff0
17:48:02.001 [main] DEBUG org.hibernate.type.BasicTypeRegistry - Adding type registration java.lang.Byte -> org.hibernate.type.ByteType@2555fff0
17:48:02.002 [main] DEBUG org.hibernate.type.BasicTypeRegistry - Adding type registration character -> org.hibernate.type.CharacterType@173b9122
17:48:02.002 [main] DEBUG org.hibernate.type.BasicTypeRegistry - Adding type registration char -> org.hibernate.type.CharacterType@173b9122
17:48:02.002 [main] DEBUG org.hibernate.type.BasicTypeRegistry - Adding type registration java.lang.Character -> org.hibernate.type.CharacterType@173b9122
17:48:02.003 [main] DEBUG org.hibernate.type.BasicTypeRegistry - Adding type registration short -> org.hibernate.type.ShortType@2449cff7
17:48:02.003 [main] DEBUG org.hibernate.type.BasicTypeRegistry - Adding type registration short -> org.hibernate.type.ShortType@2449cff7
17:48:02.003 [main] DEBUG org.hibernate.type.BasicTypeRegistry - Adding type registration java.lang.Short -> org.hibernate.type.ShortType@2449cff7
17:48:02.004 [main] DEBUG org.hibernate.type.BasicTypeRegistry - Adding type registration integer -> org.hibernate.type.IntegerType@384fc774
17:48:02.004 [main] DEBUG org.hibernate.type.BasicTypeRegistry - Adding type registration int -> org.hibernate.type.IntegerType@384fc774
17:48:02.005 [main] DEBUG org.hibernate.type.BasicTypeRegistry - Adding type registration java.lang.Integer -> org.hibernate.type.IntegerType@384fc774
17:48:02.006 [main] DEBUG org.hibernate.type.BasicTypeRegistry - Adding type registration long -> org.hibernate.type.LongType@5af9926a
17:48:02.006 [main] DEBUG org.hibernate.type.BasicTypeRegistry - Adding type registration long -> org.hibernate.type.LongType@5af9926a
17:48:02.006 [main] DEBUG org.hibernate.type.BasicTypeRegistry - Adding type registration java.lang.Long -> org.hibernate.type.LongType@5af9926a
17:48:02.007 [main] DEBUG org.hibernate.type.BasicTypeRegistry - Adding type registration float -> org.hibernate.type.FloatType@57f791c6
17:48:02.007 [main] DEBUG org.hibernate.type.BasicTypeRegistry - Adding type registration float -> org.hibernate.type.FloatType@57f791c6
17:48:02.007 [main] DEBUG org.hibernate.type.BasicTypeRegistry - Adding type registration java.lang.Float -> org.hibernate.type.FloatType@57f791c6
17:48:02.008 [main] DEBUG org.hibernate.type.BasicTypeRegistry - Adding type registration double -> org.hibernate.type.DoubleType@c1fca1e
17:48:02.008 [main] DEBUG org.hibernate.type.BasicTypeRegistry - Adding type registration double -> org.hibernate.type.DoubleType@c1fca1e
17:48:02.008 [main] DEBUG org.hibernate.type.BasicTypeRegistry - Adding type registration java.lang.Double -> org.hibernate.type.DoubleType@c1fca1e
17:48:02.009 [main] DEBUG org.hibernate.type.BasicTypeRegistry - Adding type registration big_decimal -> org.hibernate.type.BigDecimalType@1827a871
17:48:02.010 [main] DEBUG org.hibernate.type.BasicTypeRegistry - Adding type registration java.math.BigDecimal -> org.hibernate.type.BigDecimalType@1827a871
17:48:02.010 [main] DEBUG org.hibernate.type.BasicTypeRegistry - Adding type registration big_integer -> org.hibernate.type.BigIntegerType@1c25b8a7
17:48:02.010 [main] DEBUG org.hibernate.type.BasicTypeRegistry - Adding type registration java.math.BigInteger -> org.hibernate.type.BigIntegerType@1c25b8a7
17:48:02.011 [main] DEBUG org.hibernate.type.BasicTypeRegistry - Adding type registration string -> org.hibernate.type.StringType@2ef8a8c3
17:48:02.011 [main] DEBUG org.hibernate.type.BasicTypeRegistry - Adding type registration java.lang.String -> org.hibernate.type.StringType@2ef8a8c3
17:48:02.011 [main] DEBUG org.hibernate.type.BasicTypeRegistry - Adding type registration nstring -> org.hibernate.type.StringNVarcharType@70e0accd
17:48:02.012 [main] DEBUG org.hibernate.type.BasicTypeRegistry - Adding type registration ncharacter -> org.hibernate.type.CharacterNCharType@82c57b3
17:48:02.013 [main] DEBUG org.hibernate.type.BasicTypeRegistry - Adding type registration url -> org.hibernate.type.UrlType@443dbe42
17:48:02.013 [main] DEBUG org.hibernate.type.BasicTypeRegistry - Adding type registration java.net.URL -> org.hibernate.type.UrlType@443dbe42
17:48:02.014 [main] DEBUG org.hibernate.type.BasicTypeRegistry - Adding type registration Duration -> org.hibernate.type.DurationType@402f80f5
17:48:02.014 [main] DEBUG org.hibernate.type.BasicTypeRegistry - Adding type registration java.time.Duration -> org.hibernate.type.DurationType@402f80f5
17:48:02.021 [main] DEBUG org.hibernate.type.BasicTypeRegistry - Adding type registration Instant -> org.hibernate.type.InstantType@20312893
17:48:02.021 [main] DEBUG org.hibernate.type.BasicTypeRegistry - Adding type registration java.time.Instant -> org.hibernate.type.InstantType@20312893
17:48:02.022 [main] DEBUG org.hibernate.type.BasicTypeRegistry - Adding type registration LocalDateTime -> org.hibernate.type.LocalDateTimeType@52eacb4b
17:48:02.023 [main] DEBUG org.hibernate.type.BasicTypeRegistry - Adding type registration java.time.LocalDateTime -> org.hibernate.type.LocalDateTimeType@52eacb4b
17:48:02.024 [main] DEBUG org.hibernate.type.BasicTypeRegistry - Adding type registration LocalDate -> org.hibernate.type.LocalDateType@6cc0bcf6
17:48:02.024 [main] DEBUG org.hibernate.type.BasicTypeRegistry - Adding type registration java.time.LocalDate -> org.hibernate.type.LocalDateType@6cc0bcf6
17:48:02.025 [main] DEBUG org.hibernate.type.BasicTypeRegistry - Adding type registration LocalTime -> org.hibernate.type.LocalTimeType@3dddbe65
17:48:02.025 [main] DEBUG org.hibernate.type.BasicTypeRegistry - Adding type registration java.time.LocalTime -> org.hibernate.type.LocalTimeType@3dddbe65
17:48:02.026 [main] DEBUG org.hibernate.type.BasicTypeRegistry - Adding type registration OffsetDateTime -> org.hibernate.type.OffsetDateTimeType@4d9d1b69
17:48:02.026 [main] DEBUG org.hibernate.type.BasicTypeRegistry - Adding type registration java.time.OffsetDateTime -> org.hibernate.type.OffsetDateTimeType@4d9d1b69
17:48:02.027 [main] DEBUG org.hibernate.type.BasicTypeRegistry - Adding type registration OffsetTime -> org.hibernate.type.OffsetTimeType@41c07648
17:48:02.027 [main] DEBUG org.hibernate.type.BasicTypeRegistry - Adding type registration java.time.OffsetTime -> org.hibernate.type.OffsetTimeType@41c07648
17:48:02.029 [main] DEBUG org.hibernate.type.BasicTypeRegistry - Adding type registration ZonedDateTime -> org.hibernate.type.ZonedDateTimeType@30c0ccff
17:48:02.030 [main] DEBUG org.hibernate.type.BasicTypeRegistry - Adding type registration java.time.ZonedDateTime -> org.hibernate.type.ZonedDateTimeType@30c0ccff
17:48:02.031 [main] DEBUG org.hibernate.type.BasicTypeRegistry - Adding type registration date -> org.hibernate.type.DateType@5851bd4f
17:48:02.031 [main] DEBUG org.hibernate.type.BasicTypeRegistry - Adding type registration java.sql.Date -> org.hibernate.type.DateType@5851bd4f
17:48:02.032 [main] DEBUG org.hibernate.type.BasicTypeRegistry - Adding type registration time -> org.hibernate.type.TimeType@1804f60d
17:48:02.032 [main] DEBUG org.hibernate.type.BasicTypeRegistry - Adding type registration java.sql.Time -> org.hibernate.type.TimeType@1804f60d
17:48:02.033 [main] DEBUG org.hibernate.type.BasicTypeRegistry - Adding type registration timestamp -> org.hibernate.type.TimestampType@1b39fd82
17:48:02.033 [main] DEBUG org.hibernate.type.BasicTypeRegistry - Adding type registration java.sql.Timestamp -> org.hibernate.type.TimestampType@1b39fd82
17:48:02.033 [main] DEBUG org.hibernate.type.BasicTypeRegistry - Adding type registration java.util.Date -> org.hibernate.type.TimestampType@1b39fd82
17:48:02.034 [main] DEBUG org.hibernate.type.BasicTypeRegistry - Adding type registration dbtimestamp -> org.hibernate.type.DbTimestampType@588ab592
17:48:02.035 [main] DEBUG org.hibernate.type.BasicTypeRegistry - Adding type registration calendar -> org.hibernate.type.CalendarType@7048f722
17:48:02.035 [main] DEBUG org.hibernate.type.BasicTypeRegistry - Adding type registration java.util.Calendar -> org.hibernate.type.CalendarType@7048f722
17:48:02.035 [main] DEBUG org.hibernate.type.BasicTypeRegistry - Adding type registration java.util.GregorianCalendar -> org.hibernate.type.CalendarType@7048f722
17:48:02.036 [main] DEBUG org.hibernate.type.BasicTypeRegistry - Adding type registration calendar_date -> org.hibernate.type.CalendarDateType@5949eba8
17:48:02.042 [main] DEBUG org.hibernate.type.BasicTypeRegistry - Adding type registration locale -> org.hibernate.type.LocaleType@2d0566ba
17:48:02.043 [main] DEBUG org.hibernate.type.BasicTypeRegistry - Adding type registration java.util.Locale -> org.hibernate.type.LocaleType@2d0566ba
17:48:02.043 [main] DEBUG org.hibernate.type.BasicTypeRegistry - Adding type registration currency -> org.hibernate.type.CurrencyType@1cfd1875
17:48:02.043 [main] DEBUG org.hibernate.type.BasicTypeRegistry - Adding type registration java.util.Currency -> org.hibernate.type.CurrencyType@1cfd1875
17:48:02.044 [main] DEBUG org.hibernate.type.BasicTypeRegistry - Adding type registration timezone -> org.hibernate.type.TimeZoneType@436390f4
17:48:02.044 [main] DEBUG org.hibernate.type.BasicTypeRegistry - Adding type registration java.util.TimeZone -> org.hibernate.type.TimeZoneType@436390f4
17:48:02.045 [main] DEBUG org.hibernate.type.BasicTypeRegistry - Adding type registration class -> org.hibernate.type.ClassType@54e7391d
17:48:02.045 [main] DEBUG org.hibernate.type.BasicTypeRegistry - Adding type registration java.lang.Class -> org.hibernate.type.ClassType@54e7391d
17:48:02.046 [main] DEBUG org.hibernate.type.BasicTypeRegistry - Adding type registration uuid-binary -> org.hibernate.type.UUIDBinaryType@512d92b
17:48:02.046 [main] DEBUG org.hibernate.type.BasicTypeRegistry - Adding type registration java.util.UUID -> org.hibernate.type.UUIDBinaryType@512d92b
17:48:02.046 [main] DEBUG org.hibernate.type.BasicTypeRegistry - Adding type registration uuid-char -> org.hibernate.type.UUIDCharType@1bc53649
17:48:02.047 [main] DEBUG org.hibernate.type.BasicTypeRegistry - Adding type registration binary -> org.hibernate.type.BinaryType@160c3ec1
17:48:02.047 [main] DEBUG org.hibernate.type.BasicTypeRegistry - Adding type registration byte[] -> org.hibernate.type.BinaryType@160c3ec1
17:48:02.047 [main] DEBUG org.hibernate.type.BasicTypeRegistry - Adding type registration [B -> org.hibernate.type.BinaryType@160c3ec1
17:48:02.048 [main] DEBUG org.hibernate.type.BasicTypeRegistry - Adding type registration wrapper-binary -> org.hibernate.type.WrapperBinaryType@3704122f
17:48:02.048 [main] DEBUG org.hibernate.type.BasicTypeRegistry - Adding type registration Byte[] -> org.hibernate.type.WrapperBinaryType@3704122f
17:48:02.048 [main] DEBUG org.hibernate.type.BasicTypeRegistry - Adding type registration [Ljava.lang.Byte; -> org.hibernate.type.WrapperBinaryType@3704122f
17:48:02.048 [main] DEBUG org.hibernate.type.BasicTypeRegistry - Adding type registration row_version -> org.hibernate.type.RowVersionType@10b3df93
17:48:02.049 [main] DEBUG org.hibernate.type.BasicTypeRegistry - Adding type registration image -> org.hibernate.type.ImageType@1dfd5f51
17:48:02.049 [main] DEBUG org.hibernate.type.BasicTypeRegistry - Adding type registration characters -> org.hibernate.type.CharArrayType@610db97e
17:48:02.049 [main] DEBUG org.hibernate.type.BasicTypeRegistry - Adding type registration char[] -> org.hibernate.type.CharArrayType@610db97e
17:48:02.050 [main] DEBUG org.hibernate.type.BasicTypeRegistry - Adding type registration [C -> org.hibernate.type.CharArrayType@610db97e
17:48:02.050 [main] DEBUG org.hibernate.type.BasicTypeRegistry - Adding type registration wrapper-characters -> org.hibernate.type.CharacterArrayType@4ced35ed
17:48:02.050 [main] DEBUG org.hibernate.type.BasicTypeRegistry - Adding type registration [Ljava.lang.Character; -> org.hibernate.type.CharacterArrayType@4ced35ed
17:48:02.050 [main] DEBUG org.hibernate.type.BasicTypeRegistry - Adding type registration Character[] -> org.hibernate.type.CharacterArrayType@4ced35ed
17:48:02.051 [main] DEBUG org.hibernate.type.BasicTypeRegistry - Adding type registration text -> org.hibernate.type.TextType@6831d8fd
17:48:02.051 [main] DEBUG org.hibernate.type.BasicTypeRegistry - Adding type registration ntext -> org.hibernate.type.NTextType@18e8473e
17:48:02.053 [main] DEBUG org.hibernate.type.BasicTypeRegistry - Adding type registration blob -> org.hibernate.type.BlobType@6e9c413e
17:48:02.054 [main] DEBUG org.hibernate.type.BasicTypeRegistry - Adding type registration java.sql.Blob -> org.hibernate.type.BlobType@6e9c413e
17:48:02.054 [main] DEBUG org.hibernate.type.BasicTypeRegistry - Adding type registration materialized_blob -> org.hibernate.type.MaterializedBlobType@3a45c42a
17:48:02.056 [main] DEBUG org.hibernate.type.BasicTypeRegistry - Adding type registration clob -> org.hibernate.type.ClobType@19868320
17:48:02.056 [main] DEBUG org.hibernate.type.BasicTypeRegistry - Adding type registration java.sql.Clob -> org.hibernate.type.ClobType@19868320
17:48:02.058 [main] DEBUG org.hibernate.type.BasicTypeRegistry - Adding type registration nclob -> org.hibernate.type.NClobType@437e951d
17:48:02.058 [main] DEBUG org.hibernate.type.BasicTypeRegistry - Adding type registration java.sql.NClob -> org.hibernate.type.NClobType@437e951d
17:48:02.059 [main] DEBUG org.hibernate.type.BasicTypeRegistry - Adding type registration materialized_clob -> org.hibernate.type.MaterializedClobType@7e8e8651
17:48:02.059 [main] DEBUG org.hibernate.type.BasicTypeRegistry - Adding type registration materialized_nclob -> org.hibernate.type.MaterializedNClobType@6bd51ed8
17:48:02.060 [main] DEBUG org.hibernate.type.BasicTypeRegistry - Adding type registration serializable -> org.hibernate.type.SerializableType@5cad8b7d
17:48:02.062 [main] DEBUG org.hibernate.type.BasicTypeRegistry - Adding type registration object -> org.hibernate.type.ObjectType@64b31700
17:48:02.062 [main] DEBUG org.hibernate.type.BasicTypeRegistry - Adding type registration java.lang.Object -> org.hibernate.type.ObjectType@64b31700
17:48:02.062 [main] DEBUG org.hibernate.type.BasicTypeRegistry - Adding type registration imm_date -> org.hibernate.type.AdaptedImmutableType@74a9c4b0
17:48:02.062 [main] DEBUG org.hibernate.type.BasicTypeRegistry - Adding type registration imm_time -> org.hibernate.type.AdaptedImmutableType@85ec632
17:48:02.063 [main] DEBUG org.hibernate.type.BasicTypeRegistry - Adding type registration imm_timestamp -> org.hibernate.type.AdaptedImmutableType@1c05a54d
17:48:02.063 [main] DEBUG org.hibernate.type.BasicTypeRegistry - Adding type registration imm_dbtimestamp -> org.hibernate.type.AdaptedImmutableType@65ef722a
17:48:02.063 [main] DEBUG org.hibernate.type.BasicTypeRegistry - Adding type registration imm_calendar -> org.hibernate.type.AdaptedImmutableType@5fd9b663
17:48:02.064 [main] DEBUG org.hibernate.type.BasicTypeRegistry - Adding type registration imm_calendar_date -> org.hibernate.type.AdaptedImmutableType@214894fc
17:48:02.064 [main] DEBUG org.hibernate.type.BasicTypeRegistry - Adding type registration imm_binary -> org.hibernate.type.AdaptedImmutableType@10567255
17:48:02.064 [main] DEBUG org.hibernate.type.BasicTypeRegistry - Adding type registration imm_serializable -> org.hibernate.type.AdaptedImmutableType@e362c57
17:48:02.064 [main] TRACE org.hibernate.service.internal.AbstractServiceRegistryImpl - Initializing service [role=org.hibernate.engine.jdbc.spi.JdbcServices]
17:48:02.074 [main] TRACE org.hibernate.service.internal.AbstractServiceRegistryImpl - Initializing service [role=org.hibernate.engine.jdbc.env.spi.JdbcEnvironment]
17:48:02.074 [main] TRACE org.hibernate.service.internal.AbstractServiceRegistryImpl - Initializing service [role=org.hibernate.engine.jdbc.dialect.spi.DialectFactory]
17:48:02.074 [main] TRACE org.hibernate.service.internal.AbstractServiceRegistryImpl - Initializing service [role=org.hibernate.engine.jdbc.dialect.spi.DialectResolver]
17:48:02.077 [main] TRACE org.hibernate.service.internal.AbstractServiceRegistryImpl - Initializing service [role=org.hibernate.engine.jdbc.connections.spi.ConnectionProvider]
17:48:02.078 [main] TRACE org.hibernate.service.internal.AbstractServiceRegistryImpl - Initializing service [role=org.hibernate.engine.jndi.spi.JndiService]
17:48:02.323 [main] DEBUG org.hibernate.engine.jdbc.env.internal.JdbcEnvironmentInitiator - Database ->
       name : HSQL Database Engine
    version : 2.5.0
      major : 2
      minor : 5
17:48:02.323 [main] DEBUG org.hibernate.engine.jdbc.env.internal.JdbcEnvironmentInitiator - Driver ->
       name : HSQL Database Engine Driver
    version : 2.5.0
      major : 2
      minor : 5
17:48:02.324 [main] DEBUG org.hibernate.engine.jdbc.env.internal.JdbcEnvironmentInitiator - JDBC version : 4.2
17:48:02.332 [main] INFO  org.hibernate.dialect.Dialect - HHH000400: Using dialect: org.hibernate.dialect.MySQL5Dialect
17:48:02.352 [main] DEBUG org.hibernate.engine.jdbc.env.spi.IdentifierHelperBuilder - JDBC driver metadata reported database stores quoted identifiers in neither upper, lower nor mixed case
17:48:02.354 [main] TRACE org.hibernate.engine.jdbc.env.internal.NormalizingIdentifierHelperImpl - Normalizing identifier quoting [PUBLIC]
17:48:02.354 [main] TRACE org.hibernate.engine.jdbc.env.internal.NormalizingIdentifierHelperImpl - Normalizing identifier quoting [PUBLIC]
17:48:02.382 [main] TRACE org.hibernate.service.internal.AbstractServiceRegistryImpl - Initializing service [role=org.hibernate.id.factory.spi.MutableIdentifierGeneratorFactory]
17:48:02.383 [main] DEBUG org.hibernate.id.factory.internal.DefaultIdentifierGeneratorFactory - Registering IdentifierGenerator strategy [uuid2] -> [org.hibernate.id.UUIDGenerator]
17:48:02.384 [main] DEBUG org.hibernate.id.factory.internal.DefaultIdentifierGeneratorFactory - Registering IdentifierGenerator strategy [guid] -> [org.hibernate.id.GUIDGenerator]
17:48:02.385 [main] DEBUG org.hibernate.id.factory.internal.DefaultIdentifierGeneratorFactory - Registering IdentifierGenerator strategy [uuid] -> [org.hibernate.id.UUIDHexGenerator]
17:48:02.385 [main] DEBUG org.hibernate.id.factory.internal.DefaultIdentifierGeneratorFactory - Registering IdentifierGenerator strategy [uuid.hex] -> [org.hibernate.id.UUIDHexGenerator]
17:48:02.385 [main] DEBUG org.hibernate.id.factory.internal.DefaultIdentifierGeneratorFactory - Registering IdentifierGenerator strategy [assigned] -> [org.hibernate.id.Assigned]
17:48:02.386 [main] DEBUG org.hibernate.id.factory.internal.DefaultIdentifierGeneratorFactory - Registering IdentifierGenerator strategy [identity] -> [org.hibernate.id.IdentityGenerator]
17:48:02.387 [main] DEBUG org.hibernate.id.factory.internal.DefaultIdentifierGeneratorFactory - Registering IdentifierGenerator strategy [select] -> [org.hibernate.id.SelectGenerator]
17:48:02.388 [main] DEBUG org.hibernate.id.factory.internal.DefaultIdentifierGeneratorFactory - Registering IdentifierGenerator strategy [sequence] -> [org.hibernate.id.enhanced.SequenceStyleGenerator]
17:48:02.389 [main] DEBUG org.hibernate.id.factory.internal.DefaultIdentifierGeneratorFactory - Registering IdentifierGenerator strategy [seqhilo] -> [org.hibernate.id.SequenceHiLoGenerator]
17:48:02.389 [main] DEBUG org.hibernate.id.factory.internal.DefaultIdentifierGeneratorFactory - Registering IdentifierGenerator strategy [increment] -> [org.hibernate.id.IncrementGenerator]
17:48:02.390 [main] DEBUG org.hibernate.id.factory.internal.DefaultIdentifierGeneratorFactory - Registering IdentifierGenerator strategy [foreign] -> [org.hibernate.id.ForeignGenerator]
17:48:02.390 [main] DEBUG org.hibernate.id.factory.internal.DefaultIdentifierGeneratorFactory - Registering IdentifierGenerator strategy [sequence-identity] -> [org.hibernate.id.SequenceIdentityGenerator]
17:48:02.390 [main] DEBUG org.hibernate.id.factory.internal.DefaultIdentifierGeneratorFactory - Registering IdentifierGenerator strategy [enhanced-sequence] -> [org.hibernate.id.enhanced.SequenceStyleGenerator]
17:48:02.391 [main] DEBUG org.hibernate.id.factory.internal.DefaultIdentifierGeneratorFactory - Registering IdentifierGenerator strategy [enhanced-table] -> [org.hibernate.id.enhanced.TableGenerator]
17:48:02.412 [main] DEBUG org.hibernate.boot.model.relational.Namespace - Created database namespace [logicalName=Name{catalog=null, schema=null}, physicalName=Name{catalog=null, schema=null}]
17:48:02.428 [main] DEBUG org.hibernate.cfg.AnnotationBinder - Binding entity from annotated class: com.soft.entity.CategoryEntity
17:48:02.446 [main] TRACE org.hibernate.engine.jdbc.env.internal.NormalizingIdentifierHelperImpl - Normalizing identifier quoting [DTYPE]
17:48:02.447 [main] DEBUG org.hibernate.cfg.Ejb3Column - Binding column: Ejb3DiscriminatorColumn{logicalColumnName'DTYPE', discriminatorTypeName='string'}
17:48:02.449 [main] DEBUG org.hibernate.cfg.annotations.EntityBinder - Import with entity name CategoryEntity
17:48:02.449 [main] TRACE org.hibernate.boot.internal.InFlightMetadataCollectorImpl - Import: CategoryEntity -> com.soft.entity.CategoryEntity
17:48:02.449 [main] TRACE org.hibernate.boot.internal.InFlightMetadataCollectorImpl - Import: com.soft.entity.CategoryEntity -> com.soft.entity.CategoryEntity
17:48:02.450 [main] TRACE org.hibernate.engine.jdbc.env.internal.NormalizingIdentifierHelperImpl - Normalizing identifier quoting [category]
17:48:02.450 [main] TRACE org.hibernate.engine.jdbc.env.internal.NormalizingIdentifierHelperImpl - Normalizing identifier quoting [category]
17:48:02.452 [main] DEBUG org.hibernate.cfg.annotations.EntityBinder - Bind entity com.soft.entity.CategoryEntity on table category
17:48:02.466 [main] TRACE org.hibernate.cfg.AnnotationBinder - Processing annotations of com.soft.entity.CategoryEntity.id
17:48:02.467 [main] TRACE org.hibernate.engine.jdbc.env.internal.NormalizingIdentifierHelperImpl - Normalizing identifier quoting [category_id]
17:48:02.468 [main] TRACE org.hibernate.engine.jdbc.env.internal.NormalizingIdentifierHelperImpl - Normalizing identifier quoting [category_id]
17:48:02.468 [main] DEBUG org.hibernate.cfg.Ejb3Column - Binding column: Ejb3Column{table=org.hibernate.mapping.Table(category), mappingColumn=category_id, insertable=true, updatable=true, unique=false}
17:48:02.471 [main] DEBUG org.hibernate.cfg.annotations.PropertyBinder - MetadataSourceProcessor property id with lazy=false
17:48:02.473 [main] DEBUG org.hibernate.cfg.AbstractPropertyHolder - Attempting to locate auto-apply AttributeConverter for property [com.soft.entity.CategoryEntity:id]
17:48:02.474 [main] DEBUG org.hibernate.cfg.annotations.SimpleValueBinder - building SimpleValue for id
17:48:02.475 [main] TRACE org.hibernate.engine.jdbc.env.internal.NormalizingIdentifierHelperImpl - Normalizing identifier quoting [category_id]
17:48:02.476 [main] DEBUG org.hibernate.cfg.annotations.PropertyBinder - Building property id
17:48:02.479 [main] TRACE org.hibernate.cfg.annotations.PropertyBinder - Cascading id with null
17:48:02.479 [main] TRACE org.hibernate.cfg.AnnotationBinder - Add generic generator with name: increment
17:48:02.480 [main] TRACE org.hibernate.cfg.AnnotationBinder - Bind @Id on id
17:48:02.480 [main] TRACE org.hibernate.cfg.AnnotationBinder - Processing annotations of com.soft.entity.CategoryEntity.entityName
17:48:02.480 [main] TRACE org.hibernate.engine.jdbc.env.internal.NormalizingIdentifierHelperImpl - Normalizing identifier quoting [entity_name]
17:48:02.480 [main] TRACE org.hibernate.engine.jdbc.env.internal.NormalizingIdentifierHelperImpl - Normalizing identifier quoting [entity_name]
17:48:02.480 [main] DEBUG org.hibernate.cfg.Ejb3Column - Binding column: Ejb3Column{table=org.hibernate.mapping.Table(category), mappingColumn=entity_name, insertable=true, updatable=true, unique=false}
17:48:02.481 [main] DEBUG org.hibernate.cfg.annotations.PropertyBinder - MetadataSourceProcessor property entityName with lazy=false
17:48:02.481 [main] DEBUG org.hibernate.cfg.AbstractPropertyHolder - Attempting to locate auto-apply AttributeConverter for property [com.soft.entity.CategoryEntity:entityName]
17:48:02.481 [main] DEBUG org.hibernate.cfg.annotations.SimpleValueBinder - building SimpleValue for entityName
17:48:02.481 [main] TRACE org.hibernate.engine.jdbc.env.internal.NormalizingIdentifierHelperImpl - Normalizing identifier quoting [entity_name]
17:48:02.481 [main] DEBUG org.hibernate.cfg.annotations.PropertyBinder - Building property entityName
17:48:02.482 [main] TRACE org.hibernate.cfg.annotations.PropertyBinder - Cascading entityName with null
17:48:02.482 [main] TRACE org.hibernate.cfg.AnnotationBinder - Processing annotations of com.soft.entity.CategoryEntity.name
17:48:02.482 [main] TRACE org.hibernate.engine.jdbc.env.internal.NormalizingIdentifierHelperImpl - Normalizing identifier quoting [name]
17:48:02.482 [main] TRACE org.hibernate.engine.jdbc.env.internal.NormalizingIdentifierHelperImpl - Normalizing identifier quoting [name]
17:48:02.482 [main] DEBUG org.hibernate.cfg.Ejb3Column - Binding column: Ejb3Column{table=org.hibernate.mapping.Table(category), mappingColumn=name, insertable=true, updatable=true, unique=false}
17:48:02.482 [main] DEBUG org.hibernate.cfg.annotations.PropertyBinder - MetadataSourceProcessor property name with lazy=false
17:48:02.482 [main] DEBUG org.hibernate.cfg.AbstractPropertyHolder - Attempting to locate auto-apply AttributeConverter for property [com.soft.entity.CategoryEntity:name]
17:48:02.482 [main] DEBUG org.hibernate.cfg.annotations.SimpleValueBinder - building SimpleValue for name
17:48:02.482 [main] TRACE org.hibernate.engine.jdbc.env.internal.NormalizingIdentifierHelperImpl - Normalizing identifier quoting [name]
17:48:02.482 [main] DEBUG org.hibernate.cfg.annotations.PropertyBinder - Building property name
17:48:02.482 [main] TRACE org.hibernate.cfg.annotations.PropertyBinder - Cascading name with null
17:48:02.483 [main] TRACE org.hibernate.cfg.AnnotationBinder - Processing annotations of com.soft.entity.CategoryEntity.photo
17:48:02.483 [main] TRACE org.hibernate.engine.jdbc.env.internal.NormalizingIdentifierHelperImpl - Normalizing identifier quoting [photo]
17:48:02.483 [main] TRACE org.hibernate.engine.jdbc.env.internal.NormalizingIdentifierHelperImpl - Normalizing identifier quoting [photo]
17:48:02.483 [main] DEBUG org.hibernate.cfg.Ejb3Column - Binding column: Ejb3Column{table=org.hibernate.mapping.Table(category), mappingColumn=photo, insertable=true, updatable=true, unique=false}
17:48:02.483 [main] DEBUG org.hibernate.cfg.annotations.PropertyBinder - MetadataSourceProcessor property photo with lazy=false
17:48:02.483 [main] DEBUG org.hibernate.cfg.AbstractPropertyHolder - Attempting to locate auto-apply AttributeConverter for property [com.soft.entity.CategoryEntity:photo]
17:48:02.483 [main] DEBUG org.hibernate.cfg.annotations.SimpleValueBinder - building SimpleValue for photo
17:48:02.483 [main] TRACE org.hibernate.engine.jdbc.env.internal.NormalizingIdentifierHelperImpl - Normalizing identifier quoting [photo]
17:48:02.483 [main] DEBUG org.hibernate.cfg.annotations.PropertyBinder - Building property photo
17:48:02.483 [main] TRACE org.hibernate.cfg.annotations.PropertyBinder - Cascading photo with null
17:48:02.484 [main] DEBUG org.hibernate.cfg.AnnotationBinder - Binding entity from annotated class: com.soft.entity.LocaleMessageEntity
17:48:02.484 [main] TRACE org.hibernate.engine.jdbc.env.internal.NormalizingIdentifierHelperImpl - Normalizing identifier quoting [DTYPE]
17:48:02.484 [main] DEBUG org.hibernate.cfg.Ejb3Column - Binding column: Ejb3DiscriminatorColumn{logicalColumnName'DTYPE', discriminatorTypeName='string'}
17:48:02.484 [main] DEBUG org.hibernate.cfg.annotations.EntityBinder - Import with entity name LocaleMessageEntity
17:48:02.484 [main] TRACE org.hibernate.boot.internal.InFlightMetadataCollectorImpl - Import: LocaleMessageEntity -> com.soft.entity.LocaleMessageEntity
17:48:02.489 [main] TRACE org.hibernate.boot.internal.InFlightMetadataCollectorImpl - Import: com.soft.entity.LocaleMessageEntity -> com.soft.entity.LocaleMessageEntity
17:48:02.490 [main] TRACE org.hibernate.engine.jdbc.env.internal.NormalizingIdentifierHelperImpl - Normalizing identifier quoting [locale]
17:48:02.491 [main] TRACE org.hibernate.engine.jdbc.env.internal.NormalizingIdentifierHelperImpl - Normalizing identifier quoting [locale]
17:48:02.491 [main] DEBUG org.hibernate.cfg.annotations.EntityBinder - Bind entity com.soft.entity.LocaleMessageEntity on table locale
17:48:02.493 [main] TRACE org.hibernate.cfg.AnnotationBinder - Processing annotations of com.soft.entity.LocaleMessageEntity.id
17:48:02.493 [main] TRACE org.hibernate.engine.jdbc.env.internal.NormalizingIdentifierHelperImpl - Normalizing identifier quoting [ID]
17:48:02.493 [main] TRACE org.hibernate.engine.jdbc.env.internal.NormalizingIdentifierHelperImpl - Normalizing identifier quoting [ID]
17:48:02.493 [main] DEBUG org.hibernate.cfg.Ejb3Column - Binding column: Ejb3Column{table=org.hibernate.mapping.Table(locale), mappingColumn=ID, insertable=true, updatable=true, unique=false}
17:48:02.493 [main] DEBUG org.hibernate.cfg.annotations.PropertyBinder - MetadataSourceProcessor property id with lazy=false
17:48:02.493 [main] DEBUG org.hibernate.cfg.AbstractPropertyHolder - Attempting to locate auto-apply AttributeConverter for property [com.soft.entity.LocaleMessageEntity:id]
17:48:02.495 [main] DEBUG org.hibernate.cfg.annotations.SimpleValueBinder - building SimpleValue for id
17:48:02.496 [main] TRACE org.hibernate.engine.jdbc.env.internal.NormalizingIdentifierHelperImpl - Normalizing identifier quoting [ID]
17:48:02.496 [main] DEBUG org.hibernate.cfg.annotations.PropertyBinder - Building property id
17:48:02.496 [main] TRACE org.hibernate.cfg.annotations.PropertyBinder - Cascading id with null
17:48:02.496 [main] TRACE org.hibernate.cfg.AnnotationBinder - Add generic generator with name: increment
17:48:02.496 [main] TRACE org.hibernate.cfg.AnnotationBinder - Bind @Id on id
17:48:02.496 [main] TRACE org.hibernate.cfg.AnnotationBinder - Processing annotations of com.soft.entity.LocaleMessageEntity.locale
17:48:02.496 [main] TRACE org.hibernate.engine.jdbc.env.internal.NormalizingIdentifierHelperImpl - Normalizing identifier quoting [locale]
17:48:02.497 [main] TRACE org.hibernate.engine.jdbc.env.internal.NormalizingIdentifierHelperImpl - Normalizing identifier quoting [locale]
17:48:02.497 [main] DEBUG org.hibernate.cfg.Ejb3Column - Binding column: Ejb3Column{table=org.hibernate.mapping.Table(locale), mappingColumn=locale, insertable=true, updatable=true, unique=false}
17:48:02.497 [main] DEBUG org.hibernate.cfg.annotations.PropertyBinder - MetadataSourceProcessor property locale with lazy=false
17:48:02.498 [main] DEBUG org.hibernate.cfg.AbstractPropertyHolder - Attempting to locate auto-apply AttributeConverter for property [com.soft.entity.LocaleMessageEntity:locale]
17:48:02.498 [main] DEBUG org.hibernate.cfg.annotations.SimpleValueBinder - building SimpleValue for locale
17:48:02.498 [main] TRACE org.hibernate.engine.jdbc.env.internal.NormalizingIdentifierHelperImpl - Normalizing identifier quoting [locale]
17:48:02.498 [main] DEBUG org.hibernate.cfg.annotations.PropertyBinder - Building property locale
17:48:02.498 [main] TRACE org.hibernate.cfg.annotations.PropertyBinder - Cascading locale with null
17:48:02.498 [main] TRACE org.hibernate.cfg.AnnotationBinder - Processing annotations of com.soft.entity.LocaleMessageEntity.message
17:48:02.498 [main] TRACE org.hibernate.engine.jdbc.env.internal.NormalizingIdentifierHelperImpl - Normalizing identifier quoting [message]
17:48:02.498 [main] TRACE org.hibernate.engine.jdbc.env.internal.NormalizingIdentifierHelperImpl - Normalizing identifier quoting [message]
17:48:02.498 [main] DEBUG org.hibernate.cfg.Ejb3Column - Binding column: Ejb3Column{table=org.hibernate.mapping.Table(locale), mappingColumn=message, insertable=true, updatable=true, unique=false}
17:48:02.498 [main] DEBUG org.hibernate.cfg.annotations.PropertyBinder - MetadataSourceProcessor property message with lazy=false
17:48:02.498 [main] DEBUG org.hibernate.cfg.AbstractPropertyHolder - Attempting to locate auto-apply AttributeConverter for property [com.soft.entity.LocaleMessageEntity:message]
17:48:02.498 [main] DEBUG org.hibernate.cfg.annotations.SimpleValueBinder - building SimpleValue for message
17:48:02.498 [main] TRACE org.hibernate.engine.jdbc.env.internal.NormalizingIdentifierHelperImpl - Normalizing identifier quoting [message]
17:48:02.498 [main] DEBUG org.hibernate.cfg.annotations.PropertyBinder - Building property message
17:48:02.499 [main] TRACE org.hibernate.cfg.annotations.PropertyBinder - Cascading message with null
17:48:02.499 [main] TRACE org.hibernate.cfg.AnnotationBinder - Processing annotations of com.soft.entity.LocaleMessageEntity.msgKey
17:48:02.499 [main] TRACE org.hibernate.engine.jdbc.env.internal.NormalizingIdentifierHelperImpl - Normalizing identifier quoting [msgkey]
17:48:02.499 [main] TRACE org.hibernate.engine.jdbc.env.internal.NormalizingIdentifierHelperImpl - Normalizing identifier quoting [msgkey]
17:48:02.499 [main] DEBUG org.hibernate.cfg.Ejb3Column - Binding column: Ejb3Column{table=org.hibernate.mapping.Table(locale), mappingColumn=msgkey, insertable=true, updatable=true, unique=false}
17:48:02.499 [main] DEBUG org.hibernate.cfg.annotations.PropertyBinder - MetadataSourceProcessor property msgKey with lazy=false
17:48:02.499 [main] DEBUG org.hibernate.cfg.AbstractPropertyHolder - Attempting to locate auto-apply AttributeConverter for property [com.soft.entity.LocaleMessageEntity:msgKey]
17:48:02.499 [main] DEBUG org.hibernate.cfg.annotations.SimpleValueBinder - building SimpleValue for msgKey
17:48:02.499 [main] TRACE org.hibernate.engine.jdbc.env.internal.NormalizingIdentifierHelperImpl - Normalizing identifier quoting [msgkey]
17:48:02.499 [main] DEBUG org.hibernate.cfg.annotations.PropertyBinder - Building property msgKey
17:48:02.499 [main] TRACE org.hibernate.cfg.annotations.PropertyBinder - Cascading msgKey with null
17:48:02.499 [main] DEBUG org.hibernate.cfg.AnnotationBinder - Binding entity from annotated class: com.soft.entity.ProducerEntity
17:48:02.499 [main] TRACE org.hibernate.engine.jdbc.env.internal.NormalizingIdentifierHelperImpl - Normalizing identifier quoting [DTYPE]
17:48:02.499 [main] DEBUG org.hibernate.cfg.Ejb3Column - Binding column: Ejb3DiscriminatorColumn{logicalColumnName'DTYPE', discriminatorTypeName='string'}
17:48:02.499 [main] DEBUG org.hibernate.cfg.annotations.EntityBinder - Import with entity name ProducerEntity
17:48:02.499 [main] TRACE org.hibernate.boot.internal.InFlightMetadataCollectorImpl - Import: ProducerEntity -> com.soft.entity.ProducerEntity
17:48:02.500 [main] TRACE org.hibernate.boot.internal.InFlightMetadataCollectorImpl - Import: com.soft.entity.ProducerEntity -> com.soft.entity.ProducerEntity
17:48:02.500 [main] TRACE org.hibernate.engine.jdbc.env.internal.NormalizingIdentifierHelperImpl - Normalizing identifier quoting [producer]
17:48:02.500 [main] TRACE org.hibernate.engine.jdbc.env.internal.NormalizingIdentifierHelperImpl - Normalizing identifier quoting [producer]
17:48:02.500 [main] DEBUG org.hibernate.cfg.annotations.EntityBinder - Bind entity com.soft.entity.ProducerEntity on table producer
17:48:02.500 [main] TRACE org.hibernate.cfg.AnnotationBinder - Processing annotations of com.soft.entity.ProducerEntity.id
17:48:02.501 [main] TRACE org.hibernate.engine.jdbc.env.internal.NormalizingIdentifierHelperImpl - Normalizing identifier quoting [producer_id]
17:48:02.501 [main] TRACE org.hibernate.engine.jdbc.env.internal.NormalizingIdentifierHelperImpl - Normalizing identifier quoting [producer_id]
17:48:02.501 [main] DEBUG org.hibernate.cfg.Ejb3Column - Binding column: Ejb3Column{table=org.hibernate.mapping.Table(producer), mappingColumn=producer_id, insertable=true, updatable=true, unique=false}
17:48:02.501 [main] DEBUG org.hibernate.cfg.annotations.PropertyBinder - MetadataSourceProcessor property id with lazy=false
17:48:02.501 [main] DEBUG org.hibernate.cfg.AbstractPropertyHolder - Attempting to locate auto-apply AttributeConverter for property [com.soft.entity.ProducerEntity:id]
17:48:02.501 [main] DEBUG org.hibernate.cfg.annotations.SimpleValueBinder - building SimpleValue for id
17:48:02.501 [main] TRACE org.hibernate.engine.jdbc.env.internal.NormalizingIdentifierHelperImpl - Normalizing identifier quoting [producer_id]
17:48:02.502 [main] DEBUG org.hibernate.cfg.annotations.PropertyBinder - Building property id
17:48:02.502 [main] TRACE org.hibernate.cfg.annotations.PropertyBinder - Cascading id with null
17:48:02.502 [main] TRACE org.hibernate.cfg.AnnotationBinder - Add generic generator with name: increment
17:48:02.505 [main] TRACE org.hibernate.cfg.AnnotationBinder - Bind @Id on id
17:48:02.505 [main] TRACE org.hibernate.cfg.AnnotationBinder - Processing annotations of com.soft.entity.ProducerEntity.producerCategory
17:48:02.505 [main] TRACE org.hibernate.engine.jdbc.env.internal.NormalizingIdentifierHelperImpl - Normalizing identifier quoting [producer_category]
17:48:02.505 [main] TRACE org.hibernate.engine.jdbc.env.internal.NormalizingIdentifierHelperImpl - Normalizing identifier quoting [producer_category]
17:48:02.505 [main] DEBUG org.hibernate.cfg.Ejb3Column - Binding column: Ejb3Column{table=org.hibernate.mapping.Table(producer), mappingColumn=producer_category, insertable=true, updatable=true, unique=false}
17:48:02.505 [main] DEBUG org.hibernate.cfg.annotations.PropertyBinder - MetadataSourceProcessor property producerCategory with lazy=false
17:48:02.506 [main] DEBUG org.hibernate.cfg.AbstractPropertyHolder - Attempting to locate auto-apply AttributeConverter for property [com.soft.entity.ProducerEntity:producerCategory]
17:48:02.506 [main] DEBUG org.hibernate.cfg.annotations.SimpleValueBinder - building SimpleValue for producerCategory
17:48:02.506 [main] TRACE org.hibernate.engine.jdbc.env.internal.NormalizingIdentifierHelperImpl - Normalizing identifier quoting [producer_category]
17:48:02.506 [main] DEBUG org.hibernate.cfg.annotations.PropertyBinder - Building property producerCategory
17:48:02.506 [main] TRACE org.hibernate.cfg.annotations.PropertyBinder - Cascading producerCategory with null
17:48:02.506 [main] TRACE org.hibernate.cfg.AnnotationBinder - Processing annotations of com.soft.entity.ProducerEntity.producerName
17:48:02.506 [main] TRACE org.hibernate.engine.jdbc.env.internal.NormalizingIdentifierHelperImpl - Normalizing identifier quoting [producer_name]
17:48:02.506 [main] TRACE org.hibernate.engine.jdbc.env.internal.NormalizingIdentifierHelperImpl - Normalizing identifier quoting [producer_name]
17:48:02.506 [main] DEBUG org.hibernate.cfg.Ejb3Column - Binding column: Ejb3Column{table=org.hibernate.mapping.Table(producer), mappingColumn=producer_name, insertable=true, updatable=true, unique=false}
17:48:02.506 [main] DEBUG org.hibernate.cfg.annotations.PropertyBinder - MetadataSourceProcessor property producerName with lazy=false
17:48:02.506 [main] DEBUG org.hibernate.cfg.AbstractPropertyHolder - Attempting to locate auto-apply AttributeConverter for property [com.soft.entity.ProducerEntity:producerName]
17:48:02.507 [main] DEBUG org.hibernate.cfg.annotations.SimpleValueBinder - building SimpleValue for producerName
17:48:02.507 [main] TRACE org.hibernate.engine.jdbc.env.internal.NormalizingIdentifierHelperImpl - Normalizing identifier quoting [producer_name]
17:48:02.507 [main] DEBUG org.hibernate.cfg.annotations.PropertyBinder - Building property producerName
17:48:02.507 [main] TRACE org.hibernate.cfg.annotations.PropertyBinder - Cascading producerName with null
17:48:02.507 [main] DEBUG org.hibernate.cfg.AnnotationBinder - Binding entity from annotated class: com.soft.entity.ResistorEntity
17:48:02.507 [main] TRACE org.hibernate.engine.jdbc.env.internal.NormalizingIdentifierHelperImpl - Normalizing identifier quoting [DTYPE]
17:48:02.507 [main] DEBUG org.hibernate.cfg.Ejb3Column - Binding column: Ejb3DiscriminatorColumn{logicalColumnName'DTYPE', discriminatorTypeName='string'}
17:48:02.509 [main] DEBUG org.hibernate.cfg.annotations.EntityBinder - Import with entity name ResistorEntity
17:48:02.510 [main] TRACE org.hibernate.boot.internal.InFlightMetadataCollectorImpl - Import: ResistorEntity -> com.soft.entity.ResistorEntity
17:48:02.510 [main] TRACE org.hibernate.boot.internal.InFlightMetadataCollectorImpl - Import: com.soft.entity.ResistorEntity -> com.soft.entity.ResistorEntity
17:48:02.510 [main] TRACE org.hibernate.engine.jdbc.env.internal.NormalizingIdentifierHelperImpl - Normalizing identifier quoting [resistor]
17:48:02.511 [main] TRACE org.hibernate.engine.jdbc.env.internal.NormalizingIdentifierHelperImpl - Normalizing identifier quoting [resistor]
17:48:02.512 [main] DEBUG org.hibernate.cfg.annotations.EntityBinder - Bind entity com.soft.entity.ResistorEntity on table resistor
17:48:02.515 [main] TRACE org.hibernate.cfg.AnnotationBinder - Processing annotations of com.soft.entity.ResistorEntity.id
17:48:02.516 [main] TRACE org.hibernate.engine.jdbc.env.internal.NormalizingIdentifierHelperImpl - Normalizing identifier quoting [resistor_id]
17:48:02.516 [main] TRACE org.hibernate.engine.jdbc.env.internal.NormalizingIdentifierHelperImpl - Normalizing identifier quoting [resistor_id]
17:48:02.516 [main] DEBUG org.hibernate.cfg.Ejb3Column - Binding column: Ejb3Column{table=org.hibernate.mapping.Table(resistor), mappingColumn=resistor_id, insertable=true, updatable=true, unique=false}
17:48:02.516 [main] DEBUG org.hibernate.cfg.annotations.PropertyBinder - MetadataSourceProcessor property id with lazy=false
17:48:02.516 [main] DEBUG org.hibernate.cfg.AbstractPropertyHolder - Attempting to locate auto-apply AttributeConverter for property [com.soft.entity.ResistorEntity:id]
17:48:02.516 [main] DEBUG org.hibernate.cfg.annotations.SimpleValueBinder - building SimpleValue for id
17:48:02.516 [main] TRACE org.hibernate.engine.jdbc.env.internal.NormalizingIdentifierHelperImpl - Normalizing identifier quoting [resistor_id]
17:48:02.516 [main] DEBUG org.hibernate.cfg.annotations.PropertyBinder - Building property id
17:48:02.516 [main] TRACE org.hibernate.cfg.annotations.PropertyBinder - Cascading id with null
17:48:02.516 [main] TRACE org.hibernate.cfg.AnnotationBinder - Add generic generator with name: increment
17:48:02.516 [main] TRACE org.hibernate.cfg.AnnotationBinder - Bind @Id on id
17:48:02.517 [main] TRACE org.hibernate.cfg.AnnotationBinder - Processing annotations of com.soft.entity.ResistorEntity.category
17:48:02.517 [main] TRACE org.hibernate.engine.jdbc.env.internal.NormalizingIdentifierHelperImpl - Normalizing identifier quoting [category]
17:48:02.517 [main] TRACE org.hibernate.engine.jdbc.env.internal.NormalizingIdentifierHelperImpl - Normalizing identifier quoting [category]
17:48:02.517 [main] DEBUG org.hibernate.cfg.Ejb3Column - Binding column: Ejb3Column{table=org.hibernate.mapping.Table(resistor), mappingColumn=category, insertable=true, updatable=true, unique=false}
17:48:02.517 [main] DEBUG org.hibernate.cfg.annotations.PropertyBinder - MetadataSourceProcessor property category with lazy=false
17:48:02.517 [main] DEBUG org.hibernate.cfg.AbstractPropertyHolder - Attempting to locate auto-apply AttributeConverter for property [com.soft.entity.ResistorEntity:category]
17:48:02.517 [main] DEBUG org.hibernate.cfg.annotations.SimpleValueBinder - building SimpleValue for category
17:48:02.517 [main] TRACE org.hibernate.engine.jdbc.env.internal.NormalizingIdentifierHelperImpl - Normalizing identifier quoting [category]
17:48:02.517 [main] DEBUG org.hibernate.cfg.annotations.PropertyBinder - Building property category
17:48:02.517 [main] TRACE org.hibernate.cfg.annotations.PropertyBinder - Cascading category with null
17:48:02.518 [main] TRACE org.hibernate.cfg.AnnotationBinder - Processing annotations of com.soft.entity.ResistorEntity.description
17:48:02.518 [main] TRACE org.hibernate.engine.jdbc.env.internal.NormalizingIdentifierHelperImpl - Normalizing identifier quoting [description]
17:48:02.518 [main] TRACE org.hibernate.engine.jdbc.env.internal.NormalizingIdentifierHelperImpl - Normalizing identifier quoting [description]
17:48:02.518 [main] DEBUG org.hibernate.cfg.Ejb3Column - Binding column: Ejb3Column{table=org.hibernate.mapping.Table(resistor), mappingColumn=description, insertable=true, updatable=true, unique=false}
17:48:02.518 [main] DEBUG org.hibernate.cfg.annotations.PropertyBinder - MetadataSourceProcessor property description with lazy=false
17:48:02.518 [main] DEBUG org.hibernate.cfg.AbstractPropertyHolder - Attempting to locate auto-apply AttributeConverter for property [com.soft.entity.ResistorEntity:description]
17:48:02.518 [main] DEBUG org.hibernate.cfg.annotations.SimpleValueBinder - building SimpleValue for description
17:48:02.518 [main] TRACE org.hibernate.engine.jdbc.env.internal.NormalizingIdentifierHelperImpl - Normalizing identifier quoting [description]
17:48:02.518 [main] DEBUG org.hibernate.cfg.annotations.PropertyBinder - Building property description
17:48:02.518 [main] TRACE org.hibernate.cfg.annotations.PropertyBinder - Cascading description with null
17:48:02.518 [main] TRACE org.hibernate.cfg.AnnotationBinder - Processing annotations of com.soft.entity.ResistorEntity.name
17:48:02.518 [main] TRACE org.hibernate.engine.jdbc.env.internal.NormalizingIdentifierHelperImpl - Normalizing identifier quoting [name]
17:48:02.518 [main] TRACE org.hibernate.engine.jdbc.env.internal.NormalizingIdentifierHelperImpl - Normalizing identifier quoting [name]
17:48:02.518 [main] DEBUG org.hibernate.cfg.Ejb3Column - Binding column: Ejb3Column{table=org.hibernate.mapping.Table(resistor), mappingColumn=name, insertable=true, updatable=true, unique=false}
17:48:02.518 [main] DEBUG org.hibernate.cfg.annotations.PropertyBinder - MetadataSourceProcessor property name with lazy=false
17:48:02.518 [main] DEBUG org.hibernate.cfg.AbstractPropertyHolder - Attempting to locate auto-apply AttributeConverter for property [com.soft.entity.ResistorEntity:name]
17:48:02.519 [main] DEBUG org.hibernate.cfg.annotations.SimpleValueBinder - building SimpleValue for name
17:48:02.519 [main] TRACE org.hibernate.engine.jdbc.env.internal.NormalizingIdentifierHelperImpl - Normalizing identifier quoting [name]
17:48:02.519 [main] DEBUG org.hibernate.cfg.annotations.PropertyBinder - Building property name
17:48:02.519 [main] TRACE org.hibernate.cfg.annotations.PropertyBinder - Cascading name with null
17:48:02.519 [main] TRACE org.hibernate.cfg.AnnotationBinder - Processing annotations of com.soft.entity.ResistorEntity.nominal
17:48:02.519 [main] TRACE org.hibernate.engine.jdbc.env.internal.NormalizingIdentifierHelperImpl - Normalizing identifier quoting [nominal]
17:48:02.519 [main] TRACE org.hibernate.engine.jdbc.env.internal.NormalizingIdentifierHelperImpl - Normalizing identifier quoting [nominal]
17:48:02.519 [main] DEBUG org.hibernate.cfg.Ejb3Column - Binding column: Ejb3Column{table=org.hibernate.mapping.Table(resistor), mappingColumn=nominal, insertable=true, updatable=true, unique=false}
17:48:02.519 [main] DEBUG org.hibernate.cfg.annotations.PropertyBinder - MetadataSourceProcessor property nominal with lazy=false
17:48:02.519 [main] DEBUG org.hibernate.cfg.AbstractPropertyHolder - Attempting to locate auto-apply AttributeConverter for property [com.soft.entity.ResistorEntity:nominal]
17:48:02.519 [main] DEBUG org.hibernate.cfg.annotations.SimpleValueBinder - building SimpleValue for nominal
17:48:02.519 [main] TRACE org.hibernate.engine.jdbc.env.internal.NormalizingIdentifierHelperImpl - Normalizing identifier quoting [nominal]
17:48:02.519 [main] DEBUG org.hibernate.cfg.annotations.PropertyBinder - Building property nominal
17:48:02.519 [main] TRACE org.hibernate.cfg.annotations.PropertyBinder - Cascading nominal with null
17:48:02.519 [main] TRACE org.hibernate.cfg.AnnotationBinder - Processing annotations of com.soft.entity.ResistorEntity.nominalUnit
17:48:02.519 [main] TRACE org.hibernate.engine.jdbc.env.internal.NormalizingIdentifierHelperImpl - Normalizing identifier quoting [nominal_unit]
17:48:02.520 [main] TRACE org.hibernate.engine.jdbc.env.internal.NormalizingIdentifierHelperImpl - Normalizing identifier quoting [nominal_unit]
17:48:02.522 [main] DEBUG org.hibernate.cfg.Ejb3Column - Binding column: Ejb3Column{table=org.hibernate.mapping.Table(resistor), mappingColumn=nominal_unit, insertable=true, updatable=true, unique=false}
17:48:02.524 [main] DEBUG org.hibernate.cfg.annotations.PropertyBinder - MetadataSourceProcessor property nominalUnit with lazy=false
17:48:02.524 [main] DEBUG org.hibernate.cfg.AbstractPropertyHolder - Attempting to locate auto-apply AttributeConverter for property [com.soft.entity.ResistorEntity:nominalUnit]
17:48:02.524 [main] DEBUG org.hibernate.cfg.annotations.SimpleValueBinder - building SimpleValue for nominalUnit
17:48:02.524 [main] TRACE org.hibernate.engine.jdbc.env.internal.NormalizingIdentifierHelperImpl - Normalizing identifier quoting [nominal_unit]
17:48:02.524 [main] DEBUG org.hibernate.cfg.annotations.PropertyBinder - Building property nominalUnit
17:48:02.524 [main] TRACE org.hibernate.cfg.annotations.PropertyBinder - Cascading nominalUnit with null
17:48:02.524 [main] TRACE org.hibernate.cfg.AnnotationBinder - Processing annotations of com.soft.entity.ResistorEntity.photo
17:48:02.524 [main] TRACE org.hibernate.engine.jdbc.env.internal.NormalizingIdentifierHelperImpl - Normalizing identifier quoting [photo]
17:48:02.524 [main] TRACE org.hibernate.engine.jdbc.env.internal.NormalizingIdentifierHelperImpl - Normalizing identifier quoting [photo]
17:48:02.524 [main] DEBUG org.hibernate.cfg.Ejb3Column - Binding column: Ejb3Column{table=org.hibernate.mapping.Table(resistor), mappingColumn=photo, insertable=true, updatable=true, unique=false}
17:48:02.524 [main] DEBUG org.hibernate.cfg.annotations.PropertyBinder - MetadataSourceProcessor property photo with lazy=false
17:48:02.525 [main] DEBUG org.hibernate.cfg.AbstractPropertyHolder - Attempting to locate auto-apply AttributeConverter for property [com.soft.entity.ResistorEntity:photo]
17:48:02.525 [main] DEBUG org.hibernate.cfg.annotations.SimpleValueBinder - building SimpleValue for photo
17:48:02.525 [main] TRACE org.hibernate.engine.jdbc.env.internal.NormalizingIdentifierHelperImpl - Normalizing identifier quoting [photo]
17:48:02.525 [main] DEBUG org.hibernate.cfg.annotations.PropertyBinder - Building property photo
17:48:02.525 [main] TRACE org.hibernate.cfg.annotations.PropertyBinder - Cascading photo with null
17:48:02.525 [main] TRACE org.hibernate.cfg.AnnotationBinder - Processing annotations of com.soft.entity.ResistorEntity.power
17:48:02.525 [main] TRACE org.hibernate.engine.jdbc.env.internal.NormalizingIdentifierHelperImpl - Normalizing identifier quoting [power]
17:48:02.525 [main] TRACE org.hibernate.engine.jdbc.env.internal.NormalizingIdentifierHelperImpl - Normalizing identifier quoting [power]
17:48:02.525 [main] DEBUG org.hibernate.cfg.Ejb3Column - Binding column: Ejb3Column{table=org.hibernate.mapping.Table(resistor), mappingColumn=power, insertable=true, updatable=true, unique=false}
17:48:02.525 [main] DEBUG org.hibernate.cfg.annotations.PropertyBinder - MetadataSourceProcessor property power with lazy=false
17:48:02.525 [main] DEBUG org.hibernate.cfg.AbstractPropertyHolder - Attempting to locate auto-apply AttributeConverter for property [com.soft.entity.ResistorEntity:power]
17:48:02.525 [main] DEBUG org.hibernate.cfg.annotations.SimpleValueBinder - building SimpleValue for power
17:48:02.525 [main] TRACE org.hibernate.engine.jdbc.env.internal.NormalizingIdentifierHelperImpl - Normalizing identifier quoting [power]
17:48:02.525 [main] DEBUG org.hibernate.cfg.annotations.PropertyBinder - Building property power
17:48:02.525 [main] TRACE org.hibernate.cfg.annotations.PropertyBinder - Cascading power with null
17:48:02.526 [main] TRACE org.hibernate.cfg.AnnotationBinder - Processing annotations of com.soft.entity.ResistorEntity.powerUnit
17:48:02.526 [main] TRACE org.hibernate.engine.jdbc.env.internal.NormalizingIdentifierHelperImpl - Normalizing identifier quoting [power_unit]
17:48:02.526 [main] TRACE org.hibernate.engine.jdbc.env.internal.NormalizingIdentifierHelperImpl - Normalizing identifier quoting [power_unit]
17:48:02.526 [main] DEBUG org.hibernate.cfg.Ejb3Column - Binding column: Ejb3Column{table=org.hibernate.mapping.Table(resistor), mappingColumn=power_unit, insertable=true, updatable=true, unique=false}
17:48:02.526 [main] DEBUG org.hibernate.cfg.annotations.PropertyBinder - MetadataSourceProcessor property powerUnit with lazy=false
17:48:02.526 [main] DEBUG org.hibernate.cfg.AbstractPropertyHolder - Attempting to locate auto-apply AttributeConverter for property [com.soft.entity.ResistorEntity:powerUnit]
17:48:02.526 [main] DEBUG org.hibernate.cfg.annotations.SimpleValueBinder - building SimpleValue for powerUnit
17:48:02.526 [main] TRACE org.hibernate.engine.jdbc.env.internal.NormalizingIdentifierHelperImpl - Normalizing identifier quoting [power_unit]
17:48:02.533 [main] DEBUG org.hibernate.cfg.annotations.PropertyBinder - Building property powerUnit
17:48:02.535 [main] TRACE org.hibernate.cfg.annotations.PropertyBinder - Cascading powerUnit with null
17:48:02.537 [main] TRACE org.hibernate.cfg.AnnotationBinder - Processing annotations of com.soft.entity.ResistorEntity.price
17:48:02.537 [main] TRACE org.hibernate.engine.jdbc.env.internal.NormalizingIdentifierHelperImpl - Normalizing identifier quoting [price]
17:48:02.537 [main] TRACE org.hibernate.engine.jdbc.env.internal.NormalizingIdentifierHelperImpl - Normalizing identifier quoting [price]
17:48:02.538 [main] DEBUG org.hibernate.cfg.Ejb3Column - Binding column: Ejb3Column{table=org.hibernate.mapping.Table(resistor), mappingColumn=price, insertable=true, updatable=true, unique=false}
17:48:02.538 [main] DEBUG org.hibernate.cfg.annotations.PropertyBinder - MetadataSourceProcessor property price with lazy=false
17:48:02.538 [main] DEBUG org.hibernate.cfg.AbstractPropertyHolder - Attempting to locate auto-apply AttributeConverter for property [com.soft.entity.ResistorEntity:price]
17:48:02.538 [main] DEBUG org.hibernate.cfg.annotations.SimpleValueBinder - building SimpleValue for price
17:48:02.538 [main] TRACE org.hibernate.engine.jdbc.env.internal.NormalizingIdentifierHelperImpl - Normalizing identifier quoting [price]
17:48:02.539 [main] DEBUG org.hibernate.cfg.annotations.PropertyBinder - Building property price
17:48:02.539 [main] TRACE org.hibernate.cfg.annotations.PropertyBinder - Cascading price with null
17:48:02.539 [main] TRACE org.hibernate.cfg.AnnotationBinder - Processing annotations of com.soft.entity.ResistorEntity.producer
17:48:02.539 [main] TRACE org.hibernate.engine.jdbc.env.internal.NormalizingIdentifierHelperImpl - Normalizing identifier quoting [producer]
17:48:02.540 [main] TRACE org.hibernate.engine.jdbc.env.internal.NormalizingIdentifierHelperImpl - Normalizing identifier quoting [producer]
17:48:02.540 [main] DEBUG org.hibernate.cfg.Ejb3Column - Binding column: Ejb3Column{table=org.hibernate.mapping.Table(resistor), mappingColumn=producer, insertable=true, updatable=true, unique=false}
17:48:02.540 [main] DEBUG org.hibernate.cfg.annotations.PropertyBinder - MetadataSourceProcessor property producer with lazy=false
17:48:02.540 [main] DEBUG org.hibernate.cfg.AbstractPropertyHolder - Attempting to locate auto-apply AttributeConverter for property [com.soft.entity.ResistorEntity:producer]
17:48:02.540 [main] DEBUG org.hibernate.cfg.annotations.SimpleValueBinder - building SimpleValue for producer
17:48:02.540 [main] TRACE org.hibernate.engine.jdbc.env.internal.NormalizingIdentifierHelperImpl - Normalizing identifier quoting [producer]
17:48:02.541 [main] DEBUG org.hibernate.cfg.annotations.PropertyBinder - Building property producer
17:48:02.541 [main] TRACE org.hibernate.cfg.annotations.PropertyBinder - Cascading producer with null
17:48:02.541 [main] TRACE org.hibernate.cfg.AnnotationBinder - Processing annotations of com.soft.entity.ResistorEntity.quantity
17:48:02.541 [main] TRACE org.hibernate.engine.jdbc.env.internal.NormalizingIdentifierHelperImpl - Normalizing identifier quoting [quantity]
17:48:02.541 [main] TRACE org.hibernate.engine.jdbc.env.internal.NormalizingIdentifierHelperImpl - Normalizing identifier quoting [quantity]
17:48:02.541 [main] DEBUG org.hibernate.cfg.Ejb3Column - Binding column: Ejb3Column{table=org.hibernate.mapping.Table(resistor), mappingColumn=quantity, insertable=true, updatable=true, unique=false}
17:48:02.541 [main] DEBUG org.hibernate.cfg.annotations.PropertyBinder - MetadataSourceProcessor property quantity with lazy=false
17:48:02.541 [main] DEBUG org.hibernate.cfg.AbstractPropertyHolder - Attempting to locate auto-apply AttributeConverter for property [com.soft.entity.ResistorEntity:quantity]
17:48:02.541 [main] DEBUG org.hibernate.cfg.annotations.SimpleValueBinder - building SimpleValue for quantity
17:48:02.541 [main] TRACE org.hibernate.engine.jdbc.env.internal.NormalizingIdentifierHelperImpl - Normalizing identifier quoting [quantity]
17:48:02.541 [main] DEBUG org.hibernate.cfg.annotations.PropertyBinder - Building property quantity
17:48:02.541 [main] TRACE org.hibernate.cfg.annotations.PropertyBinder - Cascading quantity with null
17:48:02.542 [main] TRACE org.hibernate.cfg.AnnotationBinder - Processing annotations of com.soft.entity.ResistorEntity.rPackage
17:48:02.542 [main] TRACE org.hibernate.engine.jdbc.env.internal.NormalizingIdentifierHelperImpl - Normalizing identifier quoting [package]
17:48:02.542 [main] TRACE org.hibernate.engine.jdbc.env.internal.NormalizingIdentifierHelperImpl - Normalizing identifier quoting [package]
17:48:02.542 [main] DEBUG org.hibernate.cfg.Ejb3Column - Binding column: Ejb3Column{table=org.hibernate.mapping.Table(resistor), mappingColumn=package, insertable=true, updatable=true, unique=false}
17:48:02.542 [main] DEBUG org.hibernate.cfg.annotations.PropertyBinder - MetadataSourceProcessor property rPackage with lazy=false
17:48:02.542 [main] DEBUG org.hibernate.cfg.AbstractPropertyHolder - Attempting to locate auto-apply AttributeConverter for property [com.soft.entity.ResistorEntity:rPackage]
17:48:02.542 [main] DEBUG org.hibernate.cfg.annotations.SimpleValueBinder - building SimpleValue for rPackage
17:48:02.542 [main] TRACE org.hibernate.engine.jdbc.env.internal.NormalizingIdentifierHelperImpl - Normalizing identifier quoting [package]
17:48:02.542 [main] DEBUG org.hibernate.cfg.annotations.PropertyBinder - Building property rPackage
17:48:02.542 [main] TRACE org.hibernate.cfg.annotations.PropertyBinder - Cascading rPackage with null
17:48:02.542 [main] TRACE org.hibernate.cfg.AnnotationBinder - Processing annotations of com.soft.entity.ResistorEntity.rPrecision
17:48:02.542 [main] TRACE org.hibernate.engine.jdbc.env.internal.NormalizingIdentifierHelperImpl - Normalizing identifier quoting [r_precision]
17:48:02.543 [main] TRACE org.hibernate.engine.jdbc.env.internal.NormalizingIdentifierHelperImpl - Normalizing identifier quoting [r_precision]
17:48:02.543 [main] DEBUG org.hibernate.cfg.Ejb3Column - Binding column: Ejb3Column{table=org.hibernate.mapping.Table(resistor), mappingColumn=r_precision, insertable=true, updatable=true, unique=false}
17:48:02.543 [main] DEBUG org.hibernate.cfg.annotations.PropertyBinder - MetadataSourceProcessor property rPrecision with lazy=false
17:48:02.543 [main] DEBUG org.hibernate.cfg.AbstractPropertyHolder - Attempting to locate auto-apply AttributeConverter for property [com.soft.entity.ResistorEntity:rPrecision]
17:48:02.543 [main] DEBUG org.hibernate.cfg.annotations.SimpleValueBinder - building SimpleValue for rPrecision
17:48:02.543 [main] TRACE org.hibernate.engine.jdbc.env.internal.NormalizingIdentifierHelperImpl - Normalizing identifier quoting [r_precision]
17:48:02.543 [main] DEBUG org.hibernate.cfg.annotations.PropertyBinder - Building property rPrecision
17:48:02.543 [main] TRACE org.hibernate.cfg.annotations.PropertyBinder - Cascading rPrecision with null
17:48:02.543 [main] DEBUG org.hibernate.cfg.AnnotationBinder - Binding entity from annotated class: com.soft.entity.TransistorEntity
17:48:02.549 [main] TRACE org.hibernate.engine.jdbc.env.internal.NormalizingIdentifierHelperImpl - Normalizing identifier quoting [DTYPE]
17:48:02.550 [main] DEBUG org.hibernate.cfg.Ejb3Column - Binding column: Ejb3DiscriminatorColumn{logicalColumnName'DTYPE', discriminatorTypeName='string'}
17:48:02.554 [main] DEBUG org.hibernate.cfg.annotations.EntityBinder - Import with entity name TransistorEntity
17:48:02.554 [main] TRACE org.hibernate.boot.internal.InFlightMetadataCollectorImpl - Import: TransistorEntity -> com.soft.entity.TransistorEntity
17:48:02.554 [main] TRACE org.hibernate.boot.internal.InFlightMetadataCollectorImpl - Import: com.soft.entity.TransistorEntity -> com.soft.entity.TransistorEntity
17:48:02.555 [main] TRACE org.hibernate.engine.jdbc.env.internal.NormalizingIdentifierHelperImpl - Normalizing identifier quoting [transistor]
17:48:02.555 [main] TRACE org.hibernate.engine.jdbc.env.internal.NormalizingIdentifierHelperImpl - Normalizing identifier quoting [transistor]
17:48:02.555 [main] DEBUG org.hibernate.cfg.annotations.EntityBinder - Bind entity com.soft.entity.TransistorEntity on table transistor
17:48:02.556 [main] TRACE org.hibernate.cfg.AnnotationBinder - Processing annotations of com.soft.entity.TransistorEntity.id
17:48:02.556 [main] TRACE org.hibernate.engine.jdbc.env.internal.NormalizingIdentifierHelperImpl - Normalizing identifier quoting [transistor_id]
17:48:02.556 [main] TRACE org.hibernate.engine.jdbc.env.internal.NormalizingIdentifierHelperImpl - Normalizing identifier quoting [transistor_id]
17:48:02.556 [main] DEBUG org.hibernate.cfg.Ejb3Column - Binding column: Ejb3Column{table=org.hibernate.mapping.Table(transistor), mappingColumn=transistor_id, insertable=true, updatable=true, unique=false}
17:48:02.557 [main] DEBUG org.hibernate.cfg.annotations.PropertyBinder - MetadataSourceProcessor property id with lazy=false
17:48:02.557 [main] DEBUG org.hibernate.cfg.AbstractPropertyHolder - Attempting to locate auto-apply AttributeConverter for property [com.soft.entity.TransistorEntity:id]
17:48:02.557 [main] DEBUG org.hibernate.cfg.annotations.SimpleValueBinder - building SimpleValue for id
17:48:02.557 [main] TRACE org.hibernate.engine.jdbc.env.internal.NormalizingIdentifierHelperImpl - Normalizing identifier quoting [transistor_id]
17:48:02.557 [main] DEBUG org.hibernate.cfg.annotations.PropertyBinder - Building property id
17:48:02.557 [main] TRACE org.hibernate.cfg.annotations.PropertyBinder - Cascading id with null
17:48:02.557 [main] TRACE org.hibernate.cfg.AnnotationBinder - Add generic generator with name: increment
17:48:02.557 [main] TRACE org.hibernate.cfg.AnnotationBinder - Bind @Id on id
17:48:02.557 [main] TRACE org.hibernate.cfg.AnnotationBinder - Processing annotations of com.soft.entity.TransistorEntity.category
17:48:02.558 [main] TRACE org.hibernate.engine.jdbc.env.internal.NormalizingIdentifierHelperImpl - Normalizing identifier quoting [category]
17:48:02.558 [main] TRACE org.hibernate.engine.jdbc.env.internal.NormalizingIdentifierHelperImpl - Normalizing identifier quoting [category]
17:48:02.558 [main] DEBUG org.hibernate.cfg.Ejb3Column - Binding column: Ejb3Column{table=org.hibernate.mapping.Table(transistor), mappingColumn=category, insertable=true, updatable=true, unique=false}
17:48:02.558 [main] DEBUG org.hibernate.cfg.annotations.PropertyBinder - MetadataSourceProcessor property category with lazy=false
17:48:02.558 [main] DEBUG org.hibernate.cfg.AbstractPropertyHolder - Attempting to locate auto-apply AttributeConverter for property [com.soft.entity.TransistorEntity:category]
17:48:02.559 [main] DEBUG org.hibernate.cfg.annotations.SimpleValueBinder - building SimpleValue for category
17:48:02.559 [main] TRACE org.hibernate.engine.jdbc.env.internal.NormalizingIdentifierHelperImpl - Normalizing identifier quoting [category]
17:48:02.559 [main] DEBUG org.hibernate.cfg.annotations.PropertyBinder - Building property category
17:48:02.559 [main] TRACE org.hibernate.cfg.annotations.PropertyBinder - Cascading category with null
17:48:02.559 [main] TRACE org.hibernate.cfg.AnnotationBinder - Processing annotations of com.soft.entity.TransistorEntity.conductanceType
17:48:02.559 [main] TRACE org.hibernate.engine.jdbc.env.internal.NormalizingIdentifierHelperImpl - Normalizing identifier quoting [conductunce_type]
17:48:02.559 [main] TRACE org.hibernate.engine.jdbc.env.internal.NormalizingIdentifierHelperImpl - Normalizing identifier quoting [conductunce_type]
17:48:02.559 [main] DEBUG org.hibernate.cfg.Ejb3Column - Binding column: Ejb3Column{table=org.hibernate.mapping.Table(transistor), mappingColumn=conductunce_type, insertable=true, updatable=true, unique=false}
17:48:02.559 [main] DEBUG org.hibernate.cfg.annotations.PropertyBinder - MetadataSourceProcessor property conductanceType with lazy=false
17:48:02.559 [main] DEBUG org.hibernate.cfg.AbstractPropertyHolder - Attempting to locate auto-apply AttributeConverter for property [com.soft.entity.TransistorEntity:conductanceType]
17:48:02.559 [main] DEBUG org.hibernate.cfg.annotations.SimpleValueBinder - building SimpleValue for conductanceType
17:48:02.559 [main] TRACE org.hibernate.engine.jdbc.env.internal.NormalizingIdentifierHelperImpl - Normalizing identifier quoting [conductunce_type]
17:48:02.559 [main] DEBUG org.hibernate.cfg.annotations.PropertyBinder - Building property conductanceType
17:48:02.559 [main] TRACE org.hibernate.cfg.annotations.PropertyBinder - Cascading conductanceType with null
17:48:02.559 [main] TRACE org.hibernate.cfg.AnnotationBinder - Processing annotations of com.soft.entity.TransistorEntity.description
17:48:02.560 [main] TRACE org.hibernate.engine.jdbc.env.internal.NormalizingIdentifierHelperImpl - Normalizing identifier quoting [description]
17:48:02.560 [main] TRACE org.hibernate.engine.jdbc.env.internal.NormalizingIdentifierHelperImpl - Normalizing identifier quoting [description]
17:48:02.560 [main] DEBUG org.hibernate.cfg.Ejb3Column - Binding column: Ejb3Column{table=org.hibernate.mapping.Table(transistor), mappingColumn=description, insertable=true, updatable=true, unique=false}
17:48:02.560 [main] DEBUG org.hibernate.cfg.annotations.PropertyBinder - MetadataSourceProcessor property description with lazy=false
17:48:02.560 [main] DEBUG org.hibernate.cfg.AbstractPropertyHolder - Attempting to locate auto-apply AttributeConverter for property [com.soft.entity.TransistorEntity:description]
17:48:02.560 [main] DEBUG org.hibernate.cfg.annotations.SimpleValueBinder - building SimpleValue for description
17:48:02.560 [main] TRACE org.hibernate.engine.jdbc.env.internal.NormalizingIdentifierHelperImpl - Normalizing identifier quoting [description]
17:48:02.560 [main] DEBUG org.hibernate.cfg.annotations.PropertyBinder - Building property description
17:48:02.561 [main] TRACE org.hibernate.cfg.annotations.PropertyBinder - Cascading description with null
17:48:02.561 [main] TRACE org.hibernate.cfg.AnnotationBinder - Processing annotations of com.soft.entity.TransistorEntity.gain
17:48:02.562 [main] TRACE org.hibernate.engine.jdbc.env.internal.NormalizingIdentifierHelperImpl - Normalizing identifier quoting [gain]
17:48:02.562 [main] TRACE org.hibernate.engine.jdbc.env.internal.NormalizingIdentifierHelperImpl - Normalizing identifier quoting [gain]
17:48:02.562 [main] DEBUG org.hibernate.cfg.Ejb3Column - Binding column: Ejb3Column{table=org.hibernate.mapping.Table(transistor), mappingColumn=gain, insertable=true, updatable=true, unique=false}
17:48:02.562 [main] DEBUG org.hibernate.cfg.annotations.PropertyBinder - MetadataSourceProcessor property gain with lazy=false
17:48:02.562 [main] DEBUG org.hibernate.cfg.AbstractPropertyHolder - Attempting to locate auto-apply AttributeConverter for property [com.soft.entity.TransistorEntity:gain]
17:48:02.562 [main] DEBUG org.hibernate.cfg.annotations.SimpleValueBinder - building SimpleValue for gain
17:48:02.562 [main] TRACE org.hibernate.engine.jdbc.env.internal.NormalizingIdentifierHelperImpl - Normalizing identifier quoting [gain]
17:48:02.563 [main] DEBUG org.hibernate.cfg.annotations.PropertyBinder - Building property gain
17:48:02.563 [main] TRACE org.hibernate.cfg.annotations.PropertyBinder - Cascading gain with null
17:48:02.563 [main] TRACE org.hibernate.cfg.AnnotationBinder - Processing annotations of com.soft.entity.TransistorEntity.maxCurrent
17:48:02.563 [main] TRACE org.hibernate.engine.jdbc.env.internal.NormalizingIdentifierHelperImpl - Normalizing identifier quoting [max_current]
17:48:02.563 [main] TRACE org.hibernate.engine.jdbc.env.internal.NormalizingIdentifierHelperImpl - Normalizing identifier quoting [max_current]
17:48:02.563 [main] DEBUG org.hibernate.cfg.Ejb3Column - Binding column: Ejb3Column{table=org.hibernate.mapping.Table(transistor), mappingColumn=max_current, insertable=true, updatable=true, unique=false}
17:48:02.563 [main] DEBUG org.hibernate.cfg.annotations.PropertyBinder - MetadataSourceProcessor property maxCurrent with lazy=false
17:48:02.563 [main] DEBUG org.hibernate.cfg.AbstractPropertyHolder - Attempting to locate auto-apply AttributeConverter for property [com.soft.entity.TransistorEntity:maxCurrent]
17:48:02.563 [main] DEBUG org.hibernate.cfg.annotations.SimpleValueBinder - building SimpleValue for maxCurrent
17:48:02.563 [main] TRACE org.hibernate.engine.jdbc.env.internal.NormalizingIdentifierHelperImpl - Normalizing identifier quoting [max_current]
17:48:02.563 [main] DEBUG org.hibernate.cfg.annotations.PropertyBinder - Building property maxCurrent
17:48:02.563 [main] TRACE org.hibernate.cfg.annotations.PropertyBinder - Cascading maxCurrent with null
17:48:02.563 [main] TRACE org.hibernate.cfg.AnnotationBinder - Processing annotations of com.soft.entity.TransistorEntity.maxCurrentUnit
17:48:02.563 [main] TRACE org.hibernate.engine.jdbc.env.internal.NormalizingIdentifierHelperImpl - Normalizing identifier quoting [max_current_unit]
17:48:02.563 [main] TRACE org.hibernate.engine.jdbc.env.internal.NormalizingIdentifierHelperImpl - Normalizing identifier quoting [max_current_unit]
17:48:02.563 [main] DEBUG org.hibernate.cfg.Ejb3Column - Binding column: Ejb3Column{table=org.hibernate.mapping.Table(transistor), mappingColumn=max_current_unit, insertable=true, updatable=true, unique=false}
17:48:02.563 [main] DEBUG org.hibernate.cfg.annotations.PropertyBinder - MetadataSourceProcessor property maxCurrentUnit with lazy=false
17:48:02.563 [main] DEBUG org.hibernate.cfg.AbstractPropertyHolder - Attempting to locate auto-apply AttributeConverter for property [com.soft.entity.TransistorEntity:maxCurrentUnit]
17:48:02.563 [main] DEBUG org.hibernate.cfg.annotations.SimpleValueBinder - building SimpleValue for maxCurrentUnit
17:48:02.564 [main] TRACE org.hibernate.engine.jdbc.env.internal.NormalizingIdentifierHelperImpl - Normalizing identifier quoting [max_current_unit]
17:48:02.564 [main] DEBUG org.hibernate.cfg.annotations.PropertyBinder - Building property maxCurrentUnit
17:48:02.564 [main] TRACE org.hibernate.cfg.annotations.PropertyBinder - Cascading maxCurrentUnit with null
17:48:02.564 [main] TRACE org.hibernate.cfg.AnnotationBinder - Processing annotations of com.soft.entity.TransistorEntity.name
17:48:02.564 [main] TRACE org.hibernate.engine.jdbc.env.internal.NormalizingIdentifierHelperImpl - Normalizing identifier quoting [name]
17:48:02.564 [main] TRACE org.hibernate.engine.jdbc.env.internal.NormalizingIdentifierHelperImpl - Normalizing identifier quoting [name]
17:48:02.564 [main] DEBUG org.hibernate.cfg.Ejb3Column - Binding column: Ejb3Column{table=org.hibernate.mapping.Table(transistor), mappingColumn=name, insertable=true, updatable=true, unique=false}
17:48:02.564 [main] DEBUG org.hibernate.cfg.annotations.PropertyBinder - MetadataSourceProcessor property name with lazy=false
17:48:02.564 [main] DEBUG org.hibernate.cfg.AbstractPropertyHolder - Attempting to locate auto-apply AttributeConverter for property [com.soft.entity.TransistorEntity:name]
17:48:02.564 [main] DEBUG org.hibernate.cfg.annotations.SimpleValueBinder - building SimpleValue for name
17:48:02.564 [main] TRACE org.hibernate.engine.jdbc.env.internal.NormalizingIdentifierHelperImpl - Normalizing identifier quoting [name]
17:48:02.564 [main] DEBUG org.hibernate.cfg.annotations.PropertyBinder - Building property name
17:48:02.564 [main] TRACE org.hibernate.cfg.annotations.PropertyBinder - Cascading name with null
17:48:02.564 [main] TRACE org.hibernate.cfg.AnnotationBinder - Processing annotations of com.soft.entity.TransistorEntity.photo
17:48:02.564 [main] TRACE org.hibernate.engine.jdbc.env.internal.NormalizingIdentifierHelperImpl - Normalizing identifier quoting [photo]
17:48:02.564 [main] TRACE org.hibernate.engine.jdbc.env.internal.NormalizingIdentifierHelperImpl - Normalizing identifier quoting [photo]
17:48:02.564 [main] DEBUG org.hibernate.cfg.Ejb3Column - Binding column: Ejb3Column{table=org.hibernate.mapping.Table(transistor), mappingColumn=photo, insertable=true, updatable=true, unique=false}
17:48:02.564 [main] DEBUG org.hibernate.cfg.annotations.PropertyBinder - MetadataSourceProcessor property photo with lazy=false
17:48:02.564 [main] DEBUG org.hibernate.cfg.AbstractPropertyHolder - Attempting to locate auto-apply AttributeConverter for property [com.soft.entity.TransistorEntity:photo]
17:48:02.564 [main] DEBUG org.hibernate.cfg.annotations.SimpleValueBinder - building SimpleValue for photo
17:48:02.565 [main] TRACE org.hibernate.engine.jdbc.env.internal.NormalizingIdentifierHelperImpl - Normalizing identifier quoting [photo]
17:48:02.565 [main] DEBUG org.hibernate.cfg.annotations.PropertyBinder - Building property photo
17:48:02.565 [main] TRACE org.hibernate.cfg.annotations.PropertyBinder - Cascading photo with null
17:48:02.565 [main] TRACE org.hibernate.cfg.AnnotationBinder - Processing annotations of com.soft.entity.TransistorEntity.price
17:48:02.565 [main] TRACE org.hibernate.engine.jdbc.env.internal.NormalizingIdentifierHelperImpl - Normalizing identifier quoting [price]
17:48:02.565 [main] TRACE org.hibernate.engine.jdbc.env.internal.NormalizingIdentifierHelperImpl - Normalizing identifier quoting [price]
17:48:02.565 [main] DEBUG org.hibernate.cfg.Ejb3Column - Binding column: Ejb3Column{table=org.hibernate.mapping.Table(transistor), mappingColumn=price, insertable=true, updatable=true, unique=false}
17:48:02.565 [main] DEBUG org.hibernate.cfg.annotations.PropertyBinder - MetadataSourceProcessor property price with lazy=false
17:48:02.565 [main] DEBUG org.hibernate.cfg.AbstractPropertyHolder - Attempting to locate auto-apply AttributeConverter for property [com.soft.entity.TransistorEntity:price]
17:48:02.565 [main] DEBUG org.hibernate.cfg.annotations.SimpleValueBinder - building SimpleValue for price
17:48:02.565 [main] TRACE org.hibernate.engine.jdbc.env.internal.NormalizingIdentifierHelperImpl - Normalizing identifier quoting [price]
17:48:02.565 [main] DEBUG org.hibernate.cfg.annotations.PropertyBinder - Building property price
17:48:02.565 [main] TRACE org.hibernate.cfg.annotations.PropertyBinder - Cascading price with null
17:48:02.565 [main] TRACE org.hibernate.cfg.AnnotationBinder - Processing annotations of com.soft.entity.TransistorEntity.producer
17:48:02.565 [main] TRACE org.hibernate.engine.jdbc.env.internal.NormalizingIdentifierHelperImpl - Normalizing identifier quoting [producer]
17:48:02.565 [main] TRACE org.hibernate.engine.jdbc.env.internal.NormalizingIdentifierHelperImpl - Normalizing identifier quoting [producer]
17:48:02.565 [main] DEBUG org.hibernate.cfg.Ejb3Column - Binding column: Ejb3Column{table=org.hibernate.mapping.Table(transistor), mappingColumn=producer, insertable=true, updatable=true, unique=false}
17:48:02.565 [main] DEBUG org.hibernate.cfg.annotations.PropertyBinder - MetadataSourceProcessor property producer with lazy=false
17:48:02.565 [main] DEBUG org.hibernate.cfg.AbstractPropertyHolder - Attempting to locate auto-apply AttributeConverter for property [com.soft.entity.TransistorEntity:producer]
17:48:02.565 [main] DEBUG org.hibernate.cfg.annotations.SimpleValueBinder - building SimpleValue for producer
17:48:02.565 [main] TRACE org.hibernate.engine.jdbc.env.internal.NormalizingIdentifierHelperImpl - Normalizing identifier quoting [producer]
17:48:02.565 [main] DEBUG org.hibernate.cfg.annotations.PropertyBinder - Building property producer
17:48:02.565 [main] TRACE org.hibernate.cfg.annotations.PropertyBinder - Cascading producer with null
17:48:02.566 [main] TRACE org.hibernate.cfg.AnnotationBinder - Processing annotations of com.soft.entity.TransistorEntity.quantity
17:48:02.566 [main] TRACE org.hibernate.engine.jdbc.env.internal.NormalizingIdentifierHelperImpl - Normalizing identifier quoting [quantity]
17:48:02.566 [main] TRACE org.hibernate.engine.jdbc.env.internal.NormalizingIdentifierHelperImpl - Normalizing identifier quoting [quantity]
17:48:02.566 [main] DEBUG org.hibernate.cfg.Ejb3Column - Binding column: Ejb3Column{table=org.hibernate.mapping.Table(transistor), mappingColumn=quantity, insertable=true, updatable=true, unique=false}
17:48:02.566 [main] DEBUG org.hibernate.cfg.annotations.PropertyBinder - MetadataSourceProcessor property quantity with lazy=false
17:48:02.566 [main] DEBUG org.hibernate.cfg.AbstractPropertyHolder - Attempting to locate auto-apply AttributeConverter for property [com.soft.entity.TransistorEntity:quantity]
17:48:02.566 [main] DEBUG org.hibernate.cfg.annotations.SimpleValueBinder - building SimpleValue for quantity
17:48:02.566 [main] TRACE org.hibernate.engine.jdbc.env.internal.NormalizingIdentifierHelperImpl - Normalizing identifier quoting [quantity]
17:48:02.567 [main] DEBUG org.hibernate.cfg.annotations.PropertyBinder - Building property quantity
17:48:02.567 [main] TRACE org.hibernate.cfg.annotations.PropertyBinder - Cascading quantity with null
17:48:02.567 [main] TRACE org.hibernate.cfg.AnnotationBinder - Processing annotations of com.soft.entity.TransistorEntity.tPackage
17:48:02.567 [main] TRACE org.hibernate.engine.jdbc.env.internal.NormalizingIdentifierHelperImpl - Normalizing identifier quoting [package]
17:48:02.567 [main] TRACE org.hibernate.engine.jdbc.env.internal.NormalizingIdentifierHelperImpl - Normalizing identifier quoting [package]
17:48:02.567 [main] DEBUG org.hibernate.cfg.Ejb3Column - Binding column: Ejb3Column{table=org.hibernate.mapping.Table(transistor), mappingColumn=package, insertable=true, updatable=true, unique=false}
17:48:02.567 [main] DEBUG org.hibernate.cfg.annotations.PropertyBinder - MetadataSourceProcessor property tPackage with lazy=false
17:48:02.567 [main] DEBUG org.hibernate.cfg.AbstractPropertyHolder - Attempting to locate auto-apply AttributeConverter for property [com.soft.entity.TransistorEntity:tPackage]
17:48:02.567 [main] DEBUG org.hibernate.cfg.annotations.SimpleValueBinder - building SimpleValue for tPackage
17:48:02.567 [main] TRACE org.hibernate.engine.jdbc.env.internal.NormalizingIdentifierHelperImpl - Normalizing identifier quoting [package]
17:48:02.567 [main] DEBUG org.hibernate.cfg.annotations.PropertyBinder - Building property tPackage
17:48:02.567 [main] TRACE org.hibernate.cfg.annotations.PropertyBinder - Cascading tPackage with null
17:48:02.567 [main] DEBUG org.hibernate.cfg.AnnotationBinder - Binding entity from annotated class: com.soft.entity.person
17:48:02.567 [main] TRACE org.hibernate.engine.jdbc.env.internal.NormalizingIdentifierHelperImpl - Normalizing identifier quoting [DTYPE]
17:48:02.567 [main] DEBUG org.hibernate.cfg.Ejb3Column - Binding column: Ejb3DiscriminatorColumn{logicalColumnName'DTYPE', discriminatorTypeName='string'}
17:48:02.567 [main] DEBUG org.hibernate.cfg.annotations.EntityBinder - Import with entity name person
17:48:02.567 [main] TRACE org.hibernate.boot.internal.InFlightMetadataCollectorImpl - Import: person -> com.soft.entity.person
17:48:02.567 [main] TRACE org.hibernate.boot.internal.InFlightMetadataCollectorImpl - Import: com.soft.entity.person -> com.soft.entity.person
17:48:02.567 [main] TRACE org.hibernate.engine.jdbc.env.internal.NormalizingIdentifierHelperImpl - Normalizing identifier quoting [PERSON]
17:48:02.567 [main] TRACE org.hibernate.engine.jdbc.env.internal.NormalizingIdentifierHelperImpl - Normalizing identifier quoting [PERSON]
17:48:02.567 [main] DEBUG org.hibernate.cfg.annotations.EntityBinder - Bind entity com.soft.entity.person on table PERSON
17:48:02.568 [main] TRACE org.hibernate.cfg.AnnotationBinder - Processing annotations of com.soft.entity.person.id
17:48:02.568 [main] TRACE org.hibernate.engine.jdbc.env.internal.NormalizingIdentifierHelperImpl - Normalizing identifier quoting [id]
17:48:02.568 [main] TRACE org.hibernate.engine.jdbc.env.internal.NormalizingIdentifierHelperImpl - Normalizing identifier quoting [id]
17:48:02.568 [main] DEBUG org.hibernate.cfg.Ejb3Column - Binding column: Ejb3Column{table=org.hibernate.mapping.Table(PERSON), mappingColumn=id, insertable=true, updatable=true, unique=false}
17:48:02.568 [main] DEBUG org.hibernate.cfg.annotations.PropertyBinder - MetadataSourceProcessor property id with lazy=false
17:48:02.568 [main] DEBUG org.hibernate.cfg.AbstractPropertyHolder - Attempting to locate auto-apply AttributeConverter for property [com.soft.entity.person:id]
17:48:02.568 [main] DEBUG org.hibernate.cfg.annotations.SimpleValueBinder - building SimpleValue for id
17:48:02.568 [main] TRACE org.hibernate.engine.jdbc.env.internal.NormalizingIdentifierHelperImpl - Normalizing identifier quoting [id]
17:48:02.568 [main] DEBUG org.hibernate.cfg.annotations.PropertyBinder - Building property id
17:48:02.568 [main] TRACE org.hibernate.cfg.annotations.PropertyBinder - Cascading id with null
17:48:02.568 [main] TRACE org.hibernate.cfg.AnnotationBinder - Add generic generator with name: increment
17:48:02.568 [main] TRACE org.hibernate.cfg.AnnotationBinder - Bind @Id on id
17:48:02.569 [main] TRACE org.hibernate.cfg.AnnotationBinder - Processing annotations of com.soft.entity.person.surname
17:48:02.570 [main] TRACE org.hibernate.engine.jdbc.env.internal.NormalizingIdentifierHelperImpl - Normalizing identifier quoting [surname]
17:48:02.570 [main] TRACE org.hibernate.engine.jdbc.env.internal.NormalizingIdentifierHelperImpl - Normalizing identifier quoting [surname]
17:48:02.570 [main] DEBUG org.hibernate.cfg.Ejb3Column - Binding column: Ejb3Column{table=org.hibernate.mapping.Table(PERSON), mappingColumn=surname, insertable=true, updatable=true, unique=false}
17:48:02.570 [main] DEBUG org.hibernate.cfg.annotations.PropertyBinder - MetadataSourceProcessor property surname with lazy=false
17:48:02.570 [main] DEBUG org.hibernate.cfg.AbstractPropertyHolder - Attempting to locate auto-apply AttributeConverter for property [com.soft.entity.person:surname]
17:48:02.570 [main] DEBUG org.hibernate.cfg.annotations.SimpleValueBinder - building SimpleValue for surname
17:48:02.570 [main] TRACE org.hibernate.engine.jdbc.env.internal.NormalizingIdentifierHelperImpl - Normalizing identifier quoting [surname]
17:48:02.570 [main] DEBUG org.hibernate.cfg.annotations.PropertyBinder - Building property surname
17:48:02.570 [main] TRACE org.hibernate.cfg.annotations.PropertyBinder - Cascading surname with null
17:48:02.572 [main] DEBUG org.hibernate.cfg.annotations.SimpleValueBinder - Starting fillSimpleValue for id
17:48:02.572 [main] DEBUG org.hibernate.cfg.annotations.SimpleValueBinder - Starting fillSimpleValue for entityName
17:48:02.572 [main] DEBUG org.hibernate.cfg.annotations.SimpleValueBinder - Starting fillSimpleValue for name
17:48:02.572 [main] DEBUG org.hibernate.cfg.annotations.SimpleValueBinder - Starting fillSimpleValue for photo
17:48:02.572 [main] DEBUG org.hibernate.cfg.annotations.SimpleValueBinder - Starting fillSimpleValue for id
17:48:02.572 [main] DEBUG org.hibernate.cfg.annotations.SimpleValueBinder - Starting fillSimpleValue for locale
17:48:02.572 [main] DEBUG org.hibernate.cfg.annotations.SimpleValueBinder - Starting fillSimpleValue for message
17:48:02.572 [main] DEBUG org.hibernate.cfg.annotations.SimpleValueBinder - Starting fillSimpleValue for msgKey
17:48:02.572 [main] DEBUG org.hibernate.cfg.annotations.SimpleValueBinder - Starting fillSimpleValue for id
17:48:02.572 [main] DEBUG org.hibernate.cfg.annotations.SimpleValueBinder - Starting fillSimpleValue for producerCategory
17:48:02.572 [main] DEBUG org.hibernate.cfg.annotations.SimpleValueBinder - Starting fillSimpleValue for producerName
17:48:02.572 [main] DEBUG org.hibernate.cfg.annotations.SimpleValueBinder - Starting fillSimpleValue for id
17:48:02.572 [main] DEBUG org.hibernate.cfg.annotations.SimpleValueBinder - Starting fillSimpleValue for category
17:48:02.572 [main] DEBUG org.hibernate.cfg.annotations.SimpleValueBinder - Starting fillSimpleValue for description
17:48:02.572 [main] DEBUG org.hibernate.cfg.annotations.SimpleValueBinder - Starting fillSimpleValue for name
17:48:02.572 [main] DEBUG org.hibernate.cfg.annotations.SimpleValueBinder - Starting fillSimpleValue for nominal
17:48:02.572 [main] DEBUG org.hibernate.cfg.annotations.SimpleValueBinder - Starting fillSimpleValue for nominalUnit
17:48:02.572 [main] DEBUG org.hibernate.cfg.annotations.SimpleValueBinder - Starting fillSimpleValue for photo
17:48:02.572 [main] DEBUG org.hibernate.cfg.annotations.SimpleValueBinder - Starting fillSimpleValue for power
17:48:02.572 [main] DEBUG org.hibernate.cfg.annotations.SimpleValueBinder - Starting fillSimpleValue for powerUnit
17:48:02.572 [main] DEBUG org.hibernate.cfg.annotations.SimpleValueBinder - Starting fillSimpleValue for price
17:48:02.572 [main] DEBUG org.hibernate.cfg.annotations.SimpleValueBinder - Starting fillSimpleValue for producer
17:48:02.572 [main] DEBUG org.hibernate.cfg.annotations.SimpleValueBinder - Starting fillSimpleValue for quantity
17:48:02.572 [main] DEBUG org.hibernate.cfg.annotations.SimpleValueBinder - Starting fillSimpleValue for rPackage
17:48:02.572 [main] DEBUG org.hibernate.cfg.annotations.SimpleValueBinder - Starting fillSimpleValue for rPrecision
17:48:02.572 [main] DEBUG org.hibernate.cfg.annotations.SimpleValueBinder - Starting fillSimpleValue for id
17:48:02.573 [main] DEBUG org.hibernate.cfg.annotations.SimpleValueBinder - Starting fillSimpleValue for category
17:48:02.573 [main] DEBUG org.hibernate.cfg.annotations.SimpleValueBinder - Starting fillSimpleValue for conductanceType
17:48:02.573 [main] DEBUG org.hibernate.cfg.annotations.SimpleValueBinder - Starting fillSimpleValue for description
17:48:02.573 [main] DEBUG org.hibernate.cfg.annotations.SimpleValueBinder - Starting fillSimpleValue for gain
17:48:02.573 [main] DEBUG org.hibernate.cfg.annotations.SimpleValueBinder - Starting fillSimpleValue for maxCurrent
17:48:02.573 [main] DEBUG org.hibernate.cfg.annotations.SimpleValueBinder - Starting fillSimpleValue for maxCurrentUnit
17:48:02.573 [main] DEBUG org.hibernate.cfg.annotations.SimpleValueBinder - Starting fillSimpleValue for name
17:48:02.573 [main] DEBUG org.hibernate.cfg.annotations.SimpleValueBinder - Starting fillSimpleValue for photo
17:48:02.573 [main] DEBUG org.hibernate.cfg.annotations.SimpleValueBinder - Starting fillSimpleValue for price
17:48:02.573 [main] DEBUG org.hibernate.cfg.annotations.SimpleValueBinder - Starting fillSimpleValue for producer
17:48:02.573 [main] DEBUG org.hibernate.cfg.annotations.SimpleValueBinder - Starting fillSimpleValue for quantity
17:48:02.573 [main] DEBUG org.hibernate.cfg.annotations.SimpleValueBinder - Starting fillSimpleValue for tPackage
17:48:02.573 [main] DEBUG org.hibernate.cfg.annotations.SimpleValueBinder - Starting fillSimpleValue for id
17:48:02.573 [main] DEBUG org.hibernate.cfg.annotations.SimpleValueBinder - Starting fillSimpleValue for surname
17:48:02.574 [main] DEBUG org.hibernate.mapping.PrimaryKey - Forcing column [category_id] to be non-null as it is part of the primary key for table [category]
17:48:02.574 [main] DEBUG org.hibernate.mapping.PrimaryKey - Forcing column [id] to be non-null as it is part of the primary key for table [locale]
17:48:02.574 [main] DEBUG org.hibernate.mapping.PrimaryKey - Forcing column [producer_id] to be non-null as it is part of the primary key for table [producer]
17:48:02.574 [main] DEBUG org.hibernate.mapping.PrimaryKey - Forcing column [resistor_id] to be non-null as it is part of the primary key for table [resistor]
17:48:02.574 [main] DEBUG org.hibernate.mapping.PrimaryKey - Forcing column [transistor_id] to be non-null as it is part of the primary key for table [transistor]
17:48:02.574 [main] DEBUG org.hibernate.mapping.PrimaryKey - Forcing column [id] to be non-null as it is part of the primary key for table [person]
17:48:02.581 [main] TRACE org.hibernate.engine.jdbc.env.internal.NormalizingIdentifierHelperImpl - Normalizing identifier quoting [resistor_id]
17:48:02.581 [main] TRACE org.hibernate.engine.jdbc.env.internal.NormalizingIdentifierHelperImpl - Normalizing identifier quoting [resistor]
17:48:02.581 [main] TRACE org.hibernate.engine.jdbc.env.internal.NormalizingIdentifierHelperImpl - Normalizing identifier quoting [producer_id]
17:48:02.582 [main] TRACE org.hibernate.engine.jdbc.env.internal.NormalizingIdentifierHelperImpl - Normalizing identifier quoting [producer]
17:48:02.582 [main] TRACE org.hibernate.engine.jdbc.env.internal.NormalizingIdentifierHelperImpl - Normalizing identifier quoting [id]
17:48:02.582 [main] TRACE org.hibernate.engine.jdbc.env.internal.NormalizingIdentifierHelperImpl - Normalizing identifier quoting [PERSON]
17:48:02.582 [main] TRACE org.hibernate.engine.jdbc.env.internal.NormalizingIdentifierHelperImpl - Normalizing identifier quoting [transistor_id]
17:48:02.582 [main] TRACE org.hibernate.engine.jdbc.env.internal.NormalizingIdentifierHelperImpl - Normalizing identifier quoting [transistor]
17:48:02.582 [main] TRACE org.hibernate.engine.jdbc.env.internal.NormalizingIdentifierHelperImpl - Normalizing identifier quoting [category_id]
17:48:02.582 [main] TRACE org.hibernate.engine.jdbc.env.internal.NormalizingIdentifierHelperImpl - Normalizing identifier quoting [category]
17:48:02.582 [main] TRACE org.hibernate.engine.jdbc.env.internal.NormalizingIdentifierHelperImpl - Normalizing identifier quoting [ID]
17:48:02.582 [main] TRACE org.hibernate.engine.jdbc.env.internal.NormalizingIdentifierHelperImpl - Normalizing identifier quoting [locale]
17:48:02.597 [main] TRACE org.hibernate.loader.BatchFetchStyle - Interpreting BatchFetchStyle from setting : null
17:48:02.616 [main] DEBUG org.hibernate.internal.SessionFactoryImpl - Building session factory
17:48:02.617 [main] DEBUG org.hibernate.cfg.Settings - SessionFactory name : null
17:48:02.617 [main] DEBUG org.hibernate.cfg.Settings - Automatic flush during beforeCompletion(): enabled
17:48:02.617 [main] DEBUG org.hibernate.cfg.Settings - Automatic session close at end of transaction: disabled
17:48:02.617 [main] DEBUG org.hibernate.cfg.Settings - Statistics: disabled
17:48:02.617 [main] DEBUG org.hibernate.cfg.Settings - Deleted entity synthetic identifier rollback: disabled
17:48:02.617 [main] DEBUG org.hibernate.cfg.Settings - Default entity-mode: pojo
17:48:02.617 [main] DEBUG org.hibernate.cfg.Settings - Check Nullability in Core (should be disabled when Bean Validation is on): enabled
17:48:02.617 [main] DEBUG org.hibernate.cfg.Settings - Allow initialization of lazy state outside session : disabled
17:48:02.617 [main] DEBUG org.hibernate.cfg.Settings - Using BatchFetchStyle : LEGACY
17:48:02.617 [main] DEBUG org.hibernate.cfg.Settings - Default batch fetch size: -1
17:48:02.617 [main] DEBUG org.hibernate.cfg.Settings - Maximum outer join fetch depth: 2
17:48:02.617 [main] DEBUG org.hibernate.cfg.Settings - Default null ordering: NONE
17:48:02.617 [main] DEBUG org.hibernate.cfg.Settings - Order SQL updates by primary key: disabled
17:48:02.617 [main] DEBUG org.hibernate.cfg.Settings - Order SQL inserts for batching: disabled
17:48:02.617 [main] DEBUG org.hibernate.cfg.Settings - multi-tenancy strategy : NONE
17:48:02.617 [main] DEBUG org.hibernate.cfg.Settings - JTA Track by Thread: enabled
17:48:02.617 [main] DEBUG org.hibernate.cfg.Settings - Query language substitutions: {}
17:48:02.617 [main] DEBUG org.hibernate.cfg.Settings - JPA query language strict compliance: disabled
17:48:02.617 [main] DEBUG org.hibernate.cfg.Settings - Named query checking : enabled
17:48:02.617 [main] DEBUG org.hibernate.cfg.Settings - Second-level cache: enabled
17:48:02.617 [main] DEBUG org.hibernate.cfg.Settings - Second-level query cache: enabled
17:48:02.617 [main] DEBUG org.hibernate.cfg.Settings - Second-level query cache factory: org.hibernate.cache.internal.StandardQueryCacheFactory@1f6d27cc
17:48:02.617 [main] DEBUG org.hibernate.cfg.Settings - Second-level cache region prefix: null
17:48:02.617 [main] DEBUG org.hibernate.cfg.Settings - Optimize second-level cache for minimal puts: enabled
17:48:02.617 [main] DEBUG org.hibernate.cfg.Settings - Structured second-level cache entries: disabled
17:48:02.617 [main] DEBUG org.hibernate.cfg.Settings - Second-level cache direct-reference entries: disabled
17:48:02.617 [main] DEBUG org.hibernate.cfg.Settings - Automatic eviction of collection cache: disabled
17:48:02.617 [main] DEBUG org.hibernate.cfg.Settings - JDBC batch size: 15
17:48:02.617 [main] DEBUG org.hibernate.cfg.Settings - JDBC batch updates for versioned data: enabled
17:48:02.618 [main] DEBUG org.hibernate.cfg.Settings - Scrollable result sets: enabled
17:48:02.618 [main] DEBUG org.hibernate.cfg.Settings - Wrap result sets: disabled
17:48:02.618 [main] DEBUG org.hibernate.cfg.Settings - JDBC3 getGeneratedKeys(): enabled
17:48:02.618 [main] DEBUG org.hibernate.cfg.Settings - JDBC result set fetch size: null
17:48:02.618 [main] DEBUG org.hibernate.cfg.Settings - Connection release mode: ON_CLOSE
17:48:02.618 [main] DEBUG org.hibernate.cfg.Settings - Generate SQL with comments: disabled
17:48:02.618 [main] TRACE org.hibernate.service.internal.AbstractServiceRegistryImpl - Initializing service [role=org.hibernate.service.spi.SessionFactoryServiceRegistryFactory]
17:48:02.621 [main] TRACE org.hibernate.service.internal.AbstractServiceRegistryImpl - Initializing service [role=org.hibernate.event.service.spi.EventListenerRegistry]
17:48:02.650 [main] TRACE org.hibernate.service.internal.AbstractServiceRegistryImpl - Initializing service [role=org.hibernate.engine.spi.CacheImplementor]
17:48:02.722 [main] DEBUG org.ehcache.core.internal.service.ServiceLocator - Starting 16 Services...
17:48:02.727 [main] DEBUG org.ehcache.impl.internal.statistics.DefaultStatisticsService - Starting service
17:48:02.728 [main] DEBUG org.ehcache.core.internal.service.ServiceLocator - All Services successfully started, 16 Services in 8ms
17:48:02.729 [main] DEBUG org.ehcache.impl.internal.statistics.DefaultStatisticsService - Moving from UNINITIALIZED to AVAILABLE
17:48:02.729 [main] DEBUG org.ehcache.core.EhcacheManager - Initialize successful.
17:48:02.741 [main] DEBUG org.ehcache.jsr107.ConfigurationMerger - Using default Copier for JSR-107 store-by-value cache org.hibernate.cache.spi.UpdateTimestampsCache
17:48:02.743 [main] DEBUG org.ehcache.core.EhcacheManager - Creating Cache 'org.hibernate.cache.spi.UpdateTimestampsCache' in Eh107InternalCacheManager.
17:48:02.744 [main] DEBUG org.ehcache.impl.internal.spi.serialization.DefaultSerializationProvider - Serializer for <java.lang.Object> : org.ehcache.impl.serialization.PlainJavaSerializer@ca93621
17:48:02.745 [main] DEBUG org.ehcache.impl.internal.spi.serialization.DefaultSerializationProvider - Serializer for <java.lang.Object> : org.ehcache.impl.serialization.PlainJavaSerializer@6dfcffb5
17:48:02.747 [main] DEBUG org.ehcache.impl.internal.spi.copy.DefaultCopyProvider - Copier for <java.lang.Object> : org.ehcache.impl.copy.SerializingCopier@7bca6fac
17:48:02.747 [main] DEBUG org.ehcache.impl.internal.spi.copy.DefaultCopyProvider - Copier for <java.lang.Object> : org.ehcache.impl.copy.SerializingCopier@5c60b0a0
17:48:02.870 [main] TRACE class org.ehcache.core.Ehcache-org.hibernate.cache.spi.UpdateTimestampsCache - Initializing
17:48:02.870 [main] DEBUG class org.ehcache.core.Ehcache-org.hibernate.cache.spi.UpdateTimestampsCache - Initialize successful.
17:48:02.870 [main] DEBUG org.ehcache.impl.internal.statistics.DefaultStatisticsService - Cache added org.hibernate.cache.spi.UpdateTimestampsCache
17:48:02.880 [main] INFO  org.ehcache.core.EhcacheManager - Cache 'org.hibernate.cache.spi.UpdateTimestampsCache' created in Eh107InternalCacheManager.
17:48:02.884 [main] INFO  org.hibernate.cache.spi.UpdateTimestampsCache - HHH000250: Starting update timestamps cache at region: org.hibernate.cache.spi.UpdateTimestampsCache
17:48:02.884 [main] DEBUG org.ehcache.jsr107.ConfigurationMerger - Using default Copier for JSR-107 store-by-value cache org.hibernate.cache.internal.StandardQueryCache
17:48:02.884 [main] DEBUG org.ehcache.core.EhcacheManager - Creating Cache 'org.hibernate.cache.internal.StandardQueryCache' in Eh107InternalCacheManager.
17:48:02.884 [main] DEBUG org.ehcache.impl.internal.spi.serialization.DefaultSerializationProvider - Serializer for <java.lang.Object> : org.ehcache.impl.serialization.PlainJavaSerializer@7cea0110
17:48:02.885 [main] DEBUG org.ehcache.impl.internal.spi.serialization.DefaultSerializationProvider - Serializer for <java.lang.Object> : org.ehcache.impl.serialization.PlainJavaSerializer@468dda3e
17:48:02.885 [main] DEBUG org.ehcache.impl.internal.spi.copy.DefaultCopyProvider - Copier for <java.lang.Object> : org.ehcache.impl.copy.SerializingCopier@5527b211
17:48:02.885 [main] DEBUG org.ehcache.impl.internal.spi.copy.DefaultCopyProvider - Copier for <java.lang.Object> : org.ehcache.impl.copy.SerializingCopier@54cf7c6a
17:48:02.887 [main] TRACE class org.ehcache.core.Ehcache-org.hibernate.cache.internal.StandardQueryCache - Initializing
17:48:02.887 [main] DEBUG class org.ehcache.core.Ehcache-org.hibernate.cache.internal.StandardQueryCache - Initialize successful.
17:48:02.887 [main] DEBUG org.ehcache.impl.internal.statistics.DefaultStatisticsService - Cache added org.hibernate.cache.internal.StandardQueryCache
17:48:02.889 [main] INFO  org.ehcache.core.EhcacheManager - Cache 'org.hibernate.cache.internal.StandardQueryCache' created in Eh107InternalCacheManager.
17:48:02.890 [main] INFO  org.hibernate.cache.internal.StandardQueryCache - HHH000248: Starting query cache at region: org.hibernate.cache.internal.StandardQueryCache
17:48:02.896 [main] TRACE org.hibernate.type.TypeFactory - Scoping types to session factory org.hibernate.internal.SessionFactoryImpl@476ee5b3
17:48:02.897 [main] DEBUG org.hibernate.internal.SessionFactoryImpl - Session factory constructed with filter configurations : {}
17:48:02.897 [main] DEBUG org.hibernate.internal.SessionFactoryImpl - Instantiating session factory with properties: {sun.desktop=gnome, awt.toolkit=sun.awt.X11.XToolkit, file.encoding.pkg=sun.io, java.specification.version=1.8, hibernate.connection.handling_mode=DELAYED_ACQUISITION_AND_HOLD, sun.cpu.isalist=, sun.jnu.encoding=UTF-8, hibernate.dialect=org.hibernate.dialect.MySQL5Dialect, java.class.path=/home/mihail/programs/project_mvn/eShop/eShop_repo/eshop/target/test-classes:/home/mihail/programs/project_mvn/eShop/eShop_repo/eshop/target/classes:/home/mihail/.m2/repository/org/hsqldb/hsqldb/2.5.0/hsqldb-2.5.0.jar:/home/mihail/.m2/repository/org/apache/commons/commons-dbcp2/2.7.0/commons-dbcp2-2.7.0.jar:/home/mihail/.m2/repository/org/apache/commons/commons-pool2/2.7.0/commons-pool2-2.7.0.jar:/home/mihail/.m2/repository/commons-logging/commons-logging/1.2/commons-logging-1.2.jar:/home/mihail/.m2/repository/org/apache/logging/log4j/log4j-api/2.11.1/log4j-api-2.11.1.jar:/home/mihail/.m2/repository/org/apache/logging/log4j/log4j-core/2.11.1/log4j-core-2.11.1.jar:/home/mihail/.m2/repository/org/apache/logging/log4j/log4j-jcl/2.11.1/log4j-jcl-2.11.1.jar:/home/mihail/.m2/repository/org/apache/logging/log4j/log4j-slf4j-impl/2.11.1/log4j-slf4j-impl-2.11.1.jar:/home/mihail/.m2/repository/org/slf4j/slf4j-api/1.7.25/slf4j-api-1.7.25.jar:/home/mihail/.m2/repository/org/apache/logging/log4j/log4j-taglib/2.11.1/log4j-taglib-2.11.1.jar:/home/mihail/.m2/repository/org/junit/jupiter/junit-jupiter/5.6.0/junit-jupiter-5.6.0.jar:/home/mihail/.m2/repository/org/junit/jupiter/junit-jupiter-api/5.6.0/junit-jupiter-api-5.6.0.jar:/home/mihail/.m2/repository/org/apiguardian/apiguardian-api/1.1.0/apiguardian-api-1.1.0.jar:/home/mihail/.m2/repository/org/opentest4j/opentest4j/1.2.0/opentest4j-1.2.0.jar:/home/mihail/.m2/repository/org/junit/platform/junit-platform-commons/1.6.0/junit-platform-commons-1.6.0.jar:/home/mihail/.m2/repository/org/junit/jupiter/junit-jupiter-params/5.6.0/junit-jupiter-params-5.6.0.jar:/home/mihail/.m2/repository/org/junit/jupiter/junit-jupiter-engine/5.6.0/junit-jupiter-engine-5.6.0.jar:/home/mihail/.m2/repository/org/junit/platform/junit-platform-engine/1.6.0/junit-platform-engine-1.6.0.jar:/home/mihail/.m2/repository/org/springframework/spring-core/5.2.0.RELEASE/spring-core-5.2.0.RELEASE.jar:/home/mihail/.m2/repository/org/springframework/spring-jcl/5.2.0.RELEASE/spring-jcl-5.2.0.RELEASE.jar:/home/mihail/.m2/repository/org/springframework/spring-context/5.0.4.RELEASE/spring-context-5.0.4.RELEASE.jar:/home/mihail/.m2/repository/org/springframework/spring-aop/5.0.4.RELEASE/spring-aop-5.0.4.RELEASE.jar:/home/mihail/.m2/repository/org/springframework/spring-beans/5.0.4.RELEASE/spring-beans-5.0.4.RELEASE.jar:/home/mihail/.m2/repository/org/springframework/spring-expression/5.0.4.RELEASE/spring-expression-5.0.4.RELEASE.jar:/home/mihail/.m2/repository/org/springframework/spring-jdbc/5.0.4.RELEASE/spring-jdbc-5.0.4.RELEASE.jar:/home/mihail/.m2/repository/org/springframework/spring-orm/5.0.4.RELEASE/spring-orm-5.0.4.RELEASE.jar:/home/mihail/.m2/repository/org/springframework/spring-web/5.0.4.RELEASE/spring-web-5.0.4.RELEASE.jar:/home/mihail/.m2/repository/org/springframework/spring-webmvc/5.0.4.RELEASE/spring-webmvc-5.0.4.RELEASE.jar:/home/mihail/.m2/repository/org/springframework/spring-websocket/5.0.4.RELEASE/spring-websocket-5.0.4.RELEASE.jar:/home/mihail/.m2/repository/org/springframework/spring-tx/5.0.4.RELEASE/spring-tx-5.0.4.RELEASE.jar:/home/mihail/.m2/repository/org/springframework/spring-context-support/5.0.4.RELEASE/spring-context-support-5.0.4.RELEASE.jar:/home/mihail/.m2/repository/org/springframework/ws/spring-ws-core/3.0.1.RELEASE/spring-ws-core-3.0.1.RELEASE.jar:/home/mihail/.m2/repository/org/springframework/ws/spring-xml/3.0.1.RELEASE/spring-xml-3.0.1.RELEASE.jar:/home/mihail/.m2/repository/org/springframework/spring-oxm/5.0.4.RELEASE/spring-oxm-5.0.4.RELEASE.jar:/home/mihail/.m2/repository/commons-io/commons-io/2.5/commons-io-2.5.jar:/home/mihail/.m2/repository/org/springframework/spring-test/5.2.3.RELEASE/spring-test-5.2.3.RELEASE.jar:/home/mihail/.m2/repository/javax/servlet/javax.servlet-api/3.1.0/javax.servlet-api-3.1.0.jar:/home/mihail/.m2/repository/org/hibernate/hibernate-core/5.2.13.Final/hibernate-core-5.2.13.Final.jar:/home/mihail/.m2/repository/org/jboss/logging/jboss-logging/3.3.1.Final/jboss-logging-3.3.1.Final.jar:/home/mihail/.m2/repository/org/hibernate/javax/persistence/hibernate-jpa-2.1-api/1.0.0.Final/hibernate-jpa-2.1-api-1.0.0.Final.jar:/home/mihail/.m2/repository/org/javassist/javassist/3.22.0-GA/javassist-3.22.0-GA.jar:/home/mihail/.m2/repository/antlr/antlr/2.7.7/antlr-2.7.7.jar:/home/mihail/.m2/repository/org/jboss/spec/javax/transaction/jboss-transaction-api_1.2_spec/1.0.1.Final/jboss-transaction-api_1.2_spec-1.0.1.Final.jar:/home/mihail/.m2/repository/org/jboss/jandex/2.0.3.Final/jandex-2.0.3.Final.jar:/home/mihail/.m2/repository/com/fasterxml/classmate/1.3.0/classmate-1.3.0.jar:/home/mihail/.m2/repository/dom4j/dom4j/1.6.1/dom4j-1.6.1.jar:/home/mihail/.m2/repository/org/hibernate/common/hibernate-commons-annotations/5.0.1.Final/hibernate-commons-annotations-5.0.1.Final.jar:/home/mihail/.m2/repository/org/hibernate/hibernate-jcache/5.2.10.Final/hibernate-jcache-5.2.10.Final.jar:/home/mihail/.m2/repository/javax/cache/cache-api/1.0.0/cache-api-1.0.0.jar:/home/mihail/.m2/repository/org/ehcache/ehcache/3.3.1/ehcache-3.3.1.jar:/home/mihail/.m2/repository/com/fasterxml/jackson/core/jackson-databind/2.9.4/jackson-databind-2.9.4.jar:/home/mihail/.m2/repository/com/fasterxml/jackson/core/jackson-annotations/2.9.0/jackson-annotations-2.9.0.jar:/home/mihail/.m2/repository/com/fasterxml/jackson/core/jackson-core/2.9.4/jackson-core-2.9.4.jar:/home/mihail/.m2/repository/org/thymeleaf/thymeleaf/3.0.9.RELEASE/thymeleaf-3.0.9.RELEASE.jar:/home/mihail/.m2/repository/ognl/ognl/3.1.12/ognl-3.1.12.jar:/home/mihail/.m2/repository/org/attoparser/attoparser/2.0.4.RELEASE/attoparser-2.0.4.RELEASE.jar:/home/mihail/.m2/repository/org/unbescape/unbescape/1.1.5.RELEASE/unbescape-1.1.5.RELEASE.jar:/home/mihail/.m2/repository/org/thymeleaf/thymeleaf-spring5/3.0.9.RELEASE/thymeleaf-spring5-3.0.9.RELEASE.jar:, java.vm.vendor=Oracle Corporation, sun.arch.data.model=64, java.vendor.url=http://java.oracle.com/, user.timezone=Europe/Moscow, os.name=Linux, java.vm.specification.version=1.8, user.country=RU, sun.java.launcher=SUN_STANDARD, sun.boot.library.path=/usr/lib/jvm/jdk-8u211-linux-x64/jdk1.8.0_211/jre/lib/amd64, sun.java.command=/home/mihail/programs/project_mvn/eShop/eShop_repo/eshop/target/surefire/surefirebooter3167066197884326092.jar /home/mihail/programs/project_mvn/eShop/eShop_repo/eshop/target/surefire/surefire1646414820096702256tmp /home/mihail/programs/project_mvn/eShop/eShop_repo/eshop/target/surefire/surefire_03821527523140696497tmp, surefire.test.class.path=/home/mihail/programs/project_mvn/eShop/eShop_repo/eshop/target/test-classes:/home/mihail/programs/project_mvn/eShop/eShop_repo/eshop/target/classes:/home/mihail/.m2/repository/org/hsqldb/hsqldb/2.5.0/hsqldb-2.5.0.jar:/home/mihail/.m2/repository/org/apache/commons/commons-dbcp2/2.7.0/commons-dbcp2-2.7.0.jar:/home/mihail/.m2/repository/org/apache/commons/commons-pool2/2.7.0/commons-pool2-2.7.0.jar:/home/mihail/.m2/repository/commons-logging/commons-logging/1.2/commons-logging-1.2.jar:/home/mihail/.m2/repository/org/apache/logging/log4j/log4j-api/2.11.1/log4j-api-2.11.1.jar:/home/mihail/.m2/repository/org/apache/logging/log4j/log4j-core/2.11.1/log4j-core-2.11.1.jar:/home/mihail/.m2/repository/org/apache/logging/log4j/log4j-jcl/2.11.1/log4j-jcl-2.11.1.jar:/home/mihail/.m2/repository/org/apache/logging/log4j/log4j-slf4j-impl/2.11.1/log4j-slf4j-impl-2.11.1.jar:/home/mihail/.m2/repository/org/slf4j/slf4j-api/1.7.25/slf4j-api-1.7.25.jar:/home/mihail/.m2/repository/org/apache/logging/log4j/log4j-taglib/2.11.1/log4j-taglib-2.11.1.jar:/home/mihail/.m2/repository/org/junit/jupiter/junit-jupiter/5.6.0/junit-jupiter-5.6.0.jar:/home/mihail/.m2/repository/org/junit/jupiter/junit-jupiter-api/5.6.0/junit-jupiter-api-5.6.0.jar:/home/mihail/.m2/repository/org/apiguardian/apiguardian-api/1.1.0/apiguardian-api-1.1.0.jar:/home/mihail/.m2/repository/org/opentest4j/opentest4j/1.2.0/opentest4j-1.2.0.jar:/home/mihail/.m2/repository/org/junit/platform/junit-platform-commons/1.6.0/junit-platform-commons-1.6.0.jar:/home/mihail/.m2/repository/org/junit/jupiter/junit-jupiter-params/5.6.0/junit-jupiter-params-5.6.0.jar:/home/mihail/.m2/repository/org/junit/jupiter/junit-jupiter-engine/5.6.0/junit-jupiter-engine-5.6.0.jar:/home/mihail/.m2/repository/org/junit/platform/junit-platform-engine/1.6.0/junit-platform-engine-1.6.0.jar:/home/mihail/.m2/repository/org/springframework/spring-core/5.2.0.RELEASE/spring-core-5.2.0.RELEASE.jar:/home/mihail/.m2/repository/org/springframework/spring-jcl/5.2.0.RELEASE/spring-jcl-5.2.0.RELEASE.jar:/home/mihail/.m2/repository/org/springframework/spring-context/5.0.4.RELEASE/spring-context-5.0.4.RELEASE.jar:/home/mihail/.m2/repository/org/springframework/spring-aop/5.0.4.RELEASE/spring-aop-5.0.4.RELEASE.jar:/home/mihail/.m2/repository/org/springframework/spring-beans/5.0.4.RELEASE/spring-beans-5.0.4.RELEASE.jar:/home/mihail/.m2/repository/org/springframework/spring-expression/5.0.4.RELEASE/spring-expression-5.0.4.RELEASE.jar:/home/mihail/.m2/repository/org/springframework/spring-jdbc/5.0.4.RELEASE/spring-jdbc-5.0.4.RELEASE.jar:/home/mihail/.m2/repository/org/springframework/spring-orm/5.0.4.RELEASE/spring-orm-5.0.4.RELEASE.jar:/home/mihail/.m2/repository/org/springframework/spring-web/5.0.4.RELEASE/spring-web-5.0.4.RELEASE.jar:/home/mihail/.m2/repository/org/springframework/spring-webmvc/5.0.4.RELEASE/spring-webmvc-5.0.4.RELEASE.jar:/home/mihail/.m2/repository/org/springframework/spring-websocket/5.0.4.RELEASE/spring-websocket-5.0.4.RELEASE.jar:/home/mihail/.m2/repository/org/springframework/spring-tx/5.0.4.RELEASE/spring-tx-5.0.4.RELEASE.jar:/home/mihail/.m2/repository/org/springframework/spring-context-support/5.0.4.RELEASE/spring-context-support-5.0.4.RELEASE.jar:/home/mihail/.m2/repository/org/springframework/ws/spring-ws-core/3.0.1.RELEASE/spring-ws-core-3.0.1.RELEASE.jar:/home/mihail/.m2/repository/org/springframework/ws/spring-xml/3.0.1.RELEASE/spring-xml-3.0.1.RELEASE.jar:/home/mihail/.m2/repository/org/springframework/spring-oxm/5.0.4.RELEASE/spring-oxm-5.0.4.RELEASE.jar:/home/mihail/.m2/repository/commons-io/commons-io/2.5/commons-io-2.5.jar:/home/mihail/.m2/repository/org/springframework/spring-test/5.2.3.RELEASE/spring-test-5.2.3.RELEASE.jar:/home/mihail/.m2/repository/javax/servlet/javax.servlet-api/3.1.0/javax.servlet-api-3.1.0.jar:/home/mihail/.m2/repository/org/hibernate/hibernate-core/5.2.13.Final/hibernate-core-5.2.13.Final.jar:/home/mihail/.m2/repository/org/jboss/logging/jboss-logging/3.3.1.Final/jboss-logging-3.3.1.Final.jar:/home/mihail/.m2/repository/org/hibernate/javax/persistence/hibernate-jpa-2.1-api/1.0.0.Final/hibernate-jpa-2.1-api-1.0.0.Final.jar:/home/mihail/.m2/repository/org/javassist/javassist/3.22.0-GA/javassist-3.22.0-GA.jar:/home/mihail/.m2/repository/antlr/antlr/2.7.7/antlr-2.7.7.jar:/home/mihail/.m2/repository/org/jboss/spec/javax/transaction/jboss-transaction-api_1.2_spec/1.0.1.Final/jboss-transaction-api_1.2_spec-1.0.1.Final.jar:/home/mihail/.m2/repository/org/jboss/jandex/2.0.3.Final/jandex-2.0.3.Final.jar:/home/mihail/.m2/repository/com/fasterxml/classmate/1.3.0/classmate-1.3.0.jar:/home/mihail/.m2/repository/dom4j/dom4j/1.6.1/dom4j-1.6.1.jar:/home/mihail/.m2/repository/org/hibernate/common/hibernate-commons-annotations/5.0.1.Final/hibernate-commons-annotations-5.0.1.Final.jar:/home/mihail/.m2/repository/org/hibernate/hibernate-jcache/5.2.10.Final/hibernate-jcache-5.2.10.Final.jar:/home/mihail/.m2/repository/javax/cache/cache-api/1.0.0/cache-api-1.0.0.jar:/home/mihail/.m2/repository/org/ehcache/ehcache/3.3.1/ehcache-3.3.1.jar:/home/mihail/.m2/repository/com/fasterxml/jackson/core/jackson-databind/2.9.4/jackson-databind-2.9.4.jar:/home/mihail/.m2/repository/com/fasterxml/jackson/core/jackson-annotations/2.9.0/jackson-annotations-2.9.0.jar:/home/mihail/.m2/repository/com/fasterxml/jackson/core/jackson-core/2.9.4/jackson-core-2.9.4.jar:/home/mihail/.m2/repository/org/thymeleaf/thymeleaf/3.0.9.RELEASE/thymeleaf-3.0.9.RELEASE.jar:/home/mihail/.m2/repository/ognl/ognl/3.1.12/ognl-3.1.12.jar:/home/mihail/.m2/repository/org/attoparser/attoparser/2.0.4.RELEASE/attoparser-2.0.4.RELEASE.jar:/home/mihail/.m2/repository/org/unbescape/unbescape/1.1.5.RELEASE/unbescape-1.1.5.RELEASE.jar:/home/mihail/.m2/repository/org/thymeleaf/thymeleaf-spring5/3.0.9.RELEASE/thymeleaf-spring5-3.0.9.RELEASE.jar:, sun.cpu.endian=little, user.home=/home/mihail, user.language=ru, java.specification.vendor=Oracle Corporation, java.home=/usr/lib/jvm/jdk-8u211-linux-x64/jdk1.8.0_211/jre, basedir=/home/mihail/programs/project_mvn/eShop/eShop_repo/eshop, file.separator=/, line.separator=
, java.vm.specification.vendor=Oracle Corporation, java.specification.name=Java Platform API Specification, java.awt.graphicsenv=sun.awt.X11GraphicsEnvironment, hibernate.cache.region.factory_class=org.hibernate.cache.jcache.JCacheRegionFactory, surefire.real.class.path=/home/mihail/programs/project_mvn/eShop/eShop_repo/eshop/target/surefire/surefirebooter3167066197884326092.jar, sun.boot.class.path=/usr/lib/jvm/jdk-8u211-linux-x64/jdk1.8.0_211/jre/lib/resources.jar:/usr/lib/jvm/jdk-8u211-linux-x64/jdk1.8.0_211/jre/lib/rt.jar:/usr/lib/jvm/jdk-8u211-linux-x64/jdk1.8.0_211/jre/lib/sunrsasign.jar:/usr/lib/jvm/jdk-8u211-linux-x64/jdk1.8.0_211/jre/lib/jsse.jar:/usr/lib/jvm/jdk-8u211-linux-x64/jdk1.8.0_211/jre/lib/jce.jar:/usr/lib/jvm/jdk-8u211-linux-x64/jdk1.8.0_211/jre/lib/charsets.jar:/usr/lib/jvm/jdk-8u211-linux-x64/jdk1.8.0_211/jre/lib/jfr.jar:/usr/lib/jvm/jdk-8u211-linux-x64/jdk1.8.0_211/jre/classes, sun.management.compiler=HotSpot 64-Bit Tiered Compilers, java.runtime.version=1.8.0_211-b12, hibernate.cache.use_query_cache=true, user.name=mihail, path.separator=:, os.version=5.3.0-26-generic, java.endorsed.dirs=/usr/lib/jvm/jdk-8u211-linux-x64/jdk1.8.0_211/jre/lib/endorsed, java.runtime.name=Java(TM) SE Runtime Environment, file.encoding=UTF-8, java.vm.name=Java HotSpot(TM) 64-Bit Server VM, hibernate.classLoaders=[sun.misc.Launcher$AppClassLoader@3d4eac69], hibernate.current_session_context_class=org.springframework.orm.hibernate5.SpringSessionContext, localRepository=/home/mihail/.m2/repository, java.vendor.url.bug=http://bugreport.sun.com/bugreport/, java.io.tmpdir=/tmp, java.version=1.8.0_211, user.dir=/home/mihail/programs/project_mvn/eShop/eShop_repo/eshop, os.arch=amd64, java.vm.specification.name=Java Virtual Machine Specification, java.awt.printerjob=sun.print.PSPrinterJob, sun.os.patch.level=unknown, hibernate.boot.CfgXmlAccessService.key=org.hibernate.boot.cfgxml.spi.LoadedConfig@317e9c3c, hibernate.cache.use_second_level_cache=true, java.library.path=/usr/java/packages/lib/amd64:/usr/lib64:/lib64:/lib:/usr/lib, java.vm.info=mixed mode, java.vendor=Oracle Corporation, java.vm.version=25.211-b12, hibernate.bytecode.use_reflection_optimizer=false, hibernate.connection.datasource=org.apache.commons.dbcp2.BasicDataSource@53f48368, java.ext.dirs=/usr/lib/jvm/jdk-8u211-linux-x64/jdk1.8.0_211/jre/lib/ext:/usr/java/packages/lib/ext, sun.io.unicode.encoding=UnicodeLittle, java.class.version=52.0, hibernate.javax.cache.provider=org.ehcache.jsr107.EhcacheCachingProvider}
17:48:02.902 [main] TRACE org.hibernate.service.internal.AbstractServiceRegistryImpl - Initializing service [role=org.hibernate.engine.query.spi.NativeQueryInterpreter]
17:48:02.906 [main] DEBUG org.hibernate.secure.spi.JaccIntegrator - Skipping JACC integration as it was not enabled
17:48:02.907 [main] DEBUG org.hibernate.internal.SessionFactoryImpl - Instantiated session factory
17:48:02.918 [main] TRACE org.hibernate.service.internal.AbstractServiceRegistryImpl - Initializing service [role=org.hibernate.persister.spi.PersisterFactory]
17:48:02.920 [main] TRACE org.hibernate.service.internal.AbstractServiceRegistryImpl - Initializing service [role=org.hibernate.persister.spi.PersisterClassResolver]
17:48:02.933 [main] TRACE org.hibernate.service.internal.AbstractServiceRegistryImpl - Initializing service [role=org.hibernate.property.access.spi.PropertyAccessStrategyResolver]
17:48:02.935 [main] DEBUG org.hibernate.boot.internal.ClassLoaderAccessImpl - Not known whether passed class name [com.soft.entity.ResistorEntity] is safe
17:48:02.935 [main] DEBUG org.hibernate.boot.internal.ClassLoaderAccessImpl - No temp ClassLoader provided; using live ClassLoader for loading potentially unsafe class : com.soft.entity.ResistorEntity
17:48:02.943 [main] DEBUG org.hibernate.boot.internal.ClassLoaderAccessImpl - Not known whether passed class name [com.soft.entity.ResistorEntity] is safe
17:48:02.943 [main] DEBUG org.hibernate.boot.internal.ClassLoaderAccessImpl - No temp ClassLoader provided; using live ClassLoader for loading potentially unsafe class : com.soft.entity.ResistorEntity
17:48:02.978 [main] TRACE org.hibernate.persister.entity.AbstractPropertyMapping - Skipping duplicate registration of path [category], existing type = [org.hibernate.type.IntegerType@384fc774], incoming type = [org.hibernate.type.IntegerType@384fc774]
17:48:02.978 [main] TRACE org.hibernate.persister.entity.AbstractPropertyMapping - Skipping duplicate registration of path [description], existing type = [org.hibernate.type.StringType@2ef8a8c3], incoming type = [org.hibernate.type.StringType@2ef8a8c3]
17:48:02.979 [main] TRACE org.hibernate.persister.entity.AbstractPropertyMapping - Skipping duplicate registration of path [name], existing type = [org.hibernate.type.StringType@2ef8a8c3], incoming type = [org.hibernate.type.StringType@2ef8a8c3]
17:48:02.979 [main] TRACE org.hibernate.persister.entity.AbstractPropertyMapping - Skipping duplicate registration of path [nominal], existing type = [org.hibernate.type.DoubleType@c1fca1e], incoming type = [org.hibernate.type.DoubleType@c1fca1e]
17:48:02.979 [main] TRACE org.hibernate.persister.entity.AbstractPropertyMapping - Skipping duplicate registration of path [nominalUnit], existing type = [org.hibernate.type.IntegerType@384fc774], incoming type = [org.hibernate.type.IntegerType@384fc774]
17:48:02.979 [main] TRACE org.hibernate.persister.entity.AbstractPropertyMapping - Skipping duplicate registration of path [photo], existing type = [org.hibernate.type.BinaryType@160c3ec1], incoming type = [org.hibernate.type.BinaryType@160c3ec1]
17:48:02.979 [main] TRACE org.hibernate.persister.entity.AbstractPropertyMapping - Skipping duplicate registration of path [power], existing type = [org.hibernate.type.DoubleType@c1fca1e], incoming type = [org.hibernate.type.DoubleType@c1fca1e]
17:48:02.979 [main] TRACE org.hibernate.persister.entity.AbstractPropertyMapping - Skipping duplicate registration of path [powerUnit], existing type = [org.hibernate.type.IntegerType@384fc774], incoming type = [org.hibernate.type.IntegerType@384fc774]
17:48:02.979 [main] TRACE org.hibernate.persister.entity.AbstractPropertyMapping - Skipping duplicate registration of path [price], existing type = [org.hibernate.type.DoubleType@c1fca1e], incoming type = [org.hibernate.type.DoubleType@c1fca1e]
17:48:02.979 [main] TRACE org.hibernate.persister.entity.AbstractPropertyMapping - Skipping duplicate registration of path [producer], existing type = [org.hibernate.type.IntegerType@384fc774], incoming type = [org.hibernate.type.IntegerType@384fc774]
17:48:02.979 [main] TRACE org.hibernate.persister.entity.AbstractPropertyMapping - Skipping duplicate registration of path [quantity], existing type = [org.hibernate.type.IntegerType@384fc774], incoming type = [org.hibernate.type.IntegerType@384fc774]
17:48:02.979 [main] TRACE org.hibernate.persister.entity.AbstractPropertyMapping - Skipping duplicate registration of path [rPackage], existing type = [org.hibernate.type.IntegerType@384fc774], incoming type = [org.hibernate.type.IntegerType@384fc774]
17:48:02.979 [main] TRACE org.hibernate.persister.entity.AbstractPropertyMapping - Skipping duplicate registration of path [rPrecision], existing type = [org.hibernate.type.DoubleType@c1fca1e], incoming type = [org.hibernate.type.DoubleType@c1fca1e]
17:48:02.979 [main] TRACE org.hibernate.persister.entity.AbstractPropertyMapping - Skipping duplicate registration of path [id], existing type = [org.hibernate.type.LongType@5af9926a], incoming type = [org.hibernate.type.LongType@5af9926a]
17:48:02.980 [main] TRACE org.hibernate.internal.CacheImpl - Building shared cache region for entity data [com.soft.entity.ProducerEntity]
17:48:02.980 [main] DEBUG org.ehcache.jsr107.ConfigurationMerger - Using default Copier for JSR-107 store-by-value cache com.soft.entity.ProducerEntity
17:48:02.980 [main] DEBUG org.ehcache.core.EhcacheManager - Creating Cache 'com.soft.entity.ProducerEntity' in Eh107InternalCacheManager.
17:48:02.980 [main] DEBUG org.ehcache.impl.internal.spi.serialization.DefaultSerializationProvider - Serializer for <java.lang.Object> : org.ehcache.impl.serialization.PlainJavaSerializer@3a66e67e
17:48:02.980 [main] DEBUG org.ehcache.impl.internal.spi.serialization.DefaultSerializationProvider - Serializer for <java.lang.Object> : org.ehcache.impl.serialization.PlainJavaSerializer@75d4a80f
17:48:02.981 [main] DEBUG org.ehcache.impl.internal.spi.copy.DefaultCopyProvider - Copier for <java.lang.Object> : org.ehcache.impl.copy.SerializingCopier@4596f8f3
17:48:02.981 [main] DEBUG org.ehcache.impl.internal.spi.copy.DefaultCopyProvider - Copier for <java.lang.Object> : org.ehcache.impl.copy.SerializingCopier@ccf91df
17:48:02.983 [main] TRACE class org.ehcache.core.Ehcache-com.soft.entity.ProducerEntity - Initializing
17:48:02.983 [main] DEBUG class org.ehcache.core.Ehcache-com.soft.entity.ProducerEntity - Initialize successful.
17:48:02.983 [main] DEBUG org.ehcache.impl.internal.statistics.DefaultStatisticsService - Cache added com.soft.entity.ProducerEntity
17:48:02.984 [main] INFO  org.ehcache.core.EhcacheManager - Cache 'com.soft.entity.ProducerEntity' created in Eh107InternalCacheManager.
17:48:02.987 [main] DEBUG org.hibernate.boot.internal.ClassLoaderAccessImpl - Not known whether passed class name [com.soft.entity.ProducerEntity] is safe
17:48:02.987 [main] DEBUG org.hibernate.boot.internal.ClassLoaderAccessImpl - No temp ClassLoader provided; using live ClassLoader for loading potentially unsafe class : com.soft.entity.ProducerEntity
17:48:02.987 [main] DEBUG org.hibernate.boot.internal.ClassLoaderAccessImpl - Not known whether passed class name [com.soft.entity.ProducerEntity] is safe
17:48:02.987 [main] DEBUG org.hibernate.boot.internal.ClassLoaderAccessImpl - No temp ClassLoader provided; using live ClassLoader for loading potentially unsafe class : com.soft.entity.ProducerEntity
17:48:02.990 [main] TRACE org.hibernate.persister.entity.AbstractPropertyMapping - Skipping duplicate registration of path [producerCategory], existing type = [org.hibernate.type.IntegerType@384fc774], incoming type = [org.hibernate.type.IntegerType@384fc774]
17:48:02.990 [main] TRACE org.hibernate.persister.entity.AbstractPropertyMapping - Skipping duplicate registration of path [producerName], existing type = [org.hibernate.type.StringType@2ef8a8c3], incoming type = [org.hibernate.type.StringType@2ef8a8c3]
17:48:02.990 [main] TRACE org.hibernate.persister.entity.AbstractPropertyMapping - Skipping duplicate registration of path [id], existing type = [org.hibernate.type.LongType@5af9926a], incoming type = [org.hibernate.type.LongType@5af9926a]
17:48:02.991 [main] DEBUG org.hibernate.boot.internal.ClassLoaderAccessImpl - Not known whether passed class name [com.soft.entity.person] is safe
17:48:02.991 [main] DEBUG org.hibernate.boot.internal.ClassLoaderAccessImpl - No temp ClassLoader provided; using live ClassLoader for loading potentially unsafe class : com.soft.entity.person
17:48:02.991 [main] DEBUG org.hibernate.boot.internal.ClassLoaderAccessImpl - Not known whether passed class name [com.soft.entity.person] is safe
17:48:02.991 [main] DEBUG org.hibernate.boot.internal.ClassLoaderAccessImpl - No temp ClassLoader provided; using live ClassLoader for loading potentially unsafe class : com.soft.entity.person
17:48:02.991 [main] INFO  org.hibernate.tuple.PojoInstantiator - HHH000182: No default (no-argument) constructor for class: com.soft.entity.person (class must be instantiated by Interceptor)
17:48:02.992 [main] TRACE org.hibernate.persister.entity.AbstractPropertyMapping - Skipping duplicate registration of path [surname], existing type = [org.hibernate.type.CharacterType@173b9122], incoming type = [org.hibernate.type.CharacterType@173b9122]
17:48:02.993 [main] TRACE org.hibernate.persister.entity.AbstractPropertyMapping - Skipping duplicate registration of path [id], existing type = [org.hibernate.type.LongType@5af9926a], incoming type = [org.hibernate.type.LongType@5af9926a]
17:48:02.993 [main] DEBUG org.hibernate.boot.internal.ClassLoaderAccessImpl - Not known whether passed class name [com.soft.entity.TransistorEntity] is safe
17:48:02.993 [main] DEBUG org.hibernate.boot.internal.ClassLoaderAccessImpl - No temp ClassLoader provided; using live ClassLoader for loading potentially unsafe class : com.soft.entity.TransistorEntity
17:48:02.993 [main] DEBUG org.hibernate.boot.internal.ClassLoaderAccessImpl - Not known whether passed class name [com.soft.entity.TransistorEntity] is safe
17:48:02.993 [main] DEBUG org.hibernate.boot.internal.ClassLoaderAccessImpl - No temp ClassLoader provided; using live ClassLoader for loading potentially unsafe class : com.soft.entity.TransistorEntity
17:48:02.997 [main] TRACE org.hibernate.persister.entity.AbstractPropertyMapping - Skipping duplicate registration of path [category], existing type = [org.hibernate.type.IntegerType@384fc774], incoming type = [org.hibernate.type.IntegerType@384fc774]
17:48:02.997 [main] TRACE org.hibernate.persister.entity.AbstractPropertyMapping - Skipping duplicate registration of path [conductanceType], existing type = [org.hibernate.type.StringType@2ef8a8c3], incoming type = [org.hibernate.type.StringType@2ef8a8c3]
17:48:02.997 [main] TRACE org.hibernate.persister.entity.AbstractPropertyMapping - Skipping duplicate registration of path [description], existing type = [org.hibernate.type.StringType@2ef8a8c3], incoming type = [org.hibernate.type.StringType@2ef8a8c3]
17:48:02.997 [main] TRACE org.hibernate.persister.entity.AbstractPropertyMapping - Skipping duplicate registration of path [gain], existing type = [org.hibernate.type.DoubleType@c1fca1e], incoming type = [org.hibernate.type.DoubleType@c1fca1e]
17:48:02.997 [main] TRACE org.hibernate.persister.entity.AbstractPropertyMapping - Skipping duplicate registration of path [maxCurrent], existing type = [org.hibernate.type.DoubleType@c1fca1e], incoming type = [org.hibernate.type.DoubleType@c1fca1e]
17:48:02.997 [main] TRACE org.hibernate.persister.entity.AbstractPropertyMapping - Skipping duplicate registration of path [maxCurrentUnit], existing type = [org.hibernate.type.IntegerType@384fc774], incoming type = [org.hibernate.type.IntegerType@384fc774]
17:48:02.997 [main] TRACE org.hibernate.persister.entity.AbstractPropertyMapping - Skipping duplicate registration of path [name], existing type = [org.hibernate.type.StringType@2ef8a8c3], incoming type = [org.hibernate.type.StringType@2ef8a8c3]
17:48:02.997 [main] TRACE org.hibernate.persister.entity.AbstractPropertyMapping - Skipping duplicate registration of path [photo], existing type = [org.hibernate.type.BinaryType@160c3ec1], incoming type = [org.hibernate.type.BinaryType@160c3ec1]
17:48:02.997 [main] TRACE org.hibernate.persister.entity.AbstractPropertyMapping - Skipping duplicate registration of path [price], existing type = [org.hibernate.type.DoubleType@c1fca1e], incoming type = [org.hibernate.type.DoubleType@c1fca1e]
17:48:02.997 [main] TRACE org.hibernate.persister.entity.AbstractPropertyMapping - Skipping duplicate registration of path [producer], existing type = [org.hibernate.type.IntegerType@384fc774], incoming type = [org.hibernate.type.IntegerType@384fc774]
17:48:02.997 [main] TRACE org.hibernate.persister.entity.AbstractPropertyMapping - Skipping duplicate registration of path [quantity], existing type = [org.hibernate.type.IntegerType@384fc774], incoming type = [org.hibernate.type.IntegerType@384fc774]
17:48:02.997 [main] TRACE org.hibernate.persister.entity.AbstractPropertyMapping - Skipping duplicate registration of path [tPackage], existing type = [org.hibernate.type.IntegerType@384fc774], incoming type = [org.hibernate.type.IntegerType@384fc774]
17:48:02.997 [main] TRACE org.hibernate.persister.entity.AbstractPropertyMapping - Skipping duplicate registration of path [id], existing type = [org.hibernate.type.LongType@5af9926a], incoming type = [org.hibernate.type.LongType@5af9926a]
17:48:02.997 [main] TRACE org.hibernate.internal.CacheImpl - Building shared cache region for entity data [com.soft.entity.CategoryEntity]
17:48:02.997 [main] DEBUG org.ehcache.jsr107.ConfigurationMerger - Using default Copier for JSR-107 store-by-value cache com.soft.entity.CategoryEntity
17:48:02.997 [main] DEBUG org.ehcache.core.EhcacheManager - Creating Cache 'com.soft.entity.CategoryEntity' in Eh107InternalCacheManager.
17:48:02.997 [main] DEBUG org.ehcache.impl.internal.spi.serialization.DefaultSerializationProvider - Serializer for <java.lang.Object> : org.ehcache.impl.serialization.PlainJavaSerializer@5cf3157b
17:48:02.997 [main] DEBUG org.ehcache.impl.internal.spi.serialization.DefaultSerializationProvider - Serializer for <java.lang.Object> : org.ehcache.impl.serialization.PlainJavaSerializer@625dfff3
17:48:02.997 [main] DEBUG org.ehcache.impl.internal.spi.copy.DefaultCopyProvider - Copier for <java.lang.Object> : org.ehcache.impl.copy.SerializingCopier@26350ea2
17:48:02.998 [main] DEBUG org.ehcache.impl.internal.spi.copy.DefaultCopyProvider - Copier for <java.lang.Object> : org.ehcache.impl.copy.SerializingCopier@1e9469b8
17:48:03.000 [main] TRACE class org.ehcache.core.Ehcache-com.soft.entity.CategoryEntity - Initializing
17:48:03.001 [main] DEBUG class org.ehcache.core.Ehcache-com.soft.entity.CategoryEntity - Initialize successful.
17:48:03.001 [main] DEBUG org.ehcache.impl.internal.statistics.DefaultStatisticsService - Cache added com.soft.entity.CategoryEntity
17:48:03.005 [main] INFO  org.ehcache.core.EhcacheManager - Cache 'com.soft.entity.CategoryEntity' created in Eh107InternalCacheManager.
17:48:03.005 [main] DEBUG org.hibernate.boot.internal.ClassLoaderAccessImpl - Not known whether passed class name [com.soft.entity.CategoryEntity] is safe
17:48:03.005 [main] DEBUG org.hibernate.boot.internal.ClassLoaderAccessImpl - No temp ClassLoader provided; using live ClassLoader for loading potentially unsafe class : com.soft.entity.CategoryEntity
17:48:03.005 [main] DEBUG org.hibernate.boot.internal.ClassLoaderAccessImpl - Not known whether passed class name [com.soft.entity.CategoryEntity] is safe
17:48:03.005 [main] DEBUG org.hibernate.boot.internal.ClassLoaderAccessImpl - No temp ClassLoader provided; using live ClassLoader for loading potentially unsafe class : com.soft.entity.CategoryEntity
17:48:03.008 [main] TRACE org.hibernate.persister.entity.AbstractPropertyMapping - Skipping duplicate registration of path [entityName], existing type = [org.hibernate.type.StringType@2ef8a8c3], incoming type = [org.hibernate.type.StringType@2ef8a8c3]
17:48:03.008 [main] TRACE org.hibernate.persister.entity.AbstractPropertyMapping - Skipping duplicate registration of path [name], existing type = [org.hibernate.type.StringType@2ef8a8c3], incoming type = [org.hibernate.type.StringType@2ef8a8c3]
17:48:03.008 [main] TRACE org.hibernate.persister.entity.AbstractPropertyMapping - Skipping duplicate registration of path [photo], existing type = [org.hibernate.type.BinaryType@160c3ec1], incoming type = [org.hibernate.type.BinaryType@160c3ec1]
17:48:03.008 [main] TRACE org.hibernate.persister.entity.AbstractPropertyMapping - Skipping duplicate registration of path [id], existing type = [org.hibernate.type.LongType@5af9926a], incoming type = [org.hibernate.type.LongType@5af9926a]
17:48:03.008 [main] TRACE org.hibernate.internal.CacheImpl - Building shared cache region for entity data [com.soft.entity.LocaleMessageEntity]
17:48:03.008 [main] DEBUG org.ehcache.jsr107.ConfigurationMerger - Using default Copier for JSR-107 store-by-value cache com.soft.entity.LocaleMessageEntity
17:48:03.008 [main] DEBUG org.ehcache.core.EhcacheManager - Creating Cache 'com.soft.entity.LocaleMessageEntity' in Eh107InternalCacheManager.
17:48:03.008 [main] DEBUG org.ehcache.impl.internal.spi.serialization.DefaultSerializationProvider - Serializer for <java.lang.Object> : org.ehcache.impl.serialization.PlainJavaSerializer@56cfe111
17:48:03.008 [main] DEBUG org.ehcache.impl.internal.spi.serialization.DefaultSerializationProvider - Serializer for <java.lang.Object> : org.ehcache.impl.serialization.PlainJavaSerializer@7e446d92
17:48:03.008 [main] DEBUG org.ehcache.impl.internal.spi.copy.DefaultCopyProvider - Copier for <java.lang.Object> : org.ehcache.impl.copy.SerializingCopier@57f9b467
17:48:03.009 [main] DEBUG org.ehcache.impl.internal.spi.copy.DefaultCopyProvider - Copier for <java.lang.Object> : org.ehcache.impl.copy.SerializingCopier@6d5c2745
17:48:03.011 [main] TRACE class org.ehcache.core.Ehcache-com.soft.entity.LocaleMessageEntity - Initializing
17:48:03.011 [main] DEBUG class org.ehcache.core.Ehcache-com.soft.entity.LocaleMessageEntity - Initialize successful.
17:48:03.011 [main] DEBUG org.ehcache.impl.internal.statistics.DefaultStatisticsService - Cache added com.soft.entity.LocaleMessageEntity
17:48:03.012 [main] INFO  org.ehcache.core.EhcacheManager - Cache 'com.soft.entity.LocaleMessageEntity' created in Eh107InternalCacheManager.
17:48:03.012 [main] DEBUG org.hibernate.boot.internal.ClassLoaderAccessImpl - Not known whether passed class name [com.soft.entity.LocaleMessageEntity] is safe
17:48:03.012 [main] DEBUG org.hibernate.boot.internal.ClassLoaderAccessImpl - No temp ClassLoader provided; using live ClassLoader for loading potentially unsafe class : com.soft.entity.LocaleMessageEntity
17:48:03.012 [main] DEBUG org.hibernate.boot.internal.ClassLoaderAccessImpl - Not known whether passed class name [com.soft.entity.LocaleMessageEntity] is safe
17:48:03.012 [main] DEBUG org.hibernate.boot.internal.ClassLoaderAccessImpl - No temp ClassLoader provided; using live ClassLoader for loading potentially unsafe class : com.soft.entity.LocaleMessageEntity
17:48:03.014 [main] TRACE org.hibernate.persister.entity.AbstractPropertyMapping - Skipping duplicate registration of path [locale], existing type = [org.hibernate.type.StringType@2ef8a8c3], incoming type = [org.hibernate.type.StringType@2ef8a8c3]
17:48:03.014 [main] TRACE org.hibernate.persister.entity.AbstractPropertyMapping - Skipping duplicate registration of path [message], existing type = [org.hibernate.type.StringType@2ef8a8c3], incoming type = [org.hibernate.type.StringType@2ef8a8c3]
17:48:03.014 [main] TRACE org.hibernate.persister.entity.AbstractPropertyMapping - Skipping duplicate registration of path [msgKey], existing type = [org.hibernate.type.StringType@2ef8a8c3], incoming type = [org.hibernate.type.StringType@2ef8a8c3]
17:48:03.014 [main] TRACE org.hibernate.persister.entity.AbstractPropertyMapping - Skipping duplicate registration of path [id], existing type = [org.hibernate.type.LongType@5af9926a], incoming type = [org.hibernate.type.LongType@5af9926a]
17:48:03.017 [main] DEBUG org.hibernate.persister.entity.AbstractEntityPersister - Static SQL for entity: com.soft.entity.ResistorEntity
17:48:03.017 [main] DEBUG org.hibernate.persister.entity.AbstractEntityPersister -  Version select: select resistor_id from resistor where resistor_id =?
17:48:03.017 [main] DEBUG org.hibernate.persister.entity.AbstractEntityPersister -  Snapshot select: select resistoren_.resistor_id, resistoren_.category as category2_4_, resistoren_.description as descript3_4_, resistoren_.name as name4_4_, resistoren_.nominal as nominal5_4_, resistoren_.nominal_unit as nominal_6_4_, resistoren_.photo as photo7_4_, resistoren_.power as power8_4_, resistoren_.power_unit as power_un9_4_, resistoren_.price as price10_4_, resistoren_.producer as produce11_4_, resistoren_.quantity as quantit12_4_, resistoren_.package as package13_4_, resistoren_.r_precision as r_preci14_4_ from resistor resistoren_ where resistoren_.resistor_id=?
17:48:03.017 [main] DEBUG org.hibernate.persister.entity.AbstractEntityPersister -  Insert 0: insert into resistor (category, description, name, nominal, nominal_unit, photo, power, power_unit, price, producer, quantity, package, r_precision, resistor_id) values (?, ?, ?, ?, ?, ?, ?, ?, ?, ?, ?, ?, ?, ?)
17:48:03.017 [main] DEBUG org.hibernate.persister.entity.AbstractEntityPersister -  Update 0: update resistor set category=?, description=?, name=?, nominal=?, nominal_unit=?, photo=?, power=?, power_unit=?, price=?, producer=?, quantity=?, package=?, r_precision=? where resistor_id=?
17:48:03.017 [main] DEBUG org.hibernate.persister.entity.AbstractEntityPersister -  Delete 0: delete from resistor where resistor_id=?
17:48:03.028 [main] TRACE org.hibernate.loader.plan.build.internal.AbstractLoadPlanBuildingAssociationVisitationStrategy -  Starting root entity : com.soft.entity.ResistorEntity
17:48:03.031 [main] DEBUG org.hibernate.loader.plan.build.internal.spaces.QuerySpacesImpl - Adding QuerySpace : uid = <gen:0> -> org.hibernate.loader.plan.build.internal.spaces.EntityQuerySpaceImpl@22ebccb9]
17:48:03.031 [main] TRACE org.hibernate.loader.plan.build.internal.AbstractLoadPlanBuildingAssociationVisitationStrategy - Pushing fetch source to stack : org.hibernate.loader.plan.build.internal.returns.EntityReturnImpl@2687725a
17:48:03.031 [main] TRACE org.hibernate.loader.plan.build.internal.AbstractLoadPlanBuildingAssociationVisitationStrategy - .. Registering AssociationKey : AssociationKey(table=resistor, columns={resistor_id}) -> org.hibernate.loader.plan.build.internal.returns.EntityReturnImpl@2687725a
17:48:03.032 [main] TRACE org.hibernate.loader.plan.build.internal.AbstractLoadPlanBuildingAssociationVisitationStrategy - >> Starting entity identifier : com.soft.entity.ResistorEntity
17:48:03.032 [main] DEBUG org.hibernate.persister.walking.spi.MetamodelGraphWalker - Visiting attribute path : category
17:48:03.032 [main] TRACE org.hibernate.loader.plan.build.internal.AbstractLoadPlanBuildingAssociationVisitationStrategy - >> Starting attribute Attribute(name=category, type=integer [non-identifier])
17:48:03.032 [main] TRACE org.hibernate.loader.plan.build.internal.AbstractLoadPlanBuildingAssociationVisitationStrategy - << Finishing up attribute : Attribute(name=category, type=integer [non-identifier])
17:48:03.032 [main] DEBUG org.hibernate.persister.walking.spi.MetamodelGraphWalker - Visiting attribute path : description
17:48:03.032 [main] TRACE org.hibernate.loader.plan.build.internal.AbstractLoadPlanBuildingAssociationVisitationStrategy - >> Starting attribute Attribute(name=description, type=string [non-identifier])
17:48:03.032 [main] TRACE org.hibernate.loader.plan.build.internal.AbstractLoadPlanBuildingAssociationVisitationStrategy - << Finishing up attribute : Attribute(name=description, type=string [non-identifier])
17:48:03.032 [main] DEBUG org.hibernate.persister.walking.spi.MetamodelGraphWalker - Visiting attribute path : name
17:48:03.032 [main] TRACE org.hibernate.loader.plan.build.internal.AbstractLoadPlanBuildingAssociationVisitationStrategy - >> Starting attribute Attribute(name=name, type=string [non-identifier])
17:48:03.032 [main] TRACE org.hibernate.loader.plan.build.internal.AbstractLoadPlanBuildingAssociationVisitationStrategy - << Finishing up attribute : Attribute(name=name, type=string [non-identifier])
17:48:03.032 [main] DEBUG org.hibernate.persister.walking.spi.MetamodelGraphWalker - Visiting attribute path : nominal
17:48:03.032 [main] TRACE org.hibernate.loader.plan.build.internal.AbstractLoadPlanBuildingAssociationVisitationStrategy - >> Starting attribute Attribute(name=nominal, type=double [non-identifier])
17:48:03.032 [main] TRACE org.hibernate.loader.plan.build.internal.AbstractLoadPlanBuildingAssociationVisitationStrategy - << Finishing up attribute : Attribute(name=nominal, type=double [non-identifier])
17:48:03.032 [main] DEBUG org.hibernate.persister.walking.spi.MetamodelGraphWalker - Visiting attribute path : nominalUnit
17:48:03.032 [main] TRACE org.hibernate.loader.plan.build.internal.AbstractLoadPlanBuildingAssociationVisitationStrategy - >> Starting attribute Attribute(name=nominalUnit, type=integer [non-identifier])
17:48:03.032 [main] TRACE org.hibernate.loader.plan.build.internal.AbstractLoadPlanBuildingAssociationVisitationStrategy - << Finishing up attribute : Attribute(name=nominalUnit, type=integer [non-identifier])
17:48:03.032 [main] DEBUG org.hibernate.persister.walking.spi.MetamodelGraphWalker - Visiting attribute path : photo
17:48:03.032 [main] TRACE org.hibernate.loader.plan.build.internal.AbstractLoadPlanBuildingAssociationVisitationStrategy - >> Starting attribute Attribute(name=photo, type=binary [non-identifier])
17:48:03.032 [main] TRACE org.hibernate.loader.plan.build.internal.AbstractLoadPlanBuildingAssociationVisitationStrategy - << Finishing up attribute : Attribute(name=photo, type=binary [non-identifier])
17:48:03.032 [main] DEBUG org.hibernate.persister.walking.spi.MetamodelGraphWalker - Visiting attribute path : power
17:48:03.032 [main] TRACE org.hibernate.loader.plan.build.internal.AbstractLoadPlanBuildingAssociationVisitationStrategy - >> Starting attribute Attribute(name=power, type=double [non-identifier])
17:48:03.032 [main] TRACE org.hibernate.loader.plan.build.internal.AbstractLoadPlanBuildingAssociationVisitationStrategy - << Finishing up attribute : Attribute(name=power, type=double [non-identifier])
17:48:03.032 [main] DEBUG org.hibernate.persister.walking.spi.MetamodelGraphWalker - Visiting attribute path : powerUnit
17:48:03.032 [main] TRACE org.hibernate.loader.plan.build.internal.AbstractLoadPlanBuildingAssociationVisitationStrategy - >> Starting attribute Attribute(name=powerUnit, type=integer [non-identifier])
17:48:03.032 [main] TRACE org.hibernate.loader.plan.build.internal.AbstractLoadPlanBuildingAssociationVisitationStrategy - << Finishing up attribute : Attribute(name=powerUnit, type=integer [non-identifier])
17:48:03.032 [main] DEBUG org.hibernate.persister.walking.spi.MetamodelGraphWalker - Visiting attribute path : price
17:48:03.032 [main] TRACE org.hibernate.loader.plan.build.internal.AbstractLoadPlanBuildingAssociationVisitationStrategy - >> Starting attribute Attribute(name=price, type=double [non-identifier])
17:48:03.032 [main] TRACE org.hibernate.loader.plan.build.internal.AbstractLoadPlanBuildingAssociationVisitationStrategy - << Finishing up attribute : Attribute(name=price, type=double [non-identifier])
17:48:03.033 [main] DEBUG org.hibernate.persister.walking.spi.MetamodelGraphWalker - Visiting attribute path : producer
17:48:03.033 [main] TRACE org.hibernate.loader.plan.build.internal.AbstractLoadPlanBuildingAssociationVisitationStrategy - >> Starting attribute Attribute(name=producer, type=integer [non-identifier])
17:48:03.033 [main] TRACE org.hibernate.loader.plan.build.internal.AbstractLoadPlanBuildingAssociationVisitationStrategy - << Finishing up attribute : Attribute(name=producer, type=integer [non-identifier])
17:48:03.033 [main] DEBUG org.hibernate.persister.walking.spi.MetamodelGraphWalker - Visiting attribute path : quantity
17:48:03.033 [main] TRACE org.hibernate.loader.plan.build.internal.AbstractLoadPlanBuildingAssociationVisitationStrategy - >> Starting attribute Attribute(name=quantity, type=integer [non-identifier])
17:48:03.033 [main] TRACE org.hibernate.loader.plan.build.internal.AbstractLoadPlanBuildingAssociationVisitationStrategy - << Finishing up attribute : Attribute(name=quantity, type=integer [non-identifier])
17:48:03.033 [main] DEBUG org.hibernate.persister.walking.spi.MetamodelGraphWalker - Visiting attribute path : rPackage
17:48:03.033 [main] TRACE org.hibernate.loader.plan.build.internal.AbstractLoadPlanBuildingAssociationVisitationStrategy - >> Starting attribute Attribute(name=rPackage, type=integer [non-identifier])
17:48:03.033 [main] TRACE org.hibernate.loader.plan.build.internal.AbstractLoadPlanBuildingAssociationVisitationStrategy - << Finishing up attribute : Attribute(name=rPackage, type=integer [non-identifier])
17:48:03.033 [main] DEBUG org.hibernate.persister.walking.spi.MetamodelGraphWalker - Visiting attribute path : rPrecision
17:48:03.033 [main] TRACE org.hibernate.loader.plan.build.internal.AbstractLoadPlanBuildingAssociationVisitationStrategy - >> Starting attribute Attribute(name=rPrecision, type=double [non-identifier])
17:48:03.033 [main] TRACE org.hibernate.loader.plan.build.internal.AbstractLoadPlanBuildingAssociationVisitationStrategy - << Finishing up attribute : Attribute(name=rPrecision, type=double [non-identifier])
17:48:03.033 [main] TRACE org.hibernate.loader.plan.build.internal.AbstractLoadPlanBuildingAssociationVisitationStrategy - Popped fetch owner from stack : org.hibernate.loader.plan.build.internal.returns.EntityReturnImpl@2687725a
17:48:03.033 [main] TRACE org.hibernate.loader.plan.build.internal.AbstractLoadPlanBuildingAssociationVisitationStrategy -  Finished root entity : com.soft.entity.ResistorEntity
17:48:03.033 [main] DEBUG org.hibernate.loader.plan.build.internal.FetchStyleLoadPlanBuildingAssociationVisitationStrategy - Building LoadPlan...
17:48:03.040 [main] DEBUG org.hibernate.loader.plan.exec.internal.LoadQueryJoinAndFetchProcessor - processing queryspace <gen:0>
17:48:03.043 [main] DEBUG org.hibernate.loader.plan.build.spi.LoadPlanTreePrinter - LoadPlan(entity=com.soft.entity.ResistorEntity)
    - Returns
       - EntityReturnImpl(entity=com.soft.entity.ResistorEntity, querySpaceUid=<gen:0>, path=com.soft.entity.ResistorEntity)
    - QuerySpaces
       - EntityQuerySpaceImpl(uid=<gen:0>, entity=com.soft.entity.ResistorEntity)
          - SQL table alias mapping - resistoren0_
          - alias suffix - 0_
          - suffixed key columns - {resistor1_4_0_}

17:48:03.044 [main] DEBUG org.hibernate.loader.entity.plan.EntityLoader - Static select for entity com.soft.entity.ResistorEntity [NONE]: select resistoren0_.resistor_id as resistor1_4_0_, resistoren0_.category as category2_4_0_, resistoren0_.description as descript3_4_0_, resistoren0_.name as name4_4_0_, resistoren0_.nominal as nominal5_4_0_, resistoren0_.nominal_unit as nominal_6_4_0_, resistoren0_.photo as photo7_4_0_, resistoren0_.power as power8_4_0_, resistoren0_.power_unit as power_un9_4_0_, resistoren0_.price as price10_4_0_, resistoren0_.producer as produce11_4_0_, resistoren0_.quantity as quantit12_4_0_, resistoren0_.package as package13_4_0_, resistoren0_.r_precision as r_preci14_4_0_ from resistor resistoren0_ where resistoren0_.resistor_id=?
17:48:03.044 [main] TRACE org.hibernate.loader.plan.build.internal.AbstractLoadPlanBuildingAssociationVisitationStrategy -  Starting root entity : com.soft.entity.ResistorEntity
17:48:03.045 [main] DEBUG org.hibernate.loader.plan.build.internal.spaces.QuerySpacesImpl - Adding QuerySpace : uid = <gen:0> -> org.hibernate.loader.plan.build.internal.spaces.EntityQuerySpaceImpl@71e35c4]
17:48:03.045 [main] TRACE org.hibernate.loader.plan.build.internal.AbstractLoadPlanBuildingAssociationVisitationStrategy - Pushing fetch source to stack : org.hibernate.loader.plan.build.internal.returns.EntityReturnImpl@22a10ac6
17:48:03.045 [main] TRACE org.hibernate.loader.plan.build.internal.AbstractLoadPlanBuildingAssociationVisitationStrategy - .. Registering AssociationKey : AssociationKey(table=resistor, columns={resistor_id}) -> org.hibernate.loader.plan.build.internal.returns.EntityReturnImpl@22a10ac6
17:48:03.045 [main] TRACE org.hibernate.loader.plan.build.internal.AbstractLoadPlanBuildingAssociationVisitationStrategy - >> Starting entity identifier : com.soft.entity.ResistorEntity
17:48:03.045 [main] DEBUG org.hibernate.persister.walking.spi.MetamodelGraphWalker - Visiting attribute path : category
17:48:03.045 [main] TRACE org.hibernate.loader.plan.build.internal.AbstractLoadPlanBuildingAssociationVisitationStrategy - >> Starting attribute Attribute(name=category, type=integer [non-identifier])
17:48:03.045 [main] TRACE org.hibernate.loader.plan.build.internal.AbstractLoadPlanBuildingAssociationVisitationStrategy - << Finishing up attribute : Attribute(name=category, type=integer [non-identifier])
17:48:03.045 [main] DEBUG org.hibernate.persister.walking.spi.MetamodelGraphWalker - Visiting attribute path : description
17:48:03.045 [main] TRACE org.hibernate.loader.plan.build.internal.AbstractLoadPlanBuildingAssociationVisitationStrategy - >> Starting attribute Attribute(name=description, type=string [non-identifier])
17:48:03.045 [main] TRACE org.hibernate.loader.plan.build.internal.AbstractLoadPlanBuildingAssociationVisitationStrategy - << Finishing up attribute : Attribute(name=description, type=string [non-identifier])
17:48:03.045 [main] DEBUG org.hibernate.persister.walking.spi.MetamodelGraphWalker - Visiting attribute path : name
17:48:03.045 [main] TRACE org.hibernate.loader.plan.build.internal.AbstractLoadPlanBuildingAssociationVisitationStrategy - >> Starting attribute Attribute(name=name, type=string [non-identifier])
17:48:03.045 [main] TRACE org.hibernate.loader.plan.build.internal.AbstractLoadPlanBuildingAssociationVisitationStrategy - << Finishing up attribute : Attribute(name=name, type=string [non-identifier])
17:48:03.045 [main] DEBUG org.hibernate.persister.walking.spi.MetamodelGraphWalker - Visiting attribute path : nominal
17:48:03.045 [main] TRACE org.hibernate.loader.plan.build.internal.AbstractLoadPlanBuildingAssociationVisitationStrategy - >> Starting attribute Attribute(name=nominal, type=double [non-identifier])
17:48:03.045 [main] TRACE org.hibernate.loader.plan.build.internal.AbstractLoadPlanBuildingAssociationVisitationStrategy - << Finishing up attribute : Attribute(name=nominal, type=double [non-identifier])
17:48:03.045 [main] DEBUG org.hibernate.persister.walking.spi.MetamodelGraphWalker - Visiting attribute path : nominalUnit
17:48:03.045 [main] TRACE org.hibernate.loader.plan.build.internal.AbstractLoadPlanBuildingAssociationVisitationStrategy - >> Starting attribute Attribute(name=nominalUnit, type=integer [non-identifier])
17:48:03.045 [main] TRACE org.hibernate.loader.plan.build.internal.AbstractLoadPlanBuildingAssociationVisitationStrategy - << Finishing up attribute : Attribute(name=nominalUnit, type=integer [non-identifier])
17:48:03.045 [main] DEBUG org.hibernate.persister.walking.spi.MetamodelGraphWalker - Visiting attribute path : photo
17:48:03.045 [main] TRACE org.hibernate.loader.plan.build.internal.AbstractLoadPlanBuildingAssociationVisitationStrategy - >> Starting attribute Attribute(name=photo, type=binary [non-identifier])
17:48:03.045 [main] TRACE org.hibernate.loader.plan.build.internal.AbstractLoadPlanBuildingAssociationVisitationStrategy - << Finishing up attribute : Attribute(name=photo, type=binary [non-identifier])
17:48:03.045 [main] DEBUG org.hibernate.persister.walking.spi.MetamodelGraphWalker - Visiting attribute path : power
17:48:03.045 [main] TRACE org.hibernate.loader.plan.build.internal.AbstractLoadPlanBuildingAssociationVisitationStrategy - >> Starting attribute Attribute(name=power, type=double [non-identifier])
17:48:03.045 [main] TRACE org.hibernate.loader.plan.build.internal.AbstractLoadPlanBuildingAssociationVisitationStrategy - << Finishing up attribute : Attribute(name=power, type=double [non-identifier])
17:48:03.045 [main] DEBUG org.hibernate.persister.walking.spi.MetamodelGraphWalker - Visiting attribute path : powerUnit
17:48:03.045 [main] TRACE org.hibernate.loader.plan.build.internal.AbstractLoadPlanBuildingAssociationVisitationStrategy - >> Starting attribute Attribute(name=powerUnit, type=integer [non-identifier])
17:48:03.045 [main] TRACE org.hibernate.loader.plan.build.internal.AbstractLoadPlanBuildingAssociationVisitationStrategy - << Finishing up attribute : Attribute(name=powerUnit, type=integer [non-identifier])
17:48:03.045 [main] DEBUG org.hibernate.persister.walking.spi.MetamodelGraphWalker - Visiting attribute path : price
17:48:03.045 [main] TRACE org.hibernate.loader.plan.build.internal.AbstractLoadPlanBuildingAssociationVisitationStrategy - >> Starting attribute Attribute(name=price, type=double [non-identifier])
17:48:03.045 [main] TRACE org.hibernate.loader.plan.build.internal.AbstractLoadPlanBuildingAssociationVisitationStrategy - << Finishing up attribute : Attribute(name=price, type=double [non-identifier])
17:48:03.045 [main] DEBUG org.hibernate.persister.walking.spi.MetamodelGraphWalker - Visiting attribute path : producer
17:48:03.045 [main] TRACE org.hibernate.loader.plan.build.internal.AbstractLoadPlanBuildingAssociationVisitationStrategy - >> Starting attribute Attribute(name=producer, type=integer [non-identifier])
17:48:03.045 [main] TRACE org.hibernate.loader.plan.build.internal.AbstractLoadPlanBuildingAssociationVisitationStrategy - << Finishing up attribute : Attribute(name=producer, type=integer [non-identifier])
17:48:03.045 [main] DEBUG org.hibernate.persister.walking.spi.MetamodelGraphWalker - Visiting attribute path : quantity
17:48:03.045 [main] TRACE org.hibernate.loader.plan.build.internal.AbstractLoadPlanBuildingAssociationVisitationStrategy - >> Starting attribute Attribute(name=quantity, type=integer [non-identifier])
17:48:03.045 [main] TRACE org.hibernate.loader.plan.build.internal.AbstractLoadPlanBuildingAssociationVisitationStrategy - << Finishing up attribute : Attribute(name=quantity, type=integer [non-identifier])
17:48:03.045 [main] DEBUG org.hibernate.persister.walking.spi.MetamodelGraphWalker - Visiting attribute path : rPackage
17:48:03.045 [main] TRACE org.hibernate.loader.plan.build.internal.AbstractLoadPlanBuildingAssociationVisitationStrategy - >> Starting attribute Attribute(name=rPackage, type=integer [non-identifier])
17:48:03.045 [main] TRACE org.hibernate.loader.plan.build.internal.AbstractLoadPlanBuildingAssociationVisitationStrategy - << Finishing up attribute : Attribute(name=rPackage, type=integer [non-identifier])
17:48:03.045 [main] DEBUG org.hibernate.persister.walking.spi.MetamodelGraphWalker - Visiting attribute path : rPrecision
17:48:03.045 [main] TRACE org.hibernate.loader.plan.build.internal.AbstractLoadPlanBuildingAssociationVisitationStrategy - >> Starting attribute Attribute(name=rPrecision, type=double [non-identifier])
17:48:03.045 [main] TRACE org.hibernate.loader.plan.build.internal.AbstractLoadPlanBuildingAssociationVisitationStrategy - << Finishing up attribute : Attribute(name=rPrecision, type=double [non-identifier])
17:48:03.045 [main] TRACE org.hibernate.loader.plan.build.internal.AbstractLoadPlanBuildingAssociationVisitationStrategy - Popped fetch owner from stack : org.hibernate.loader.plan.build.internal.returns.EntityReturnImpl@22a10ac6
17:48:03.045 [main] TRACE org.hibernate.loader.plan.build.internal.AbstractLoadPlanBuildingAssociationVisitationStrategy -  Finished root entity : com.soft.entity.ResistorEntity
17:48:03.046 [main] DEBUG org.hibernate.loader.plan.build.internal.FetchStyleLoadPlanBuildingAssociationVisitationStrategy - Building LoadPlan...
17:48:03.046 [main] DEBUG org.hibernate.loader.plan.exec.internal.LoadQueryJoinAndFetchProcessor - processing queryspace <gen:0>
17:48:03.046 [main] DEBUG org.hibernate.loader.plan.build.spi.LoadPlanTreePrinter - LoadPlan(entity=com.soft.entity.ResistorEntity)
    - Returns
       - EntityReturnImpl(entity=com.soft.entity.ResistorEntity, querySpaceUid=<gen:0>, path=com.soft.entity.ResistorEntity)
    - QuerySpaces
       - EntityQuerySpaceImpl(uid=<gen:0>, entity=com.soft.entity.ResistorEntity)
          - SQL table alias mapping - resistoren0_
          - alias suffix - 0_
          - suffixed key columns - {resistor1_4_0_}

17:48:03.046 [main] DEBUG org.hibernate.loader.entity.plan.EntityLoader - Static select for entity com.soft.entity.ResistorEntity [READ]: select resistoren0_.resistor_id as resistor1_4_0_, resistoren0_.category as category2_4_0_, resistoren0_.description as descript3_4_0_, resistoren0_.name as name4_4_0_, resistoren0_.nominal as nominal5_4_0_, resistoren0_.nominal_unit as nominal_6_4_0_, resistoren0_.photo as photo7_4_0_, resistoren0_.power as power8_4_0_, resistoren0_.power_unit as power_un9_4_0_, resistoren0_.price as price10_4_0_, resistoren0_.producer as produce11_4_0_, resistoren0_.quantity as quantit12_4_0_, resistoren0_.package as package13_4_0_, resistoren0_.r_precision as r_preci14_4_0_ from resistor resistoren0_ where resistoren0_.resistor_id=?
17:48:03.046 [main] TRACE org.hibernate.loader.plan.build.internal.AbstractLoadPlanBuildingAssociationVisitationStrategy -  Starting root entity : com.soft.entity.ResistorEntity
17:48:03.046 [main] DEBUG org.hibernate.loader.plan.build.internal.spaces.QuerySpacesImpl - Adding QuerySpace : uid = <gen:0> -> org.hibernate.loader.plan.build.internal.spaces.EntityQuerySpaceImpl@12fe1f28]
17:48:03.046 [main] TRACE org.hibernate.loader.plan.build.internal.AbstractLoadPlanBuildingAssociationVisitationStrategy - Pushing fetch source to stack : org.hibernate.loader.plan.build.internal.returns.EntityReturnImpl@503df2d0
17:48:03.046 [main] TRACE org.hibernate.loader.plan.build.internal.AbstractLoadPlanBuildingAssociationVisitationStrategy - .. Registering AssociationKey : AssociationKey(table=resistor, columns={resistor_id}) -> org.hibernate.loader.plan.build.internal.returns.EntityReturnImpl@503df2d0
17:48:03.046 [main] TRACE org.hibernate.loader.plan.build.internal.AbstractLoadPlanBuildingAssociationVisitationStrategy - >> Starting entity identifier : com.soft.entity.ResistorEntity
17:48:03.046 [main] DEBUG org.hibernate.persister.walking.spi.MetamodelGraphWalker - Visiting attribute path : category
17:48:03.046 [main] TRACE org.hibernate.loader.plan.build.internal.AbstractLoadPlanBuildingAssociationVisitationStrategy - >> Starting attribute Attribute(name=category, type=integer [non-identifier])
17:48:03.046 [main] TRACE org.hibernate.loader.plan.build.internal.AbstractLoadPlanBuildingAssociationVisitationStrategy - << Finishing up attribute : Attribute(name=category, type=integer [non-identifier])
17:48:03.046 [main] DEBUG org.hibernate.persister.walking.spi.MetamodelGraphWalker - Visiting attribute path : description
17:48:03.046 [main] TRACE org.hibernate.loader.plan.build.internal.AbstractLoadPlanBuildingAssociationVisitationStrategy - >> Starting attribute Attribute(name=description, type=string [non-identifier])
17:48:03.046 [main] TRACE org.hibernate.loader.plan.build.internal.AbstractLoadPlanBuildingAssociationVisitationStrategy - << Finishing up attribute : Attribute(name=description, type=string [non-identifier])
17:48:03.046 [main] DEBUG org.hibernate.persister.walking.spi.MetamodelGraphWalker - Visiting attribute path : name
17:48:03.046 [main] TRACE org.hibernate.loader.plan.build.internal.AbstractLoadPlanBuildingAssociationVisitationStrategy - >> Starting attribute Attribute(name=name, type=string [non-identifier])
17:48:03.046 [main] TRACE org.hibernate.loader.plan.build.internal.AbstractLoadPlanBuildingAssociationVisitationStrategy - << Finishing up attribute : Attribute(name=name, type=string [non-identifier])
17:48:03.046 [main] DEBUG org.hibernate.persister.walking.spi.MetamodelGraphWalker - Visiting attribute path : nominal
17:48:03.046 [main] TRACE org.hibernate.loader.plan.build.internal.AbstractLoadPlanBuildingAssociationVisitationStrategy - >> Starting attribute Attribute(name=nominal, type=double [non-identifier])
17:48:03.046 [main] TRACE org.hibernate.loader.plan.build.internal.AbstractLoadPlanBuildingAssociationVisitationStrategy - << Finishing up attribute : Attribute(name=nominal, type=double [non-identifier])
17:48:03.046 [main] DEBUG org.hibernate.persister.walking.spi.MetamodelGraphWalker - Visiting attribute path : nominalUnit
17:48:03.046 [main] TRACE org.hibernate.loader.plan.build.internal.AbstractLoadPlanBuildingAssociationVisitationStrategy - >> Starting attribute Attribute(name=nominalUnit, type=integer [non-identifier])
17:48:03.046 [main] TRACE org.hibernate.loader.plan.build.internal.AbstractLoadPlanBuildingAssociationVisitationStrategy - << Finishing up attribute : Attribute(name=nominalUnit, type=integer [non-identifier])
17:48:03.048 [main] DEBUG org.hibernate.persister.walking.spi.MetamodelGraphWalker - Visiting attribute path : photo
17:48:03.048 [main] TRACE org.hibernate.loader.plan.build.internal.AbstractLoadPlanBuildingAssociationVisitationStrategy - >> Starting attribute Attribute(name=photo, type=binary [non-identifier])
17:48:03.048 [main] TRACE org.hibernate.loader.plan.build.internal.AbstractLoadPlanBuildingAssociationVisitationStrategy - << Finishing up attribute : Attribute(name=photo, type=binary [non-identifier])
17:48:03.048 [main] DEBUG org.hibernate.persister.walking.spi.MetamodelGraphWalker - Visiting attribute path : power
17:48:03.048 [main] TRACE org.hibernate.loader.plan.build.internal.AbstractLoadPlanBuildingAssociationVisitationStrategy - >> Starting attribute Attribute(name=power, type=double [non-identifier])
17:48:03.048 [main] TRACE org.hibernate.loader.plan.build.internal.AbstractLoadPlanBuildingAssociationVisitationStrategy - << Finishing up attribute : Attribute(name=power, type=double [non-identifier])
17:48:03.048 [main] DEBUG org.hibernate.persister.walking.spi.MetamodelGraphWalker - Visiting attribute path : powerUnit
17:48:03.048 [main] TRACE org.hibernate.loader.plan.build.internal.AbstractLoadPlanBuildingAssociationVisitationStrategy - >> Starting attribute Attribute(name=powerUnit, type=integer [non-identifier])
17:48:03.048 [main] TRACE org.hibernate.loader.plan.build.internal.AbstractLoadPlanBuildingAssociationVisitationStrategy - << Finishing up attribute : Attribute(name=powerUnit, type=integer [non-identifier])
17:48:03.048 [main] DEBUG org.hibernate.persister.walking.spi.MetamodelGraphWalker - Visiting attribute path : price
17:48:03.048 [main] TRACE org.hibernate.loader.plan.build.internal.AbstractLoadPlanBuildingAssociationVisitationStrategy - >> Starting attribute Attribute(name=price, type=double [non-identifier])
17:48:03.048 [main] TRACE org.hibernate.loader.plan.build.internal.AbstractLoadPlanBuildingAssociationVisitationStrategy - << Finishing up attribute : Attribute(name=price, type=double [non-identifier])
17:48:03.048 [main] DEBUG org.hibernate.persister.walking.spi.MetamodelGraphWalker - Visiting attribute path : producer
17:48:03.048 [main] TRACE org.hibernate.loader.plan.build.internal.AbstractLoadPlanBuildingAssociationVisitationStrategy - >> Starting attribute Attribute(name=producer, type=integer [non-identifier])
17:48:03.048 [main] TRACE org.hibernate.loader.plan.build.internal.AbstractLoadPlanBuildingAssociationVisitationStrategy - << Finishing up attribute : Attribute(name=producer, type=integer [non-identifier])
17:48:03.048 [main] DEBUG org.hibernate.persister.walking.spi.MetamodelGraphWalker - Visiting attribute path : quantity
17:48:03.048 [main] TRACE org.hibernate.loader.plan.build.internal.AbstractLoadPlanBuildingAssociationVisitationStrategy - >> Starting attribute Attribute(name=quantity, type=integer [non-identifier])
17:48:03.048 [main] TRACE org.hibernate.loader.plan.build.internal.AbstractLoadPlanBuildingAssociationVisitationStrategy - << Finishing up attribute : Attribute(name=quantity, type=integer [non-identifier])
17:48:03.048 [main] DEBUG org.hibernate.persister.walking.spi.MetamodelGraphWalker - Visiting attribute path : rPackage
17:48:03.048 [main] TRACE org.hibernate.loader.plan.build.internal.AbstractLoadPlanBuildingAssociationVisitationStrategy - >> Starting attribute Attribute(name=rPackage, type=integer [non-identifier])
17:48:03.048 [main] TRACE org.hibernate.loader.plan.build.internal.AbstractLoadPlanBuildingAssociationVisitationStrategy - << Finishing up attribute : Attribute(name=rPackage, type=integer [non-identifier])
17:48:03.048 [main] DEBUG org.hibernate.persister.walking.spi.MetamodelGraphWalker - Visiting attribute path : rPrecision
17:48:03.048 [main] TRACE org.hibernate.loader.plan.build.internal.AbstractLoadPlanBuildingAssociationVisitationStrategy - >> Starting attribute Attribute(name=rPrecision, type=double [non-identifier])
17:48:03.048 [main] TRACE org.hibernate.loader.plan.build.internal.AbstractLoadPlanBuildingAssociationVisitationStrategy - << Finishing up attribute : Attribute(name=rPrecision, type=double [non-identifier])
17:48:03.048 [main] TRACE org.hibernate.loader.plan.build.internal.AbstractLoadPlanBuildingAssociationVisitationStrategy - Popped fetch owner from stack : org.hibernate.loader.plan.build.internal.returns.EntityReturnImpl@503df2d0
17:48:03.048 [main] TRACE org.hibernate.loader.plan.build.internal.AbstractLoadPlanBuildingAssociationVisitationStrategy -  Finished root entity : com.soft.entity.ResistorEntity
17:48:03.049 [main] DEBUG org.hibernate.loader.plan.build.internal.FetchStyleLoadPlanBuildingAssociationVisitationStrategy - Building LoadPlan...
17:48:03.049 [main] DEBUG org.hibernate.loader.plan.exec.internal.LoadQueryJoinAndFetchProcessor - processing queryspace <gen:0>
17:48:03.049 [main] DEBUG org.hibernate.loader.plan.build.spi.LoadPlanTreePrinter - LoadPlan(entity=com.soft.entity.ResistorEntity)
    - Returns
       - EntityReturnImpl(entity=com.soft.entity.ResistorEntity, querySpaceUid=<gen:0>, path=com.soft.entity.ResistorEntity)
    - QuerySpaces
       - EntityQuerySpaceImpl(uid=<gen:0>, entity=com.soft.entity.ResistorEntity)
          - SQL table alias mapping - resistoren0_
          - alias suffix - 0_
          - suffixed key columns - {resistor1_4_0_}

17:48:03.049 [main] DEBUG org.hibernate.loader.entity.plan.EntityLoader - Static select for entity com.soft.entity.ResistorEntity [UPGRADE]: select resistoren0_.resistor_id as resistor1_4_0_, resistoren0_.category as category2_4_0_, resistoren0_.description as descript3_4_0_, resistoren0_.name as name4_4_0_, resistoren0_.nominal as nominal5_4_0_, resistoren0_.nominal_unit as nominal_6_4_0_, resistoren0_.photo as photo7_4_0_, resistoren0_.power as power8_4_0_, resistoren0_.power_unit as power_un9_4_0_, resistoren0_.price as price10_4_0_, resistoren0_.producer as produce11_4_0_, resistoren0_.quantity as quantit12_4_0_, resistoren0_.package as package13_4_0_, resistoren0_.r_precision as r_preci14_4_0_ from resistor resistoren0_ where resistoren0_.resistor_id=? for update
17:48:03.049 [main] TRACE org.hibernate.loader.plan.build.internal.AbstractLoadPlanBuildingAssociationVisitationStrategy -  Starting root entity : com.soft.entity.ResistorEntity
17:48:03.049 [main] DEBUG org.hibernate.loader.plan.build.internal.spaces.QuerySpacesImpl - Adding QuerySpace : uid = <gen:0> -> org.hibernate.loader.plan.build.internal.spaces.EntityQuerySpaceImpl@26fb4d06]
17:48:03.049 [main] TRACE org.hibernate.loader.plan.build.internal.AbstractLoadPlanBuildingAssociationVisitationStrategy - Pushing fetch source to stack : org.hibernate.loader.plan.build.internal.returns.EntityReturnImpl@c269425
17:48:03.049 [main] TRACE org.hibernate.loader.plan.build.internal.AbstractLoadPlanBuildingAssociationVisitationStrategy - .. Registering AssociationKey : AssociationKey(table=resistor, columns={resistor_id}) -> org.hibernate.loader.plan.build.internal.returns.EntityReturnImpl@c269425
17:48:03.049 [main] TRACE org.hibernate.loader.plan.build.internal.AbstractLoadPlanBuildingAssociationVisitationStrategy - >> Starting entity identifier : com.soft.entity.ResistorEntity
17:48:03.049 [main] DEBUG org.hibernate.persister.walking.spi.MetamodelGraphWalker - Visiting attribute path : category
17:48:03.049 [main] TRACE org.hibernate.loader.plan.build.internal.AbstractLoadPlanBuildingAssociationVisitationStrategy - >> Starting attribute Attribute(name=category, type=integer [non-identifier])
17:48:03.049 [main] TRACE org.hibernate.loader.plan.build.internal.AbstractLoadPlanBuildingAssociationVisitationStrategy - << Finishing up attribute : Attribute(name=category, type=integer [non-identifier])
17:48:03.049 [main] DEBUG org.hibernate.persister.walking.spi.MetamodelGraphWalker - Visiting attribute path : description
17:48:03.049 [main] TRACE org.hibernate.loader.plan.build.internal.AbstractLoadPlanBuildingAssociationVisitationStrategy - >> Starting attribute Attribute(name=description, type=string [non-identifier])
17:48:03.049 [main] TRACE org.hibernate.loader.plan.build.internal.AbstractLoadPlanBuildingAssociationVisitationStrategy - << Finishing up attribute : Attribute(name=description, type=string [non-identifier])
17:48:03.049 [main] DEBUG org.hibernate.persister.walking.spi.MetamodelGraphWalker - Visiting attribute path : name
17:48:03.049 [main] TRACE org.hibernate.loader.plan.build.internal.AbstractLoadPlanBuildingAssociationVisitationStrategy - >> Starting attribute Attribute(name=name, type=string [non-identifier])
17:48:03.050 [main] TRACE org.hibernate.loader.plan.build.internal.AbstractLoadPlanBuildingAssociationVisitationStrategy - << Finishing up attribute : Attribute(name=name, type=string [non-identifier])
17:48:03.050 [main] DEBUG org.hibernate.persister.walking.spi.MetamodelGraphWalker - Visiting attribute path : nominal
17:48:03.050 [main] TRACE org.hibernate.loader.plan.build.internal.AbstractLoadPlanBuildingAssociationVisitationStrategy - >> Starting attribute Attribute(name=nominal, type=double [non-identifier])
17:48:03.050 [main] TRACE org.hibernate.loader.plan.build.internal.AbstractLoadPlanBuildingAssociationVisitationStrategy - << Finishing up attribute : Attribute(name=nominal, type=double [non-identifier])
17:48:03.050 [main] DEBUG org.hibernate.persister.walking.spi.MetamodelGraphWalker - Visiting attribute path : nominalUnit
17:48:03.050 [main] TRACE org.hibernate.loader.plan.build.internal.AbstractLoadPlanBuildingAssociationVisitationStrategy - >> Starting attribute Attribute(name=nominalUnit, type=integer [non-identifier])
17:48:03.050 [main] TRACE org.hibernate.loader.plan.build.internal.AbstractLoadPlanBuildingAssociationVisitationStrategy - << Finishing up attribute : Attribute(name=nominalUnit, type=integer [non-identifier])
17:48:03.050 [main] DEBUG org.hibernate.persister.walking.spi.MetamodelGraphWalker - Visiting attribute path : photo
17:48:03.050 [main] TRACE org.hibernate.loader.plan.build.internal.AbstractLoadPlanBuildingAssociationVisitationStrategy - >> Starting attribute Attribute(name=photo, type=binary [non-identifier])
17:48:03.050 [main] TRACE org.hibernate.loader.plan.build.internal.AbstractLoadPlanBuildingAssociationVisitationStrategy - << Finishing up attribute : Attribute(name=photo, type=binary [non-identifier])
17:48:03.050 [main] DEBUG org.hibernate.persister.walking.spi.MetamodelGraphWalker - Visiting attribute path : power
17:48:03.050 [main] TRACE org.hibernate.loader.plan.build.internal.AbstractLoadPlanBuildingAssociationVisitationStrategy - >> Starting attribute Attribute(name=power, type=double [non-identifier])
17:48:03.050 [main] TRACE org.hibernate.loader.plan.build.internal.AbstractLoadPlanBuildingAssociationVisitationStrategy - << Finishing up attribute : Attribute(name=power, type=double [non-identifier])
17:48:03.050 [main] DEBUG org.hibernate.persister.walking.spi.MetamodelGraphWalker - Visiting attribute path : powerUnit
17:48:03.050 [main] TRACE org.hibernate.loader.plan.build.internal.AbstractLoadPlanBuildingAssociationVisitationStrategy - >> Starting attribute Attribute(name=powerUnit, type=integer [non-identifier])
17:48:03.050 [main] TRACE org.hibernate.loader.plan.build.internal.AbstractLoadPlanBuildingAssociationVisitationStrategy - << Finishing up attribute : Attribute(name=powerUnit, type=integer [non-identifier])
17:48:03.050 [main] DEBUG org.hibernate.persister.walking.spi.MetamodelGraphWalker - Visiting attribute path : price
17:48:03.050 [main] TRACE org.hibernate.loader.plan.build.internal.AbstractLoadPlanBuildingAssociationVisitationStrategy - >> Starting attribute Attribute(name=price, type=double [non-identifier])
17:48:03.050 [main] TRACE org.hibernate.loader.plan.build.internal.AbstractLoadPlanBuildingAssociationVisitationStrategy - << Finishing up attribute : Attribute(name=price, type=double [non-identifier])
17:48:03.050 [main] DEBUG org.hibernate.persister.walking.spi.MetamodelGraphWalker - Visiting attribute path : producer
17:48:03.050 [main] TRACE org.hibernate.loader.plan.build.internal.AbstractLoadPlanBuildingAssociationVisitationStrategy - >> Starting attribute Attribute(name=producer, type=integer [non-identifier])
17:48:03.050 [main] TRACE org.hibernate.loader.plan.build.internal.AbstractLoadPlanBuildingAssociationVisitationStrategy - << Finishing up attribute : Attribute(name=producer, type=integer [non-identifier])
17:48:03.050 [main] DEBUG org.hibernate.persister.walking.spi.MetamodelGraphWalker - Visiting attribute path : quantity
17:48:03.050 [main] TRACE org.hibernate.loader.plan.build.internal.AbstractLoadPlanBuildingAssociationVisitationStrategy - >> Starting attribute Attribute(name=quantity, type=integer [non-identifier])
17:48:03.050 [main] TRACE org.hibernate.loader.plan.build.internal.AbstractLoadPlanBuildingAssociationVisitationStrategy - << Finishing up attribute : Attribute(name=quantity, type=integer [non-identifier])
17:48:03.050 [main] DEBUG org.hibernate.persister.walking.spi.MetamodelGraphWalker - Visiting attribute path : rPackage
17:48:03.050 [main] TRACE org.hibernate.loader.plan.build.internal.AbstractLoadPlanBuildingAssociationVisitationStrategy - >> Starting attribute Attribute(name=rPackage, type=integer [non-identifier])
17:48:03.050 [main] TRACE org.hibernate.loader.plan.build.internal.AbstractLoadPlanBuildingAssociationVisitationStrategy - << Finishing up attribute : Attribute(name=rPackage, type=integer [non-identifier])
17:48:03.050 [main] DEBUG org.hibernate.persister.walking.spi.MetamodelGraphWalker - Visiting attribute path : rPrecision
17:48:03.050 [main] TRACE org.hibernate.loader.plan.build.internal.AbstractLoadPlanBuildingAssociationVisitationStrategy - >> Starting attribute Attribute(name=rPrecision, type=double [non-identifier])
17:48:03.050 [main] TRACE org.hibernate.loader.plan.build.internal.AbstractLoadPlanBuildingAssociationVisitationStrategy - << Finishing up attribute : Attribute(name=rPrecision, type=double [non-identifier])
17:48:03.050 [main] TRACE org.hibernate.loader.plan.build.internal.AbstractLoadPlanBuildingAssociationVisitationStrategy - Popped fetch owner from stack : org.hibernate.loader.plan.build.internal.returns.EntityReturnImpl@c269425
17:48:03.050 [main] TRACE org.hibernate.loader.plan.build.internal.AbstractLoadPlanBuildingAssociationVisitationStrategy -  Finished root entity : com.soft.entity.ResistorEntity
17:48:03.050 [main] DEBUG org.hibernate.loader.plan.build.internal.FetchStyleLoadPlanBuildingAssociationVisitationStrategy - Building LoadPlan...
17:48:03.050 [main] DEBUG org.hibernate.loader.plan.exec.internal.LoadQueryJoinAndFetchProcessor - processing queryspace <gen:0>
17:48:03.051 [main] DEBUG org.hibernate.loader.plan.build.spi.LoadPlanTreePrinter - LoadPlan(entity=com.soft.entity.ResistorEntity)
    - Returns
       - EntityReturnImpl(entity=com.soft.entity.ResistorEntity, querySpaceUid=<gen:0>, path=com.soft.entity.ResistorEntity)
    - QuerySpaces
       - EntityQuerySpaceImpl(uid=<gen:0>, entity=com.soft.entity.ResistorEntity)
          - SQL table alias mapping - resistoren0_
          - alias suffix - 0_
          - suffixed key columns - {resistor1_4_0_}

17:48:03.051 [main] DEBUG org.hibernate.loader.entity.plan.EntityLoader - Static select for entity com.soft.entity.ResistorEntity [UPGRADE_NOWAIT]: select resistoren0_.resistor_id as resistor1_4_0_, resistoren0_.category as category2_4_0_, resistoren0_.description as descript3_4_0_, resistoren0_.name as name4_4_0_, resistoren0_.nominal as nominal5_4_0_, resistoren0_.nominal_unit as nominal_6_4_0_, resistoren0_.photo as photo7_4_0_, resistoren0_.power as power8_4_0_, resistoren0_.power_unit as power_un9_4_0_, resistoren0_.price as price10_4_0_, resistoren0_.producer as produce11_4_0_, resistoren0_.quantity as quantit12_4_0_, resistoren0_.package as package13_4_0_, resistoren0_.r_precision as r_preci14_4_0_ from resistor resistoren0_ where resistoren0_.resistor_id=? for update
17:48:03.051 [main] TRACE org.hibernate.loader.plan.build.internal.AbstractLoadPlanBuildingAssociationVisitationStrategy -  Starting root entity : com.soft.entity.ResistorEntity
17:48:03.051 [main] DEBUG org.hibernate.loader.plan.build.internal.spaces.QuerySpacesImpl - Adding QuerySpace : uid = <gen:0> -> org.hibernate.loader.plan.build.internal.spaces.EntityQuerySpaceImpl@6e43ddd6]
17:48:03.051 [main] TRACE org.hibernate.loader.plan.build.internal.AbstractLoadPlanBuildingAssociationVisitationStrategy - Pushing fetch source to stack : org.hibernate.loader.plan.build.internal.returns.EntityReturnImpl@51d719bc
17:48:03.051 [main] TRACE org.hibernate.loader.plan.build.internal.AbstractLoadPlanBuildingAssociationVisitationStrategy - .. Registering AssociationKey : AssociationKey(table=resistor, columns={resistor_id}) -> org.hibernate.loader.plan.build.internal.returns.EntityReturnImpl@51d719bc
17:48:03.051 [main] TRACE org.hibernate.loader.plan.build.internal.AbstractLoadPlanBuildingAssociationVisitationStrategy - >> Starting entity identifier : com.soft.entity.ResistorEntity
17:48:03.051 [main] DEBUG org.hibernate.persister.walking.spi.MetamodelGraphWalker - Visiting attribute path : category
17:48:03.051 [main] TRACE org.hibernate.loader.plan.build.internal.AbstractLoadPlanBuildingAssociationVisitationStrategy - >> Starting attribute Attribute(name=category, type=integer [non-identifier])
17:48:03.051 [main] TRACE org.hibernate.loader.plan.build.internal.AbstractLoadPlanBuildingAssociationVisitationStrategy - << Finishing up attribute : Attribute(name=category, type=integer [non-identifier])
17:48:03.051 [main] DEBUG org.hibernate.persister.walking.spi.MetamodelGraphWalker - Visiting attribute path : description
17:48:03.051 [main] TRACE org.hibernate.loader.plan.build.internal.AbstractLoadPlanBuildingAssociationVisitationStrategy - >> Starting attribute Attribute(name=description, type=string [non-identifier])
17:48:03.051 [main] TRACE org.hibernate.loader.plan.build.internal.AbstractLoadPlanBuildingAssociationVisitationStrategy - << Finishing up attribute : Attribute(name=description, type=string [non-identifier])
17:48:03.051 [main] DEBUG org.hibernate.persister.walking.spi.MetamodelGraphWalker - Visiting attribute path : name
17:48:03.051 [main] TRACE org.hibernate.loader.plan.build.internal.AbstractLoadPlanBuildingAssociationVisitationStrategy - >> Starting attribute Attribute(name=name, type=string [non-identifier])
17:48:03.051 [main] TRACE org.hibernate.loader.plan.build.internal.AbstractLoadPlanBuildingAssociationVisitationStrategy - << Finishing up attribute : Attribute(name=name, type=string [non-identifier])
17:48:03.051 [main] DEBUG org.hibernate.persister.walking.spi.MetamodelGraphWalker - Visiting attribute path : nominal
17:48:03.051 [main] TRACE org.hibernate.loader.plan.build.internal.AbstractLoadPlanBuildingAssociationVisitationStrategy - >> Starting attribute Attribute(name=nominal, type=double [non-identifier])
17:48:03.051 [main] TRACE org.hibernate.loader.plan.build.internal.AbstractLoadPlanBuildingAssociationVisitationStrategy - << Finishing up attribute : Attribute(name=nominal, type=double [non-identifier])
17:48:03.051 [main] DEBUG org.hibernate.persister.walking.spi.MetamodelGraphWalker - Visiting attribute path : nominalUnit
17:48:03.051 [main] TRACE org.hibernate.loader.plan.build.internal.AbstractLoadPlanBuildingAssociationVisitationStrategy - >> Starting attribute Attribute(name=nominalUnit, type=integer [non-identifier])
17:48:03.051 [main] TRACE org.hibernate.loader.plan.build.internal.AbstractLoadPlanBuildingAssociationVisitationStrategy - << Finishing up attribute : Attribute(name=nominalUnit, type=integer [non-identifier])
17:48:03.051 [main] DEBUG org.hibernate.persister.walking.spi.MetamodelGraphWalker - Visiting attribute path : photo
17:48:03.051 [main] TRACE org.hibernate.loader.plan.build.internal.AbstractLoadPlanBuildingAssociationVisitationStrategy - >> Starting attribute Attribute(name=photo, type=binary [non-identifier])
17:48:03.051 [main] TRACE org.hibernate.loader.plan.build.internal.AbstractLoadPlanBuildingAssociationVisitationStrategy - << Finishing up attribute : Attribute(name=photo, type=binary [non-identifier])
17:48:03.051 [main] DEBUG org.hibernate.persister.walking.spi.MetamodelGraphWalker - Visiting attribute path : power
17:48:03.051 [main] TRACE org.hibernate.loader.plan.build.internal.AbstractLoadPlanBuildingAssociationVisitationStrategy - >> Starting attribute Attribute(name=power, type=double [non-identifier])
17:48:03.051 [main] TRACE org.hibernate.loader.plan.build.internal.AbstractLoadPlanBuildingAssociationVisitationStrategy - << Finishing up attribute : Attribute(name=power, type=double [non-identifier])
17:48:03.051 [main] DEBUG org.hibernate.persister.walking.spi.MetamodelGraphWalker - Visiting attribute path : powerUnit
17:48:03.051 [main] TRACE org.hibernate.loader.plan.build.internal.AbstractLoadPlanBuildingAssociationVisitationStrategy - >> Starting attribute Attribute(name=powerUnit, type=integer [non-identifier])
17:48:03.051 [main] TRACE org.hibernate.loader.plan.build.internal.AbstractLoadPlanBuildingAssociationVisitationStrategy - << Finishing up attribute : Attribute(name=powerUnit, type=integer [non-identifier])
17:48:03.051 [main] DEBUG org.hibernate.persister.walking.spi.MetamodelGraphWalker - Visiting attribute path : price
17:48:03.051 [main] TRACE org.hibernate.loader.plan.build.internal.AbstractLoadPlanBuildingAssociationVisitationStrategy - >> Starting attribute Attribute(name=price, type=double [non-identifier])
17:48:03.051 [main] TRACE org.hibernate.loader.plan.build.internal.AbstractLoadPlanBuildingAssociationVisitationStrategy - << Finishing up attribute : Attribute(name=price, type=double [non-identifier])
17:48:03.051 [main] DEBUG org.hibernate.persister.walking.spi.MetamodelGraphWalker - Visiting attribute path : producer
17:48:03.051 [main] TRACE org.hibernate.loader.plan.build.internal.AbstractLoadPlanBuildingAssociationVisitationStrategy - >> Starting attribute Attribute(name=producer, type=integer [non-identifier])
17:48:03.051 [main] TRACE org.hibernate.loader.plan.build.internal.AbstractLoadPlanBuildingAssociationVisitationStrategy - << Finishing up attribute : Attribute(name=producer, type=integer [non-identifier])
17:48:03.051 [main] DEBUG org.hibernate.persister.walking.spi.MetamodelGraphWalker - Visiting attribute path : quantity
17:48:03.051 [main] TRACE org.hibernate.loader.plan.build.internal.AbstractLoadPlanBuildingAssociationVisitationStrategy - >> Starting attribute Attribute(name=quantity, type=integer [non-identifier])
17:48:03.052 [main] TRACE org.hibernate.loader.plan.build.internal.AbstractLoadPlanBuildingAssociationVisitationStrategy - << Finishing up attribute : Attribute(name=quantity, type=integer [non-identifier])
17:48:03.052 [main] DEBUG org.hibernate.persister.walking.spi.MetamodelGraphWalker - Visiting attribute path : rPackage
17:48:03.052 [main] TRACE org.hibernate.loader.plan.build.internal.AbstractLoadPlanBuildingAssociationVisitationStrategy - >> Starting attribute Attribute(name=rPackage, type=integer [non-identifier])
17:48:03.052 [main] TRACE org.hibernate.loader.plan.build.internal.AbstractLoadPlanBuildingAssociationVisitationStrategy - << Finishing up attribute : Attribute(name=rPackage, type=integer [non-identifier])
17:48:03.052 [main] DEBUG org.hibernate.persister.walking.spi.MetamodelGraphWalker - Visiting attribute path : rPrecision
17:48:03.052 [main] TRACE org.hibernate.loader.plan.build.internal.AbstractLoadPlanBuildingAssociationVisitationStrategy - >> Starting attribute Attribute(name=rPrecision, type=double [non-identifier])
17:48:03.052 [main] TRACE org.hibernate.loader.plan.build.internal.AbstractLoadPlanBuildingAssociationVisitationStrategy - << Finishing up attribute : Attribute(name=rPrecision, type=double [non-identifier])
17:48:03.052 [main] TRACE org.hibernate.loader.plan.build.internal.AbstractLoadPlanBuildingAssociationVisitationStrategy - Popped fetch owner from stack : org.hibernate.loader.plan.build.internal.returns.EntityReturnImpl@51d719bc
17:48:03.052 [main] TRACE org.hibernate.loader.plan.build.internal.AbstractLoadPlanBuildingAssociationVisitationStrategy -  Finished root entity : com.soft.entity.ResistorEntity
17:48:03.052 [main] DEBUG org.hibernate.loader.plan.build.internal.FetchStyleLoadPlanBuildingAssociationVisitationStrategy - Building LoadPlan...
17:48:03.052 [main] DEBUG org.hibernate.loader.plan.exec.internal.LoadQueryJoinAndFetchProcessor - processing queryspace <gen:0>
17:48:03.052 [main] DEBUG org.hibernate.loader.plan.build.spi.LoadPlanTreePrinter - LoadPlan(entity=com.soft.entity.ResistorEntity)
    - Returns
       - EntityReturnImpl(entity=com.soft.entity.ResistorEntity, querySpaceUid=<gen:0>, path=com.soft.entity.ResistorEntity)
    - QuerySpaces
       - EntityQuerySpaceImpl(uid=<gen:0>, entity=com.soft.entity.ResistorEntity)
          - SQL table alias mapping - resistoren0_
          - alias suffix - 0_
          - suffixed key columns - {resistor1_4_0_}

17:48:03.052 [main] DEBUG org.hibernate.loader.entity.plan.EntityLoader - Static select for entity com.soft.entity.ResistorEntity [UPGRADE_SKIPLOCKED]: select resistoren0_.resistor_id as resistor1_4_0_, resistoren0_.category as category2_4_0_, resistoren0_.description as descript3_4_0_, resistoren0_.name as name4_4_0_, resistoren0_.nominal as nominal5_4_0_, resistoren0_.nominal_unit as nominal_6_4_0_, resistoren0_.photo as photo7_4_0_, resistoren0_.power as power8_4_0_, resistoren0_.power_unit as power_un9_4_0_, resistoren0_.price as price10_4_0_, resistoren0_.producer as produce11_4_0_, resistoren0_.quantity as quantit12_4_0_, resistoren0_.package as package13_4_0_, resistoren0_.r_precision as r_preci14_4_0_ from resistor resistoren0_ where resistoren0_.resistor_id=? for update
17:48:03.052 [main] TRACE org.hibernate.loader.plan.build.internal.AbstractLoadPlanBuildingAssociationVisitationStrategy -  Starting root entity : com.soft.entity.ResistorEntity
17:48:03.052 [main] DEBUG org.hibernate.loader.plan.build.internal.spaces.QuerySpacesImpl - Adding QuerySpace : uid = <gen:0> -> org.hibernate.loader.plan.build.internal.spaces.EntityQuerySpaceImpl@2d38edfd]
17:48:03.052 [main] TRACE org.hibernate.loader.plan.build.internal.AbstractLoadPlanBuildingAssociationVisitationStrategy - Pushing fetch source to stack : org.hibernate.loader.plan.build.internal.returns.EntityReturnImpl@1507c3c3
17:48:03.052 [main] TRACE org.hibernate.loader.plan.build.internal.AbstractLoadPlanBuildingAssociationVisitationStrategy - .. Registering AssociationKey : AssociationKey(table=resistor, columns={resistor_id}) -> org.hibernate.loader.plan.build.internal.returns.EntityReturnImpl@1507c3c3
17:48:03.052 [main] TRACE org.hibernate.loader.plan.build.internal.AbstractLoadPlanBuildingAssociationVisitationStrategy - >> Starting entity identifier : com.soft.entity.ResistorEntity
17:48:03.052 [main] DEBUG org.hibernate.persister.walking.spi.MetamodelGraphWalker - Visiting attribute path : category
17:48:03.052 [main] TRACE org.hibernate.loader.plan.build.internal.AbstractLoadPlanBuildingAssociationVisitationStrategy - >> Starting attribute Attribute(name=category, type=integer [non-identifier])
17:48:03.052 [main] TRACE org.hibernate.loader.plan.build.internal.AbstractLoadPlanBuildingAssociationVisitationStrategy - << Finishing up attribute : Attribute(name=category, type=integer [non-identifier])
17:48:03.052 [main] DEBUG org.hibernate.persister.walking.spi.MetamodelGraphWalker - Visiting attribute path : description
17:48:03.052 [main] TRACE org.hibernate.loader.plan.build.internal.AbstractLoadPlanBuildingAssociationVisitationStrategy - >> Starting attribute Attribute(name=description, type=string [non-identifier])
17:48:03.052 [main] TRACE org.hibernate.loader.plan.build.internal.AbstractLoadPlanBuildingAssociationVisitationStrategy - << Finishing up attribute : Attribute(name=description, type=string [non-identifier])
17:48:03.053 [main] DEBUG org.hibernate.persister.walking.spi.MetamodelGraphWalker - Visiting attribute path : name
17:48:03.053 [main] TRACE org.hibernate.loader.plan.build.internal.AbstractLoadPlanBuildingAssociationVisitationStrategy - >> Starting attribute Attribute(name=name, type=string [non-identifier])
17:48:03.053 [main] TRACE org.hibernate.loader.plan.build.internal.AbstractLoadPlanBuildingAssociationVisitationStrategy - << Finishing up attribute : Attribute(name=name, type=string [non-identifier])
17:48:03.053 [main] DEBUG org.hibernate.persister.walking.spi.MetamodelGraphWalker - Visiting attribute path : nominal
17:48:03.053 [main] TRACE org.hibernate.loader.plan.build.internal.AbstractLoadPlanBuildingAssociationVisitationStrategy - >> Starting attribute Attribute(name=nominal, type=double [non-identifier])
17:48:03.053 [main] TRACE org.hibernate.loader.plan.build.internal.AbstractLoadPlanBuildingAssociationVisitationStrategy - << Finishing up attribute : Attribute(name=nominal, type=double [non-identifier])
17:48:03.053 [main] DEBUG org.hibernate.persister.walking.spi.MetamodelGraphWalker - Visiting attribute path : nominalUnit
17:48:03.053 [main] TRACE org.hibernate.loader.plan.build.internal.AbstractLoadPlanBuildingAssociationVisitationStrategy - >> Starting attribute Attribute(name=nominalUnit, type=integer [non-identifier])
17:48:03.053 [main] TRACE org.hibernate.loader.plan.build.internal.AbstractLoadPlanBuildingAssociationVisitationStrategy - << Finishing up attribute : Attribute(name=nominalUnit, type=integer [non-identifier])
17:48:03.053 [main] DEBUG org.hibernate.persister.walking.spi.MetamodelGraphWalker - Visiting attribute path : photo
17:48:03.053 [main] TRACE org.hibernate.loader.plan.build.internal.AbstractLoadPlanBuildingAssociationVisitationStrategy - >> Starting attribute Attribute(name=photo, type=binary [non-identifier])
17:48:03.053 [main] TRACE org.hibernate.loader.plan.build.internal.AbstractLoadPlanBuildingAssociationVisitationStrategy - << Finishing up attribute : Attribute(name=photo, type=binary [non-identifier])
17:48:03.053 [main] DEBUG org.hibernate.persister.walking.spi.MetamodelGraphWalker - Visiting attribute path : power
17:48:03.053 [main] TRACE org.hibernate.loader.plan.build.internal.AbstractLoadPlanBuildingAssociationVisitationStrategy - >> Starting attribute Attribute(name=power, type=double [non-identifier])
17:48:03.053 [main] TRACE org.hibernate.loader.plan.build.internal.AbstractLoadPlanBuildingAssociationVisitationStrategy - << Finishing up attribute : Attribute(name=power, type=double [non-identifier])
17:48:03.053 [main] DEBUG org.hibernate.persister.walking.spi.MetamodelGraphWalker - Visiting attribute path : powerUnit
17:48:03.053 [main] TRACE org.hibernate.loader.plan.build.internal.AbstractLoadPlanBuildingAssociationVisitationStrategy - >> Starting attribute Attribute(name=powerUnit, type=integer [non-identifier])
17:48:03.053 [main] TRACE org.hibernate.loader.plan.build.internal.AbstractLoadPlanBuildingAssociationVisitationStrategy - << Finishing up attribute : Attribute(name=powerUnit, type=integer [non-identifier])
17:48:03.053 [main] DEBUG org.hibernate.persister.walking.spi.MetamodelGraphWalker - Visiting attribute path : price
17:48:03.053 [main] TRACE org.hibernate.loader.plan.build.internal.AbstractLoadPlanBuildingAssociationVisitationStrategy - >> Starting attribute Attribute(name=price, type=double [non-identifier])
17:48:03.053 [main] TRACE org.hibernate.loader.plan.build.internal.AbstractLoadPlanBuildingAssociationVisitationStrategy - << Finishing up attribute : Attribute(name=price, type=double [non-identifier])
17:48:03.053 [main] DEBUG org.hibernate.persister.walking.spi.MetamodelGraphWalker - Visiting attribute path : producer
17:48:03.053 [main] TRACE org.hibernate.loader.plan.build.internal.AbstractLoadPlanBuildingAssociationVisitationStrategy - >> Starting attribute Attribute(name=producer, type=integer [non-identifier])
17:48:03.053 [main] TRACE org.hibernate.loader.plan.build.internal.AbstractLoadPlanBuildingAssociationVisitationStrategy - << Finishing up attribute : Attribute(name=producer, type=integer [non-identifier])
17:48:03.053 [main] DEBUG org.hibernate.persister.walking.spi.MetamodelGraphWalker - Visiting attribute path : quantity
17:48:03.053 [main] TRACE org.hibernate.loader.plan.build.internal.AbstractLoadPlanBuildingAssociationVisitationStrategy - >> Starting attribute Attribute(name=quantity, type=integer [non-identifier])
17:48:03.053 [main] TRACE org.hibernate.loader.plan.build.internal.AbstractLoadPlanBuildingAssociationVisitationStrategy - << Finishing up attribute : Attribute(name=quantity, type=integer [non-identifier])
17:48:03.053 [main] DEBUG org.hibernate.persister.walking.spi.MetamodelGraphWalker - Visiting attribute path : rPackage
17:48:03.053 [main] TRACE org.hibernate.loader.plan.build.internal.AbstractLoadPlanBuildingAssociationVisitationStrategy - >> Starting attribute Attribute(name=rPackage, type=integer [non-identifier])
17:48:03.053 [main] TRACE org.hibernate.loader.plan.build.internal.AbstractLoadPlanBuildingAssociationVisitationStrategy - << Finishing up attribute : Attribute(name=rPackage, type=integer [non-identifier])
17:48:03.053 [main] DEBUG org.hibernate.persister.walking.spi.MetamodelGraphWalker - Visiting attribute path : rPrecision
17:48:03.053 [main] TRACE org.hibernate.loader.plan.build.internal.AbstractLoadPlanBuildingAssociationVisitationStrategy - >> Starting attribute Attribute(name=rPrecision, type=double [non-identifier])
17:48:03.053 [main] TRACE org.hibernate.loader.plan.build.internal.AbstractLoadPlanBuildingAssociationVisitationStrategy - << Finishing up attribute : Attribute(name=rPrecision, type=double [non-identifier])
17:48:03.053 [main] TRACE org.hibernate.loader.plan.build.internal.AbstractLoadPlanBuildingAssociationVisitationStrategy - Popped fetch owner from stack : org.hibernate.loader.plan.build.internal.returns.EntityReturnImpl@1507c3c3
17:48:03.053 [main] TRACE org.hibernate.loader.plan.build.internal.AbstractLoadPlanBuildingAssociationVisitationStrategy -  Finished root entity : com.soft.entity.ResistorEntity
17:48:03.053 [main] DEBUG org.hibernate.loader.plan.build.internal.FetchStyleLoadPlanBuildingAssociationVisitationStrategy - Building LoadPlan...
17:48:03.053 [main] DEBUG org.hibernate.loader.plan.exec.internal.LoadQueryJoinAndFetchProcessor - processing queryspace <gen:0>
17:48:03.054 [main] DEBUG org.hibernate.loader.plan.build.spi.LoadPlanTreePrinter - LoadPlan(entity=com.soft.entity.ResistorEntity)
    - Returns
       - EntityReturnImpl(entity=com.soft.entity.ResistorEntity, querySpaceUid=<gen:0>, path=com.soft.entity.ResistorEntity)
    - QuerySpaces
       - EntityQuerySpaceImpl(uid=<gen:0>, entity=com.soft.entity.ResistorEntity)
          - SQL table alias mapping - resistoren0_
          - alias suffix - 0_
          - suffixed key columns - {resistor1_4_0_}

17:48:03.054 [main] DEBUG org.hibernate.loader.entity.plan.EntityLoader - Static select for entity com.soft.entity.ResistorEntity [FORCE]: select resistoren0_.resistor_id as resistor1_4_0_, resistoren0_.category as category2_4_0_, resistoren0_.description as descript3_4_0_, resistoren0_.name as name4_4_0_, resistoren0_.nominal as nominal5_4_0_, resistoren0_.nominal_unit as nominal_6_4_0_, resistoren0_.photo as photo7_4_0_, resistoren0_.power as power8_4_0_, resistoren0_.power_unit as power_un9_4_0_, resistoren0_.price as price10_4_0_, resistoren0_.producer as produce11_4_0_, resistoren0_.quantity as quantit12_4_0_, resistoren0_.package as package13_4_0_, resistoren0_.r_precision as r_preci14_4_0_ from resistor resistoren0_ where resistoren0_.resistor_id=? for update
17:48:03.054 [main] TRACE org.hibernate.loader.plan.build.internal.AbstractLoadPlanBuildingAssociationVisitationStrategy -  Starting root entity : com.soft.entity.ResistorEntity
17:48:03.054 [main] DEBUG org.hibernate.loader.plan.build.internal.spaces.QuerySpacesImpl - Adding QuerySpace : uid = <gen:0> -> org.hibernate.loader.plan.build.internal.spaces.EntityQuerySpaceImpl@655a01d8]
17:48:03.054 [main] TRACE org.hibernate.loader.plan.build.internal.AbstractLoadPlanBuildingAssociationVisitationStrategy - Pushing fetch source to stack : org.hibernate.loader.plan.build.internal.returns.EntityReturnImpl@c29fe36
17:48:03.054 [main] TRACE org.hibernate.loader.plan.build.internal.AbstractLoadPlanBuildingAssociationVisitationStrategy - .. Registering AssociationKey : AssociationKey(table=resistor, columns={resistor_id}) -> org.hibernate.loader.plan.build.internal.returns.EntityReturnImpl@c29fe36
17:48:03.054 [main] TRACE org.hibernate.loader.plan.build.internal.AbstractLoadPlanBuildingAssociationVisitationStrategy - >> Starting entity identifier : com.soft.entity.ResistorEntity
17:48:03.054 [main] DEBUG org.hibernate.persister.walking.spi.MetamodelGraphWalker - Visiting attribute path : category
17:48:03.054 [main] TRACE org.hibernate.loader.plan.build.internal.AbstractLoadPlanBuildingAssociationVisitationStrategy - >> Starting attribute Attribute(name=category, type=integer [non-identifier])
17:48:03.054 [main] TRACE org.hibernate.loader.plan.build.internal.AbstractLoadPlanBuildingAssociationVisitationStrategy - << Finishing up attribute : Attribute(name=category, type=integer [non-identifier])
17:48:03.054 [main] DEBUG org.hibernate.persister.walking.spi.MetamodelGraphWalker - Visiting attribute path : description
17:48:03.054 [main] TRACE org.hibernate.loader.plan.build.internal.AbstractLoadPlanBuildingAssociationVisitationStrategy - >> Starting attribute Attribute(name=description, type=string [non-identifier])
17:48:03.054 [main] TRACE org.hibernate.loader.plan.build.internal.AbstractLoadPlanBuildingAssociationVisitationStrategy - << Finishing up attribute : Attribute(name=description, type=string [non-identifier])
17:48:03.054 [main] DEBUG org.hibernate.persister.walking.spi.MetamodelGraphWalker - Visiting attribute path : name
17:48:03.054 [main] TRACE org.hibernate.loader.plan.build.internal.AbstractLoadPlanBuildingAssociationVisitationStrategy - >> Starting attribute Attribute(name=name, type=string [non-identifier])
17:48:03.054 [main] TRACE org.hibernate.loader.plan.build.internal.AbstractLoadPlanBuildingAssociationVisitationStrategy - << Finishing up attribute : Attribute(name=name, type=string [non-identifier])
17:48:03.054 [main] DEBUG org.hibernate.persister.walking.spi.MetamodelGraphWalker - Visiting attribute path : nominal
17:48:03.054 [main] TRACE org.hibernate.loader.plan.build.internal.AbstractLoadPlanBuildingAssociationVisitationStrategy - >> Starting attribute Attribute(name=nominal, type=double [non-identifier])
17:48:03.054 [main] TRACE org.hibernate.loader.plan.build.internal.AbstractLoadPlanBuildingAssociationVisitationStrategy - << Finishing up attribute : Attribute(name=nominal, type=double [non-identifier])
17:48:03.054 [main] DEBUG org.hibernate.persister.walking.spi.MetamodelGraphWalker - Visiting attribute path : nominalUnit
17:48:03.054 [main] TRACE org.hibernate.loader.plan.build.internal.AbstractLoadPlanBuildingAssociationVisitationStrategy - >> Starting attribute Attribute(name=nominalUnit, type=integer [non-identifier])
17:48:03.054 [main] TRACE org.hibernate.loader.plan.build.internal.AbstractLoadPlanBuildingAssociationVisitationStrategy - << Finishing up attribute : Attribute(name=nominalUnit, type=integer [non-identifier])
17:48:03.054 [main] DEBUG org.hibernate.persister.walking.spi.MetamodelGraphWalker - Visiting attribute path : photo
17:48:03.054 [main] TRACE org.hibernate.loader.plan.build.internal.AbstractLoadPlanBuildingAssociationVisitationStrategy - >> Starting attribute Attribute(name=photo, type=binary [non-identifier])
17:48:03.054 [main] TRACE org.hibernate.loader.plan.build.internal.AbstractLoadPlanBuildingAssociationVisitationStrategy - << Finishing up attribute : Attribute(name=photo, type=binary [non-identifier])
17:48:03.054 [main] DEBUG org.hibernate.persister.walking.spi.MetamodelGraphWalker - Visiting attribute path : power
17:48:03.054 [main] TRACE org.hibernate.loader.plan.build.internal.AbstractLoadPlanBuildingAssociationVisitationStrategy - >> Starting attribute Attribute(name=power, type=double [non-identifier])
17:48:03.054 [main] TRACE org.hibernate.loader.plan.build.internal.AbstractLoadPlanBuildingAssociationVisitationStrategy - << Finishing up attribute : Attribute(name=power, type=double [non-identifier])
17:48:03.054 [main] DEBUG org.hibernate.persister.walking.spi.MetamodelGraphWalker - Visiting attribute path : powerUnit
17:48:03.054 [main] TRACE org.hibernate.loader.plan.build.internal.AbstractLoadPlanBuildingAssociationVisitationStrategy - >> Starting attribute Attribute(name=powerUnit, type=integer [non-identifier])
17:48:03.054 [main] TRACE org.hibernate.loader.plan.build.internal.AbstractLoadPlanBuildingAssociationVisitationStrategy - << Finishing up attribute : Attribute(name=powerUnit, type=integer [non-identifier])
17:48:03.054 [main] DEBUG org.hibernate.persister.walking.spi.MetamodelGraphWalker - Visiting attribute path : price
17:48:03.054 [main] TRACE org.hibernate.loader.plan.build.internal.AbstractLoadPlanBuildingAssociationVisitationStrategy - >> Starting attribute Attribute(name=price, type=double [non-identifier])
17:48:03.054 [main] TRACE org.hibernate.loader.plan.build.internal.AbstractLoadPlanBuildingAssociationVisitationStrategy - << Finishing up attribute : Attribute(name=price, type=double [non-identifier])
17:48:03.054 [main] DEBUG org.hibernate.persister.walking.spi.MetamodelGraphWalker - Visiting attribute path : producer
17:48:03.054 [main] TRACE org.hibernate.loader.plan.build.internal.AbstractLoadPlanBuildingAssociationVisitationStrategy - >> Starting attribute Attribute(name=producer, type=integer [non-identifier])
17:48:03.054 [main] TRACE org.hibernate.loader.plan.build.internal.AbstractLoadPlanBuildingAssociationVisitationStrategy - << Finishing up attribute : Attribute(name=producer, type=integer [non-identifier])
17:48:03.054 [main] DEBUG org.hibernate.persister.walking.spi.MetamodelGraphWalker - Visiting attribute path : quantity
17:48:03.054 [main] TRACE org.hibernate.loader.plan.build.internal.AbstractLoadPlanBuildingAssociationVisitationStrategy - >> Starting attribute Attribute(name=quantity, type=integer [non-identifier])
17:48:03.054 [main] TRACE org.hibernate.loader.plan.build.internal.AbstractLoadPlanBuildingAssociationVisitationStrategy - << Finishing up attribute : Attribute(name=quantity, type=integer [non-identifier])
17:48:03.055 [main] DEBUG org.hibernate.persister.walking.spi.MetamodelGraphWalker - Visiting attribute path : rPackage
17:48:03.055 [main] TRACE org.hibernate.loader.plan.build.internal.AbstractLoadPlanBuildingAssociationVisitationStrategy - >> Starting attribute Attribute(name=rPackage, type=integer [non-identifier])
17:48:03.055 [main] TRACE org.hibernate.loader.plan.build.internal.AbstractLoadPlanBuildingAssociationVisitationStrategy - << Finishing up attribute : Attribute(name=rPackage, type=integer [non-identifier])
17:48:03.055 [main] DEBUG org.hibernate.persister.walking.spi.MetamodelGraphWalker - Visiting attribute path : rPrecision
17:48:03.055 [main] TRACE org.hibernate.loader.plan.build.internal.AbstractLoadPlanBuildingAssociationVisitationStrategy - >> Starting attribute Attribute(name=rPrecision, type=double [non-identifier])
17:48:03.055 [main] TRACE org.hibernate.loader.plan.build.internal.AbstractLoadPlanBuildingAssociationVisitationStrategy - << Finishing up attribute : Attribute(name=rPrecision, type=double [non-identifier])
17:48:03.055 [main] TRACE org.hibernate.loader.plan.build.internal.AbstractLoadPlanBuildingAssociationVisitationStrategy - Popped fetch owner from stack : org.hibernate.loader.plan.build.internal.returns.EntityReturnImpl@c29fe36
17:48:03.055 [main] TRACE org.hibernate.loader.plan.build.internal.AbstractLoadPlanBuildingAssociationVisitationStrategy -  Finished root entity : com.soft.entity.ResistorEntity
17:48:03.055 [main] DEBUG org.hibernate.loader.plan.build.internal.FetchStyleLoadPlanBuildingAssociationVisitationStrategy - Building LoadPlan...
17:48:03.055 [main] DEBUG org.hibernate.loader.plan.exec.internal.LoadQueryJoinAndFetchProcessor - processing queryspace <gen:0>
17:48:03.055 [main] DEBUG org.hibernate.loader.plan.build.spi.LoadPlanTreePrinter - LoadPlan(entity=com.soft.entity.ResistorEntity)
    - Returns
       - EntityReturnImpl(entity=com.soft.entity.ResistorEntity, querySpaceUid=<gen:0>, path=com.soft.entity.ResistorEntity)
    - QuerySpaces
       - EntityQuerySpaceImpl(uid=<gen:0>, entity=com.soft.entity.ResistorEntity)
          - SQL table alias mapping - resistoren0_
          - alias suffix - 0_
          - suffixed key columns - {resistor1_4_0_}

17:48:03.055 [main] DEBUG org.hibernate.loader.entity.plan.EntityLoader - Static select for entity com.soft.entity.ResistorEntity [PESSIMISTIC_READ]: select resistoren0_.resistor_id as resistor1_4_0_, resistoren0_.category as category2_4_0_, resistoren0_.description as descript3_4_0_, resistoren0_.name as name4_4_0_, resistoren0_.nominal as nominal5_4_0_, resistoren0_.nominal_unit as nominal_6_4_0_, resistoren0_.photo as photo7_4_0_, resistoren0_.power as power8_4_0_, resistoren0_.power_unit as power_un9_4_0_, resistoren0_.price as price10_4_0_, resistoren0_.producer as produce11_4_0_, resistoren0_.quantity as quantit12_4_0_, resistoren0_.package as package13_4_0_, resistoren0_.r_precision as r_preci14_4_0_ from resistor resistoren0_ where resistoren0_.resistor_id=? lock in share mode
17:48:03.055 [main] TRACE org.hibernate.loader.plan.build.internal.AbstractLoadPlanBuildingAssociationVisitationStrategy -  Starting root entity : com.soft.entity.ResistorEntity
17:48:03.055 [main] DEBUG org.hibernate.loader.plan.build.internal.spaces.QuerySpacesImpl - Adding QuerySpace : uid = <gen:0> -> org.hibernate.loader.plan.build.internal.spaces.EntityQuerySpaceImpl@6614bd4b]
17:48:03.055 [main] TRACE org.hibernate.loader.plan.build.internal.AbstractLoadPlanBuildingAssociationVisitationStrategy - Pushing fetch source to stack : org.hibernate.loader.plan.build.internal.returns.EntityReturnImpl@4d266391
17:48:03.055 [main] TRACE org.hibernate.loader.plan.build.internal.AbstractLoadPlanBuildingAssociationVisitationStrategy - .. Registering AssociationKey : AssociationKey(table=resistor, columns={resistor_id}) -> org.hibernate.loader.plan.build.internal.returns.EntityReturnImpl@4d266391
17:48:03.055 [main] TRACE org.hibernate.loader.plan.build.internal.AbstractLoadPlanBuildingAssociationVisitationStrategy - >> Starting entity identifier : com.soft.entity.ResistorEntity
17:48:03.055 [main] DEBUG org.hibernate.persister.walking.spi.MetamodelGraphWalker - Visiting attribute path : category
17:48:03.055 [main] TRACE org.hibernate.loader.plan.build.internal.AbstractLoadPlanBuildingAssociationVisitationStrategy - >> Starting attribute Attribute(name=category, type=integer [non-identifier])
17:48:03.055 [main] TRACE org.hibernate.loader.plan.build.internal.AbstractLoadPlanBuildingAssociationVisitationStrategy - << Finishing up attribute : Attribute(name=category, type=integer [non-identifier])
17:48:03.055 [main] DEBUG org.hibernate.persister.walking.spi.MetamodelGraphWalker - Visiting attribute path : description
17:48:03.055 [main] TRACE org.hibernate.loader.plan.build.internal.AbstractLoadPlanBuildingAssociationVisitationStrategy - >> Starting attribute Attribute(name=description, type=string [non-identifier])
17:48:03.055 [main] TRACE org.hibernate.loader.plan.build.internal.AbstractLoadPlanBuildingAssociationVisitationStrategy - << Finishing up attribute : Attribute(name=description, type=string [non-identifier])
17:48:03.055 [main] DEBUG org.hibernate.persister.walking.spi.MetamodelGraphWalker - Visiting attribute path : name
17:48:03.055 [main] TRACE org.hibernate.loader.plan.build.internal.AbstractLoadPlanBuildingAssociationVisitationStrategy - >> Starting attribute Attribute(name=name, type=string [non-identifier])
17:48:03.055 [main] TRACE org.hibernate.loader.plan.build.internal.AbstractLoadPlanBuildingAssociationVisitationStrategy - << Finishing up attribute : Attribute(name=name, type=string [non-identifier])
17:48:03.055 [main] DEBUG org.hibernate.persister.walking.spi.MetamodelGraphWalker - Visiting attribute path : nominal
17:48:03.055 [main] TRACE org.hibernate.loader.plan.build.internal.AbstractLoadPlanBuildingAssociationVisitationStrategy - >> Starting attribute Attribute(name=nominal, type=double [non-identifier])
17:48:03.055 [main] TRACE org.hibernate.loader.plan.build.internal.AbstractLoadPlanBuildingAssociationVisitationStrategy - << Finishing up attribute : Attribute(name=nominal, type=double [non-identifier])
17:48:03.056 [main] DEBUG org.hibernate.persister.walking.spi.MetamodelGraphWalker - Visiting attribute path : nominalUnit
17:48:03.056 [main] TRACE org.hibernate.loader.plan.build.internal.AbstractLoadPlanBuildingAssociationVisitationStrategy - >> Starting attribute Attribute(name=nominalUnit, type=integer [non-identifier])
17:48:03.056 [main] TRACE org.hibernate.loader.plan.build.internal.AbstractLoadPlanBuildingAssociationVisitationStrategy - << Finishing up attribute : Attribute(name=nominalUnit, type=integer [non-identifier])
17:48:03.056 [main] DEBUG org.hibernate.persister.walking.spi.MetamodelGraphWalker - Visiting attribute path : photo
17:48:03.056 [main] TRACE org.hibernate.loader.plan.build.internal.AbstractLoadPlanBuildingAssociationVisitationStrategy - >> Starting attribute Attribute(name=photo, type=binary [non-identifier])
17:48:03.056 [main] TRACE org.hibernate.loader.plan.build.internal.AbstractLoadPlanBuildingAssociationVisitationStrategy - << Finishing up attribute : Attribute(name=photo, type=binary [non-identifier])
17:48:03.056 [main] DEBUG org.hibernate.persister.walking.spi.MetamodelGraphWalker - Visiting attribute path : power
17:48:03.056 [main] TRACE org.hibernate.loader.plan.build.internal.AbstractLoadPlanBuildingAssociationVisitationStrategy - >> Starting attribute Attribute(name=power, type=double [non-identifier])
17:48:03.056 [main] TRACE org.hibernate.loader.plan.build.internal.AbstractLoadPlanBuildingAssociationVisitationStrategy - << Finishing up attribute : Attribute(name=power, type=double [non-identifier])
17:48:03.056 [main] DEBUG org.hibernate.persister.walking.spi.MetamodelGraphWalker - Visiting attribute path : powerUnit
17:48:03.056 [main] TRACE org.hibernate.loader.plan.build.internal.AbstractLoadPlanBuildingAssociationVisitationStrategy - >> Starting attribute Attribute(name=powerUnit, type=integer [non-identifier])
17:48:03.056 [main] TRACE org.hibernate.loader.plan.build.internal.AbstractLoadPlanBuildingAssociationVisitationStrategy - << Finishing up attribute : Attribute(name=powerUnit, type=integer [non-identifier])
17:48:03.056 [main] DEBUG org.hibernate.persister.walking.spi.MetamodelGraphWalker - Visiting attribute path : price
17:48:03.056 [main] TRACE org.hibernate.loader.plan.build.internal.AbstractLoadPlanBuildingAssociationVisitationStrategy - >> Starting attribute Attribute(name=price, type=double [non-identifier])
17:48:03.056 [main] TRACE org.hibernate.loader.plan.build.internal.AbstractLoadPlanBuildingAssociationVisitationStrategy - << Finishing up attribute : Attribute(name=price, type=double [non-identifier])
17:48:03.056 [main] DEBUG org.hibernate.persister.walking.spi.MetamodelGraphWalker - Visiting attribute path : producer
17:48:03.056 [main] TRACE org.hibernate.loader.plan.build.internal.AbstractLoadPlanBuildingAssociationVisitationStrategy - >> Starting attribute Attribute(name=producer, type=integer [non-identifier])
17:48:03.056 [main] TRACE org.hibernate.loader.plan.build.internal.AbstractLoadPlanBuildingAssociationVisitationStrategy - << Finishing up attribute : Attribute(name=producer, type=integer [non-identifier])
17:48:03.056 [main] DEBUG org.hibernate.persister.walking.spi.MetamodelGraphWalker - Visiting attribute path : quantity
17:48:03.056 [main] TRACE org.hibernate.loader.plan.build.internal.AbstractLoadPlanBuildingAssociationVisitationStrategy - >> Starting attribute Attribute(name=quantity, type=integer [non-identifier])
17:48:03.056 [main] TRACE org.hibernate.loader.plan.build.internal.AbstractLoadPlanBuildingAssociationVisitationStrategy - << Finishing up attribute : Attribute(name=quantity, type=integer [non-identifier])
17:48:03.056 [main] DEBUG org.hibernate.persister.walking.spi.MetamodelGraphWalker - Visiting attribute path : rPackage
17:48:03.056 [main] TRACE org.hibernate.loader.plan.build.internal.AbstractLoadPlanBuildingAssociationVisitationStrategy - >> Starting attribute Attribute(name=rPackage, type=integer [non-identifier])
17:48:03.056 [main] TRACE org.hibernate.loader.plan.build.internal.AbstractLoadPlanBuildingAssociationVisitationStrategy - << Finishing up attribute : Attribute(name=rPackage, type=integer [non-identifier])
17:48:03.056 [main] DEBUG org.hibernate.persister.walking.spi.MetamodelGraphWalker - Visiting attribute path : rPrecision
17:48:03.056 [main] TRACE org.hibernate.loader.plan.build.internal.AbstractLoadPlanBuildingAssociationVisitationStrategy - >> Starting attribute Attribute(name=rPrecision, type=double [non-identifier])
17:48:03.056 [main] TRACE org.hibernate.loader.plan.build.internal.AbstractLoadPlanBuildingAssociationVisitationStrategy - << Finishing up attribute : Attribute(name=rPrecision, type=double [non-identifier])
17:48:03.056 [main] TRACE org.hibernate.loader.plan.build.internal.AbstractLoadPlanBuildingAssociationVisitationStrategy - Popped fetch owner from stack : org.hibernate.loader.plan.build.internal.returns.EntityReturnImpl@4d266391
17:48:03.056 [main] TRACE org.hibernate.loader.plan.build.internal.AbstractLoadPlanBuildingAssociationVisitationStrategy -  Finished root entity : com.soft.entity.ResistorEntity
17:48:03.056 [main] DEBUG org.hibernate.loader.plan.build.internal.FetchStyleLoadPlanBuildingAssociationVisitationStrategy - Building LoadPlan...
17:48:03.056 [main] DEBUG org.hibernate.loader.plan.exec.internal.LoadQueryJoinAndFetchProcessor - processing queryspace <gen:0>
17:48:03.056 [main] DEBUG org.hibernate.loader.plan.build.spi.LoadPlanTreePrinter - LoadPlan(entity=com.soft.entity.ResistorEntity)
    - Returns
       - EntityReturnImpl(entity=com.soft.entity.ResistorEntity, querySpaceUid=<gen:0>, path=com.soft.entity.ResistorEntity)
    - QuerySpaces
       - EntityQuerySpaceImpl(uid=<gen:0>, entity=com.soft.entity.ResistorEntity)
          - SQL table alias mapping - resistoren0_
          - alias suffix - 0_
          - suffixed key columns - {resistor1_4_0_}

17:48:03.056 [main] DEBUG org.hibernate.loader.entity.plan.EntityLoader - Static select for entity com.soft.entity.ResistorEntity [PESSIMISTIC_WRITE]: select resistoren0_.resistor_id as resistor1_4_0_, resistoren0_.category as category2_4_0_, resistoren0_.description as descript3_4_0_, resistoren0_.name as name4_4_0_, resistoren0_.nominal as nominal5_4_0_, resistoren0_.nominal_unit as nominal_6_4_0_, resistoren0_.photo as photo7_4_0_, resistoren0_.power as power8_4_0_, resistoren0_.power_unit as power_un9_4_0_, resistoren0_.price as price10_4_0_, resistoren0_.producer as produce11_4_0_, resistoren0_.quantity as quantit12_4_0_, resistoren0_.package as package13_4_0_, resistoren0_.r_precision as r_preci14_4_0_ from resistor resistoren0_ where resistoren0_.resistor_id=? for update
17:48:03.057 [main] TRACE org.hibernate.loader.plan.build.internal.AbstractLoadPlanBuildingAssociationVisitationStrategy -  Starting root entity : com.soft.entity.ResistorEntity
17:48:03.057 [main] DEBUG org.hibernate.loader.plan.build.internal.spaces.QuerySpacesImpl - Adding QuerySpace : uid = <gen:0> -> org.hibernate.loader.plan.build.internal.spaces.EntityQuerySpaceImpl@7847ef2c]
17:48:03.057 [main] TRACE org.hibernate.loader.plan.build.internal.AbstractLoadPlanBuildingAssociationVisitationStrategy - Pushing fetch source to stack : org.hibernate.loader.plan.build.internal.returns.EntityReturnImpl@3b5c665c
17:48:03.057 [main] TRACE org.hibernate.loader.plan.build.internal.AbstractLoadPlanBuildingAssociationVisitationStrategy - .. Registering AssociationKey : AssociationKey(table=resistor, columns={resistor_id}) -> org.hibernate.loader.plan.build.internal.returns.EntityReturnImpl@3b5c665c
17:48:03.057 [main] TRACE org.hibernate.loader.plan.build.internal.AbstractLoadPlanBuildingAssociationVisitationStrategy - >> Starting entity identifier : com.soft.entity.ResistorEntity
17:48:03.057 [main] DEBUG org.hibernate.persister.walking.spi.MetamodelGraphWalker - Visiting attribute path : category
17:48:03.057 [main] TRACE org.hibernate.loader.plan.build.internal.AbstractLoadPlanBuildingAssociationVisitationStrategy - >> Starting attribute Attribute(name=category, type=integer [non-identifier])
17:48:03.057 [main] TRACE org.hibernate.loader.plan.build.internal.AbstractLoadPlanBuildingAssociationVisitationStrategy - << Finishing up attribute : Attribute(name=category, type=integer [non-identifier])
17:48:03.057 [main] DEBUG org.hibernate.persister.walking.spi.MetamodelGraphWalker - Visiting attribute path : description
17:48:03.057 [main] TRACE org.hibernate.loader.plan.build.internal.AbstractLoadPlanBuildingAssociationVisitationStrategy - >> Starting attribute Attribute(name=description, type=string [non-identifier])
17:48:03.057 [main] TRACE org.hibernate.loader.plan.build.internal.AbstractLoadPlanBuildingAssociationVisitationStrategy - << Finishing up attribute : Attribute(name=description, type=string [non-identifier])
17:48:03.057 [main] DEBUG org.hibernate.persister.walking.spi.MetamodelGraphWalker - Visiting attribute path : name
17:48:03.057 [main] TRACE org.hibernate.loader.plan.build.internal.AbstractLoadPlanBuildingAssociationVisitationStrategy - >> Starting attribute Attribute(name=name, type=string [non-identifier])
17:48:03.057 [main] TRACE org.hibernate.loader.plan.build.internal.AbstractLoadPlanBuildingAssociationVisitationStrategy - << Finishing up attribute : Attribute(name=name, type=string [non-identifier])
17:48:03.057 [main] DEBUG org.hibernate.persister.walking.spi.MetamodelGraphWalker - Visiting attribute path : nominal
17:48:03.057 [main] TRACE org.hibernate.loader.plan.build.internal.AbstractLoadPlanBuildingAssociationVisitationStrategy - >> Starting attribute Attribute(name=nominal, type=double [non-identifier])
17:48:03.057 [main] TRACE org.hibernate.loader.plan.build.internal.AbstractLoadPlanBuildingAssociationVisitationStrategy - << Finishing up attribute : Attribute(name=nominal, type=double [non-identifier])
17:48:03.057 [main] DEBUG org.hibernate.persister.walking.spi.MetamodelGraphWalker - Visiting attribute path : nominalUnit
17:48:03.057 [main] TRACE org.hibernate.loader.plan.build.internal.AbstractLoadPlanBuildingAssociationVisitationStrategy - >> Starting attribute Attribute(name=nominalUnit, type=integer [non-identifier])
17:48:03.057 [main] TRACE org.hibernate.loader.plan.build.internal.AbstractLoadPlanBuildingAssociationVisitationStrategy - << Finishing up attribute : Attribute(name=nominalUnit, type=integer [non-identifier])
17:48:03.057 [main] DEBUG org.hibernate.persister.walking.spi.MetamodelGraphWalker - Visiting attribute path : photo
17:48:03.057 [main] TRACE org.hibernate.loader.plan.build.internal.AbstractLoadPlanBuildingAssociationVisitationStrategy - >> Starting attribute Attribute(name=photo, type=binary [non-identifier])
17:48:03.057 [main] TRACE org.hibernate.loader.plan.build.internal.AbstractLoadPlanBuildingAssociationVisitationStrategy - << Finishing up attribute : Attribute(name=photo, type=binary [non-identifier])
17:48:03.057 [main] DEBUG org.hibernate.persister.walking.spi.MetamodelGraphWalker - Visiting attribute path : power
17:48:03.057 [main] TRACE org.hibernate.loader.plan.build.internal.AbstractLoadPlanBuildingAssociationVisitationStrategy - >> Starting attribute Attribute(name=power, type=double [non-identifier])
17:48:03.057 [main] TRACE org.hibernate.loader.plan.build.internal.AbstractLoadPlanBuildingAssociationVisitationStrategy - << Finishing up attribute : Attribute(name=power, type=double [non-identifier])
17:48:03.057 [main] DEBUG org.hibernate.persister.walking.spi.MetamodelGraphWalker - Visiting attribute path : powerUnit
17:48:03.057 [main] TRACE org.hibernate.loader.plan.build.internal.AbstractLoadPlanBuildingAssociationVisitationStrategy - >> Starting attribute Attribute(name=powerUnit, type=integer [non-identifier])
17:48:03.057 [main] TRACE org.hibernate.loader.plan.build.internal.AbstractLoadPlanBuildingAssociationVisitationStrategy - << Finishing up attribute : Attribute(name=powerUnit, type=integer [non-identifier])
17:48:03.057 [main] DEBUG org.hibernate.persister.walking.spi.MetamodelGraphWalker - Visiting attribute path : price
17:48:03.057 [main] TRACE org.hibernate.loader.plan.build.internal.AbstractLoadPlanBuildingAssociationVisitationStrategy - >> Starting attribute Attribute(name=price, type=double [non-identifier])
17:48:03.057 [main] TRACE org.hibernate.loader.plan.build.internal.AbstractLoadPlanBuildingAssociationVisitationStrategy - << Finishing up attribute : Attribute(name=price, type=double [non-identifier])
17:48:03.057 [main] DEBUG org.hibernate.persister.walking.spi.MetamodelGraphWalker - Visiting attribute path : producer
17:48:03.057 [main] TRACE org.hibernate.loader.plan.build.internal.AbstractLoadPlanBuildingAssociationVisitationStrategy - >> Starting attribute Attribute(name=producer, type=integer [non-identifier])
17:48:03.057 [main] TRACE org.hibernate.loader.plan.build.internal.AbstractLoadPlanBuildingAssociationVisitationStrategy - << Finishing up attribute : Attribute(name=producer, type=integer [non-identifier])
17:48:03.057 [main] DEBUG org.hibernate.persister.walking.spi.MetamodelGraphWalker - Visiting attribute path : quantity
17:48:03.057 [main] TRACE org.hibernate.loader.plan.build.internal.AbstractLoadPlanBuildingAssociationVisitationStrategy - >> Starting attribute Attribute(name=quantity, type=integer [non-identifier])
17:48:03.057 [main] TRACE org.hibernate.loader.plan.build.internal.AbstractLoadPlanBuildingAssociationVisitationStrategy - << Finishing up attribute : Attribute(name=quantity, type=integer [non-identifier])
17:48:03.057 [main] DEBUG org.hibernate.persister.walking.spi.MetamodelGraphWalker - Visiting attribute path : rPackage
17:48:03.057 [main] TRACE org.hibernate.loader.plan.build.internal.AbstractLoadPlanBuildingAssociationVisitationStrategy - >> Starting attribute Attribute(name=rPackage, type=integer [non-identifier])
17:48:03.057 [main] TRACE org.hibernate.loader.plan.build.internal.AbstractLoadPlanBuildingAssociationVisitationStrategy - << Finishing up attribute : Attribute(name=rPackage, type=integer [non-identifier])
17:48:03.057 [main] DEBUG org.hibernate.persister.walking.spi.MetamodelGraphWalker - Visiting attribute path : rPrecision
17:48:03.057 [main] TRACE org.hibernate.loader.plan.build.internal.AbstractLoadPlanBuildingAssociationVisitationStrategy - >> Starting attribute Attribute(name=rPrecision, type=double [non-identifier])
17:48:03.057 [main] TRACE org.hibernate.loader.plan.build.internal.AbstractLoadPlanBuildingAssociationVisitationStrategy - << Finishing up attribute : Attribute(name=rPrecision, type=double [non-identifier])
17:48:03.058 [main] TRACE org.hibernate.loader.plan.build.internal.AbstractLoadPlanBuildingAssociationVisitationStrategy - Popped fetch owner from stack : org.hibernate.loader.plan.build.internal.returns.EntityReturnImpl@3b5c665c
17:48:03.058 [main] TRACE org.hibernate.loader.plan.build.internal.AbstractLoadPlanBuildingAssociationVisitationStrategy -  Finished root entity : com.soft.entity.ResistorEntity
17:48:03.058 [main] DEBUG org.hibernate.loader.plan.build.internal.FetchStyleLoadPlanBuildingAssociationVisitationStrategy - Building LoadPlan...
17:48:03.058 [main] DEBUG org.hibernate.loader.plan.exec.internal.LoadQueryJoinAndFetchProcessor - processing queryspace <gen:0>
17:48:03.059 [main] DEBUG org.hibernate.loader.plan.build.spi.LoadPlanTreePrinter - LoadPlan(entity=com.soft.entity.ResistorEntity)
    - Returns
       - EntityReturnImpl(entity=com.soft.entity.ResistorEntity, querySpaceUid=<gen:0>, path=com.soft.entity.ResistorEntity)
    - QuerySpaces
       - EntityQuerySpaceImpl(uid=<gen:0>, entity=com.soft.entity.ResistorEntity)
          - SQL table alias mapping - resistoren0_
          - alias suffix - 0_
          - suffixed key columns - {resistor1_4_0_}

17:48:03.059 [main] DEBUG org.hibernate.loader.entity.plan.EntityLoader - Static select for entity com.soft.entity.ResistorEntity [PESSIMISTIC_FORCE_INCREMENT]: select resistoren0_.resistor_id as resistor1_4_0_, resistoren0_.category as category2_4_0_, resistoren0_.description as descript3_4_0_, resistoren0_.name as name4_4_0_, resistoren0_.nominal as nominal5_4_0_, resistoren0_.nominal_unit as nominal_6_4_0_, resistoren0_.photo as photo7_4_0_, resistoren0_.power as power8_4_0_, resistoren0_.power_unit as power_un9_4_0_, resistoren0_.price as price10_4_0_, resistoren0_.producer as produce11_4_0_, resistoren0_.quantity as quantit12_4_0_, resistoren0_.package as package13_4_0_, resistoren0_.r_precision as r_preci14_4_0_ from resistor resistoren0_ where resistoren0_.resistor_id=? for update
17:48:03.059 [main] TRACE org.hibernate.loader.plan.build.internal.AbstractLoadPlanBuildingAssociationVisitationStrategy -  Starting root entity : com.soft.entity.ResistorEntity
17:48:03.059 [main] DEBUG org.hibernate.loader.plan.build.internal.spaces.QuerySpacesImpl - Adding QuerySpace : uid = <gen:0> -> org.hibernate.loader.plan.build.internal.spaces.EntityQuerySpaceImpl@78e17a99]
17:48:03.059 [main] TRACE org.hibernate.loader.plan.build.internal.AbstractLoadPlanBuildingAssociationVisitationStrategy - Pushing fetch source to stack : org.hibernate.loader.plan.build.internal.returns.EntityReturnImpl@625a4ff
17:48:03.059 [main] TRACE org.hibernate.loader.plan.build.internal.AbstractLoadPlanBuildingAssociationVisitationStrategy - .. Registering AssociationKey : AssociationKey(table=resistor, columns={resistor_id}) -> org.hibernate.loader.plan.build.internal.returns.EntityReturnImpl@625a4ff
17:48:03.059 [main] TRACE org.hibernate.loader.plan.build.internal.AbstractLoadPlanBuildingAssociationVisitationStrategy - >> Starting entity identifier : com.soft.entity.ResistorEntity
17:48:03.059 [main] DEBUG org.hibernate.persister.walking.spi.MetamodelGraphWalker - Visiting attribute path : category
17:48:03.059 [main] TRACE org.hibernate.loader.plan.build.internal.AbstractLoadPlanBuildingAssociationVisitationStrategy - >> Starting attribute Attribute(name=category, type=integer [non-identifier])
17:48:03.059 [main] TRACE org.hibernate.loader.plan.build.internal.AbstractLoadPlanBuildingAssociationVisitationStrategy - << Finishing up attribute : Attribute(name=category, type=integer [non-identifier])
17:48:03.059 [main] DEBUG org.hibernate.persister.walking.spi.MetamodelGraphWalker - Visiting attribute path : description
17:48:03.059 [main] TRACE org.hibernate.loader.plan.build.internal.AbstractLoadPlanBuildingAssociationVisitationStrategy - >> Starting attribute Attribute(name=description, type=string [non-identifier])
17:48:03.059 [main] TRACE org.hibernate.loader.plan.build.internal.AbstractLoadPlanBuildingAssociationVisitationStrategy - << Finishing up attribute : Attribute(name=description, type=string [non-identifier])
17:48:03.059 [main] DEBUG org.hibernate.persister.walking.spi.MetamodelGraphWalker - Visiting attribute path : name
17:48:03.059 [main] TRACE org.hibernate.loader.plan.build.internal.AbstractLoadPlanBuildingAssociationVisitationStrategy - >> Starting attribute Attribute(name=name, type=string [non-identifier])
17:48:03.059 [main] TRACE org.hibernate.loader.plan.build.internal.AbstractLoadPlanBuildingAssociationVisitationStrategy - << Finishing up attribute : Attribute(name=name, type=string [non-identifier])
17:48:03.059 [main] DEBUG org.hibernate.persister.walking.spi.MetamodelGraphWalker - Visiting attribute path : nominal
17:48:03.059 [main] TRACE org.hibernate.loader.plan.build.internal.AbstractLoadPlanBuildingAssociationVisitationStrategy - >> Starting attribute Attribute(name=nominal, type=double [non-identifier])
17:48:03.059 [main] TRACE org.hibernate.loader.plan.build.internal.AbstractLoadPlanBuildingAssociationVisitationStrategy - << Finishing up attribute : Attribute(name=nominal, type=double [non-identifier])
17:48:03.059 [main] DEBUG org.hibernate.persister.walking.spi.MetamodelGraphWalker - Visiting attribute path : nominalUnit
17:48:03.059 [main] TRACE org.hibernate.loader.plan.build.internal.AbstractLoadPlanBuildingAssociationVisitationStrategy - >> Starting attribute Attribute(name=nominalUnit, type=integer [non-identifier])
17:48:03.059 [main] TRACE org.hibernate.loader.plan.build.internal.AbstractLoadPlanBuildingAssociationVisitationStrategy - << Finishing up attribute : Attribute(name=nominalUnit, type=integer [non-identifier])
17:48:03.059 [main] DEBUG org.hibernate.persister.walking.spi.MetamodelGraphWalker - Visiting attribute path : photo
17:48:03.059 [main] TRACE org.hibernate.loader.plan.build.internal.AbstractLoadPlanBuildingAssociationVisitationStrategy - >> Starting attribute Attribute(name=photo, type=binary [non-identifier])
17:48:03.059 [main] TRACE org.hibernate.loader.plan.build.internal.AbstractLoadPlanBuildingAssociationVisitationStrategy - << Finishing up attribute : Attribute(name=photo, type=binary [non-identifier])
17:48:03.059 [main] DEBUG org.hibernate.persister.walking.spi.MetamodelGraphWalker - Visiting attribute path : power
17:48:03.060 [main] TRACE org.hibernate.loader.plan.build.internal.AbstractLoadPlanBuildingAssociationVisitationStrategy - >> Starting attribute Attribute(name=power, type=double [non-identifier])
17:48:03.060 [main] TRACE org.hibernate.loader.plan.build.internal.AbstractLoadPlanBuildingAssociationVisitationStrategy - << Finishing up attribute : Attribute(name=power, type=double [non-identifier])
17:48:03.060 [main] DEBUG org.hibernate.persister.walking.spi.MetamodelGraphWalker - Visiting attribute path : powerUnit
17:48:03.060 [main] TRACE org.hibernate.loader.plan.build.internal.AbstractLoadPlanBuildingAssociationVisitationStrategy - >> Starting attribute Attribute(name=powerUnit, type=integer [non-identifier])
17:48:03.060 [main] TRACE org.hibernate.loader.plan.build.internal.AbstractLoadPlanBuildingAssociationVisitationStrategy - << Finishing up attribute : Attribute(name=powerUnit, type=integer [non-identifier])
17:48:03.060 [main] DEBUG org.hibernate.persister.walking.spi.MetamodelGraphWalker - Visiting attribute path : price
17:48:03.060 [main] TRACE org.hibernate.loader.plan.build.internal.AbstractLoadPlanBuildingAssociationVisitationStrategy - >> Starting attribute Attribute(name=price, type=double [non-identifier])
17:48:03.060 [main] TRACE org.hibernate.loader.plan.build.internal.AbstractLoadPlanBuildingAssociationVisitationStrategy - << Finishing up attribute : Attribute(name=price, type=double [non-identifier])
17:48:03.060 [main] DEBUG org.hibernate.persister.walking.spi.MetamodelGraphWalker - Visiting attribute path : producer
17:48:03.060 [main] TRACE org.hibernate.loader.plan.build.internal.AbstractLoadPlanBuildingAssociationVisitationStrategy - >> Starting attribute Attribute(name=producer, type=integer [non-identifier])
17:48:03.060 [main] TRACE org.hibernate.loader.plan.build.internal.AbstractLoadPlanBuildingAssociationVisitationStrategy - << Finishing up attribute : Attribute(name=producer, type=integer [non-identifier])
17:48:03.060 [main] DEBUG org.hibernate.persister.walking.spi.MetamodelGraphWalker - Visiting attribute path : quantity
17:48:03.060 [main] TRACE org.hibernate.loader.plan.build.internal.AbstractLoadPlanBuildingAssociationVisitationStrategy - >> Starting attribute Attribute(name=quantity, type=integer [non-identifier])
17:48:03.060 [main] TRACE org.hibernate.loader.plan.build.internal.AbstractLoadPlanBuildingAssociationVisitationStrategy - << Finishing up attribute : Attribute(name=quantity, type=integer [non-identifier])
17:48:03.060 [main] DEBUG org.hibernate.persister.walking.spi.MetamodelGraphWalker - Visiting attribute path : rPackage
17:48:03.060 [main] TRACE org.hibernate.loader.plan.build.internal.AbstractLoadPlanBuildingAssociationVisitationStrategy - >> Starting attribute Attribute(name=rPackage, type=integer [non-identifier])
17:48:03.060 [main] TRACE org.hibernate.loader.plan.build.internal.AbstractLoadPlanBuildingAssociationVisitationStrategy - << Finishing up attribute : Attribute(name=rPackage, type=integer [non-identifier])
17:48:03.060 [main] DEBUG org.hibernate.persister.walking.spi.MetamodelGraphWalker - Visiting attribute path : rPrecision
17:48:03.060 [main] TRACE org.hibernate.loader.plan.build.internal.AbstractLoadPlanBuildingAssociationVisitationStrategy - >> Starting attribute Attribute(name=rPrecision, type=double [non-identifier])
17:48:03.060 [main] TRACE org.hibernate.loader.plan.build.internal.AbstractLoadPlanBuildingAssociationVisitationStrategy - << Finishing up attribute : Attribute(name=rPrecision, type=double [non-identifier])
17:48:03.060 [main] TRACE org.hibernate.loader.plan.build.internal.AbstractLoadPlanBuildingAssociationVisitationStrategy - Popped fetch owner from stack : org.hibernate.loader.plan.build.internal.returns.EntityReturnImpl@625a4ff
17:48:03.060 [main] TRACE org.hibernate.loader.plan.build.internal.AbstractLoadPlanBuildingAssociationVisitationStrategy -  Finished root entity : com.soft.entity.ResistorEntity
17:48:03.060 [main] DEBUG org.hibernate.loader.plan.build.internal.FetchStyleLoadPlanBuildingAssociationVisitationStrategy - Building LoadPlan...
17:48:03.060 [main] DEBUG org.hibernate.loader.plan.exec.internal.LoadQueryJoinAndFetchProcessor - processing queryspace <gen:0>
17:48:03.060 [main] DEBUG org.hibernate.loader.plan.build.spi.LoadPlanTreePrinter - LoadPlan(entity=com.soft.entity.ResistorEntity)
    - Returns
       - EntityReturnImpl(entity=com.soft.entity.ResistorEntity, querySpaceUid=<gen:0>, path=com.soft.entity.ResistorEntity)
    - QuerySpaces
       - EntityQuerySpaceImpl(uid=<gen:0>, entity=com.soft.entity.ResistorEntity)
          - SQL table alias mapping - resistoren0_
          - alias suffix - 0_
          - suffixed key columns - {resistor1_4_0_}

17:48:03.060 [main] DEBUG org.hibernate.loader.entity.plan.EntityLoader - Static select for entity com.soft.entity.ResistorEntity [OPTIMISTIC]: select resistoren0_.resistor_id as resistor1_4_0_, resistoren0_.category as category2_4_0_, resistoren0_.description as descript3_4_0_, resistoren0_.name as name4_4_0_, resistoren0_.nominal as nominal5_4_0_, resistoren0_.nominal_unit as nominal_6_4_0_, resistoren0_.photo as photo7_4_0_, resistoren0_.power as power8_4_0_, resistoren0_.power_unit as power_un9_4_0_, resistoren0_.price as price10_4_0_, resistoren0_.producer as produce11_4_0_, resistoren0_.quantity as quantit12_4_0_, resistoren0_.package as package13_4_0_, resistoren0_.r_precision as r_preci14_4_0_ from resistor resistoren0_ where resistoren0_.resistor_id=?
17:48:03.060 [main] TRACE org.hibernate.loader.plan.build.internal.AbstractLoadPlanBuildingAssociationVisitationStrategy -  Starting root entity : com.soft.entity.ResistorEntity
17:48:03.060 [main] DEBUG org.hibernate.loader.plan.build.internal.spaces.QuerySpacesImpl - Adding QuerySpace : uid = <gen:0> -> org.hibernate.loader.plan.build.internal.spaces.EntityQuerySpaceImpl@41dc0598]
17:48:03.060 [main] TRACE org.hibernate.loader.plan.build.internal.AbstractLoadPlanBuildingAssociationVisitationStrategy - Pushing fetch source to stack : org.hibernate.loader.plan.build.internal.returns.EntityReturnImpl@196ae579
17:48:03.060 [main] TRACE org.hibernate.loader.plan.build.internal.AbstractLoadPlanBuildingAssociationVisitationStrategy - .. Registering AssociationKey : AssociationKey(table=resistor, columns={resistor_id}) -> org.hibernate.loader.plan.build.internal.returns.EntityReturnImpl@196ae579
17:48:03.060 [main] TRACE org.hibernate.loader.plan.build.internal.AbstractLoadPlanBuildingAssociationVisitationStrategy - >> Starting entity identifier : com.soft.entity.ResistorEntity
17:48:03.060 [main] DEBUG org.hibernate.persister.walking.spi.MetamodelGraphWalker - Visiting attribute path : category
17:48:03.060 [main] TRACE org.hibernate.loader.plan.build.internal.AbstractLoadPlanBuildingAssociationVisitationStrategy - >> Starting attribute Attribute(name=category, type=integer [non-identifier])
17:48:03.060 [main] TRACE org.hibernate.loader.plan.build.internal.AbstractLoadPlanBuildingAssociationVisitationStrategy - << Finishing up attribute : Attribute(name=category, type=integer [non-identifier])
17:48:03.060 [main] DEBUG org.hibernate.persister.walking.spi.MetamodelGraphWalker - Visiting attribute path : description
17:48:03.061 [main] TRACE org.hibernate.loader.plan.build.internal.AbstractLoadPlanBuildingAssociationVisitationStrategy - >> Starting attribute Attribute(name=description, type=string [non-identifier])
17:48:03.061 [main] TRACE org.hibernate.loader.plan.build.internal.AbstractLoadPlanBuildingAssociationVisitationStrategy - << Finishing up attribute : Attribute(name=description, type=string [non-identifier])
17:48:03.061 [main] DEBUG org.hibernate.persister.walking.spi.MetamodelGraphWalker - Visiting attribute path : name
17:48:03.061 [main] TRACE org.hibernate.loader.plan.build.internal.AbstractLoadPlanBuildingAssociationVisitationStrategy - >> Starting attribute Attribute(name=name, type=string [non-identifier])
17:48:03.061 [main] TRACE org.hibernate.loader.plan.build.internal.AbstractLoadPlanBuildingAssociationVisitationStrategy - << Finishing up attribute : Attribute(name=name, type=string [non-identifier])
17:48:03.061 [main] DEBUG org.hibernate.persister.walking.spi.MetamodelGraphWalker - Visiting attribute path : nominal
17:48:03.061 [main] TRACE org.hibernate.loader.plan.build.internal.AbstractLoadPlanBuildingAssociationVisitationStrategy - >> Starting attribute Attribute(name=nominal, type=double [non-identifier])
17:48:03.061 [main] TRACE org.hibernate.loader.plan.build.internal.AbstractLoadPlanBuildingAssociationVisitationStrategy - << Finishing up attribute : Attribute(name=nominal, type=double [non-identifier])
17:48:03.061 [main] DEBUG org.hibernate.persister.walking.spi.MetamodelGraphWalker - Visiting attribute path : nominalUnit
17:48:03.061 [main] TRACE org.hibernate.loader.plan.build.internal.AbstractLoadPlanBuildingAssociationVisitationStrategy - >> Starting attribute Attribute(name=nominalUnit, type=integer [non-identifier])
17:48:03.061 [main] TRACE org.hibernate.loader.plan.build.internal.AbstractLoadPlanBuildingAssociationVisitationStrategy - << Finishing up attribute : Attribute(name=nominalUnit, type=integer [non-identifier])
17:48:03.061 [main] DEBUG org.hibernate.persister.walking.spi.MetamodelGraphWalker - Visiting attribute path : photo
17:48:03.061 [main] TRACE org.hibernate.loader.plan.build.internal.AbstractLoadPlanBuildingAssociationVisitationStrategy - >> Starting attribute Attribute(name=photo, type=binary [non-identifier])
17:48:03.061 [main] TRACE org.hibernate.loader.plan.build.internal.AbstractLoadPlanBuildingAssociationVisitationStrategy - << Finishing up attribute : Attribute(name=photo, type=binary [non-identifier])
17:48:03.061 [main] DEBUG org.hibernate.persister.walking.spi.MetamodelGraphWalker - Visiting attribute path : power
17:48:03.061 [main] TRACE org.hibernate.loader.plan.build.internal.AbstractLoadPlanBuildingAssociationVisitationStrategy - >> Starting attribute Attribute(name=power, type=double [non-identifier])
17:48:03.061 [main] TRACE org.hibernate.loader.plan.build.internal.AbstractLoadPlanBuildingAssociationVisitationStrategy - << Finishing up attribute : Attribute(name=power, type=double [non-identifier])
17:48:03.061 [main] DEBUG org.hibernate.persister.walking.spi.MetamodelGraphWalker - Visiting attribute path : powerUnit
17:48:03.061 [main] TRACE org.hibernate.loader.plan.build.internal.AbstractLoadPlanBuildingAssociationVisitationStrategy - >> Starting attribute Attribute(name=powerUnit, type=integer [non-identifier])
17:48:03.061 [main] TRACE org.hibernate.loader.plan.build.internal.AbstractLoadPlanBuildingAssociationVisitationStrategy - << Finishing up attribute : Attribute(name=powerUnit, type=integer [non-identifier])
17:48:03.061 [main] DEBUG org.hibernate.persister.walking.spi.MetamodelGraphWalker - Visiting attribute path : price
17:48:03.061 [main] TRACE org.hibernate.loader.plan.build.internal.AbstractLoadPlanBuildingAssociationVisitationStrategy - >> Starting attribute Attribute(name=price, type=double [non-identifier])
17:48:03.061 [main] TRACE org.hibernate.loader.plan.build.internal.AbstractLoadPlanBuildingAssociationVisitationStrategy - << Finishing up attribute : Attribute(name=price, type=double [non-identifier])
17:48:03.061 [main] DEBUG org.hibernate.persister.walking.spi.MetamodelGraphWalker - Visiting attribute path : producer
17:48:03.061 [main] TRACE org.hibernate.loader.plan.build.internal.AbstractLoadPlanBuildingAssociationVisitationStrategy - >> Starting attribute Attribute(name=producer, type=integer [non-identifier])
17:48:03.061 [main] TRACE org.hibernate.loader.plan.build.internal.AbstractLoadPlanBuildingAssociationVisitationStrategy - << Finishing up attribute : Attribute(name=producer, type=integer [non-identifier])
17:48:03.061 [main] DEBUG org.hibernate.persister.walking.spi.MetamodelGraphWalker - Visiting attribute path : quantity
17:48:03.061 [main] TRACE org.hibernate.loader.plan.build.internal.AbstractLoadPlanBuildingAssociationVisitationStrategy - >> Starting attribute Attribute(name=quantity, type=integer [non-identifier])
17:48:03.061 [main] TRACE org.hibernate.loader.plan.build.internal.AbstractLoadPlanBuildingAssociationVisitationStrategy - << Finishing up attribute : Attribute(name=quantity, type=integer [non-identifier])
17:48:03.061 [main] DEBUG org.hibernate.persister.walking.spi.MetamodelGraphWalker - Visiting attribute path : rPackage
17:48:03.061 [main] TRACE org.hibernate.loader.plan.build.internal.AbstractLoadPlanBuildingAssociationVisitationStrategy - >> Starting attribute Attribute(name=rPackage, type=integer [non-identifier])
17:48:03.061 [main] TRACE org.hibernate.loader.plan.build.internal.AbstractLoadPlanBuildingAssociationVisitationStrategy - << Finishing up attribute : Attribute(name=rPackage, type=integer [non-identifier])
17:48:03.061 [main] DEBUG org.hibernate.persister.walking.spi.MetamodelGraphWalker - Visiting attribute path : rPrecision
17:48:03.061 [main] TRACE org.hibernate.loader.plan.build.internal.AbstractLoadPlanBuildingAssociationVisitationStrategy - >> Starting attribute Attribute(name=rPrecision, type=double [non-identifier])
17:48:03.061 [main] TRACE org.hibernate.loader.plan.build.internal.AbstractLoadPlanBuildingAssociationVisitationStrategy - << Finishing up attribute : Attribute(name=rPrecision, type=double [non-identifier])
17:48:03.061 [main] TRACE org.hibernate.loader.plan.build.internal.AbstractLoadPlanBuildingAssociationVisitationStrategy - Popped fetch owner from stack : org.hibernate.loader.plan.build.internal.returns.EntityReturnImpl@196ae579
17:48:03.061 [main] TRACE org.hibernate.loader.plan.build.internal.AbstractLoadPlanBuildingAssociationVisitationStrategy -  Finished root entity : com.soft.entity.ResistorEntity
17:48:03.061 [main] DEBUG org.hibernate.loader.plan.build.internal.FetchStyleLoadPlanBuildingAssociationVisitationStrategy - Building LoadPlan...
17:48:03.061 [main] DEBUG org.hibernate.loader.plan.exec.internal.LoadQueryJoinAndFetchProcessor - processing queryspace <gen:0>
17:48:03.061 [main] DEBUG org.hibernate.loader.plan.build.spi.LoadPlanTreePrinter - LoadPlan(entity=com.soft.entity.ResistorEntity)
    - Returns
       - EntityReturnImpl(entity=com.soft.entity.ResistorEntity, querySpaceUid=<gen:0>, path=com.soft.entity.ResistorEntity)
    - QuerySpaces
       - EntityQuerySpaceImpl(uid=<gen:0>, entity=com.soft.entity.ResistorEntity)
          - SQL table alias mapping - resistoren0_
          - alias suffix - 0_
          - suffixed key columns - {resistor1_4_0_}

17:48:03.061 [main] DEBUG org.hibernate.loader.entity.plan.EntityLoader - Static select for entity com.soft.entity.ResistorEntity [OPTIMISTIC_FORCE_INCREMENT]: select resistoren0_.resistor_id as resistor1_4_0_, resistoren0_.category as category2_4_0_, resistoren0_.description as descript3_4_0_, resistoren0_.name as name4_4_0_, resistoren0_.nominal as nominal5_4_0_, resistoren0_.nominal_unit as nominal_6_4_0_, resistoren0_.photo as photo7_4_0_, resistoren0_.power as power8_4_0_, resistoren0_.power_unit as power_un9_4_0_, resistoren0_.price as price10_4_0_, resistoren0_.producer as produce11_4_0_, resistoren0_.quantity as quantit12_4_0_, resistoren0_.package as package13_4_0_, resistoren0_.r_precision as r_preci14_4_0_ from resistor resistoren0_ where resistoren0_.resistor_id=?
17:48:03.074 [main] DEBUG org.hibernate.loader.Loader - Static select for action ACTION_MERGE on entity com.soft.entity.ResistorEntity: select resistoren0_.resistor_id as resistor1_4_0_, resistoren0_.category as category2_4_0_, resistoren0_.description as descript3_4_0_, resistoren0_.name as name4_4_0_, resistoren0_.nominal as nominal5_4_0_, resistoren0_.nominal_unit as nominal_6_4_0_, resistoren0_.photo as photo7_4_0_, resistoren0_.power as power8_4_0_, resistoren0_.power_unit as power_un9_4_0_, resistoren0_.price as price10_4_0_, resistoren0_.producer as produce11_4_0_, resistoren0_.quantity as quantit12_4_0_, resistoren0_.package as package13_4_0_, resistoren0_.r_precision as r_preci14_4_0_ from resistor resistoren0_ where resistoren0_.resistor_id=?
17:48:03.074 [main] DEBUG org.hibernate.loader.Loader - Static select for action ACTION_REFRESH on entity com.soft.entity.ResistorEntity: select resistoren0_.resistor_id as resistor1_4_0_, resistoren0_.category as category2_4_0_, resistoren0_.description as descript3_4_0_, resistoren0_.name as name4_4_0_, resistoren0_.nominal as nominal5_4_0_, resistoren0_.nominal_unit as nominal_6_4_0_, resistoren0_.photo as photo7_4_0_, resistoren0_.power as power8_4_0_, resistoren0_.power_unit as power_un9_4_0_, resistoren0_.price as price10_4_0_, resistoren0_.producer as produce11_4_0_, resistoren0_.quantity as quantit12_4_0_, resistoren0_.package as package13_4_0_, resistoren0_.r_precision as r_preci14_4_0_ from resistor resistoren0_ where resistoren0_.resistor_id=?
17:48:03.074 [main] DEBUG org.hibernate.persister.entity.AbstractEntityPersister - Static SQL for entity: com.soft.entity.ProducerEntity
17:48:03.074 [main] DEBUG org.hibernate.persister.entity.AbstractEntityPersister -  Version select: select producer_id from producer where producer_id =?
17:48:03.074 [main] DEBUG org.hibernate.persister.entity.AbstractEntityPersister -  Snapshot select: select produceren_.producer_id, produceren_.producer_category as producer2_3_, produceren_.producer_name as producer3_3_ from producer produceren_ where produceren_.producer_id=?
17:48:03.074 [main] DEBUG org.hibernate.persister.entity.AbstractEntityPersister -  Insert 0: insert into producer (producer_category, producer_name, producer_id) values (?, ?, ?)
17:48:03.074 [main] DEBUG org.hibernate.persister.entity.AbstractEntityPersister -  Update 0: update producer set producer_category=?, producer_name=? where producer_id=?
17:48:03.074 [main] DEBUG org.hibernate.persister.entity.AbstractEntityPersister -  Delete 0: delete from producer where producer_id=?
17:48:03.074 [main] TRACE org.hibernate.loader.plan.build.internal.AbstractLoadPlanBuildingAssociationVisitationStrategy -  Starting root entity : com.soft.entity.ProducerEntity
17:48:03.074 [main] DEBUG org.hibernate.loader.plan.build.internal.spaces.QuerySpacesImpl - Adding QuerySpace : uid = <gen:0> -> org.hibernate.loader.plan.build.internal.spaces.EntityQuerySpaceImpl@7c601d50]
17:48:03.074 [main] TRACE org.hibernate.loader.plan.build.internal.AbstractLoadPlanBuildingAssociationVisitationStrategy - Pushing fetch source to stack : org.hibernate.loader.plan.build.internal.returns.EntityReturnImpl@79b2852b
17:48:03.075 [main] TRACE org.hibernate.loader.plan.build.internal.AbstractLoadPlanBuildingAssociationVisitationStrategy - .. Registering AssociationKey : AssociationKey(table=producer, columns={producer_id}) -> org.hibernate.loader.plan.build.internal.returns.EntityReturnImpl@79b2852b
17:48:03.075 [main] TRACE org.hibernate.loader.plan.build.internal.AbstractLoadPlanBuildingAssociationVisitationStrategy - >> Starting entity identifier : com.soft.entity.ProducerEntity
17:48:03.075 [main] DEBUG org.hibernate.persister.walking.spi.MetamodelGraphWalker - Visiting attribute path : producerCategory
17:48:03.075 [main] TRACE org.hibernate.loader.plan.build.internal.AbstractLoadPlanBuildingAssociationVisitationStrategy - >> Starting attribute Attribute(name=producerCategory, type=integer [non-identifier])
17:48:03.075 [main] TRACE org.hibernate.loader.plan.build.internal.AbstractLoadPlanBuildingAssociationVisitationStrategy - << Finishing up attribute : Attribute(name=producerCategory, type=integer [non-identifier])
17:48:03.075 [main] DEBUG org.hibernate.persister.walking.spi.MetamodelGraphWalker - Visiting attribute path : producerName
17:48:03.075 [main] TRACE org.hibernate.loader.plan.build.internal.AbstractLoadPlanBuildingAssociationVisitationStrategy - >> Starting attribute Attribute(name=producerName, type=string [non-identifier])
17:48:03.075 [main] TRACE org.hibernate.loader.plan.build.internal.AbstractLoadPlanBuildingAssociationVisitationStrategy - << Finishing up attribute : Attribute(name=producerName, type=string [non-identifier])
17:48:03.075 [main] TRACE org.hibernate.loader.plan.build.internal.AbstractLoadPlanBuildingAssociationVisitationStrategy - Popped fetch owner from stack : org.hibernate.loader.plan.build.internal.returns.EntityReturnImpl@79b2852b
17:48:03.075 [main] TRACE org.hibernate.loader.plan.build.internal.AbstractLoadPlanBuildingAssociationVisitationStrategy -  Finished root entity : com.soft.entity.ProducerEntity
17:48:03.075 [main] DEBUG org.hibernate.loader.plan.build.internal.FetchStyleLoadPlanBuildingAssociationVisitationStrategy - Building LoadPlan...
17:48:03.075 [main] DEBUG org.hibernate.loader.plan.exec.internal.LoadQueryJoinAndFetchProcessor - processing queryspace <gen:0>
17:48:03.075 [main] DEBUG org.hibernate.loader.plan.build.spi.LoadPlanTreePrinter - LoadPlan(entity=com.soft.entity.ProducerEntity)
    - Returns
       - EntityReturnImpl(entity=com.soft.entity.ProducerEntity, querySpaceUid=<gen:0>, path=com.soft.entity.ProducerEntity)
    - QuerySpaces
       - EntityQuerySpaceImpl(uid=<gen:0>, entity=com.soft.entity.ProducerEntity)
          - SQL table alias mapping - produceren0_
          - alias suffix - 0_
          - suffixed key columns - {producer1_3_0_}

17:48:03.075 [main] DEBUG org.hibernate.loader.entity.plan.EntityLoader - Static select for entity com.soft.entity.ProducerEntity [NONE]: select produceren0_.producer_id as producer1_3_0_, produceren0_.producer_category as producer2_3_0_, produceren0_.producer_name as producer3_3_0_ from producer produceren0_ where produceren0_.producer_id=?
17:48:03.075 [main] TRACE org.hibernate.loader.plan.build.internal.AbstractLoadPlanBuildingAssociationVisitationStrategy -  Starting root entity : com.soft.entity.ProducerEntity
17:48:03.075 [main] DEBUG org.hibernate.loader.plan.build.internal.spaces.QuerySpacesImpl - Adding QuerySpace : uid = <gen:0> -> org.hibernate.loader.plan.build.internal.spaces.EntityQuerySpaceImpl@326d27ac]
17:48:03.075 [main] TRACE org.hibernate.loader.plan.build.internal.AbstractLoadPlanBuildingAssociationVisitationStrategy - Pushing fetch source to stack : org.hibernate.loader.plan.build.internal.returns.EntityReturnImpl@4d499d65
17:48:03.075 [main] TRACE org.hibernate.loader.plan.build.internal.AbstractLoadPlanBuildingAssociationVisitationStrategy - .. Registering AssociationKey : AssociationKey(table=producer, columns={producer_id}) -> org.hibernate.loader.plan.build.internal.returns.EntityReturnImpl@4d499d65
17:48:03.075 [main] TRACE org.hibernate.loader.plan.build.internal.AbstractLoadPlanBuildingAssociationVisitationStrategy - >> Starting entity identifier : com.soft.entity.ProducerEntity
17:48:03.075 [main] DEBUG org.hibernate.persister.walking.spi.MetamodelGraphWalker - Visiting attribute path : producerCategory
17:48:03.075 [main] TRACE org.hibernate.loader.plan.build.internal.AbstractLoadPlanBuildingAssociationVisitationStrategy - >> Starting attribute Attribute(name=producerCategory, type=integer [non-identifier])
17:48:03.075 [main] TRACE org.hibernate.loader.plan.build.internal.AbstractLoadPlanBuildingAssociationVisitationStrategy - << Finishing up attribute : Attribute(name=producerCategory, type=integer [non-identifier])
17:48:03.076 [main] DEBUG org.hibernate.persister.walking.spi.MetamodelGraphWalker - Visiting attribute path : producerName
17:48:03.076 [main] TRACE org.hibernate.loader.plan.build.internal.AbstractLoadPlanBuildingAssociationVisitationStrategy - >> Starting attribute Attribute(name=producerName, type=string [non-identifier])
17:48:03.080 [main] TRACE org.hibernate.loader.plan.build.internal.AbstractLoadPlanBuildingAssociationVisitationStrategy - << Finishing up attribute : Attribute(name=producerName, type=string [non-identifier])
17:48:03.080 [main] TRACE org.hibernate.loader.plan.build.internal.AbstractLoadPlanBuildingAssociationVisitationStrategy - Popped fetch owner from stack : org.hibernate.loader.plan.build.internal.returns.EntityReturnImpl@4d499d65
17:48:03.080 [main] TRACE org.hibernate.loader.plan.build.internal.AbstractLoadPlanBuildingAssociationVisitationStrategy -  Finished root entity : com.soft.entity.ProducerEntity
17:48:03.080 [main] DEBUG org.hibernate.loader.plan.build.internal.FetchStyleLoadPlanBuildingAssociationVisitationStrategy - Building LoadPlan...
17:48:03.080 [main] DEBUG org.hibernate.loader.plan.exec.internal.LoadQueryJoinAndFetchProcessor - processing queryspace <gen:0>
17:48:03.080 [main] DEBUG org.hibernate.loader.plan.build.spi.LoadPlanTreePrinter - LoadPlan(entity=com.soft.entity.ProducerEntity)
    - Returns
       - EntityReturnImpl(entity=com.soft.entity.ProducerEntity, querySpaceUid=<gen:0>, path=com.soft.entity.ProducerEntity)
    - QuerySpaces
       - EntityQuerySpaceImpl(uid=<gen:0>, entity=com.soft.entity.ProducerEntity)
          - SQL table alias mapping - produceren0_
          - alias suffix - 0_
          - suffixed key columns - {producer1_3_0_}

17:48:03.080 [main] DEBUG org.hibernate.loader.entity.plan.EntityLoader - Static select for entity com.soft.entity.ProducerEntity [READ]: select produceren0_.producer_id as producer1_3_0_, produceren0_.producer_category as producer2_3_0_, produceren0_.producer_name as producer3_3_0_ from producer produceren0_ where produceren0_.producer_id=?
17:48:03.080 [main] TRACE org.hibernate.loader.plan.build.internal.AbstractLoadPlanBuildingAssociationVisitationStrategy -  Starting root entity : com.soft.entity.ProducerEntity
17:48:03.080 [main] DEBUG org.hibernate.loader.plan.build.internal.spaces.QuerySpacesImpl - Adding QuerySpace : uid = <gen:0> -> org.hibernate.loader.plan.build.internal.spaces.EntityQuerySpaceImpl@313f8301]
17:48:03.080 [main] TRACE org.hibernate.loader.plan.build.internal.AbstractLoadPlanBuildingAssociationVisitationStrategy - Pushing fetch source to stack : org.hibernate.loader.plan.build.internal.returns.EntityReturnImpl@5cc9d3d0
17:48:03.080 [main] TRACE org.hibernate.loader.plan.build.internal.AbstractLoadPlanBuildingAssociationVisitationStrategy - .. Registering AssociationKey : AssociationKey(table=producer, columns={producer_id}) -> org.hibernate.loader.plan.build.internal.returns.EntityReturnImpl@5cc9d3d0
17:48:03.080 [main] TRACE org.hibernate.loader.plan.build.internal.AbstractLoadPlanBuildingAssociationVisitationStrategy - >> Starting entity identifier : com.soft.entity.ProducerEntity
17:48:03.081 [main] DEBUG org.hibernate.persister.walking.spi.MetamodelGraphWalker - Visiting attribute path : producerCategory
17:48:03.081 [main] TRACE org.hibernate.loader.plan.build.internal.AbstractLoadPlanBuildingAssociationVisitationStrategy - >> Starting attribute Attribute(name=producerCategory, type=integer [non-identifier])
17:48:03.081 [main] TRACE org.hibernate.loader.plan.build.internal.AbstractLoadPlanBuildingAssociationVisitationStrategy - << Finishing up attribute : Attribute(name=producerCategory, type=integer [non-identifier])
17:48:03.081 [main] DEBUG org.hibernate.persister.walking.spi.MetamodelGraphWalker - Visiting attribute path : producerName
17:48:03.081 [main] TRACE org.hibernate.loader.plan.build.internal.AbstractLoadPlanBuildingAssociationVisitationStrategy - >> Starting attribute Attribute(name=producerName, type=string [non-identifier])
17:48:03.081 [main] TRACE org.hibernate.loader.plan.build.internal.AbstractLoadPlanBuildingAssociationVisitationStrategy - << Finishing up attribute : Attribute(name=producerName, type=string [non-identifier])
17:48:03.081 [main] TRACE org.hibernate.loader.plan.build.internal.AbstractLoadPlanBuildingAssociationVisitationStrategy - Popped fetch owner from stack : org.hibernate.loader.plan.build.internal.returns.EntityReturnImpl@5cc9d3d0
17:48:03.081 [main] TRACE org.hibernate.loader.plan.build.internal.AbstractLoadPlanBuildingAssociationVisitationStrategy -  Finished root entity : com.soft.entity.ProducerEntity
17:48:03.081 [main] DEBUG org.hibernate.loader.plan.build.internal.FetchStyleLoadPlanBuildingAssociationVisitationStrategy - Building LoadPlan...
17:48:03.081 [main] DEBUG org.hibernate.loader.plan.exec.internal.LoadQueryJoinAndFetchProcessor - processing queryspace <gen:0>
17:48:03.081 [main] DEBUG org.hibernate.loader.plan.build.spi.LoadPlanTreePrinter - LoadPlan(entity=com.soft.entity.ProducerEntity)
    - Returns
       - EntityReturnImpl(entity=com.soft.entity.ProducerEntity, querySpaceUid=<gen:0>, path=com.soft.entity.ProducerEntity)
    - QuerySpaces
       - EntityQuerySpaceImpl(uid=<gen:0>, entity=com.soft.entity.ProducerEntity)
          - SQL table alias mapping - produceren0_
          - alias suffix - 0_
          - suffixed key columns - {producer1_3_0_}

17:48:03.081 [main] DEBUG org.hibernate.loader.entity.plan.EntityLoader - Static select for entity com.soft.entity.ProducerEntity [UPGRADE]: select produceren0_.producer_id as producer1_3_0_, produceren0_.producer_category as producer2_3_0_, produceren0_.producer_name as producer3_3_0_ from producer produceren0_ where produceren0_.producer_id=? for update
17:48:03.081 [main] TRACE org.hibernate.loader.plan.build.internal.AbstractLoadPlanBuildingAssociationVisitationStrategy -  Starting root entity : com.soft.entity.ProducerEntity
17:48:03.081 [main] DEBUG org.hibernate.loader.plan.build.internal.spaces.QuerySpacesImpl - Adding QuerySpace : uid = <gen:0> -> org.hibernate.loader.plan.build.internal.spaces.EntityQuerySpaceImpl@7c2dfa2]
17:48:03.081 [main] TRACE org.hibernate.loader.plan.build.internal.AbstractLoadPlanBuildingAssociationVisitationStrategy - Pushing fetch source to stack : org.hibernate.loader.plan.build.internal.returns.EntityReturnImpl@661d88a
17:48:03.081 [main] TRACE org.hibernate.loader.plan.build.internal.AbstractLoadPlanBuildingAssociationVisitationStrategy - .. Registering AssociationKey : AssociationKey(table=producer, columns={producer_id}) -> org.hibernate.loader.plan.build.internal.returns.EntityReturnImpl@661d88a
17:48:03.081 [main] TRACE org.hibernate.loader.plan.build.internal.AbstractLoadPlanBuildingAssociationVisitationStrategy - >> Starting entity identifier : com.soft.entity.ProducerEntity
17:48:03.081 [main] DEBUG org.hibernate.persister.walking.spi.MetamodelGraphWalker - Visiting attribute path : producerCategory
17:48:03.081 [main] TRACE org.hibernate.loader.plan.build.internal.AbstractLoadPlanBuildingAssociationVisitationStrategy - >> Starting attribute Attribute(name=producerCategory, type=integer [non-identifier])
17:48:03.082 [main] TRACE org.hibernate.loader.plan.build.internal.AbstractLoadPlanBuildingAssociationVisitationStrategy - << Finishing up attribute : Attribute(name=producerCategory, type=integer [non-identifier])
17:48:03.082 [main] DEBUG org.hibernate.persister.walking.spi.MetamodelGraphWalker - Visiting attribute path : producerName
17:48:03.082 [main] TRACE org.hibernate.loader.plan.build.internal.AbstractLoadPlanBuildingAssociationVisitationStrategy - >> Starting attribute Attribute(name=producerName, type=string [non-identifier])
17:48:03.082 [main] TRACE org.hibernate.loader.plan.build.internal.AbstractLoadPlanBuildingAssociationVisitationStrategy - << Finishing up attribute : Attribute(name=producerName, type=string [non-identifier])
17:48:03.082 [main] TRACE org.hibernate.loader.plan.build.internal.AbstractLoadPlanBuildingAssociationVisitationStrategy - Popped fetch owner from stack : org.hibernate.loader.plan.build.internal.returns.EntityReturnImpl@661d88a
17:48:03.082 [main] TRACE org.hibernate.loader.plan.build.internal.AbstractLoadPlanBuildingAssociationVisitationStrategy -  Finished root entity : com.soft.entity.ProducerEntity
17:48:03.082 [main] DEBUG org.hibernate.loader.plan.build.internal.FetchStyleLoadPlanBuildingAssociationVisitationStrategy - Building LoadPlan...
17:48:03.082 [main] DEBUG org.hibernate.loader.plan.exec.internal.LoadQueryJoinAndFetchProcessor - processing queryspace <gen:0>
17:48:03.082 [main] DEBUG org.hibernate.loader.plan.build.spi.LoadPlanTreePrinter - LoadPlan(entity=com.soft.entity.ProducerEntity)
    - Returns
       - EntityReturnImpl(entity=com.soft.entity.ProducerEntity, querySpaceUid=<gen:0>, path=com.soft.entity.ProducerEntity)
    - QuerySpaces
       - EntityQuerySpaceImpl(uid=<gen:0>, entity=com.soft.entity.ProducerEntity)
          - SQL table alias mapping - produceren0_
          - alias suffix - 0_
          - suffixed key columns - {producer1_3_0_}

17:48:03.082 [main] DEBUG org.hibernate.loader.entity.plan.EntityLoader - Static select for entity com.soft.entity.ProducerEntity [UPGRADE_NOWAIT]: select produceren0_.producer_id as producer1_3_0_, produceren0_.producer_category as producer2_3_0_, produceren0_.producer_name as producer3_3_0_ from producer produceren0_ where produceren0_.producer_id=? for update
17:48:03.082 [main] TRACE org.hibernate.loader.plan.build.internal.AbstractLoadPlanBuildingAssociationVisitationStrategy -  Starting root entity : com.soft.entity.ProducerEntity
17:48:03.082 [main] DEBUG org.hibernate.loader.plan.build.internal.spaces.QuerySpacesImpl - Adding QuerySpace : uid = <gen:0> -> org.hibernate.loader.plan.build.internal.spaces.EntityQuerySpaceImpl@4b0b64cc]
17:48:03.082 [main] TRACE org.hibernate.loader.plan.build.internal.AbstractLoadPlanBuildingAssociationVisitationStrategy - Pushing fetch source to stack : org.hibernate.loader.plan.build.internal.returns.EntityReturnImpl@59ce792e
17:48:03.082 [main] TRACE org.hibernate.loader.plan.build.internal.AbstractLoadPlanBuildingAssociationVisitationStrategy - .. Registering AssociationKey : AssociationKey(table=producer, columns={producer_id}) -> org.hibernate.loader.plan.build.internal.returns.EntityReturnImpl@59ce792e
17:48:03.082 [main] TRACE org.hibernate.loader.plan.build.internal.AbstractLoadPlanBuildingAssociationVisitationStrategy - >> Starting entity identifier : com.soft.entity.ProducerEntity
17:48:03.082 [main] DEBUG org.hibernate.persister.walking.spi.MetamodelGraphWalker - Visiting attribute path : producerCategory
17:48:03.082 [main] TRACE org.hibernate.loader.plan.build.internal.AbstractLoadPlanBuildingAssociationVisitationStrategy - >> Starting attribute Attribute(name=producerCategory, type=integer [non-identifier])
17:48:03.082 [main] TRACE org.hibernate.loader.plan.build.internal.AbstractLoadPlanBuildingAssociationVisitationStrategy - << Finishing up attribute : Attribute(name=producerCategory, type=integer [non-identifier])
17:48:03.083 [main] DEBUG org.hibernate.persister.walking.spi.MetamodelGraphWalker - Visiting attribute path : producerName
17:48:03.083 [main] TRACE org.hibernate.loader.plan.build.internal.AbstractLoadPlanBuildingAssociationVisitationStrategy - >> Starting attribute Attribute(name=producerName, type=string [non-identifier])
17:48:03.083 [main] TRACE org.hibernate.loader.plan.build.internal.AbstractLoadPlanBuildingAssociationVisitationStrategy - << Finishing up attribute : Attribute(name=producerName, type=string [non-identifier])
17:48:03.083 [main] TRACE org.hibernate.loader.plan.build.internal.AbstractLoadPlanBuildingAssociationVisitationStrategy - Popped fetch owner from stack : org.hibernate.loader.plan.build.internal.returns.EntityReturnImpl@59ce792e
17:48:03.083 [main] TRACE org.hibernate.loader.plan.build.internal.AbstractLoadPlanBuildingAssociationVisitationStrategy -  Finished root entity : com.soft.entity.ProducerEntity
17:48:03.083 [main] DEBUG org.hibernate.loader.plan.build.internal.FetchStyleLoadPlanBuildingAssociationVisitationStrategy - Building LoadPlan...
17:48:03.083 [main] DEBUG org.hibernate.loader.plan.exec.internal.LoadQueryJoinAndFetchProcessor - processing queryspace <gen:0>
17:48:03.083 [main] DEBUG org.hibernate.loader.plan.build.spi.LoadPlanTreePrinter - LoadPlan(entity=com.soft.entity.ProducerEntity)
    - Returns
       - EntityReturnImpl(entity=com.soft.entity.ProducerEntity, querySpaceUid=<gen:0>, path=com.soft.entity.ProducerEntity)
    - QuerySpaces
       - EntityQuerySpaceImpl(uid=<gen:0>, entity=com.soft.entity.ProducerEntity)
          - SQL table alias mapping - produceren0_
          - alias suffix - 0_
          - suffixed key columns - {producer1_3_0_}

17:48:03.083 [main] DEBUG org.hibernate.loader.entity.plan.EntityLoader - Static select for entity com.soft.entity.ProducerEntity [UPGRADE_SKIPLOCKED]: select produceren0_.producer_id as producer1_3_0_, produceren0_.producer_category as producer2_3_0_, produceren0_.producer_name as producer3_3_0_ from producer produceren0_ where produceren0_.producer_id=? for update
17:48:03.083 [main] TRACE org.hibernate.loader.plan.build.internal.AbstractLoadPlanBuildingAssociationVisitationStrategy -  Starting root entity : com.soft.entity.ProducerEntity
17:48:03.083 [main] DEBUG org.hibernate.loader.plan.build.internal.spaces.QuerySpacesImpl - Adding QuerySpace : uid = <gen:0> -> org.hibernate.loader.plan.build.internal.spaces.EntityQuerySpaceImpl@4860827a]
17:48:03.083 [main] TRACE org.hibernate.loader.plan.build.internal.AbstractLoadPlanBuildingAssociationVisitationStrategy - Pushing fetch source to stack : org.hibernate.loader.plan.build.internal.returns.EntityReturnImpl@404db674
17:48:03.083 [main] TRACE org.hibernate.loader.plan.build.internal.AbstractLoadPlanBuildingAssociationVisitationStrategy - .. Registering AssociationKey : AssociationKey(table=producer, columns={producer_id}) -> org.hibernate.loader.plan.build.internal.returns.EntityReturnImpl@404db674
17:48:03.083 [main] TRACE org.hibernate.loader.plan.build.internal.AbstractLoadPlanBuildingAssociationVisitationStrategy - >> Starting entity identifier : com.soft.entity.ProducerEntity
17:48:03.083 [main] DEBUG org.hibernate.persister.walking.spi.MetamodelGraphWalker - Visiting attribute path : producerCategory
17:48:03.083 [main] TRACE org.hibernate.loader.plan.build.internal.AbstractLoadPlanBuildingAssociationVisitationStrategy - >> Starting attribute Attribute(name=producerCategory, type=integer [non-identifier])
17:48:03.083 [main] TRACE org.hibernate.loader.plan.build.internal.AbstractLoadPlanBuildingAssociationVisitationStrategy - << Finishing up attribute : Attribute(name=producerCategory, type=integer [non-identifier])
17:48:03.083 [main] DEBUG org.hibernate.persister.walking.spi.MetamodelGraphWalker - Visiting attribute path : producerName
17:48:03.083 [main] TRACE org.hibernate.loader.plan.build.internal.AbstractLoadPlanBuildingAssociationVisitationStrategy - >> Starting attribute Attribute(name=producerName, type=string [non-identifier])
17:48:03.084 [main] TRACE org.hibernate.loader.plan.build.internal.AbstractLoadPlanBuildingAssociationVisitationStrategy - << Finishing up attribute : Attribute(name=producerName, type=string [non-identifier])
17:48:03.084 [main] TRACE org.hibernate.loader.plan.build.internal.AbstractLoadPlanBuildingAssociationVisitationStrategy - Popped fetch owner from stack : org.hibernate.loader.plan.build.internal.returns.EntityReturnImpl@404db674
17:48:03.084 [main] TRACE org.hibernate.loader.plan.build.internal.AbstractLoadPlanBuildingAssociationVisitationStrategy -  Finished root entity : com.soft.entity.ProducerEntity
17:48:03.084 [main] DEBUG org.hibernate.loader.plan.build.internal.FetchStyleLoadPlanBuildingAssociationVisitationStrategy - Building LoadPlan...
17:48:03.084 [main] DEBUG org.hibernate.loader.plan.exec.internal.LoadQueryJoinAndFetchProcessor - processing queryspace <gen:0>
17:48:03.085 [main] DEBUG org.hibernate.loader.plan.build.spi.LoadPlanTreePrinter - LoadPlan(entity=com.soft.entity.ProducerEntity)
    - Returns
       - EntityReturnImpl(entity=com.soft.entity.ProducerEntity, querySpaceUid=<gen:0>, path=com.soft.entity.ProducerEntity)
    - QuerySpaces
       - EntityQuerySpaceImpl(uid=<gen:0>, entity=com.soft.entity.ProducerEntity)
          - SQL table alias mapping - produceren0_
          - alias suffix - 0_
          - suffixed key columns - {producer1_3_0_}

17:48:03.086 [main] DEBUG org.hibernate.loader.entity.plan.EntityLoader - Static select for entity com.soft.entity.ProducerEntity [FORCE]: select produceren0_.producer_id as producer1_3_0_, produceren0_.producer_category as producer2_3_0_, produceren0_.producer_name as producer3_3_0_ from producer produceren0_ where produceren0_.producer_id=? for update
17:48:03.086 [main] TRACE org.hibernate.loader.plan.build.internal.AbstractLoadPlanBuildingAssociationVisitationStrategy -  Starting root entity : com.soft.entity.ProducerEntity
17:48:03.086 [main] DEBUG org.hibernate.loader.plan.build.internal.spaces.QuerySpacesImpl - Adding QuerySpace : uid = <gen:0> -> org.hibernate.loader.plan.build.internal.spaces.EntityQuerySpaceImpl@50f097b5]
17:48:03.086 [main] TRACE org.hibernate.loader.plan.build.internal.AbstractLoadPlanBuildingAssociationVisitationStrategy - Pushing fetch source to stack : org.hibernate.loader.plan.build.internal.returns.EntityReturnImpl@7add838c
17:48:03.086 [main] TRACE org.hibernate.loader.plan.build.internal.AbstractLoadPlanBuildingAssociationVisitationStrategy - .. Registering AssociationKey : AssociationKey(table=producer, columns={producer_id}) -> org.hibernate.loader.plan.build.internal.returns.EntityReturnImpl@7add838c
17:48:03.086 [main] TRACE org.hibernate.loader.plan.build.internal.AbstractLoadPlanBuildingAssociationVisitationStrategy - >> Starting entity identifier : com.soft.entity.ProducerEntity
17:48:03.086 [main] DEBUG org.hibernate.persister.walking.spi.MetamodelGraphWalker - Visiting attribute path : producerCategory
17:48:03.086 [main] TRACE org.hibernate.loader.plan.build.internal.AbstractLoadPlanBuildingAssociationVisitationStrategy - >> Starting attribute Attribute(name=producerCategory, type=integer [non-identifier])
17:48:03.086 [main] TRACE org.hibernate.loader.plan.build.internal.AbstractLoadPlanBuildingAssociationVisitationStrategy - << Finishing up attribute : Attribute(name=producerCategory, type=integer [non-identifier])
17:48:03.086 [main] DEBUG org.hibernate.persister.walking.spi.MetamodelGraphWalker - Visiting attribute path : producerName
17:48:03.086 [main] TRACE org.hibernate.loader.plan.build.internal.AbstractLoadPlanBuildingAssociationVisitationStrategy - >> Starting attribute Attribute(name=producerName, type=string [non-identifier])
17:48:03.086 [main] TRACE org.hibernate.loader.plan.build.internal.AbstractLoadPlanBuildingAssociationVisitationStrategy - << Finishing up attribute : Attribute(name=producerName, type=string [non-identifier])
17:48:03.086 [main] TRACE org.hibernate.loader.plan.build.internal.AbstractLoadPlanBuildingAssociationVisitationStrategy - Popped fetch owner from stack : org.hibernate.loader.plan.build.internal.returns.EntityReturnImpl@7add838c
17:48:03.086 [main] TRACE org.hibernate.loader.plan.build.internal.AbstractLoadPlanBuildingAssociationVisitationStrategy -  Finished root entity : com.soft.entity.ProducerEntity
17:48:03.086 [main] DEBUG org.hibernate.loader.plan.build.internal.FetchStyleLoadPlanBuildingAssociationVisitationStrategy - Building LoadPlan...
17:48:03.086 [main] DEBUG org.hibernate.loader.plan.exec.internal.LoadQueryJoinAndFetchProcessor - processing queryspace <gen:0>
17:48:03.086 [main] DEBUG org.hibernate.loader.plan.build.spi.LoadPlanTreePrinter - LoadPlan(entity=com.soft.entity.ProducerEntity)
    - Returns
       - EntityReturnImpl(entity=com.soft.entity.ProducerEntity, querySpaceUid=<gen:0>, path=com.soft.entity.ProducerEntity)
    - QuerySpaces
       - EntityQuerySpaceImpl(uid=<gen:0>, entity=com.soft.entity.ProducerEntity)
          - SQL table alias mapping - produceren0_
          - alias suffix - 0_
          - suffixed key columns - {producer1_3_0_}

17:48:03.086 [main] DEBUG org.hibernate.loader.entity.plan.EntityLoader - Static select for entity com.soft.entity.ProducerEntity [PESSIMISTIC_READ]: select produceren0_.producer_id as producer1_3_0_, produceren0_.producer_category as producer2_3_0_, produceren0_.producer_name as producer3_3_0_ from producer produceren0_ where produceren0_.producer_id=? lock in share mode
17:48:03.087 [main] TRACE org.hibernate.loader.plan.build.internal.AbstractLoadPlanBuildingAssociationVisitationStrategy -  Starting root entity : com.soft.entity.ProducerEntity
17:48:03.087 [main] DEBUG org.hibernate.loader.plan.build.internal.spaces.QuerySpacesImpl - Adding QuerySpace : uid = <gen:0> -> org.hibernate.loader.plan.build.internal.spaces.EntityQuerySpaceImpl@3662bdff]
17:48:03.087 [main] TRACE org.hibernate.loader.plan.build.internal.AbstractLoadPlanBuildingAssociationVisitationStrategy - Pushing fetch source to stack : org.hibernate.loader.plan.build.internal.returns.EntityReturnImpl@1bb15351
17:48:03.087 [main] TRACE org.hibernate.loader.plan.build.internal.AbstractLoadPlanBuildingAssociationVisitationStrategy - .. Registering AssociationKey : AssociationKey(table=producer, columns={producer_id}) -> org.hibernate.loader.plan.build.internal.returns.EntityReturnImpl@1bb15351
17:48:03.087 [main] TRACE org.hibernate.loader.plan.build.internal.AbstractLoadPlanBuildingAssociationVisitationStrategy - >> Starting entity identifier : com.soft.entity.ProducerEntity
17:48:03.087 [main] DEBUG org.hibernate.persister.walking.spi.MetamodelGraphWalker - Visiting attribute path : producerCategory
17:48:03.087 [main] TRACE org.hibernate.loader.plan.build.internal.AbstractLoadPlanBuildingAssociationVisitationStrategy - >> Starting attribute Attribute(name=producerCategory, type=integer [non-identifier])
17:48:03.087 [main] TRACE org.hibernate.loader.plan.build.internal.AbstractLoadPlanBuildingAssociationVisitationStrategy - << Finishing up attribute : Attribute(name=producerCategory, type=integer [non-identifier])
17:48:03.087 [main] DEBUG org.hibernate.persister.walking.spi.MetamodelGraphWalker - Visiting attribute path : producerName
17:48:03.087 [main] TRACE org.hibernate.loader.plan.build.internal.AbstractLoadPlanBuildingAssociationVisitationStrategy - >> Starting attribute Attribute(name=producerName, type=string [non-identifier])
17:48:03.087 [main] TRACE org.hibernate.loader.plan.build.internal.AbstractLoadPlanBuildingAssociationVisitationStrategy - << Finishing up attribute : Attribute(name=producerName, type=string [non-identifier])
17:48:03.087 [main] TRACE org.hibernate.loader.plan.build.internal.AbstractLoadPlanBuildingAssociationVisitationStrategy - Popped fetch owner from stack : org.hibernate.loader.plan.build.internal.returns.EntityReturnImpl@1bb15351
17:48:03.087 [main] TRACE org.hibernate.loader.plan.build.internal.AbstractLoadPlanBuildingAssociationVisitationStrategy -  Finished root entity : com.soft.entity.ProducerEntity
17:48:03.087 [main] DEBUG org.hibernate.loader.plan.build.internal.FetchStyleLoadPlanBuildingAssociationVisitationStrategy - Building LoadPlan...
17:48:03.087 [main] DEBUG org.hibernate.loader.plan.exec.internal.LoadQueryJoinAndFetchProcessor - processing queryspace <gen:0>
17:48:03.087 [main] DEBUG org.hibernate.loader.plan.build.spi.LoadPlanTreePrinter - LoadPlan(entity=com.soft.entity.ProducerEntity)
    - Returns
       - EntityReturnImpl(entity=com.soft.entity.ProducerEntity, querySpaceUid=<gen:0>, path=com.soft.entity.ProducerEntity)
    - QuerySpaces
       - EntityQuerySpaceImpl(uid=<gen:0>, entity=com.soft.entity.ProducerEntity)
          - SQL table alias mapping - produceren0_
          - alias suffix - 0_
          - suffixed key columns - {producer1_3_0_}

17:48:03.087 [main] DEBUG org.hibernate.loader.entity.plan.EntityLoader - Static select for entity com.soft.entity.ProducerEntity [PESSIMISTIC_WRITE]: select produceren0_.producer_id as producer1_3_0_, produceren0_.producer_category as producer2_3_0_, produceren0_.producer_name as producer3_3_0_ from producer produceren0_ where produceren0_.producer_id=? for update
17:48:03.088 [main] TRACE org.hibernate.loader.plan.build.internal.AbstractLoadPlanBuildingAssociationVisitationStrategy -  Starting root entity : com.soft.entity.ProducerEntity
17:48:03.088 [main] DEBUG org.hibernate.loader.plan.build.internal.spaces.QuerySpacesImpl - Adding QuerySpace : uid = <gen:0> -> org.hibernate.loader.plan.build.internal.spaces.EntityQuerySpaceImpl@4fa822ad]
17:48:03.088 [main] TRACE org.hibernate.loader.plan.build.internal.AbstractLoadPlanBuildingAssociationVisitationStrategy - Pushing fetch source to stack : org.hibernate.loader.plan.build.internal.returns.EntityReturnImpl@597f0937
17:48:03.088 [main] TRACE org.hibernate.loader.plan.build.internal.AbstractLoadPlanBuildingAssociationVisitationStrategy - .. Registering AssociationKey : AssociationKey(table=producer, columns={producer_id}) -> org.hibernate.loader.plan.build.internal.returns.EntityReturnImpl@597f0937
17:48:03.088 [main] TRACE org.hibernate.loader.plan.build.internal.AbstractLoadPlanBuildingAssociationVisitationStrategy - >> Starting entity identifier : com.soft.entity.ProducerEntity
17:48:03.088 [main] DEBUG org.hibernate.persister.walking.spi.MetamodelGraphWalker - Visiting attribute path : producerCategory
17:48:03.088 [main] TRACE org.hibernate.loader.plan.build.internal.AbstractLoadPlanBuildingAssociationVisitationStrategy - >> Starting attribute Attribute(name=producerCategory, type=integer [non-identifier])
17:48:03.088 [main] TRACE org.hibernate.loader.plan.build.internal.AbstractLoadPlanBuildingAssociationVisitationStrategy - << Finishing up attribute : Attribute(name=producerCategory, type=integer [non-identifier])
17:48:03.088 [main] DEBUG org.hibernate.persister.walking.spi.MetamodelGraphWalker - Visiting attribute path : producerName
17:48:03.088 [main] TRACE org.hibernate.loader.plan.build.internal.AbstractLoadPlanBuildingAssociationVisitationStrategy - >> Starting attribute Attribute(name=producerName, type=string [non-identifier])
17:48:03.088 [main] TRACE org.hibernate.loader.plan.build.internal.AbstractLoadPlanBuildingAssociationVisitationStrategy - << Finishing up attribute : Attribute(name=producerName, type=string [non-identifier])
17:48:03.088 [main] TRACE org.hibernate.loader.plan.build.internal.AbstractLoadPlanBuildingAssociationVisitationStrategy - Popped fetch owner from stack : org.hibernate.loader.plan.build.internal.returns.EntityReturnImpl@597f0937
17:48:03.088 [main] TRACE org.hibernate.loader.plan.build.internal.AbstractLoadPlanBuildingAssociationVisitationStrategy -  Finished root entity : com.soft.entity.ProducerEntity
17:48:03.088 [main] DEBUG org.hibernate.loader.plan.build.internal.FetchStyleLoadPlanBuildingAssociationVisitationStrategy - Building LoadPlan...
17:48:03.088 [main] DEBUG org.hibernate.loader.plan.exec.internal.LoadQueryJoinAndFetchProcessor - processing queryspace <gen:0>
17:48:03.088 [main] DEBUG org.hibernate.loader.plan.build.spi.LoadPlanTreePrinter - LoadPlan(entity=com.soft.entity.ProducerEntity)
    - Returns
       - EntityReturnImpl(entity=com.soft.entity.ProducerEntity, querySpaceUid=<gen:0>, path=com.soft.entity.ProducerEntity)
    - QuerySpaces
       - EntityQuerySpaceImpl(uid=<gen:0>, entity=com.soft.entity.ProducerEntity)
          - SQL table alias mapping - produceren0_
          - alias suffix - 0_
          - suffixed key columns - {producer1_3_0_}

17:48:03.088 [main] DEBUG org.hibernate.loader.entity.plan.EntityLoader - Static select for entity com.soft.entity.ProducerEntity [PESSIMISTIC_FORCE_INCREMENT]: select produceren0_.producer_id as producer1_3_0_, produceren0_.producer_category as producer2_3_0_, produceren0_.producer_name as producer3_3_0_ from producer produceren0_ where produceren0_.producer_id=? for update
17:48:03.088 [main] TRACE org.hibernate.loader.plan.build.internal.AbstractLoadPlanBuildingAssociationVisitationStrategy -  Starting root entity : com.soft.entity.ProducerEntity
17:48:03.088 [main] DEBUG org.hibernate.loader.plan.build.internal.spaces.QuerySpacesImpl - Adding QuerySpace : uid = <gen:0> -> org.hibernate.loader.plan.build.internal.spaces.EntityQuerySpaceImpl@7ad1caa2]
17:48:03.088 [main] TRACE org.hibernate.loader.plan.build.internal.AbstractLoadPlanBuildingAssociationVisitationStrategy - Pushing fetch source to stack : org.hibernate.loader.plan.build.internal.returns.EntityReturnImpl@6b6b3572
17:48:03.089 [main] TRACE org.hibernate.loader.plan.build.internal.AbstractLoadPlanBuildingAssociationVisitationStrategy - .. Registering AssociationKey : AssociationKey(table=producer, columns={producer_id}) -> org.hibernate.loader.plan.build.internal.returns.EntityReturnImpl@6b6b3572
17:48:03.089 [main] TRACE org.hibernate.loader.plan.build.internal.AbstractLoadPlanBuildingAssociationVisitationStrategy - >> Starting entity identifier : com.soft.entity.ProducerEntity
17:48:03.089 [main] DEBUG org.hibernate.persister.walking.spi.MetamodelGraphWalker - Visiting attribute path : producerCategory
17:48:03.089 [main] TRACE org.hibernate.loader.plan.build.internal.AbstractLoadPlanBuildingAssociationVisitationStrategy - >> Starting attribute Attribute(name=producerCategory, type=integer [non-identifier])
17:48:03.089 [main] TRACE org.hibernate.loader.plan.build.internal.AbstractLoadPlanBuildingAssociationVisitationStrategy - << Finishing up attribute : Attribute(name=producerCategory, type=integer [non-identifier])
17:48:03.089 [main] DEBUG org.hibernate.persister.walking.spi.MetamodelGraphWalker - Visiting attribute path : producerName
17:48:03.089 [main] TRACE org.hibernate.loader.plan.build.internal.AbstractLoadPlanBuildingAssociationVisitationStrategy - >> Starting attribute Attribute(name=producerName, type=string [non-identifier])
17:48:03.089 [main] TRACE org.hibernate.loader.plan.build.internal.AbstractLoadPlanBuildingAssociationVisitationStrategy - << Finishing up attribute : Attribute(name=producerName, type=string [non-identifier])
17:48:03.089 [main] TRACE org.hibernate.loader.plan.build.internal.AbstractLoadPlanBuildingAssociationVisitationStrategy - Popped fetch owner from stack : org.hibernate.loader.plan.build.internal.returns.EntityReturnImpl@6b6b3572
17:48:03.089 [main] TRACE org.hibernate.loader.plan.build.internal.AbstractLoadPlanBuildingAssociationVisitationStrategy -  Finished root entity : com.soft.entity.ProducerEntity
17:48:03.089 [main] DEBUG org.hibernate.loader.plan.build.internal.FetchStyleLoadPlanBuildingAssociationVisitationStrategy - Building LoadPlan...
17:48:03.089 [main] DEBUG org.hibernate.loader.plan.exec.internal.LoadQueryJoinAndFetchProcessor - processing queryspace <gen:0>
17:48:03.089 [main] DEBUG org.hibernate.loader.plan.build.spi.LoadPlanTreePrinter - LoadPlan(entity=com.soft.entity.ProducerEntity)
    - Returns
       - EntityReturnImpl(entity=com.soft.entity.ProducerEntity, querySpaceUid=<gen:0>, path=com.soft.entity.ProducerEntity)
    - QuerySpaces
       - EntityQuerySpaceImpl(uid=<gen:0>, entity=com.soft.entity.ProducerEntity)
          - SQL table alias mapping - produceren0_
          - alias suffix - 0_
          - suffixed key columns - {producer1_3_0_}

17:48:03.089 [main] DEBUG org.hibernate.loader.entity.plan.EntityLoader - Static select for entity com.soft.entity.ProducerEntity [OPTIMISTIC]: select produceren0_.producer_id as producer1_3_0_, produceren0_.producer_category as producer2_3_0_, produceren0_.producer_name as producer3_3_0_ from producer produceren0_ where produceren0_.producer_id=?
17:48:03.089 [main] TRACE org.hibernate.loader.plan.build.internal.AbstractLoadPlanBuildingAssociationVisitationStrategy -  Starting root entity : com.soft.entity.ProducerEntity
17:48:03.089 [main] DEBUG org.hibernate.loader.plan.build.internal.spaces.QuerySpacesImpl - Adding QuerySpace : uid = <gen:0> -> org.hibernate.loader.plan.build.internal.spaces.EntityQuerySpaceImpl@65d8dff8]
17:48:03.089 [main] TRACE org.hibernate.loader.plan.build.internal.AbstractLoadPlanBuildingAssociationVisitationStrategy - Pushing fetch source to stack : org.hibernate.loader.plan.build.internal.returns.EntityReturnImpl@444f44c5
17:48:03.089 [main] TRACE org.hibernate.loader.plan.build.internal.AbstractLoadPlanBuildingAssociationVisitationStrategy - .. Registering AssociationKey : AssociationKey(table=producer, columns={producer_id}) -> org.hibernate.loader.plan.build.internal.returns.EntityReturnImpl@444f44c5
17:48:03.089 [main] TRACE org.hibernate.loader.plan.build.internal.AbstractLoadPlanBuildingAssociationVisitationStrategy - >> Starting entity identifier : com.soft.entity.ProducerEntity
17:48:03.089 [main] DEBUG org.hibernate.persister.walking.spi.MetamodelGraphWalker - Visiting attribute path : producerCategory
17:48:03.090 [main] TRACE org.hibernate.loader.plan.build.internal.AbstractLoadPlanBuildingAssociationVisitationStrategy - >> Starting attribute Attribute(name=producerCategory, type=integer [non-identifier])
17:48:03.090 [main] TRACE org.hibernate.loader.plan.build.internal.AbstractLoadPlanBuildingAssociationVisitationStrategy - << Finishing up attribute : Attribute(name=producerCategory, type=integer [non-identifier])
17:48:03.090 [main] DEBUG org.hibernate.persister.walking.spi.MetamodelGraphWalker - Visiting attribute path : producerName
17:48:03.090 [main] TRACE org.hibernate.loader.plan.build.internal.AbstractLoadPlanBuildingAssociationVisitationStrategy - >> Starting attribute Attribute(name=producerName, type=string [non-identifier])
17:48:03.090 [main] TRACE org.hibernate.loader.plan.build.internal.AbstractLoadPlanBuildingAssociationVisitationStrategy - << Finishing up attribute : Attribute(name=producerName, type=string [non-identifier])
17:48:03.090 [main] TRACE org.hibernate.loader.plan.build.internal.AbstractLoadPlanBuildingAssociationVisitationStrategy - Popped fetch owner from stack : org.hibernate.loader.plan.build.internal.returns.EntityReturnImpl@444f44c5
17:48:03.090 [main] TRACE org.hibernate.loader.plan.build.internal.AbstractLoadPlanBuildingAssociationVisitationStrategy -  Finished root entity : com.soft.entity.ProducerEntity
17:48:03.090 [main] DEBUG org.hibernate.loader.plan.build.internal.FetchStyleLoadPlanBuildingAssociationVisitationStrategy - Building LoadPlan...
17:48:03.090 [main] DEBUG org.hibernate.loader.plan.exec.internal.LoadQueryJoinAndFetchProcessor - processing queryspace <gen:0>
17:48:03.090 [main] DEBUG org.hibernate.loader.plan.build.spi.LoadPlanTreePrinter - LoadPlan(entity=com.soft.entity.ProducerEntity)
    - Returns
       - EntityReturnImpl(entity=com.soft.entity.ProducerEntity, querySpaceUid=<gen:0>, path=com.soft.entity.ProducerEntity)
    - QuerySpaces
       - EntityQuerySpaceImpl(uid=<gen:0>, entity=com.soft.entity.ProducerEntity)
          - SQL table alias mapping - produceren0_
          - alias suffix - 0_
          - suffixed key columns - {producer1_3_0_}

17:48:03.090 [main] DEBUG org.hibernate.loader.entity.plan.EntityLoader - Static select for entity com.soft.entity.ProducerEntity [OPTIMISTIC_FORCE_INCREMENT]: select produceren0_.producer_id as producer1_3_0_, produceren0_.producer_category as producer2_3_0_, produceren0_.producer_name as producer3_3_0_ from producer produceren0_ where produceren0_.producer_id=?
17:48:03.090 [main] DEBUG org.hibernate.loader.Loader - Static select for action ACTION_MERGE on entity com.soft.entity.ProducerEntity: select produceren0_.producer_id as producer1_3_0_, produceren0_.producer_category as producer2_3_0_, produceren0_.producer_name as producer3_3_0_ from producer produceren0_ where produceren0_.producer_id=?
17:48:03.090 [main] DEBUG org.hibernate.loader.Loader - Static select for action ACTION_REFRESH on entity com.soft.entity.ProducerEntity: select produceren0_.producer_id as producer1_3_0_, produceren0_.producer_category as producer2_3_0_, produceren0_.producer_name as producer3_3_0_ from producer produceren0_ where produceren0_.producer_id=?
17:48:03.091 [main] DEBUG org.hibernate.persister.entity.AbstractEntityPersister - Static SQL for entity: com.soft.entity.person
17:48:03.091 [main] DEBUG org.hibernate.persister.entity.AbstractEntityPersister -  Version select: select id from PERSON where id =?
17:48:03.091 [main] DEBUG org.hibernate.persister.entity.AbstractEntityPersister -  Snapshot select: select person_.id, person_.surname as surname2_2_ from PERSON person_ where person_.id=?
17:48:03.091 [main] DEBUG org.hibernate.persister.entity.AbstractEntityPersister -  Insert 0: insert into PERSON (surname, id) values (?, ?)
17:48:03.091 [main] DEBUG org.hibernate.persister.entity.AbstractEntityPersister -  Update 0: update PERSON set surname=? where id=?
17:48:03.091 [main] DEBUG org.hibernate.persister.entity.AbstractEntityPersister -  Delete 0: delete from PERSON where id=?
17:48:03.091 [main] TRACE org.hibernate.loader.plan.build.internal.AbstractLoadPlanBuildingAssociationVisitationStrategy -  Starting root entity : com.soft.entity.person
17:48:03.091 [main] DEBUG org.hibernate.loader.plan.build.internal.spaces.QuerySpacesImpl - Adding QuerySpace : uid = <gen:0> -> org.hibernate.loader.plan.build.internal.spaces.EntityQuerySpaceImpl@303f1234]
17:48:03.091 [main] TRACE org.hibernate.loader.plan.build.internal.AbstractLoadPlanBuildingAssociationVisitationStrategy - Pushing fetch source to stack : org.hibernate.loader.plan.build.internal.returns.EntityReturnImpl@24d61e4
17:48:03.091 [main] TRACE org.hibernate.loader.plan.build.internal.AbstractLoadPlanBuildingAssociationVisitationStrategy - .. Registering AssociationKey : AssociationKey(table=PERSON, columns={id}) -> org.hibernate.loader.plan.build.internal.returns.EntityReturnImpl@24d61e4
17:48:03.091 [main] TRACE org.hibernate.loader.plan.build.internal.AbstractLoadPlanBuildingAssociationVisitationStrategy - >> Starting entity identifier : com.soft.entity.person
17:48:03.091 [main] DEBUG org.hibernate.persister.walking.spi.MetamodelGraphWalker - Visiting attribute path : surname
17:48:03.091 [main] TRACE org.hibernate.loader.plan.build.internal.AbstractLoadPlanBuildingAssociationVisitationStrategy - >> Starting attribute Attribute(name=surname, type=character [non-identifier])
17:48:03.091 [main] TRACE org.hibernate.loader.plan.build.internal.AbstractLoadPlanBuildingAssociationVisitationStrategy - << Finishing up attribute : Attribute(name=surname, type=character [non-identifier])
17:48:03.091 [main] TRACE org.hibernate.loader.plan.build.internal.AbstractLoadPlanBuildingAssociationVisitationStrategy - Popped fetch owner from stack : org.hibernate.loader.plan.build.internal.returns.EntityReturnImpl@24d61e4
17:48:03.091 [main] TRACE org.hibernate.loader.plan.build.internal.AbstractLoadPlanBuildingAssociationVisitationStrategy -  Finished root entity : com.soft.entity.person
17:48:03.091 [main] DEBUG org.hibernate.loader.plan.build.internal.FetchStyleLoadPlanBuildingAssociationVisitationStrategy - Building LoadPlan...
17:48:03.091 [main] DEBUG org.hibernate.loader.plan.exec.internal.LoadQueryJoinAndFetchProcessor - processing queryspace <gen:0>
17:48:03.092 [main] DEBUG org.hibernate.loader.plan.build.spi.LoadPlanTreePrinter - LoadPlan(entity=com.soft.entity.person)
    - Returns
       - EntityReturnImpl(entity=com.soft.entity.person, querySpaceUid=<gen:0>, path=com.soft.entity.person)
    - QuerySpaces
       - EntityQuerySpaceImpl(uid=<gen:0>, entity=com.soft.entity.person)
          - SQL table alias mapping - person0_
          - alias suffix - 0_
          - suffixed key columns - {id1_2_0_}

17:48:03.092 [main] DEBUG org.hibernate.loader.entity.plan.EntityLoader - Static select for entity com.soft.entity.person [NONE]: select person0_.id as id1_2_0_, person0_.surname as surname2_2_0_ from PERSON person0_ where person0_.id=?
17:48:03.092 [main] TRACE org.hibernate.loader.plan.build.internal.AbstractLoadPlanBuildingAssociationVisitationStrategy -  Starting root entity : com.soft.entity.person
17:48:03.092 [main] DEBUG org.hibernate.loader.plan.build.internal.spaces.QuerySpacesImpl - Adding QuerySpace : uid = <gen:0> -> org.hibernate.loader.plan.build.internal.spaces.EntityQuerySpaceImpl@2149594a]
17:48:03.092 [main] TRACE org.hibernate.loader.plan.build.internal.AbstractLoadPlanBuildingAssociationVisitationStrategy - Pushing fetch source to stack : org.hibernate.loader.plan.build.internal.returns.EntityReturnImpl@1f1e58ca
17:48:03.092 [main] TRACE org.hibernate.loader.plan.build.internal.AbstractLoadPlanBuildingAssociationVisitationStrategy - .. Registering AssociationKey : AssociationKey(table=PERSON, columns={id}) -> org.hibernate.loader.plan.build.internal.returns.EntityReturnImpl@1f1e58ca
17:48:03.092 [main] TRACE org.hibernate.loader.plan.build.internal.AbstractLoadPlanBuildingAssociationVisitationStrategy - >> Starting entity identifier : com.soft.entity.person
17:48:03.092 [main] DEBUG org.hibernate.persister.walking.spi.MetamodelGraphWalker - Visiting attribute path : surname
17:48:03.092 [main] TRACE org.hibernate.loader.plan.build.internal.AbstractLoadPlanBuildingAssociationVisitationStrategy - >> Starting attribute Attribute(name=surname, type=character [non-identifier])
17:48:03.092 [main] TRACE org.hibernate.loader.plan.build.internal.AbstractLoadPlanBuildingAssociationVisitationStrategy - << Finishing up attribute : Attribute(name=surname, type=character [non-identifier])
17:48:03.092 [main] TRACE org.hibernate.loader.plan.build.internal.AbstractLoadPlanBuildingAssociationVisitationStrategy - Popped fetch owner from stack : org.hibernate.loader.plan.build.internal.returns.EntityReturnImpl@1f1e58ca
17:48:03.092 [main] TRACE org.hibernate.loader.plan.build.internal.AbstractLoadPlanBuildingAssociationVisitationStrategy -  Finished root entity : com.soft.entity.person
17:48:03.092 [main] DEBUG org.hibernate.loader.plan.build.internal.FetchStyleLoadPlanBuildingAssociationVisitationStrategy - Building LoadPlan...
17:48:03.092 [main] DEBUG org.hibernate.loader.plan.exec.internal.LoadQueryJoinAndFetchProcessor - processing queryspace <gen:0>
17:48:03.092 [main] DEBUG org.hibernate.loader.plan.build.spi.LoadPlanTreePrinter - LoadPlan(entity=com.soft.entity.person)
    - Returns
       - EntityReturnImpl(entity=com.soft.entity.person, querySpaceUid=<gen:0>, path=com.soft.entity.person)
    - QuerySpaces
       - EntityQuerySpaceImpl(uid=<gen:0>, entity=com.soft.entity.person)
          - SQL table alias mapping - person0_
          - alias suffix - 0_
          - suffixed key columns - {id1_2_0_}

17:48:03.092 [main] DEBUG org.hibernate.loader.entity.plan.EntityLoader - Static select for entity com.soft.entity.person [READ]: select person0_.id as id1_2_0_, person0_.surname as surname2_2_0_ from PERSON person0_ where person0_.id=?
17:48:03.092 [main] TRACE org.hibernate.loader.plan.build.internal.AbstractLoadPlanBuildingAssociationVisitationStrategy -  Starting root entity : com.soft.entity.person
17:48:03.092 [main] DEBUG org.hibernate.loader.plan.build.internal.spaces.QuerySpacesImpl - Adding QuerySpace : uid = <gen:0> -> org.hibernate.loader.plan.build.internal.spaces.EntityQuerySpaceImpl@57f847af]
17:48:03.092 [main] TRACE org.hibernate.loader.plan.build.internal.AbstractLoadPlanBuildingAssociationVisitationStrategy - Pushing fetch source to stack : org.hibernate.loader.plan.build.internal.returns.EntityReturnImpl@3ed34ef5
17:48:03.093 [main] TRACE org.hibernate.loader.plan.build.internal.AbstractLoadPlanBuildingAssociationVisitationStrategy - .. Registering AssociationKey : AssociationKey(table=PERSON, columns={id}) -> org.hibernate.loader.plan.build.internal.returns.EntityReturnImpl@3ed34ef5
17:48:03.093 [main] TRACE org.hibernate.loader.plan.build.internal.AbstractLoadPlanBuildingAssociationVisitationStrategy - >> Starting entity identifier : com.soft.entity.person
17:48:03.093 [main] DEBUG org.hibernate.persister.walking.spi.MetamodelGraphWalker - Visiting attribute path : surname
17:48:03.093 [main] TRACE org.hibernate.loader.plan.build.internal.AbstractLoadPlanBuildingAssociationVisitationStrategy - >> Starting attribute Attribute(name=surname, type=character [non-identifier])
17:48:03.093 [main] TRACE org.hibernate.loader.plan.build.internal.AbstractLoadPlanBuildingAssociationVisitationStrategy - << Finishing up attribute : Attribute(name=surname, type=character [non-identifier])
17:48:03.093 [main] TRACE org.hibernate.loader.plan.build.internal.AbstractLoadPlanBuildingAssociationVisitationStrategy - Popped fetch owner from stack : org.hibernate.loader.plan.build.internal.returns.EntityReturnImpl@3ed34ef5
17:48:03.093 [main] TRACE org.hibernate.loader.plan.build.internal.AbstractLoadPlanBuildingAssociationVisitationStrategy -  Finished root entity : com.soft.entity.person
17:48:03.093 [main] DEBUG org.hibernate.loader.plan.build.internal.FetchStyleLoadPlanBuildingAssociationVisitationStrategy - Building LoadPlan...
17:48:03.093 [main] DEBUG org.hibernate.loader.plan.exec.internal.LoadQueryJoinAndFetchProcessor - processing queryspace <gen:0>
17:48:03.093 [main] DEBUG org.hibernate.loader.plan.build.spi.LoadPlanTreePrinter - LoadPlan(entity=com.soft.entity.person)
    - Returns
       - EntityReturnImpl(entity=com.soft.entity.person, querySpaceUid=<gen:0>, path=com.soft.entity.person)
    - QuerySpaces
       - EntityQuerySpaceImpl(uid=<gen:0>, entity=com.soft.entity.person)
          - SQL table alias mapping - person0_
          - alias suffix - 0_
          - suffixed key columns - {id1_2_0_}

17:48:03.093 [main] DEBUG org.hibernate.loader.entity.plan.EntityLoader - Static select for entity com.soft.entity.person [UPGRADE]: select person0_.id as id1_2_0_, person0_.surname as surname2_2_0_ from PERSON person0_ where person0_.id=? for update
17:48:03.093 [main] TRACE org.hibernate.loader.plan.build.internal.AbstractLoadPlanBuildingAssociationVisitationStrategy -  Starting root entity : com.soft.entity.person
17:48:03.093 [main] DEBUG org.hibernate.loader.plan.build.internal.spaces.QuerySpacesImpl - Adding QuerySpace : uid = <gen:0> -> org.hibernate.loader.plan.build.internal.spaces.EntityQuerySpaceImpl@553bc36c]
17:48:03.093 [main] TRACE org.hibernate.loader.plan.build.internal.AbstractLoadPlanBuildingAssociationVisitationStrategy - Pushing fetch source to stack : org.hibernate.loader.plan.build.internal.returns.EntityReturnImpl@380e1909
17:48:03.093 [main] TRACE org.hibernate.loader.plan.build.internal.AbstractLoadPlanBuildingAssociationVisitationStrategy - .. Registering AssociationKey : AssociationKey(table=PERSON, columns={id}) -> org.hibernate.loader.plan.build.internal.returns.EntityReturnImpl@380e1909
17:48:03.093 [main] TRACE org.hibernate.loader.plan.build.internal.AbstractLoadPlanBuildingAssociationVisitationStrategy - >> Starting entity identifier : com.soft.entity.person
17:48:03.093 [main] DEBUG org.hibernate.persister.walking.spi.MetamodelGraphWalker - Visiting attribute path : surname
17:48:03.093 [main] TRACE org.hibernate.loader.plan.build.internal.AbstractLoadPlanBuildingAssociationVisitationStrategy - >> Starting attribute Attribute(name=surname, type=character [non-identifier])
17:48:03.093 [main] TRACE org.hibernate.loader.plan.build.internal.AbstractLoadPlanBuildingAssociationVisitationStrategy - << Finishing up attribute : Attribute(name=surname, type=character [non-identifier])
17:48:03.093 [main] TRACE org.hibernate.loader.plan.build.internal.AbstractLoadPlanBuildingAssociationVisitationStrategy - Popped fetch owner from stack : org.hibernate.loader.plan.build.internal.returns.EntityReturnImpl@380e1909
17:48:03.093 [main] TRACE org.hibernate.loader.plan.build.internal.AbstractLoadPlanBuildingAssociationVisitationStrategy -  Finished root entity : com.soft.entity.person
17:48:03.093 [main] DEBUG org.hibernate.loader.plan.build.internal.FetchStyleLoadPlanBuildingAssociationVisitationStrategy - Building LoadPlan...
17:48:03.093 [main] DEBUG org.hibernate.loader.plan.exec.internal.LoadQueryJoinAndFetchProcessor - processing queryspace <gen:0>
17:48:03.093 [main] DEBUG org.hibernate.loader.plan.build.spi.LoadPlanTreePrinter - LoadPlan(entity=com.soft.entity.person)
    - Returns
       - EntityReturnImpl(entity=com.soft.entity.person, querySpaceUid=<gen:0>, path=com.soft.entity.person)
    - QuerySpaces
       - EntityQuerySpaceImpl(uid=<gen:0>, entity=com.soft.entity.person)
          - SQL table alias mapping - person0_
          - alias suffix - 0_
          - suffixed key columns - {id1_2_0_}

17:48:03.093 [main] DEBUG org.hibernate.loader.entity.plan.EntityLoader - Static select for entity com.soft.entity.person [UPGRADE_NOWAIT]: select person0_.id as id1_2_0_, person0_.surname as surname2_2_0_ from PERSON person0_ where person0_.id=? for update
17:48:03.093 [main] TRACE org.hibernate.loader.plan.build.internal.AbstractLoadPlanBuildingAssociationVisitationStrategy -  Starting root entity : com.soft.entity.person
17:48:03.093 [main] DEBUG org.hibernate.loader.plan.build.internal.spaces.QuerySpacesImpl - Adding QuerySpace : uid = <gen:0> -> org.hibernate.loader.plan.build.internal.spaces.EntityQuerySpaceImpl@2d5ef498]
17:48:03.093 [main] TRACE org.hibernate.loader.plan.build.internal.AbstractLoadPlanBuildingAssociationVisitationStrategy - Pushing fetch source to stack : org.hibernate.loader.plan.build.internal.returns.EntityReturnImpl@95eb320
17:48:03.093 [main] TRACE org.hibernate.loader.plan.build.internal.AbstractLoadPlanBuildingAssociationVisitationStrategy - .. Registering AssociationKey : AssociationKey(table=PERSON, columns={id}) -> org.hibernate.loader.plan.build.internal.returns.EntityReturnImpl@95eb320
17:48:03.094 [main] TRACE org.hibernate.loader.plan.build.internal.AbstractLoadPlanBuildingAssociationVisitationStrategy - >> Starting entity identifier : com.soft.entity.person
17:48:03.094 [main] DEBUG org.hibernate.persister.walking.spi.MetamodelGraphWalker - Visiting attribute path : surname
17:48:03.094 [main] TRACE org.hibernate.loader.plan.build.internal.AbstractLoadPlanBuildingAssociationVisitationStrategy - >> Starting attribute Attribute(name=surname, type=character [non-identifier])
17:48:03.094 [main] TRACE org.hibernate.loader.plan.build.internal.AbstractLoadPlanBuildingAssociationVisitationStrategy - << Finishing up attribute : Attribute(name=surname, type=character [non-identifier])
17:48:03.094 [main] TRACE org.hibernate.loader.plan.build.internal.AbstractLoadPlanBuildingAssociationVisitationStrategy - Popped fetch owner from stack : org.hibernate.loader.plan.build.internal.returns.EntityReturnImpl@95eb320
17:48:03.094 [main] TRACE org.hibernate.loader.plan.build.internal.AbstractLoadPlanBuildingAssociationVisitationStrategy -  Finished root entity : com.soft.entity.person
17:48:03.094 [main] DEBUG org.hibernate.loader.plan.build.internal.FetchStyleLoadPlanBuildingAssociationVisitationStrategy - Building LoadPlan...
17:48:03.094 [main] DEBUG org.hibernate.loader.plan.exec.internal.LoadQueryJoinAndFetchProcessor - processing queryspace <gen:0>
17:48:03.094 [main] DEBUG org.hibernate.loader.plan.build.spi.LoadPlanTreePrinter - LoadPlan(entity=com.soft.entity.person)
    - Returns
       - EntityReturnImpl(entity=com.soft.entity.person, querySpaceUid=<gen:0>, path=com.soft.entity.person)
    - QuerySpaces
       - EntityQuerySpaceImpl(uid=<gen:0>, entity=com.soft.entity.person)
          - SQL table alias mapping - person0_
          - alias suffix - 0_
          - suffixed key columns - {id1_2_0_}

17:48:03.094 [main] DEBUG org.hibernate.loader.entity.plan.EntityLoader - Static select for entity com.soft.entity.person [UPGRADE_SKIPLOCKED]: select person0_.id as id1_2_0_, person0_.surname as surname2_2_0_ from PERSON person0_ where person0_.id=? for update
17:48:03.094 [main] TRACE org.hibernate.loader.plan.build.internal.AbstractLoadPlanBuildingAssociationVisitationStrategy -  Starting root entity : com.soft.entity.person
17:48:03.094 [main] DEBUG org.hibernate.loader.plan.build.internal.spaces.QuerySpacesImpl - Adding QuerySpace : uid = <gen:0> -> org.hibernate.loader.plan.build.internal.spaces.EntityQuerySpaceImpl@2f521c4]
17:48:03.094 [main] TRACE org.hibernate.loader.plan.build.internal.AbstractLoadPlanBuildingAssociationVisitationStrategy - Pushing fetch source to stack : org.hibernate.loader.plan.build.internal.returns.EntityReturnImpl@4afbb6c2
17:48:03.094 [main] TRACE org.hibernate.loader.plan.build.internal.AbstractLoadPlanBuildingAssociationVisitationStrategy - .. Registering AssociationKey : AssociationKey(table=PERSON, columns={id}) -> org.hibernate.loader.plan.build.internal.returns.EntityReturnImpl@4afbb6c2
17:48:03.094 [main] TRACE org.hibernate.loader.plan.build.internal.AbstractLoadPlanBuildingAssociationVisitationStrategy - >> Starting entity identifier : com.soft.entity.person
17:48:03.094 [main] DEBUG org.hibernate.persister.walking.spi.MetamodelGraphWalker - Visiting attribute path : surname
17:48:03.094 [main] TRACE org.hibernate.loader.plan.build.internal.AbstractLoadPlanBuildingAssociationVisitationStrategy - >> Starting attribute Attribute(name=surname, type=character [non-identifier])
17:48:03.094 [main] TRACE org.hibernate.loader.plan.build.internal.AbstractLoadPlanBuildingAssociationVisitationStrategy - << Finishing up attribute : Attribute(name=surname, type=character [non-identifier])
17:48:03.094 [main] TRACE org.hibernate.loader.plan.build.internal.AbstractLoadPlanBuildingAssociationVisitationStrategy - Popped fetch owner from stack : org.hibernate.loader.plan.build.internal.returns.EntityReturnImpl@4afbb6c2
17:48:03.094 [main] TRACE org.hibernate.loader.plan.build.internal.AbstractLoadPlanBuildingAssociationVisitationStrategy -  Finished root entity : com.soft.entity.person
17:48:03.094 [main] DEBUG org.hibernate.loader.plan.build.internal.FetchStyleLoadPlanBuildingAssociationVisitationStrategy - Building LoadPlan...
17:48:03.094 [main] DEBUG org.hibernate.loader.plan.exec.internal.LoadQueryJoinAndFetchProcessor - processing queryspace <gen:0>
17:48:03.094 [main] DEBUG org.hibernate.loader.plan.build.spi.LoadPlanTreePrinter - LoadPlan(entity=com.soft.entity.person)
    - Returns
       - EntityReturnImpl(entity=com.soft.entity.person, querySpaceUid=<gen:0>, path=com.soft.entity.person)
    - QuerySpaces
       - EntityQuerySpaceImpl(uid=<gen:0>, entity=com.soft.entity.person)
          - SQL table alias mapping - person0_
          - alias suffix - 0_
          - suffixed key columns - {id1_2_0_}

17:48:03.094 [main] DEBUG org.hibernate.loader.entity.plan.EntityLoader - Static select for entity com.soft.entity.person [FORCE]: select person0_.id as id1_2_0_, person0_.surname as surname2_2_0_ from PERSON person0_ where person0_.id=? for update
17:48:03.094 [main] TRACE org.hibernate.loader.plan.build.internal.AbstractLoadPlanBuildingAssociationVisitationStrategy -  Starting root entity : com.soft.entity.person
17:48:03.095 [main] DEBUG org.hibernate.loader.plan.build.internal.spaces.QuerySpacesImpl - Adding QuerySpace : uid = <gen:0> -> org.hibernate.loader.plan.build.internal.spaces.EntityQuerySpaceImpl@10db6131]
17:48:03.095 [main] TRACE org.hibernate.loader.plan.build.internal.AbstractLoadPlanBuildingAssociationVisitationStrategy - Pushing fetch source to stack : org.hibernate.loader.plan.build.internal.returns.EntityReturnImpl@6c6017b9
17:48:03.095 [main] TRACE org.hibernate.loader.plan.build.internal.AbstractLoadPlanBuildingAssociationVisitationStrategy - .. Registering AssociationKey : AssociationKey(table=PERSON, columns={id}) -> org.hibernate.loader.plan.build.internal.returns.EntityReturnImpl@6c6017b9
17:48:03.095 [main] TRACE org.hibernate.loader.plan.build.internal.AbstractLoadPlanBuildingAssociationVisitationStrategy - >> Starting entity identifier : com.soft.entity.person
17:48:03.095 [main] DEBUG org.hibernate.persister.walking.spi.MetamodelGraphWalker - Visiting attribute path : surname
17:48:03.095 [main] TRACE org.hibernate.loader.plan.build.internal.AbstractLoadPlanBuildingAssociationVisitationStrategy - >> Starting attribute Attribute(name=surname, type=character [non-identifier])
17:48:03.095 [main] TRACE org.hibernate.loader.plan.build.internal.AbstractLoadPlanBuildingAssociationVisitationStrategy - << Finishing up attribute : Attribute(name=surname, type=character [non-identifier])
17:48:03.095 [main] TRACE org.hibernate.loader.plan.build.internal.AbstractLoadPlanBuildingAssociationVisitationStrategy - Popped fetch owner from stack : org.hibernate.loader.plan.build.internal.returns.EntityReturnImpl@6c6017b9
17:48:03.095 [main] TRACE org.hibernate.loader.plan.build.internal.AbstractLoadPlanBuildingAssociationVisitationStrategy -  Finished root entity : com.soft.entity.person
17:48:03.095 [main] DEBUG org.hibernate.loader.plan.build.internal.FetchStyleLoadPlanBuildingAssociationVisitationStrategy - Building LoadPlan...
17:48:03.095 [main] DEBUG org.hibernate.loader.plan.exec.internal.LoadQueryJoinAndFetchProcessor - processing queryspace <gen:0>
17:48:03.095 [main] DEBUG org.hibernate.loader.plan.build.spi.LoadPlanTreePrinter - LoadPlan(entity=com.soft.entity.person)
    - Returns
       - EntityReturnImpl(entity=com.soft.entity.person, querySpaceUid=<gen:0>, path=com.soft.entity.person)
    - QuerySpaces
       - EntityQuerySpaceImpl(uid=<gen:0>, entity=com.soft.entity.person)
          - SQL table alias mapping - person0_
          - alias suffix - 0_
          - suffixed key columns - {id1_2_0_}

17:48:03.095 [main] DEBUG org.hibernate.loader.entity.plan.EntityLoader - Static select for entity com.soft.entity.person [PESSIMISTIC_READ]: select person0_.id as id1_2_0_, person0_.surname as surname2_2_0_ from PERSON person0_ where person0_.id=? lock in share mode
17:48:03.095 [main] TRACE org.hibernate.loader.plan.build.internal.AbstractLoadPlanBuildingAssociationVisitationStrategy -  Starting root entity : com.soft.entity.person
17:48:03.095 [main] DEBUG org.hibernate.loader.plan.build.internal.spaces.QuerySpacesImpl - Adding QuerySpace : uid = <gen:0> -> org.hibernate.loader.plan.build.internal.spaces.EntityQuerySpaceImpl@4730e0f0]
17:48:03.095 [main] TRACE org.hibernate.loader.plan.build.internal.AbstractLoadPlanBuildingAssociationVisitationStrategy - Pushing fetch source to stack : org.hibernate.loader.plan.build.internal.returns.EntityReturnImpl@506a1372
17:48:03.095 [main] TRACE org.hibernate.loader.plan.build.internal.AbstractLoadPlanBuildingAssociationVisitationStrategy - .. Registering AssociationKey : AssociationKey(table=PERSON, columns={id}) -> org.hibernate.loader.plan.build.internal.returns.EntityReturnImpl@506a1372
17:48:03.095 [main] TRACE org.hibernate.loader.plan.build.internal.AbstractLoadPlanBuildingAssociationVisitationStrategy - >> Starting entity identifier : com.soft.entity.person
17:48:03.095 [main] DEBUG org.hibernate.persister.walking.spi.MetamodelGraphWalker - Visiting attribute path : surname
17:48:03.095 [main] TRACE org.hibernate.loader.plan.build.internal.AbstractLoadPlanBuildingAssociationVisitationStrategy - >> Starting attribute Attribute(name=surname, type=character [non-identifier])
17:48:03.095 [main] TRACE org.hibernate.loader.plan.build.internal.AbstractLoadPlanBuildingAssociationVisitationStrategy - << Finishing up attribute : Attribute(name=surname, type=character [non-identifier])
17:48:03.095 [main] TRACE org.hibernate.loader.plan.build.internal.AbstractLoadPlanBuildingAssociationVisitationStrategy - Popped fetch owner from stack : org.hibernate.loader.plan.build.internal.returns.EntityReturnImpl@506a1372
17:48:03.095 [main] TRACE org.hibernate.loader.plan.build.internal.AbstractLoadPlanBuildingAssociationVisitationStrategy -  Finished root entity : com.soft.entity.person
17:48:03.095 [main] DEBUG org.hibernate.loader.plan.build.internal.FetchStyleLoadPlanBuildingAssociationVisitationStrategy - Building LoadPlan...
17:48:03.095 [main] DEBUG org.hibernate.loader.plan.exec.internal.LoadQueryJoinAndFetchProcessor - processing queryspace <gen:0>
17:48:03.096 [main] DEBUG org.hibernate.loader.plan.build.spi.LoadPlanTreePrinter - LoadPlan(entity=com.soft.entity.person)
    - Returns
       - EntityReturnImpl(entity=com.soft.entity.person, querySpaceUid=<gen:0>, path=com.soft.entity.person)
    - QuerySpaces
       - EntityQuerySpaceImpl(uid=<gen:0>, entity=com.soft.entity.person)
          - SQL table alias mapping - person0_
          - alias suffix - 0_
          - suffixed key columns - {id1_2_0_}

17:48:03.096 [main] DEBUG org.hibernate.loader.entity.plan.EntityLoader - Static select for entity com.soft.entity.person [PESSIMISTIC_WRITE]: select person0_.id as id1_2_0_, person0_.surname as surname2_2_0_ from PERSON person0_ where person0_.id=? for update
17:48:03.096 [main] TRACE org.hibernate.loader.plan.build.internal.AbstractLoadPlanBuildingAssociationVisitationStrategy -  Starting root entity : com.soft.entity.person
17:48:03.096 [main] DEBUG org.hibernate.loader.plan.build.internal.spaces.QuerySpacesImpl - Adding QuerySpace : uid = <gen:0> -> org.hibernate.loader.plan.build.internal.spaces.EntityQuerySpaceImpl@1b7332a7]
17:48:03.096 [main] TRACE org.hibernate.loader.plan.build.internal.AbstractLoadPlanBuildingAssociationVisitationStrategy - Pushing fetch source to stack : org.hibernate.loader.plan.build.internal.returns.EntityReturnImpl@77c233af
17:48:03.096 [main] TRACE org.hibernate.loader.plan.build.internal.AbstractLoadPlanBuildingAssociationVisitationStrategy - .. Registering AssociationKey : AssociationKey(table=PERSON, columns={id}) -> org.hibernate.loader.plan.build.internal.returns.EntityReturnImpl@77c233af
17:48:03.096 [main] TRACE org.hibernate.loader.plan.build.internal.AbstractLoadPlanBuildingAssociationVisitationStrategy - >> Starting entity identifier : com.soft.entity.person
17:48:03.096 [main] DEBUG org.hibernate.persister.walking.spi.MetamodelGraphWalker - Visiting attribute path : surname
17:48:03.096 [main] TRACE org.hibernate.loader.plan.build.internal.AbstractLoadPlanBuildingAssociationVisitationStrategy - >> Starting attribute Attribute(name=surname, type=character [non-identifier])
17:48:03.096 [main] TRACE org.hibernate.loader.plan.build.internal.AbstractLoadPlanBuildingAssociationVisitationStrategy - << Finishing up attribute : Attribute(name=surname, type=character [non-identifier])
17:48:03.096 [main] TRACE org.hibernate.loader.plan.build.internal.AbstractLoadPlanBuildingAssociationVisitationStrategy - Popped fetch owner from stack : org.hibernate.loader.plan.build.internal.returns.EntityReturnImpl@77c233af
17:48:03.096 [main] TRACE org.hibernate.loader.plan.build.internal.AbstractLoadPlanBuildingAssociationVisitationStrategy -  Finished root entity : com.soft.entity.person
17:48:03.096 [main] DEBUG org.hibernate.loader.plan.build.internal.FetchStyleLoadPlanBuildingAssociationVisitationStrategy - Building LoadPlan...
17:48:03.096 [main] DEBUG org.hibernate.loader.plan.exec.internal.LoadQueryJoinAndFetchProcessor - processing queryspace <gen:0>
17:48:03.096 [main] DEBUG org.hibernate.loader.plan.build.spi.LoadPlanTreePrinter - LoadPlan(entity=com.soft.entity.person)
    - Returns
       - EntityReturnImpl(entity=com.soft.entity.person, querySpaceUid=<gen:0>, path=com.soft.entity.person)
    - QuerySpaces
       - EntityQuerySpaceImpl(uid=<gen:0>, entity=com.soft.entity.person)
          - SQL table alias mapping - person0_
          - alias suffix - 0_
          - suffixed key columns - {id1_2_0_}

17:48:03.096 [main] DEBUG org.hibernate.loader.entity.plan.EntityLoader - Static select for entity com.soft.entity.person [PESSIMISTIC_FORCE_INCREMENT]: select person0_.id as id1_2_0_, person0_.surname as surname2_2_0_ from PERSON person0_ where person0_.id=? for update
17:48:03.096 [main] TRACE org.hibernate.loader.plan.build.internal.AbstractLoadPlanBuildingAssociationVisitationStrategy -  Starting root entity : com.soft.entity.person
17:48:03.097 [main] DEBUG org.hibernate.loader.plan.build.internal.spaces.QuerySpacesImpl - Adding QuerySpace : uid = <gen:0> -> org.hibernate.loader.plan.build.internal.spaces.EntityQuerySpaceImpl@37b56ac7]
17:48:03.097 [main] TRACE org.hibernate.loader.plan.build.internal.AbstractLoadPlanBuildingAssociationVisitationStrategy - Pushing fetch source to stack : org.hibernate.loader.plan.build.internal.returns.EntityReturnImpl@37c41ec0
17:48:03.097 [main] TRACE org.hibernate.loader.plan.build.internal.AbstractLoadPlanBuildingAssociationVisitationStrategy - .. Registering AssociationKey : AssociationKey(table=PERSON, columns={id}) -> org.hibernate.loader.plan.build.internal.returns.EntityReturnImpl@37c41ec0
17:48:03.097 [main] TRACE org.hibernate.loader.plan.build.internal.AbstractLoadPlanBuildingAssociationVisitationStrategy - >> Starting entity identifier : com.soft.entity.person
17:48:03.097 [main] DEBUG org.hibernate.persister.walking.spi.MetamodelGraphWalker - Visiting attribute path : surname
17:48:03.097 [main] TRACE org.hibernate.loader.plan.build.internal.AbstractLoadPlanBuildingAssociationVisitationStrategy - >> Starting attribute Attribute(name=surname, type=character [non-identifier])
17:48:03.097 [main] TRACE org.hibernate.loader.plan.build.internal.AbstractLoadPlanBuildingAssociationVisitationStrategy - << Finishing up attribute : Attribute(name=surname, type=character [non-identifier])
17:48:03.097 [main] TRACE org.hibernate.loader.plan.build.internal.AbstractLoadPlanBuildingAssociationVisitationStrategy - Popped fetch owner from stack : org.hibernate.loader.plan.build.internal.returns.EntityReturnImpl@37c41ec0
17:48:03.097 [main] TRACE org.hibernate.loader.plan.build.internal.AbstractLoadPlanBuildingAssociationVisitationStrategy -  Finished root entity : com.soft.entity.person
17:48:03.097 [main] DEBUG org.hibernate.loader.plan.build.internal.FetchStyleLoadPlanBuildingAssociationVisitationStrategy - Building LoadPlan...
17:48:03.097 [main] DEBUG org.hibernate.loader.plan.exec.internal.LoadQueryJoinAndFetchProcessor - processing queryspace <gen:0>
17:48:03.097 [main] DEBUG org.hibernate.loader.plan.build.spi.LoadPlanTreePrinter - LoadPlan(entity=com.soft.entity.person)
    - Returns
       - EntityReturnImpl(entity=com.soft.entity.person, querySpaceUid=<gen:0>, path=com.soft.entity.person)
    - QuerySpaces
       - EntityQuerySpaceImpl(uid=<gen:0>, entity=com.soft.entity.person)
          - SQL table alias mapping - person0_
          - alias suffix - 0_
          - suffixed key columns - {id1_2_0_}

17:48:03.097 [main] DEBUG org.hibernate.loader.entity.plan.EntityLoader - Static select for entity com.soft.entity.person [OPTIMISTIC]: select person0_.id as id1_2_0_, person0_.surname as surname2_2_0_ from PERSON person0_ where person0_.id=?
17:48:03.097 [main] TRACE org.hibernate.loader.plan.build.internal.AbstractLoadPlanBuildingAssociationVisitationStrategy -  Starting root entity : com.soft.entity.person
17:48:03.097 [main] DEBUG org.hibernate.loader.plan.build.internal.spaces.QuerySpacesImpl - Adding QuerySpace : uid = <gen:0> -> org.hibernate.loader.plan.build.internal.spaces.EntityQuerySpaceImpl@35a0e495]
17:48:03.097 [main] TRACE org.hibernate.loader.plan.build.internal.AbstractLoadPlanBuildingAssociationVisitationStrategy - Pushing fetch source to stack : org.hibernate.loader.plan.build.internal.returns.EntityReturnImpl@5399f6c5
17:48:03.097 [main] TRACE org.hibernate.loader.plan.build.internal.AbstractLoadPlanBuildingAssociationVisitationStrategy - .. Registering AssociationKey : AssociationKey(table=PERSON, columns={id}) -> org.hibernate.loader.plan.build.internal.returns.EntityReturnImpl@5399f6c5
17:48:03.097 [main] TRACE org.hibernate.loader.plan.build.internal.AbstractLoadPlanBuildingAssociationVisitationStrategy - >> Starting entity identifier : com.soft.entity.person
17:48:03.097 [main] DEBUG org.hibernate.persister.walking.spi.MetamodelGraphWalker - Visiting attribute path : surname
17:48:03.097 [main] TRACE org.hibernate.loader.plan.build.internal.AbstractLoadPlanBuildingAssociationVisitationStrategy - >> Starting attribute Attribute(name=surname, type=character [non-identifier])
17:48:03.097 [main] TRACE org.hibernate.loader.plan.build.internal.AbstractLoadPlanBuildingAssociationVisitationStrategy - << Finishing up attribute : Attribute(name=surname, type=character [non-identifier])
17:48:03.097 [main] TRACE org.hibernate.loader.plan.build.internal.AbstractLoadPlanBuildingAssociationVisitationStrategy - Popped fetch owner from stack : org.hibernate.loader.plan.build.internal.returns.EntityReturnImpl@5399f6c5
17:48:03.097 [main] TRACE org.hibernate.loader.plan.build.internal.AbstractLoadPlanBuildingAssociationVisitationStrategy -  Finished root entity : com.soft.entity.person
17:48:03.097 [main] DEBUG org.hibernate.loader.plan.build.internal.FetchStyleLoadPlanBuildingAssociationVisitationStrategy - Building LoadPlan...
17:48:03.098 [main] DEBUG org.hibernate.loader.plan.exec.internal.LoadQueryJoinAndFetchProcessor - processing queryspace <gen:0>
17:48:03.098 [main] DEBUG org.hibernate.loader.plan.build.spi.LoadPlanTreePrinter - LoadPlan(entity=com.soft.entity.person)
    - Returns
       - EntityReturnImpl(entity=com.soft.entity.person, querySpaceUid=<gen:0>, path=com.soft.entity.person)
    - QuerySpaces
       - EntityQuerySpaceImpl(uid=<gen:0>, entity=com.soft.entity.person)
          - SQL table alias mapping - person0_
          - alias suffix - 0_
          - suffixed key columns - {id1_2_0_}

17:48:03.098 [main] DEBUG org.hibernate.loader.entity.plan.EntityLoader - Static select for entity com.soft.entity.person [OPTIMISTIC_FORCE_INCREMENT]: select person0_.id as id1_2_0_, person0_.surname as surname2_2_0_ from PERSON person0_ where person0_.id=?
17:48:03.098 [main] DEBUG org.hibernate.loader.Loader - Static select for action ACTION_MERGE on entity com.soft.entity.person: select person0_.id as id1_2_0_, person0_.surname as surname2_2_0_ from PERSON person0_ where person0_.id=?
17:48:03.098 [main] DEBUG org.hibernate.loader.Loader - Static select for action ACTION_REFRESH on entity com.soft.entity.person: select person0_.id as id1_2_0_, person0_.surname as surname2_2_0_ from PERSON person0_ where person0_.id=?
17:48:03.098 [main] DEBUG org.hibernate.persister.entity.AbstractEntityPersister - Static SQL for entity: com.soft.entity.TransistorEntity
17:48:03.098 [main] DEBUG org.hibernate.persister.entity.AbstractEntityPersister -  Version select: select transistor_id from transistor where transistor_id =?
17:48:03.098 [main] DEBUG org.hibernate.persister.entity.AbstractEntityPersister -  Snapshot select: select transistor_.transistor_id, transistor_.category as category2_5_, transistor_.conductunce_type as conductu3_5_, transistor_.description as descript4_5_, transistor_.gain as gain5_5_, transistor_.max_current as max_curr6_5_, transistor_.max_current_unit as max_curr7_5_, transistor_.name as name8_5_, transistor_.photo as photo9_5_, transistor_.price as price10_5_, transistor_.producer as produce11_5_, transistor_.quantity as quantit12_5_, transistor_.package as package13_5_ from transistor transistor_ where transistor_.transistor_id=?
17:48:03.098 [main] DEBUG org.hibernate.persister.entity.AbstractEntityPersister -  Insert 0: insert into transistor (category, conductunce_type, description, gain, max_current, max_current_unit, name, photo, price, producer, quantity, package, transistor_id) values (?, ?, ?, ?, ?, ?, ?, ?, ?, ?, ?, ?, ?)
17:48:03.098 [main] DEBUG org.hibernate.persister.entity.AbstractEntityPersister -  Update 0: update transistor set category=?, conductunce_type=?, description=?, gain=?, max_current=?, max_current_unit=?, name=?, photo=?, price=?, producer=?, quantity=?, package=? where transistor_id=?
17:48:03.098 [main] DEBUG org.hibernate.persister.entity.AbstractEntityPersister -  Delete 0: delete from transistor where transistor_id=?
17:48:03.099 [main] TRACE org.hibernate.loader.plan.build.internal.AbstractLoadPlanBuildingAssociationVisitationStrategy -  Starting root entity : com.soft.entity.TransistorEntity
17:48:03.099 [main] DEBUG org.hibernate.loader.plan.build.internal.spaces.QuerySpacesImpl - Adding QuerySpace : uid = <gen:0> -> org.hibernate.loader.plan.build.internal.spaces.EntityQuerySpaceImpl@4fe64d23]
17:48:03.099 [main] TRACE org.hibernate.loader.plan.build.internal.AbstractLoadPlanBuildingAssociationVisitationStrategy - Pushing fetch source to stack : org.hibernate.loader.plan.build.internal.returns.EntityReturnImpl@58437801
17:48:03.099 [main] TRACE org.hibernate.loader.plan.build.internal.AbstractLoadPlanBuildingAssociationVisitationStrategy - .. Registering AssociationKey : AssociationKey(table=transistor, columns={transistor_id}) -> org.hibernate.loader.plan.build.internal.returns.EntityReturnImpl@58437801
17:48:03.099 [main] TRACE org.hibernate.loader.plan.build.internal.AbstractLoadPlanBuildingAssociationVisitationStrategy - >> Starting entity identifier : com.soft.entity.TransistorEntity
17:48:03.099 [main] DEBUG org.hibernate.persister.walking.spi.MetamodelGraphWalker - Visiting attribute path : category
17:48:03.099 [main] TRACE org.hibernate.loader.plan.build.internal.AbstractLoadPlanBuildingAssociationVisitationStrategy - >> Starting attribute Attribute(name=category, type=integer [non-identifier])
17:48:03.099 [main] TRACE org.hibernate.loader.plan.build.internal.AbstractLoadPlanBuildingAssociationVisitationStrategy - << Finishing up attribute : Attribute(name=category, type=integer [non-identifier])
17:48:03.099 [main] DEBUG org.hibernate.persister.walking.spi.MetamodelGraphWalker - Visiting attribute path : conductanceType
17:48:03.099 [main] TRACE org.hibernate.loader.plan.build.internal.AbstractLoadPlanBuildingAssociationVisitationStrategy - >> Starting attribute Attribute(name=conductanceType, type=string [non-identifier])
17:48:03.099 [main] TRACE org.hibernate.loader.plan.build.internal.AbstractLoadPlanBuildingAssociationVisitationStrategy - << Finishing up attribute : Attribute(name=conductanceType, type=string [non-identifier])
17:48:03.099 [main] DEBUG org.hibernate.persister.walking.spi.MetamodelGraphWalker - Visiting attribute path : description
17:48:03.099 [main] TRACE org.hibernate.loader.plan.build.internal.AbstractLoadPlanBuildingAssociationVisitationStrategy - >> Starting attribute Attribute(name=description, type=string [non-identifier])
17:48:03.099 [main] TRACE org.hibernate.loader.plan.build.internal.AbstractLoadPlanBuildingAssociationVisitationStrategy - << Finishing up attribute : Attribute(name=description, type=string [non-identifier])
17:48:03.099 [main] DEBUG org.hibernate.persister.walking.spi.MetamodelGraphWalker - Visiting attribute path : gain
17:48:03.099 [main] TRACE org.hibernate.loader.plan.build.internal.AbstractLoadPlanBuildingAssociationVisitationStrategy - >> Starting attribute Attribute(name=gain, type=double [non-identifier])
17:48:03.099 [main] TRACE org.hibernate.loader.plan.build.internal.AbstractLoadPlanBuildingAssociationVisitationStrategy - << Finishing up attribute : Attribute(name=gain, type=double [non-identifier])
17:48:03.099 [main] DEBUG org.hibernate.persister.walking.spi.MetamodelGraphWalker - Visiting attribute path : maxCurrent
17:48:03.099 [main] TRACE org.hibernate.loader.plan.build.internal.AbstractLoadPlanBuildingAssociationVisitationStrategy - >> Starting attribute Attribute(name=maxCurrent, type=double [non-identifier])
17:48:03.099 [main] TRACE org.hibernate.loader.plan.build.internal.AbstractLoadPlanBuildingAssociationVisitationStrategy - << Finishing up attribute : Attribute(name=maxCurrent, type=double [non-identifier])
17:48:03.099 [main] DEBUG org.hibernate.persister.walking.spi.MetamodelGraphWalker - Visiting attribute path : maxCurrentUnit
17:48:03.099 [main] TRACE org.hibernate.loader.plan.build.internal.AbstractLoadPlanBuildingAssociationVisitationStrategy - >> Starting attribute Attribute(name=maxCurrentUnit, type=integer [non-identifier])
17:48:03.099 [main] TRACE org.hibernate.loader.plan.build.internal.AbstractLoadPlanBuildingAssociationVisitationStrategy - << Finishing up attribute : Attribute(name=maxCurrentUnit, type=integer [non-identifier])
17:48:03.099 [main] DEBUG org.hibernate.persister.walking.spi.MetamodelGraphWalker - Visiting attribute path : name
17:48:03.099 [main] TRACE org.hibernate.loader.plan.build.internal.AbstractLoadPlanBuildingAssociationVisitationStrategy - >> Starting attribute Attribute(name=name, type=string [non-identifier])
17:48:03.100 [main] TRACE org.hibernate.loader.plan.build.internal.AbstractLoadPlanBuildingAssociationVisitationStrategy - << Finishing up attribute : Attribute(name=name, type=string [non-identifier])
17:48:03.100 [main] DEBUG org.hibernate.persister.walking.spi.MetamodelGraphWalker - Visiting attribute path : photo
17:48:03.100 [main] TRACE org.hibernate.loader.plan.build.internal.AbstractLoadPlanBuildingAssociationVisitationStrategy - >> Starting attribute Attribute(name=photo, type=binary [non-identifier])
17:48:03.100 [main] TRACE org.hibernate.loader.plan.build.internal.AbstractLoadPlanBuildingAssociationVisitationStrategy - << Finishing up attribute : Attribute(name=photo, type=binary [non-identifier])
17:48:03.100 [main] DEBUG org.hibernate.persister.walking.spi.MetamodelGraphWalker - Visiting attribute path : price
17:48:03.100 [main] TRACE org.hibernate.loader.plan.build.internal.AbstractLoadPlanBuildingAssociationVisitationStrategy - >> Starting attribute Attribute(name=price, type=double [non-identifier])
17:48:03.100 [main] TRACE org.hibernate.loader.plan.build.internal.AbstractLoadPlanBuildingAssociationVisitationStrategy - << Finishing up attribute : Attribute(name=price, type=double [non-identifier])
17:48:03.100 [main] DEBUG org.hibernate.persister.walking.spi.MetamodelGraphWalker - Visiting attribute path : producer
17:48:03.100 [main] TRACE org.hibernate.loader.plan.build.internal.AbstractLoadPlanBuildingAssociationVisitationStrategy - >> Starting attribute Attribute(name=producer, type=integer [non-identifier])
17:48:03.100 [main] TRACE org.hibernate.loader.plan.build.internal.AbstractLoadPlanBuildingAssociationVisitationStrategy - << Finishing up attribute : Attribute(name=producer, type=integer [non-identifier])
17:48:03.100 [main] DEBUG org.hibernate.persister.walking.spi.MetamodelGraphWalker - Visiting attribute path : quantity
17:48:03.100 [main] TRACE org.hibernate.loader.plan.build.internal.AbstractLoadPlanBuildingAssociationVisitationStrategy - >> Starting attribute Attribute(name=quantity, type=integer [non-identifier])
17:48:03.100 [main] TRACE org.hibernate.loader.plan.build.internal.AbstractLoadPlanBuildingAssociationVisitationStrategy - << Finishing up attribute : Attribute(name=quantity, type=integer [non-identifier])
17:48:03.100 [main] DEBUG org.hibernate.persister.walking.spi.MetamodelGraphWalker - Visiting attribute path : tPackage
17:48:03.100 [main] TRACE org.hibernate.loader.plan.build.internal.AbstractLoadPlanBuildingAssociationVisitationStrategy - >> Starting attribute Attribute(name=tPackage, type=integer [non-identifier])
17:48:03.100 [main] TRACE org.hibernate.loader.plan.build.internal.AbstractLoadPlanBuildingAssociationVisitationStrategy - << Finishing up attribute : Attribute(name=tPackage, type=integer [non-identifier])
17:48:03.100 [main] TRACE org.hibernate.loader.plan.build.internal.AbstractLoadPlanBuildingAssociationVisitationStrategy - Popped fetch owner from stack : org.hibernate.loader.plan.build.internal.returns.EntityReturnImpl@58437801
17:48:03.100 [main] TRACE org.hibernate.loader.plan.build.internal.AbstractLoadPlanBuildingAssociationVisitationStrategy -  Finished root entity : com.soft.entity.TransistorEntity
17:48:03.100 [main] DEBUG org.hibernate.loader.plan.build.internal.FetchStyleLoadPlanBuildingAssociationVisitationStrategy - Building LoadPlan...
17:48:03.100 [main] DEBUG org.hibernate.loader.plan.exec.internal.LoadQueryJoinAndFetchProcessor - processing queryspace <gen:0>
17:48:03.100 [main] DEBUG org.hibernate.loader.plan.build.spi.LoadPlanTreePrinter - LoadPlan(entity=com.soft.entity.TransistorEntity)
    - Returns
       - EntityReturnImpl(entity=com.soft.entity.TransistorEntity, querySpaceUid=<gen:0>, path=com.soft.entity.TransistorEntity)
    - QuerySpaces
       - EntityQuerySpaceImpl(uid=<gen:0>, entity=com.soft.entity.TransistorEntity)
          - SQL table alias mapping - transistor0_
          - alias suffix - 0_
          - suffixed key columns - {transist1_5_0_}

17:48:03.101 [main] DEBUG org.hibernate.loader.entity.plan.EntityLoader - Static select for entity com.soft.entity.TransistorEntity [NONE]: select transistor0_.transistor_id as transist1_5_0_, transistor0_.category as category2_5_0_, transistor0_.conductunce_type as conductu3_5_0_, transistor0_.description as descript4_5_0_, transistor0_.gain as gain5_5_0_, transistor0_.max_current as max_curr6_5_0_, transistor0_.max_current_unit as max_curr7_5_0_, transistor0_.name as name8_5_0_, transistor0_.photo as photo9_5_0_, transistor0_.price as price10_5_0_, transistor0_.producer as produce11_5_0_, transistor0_.quantity as quantit12_5_0_, transistor0_.package as package13_5_0_ from transistor transistor0_ where transistor0_.transistor_id=?
17:48:03.101 [main] TRACE org.hibernate.loader.plan.build.internal.AbstractLoadPlanBuildingAssociationVisitationStrategy -  Starting root entity : com.soft.entity.TransistorEntity
17:48:03.101 [main] DEBUG org.hibernate.loader.plan.build.internal.spaces.QuerySpacesImpl - Adding QuerySpace : uid = <gen:0> -> org.hibernate.loader.plan.build.internal.spaces.EntityQuerySpaceImpl@6af5bbd0]
17:48:03.101 [main] TRACE org.hibernate.loader.plan.build.internal.AbstractLoadPlanBuildingAssociationVisitationStrategy - Pushing fetch source to stack : org.hibernate.loader.plan.build.internal.returns.EntityReturnImpl@76464795
17:48:03.101 [main] TRACE org.hibernate.loader.plan.build.internal.AbstractLoadPlanBuildingAssociationVisitationStrategy - .. Registering AssociationKey : AssociationKey(table=transistor, columns={transistor_id}) -> org.hibernate.loader.plan.build.internal.returns.EntityReturnImpl@76464795
17:48:03.101 [main] TRACE org.hibernate.loader.plan.build.internal.AbstractLoadPlanBuildingAssociationVisitationStrategy - >> Starting entity identifier : com.soft.entity.TransistorEntity
17:48:03.101 [main] DEBUG org.hibernate.persister.walking.spi.MetamodelGraphWalker - Visiting attribute path : category
17:48:03.101 [main] TRACE org.hibernate.loader.plan.build.internal.AbstractLoadPlanBuildingAssociationVisitationStrategy - >> Starting attribute Attribute(name=category, type=integer [non-identifier])
17:48:03.101 [main] TRACE org.hibernate.loader.plan.build.internal.AbstractLoadPlanBuildingAssociationVisitationStrategy - << Finishing up attribute : Attribute(name=category, type=integer [non-identifier])
17:48:03.101 [main] DEBUG org.hibernate.persister.walking.spi.MetamodelGraphWalker - Visiting attribute path : conductanceType
17:48:03.101 [main] TRACE org.hibernate.loader.plan.build.internal.AbstractLoadPlanBuildingAssociationVisitationStrategy - >> Starting attribute Attribute(name=conductanceType, type=string [non-identifier])
17:48:03.101 [main] TRACE org.hibernate.loader.plan.build.internal.AbstractLoadPlanBuildingAssociationVisitationStrategy - << Finishing up attribute : Attribute(name=conductanceType, type=string [non-identifier])
17:48:03.101 [main] DEBUG org.hibernate.persister.walking.spi.MetamodelGraphWalker - Visiting attribute path : description
17:48:03.101 [main] TRACE org.hibernate.loader.plan.build.internal.AbstractLoadPlanBuildingAssociationVisitationStrategy - >> Starting attribute Attribute(name=description, type=string [non-identifier])
17:48:03.101 [main] TRACE org.hibernate.loader.plan.build.internal.AbstractLoadPlanBuildingAssociationVisitationStrategy - << Finishing up attribute : Attribute(name=description, type=string [non-identifier])
17:48:03.101 [main] DEBUG org.hibernate.persister.walking.spi.MetamodelGraphWalker - Visiting attribute path : gain
17:48:03.101 [main] TRACE org.hibernate.loader.plan.build.internal.AbstractLoadPlanBuildingAssociationVisitationStrategy - >> Starting attribute Attribute(name=gain, type=double [non-identifier])
17:48:03.101 [main] TRACE org.hibernate.loader.plan.build.internal.AbstractLoadPlanBuildingAssociationVisitationStrategy - << Finishing up attribute : Attribute(name=gain, type=double [non-identifier])
17:48:03.101 [main] DEBUG org.hibernate.persister.walking.spi.MetamodelGraphWalker - Visiting attribute path : maxCurrent
17:48:03.101 [main] TRACE org.hibernate.loader.plan.build.internal.AbstractLoadPlanBuildingAssociationVisitationStrategy - >> Starting attribute Attribute(name=maxCurrent, type=double [non-identifier])
17:48:03.101 [main] TRACE org.hibernate.loader.plan.build.internal.AbstractLoadPlanBuildingAssociationVisitationStrategy - << Finishing up attribute : Attribute(name=maxCurrent, type=double [non-identifier])
17:48:03.101 [main] DEBUG org.hibernate.persister.walking.spi.MetamodelGraphWalker - Visiting attribute path : maxCurrentUnit
17:48:03.101 [main] TRACE org.hibernate.loader.plan.build.internal.AbstractLoadPlanBuildingAssociationVisitationStrategy - >> Starting attribute Attribute(name=maxCurrentUnit, type=integer [non-identifier])
17:48:03.101 [main] TRACE org.hibernate.loader.plan.build.internal.AbstractLoadPlanBuildingAssociationVisitationStrategy - << Finishing up attribute : Attribute(name=maxCurrentUnit, type=integer [non-identifier])
17:48:03.101 [main] DEBUG org.hibernate.persister.walking.spi.MetamodelGraphWalker - Visiting attribute path : name
17:48:03.102 [main] TRACE org.hibernate.loader.plan.build.internal.AbstractLoadPlanBuildingAssociationVisitationStrategy - >> Starting attribute Attribute(name=name, type=string [non-identifier])
17:48:03.102 [main] TRACE org.hibernate.loader.plan.build.internal.AbstractLoadPlanBuildingAssociationVisitationStrategy - << Finishing up attribute : Attribute(name=name, type=string [non-identifier])
17:48:03.102 [main] DEBUG org.hibernate.persister.walking.spi.MetamodelGraphWalker - Visiting attribute path : photo
17:48:03.102 [main] TRACE org.hibernate.loader.plan.build.internal.AbstractLoadPlanBuildingAssociationVisitationStrategy - >> Starting attribute Attribute(name=photo, type=binary [non-identifier])
17:48:03.102 [main] TRACE org.hibernate.loader.plan.build.internal.AbstractLoadPlanBuildingAssociationVisitationStrategy - << Finishing up attribute : Attribute(name=photo, type=binary [non-identifier])
17:48:03.102 [main] DEBUG org.hibernate.persister.walking.spi.MetamodelGraphWalker - Visiting attribute path : price
17:48:03.102 [main] TRACE org.hibernate.loader.plan.build.internal.AbstractLoadPlanBuildingAssociationVisitationStrategy - >> Starting attribute Attribute(name=price, type=double [non-identifier])
17:48:03.102 [main] TRACE org.hibernate.loader.plan.build.internal.AbstractLoadPlanBuildingAssociationVisitationStrategy - << Finishing up attribute : Attribute(name=price, type=double [non-identifier])
17:48:03.102 [main] DEBUG org.hibernate.persister.walking.spi.MetamodelGraphWalker - Visiting attribute path : producer
17:48:03.102 [main] TRACE org.hibernate.loader.plan.build.internal.AbstractLoadPlanBuildingAssociationVisitationStrategy - >> Starting attribute Attribute(name=producer, type=integer [non-identifier])
17:48:03.102 [main] TRACE org.hibernate.loader.plan.build.internal.AbstractLoadPlanBuildingAssociationVisitationStrategy - << Finishing up attribute : Attribute(name=producer, type=integer [non-identifier])
17:48:03.102 [main] DEBUG org.hibernate.persister.walking.spi.MetamodelGraphWalker - Visiting attribute path : quantity
17:48:03.102 [main] TRACE org.hibernate.loader.plan.build.internal.AbstractLoadPlanBuildingAssociationVisitationStrategy - >> Starting attribute Attribute(name=quantity, type=integer [non-identifier])
17:48:03.102 [main] TRACE org.hibernate.loader.plan.build.internal.AbstractLoadPlanBuildingAssociationVisitationStrategy - << Finishing up attribute : Attribute(name=quantity, type=integer [non-identifier])
17:48:03.102 [main] DEBUG org.hibernate.persister.walking.spi.MetamodelGraphWalker - Visiting attribute path : tPackage
17:48:03.102 [main] TRACE org.hibernate.loader.plan.build.internal.AbstractLoadPlanBuildingAssociationVisitationStrategy - >> Starting attribute Attribute(name=tPackage, type=integer [non-identifier])
17:48:03.102 [main] TRACE org.hibernate.loader.plan.build.internal.AbstractLoadPlanBuildingAssociationVisitationStrategy - << Finishing up attribute : Attribute(name=tPackage, type=integer [non-identifier])
17:48:03.102 [main] TRACE org.hibernate.loader.plan.build.internal.AbstractLoadPlanBuildingAssociationVisitationStrategy - Popped fetch owner from stack : org.hibernate.loader.plan.build.internal.returns.EntityReturnImpl@76464795
17:48:03.102 [main] TRACE org.hibernate.loader.plan.build.internal.AbstractLoadPlanBuildingAssociationVisitationStrategy -  Finished root entity : com.soft.entity.TransistorEntity
17:48:03.102 [main] DEBUG org.hibernate.loader.plan.build.internal.FetchStyleLoadPlanBuildingAssociationVisitationStrategy - Building LoadPlan...
17:48:03.102 [main] DEBUG org.hibernate.loader.plan.exec.internal.LoadQueryJoinAndFetchProcessor - processing queryspace <gen:0>
17:48:03.103 [main] DEBUG org.hibernate.loader.plan.build.spi.LoadPlanTreePrinter - LoadPlan(entity=com.soft.entity.TransistorEntity)
    - Returns
       - EntityReturnImpl(entity=com.soft.entity.TransistorEntity, querySpaceUid=<gen:0>, path=com.soft.entity.TransistorEntity)
    - QuerySpaces
       - EntityQuerySpaceImpl(uid=<gen:0>, entity=com.soft.entity.TransistorEntity)
          - SQL table alias mapping - transistor0_
          - alias suffix - 0_
          - suffixed key columns - {transist1_5_0_}

17:48:03.103 [main] DEBUG org.hibernate.loader.entity.plan.EntityLoader - Static select for entity com.soft.entity.TransistorEntity [READ]: select transistor0_.transistor_id as transist1_5_0_, transistor0_.category as category2_5_0_, transistor0_.conductunce_type as conductu3_5_0_, transistor0_.description as descript4_5_0_, transistor0_.gain as gain5_5_0_, transistor0_.max_current as max_curr6_5_0_, transistor0_.max_current_unit as max_curr7_5_0_, transistor0_.name as name8_5_0_, transistor0_.photo as photo9_5_0_, transistor0_.price as price10_5_0_, transistor0_.producer as produce11_5_0_, transistor0_.quantity as quantit12_5_0_, transistor0_.package as package13_5_0_ from transistor transistor0_ where transistor0_.transistor_id=?
17:48:03.103 [main] TRACE org.hibernate.loader.plan.build.internal.AbstractLoadPlanBuildingAssociationVisitationStrategy -  Starting root entity : com.soft.entity.TransistorEntity
17:48:03.103 [main] DEBUG org.hibernate.loader.plan.build.internal.spaces.QuerySpacesImpl - Adding QuerySpace : uid = <gen:0> -> org.hibernate.loader.plan.build.internal.spaces.EntityQuerySpaceImpl@b34832b]
17:48:03.103 [main] TRACE org.hibernate.loader.plan.build.internal.AbstractLoadPlanBuildingAssociationVisitationStrategy - Pushing fetch source to stack : org.hibernate.loader.plan.build.internal.returns.EntityReturnImpl@48f4713c
17:48:03.103 [main] TRACE org.hibernate.loader.plan.build.internal.AbstractLoadPlanBuildingAssociationVisitationStrategy - .. Registering AssociationKey : AssociationKey(table=transistor, columns={transistor_id}) -> org.hibernate.loader.plan.build.internal.returns.EntityReturnImpl@48f4713c
17:48:03.103 [main] TRACE org.hibernate.loader.plan.build.internal.AbstractLoadPlanBuildingAssociationVisitationStrategy - >> Starting entity identifier : com.soft.entity.TransistorEntity
17:48:03.103 [main] DEBUG org.hibernate.persister.walking.spi.MetamodelGraphWalker - Visiting attribute path : category
17:48:03.103 [main] TRACE org.hibernate.loader.plan.build.internal.AbstractLoadPlanBuildingAssociationVisitationStrategy - >> Starting attribute Attribute(name=category, type=integer [non-identifier])
17:48:03.103 [main] TRACE org.hibernate.loader.plan.build.internal.AbstractLoadPlanBuildingAssociationVisitationStrategy - << Finishing up attribute : Attribute(name=category, type=integer [non-identifier])
17:48:03.103 [main] DEBUG org.hibernate.persister.walking.spi.MetamodelGraphWalker - Visiting attribute path : conductanceType
17:48:03.103 [main] TRACE org.hibernate.loader.plan.build.internal.AbstractLoadPlanBuildingAssociationVisitationStrategy - >> Starting attribute Attribute(name=conductanceType, type=string [non-identifier])
17:48:03.103 [main] TRACE org.hibernate.loader.plan.build.internal.AbstractLoadPlanBuildingAssociationVisitationStrategy - << Finishing up attribute : Attribute(name=conductanceType, type=string [non-identifier])
17:48:03.103 [main] DEBUG org.hibernate.persister.walking.spi.MetamodelGraphWalker - Visiting attribute path : description
17:48:03.103 [main] TRACE org.hibernate.loader.plan.build.internal.AbstractLoadPlanBuildingAssociationVisitationStrategy - >> Starting attribute Attribute(name=description, type=string [non-identifier])
17:48:03.103 [main] TRACE org.hibernate.loader.plan.build.internal.AbstractLoadPlanBuildingAssociationVisitationStrategy - << Finishing up attribute : Attribute(name=description, type=string [non-identifier])
17:48:03.103 [main] DEBUG org.hibernate.persister.walking.spi.MetamodelGraphWalker - Visiting attribute path : gain
17:48:03.103 [main] TRACE org.hibernate.loader.plan.build.internal.AbstractLoadPlanBuildingAssociationVisitationStrategy - >> Starting attribute Attribute(name=gain, type=double [non-identifier])
17:48:03.103 [main] TRACE org.hibernate.loader.plan.build.internal.AbstractLoadPlanBuildingAssociationVisitationStrategy - << Finishing up attribute : Attribute(name=gain, type=double [non-identifier])
17:48:03.103 [main] DEBUG org.hibernate.persister.walking.spi.MetamodelGraphWalker - Visiting attribute path : maxCurrent
17:48:03.103 [main] TRACE org.hibernate.loader.plan.build.internal.AbstractLoadPlanBuildingAssociationVisitationStrategy - >> Starting attribute Attribute(name=maxCurrent, type=double [non-identifier])
17:48:03.103 [main] TRACE org.hibernate.loader.plan.build.internal.AbstractLoadPlanBuildingAssociationVisitationStrategy - << Finishing up attribute : Attribute(name=maxCurrent, type=double [non-identifier])
17:48:03.103 [main] DEBUG org.hibernate.persister.walking.spi.MetamodelGraphWalker - Visiting attribute path : maxCurrentUnit
17:48:03.104 [main] TRACE org.hibernate.loader.plan.build.internal.AbstractLoadPlanBuildingAssociationVisitationStrategy - >> Starting attribute Attribute(name=maxCurrentUnit, type=integer [non-identifier])
17:48:03.104 [main] TRACE org.hibernate.loader.plan.build.internal.AbstractLoadPlanBuildingAssociationVisitationStrategy - << Finishing up attribute : Attribute(name=maxCurrentUnit, type=integer [non-identifier])
17:48:03.104 [main] DEBUG org.hibernate.persister.walking.spi.MetamodelGraphWalker - Visiting attribute path : name
17:48:03.104 [main] TRACE org.hibernate.loader.plan.build.internal.AbstractLoadPlanBuildingAssociationVisitationStrategy - >> Starting attribute Attribute(name=name, type=string [non-identifier])
17:48:03.104 [main] TRACE org.hibernate.loader.plan.build.internal.AbstractLoadPlanBuildingAssociationVisitationStrategy - << Finishing up attribute : Attribute(name=name, type=string [non-identifier])
17:48:03.104 [main] DEBUG org.hibernate.persister.walking.spi.MetamodelGraphWalker - Visiting attribute path : photo
17:48:03.104 [main] TRACE org.hibernate.loader.plan.build.internal.AbstractLoadPlanBuildingAssociationVisitationStrategy - >> Starting attribute Attribute(name=photo, type=binary [non-identifier])
17:48:03.104 [main] TRACE org.hibernate.loader.plan.build.internal.AbstractLoadPlanBuildingAssociationVisitationStrategy - << Finishing up attribute : Attribute(name=photo, type=binary [non-identifier])
17:48:03.104 [main] DEBUG org.hibernate.persister.walking.spi.MetamodelGraphWalker - Visiting attribute path : price
17:48:03.104 [main] TRACE org.hibernate.loader.plan.build.internal.AbstractLoadPlanBuildingAssociationVisitationStrategy - >> Starting attribute Attribute(name=price, type=double [non-identifier])
17:48:03.104 [main] TRACE org.hibernate.loader.plan.build.internal.AbstractLoadPlanBuildingAssociationVisitationStrategy - << Finishing up attribute : Attribute(name=price, type=double [non-identifier])
17:48:03.104 [main] DEBUG org.hibernate.persister.walking.spi.MetamodelGraphWalker - Visiting attribute path : producer
17:48:03.104 [main] TRACE org.hibernate.loader.plan.build.internal.AbstractLoadPlanBuildingAssociationVisitationStrategy - >> Starting attribute Attribute(name=producer, type=integer [non-identifier])
17:48:03.104 [main] TRACE org.hibernate.loader.plan.build.internal.AbstractLoadPlanBuildingAssociationVisitationStrategy - << Finishing up attribute : Attribute(name=producer, type=integer [non-identifier])
17:48:03.104 [main] DEBUG org.hibernate.persister.walking.spi.MetamodelGraphWalker - Visiting attribute path : quantity
17:48:03.104 [main] TRACE org.hibernate.loader.plan.build.internal.AbstractLoadPlanBuildingAssociationVisitationStrategy - >> Starting attribute Attribute(name=quantity, type=integer [non-identifier])
17:48:03.104 [main] TRACE org.hibernate.loader.plan.build.internal.AbstractLoadPlanBuildingAssociationVisitationStrategy - << Finishing up attribute : Attribute(name=quantity, type=integer [non-identifier])
17:48:03.104 [main] DEBUG org.hibernate.persister.walking.spi.MetamodelGraphWalker - Visiting attribute path : tPackage
17:48:03.104 [main] TRACE org.hibernate.loader.plan.build.internal.AbstractLoadPlanBuildingAssociationVisitationStrategy - >> Starting attribute Attribute(name=tPackage, type=integer [non-identifier])
17:48:03.104 [main] TRACE org.hibernate.loader.plan.build.internal.AbstractLoadPlanBuildingAssociationVisitationStrategy - << Finishing up attribute : Attribute(name=tPackage, type=integer [non-identifier])
17:48:03.104 [main] TRACE org.hibernate.loader.plan.build.internal.AbstractLoadPlanBuildingAssociationVisitationStrategy - Popped fetch owner from stack : org.hibernate.loader.plan.build.internal.returns.EntityReturnImpl@48f4713c
17:48:03.104 [main] TRACE org.hibernate.loader.plan.build.internal.AbstractLoadPlanBuildingAssociationVisitationStrategy -  Finished root entity : com.soft.entity.TransistorEntity
17:48:03.104 [main] DEBUG org.hibernate.loader.plan.build.internal.FetchStyleLoadPlanBuildingAssociationVisitationStrategy - Building LoadPlan...
17:48:03.104 [main] DEBUG org.hibernate.loader.plan.exec.internal.LoadQueryJoinAndFetchProcessor - processing queryspace <gen:0>
17:48:03.105 [main] DEBUG org.hibernate.loader.plan.build.spi.LoadPlanTreePrinter - LoadPlan(entity=com.soft.entity.TransistorEntity)
    - Returns
       - EntityReturnImpl(entity=com.soft.entity.TransistorEntity, querySpaceUid=<gen:0>, path=com.soft.entity.TransistorEntity)
    - QuerySpaces
       - EntityQuerySpaceImpl(uid=<gen:0>, entity=com.soft.entity.TransistorEntity)
          - SQL table alias mapping - transistor0_
          - alias suffix - 0_
          - suffixed key columns - {transist1_5_0_}

17:48:03.105 [main] DEBUG org.hibernate.loader.entity.plan.EntityLoader - Static select for entity com.soft.entity.TransistorEntity [UPGRADE]: select transistor0_.transistor_id as transist1_5_0_, transistor0_.category as category2_5_0_, transistor0_.conductunce_type as conductu3_5_0_, transistor0_.description as descript4_5_0_, transistor0_.gain as gain5_5_0_, transistor0_.max_current as max_curr6_5_0_, transistor0_.max_current_unit as max_curr7_5_0_, transistor0_.name as name8_5_0_, transistor0_.photo as photo9_5_0_, transistor0_.price as price10_5_0_, transistor0_.producer as produce11_5_0_, transistor0_.quantity as quantit12_5_0_, transistor0_.package as package13_5_0_ from transistor transistor0_ where transistor0_.transistor_id=? for update
17:48:03.105 [main] TRACE org.hibernate.loader.plan.build.internal.AbstractLoadPlanBuildingAssociationVisitationStrategy -  Starting root entity : com.soft.entity.TransistorEntity
17:48:03.105 [main] DEBUG org.hibernate.loader.plan.build.internal.spaces.QuerySpacesImpl - Adding QuerySpace : uid = <gen:0> -> org.hibernate.loader.plan.build.internal.spaces.EntityQuerySpaceImpl@f1868c9]
17:48:03.105 [main] TRACE org.hibernate.loader.plan.build.internal.AbstractLoadPlanBuildingAssociationVisitationStrategy - Pushing fetch source to stack : org.hibernate.loader.plan.build.internal.returns.EntityReturnImpl@4ba6ec50
17:48:03.105 [main] TRACE org.hibernate.loader.plan.build.internal.AbstractLoadPlanBuildingAssociationVisitationStrategy - .. Registering AssociationKey : AssociationKey(table=transistor, columns={transistor_id}) -> org.hibernate.loader.plan.build.internal.returns.EntityReturnImpl@4ba6ec50
17:48:03.105 [main] TRACE org.hibernate.loader.plan.build.internal.AbstractLoadPlanBuildingAssociationVisitationStrategy - >> Starting entity identifier : com.soft.entity.TransistorEntity
17:48:03.105 [main] DEBUG org.hibernate.persister.walking.spi.MetamodelGraphWalker - Visiting attribute path : category
17:48:03.105 [main] TRACE org.hibernate.loader.plan.build.internal.AbstractLoadPlanBuildingAssociationVisitationStrategy - >> Starting attribute Attribute(name=category, type=integer [non-identifier])
17:48:03.105 [main] TRACE org.hibernate.loader.plan.build.internal.AbstractLoadPlanBuildingAssociationVisitationStrategy - << Finishing up attribute : Attribute(name=category, type=integer [non-identifier])
17:48:03.105 [main] DEBUG org.hibernate.persister.walking.spi.MetamodelGraphWalker - Visiting attribute path : conductanceType
17:48:03.105 [main] TRACE org.hibernate.loader.plan.build.internal.AbstractLoadPlanBuildingAssociationVisitationStrategy - >> Starting attribute Attribute(name=conductanceType, type=string [non-identifier])
17:48:03.105 [main] TRACE org.hibernate.loader.plan.build.internal.AbstractLoadPlanBuildingAssociationVisitationStrategy - << Finishing up attribute : Attribute(name=conductanceType, type=string [non-identifier])
17:48:03.105 [main] DEBUG org.hibernate.persister.walking.spi.MetamodelGraphWalker - Visiting attribute path : description
17:48:03.105 [main] TRACE org.hibernate.loader.plan.build.internal.AbstractLoadPlanBuildingAssociationVisitationStrategy - >> Starting attribute Attribute(name=description, type=string [non-identifier])
17:48:03.106 [main] TRACE org.hibernate.loader.plan.build.internal.AbstractLoadPlanBuildingAssociationVisitationStrategy - << Finishing up attribute : Attribute(name=description, type=string [non-identifier])
17:48:03.106 [main] DEBUG org.hibernate.persister.walking.spi.MetamodelGraphWalker - Visiting attribute path : gain
17:48:03.106 [main] TRACE org.hibernate.loader.plan.build.internal.AbstractLoadPlanBuildingAssociationVisitationStrategy - >> Starting attribute Attribute(name=gain, type=double [non-identifier])
17:48:03.106 [main] TRACE org.hibernate.loader.plan.build.internal.AbstractLoadPlanBuildingAssociationVisitationStrategy - << Finishing up attribute : Attribute(name=gain, type=double [non-identifier])
17:48:03.106 [main] DEBUG org.hibernate.persister.walking.spi.MetamodelGraphWalker - Visiting attribute path : maxCurrent
17:48:03.106 [main] TRACE org.hibernate.loader.plan.build.internal.AbstractLoadPlanBuildingAssociationVisitationStrategy - >> Starting attribute Attribute(name=maxCurrent, type=double [non-identifier])
17:48:03.106 [main] TRACE org.hibernate.loader.plan.build.internal.AbstractLoadPlanBuildingAssociationVisitationStrategy - << Finishing up attribute : Attribute(name=maxCurrent, type=double [non-identifier])
17:48:03.106 [main] DEBUG org.hibernate.persister.walking.spi.MetamodelGraphWalker - Visiting attribute path : maxCurrentUnit
17:48:03.106 [main] TRACE org.hibernate.loader.plan.build.internal.AbstractLoadPlanBuildingAssociationVisitationStrategy - >> Starting attribute Attribute(name=maxCurrentUnit, type=integer [non-identifier])
17:48:03.106 [main] TRACE org.hibernate.loader.plan.build.internal.AbstractLoadPlanBuildingAssociationVisitationStrategy - << Finishing up attribute : Attribute(name=maxCurrentUnit, type=integer [non-identifier])
17:48:03.106 [main] DEBUG org.hibernate.persister.walking.spi.MetamodelGraphWalker - Visiting attribute path : name
17:48:03.106 [main] TRACE org.hibernate.loader.plan.build.internal.AbstractLoadPlanBuildingAssociationVisitationStrategy - >> Starting attribute Attribute(name=name, type=string [non-identifier])
17:48:03.106 [main] TRACE org.hibernate.loader.plan.build.internal.AbstractLoadPlanBuildingAssociationVisitationStrategy - << Finishing up attribute : Attribute(name=name, type=string [non-identifier])
17:48:03.106 [main] DEBUG org.hibernate.persister.walking.spi.MetamodelGraphWalker - Visiting attribute path : photo
17:48:03.106 [main] TRACE org.hibernate.loader.plan.build.internal.AbstractLoadPlanBuildingAssociationVisitationStrategy - >> Starting attribute Attribute(name=photo, type=binary [non-identifier])
17:48:03.106 [main] TRACE org.hibernate.loader.plan.build.internal.AbstractLoadPlanBuildingAssociationVisitationStrategy - << Finishing up attribute : Attribute(name=photo, type=binary [non-identifier])
17:48:03.106 [main] DEBUG org.hibernate.persister.walking.spi.MetamodelGraphWalker - Visiting attribute path : price
17:48:03.106 [main] TRACE org.hibernate.loader.plan.build.internal.AbstractLoadPlanBuildingAssociationVisitationStrategy - >> Starting attribute Attribute(name=price, type=double [non-identifier])
17:48:03.106 [main] TRACE org.hibernate.loader.plan.build.internal.AbstractLoadPlanBuildingAssociationVisitationStrategy - << Finishing up attribute : Attribute(name=price, type=double [non-identifier])
17:48:03.106 [main] DEBUG org.hibernate.persister.walking.spi.MetamodelGraphWalker - Visiting attribute path : producer
17:48:03.106 [main] TRACE org.hibernate.loader.plan.build.internal.AbstractLoadPlanBuildingAssociationVisitationStrategy - >> Starting attribute Attribute(name=producer, type=integer [non-identifier])
17:48:03.106 [main] TRACE org.hibernate.loader.plan.build.internal.AbstractLoadPlanBuildingAssociationVisitationStrategy - << Finishing up attribute : Attribute(name=producer, type=integer [non-identifier])
17:48:03.106 [main] DEBUG org.hibernate.persister.walking.spi.MetamodelGraphWalker - Visiting attribute path : quantity
17:48:03.106 [main] TRACE org.hibernate.loader.plan.build.internal.AbstractLoadPlanBuildingAssociationVisitationStrategy - >> Starting attribute Attribute(name=quantity, type=integer [non-identifier])
17:48:03.106 [main] TRACE org.hibernate.loader.plan.build.internal.AbstractLoadPlanBuildingAssociationVisitationStrategy - << Finishing up attribute : Attribute(name=quantity, type=integer [non-identifier])
17:48:03.106 [main] DEBUG org.hibernate.persister.walking.spi.MetamodelGraphWalker - Visiting attribute path : tPackage
17:48:03.106 [main] TRACE org.hibernate.loader.plan.build.internal.AbstractLoadPlanBuildingAssociationVisitationStrategy - >> Starting attribute Attribute(name=tPackage, type=integer [non-identifier])
17:48:03.106 [main] TRACE org.hibernate.loader.plan.build.internal.AbstractLoadPlanBuildingAssociationVisitationStrategy - << Finishing up attribute : Attribute(name=tPackage, type=integer [non-identifier])
17:48:03.106 [main] TRACE org.hibernate.loader.plan.build.internal.AbstractLoadPlanBuildingAssociationVisitationStrategy - Popped fetch owner from stack : org.hibernate.loader.plan.build.internal.returns.EntityReturnImpl@4ba6ec50
17:48:03.107 [main] TRACE org.hibernate.loader.plan.build.internal.AbstractLoadPlanBuildingAssociationVisitationStrategy -  Finished root entity : com.soft.entity.TransistorEntity
17:48:03.107 [main] DEBUG org.hibernate.loader.plan.build.internal.FetchStyleLoadPlanBuildingAssociationVisitationStrategy - Building LoadPlan...
17:48:03.107 [main] DEBUG org.hibernate.loader.plan.exec.internal.LoadQueryJoinAndFetchProcessor - processing queryspace <gen:0>
17:48:03.107 [main] DEBUG org.hibernate.loader.plan.build.spi.LoadPlanTreePrinter - LoadPlan(entity=com.soft.entity.TransistorEntity)
    - Returns
       - EntityReturnImpl(entity=com.soft.entity.TransistorEntity, querySpaceUid=<gen:0>, path=com.soft.entity.TransistorEntity)
    - QuerySpaces
       - EntityQuerySpaceImpl(uid=<gen:0>, entity=com.soft.entity.TransistorEntity)
          - SQL table alias mapping - transistor0_
          - alias suffix - 0_
          - suffixed key columns - {transist1_5_0_}

17:48:03.108 [main] DEBUG org.hibernate.loader.entity.plan.EntityLoader - Static select for entity com.soft.entity.TransistorEntity [UPGRADE_NOWAIT]: select transistor0_.transistor_id as transist1_5_0_, transistor0_.category as category2_5_0_, transistor0_.conductunce_type as conductu3_5_0_, transistor0_.description as descript4_5_0_, transistor0_.gain as gain5_5_0_, transistor0_.max_current as max_curr6_5_0_, transistor0_.max_current_unit as max_curr7_5_0_, transistor0_.name as name8_5_0_, transistor0_.photo as photo9_5_0_, transistor0_.price as price10_5_0_, transistor0_.producer as produce11_5_0_, transistor0_.quantity as quantit12_5_0_, transistor0_.package as package13_5_0_ from transistor transistor0_ where transistor0_.transistor_id=? for update
17:48:03.108 [main] TRACE org.hibernate.loader.plan.build.internal.AbstractLoadPlanBuildingAssociationVisitationStrategy -  Starting root entity : com.soft.entity.TransistorEntity
17:48:03.108 [main] DEBUG org.hibernate.loader.plan.build.internal.spaces.QuerySpacesImpl - Adding QuerySpace : uid = <gen:0> -> org.hibernate.loader.plan.build.internal.spaces.EntityQuerySpaceImpl@642413d4]
17:48:03.108 [main] TRACE org.hibernate.loader.plan.build.internal.AbstractLoadPlanBuildingAssociationVisitationStrategy - Pushing fetch source to stack : org.hibernate.loader.plan.build.internal.returns.EntityReturnImpl@fb2e3fd
17:48:03.108 [main] TRACE org.hibernate.loader.plan.build.internal.AbstractLoadPlanBuildingAssociationVisitationStrategy - .. Registering AssociationKey : AssociationKey(table=transistor, columns={transistor_id}) -> org.hibernate.loader.plan.build.internal.returns.EntityReturnImpl@fb2e3fd
17:48:03.108 [main] TRACE org.hibernate.loader.plan.build.internal.AbstractLoadPlanBuildingAssociationVisitationStrategy - >> Starting entity identifier : com.soft.entity.TransistorEntity
17:48:03.108 [main] DEBUG org.hibernate.persister.walking.spi.MetamodelGraphWalker - Visiting attribute path : category
17:48:03.108 [main] TRACE org.hibernate.loader.plan.build.internal.AbstractLoadPlanBuildingAssociationVisitationStrategy - >> Starting attribute Attribute(name=category, type=integer [non-identifier])
17:48:03.108 [main] TRACE org.hibernate.loader.plan.build.internal.AbstractLoadPlanBuildingAssociationVisitationStrategy - << Finishing up attribute : Attribute(name=category, type=integer [non-identifier])
17:48:03.108 [main] DEBUG org.hibernate.persister.walking.spi.MetamodelGraphWalker - Visiting attribute path : conductanceType
17:48:03.108 [main] TRACE org.hibernate.loader.plan.build.internal.AbstractLoadPlanBuildingAssociationVisitationStrategy - >> Starting attribute Attribute(name=conductanceType, type=string [non-identifier])
17:48:03.108 [main] TRACE org.hibernate.loader.plan.build.internal.AbstractLoadPlanBuildingAssociationVisitationStrategy - << Finishing up attribute : Attribute(name=conductanceType, type=string [non-identifier])
17:48:03.108 [main] DEBUG org.hibernate.persister.walking.spi.MetamodelGraphWalker - Visiting attribute path : description
17:48:03.108 [main] TRACE org.hibernate.loader.plan.build.internal.AbstractLoadPlanBuildingAssociationVisitationStrategy - >> Starting attribute Attribute(name=description, type=string [non-identifier])
17:48:03.108 [main] TRACE org.hibernate.loader.plan.build.internal.AbstractLoadPlanBuildingAssociationVisitationStrategy - << Finishing up attribute : Attribute(name=description, type=string [non-identifier])
17:48:03.108 [main] DEBUG org.hibernate.persister.walking.spi.MetamodelGraphWalker - Visiting attribute path : gain
17:48:03.108 [main] TRACE org.hibernate.loader.plan.build.internal.AbstractLoadPlanBuildingAssociationVisitationStrategy - >> Starting attribute Attribute(name=gain, type=double [non-identifier])
17:48:03.108 [main] TRACE org.hibernate.loader.plan.build.internal.AbstractLoadPlanBuildingAssociationVisitationStrategy - << Finishing up attribute : Attribute(name=gain, type=double [non-identifier])
17:48:03.108 [main] DEBUG org.hibernate.persister.walking.spi.MetamodelGraphWalker - Visiting attribute path : maxCurrent
17:48:03.108 [main] TRACE org.hibernate.loader.plan.build.internal.AbstractLoadPlanBuildingAssociationVisitationStrategy - >> Starting attribute Attribute(name=maxCurrent, type=double [non-identifier])
17:48:03.108 [main] TRACE org.hibernate.loader.plan.build.internal.AbstractLoadPlanBuildingAssociationVisitationStrategy - << Finishing up attribute : Attribute(name=maxCurrent, type=double [non-identifier])
17:48:03.108 [main] DEBUG org.hibernate.persister.walking.spi.MetamodelGraphWalker - Visiting attribute path : maxCurrentUnit
17:48:03.108 [main] TRACE org.hibernate.loader.plan.build.internal.AbstractLoadPlanBuildingAssociationVisitationStrategy - >> Starting attribute Attribute(name=maxCurrentUnit, type=integer [non-identifier])
17:48:03.108 [main] TRACE org.hibernate.loader.plan.build.internal.AbstractLoadPlanBuildingAssociationVisitationStrategy - << Finishing up attribute : Attribute(name=maxCurrentUnit, type=integer [non-identifier])
17:48:03.108 [main] DEBUG org.hibernate.persister.walking.spi.MetamodelGraphWalker - Visiting attribute path : name
17:48:03.109 [main] TRACE org.hibernate.loader.plan.build.internal.AbstractLoadPlanBuildingAssociationVisitationStrategy - >> Starting attribute Attribute(name=name, type=string [non-identifier])
17:48:03.109 [main] TRACE org.hibernate.loader.plan.build.internal.AbstractLoadPlanBuildingAssociationVisitationStrategy - << Finishing up attribute : Attribute(name=name, type=string [non-identifier])
17:48:03.109 [main] DEBUG org.hibernate.persister.walking.spi.MetamodelGraphWalker - Visiting attribute path : photo
17:48:03.109 [main] TRACE org.hibernate.loader.plan.build.internal.AbstractLoadPlanBuildingAssociationVisitationStrategy - >> Starting attribute Attribute(name=photo, type=binary [non-identifier])
17:48:03.109 [main] TRACE org.hibernate.loader.plan.build.internal.AbstractLoadPlanBuildingAssociationVisitationStrategy - << Finishing up attribute : Attribute(name=photo, type=binary [non-identifier])
17:48:03.109 [main] DEBUG org.hibernate.persister.walking.spi.MetamodelGraphWalker - Visiting attribute path : price
17:48:03.109 [main] TRACE org.hibernate.loader.plan.build.internal.AbstractLoadPlanBuildingAssociationVisitationStrategy - >> Starting attribute Attribute(name=price, type=double [non-identifier])
17:48:03.109 [main] TRACE org.hibernate.loader.plan.build.internal.AbstractLoadPlanBuildingAssociationVisitationStrategy - << Finishing up attribute : Attribute(name=price, type=double [non-identifier])
17:48:03.109 [main] DEBUG org.hibernate.persister.walking.spi.MetamodelGraphWalker - Visiting attribute path : producer
17:48:03.109 [main] TRACE org.hibernate.loader.plan.build.internal.AbstractLoadPlanBuildingAssociationVisitationStrategy - >> Starting attribute Attribute(name=producer, type=integer [non-identifier])
17:48:03.109 [main] TRACE org.hibernate.loader.plan.build.internal.AbstractLoadPlanBuildingAssociationVisitationStrategy - << Finishing up attribute : Attribute(name=producer, type=integer [non-identifier])
17:48:03.109 [main] DEBUG org.hibernate.persister.walking.spi.MetamodelGraphWalker - Visiting attribute path : quantity
17:48:03.109 [main] TRACE org.hibernate.loader.plan.build.internal.AbstractLoadPlanBuildingAssociationVisitationStrategy - >> Starting attribute Attribute(name=quantity, type=integer [non-identifier])
17:48:03.109 [main] TRACE org.hibernate.loader.plan.build.internal.AbstractLoadPlanBuildingAssociationVisitationStrategy - << Finishing up attribute : Attribute(name=quantity, type=integer [non-identifier])
17:48:03.109 [main] DEBUG org.hibernate.persister.walking.spi.MetamodelGraphWalker - Visiting attribute path : tPackage
17:48:03.109 [main] TRACE org.hibernate.loader.plan.build.internal.AbstractLoadPlanBuildingAssociationVisitationStrategy - >> Starting attribute Attribute(name=tPackage, type=integer [non-identifier])
17:48:03.109 [main] TRACE org.hibernate.loader.plan.build.internal.AbstractLoadPlanBuildingAssociationVisitationStrategy - << Finishing up attribute : Attribute(name=tPackage, type=integer [non-identifier])
17:48:03.109 [main] TRACE org.hibernate.loader.plan.build.internal.AbstractLoadPlanBuildingAssociationVisitationStrategy - Popped fetch owner from stack : org.hibernate.loader.plan.build.internal.returns.EntityReturnImpl@fb2e3fd
17:48:03.109 [main] TRACE org.hibernate.loader.plan.build.internal.AbstractLoadPlanBuildingAssociationVisitationStrategy -  Finished root entity : com.soft.entity.TransistorEntity
17:48:03.109 [main] DEBUG org.hibernate.loader.plan.build.internal.FetchStyleLoadPlanBuildingAssociationVisitationStrategy - Building LoadPlan...
17:48:03.109 [main] DEBUG org.hibernate.loader.plan.exec.internal.LoadQueryJoinAndFetchProcessor - processing queryspace <gen:0>
17:48:03.110 [main] DEBUG org.hibernate.loader.plan.build.spi.LoadPlanTreePrinter - LoadPlan(entity=com.soft.entity.TransistorEntity)
    - Returns
       - EntityReturnImpl(entity=com.soft.entity.TransistorEntity, querySpaceUid=<gen:0>, path=com.soft.entity.TransistorEntity)
    - QuerySpaces
       - EntityQuerySpaceImpl(uid=<gen:0>, entity=com.soft.entity.TransistorEntity)
          - SQL table alias mapping - transistor0_
          - alias suffix - 0_
          - suffixed key columns - {transist1_5_0_}

17:48:03.110 [main] DEBUG org.hibernate.loader.entity.plan.EntityLoader - Static select for entity com.soft.entity.TransistorEntity [UPGRADE_SKIPLOCKED]: select transistor0_.transistor_id as transist1_5_0_, transistor0_.category as category2_5_0_, transistor0_.conductunce_type as conductu3_5_0_, transistor0_.description as descript4_5_0_, transistor0_.gain as gain5_5_0_, transistor0_.max_current as max_curr6_5_0_, transistor0_.max_current_unit as max_curr7_5_0_, transistor0_.name as name8_5_0_, transistor0_.photo as photo9_5_0_, transistor0_.price as price10_5_0_, transistor0_.producer as produce11_5_0_, transistor0_.quantity as quantit12_5_0_, transistor0_.package as package13_5_0_ from transistor transistor0_ where transistor0_.transistor_id=? for update
17:48:03.110 [main] TRACE org.hibernate.loader.plan.build.internal.AbstractLoadPlanBuildingAssociationVisitationStrategy -  Starting root entity : com.soft.entity.TransistorEntity
17:48:03.110 [main] DEBUG org.hibernate.loader.plan.build.internal.spaces.QuerySpacesImpl - Adding QuerySpace : uid = <gen:0> -> org.hibernate.loader.plan.build.internal.spaces.EntityQuerySpaceImpl@43a09ce2]
17:48:03.110 [main] TRACE org.hibernate.loader.plan.build.internal.AbstractLoadPlanBuildingAssociationVisitationStrategy - Pushing fetch source to stack : org.hibernate.loader.plan.build.internal.returns.EntityReturnImpl@3f183caa
17:48:03.110 [main] TRACE org.hibernate.loader.plan.build.internal.AbstractLoadPlanBuildingAssociationVisitationStrategy - .. Registering AssociationKey : AssociationKey(table=transistor, columns={transistor_id}) -> org.hibernate.loader.plan.build.internal.returns.EntityReturnImpl@3f183caa
17:48:03.110 [main] TRACE org.hibernate.loader.plan.build.internal.AbstractLoadPlanBuildingAssociationVisitationStrategy - >> Starting entity identifier : com.soft.entity.TransistorEntity
17:48:03.110 [main] DEBUG org.hibernate.persister.walking.spi.MetamodelGraphWalker - Visiting attribute path : category
17:48:03.110 [main] TRACE org.hibernate.loader.plan.build.internal.AbstractLoadPlanBuildingAssociationVisitationStrategy - >> Starting attribute Attribute(name=category, type=integer [non-identifier])
17:48:03.110 [main] TRACE org.hibernate.loader.plan.build.internal.AbstractLoadPlanBuildingAssociationVisitationStrategy - << Finishing up attribute : Attribute(name=category, type=integer [non-identifier])
17:48:03.110 [main] DEBUG org.hibernate.persister.walking.spi.MetamodelGraphWalker - Visiting attribute path : conductanceType
17:48:03.110 [main] TRACE org.hibernate.loader.plan.build.internal.AbstractLoadPlanBuildingAssociationVisitationStrategy - >> Starting attribute Attribute(name=conductanceType, type=string [non-identifier])
17:48:03.110 [main] TRACE org.hibernate.loader.plan.build.internal.AbstractLoadPlanBuildingAssociationVisitationStrategy - << Finishing up attribute : Attribute(name=conductanceType, type=string [non-identifier])
17:48:03.110 [main] DEBUG org.hibernate.persister.walking.spi.MetamodelGraphWalker - Visiting attribute path : description
17:48:03.110 [main] TRACE org.hibernate.loader.plan.build.internal.AbstractLoadPlanBuildingAssociationVisitationStrategy - >> Starting attribute Attribute(name=description, type=string [non-identifier])
17:48:03.111 [main] TRACE org.hibernate.loader.plan.build.internal.AbstractLoadPlanBuildingAssociationVisitationStrategy - << Finishing up attribute : Attribute(name=description, type=string [non-identifier])
17:48:03.111 [main] DEBUG org.hibernate.persister.walking.spi.MetamodelGraphWalker - Visiting attribute path : gain
17:48:03.111 [main] TRACE org.hibernate.loader.plan.build.internal.AbstractLoadPlanBuildingAssociationVisitationStrategy - >> Starting attribute Attribute(name=gain, type=double [non-identifier])
17:48:03.111 [main] TRACE org.hibernate.loader.plan.build.internal.AbstractLoadPlanBuildingAssociationVisitationStrategy - << Finishing up attribute : Attribute(name=gain, type=double [non-identifier])
17:48:03.111 [main] DEBUG org.hibernate.persister.walking.spi.MetamodelGraphWalker - Visiting attribute path : maxCurrent
17:48:03.111 [main] TRACE org.hibernate.loader.plan.build.internal.AbstractLoadPlanBuildingAssociationVisitationStrategy - >> Starting attribute Attribute(name=maxCurrent, type=double [non-identifier])
17:48:03.111 [main] TRACE org.hibernate.loader.plan.build.internal.AbstractLoadPlanBuildingAssociationVisitationStrategy - << Finishing up attribute : Attribute(name=maxCurrent, type=double [non-identifier])
17:48:03.111 [main] DEBUG org.hibernate.persister.walking.spi.MetamodelGraphWalker - Visiting attribute path : maxCurrentUnit
17:48:03.111 [main] TRACE org.hibernate.loader.plan.build.internal.AbstractLoadPlanBuildingAssociationVisitationStrategy - >> Starting attribute Attribute(name=maxCurrentUnit, type=integer [non-identifier])
17:48:03.111 [main] TRACE org.hibernate.loader.plan.build.internal.AbstractLoadPlanBuildingAssociationVisitationStrategy - << Finishing up attribute : Attribute(name=maxCurrentUnit, type=integer [non-identifier])
17:48:03.111 [main] DEBUG org.hibernate.persister.walking.spi.MetamodelGraphWalker - Visiting attribute path : name
17:48:03.111 [main] TRACE org.hibernate.loader.plan.build.internal.AbstractLoadPlanBuildingAssociationVisitationStrategy - >> Starting attribute Attribute(name=name, type=string [non-identifier])
17:48:03.111 [main] TRACE org.hibernate.loader.plan.build.internal.AbstractLoadPlanBuildingAssociationVisitationStrategy - << Finishing up attribute : Attribute(name=name, type=string [non-identifier])
17:48:03.111 [main] DEBUG org.hibernate.persister.walking.spi.MetamodelGraphWalker - Visiting attribute path : photo
17:48:03.111 [main] TRACE org.hibernate.loader.plan.build.internal.AbstractLoadPlanBuildingAssociationVisitationStrategy - >> Starting attribute Attribute(name=photo, type=binary [non-identifier])
17:48:03.111 [main] TRACE org.hibernate.loader.plan.build.internal.AbstractLoadPlanBuildingAssociationVisitationStrategy - << Finishing up attribute : Attribute(name=photo, type=binary [non-identifier])
17:48:03.111 [main] DEBUG org.hibernate.persister.walking.spi.MetamodelGraphWalker - Visiting attribute path : price
17:48:03.111 [main] TRACE org.hibernate.loader.plan.build.internal.AbstractLoadPlanBuildingAssociationVisitationStrategy - >> Starting attribute Attribute(name=price, type=double [non-identifier])
17:48:03.111 [main] TRACE org.hibernate.loader.plan.build.internal.AbstractLoadPlanBuildingAssociationVisitationStrategy - << Finishing up attribute : Attribute(name=price, type=double [non-identifier])
17:48:03.111 [main] DEBUG org.hibernate.persister.walking.spi.MetamodelGraphWalker - Visiting attribute path : producer
17:48:03.111 [main] TRACE org.hibernate.loader.plan.build.internal.AbstractLoadPlanBuildingAssociationVisitationStrategy - >> Starting attribute Attribute(name=producer, type=integer [non-identifier])
17:48:03.111 [main] TRACE org.hibernate.loader.plan.build.internal.AbstractLoadPlanBuildingAssociationVisitationStrategy - << Finishing up attribute : Attribute(name=producer, type=integer [non-identifier])
17:48:03.111 [main] DEBUG org.hibernate.persister.walking.spi.MetamodelGraphWalker - Visiting attribute path : quantity
17:48:03.111 [main] TRACE org.hibernate.loader.plan.build.internal.AbstractLoadPlanBuildingAssociationVisitationStrategy - >> Starting attribute Attribute(name=quantity, type=integer [non-identifier])
17:48:03.111 [main] TRACE org.hibernate.loader.plan.build.internal.AbstractLoadPlanBuildingAssociationVisitationStrategy - << Finishing up attribute : Attribute(name=quantity, type=integer [non-identifier])
17:48:03.111 [main] DEBUG org.hibernate.persister.walking.spi.MetamodelGraphWalker - Visiting attribute path : tPackage
17:48:03.111 [main] TRACE org.hibernate.loader.plan.build.internal.AbstractLoadPlanBuildingAssociationVisitationStrategy - >> Starting attribute Attribute(name=tPackage, type=integer [non-identifier])
17:48:03.111 [main] TRACE org.hibernate.loader.plan.build.internal.AbstractLoadPlanBuildingAssociationVisitationStrategy - << Finishing up attribute : Attribute(name=tPackage, type=integer [non-identifier])
17:48:03.112 [main] TRACE org.hibernate.loader.plan.build.internal.AbstractLoadPlanBuildingAssociationVisitationStrategy - Popped fetch owner from stack : org.hibernate.loader.plan.build.internal.returns.EntityReturnImpl@3f183caa
17:48:03.112 [main] TRACE org.hibernate.loader.plan.build.internal.AbstractLoadPlanBuildingAssociationVisitationStrategy -  Finished root entity : com.soft.entity.TransistorEntity
17:48:03.112 [main] DEBUG org.hibernate.loader.plan.build.internal.FetchStyleLoadPlanBuildingAssociationVisitationStrategy - Building LoadPlan...
17:48:03.112 [main] DEBUG org.hibernate.loader.plan.exec.internal.LoadQueryJoinAndFetchProcessor - processing queryspace <gen:0>
17:48:03.112 [main] DEBUG org.hibernate.loader.plan.build.spi.LoadPlanTreePrinter - LoadPlan(entity=com.soft.entity.TransistorEntity)
    - Returns
       - EntityReturnImpl(entity=com.soft.entity.TransistorEntity, querySpaceUid=<gen:0>, path=com.soft.entity.TransistorEntity)
    - QuerySpaces
       - EntityQuerySpaceImpl(uid=<gen:0>, entity=com.soft.entity.TransistorEntity)
          - SQL table alias mapping - transistor0_
          - alias suffix - 0_
          - suffixed key columns - {transist1_5_0_}

17:48:03.112 [main] DEBUG org.hibernate.loader.entity.plan.EntityLoader - Static select for entity com.soft.entity.TransistorEntity [FORCE]: select transistor0_.transistor_id as transist1_5_0_, transistor0_.category as category2_5_0_, transistor0_.conductunce_type as conductu3_5_0_, transistor0_.description as descript4_5_0_, transistor0_.gain as gain5_5_0_, transistor0_.max_current as max_curr6_5_0_, transistor0_.max_current_unit as max_curr7_5_0_, transistor0_.name as name8_5_0_, transistor0_.photo as photo9_5_0_, transistor0_.price as price10_5_0_, transistor0_.producer as produce11_5_0_, transistor0_.quantity as quantit12_5_0_, transistor0_.package as package13_5_0_ from transistor transistor0_ where transistor0_.transistor_id=? for update
17:48:03.112 [main] TRACE org.hibernate.loader.plan.build.internal.AbstractLoadPlanBuildingAssociationVisitationStrategy -  Starting root entity : com.soft.entity.TransistorEntity
17:48:03.112 [main] DEBUG org.hibernate.loader.plan.build.internal.spaces.QuerySpacesImpl - Adding QuerySpace : uid = <gen:0> -> org.hibernate.loader.plan.build.internal.spaces.EntityQuerySpaceImpl@7b66322e]
17:48:03.112 [main] TRACE org.hibernate.loader.plan.build.internal.AbstractLoadPlanBuildingAssociationVisitationStrategy - Pushing fetch source to stack : org.hibernate.loader.plan.build.internal.returns.EntityReturnImpl@63538bb4
17:48:03.112 [main] TRACE org.hibernate.loader.plan.build.internal.AbstractLoadPlanBuildingAssociationVisitationStrategy - .. Registering AssociationKey : AssociationKey(table=transistor, columns={transistor_id}) -> org.hibernate.loader.plan.build.internal.returns.EntityReturnImpl@63538bb4
17:48:03.112 [main] TRACE org.hibernate.loader.plan.build.internal.AbstractLoadPlanBuildingAssociationVisitationStrategy - >> Starting entity identifier : com.soft.entity.TransistorEntity
17:48:03.112 [main] DEBUG org.hibernate.persister.walking.spi.MetamodelGraphWalker - Visiting attribute path : category
17:48:03.112 [main] TRACE org.hibernate.loader.plan.build.internal.AbstractLoadPlanBuildingAssociationVisitationStrategy - >> Starting attribute Attribute(name=category, type=integer [non-identifier])
17:48:03.112 [main] TRACE org.hibernate.loader.plan.build.internal.AbstractLoadPlanBuildingAssociationVisitationStrategy - << Finishing up attribute : Attribute(name=category, type=integer [non-identifier])
17:48:03.113 [main] DEBUG org.hibernate.persister.walking.spi.MetamodelGraphWalker - Visiting attribute path : conductanceType
17:48:03.113 [main] TRACE org.hibernate.loader.plan.build.internal.AbstractLoadPlanBuildingAssociationVisitationStrategy - >> Starting attribute Attribute(name=conductanceType, type=string [non-identifier])
17:48:03.113 [main] TRACE org.hibernate.loader.plan.build.internal.AbstractLoadPlanBuildingAssociationVisitationStrategy - << Finishing up attribute : Attribute(name=conductanceType, type=string [non-identifier])
17:48:03.113 [main] DEBUG org.hibernate.persister.walking.spi.MetamodelGraphWalker - Visiting attribute path : description
17:48:03.113 [main] TRACE org.hibernate.loader.plan.build.internal.AbstractLoadPlanBuildingAssociationVisitationStrategy - >> Starting attribute Attribute(name=description, type=string [non-identifier])
17:48:03.113 [main] TRACE org.hibernate.loader.plan.build.internal.AbstractLoadPlanBuildingAssociationVisitationStrategy - << Finishing up attribute : Attribute(name=description, type=string [non-identifier])
17:48:03.113 [main] DEBUG org.hibernate.persister.walking.spi.MetamodelGraphWalker - Visiting attribute path : gain
17:48:03.113 [main] TRACE org.hibernate.loader.plan.build.internal.AbstractLoadPlanBuildingAssociationVisitationStrategy - >> Starting attribute Attribute(name=gain, type=double [non-identifier])
17:48:03.113 [main] TRACE org.hibernate.loader.plan.build.internal.AbstractLoadPlanBuildingAssociationVisitationStrategy - << Finishing up attribute : Attribute(name=gain, type=double [non-identifier])
17:48:03.113 [main] DEBUG org.hibernate.persister.walking.spi.MetamodelGraphWalker - Visiting attribute path : maxCurrent
17:48:03.113 [main] TRACE org.hibernate.loader.plan.build.internal.AbstractLoadPlanBuildingAssociationVisitationStrategy - >> Starting attribute Attribute(name=maxCurrent, type=double [non-identifier])
17:48:03.113 [main] TRACE org.hibernate.loader.plan.build.internal.AbstractLoadPlanBuildingAssociationVisitationStrategy - << Finishing up attribute : Attribute(name=maxCurrent, type=double [non-identifier])
17:48:03.113 [main] DEBUG org.hibernate.persister.walking.spi.MetamodelGraphWalker - Visiting attribute path : maxCurrentUnit
17:48:03.113 [main] TRACE org.hibernate.loader.plan.build.internal.AbstractLoadPlanBuildingAssociationVisitationStrategy - >> Starting attribute Attribute(name=maxCurrentUnit, type=integer [non-identifier])
17:48:03.113 [main] TRACE org.hibernate.loader.plan.build.internal.AbstractLoadPlanBuildingAssociationVisitationStrategy - << Finishing up attribute : Attribute(name=maxCurrentUnit, type=integer [non-identifier])
17:48:03.113 [main] DEBUG org.hibernate.persister.walking.spi.MetamodelGraphWalker - Visiting attribute path : name
17:48:03.113 [main] TRACE org.hibernate.loader.plan.build.internal.AbstractLoadPlanBuildingAssociationVisitationStrategy - >> Starting attribute Attribute(name=name, type=string [non-identifier])
17:48:03.113 [main] TRACE org.hibernate.loader.plan.build.internal.AbstractLoadPlanBuildingAssociationVisitationStrategy - << Finishing up attribute : Attribute(name=name, type=string [non-identifier])
17:48:03.115 [main] DEBUG org.hibernate.persister.walking.spi.MetamodelGraphWalker - Visiting attribute path : photo
17:48:03.115 [main] TRACE org.hibernate.loader.plan.build.internal.AbstractLoadPlanBuildingAssociationVisitationStrategy - >> Starting attribute Attribute(name=photo, type=binary [non-identifier])
17:48:03.115 [main] TRACE org.hibernate.loader.plan.build.internal.AbstractLoadPlanBuildingAssociationVisitationStrategy - << Finishing up attribute : Attribute(name=photo, type=binary [non-identifier])
17:48:03.115 [main] DEBUG org.hibernate.persister.walking.spi.MetamodelGraphWalker - Visiting attribute path : price
17:48:03.115 [main] TRACE org.hibernate.loader.plan.build.internal.AbstractLoadPlanBuildingAssociationVisitationStrategy - >> Starting attribute Attribute(name=price, type=double [non-identifier])
17:48:03.115 [main] TRACE org.hibernate.loader.plan.build.internal.AbstractLoadPlanBuildingAssociationVisitationStrategy - << Finishing up attribute : Attribute(name=price, type=double [non-identifier])
17:48:03.115 [main] DEBUG org.hibernate.persister.walking.spi.MetamodelGraphWalker - Visiting attribute path : producer
17:48:03.115 [main] TRACE org.hibernate.loader.plan.build.internal.AbstractLoadPlanBuildingAssociationVisitationStrategy - >> Starting attribute Attribute(name=producer, type=integer [non-identifier])
17:48:03.115 [main] TRACE org.hibernate.loader.plan.build.internal.AbstractLoadPlanBuildingAssociationVisitationStrategy - << Finishing up attribute : Attribute(name=producer, type=integer [non-identifier])
17:48:03.115 [main] DEBUG org.hibernate.persister.walking.spi.MetamodelGraphWalker - Visiting attribute path : quantity
17:48:03.115 [main] TRACE org.hibernate.loader.plan.build.internal.AbstractLoadPlanBuildingAssociationVisitationStrategy - >> Starting attribute Attribute(name=quantity, type=integer [non-identifier])
17:48:03.115 [main] TRACE org.hibernate.loader.plan.build.internal.AbstractLoadPlanBuildingAssociationVisitationStrategy - << Finishing up attribute : Attribute(name=quantity, type=integer [non-identifier])
17:48:03.115 [main] DEBUG org.hibernate.persister.walking.spi.MetamodelGraphWalker - Visiting attribute path : tPackage
17:48:03.115 [main] TRACE org.hibernate.loader.plan.build.internal.AbstractLoadPlanBuildingAssociationVisitationStrategy - >> Starting attribute Attribute(name=tPackage, type=integer [non-identifier])
17:48:03.115 [main] TRACE org.hibernate.loader.plan.build.internal.AbstractLoadPlanBuildingAssociationVisitationStrategy - << Finishing up attribute : Attribute(name=tPackage, type=integer [non-identifier])
17:48:03.115 [main] TRACE org.hibernate.loader.plan.build.internal.AbstractLoadPlanBuildingAssociationVisitationStrategy - Popped fetch owner from stack : org.hibernate.loader.plan.build.internal.returns.EntityReturnImpl@63538bb4
17:48:03.115 [main] TRACE org.hibernate.loader.plan.build.internal.AbstractLoadPlanBuildingAssociationVisitationStrategy -  Finished root entity : com.soft.entity.TransistorEntity
17:48:03.115 [main] DEBUG org.hibernate.loader.plan.build.internal.FetchStyleLoadPlanBuildingAssociationVisitationStrategy - Building LoadPlan...
17:48:03.115 [main] DEBUG org.hibernate.loader.plan.exec.internal.LoadQueryJoinAndFetchProcessor - processing queryspace <gen:0>
17:48:03.116 [main] DEBUG org.hibernate.loader.plan.build.spi.LoadPlanTreePrinter - LoadPlan(entity=com.soft.entity.TransistorEntity)
    - Returns
       - EntityReturnImpl(entity=com.soft.entity.TransistorEntity, querySpaceUid=<gen:0>, path=com.soft.entity.TransistorEntity)
    - QuerySpaces
       - EntityQuerySpaceImpl(uid=<gen:0>, entity=com.soft.entity.TransistorEntity)
          - SQL table alias mapping - transistor0_
          - alias suffix - 0_
          - suffixed key columns - {transist1_5_0_}

17:48:03.116 [main] DEBUG org.hibernate.loader.entity.plan.EntityLoader - Static select for entity com.soft.entity.TransistorEntity [PESSIMISTIC_READ]: select transistor0_.transistor_id as transist1_5_0_, transistor0_.category as category2_5_0_, transistor0_.conductunce_type as conductu3_5_0_, transistor0_.description as descript4_5_0_, transistor0_.gain as gain5_5_0_, transistor0_.max_current as max_curr6_5_0_, transistor0_.max_current_unit as max_curr7_5_0_, transistor0_.name as name8_5_0_, transistor0_.photo as photo9_5_0_, transistor0_.price as price10_5_0_, transistor0_.producer as produce11_5_0_, transistor0_.quantity as quantit12_5_0_, transistor0_.package as package13_5_0_ from transistor transistor0_ where transistor0_.transistor_id=? lock in share mode
17:48:03.116 [main] TRACE org.hibernate.loader.plan.build.internal.AbstractLoadPlanBuildingAssociationVisitationStrategy -  Starting root entity : com.soft.entity.TransistorEntity
17:48:03.116 [main] DEBUG org.hibernate.loader.plan.build.internal.spaces.QuerySpacesImpl - Adding QuerySpace : uid = <gen:0> -> org.hibernate.loader.plan.build.internal.spaces.EntityQuerySpaceImpl@24534cb0]
17:48:03.116 [main] TRACE org.hibernate.loader.plan.build.internal.AbstractLoadPlanBuildingAssociationVisitationStrategy - Pushing fetch source to stack : org.hibernate.loader.plan.build.internal.returns.EntityReturnImpl@5a50d9fc
17:48:03.116 [main] TRACE org.hibernate.loader.plan.build.internal.AbstractLoadPlanBuildingAssociationVisitationStrategy - .. Registering AssociationKey : AssociationKey(table=transistor, columns={transistor_id}) -> org.hibernate.loader.plan.build.internal.returns.EntityReturnImpl@5a50d9fc
17:48:03.116 [main] TRACE org.hibernate.loader.plan.build.internal.AbstractLoadPlanBuildingAssociationVisitationStrategy - >> Starting entity identifier : com.soft.entity.TransistorEntity
17:48:03.116 [main] DEBUG org.hibernate.persister.walking.spi.MetamodelGraphWalker - Visiting attribute path : category
17:48:03.116 [main] TRACE org.hibernate.loader.plan.build.internal.AbstractLoadPlanBuildingAssociationVisitationStrategy - >> Starting attribute Attribute(name=category, type=integer [non-identifier])
17:48:03.116 [main] TRACE org.hibernate.loader.plan.build.internal.AbstractLoadPlanBuildingAssociationVisitationStrategy - << Finishing up attribute : Attribute(name=category, type=integer [non-identifier])
17:48:03.116 [main] DEBUG org.hibernate.persister.walking.spi.MetamodelGraphWalker - Visiting attribute path : conductanceType
17:48:03.116 [main] TRACE org.hibernate.loader.plan.build.internal.AbstractLoadPlanBuildingAssociationVisitationStrategy - >> Starting attribute Attribute(name=conductanceType, type=string [non-identifier])
17:48:03.116 [main] TRACE org.hibernate.loader.plan.build.internal.AbstractLoadPlanBuildingAssociationVisitationStrategy - << Finishing up attribute : Attribute(name=conductanceType, type=string [non-identifier])
17:48:03.116 [main] DEBUG org.hibernate.persister.walking.spi.MetamodelGraphWalker - Visiting attribute path : description
17:48:03.116 [main] TRACE org.hibernate.loader.plan.build.internal.AbstractLoadPlanBuildingAssociationVisitationStrategy - >> Starting attribute Attribute(name=description, type=string [non-identifier])
17:48:03.116 [main] TRACE org.hibernate.loader.plan.build.internal.AbstractLoadPlanBuildingAssociationVisitationStrategy - << Finishing up attribute : Attribute(name=description, type=string [non-identifier])
17:48:03.116 [main] DEBUG org.hibernate.persister.walking.spi.MetamodelGraphWalker - Visiting attribute path : gain
17:48:03.116 [main] TRACE org.hibernate.loader.plan.build.internal.AbstractLoadPlanBuildingAssociationVisitationStrategy - >> Starting attribute Attribute(name=gain, type=double [non-identifier])
17:48:03.116 [main] TRACE org.hibernate.loader.plan.build.internal.AbstractLoadPlanBuildingAssociationVisitationStrategy - << Finishing up attribute : Attribute(name=gain, type=double [non-identifier])
17:48:03.116 [main] DEBUG org.hibernate.persister.walking.spi.MetamodelGraphWalker - Visiting attribute path : maxCurrent
17:48:03.116 [main] TRACE org.hibernate.loader.plan.build.internal.AbstractLoadPlanBuildingAssociationVisitationStrategy - >> Starting attribute Attribute(name=maxCurrent, type=double [non-identifier])
17:48:03.117 [main] TRACE org.hibernate.loader.plan.build.internal.AbstractLoadPlanBuildingAssociationVisitationStrategy - << Finishing up attribute : Attribute(name=maxCurrent, type=double [non-identifier])
17:48:03.117 [main] DEBUG org.hibernate.persister.walking.spi.MetamodelGraphWalker - Visiting attribute path : maxCurrentUnit
17:48:03.117 [main] TRACE org.hibernate.loader.plan.build.internal.AbstractLoadPlanBuildingAssociationVisitationStrategy - >> Starting attribute Attribute(name=maxCurrentUnit, type=integer [non-identifier])
17:48:03.117 [main] TRACE org.hibernate.loader.plan.build.internal.AbstractLoadPlanBuildingAssociationVisitationStrategy - << Finishing up attribute : Attribute(name=maxCurrentUnit, type=integer [non-identifier])
17:48:03.117 [main] DEBUG org.hibernate.persister.walking.spi.MetamodelGraphWalker - Visiting attribute path : name
17:48:03.117 [main] TRACE org.hibernate.loader.plan.build.internal.AbstractLoadPlanBuildingAssociationVisitationStrategy - >> Starting attribute Attribute(name=name, type=string [non-identifier])
17:48:03.117 [main] TRACE org.hibernate.loader.plan.build.internal.AbstractLoadPlanBuildingAssociationVisitationStrategy - << Finishing up attribute : Attribute(name=name, type=string [non-identifier])
17:48:03.117 [main] DEBUG org.hibernate.persister.walking.spi.MetamodelGraphWalker - Visiting attribute path : photo
17:48:03.117 [main] TRACE org.hibernate.loader.plan.build.internal.AbstractLoadPlanBuildingAssociationVisitationStrategy - >> Starting attribute Attribute(name=photo, type=binary [non-identifier])
17:48:03.117 [main] TRACE org.hibernate.loader.plan.build.internal.AbstractLoadPlanBuildingAssociationVisitationStrategy - << Finishing up attribute : Attribute(name=photo, type=binary [non-identifier])
17:48:03.117 [main] DEBUG org.hibernate.persister.walking.spi.MetamodelGraphWalker - Visiting attribute path : price
17:48:03.117 [main] TRACE org.hibernate.loader.plan.build.internal.AbstractLoadPlanBuildingAssociationVisitationStrategy - >> Starting attribute Attribute(name=price, type=double [non-identifier])
17:48:03.117 [main] TRACE org.hibernate.loader.plan.build.internal.AbstractLoadPlanBuildingAssociationVisitationStrategy - << Finishing up attribute : Attribute(name=price, type=double [non-identifier])
17:48:03.117 [main] DEBUG org.hibernate.persister.walking.spi.MetamodelGraphWalker - Visiting attribute path : producer
17:48:03.117 [main] TRACE org.hibernate.loader.plan.build.internal.AbstractLoadPlanBuildingAssociationVisitationStrategy - >> Starting attribute Attribute(name=producer, type=integer [non-identifier])
17:48:03.117 [main] TRACE org.hibernate.loader.plan.build.internal.AbstractLoadPlanBuildingAssociationVisitationStrategy - << Finishing up attribute : Attribute(name=producer, type=integer [non-identifier])
17:48:03.117 [main] DEBUG org.hibernate.persister.walking.spi.MetamodelGraphWalker - Visiting attribute path : quantity
17:48:03.117 [main] TRACE org.hibernate.loader.plan.build.internal.AbstractLoadPlanBuildingAssociationVisitationStrategy - >> Starting attribute Attribute(name=quantity, type=integer [non-identifier])
17:48:03.117 [main] TRACE org.hibernate.loader.plan.build.internal.AbstractLoadPlanBuildingAssociationVisitationStrategy - << Finishing up attribute : Attribute(name=quantity, type=integer [non-identifier])
17:48:03.117 [main] DEBUG org.hibernate.persister.walking.spi.MetamodelGraphWalker - Visiting attribute path : tPackage
17:48:03.117 [main] TRACE org.hibernate.loader.plan.build.internal.AbstractLoadPlanBuildingAssociationVisitationStrategy - >> Starting attribute Attribute(name=tPackage, type=integer [non-identifier])
17:48:03.117 [main] TRACE org.hibernate.loader.plan.build.internal.AbstractLoadPlanBuildingAssociationVisitationStrategy - << Finishing up attribute : Attribute(name=tPackage, type=integer [non-identifier])
17:48:03.117 [main] TRACE org.hibernate.loader.plan.build.internal.AbstractLoadPlanBuildingAssociationVisitationStrategy - Popped fetch owner from stack : org.hibernate.loader.plan.build.internal.returns.EntityReturnImpl@5a50d9fc
17:48:03.117 [main] TRACE org.hibernate.loader.plan.build.internal.AbstractLoadPlanBuildingAssociationVisitationStrategy -  Finished root entity : com.soft.entity.TransistorEntity
17:48:03.117 [main] DEBUG org.hibernate.loader.plan.build.internal.FetchStyleLoadPlanBuildingAssociationVisitationStrategy - Building LoadPlan...
17:48:03.117 [main] DEBUG org.hibernate.loader.plan.exec.internal.LoadQueryJoinAndFetchProcessor - processing queryspace <gen:0>
17:48:03.117 [main] DEBUG org.hibernate.loader.plan.build.spi.LoadPlanTreePrinter - LoadPlan(entity=com.soft.entity.TransistorEntity)
    - Returns
       - EntityReturnImpl(entity=com.soft.entity.TransistorEntity, querySpaceUid=<gen:0>, path=com.soft.entity.TransistorEntity)
    - QuerySpaces
       - EntityQuerySpaceImpl(uid=<gen:0>, entity=com.soft.entity.TransistorEntity)
          - SQL table alias mapping - transistor0_
          - alias suffix - 0_
          - suffixed key columns - {transist1_5_0_}

17:48:03.117 [main] DEBUG org.hibernate.loader.entity.plan.EntityLoader - Static select for entity com.soft.entity.TransistorEntity [PESSIMISTIC_WRITE]: select transistor0_.transistor_id as transist1_5_0_, transistor0_.category as category2_5_0_, transistor0_.conductunce_type as conductu3_5_0_, transistor0_.description as descript4_5_0_, transistor0_.gain as gain5_5_0_, transistor0_.max_current as max_curr6_5_0_, transistor0_.max_current_unit as max_curr7_5_0_, transistor0_.name as name8_5_0_, transistor0_.photo as photo9_5_0_, transistor0_.price as price10_5_0_, transistor0_.producer as produce11_5_0_, transistor0_.quantity as quantit12_5_0_, transistor0_.package as package13_5_0_ from transistor transistor0_ where transistor0_.transistor_id=? for update
17:48:03.117 [main] TRACE org.hibernate.loader.plan.build.internal.AbstractLoadPlanBuildingAssociationVisitationStrategy -  Starting root entity : com.soft.entity.TransistorEntity
17:48:03.117 [main] DEBUG org.hibernate.loader.plan.build.internal.spaces.QuerySpacesImpl - Adding QuerySpace : uid = <gen:0> -> org.hibernate.loader.plan.build.internal.spaces.EntityQuerySpaceImpl@106d77da]
17:48:03.118 [main] TRACE org.hibernate.loader.plan.build.internal.AbstractLoadPlanBuildingAssociationVisitationStrategy - Pushing fetch source to stack : org.hibernate.loader.plan.build.internal.returns.EntityReturnImpl@6f9c5048
17:48:03.118 [main] TRACE org.hibernate.loader.plan.build.internal.AbstractLoadPlanBuildingAssociationVisitationStrategy - .. Registering AssociationKey : AssociationKey(table=transistor, columns={transistor_id}) -> org.hibernate.loader.plan.build.internal.returns.EntityReturnImpl@6f9c5048
17:48:03.118 [main] TRACE org.hibernate.loader.plan.build.internal.AbstractLoadPlanBuildingAssociationVisitationStrategy - >> Starting entity identifier : com.soft.entity.TransistorEntity
17:48:03.118 [main] DEBUG org.hibernate.persister.walking.spi.MetamodelGraphWalker - Visiting attribute path : category
17:48:03.118 [main] TRACE org.hibernate.loader.plan.build.internal.AbstractLoadPlanBuildingAssociationVisitationStrategy - >> Starting attribute Attribute(name=category, type=integer [non-identifier])
17:48:03.118 [main] TRACE org.hibernate.loader.plan.build.internal.AbstractLoadPlanBuildingAssociationVisitationStrategy - << Finishing up attribute : Attribute(name=category, type=integer [non-identifier])
17:48:03.118 [main] DEBUG org.hibernate.persister.walking.spi.MetamodelGraphWalker - Visiting attribute path : conductanceType
17:48:03.118 [main] TRACE org.hibernate.loader.plan.build.internal.AbstractLoadPlanBuildingAssociationVisitationStrategy - >> Starting attribute Attribute(name=conductanceType, type=string [non-identifier])
17:48:03.118 [main] TRACE org.hibernate.loader.plan.build.internal.AbstractLoadPlanBuildingAssociationVisitationStrategy - << Finishing up attribute : Attribute(name=conductanceType, type=string [non-identifier])
17:48:03.118 [main] DEBUG org.hibernate.persister.walking.spi.MetamodelGraphWalker - Visiting attribute path : description
17:48:03.118 [main] TRACE org.hibernate.loader.plan.build.internal.AbstractLoadPlanBuildingAssociationVisitationStrategy - >> Starting attribute Attribute(name=description, type=string [non-identifier])
17:48:03.118 [main] TRACE org.hibernate.loader.plan.build.internal.AbstractLoadPlanBuildingAssociationVisitationStrategy - << Finishing up attribute : Attribute(name=description, type=string [non-identifier])
17:48:03.118 [main] DEBUG org.hibernate.persister.walking.spi.MetamodelGraphWalker - Visiting attribute path : gain
17:48:03.118 [main] TRACE org.hibernate.loader.plan.build.internal.AbstractLoadPlanBuildingAssociationVisitationStrategy - >> Starting attribute Attribute(name=gain, type=double [non-identifier])
17:48:03.118 [main] TRACE org.hibernate.loader.plan.build.internal.AbstractLoadPlanBuildingAssociationVisitationStrategy - << Finishing up attribute : Attribute(name=gain, type=double [non-identifier])
17:48:03.118 [main] DEBUG org.hibernate.persister.walking.spi.MetamodelGraphWalker - Visiting attribute path : maxCurrent
17:48:03.118 [main] TRACE org.hibernate.loader.plan.build.internal.AbstractLoadPlanBuildingAssociationVisitationStrategy - >> Starting attribute Attribute(name=maxCurrent, type=double [non-identifier])
17:48:03.118 [main] TRACE org.hibernate.loader.plan.build.internal.AbstractLoadPlanBuildingAssociationVisitationStrategy - << Finishing up attribute : Attribute(name=maxCurrent, type=double [non-identifier])
17:48:03.118 [main] DEBUG org.hibernate.persister.walking.spi.MetamodelGraphWalker - Visiting attribute path : maxCurrentUnit
17:48:03.118 [main] TRACE org.hibernate.loader.plan.build.internal.AbstractLoadPlanBuildingAssociationVisitationStrategy - >> Starting attribute Attribute(name=maxCurrentUnit, type=integer [non-identifier])
17:48:03.118 [main] TRACE org.hibernate.loader.plan.build.internal.AbstractLoadPlanBuildingAssociationVisitationStrategy - << Finishing up attribute : Attribute(name=maxCurrentUnit, type=integer [non-identifier])
17:48:03.118 [main] DEBUG org.hibernate.persister.walking.spi.MetamodelGraphWalker - Visiting attribute path : name
17:48:03.118 [main] TRACE org.hibernate.loader.plan.build.internal.AbstractLoadPlanBuildingAssociationVisitationStrategy - >> Starting attribute Attribute(name=name, type=string [non-identifier])
17:48:03.118 [main] TRACE org.hibernate.loader.plan.build.internal.AbstractLoadPlanBuildingAssociationVisitationStrategy - << Finishing up attribute : Attribute(name=name, type=string [non-identifier])
17:48:03.118 [main] DEBUG org.hibernate.persister.walking.spi.MetamodelGraphWalker - Visiting attribute path : photo
17:48:03.118 [main] TRACE org.hibernate.loader.plan.build.internal.AbstractLoadPlanBuildingAssociationVisitationStrategy - >> Starting attribute Attribute(name=photo, type=binary [non-identifier])
17:48:03.118 [main] TRACE org.hibernate.loader.plan.build.internal.AbstractLoadPlanBuildingAssociationVisitationStrategy - << Finishing up attribute : Attribute(name=photo, type=binary [non-identifier])
17:48:03.118 [main] DEBUG org.hibernate.persister.walking.spi.MetamodelGraphWalker - Visiting attribute path : price
17:48:03.118 [main] TRACE org.hibernate.loader.plan.build.internal.AbstractLoadPlanBuildingAssociationVisitationStrategy - >> Starting attribute Attribute(name=price, type=double [non-identifier])
17:48:03.118 [main] TRACE org.hibernate.loader.plan.build.internal.AbstractLoadPlanBuildingAssociationVisitationStrategy - << Finishing up attribute : Attribute(name=price, type=double [non-identifier])
17:48:03.118 [main] DEBUG org.hibernate.persister.walking.spi.MetamodelGraphWalker - Visiting attribute path : producer
17:48:03.118 [main] TRACE org.hibernate.loader.plan.build.internal.AbstractLoadPlanBuildingAssociationVisitationStrategy - >> Starting attribute Attribute(name=producer, type=integer [non-identifier])
17:48:03.118 [main] TRACE org.hibernate.loader.plan.build.internal.AbstractLoadPlanBuildingAssociationVisitationStrategy - << Finishing up attribute : Attribute(name=producer, type=integer [non-identifier])
17:48:03.118 [main] DEBUG org.hibernate.persister.walking.spi.MetamodelGraphWalker - Visiting attribute path : quantity
17:48:03.118 [main] TRACE org.hibernate.loader.plan.build.internal.AbstractLoadPlanBuildingAssociationVisitationStrategy - >> Starting attribute Attribute(name=quantity, type=integer [non-identifier])
17:48:03.118 [main] TRACE org.hibernate.loader.plan.build.internal.AbstractLoadPlanBuildingAssociationVisitationStrategy - << Finishing up attribute : Attribute(name=quantity, type=integer [non-identifier])
17:48:03.118 [main] DEBUG org.hibernate.persister.walking.spi.MetamodelGraphWalker - Visiting attribute path : tPackage
17:48:03.118 [main] TRACE org.hibernate.loader.plan.build.internal.AbstractLoadPlanBuildingAssociationVisitationStrategy - >> Starting attribute Attribute(name=tPackage, type=integer [non-identifier])
17:48:03.118 [main] TRACE org.hibernate.loader.plan.build.internal.AbstractLoadPlanBuildingAssociationVisitationStrategy - << Finishing up attribute : Attribute(name=tPackage, type=integer [non-identifier])
17:48:03.118 [main] TRACE org.hibernate.loader.plan.build.internal.AbstractLoadPlanBuildingAssociationVisitationStrategy - Popped fetch owner from stack : org.hibernate.loader.plan.build.internal.returns.EntityReturnImpl@6f9c5048
17:48:03.118 [main] TRACE org.hibernate.loader.plan.build.internal.AbstractLoadPlanBuildingAssociationVisitationStrategy -  Finished root entity : com.soft.entity.TransistorEntity
17:48:03.119 [main] DEBUG org.hibernate.loader.plan.build.internal.FetchStyleLoadPlanBuildingAssociationVisitationStrategy - Building LoadPlan...
17:48:03.119 [main] DEBUG org.hibernate.loader.plan.exec.internal.LoadQueryJoinAndFetchProcessor - processing queryspace <gen:0>
17:48:03.119 [main] DEBUG org.hibernate.loader.plan.build.spi.LoadPlanTreePrinter - LoadPlan(entity=com.soft.entity.TransistorEntity)
    - Returns
       - EntityReturnImpl(entity=com.soft.entity.TransistorEntity, querySpaceUid=<gen:0>, path=com.soft.entity.TransistorEntity)
    - QuerySpaces
       - EntityQuerySpaceImpl(uid=<gen:0>, entity=com.soft.entity.TransistorEntity)
          - SQL table alias mapping - transistor0_
          - alias suffix - 0_
          - suffixed key columns - {transist1_5_0_}

17:48:03.119 [main] DEBUG org.hibernate.loader.entity.plan.EntityLoader - Static select for entity com.soft.entity.TransistorEntity [PESSIMISTIC_FORCE_INCREMENT]: select transistor0_.transistor_id as transist1_5_0_, transistor0_.category as category2_5_0_, transistor0_.conductunce_type as conductu3_5_0_, transistor0_.description as descript4_5_0_, transistor0_.gain as gain5_5_0_, transistor0_.max_current as max_curr6_5_0_, transistor0_.max_current_unit as max_curr7_5_0_, transistor0_.name as name8_5_0_, transistor0_.photo as photo9_5_0_, transistor0_.price as price10_5_0_, transistor0_.producer as produce11_5_0_, transistor0_.quantity as quantit12_5_0_, transistor0_.package as package13_5_0_ from transistor transistor0_ where transistor0_.transistor_id=? for update
17:48:03.119 [main] TRACE org.hibernate.loader.plan.build.internal.AbstractLoadPlanBuildingAssociationVisitationStrategy -  Starting root entity : com.soft.entity.TransistorEntity
17:48:03.119 [main] DEBUG org.hibernate.loader.plan.build.internal.spaces.QuerySpacesImpl - Adding QuerySpace : uid = <gen:0> -> org.hibernate.loader.plan.build.internal.spaces.EntityQuerySpaceImpl@5114b7c7]
17:48:03.119 [main] TRACE org.hibernate.loader.plan.build.internal.AbstractLoadPlanBuildingAssociationVisitationStrategy - Pushing fetch source to stack : org.hibernate.loader.plan.build.internal.returns.EntityReturnImpl@dd71b20
17:48:03.119 [main] TRACE org.hibernate.loader.plan.build.internal.AbstractLoadPlanBuildingAssociationVisitationStrategy - .. Registering AssociationKey : AssociationKey(table=transistor, columns={transistor_id}) -> org.hibernate.loader.plan.build.internal.returns.EntityReturnImpl@dd71b20
17:48:03.119 [main] TRACE org.hibernate.loader.plan.build.internal.AbstractLoadPlanBuildingAssociationVisitationStrategy - >> Starting entity identifier : com.soft.entity.TransistorEntity
17:48:03.119 [main] DEBUG org.hibernate.persister.walking.spi.MetamodelGraphWalker - Visiting attribute path : category
17:48:03.119 [main] TRACE org.hibernate.loader.plan.build.internal.AbstractLoadPlanBuildingAssociationVisitationStrategy - >> Starting attribute Attribute(name=category, type=integer [non-identifier])
17:48:03.119 [main] TRACE org.hibernate.loader.plan.build.internal.AbstractLoadPlanBuildingAssociationVisitationStrategy - << Finishing up attribute : Attribute(name=category, type=integer [non-identifier])
17:48:03.119 [main] DEBUG org.hibernate.persister.walking.spi.MetamodelGraphWalker - Visiting attribute path : conductanceType
17:48:03.119 [main] TRACE org.hibernate.loader.plan.build.internal.AbstractLoadPlanBuildingAssociationVisitationStrategy - >> Starting attribute Attribute(name=conductanceType, type=string [non-identifier])
17:48:03.119 [main] TRACE org.hibernate.loader.plan.build.internal.AbstractLoadPlanBuildingAssociationVisitationStrategy - << Finishing up attribute : Attribute(name=conductanceType, type=string [non-identifier])
17:48:03.119 [main] DEBUG org.hibernate.persister.walking.spi.MetamodelGraphWalker - Visiting attribute path : description
17:48:03.119 [main] TRACE org.hibernate.loader.plan.build.internal.AbstractLoadPlanBuildingAssociationVisitationStrategy - >> Starting attribute Attribute(name=description, type=string [non-identifier])
17:48:03.119 [main] TRACE org.hibernate.loader.plan.build.internal.AbstractLoadPlanBuildingAssociationVisitationStrategy - << Finishing up attribute : Attribute(name=description, type=string [non-identifier])
17:48:03.119 [main] DEBUG org.hibernate.persister.walking.spi.MetamodelGraphWalker - Visiting attribute path : gain
17:48:03.119 [main] TRACE org.hibernate.loader.plan.build.internal.AbstractLoadPlanBuildingAssociationVisitationStrategy - >> Starting attribute Attribute(name=gain, type=double [non-identifier])
17:48:03.120 [main] TRACE org.hibernate.loader.plan.build.internal.AbstractLoadPlanBuildingAssociationVisitationStrategy - << Finishing up attribute : Attribute(name=gain, type=double [non-identifier])
17:48:03.120 [main] DEBUG org.hibernate.persister.walking.spi.MetamodelGraphWalker - Visiting attribute path : maxCurrent
17:48:03.120 [main] TRACE org.hibernate.loader.plan.build.internal.AbstractLoadPlanBuildingAssociationVisitationStrategy - >> Starting attribute Attribute(name=maxCurrent, type=double [non-identifier])
17:48:03.120 [main] TRACE org.hibernate.loader.plan.build.internal.AbstractLoadPlanBuildingAssociationVisitationStrategy - << Finishing up attribute : Attribute(name=maxCurrent, type=double [non-identifier])
17:48:03.120 [main] DEBUG org.hibernate.persister.walking.spi.MetamodelGraphWalker - Visiting attribute path : maxCurrentUnit
17:48:03.120 [main] TRACE org.hibernate.loader.plan.build.internal.AbstractLoadPlanBuildingAssociationVisitationStrategy - >> Starting attribute Attribute(name=maxCurrentUnit, type=integer [non-identifier])
17:48:03.120 [main] TRACE org.hibernate.loader.plan.build.internal.AbstractLoadPlanBuildingAssociationVisitationStrategy - << Finishing up attribute : Attribute(name=maxCurrentUnit, type=integer [non-identifier])
17:48:03.120 [main] DEBUG org.hibernate.persister.walking.spi.MetamodelGraphWalker - Visiting attribute path : name
17:48:03.120 [main] TRACE org.hibernate.loader.plan.build.internal.AbstractLoadPlanBuildingAssociationVisitationStrategy - >> Starting attribute Attribute(name=name, type=string [non-identifier])
17:48:03.120 [main] TRACE org.hibernate.loader.plan.build.internal.AbstractLoadPlanBuildingAssociationVisitationStrategy - << Finishing up attribute : Attribute(name=name, type=string [non-identifier])
17:48:03.120 [main] DEBUG org.hibernate.persister.walking.spi.MetamodelGraphWalker - Visiting attribute path : photo
17:48:03.120 [main] TRACE org.hibernate.loader.plan.build.internal.AbstractLoadPlanBuildingAssociationVisitationStrategy - >> Starting attribute Attribute(name=photo, type=binary [non-identifier])
17:48:03.120 [main] TRACE org.hibernate.loader.plan.build.internal.AbstractLoadPlanBuildingAssociationVisitationStrategy - << Finishing up attribute : Attribute(name=photo, type=binary [non-identifier])
17:48:03.120 [main] DEBUG org.hibernate.persister.walking.spi.MetamodelGraphWalker - Visiting attribute path : price
17:48:03.120 [main] TRACE org.hibernate.loader.plan.build.internal.AbstractLoadPlanBuildingAssociationVisitationStrategy - >> Starting attribute Attribute(name=price, type=double [non-identifier])
17:48:03.120 [main] TRACE org.hibernate.loader.plan.build.internal.AbstractLoadPlanBuildingAssociationVisitationStrategy - << Finishing up attribute : Attribute(name=price, type=double [non-identifier])
17:48:03.120 [main] DEBUG org.hibernate.persister.walking.spi.MetamodelGraphWalker - Visiting attribute path : producer
17:48:03.120 [main] TRACE org.hibernate.loader.plan.build.internal.AbstractLoadPlanBuildingAssociationVisitationStrategy - >> Starting attribute Attribute(name=producer, type=integer [non-identifier])
17:48:03.120 [main] TRACE org.hibernate.loader.plan.build.internal.AbstractLoadPlanBuildingAssociationVisitationStrategy - << Finishing up attribute : Attribute(name=producer, type=integer [non-identifier])
17:48:03.120 [main] DEBUG org.hibernate.persister.walking.spi.MetamodelGraphWalker - Visiting attribute path : quantity
17:48:03.120 [main] TRACE org.hibernate.loader.plan.build.internal.AbstractLoadPlanBuildingAssociationVisitationStrategy - >> Starting attribute Attribute(name=quantity, type=integer [non-identifier])
17:48:03.120 [main] TRACE org.hibernate.loader.plan.build.internal.AbstractLoadPlanBuildingAssociationVisitationStrategy - << Finishing up attribute : Attribute(name=quantity, type=integer [non-identifier])
17:48:03.120 [main] DEBUG org.hibernate.persister.walking.spi.MetamodelGraphWalker - Visiting attribute path : tPackage
17:48:03.120 [main] TRACE org.hibernate.loader.plan.build.internal.AbstractLoadPlanBuildingAssociationVisitationStrategy - >> Starting attribute Attribute(name=tPackage, type=integer [non-identifier])
17:48:03.120 [main] TRACE org.hibernate.loader.plan.build.internal.AbstractLoadPlanBuildingAssociationVisitationStrategy - << Finishing up attribute : Attribute(name=tPackage, type=integer [non-identifier])
17:48:03.120 [main] TRACE org.hibernate.loader.plan.build.internal.AbstractLoadPlanBuildingAssociationVisitationStrategy - Popped fetch owner from stack : org.hibernate.loader.plan.build.internal.returns.EntityReturnImpl@dd71b20
17:48:03.120 [main] TRACE org.hibernate.loader.plan.build.internal.AbstractLoadPlanBuildingAssociationVisitationStrategy -  Finished root entity : com.soft.entity.TransistorEntity
17:48:03.121 [main] DEBUG org.hibernate.loader.plan.build.internal.FetchStyleLoadPlanBuildingAssociationVisitationStrategy - Building LoadPlan...
17:48:03.121 [main] DEBUG org.hibernate.loader.plan.exec.internal.LoadQueryJoinAndFetchProcessor - processing queryspace <gen:0>
17:48:03.121 [main] DEBUG org.hibernate.loader.plan.build.spi.LoadPlanTreePrinter - LoadPlan(entity=com.soft.entity.TransistorEntity)
    - Returns
       - EntityReturnImpl(entity=com.soft.entity.TransistorEntity, querySpaceUid=<gen:0>, path=com.soft.entity.TransistorEntity)
    - QuerySpaces
       - EntityQuerySpaceImpl(uid=<gen:0>, entity=com.soft.entity.TransistorEntity)
          - SQL table alias mapping - transistor0_
          - alias suffix - 0_
          - suffixed key columns - {transist1_5_0_}

17:48:03.121 [main] DEBUG org.hibernate.loader.entity.plan.EntityLoader - Static select for entity com.soft.entity.TransistorEntity [OPTIMISTIC]: select transistor0_.transistor_id as transist1_5_0_, transistor0_.category as category2_5_0_, transistor0_.conductunce_type as conductu3_5_0_, transistor0_.description as descript4_5_0_, transistor0_.gain as gain5_5_0_, transistor0_.max_current as max_curr6_5_0_, transistor0_.max_current_unit as max_curr7_5_0_, transistor0_.name as name8_5_0_, transistor0_.photo as photo9_5_0_, transistor0_.price as price10_5_0_, transistor0_.producer as produce11_5_0_, transistor0_.quantity as quantit12_5_0_, transistor0_.package as package13_5_0_ from transistor transistor0_ where transistor0_.transistor_id=?
17:48:03.121 [main] TRACE org.hibernate.loader.plan.build.internal.AbstractLoadPlanBuildingAssociationVisitationStrategy -  Starting root entity : com.soft.entity.TransistorEntity
17:48:03.121 [main] DEBUG org.hibernate.loader.plan.build.internal.spaces.QuerySpacesImpl - Adding QuerySpace : uid = <gen:0> -> org.hibernate.loader.plan.build.internal.spaces.EntityQuerySpaceImpl@767f6ee7]
17:48:03.121 [main] TRACE org.hibernate.loader.plan.build.internal.AbstractLoadPlanBuildingAssociationVisitationStrategy - Pushing fetch source to stack : org.hibernate.loader.plan.build.internal.returns.EntityReturnImpl@7b6c6e70
17:48:03.121 [main] TRACE org.hibernate.loader.plan.build.internal.AbstractLoadPlanBuildingAssociationVisitationStrategy - .. Registering AssociationKey : AssociationKey(table=transistor, columns={transistor_id}) -> org.hibernate.loader.plan.build.internal.returns.EntityReturnImpl@7b6c6e70
17:48:03.121 [main] TRACE org.hibernate.loader.plan.build.internal.AbstractLoadPlanBuildingAssociationVisitationStrategy - >> Starting entity identifier : com.soft.entity.TransistorEntity
17:48:03.121 [main] DEBUG org.hibernate.persister.walking.spi.MetamodelGraphWalker - Visiting attribute path : category
17:48:03.121 [main] TRACE org.hibernate.loader.plan.build.internal.AbstractLoadPlanBuildingAssociationVisitationStrategy - >> Starting attribute Attribute(name=category, type=integer [non-identifier])
17:48:03.121 [main] TRACE org.hibernate.loader.plan.build.internal.AbstractLoadPlanBuildingAssociationVisitationStrategy - << Finishing up attribute : Attribute(name=category, type=integer [non-identifier])
17:48:03.121 [main] DEBUG org.hibernate.persister.walking.spi.MetamodelGraphWalker - Visiting attribute path : conductanceType
17:48:03.121 [main] TRACE org.hibernate.loader.plan.build.internal.AbstractLoadPlanBuildingAssociationVisitationStrategy - >> Starting attribute Attribute(name=conductanceType, type=string [non-identifier])
17:48:03.121 [main] TRACE org.hibernate.loader.plan.build.internal.AbstractLoadPlanBuildingAssociationVisitationStrategy - << Finishing up attribute : Attribute(name=conductanceType, type=string [non-identifier])
17:48:03.122 [main] DEBUG org.hibernate.persister.walking.spi.MetamodelGraphWalker - Visiting attribute path : description
17:48:03.122 [main] TRACE org.hibernate.loader.plan.build.internal.AbstractLoadPlanBuildingAssociationVisitationStrategy - >> Starting attribute Attribute(name=description, type=string [non-identifier])
17:48:03.122 [main] TRACE org.hibernate.loader.plan.build.internal.AbstractLoadPlanBuildingAssociationVisitationStrategy - << Finishing up attribute : Attribute(name=description, type=string [non-identifier])
17:48:03.122 [main] DEBUG org.hibernate.persister.walking.spi.MetamodelGraphWalker - Visiting attribute path : gain
17:48:03.122 [main] TRACE org.hibernate.loader.plan.build.internal.AbstractLoadPlanBuildingAssociationVisitationStrategy - >> Starting attribute Attribute(name=gain, type=double [non-identifier])
17:48:03.122 [main] TRACE org.hibernate.loader.plan.build.internal.AbstractLoadPlanBuildingAssociationVisitationStrategy - << Finishing up attribute : Attribute(name=gain, type=double [non-identifier])
17:48:03.122 [main] DEBUG org.hibernate.persister.walking.spi.MetamodelGraphWalker - Visiting attribute path : maxCurrent
17:48:03.122 [main] TRACE org.hibernate.loader.plan.build.internal.AbstractLoadPlanBuildingAssociationVisitationStrategy - >> Starting attribute Attribute(name=maxCurrent, type=double [non-identifier])
17:48:03.122 [main] TRACE org.hibernate.loader.plan.build.internal.AbstractLoadPlanBuildingAssociationVisitationStrategy - << Finishing up attribute : Attribute(name=maxCurrent, type=double [non-identifier])
17:48:03.122 [main] DEBUG org.hibernate.persister.walking.spi.MetamodelGraphWalker - Visiting attribute path : maxCurrentUnit
17:48:03.122 [main] TRACE org.hibernate.loader.plan.build.internal.AbstractLoadPlanBuildingAssociationVisitationStrategy - >> Starting attribute Attribute(name=maxCurrentUnit, type=integer [non-identifier])
17:48:03.122 [main] TRACE org.hibernate.loader.plan.build.internal.AbstractLoadPlanBuildingAssociationVisitationStrategy - << Finishing up attribute : Attribute(name=maxCurrentUnit, type=integer [non-identifier])
17:48:03.122 [main] DEBUG org.hibernate.persister.walking.spi.MetamodelGraphWalker - Visiting attribute path : name
17:48:03.122 [main] TRACE org.hibernate.loader.plan.build.internal.AbstractLoadPlanBuildingAssociationVisitationStrategy - >> Starting attribute Attribute(name=name, type=string [non-identifier])
17:48:03.122 [main] TRACE org.hibernate.loader.plan.build.internal.AbstractLoadPlanBuildingAssociationVisitationStrategy - << Finishing up attribute : Attribute(name=name, type=string [non-identifier])
17:48:03.122 [main] DEBUG org.hibernate.persister.walking.spi.MetamodelGraphWalker - Visiting attribute path : photo
17:48:03.122 [main] TRACE org.hibernate.loader.plan.build.internal.AbstractLoadPlanBuildingAssociationVisitationStrategy - >> Starting attribute Attribute(name=photo, type=binary [non-identifier])
17:48:03.122 [main] TRACE org.hibernate.loader.plan.build.internal.AbstractLoadPlanBuildingAssociationVisitationStrategy - << Finishing up attribute : Attribute(name=photo, type=binary [non-identifier])
17:48:03.122 [main] DEBUG org.hibernate.persister.walking.spi.MetamodelGraphWalker - Visiting attribute path : price
17:48:03.122 [main] TRACE org.hibernate.loader.plan.build.internal.AbstractLoadPlanBuildingAssociationVisitationStrategy - >> Starting attribute Attribute(name=price, type=double [non-identifier])
17:48:03.122 [main] TRACE org.hibernate.loader.plan.build.internal.AbstractLoadPlanBuildingAssociationVisitationStrategy - << Finishing up attribute : Attribute(name=price, type=double [non-identifier])
17:48:03.122 [main] DEBUG org.hibernate.persister.walking.spi.MetamodelGraphWalker - Visiting attribute path : producer
17:48:03.122 [main] TRACE org.hibernate.loader.plan.build.internal.AbstractLoadPlanBuildingAssociationVisitationStrategy - >> Starting attribute Attribute(name=producer, type=integer [non-identifier])
17:48:03.122 [main] TRACE org.hibernate.loader.plan.build.internal.AbstractLoadPlanBuildingAssociationVisitationStrategy - << Finishing up attribute : Attribute(name=producer, type=integer [non-identifier])
17:48:03.122 [main] DEBUG org.hibernate.persister.walking.spi.MetamodelGraphWalker - Visiting attribute path : quantity
17:48:03.122 [main] TRACE org.hibernate.loader.plan.build.internal.AbstractLoadPlanBuildingAssociationVisitationStrategy - >> Starting attribute Attribute(name=quantity, type=integer [non-identifier])
17:48:03.122 [main] TRACE org.hibernate.loader.plan.build.internal.AbstractLoadPlanBuildingAssociationVisitationStrategy - << Finishing up attribute : Attribute(name=quantity, type=integer [non-identifier])
17:48:03.122 [main] DEBUG org.hibernate.persister.walking.spi.MetamodelGraphWalker - Visiting attribute path : tPackage
17:48:03.122 [main] TRACE org.hibernate.loader.plan.build.internal.AbstractLoadPlanBuildingAssociationVisitationStrategy - >> Starting attribute Attribute(name=tPackage, type=integer [non-identifier])
17:48:03.122 [main] TRACE org.hibernate.loader.plan.build.internal.AbstractLoadPlanBuildingAssociationVisitationStrategy - << Finishing up attribute : Attribute(name=tPackage, type=integer [non-identifier])
17:48:03.122 [main] TRACE org.hibernate.loader.plan.build.internal.AbstractLoadPlanBuildingAssociationVisitationStrategy - Popped fetch owner from stack : org.hibernate.loader.plan.build.internal.returns.EntityReturnImpl@7b6c6e70
17:48:03.123 [main] TRACE org.hibernate.loader.plan.build.internal.AbstractLoadPlanBuildingAssociationVisitationStrategy -  Finished root entity : com.soft.entity.TransistorEntity
17:48:03.123 [main] DEBUG org.hibernate.loader.plan.build.internal.FetchStyleLoadPlanBuildingAssociationVisitationStrategy - Building LoadPlan...
17:48:03.123 [main] DEBUG org.hibernate.loader.plan.exec.internal.LoadQueryJoinAndFetchProcessor - processing queryspace <gen:0>
17:48:03.123 [main] DEBUG org.hibernate.loader.plan.build.spi.LoadPlanTreePrinter - LoadPlan(entity=com.soft.entity.TransistorEntity)
    - Returns
       - EntityReturnImpl(entity=com.soft.entity.TransistorEntity, querySpaceUid=<gen:0>, path=com.soft.entity.TransistorEntity)
    - QuerySpaces
       - EntityQuerySpaceImpl(uid=<gen:0>, entity=com.soft.entity.TransistorEntity)
          - SQL table alias mapping - transistor0_
          - alias suffix - 0_
          - suffixed key columns - {transist1_5_0_}

17:48:03.123 [main] DEBUG org.hibernate.loader.entity.plan.EntityLoader - Static select for entity com.soft.entity.TransistorEntity [OPTIMISTIC_FORCE_INCREMENT]: select transistor0_.transistor_id as transist1_5_0_, transistor0_.category as category2_5_0_, transistor0_.conductunce_type as conductu3_5_0_, transistor0_.description as descript4_5_0_, transistor0_.gain as gain5_5_0_, transistor0_.max_current as max_curr6_5_0_, transistor0_.max_current_unit as max_curr7_5_0_, transistor0_.name as name8_5_0_, transistor0_.photo as photo9_5_0_, transistor0_.price as price10_5_0_, transistor0_.producer as produce11_5_0_, transistor0_.quantity as quantit12_5_0_, transistor0_.package as package13_5_0_ from transistor transistor0_ where transistor0_.transistor_id=?
17:48:03.123 [main] DEBUG org.hibernate.loader.Loader - Static select for action ACTION_MERGE on entity com.soft.entity.TransistorEntity: select transistor0_.transistor_id as transist1_5_0_, transistor0_.category as category2_5_0_, transistor0_.conductunce_type as conductu3_5_0_, transistor0_.description as descript4_5_0_, transistor0_.gain as gain5_5_0_, transistor0_.max_current as max_curr6_5_0_, transistor0_.max_current_unit as max_curr7_5_0_, transistor0_.name as name8_5_0_, transistor0_.photo as photo9_5_0_, transistor0_.price as price10_5_0_, transistor0_.producer as produce11_5_0_, transistor0_.quantity as quantit12_5_0_, transistor0_.package as package13_5_0_ from transistor transistor0_ where transistor0_.transistor_id=?
17:48:03.123 [main] DEBUG org.hibernate.loader.Loader - Static select for action ACTION_REFRESH on entity com.soft.entity.TransistorEntity: select transistor0_.transistor_id as transist1_5_0_, transistor0_.category as category2_5_0_, transistor0_.conductunce_type as conductu3_5_0_, transistor0_.description as descript4_5_0_, transistor0_.gain as gain5_5_0_, transistor0_.max_current as max_curr6_5_0_, transistor0_.max_current_unit as max_curr7_5_0_, transistor0_.name as name8_5_0_, transistor0_.photo as photo9_5_0_, transistor0_.price as price10_5_0_, transistor0_.producer as produce11_5_0_, transistor0_.quantity as quantit12_5_0_, transistor0_.package as package13_5_0_ from transistor transistor0_ where transistor0_.transistor_id=?
17:48:03.123 [main] DEBUG org.hibernate.persister.entity.AbstractEntityPersister - Static SQL for entity: com.soft.entity.CategoryEntity
17:48:03.123 [main] DEBUG org.hibernate.persister.entity.AbstractEntityPersister -  Version select: select category_id from category where category_id =?
17:48:03.124 [main] DEBUG org.hibernate.persister.entity.AbstractEntityPersister -  Snapshot select: select categoryen_.category_id, categoryen_.entity_name as entity_n2_0_, categoryen_.name as name3_0_, categoryen_.photo as photo4_0_ from category categoryen_ where categoryen_.category_id=?
17:48:03.124 [main] DEBUG org.hibernate.persister.entity.AbstractEntityPersister -  Insert 0: insert into category (entity_name, name, photo, category_id) values (?, ?, ?, ?)
17:48:03.124 [main] DEBUG org.hibernate.persister.entity.AbstractEntityPersister -  Update 0: update category set entity_name=?, name=?, photo=? where category_id=?
17:48:03.124 [main] DEBUG org.hibernate.persister.entity.AbstractEntityPersister -  Delete 0: delete from category where category_id=?
17:48:03.124 [main] TRACE org.hibernate.loader.plan.build.internal.AbstractLoadPlanBuildingAssociationVisitationStrategy -  Starting root entity : com.soft.entity.CategoryEntity
17:48:03.124 [main] DEBUG org.hibernate.loader.plan.build.internal.spaces.QuerySpacesImpl - Adding QuerySpace : uid = <gen:0> -> org.hibernate.loader.plan.build.internal.spaces.EntityQuerySpaceImpl@f324455]
17:48:03.124 [main] TRACE org.hibernate.loader.plan.build.internal.AbstractLoadPlanBuildingAssociationVisitationStrategy - Pushing fetch source to stack : org.hibernate.loader.plan.build.internal.returns.EntityReturnImpl@3a894088
17:48:03.124 [main] TRACE org.hibernate.loader.plan.build.internal.AbstractLoadPlanBuildingAssociationVisitationStrategy - .. Registering AssociationKey : AssociationKey(table=category, columns={category_id}) -> org.hibernate.loader.plan.build.internal.returns.EntityReturnImpl@3a894088
17:48:03.124 [main] TRACE org.hibernate.loader.plan.build.internal.AbstractLoadPlanBuildingAssociationVisitationStrategy - >> Starting entity identifier : com.soft.entity.CategoryEntity
17:48:03.124 [main] DEBUG org.hibernate.persister.walking.spi.MetamodelGraphWalker - Visiting attribute path : entityName
17:48:03.124 [main] TRACE org.hibernate.loader.plan.build.internal.AbstractLoadPlanBuildingAssociationVisitationStrategy - >> Starting attribute Attribute(name=entityName, type=string [non-identifier])
17:48:03.124 [main] TRACE org.hibernate.loader.plan.build.internal.AbstractLoadPlanBuildingAssociationVisitationStrategy - << Finishing up attribute : Attribute(name=entityName, type=string [non-identifier])
17:48:03.124 [main] DEBUG org.hibernate.persister.walking.spi.MetamodelGraphWalker - Visiting attribute path : name
17:48:03.124 [main] TRACE org.hibernate.loader.plan.build.internal.AbstractLoadPlanBuildingAssociationVisitationStrategy - >> Starting attribute Attribute(name=name, type=string [non-identifier])
17:48:03.124 [main] TRACE org.hibernate.loader.plan.build.internal.AbstractLoadPlanBuildingAssociationVisitationStrategy - << Finishing up attribute : Attribute(name=name, type=string [non-identifier])
17:48:03.124 [main] DEBUG org.hibernate.persister.walking.spi.MetamodelGraphWalker - Visiting attribute path : photo
17:48:03.124 [main] TRACE org.hibernate.loader.plan.build.internal.AbstractLoadPlanBuildingAssociationVisitationStrategy - >> Starting attribute Attribute(name=photo, type=binary [non-identifier])
17:48:03.124 [main] TRACE org.hibernate.loader.plan.build.internal.AbstractLoadPlanBuildingAssociationVisitationStrategy - << Finishing up attribute : Attribute(name=photo, type=binary [non-identifier])
17:48:03.124 [main] TRACE org.hibernate.loader.plan.build.internal.AbstractLoadPlanBuildingAssociationVisitationStrategy - Popped fetch owner from stack : org.hibernate.loader.plan.build.internal.returns.EntityReturnImpl@3a894088
17:48:03.124 [main] TRACE org.hibernate.loader.plan.build.internal.AbstractLoadPlanBuildingAssociationVisitationStrategy -  Finished root entity : com.soft.entity.CategoryEntity
17:48:03.124 [main] DEBUG org.hibernate.loader.plan.build.internal.FetchStyleLoadPlanBuildingAssociationVisitationStrategy - Building LoadPlan...
17:48:03.124 [main] DEBUG org.hibernate.loader.plan.exec.internal.LoadQueryJoinAndFetchProcessor - processing queryspace <gen:0>
17:48:03.125 [main] DEBUG org.hibernate.loader.plan.build.spi.LoadPlanTreePrinter - LoadPlan(entity=com.soft.entity.CategoryEntity)
    - Returns
       - EntityReturnImpl(entity=com.soft.entity.CategoryEntity, querySpaceUid=<gen:0>, path=com.soft.entity.CategoryEntity)
    - QuerySpaces
       - EntityQuerySpaceImpl(uid=<gen:0>, entity=com.soft.entity.CategoryEntity)
          - SQL table alias mapping - categoryen0_
          - alias suffix - 0_
          - suffixed key columns - {category1_0_0_}

17:48:03.125 [main] DEBUG org.hibernate.loader.entity.plan.EntityLoader - Static select for entity com.soft.entity.CategoryEntity [NONE]: select categoryen0_.category_id as category1_0_0_, categoryen0_.entity_name as entity_n2_0_0_, categoryen0_.name as name3_0_0_, categoryen0_.photo as photo4_0_0_ from category categoryen0_ where categoryen0_.category_id=?
17:48:03.125 [main] TRACE org.hibernate.loader.plan.build.internal.AbstractLoadPlanBuildingAssociationVisitationStrategy -  Starting root entity : com.soft.entity.CategoryEntity
17:48:03.125 [main] DEBUG org.hibernate.loader.plan.build.internal.spaces.QuerySpacesImpl - Adding QuerySpace : uid = <gen:0> -> org.hibernate.loader.plan.build.internal.spaces.EntityQuerySpaceImpl@370c1968]
17:48:03.125 [main] TRACE org.hibernate.loader.plan.build.internal.AbstractLoadPlanBuildingAssociationVisitationStrategy - Pushing fetch source to stack : org.hibernate.loader.plan.build.internal.returns.EntityReturnImpl@2f0bfe17
17:48:03.125 [main] TRACE org.hibernate.loader.plan.build.internal.AbstractLoadPlanBuildingAssociationVisitationStrategy - .. Registering AssociationKey : AssociationKey(table=category, columns={category_id}) -> org.hibernate.loader.plan.build.internal.returns.EntityReturnImpl@2f0bfe17
17:48:03.125 [main] TRACE org.hibernate.loader.plan.build.internal.AbstractLoadPlanBuildingAssociationVisitationStrategy - >> Starting entity identifier : com.soft.entity.CategoryEntity
17:48:03.125 [main] DEBUG org.hibernate.persister.walking.spi.MetamodelGraphWalker - Visiting attribute path : entityName
17:48:03.125 [main] TRACE org.hibernate.loader.plan.build.internal.AbstractLoadPlanBuildingAssociationVisitationStrategy - >> Starting attribute Attribute(name=entityName, type=string [non-identifier])
17:48:03.125 [main] TRACE org.hibernate.loader.plan.build.internal.AbstractLoadPlanBuildingAssociationVisitationStrategy - << Finishing up attribute : Attribute(name=entityName, type=string [non-identifier])
17:48:03.125 [main] DEBUG org.hibernate.persister.walking.spi.MetamodelGraphWalker - Visiting attribute path : name
17:48:03.125 [main] TRACE org.hibernate.loader.plan.build.internal.AbstractLoadPlanBuildingAssociationVisitationStrategy - >> Starting attribute Attribute(name=name, type=string [non-identifier])
17:48:03.125 [main] TRACE org.hibernate.loader.plan.build.internal.AbstractLoadPlanBuildingAssociationVisitationStrategy - << Finishing up attribute : Attribute(name=name, type=string [non-identifier])
17:48:03.125 [main] DEBUG org.hibernate.persister.walking.spi.MetamodelGraphWalker - Visiting attribute path : photo
17:48:03.125 [main] TRACE org.hibernate.loader.plan.build.internal.AbstractLoadPlanBuildingAssociationVisitationStrategy - >> Starting attribute Attribute(name=photo, type=binary [non-identifier])
17:48:03.125 [main] TRACE org.hibernate.loader.plan.build.internal.AbstractLoadPlanBuildingAssociationVisitationStrategy - << Finishing up attribute : Attribute(name=photo, type=binary [non-identifier])
17:48:03.129 [main] TRACE org.hibernate.loader.plan.build.internal.AbstractLoadPlanBuildingAssociationVisitationStrategy - Popped fetch owner from stack : org.hibernate.loader.plan.build.internal.returns.EntityReturnImpl@2f0bfe17
17:48:03.129 [main] TRACE org.hibernate.loader.plan.build.internal.AbstractLoadPlanBuildingAssociationVisitationStrategy -  Finished root entity : com.soft.entity.CategoryEntity
17:48:03.129 [main] DEBUG org.hibernate.loader.plan.build.internal.FetchStyleLoadPlanBuildingAssociationVisitationStrategy - Building LoadPlan...
17:48:03.130 [main] DEBUG org.hibernate.loader.plan.exec.internal.LoadQueryJoinAndFetchProcessor - processing queryspace <gen:0>
17:48:03.130 [main] DEBUG org.hibernate.loader.plan.build.spi.LoadPlanTreePrinter - LoadPlan(entity=com.soft.entity.CategoryEntity)
    - Returns
       - EntityReturnImpl(entity=com.soft.entity.CategoryEntity, querySpaceUid=<gen:0>, path=com.soft.entity.CategoryEntity)
    - QuerySpaces
       - EntityQuerySpaceImpl(uid=<gen:0>, entity=com.soft.entity.CategoryEntity)
          - SQL table alias mapping - categoryen0_
          - alias suffix - 0_
          - suffixed key columns - {category1_0_0_}

17:48:03.130 [main] DEBUG org.hibernate.loader.entity.plan.EntityLoader - Static select for entity com.soft.entity.CategoryEntity [READ]: select categoryen0_.category_id as category1_0_0_, categoryen0_.entity_name as entity_n2_0_0_, categoryen0_.name as name3_0_0_, categoryen0_.photo as photo4_0_0_ from category categoryen0_ where categoryen0_.category_id=?
17:48:03.130 [main] TRACE org.hibernate.loader.plan.build.internal.AbstractLoadPlanBuildingAssociationVisitationStrategy -  Starting root entity : com.soft.entity.CategoryEntity
17:48:03.130 [main] DEBUG org.hibernate.loader.plan.build.internal.spaces.QuerySpacesImpl - Adding QuerySpace : uid = <gen:0> -> org.hibernate.loader.plan.build.internal.spaces.EntityQuerySpaceImpl@3206174f]
17:48:03.130 [main] TRACE org.hibernate.loader.plan.build.internal.AbstractLoadPlanBuildingAssociationVisitationStrategy - Pushing fetch source to stack : org.hibernate.loader.plan.build.internal.returns.EntityReturnImpl@42fb8c87
17:48:03.130 [main] TRACE org.hibernate.loader.plan.build.internal.AbstractLoadPlanBuildingAssociationVisitationStrategy - .. Registering AssociationKey : AssociationKey(table=category, columns={category_id}) -> org.hibernate.loader.plan.build.internal.returns.EntityReturnImpl@42fb8c87
17:48:03.130 [main] TRACE org.hibernate.loader.plan.build.internal.AbstractLoadPlanBuildingAssociationVisitationStrategy - >> Starting entity identifier : com.soft.entity.CategoryEntity
17:48:03.130 [main] DEBUG org.hibernate.persister.walking.spi.MetamodelGraphWalker - Visiting attribute path : entityName
17:48:03.130 [main] TRACE org.hibernate.loader.plan.build.internal.AbstractLoadPlanBuildingAssociationVisitationStrategy - >> Starting attribute Attribute(name=entityName, type=string [non-identifier])
17:48:03.130 [main] TRACE org.hibernate.loader.plan.build.internal.AbstractLoadPlanBuildingAssociationVisitationStrategy - << Finishing up attribute : Attribute(name=entityName, type=string [non-identifier])
17:48:03.130 [main] DEBUG org.hibernate.persister.walking.spi.MetamodelGraphWalker - Visiting attribute path : name
17:48:03.130 [main] TRACE org.hibernate.loader.plan.build.internal.AbstractLoadPlanBuildingAssociationVisitationStrategy - >> Starting attribute Attribute(name=name, type=string [non-identifier])
17:48:03.130 [main] TRACE org.hibernate.loader.plan.build.internal.AbstractLoadPlanBuildingAssociationVisitationStrategy - << Finishing up attribute : Attribute(name=name, type=string [non-identifier])
17:48:03.130 [main] DEBUG org.hibernate.persister.walking.spi.MetamodelGraphWalker - Visiting attribute path : photo
17:48:03.130 [main] TRACE org.hibernate.loader.plan.build.internal.AbstractLoadPlanBuildingAssociationVisitationStrategy - >> Starting attribute Attribute(name=photo, type=binary [non-identifier])
17:48:03.130 [main] TRACE org.hibernate.loader.plan.build.internal.AbstractLoadPlanBuildingAssociationVisitationStrategy - << Finishing up attribute : Attribute(name=photo, type=binary [non-identifier])
17:48:03.130 [main] TRACE org.hibernate.loader.plan.build.internal.AbstractLoadPlanBuildingAssociationVisitationStrategy - Popped fetch owner from stack : org.hibernate.loader.plan.build.internal.returns.EntityReturnImpl@42fb8c87
17:48:03.130 [main] TRACE org.hibernate.loader.plan.build.internal.AbstractLoadPlanBuildingAssociationVisitationStrategy -  Finished root entity : com.soft.entity.CategoryEntity
17:48:03.130 [main] DEBUG org.hibernate.loader.plan.build.internal.FetchStyleLoadPlanBuildingAssociationVisitationStrategy - Building LoadPlan...
17:48:03.131 [main] DEBUG org.hibernate.loader.plan.exec.internal.LoadQueryJoinAndFetchProcessor - processing queryspace <gen:0>
17:48:03.131 [main] DEBUG org.hibernate.loader.plan.build.spi.LoadPlanTreePrinter - LoadPlan(entity=com.soft.entity.CategoryEntity)
    - Returns
       - EntityReturnImpl(entity=com.soft.entity.CategoryEntity, querySpaceUid=<gen:0>, path=com.soft.entity.CategoryEntity)
    - QuerySpaces
       - EntityQuerySpaceImpl(uid=<gen:0>, entity=com.soft.entity.CategoryEntity)
          - SQL table alias mapping - categoryen0_
          - alias suffix - 0_
          - suffixed key columns - {category1_0_0_}

17:48:03.131 [main] DEBUG org.hibernate.loader.entity.plan.EntityLoader - Static select for entity com.soft.entity.CategoryEntity [UPGRADE]: select categoryen0_.category_id as category1_0_0_, categoryen0_.entity_name as entity_n2_0_0_, categoryen0_.name as name3_0_0_, categoryen0_.photo as photo4_0_0_ from category categoryen0_ where categoryen0_.category_id=? for update
17:48:03.131 [main] TRACE org.hibernate.loader.plan.build.internal.AbstractLoadPlanBuildingAssociationVisitationStrategy -  Starting root entity : com.soft.entity.CategoryEntity
17:48:03.131 [main] DEBUG org.hibernate.loader.plan.build.internal.spaces.QuerySpacesImpl - Adding QuerySpace : uid = <gen:0> -> org.hibernate.loader.plan.build.internal.spaces.EntityQuerySpaceImpl@15eb0ae9]
17:48:03.131 [main] TRACE org.hibernate.loader.plan.build.internal.AbstractLoadPlanBuildingAssociationVisitationStrategy - Pushing fetch source to stack : org.hibernate.loader.plan.build.internal.returns.EntityReturnImpl@65e0b505
17:48:03.131 [main] TRACE org.hibernate.loader.plan.build.internal.AbstractLoadPlanBuildingAssociationVisitationStrategy - .. Registering AssociationKey : AssociationKey(table=category, columns={category_id}) -> org.hibernate.loader.plan.build.internal.returns.EntityReturnImpl@65e0b505
17:48:03.131 [main] TRACE org.hibernate.loader.plan.build.internal.AbstractLoadPlanBuildingAssociationVisitationStrategy - >> Starting entity identifier : com.soft.entity.CategoryEntity
17:48:03.131 [main] DEBUG org.hibernate.persister.walking.spi.MetamodelGraphWalker - Visiting attribute path : entityName
17:48:03.131 [main] TRACE org.hibernate.loader.plan.build.internal.AbstractLoadPlanBuildingAssociationVisitationStrategy - >> Starting attribute Attribute(name=entityName, type=string [non-identifier])
17:48:03.131 [main] TRACE org.hibernate.loader.plan.build.internal.AbstractLoadPlanBuildingAssociationVisitationStrategy - << Finishing up attribute : Attribute(name=entityName, type=string [non-identifier])
17:48:03.131 [main] DEBUG org.hibernate.persister.walking.spi.MetamodelGraphWalker - Visiting attribute path : name
17:48:03.131 [main] TRACE org.hibernate.loader.plan.build.internal.AbstractLoadPlanBuildingAssociationVisitationStrategy - >> Starting attribute Attribute(name=name, type=string [non-identifier])
17:48:03.131 [main] TRACE org.hibernate.loader.plan.build.internal.AbstractLoadPlanBuildingAssociationVisitationStrategy - << Finishing up attribute : Attribute(name=name, type=string [non-identifier])
17:48:03.131 [main] DEBUG org.hibernate.persister.walking.spi.MetamodelGraphWalker - Visiting attribute path : photo
17:48:03.131 [main] TRACE org.hibernate.loader.plan.build.internal.AbstractLoadPlanBuildingAssociationVisitationStrategy - >> Starting attribute Attribute(name=photo, type=binary [non-identifier])
17:48:03.131 [main] TRACE org.hibernate.loader.plan.build.internal.AbstractLoadPlanBuildingAssociationVisitationStrategy - << Finishing up attribute : Attribute(name=photo, type=binary [non-identifier])
17:48:03.131 [main] TRACE org.hibernate.loader.plan.build.internal.AbstractLoadPlanBuildingAssociationVisitationStrategy - Popped fetch owner from stack : org.hibernate.loader.plan.build.internal.returns.EntityReturnImpl@65e0b505
17:48:03.131 [main] TRACE org.hibernate.loader.plan.build.internal.AbstractLoadPlanBuildingAssociationVisitationStrategy -  Finished root entity : com.soft.entity.CategoryEntity
17:48:03.131 [main] DEBUG org.hibernate.loader.plan.build.internal.FetchStyleLoadPlanBuildingAssociationVisitationStrategy - Building LoadPlan...
17:48:03.131 [main] DEBUG org.hibernate.loader.plan.exec.internal.LoadQueryJoinAndFetchProcessor - processing queryspace <gen:0>
17:48:03.132 [main] DEBUG org.hibernate.loader.plan.build.spi.LoadPlanTreePrinter - LoadPlan(entity=com.soft.entity.CategoryEntity)
    - Returns
       - EntityReturnImpl(entity=com.soft.entity.CategoryEntity, querySpaceUid=<gen:0>, path=com.soft.entity.CategoryEntity)
    - QuerySpaces
       - EntityQuerySpaceImpl(uid=<gen:0>, entity=com.soft.entity.CategoryEntity)
          - SQL table alias mapping - categoryen0_
          - alias suffix - 0_
          - suffixed key columns - {category1_0_0_}

17:48:03.132 [main] DEBUG org.hibernate.loader.entity.plan.EntityLoader - Static select for entity com.soft.entity.CategoryEntity [UPGRADE_NOWAIT]: select categoryen0_.category_id as category1_0_0_, categoryen0_.entity_name as entity_n2_0_0_, categoryen0_.name as name3_0_0_, categoryen0_.photo as photo4_0_0_ from category categoryen0_ where categoryen0_.category_id=? for update
17:48:03.132 [main] TRACE org.hibernate.loader.plan.build.internal.AbstractLoadPlanBuildingAssociationVisitationStrategy -  Starting root entity : com.soft.entity.CategoryEntity
17:48:03.132 [main] DEBUG org.hibernate.loader.plan.build.internal.spaces.QuerySpacesImpl - Adding QuerySpace : uid = <gen:0> -> org.hibernate.loader.plan.build.internal.spaces.EntityQuerySpaceImpl@67de7a99]
17:48:03.132 [main] TRACE org.hibernate.loader.plan.build.internal.AbstractLoadPlanBuildingAssociationVisitationStrategy - Pushing fetch source to stack : org.hibernate.loader.plan.build.internal.returns.EntityReturnImpl@795f5d51
17:48:03.132 [main] TRACE org.hibernate.loader.plan.build.internal.AbstractLoadPlanBuildingAssociationVisitationStrategy - .. Registering AssociationKey : AssociationKey(table=category, columns={category_id}) -> org.hibernate.loader.plan.build.internal.returns.EntityReturnImpl@795f5d51
17:48:03.132 [main] TRACE org.hibernate.loader.plan.build.internal.AbstractLoadPlanBuildingAssociationVisitationStrategy - >> Starting entity identifier : com.soft.entity.CategoryEntity
17:48:03.132 [main] DEBUG org.hibernate.persister.walking.spi.MetamodelGraphWalker - Visiting attribute path : entityName
17:48:03.132 [main] TRACE org.hibernate.loader.plan.build.internal.AbstractLoadPlanBuildingAssociationVisitationStrategy - >> Starting attribute Attribute(name=entityName, type=string [non-identifier])
17:48:03.132 [main] TRACE org.hibernate.loader.plan.build.internal.AbstractLoadPlanBuildingAssociationVisitationStrategy - << Finishing up attribute : Attribute(name=entityName, type=string [non-identifier])
17:48:03.132 [main] DEBUG org.hibernate.persister.walking.spi.MetamodelGraphWalker - Visiting attribute path : name
17:48:03.132 [main] TRACE org.hibernate.loader.plan.build.internal.AbstractLoadPlanBuildingAssociationVisitationStrategy - >> Starting attribute Attribute(name=name, type=string [non-identifier])
17:48:03.132 [main] TRACE org.hibernate.loader.plan.build.internal.AbstractLoadPlanBuildingAssociationVisitationStrategy - << Finishing up attribute : Attribute(name=name, type=string [non-identifier])
17:48:03.132 [main] DEBUG org.hibernate.persister.walking.spi.MetamodelGraphWalker - Visiting attribute path : photo
17:48:03.132 [main] TRACE org.hibernate.loader.plan.build.internal.AbstractLoadPlanBuildingAssociationVisitationStrategy - >> Starting attribute Attribute(name=photo, type=binary [non-identifier])
17:48:03.132 [main] TRACE org.hibernate.loader.plan.build.internal.AbstractLoadPlanBuildingAssociationVisitationStrategy - << Finishing up attribute : Attribute(name=photo, type=binary [non-identifier])
17:48:03.132 [main] TRACE org.hibernate.loader.plan.build.internal.AbstractLoadPlanBuildingAssociationVisitationStrategy - Popped fetch owner from stack : org.hibernate.loader.plan.build.internal.returns.EntityReturnImpl@795f5d51
17:48:03.132 [main] TRACE org.hibernate.loader.plan.build.internal.AbstractLoadPlanBuildingAssociationVisitationStrategy -  Finished root entity : com.soft.entity.CategoryEntity
17:48:03.132 [main] DEBUG org.hibernate.loader.plan.build.internal.FetchStyleLoadPlanBuildingAssociationVisitationStrategy - Building LoadPlan...
17:48:03.132 [main] DEBUG org.hibernate.loader.plan.exec.internal.LoadQueryJoinAndFetchProcessor - processing queryspace <gen:0>
17:48:03.133 [main] DEBUG org.hibernate.loader.plan.build.spi.LoadPlanTreePrinter - LoadPlan(entity=com.soft.entity.CategoryEntity)
    - Returns
       - EntityReturnImpl(entity=com.soft.entity.CategoryEntity, querySpaceUid=<gen:0>, path=com.soft.entity.CategoryEntity)
    - QuerySpaces
       - EntityQuerySpaceImpl(uid=<gen:0>, entity=com.soft.entity.CategoryEntity)
          - SQL table alias mapping - categoryen0_
          - alias suffix - 0_
          - suffixed key columns - {category1_0_0_}

17:48:03.133 [main] DEBUG org.hibernate.loader.entity.plan.EntityLoader - Static select for entity com.soft.entity.CategoryEntity [UPGRADE_SKIPLOCKED]: select categoryen0_.category_id as category1_0_0_, categoryen0_.entity_name as entity_n2_0_0_, categoryen0_.name as name3_0_0_, categoryen0_.photo as photo4_0_0_ from category categoryen0_ where categoryen0_.category_id=? for update
17:48:03.133 [main] TRACE org.hibernate.loader.plan.build.internal.AbstractLoadPlanBuildingAssociationVisitationStrategy -  Starting root entity : com.soft.entity.CategoryEntity
17:48:03.133 [main] DEBUG org.hibernate.loader.plan.build.internal.spaces.QuerySpacesImpl - Adding QuerySpace : uid = <gen:0> -> org.hibernate.loader.plan.build.internal.spaces.EntityQuerySpaceImpl@34aeacd1]
17:48:03.133 [main] TRACE org.hibernate.loader.plan.build.internal.AbstractLoadPlanBuildingAssociationVisitationStrategy - Pushing fetch source to stack : org.hibernate.loader.plan.build.internal.returns.EntityReturnImpl@54067fdc
17:48:03.133 [main] TRACE org.hibernate.loader.plan.build.internal.AbstractLoadPlanBuildingAssociationVisitationStrategy - .. Registering AssociationKey : AssociationKey(table=category, columns={category_id}) -> org.hibernate.loader.plan.build.internal.returns.EntityReturnImpl@54067fdc
17:48:03.133 [main] TRACE org.hibernate.loader.plan.build.internal.AbstractLoadPlanBuildingAssociationVisitationStrategy - >> Starting entity identifier : com.soft.entity.CategoryEntity
17:48:03.133 [main] DEBUG org.hibernate.persister.walking.spi.MetamodelGraphWalker - Visiting attribute path : entityName
17:48:03.133 [main] TRACE org.hibernate.loader.plan.build.internal.AbstractLoadPlanBuildingAssociationVisitationStrategy - >> Starting attribute Attribute(name=entityName, type=string [non-identifier])
17:48:03.133 [main] TRACE org.hibernate.loader.plan.build.internal.AbstractLoadPlanBuildingAssociationVisitationStrategy - << Finishing up attribute : Attribute(name=entityName, type=string [non-identifier])
17:48:03.133 [main] DEBUG org.hibernate.persister.walking.spi.MetamodelGraphWalker - Visiting attribute path : name
17:48:03.133 [main] TRACE org.hibernate.loader.plan.build.internal.AbstractLoadPlanBuildingAssociationVisitationStrategy - >> Starting attribute Attribute(name=name, type=string [non-identifier])
17:48:03.133 [main] TRACE org.hibernate.loader.plan.build.internal.AbstractLoadPlanBuildingAssociationVisitationStrategy - << Finishing up attribute : Attribute(name=name, type=string [non-identifier])
17:48:03.133 [main] DEBUG org.hibernate.persister.walking.spi.MetamodelGraphWalker - Visiting attribute path : photo
17:48:03.133 [main] TRACE org.hibernate.loader.plan.build.internal.AbstractLoadPlanBuildingAssociationVisitationStrategy - >> Starting attribute Attribute(name=photo, type=binary [non-identifier])
17:48:03.133 [main] TRACE org.hibernate.loader.plan.build.internal.AbstractLoadPlanBuildingAssociationVisitationStrategy - << Finishing up attribute : Attribute(name=photo, type=binary [non-identifier])
17:48:03.133 [main] TRACE org.hibernate.loader.plan.build.internal.AbstractLoadPlanBuildingAssociationVisitationStrategy - Popped fetch owner from stack : org.hibernate.loader.plan.build.internal.returns.EntityReturnImpl@54067fdc
17:48:03.133 [main] TRACE org.hibernate.loader.plan.build.internal.AbstractLoadPlanBuildingAssociationVisitationStrategy -  Finished root entity : com.soft.entity.CategoryEntity
17:48:03.133 [main] DEBUG org.hibernate.loader.plan.build.internal.FetchStyleLoadPlanBuildingAssociationVisitationStrategy - Building LoadPlan...
17:48:03.133 [main] DEBUG org.hibernate.loader.plan.exec.internal.LoadQueryJoinAndFetchProcessor - processing queryspace <gen:0>
17:48:03.134 [main] DEBUG org.hibernate.loader.plan.build.spi.LoadPlanTreePrinter - LoadPlan(entity=com.soft.entity.CategoryEntity)
    - Returns
       - EntityReturnImpl(entity=com.soft.entity.CategoryEntity, querySpaceUid=<gen:0>, path=com.soft.entity.CategoryEntity)
    - QuerySpaces
       - EntityQuerySpaceImpl(uid=<gen:0>, entity=com.soft.entity.CategoryEntity)
          - SQL table alias mapping - categoryen0_
          - alias suffix - 0_
          - suffixed key columns - {category1_0_0_}

17:48:03.134 [main] DEBUG org.hibernate.loader.entity.plan.EntityLoader - Static select for entity com.soft.entity.CategoryEntity [FORCE]: select categoryen0_.category_id as category1_0_0_, categoryen0_.entity_name as entity_n2_0_0_, categoryen0_.name as name3_0_0_, categoryen0_.photo as photo4_0_0_ from category categoryen0_ where categoryen0_.category_id=? for update
17:48:03.134 [main] TRACE org.hibernate.loader.plan.build.internal.AbstractLoadPlanBuildingAssociationVisitationStrategy -  Starting root entity : com.soft.entity.CategoryEntity
17:48:03.134 [main] DEBUG org.hibernate.loader.plan.build.internal.spaces.QuerySpacesImpl - Adding QuerySpace : uid = <gen:0> -> org.hibernate.loader.plan.build.internal.spaces.EntityQuerySpaceImpl@4098dd77]
17:48:03.134 [main] TRACE org.hibernate.loader.plan.build.internal.AbstractLoadPlanBuildingAssociationVisitationStrategy - Pushing fetch source to stack : org.hibernate.loader.plan.build.internal.returns.EntityReturnImpl@43aeb5e0
17:48:03.134 [main] TRACE org.hibernate.loader.plan.build.internal.AbstractLoadPlanBuildingAssociationVisitationStrategy - .. Registering AssociationKey : AssociationKey(table=category, columns={category_id}) -> org.hibernate.loader.plan.build.internal.returns.EntityReturnImpl@43aeb5e0
17:48:03.134 [main] TRACE org.hibernate.loader.plan.build.internal.AbstractLoadPlanBuildingAssociationVisitationStrategy - >> Starting entity identifier : com.soft.entity.CategoryEntity
17:48:03.134 [main] DEBUG org.hibernate.persister.walking.spi.MetamodelGraphWalker - Visiting attribute path : entityName
17:48:03.134 [main] TRACE org.hibernate.loader.plan.build.internal.AbstractLoadPlanBuildingAssociationVisitationStrategy - >> Starting attribute Attribute(name=entityName, type=string [non-identifier])
17:48:03.134 [main] TRACE org.hibernate.loader.plan.build.internal.AbstractLoadPlanBuildingAssociationVisitationStrategy - << Finishing up attribute : Attribute(name=entityName, type=string [non-identifier])
17:48:03.134 [main] DEBUG org.hibernate.persister.walking.spi.MetamodelGraphWalker - Visiting attribute path : name
17:48:03.134 [main] TRACE org.hibernate.loader.plan.build.internal.AbstractLoadPlanBuildingAssociationVisitationStrategy - >> Starting attribute Attribute(name=name, type=string [non-identifier])
17:48:03.134 [main] TRACE org.hibernate.loader.plan.build.internal.AbstractLoadPlanBuildingAssociationVisitationStrategy - << Finishing up attribute : Attribute(name=name, type=string [non-identifier])
17:48:03.134 [main] DEBUG org.hibernate.persister.walking.spi.MetamodelGraphWalker - Visiting attribute path : photo
17:48:03.134 [main] TRACE org.hibernate.loader.plan.build.internal.AbstractLoadPlanBuildingAssociationVisitationStrategy - >> Starting attribute Attribute(name=photo, type=binary [non-identifier])
17:48:03.134 [main] TRACE org.hibernate.loader.plan.build.internal.AbstractLoadPlanBuildingAssociationVisitationStrategy - << Finishing up attribute : Attribute(name=photo, type=binary [non-identifier])
17:48:03.134 [main] TRACE org.hibernate.loader.plan.build.internal.AbstractLoadPlanBuildingAssociationVisitationStrategy - Popped fetch owner from stack : org.hibernate.loader.plan.build.internal.returns.EntityReturnImpl@43aeb5e0
17:48:03.134 [main] TRACE org.hibernate.loader.plan.build.internal.AbstractLoadPlanBuildingAssociationVisitationStrategy -  Finished root entity : com.soft.entity.CategoryEntity
17:48:03.134 [main] DEBUG org.hibernate.loader.plan.build.internal.FetchStyleLoadPlanBuildingAssociationVisitationStrategy - Building LoadPlan...
17:48:03.134 [main] DEBUG org.hibernate.loader.plan.exec.internal.LoadQueryJoinAndFetchProcessor - processing queryspace <gen:0>
17:48:03.135 [main] DEBUG org.hibernate.loader.plan.build.spi.LoadPlanTreePrinter - LoadPlan(entity=com.soft.entity.CategoryEntity)
    - Returns
       - EntityReturnImpl(entity=com.soft.entity.CategoryEntity, querySpaceUid=<gen:0>, path=com.soft.entity.CategoryEntity)
    - QuerySpaces
       - EntityQuerySpaceImpl(uid=<gen:0>, entity=com.soft.entity.CategoryEntity)
          - SQL table alias mapping - categoryen0_
          - alias suffix - 0_
          - suffixed key columns - {category1_0_0_}

17:48:03.135 [main] DEBUG org.hibernate.loader.entity.plan.EntityLoader - Static select for entity com.soft.entity.CategoryEntity [PESSIMISTIC_READ]: select categoryen0_.category_id as category1_0_0_, categoryen0_.entity_name as entity_n2_0_0_, categoryen0_.name as name3_0_0_, categoryen0_.photo as photo4_0_0_ from category categoryen0_ where categoryen0_.category_id=? lock in share mode
17:48:03.135 [main] TRACE org.hibernate.loader.plan.build.internal.AbstractLoadPlanBuildingAssociationVisitationStrategy -  Starting root entity : com.soft.entity.CategoryEntity
17:48:03.135 [main] DEBUG org.hibernate.loader.plan.build.internal.spaces.QuerySpacesImpl - Adding QuerySpace : uid = <gen:0> -> org.hibernate.loader.plan.build.internal.spaces.EntityQuerySpaceImpl@2274160]
17:48:03.135 [main] TRACE org.hibernate.loader.plan.build.internal.AbstractLoadPlanBuildingAssociationVisitationStrategy - Pushing fetch source to stack : org.hibernate.loader.plan.build.internal.returns.EntityReturnImpl@65383667
17:48:03.135 [main] TRACE org.hibernate.loader.plan.build.internal.AbstractLoadPlanBuildingAssociationVisitationStrategy - .. Registering AssociationKey : AssociationKey(table=category, columns={category_id}) -> org.hibernate.loader.plan.build.internal.returns.EntityReturnImpl@65383667
17:48:03.135 [main] TRACE org.hibernate.loader.plan.build.internal.AbstractLoadPlanBuildingAssociationVisitationStrategy - >> Starting entity identifier : com.soft.entity.CategoryEntity
17:48:03.135 [main] DEBUG org.hibernate.persister.walking.spi.MetamodelGraphWalker - Visiting attribute path : entityName
17:48:03.135 [main] TRACE org.hibernate.loader.plan.build.internal.AbstractLoadPlanBuildingAssociationVisitationStrategy - >> Starting attribute Attribute(name=entityName, type=string [non-identifier])
17:48:03.135 [main] TRACE org.hibernate.loader.plan.build.internal.AbstractLoadPlanBuildingAssociationVisitationStrategy - << Finishing up attribute : Attribute(name=entityName, type=string [non-identifier])
17:48:03.135 [main] DEBUG org.hibernate.persister.walking.spi.MetamodelGraphWalker - Visiting attribute path : name
17:48:03.135 [main] TRACE org.hibernate.loader.plan.build.internal.AbstractLoadPlanBuildingAssociationVisitationStrategy - >> Starting attribute Attribute(name=name, type=string [non-identifier])
17:48:03.135 [main] TRACE org.hibernate.loader.plan.build.internal.AbstractLoadPlanBuildingAssociationVisitationStrategy - << Finishing up attribute : Attribute(name=name, type=string [non-identifier])
17:48:03.135 [main] DEBUG org.hibernate.persister.walking.spi.MetamodelGraphWalker - Visiting attribute path : photo
17:48:03.135 [main] TRACE org.hibernate.loader.plan.build.internal.AbstractLoadPlanBuildingAssociationVisitationStrategy - >> Starting attribute Attribute(name=photo, type=binary [non-identifier])
17:48:03.135 [main] TRACE org.hibernate.loader.plan.build.internal.AbstractLoadPlanBuildingAssociationVisitationStrategy - << Finishing up attribute : Attribute(name=photo, type=binary [non-identifier])
17:48:03.135 [main] TRACE org.hibernate.loader.plan.build.internal.AbstractLoadPlanBuildingAssociationVisitationStrategy - Popped fetch owner from stack : org.hibernate.loader.plan.build.internal.returns.EntityReturnImpl@65383667
17:48:03.135 [main] TRACE org.hibernate.loader.plan.build.internal.AbstractLoadPlanBuildingAssociationVisitationStrategy -  Finished root entity : com.soft.entity.CategoryEntity
17:48:03.135 [main] DEBUG org.hibernate.loader.plan.build.internal.FetchStyleLoadPlanBuildingAssociationVisitationStrategy - Building LoadPlan...
17:48:03.136 [main] DEBUG org.hibernate.loader.plan.exec.internal.LoadQueryJoinAndFetchProcessor - processing queryspace <gen:0>
17:48:03.136 [main] DEBUG org.hibernate.loader.plan.build.spi.LoadPlanTreePrinter - LoadPlan(entity=com.soft.entity.CategoryEntity)
    - Returns
       - EntityReturnImpl(entity=com.soft.entity.CategoryEntity, querySpaceUid=<gen:0>, path=com.soft.entity.CategoryEntity)
    - QuerySpaces
       - EntityQuerySpaceImpl(uid=<gen:0>, entity=com.soft.entity.CategoryEntity)
          - SQL table alias mapping - categoryen0_
          - alias suffix - 0_
          - suffixed key columns - {category1_0_0_}

17:48:03.136 [main] DEBUG org.hibernate.loader.entity.plan.EntityLoader - Static select for entity com.soft.entity.CategoryEntity [PESSIMISTIC_WRITE]: select categoryen0_.category_id as category1_0_0_, categoryen0_.entity_name as entity_n2_0_0_, categoryen0_.name as name3_0_0_, categoryen0_.photo as photo4_0_0_ from category categoryen0_ where categoryen0_.category_id=? for update
17:48:03.136 [main] TRACE org.hibernate.loader.plan.build.internal.AbstractLoadPlanBuildingAssociationVisitationStrategy -  Starting root entity : com.soft.entity.CategoryEntity
17:48:03.136 [main] DEBUG org.hibernate.loader.plan.build.internal.spaces.QuerySpacesImpl - Adding QuerySpace : uid = <gen:0> -> org.hibernate.loader.plan.build.internal.spaces.EntityQuerySpaceImpl@63cd2cd2]
17:48:03.136 [main] TRACE org.hibernate.loader.plan.build.internal.AbstractLoadPlanBuildingAssociationVisitationStrategy - Pushing fetch source to stack : org.hibernate.loader.plan.build.internal.returns.EntityReturnImpl@557a84fe
17:48:03.136 [main] TRACE org.hibernate.loader.plan.build.internal.AbstractLoadPlanBuildingAssociationVisitationStrategy - .. Registering AssociationKey : AssociationKey(table=category, columns={category_id}) -> org.hibernate.loader.plan.build.internal.returns.EntityReturnImpl@557a84fe
17:48:03.136 [main] TRACE org.hibernate.loader.plan.build.internal.AbstractLoadPlanBuildingAssociationVisitationStrategy - >> Starting entity identifier : com.soft.entity.CategoryEntity
17:48:03.136 [main] DEBUG org.hibernate.persister.walking.spi.MetamodelGraphWalker - Visiting attribute path : entityName
17:48:03.136 [main] TRACE org.hibernate.loader.plan.build.internal.AbstractLoadPlanBuildingAssociationVisitationStrategy - >> Starting attribute Attribute(name=entityName, type=string [non-identifier])
17:48:03.136 [main] TRACE org.hibernate.loader.plan.build.internal.AbstractLoadPlanBuildingAssociationVisitationStrategy - << Finishing up attribute : Attribute(name=entityName, type=string [non-identifier])
17:48:03.136 [main] DEBUG org.hibernate.persister.walking.spi.MetamodelGraphWalker - Visiting attribute path : name
17:48:03.136 [main] TRACE org.hibernate.loader.plan.build.internal.AbstractLoadPlanBuildingAssociationVisitationStrategy - >> Starting attribute Attribute(name=name, type=string [non-identifier])
17:48:03.136 [main] TRACE org.hibernate.loader.plan.build.internal.AbstractLoadPlanBuildingAssociationVisitationStrategy - << Finishing up attribute : Attribute(name=name, type=string [non-identifier])
17:48:03.136 [main] DEBUG org.hibernate.persister.walking.spi.MetamodelGraphWalker - Visiting attribute path : photo
17:48:03.136 [main] TRACE org.hibernate.loader.plan.build.internal.AbstractLoadPlanBuildingAssociationVisitationStrategy - >> Starting attribute Attribute(name=photo, type=binary [non-identifier])
17:48:03.136 [main] TRACE org.hibernate.loader.plan.build.internal.AbstractLoadPlanBuildingAssociationVisitationStrategy - << Finishing up attribute : Attribute(name=photo, type=binary [non-identifier])
17:48:03.136 [main] TRACE org.hibernate.loader.plan.build.internal.AbstractLoadPlanBuildingAssociationVisitationStrategy - Popped fetch owner from stack : org.hibernate.loader.plan.build.internal.returns.EntityReturnImpl@557a84fe
17:48:03.136 [main] TRACE org.hibernate.loader.plan.build.internal.AbstractLoadPlanBuildingAssociationVisitationStrategy -  Finished root entity : com.soft.entity.CategoryEntity
17:48:03.136 [main] DEBUG org.hibernate.loader.plan.build.internal.FetchStyleLoadPlanBuildingAssociationVisitationStrategy - Building LoadPlan...
17:48:03.137 [main] DEBUG org.hibernate.loader.plan.exec.internal.LoadQueryJoinAndFetchProcessor - processing queryspace <gen:0>
17:48:03.137 [main] DEBUG org.hibernate.loader.plan.build.spi.LoadPlanTreePrinter - LoadPlan(entity=com.soft.entity.CategoryEntity)
    - Returns
       - EntityReturnImpl(entity=com.soft.entity.CategoryEntity, querySpaceUid=<gen:0>, path=com.soft.entity.CategoryEntity)
    - QuerySpaces
       - EntityQuerySpaceImpl(uid=<gen:0>, entity=com.soft.entity.CategoryEntity)
          - SQL table alias mapping - categoryen0_
          - alias suffix - 0_
          - suffixed key columns - {category1_0_0_}

17:48:03.137 [main] DEBUG org.hibernate.loader.entity.plan.EntityLoader - Static select for entity com.soft.entity.CategoryEntity [PESSIMISTIC_FORCE_INCREMENT]: select categoryen0_.category_id as category1_0_0_, categoryen0_.entity_name as entity_n2_0_0_, categoryen0_.name as name3_0_0_, categoryen0_.photo as photo4_0_0_ from category categoryen0_ where categoryen0_.category_id=? for update
17:48:03.137 [main] TRACE org.hibernate.loader.plan.build.internal.AbstractLoadPlanBuildingAssociationVisitationStrategy -  Starting root entity : com.soft.entity.CategoryEntity
17:48:03.137 [main] DEBUG org.hibernate.loader.plan.build.internal.spaces.QuerySpacesImpl - Adding QuerySpace : uid = <gen:0> -> org.hibernate.loader.plan.build.internal.spaces.EntityQuerySpaceImpl@6deee370]
17:48:03.137 [main] TRACE org.hibernate.loader.plan.build.internal.AbstractLoadPlanBuildingAssociationVisitationStrategy - Pushing fetch source to stack : org.hibernate.loader.plan.build.internal.returns.EntityReturnImpl@49c17ba4
17:48:03.137 [main] TRACE org.hibernate.loader.plan.build.internal.AbstractLoadPlanBuildingAssociationVisitationStrategy - .. Registering AssociationKey : AssociationKey(table=category, columns={category_id}) -> org.hibernate.loader.plan.build.internal.returns.EntityReturnImpl@49c17ba4
17:48:03.137 [main] TRACE org.hibernate.loader.plan.build.internal.AbstractLoadPlanBuildingAssociationVisitationStrategy - >> Starting entity identifier : com.soft.entity.CategoryEntity
17:48:03.137 [main] DEBUG org.hibernate.persister.walking.spi.MetamodelGraphWalker - Visiting attribute path : entityName
17:48:03.137 [main] TRACE org.hibernate.loader.plan.build.internal.AbstractLoadPlanBuildingAssociationVisitationStrategy - >> Starting attribute Attribute(name=entityName, type=string [non-identifier])
17:48:03.137 [main] TRACE org.hibernate.loader.plan.build.internal.AbstractLoadPlanBuildingAssociationVisitationStrategy - << Finishing up attribute : Attribute(name=entityName, type=string [non-identifier])
17:48:03.137 [main] DEBUG org.hibernate.persister.walking.spi.MetamodelGraphWalker - Visiting attribute path : name
17:48:03.137 [main] TRACE org.hibernate.loader.plan.build.internal.AbstractLoadPlanBuildingAssociationVisitationStrategy - >> Starting attribute Attribute(name=name, type=string [non-identifier])
17:48:03.137 [main] TRACE org.hibernate.loader.plan.build.internal.AbstractLoadPlanBuildingAssociationVisitationStrategy - << Finishing up attribute : Attribute(name=name, type=string [non-identifier])
17:48:03.137 [main] DEBUG org.hibernate.persister.walking.spi.MetamodelGraphWalker - Visiting attribute path : photo
17:48:03.137 [main] TRACE org.hibernate.loader.plan.build.internal.AbstractLoadPlanBuildingAssociationVisitationStrategy - >> Starting attribute Attribute(name=photo, type=binary [non-identifier])
17:48:03.137 [main] TRACE org.hibernate.loader.plan.build.internal.AbstractLoadPlanBuildingAssociationVisitationStrategy - << Finishing up attribute : Attribute(name=photo, type=binary [non-identifier])
17:48:03.137 [main] TRACE org.hibernate.loader.plan.build.internal.AbstractLoadPlanBuildingAssociationVisitationStrategy - Popped fetch owner from stack : org.hibernate.loader.plan.build.internal.returns.EntityReturnImpl@49c17ba4
17:48:03.137 [main] TRACE org.hibernate.loader.plan.build.internal.AbstractLoadPlanBuildingAssociationVisitationStrategy -  Finished root entity : com.soft.entity.CategoryEntity
17:48:03.137 [main] DEBUG org.hibernate.loader.plan.build.internal.FetchStyleLoadPlanBuildingAssociationVisitationStrategy - Building LoadPlan...
17:48:03.138 [main] DEBUG org.hibernate.loader.plan.exec.internal.LoadQueryJoinAndFetchProcessor - processing queryspace <gen:0>
17:48:03.138 [main] DEBUG org.hibernate.loader.plan.build.spi.LoadPlanTreePrinter - LoadPlan(entity=com.soft.entity.CategoryEntity)
    - Returns
       - EntityReturnImpl(entity=com.soft.entity.CategoryEntity, querySpaceUid=<gen:0>, path=com.soft.entity.CategoryEntity)
    - QuerySpaces
       - EntityQuerySpaceImpl(uid=<gen:0>, entity=com.soft.entity.CategoryEntity)
          - SQL table alias mapping - categoryen0_
          - alias suffix - 0_
          - suffixed key columns - {category1_0_0_}

17:48:03.138 [main] DEBUG org.hibernate.loader.entity.plan.EntityLoader - Static select for entity com.soft.entity.CategoryEntity [OPTIMISTIC]: select categoryen0_.category_id as category1_0_0_, categoryen0_.entity_name as entity_n2_0_0_, categoryen0_.name as name3_0_0_, categoryen0_.photo as photo4_0_0_ from category categoryen0_ where categoryen0_.category_id=?
17:48:03.138 [main] TRACE org.hibernate.loader.plan.build.internal.AbstractLoadPlanBuildingAssociationVisitationStrategy -  Starting root entity : com.soft.entity.CategoryEntity
17:48:03.138 [main] DEBUG org.hibernate.loader.plan.build.internal.spaces.QuerySpacesImpl - Adding QuerySpace : uid = <gen:0> -> org.hibernate.loader.plan.build.internal.spaces.EntityQuerySpaceImpl@43e065f2]
17:48:03.138 [main] TRACE org.hibernate.loader.plan.build.internal.AbstractLoadPlanBuildingAssociationVisitationStrategy - Pushing fetch source to stack : org.hibernate.loader.plan.build.internal.returns.EntityReturnImpl@423c5404
17:48:03.138 [main] TRACE org.hibernate.loader.plan.build.internal.AbstractLoadPlanBuildingAssociationVisitationStrategy - .. Registering AssociationKey : AssociationKey(table=category, columns={category_id}) -> org.hibernate.loader.plan.build.internal.returns.EntityReturnImpl@423c5404
17:48:03.138 [main] TRACE org.hibernate.loader.plan.build.internal.AbstractLoadPlanBuildingAssociationVisitationStrategy - >> Starting entity identifier : com.soft.entity.CategoryEntity
17:48:03.143 [main] DEBUG org.hibernate.persister.walking.spi.MetamodelGraphWalker - Visiting attribute path : entityName
17:48:03.144 [main] TRACE org.hibernate.loader.plan.build.internal.AbstractLoadPlanBuildingAssociationVisitationStrategy - >> Starting attribute Attribute(name=entityName, type=string [non-identifier])
17:48:03.144 [main] TRACE org.hibernate.loader.plan.build.internal.AbstractLoadPlanBuildingAssociationVisitationStrategy - << Finishing up attribute : Attribute(name=entityName, type=string [non-identifier])
17:48:03.144 [main] DEBUG org.hibernate.persister.walking.spi.MetamodelGraphWalker - Visiting attribute path : name
17:48:03.144 [main] TRACE org.hibernate.loader.plan.build.internal.AbstractLoadPlanBuildingAssociationVisitationStrategy - >> Starting attribute Attribute(name=name, type=string [non-identifier])
17:48:03.144 [main] TRACE org.hibernate.loader.plan.build.internal.AbstractLoadPlanBuildingAssociationVisitationStrategy - << Finishing up attribute : Attribute(name=name, type=string [non-identifier])
17:48:03.145 [main] DEBUG org.hibernate.persister.walking.spi.MetamodelGraphWalker - Visiting attribute path : photo
17:48:03.145 [main] TRACE org.hibernate.loader.plan.build.internal.AbstractLoadPlanBuildingAssociationVisitationStrategy - >> Starting attribute Attribute(name=photo, type=binary [non-identifier])
17:48:03.145 [main] TRACE org.hibernate.loader.plan.build.internal.AbstractLoadPlanBuildingAssociationVisitationStrategy - << Finishing up attribute : Attribute(name=photo, type=binary [non-identifier])
17:48:03.145 [main] TRACE org.hibernate.loader.plan.build.internal.AbstractLoadPlanBuildingAssociationVisitationStrategy - Popped fetch owner from stack : org.hibernate.loader.plan.build.internal.returns.EntityReturnImpl@423c5404
17:48:03.145 [main] TRACE org.hibernate.loader.plan.build.internal.AbstractLoadPlanBuildingAssociationVisitationStrategy -  Finished root entity : com.soft.entity.CategoryEntity
17:48:03.146 [main] DEBUG org.hibernate.loader.plan.build.internal.FetchStyleLoadPlanBuildingAssociationVisitationStrategy - Building LoadPlan...
17:48:03.146 [main] DEBUG org.hibernate.loader.plan.exec.internal.LoadQueryJoinAndFetchProcessor - processing queryspace <gen:0>
17:48:03.146 [main] DEBUG org.hibernate.loader.plan.build.spi.LoadPlanTreePrinter - LoadPlan(entity=com.soft.entity.CategoryEntity)
    - Returns
       - EntityReturnImpl(entity=com.soft.entity.CategoryEntity, querySpaceUid=<gen:0>, path=com.soft.entity.CategoryEntity)
    - QuerySpaces
       - EntityQuerySpaceImpl(uid=<gen:0>, entity=com.soft.entity.CategoryEntity)
          - SQL table alias mapping - categoryen0_
          - alias suffix - 0_
          - suffixed key columns - {category1_0_0_}

17:48:03.146 [main] DEBUG org.hibernate.loader.entity.plan.EntityLoader - Static select for entity com.soft.entity.CategoryEntity [OPTIMISTIC_FORCE_INCREMENT]: select categoryen0_.category_id as category1_0_0_, categoryen0_.entity_name as entity_n2_0_0_, categoryen0_.name as name3_0_0_, categoryen0_.photo as photo4_0_0_ from category categoryen0_ where categoryen0_.category_id=?
17:48:03.146 [main] DEBUG org.hibernate.loader.Loader - Static select for action ACTION_MERGE on entity com.soft.entity.CategoryEntity: select categoryen0_.category_id as category1_0_0_, categoryen0_.entity_name as entity_n2_0_0_, categoryen0_.name as name3_0_0_, categoryen0_.photo as photo4_0_0_ from category categoryen0_ where categoryen0_.category_id=?
17:48:03.146 [main] DEBUG org.hibernate.loader.Loader - Static select for action ACTION_REFRESH on entity com.soft.entity.CategoryEntity: select categoryen0_.category_id as category1_0_0_, categoryen0_.entity_name as entity_n2_0_0_, categoryen0_.name as name3_0_0_, categoryen0_.photo as photo4_0_0_ from category categoryen0_ where categoryen0_.category_id=?
17:48:03.147 [main] DEBUG org.hibernate.persister.entity.AbstractEntityPersister - Static SQL for entity: com.soft.entity.LocaleMessageEntity
17:48:03.147 [main] DEBUG org.hibernate.persister.entity.AbstractEntityPersister -  Version select: select ID from locale where ID =?
17:48:03.147 [main] DEBUG org.hibernate.persister.entity.AbstractEntityPersister -  Snapshot select: select localemess_.ID, localemess_.locale as locale2_1_, localemess_.message as message3_1_, localemess_.msgkey as msgkey4_1_ from locale localemess_ where localemess_.ID=?
17:48:03.147 [main] DEBUG org.hibernate.persister.entity.AbstractEntityPersister -  Insert 0: insert into locale (locale, message, msgkey, ID) values (?, ?, ?, ?)
17:48:03.147 [main] DEBUG org.hibernate.persister.entity.AbstractEntityPersister -  Update 0: update locale set locale=?, message=?, msgkey=? where ID=?
17:48:03.149 [main] DEBUG org.hibernate.persister.entity.AbstractEntityPersister -  Delete 0: delete from locale where ID=?
17:48:03.149 [main] TRACE org.hibernate.loader.plan.build.internal.AbstractLoadPlanBuildingAssociationVisitationStrategy -  Starting root entity : com.soft.entity.LocaleMessageEntity
17:48:03.149 [main] DEBUG org.hibernate.loader.plan.build.internal.spaces.QuerySpacesImpl - Adding QuerySpace : uid = <gen:0> -> org.hibernate.loader.plan.build.internal.spaces.EntityQuerySpaceImpl@5853ca50]
17:48:03.149 [main] TRACE org.hibernate.loader.plan.build.internal.AbstractLoadPlanBuildingAssociationVisitationStrategy - Pushing fetch source to stack : org.hibernate.loader.plan.build.internal.returns.EntityReturnImpl@1a0d96a5
17:48:03.149 [main] TRACE org.hibernate.loader.plan.build.internal.AbstractLoadPlanBuildingAssociationVisitationStrategy - .. Registering AssociationKey : AssociationKey(table=locale, columns={ID}) -> org.hibernate.loader.plan.build.internal.returns.EntityReturnImpl@1a0d96a5
17:48:03.149 [main] TRACE org.hibernate.loader.plan.build.internal.AbstractLoadPlanBuildingAssociationVisitationStrategy - >> Starting entity identifier : com.soft.entity.LocaleMessageEntity
17:48:03.149 [main] DEBUG org.hibernate.persister.walking.spi.MetamodelGraphWalker - Visiting attribute path : locale
17:48:03.149 [main] TRACE org.hibernate.loader.plan.build.internal.AbstractLoadPlanBuildingAssociationVisitationStrategy - >> Starting attribute Attribute(name=locale, type=string [non-identifier])
17:48:03.150 [main] TRACE org.hibernate.loader.plan.build.internal.AbstractLoadPlanBuildingAssociationVisitationStrategy - << Finishing up attribute : Attribute(name=locale, type=string [non-identifier])
17:48:03.150 [main] DEBUG org.hibernate.persister.walking.spi.MetamodelGraphWalker - Visiting attribute path : message
17:48:03.150 [main] TRACE org.hibernate.loader.plan.build.internal.AbstractLoadPlanBuildingAssociationVisitationStrategy - >> Starting attribute Attribute(name=message, type=string [non-identifier])
17:48:03.150 [main] TRACE org.hibernate.loader.plan.build.internal.AbstractLoadPlanBuildingAssociationVisitationStrategy - << Finishing up attribute : Attribute(name=message, type=string [non-identifier])
17:48:03.150 [main] DEBUG org.hibernate.persister.walking.spi.MetamodelGraphWalker - Visiting attribute path : msgKey
17:48:03.150 [main] TRACE org.hibernate.loader.plan.build.internal.AbstractLoadPlanBuildingAssociationVisitationStrategy - >> Starting attribute Attribute(name=msgKey, type=string [non-identifier])
17:48:03.150 [main] TRACE org.hibernate.loader.plan.build.internal.AbstractLoadPlanBuildingAssociationVisitationStrategy - << Finishing up attribute : Attribute(name=msgKey, type=string [non-identifier])
17:48:03.153 [main] TRACE org.hibernate.loader.plan.build.internal.AbstractLoadPlanBuildingAssociationVisitationStrategy - Popped fetch owner from stack : org.hibernate.loader.plan.build.internal.returns.EntityReturnImpl@1a0d96a5
17:48:03.153 [main] TRACE org.hibernate.loader.plan.build.internal.AbstractLoadPlanBuildingAssociationVisitationStrategy -  Finished root entity : com.soft.entity.LocaleMessageEntity
17:48:03.153 [main] DEBUG org.hibernate.loader.plan.build.internal.FetchStyleLoadPlanBuildingAssociationVisitationStrategy - Building LoadPlan...
17:48:03.153 [main] DEBUG org.hibernate.loader.plan.exec.internal.LoadQueryJoinAndFetchProcessor - processing queryspace <gen:0>
17:48:03.153 [main] DEBUG org.hibernate.loader.plan.build.spi.LoadPlanTreePrinter - LoadPlan(entity=com.soft.entity.LocaleMessageEntity)
    - Returns
       - EntityReturnImpl(entity=com.soft.entity.LocaleMessageEntity, querySpaceUid=<gen:0>, path=com.soft.entity.LocaleMessageEntity)
    - QuerySpaces
       - EntityQuerySpaceImpl(uid=<gen:0>, entity=com.soft.entity.LocaleMessageEntity)
          - SQL table alias mapping - localemess0_
          - alias suffix - 0_
          - suffixed key columns - {ID1_1_0_}

17:48:03.154 [main] DEBUG org.hibernate.loader.entity.plan.EntityLoader - Static select for entity com.soft.entity.LocaleMessageEntity [NONE]: select localemess0_.ID as ID1_1_0_, localemess0_.locale as locale2_1_0_, localemess0_.message as message3_1_0_, localemess0_.msgkey as msgkey4_1_0_ from locale localemess0_ where localemess0_.ID=?
17:48:03.154 [main] TRACE org.hibernate.loader.plan.build.internal.AbstractLoadPlanBuildingAssociationVisitationStrategy -  Starting root entity : com.soft.entity.LocaleMessageEntity
17:48:03.154 [main] DEBUG org.hibernate.loader.plan.build.internal.spaces.QuerySpacesImpl - Adding QuerySpace : uid = <gen:0> -> org.hibernate.loader.plan.build.internal.spaces.EntityQuerySpaceImpl@5a02bfe3]
17:48:03.154 [main] TRACE org.hibernate.loader.plan.build.internal.AbstractLoadPlanBuildingAssociationVisitationStrategy - Pushing fetch source to stack : org.hibernate.loader.plan.build.internal.returns.EntityReturnImpl@7a3e5cd3
17:48:03.154 [main] TRACE org.hibernate.loader.plan.build.internal.AbstractLoadPlanBuildingAssociationVisitationStrategy - .. Registering AssociationKey : AssociationKey(table=locale, columns={ID}) -> org.hibernate.loader.plan.build.internal.returns.EntityReturnImpl@7a3e5cd3
17:48:03.154 [main] TRACE org.hibernate.loader.plan.build.internal.AbstractLoadPlanBuildingAssociationVisitationStrategy - >> Starting entity identifier : com.soft.entity.LocaleMessageEntity
17:48:03.154 [main] DEBUG org.hibernate.persister.walking.spi.MetamodelGraphWalker - Visiting attribute path : locale
17:48:03.154 [main] TRACE org.hibernate.loader.plan.build.internal.AbstractLoadPlanBuildingAssociationVisitationStrategy - >> Starting attribute Attribute(name=locale, type=string [non-identifier])
17:48:03.154 [main] TRACE org.hibernate.loader.plan.build.internal.AbstractLoadPlanBuildingAssociationVisitationStrategy - << Finishing up attribute : Attribute(name=locale, type=string [non-identifier])
17:48:03.154 [main] DEBUG org.hibernate.persister.walking.spi.MetamodelGraphWalker - Visiting attribute path : message
17:48:03.154 [main] TRACE org.hibernate.loader.plan.build.internal.AbstractLoadPlanBuildingAssociationVisitationStrategy - >> Starting attribute Attribute(name=message, type=string [non-identifier])
17:48:03.154 [main] TRACE org.hibernate.loader.plan.build.internal.AbstractLoadPlanBuildingAssociationVisitationStrategy - << Finishing up attribute : Attribute(name=message, type=string [non-identifier])
17:48:03.154 [main] DEBUG org.hibernate.persister.walking.spi.MetamodelGraphWalker - Visiting attribute path : msgKey
17:48:03.154 [main] TRACE org.hibernate.loader.plan.build.internal.AbstractLoadPlanBuildingAssociationVisitationStrategy - >> Starting attribute Attribute(name=msgKey, type=string [non-identifier])
17:48:03.154 [main] TRACE org.hibernate.loader.plan.build.internal.AbstractLoadPlanBuildingAssociationVisitationStrategy - << Finishing up attribute : Attribute(name=msgKey, type=string [non-identifier])
17:48:03.154 [main] TRACE org.hibernate.loader.plan.build.internal.AbstractLoadPlanBuildingAssociationVisitationStrategy - Popped fetch owner from stack : org.hibernate.loader.plan.build.internal.returns.EntityReturnImpl@7a3e5cd3
17:48:03.154 [main] TRACE org.hibernate.loader.plan.build.internal.AbstractLoadPlanBuildingAssociationVisitationStrategy -  Finished root entity : com.soft.entity.LocaleMessageEntity
17:48:03.154 [main] DEBUG org.hibernate.loader.plan.build.internal.FetchStyleLoadPlanBuildingAssociationVisitationStrategy - Building LoadPlan...
17:48:03.154 [main] DEBUG org.hibernate.loader.plan.exec.internal.LoadQueryJoinAndFetchProcessor - processing queryspace <gen:0>
17:48:03.155 [main] DEBUG org.hibernate.loader.plan.build.spi.LoadPlanTreePrinter - LoadPlan(entity=com.soft.entity.LocaleMessageEntity)
    - Returns
       - EntityReturnImpl(entity=com.soft.entity.LocaleMessageEntity, querySpaceUid=<gen:0>, path=com.soft.entity.LocaleMessageEntity)
    - QuerySpaces
       - EntityQuerySpaceImpl(uid=<gen:0>, entity=com.soft.entity.LocaleMessageEntity)
          - SQL table alias mapping - localemess0_
          - alias suffix - 0_
          - suffixed key columns - {ID1_1_0_}

17:48:03.157 [main] DEBUG org.hibernate.loader.entity.plan.EntityLoader - Static select for entity com.soft.entity.LocaleMessageEntity [READ]: select localemess0_.ID as ID1_1_0_, localemess0_.locale as locale2_1_0_, localemess0_.message as message3_1_0_, localemess0_.msgkey as msgkey4_1_0_ from locale localemess0_ where localemess0_.ID=?
17:48:03.157 [main] TRACE org.hibernate.loader.plan.build.internal.AbstractLoadPlanBuildingAssociationVisitationStrategy -  Starting root entity : com.soft.entity.LocaleMessageEntity
17:48:03.157 [main] DEBUG org.hibernate.loader.plan.build.internal.spaces.QuerySpacesImpl - Adding QuerySpace : uid = <gen:0> -> org.hibernate.loader.plan.build.internal.spaces.EntityQuerySpaceImpl@3c79088e]
17:48:03.157 [main] TRACE org.hibernate.loader.plan.build.internal.AbstractLoadPlanBuildingAssociationVisitationStrategy - Pushing fetch source to stack : org.hibernate.loader.plan.build.internal.returns.EntityReturnImpl@4a37191a
17:48:03.157 [main] TRACE org.hibernate.loader.plan.build.internal.AbstractLoadPlanBuildingAssociationVisitationStrategy - .. Registering AssociationKey : AssociationKey(table=locale, columns={ID}) -> org.hibernate.loader.plan.build.internal.returns.EntityReturnImpl@4a37191a
17:48:03.157 [main] TRACE org.hibernate.loader.plan.build.internal.AbstractLoadPlanBuildingAssociationVisitationStrategy - >> Starting entity identifier : com.soft.entity.LocaleMessageEntity
17:48:03.157 [main] DEBUG org.hibernate.persister.walking.spi.MetamodelGraphWalker - Visiting attribute path : locale
17:48:03.157 [main] TRACE org.hibernate.loader.plan.build.internal.AbstractLoadPlanBuildingAssociationVisitationStrategy - >> Starting attribute Attribute(name=locale, type=string [non-identifier])
17:48:03.157 [main] TRACE org.hibernate.loader.plan.build.internal.AbstractLoadPlanBuildingAssociationVisitationStrategy - << Finishing up attribute : Attribute(name=locale, type=string [non-identifier])
17:48:03.157 [main] DEBUG org.hibernate.persister.walking.spi.MetamodelGraphWalker - Visiting attribute path : message
17:48:03.157 [main] TRACE org.hibernate.loader.plan.build.internal.AbstractLoadPlanBuildingAssociationVisitationStrategy - >> Starting attribute Attribute(name=message, type=string [non-identifier])
17:48:03.158 [main] TRACE org.hibernate.loader.plan.build.internal.AbstractLoadPlanBuildingAssociationVisitationStrategy - << Finishing up attribute : Attribute(name=message, type=string [non-identifier])
17:48:03.158 [main] DEBUG org.hibernate.persister.walking.spi.MetamodelGraphWalker - Visiting attribute path : msgKey
17:48:03.158 [main] TRACE org.hibernate.loader.plan.build.internal.AbstractLoadPlanBuildingAssociationVisitationStrategy - >> Starting attribute Attribute(name=msgKey, type=string [non-identifier])
17:48:03.158 [main] TRACE org.hibernate.loader.plan.build.internal.AbstractLoadPlanBuildingAssociationVisitationStrategy - << Finishing up attribute : Attribute(name=msgKey, type=string [non-identifier])
17:48:03.158 [main] TRACE org.hibernate.loader.plan.build.internal.AbstractLoadPlanBuildingAssociationVisitationStrategy - Popped fetch owner from stack : org.hibernate.loader.plan.build.internal.returns.EntityReturnImpl@4a37191a
17:48:03.158 [main] TRACE org.hibernate.loader.plan.build.internal.AbstractLoadPlanBuildingAssociationVisitationStrategy -  Finished root entity : com.soft.entity.LocaleMessageEntity
17:48:03.158 [main] DEBUG org.hibernate.loader.plan.build.internal.FetchStyleLoadPlanBuildingAssociationVisitationStrategy - Building LoadPlan...
17:48:03.158 [main] DEBUG org.hibernate.loader.plan.exec.internal.LoadQueryJoinAndFetchProcessor - processing queryspace <gen:0>
17:48:03.158 [main] DEBUG org.hibernate.loader.plan.build.spi.LoadPlanTreePrinter - LoadPlan(entity=com.soft.entity.LocaleMessageEntity)
    - Returns
       - EntityReturnImpl(entity=com.soft.entity.LocaleMessageEntity, querySpaceUid=<gen:0>, path=com.soft.entity.LocaleMessageEntity)
    - QuerySpaces
       - EntityQuerySpaceImpl(uid=<gen:0>, entity=com.soft.entity.LocaleMessageEntity)
          - SQL table alias mapping - localemess0_
          - alias suffix - 0_
          - suffixed key columns - {ID1_1_0_}

17:48:03.158 [main] DEBUG org.hibernate.loader.entity.plan.EntityLoader - Static select for entity com.soft.entity.LocaleMessageEntity [UPGRADE]: select localemess0_.ID as ID1_1_0_, localemess0_.locale as locale2_1_0_, localemess0_.message as message3_1_0_, localemess0_.msgkey as msgkey4_1_0_ from locale localemess0_ where localemess0_.ID=? for update
17:48:03.158 [main] TRACE org.hibernate.loader.plan.build.internal.AbstractLoadPlanBuildingAssociationVisitationStrategy -  Starting root entity : com.soft.entity.LocaleMessageEntity
17:48:03.158 [main] DEBUG org.hibernate.loader.plan.build.internal.spaces.QuerySpacesImpl - Adding QuerySpace : uid = <gen:0> -> org.hibernate.loader.plan.build.internal.spaces.EntityQuerySpaceImpl@5854a18]
17:48:03.158 [main] TRACE org.hibernate.loader.plan.build.internal.AbstractLoadPlanBuildingAssociationVisitationStrategy - Pushing fetch source to stack : org.hibernate.loader.plan.build.internal.returns.EntityReturnImpl@d5556bf
17:48:03.158 [main] TRACE org.hibernate.loader.plan.build.internal.AbstractLoadPlanBuildingAssociationVisitationStrategy - .. Registering AssociationKey : AssociationKey(table=locale, columns={ID}) -> org.hibernate.loader.plan.build.internal.returns.EntityReturnImpl@d5556bf
17:48:03.159 [main] TRACE org.hibernate.loader.plan.build.internal.AbstractLoadPlanBuildingAssociationVisitationStrategy - >> Starting entity identifier : com.soft.entity.LocaleMessageEntity
17:48:03.159 [main] DEBUG org.hibernate.persister.walking.spi.MetamodelGraphWalker - Visiting attribute path : locale
17:48:03.159 [main] TRACE org.hibernate.loader.plan.build.internal.AbstractLoadPlanBuildingAssociationVisitationStrategy - >> Starting attribute Attribute(name=locale, type=string [non-identifier])
17:48:03.159 [main] TRACE org.hibernate.loader.plan.build.internal.AbstractLoadPlanBuildingAssociationVisitationStrategy - << Finishing up attribute : Attribute(name=locale, type=string [non-identifier])
17:48:03.159 [main] DEBUG org.hibernate.persister.walking.spi.MetamodelGraphWalker - Visiting attribute path : message
17:48:03.159 [main] TRACE org.hibernate.loader.plan.build.internal.AbstractLoadPlanBuildingAssociationVisitationStrategy - >> Starting attribute Attribute(name=message, type=string [non-identifier])
17:48:03.159 [main] TRACE org.hibernate.loader.plan.build.internal.AbstractLoadPlanBuildingAssociationVisitationStrategy - << Finishing up attribute : Attribute(name=message, type=string [non-identifier])
17:48:03.159 [main] DEBUG org.hibernate.persister.walking.spi.MetamodelGraphWalker - Visiting attribute path : msgKey
17:48:03.159 [main] TRACE org.hibernate.loader.plan.build.internal.AbstractLoadPlanBuildingAssociationVisitationStrategy - >> Starting attribute Attribute(name=msgKey, type=string [non-identifier])
17:48:03.159 [main] TRACE org.hibernate.loader.plan.build.internal.AbstractLoadPlanBuildingAssociationVisitationStrategy - << Finishing up attribute : Attribute(name=msgKey, type=string [non-identifier])
17:48:03.159 [main] TRACE org.hibernate.loader.plan.build.internal.AbstractLoadPlanBuildingAssociationVisitationStrategy - Popped fetch owner from stack : org.hibernate.loader.plan.build.internal.returns.EntityReturnImpl@d5556bf
17:48:03.159 [main] TRACE org.hibernate.loader.plan.build.internal.AbstractLoadPlanBuildingAssociationVisitationStrategy -  Finished root entity : com.soft.entity.LocaleMessageEntity
17:48:03.159 [main] DEBUG org.hibernate.loader.plan.build.internal.FetchStyleLoadPlanBuildingAssociationVisitationStrategy - Building LoadPlan...
17:48:03.159 [main] DEBUG org.hibernate.loader.plan.exec.internal.LoadQueryJoinAndFetchProcessor - processing queryspace <gen:0>
17:48:03.159 [main] DEBUG org.hibernate.loader.plan.build.spi.LoadPlanTreePrinter - LoadPlan(entity=com.soft.entity.LocaleMessageEntity)
    - Returns
       - EntityReturnImpl(entity=com.soft.entity.LocaleMessageEntity, querySpaceUid=<gen:0>, path=com.soft.entity.LocaleMessageEntity)
    - QuerySpaces
       - EntityQuerySpaceImpl(uid=<gen:0>, entity=com.soft.entity.LocaleMessageEntity)
          - SQL table alias mapping - localemess0_
          - alias suffix - 0_
          - suffixed key columns - {ID1_1_0_}

17:48:03.164 [main] DEBUG org.hibernate.loader.entity.plan.EntityLoader - Static select for entity com.soft.entity.LocaleMessageEntity [UPGRADE_NOWAIT]: select localemess0_.ID as ID1_1_0_, localemess0_.locale as locale2_1_0_, localemess0_.message as message3_1_0_, localemess0_.msgkey as msgkey4_1_0_ from locale localemess0_ where localemess0_.ID=? for update
17:48:03.164 [main] TRACE org.hibernate.loader.plan.build.internal.AbstractLoadPlanBuildingAssociationVisitationStrategy -  Starting root entity : com.soft.entity.LocaleMessageEntity
17:48:03.164 [main] DEBUG org.hibernate.loader.plan.build.internal.spaces.QuerySpacesImpl - Adding QuerySpace : uid = <gen:0> -> org.hibernate.loader.plan.build.internal.spaces.EntityQuerySpaceImpl@791c12e3]
17:48:03.164 [main] TRACE org.hibernate.loader.plan.build.internal.AbstractLoadPlanBuildingAssociationVisitationStrategy - Pushing fetch source to stack : org.hibernate.loader.plan.build.internal.returns.EntityReturnImpl@b112b13
17:48:03.164 [main] TRACE org.hibernate.loader.plan.build.internal.AbstractLoadPlanBuildingAssociationVisitationStrategy - .. Registering AssociationKey : AssociationKey(table=locale, columns={ID}) -> org.hibernate.loader.plan.build.internal.returns.EntityReturnImpl@b112b13
17:48:03.164 [main] TRACE org.hibernate.loader.plan.build.internal.AbstractLoadPlanBuildingAssociationVisitationStrategy - >> Starting entity identifier : com.soft.entity.LocaleMessageEntity
17:48:03.164 [main] DEBUG org.hibernate.persister.walking.spi.MetamodelGraphWalker - Visiting attribute path : locale
17:48:03.164 [main] TRACE org.hibernate.loader.plan.build.internal.AbstractLoadPlanBuildingAssociationVisitationStrategy - >> Starting attribute Attribute(name=locale, type=string [non-identifier])
17:48:03.164 [main] TRACE org.hibernate.loader.plan.build.internal.AbstractLoadPlanBuildingAssociationVisitationStrategy - << Finishing up attribute : Attribute(name=locale, type=string [non-identifier])
17:48:03.164 [main] DEBUG org.hibernate.persister.walking.spi.MetamodelGraphWalker - Visiting attribute path : message
17:48:03.164 [main] TRACE org.hibernate.loader.plan.build.internal.AbstractLoadPlanBuildingAssociationVisitationStrategy - >> Starting attribute Attribute(name=message, type=string [non-identifier])
17:48:03.165 [main] TRACE org.hibernate.loader.plan.build.internal.AbstractLoadPlanBuildingAssociationVisitationStrategy - << Finishing up attribute : Attribute(name=message, type=string [non-identifier])
17:48:03.165 [main] DEBUG org.hibernate.persister.walking.spi.MetamodelGraphWalker - Visiting attribute path : msgKey
17:48:03.165 [main] TRACE org.hibernate.loader.plan.build.internal.AbstractLoadPlanBuildingAssociationVisitationStrategy - >> Starting attribute Attribute(name=msgKey, type=string [non-identifier])
17:48:03.165 [main] TRACE org.hibernate.loader.plan.build.internal.AbstractLoadPlanBuildingAssociationVisitationStrategy - << Finishing up attribute : Attribute(name=msgKey, type=string [non-identifier])
17:48:03.165 [main] TRACE org.hibernate.loader.plan.build.internal.AbstractLoadPlanBuildingAssociationVisitationStrategy - Popped fetch owner from stack : org.hibernate.loader.plan.build.internal.returns.EntityReturnImpl@b112b13
17:48:03.165 [main] TRACE org.hibernate.loader.plan.build.internal.AbstractLoadPlanBuildingAssociationVisitationStrategy -  Finished root entity : com.soft.entity.LocaleMessageEntity
17:48:03.165 [main] DEBUG org.hibernate.loader.plan.build.internal.FetchStyleLoadPlanBuildingAssociationVisitationStrategy - Building LoadPlan...
17:48:03.165 [main] DEBUG org.hibernate.loader.plan.exec.internal.LoadQueryJoinAndFetchProcessor - processing queryspace <gen:0>
17:48:03.165 [main] DEBUG org.hibernate.loader.plan.build.spi.LoadPlanTreePrinter - LoadPlan(entity=com.soft.entity.LocaleMessageEntity)
    - Returns
       - EntityReturnImpl(entity=com.soft.entity.LocaleMessageEntity, querySpaceUid=<gen:0>, path=com.soft.entity.LocaleMessageEntity)
    - QuerySpaces
       - EntityQuerySpaceImpl(uid=<gen:0>, entity=com.soft.entity.LocaleMessageEntity)
          - SQL table alias mapping - localemess0_
          - alias suffix - 0_
          - suffixed key columns - {ID1_1_0_}

17:48:03.165 [main] DEBUG org.hibernate.loader.entity.plan.EntityLoader - Static select for entity com.soft.entity.LocaleMessageEntity [UPGRADE_SKIPLOCKED]: select localemess0_.ID as ID1_1_0_, localemess0_.locale as locale2_1_0_, localemess0_.message as message3_1_0_, localemess0_.msgkey as msgkey4_1_0_ from locale localemess0_ where localemess0_.ID=? for update
17:48:03.165 [main] TRACE org.hibernate.loader.plan.build.internal.AbstractLoadPlanBuildingAssociationVisitationStrategy -  Starting root entity : com.soft.entity.LocaleMessageEntity
17:48:03.165 [main] DEBUG org.hibernate.loader.plan.build.internal.spaces.QuerySpacesImpl - Adding QuerySpace : uid = <gen:0> -> org.hibernate.loader.plan.build.internal.spaces.EntityQuerySpaceImpl@24eb65e3]
17:48:03.165 [main] TRACE org.hibernate.loader.plan.build.internal.AbstractLoadPlanBuildingAssociationVisitationStrategy - Pushing fetch source to stack : org.hibernate.loader.plan.build.internal.returns.EntityReturnImpl@3ac3f6f
17:48:03.165 [main] TRACE org.hibernate.loader.plan.build.internal.AbstractLoadPlanBuildingAssociationVisitationStrategy - .. Registering AssociationKey : AssociationKey(table=locale, columns={ID}) -> org.hibernate.loader.plan.build.internal.returns.EntityReturnImpl@3ac3f6f
17:48:03.165 [main] TRACE org.hibernate.loader.plan.build.internal.AbstractLoadPlanBuildingAssociationVisitationStrategy - >> Starting entity identifier : com.soft.entity.LocaleMessageEntity
17:48:03.166 [main] DEBUG org.hibernate.persister.walking.spi.MetamodelGraphWalker - Visiting attribute path : locale
17:48:03.166 [main] TRACE org.hibernate.loader.plan.build.internal.AbstractLoadPlanBuildingAssociationVisitationStrategy - >> Starting attribute Attribute(name=locale, type=string [non-identifier])
17:48:03.166 [main] TRACE org.hibernate.loader.plan.build.internal.AbstractLoadPlanBuildingAssociationVisitationStrategy - << Finishing up attribute : Attribute(name=locale, type=string [non-identifier])
17:48:03.166 [main] DEBUG org.hibernate.persister.walking.spi.MetamodelGraphWalker - Visiting attribute path : message
17:48:03.166 [main] TRACE org.hibernate.loader.plan.build.internal.AbstractLoadPlanBuildingAssociationVisitationStrategy - >> Starting attribute Attribute(name=message, type=string [non-identifier])
17:48:03.166 [main] TRACE org.hibernate.loader.plan.build.internal.AbstractLoadPlanBuildingAssociationVisitationStrategy - << Finishing up attribute : Attribute(name=message, type=string [non-identifier])
17:48:03.166 [main] DEBUG org.hibernate.persister.walking.spi.MetamodelGraphWalker - Visiting attribute path : msgKey
17:48:03.166 [main] TRACE org.hibernate.loader.plan.build.internal.AbstractLoadPlanBuildingAssociationVisitationStrategy - >> Starting attribute Attribute(name=msgKey, type=string [non-identifier])
17:48:03.166 [main] TRACE org.hibernate.loader.plan.build.internal.AbstractLoadPlanBuildingAssociationVisitationStrategy - << Finishing up attribute : Attribute(name=msgKey, type=string [non-identifier])
17:48:03.166 [main] TRACE org.hibernate.loader.plan.build.internal.AbstractLoadPlanBuildingAssociationVisitationStrategy - Popped fetch owner from stack : org.hibernate.loader.plan.build.internal.returns.EntityReturnImpl@3ac3f6f
17:48:03.166 [main] TRACE org.hibernate.loader.plan.build.internal.AbstractLoadPlanBuildingAssociationVisitationStrategy -  Finished root entity : com.soft.entity.LocaleMessageEntity
17:48:03.166 [main] DEBUG org.hibernate.loader.plan.build.internal.FetchStyleLoadPlanBuildingAssociationVisitationStrategy - Building LoadPlan...
17:48:03.166 [main] DEBUG org.hibernate.loader.plan.exec.internal.LoadQueryJoinAndFetchProcessor - processing queryspace <gen:0>
17:48:03.166 [main] DEBUG org.hibernate.loader.plan.build.spi.LoadPlanTreePrinter - LoadPlan(entity=com.soft.entity.LocaleMessageEntity)
    - Returns
       - EntityReturnImpl(entity=com.soft.entity.LocaleMessageEntity, querySpaceUid=<gen:0>, path=com.soft.entity.LocaleMessageEntity)
    - QuerySpaces
       - EntityQuerySpaceImpl(uid=<gen:0>, entity=com.soft.entity.LocaleMessageEntity)
          - SQL table alias mapping - localemess0_
          - alias suffix - 0_
          - suffixed key columns - {ID1_1_0_}

17:48:03.166 [main] DEBUG org.hibernate.loader.entity.plan.EntityLoader - Static select for entity com.soft.entity.LocaleMessageEntity [FORCE]: select localemess0_.ID as ID1_1_0_, localemess0_.locale as locale2_1_0_, localemess0_.message as message3_1_0_, localemess0_.msgkey as msgkey4_1_0_ from locale localemess0_ where localemess0_.ID=? for update
17:48:03.166 [main] TRACE org.hibernate.loader.plan.build.internal.AbstractLoadPlanBuildingAssociationVisitationStrategy -  Starting root entity : com.soft.entity.LocaleMessageEntity
17:48:03.166 [main] DEBUG org.hibernate.loader.plan.build.internal.spaces.QuerySpacesImpl - Adding QuerySpace : uid = <gen:0> -> org.hibernate.loader.plan.build.internal.spaces.EntityQuerySpaceImpl@1abebef3]
17:48:03.167 [main] TRACE org.hibernate.loader.plan.build.internal.AbstractLoadPlanBuildingAssociationVisitationStrategy - Pushing fetch source to stack : org.hibernate.loader.plan.build.internal.returns.EntityReturnImpl@18f55704
17:48:03.167 [main] TRACE org.hibernate.loader.plan.build.internal.AbstractLoadPlanBuildingAssociationVisitationStrategy - .. Registering AssociationKey : AssociationKey(table=locale, columns={ID}) -> org.hibernate.loader.plan.build.internal.returns.EntityReturnImpl@18f55704
17:48:03.167 [main] TRACE org.hibernate.loader.plan.build.internal.AbstractLoadPlanBuildingAssociationVisitationStrategy - >> Starting entity identifier : com.soft.entity.LocaleMessageEntity
17:48:03.167 [main] DEBUG org.hibernate.persister.walking.spi.MetamodelGraphWalker - Visiting attribute path : locale
17:48:03.167 [main] TRACE org.hibernate.loader.plan.build.internal.AbstractLoadPlanBuildingAssociationVisitationStrategy - >> Starting attribute Attribute(name=locale, type=string [non-identifier])
17:48:03.167 [main] TRACE org.hibernate.loader.plan.build.internal.AbstractLoadPlanBuildingAssociationVisitationStrategy - << Finishing up attribute : Attribute(name=locale, type=string [non-identifier])
17:48:03.167 [main] DEBUG org.hibernate.persister.walking.spi.MetamodelGraphWalker - Visiting attribute path : message
17:48:03.167 [main] TRACE org.hibernate.loader.plan.build.internal.AbstractLoadPlanBuildingAssociationVisitationStrategy - >> Starting attribute Attribute(name=message, type=string [non-identifier])
17:48:03.167 [main] TRACE org.hibernate.loader.plan.build.internal.AbstractLoadPlanBuildingAssociationVisitationStrategy - << Finishing up attribute : Attribute(name=message, type=string [non-identifier])
17:48:03.167 [main] DEBUG org.hibernate.persister.walking.spi.MetamodelGraphWalker - Visiting attribute path : msgKey
17:48:03.167 [main] TRACE org.hibernate.loader.plan.build.internal.AbstractLoadPlanBuildingAssociationVisitationStrategy - >> Starting attribute Attribute(name=msgKey, type=string [non-identifier])
17:48:03.167 [main] TRACE org.hibernate.loader.plan.build.internal.AbstractLoadPlanBuildingAssociationVisitationStrategy - << Finishing up attribute : Attribute(name=msgKey, type=string [non-identifier])
17:48:03.167 [main] TRACE org.hibernate.loader.plan.build.internal.AbstractLoadPlanBuildingAssociationVisitationStrategy - Popped fetch owner from stack : org.hibernate.loader.plan.build.internal.returns.EntityReturnImpl@18f55704
17:48:03.167 [main] TRACE org.hibernate.loader.plan.build.internal.AbstractLoadPlanBuildingAssociationVisitationStrategy -  Finished root entity : com.soft.entity.LocaleMessageEntity
17:48:03.167 [main] DEBUG org.hibernate.loader.plan.build.internal.FetchStyleLoadPlanBuildingAssociationVisitationStrategy - Building LoadPlan...
17:48:03.167 [main] DEBUG org.hibernate.loader.plan.exec.internal.LoadQueryJoinAndFetchProcessor - processing queryspace <gen:0>
17:48:03.168 [main] DEBUG org.hibernate.loader.plan.build.spi.LoadPlanTreePrinter - LoadPlan(entity=com.soft.entity.LocaleMessageEntity)
    - Returns
       - EntityReturnImpl(entity=com.soft.entity.LocaleMessageEntity, querySpaceUid=<gen:0>, path=com.soft.entity.LocaleMessageEntity)
    - QuerySpaces
       - EntityQuerySpaceImpl(uid=<gen:0>, entity=com.soft.entity.LocaleMessageEntity)
          - SQL table alias mapping - localemess0_
          - alias suffix - 0_
          - suffixed key columns - {ID1_1_0_}

17:48:03.168 [main] DEBUG org.hibernate.loader.entity.plan.EntityLoader - Static select for entity com.soft.entity.LocaleMessageEntity [PESSIMISTIC_READ]: select localemess0_.ID as ID1_1_0_, localemess0_.locale as locale2_1_0_, localemess0_.message as message3_1_0_, localemess0_.msgkey as msgkey4_1_0_ from locale localemess0_ where localemess0_.ID=? lock in share mode
17:48:03.168 [main] TRACE org.hibernate.loader.plan.build.internal.AbstractLoadPlanBuildingAssociationVisitationStrategy -  Starting root entity : com.soft.entity.LocaleMessageEntity
17:48:03.168 [main] DEBUG org.hibernate.loader.plan.build.internal.spaces.QuerySpacesImpl - Adding QuerySpace : uid = <gen:0> -> org.hibernate.loader.plan.build.internal.spaces.EntityQuerySpaceImpl@67cefd84]
17:48:03.168 [main] TRACE org.hibernate.loader.plan.build.internal.AbstractLoadPlanBuildingAssociationVisitationStrategy - Pushing fetch source to stack : org.hibernate.loader.plan.build.internal.returns.EntityReturnImpl@5fbe155
17:48:03.168 [main] TRACE org.hibernate.loader.plan.build.internal.AbstractLoadPlanBuildingAssociationVisitationStrategy - .. Registering AssociationKey : AssociationKey(table=locale, columns={ID}) -> org.hibernate.loader.plan.build.internal.returns.EntityReturnImpl@5fbe155
17:48:03.168 [main] TRACE org.hibernate.loader.plan.build.internal.AbstractLoadPlanBuildingAssociationVisitationStrategy - >> Starting entity identifier : com.soft.entity.LocaleMessageEntity
17:48:03.168 [main] DEBUG org.hibernate.persister.walking.spi.MetamodelGraphWalker - Visiting attribute path : locale
17:48:03.168 [main] TRACE org.hibernate.loader.plan.build.internal.AbstractLoadPlanBuildingAssociationVisitationStrategy - >> Starting attribute Attribute(name=locale, type=string [non-identifier])
17:48:03.168 [main] TRACE org.hibernate.loader.plan.build.internal.AbstractLoadPlanBuildingAssociationVisitationStrategy - << Finishing up attribute : Attribute(name=locale, type=string [non-identifier])
17:48:03.168 [main] DEBUG org.hibernate.persister.walking.spi.MetamodelGraphWalker - Visiting attribute path : message
17:48:03.168 [main] TRACE org.hibernate.loader.plan.build.internal.AbstractLoadPlanBuildingAssociationVisitationStrategy - >> Starting attribute Attribute(name=message, type=string [non-identifier])
17:48:03.168 [main] TRACE org.hibernate.loader.plan.build.internal.AbstractLoadPlanBuildingAssociationVisitationStrategy - << Finishing up attribute : Attribute(name=message, type=string [non-identifier])
17:48:03.168 [main] DEBUG org.hibernate.persister.walking.spi.MetamodelGraphWalker - Visiting attribute path : msgKey
17:48:03.168 [main] TRACE org.hibernate.loader.plan.build.internal.AbstractLoadPlanBuildingAssociationVisitationStrategy - >> Starting attribute Attribute(name=msgKey, type=string [non-identifier])
17:48:03.168 [main] TRACE org.hibernate.loader.plan.build.internal.AbstractLoadPlanBuildingAssociationVisitationStrategy - << Finishing up attribute : Attribute(name=msgKey, type=string [non-identifier])
17:48:03.168 [main] TRACE org.hibernate.loader.plan.build.internal.AbstractLoadPlanBuildingAssociationVisitationStrategy - Popped fetch owner from stack : org.hibernate.loader.plan.build.internal.returns.EntityReturnImpl@5fbe155
17:48:03.168 [main] TRACE org.hibernate.loader.plan.build.internal.AbstractLoadPlanBuildingAssociationVisitationStrategy -  Finished root entity : com.soft.entity.LocaleMessageEntity
17:48:03.168 [main] DEBUG org.hibernate.loader.plan.build.internal.FetchStyleLoadPlanBuildingAssociationVisitationStrategy - Building LoadPlan...
17:48:03.169 [main] DEBUG org.hibernate.loader.plan.exec.internal.LoadQueryJoinAndFetchProcessor - processing queryspace <gen:0>
17:48:03.169 [main] DEBUG org.hibernate.loader.plan.build.spi.LoadPlanTreePrinter - LoadPlan(entity=com.soft.entity.LocaleMessageEntity)
    - Returns
       - EntityReturnImpl(entity=com.soft.entity.LocaleMessageEntity, querySpaceUid=<gen:0>, path=com.soft.entity.LocaleMessageEntity)
    - QuerySpaces
       - EntityQuerySpaceImpl(uid=<gen:0>, entity=com.soft.entity.LocaleMessageEntity)
          - SQL table alias mapping - localemess0_
          - alias suffix - 0_
          - suffixed key columns - {ID1_1_0_}

17:48:03.169 [main] DEBUG org.hibernate.loader.entity.plan.EntityLoader - Static select for entity com.soft.entity.LocaleMessageEntity [PESSIMISTIC_WRITE]: select localemess0_.ID as ID1_1_0_, localemess0_.locale as locale2_1_0_, localemess0_.message as message3_1_0_, localemess0_.msgkey as msgkey4_1_0_ from locale localemess0_ where localemess0_.ID=? for update
17:48:03.169 [main] TRACE org.hibernate.loader.plan.build.internal.AbstractLoadPlanBuildingAssociationVisitationStrategy -  Starting root entity : com.soft.entity.LocaleMessageEntity
17:48:03.169 [main] DEBUG org.hibernate.loader.plan.build.internal.spaces.QuerySpacesImpl - Adding QuerySpace : uid = <gen:0> -> org.hibernate.loader.plan.build.internal.spaces.EntityQuerySpaceImpl@6add8e3f]
17:48:03.169 [main] TRACE org.hibernate.loader.plan.build.internal.AbstractLoadPlanBuildingAssociationVisitationStrategy - Pushing fetch source to stack : org.hibernate.loader.plan.build.internal.returns.EntityReturnImpl@58a2b917
17:48:03.169 [main] TRACE org.hibernate.loader.plan.build.internal.AbstractLoadPlanBuildingAssociationVisitationStrategy - .. Registering AssociationKey : AssociationKey(table=locale, columns={ID}) -> org.hibernate.loader.plan.build.internal.returns.EntityReturnImpl@58a2b917
17:48:03.169 [main] TRACE org.hibernate.loader.plan.build.internal.AbstractLoadPlanBuildingAssociationVisitationStrategy - >> Starting entity identifier : com.soft.entity.LocaleMessageEntity
17:48:03.169 [main] DEBUG org.hibernate.persister.walking.spi.MetamodelGraphWalker - Visiting attribute path : locale
17:48:03.169 [main] TRACE org.hibernate.loader.plan.build.internal.AbstractLoadPlanBuildingAssociationVisitationStrategy - >> Starting attribute Attribute(name=locale, type=string [non-identifier])
17:48:03.169 [main] TRACE org.hibernate.loader.plan.build.internal.AbstractLoadPlanBuildingAssociationVisitationStrategy - << Finishing up attribute : Attribute(name=locale, type=string [non-identifier])
17:48:03.169 [main] DEBUG org.hibernate.persister.walking.spi.MetamodelGraphWalker - Visiting attribute path : message
17:48:03.169 [main] TRACE org.hibernate.loader.plan.build.internal.AbstractLoadPlanBuildingAssociationVisitationStrategy - >> Starting attribute Attribute(name=message, type=string [non-identifier])
17:48:03.169 [main] TRACE org.hibernate.loader.plan.build.internal.AbstractLoadPlanBuildingAssociationVisitationStrategy - << Finishing up attribute : Attribute(name=message, type=string [non-identifier])
17:48:03.169 [main] DEBUG org.hibernate.persister.walking.spi.MetamodelGraphWalker - Visiting attribute path : msgKey
17:48:03.169 [main] TRACE org.hibernate.loader.plan.build.internal.AbstractLoadPlanBuildingAssociationVisitationStrategy - >> Starting attribute Attribute(name=msgKey, type=string [non-identifier])
17:48:03.169 [main] TRACE org.hibernate.loader.plan.build.internal.AbstractLoadPlanBuildingAssociationVisitationStrategy - << Finishing up attribute : Attribute(name=msgKey, type=string [non-identifier])
17:48:03.170 [main] TRACE org.hibernate.loader.plan.build.internal.AbstractLoadPlanBuildingAssociationVisitationStrategy - Popped fetch owner from stack : org.hibernate.loader.plan.build.internal.returns.EntityReturnImpl@58a2b917
17:48:03.170 [main] TRACE org.hibernate.loader.plan.build.internal.AbstractLoadPlanBuildingAssociationVisitationStrategy -  Finished root entity : com.soft.entity.LocaleMessageEntity
17:48:03.170 [main] DEBUG org.hibernate.loader.plan.build.internal.FetchStyleLoadPlanBuildingAssociationVisitationStrategy - Building LoadPlan...
17:48:03.170 [main] DEBUG org.hibernate.loader.plan.exec.internal.LoadQueryJoinAndFetchProcessor - processing queryspace <gen:0>
17:48:03.170 [main] DEBUG org.hibernate.loader.plan.build.spi.LoadPlanTreePrinter - LoadPlan(entity=com.soft.entity.LocaleMessageEntity)
    - Returns
       - EntityReturnImpl(entity=com.soft.entity.LocaleMessageEntity, querySpaceUid=<gen:0>, path=com.soft.entity.LocaleMessageEntity)
    - QuerySpaces
       - EntityQuerySpaceImpl(uid=<gen:0>, entity=com.soft.entity.LocaleMessageEntity)
          - SQL table alias mapping - localemess0_
          - alias suffix - 0_
          - suffixed key columns - {ID1_1_0_}

17:48:03.170 [main] DEBUG org.hibernate.loader.entity.plan.EntityLoader - Static select for entity com.soft.entity.LocaleMessageEntity [PESSIMISTIC_FORCE_INCREMENT]: select localemess0_.ID as ID1_1_0_, localemess0_.locale as locale2_1_0_, localemess0_.message as message3_1_0_, localemess0_.msgkey as msgkey4_1_0_ from locale localemess0_ where localemess0_.ID=? for update
17:48:03.170 [main] TRACE org.hibernate.loader.plan.build.internal.AbstractLoadPlanBuildingAssociationVisitationStrategy -  Starting root entity : com.soft.entity.LocaleMessageEntity
17:48:03.170 [main] DEBUG org.hibernate.loader.plan.build.internal.spaces.QuerySpacesImpl - Adding QuerySpace : uid = <gen:0> -> org.hibernate.loader.plan.build.internal.spaces.EntityQuerySpaceImpl@48904d5a]
17:48:03.171 [main] TRACE org.hibernate.loader.plan.build.internal.AbstractLoadPlanBuildingAssociationVisitationStrategy - Pushing fetch source to stack : org.hibernate.loader.plan.build.internal.returns.EntityReturnImpl@12bbfc54
17:48:03.171 [main] TRACE org.hibernate.loader.plan.build.internal.AbstractLoadPlanBuildingAssociationVisitationStrategy - .. Registering AssociationKey : AssociationKey(table=locale, columns={ID}) -> org.hibernate.loader.plan.build.internal.returns.EntityReturnImpl@12bbfc54
17:48:03.171 [main] TRACE org.hibernate.loader.plan.build.internal.AbstractLoadPlanBuildingAssociationVisitationStrategy - >> Starting entity identifier : com.soft.entity.LocaleMessageEntity
17:48:03.171 [main] DEBUG org.hibernate.persister.walking.spi.MetamodelGraphWalker - Visiting attribute path : locale
17:48:03.171 [main] TRACE org.hibernate.loader.plan.build.internal.AbstractLoadPlanBuildingAssociationVisitationStrategy - >> Starting attribute Attribute(name=locale, type=string [non-identifier])
17:48:03.171 [main] TRACE org.hibernate.loader.plan.build.internal.AbstractLoadPlanBuildingAssociationVisitationStrategy - << Finishing up attribute : Attribute(name=locale, type=string [non-identifier])
17:48:03.171 [main] DEBUG org.hibernate.persister.walking.spi.MetamodelGraphWalker - Visiting attribute path : message
17:48:03.171 [main] TRACE org.hibernate.loader.plan.build.internal.AbstractLoadPlanBuildingAssociationVisitationStrategy - >> Starting attribute Attribute(name=message, type=string [non-identifier])
17:48:03.173 [main] TRACE org.hibernate.loader.plan.build.internal.AbstractLoadPlanBuildingAssociationVisitationStrategy - << Finishing up attribute : Attribute(name=message, type=string [non-identifier])
17:48:03.173 [main] DEBUG org.hibernate.persister.walking.spi.MetamodelGraphWalker - Visiting attribute path : msgKey
17:48:03.173 [main] TRACE org.hibernate.loader.plan.build.internal.AbstractLoadPlanBuildingAssociationVisitationStrategy - >> Starting attribute Attribute(name=msgKey, type=string [non-identifier])
17:48:03.173 [main] TRACE org.hibernate.loader.plan.build.internal.AbstractLoadPlanBuildingAssociationVisitationStrategy - << Finishing up attribute : Attribute(name=msgKey, type=string [non-identifier])
17:48:03.173 [main] TRACE org.hibernate.loader.plan.build.internal.AbstractLoadPlanBuildingAssociationVisitationStrategy - Popped fetch owner from stack : org.hibernate.loader.plan.build.internal.returns.EntityReturnImpl@12bbfc54
17:48:03.174 [main] TRACE org.hibernate.loader.plan.build.internal.AbstractLoadPlanBuildingAssociationVisitationStrategy -  Finished root entity : com.soft.entity.LocaleMessageEntity
17:48:03.174 [main] DEBUG org.hibernate.loader.plan.build.internal.FetchStyleLoadPlanBuildingAssociationVisitationStrategy - Building LoadPlan...
17:48:03.174 [main] DEBUG org.hibernate.loader.plan.exec.internal.LoadQueryJoinAndFetchProcessor - processing queryspace <gen:0>
17:48:03.174 [main] DEBUG org.hibernate.loader.plan.build.spi.LoadPlanTreePrinter - LoadPlan(entity=com.soft.entity.LocaleMessageEntity)
    - Returns
       - EntityReturnImpl(entity=com.soft.entity.LocaleMessageEntity, querySpaceUid=<gen:0>, path=com.soft.entity.LocaleMessageEntity)
    - QuerySpaces
       - EntityQuerySpaceImpl(uid=<gen:0>, entity=com.soft.entity.LocaleMessageEntity)
          - SQL table alias mapping - localemess0_
          - alias suffix - 0_
          - suffixed key columns - {ID1_1_0_}

17:48:03.174 [main] DEBUG org.hibernate.loader.entity.plan.EntityLoader - Static select for entity com.soft.entity.LocaleMessageEntity [OPTIMISTIC]: select localemess0_.ID as ID1_1_0_, localemess0_.locale as locale2_1_0_, localemess0_.message as message3_1_0_, localemess0_.msgkey as msgkey4_1_0_ from locale localemess0_ where localemess0_.ID=?
17:48:03.174 [main] TRACE org.hibernate.loader.plan.build.internal.AbstractLoadPlanBuildingAssociationVisitationStrategy -  Starting root entity : com.soft.entity.LocaleMessageEntity
17:48:03.174 [main] DEBUG org.hibernate.loader.plan.build.internal.spaces.QuerySpacesImpl - Adding QuerySpace : uid = <gen:0> -> org.hibernate.loader.plan.build.internal.spaces.EntityQuerySpaceImpl@1491344a]
17:48:03.174 [main] TRACE org.hibernate.loader.plan.build.internal.AbstractLoadPlanBuildingAssociationVisitationStrategy - Pushing fetch source to stack : org.hibernate.loader.plan.build.internal.returns.EntityReturnImpl@59b65dce
17:48:03.174 [main] TRACE org.hibernate.loader.plan.build.internal.AbstractLoadPlanBuildingAssociationVisitationStrategy - .. Registering AssociationKey : AssociationKey(table=locale, columns={ID}) -> org.hibernate.loader.plan.build.internal.returns.EntityReturnImpl@59b65dce
17:48:03.174 [main] TRACE org.hibernate.loader.plan.build.internal.AbstractLoadPlanBuildingAssociationVisitationStrategy - >> Starting entity identifier : com.soft.entity.LocaleMessageEntity
17:48:03.174 [main] DEBUG org.hibernate.persister.walking.spi.MetamodelGraphWalker - Visiting attribute path : locale
17:48:03.174 [main] TRACE org.hibernate.loader.plan.build.internal.AbstractLoadPlanBuildingAssociationVisitationStrategy - >> Starting attribute Attribute(name=locale, type=string [non-identifier])
17:48:03.175 [main] TRACE org.hibernate.loader.plan.build.internal.AbstractLoadPlanBuildingAssociationVisitationStrategy - << Finishing up attribute : Attribute(name=locale, type=string [non-identifier])
17:48:03.175 [main] DEBUG org.hibernate.persister.walking.spi.MetamodelGraphWalker - Visiting attribute path : message
17:48:03.175 [main] TRACE org.hibernate.loader.plan.build.internal.AbstractLoadPlanBuildingAssociationVisitationStrategy - >> Starting attribute Attribute(name=message, type=string [non-identifier])
17:48:03.175 [main] TRACE org.hibernate.loader.plan.build.internal.AbstractLoadPlanBuildingAssociationVisitationStrategy - << Finishing up attribute : Attribute(name=message, type=string [non-identifier])
17:48:03.175 [main] DEBUG org.hibernate.persister.walking.spi.MetamodelGraphWalker - Visiting attribute path : msgKey
17:48:03.175 [main] TRACE org.hibernate.loader.plan.build.internal.AbstractLoadPlanBuildingAssociationVisitationStrategy - >> Starting attribute Attribute(name=msgKey, type=string [non-identifier])
17:48:03.175 [main] TRACE org.hibernate.loader.plan.build.internal.AbstractLoadPlanBuildingAssociationVisitationStrategy - << Finishing up attribute : Attribute(name=msgKey, type=string [non-identifier])
17:48:03.175 [main] TRACE org.hibernate.loader.plan.build.internal.AbstractLoadPlanBuildingAssociationVisitationStrategy - Popped fetch owner from stack : org.hibernate.loader.plan.build.internal.returns.EntityReturnImpl@59b65dce
17:48:03.175 [main] TRACE org.hibernate.loader.plan.build.internal.AbstractLoadPlanBuildingAssociationVisitationStrategy -  Finished root entity : com.soft.entity.LocaleMessageEntity
17:48:03.175 [main] DEBUG org.hibernate.loader.plan.build.internal.FetchStyleLoadPlanBuildingAssociationVisitationStrategy - Building LoadPlan...
17:48:03.175 [main] DEBUG org.hibernate.loader.plan.exec.internal.LoadQueryJoinAndFetchProcessor - processing queryspace <gen:0>
17:48:03.175 [main] DEBUG org.hibernate.loader.plan.build.spi.LoadPlanTreePrinter - LoadPlan(entity=com.soft.entity.LocaleMessageEntity)
    - Returns
       - EntityReturnImpl(entity=com.soft.entity.LocaleMessageEntity, querySpaceUid=<gen:0>, path=com.soft.entity.LocaleMessageEntity)
    - QuerySpaces
       - EntityQuerySpaceImpl(uid=<gen:0>, entity=com.soft.entity.LocaleMessageEntity)
          - SQL table alias mapping - localemess0_
          - alias suffix - 0_
          - suffixed key columns - {ID1_1_0_}

17:48:03.177 [main] DEBUG org.hibernate.loader.entity.plan.EntityLoader - Static select for entity com.soft.entity.LocaleMessageEntity [OPTIMISTIC_FORCE_INCREMENT]: select localemess0_.ID as ID1_1_0_, localemess0_.locale as locale2_1_0_, localemess0_.message as message3_1_0_, localemess0_.msgkey as msgkey4_1_0_ from locale localemess0_ where localemess0_.ID=?
17:48:03.177 [main] DEBUG org.hibernate.loader.Loader - Static select for action ACTION_MERGE on entity com.soft.entity.LocaleMessageEntity: select localemess0_.ID as ID1_1_0_, localemess0_.locale as locale2_1_0_, localemess0_.message as message3_1_0_, localemess0_.msgkey as msgkey4_1_0_ from locale localemess0_ where localemess0_.ID=?
17:48:03.177 [main] DEBUG org.hibernate.loader.Loader - Static select for action ACTION_REFRESH on entity com.soft.entity.LocaleMessageEntity: select localemess0_.ID as ID1_1_0_, localemess0_.locale as locale2_1_0_, localemess0_.message as message3_1_0_, localemess0_.msgkey as msgkey4_1_0_ from locale localemess0_ where localemess0_.ID=?
17:48:03.190 [main] TRACE org.hibernate.metamodel.internal.MetadataContext - Wrapping up metadata context...
17:48:03.190 [main] TRACE org.hibernate.metamodel.internal.MetadataContext - Starting entity [com.soft.entity.ResistorEntity]
17:48:03.191 [main] TRACE org.hibernate.metamodel.internal.AttributeFactory - Building identifier attribute [com.soft.entity.ResistorEntity.id]
17:48:03.193 [main] TRACE org.hibernate.metamodel.internal.AttributeFactory - Starting attribute metadata determination [id]
17:48:03.195 [main] TRACE org.hibernate.metamodel.internal.AttributeFactory -     Determined member [private java.lang.Long com.soft.entity.ResistorEntity.id]
17:48:03.195 [main] TRACE org.hibernate.metamodel.internal.AttributeFactory -     Determined type [name=long, class=org.hibernate.type.LongType]
17:48:03.198 [main] TRACE org.hibernate.metamodel.internal.AttributeFactory - Building attribute [com.soft.entity.ResistorEntity.category]
17:48:03.198 [main] TRACE org.hibernate.metamodel.internal.AttributeFactory - Starting attribute metadata determination [category]
17:48:03.198 [main] TRACE org.hibernate.metamodel.internal.AttributeFactory -     Determined member [private java.lang.Integer com.soft.entity.ResistorEntity.category]
17:48:03.198 [main] TRACE org.hibernate.metamodel.internal.AttributeFactory -     Determined type [name=integer, class=org.hibernate.type.IntegerType]
17:48:03.198 [main] TRACE org.hibernate.metamodel.internal.AttributeFactory - Building attribute [com.soft.entity.ResistorEntity.description]
17:48:03.198 [main] TRACE org.hibernate.metamodel.internal.AttributeFactory - Starting attribute metadata determination [description]
17:48:03.198 [main] TRACE org.hibernate.metamodel.internal.AttributeFactory -     Determined member [private java.lang.String com.soft.entity.ResistorEntity.description]
17:48:03.198 [main] TRACE org.hibernate.metamodel.internal.AttributeFactory -     Determined type [name=string, class=org.hibernate.type.StringType]
17:48:03.198 [main] TRACE org.hibernate.metamodel.internal.AttributeFactory - Building attribute [com.soft.entity.ResistorEntity.name]
17:48:03.198 [main] TRACE org.hibernate.metamodel.internal.AttributeFactory - Starting attribute metadata determination [name]
17:48:03.198 [main] TRACE org.hibernate.metamodel.internal.AttributeFactory -     Determined member [private java.lang.String com.soft.entity.ResistorEntity.name]
17:48:03.198 [main] TRACE org.hibernate.metamodel.internal.AttributeFactory -     Determined type [name=string, class=org.hibernate.type.StringType]
17:48:03.198 [main] TRACE org.hibernate.metamodel.internal.AttributeFactory - Building attribute [com.soft.entity.ResistorEntity.nominal]
17:48:03.198 [main] TRACE org.hibernate.metamodel.internal.AttributeFactory - Starting attribute metadata determination [nominal]
17:48:03.198 [main] TRACE org.hibernate.metamodel.internal.AttributeFactory -     Determined member [private java.lang.Double com.soft.entity.ResistorEntity.nominal]
17:48:03.198 [main] TRACE org.hibernate.metamodel.internal.AttributeFactory -     Determined type [name=double, class=org.hibernate.type.DoubleType]
17:48:03.198 [main] TRACE org.hibernate.metamodel.internal.AttributeFactory - Building attribute [com.soft.entity.ResistorEntity.nominalUnit]
17:48:03.198 [main] TRACE org.hibernate.metamodel.internal.AttributeFactory - Starting attribute metadata determination [nominalUnit]
17:48:03.198 [main] TRACE org.hibernate.metamodel.internal.AttributeFactory -     Determined member [private java.lang.Integer com.soft.entity.ResistorEntity.nominalUnit]
17:48:03.198 [main] TRACE org.hibernate.metamodel.internal.AttributeFactory -     Determined type [name=integer, class=org.hibernate.type.IntegerType]
17:48:03.198 [main] TRACE org.hibernate.metamodel.internal.AttributeFactory - Building attribute [com.soft.entity.ResistorEntity.photo]
17:48:03.199 [main] TRACE org.hibernate.metamodel.internal.AttributeFactory - Starting attribute metadata determination [photo]
17:48:03.199 [main] TRACE org.hibernate.metamodel.internal.AttributeFactory -     Determined member [private byte[] com.soft.entity.ResistorEntity.photo]
17:48:03.199 [main] TRACE org.hibernate.metamodel.internal.AttributeFactory -     Determined type [name=binary, class=org.hibernate.type.BinaryType]
17:48:03.199 [main] TRACE org.hibernate.metamodel.internal.AttributeFactory - Building attribute [com.soft.entity.ResistorEntity.power]
17:48:03.199 [main] TRACE org.hibernate.metamodel.internal.AttributeFactory - Starting attribute metadata determination [power]
17:48:03.199 [main] TRACE org.hibernate.metamodel.internal.AttributeFactory -     Determined member [private java.lang.Double com.soft.entity.ResistorEntity.power]
17:48:03.199 [main] TRACE org.hibernate.metamodel.internal.AttributeFactory -     Determined type [name=double, class=org.hibernate.type.DoubleType]
17:48:03.199 [main] TRACE org.hibernate.metamodel.internal.AttributeFactory - Building attribute [com.soft.entity.ResistorEntity.powerUnit]
17:48:03.199 [main] TRACE org.hibernate.metamodel.internal.AttributeFactory - Starting attribute metadata determination [powerUnit]
17:48:03.199 [main] TRACE org.hibernate.metamodel.internal.AttributeFactory -     Determined member [private java.lang.Integer com.soft.entity.ResistorEntity.powerUnit]
17:48:03.199 [main] TRACE org.hibernate.metamodel.internal.AttributeFactory -     Determined type [name=integer, class=org.hibernate.type.IntegerType]
17:48:03.199 [main] TRACE org.hibernate.metamodel.internal.AttributeFactory - Building attribute [com.soft.entity.ResistorEntity.price]
17:48:03.199 [main] TRACE org.hibernate.metamodel.internal.AttributeFactory - Starting attribute metadata determination [price]
17:48:03.199 [main] TRACE org.hibernate.metamodel.internal.AttributeFactory -     Determined member [private java.lang.Double com.soft.entity.ResistorEntity.price]
17:48:03.199 [main] TRACE org.hibernate.metamodel.internal.AttributeFactory -     Determined type [name=double, class=org.hibernate.type.DoubleType]
17:48:03.199 [main] TRACE org.hibernate.metamodel.internal.AttributeFactory - Building attribute [com.soft.entity.ResistorEntity.producer]
17:48:03.199 [main] TRACE org.hibernate.metamodel.internal.AttributeFactory - Starting attribute metadata determination [producer]
17:48:03.199 [main] TRACE org.hibernate.metamodel.internal.AttributeFactory -     Determined member [private java.lang.Integer com.soft.entity.ResistorEntity.producer]
17:48:03.199 [main] TRACE org.hibernate.metamodel.internal.AttributeFactory -     Determined type [name=integer, class=org.hibernate.type.IntegerType]
17:48:03.199 [main] TRACE org.hibernate.metamodel.internal.AttributeFactory - Building attribute [com.soft.entity.ResistorEntity.quantity]
17:48:03.199 [main] TRACE org.hibernate.metamodel.internal.AttributeFactory - Starting attribute metadata determination [quantity]
17:48:03.199 [main] TRACE org.hibernate.metamodel.internal.AttributeFactory -     Determined member [private java.lang.Integer com.soft.entity.ResistorEntity.quantity]
17:48:03.199 [main] TRACE org.hibernate.metamodel.internal.AttributeFactory -     Determined type [name=integer, class=org.hibernate.type.IntegerType]
17:48:03.199 [main] TRACE org.hibernate.metamodel.internal.AttributeFactory - Building attribute [com.soft.entity.ResistorEntity.rPackage]
17:48:03.199 [main] TRACE org.hibernate.metamodel.internal.AttributeFactory - Starting attribute metadata determination [rPackage]
17:48:03.200 [main] TRACE org.hibernate.metamodel.internal.AttributeFactory -     Determined member [private java.lang.Integer com.soft.entity.ResistorEntity.rPackage]
17:48:03.200 [main] TRACE org.hibernate.metamodel.internal.AttributeFactory -     Determined type [name=integer, class=org.hibernate.type.IntegerType]
17:48:03.200 [main] TRACE org.hibernate.metamodel.internal.AttributeFactory - Building attribute [com.soft.entity.ResistorEntity.rPrecision]
17:48:03.200 [main] TRACE org.hibernate.metamodel.internal.AttributeFactory - Starting attribute metadata determination [rPrecision]
17:48:03.200 [main] TRACE org.hibernate.metamodel.internal.AttributeFactory -     Determined member [private java.lang.Double com.soft.entity.ResistorEntity.rPrecision]
17:48:03.200 [main] TRACE org.hibernate.metamodel.internal.AttributeFactory -     Determined type [name=double, class=org.hibernate.type.DoubleType]
17:48:03.200 [main] TRACE org.hibernate.metamodel.internal.MetadataContext - Completed entity [com.soft.entity.ResistorEntity]
17:48:03.200 [main] TRACE org.hibernate.metamodel.internal.MetadataContext - Starting entity [com.soft.entity.ProducerEntity]
17:48:03.200 [main] TRACE org.hibernate.metamodel.internal.AttributeFactory - Building identifier attribute [com.soft.entity.ProducerEntity.id]
17:48:03.200 [main] TRACE org.hibernate.metamodel.internal.AttributeFactory - Starting attribute metadata determination [id]
17:48:03.200 [main] TRACE org.hibernate.metamodel.internal.AttributeFactory -     Determined member [private java.lang.Long com.soft.entity.ProducerEntity.id]
17:48:03.200 [main] TRACE org.hibernate.metamodel.internal.AttributeFactory -     Determined type [name=long, class=org.hibernate.type.LongType]
17:48:03.201 [main] TRACE org.hibernate.metamodel.internal.AttributeFactory - Building attribute [com.soft.entity.ProducerEntity.producerCategory]
17:48:03.201 [main] TRACE org.hibernate.metamodel.internal.AttributeFactory - Starting attribute metadata determination [producerCategory]
17:48:03.201 [main] TRACE org.hibernate.metamodel.internal.AttributeFactory -     Determined member [private java.lang.Integer com.soft.entity.ProducerEntity.producerCategory]
17:48:03.201 [main] TRACE org.hibernate.metamodel.internal.AttributeFactory -     Determined type [name=integer, class=org.hibernate.type.IntegerType]
17:48:03.201 [main] TRACE org.hibernate.metamodel.internal.AttributeFactory - Building attribute [com.soft.entity.ProducerEntity.producerName]
17:48:03.201 [main] TRACE org.hibernate.metamodel.internal.AttributeFactory - Starting attribute metadata determination [producerName]
17:48:03.201 [main] TRACE org.hibernate.metamodel.internal.AttributeFactory -     Determined member [private java.lang.String com.soft.entity.ProducerEntity.producerName]
17:48:03.201 [main] TRACE org.hibernate.metamodel.internal.AttributeFactory -     Determined type [name=string, class=org.hibernate.type.StringType]
17:48:03.201 [main] TRACE org.hibernate.metamodel.internal.MetadataContext - Completed entity [com.soft.entity.ProducerEntity]
17:48:03.201 [main] TRACE org.hibernate.metamodel.internal.MetadataContext - Starting entity [com.soft.entity.person]
17:48:03.201 [main] TRACE org.hibernate.metamodel.internal.AttributeFactory - Building identifier attribute [com.soft.entity.person.id]
17:48:03.201 [main] TRACE org.hibernate.metamodel.internal.AttributeFactory - Starting attribute metadata determination [id]
17:48:03.201 [main] TRACE org.hibernate.metamodel.internal.AttributeFactory -     Determined member [private java.lang.Long com.soft.entity.person.id]
17:48:03.201 [main] TRACE org.hibernate.metamodel.internal.AttributeFactory -     Determined type [name=long, class=org.hibernate.type.LongType]
17:48:03.201 [main] TRACE org.hibernate.metamodel.internal.AttributeFactory - Building attribute [com.soft.entity.person.surname]
17:48:03.201 [main] TRACE org.hibernate.metamodel.internal.AttributeFactory - Starting attribute metadata determination [surname]
17:48:03.201 [main] TRACE org.hibernate.metamodel.internal.AttributeFactory -     Determined member [private char com.soft.entity.person.surname]
17:48:03.201 [main] TRACE org.hibernate.metamodel.internal.AttributeFactory -     Determined type [name=character, class=org.hibernate.type.CharacterType]
17:48:03.201 [main] TRACE org.hibernate.metamodel.internal.MetadataContext - Completed entity [com.soft.entity.person]
17:48:03.202 [main] TRACE org.hibernate.metamodel.internal.MetadataContext - Starting entity [com.soft.entity.TransistorEntity]
17:48:03.202 [main] TRACE org.hibernate.metamodel.internal.AttributeFactory - Building identifier attribute [com.soft.entity.TransistorEntity.id]
17:48:03.202 [main] TRACE org.hibernate.metamodel.internal.AttributeFactory - Starting attribute metadata determination [id]
17:48:03.202 [main] TRACE org.hibernate.metamodel.internal.AttributeFactory -     Determined member [private java.lang.Long com.soft.entity.TransistorEntity.id]
17:48:03.202 [main] TRACE org.hibernate.metamodel.internal.AttributeFactory -     Determined type [name=long, class=org.hibernate.type.LongType]
17:48:03.202 [main] TRACE org.hibernate.metamodel.internal.AttributeFactory - Building attribute [com.soft.entity.TransistorEntity.category]
17:48:03.202 [main] TRACE org.hibernate.metamodel.internal.AttributeFactory - Starting attribute metadata determination [category]
17:48:03.202 [main] TRACE org.hibernate.metamodel.internal.AttributeFactory -     Determined member [private java.lang.Integer com.soft.entity.TransistorEntity.category]
17:48:03.202 [main] TRACE org.hibernate.metamodel.internal.AttributeFactory -     Determined type [name=integer, class=org.hibernate.type.IntegerType]
17:48:03.202 [main] TRACE org.hibernate.metamodel.internal.AttributeFactory - Building attribute [com.soft.entity.TransistorEntity.conductanceType]
17:48:03.202 [main] TRACE org.hibernate.metamodel.internal.AttributeFactory - Starting attribute metadata determination [conductanceType]
17:48:03.202 [main] TRACE org.hibernate.metamodel.internal.AttributeFactory -     Determined member [private java.lang.String com.soft.entity.TransistorEntity.conductanceType]
17:48:03.202 [main] TRACE org.hibernate.metamodel.internal.AttributeFactory -     Determined type [name=string, class=org.hibernate.type.StringType]
17:48:03.202 [main] TRACE org.hibernate.metamodel.internal.AttributeFactory - Building attribute [com.soft.entity.TransistorEntity.description]
17:48:03.202 [main] TRACE org.hibernate.metamodel.internal.AttributeFactory - Starting attribute metadata determination [description]
17:48:03.202 [main] TRACE org.hibernate.metamodel.internal.AttributeFactory -     Determined member [private java.lang.String com.soft.entity.TransistorEntity.description]
17:48:03.202 [main] TRACE org.hibernate.metamodel.internal.AttributeFactory -     Determined type [name=string, class=org.hibernate.type.StringType]
17:48:03.202 [main] TRACE org.hibernate.metamodel.internal.AttributeFactory - Building attribute [com.soft.entity.TransistorEntity.gain]
17:48:03.202 [main] TRACE org.hibernate.metamodel.internal.AttributeFactory - Starting attribute metadata determination [gain]
17:48:03.202 [main] TRACE org.hibernate.metamodel.internal.AttributeFactory -     Determined member [private java.lang.Double com.soft.entity.TransistorEntity.gain]
17:48:03.202 [main] TRACE org.hibernate.metamodel.internal.AttributeFactory -     Determined type [name=double, class=org.hibernate.type.DoubleType]
17:48:03.202 [main] TRACE org.hibernate.metamodel.internal.AttributeFactory - Building attribute [com.soft.entity.TransistorEntity.maxCurrent]
17:48:03.202 [main] TRACE org.hibernate.metamodel.internal.AttributeFactory - Starting attribute metadata determination [maxCurrent]
17:48:03.202 [main] TRACE org.hibernate.metamodel.internal.AttributeFactory -     Determined member [private java.lang.Double com.soft.entity.TransistorEntity.maxCurrent]
17:48:03.202 [main] TRACE org.hibernate.metamodel.internal.AttributeFactory -     Determined type [name=double, class=org.hibernate.type.DoubleType]
17:48:03.202 [main] TRACE org.hibernate.metamodel.internal.AttributeFactory - Building attribute [com.soft.entity.TransistorEntity.maxCurrentUnit]
17:48:03.202 [main] TRACE org.hibernate.metamodel.internal.AttributeFactory - Starting attribute metadata determination [maxCurrentUnit]
17:48:03.202 [main] TRACE org.hibernate.metamodel.internal.AttributeFactory -     Determined member [private java.lang.Integer com.soft.entity.TransistorEntity.maxCurrentUnit]
17:48:03.202 [main] TRACE org.hibernate.metamodel.internal.AttributeFactory -     Determined type [name=integer, class=org.hibernate.type.IntegerType]
17:48:03.204 [main] TRACE org.hibernate.metamodel.internal.AttributeFactory - Building attribute [com.soft.entity.TransistorEntity.name]
17:48:03.204 [main] TRACE org.hibernate.metamodel.internal.AttributeFactory - Starting attribute metadata determination [name]
17:48:03.204 [main] TRACE org.hibernate.metamodel.internal.AttributeFactory -     Determined member [private java.lang.String com.soft.entity.TransistorEntity.name]
17:48:03.205 [main] TRACE org.hibernate.metamodel.internal.AttributeFactory -     Determined type [name=string, class=org.hibernate.type.StringType]
17:48:03.205 [main] TRACE org.hibernate.metamodel.internal.AttributeFactory - Building attribute [com.soft.entity.TransistorEntity.photo]
17:48:03.205 [main] TRACE org.hibernate.metamodel.internal.AttributeFactory - Starting attribute metadata determination [photo]
17:48:03.205 [main] TRACE org.hibernate.metamodel.internal.AttributeFactory -     Determined member [private byte[] com.soft.entity.TransistorEntity.photo]
17:48:03.205 [main] TRACE org.hibernate.metamodel.internal.AttributeFactory -     Determined type [name=binary, class=org.hibernate.type.BinaryType]
17:48:03.205 [main] TRACE org.hibernate.metamodel.internal.AttributeFactory - Building attribute [com.soft.entity.TransistorEntity.price]
17:48:03.205 [main] TRACE org.hibernate.metamodel.internal.AttributeFactory - Starting attribute metadata determination [price]
17:48:03.205 [main] TRACE org.hibernate.metamodel.internal.AttributeFactory -     Determined member [private java.lang.Double com.soft.entity.TransistorEntity.price]
17:48:03.206 [main] TRACE org.hibernate.metamodel.internal.AttributeFactory -     Determined type [name=double, class=org.hibernate.type.DoubleType]
17:48:03.206 [main] TRACE org.hibernate.metamodel.internal.AttributeFactory - Building attribute [com.soft.entity.TransistorEntity.producer]
17:48:03.206 [main] TRACE org.hibernate.metamodel.internal.AttributeFactory - Starting attribute metadata determination [producer]
17:48:03.206 [main] TRACE org.hibernate.metamodel.internal.AttributeFactory -     Determined member [private java.lang.Integer com.soft.entity.TransistorEntity.producer]
17:48:03.206 [main] TRACE org.hibernate.metamodel.internal.AttributeFactory -     Determined type [name=integer, class=org.hibernate.type.IntegerType]
17:48:03.206 [main] TRACE org.hibernate.metamodel.internal.AttributeFactory - Building attribute [com.soft.entity.TransistorEntity.quantity]
17:48:03.206 [main] TRACE org.hibernate.metamodel.internal.AttributeFactory - Starting attribute metadata determination [quantity]
17:48:03.206 [main] TRACE org.hibernate.metamodel.internal.AttributeFactory -     Determined member [private java.lang.Integer com.soft.entity.TransistorEntity.quantity]
17:48:03.206 [main] TRACE org.hibernate.metamodel.internal.AttributeFactory -     Determined type [name=integer, class=org.hibernate.type.IntegerType]
17:48:03.206 [main] TRACE org.hibernate.metamodel.internal.AttributeFactory - Building attribute [com.soft.entity.TransistorEntity.tPackage]
17:48:03.206 [main] TRACE org.hibernate.metamodel.internal.AttributeFactory - Starting attribute metadata determination [tPackage]
17:48:03.206 [main] TRACE org.hibernate.metamodel.internal.AttributeFactory -     Determined member [private java.lang.Integer com.soft.entity.TransistorEntity.tPackage]
17:48:03.206 [main] TRACE org.hibernate.metamodel.internal.AttributeFactory -     Determined type [name=integer, class=org.hibernate.type.IntegerType]
17:48:03.206 [main] TRACE org.hibernate.metamodel.internal.MetadataContext - Completed entity [com.soft.entity.TransistorEntity]
17:48:03.206 [main] TRACE org.hibernate.metamodel.internal.MetadataContext - Starting entity [com.soft.entity.CategoryEntity]
17:48:03.206 [main] TRACE org.hibernate.metamodel.internal.AttributeFactory - Building identifier attribute [com.soft.entity.CategoryEntity.id]
17:48:03.206 [main] TRACE org.hibernate.metamodel.internal.AttributeFactory - Starting attribute metadata determination [id]
17:48:03.206 [main] TRACE org.hibernate.metamodel.internal.AttributeFactory -     Determined member [private java.lang.Long com.soft.entity.CategoryEntity.id]
17:48:03.206 [main] TRACE org.hibernate.metamodel.internal.AttributeFactory -     Determined type [name=long, class=org.hibernate.type.LongType]
17:48:03.206 [main] TRACE org.hibernate.metamodel.internal.AttributeFactory - Building attribute [com.soft.entity.CategoryEntity.entityName]
17:48:03.206 [main] TRACE org.hibernate.metamodel.internal.AttributeFactory - Starting attribute metadata determination [entityName]
17:48:03.206 [main] TRACE org.hibernate.metamodel.internal.AttributeFactory -     Determined member [private java.lang.String com.soft.entity.CategoryEntity.entityName]
17:48:03.206 [main] TRACE org.hibernate.metamodel.internal.AttributeFactory -     Determined type [name=string, class=org.hibernate.type.StringType]
17:48:03.206 [main] TRACE org.hibernate.metamodel.internal.AttributeFactory - Building attribute [com.soft.entity.CategoryEntity.name]
17:48:03.207 [main] TRACE org.hibernate.metamodel.internal.AttributeFactory - Starting attribute metadata determination [name]
17:48:03.207 [main] TRACE org.hibernate.metamodel.internal.AttributeFactory -     Determined member [private java.lang.String com.soft.entity.CategoryEntity.name]
17:48:03.207 [main] TRACE org.hibernate.metamodel.internal.AttributeFactory -     Determined type [name=string, class=org.hibernate.type.StringType]
17:48:03.207 [main] TRACE org.hibernate.metamodel.internal.AttributeFactory - Building attribute [com.soft.entity.CategoryEntity.photo]
17:48:03.207 [main] TRACE org.hibernate.metamodel.internal.AttributeFactory - Starting attribute metadata determination [photo]
17:48:03.207 [main] TRACE org.hibernate.metamodel.internal.AttributeFactory -     Determined member [private byte[] com.soft.entity.CategoryEntity.photo]
17:48:03.207 [main] TRACE org.hibernate.metamodel.internal.AttributeFactory -     Determined type [name=binary, class=org.hibernate.type.BinaryType]
17:48:03.207 [main] TRACE org.hibernate.metamodel.internal.MetadataContext - Completed entity [com.soft.entity.CategoryEntity]
17:48:03.207 [main] TRACE org.hibernate.metamodel.internal.MetadataContext - Starting entity [com.soft.entity.LocaleMessageEntity]
17:48:03.207 [main] TRACE org.hibernate.metamodel.internal.AttributeFactory - Building identifier attribute [com.soft.entity.LocaleMessageEntity.id]
17:48:03.207 [main] TRACE org.hibernate.metamodel.internal.AttributeFactory - Starting attribute metadata determination [id]
17:48:03.207 [main] TRACE org.hibernate.metamodel.internal.AttributeFactory -     Determined member [private java.lang.Long com.soft.entity.LocaleMessageEntity.id]
17:48:03.207 [main] TRACE org.hibernate.metamodel.internal.AttributeFactory -     Determined type [name=long, class=org.hibernate.type.LongType]
17:48:03.207 [main] TRACE org.hibernate.metamodel.internal.AttributeFactory - Building attribute [com.soft.entity.LocaleMessageEntity.locale]
17:48:03.207 [main] TRACE org.hibernate.metamodel.internal.AttributeFactory - Starting attribute metadata determination [locale]
17:48:03.207 [main] TRACE org.hibernate.metamodel.internal.AttributeFactory -     Determined member [private java.lang.String com.soft.entity.LocaleMessageEntity.locale]
17:48:03.207 [main] TRACE org.hibernate.metamodel.internal.AttributeFactory -     Determined type [name=string, class=org.hibernate.type.StringType]
17:48:03.207 [main] TRACE org.hibernate.metamodel.internal.AttributeFactory - Building attribute [com.soft.entity.LocaleMessageEntity.message]
17:48:03.207 [main] TRACE org.hibernate.metamodel.internal.AttributeFactory - Starting attribute metadata determination [message]
17:48:03.207 [main] TRACE org.hibernate.metamodel.internal.AttributeFactory -     Determined member [private java.lang.String com.soft.entity.LocaleMessageEntity.message]
17:48:03.208 [main] TRACE org.hibernate.metamodel.internal.AttributeFactory -     Determined type [name=string, class=org.hibernate.type.StringType]
17:48:03.208 [main] TRACE org.hibernate.metamodel.internal.AttributeFactory - Building attribute [com.soft.entity.LocaleMessageEntity.msgKey]
17:48:03.208 [main] TRACE org.hibernate.metamodel.internal.AttributeFactory - Starting attribute metadata determination [msgKey]
17:48:03.208 [main] TRACE org.hibernate.metamodel.internal.AttributeFactory -     Determined member [private java.lang.String com.soft.entity.LocaleMessageEntity.msgKey]
17:48:03.208 [main] TRACE org.hibernate.metamodel.internal.AttributeFactory -     Determined type [name=string, class=org.hibernate.type.StringType]
17:48:03.208 [main] TRACE org.hibernate.metamodel.internal.MetadataContext - Completed entity [com.soft.entity.LocaleMessageEntity]
17:48:03.212 [main] DEBUG org.hibernate.tool.schema.spi.SchemaManagementToolCoordinator - No actions specified; doing nothing
17:48:03.213 [main] TRACE org.hibernate.service.internal.AbstractServiceRegistryImpl - Initializing service [role=org.hibernate.engine.transaction.jta.platform.spi.JtaPlatform]
17:48:03.221 [main] DEBUG org.hibernate.engine.transaction.jta.platform.internal.JtaPlatformInitiator - No JtaPlatform was specified, checking resolver
17:48:03.226 [main] TRACE org.hibernate.service.internal.AbstractServiceRegistryImpl - Initializing service [role=org.hibernate.engine.transaction.jta.platform.spi.JtaPlatformResolver]
17:48:03.229 [main] DEBUG org.hibernate.engine.transaction.jta.platform.internal.JtaPlatformResolverInitiator - No JtaPlatformResolver was specified, using default [org.hibernate.engine.transaction.jta.platform.internal.StandardJtaPlatformResolver]
17:48:03.233 [main] DEBUG org.hibernate.engine.transaction.jta.platform.internal.StandardJtaPlatformResolver - Could not resolve JtaPlatform, using default [org.hibernate.engine.transaction.jta.platform.internal.NoJtaPlatform]
17:48:03.243 [main] DEBUG org.hibernate.query.spi.NamedQueryRepository - Checking 0 named HQL queries
17:48:03.243 [main] DEBUG org.hibernate.query.spi.NamedQueryRepository - Checking 0 named SQL queries
17:48:03.245 [main] DEBUG org.hibernate.internal.SessionFactoryRegistry - Initializing SessionFactoryRegistry : org.hibernate.internal.SessionFactoryRegistry@6af91cc8
17:48:03.246 [main] DEBUG org.hibernate.internal.SessionFactoryRegistry - Registering SessionFactory: ad297a86-2f29-4c95-bc34-5cdb6dfa42ba (<unnamed>)
17:48:03.246 [main] DEBUG org.hibernate.internal.SessionFactoryRegistry - Not binding SessionFactory to JNDI, no JNDI name configured
17:48:03.268 [main] DEBUG org.springframework.beans.factory.support.DefaultListableBeanFactory - Eagerly caching bean 'SessionFactory' to allow for resolving potential circular references
17:48:03.268 [main] TRACE org.springframework.beans.CachedIntrospectionResults - Getting BeanInfo for class [org.hibernate.internal.SessionFactoryImpl]
17:48:03.270 [main] TRACE org.springframework.beans.CachedIntrospectionResults - Caching PropertyDescriptors for class [org.hibernate.internal.SessionFactoryImpl]
17:48:03.270 [main] TRACE org.springframework.beans.CachedIntrospectionResults - Found bean property 'allClassMetadata' of type [java.util.Map]
17:48:03.270 [main] TRACE org.springframework.beans.CachedIntrospectionResults - Found bean property 'allCollectionMetadata' of type [java.util.Map]
17:48:03.270 [main] TRACE org.springframework.beans.CachedIntrospectionResults - Found bean property 'allSecondLevelCacheRegions' of type [java.util.Map]
17:48:03.271 [main] TRACE org.springframework.beans.CachedIntrospectionResults - Found bean property 'cache' of type [org.hibernate.engine.spi.CacheImplementor]
17:48:03.271 [main] TRACE org.springframework.beans.CachedIntrospectionResults - Found bean property 'class' of type [java.lang.Class]
17:48:03.271 [main] TRACE org.springframework.beans.CachedIntrospectionResults - Found bean property 'closed' of type [boolean]
17:48:03.271 [main] TRACE org.springframework.beans.CachedIntrospectionResults - Found bean property 'criteriaBuilder' of type [javax.persistence.criteria.CriteriaBuilder]
17:48:03.271 [main] TRACE org.springframework.beans.CachedIntrospectionResults - Found bean property 'currentSession' of type [org.hibernate.Session]
17:48:03.271 [main] TRACE org.springframework.beans.CachedIntrospectionResults - Found bean property 'currentTenantIdentifierResolver' of type [org.hibernate.context.spi.CurrentTenantIdentifierResolver]
17:48:03.271 [main] TRACE org.springframework.beans.CachedIntrospectionResults - Found bean property 'customEntityDirtinessStrategy' of type [org.hibernate.CustomEntityDirtinessStrategy]
17:48:03.271 [main] TRACE org.springframework.beans.CachedIntrospectionResults - Found bean property 'definedFilterNames' of type [java.util.Set]
17:48:03.271 [main] TRACE org.springframework.beans.CachedIntrospectionResults - Found bean property 'deserializationResolver' of type [org.hibernate.engine.spi.SessionFactoryImplementor$DeserializationResolver]
17:48:03.271 [main] TRACE org.springframework.beans.CachedIntrospectionResults - Found bean property 'entityNotFoundDelegate' of type [org.hibernate.proxy.EntityNotFoundDelegate]
17:48:03.271 [main] TRACE org.springframework.beans.CachedIntrospectionResults - Found bean property 'identifierGeneratorFactory' of type [org.hibernate.id.factory.IdentifierGeneratorFactory]
17:48:03.271 [main] TRACE org.springframework.beans.CachedIntrospectionResults - Found bean property 'interceptor' of type [org.hibernate.Interceptor]
17:48:03.271 [main] TRACE org.springframework.beans.CachedIntrospectionResults - Found bean property 'jdbcServices' of type [org.hibernate.engine.jdbc.spi.JdbcServices]
17:48:03.271 [main] TRACE org.springframework.beans.CachedIntrospectionResults - Found bean property 'metamodel' of type [org.hibernate.metamodel.spi.MetamodelImplementor]
17:48:03.272 [main] TRACE org.springframework.beans.CachedIntrospectionResults - Found bean property 'name' of type [java.lang.String]
17:48:03.272 [main] TRACE org.springframework.beans.CachedIntrospectionResults - Found bean property 'namedQueryRepository' of type [org.hibernate.query.spi.NamedQueryRepository]
17:48:03.272 [main] TRACE org.springframework.beans.CachedIntrospectionResults - Found bean property 'open' of type [boolean]
17:48:03.272 [main] TRACE org.springframework.beans.CachedIntrospectionResults - Found bean property 'persistenceUnitUtil' of type [javax.persistence.PersistenceUnitUtil]
17:48:03.272 [main] TRACE org.springframework.beans.CachedIntrospectionResults - Found bean property 'properties' of type [java.util.Map]
17:48:03.272 [main] TRACE org.springframework.beans.CachedIntrospectionResults - Found bean property 'queryPlanCache' of type [org.hibernate.engine.query.spi.QueryPlanCache]
17:48:03.272 [main] TRACE org.springframework.beans.CachedIntrospectionResults - Found bean property 'reference' of type [javax.naming.Reference]
17:48:03.272 [main] TRACE org.springframework.beans.CachedIntrospectionResults - Found bean property 'serviceRegistry' of type [org.hibernate.service.spi.ServiceRegistryImplementor]
17:48:03.272 [main] TRACE org.springframework.beans.CachedIntrospectionResults - Found bean property 'sessionFactoryOptions' of type [org.hibernate.boot.spi.SessionFactoryOptions]
17:48:03.272 [main] TRACE org.springframework.beans.CachedIntrospectionResults - Found bean property 'settings' of type [org.hibernate.cfg.Settings]
17:48:03.272 [main] TRACE org.springframework.beans.CachedIntrospectionResults - Found bean property 'sqlFunctionRegistry' of type [org.hibernate.dialect.function.SQLFunctionRegistry]
17:48:03.272 [main] TRACE org.springframework.beans.CachedIntrospectionResults - Found bean property 'statistics' of type [org.hibernate.stat.spi.StatisticsImplementor]
17:48:03.272 [main] TRACE org.springframework.beans.CachedIntrospectionResults - Found bean property 'typeHelper' of type [org.hibernate.TypeHelper]
17:48:03.272 [main] TRACE org.springframework.beans.CachedIntrospectionResults - Found bean property 'typeResolver' of type [org.hibernate.type.TypeResolver]
17:48:03.272 [main] TRACE org.springframework.beans.CachedIntrospectionResults - Found bean property 'uuid' of type [java.lang.String]
17:48:03.274 [main] DEBUG org.springframework.beans.factory.support.DefaultListableBeanFactory - Returning cached instance of singleton bean 'org.springframework.transaction.config.internalTransactionAdvisor'
17:48:03.290 [main] DEBUG org.springframework.beans.factory.support.DefaultListableBeanFactory - Finished creating instance of bean 'SessionFactory'
17:48:03.290 [main] DEBUG org.springframework.beans.factory.support.DefaultListableBeanFactory - Creating shared instance of singleton bean 'getDevLocaleDAO'
17:48:03.290 [main] DEBUG org.springframework.beans.factory.support.DefaultListableBeanFactory - Creating instance of bean 'getDevLocaleDAO'
17:48:03.291 [main] DEBUG org.springframework.beans.factory.support.DefaultListableBeanFactory - Returning cached instance of singleton bean 'dataAccessConfig'
17:48:03.291 [main] DEBUG org.springframework.beans.factory.support.DefaultListableBeanFactory - Returning cached instance of singleton bean 'SessionFactory'
17:48:03.291 [main] DEBUG org.springframework.beans.factory.support.DefaultListableBeanFactory - Returning cached instance of singleton bean 'DataSourceBean'
17:48:03.291 [main] DEBUG org.springframework.beans.factory.support.DefaultListableBeanFactory - Autowiring by type from bean name 'getDevLocaleDAO' via factory method to bean named 'SessionFactory'
17:48:03.291 [main] DEBUG org.springframework.beans.factory.support.DefaultListableBeanFactory - Autowiring by type from bean name 'getDevLocaleDAO' via factory method to bean named 'DataSourceBean'
17:48:03.292 [main] DEBUG org.springframework.beans.factory.support.DefaultListableBeanFactory - Eagerly caching bean 'getDevLocaleDAO' to allow for resolving potential circular references
17:48:03.292 [main] TRACE org.springframework.beans.CachedIntrospectionResults - Getting BeanInfo for class [com.soft.dao.EshopDAOImpl]
17:48:03.293 [main] TRACE org.springframework.beans.CachedIntrospectionResults - Caching PropertyDescriptors for class [com.soft.dao.EshopDAOImpl]
17:48:03.293 [main] TRACE org.springframework.beans.CachedIntrospectionResults - Found bean property 'class' of type [java.lang.Class]
17:48:03.293 [main] TRACE org.springframework.beans.CachedIntrospectionResults - Found bean property 'sessionFactory' of type [org.hibernate.SessionFactory]
17:48:03.294 [main] DEBUG org.springframework.beans.factory.support.DefaultListableBeanFactory - Returning cached instance of singleton bean 'org.springframework.transaction.config.internalTransactionAdvisor'
17:48:03.294 [main] DEBUG org.springframework.beans.factory.support.DefaultListableBeanFactory - Finished creating instance of bean 'getDevLocaleDAO'
17:48:03.294 [main] DEBUG org.springframework.beans.factory.annotation.AutowiredAnnotationBeanPostProcessor - Autowiring by type from bean name 'messageSource' to bean named 'getDevLocaleDAO'
17:48:03.294 [main] DEBUG org.springframework.beans.factory.support.DefaultListableBeanFactory - Returning cached instance of singleton bean 'org.springframework.transaction.config.internalTransactionAdvisor'
17:48:03.295 [main] DEBUG org.springframework.beans.factory.support.DefaultListableBeanFactory - Finished creating instance of bean 'messageSource'
17:48:03.295 [main] DEBUG org.springframework.web.context.support.GenericWebApplicationContext - Using MessageSource [com.soft.config.AppConfig$DBMessageSource@5a034157]
17:48:03.296 [main] DEBUG org.springframework.web.context.support.GenericWebApplicationContext - Unable to locate ApplicationEventMulticaster with name 'applicationEventMulticaster': using default [org.springframework.context.event.SimpleApplicationEventMulticaster@6ca372ef]
17:48:03.297 [main] DEBUG org.springframework.ui.context.support.UiApplicationContextUtils - Unable to locate ThemeSource with name 'themeSource': using default [org.springframework.ui.context.support.ResourceBundleThemeSource@68ed3f30]
17:48:03.310 [main] DEBUG org.springframework.beans.factory.support.DefaultListableBeanFactory - Pre-instantiating singletons in org.springframework.beans.factory.support.DefaultListableBeanFactory@1e81f160: defining beans [org.springframework.context.annotation.internalConfigurationAnnotationProcessor,org.springframework.context.annotation.internalAutowiredAnnotationProcessor,org.springframework.context.annotation.internalRequiredAnnotationProcessor,org.springframework.context.annotation.internalCommonAnnotationProcessor,org.springframework.context.annotation.internalPersistenceAnnotationProcessor,org.springframework.context.event.internalEventListenerProcessor,org.springframework.context.event.internalEventListenerFactory,appConfig,dataAccessConfig,eshopController,messageSource,org.springframework.web.servlet.config.annotation.DelegatingWebMvcConfiguration,requestMappingHandlerMapping,mvcPathMatcher,mvcUrlPathHelper,mvcContentNegotiationManager,viewControllerHandlerMapping,beanNameHandlerMapping,resourceHandlerMapping,mvcResourceUrlProvider,defaultServletHandlerMapping,requestMappingHandlerAdapter,mvcConversionService,mvcValidator,mvcUriComponentsContributor,httpRequestHandlerAdapter,simpleControllerHandlerAdapter,handlerExceptionResolver,mvcViewResolver,mvcHandlerMappingIntrospector,viewResolver,templateEngine,templateResolver,localeResolver,org.springframework.transaction.annotation.ProxyTransactionManagementConfiguration,org.springframework.transaction.config.internalTransactionAdvisor,transactionAttributeSource,transactionInterceptor,org.springframework.transaction.config.internalTransactionalEventListenerFactory,DataSourceBean,SessionFactory,getDevLocaleDAO,transactionManager,org.springframework.aop.config.internalAutoProxyCreator]; root of factory hierarchy
17:48:03.310 [main] DEBUG org.springframework.beans.factory.support.DefaultListableBeanFactory - Returning cached instance of singleton bean 'org.springframework.context.annotation.internalConfigurationAnnotationProcessor'
17:48:03.310 [main] DEBUG org.springframework.beans.factory.support.DefaultListableBeanFactory - Returning cached instance of singleton bean 'org.springframework.context.annotation.internalAutowiredAnnotationProcessor'
17:48:03.310 [main] DEBUG org.springframework.beans.factory.support.DefaultListableBeanFactory - Returning cached instance of singleton bean 'org.springframework.context.annotation.internalRequiredAnnotationProcessor'
17:48:03.310 [main] DEBUG org.springframework.beans.factory.support.DefaultListableBeanFactory - Returning cached instance of singleton bean 'org.springframework.context.annotation.internalCommonAnnotationProcessor'
17:48:03.310 [main] DEBUG org.springframework.beans.factory.support.DefaultListableBeanFactory - Returning cached instance of singleton bean 'org.springframework.context.annotation.internalPersistenceAnnotationProcessor'
17:48:03.310 [main] DEBUG org.springframework.beans.factory.support.DefaultListableBeanFactory - Creating shared instance of singleton bean 'org.springframework.context.event.internalEventListenerProcessor'
17:48:03.310 [main] DEBUG org.springframework.beans.factory.support.DefaultListableBeanFactory - Creating instance of bean 'org.springframework.context.event.internalEventListenerProcessor'
17:48:03.311 [main] DEBUG org.springframework.beans.factory.support.DefaultListableBeanFactory - Eagerly caching bean 'org.springframework.context.event.internalEventListenerProcessor' to allow for resolving potential circular references
17:48:03.311 [main] TRACE org.springframework.beans.CachedIntrospectionResults - Getting BeanInfo for class [org.springframework.context.event.EventListenerMethodProcessor]
17:48:03.312 [main] TRACE org.springframework.beans.CachedIntrospectionResults - Caching PropertyDescriptors for class [org.springframework.context.event.EventListenerMethodProcessor]
17:48:03.312 [main] TRACE org.springframework.beans.CachedIntrospectionResults - Found bean property 'applicationContext' of type [org.springframework.context.ApplicationContext]
17:48:03.312 [main] TRACE org.springframework.beans.CachedIntrospectionResults - Found bean property 'class' of type [java.lang.Class]
17:48:03.313 [main] DEBUG org.springframework.beans.factory.support.DefaultListableBeanFactory - Returning cached instance of singleton bean 'org.springframework.transaction.config.internalTransactionAdvisor'
17:48:03.314 [main] DEBUG org.springframework.beans.factory.support.DefaultListableBeanFactory - Finished creating instance of bean 'org.springframework.context.event.internalEventListenerProcessor'
17:48:03.314 [main] DEBUG org.springframework.beans.factory.support.DefaultListableBeanFactory - Creating shared instance of singleton bean 'org.springframework.context.event.internalEventListenerFactory'
17:48:03.314 [main] DEBUG org.springframework.beans.factory.support.DefaultListableBeanFactory - Creating instance of bean 'org.springframework.context.event.internalEventListenerFactory'
17:48:03.314 [main] DEBUG org.springframework.beans.factory.support.DefaultListableBeanFactory - Eagerly caching bean 'org.springframework.context.event.internalEventListenerFactory' to allow for resolving potential circular references
17:48:03.314 [main] TRACE org.springframework.beans.CachedIntrospectionResults - Getting BeanInfo for class [org.springframework.context.event.DefaultEventListenerFactory]
17:48:03.315 [main] TRACE org.springframework.beans.CachedIntrospectionResults - Caching PropertyDescriptors for class [org.springframework.context.event.DefaultEventListenerFactory]
17:48:03.315 [main] TRACE org.springframework.beans.CachedIntrospectionResults - Found bean property 'class' of type [java.lang.Class]
17:48:03.315 [main] TRACE org.springframework.beans.CachedIntrospectionResults - Found bean property 'order' of type [int]
17:48:03.315 [main] DEBUG org.springframework.beans.factory.support.DefaultListableBeanFactory - Returning cached instance of singleton bean 'org.springframework.transaction.config.internalTransactionAdvisor'
17:48:03.315 [main] DEBUG org.springframework.beans.factory.support.DefaultListableBeanFactory - Finished creating instance of bean 'org.springframework.context.event.internalEventListenerFactory'
17:48:03.316 [main] DEBUG org.springframework.beans.factory.support.DefaultListableBeanFactory - Returning cached instance of singleton bean 'appConfig'
17:48:03.316 [main] DEBUG org.springframework.beans.factory.support.DefaultListableBeanFactory - Returning cached instance of singleton bean 'dataAccessConfig'
17:48:03.316 [main] DEBUG org.springframework.beans.factory.support.DefaultListableBeanFactory - Creating shared instance of singleton bean 'eshopController'
17:48:03.316 [main] DEBUG org.springframework.beans.factory.support.DefaultListableBeanFactory - Creating instance of bean 'eshopController'
17:48:03.318 [main] DEBUG org.springframework.beans.factory.annotation.InjectionMetadata - Registered injected element on class [com.soft.controller.EshopController]: AutowiredFieldElement for private com.soft.dao.EshopDAOImpl com.soft.controller.EshopController.eshopDaoImpl
17:48:03.318 [main] DEBUG org.springframework.beans.factory.support.DefaultListableBeanFactory - Eagerly caching bean 'eshopController' to allow for resolving potential circular references
17:48:03.318 [main] TRACE org.springframework.beans.CachedIntrospectionResults - Getting BeanInfo for class [com.soft.controller.EshopController]
17:48:03.319 [main] TRACE org.springframework.beans.CachedIntrospectionResults - Caching PropertyDescriptors for class [com.soft.controller.EshopController]
17:48:03.319 [main] TRACE org.springframework.beans.CachedIntrospectionResults - Found bean property 'class' of type [java.lang.Class]
17:48:03.319 [main] DEBUG org.springframework.beans.factory.annotation.InjectionMetadata - Processing injected element of bean 'eshopController': AutowiredFieldElement for private com.soft.dao.EshopDAOImpl com.soft.controller.EshopController.eshopDaoImpl
17:48:03.319 [main] DEBUG org.springframework.beans.factory.support.DefaultListableBeanFactory - Returning cached instance of singleton bean 'getDevLocaleDAO'
17:48:03.323 [main] DEBUG org.springframework.beans.factory.annotation.AutowiredAnnotationBeanPostProcessor - Autowiring by type from bean name 'eshopController' to bean named 'getDevLocaleDAO'
17:48:03.323 [main] DEBUG org.springframework.beans.factory.support.DefaultListableBeanFactory - Returning cached instance of singleton bean 'org.springframework.transaction.config.internalTransactionAdvisor'
17:48:03.324 [main] DEBUG org.springframework.beans.factory.support.DefaultListableBeanFactory - Finished creating instance of bean 'eshopController'
17:48:03.324 [main] DEBUG org.springframework.beans.factory.support.DefaultListableBeanFactory - Returning cached instance of singleton bean 'messageSource'
17:48:03.324 [main] DEBUG org.springframework.beans.factory.support.DefaultListableBeanFactory - Creating shared instance of singleton bean 'org.springframework.web.servlet.config.annotation.DelegatingWebMvcConfiguration'
17:48:03.324 [main] DEBUG org.springframework.beans.factory.support.DefaultListableBeanFactory - Creating instance of bean 'org.springframework.web.servlet.config.annotation.DelegatingWebMvcConfiguration'
17:48:03.326 [main] TRACE org.springframework.beans.CachedIntrospectionResults - Getting BeanInfo for class [org.springframework.web.servlet.config.annotation.DelegatingWebMvcConfiguration$$EnhancerBySpringCGLIB$$84bec1d7]
17:48:03.328 [main] TRACE org.springframework.beans.CachedIntrospectionResults - Caching PropertyDescriptors for class [org.springframework.web.servlet.config.annotation.DelegatingWebMvcConfiguration$$EnhancerBySpringCGLIB$$84bec1d7]
17:48:03.328 [main] TRACE org.springframework.beans.CachedIntrospectionResults - Found bean property 'applicationContext' of type [org.springframework.context.ApplicationContext]
17:48:03.328 [main] TRACE org.springframework.beans.CachedIntrospectionResults - Found bean property 'beanFactory' of type [org.springframework.beans.factory.BeanFactory]
17:48:03.329 [main] TRACE org.springframework.beans.CachedIntrospectionResults - Found bean property 'class' of type [java.lang.Class]
17:48:03.329 [main] TRACE org.springframework.beans.CachedIntrospectionResults - Found bean property 'configurers' of type [java.util.List]
17:48:03.329 [main] TRACE org.springframework.beans.CachedIntrospectionResults - Found bean property 'servletContext' of type [javax.servlet.ServletContext]
17:48:03.330 [main] DEBUG org.springframework.beans.factory.annotation.InjectionMetadata - Registered injected element on class [org.springframework.web.servlet.config.annotation.DelegatingWebMvcConfiguration$$EnhancerBySpringCGLIB$$84bec1d7]: AutowiredMethodElement for public void org.springframework.web.servlet.config.annotation.DelegatingWebMvcConfiguration.setConfigurers(java.util.List)
17:48:03.331 [main] DEBUG org.springframework.beans.factory.support.DefaultListableBeanFactory - Eagerly caching bean 'org.springframework.web.servlet.config.annotation.DelegatingWebMvcConfiguration' to allow for resolving potential circular references
17:48:03.331 [main] DEBUG org.springframework.beans.factory.annotation.InjectionMetadata - Processing injected element of bean 'org.springframework.web.servlet.config.annotation.DelegatingWebMvcConfiguration': AutowiredMethodElement for public void org.springframework.web.servlet.config.annotation.DelegatingWebMvcConfiguration.setConfigurers(java.util.List)
17:48:03.331 [main] DEBUG org.springframework.beans.factory.support.DefaultListableBeanFactory - Returning cached instance of singleton bean 'appConfig'
17:48:03.336 [main] DEBUG org.springframework.beans.factory.annotation.AutowiredAnnotationBeanPostProcessor - Autowiring by type from bean name 'org.springframework.web.servlet.config.annotation.DelegatingWebMvcConfiguration' to bean named 'appConfig'
17:48:03.337 [main] DEBUG org.springframework.beans.factory.support.DefaultListableBeanFactory - Returning cached instance of singleton bean 'org.springframework.transaction.config.internalTransactionAdvisor'
17:48:03.350 [main] DEBUG org.springframework.beans.factory.support.DefaultListableBeanFactory - Finished creating instance of bean 'org.springframework.web.servlet.config.annotation.DelegatingWebMvcConfiguration'
17:48:03.350 [main] DEBUG org.springframework.beans.factory.support.DefaultListableBeanFactory - Creating shared instance of singleton bean 'requestMappingHandlerMapping'
17:48:03.350 [main] DEBUG org.springframework.beans.factory.support.DefaultListableBeanFactory - Creating instance of bean 'requestMappingHandlerMapping'
17:48:03.350 [main] DEBUG org.springframework.beans.factory.support.DefaultListableBeanFactory - Returning cached instance of singleton bean 'org.springframework.web.servlet.config.annotation.DelegatingWebMvcConfiguration'
17:48:03.395 [main] DEBUG org.springframework.beans.factory.support.DefaultListableBeanFactory - Creating shared instance of singleton bean 'mvcConversionService'
17:48:03.395 [main] DEBUG org.springframework.beans.factory.support.DefaultListableBeanFactory - Creating instance of bean 'mvcConversionService'
17:48:03.395 [main] DEBUG org.springframework.beans.factory.support.DefaultListableBeanFactory - Returning cached instance of singleton bean 'org.springframework.web.servlet.config.annotation.DelegatingWebMvcConfiguration'
17:48:03.422 [main] DEBUG org.springframework.beans.factory.support.DefaultListableBeanFactory - Eagerly caching bean 'mvcConversionService' to allow for resolving potential circular references
17:48:03.423 [main] TRACE org.springframework.beans.CachedIntrospectionResults - Getting BeanInfo for class [org.springframework.format.support.DefaultFormattingConversionService]
17:48:03.425 [main] TRACE org.springframework.beans.CachedIntrospectionResults - Caching PropertyDescriptors for class [org.springframework.format.support.DefaultFormattingConversionService]
17:48:03.425 [main] TRACE org.springframework.beans.CachedIntrospectionResults - Found bean property 'class' of type [java.lang.Class]
17:48:03.425 [main] TRACE org.springframework.beans.CachedIntrospectionResults - Found bean property 'embeddedValueResolver' of type [org.springframework.util.StringValueResolver]
17:48:03.426 [main] DEBUG org.springframework.beans.factory.support.DefaultListableBeanFactory - Returning cached instance of singleton bean 'org.springframework.transaction.config.internalTransactionAdvisor'
17:48:03.427 [main] DEBUG org.springframework.beans.factory.support.DefaultListableBeanFactory - Finished creating instance of bean 'mvcConversionService'
17:48:03.428 [main] DEBUG org.springframework.beans.factory.support.DefaultListableBeanFactory - Creating shared instance of singleton bean 'mvcResourceUrlProvider'
17:48:03.428 [main] DEBUG org.springframework.beans.factory.support.DefaultListableBeanFactory - Creating instance of bean 'mvcResourceUrlProvider'
17:48:03.428 [main] DEBUG org.springframework.beans.factory.support.DefaultListableBeanFactory - Returning cached instance of singleton bean 'org.springframework.web.servlet.config.annotation.DelegatingWebMvcConfiguration'
17:48:03.429 [main] DEBUG org.springframework.beans.factory.support.DefaultListableBeanFactory - Eagerly caching bean 'mvcResourceUrlProvider' to allow for resolving potential circular references
17:48:03.429 [main] TRACE org.springframework.beans.CachedIntrospectionResults - Getting BeanInfo for class [org.springframework.web.servlet.resource.ResourceUrlProvider]
17:48:03.431 [main] TRACE org.springframework.beans.CachedIntrospectionResults - Caching PropertyDescriptors for class [org.springframework.web.servlet.resource.ResourceUrlProvider]
17:48:03.431 [main] TRACE org.springframework.beans.CachedIntrospectionResults - Found bean property 'autodetect' of type [boolean]
17:48:03.431 [main] TRACE org.springframework.beans.CachedIntrospectionResults - Found bean property 'class' of type [java.lang.Class]
17:48:03.431 [main] TRACE org.springframework.beans.CachedIntrospectionResults - Found bean property 'handlerMap' of type [java.util.Map]
17:48:03.431 [main] TRACE org.springframework.beans.CachedIntrospectionResults - Found bean property 'pathMatcher' of type [org.springframework.util.PathMatcher]
17:48:03.431 [main] TRACE org.springframework.beans.CachedIntrospectionResults - Found bean property 'urlPathHelper' of type [org.springframework.web.util.UrlPathHelper]
17:48:03.432 [main] DEBUG org.springframework.beans.factory.support.DefaultListableBeanFactory - Returning cached instance of singleton bean 'org.springframework.transaction.config.internalTransactionAdvisor'
17:48:03.433 [main] DEBUG org.springframework.beans.factory.support.DefaultListableBeanFactory - Finished creating instance of bean 'mvcResourceUrlProvider'
17:48:03.435 [main] DEBUG org.springframework.beans.factory.support.DefaultListableBeanFactory - Creating shared instance of singleton bean 'mvcContentNegotiationManager'
17:48:03.435 [main] DEBUG org.springframework.beans.factory.support.DefaultListableBeanFactory - Creating instance of bean 'mvcContentNegotiationManager'
17:48:03.435 [main] DEBUG org.springframework.beans.factory.support.DefaultListableBeanFactory - Returning cached instance of singleton bean 'org.springframework.web.servlet.config.annotation.DelegatingWebMvcConfiguration'
17:48:03.438 [main] DEBUG org.springframework.beans.factory.support.DefaultListableBeanFactory - Eagerly caching bean 'mvcContentNegotiationManager' to allow for resolving potential circular references
17:48:03.438 [main] TRACE org.springframework.beans.CachedIntrospectionResults - Getting BeanInfo for class [org.springframework.web.accept.ContentNegotiationManager]
17:48:03.439 [main] TRACE org.springframework.beans.CachedIntrospectionResults - Caching PropertyDescriptors for class [org.springframework.web.accept.ContentNegotiationManager]
17:48:03.439 [main] TRACE org.springframework.beans.CachedIntrospectionResults - Found bean property 'allFileExtensions' of type [java.util.List]
17:48:03.439 [main] TRACE org.springframework.beans.CachedIntrospectionResults - Found bean property 'class' of type [java.lang.Class]
17:48:03.439 [main] TRACE org.springframework.beans.CachedIntrospectionResults - Found bean property 'strategies' of type [java.util.List]
17:48:03.440 [main] DEBUG org.springframework.beans.factory.support.DefaultListableBeanFactory - Returning cached instance of singleton bean 'org.springframework.transaction.config.internalTransactionAdvisor'
17:48:03.440 [main] DEBUG org.springframework.beans.factory.support.DefaultListableBeanFactory - Finished creating instance of bean 'mvcContentNegotiationManager'
17:48:03.455 [main] DEBUG org.springframework.beans.factory.support.DefaultListableBeanFactory - Eagerly caching bean 'requestMappingHandlerMapping' to allow for resolving potential circular references
17:48:03.455 [main] TRACE org.springframework.beans.CachedIntrospectionResults - Getting BeanInfo for class [org.springframework.web.servlet.mvc.method.annotation.RequestMappingHandlerMapping]
17:48:03.475 [main] TRACE org.springframework.beans.CachedIntrospectionResults - Caching PropertyDescriptors for class [org.springframework.web.servlet.mvc.method.annotation.RequestMappingHandlerMapping]
17:48:03.475 [main] TRACE org.springframework.beans.CachedIntrospectionResults - Found bean property 'alwaysUseFullPath' of type [boolean]
17:48:03.475 [main] TRACE org.springframework.beans.CachedIntrospectionResults - Found bean property 'applicationContext' of type [org.springframework.context.ApplicationContext]
17:48:03.475 [main] TRACE org.springframework.beans.CachedIntrospectionResults - Found bean property 'class' of type [java.lang.Class]
17:48:03.476 [main] TRACE org.springframework.beans.CachedIntrospectionResults - Found bean property 'contentNegotiationManager' of type [org.springframework.web.accept.ContentNegotiationManager]
17:48:03.476 [main] TRACE org.springframework.beans.CachedIntrospectionResults - Found bean property 'corsConfigurations' of type [java.util.Map]
17:48:03.476 [main] TRACE org.springframework.beans.CachedIntrospectionResults - Found bean property 'corsProcessor' of type [org.springframework.web.cors.CorsProcessor]
17:48:03.476 [main] TRACE org.springframework.beans.CachedIntrospectionResults - Found bean property 'defaultHandler' of type [java.lang.Object]
17:48:03.476 [main] TRACE org.springframework.beans.CachedIntrospectionResults - Found bean property 'detectHandlerMethodsInAncestorContexts' of type [boolean]
17:48:03.476 [main] TRACE org.springframework.beans.CachedIntrospectionResults - Found bean property 'embeddedValueResolver' of type [org.springframework.util.StringValueResolver]
17:48:03.476 [main] TRACE org.springframework.beans.CachedIntrospectionResults - Found bean property 'fileExtensions' of type [java.util.List]
17:48:03.476 [main] TRACE org.springframework.beans.CachedIntrospectionResults - Found bean property 'handlerMethodMappingNamingStrategy' of type [org.springframework.web.servlet.handler.HandlerMethodMappingNamingStrategy]
17:48:03.476 [main] TRACE org.springframework.beans.CachedIntrospectionResults - Found bean property 'handlerMethods' of type [java.util.Map]
17:48:03.476 [main] TRACE org.springframework.beans.CachedIntrospectionResults - Found bean property 'interceptors' of type [[Ljava.lang.Object;]
17:48:03.476 [main] TRACE org.springframework.beans.CachedIntrospectionResults - Found bean property 'namingStrategy' of type [org.springframework.web.servlet.handler.HandlerMethodMappingNamingStrategy]
17:48:03.476 [main] TRACE org.springframework.beans.CachedIntrospectionResults - Found bean property 'order' of type [int]
17:48:03.477 [main] TRACE org.springframework.beans.CachedIntrospectionResults - Found bean property 'pathMatcher' of type [org.springframework.util.PathMatcher]
17:48:03.477 [main] TRACE org.springframework.beans.CachedIntrospectionResults - Found bean property 'removeSemicolonContent' of type [boolean]
17:48:03.477 [main] TRACE org.springframework.beans.CachedIntrospectionResults - Found bean property 'servletContext' of type [javax.servlet.ServletContext]
17:48:03.477 [main] TRACE org.springframework.beans.CachedIntrospectionResults - Found bean property 'urlDecode' of type [boolean]
17:48:03.477 [main] TRACE org.springframework.beans.CachedIntrospectionResults - Found bean property 'urlPathHelper' of type [org.springframework.web.util.UrlPathHelper]
17:48:03.477 [main] TRACE org.springframework.beans.CachedIntrospectionResults - Found bean property 'useRegisteredSuffixPatternMatch' of type [boolean]
17:48:03.477 [main] TRACE org.springframework.beans.CachedIntrospectionResults - Found bean property 'useSuffixPatternMatch' of type [boolean]
17:48:03.477 [main] TRACE org.springframework.beans.CachedIntrospectionResults - Found bean property 'useTrailingSlashMatch' of type [boolean]
17:48:03.480 [main] DEBUG org.springframework.beans.factory.support.DefaultListableBeanFactory - Invoking afterPropertiesSet() on bean with name 'requestMappingHandlerMapping'
17:48:03.480 [main] DEBUG org.springframework.web.servlet.mvc.method.annotation.RequestMappingHandlerMapping - Looking for request mappings in application context: org.springframework.web.context.support.GenericWebApplicationContext@d2de489: startup date [Thu Feb 06 17:48:01 MSK 2020]; root of context hierarchy
17:48:03.487 [main] DEBUG org.springframework.web.servlet.mvc.method.annotation.RequestMappingHandlerMapping - 3 request handler methods found on class com.soft.controller.EshopController: {public void com.soft.controller.EshopController.showImage(javax.servlet.http.HttpServletRequest,javax.servlet.http.HttpServletResponse) throws java.io.IOException={[/image],methods=[GET]}, public java.lang.String com.soft.controller.EshopController.renderCatalogContent(org.springframework.ui.ModelMap,javax.servlet.http.HttpServletRequest,javax.servlet.http.HttpServletResponse) throws java.io.IOException={[/list],methods=[GET]}, public java.lang.String com.soft.controller.EshopController.renderHomePage(org.springframework.ui.ModelMap,javax.servlet.http.HttpServletRequest)={[/home.html],methods=[GET]}}
17:48:03.487 [main] INFO  org.springframework.web.servlet.mvc.method.annotation.RequestMappingHandlerMapping - Mapped "{[/image],methods=[GET]}" onto public void com.soft.controller.EshopController.showImage(javax.servlet.http.HttpServletRequest,javax.servlet.http.HttpServletResponse) throws java.io.IOException
17:48:03.487 [main] TRACE org.springframework.web.servlet.mvc.method.annotation.RequestMappingHandlerMapping - Mapping name 'EC#showImage'
17:48:03.488 [main] INFO  org.springframework.web.servlet.mvc.method.annotation.RequestMappingHandlerMapping - Mapped "{[/list],methods=[GET]}" onto public java.lang.String com.soft.controller.EshopController.renderCatalogContent(org.springframework.ui.ModelMap,javax.servlet.http.HttpServletRequest,javax.servlet.http.HttpServletResponse) throws java.io.IOException
17:48:03.488 [main] TRACE org.springframework.web.servlet.mvc.method.annotation.RequestMappingHandlerMapping - Mapping name 'EC#renderCatalogContent'
17:48:03.488 [main] INFO  org.springframework.web.servlet.mvc.method.annotation.RequestMappingHandlerMapping - Mapped "{[/home.html],methods=[GET]}" onto public java.lang.String com.soft.controller.EshopController.renderHomePage(org.springframework.ui.ModelMap,javax.servlet.http.HttpServletRequest)
17:48:03.488 [main] TRACE org.springframework.web.servlet.mvc.method.annotation.RequestMappingHandlerMapping - Mapping name 'EC#renderHomePage'
17:48:03.489 [main] DEBUG org.springframework.beans.factory.support.DefaultListableBeanFactory - Returning cached instance of singleton bean 'org.springframework.transaction.config.internalTransactionAdvisor'
17:48:03.490 [main] DEBUG org.springframework.beans.factory.support.DefaultListableBeanFactory - Finished creating instance of bean 'requestMappingHandlerMapping'
17:48:03.490 [main] DEBUG org.springframework.beans.factory.support.DefaultListableBeanFactory - Creating shared instance of singleton bean 'mvcPathMatcher'
17:48:03.490 [main] DEBUG org.springframework.beans.factory.support.DefaultListableBeanFactory - Creating instance of bean 'mvcPathMatcher'
17:48:03.490 [main] DEBUG org.springframework.beans.factory.support.DefaultListableBeanFactory - Returning cached instance of singleton bean 'org.springframework.web.servlet.config.annotation.DelegatingWebMvcConfiguration'
17:48:03.491 [main] DEBUG org.springframework.beans.factory.support.DefaultListableBeanFactory - Eagerly caching bean 'mvcPathMatcher' to allow for resolving potential circular references
17:48:03.491 [main] TRACE org.springframework.beans.CachedIntrospectionResults - Getting BeanInfo for class [org.springframework.util.AntPathMatcher]
17:48:03.491 [main] TRACE org.springframework.beans.CachedIntrospectionResults - Caching PropertyDescriptors for class [org.springframework.util.AntPathMatcher]
17:48:03.491 [main] TRACE org.springframework.beans.CachedIntrospectionResults - Found bean property 'cachePatterns' of type [boolean]
17:48:03.491 [main] TRACE org.springframework.beans.CachedIntrospectionResults - Found bean property 'caseSensitive' of type [boolean]
17:48:03.491 [main] TRACE org.springframework.beans.CachedIntrospectionResults - Found bean property 'class' of type [java.lang.Class]
17:48:03.492 [main] TRACE org.springframework.beans.CachedIntrospectionResults - Found bean property 'pathSeparator' of type [java.lang.String]
17:48:03.492 [main] TRACE org.springframework.beans.CachedIntrospectionResults - Found bean property 'trimTokens' of type [boolean]
17:48:03.492 [main] DEBUG org.springframework.beans.factory.support.DefaultListableBeanFactory - Returning cached instance of singleton bean 'org.springframework.transaction.config.internalTransactionAdvisor'
17:48:03.492 [main] DEBUG org.springframework.beans.factory.support.DefaultListableBeanFactory - Finished creating instance of bean 'mvcPathMatcher'
17:48:03.492 [main] DEBUG org.springframework.beans.factory.support.DefaultListableBeanFactory - Creating shared instance of singleton bean 'mvcUrlPathHelper'
17:48:03.492 [main] DEBUG org.springframework.beans.factory.support.DefaultListableBeanFactory - Creating instance of bean 'mvcUrlPathHelper'
17:48:03.493 [main] DEBUG org.springframework.beans.factory.support.DefaultListableBeanFactory - Returning cached instance of singleton bean 'org.springframework.web.servlet.config.annotation.DelegatingWebMvcConfiguration'
17:48:03.493 [main] DEBUG org.springframework.beans.factory.support.DefaultListableBeanFactory - Eagerly caching bean 'mvcUrlPathHelper' to allow for resolving potential circular references
17:48:03.493 [main] TRACE org.springframework.beans.CachedIntrospectionResults - Getting BeanInfo for class [org.springframework.web.util.UrlPathHelper]
17:48:03.494 [main] TRACE org.springframework.beans.CachedIntrospectionResults - Caching PropertyDescriptors for class [org.springframework.web.util.UrlPathHelper]
17:48:03.494 [main] TRACE org.springframework.beans.CachedIntrospectionResults - Found bean property 'alwaysUseFullPath' of type [boolean]
17:48:03.494 [main] TRACE org.springframework.beans.CachedIntrospectionResults - Found bean property 'class' of type [java.lang.Class]
17:48:03.494 [main] TRACE org.springframework.beans.CachedIntrospectionResults - Found bean property 'defaultEncoding' of type [java.lang.String]
17:48:03.494 [main] TRACE org.springframework.beans.CachedIntrospectionResults - Found bean property 'removeSemicolonContent' of type [boolean]
17:48:03.494 [main] TRACE org.springframework.beans.CachedIntrospectionResults - Found bean property 'urlDecode' of type [boolean]
17:48:03.494 [main] DEBUG org.springframework.beans.factory.support.DefaultListableBeanFactory - Returning cached instance of singleton bean 'org.springframework.transaction.config.internalTransactionAdvisor'
17:48:03.494 [main] DEBUG org.springframework.beans.factory.support.DefaultListableBeanFactory - Finished creating instance of bean 'mvcUrlPathHelper'
17:48:03.495 [main] DEBUG org.springframework.beans.factory.support.DefaultListableBeanFactory - Returning cached instance of singleton bean 'mvcContentNegotiationManager'
17:48:03.495 [main] DEBUG org.springframework.beans.factory.support.DefaultListableBeanFactory - Creating shared instance of singleton bean 'viewControllerHandlerMapping'
17:48:03.495 [main] DEBUG org.springframework.beans.factory.support.DefaultListableBeanFactory - Creating instance of bean 'viewControllerHandlerMapping'
17:48:03.495 [main] DEBUG org.springframework.beans.factory.support.DefaultListableBeanFactory - Returning cached instance of singleton bean 'org.springframework.web.servlet.config.annotation.DelegatingWebMvcConfiguration'
17:48:03.495 [main] DEBUG org.springframework.beans.factory.support.DefaultListableBeanFactory - Returning cached instance of singleton bean 'mvcPathMatcher'
17:48:03.495 [main] DEBUG org.springframework.beans.factory.support.DefaultListableBeanFactory - Returning cached instance of singleton bean 'mvcUrlPathHelper'
17:48:03.496 [main] DEBUG org.springframework.beans.factory.support.DefaultListableBeanFactory - Eagerly caching bean 'viewControllerHandlerMapping' to allow for resolving potential circular references
17:48:03.496 [main] TRACE org.springframework.beans.CachedIntrospectionResults - Getting BeanInfo for class [org.springframework.web.servlet.config.annotation.WebMvcConfigurationSupport$EmptyHandlerMapping]
17:48:03.497 [main] TRACE org.springframework.beans.CachedIntrospectionResults - Caching PropertyDescriptors for class [org.springframework.web.servlet.config.annotation.WebMvcConfigurationSupport$EmptyHandlerMapping]
17:48:03.497 [main] TRACE org.springframework.beans.CachedIntrospectionResults - Found bean property 'alwaysUseFullPath' of type [boolean]
17:48:03.497 [main] TRACE org.springframework.beans.CachedIntrospectionResults - Found bean property 'applicationContext' of type [org.springframework.context.ApplicationContext]
17:48:03.497 [main] TRACE org.springframework.beans.CachedIntrospectionResults - Found bean property 'class' of type [java.lang.Class]
17:48:03.497 [main] TRACE org.springframework.beans.CachedIntrospectionResults - Found bean property 'corsConfigurations' of type [java.util.Map]
17:48:03.497 [main] TRACE org.springframework.beans.CachedIntrospectionResults - Found bean property 'corsProcessor' of type [org.springframework.web.cors.CorsProcessor]
17:48:03.497 [main] TRACE org.springframework.beans.CachedIntrospectionResults - Found bean property 'defaultHandler' of type [java.lang.Object]
17:48:03.497 [main] TRACE org.springframework.beans.CachedIntrospectionResults - Found bean property 'interceptors' of type [[Ljava.lang.Object;]
17:48:03.497 [main] TRACE org.springframework.beans.CachedIntrospectionResults - Found bean property 'order' of type [int]
17:48:03.497 [main] TRACE org.springframework.beans.CachedIntrospectionResults - Found bean property 'pathMatcher' of type [org.springframework.util.PathMatcher]
17:48:03.497 [main] TRACE org.springframework.beans.CachedIntrospectionResults - Found bean property 'removeSemicolonContent' of type [boolean]
17:48:03.497 [main] TRACE org.springframework.beans.CachedIntrospectionResults - Found bean property 'servletContext' of type [javax.servlet.ServletContext]
17:48:03.497 [main] TRACE org.springframework.beans.CachedIntrospectionResults - Found bean property 'urlDecode' of type [boolean]
17:48:03.497 [main] TRACE org.springframework.beans.CachedIntrospectionResults - Found bean property 'urlPathHelper' of type [org.springframework.web.util.UrlPathHelper]
17:48:03.498 [main] DEBUG org.springframework.beans.factory.support.DefaultListableBeanFactory - Returning cached instance of singleton bean 'org.springframework.transaction.config.internalTransactionAdvisor'
17:48:03.499 [main] DEBUG org.springframework.beans.factory.support.DefaultListableBeanFactory - Finished creating instance of bean 'viewControllerHandlerMapping'
17:48:03.499 [main] DEBUG org.springframework.beans.factory.support.DefaultListableBeanFactory - Creating shared instance of singleton bean 'beanNameHandlerMapping'
17:48:03.499 [main] DEBUG org.springframework.beans.factory.support.DefaultListableBeanFactory - Creating instance of bean 'beanNameHandlerMapping'
17:48:03.499 [main] DEBUG org.springframework.beans.factory.support.DefaultListableBeanFactory - Returning cached instance of singleton bean 'org.springframework.web.servlet.config.annotation.DelegatingWebMvcConfiguration'
17:48:03.500 [main] DEBUG org.springframework.beans.factory.support.DefaultListableBeanFactory - Eagerly caching bean 'beanNameHandlerMapping' to allow for resolving potential circular references
17:48:03.500 [main] TRACE org.springframework.beans.CachedIntrospectionResults - Getting BeanInfo for class [org.springframework.web.servlet.handler.BeanNameUrlHandlerMapping]
17:48:03.502 [main] TRACE org.springframework.beans.CachedIntrospectionResults - Caching PropertyDescriptors for class [org.springframework.web.servlet.handler.BeanNameUrlHandlerMapping]
17:48:03.502 [main] TRACE org.springframework.beans.CachedIntrospectionResults - Found bean property 'alwaysUseFullPath' of type [boolean]
17:48:03.502 [main] TRACE org.springframework.beans.CachedIntrospectionResults - Found bean property 'applicationContext' of type [org.springframework.context.ApplicationContext]
17:48:03.502 [main] TRACE org.springframework.beans.CachedIntrospectionResults - Found bean property 'class' of type [java.lang.Class]
17:48:03.502 [main] TRACE org.springframework.beans.CachedIntrospectionResults - Found bean property 'corsConfigurations' of type [java.util.Map]
17:48:03.502 [main] TRACE org.springframework.beans.CachedIntrospectionResults - Found bean property 'corsProcessor' of type [org.springframework.web.cors.CorsProcessor]
17:48:03.502 [main] TRACE org.springframework.beans.CachedIntrospectionResults - Found bean property 'defaultHandler' of type [java.lang.Object]
17:48:03.502 [main] TRACE org.springframework.beans.CachedIntrospectionResults - Found bean property 'detectHandlersInAncestorContexts' of type [boolean]
17:48:03.502 [main] TRACE org.springframework.beans.CachedIntrospectionResults - Found bean property 'handlerMap' of type [java.util.Map]
17:48:03.502 [main] TRACE org.springframework.beans.CachedIntrospectionResults - Found bean property 'interceptors' of type [[Ljava.lang.Object;]
17:48:03.502 [main] TRACE org.springframework.beans.CachedIntrospectionResults - Found bean property 'lazyInitHandlers' of type [boolean]
17:48:03.502 [main] TRACE org.springframework.beans.CachedIntrospectionResults - Found bean property 'order' of type [int]
17:48:03.502 [main] TRACE org.springframework.beans.CachedIntrospectionResults - Found bean property 'pathMatcher' of type [org.springframework.util.PathMatcher]
17:48:03.502 [main] TRACE org.springframework.beans.CachedIntrospectionResults - Found bean property 'removeSemicolonContent' of type [boolean]
17:48:03.502 [main] TRACE org.springframework.beans.CachedIntrospectionResults - Found bean property 'rootHandler' of type [java.lang.Object]
17:48:03.502 [main] TRACE org.springframework.beans.CachedIntrospectionResults - Found bean property 'servletContext' of type [javax.servlet.ServletContext]
17:48:03.502 [main] TRACE org.springframework.beans.CachedIntrospectionResults - Found bean property 'urlDecode' of type [boolean]
17:48:03.502 [main] TRACE org.springframework.beans.CachedIntrospectionResults - Found bean property 'urlPathHelper' of type [org.springframework.web.util.UrlPathHelper]
17:48:03.502 [main] TRACE org.springframework.beans.CachedIntrospectionResults - Found bean property 'useTrailingSlashMatch' of type [boolean]
17:48:03.504 [main] DEBUG org.springframework.web.servlet.handler.BeanNameUrlHandlerMapping - Looking for URL mappings in application context: org.springframework.web.context.support.GenericWebApplicationContext@d2de489: startup date [Thu Feb 06 17:48:01 MSK 2020]; root of context hierarchy
17:48:03.504 [main] DEBUG org.springframework.web.servlet.handler.BeanNameUrlHandlerMapping - Rejected bean name 'org.springframework.context.annotation.internalConfigurationAnnotationProcessor': no URL paths identified
17:48:03.504 [main] DEBUG org.springframework.web.servlet.handler.BeanNameUrlHandlerMapping - Rejected bean name 'org.springframework.context.annotation.internalAutowiredAnnotationProcessor': no URL paths identified
17:48:03.504 [main] DEBUG org.springframework.web.servlet.handler.BeanNameUrlHandlerMapping - Rejected bean name 'org.springframework.context.annotation.internalRequiredAnnotationProcessor': no URL paths identified
17:48:03.504 [main] DEBUG org.springframework.web.servlet.handler.BeanNameUrlHandlerMapping - Rejected bean name 'org.springframework.context.annotation.internalCommonAnnotationProcessor': no URL paths identified
17:48:03.504 [main] DEBUG org.springframework.web.servlet.handler.BeanNameUrlHandlerMapping - Rejected bean name 'org.springframework.context.annotation.internalPersistenceAnnotationProcessor': no URL paths identified
17:48:03.504 [main] DEBUG org.springframework.web.servlet.handler.BeanNameUrlHandlerMapping - Rejected bean name 'org.springframework.context.event.internalEventListenerProcessor': no URL paths identified
17:48:03.504 [main] DEBUG org.springframework.web.servlet.handler.BeanNameUrlHandlerMapping - Rejected bean name 'org.springframework.context.event.internalEventListenerFactory': no URL paths identified
17:48:03.504 [main] DEBUG org.springframework.web.servlet.handler.BeanNameUrlHandlerMapping - Rejected bean name 'appConfig': no URL paths identified
17:48:03.504 [main] DEBUG org.springframework.web.servlet.handler.BeanNameUrlHandlerMapping - Rejected bean name 'dataAccessConfig': no URL paths identified
17:48:03.504 [main] DEBUG org.springframework.web.servlet.handler.BeanNameUrlHandlerMapping - Rejected bean name 'eshopController': no URL paths identified
17:48:03.504 [main] DEBUG org.springframework.web.servlet.handler.BeanNameUrlHandlerMapping - Rejected bean name 'messageSource': no URL paths identified
17:48:03.504 [main] DEBUG org.springframework.web.servlet.handler.BeanNameUrlHandlerMapping - Rejected bean name 'org.springframework.web.servlet.config.annotation.DelegatingWebMvcConfiguration': no URL paths identified
17:48:03.504 [main] DEBUG org.springframework.web.servlet.handler.BeanNameUrlHandlerMapping - Rejected bean name 'requestMappingHandlerMapping': no URL paths identified
17:48:03.504 [main] DEBUG org.springframework.web.servlet.handler.BeanNameUrlHandlerMapping - Rejected bean name 'mvcPathMatcher': no URL paths identified
17:48:03.504 [main] DEBUG org.springframework.web.servlet.handler.BeanNameUrlHandlerMapping - Rejected bean name 'mvcUrlPathHelper': no URL paths identified
17:48:03.504 [main] DEBUG org.springframework.web.servlet.handler.BeanNameUrlHandlerMapping - Rejected bean name 'mvcContentNegotiationManager': no URL paths identified
17:48:03.504 [main] DEBUG org.springframework.web.servlet.handler.BeanNameUrlHandlerMapping - Rejected bean name 'viewControllerHandlerMapping': no URL paths identified
17:48:03.504 [main] DEBUG org.springframework.web.servlet.handler.BeanNameUrlHandlerMapping - Rejected bean name 'beanNameHandlerMapping': no URL paths identified
17:48:03.504 [main] DEBUG org.springframework.web.servlet.handler.BeanNameUrlHandlerMapping - Rejected bean name 'resourceHandlerMapping': no URL paths identified
17:48:03.504 [main] DEBUG org.springframework.web.servlet.handler.BeanNameUrlHandlerMapping - Rejected bean name 'mvcResourceUrlProvider': no URL paths identified
17:48:03.504 [main] DEBUG org.springframework.web.servlet.handler.BeanNameUrlHandlerMapping - Rejected bean name 'defaultServletHandlerMapping': no URL paths identified
17:48:03.504 [main] DEBUG org.springframework.web.servlet.handler.BeanNameUrlHandlerMapping - Rejected bean name 'requestMappingHandlerAdapter': no URL paths identified
17:48:03.504 [main] DEBUG org.springframework.web.servlet.handler.BeanNameUrlHandlerMapping - Rejected bean name 'mvcConversionService': no URL paths identified
17:48:03.504 [main] DEBUG org.springframework.web.servlet.handler.BeanNameUrlHandlerMapping - Rejected bean name 'mvcValidator': no URL paths identified
17:48:03.504 [main] DEBUG org.springframework.web.servlet.handler.BeanNameUrlHandlerMapping - Rejected bean name 'mvcUriComponentsContributor': no URL paths identified
17:48:03.504 [main] DEBUG org.springframework.web.servlet.handler.BeanNameUrlHandlerMapping - Rejected bean name 'httpRequestHandlerAdapter': no URL paths identified
17:48:03.504 [main] DEBUG org.springframework.web.servlet.handler.BeanNameUrlHandlerMapping - Rejected bean name 'simpleControllerHandlerAdapter': no URL paths identified
17:48:03.504 [main] DEBUG org.springframework.web.servlet.handler.BeanNameUrlHandlerMapping - Rejected bean name 'handlerExceptionResolver': no URL paths identified
17:48:03.504 [main] DEBUG org.springframework.web.servlet.handler.BeanNameUrlHandlerMapping - Rejected bean name 'mvcViewResolver': no URL paths identified
17:48:03.504 [main] DEBUG org.springframework.web.servlet.handler.BeanNameUrlHandlerMapping - Rejected bean name 'mvcHandlerMappingIntrospector': no URL paths identified
17:48:03.504 [main] DEBUG org.springframework.web.servlet.handler.BeanNameUrlHandlerMapping - Rejected bean name 'viewResolver': no URL paths identified
17:48:03.504 [main] DEBUG org.springframework.web.servlet.handler.BeanNameUrlHandlerMapping - Rejected bean name 'templateEngine': no URL paths identified
17:48:03.504 [main] DEBUG org.springframework.web.servlet.handler.BeanNameUrlHandlerMapping - Rejected bean name 'templateResolver': no URL paths identified
17:48:03.504 [main] DEBUG org.springframework.web.servlet.handler.BeanNameUrlHandlerMapping - Rejected bean name 'localeResolver': no URL paths identified
17:48:03.504 [main] DEBUG org.springframework.web.servlet.handler.BeanNameUrlHandlerMapping - Rejected bean name 'org.springframework.transaction.annotation.ProxyTransactionManagementConfiguration': no URL paths identified
17:48:03.504 [main] DEBUG org.springframework.web.servlet.handler.BeanNameUrlHandlerMapping - Rejected bean name 'org.springframework.transaction.config.internalTransactionAdvisor': no URL paths identified
17:48:03.504 [main] DEBUG org.springframework.web.servlet.handler.BeanNameUrlHandlerMapping - Rejected bean name 'transactionAttributeSource': no URL paths identified
17:48:03.504 [main] DEBUG org.springframework.web.servlet.handler.BeanNameUrlHandlerMapping - Rejected bean name 'transactionInterceptor': no URL paths identified
17:48:03.504 [main] DEBUG org.springframework.web.servlet.handler.BeanNameUrlHandlerMapping - Rejected bean name 'org.springframework.transaction.config.internalTransactionalEventListenerFactory': no URL paths identified
17:48:03.504 [main] DEBUG org.springframework.web.servlet.handler.BeanNameUrlHandlerMapping - Rejected bean name 'DataSourceBean': no URL paths identified
17:48:03.504 [main] DEBUG org.springframework.web.servlet.handler.BeanNameUrlHandlerMapping - Rejected bean name 'SessionFactory': no URL paths identified
17:48:03.504 [main] DEBUG org.springframework.web.servlet.handler.BeanNameUrlHandlerMapping - Rejected bean name 'getDevLocaleDAO': no URL paths identified
17:48:03.504 [main] DEBUG org.springframework.web.servlet.handler.BeanNameUrlHandlerMapping - Rejected bean name 'transactionManager': no URL paths identified
17:48:03.504 [main] DEBUG org.springframework.web.servlet.handler.BeanNameUrlHandlerMapping - Rejected bean name 'org.springframework.aop.config.internalAutoProxyCreator': no URL paths identified
17:48:03.504 [main] DEBUG org.springframework.web.servlet.handler.BeanNameUrlHandlerMapping - Rejected bean name 'environment': no URL paths identified
17:48:03.504 [main] DEBUG org.springframework.web.servlet.handler.BeanNameUrlHandlerMapping - Rejected bean name 'systemProperties': no URL paths identified
17:48:03.504 [main] DEBUG org.springframework.web.servlet.handler.BeanNameUrlHandlerMapping - Rejected bean name 'systemEnvironment': no URL paths identified
17:48:03.504 [main] DEBUG org.springframework.web.servlet.handler.BeanNameUrlHandlerMapping - Rejected bean name 'servletContext': no URL paths identified
17:48:03.504 [main] DEBUG org.springframework.web.servlet.handler.BeanNameUrlHandlerMapping - Rejected bean name 'contextParameters': no URL paths identified
17:48:03.504 [main] DEBUG org.springframework.web.servlet.handler.BeanNameUrlHandlerMapping - Rejected bean name 'contextAttributes': no URL paths identified
17:48:03.504 [main] DEBUG org.springframework.web.servlet.handler.BeanNameUrlHandlerMapping - Rejected bean name 'org.springframework.context.annotation.ConfigurationClassPostProcessor.importRegistry': no URL paths identified
17:48:03.504 [main] DEBUG org.springframework.web.servlet.handler.BeanNameUrlHandlerMapping - Rejected bean name 'applicationEventMulticaster': no URL paths identified
17:48:03.504 [main] DEBUG org.springframework.beans.factory.support.DefaultListableBeanFactory - Returning cached instance of singleton bean 'org.springframework.transaction.config.internalTransactionAdvisor'
17:48:03.505 [main] DEBUG org.springframework.beans.factory.support.DefaultListableBeanFactory - Finished creating instance of bean 'beanNameHandlerMapping'
17:48:03.505 [main] DEBUG org.springframework.beans.factory.support.DefaultListableBeanFactory - Creating shared instance of singleton bean 'resourceHandlerMapping'
17:48:03.505 [main] DEBUG org.springframework.beans.factory.support.DefaultListableBeanFactory - Creating instance of bean 'resourceHandlerMapping'
17:48:03.505 [main] DEBUG org.springframework.beans.factory.support.DefaultListableBeanFactory - Returning cached instance of singleton bean 'org.springframework.web.servlet.config.annotation.DelegatingWebMvcConfiguration'
17:48:03.506 [main] DEBUG org.springframework.beans.factory.support.DefaultListableBeanFactory - Returning cached instance of singleton bean 'mvcContentNegotiationManager'
17:48:03.506 [main] DEBUG org.springframework.beans.factory.support.DefaultListableBeanFactory - Returning cached instance of singleton bean 'mvcUrlPathHelper'
17:48:03.511 [main] DEBUG org.springframework.beans.factory.support.DefaultListableBeanFactory - Returning cached instance of singleton bean 'mvcPathMatcher'
17:48:03.511 [main] DEBUG org.springframework.beans.factory.support.DefaultListableBeanFactory - Returning cached instance of singleton bean 'mvcUrlPathHelper'
17:48:03.512 [main] DEBUG org.springframework.beans.factory.support.DefaultListableBeanFactory - Eagerly caching bean 'resourceHandlerMapping' to allow for resolving potential circular references
17:48:03.512 [main] TRACE org.springframework.beans.CachedIntrospectionResults - Getting BeanInfo for class [org.springframework.web.servlet.handler.SimpleUrlHandlerMapping]
17:48:03.513 [main] TRACE org.springframework.beans.CachedIntrospectionResults - Caching PropertyDescriptors for class [org.springframework.web.servlet.handler.SimpleUrlHandlerMapping]
17:48:03.513 [main] TRACE org.springframework.beans.CachedIntrospectionResults - Found bean property 'alwaysUseFullPath' of type [boolean]
17:48:03.513 [main] TRACE org.springframework.beans.CachedIntrospectionResults - Found bean property 'applicationContext' of type [org.springframework.context.ApplicationContext]
17:48:03.513 [main] TRACE org.springframework.beans.CachedIntrospectionResults - Found bean property 'class' of type [java.lang.Class]
17:48:03.513 [main] TRACE org.springframework.beans.CachedIntrospectionResults - Found bean property 'corsConfigurations' of type [java.util.Map]
17:48:03.513 [main] TRACE org.springframework.beans.CachedIntrospectionResults - Found bean property 'corsProcessor' of type [org.springframework.web.cors.CorsProcessor]
17:48:03.513 [main] TRACE org.springframework.beans.CachedIntrospectionResults - Found bean property 'defaultHandler' of type [java.lang.Object]
17:48:03.513 [main] TRACE org.springframework.beans.CachedIntrospectionResults - Found bean property 'handlerMap' of type [java.util.Map]
17:48:03.513 [main] TRACE org.springframework.beans.CachedIntrospectionResults - Found bean property 'interceptors' of type [[Ljava.lang.Object;]
17:48:03.513 [main] TRACE org.springframework.beans.CachedIntrospectionResults - Found bean property 'lazyInitHandlers' of type [boolean]
17:48:03.513 [main] TRACE org.springframework.beans.CachedIntrospectionResults - Found bean property 'mappings' of type [java.util.Properties]
17:48:03.513 [main] TRACE org.springframework.beans.CachedIntrospectionResults - Found bean property 'order' of type [int]
17:48:03.513 [main] TRACE org.springframework.beans.CachedIntrospectionResults - Found bean property 'pathMatcher' of type [org.springframework.util.PathMatcher]
17:48:03.513 [main] TRACE org.springframework.beans.CachedIntrospectionResults - Found bean property 'removeSemicolonContent' of type [boolean]
17:48:03.513 [main] TRACE org.springframework.beans.CachedIntrospectionResults - Found bean property 'rootHandler' of type [java.lang.Object]
17:48:03.513 [main] TRACE org.springframework.beans.CachedIntrospectionResults - Found bean property 'servletContext' of type [javax.servlet.ServletContext]
17:48:03.513 [main] TRACE org.springframework.beans.CachedIntrospectionResults - Found bean property 'urlDecode' of type [boolean]
17:48:03.513 [main] TRACE org.springframework.beans.CachedIntrospectionResults - Found bean property 'urlMap' of type [java.util.Map]
17:48:03.513 [main] TRACE org.springframework.beans.CachedIntrospectionResults - Found bean property 'urlPathHelper' of type [org.springframework.web.util.UrlPathHelper]
17:48:03.513 [main] TRACE org.springframework.beans.CachedIntrospectionResults - Found bean property 'useTrailingSlashMatch' of type [boolean]
17:48:03.515 [main] INFO  org.springframework.web.servlet.handler.SimpleUrlHandlerMapping - Mapped URL path [/img/**] onto handler of type [class org.springframework.web.servlet.resource.ResourceHttpRequestHandler]
17:48:03.516 [main] INFO  org.springframework.web.servlet.handler.SimpleUrlHandlerMapping - Mapped URL path [/css/**] onto handler of type [class org.springframework.web.servlet.resource.ResourceHttpRequestHandler]
17:48:03.516 [main] INFO  org.springframework.web.servlet.handler.SimpleUrlHandlerMapping - Mapped URL path [/js/**] onto handler of type [class org.springframework.web.servlet.resource.ResourceHttpRequestHandler]
17:48:03.516 [main] DEBUG org.springframework.beans.factory.support.DefaultListableBeanFactory - Returning cached instance of singleton bean 'org.springframework.transaction.config.internalTransactionAdvisor'
17:48:03.516 [main] DEBUG org.springframework.beans.factory.support.DefaultListableBeanFactory - Finished creating instance of bean 'resourceHandlerMapping'
17:48:03.516 [main] DEBUG org.springframework.beans.factory.support.DefaultListableBeanFactory - Returning cached instance of singleton bean 'mvcResourceUrlProvider'
17:48:03.516 [main] DEBUG org.springframework.beans.factory.support.DefaultListableBeanFactory - Creating shared instance of singleton bean 'defaultServletHandlerMapping'
17:48:03.516 [main] DEBUG org.springframework.beans.factory.support.DefaultListableBeanFactory - Creating instance of bean 'defaultServletHandlerMapping'
17:48:03.516 [main] DEBUG org.springframework.beans.factory.support.DefaultListableBeanFactory - Returning cached instance of singleton bean 'org.springframework.web.servlet.config.annotation.DelegatingWebMvcConfiguration'
17:48:03.517 [main] DEBUG org.springframework.beans.factory.support.DefaultListableBeanFactory - Eagerly caching bean 'defaultServletHandlerMapping' to allow for resolving potential circular references
17:48:03.517 [main] DEBUG org.springframework.beans.factory.support.DefaultListableBeanFactory - Returning cached instance of singleton bean 'org.springframework.transaction.config.internalTransactionAdvisor'
17:48:03.517 [main] DEBUG org.springframework.beans.factory.support.DefaultListableBeanFactory - Finished creating instance of bean 'defaultServletHandlerMapping'
17:48:03.517 [main] DEBUG org.springframework.beans.factory.support.DefaultListableBeanFactory - Creating shared instance of singleton bean 'requestMappingHandlerAdapter'
17:48:03.517 [main] DEBUG org.springframework.beans.factory.support.DefaultListableBeanFactory - Creating instance of bean 'requestMappingHandlerAdapter'
17:48:03.517 [main] DEBUG org.springframework.beans.factory.support.DefaultListableBeanFactory - Returning cached instance of singleton bean 'org.springframework.web.servlet.config.annotation.DelegatingWebMvcConfiguration'
17:48:03.724 [main] DEBUG org.springframework.beans.factory.support.DefaultListableBeanFactory - Returning cached instance of singleton bean 'mvcContentNegotiationManager'
17:48:03.739 [main] DEBUG org.springframework.beans.factory.support.DefaultListableBeanFactory - Returning cached instance of singleton bean 'mvcConversionService'
17:48:03.739 [main] DEBUG org.springframework.beans.factory.support.DefaultListableBeanFactory - Creating shared instance of singleton bean 'mvcValidator'
17:48:03.739 [main] DEBUG org.springframework.beans.factory.support.DefaultListableBeanFactory - Creating instance of bean 'mvcValidator'
17:48:03.739 [main] DEBUG org.springframework.beans.factory.support.DefaultListableBeanFactory - Returning cached instance of singleton bean 'org.springframework.web.servlet.config.annotation.DelegatingWebMvcConfiguration'
17:48:03.740 [main] DEBUG org.springframework.beans.factory.support.DefaultListableBeanFactory - Eagerly caching bean 'mvcValidator' to allow for resolving potential circular references
17:48:03.740 [main] TRACE org.springframework.beans.CachedIntrospectionResults - Getting BeanInfo for class [org.springframework.web.servlet.config.annotation.WebMvcConfigurationSupport$NoOpValidator]
17:48:03.741 [main] TRACE org.springframework.beans.CachedIntrospectionResults - Caching PropertyDescriptors for class [org.springframework.web.servlet.config.annotation.WebMvcConfigurationSupport$NoOpValidator]
17:48:03.741 [main] TRACE org.springframework.beans.CachedIntrospectionResults - Found bean property 'class' of type [java.lang.Class]
17:48:03.742 [main] DEBUG org.springframework.beans.factory.support.DefaultListableBeanFactory - Returning cached instance of singleton bean 'org.springframework.transaction.config.internalTransactionAdvisor'
17:48:03.745 [main] DEBUG org.springframework.beans.factory.support.DefaultListableBeanFactory - Finished creating instance of bean 'mvcValidator'
17:48:03.751 [main] DEBUG org.springframework.beans.factory.support.DefaultListableBeanFactory - Eagerly caching bean 'requestMappingHandlerAdapter' to allow for resolving potential circular references
17:48:03.751 [main] TRACE org.springframework.beans.CachedIntrospectionResults - Getting BeanInfo for class [org.springframework.web.servlet.mvc.method.annotation.RequestMappingHandlerAdapter]
17:48:03.754 [main] TRACE org.springframework.beans.CachedIntrospectionResults - Caching PropertyDescriptors for class [org.springframework.web.servlet.mvc.method.annotation.RequestMappingHandlerAdapter]
17:48:03.754 [main] TRACE org.springframework.beans.CachedIntrospectionResults - Found bean property 'alwaysMustRevalidate' of type [boolean]
17:48:03.754 [main] TRACE org.springframework.beans.CachedIntrospectionResults - Found bean property 'applicationContext' of type [org.springframework.context.ApplicationContext]
17:48:03.754 [main] TRACE org.springframework.beans.CachedIntrospectionResults - Found bean property 'argumentResolvers' of type [java.util.List]
17:48:03.754 [main] TRACE org.springframework.beans.CachedIntrospectionResults - Found bean property 'asyncRequestTimeout' of type [long]
17:48:03.754 [main] TRACE org.springframework.beans.CachedIntrospectionResults - Found bean property 'beanFactory' of type [org.springframework.beans.factory.BeanFactory]
17:48:03.754 [main] TRACE org.springframework.beans.CachedIntrospectionResults - Found bean property 'cacheControl' of type [org.springframework.http.CacheControl]
17:48:03.754 [main] TRACE org.springframework.beans.CachedIntrospectionResults - Found bean property 'cacheSeconds' of type [int]
17:48:03.754 [main] TRACE org.springframework.beans.CachedIntrospectionResults - Found bean property 'cacheSecondsForSessionAttributeHandlers' of type [int]
17:48:03.754 [main] TRACE org.springframework.beans.CachedIntrospectionResults - Found bean property 'callableInterceptors' of type [java.util.List]
17:48:03.754 [main] TRACE org.springframework.beans.CachedIntrospectionResults - Found bean property 'class' of type [java.lang.Class]
17:48:03.754 [main] TRACE org.springframework.beans.CachedIntrospectionResults - Found bean property 'contentNegotiationManager' of type [org.springframework.web.accept.ContentNegotiationManager]
17:48:03.754 [main] TRACE org.springframework.beans.CachedIntrospectionResults - Found bean property 'customArgumentResolvers' of type [java.util.List]
17:48:03.754 [main] TRACE org.springframework.beans.CachedIntrospectionResults - Found bean property 'customReturnValueHandlers' of type [java.util.List]
17:48:03.754 [main] TRACE org.springframework.beans.CachedIntrospectionResults - Found bean property 'deferredResultInterceptors' of type [java.util.List]
17:48:03.754 [main] TRACE org.springframework.beans.CachedIntrospectionResults - Found bean property 'ignoreDefaultModelOnRedirect' of type [boolean]
17:48:03.754 [main] TRACE org.springframework.beans.CachedIntrospectionResults - Found bean property 'initBinderArgumentResolvers' of type [java.util.List]
17:48:03.754 [main] TRACE org.springframework.beans.CachedIntrospectionResults - Found bean property 'messageConverters' of type [java.util.List]
17:48:03.754 [main] TRACE org.springframework.beans.CachedIntrospectionResults - Found bean property 'modelAndViewResolvers' of type [java.util.List]
17:48:03.754 [main] TRACE org.springframework.beans.CachedIntrospectionResults - Found bean property 'order' of type [int]
17:48:03.754 [main] TRACE org.springframework.beans.CachedIntrospectionResults - Found bean property 'parameterNameDiscoverer' of type [org.springframework.core.ParameterNameDiscoverer]
17:48:03.754 [main] TRACE org.springframework.beans.CachedIntrospectionResults - Found bean property 'reactiveAdapterRegistry' of type [org.springframework.core.ReactiveAdapterRegistry]
17:48:03.754 [main] TRACE org.springframework.beans.CachedIntrospectionResults - Found bean property 'reactiveRegistry' of type [org.springframework.core.ReactiveAdapterRegistry]
17:48:03.754 [main] TRACE org.springframework.beans.CachedIntrospectionResults - Found bean property 'requestBodyAdvice' of type [java.util.List]
17:48:03.755 [main] TRACE org.springframework.beans.CachedIntrospectionResults - Found bean property 'requireSession' of type [boolean]
17:48:03.755 [main] TRACE org.springframework.beans.CachedIntrospectionResults - Found bean property 'responseBodyAdvice' of type [java.util.List]
17:48:03.755 [main] TRACE org.springframework.beans.CachedIntrospectionResults - Found bean property 'returnValueHandlers' of type [java.util.List]
17:48:03.755 [main] TRACE org.springframework.beans.CachedIntrospectionResults - Found bean property 'servletContext' of type [javax.servlet.ServletContext]
17:48:03.755 [main] TRACE org.springframework.beans.CachedIntrospectionResults - Found bean property 'sessionAttributeStore' of type [org.springframework.web.bind.support.SessionAttributeStore]
17:48:03.755 [main] TRACE org.springframework.beans.CachedIntrospectionResults - Found bean property 'supportedMethods' of type [[Ljava.lang.String;]
17:48:03.755 [main] TRACE org.springframework.beans.CachedIntrospectionResults - Found bean property 'synchronizeOnSession' of type [boolean]
17:48:03.755 [main] TRACE org.springframework.beans.CachedIntrospectionResults - Found bean property 'taskExecutor' of type [org.springframework.core.task.AsyncTaskExecutor]
17:48:03.755 [main] TRACE org.springframework.beans.CachedIntrospectionResults - Found bean property 'useCacheControlHeader' of type [boolean]
17:48:03.755 [main] TRACE org.springframework.beans.CachedIntrospectionResults - Found bean property 'useCacheControlNoStore' of type [boolean]
17:48:03.755 [main] TRACE org.springframework.beans.CachedIntrospectionResults - Found bean property 'useExpiresHeader' of type [boolean]
17:48:03.755 [main] TRACE org.springframework.beans.CachedIntrospectionResults - Found bean property 'varyByRequestHeaders' of type [[Ljava.lang.String;]
17:48:03.755 [main] TRACE org.springframework.beans.CachedIntrospectionResults - Found bean property 'webBindingInitializer' of type [org.springframework.web.bind.support.WebBindingInitializer]
17:48:03.757 [main] DEBUG org.springframework.beans.factory.support.DefaultListableBeanFactory - Invoking afterPropertiesSet() on bean with name 'requestMappingHandlerAdapter'
17:48:03.757 [main] INFO  org.springframework.web.servlet.mvc.method.annotation.RequestMappingHandlerAdapter - Looking for @ControllerAdvice: org.springframework.web.context.support.GenericWebApplicationContext@d2de489: startup date [Thu Feb 06 17:48:01 MSK 2020]; root of context hierarchy
17:48:03.807 [main] DEBUG org.springframework.beans.factory.support.DefaultListableBeanFactory - Returning cached instance of singleton bean 'org.springframework.transaction.config.internalTransactionAdvisor'
17:48:03.808 [main] DEBUG org.springframework.beans.factory.support.DefaultListableBeanFactory - Finished creating instance of bean 'requestMappingHandlerAdapter'
17:48:03.808 [main] DEBUG org.springframework.beans.factory.support.DefaultListableBeanFactory - Returning cached instance of singleton bean 'mvcConversionService'
17:48:03.808 [main] DEBUG org.springframework.beans.factory.support.DefaultListableBeanFactory - Returning cached instance of singleton bean 'mvcValidator'
17:48:03.809 [main] DEBUG org.springframework.beans.factory.support.DefaultListableBeanFactory - Creating shared instance of singleton bean 'mvcUriComponentsContributor'
17:48:03.809 [main] DEBUG org.springframework.beans.factory.support.DefaultListableBeanFactory - Creating instance of bean 'mvcUriComponentsContributor'
17:48:03.809 [main] DEBUG org.springframework.beans.factory.support.DefaultListableBeanFactory - Returning cached instance of singleton bean 'org.springframework.web.servlet.config.annotation.DelegatingWebMvcConfiguration'
17:48:03.810 [main] DEBUG org.springframework.beans.factory.support.DefaultListableBeanFactory - Returning cached instance of singleton bean 'requestMappingHandlerAdapter'
17:48:03.811 [main] DEBUG org.springframework.beans.factory.support.DefaultListableBeanFactory - Returning cached instance of singleton bean 'mvcConversionService'
17:48:03.812 [main] DEBUG org.springframework.beans.factory.support.DefaultListableBeanFactory - Eagerly caching bean 'mvcUriComponentsContributor' to allow for resolving potential circular references
17:48:03.812 [main] TRACE org.springframework.beans.CachedIntrospectionResults - Getting BeanInfo for class [org.springframework.web.method.support.CompositeUriComponentsContributor]
17:48:03.813 [main] TRACE org.springframework.beans.CachedIntrospectionResults - Caching PropertyDescriptors for class [org.springframework.web.method.support.CompositeUriComponentsContributor]
17:48:03.813 [main] TRACE org.springframework.beans.CachedIntrospectionResults - Found bean property 'class' of type [java.lang.Class]
17:48:03.814 [main] DEBUG org.springframework.beans.factory.support.DefaultListableBeanFactory - Returning cached instance of singleton bean 'org.springframework.transaction.config.internalTransactionAdvisor'
17:48:03.814 [main] DEBUG org.springframework.beans.factory.support.DefaultListableBeanFactory - Finished creating instance of bean 'mvcUriComponentsContributor'
17:48:03.814 [main] DEBUG org.springframework.beans.factory.support.DefaultListableBeanFactory - Creating shared instance of singleton bean 'httpRequestHandlerAdapter'
17:48:03.814 [main] DEBUG org.springframework.beans.factory.support.DefaultListableBeanFactory - Creating instance of bean 'httpRequestHandlerAdapter'
17:48:03.815 [main] DEBUG org.springframework.beans.factory.support.DefaultListableBeanFactory - Returning cached instance of singleton bean 'org.springframework.web.servlet.config.annotation.DelegatingWebMvcConfiguration'
17:48:03.815 [main] DEBUG org.springframework.beans.factory.support.DefaultListableBeanFactory - Eagerly caching bean 'httpRequestHandlerAdapter' to allow for resolving potential circular references
17:48:03.815 [main] TRACE org.springframework.beans.CachedIntrospectionResults - Getting BeanInfo for class [org.springframework.web.servlet.mvc.HttpRequestHandlerAdapter]
17:48:03.816 [main] TRACE org.springframework.beans.CachedIntrospectionResults - Caching PropertyDescriptors for class [org.springframework.web.servlet.mvc.HttpRequestHandlerAdapter]
17:48:03.816 [main] TRACE org.springframework.beans.CachedIntrospectionResults - Found bean property 'class' of type [java.lang.Class]
17:48:03.816 [main] DEBUG org.springframework.beans.factory.support.DefaultListableBeanFactory - Returning cached instance of singleton bean 'org.springframework.transaction.config.internalTransactionAdvisor'
17:48:03.816 [main] DEBUG org.springframework.beans.factory.support.DefaultListableBeanFactory - Finished creating instance of bean 'httpRequestHandlerAdapter'
17:48:03.817 [main] DEBUG org.springframework.beans.factory.support.DefaultListableBeanFactory - Creating shared instance of singleton bean 'simpleControllerHandlerAdapter'
17:48:03.817 [main] DEBUG org.springframework.beans.factory.support.DefaultListableBeanFactory - Creating instance of bean 'simpleControllerHandlerAdapter'
17:48:03.817 [main] DEBUG org.springframework.beans.factory.support.DefaultListableBeanFactory - Returning cached instance of singleton bean 'org.springframework.web.servlet.config.annotation.DelegatingWebMvcConfiguration'
17:48:03.817 [main] DEBUG org.springframework.beans.factory.support.DefaultListableBeanFactory - Eagerly caching bean 'simpleControllerHandlerAdapter' to allow for resolving potential circular references
17:48:03.817 [main] TRACE org.springframework.beans.CachedIntrospectionResults - Getting BeanInfo for class [org.springframework.web.servlet.mvc.SimpleControllerHandlerAdapter]
17:48:03.818 [main] TRACE org.springframework.beans.CachedIntrospectionResults - Caching PropertyDescriptors for class [org.springframework.web.servlet.mvc.SimpleControllerHandlerAdapter]
17:48:03.818 [main] TRACE org.springframework.beans.CachedIntrospectionResults - Found bean property 'class' of type [java.lang.Class]
17:48:03.818 [main] DEBUG org.springframework.beans.factory.support.DefaultListableBeanFactory - Returning cached instance of singleton bean 'org.springframework.transaction.config.internalTransactionAdvisor'
17:48:03.819 [main] DEBUG org.springframework.beans.factory.support.DefaultListableBeanFactory - Finished creating instance of bean 'simpleControllerHandlerAdapter'
17:48:03.819 [main] DEBUG org.springframework.beans.factory.support.DefaultListableBeanFactory - Creating shared instance of singleton bean 'handlerExceptionResolver'
17:48:03.819 [main] DEBUG org.springframework.beans.factory.support.DefaultListableBeanFactory - Creating instance of bean 'handlerExceptionResolver'
17:48:03.819 [main] DEBUG org.springframework.beans.factory.support.DefaultListableBeanFactory - Returning cached instance of singleton bean 'org.springframework.web.servlet.config.annotation.DelegatingWebMvcConfiguration'
17:48:03.821 [main] DEBUG org.springframework.beans.factory.support.DefaultListableBeanFactory - Returning cached instance of singleton bean 'mvcContentNegotiationManager'
17:48:03.821 [main] DEBUG org.springframework.web.servlet.mvc.method.annotation.ExceptionHandlerExceptionResolver - Looking for exception mappings: org.springframework.web.context.support.GenericWebApplicationContext@d2de489: startup date [Thu Feb 06 17:48:01 MSK 2020]; root of context hierarchy
17:48:03.824 [main] DEBUG org.springframework.beans.factory.support.DefaultListableBeanFactory - Eagerly caching bean 'handlerExceptionResolver' to allow for resolving potential circular references
17:48:03.824 [main] TRACE org.springframework.beans.CachedIntrospectionResults - Getting BeanInfo for class [org.springframework.web.servlet.handler.HandlerExceptionResolverComposite]
17:48:03.825 [main] TRACE org.springframework.beans.CachedIntrospectionResults - Caching PropertyDescriptors for class [org.springframework.web.servlet.handler.HandlerExceptionResolverComposite]
17:48:03.825 [main] TRACE org.springframework.beans.CachedIntrospectionResults - Found bean property 'class' of type [java.lang.Class]
17:48:03.825 [main] TRACE org.springframework.beans.CachedIntrospectionResults - Found bean property 'exceptionResolvers' of type [java.util.List]
17:48:03.825 [main] TRACE org.springframework.beans.CachedIntrospectionResults - Found bean property 'order' of type [int]
17:48:03.826 [main] DEBUG org.springframework.beans.factory.support.DefaultListableBeanFactory - Returning cached instance of singleton bean 'org.springframework.transaction.config.internalTransactionAdvisor'
17:48:03.826 [main] DEBUG org.springframework.beans.factory.support.DefaultListableBeanFactory - Finished creating instance of bean 'handlerExceptionResolver'
17:48:03.826 [main] DEBUG org.springframework.beans.factory.support.DefaultListableBeanFactory - Creating shared instance of singleton bean 'mvcViewResolver'
17:48:03.826 [main] DEBUG org.springframework.beans.factory.support.DefaultListableBeanFactory - Creating instance of bean 'mvcViewResolver'
17:48:03.826 [main] DEBUG org.springframework.beans.factory.support.DefaultListableBeanFactory - Returning cached instance of singleton bean 'org.springframework.web.servlet.config.annotation.DelegatingWebMvcConfiguration'
17:48:03.829 [main] DEBUG org.springframework.beans.factory.support.DefaultListableBeanFactory - Returning cached instance of singleton bean 'mvcContentNegotiationManager'
17:48:03.830 [main] DEBUG org.springframework.beans.factory.support.DefaultListableBeanFactory - Eagerly caching bean 'mvcViewResolver' to allow for resolving potential circular references
17:48:03.830 [main] TRACE org.springframework.beans.CachedIntrospectionResults - Getting BeanInfo for class [org.springframework.web.servlet.view.ViewResolverComposite]
17:48:03.831 [main] TRACE org.springframework.beans.CachedIntrospectionResults - Caching PropertyDescriptors for class [org.springframework.web.servlet.view.ViewResolverComposite]
17:48:03.831 [main] TRACE org.springframework.beans.CachedIntrospectionResults - Found bean property 'applicationContext' of type [org.springframework.context.ApplicationContext]
17:48:03.831 [main] TRACE org.springframework.beans.CachedIntrospectionResults - Found bean property 'class' of type [java.lang.Class]
17:48:03.831 [main] TRACE org.springframework.beans.CachedIntrospectionResults - Found bean property 'order' of type [int]
17:48:03.831 [main] TRACE org.springframework.beans.CachedIntrospectionResults - Found bean property 'servletContext' of type [javax.servlet.ServletContext]
17:48:03.831 [main] TRACE org.springframework.beans.CachedIntrospectionResults - Found bean property 'viewResolvers' of type [java.util.List]
17:48:03.832 [main] DEBUG org.springframework.beans.factory.support.DefaultListableBeanFactory - Invoking afterPropertiesSet() on bean with name 'mvcViewResolver'
17:48:03.832 [main] DEBUG org.springframework.beans.factory.support.DefaultListableBeanFactory - Returning cached instance of singleton bean 'org.springframework.transaction.config.internalTransactionAdvisor'
17:48:03.833 [main] DEBUG org.springframework.beans.factory.support.DefaultListableBeanFactory - Finished creating instance of bean 'mvcViewResolver'
17:48:03.833 [main] DEBUG org.springframework.beans.factory.support.DefaultListableBeanFactory - Creating shared instance of singleton bean 'viewResolver'
17:48:03.833 [main] DEBUG org.springframework.beans.factory.support.DefaultListableBeanFactory - Creating instance of bean 'viewResolver'
17:48:03.833 [main] DEBUG org.springframework.beans.factory.support.DefaultListableBeanFactory - Returning cached instance of singleton bean 'appConfig'
17:48:03.842 [main] DEBUG org.springframework.beans.factory.support.DefaultListableBeanFactory - Creating shared instance of singleton bean 'templateEngine'
17:48:03.842 [main] DEBUG org.springframework.beans.factory.support.DefaultListableBeanFactory - Creating instance of bean 'templateEngine'
17:48:03.842 [main] DEBUG org.springframework.beans.factory.support.DefaultListableBeanFactory - Returning cached instance of singleton bean 'appConfig'
17:48:03.852 [main] DEBUG org.springframework.beans.factory.support.DefaultListableBeanFactory - Creating shared instance of singleton bean 'templateResolver'
17:48:03.852 [main] DEBUG org.springframework.beans.factory.support.DefaultListableBeanFactory - Creating instance of bean 'templateResolver'
17:48:03.853 [main] DEBUG org.springframework.beans.factory.support.DefaultListableBeanFactory - Returning cached instance of singleton bean 'appConfig'
17:48:03.856 [main] DEBUG org.springframework.beans.factory.support.DefaultListableBeanFactory - Eagerly caching bean 'templateResolver' to allow for resolving potential circular references
17:48:03.856 [main] TRACE org.springframework.beans.CachedIntrospectionResults - Getting BeanInfo for class [org.thymeleaf.spring5.templateresolver.SpringResourceTemplateResolver]
17:48:03.859 [main] TRACE org.springframework.beans.CachedIntrospectionResults - Caching PropertyDescriptors for class [org.thymeleaf.spring5.templateresolver.SpringResourceTemplateResolver]
17:48:03.860 [main] TRACE org.springframework.beans.CachedIntrospectionResults - Found bean property 'CSSTemplateModePatternSpec' of type [org.thymeleaf.util.PatternSpec]
17:48:03.860 [main] TRACE org.springframework.beans.CachedIntrospectionResults - Found bean property 'CSSTemplateModePatterns' of type [java.util.Set]
17:48:03.860 [main] TRACE org.springframework.beans.CachedIntrospectionResults - Found bean property 'applicationContext' of type [org.springframework.context.ApplicationContext]
17:48:03.860 [main] TRACE org.springframework.beans.CachedIntrospectionResults - Found bean property 'cacheTTLMs' of type [java.lang.Long]
17:48:03.860 [main] TRACE org.springframework.beans.CachedIntrospectionResults - Found bean property 'cacheable' of type [boolean]
17:48:03.860 [main] TRACE org.springframework.beans.CachedIntrospectionResults - Found bean property 'cacheablePatternSpec' of type [org.thymeleaf.util.PatternSpec]
17:48:03.860 [main] TRACE org.springframework.beans.CachedIntrospectionResults - Found bean property 'cacheablePatterns' of type [java.util.Set]
17:48:03.860 [main] TRACE org.springframework.beans.CachedIntrospectionResults - Found bean property 'characterEncoding' of type [java.lang.String]
17:48:03.860 [main] TRACE org.springframework.beans.CachedIntrospectionResults - Found bean property 'checkExistence' of type [boolean]
17:48:03.860 [main] TRACE org.springframework.beans.CachedIntrospectionResults - Found bean property 'class' of type [java.lang.Class]
17:48:03.860 [main] TRACE org.springframework.beans.CachedIntrospectionResults - Found bean property 'forceSuffix' of type [boolean]
17:48:03.860 [main] TRACE org.springframework.beans.CachedIntrospectionResults - Found bean property 'forceTemplateMode' of type [boolean]
17:48:03.860 [main] TRACE org.springframework.beans.CachedIntrospectionResults - Found bean property 'html5TemplateModePatternSpec' of type [org.thymeleaf.util.PatternSpec]
17:48:03.860 [main] TRACE org.springframework.beans.CachedIntrospectionResults - Found bean property 'html5TemplateModePatterns' of type [java.util.Set]
17:48:03.860 [main] TRACE org.springframework.beans.CachedIntrospectionResults - Found bean property 'htmlTemplateModePatternSpec' of type [org.thymeleaf.util.PatternSpec]
17:48:03.860 [main] TRACE org.springframework.beans.CachedIntrospectionResults - Found bean property 'htmlTemplateModePatterns' of type [java.util.Set]
17:48:03.860 [main] TRACE org.springframework.beans.CachedIntrospectionResults - Found bean property 'javaScriptTemplateModePatternSpec' of type [org.thymeleaf.util.PatternSpec]
17:48:03.860 [main] TRACE org.springframework.beans.CachedIntrospectionResults - Found bean property 'javaScriptTemplateModePatterns' of type [java.util.Set]
17:48:03.860 [main] TRACE org.springframework.beans.CachedIntrospectionResults - Found bean property 'legacyHtml5TemplateModePatternSpec' of type [org.thymeleaf.util.PatternSpec]
17:48:03.860 [main] TRACE org.springframework.beans.CachedIntrospectionResults - Found bean property 'legacyHtml5TemplateModePatterns' of type [java.util.Set]
17:48:03.860 [main] TRACE org.springframework.beans.CachedIntrospectionResults - Found bean property 'name' of type [java.lang.String]
17:48:03.860 [main] TRACE org.springframework.beans.CachedIntrospectionResults - Found bean property 'nonCacheablePatternSpec' of type [org.thymeleaf.util.PatternSpec]
17:48:03.860 [main] TRACE org.springframework.beans.CachedIntrospectionResults - Found bean property 'nonCacheablePatterns' of type [java.util.Set]
17:48:03.860 [main] TRACE org.springframework.beans.CachedIntrospectionResults - Found bean property 'order' of type [java.lang.Integer]
17:48:03.860 [main] TRACE org.springframework.beans.CachedIntrospectionResults - Found bean property 'prefix' of type [java.lang.String]
17:48:03.860 [main] TRACE org.springframework.beans.CachedIntrospectionResults - Found bean property 'rawTemplateModePatternSpec' of type [org.thymeleaf.util.PatternSpec]
17:48:03.860 [main] TRACE org.springframework.beans.CachedIntrospectionResults - Found bean property 'rawTemplateModePatterns' of type [java.util.Set]
17:48:03.860 [main] TRACE org.springframework.beans.CachedIntrospectionResults - Found bean property 'resolvablePatternSpec' of type [org.thymeleaf.util.PatternSpec]
17:48:03.860 [main] TRACE org.springframework.beans.CachedIntrospectionResults - Found bean property 'resolvablePatterns' of type [java.util.Set]
17:48:03.860 [main] TRACE org.springframework.beans.CachedIntrospectionResults - Found bean property 'suffix' of type [java.lang.String]
17:48:03.860 [main] TRACE org.springframework.beans.CachedIntrospectionResults - Found bean property 'templateAliases' of type [java.util.Map]
17:48:03.860 [main] TRACE org.springframework.beans.CachedIntrospectionResults - Found bean property 'templateMode' of type [org.thymeleaf.templatemode.TemplateMode]
17:48:03.860 [main] TRACE org.springframework.beans.CachedIntrospectionResults - Found bean property 'textTemplateModePatternSpec' of type [org.thymeleaf.util.PatternSpec]
17:48:03.861 [main] TRACE org.springframework.beans.CachedIntrospectionResults - Found bean property 'textTemplateModePatterns' of type [java.util.Set]
17:48:03.861 [main] TRACE org.springframework.beans.CachedIntrospectionResults - Found bean property 'useDecoupledLogic' of type [boolean]
17:48:03.861 [main] TRACE org.springframework.beans.CachedIntrospectionResults - Found bean property 'validXhtmlTemplateModePatternSpec' of type [org.thymeleaf.util.PatternSpec]
17:48:03.861 [main] TRACE org.springframework.beans.CachedIntrospectionResults - Found bean property 'validXhtmlTemplateModePatterns' of type [java.util.Set]
17:48:03.861 [main] TRACE org.springframework.beans.CachedIntrospectionResults - Found bean property 'validXmlTemplateModePatternSpec' of type [org.thymeleaf.util.PatternSpec]
17:48:03.861 [main] TRACE org.springframework.beans.CachedIntrospectionResults - Found bean property 'validXmlTemplateModePatterns' of type [java.util.Set]
17:48:03.861 [main] TRACE org.springframework.beans.CachedIntrospectionResults - Found bean property 'xhtmlTemplateModePatternSpec' of type [org.thymeleaf.util.PatternSpec]
17:48:03.861 [main] TRACE org.springframework.beans.CachedIntrospectionResults - Found bean property 'xhtmlTemplateModePatterns' of type [java.util.Set]
17:48:03.861 [main] TRACE org.springframework.beans.CachedIntrospectionResults - Found bean property 'xmlTemplateModePatternSpec' of type [org.thymeleaf.util.PatternSpec]
17:48:03.861 [main] TRACE org.springframework.beans.CachedIntrospectionResults - Found bean property 'xmlTemplateModePatterns' of type [java.util.Set]
17:48:03.866 [main] DEBUG org.springframework.beans.factory.support.DefaultListableBeanFactory - Returning cached instance of singleton bean 'org.springframework.transaction.config.internalTransactionAdvisor'
17:48:03.867 [main] DEBUG org.springframework.beans.factory.support.DefaultListableBeanFactory - Finished creating instance of bean 'templateResolver'
17:48:03.868 [main] DEBUG org.springframework.beans.factory.support.DefaultListableBeanFactory - Eagerly caching bean 'templateEngine' to allow for resolving potential circular references
17:48:03.868 [main] TRACE org.springframework.beans.CachedIntrospectionResults - Getting BeanInfo for class [org.thymeleaf.spring5.SpringTemplateEngine]
17:48:03.870 [main] TRACE org.springframework.beans.CachedIntrospectionResults - Caching PropertyDescriptors for class [org.thymeleaf.spring5.SpringTemplateEngine]
17:48:03.871 [main] TRACE org.springframework.beans.CachedIntrospectionResults - Found bean property 'additionalDialects' of type [java.util.Set]
17:48:03.877 [main] TRACE org.springframework.beans.CachedIntrospectionResults - Found bean property 'cacheManager' of type [org.thymeleaf.cache.ICacheManager]
17:48:03.877 [main] TRACE org.springframework.beans.CachedIntrospectionResults - Found bean property 'class' of type [java.lang.Class]
17:48:03.878 [main] TRACE org.springframework.beans.CachedIntrospectionResults - Found bean property 'configuration' of type [org.thymeleaf.IEngineConfiguration]
17:48:03.878 [main] TRACE org.springframework.beans.CachedIntrospectionResults - Found bean property 'decoupledTemplateLogicResolver' of type [org.thymeleaf.templateparser.markup.decoupled.IDecoupledTemplateLogicResolver]
17:48:03.878 [main] TRACE org.springframework.beans.CachedIntrospectionResults - Found bean property 'dialect' of type [org.thymeleaf.dialect.IDialect]
17:48:03.879 [main] TRACE org.springframework.beans.CachedIntrospectionResults - Found bean property 'dialects' of type [java.util.Set]
17:48:03.879 [main] TRACE org.springframework.beans.CachedIntrospectionResults - Found bean property 'dialectsByPrefix' of type [java.util.Map]
17:48:03.879 [main] TRACE org.springframework.beans.CachedIntrospectionResults - Found bean property 'enableSpringELCompiler' of type [boolean]
17:48:03.880 [main] TRACE org.springframework.beans.CachedIntrospectionResults - Found bean property 'engineContextFactory' of type [org.thymeleaf.context.IEngineContextFactory]
17:48:03.880 [main] TRACE org.springframework.beans.CachedIntrospectionResults - Found bean property 'initialized' of type [boolean]
17:48:03.880 [main] TRACE org.springframework.beans.CachedIntrospectionResults - Found bean property 'linkBuilder' of type [org.thymeleaf.linkbuilder.ILinkBuilder]
17:48:03.880 [main] TRACE org.springframework.beans.CachedIntrospectionResults - Found bean property 'linkBuilders' of type [java.util.Set]
17:48:03.881 [main] TRACE org.springframework.beans.CachedIntrospectionResults - Found bean property 'messageResolver' of type [org.thymeleaf.messageresolver.IMessageResolver]
17:48:03.881 [main] TRACE org.springframework.beans.CachedIntrospectionResults - Found bean property 'messageResolvers' of type [java.util.Set]
17:48:03.881 [main] TRACE org.springframework.beans.CachedIntrospectionResults - Found bean property 'messageSource' of type [org.springframework.context.MessageSource]
17:48:03.881 [main] TRACE org.springframework.beans.CachedIntrospectionResults - Found bean property 'templateEngineMessageSource' of type [org.springframework.context.MessageSource]
17:48:03.881 [main] TRACE org.springframework.beans.CachedIntrospectionResults - Found bean property 'templateResolver' of type [org.thymeleaf.templateresolver.ITemplateResolver]
17:48:03.881 [main] TRACE org.springframework.beans.CachedIntrospectionResults - Found bean property 'templateResolvers' of type [java.util.Set]
17:48:03.883 [main] DEBUG org.springframework.beans.factory.support.DefaultListableBeanFactory - Returning cached instance of singleton bean 'org.springframework.transaction.config.internalTransactionAdvisor'
17:48:03.884 [main] DEBUG org.springframework.beans.factory.support.DefaultListableBeanFactory - Finished creating instance of bean 'templateEngine'
17:48:03.885 [main] DEBUG org.springframework.beans.factory.support.DefaultListableBeanFactory - Eagerly caching bean 'viewResolver' to allow for resolving potential circular references
17:48:03.885 [main] TRACE org.springframework.beans.CachedIntrospectionResults - Getting BeanInfo for class [org.thymeleaf.spring5.view.ThymeleafViewResolver]
17:48:03.887 [main] TRACE org.springframework.beans.CachedIntrospectionResults - Caching PropertyDescriptors for class [org.thymeleaf.spring5.view.ThymeleafViewResolver]
17:48:03.887 [main] TRACE org.springframework.beans.CachedIntrospectionResults - Found bean property 'alwaysProcessRedirectAndForward' of type [boolean]
17:48:03.887 [main] TRACE org.springframework.beans.CachedIntrospectionResults - Found bean property 'applicationContext' of type [org.springframework.context.ApplicationContext]
17:48:03.887 [main] TRACE org.springframework.beans.CachedIntrospectionResults - Found bean property 'cache' of type [boolean]
17:48:03.887 [main] TRACE org.springframework.beans.CachedIntrospectionResults - Found bean property 'cacheLimit' of type [int]
17:48:03.887 [main] TRACE org.springframework.beans.CachedIntrospectionResults - Found bean property 'cacheUnresolved' of type [boolean]
17:48:03.887 [main] TRACE org.springframework.beans.CachedIntrospectionResults - Found bean property 'characterEncoding' of type [java.lang.String]
17:48:03.887 [main] TRACE org.springframework.beans.CachedIntrospectionResults - Found bean property 'class' of type [java.lang.Class]
17:48:03.887 [main] TRACE org.springframework.beans.CachedIntrospectionResults - Found bean property 'contentType' of type [java.lang.String]
17:48:03.887 [main] TRACE org.springframework.beans.CachedIntrospectionResults - Found bean property 'excludedViewNames' of type [[Ljava.lang.String;]
17:48:03.887 [main] TRACE org.springframework.beans.CachedIntrospectionResults - Found bean property 'forceContentType' of type [boolean]
17:48:03.887 [main] TRACE org.springframework.beans.CachedIntrospectionResults - Found bean property 'order' of type [int]
17:48:03.887 [main] TRACE org.springframework.beans.CachedIntrospectionResults - Found bean property 'redirectContextRelative' of type [boolean]
17:48:03.887 [main] TRACE org.springframework.beans.CachedIntrospectionResults - Found bean property 'redirectHttp10Compatible' of type [boolean]
17:48:03.887 [main] TRACE org.springframework.beans.CachedIntrospectionResults - Found bean property 'servletContext' of type [javax.servlet.ServletContext]
17:48:03.887 [main] TRACE org.springframework.beans.CachedIntrospectionResults - Found bean property 'staticVariables' of type [java.util.Map]
17:48:03.887 [main] TRACE org.springframework.beans.CachedIntrospectionResults - Found bean property 'templateEngine' of type [org.thymeleaf.spring5.ISpringTemplateEngine]
17:48:03.887 [main] TRACE org.springframework.beans.CachedIntrospectionResults - Found bean property 'viewClass' of type [java.lang.Class]
17:48:03.887 [main] TRACE org.springframework.beans.CachedIntrospectionResults - Found bean property 'viewNames' of type [[Ljava.lang.String;]
17:48:03.889 [main] DEBUG org.springframework.beans.factory.support.DefaultListableBeanFactory - Returning cached instance of singleton bean 'org.springframework.transaction.config.internalTransactionAdvisor'
17:48:03.889 [main] DEBUG org.springframework.beans.factory.support.DefaultListableBeanFactory - Finished creating instance of bean 'viewResolver'
17:48:03.889 [main] DEBUG org.springframework.beans.factory.support.DefaultListableBeanFactory - Returning cached instance of singleton bean 'templateEngine'
17:48:03.889 [main] DEBUG org.springframework.beans.factory.support.DefaultListableBeanFactory - Returning cached instance of singleton bean 'templateResolver'
17:48:03.889 [main] DEBUG org.springframework.beans.factory.support.DefaultListableBeanFactory - Creating shared instance of singleton bean 'localeResolver'
17:48:03.889 [main] DEBUG org.springframework.beans.factory.support.DefaultListableBeanFactory - Creating instance of bean 'localeResolver'
17:48:03.889 [main] DEBUG org.springframework.beans.factory.support.DefaultListableBeanFactory - Returning cached instance of singleton bean 'appConfig'
17:48:03.890 [main] DEBUG org.springframework.beans.factory.support.DefaultListableBeanFactory - Eagerly caching bean 'localeResolver' to allow for resolving potential circular references
17:48:03.890 [main] TRACE org.springframework.beans.CachedIntrospectionResults - Getting BeanInfo for class [org.springframework.web.servlet.i18n.SessionLocaleResolver]
17:48:03.892 [main] TRACE org.springframework.beans.CachedIntrospectionResults - Caching PropertyDescriptors for class [org.springframework.web.servlet.i18n.SessionLocaleResolver]
17:48:03.892 [main] TRACE org.springframework.beans.CachedIntrospectionResults - Found bean property 'class' of type [java.lang.Class]
17:48:03.892 [main] TRACE org.springframework.beans.CachedIntrospectionResults - Found bean property 'defaultLocale' of type [java.util.Locale]
17:48:03.892 [main] TRACE org.springframework.beans.CachedIntrospectionResults - Found bean property 'defaultTimeZone' of type [java.util.TimeZone]
17:48:03.892 [main] TRACE org.springframework.beans.CachedIntrospectionResults - Found bean property 'localeAttributeName' of type [java.lang.String]
17:48:03.892 [main] TRACE org.springframework.beans.CachedIntrospectionResults - Found bean property 'timeZoneAttributeName' of type [java.lang.String]
17:48:03.893 [main] DEBUG org.springframework.beans.factory.support.DefaultListableBeanFactory - Returning cached instance of singleton bean 'org.springframework.transaction.config.internalTransactionAdvisor'
17:48:03.893 [main] DEBUG org.springframework.beans.factory.support.DefaultListableBeanFactory - Finished creating instance of bean 'localeResolver'
17:48:03.893 [main] DEBUG org.springframework.beans.factory.support.DefaultListableBeanFactory - Returning cached instance of singleton bean 'org.springframework.transaction.annotation.ProxyTransactionManagementConfiguration'
17:48:03.893 [main] DEBUG org.springframework.beans.factory.support.DefaultListableBeanFactory - Returning cached instance of singleton bean 'org.springframework.transaction.config.internalTransactionAdvisor'
17:48:03.893 [main] DEBUG org.springframework.beans.factory.support.DefaultListableBeanFactory - Returning cached instance of singleton bean 'transactionAttributeSource'
17:48:03.893 [main] DEBUG org.springframework.beans.factory.support.DefaultListableBeanFactory - Returning cached instance of singleton bean 'transactionInterceptor'
17:48:03.893 [main] DEBUG org.springframework.beans.factory.support.DefaultListableBeanFactory - Creating shared instance of singleton bean 'org.springframework.transaction.config.internalTransactionalEventListenerFactory'
17:48:03.893 [main] DEBUG org.springframework.beans.factory.support.DefaultListableBeanFactory - Creating instance of bean 'org.springframework.transaction.config.internalTransactionalEventListenerFactory'
17:48:03.894 [main] DEBUG org.springframework.beans.factory.support.DefaultListableBeanFactory - Returning cached instance of singleton bean 'org.springframework.transaction.annotation.ProxyTransactionManagementConfiguration'
17:48:03.897 [main] DEBUG org.springframework.beans.factory.support.DefaultListableBeanFactory - Eagerly caching bean 'org.springframework.transaction.config.internalTransactionalEventListenerFactory' to allow for resolving potential circular references
17:48:03.897 [main] TRACE org.springframework.beans.CachedIntrospectionResults - Getting BeanInfo for class [org.springframework.transaction.event.TransactionalEventListenerFactory]
17:48:03.898 [main] TRACE org.springframework.beans.CachedIntrospectionResults - Caching PropertyDescriptors for class [org.springframework.transaction.event.TransactionalEventListenerFactory]
17:48:03.898 [main] TRACE org.springframework.beans.CachedIntrospectionResults - Found bean property 'class' of type [java.lang.Class]
17:48:03.898 [main] TRACE org.springframework.beans.CachedIntrospectionResults - Found bean property 'order' of type [int]
17:48:03.899 [main] DEBUG org.springframework.beans.factory.support.DefaultListableBeanFactory - Returning cached instance of singleton bean 'org.springframework.transaction.config.internalTransactionAdvisor'
17:48:03.899 [main] DEBUG org.springframework.beans.factory.support.DefaultListableBeanFactory - Finished creating instance of bean 'org.springframework.transaction.config.internalTransactionalEventListenerFactory'
17:48:03.899 [main] DEBUG org.springframework.beans.factory.support.DefaultListableBeanFactory - Returning cached instance of singleton bean 'DataSourceBean'
17:48:03.899 [main] DEBUG org.springframework.beans.factory.support.DefaultListableBeanFactory - Returning cached instance of singleton bean 'SessionFactory'
17:48:03.899 [main] DEBUG org.springframework.beans.factory.support.DefaultListableBeanFactory - Returning cached instance of singleton bean 'getDevLocaleDAO'
17:48:03.899 [main] DEBUG org.springframework.beans.factory.support.DefaultListableBeanFactory - Returning cached instance of singleton bean 'SessionFactory'
17:48:03.899 [main] DEBUG org.springframework.beans.factory.support.DefaultListableBeanFactory - Creating shared instance of singleton bean 'transactionManager'
17:48:03.899 [main] DEBUG org.springframework.beans.factory.support.DefaultListableBeanFactory - Creating instance of bean 'transactionManager'
17:48:03.899 [main] DEBUG org.springframework.beans.factory.support.DefaultListableBeanFactory - Returning cached instance of singleton bean 'dataAccessConfig'
17:48:03.899 [main] DEBUG org.springframework.beans.factory.support.DefaultListableBeanFactory - Returning cached instance of singleton bean 'SessionFactory'
17:48:03.899 [main] DEBUG org.springframework.beans.factory.support.DefaultListableBeanFactory - Autowiring by type from bean name 'transactionManager' via factory method to bean named 'SessionFactory'
17:48:03.902 [main] DEBUG org.springframework.beans.factory.support.DefaultListableBeanFactory - Returning cached instance of singleton bean 'DataSourceBean'
17:48:03.904 [main] DEBUG org.springframework.beans.factory.support.DefaultListableBeanFactory - Eagerly caching bean 'transactionManager' to allow for resolving potential circular references
17:48:03.904 [main] TRACE org.springframework.beans.CachedIntrospectionResults - Getting BeanInfo for class [org.springframework.orm.hibernate5.HibernateTransactionManager]
17:48:03.905 [main] TRACE org.springframework.beans.CachedIntrospectionResults - Caching PropertyDescriptors for class [org.springframework.orm.hibernate5.HibernateTransactionManager]
17:48:03.905 [main] TRACE org.springframework.beans.CachedIntrospectionResults - Found bean property 'allowResultAccessAfterCompletion' of type [boolean]
17:48:03.906 [main] TRACE org.springframework.beans.CachedIntrospectionResults - Found bean property 'autodetectDataSource' of type [boolean]
17:48:03.906 [main] TRACE org.springframework.beans.CachedIntrospectionResults - Found bean property 'beanFactory' of type [org.springframework.beans.factory.BeanFactory]
17:48:03.906 [main] TRACE org.springframework.beans.CachedIntrospectionResults - Found bean property 'class' of type [java.lang.Class]
17:48:03.906 [main] TRACE org.springframework.beans.CachedIntrospectionResults - Found bean property 'dataSource' of type [javax.sql.DataSource]
17:48:03.906 [main] TRACE org.springframework.beans.CachedIntrospectionResults - Found bean property 'defaultTimeout' of type [int]
17:48:03.906 [main] TRACE org.springframework.beans.CachedIntrospectionResults - Found bean property 'entityInterceptor' of type [org.hibernate.Interceptor]
17:48:03.906 [main] TRACE org.springframework.beans.CachedIntrospectionResults - Found bean property 'entityInterceptorBeanName' of type [java.lang.String]
17:48:03.906 [main] TRACE org.springframework.beans.CachedIntrospectionResults - Found bean property 'failEarlyOnGlobalRollbackOnly' of type [boolean]
17:48:03.906 [main] TRACE org.springframework.beans.CachedIntrospectionResults - Found bean property 'globalRollbackOnParticipationFailure' of type [boolean]
17:48:03.906 [main] TRACE org.springframework.beans.CachedIntrospectionResults - Found bean property 'hibernateManagedSession' of type [boolean]
17:48:03.906 [main] TRACE org.springframework.beans.CachedIntrospectionResults - Found bean property 'nestedTransactionAllowed' of type [boolean]
17:48:03.906 [main] TRACE org.springframework.beans.CachedIntrospectionResults - Found bean property 'prepareConnection' of type [boolean]
17:48:03.906 [main] TRACE org.springframework.beans.CachedIntrospectionResults - Found bean property 'resourceFactory' of type [java.lang.Object]
17:48:03.906 [main] TRACE org.springframework.beans.CachedIntrospectionResults - Found bean property 'rollbackOnCommitFailure' of type [boolean]
17:48:03.906 [main] TRACE org.springframework.beans.CachedIntrospectionResults - Found bean property 'sessionFactory' of type [org.hibernate.SessionFactory]
17:48:03.906 [main] TRACE org.springframework.beans.CachedIntrospectionResults - Found bean property 'transactionSynchronization' of type [int]
17:48:03.906 [main] TRACE org.springframework.beans.CachedIntrospectionResults - Found bean property 'transactionSynchronizationName' of type [java.lang.String]
17:48:03.906 [main] TRACE org.springframework.beans.CachedIntrospectionResults - Found bean property 'validateExistingTransaction' of type [boolean]
17:48:03.907 [main] DEBUG org.springframework.beans.factory.support.DefaultListableBeanFactory - Invoking afterPropertiesSet() on bean with name 'transactionManager'
17:48:03.908 [main] DEBUG org.springframework.beans.factory.support.DefaultListableBeanFactory - Returning cached instance of singleton bean 'org.springframework.transaction.config.internalTransactionAdvisor'
17:48:03.908 [main] DEBUG org.springframework.beans.factory.support.DefaultListableBeanFactory - Finished creating instance of bean 'transactionManager'
17:48:03.908 [main] DEBUG org.springframework.beans.factory.support.DefaultListableBeanFactory - Returning cached instance of singleton bean 'org.springframework.aop.config.internalAutoProxyCreator'
17:48:03.909 [main] DEBUG org.springframework.beans.factory.support.DefaultListableBeanFactory - Returning cached instance of singleton bean 'org.springframework.context.event.internalEventListenerFactory'
17:48:03.909 [main] DEBUG org.springframework.beans.factory.support.DefaultListableBeanFactory - Returning cached instance of singleton bean 'org.springframework.transaction.config.internalTransactionalEventListenerFactory'
17:48:03.910 [main] TRACE org.springframework.context.event.EventListenerMethodProcessor - No @EventListener annotations found on bean class: org.springframework.context.annotation.ConfigurationClassPostProcessor
17:48:03.910 [main] TRACE org.springframework.context.event.EventListenerMethodProcessor - No @EventListener annotations found on bean class: org.springframework.beans.factory.annotation.AutowiredAnnotationBeanPostProcessor
17:48:03.911 [main] TRACE org.springframework.context.event.EventListenerMethodProcessor - No @EventListener annotations found on bean class: org.springframework.beans.factory.annotation.RequiredAnnotationBeanPostProcessor
17:48:03.912 [main] TRACE org.springframework.context.event.EventListenerMethodProcessor - No @EventListener annotations found on bean class: org.springframework.context.annotation.CommonAnnotationBeanPostProcessor
17:48:03.912 [main] TRACE org.springframework.context.event.EventListenerMethodProcessor - No @EventListener annotations found on bean class: org.springframework.orm.jpa.support.PersistenceAnnotationBeanPostProcessor
17:48:03.912 [main] TRACE org.springframework.context.event.EventListenerMethodProcessor - No @EventListener annotations found on bean class: org.springframework.context.event.EventListenerMethodProcessor
17:48:03.912 [main] TRACE org.springframework.context.event.EventListenerMethodProcessor - No @EventListener annotations found on bean class: org.springframework.context.event.DefaultEventListenerFactory
17:48:03.913 [main] TRACE org.springframework.context.event.EventListenerMethodProcessor - No @EventListener annotations found on bean class: com.soft.config.AppConfig$$EnhancerBySpringCGLIB$$34de6d54
17:48:03.913 [main] TRACE org.springframework.context.event.EventListenerMethodProcessor - No @EventListener annotations found on bean class: com.soft.config.DataAccessConfig$$EnhancerBySpringCGLIB$$21eb830b
17:48:03.913 [main] TRACE org.springframework.context.event.EventListenerMethodProcessor - No @EventListener annotations found on bean class: com.soft.controller.EshopController
17:48:03.913 [main] TRACE org.springframework.context.event.EventListenerMethodProcessor - No @EventListener annotations found on bean class: com.soft.config.AppConfig$DBMessageSource
17:48:03.914 [main] TRACE org.springframework.context.event.EventListenerMethodProcessor - No @EventListener annotations found on bean class: org.springframework.web.servlet.config.annotation.DelegatingWebMvcConfiguration$$EnhancerBySpringCGLIB$$84bec1d7
17:48:03.914 [main] TRACE org.springframework.context.event.EventListenerMethodProcessor - No @EventListener annotations found on bean class: org.springframework.web.servlet.mvc.method.annotation.RequestMappingHandlerMapping
17:48:03.914 [main] TRACE org.springframework.context.event.EventListenerMethodProcessor - No @EventListener annotations found on bean class: org.springframework.util.AntPathMatcher
17:48:03.914 [main] TRACE org.springframework.context.event.EventListenerMethodProcessor - No @EventListener annotations found on bean class: org.springframework.web.util.UrlPathHelper
17:48:03.914 [main] TRACE org.springframework.context.event.EventListenerMethodProcessor - No @EventListener annotations found on bean class: org.springframework.web.accept.ContentNegotiationManager
17:48:03.914 [main] TRACE org.springframework.context.event.EventListenerMethodProcessor - No @EventListener annotations found on bean class: org.springframework.web.servlet.config.annotation.WebMvcConfigurationSupport$EmptyHandlerMapping
17:48:03.914 [main] TRACE org.springframework.context.event.EventListenerMethodProcessor - No @EventListener annotations found on bean class: org.springframework.web.servlet.handler.BeanNameUrlHandlerMapping
17:48:03.915 [main] TRACE org.springframework.context.event.EventListenerMethodProcessor - No @EventListener annotations found on bean class: org.springframework.web.servlet.handler.SimpleUrlHandlerMapping
17:48:03.915 [main] TRACE org.springframework.context.event.EventListenerMethodProcessor - No @EventListener annotations found on bean class: org.springframework.web.servlet.resource.ResourceUrlProvider
17:48:03.915 [main] TRACE org.springframework.context.event.EventListenerMethodProcessor - No @EventListener annotations found on bean class: org.springframework.web.servlet.mvc.method.annotation.RequestMappingHandlerAdapter
17:48:03.915 [main] TRACE org.springframework.context.event.EventListenerMethodProcessor - No @EventListener annotations found on bean class: org.springframework.format.support.DefaultFormattingConversionService
17:48:03.915 [main] TRACE org.springframework.context.event.EventListenerMethodProcessor - No @EventListener annotations found on bean class: org.springframework.web.servlet.config.annotation.WebMvcConfigurationSupport$NoOpValidator
17:48:03.915 [main] TRACE org.springframework.context.event.EventListenerMethodProcessor - No @EventListener annotations found on bean class: org.springframework.web.method.support.CompositeUriComponentsContributor
17:48:03.915 [main] TRACE org.springframework.context.event.EventListenerMethodProcessor - No @EventListener annotations found on bean class: org.springframework.web.servlet.mvc.HttpRequestHandlerAdapter
17:48:03.915 [main] TRACE org.springframework.context.event.EventListenerMethodProcessor - No @EventListener annotations found on bean class: org.springframework.web.servlet.mvc.SimpleControllerHandlerAdapter
17:48:03.915 [main] TRACE org.springframework.context.event.EventListenerMethodProcessor - No @EventListener annotations found on bean class: org.springframework.web.servlet.handler.HandlerExceptionResolverComposite
17:48:03.915 [main] TRACE org.springframework.context.event.EventListenerMethodProcessor - No @EventListener annotations found on bean class: org.springframework.web.servlet.view.ViewResolverComposite
17:48:03.916 [main] TRACE org.springframework.context.event.EventListenerMethodProcessor - No @EventListener annotations found on bean class: org.springframework.web.servlet.handler.HandlerMappingIntrospector
17:48:03.916 [main] TRACE org.springframework.context.event.EventListenerMethodProcessor - No @EventListener annotations found on bean class: org.thymeleaf.spring5.view.ThymeleafViewResolver
17:48:03.916 [main] TRACE org.springframework.context.event.EventListenerMethodProcessor - No @EventListener annotations found on bean class: org.thymeleaf.spring5.SpringTemplateEngine
17:48:03.916 [main] TRACE org.springframework.context.event.EventListenerMethodProcessor - No @EventListener annotations found on bean class: org.thymeleaf.spring5.templateresolver.SpringResourceTemplateResolver
17:48:03.916 [main] TRACE org.springframework.context.event.EventListenerMethodProcessor - No @EventListener annotations found on bean class: org.springframework.web.servlet.i18n.SessionLocaleResolver
17:48:03.916 [main] TRACE org.springframework.context.event.EventListenerMethodProcessor - No @EventListener annotations found on bean class: org.springframework.transaction.annotation.ProxyTransactionManagementConfiguration$$EnhancerBySpringCGLIB$$bffddca1
17:48:03.916 [main] TRACE org.springframework.context.event.EventListenerMethodProcessor - No @EventListener annotations found on bean class: org.springframework.transaction.interceptor.BeanFactoryTransactionAttributeSourceAdvisor
17:48:03.916 [main] TRACE org.springframework.context.event.EventListenerMethodProcessor - No @EventListener annotations found on bean class: org.springframework.transaction.annotation.AnnotationTransactionAttributeSource
17:48:03.917 [main] TRACE org.springframework.context.event.EventListenerMethodProcessor - No @EventListener annotations found on bean class: org.springframework.transaction.interceptor.TransactionInterceptor
17:48:03.917 [main] TRACE org.springframework.context.event.EventListenerMethodProcessor - No @EventListener annotations found on bean class: org.springframework.transaction.event.TransactionalEventListenerFactory
17:48:03.917 [main] TRACE org.springframework.context.event.EventListenerMethodProcessor - No @EventListener annotations found on bean class: org.apache.commons.dbcp2.BasicDataSource
17:48:03.917 [main] TRACE org.springframework.context.event.EventListenerMethodProcessor - No @EventListener annotations found on bean class: org.hibernate.internal.SessionFactoryImpl
17:48:03.917 [main] TRACE org.springframework.context.event.EventListenerMethodProcessor - No @EventListener annotations found on bean class: com.soft.dao.EshopDAOImpl
17:48:03.918 [main] TRACE org.springframework.context.event.EventListenerMethodProcessor - No @EventListener annotations found on bean class: org.springframework.orm.hibernate5.HibernateTransactionManager
17:48:03.918 [main] TRACE org.springframework.context.event.EventListenerMethodProcessor - No @EventListener annotations found on bean class: org.springframework.aop.framework.autoproxy.InfrastructureAdvisorAutoProxyCreator
17:48:03.920 [main] TRACE org.springframework.context.event.EventListenerMethodProcessor - No @EventListener annotations found on bean class: org.springframework.web.context.support.StandardServletEnvironment
17:48:03.920 [main] TRACE org.springframework.context.event.EventListenerMethodProcessor - No @EventListener annotations found on bean class: java.util.Properties
17:48:03.920 [main] TRACE org.springframework.context.event.EventListenerMethodProcessor - No @EventListener annotations found on bean class: java.util.Collections$UnmodifiableMap
17:48:03.922 [main] TRACE org.springframework.context.event.EventListenerMethodProcessor - No @EventListener annotations found on bean class: org.springframework.mock.web.MockServletContext
17:48:03.923 [main] TRACE org.springframework.context.event.EventListenerMethodProcessor - No @EventListener annotations found on bean class: org.springframework.context.annotation.ConfigurationClassParser$ImportStack
17:48:03.923 [main] TRACE org.springframework.context.event.EventListenerMethodProcessor - No @EventListener annotations found on bean class: org.springframework.context.event.SimpleApplicationEventMulticaster
17:48:03.924 [main] DEBUG org.springframework.web.context.support.GenericWebApplicationContext - Unable to locate LifecycleProcessor with name 'lifecycleProcessor': using default [org.springframework.context.support.DefaultLifecycleProcessor@4b862408]
17:48:03.924 [main] DEBUG org.springframework.beans.factory.support.DefaultListableBeanFactory - Returning cached instance of singleton bean 'lifecycleProcessor'
17:48:03.925 [main] TRACE org.springframework.web.context.support.GenericWebApplicationContext - Publishing event in org.springframework.web.context.support.GenericWebApplicationContext@d2de489: org.springframework.context.event.ContextRefreshedEvent[source=org.springframework.web.context.support.GenericWebApplicationContext@d2de489: startup date [Thu Feb 06 17:48:01 MSK 2020]; root of context hierarchy]
17:48:03.926 [main] DEBUG org.springframework.beans.factory.support.DefaultListableBeanFactory - Returning cached instance of singleton bean 'mvcResourceUrlProvider'
17:48:03.926 [main] DEBUG org.springframework.web.servlet.resource.ResourceUrlProvider - Looking for resource handler mappings
17:48:03.927 [main] DEBUG org.springframework.beans.factory.support.DefaultListableBeanFactory - Returning cached instance of singleton bean 'resourceHandlerMapping'
17:48:03.927 [main] DEBUG org.springframework.web.servlet.resource.ResourceUrlProvider - Found resource handler mapping: URL pattern="/img/**", locations=[class path resource [static/img/]], resolvers=[org.springframework.web.servlet.resource.PathResourceResolver@721d8ab5]
17:48:03.927 [main] DEBUG org.springframework.web.servlet.resource.ResourceUrlProvider - Found resource handler mapping: URL pattern="/css/**", locations=[class path resource [static/css/]], resolvers=[org.springframework.web.servlet.resource.PathResourceResolver@33bb3f86]
17:48:03.927 [main] DEBUG org.springframework.web.servlet.resource.ResourceUrlProvider - Found resource handler mapping: URL pattern="/js/**", locations=[class path resource [static/js/]], resolvers=[org.springframework.web.servlet.resource.PathResourceResolver@1946384]
17:48:03.927 [main] TRACE org.springframework.core.env.PropertySourcesPropertyResolver - Searching for key 'spring.liveBeansView.mbeanDomain' in PropertySource 'servletConfigInitParams'
17:48:03.927 [main] TRACE org.springframework.core.env.PropertySourcesPropertyResolver - Searching for key 'spring.liveBeansView.mbeanDomain' in PropertySource 'servletContextInitParams'
17:48:03.928 [main] TRACE org.springframework.core.env.PropertySourcesPropertyResolver - Searching for key 'spring.liveBeansView.mbeanDomain' in PropertySource 'systemProperties'
17:48:03.928 [main] TRACE org.springframework.core.env.PropertySourcesPropertyResolver - Searching for key 'spring.liveBeansView.mbeanDomain' in PropertySource 'systemEnvironment'
17:48:03.928 [main] TRACE org.springframework.core.env.PropertySourcesPropertyResolver - Could not find key 'spring.liveBeansView.mbeanDomain' in any property source
17:48:03.929 [main] DEBUG org.springframework.test.context.cache.DefaultCacheAwareContextLoaderDelegate - Storing ApplicationContext [221111433] in cache under key [[WebMergedContextConfiguration@6a8658ff testClass = EshopDAOImplTest, locations = '{}', classes = '{class com.soft.config.AppConfig, class com.soft.config.DataAccessConfig}', contextInitializerClasses = '[]', activeProfiles = '{development}', propertySourceLocations = '{}', propertySourceProperties = '{}', contextCustomizers = set[[empty]], resourceBasePath = 'src/main/webapp', contextLoader = 'org.springframework.test.context.web.WebDelegatingSmartContextLoader', parent = [null]]]
17:48:03.929 [main] DEBUG org.springframework.test.context.cache - Spring test ApplicationContext cache statistics: [DefaultContextCache@16a5c7e4 size = 1, maxSize = 32, parentContextCount = 0, hitCount = 0, missCount = 1]
17:48:03.929 [main] DEBUG org.springframework.test.context.web.ServletTestExecutionListener - Setting up MockHttpServletRequest, MockHttpServletResponse, ServletWebRequest, and RequestContextHolder for test context [DefaultTestContext@3feb2dda testClass = EshopDAOImplTest, testInstance = com.soft.dao.EshopDAOImplTest@60f00693, testMethod = [null], testException = [null], mergedContextConfiguration = [WebMergedContextConfiguration@6a8658ff testClass = EshopDAOImplTest, locations = '{}', classes = '{class com.soft.config.AppConfig, class com.soft.config.DataAccessConfig}', contextInitializerClasses = '[]', activeProfiles = '{development}', propertySourceLocations = '{}', propertySourceProperties = '{}', contextCustomizers = set[[empty]], resourceBasePath = 'src/main/webapp', contextLoader = 'org.springframework.test.context.web.WebDelegatingSmartContextLoader', parent = [null]], attributes = map[[empty]]].
17:48:03.943 [main] DEBUG org.springframework.test.context.support.DependencyInjectionTestExecutionListener - Performing dependency injection for test context [[DefaultTestContext@3feb2dda testClass = EshopDAOImplTest, testInstance = com.soft.dao.EshopDAOImplTest@60f00693, testMethod = [null], testException = [null], mergedContextConfiguration = [WebMergedContextConfiguration@6a8658ff testClass = EshopDAOImplTest, locations = '{}', classes = '{class com.soft.config.AppConfig, class com.soft.config.DataAccessConfig}', contextInitializerClasses = '[]', activeProfiles = '{development}', propertySourceLocations = '{}', propertySourceProperties = '{}', contextCustomizers = set[[empty]], resourceBasePath = 'src/main/webapp', contextLoader = 'org.springframework.test.context.web.WebDelegatingSmartContextLoader', parent = [null]], attributes = map['org.springframework.test.context.web.ServletTestExecutionListener.populatedRequestContextHolder' -> true, 'org.springframework.test.context.web.ServletTestExecutionListener.resetRequestContextHolder' -> true]]].
17:48:03.943 [main] DEBUG org.springframework.test.context.cache.DefaultCacheAwareContextLoaderDelegate - Retrieved ApplicationContext [221111433] from cache with key [[WebMergedContextConfiguration@6a8658ff testClass = EshopDAOImplTest, locations = '{}', classes = '{class com.soft.config.AppConfig, class com.soft.config.DataAccessConfig}', contextInitializerClasses = '[]', activeProfiles = '{development}', propertySourceLocations = '{}', propertySourceProperties = '{}', contextCustomizers = set[[empty]], resourceBasePath = 'src/main/webapp', contextLoader = 'org.springframework.test.context.web.WebDelegatingSmartContextLoader', parent = [null]]]
17:48:03.944 [main] DEBUG org.springframework.test.context.cache - Spring test ApplicationContext cache statistics: [DefaultContextCache@16a5c7e4 size = 1, maxSize = 32, parentContextCount = 0, hitCount = 1, missCount = 1]
17:48:03.944 [main] TRACE org.springframework.beans.CachedIntrospectionResults - Getting BeanInfo for class [com.soft.dao.EshopDAOImplTest]
17:48:03.945 [main] TRACE org.springframework.beans.CachedIntrospectionResults - Caching PropertyDescriptors for class [com.soft.dao.EshopDAOImplTest]
17:48:03.945 [main] TRACE org.springframework.beans.CachedIntrospectionResults - Found bean property 'class' of type [java.lang.Class]
17:48:03.945 [main] DEBUG org.springframework.beans.factory.annotation.InjectionMetadata - Processing injected element of bean 'com.soft.dao.EshopDAOImplTest': AutowiredFieldElement for com.soft.dao.EshopDAOImpl com.soft.dao.EshopDAOImplTest.eshopDAOImpl
17:48:03.946 [main] DEBUG org.springframework.beans.factory.support.DefaultListableBeanFactory - Returning cached instance of singleton bean 'getDevLocaleDAO'
17:48:03.946 [main] DEBUG org.springframework.beans.factory.annotation.AutowiredAnnotationBeanPostProcessor - Autowiring by type from bean name 'com.soft.dao.EshopDAOImplTest' to bean named 'getDevLocaleDAO'
17:48:03.946 [main] DEBUG org.springframework.beans.factory.support.DefaultListableBeanFactory - Returning cached instance of singleton bean 'org.springframework.transaction.config.internalTransactionAdvisor'
17:48:03.947 [main] DEBUG org.springframework.test.context.cache.DefaultCacheAwareContextLoaderDelegate - Retrieved ApplicationContext [221111433] from cache with key [[WebMergedContextConfiguration@6a8658ff testClass = EshopDAOImplTest, locations = '{}', classes = '{class com.soft.config.AppConfig, class com.soft.config.DataAccessConfig}', contextInitializerClasses = '[]', activeProfiles = '{development}', propertySourceLocations = '{}', propertySourceProperties = '{}', contextCustomizers = set[[empty]], resourceBasePath = 'src/main/webapp', contextLoader = 'org.springframework.test.context.web.WebDelegatingSmartContextLoader', parent = [null]]]
17:48:03.947 [main] DEBUG org.springframework.test.context.cache - Spring test ApplicationContext cache statistics: [DefaultContextCache@16a5c7e4 size = 1, maxSize = 32, parentContextCount = 0, hitCount = 2, missCount = 1]
17:48:03.947 [main] TRACE org.springframework.web.context.support.GenericWebApplicationContext - Publishing event in org.springframework.web.context.support.GenericWebApplicationContext@d2de489: org.springframework.test.context.event.PrepareTestInstanceEvent[source=[DefaultTestContext@3feb2dda testClass = EshopDAOImplTest, testInstance = com.soft.dao.EshopDAOImplTest@60f00693, testMethod = [null], testException = [null], mergedContextConfiguration = [WebMergedContextConfiguration@6a8658ff testClass = EshopDAOImplTest, locations = '{}', classes = '{class com.soft.config.AppConfig, class com.soft.config.DataAccessConfig}', contextInitializerClasses = '[]', activeProfiles = '{development}', propertySourceLocations = '{}', propertySourceProperties = '{}', contextCustomizers = set[[empty]], resourceBasePath = 'src/main/webapp', contextLoader = 'org.springframework.test.context.web.WebDelegatingSmartContextLoader', parent = [null]], attributes = map['org.springframework.test.context.web.ServletTestExecutionListener.populatedRequestContextHolder' -> true, 'org.springframework.test.context.web.ServletTestExecutionListener.resetRequestContextHolder' -> true]]]
17:48:03.952 [main] TRACE org.springframework.test.context.TestContextManager - beforeTestMethod(): instance [com.soft.dao.EshopDAOImplTest@60f00693], method [public void com.soft.dao.EshopDAOImplTest.daoTest()]
17:48:03.953 [main] DEBUG org.springframework.test.context.support.AbstractDirtiesContextTestExecutionListener - Before test method: context [DefaultTestContext@3feb2dda testClass = EshopDAOImplTest, testInstance = com.soft.dao.EshopDAOImplTest@60f00693, testMethod = daoTest@EshopDAOImplTest, testException = [null], mergedContextConfiguration = [WebMergedContextConfiguration@6a8658ff testClass = EshopDAOImplTest, locations = '{}', classes = '{class com.soft.config.AppConfig, class com.soft.config.DataAccessConfig}', contextInitializerClasses = '[]', activeProfiles = '{development}', propertySourceLocations = '{}', propertySourceProperties = '{}', contextCustomizers = set[[empty]], resourceBasePath = 'src/main/webapp', contextLoader = 'org.springframework.test.context.web.WebDelegatingSmartContextLoader', parent = [null]], attributes = map['org.springframework.test.context.web.ServletTestExecutionListener.populatedRequestContextHolder' -> true, 'org.springframework.test.context.web.ServletTestExecutionListener.resetRequestContextHolder' -> true]], class annotated with @DirtiesContext [false] with mode [null], method annotated with @DirtiesContext [false] with mode [null].
17:48:03.957 [main] DEBUG org.springframework.test.context.cache.DefaultCacheAwareContextLoaderDelegate - Retrieved ApplicationContext [221111433] from cache with key [[WebMergedContextConfiguration@6a8658ff testClass = EshopDAOImplTest, locations = '{}', classes = '{class com.soft.config.AppConfig, class com.soft.config.DataAccessConfig}', contextInitializerClasses = '[]', activeProfiles = '{development}', propertySourceLocations = '{}', propertySourceProperties = '{}', contextCustomizers = set[[empty]], resourceBasePath = 'src/main/webapp', contextLoader = 'org.springframework.test.context.web.WebDelegatingSmartContextLoader', parent = [null]]]
17:48:03.957 [main] DEBUG org.springframework.test.context.cache - Spring test ApplicationContext cache statistics: [DefaultContextCache@16a5c7e4 size = 1, maxSize = 32, parentContextCount = 0, hitCount = 3, missCount = 1]
17:48:03.958 [main] TRACE org.springframework.web.context.support.GenericWebApplicationContext - Publishing event in org.springframework.web.context.support.GenericWebApplicationContext@d2de489: org.springframework.test.context.event.BeforeTestMethodEvent[source=[DefaultTestContext@3feb2dda testClass = EshopDAOImplTest, testInstance = com.soft.dao.EshopDAOImplTest@60f00693, testMethod = daoTest@EshopDAOImplTest, testException = [null], mergedContextConfiguration = [WebMergedContextConfiguration@6a8658ff testClass = EshopDAOImplTest, locations = '{}', classes = '{class com.soft.config.AppConfig, class com.soft.config.DataAccessConfig}', contextInitializerClasses = '[]', activeProfiles = '{development}', propertySourceLocations = '{}', propertySourceProperties = '{}', contextCustomizers = set[[empty]], resourceBasePath = 'src/main/webapp', contextLoader = 'org.springframework.test.context.web.WebDelegatingSmartContextLoader', parent = [null]], attributes = map['org.springframework.test.context.web.ServletTestExecutionListener.populatedRequestContextHolder' -> true, 'org.springframework.test.context.web.ServletTestExecutionListener.resetRequestContextHolder' -> true]]]
17:48:03.958 [main] TRACE org.springframework.test.context.TestContextManager - beforeTestExecution(): instance [com.soft.dao.EshopDAOImplTest@60f00693], method [public void com.soft.dao.EshopDAOImplTest.daoTest()]
17:48:03.959 [main] DEBUG org.springframework.test.context.cache.DefaultCacheAwareContextLoaderDelegate - Retrieved ApplicationContext [221111433] from cache with key [[WebMergedContextConfiguration@6a8658ff testClass = EshopDAOImplTest, locations = '{}', classes = '{class com.soft.config.AppConfig, class com.soft.config.DataAccessConfig}', contextInitializerClasses = '[]', activeProfiles = '{development}', propertySourceLocations = '{}', propertySourceProperties = '{}', contextCustomizers = set[[empty]], resourceBasePath = 'src/main/webapp', contextLoader = 'org.springframework.test.context.web.WebDelegatingSmartContextLoader', parent = [null]]]
17:48:03.960 [main] DEBUG org.springframework.test.context.cache - Spring test ApplicationContext cache statistics: [DefaultContextCache@16a5c7e4 size = 1, maxSize = 32, parentContextCount = 0, hitCount = 4, missCount = 1]
17:48:03.961 [main] TRACE org.springframework.web.context.support.GenericWebApplicationContext - Publishing event in org.springframework.web.context.support.GenericWebApplicationContext@d2de489: org.springframework.test.context.event.BeforeTestExecutionEvent[source=[DefaultTestContext@3feb2dda testClass = EshopDAOImplTest, testInstance = com.soft.dao.EshopDAOImplTest@60f00693, testMethod = daoTest@EshopDAOImplTest, testException = [null], mergedContextConfiguration = [WebMergedContextConfiguration@6a8658ff testClass = EshopDAOImplTest, locations = '{}', classes = '{class com.soft.config.AppConfig, class com.soft.config.DataAccessConfig}', contextInitializerClasses = '[]', activeProfiles = '{development}', propertySourceLocations = '{}', propertySourceProperties = '{}', contextCustomizers = set[[empty]], resourceBasePath = 'src/main/webapp', contextLoader = 'org.springframework.test.context.web.WebDelegatingSmartContextLoader', parent = [null]], attributes = map['org.springframework.test.context.web.ServletTestExecutionListener.populatedRequestContextHolder' -> true, 'org.springframework.test.context.web.ServletTestExecutionListener.resetRequestContextHolder' -> true]]]
17:48:03.963 [main] TRACE org.hibernate.internal.SessionFactoryImpl$SessionBuilderImpl - Opening Hibernate Session.  tenant=null, owner=null
17:48:04.001 [main] TRACE org.hibernate.service.internal.AbstractServiceRegistryImpl - Initializing service [role=org.hibernate.resource.transaction.spi.TransactionCoordinatorBuilder]
17:48:04.020 [main] TRACE org.hibernate.service.internal.AbstractServiceRegistryImpl - Initializing service [role=org.hibernate.stat.spi.StatisticsImplementor]
17:48:04.022 [main] DEBUG org.hibernate.stat.internal.StatisticsInitiator - Statistics initialized [enabled=false]
17:48:04.026 [main] TRACE org.hibernate.internal.SessionImpl - Opened Session [0bb6e1fd-3778-4ec3-81bb-4747c46675a4] at timestamp: 6475777982443520
17:48:04.028 [main] DEBUG org.hibernate.engine.transaction.internal.TransactionImpl - begin
17:48:04.028 [main] TRACE org.hibernate.resource.jdbc.internal.AbstractLogicalConnectionImplementor - Preparing to begin transaction via JDBC Connection.setAutoCommit(false)
17:48:04.029 [main] TRACE org.hibernate.resource.jdbc.internal.AbstractLogicalConnectionImplementor - Transaction begun via JDBC Connection.setAutoCommit(false)
17:48:04.029 [main] TRACE org.hibernate.resource.transaction.backend.jdbc.internal.JdbcResourceLocalTransactionCoordinatorImpl - ResourceLocalTransactionCoordinatorImpl#afterBeginCallback
17:48:04.036 [main] TRACE org.hibernate.engine.query.spi.QueryPlanCache - Unable to locate HQL query plan in cache; generating (select count(*) from person)
17:48:04.040 [main] TRACE org.hibernate.service.internal.AbstractServiceRegistryImpl - Initializing service [role=org.hibernate.hql.spi.QueryTranslatorFactory]
17:48:04.042 [main] DEBUG org.hibernate.hql.internal.QueryTranslatorFactoryInitiator - QueryTranslatorFactory : org.hibernate.hql.internal.ast.ASTQueryTranslatorFactory@59838256
17:48:04.042 [main] INFO  org.hibernate.hql.internal.QueryTranslatorFactoryInitiator - HHH000397: Using ASTQueryTranslatorFactory
17:48:04.065 [main] DEBUG org.hibernate.hql.internal.ast.QueryTranslatorImpl - parse() - HQL: select count(*) from com.soft.entity.person
17:48:04.068 [main] DEBUG org.hibernate.hql.internal.ast.ErrorCounter - throwQueryException() : no errors
17:48:04.069 [main] DEBUG org.hibernate.hql.internal.ast.QueryTranslatorImpl - --- HQL AST ---
 \-[QUERY] Node: 'query'
    \-[SELECT_FROM] Node: 'SELECT_FROM'
       +-[FROM] Node: 'from'
       |  \-[RANGE] Node: 'RANGE'
       |     \-[DOT] Node: '.'
       |        +-[DOT] Node: '.'
       |        |  +-[DOT] Node: '.'
       |        |  |  +-[IDENT] Node: 'com'
       |        |  |  \-[IDENT] Node: 'soft'
       |        |  \-[IDENT] Node: 'entity'
       |        \-[IDENT] Node: 'person'
       \-[SELECT] Node: 'select'
          \-[COUNT] Node: 'count'
             \-[ROW_STAR] Node: '*'

17:48:04.085 [main] DEBUG org.hibernate.hql.internal.antlr.HqlSqlBaseWalker - select << begin [level=1, statement=select]
17:48:04.095 [main] DEBUG org.hibernate.hql.internal.ast.tree.FromElement - FromClause{level=1} : com.soft.entity.person (<no alias>) -> person0_
17:48:04.097 [main] DEBUG org.hibernate.hql.internal.antlr.HqlSqlBaseWalker - select : finishing up [level=1, statement=select]
17:48:04.097 [main] DEBUG org.hibernate.hql.internal.ast.HqlSqlWalker - processQuery() :  ( SELECT ( {select clause} ( count * ) ) ( FromClause{level=1} PERSON person0_ ) )
17:48:04.101 [main] DEBUG org.hibernate.hql.internal.ast.util.JoinProcessor - Using FROM fragment [PERSON person0_]
17:48:04.102 [main] DEBUG org.hibernate.hql.internal.antlr.HqlSqlBaseWalker - select >> end [level=1, statement=select]
17:48:04.102 [main] DEBUG org.hibernate.hql.internal.ast.QueryTranslatorImpl - --- SQL AST ---
 \-[SELECT] QueryNode: 'SELECT'  querySpaces (PERSON)
    +-[SELECT_CLAUSE] SelectClause: '{select clause}'
    |  +-[COUNT] CountNode: 'count'
    |  |  \-[ROW_STAR] SqlNode: '*'
    |  \-[SELECT_COLUMNS] SqlNode: ' as col_0_0_'
    \-[FROM] FromClause: 'from' FromClause{level=1, fromElementCounter=1, fromElements=1, fromElementByClassAlias=[], fromElementByTableAlias=[person0_], fromElementsByPath=[], collectionJoinFromElementsByPath=[], impliedElements=[]}
       \-[FROM_FRAGMENT] FromElement: 'PERSON person0_' FromElement{explicit,not a collection join,not a fetch join,fetch non-lazy properties,classAlias=null,role=null,tableName=PERSON,tableAlias=person0_,origin=null,columns={,className=com.soft.entity.person}}

17:48:04.102 [main] DEBUG org.hibernate.hql.internal.ast.ErrorCounter - throwQueryException() : no errors
17:48:04.107 [main] DEBUG org.hibernate.hql.internal.ast.QueryTranslatorImpl - HQL: select count(*) from com.soft.entity.person
17:48:04.107 [main] DEBUG org.hibernate.hql.internal.ast.QueryTranslatorImpl - SQL: select count(*) as col_0_0_ from PERSON person0_
17:48:04.107 [main] DEBUG org.hibernate.hql.internal.ast.ErrorCounter - throwQueryException() : no errors
17:48:04.110 [main] TRACE org.hibernate.engine.query.spi.HQLQueryPlan - HQL param location recognition took 615 219 nanoseconds (select count(*) from person)
17:48:04.114 [main] TRACE org.hibernate.engine.query.spi.QueryPlanCache - Located HQL query plan in cache (select count(*) from person)
17:48:04.114 [main] TRACE org.hibernate.engine.query.spi.HQLQueryPlan - Find: select count(*) from person
17:48:04.114 [main] TRACE org.hibernate.engine.spi.QueryParameters - Named parameters: {}
17:48:04.117 [main] DEBUG org.hibernate.SQL - select count(*) as col_0_0_ from PERSON person0_
17:48:04.121 [main] DEBUG org.hibernate.engine.jdbc.spi.SqlExceptionHelper - could not prepare statement [select count(*) as col_0_0_ from PERSON person0_]
java.sql.SQLSyntaxErrorException: user lacks privilege or object not found: PERSON in statement [select count(*) as col_0_0_ from PERSON person0_]
	at org.hsqldb.jdbc.JDBCUtil.sqlException(Unknown Source) ~[hsqldb-2.5.0.jar:2.5.0]
	at org.hsqldb.jdbc.JDBCUtil.sqlException(Unknown Source) ~[hsqldb-2.5.0.jar:2.5.0]
	at org.hsqldb.jdbc.JDBCPreparedStatement.<init>(Unknown Source) ~[hsqldb-2.5.0.jar:2.5.0]
	at org.hsqldb.jdbc.JDBCConnection.prepareStatement(Unknown Source) ~[hsqldb-2.5.0.jar:2.5.0]
	at org.apache.commons.dbcp2.DelegatingConnection.prepareStatement(DelegatingConnection.java:303) ~[commons-dbcp2-2.7.0.jar:2.7.0]
	at org.apache.commons.dbcp2.DelegatingConnection.prepareStatement(DelegatingConnection.java:303) ~[commons-dbcp2-2.7.0.jar:2.7.0]
	at org.hibernate.engine.jdbc.internal.StatementPreparerImpl$5.doPrepare(StatementPreparerImpl.java:146) ~[hibernate-core-5.2.13.Final.jar:5.2.13.Final]
	at org.hibernate.engine.jdbc.internal.StatementPreparerImpl$StatementPreparationTemplate.prepareStatement(StatementPreparerImpl.java:172) ~[hibernate-core-5.2.13.Final.jar:5.2.13.Final]
	at org.hibernate.engine.jdbc.internal.StatementPreparerImpl.prepareQueryStatement(StatementPreparerImpl.java:148) ~[hibernate-core-5.2.13.Final.jar:5.2.13.Final]
	at org.hibernate.loader.Loader.prepareQueryStatement(Loader.java:1985) ~[hibernate-core-5.2.13.Final.jar:5.2.13.Final]
	at org.hibernate.loader.Loader.executeQueryStatement(Loader.java:1915) ~[hibernate-core-5.2.13.Final.jar:5.2.13.Final]
	at org.hibernate.loader.Loader.executeQueryStatement(Loader.java:1893) ~[hibernate-core-5.2.13.Final.jar:5.2.13.Final]
	at org.hibernate.loader.Loader.doQuery(Loader.java:938) ~[hibernate-core-5.2.13.Final.jar:5.2.13.Final]
	at org.hibernate.loader.Loader.doQueryAndInitializeNonLazyCollections(Loader.java:341) ~[hibernate-core-5.2.13.Final.jar:5.2.13.Final]
	at org.hibernate.loader.Loader.doList(Loader.java:2692) ~[hibernate-core-5.2.13.Final.jar:5.2.13.Final]
	at org.hibernate.loader.Loader.doList(Loader.java:2675) ~[hibernate-core-5.2.13.Final.jar:5.2.13.Final]
	at org.hibernate.loader.Loader.listIgnoreQueryCache(Loader.java:2507) ~[hibernate-core-5.2.13.Final.jar:5.2.13.Final]
	at org.hibernate.loader.Loader.list(Loader.java:2502) ~[hibernate-core-5.2.13.Final.jar:5.2.13.Final]
	at org.hibernate.loader.hql.QueryLoader.list(QueryLoader.java:502) ~[hibernate-core-5.2.13.Final.jar:5.2.13.Final]
	at org.hibernate.hql.internal.ast.QueryTranslatorImpl.list(QueryTranslatorImpl.java:392) ~[hibernate-core-5.2.13.Final.jar:5.2.13.Final]
	at org.hibernate.engine.query.spi.HQLQueryPlan.performList(HQLQueryPlan.java:216) ~[hibernate-core-5.2.13.Final.jar:5.2.13.Final]
	at org.hibernate.internal.SessionImpl.list(SessionImpl.java:1490) ~[hibernate-core-5.2.13.Final.jar:5.2.13.Final]
	at org.hibernate.query.internal.AbstractProducedQuery.doList(AbstractProducedQuery.java:1445) ~[hibernate-core-5.2.13.Final.jar:5.2.13.Final]
	at org.hibernate.query.internal.AbstractProducedQuery.list(AbstractProducedQuery.java:1414) ~[hibernate-core-5.2.13.Final.jar:5.2.13.Final]
	at org.hibernate.query.internal.AbstractProducedQuery.getSingleResult(AbstractProducedQuery.java:1463) ~[hibernate-core-5.2.13.Final.jar:5.2.13.Final]
	at com.soft.dao.EshopDAOImpl.testHSQLDB(EshopDAOImpl.java:285) ~[classes/:?]
	at com.soft.dao.EshopDAOImplTest.daoTest(EshopDAOImplTest.java:47) ~[test-classes/:?]
	at sun.reflect.NativeMethodAccessorImpl.invoke0(Native Method) ~[?:1.8.0_211]
	at sun.reflect.NativeMethodAccessorImpl.invoke(NativeMethodAccessorImpl.java:62) ~[?:1.8.0_211]
	at sun.reflect.DelegatingMethodAccessorImpl.invoke(DelegatingMethodAccessorImpl.java:43) ~[?:1.8.0_211]
	at java.lang.reflect.Method.invoke(Method.java:498) ~[?:1.8.0_211]
	at org.junit.platform.commons.util.ReflectionUtils.invokeMethod(ReflectionUtils.java:686) ~[junit-platform-commons-1.6.0.jar:1.6.0]
	at org.junit.jupiter.engine.execution.MethodInvocation.proceed(MethodInvocation.java:60) ~[junit-jupiter-engine-5.6.0.jar:5.6.0]
	at org.junit.jupiter.engine.execution.InvocationInterceptorChain$ValidatingInvocation.proceed(InvocationInterceptorChain.java:131) ~[junit-jupiter-engine-5.6.0.jar:5.6.0]
	at org.junit.jupiter.engine.extension.TimeoutExtension.intercept(TimeoutExtension.java:149) ~[junit-jupiter-engine-5.6.0.jar:5.6.0]
	at org.junit.jupiter.engine.extension.TimeoutExtension.interceptTestableMethod(TimeoutExtension.java:140) ~[junit-jupiter-engine-5.6.0.jar:5.6.0]
	at org.junit.jupiter.engine.extension.TimeoutExtension.interceptTestMethod(TimeoutExtension.java:84) ~[junit-jupiter-engine-5.6.0.jar:5.6.0]
	at org.junit.jupiter.engine.execution.ExecutableInvoker$ReflectiveInterceptorCall.lambda$ofVoidMethod$0(ExecutableInvoker.java:115) ~[junit-jupiter-engine-5.6.0.jar:5.6.0]
	at org.junit.jupiter.engine.execution.ExecutableInvoker.lambda$invoke$0(ExecutableInvoker.java:105) ~[junit-jupiter-engine-5.6.0.jar:5.6.0]
	at org.junit.jupiter.engine.execution.InvocationInterceptorChain$InterceptedInvocation.proceed(InvocationInterceptorChain.java:106) ~[junit-jupiter-engine-5.6.0.jar:5.6.0]
	at org.junit.jupiter.engine.execution.InvocationInterceptorChain.proceed(InvocationInterceptorChain.java:64) ~[junit-jupiter-engine-5.6.0.jar:5.6.0]
	at org.junit.jupiter.engine.execution.InvocationInterceptorChain.chainAndInvoke(InvocationInterceptorChain.java:45) ~[junit-jupiter-engine-5.6.0.jar:5.6.0]
	at org.junit.jupiter.engine.execution.InvocationInterceptorChain.invoke(InvocationInterceptorChain.java:37) ~[junit-jupiter-engine-5.6.0.jar:5.6.0]
	at org.junit.jupiter.engine.execution.ExecutableInvoker.invoke(ExecutableInvoker.java:104) ~[junit-jupiter-engine-5.6.0.jar:5.6.0]
	at org.junit.jupiter.engine.execution.ExecutableInvoker.invoke(ExecutableInvoker.java:98) ~[junit-jupiter-engine-5.6.0.jar:5.6.0]
	at org.junit.jupiter.engine.descriptor.TestMethodTestDescriptor.lambda$invokeTestMethod$6(TestMethodTestDescriptor.java:205) ~[junit-jupiter-engine-5.6.0.jar:5.6.0]
	at org.junit.platform.engine.support.hierarchical.ThrowableCollector.execute(ThrowableCollector.java:73) ~[junit-platform-engine-1.6.0.jar:1.6.0]
	at org.junit.jupiter.engine.descriptor.TestMethodTestDescriptor.invokeTestMethod(TestMethodTestDescriptor.java:201) ~[junit-jupiter-engine-5.6.0.jar:5.6.0]
	at org.junit.jupiter.engine.descriptor.TestMethodTestDescriptor.execute(TestMethodTestDescriptor.java:137) ~[junit-jupiter-engine-5.6.0.jar:5.6.0]
	at org.junit.jupiter.engine.descriptor.TestMethodTestDescriptor.execute(TestMethodTestDescriptor.java:71) ~[junit-jupiter-engine-5.6.0.jar:5.6.0]
	at org.junit.platform.engine.support.hierarchical.NodeTestTask.lambda$executeRecursively$5(NodeTestTask.java:135) ~[junit-platform-engine-1.6.0.jar:1.6.0]
	at org.junit.platform.engine.support.hierarchical.ThrowableCollector.execute(ThrowableCollector.java:73) ~[junit-platform-engine-1.6.0.jar:1.6.0]
	at org.junit.platform.engine.support.hierarchical.NodeTestTask.lambda$executeRecursively$7(NodeTestTask.java:125) ~[junit-platform-engine-1.6.0.jar:1.6.0]
	at org.junit.platform.engine.support.hierarchical.Node.around(Node.java:135) ~[junit-platform-engine-1.6.0.jar:1.6.0]
	at org.junit.platform.engine.support.hierarchical.NodeTestTask.lambda$executeRecursively$8(NodeTestTask.java:123) ~[junit-platform-engine-1.6.0.jar:1.6.0]
	at org.junit.platform.engine.support.hierarchical.ThrowableCollector.execute(ThrowableCollector.java:73) ~[junit-platform-engine-1.6.0.jar:1.6.0]
	at org.junit.platform.engine.support.hierarchical.NodeTestTask.executeRecursively(NodeTestTask.java:122) ~[junit-platform-engine-1.6.0.jar:1.6.0]
	at org.junit.platform.engine.support.hierarchical.NodeTestTask.execute(NodeTestTask.java:80) ~[junit-platform-engine-1.6.0.jar:1.6.0]
	at java.util.ArrayList.forEach(ArrayList.java:1257) ~[?:1.8.0_211]
	at org.junit.platform.engine.support.hierarchical.SameThreadHierarchicalTestExecutorService.invokeAll(SameThreadHierarchicalTestExecutorService.java:38) ~[junit-platform-engine-1.6.0.jar:1.6.0]
	at org.junit.platform.engine.support.hierarchical.NodeTestTask.lambda$executeRecursively$5(NodeTestTask.java:139) ~[junit-platform-engine-1.6.0.jar:1.6.0]
	at org.junit.platform.engine.support.hierarchical.ThrowableCollector.execute(ThrowableCollector.java:73) ~[junit-platform-engine-1.6.0.jar:1.6.0]
	at org.junit.platform.engine.support.hierarchical.NodeTestTask.lambda$executeRecursively$7(NodeTestTask.java:125) ~[junit-platform-engine-1.6.0.jar:1.6.0]
	at org.junit.platform.engine.support.hierarchical.Node.around(Node.java:135) ~[junit-platform-engine-1.6.0.jar:1.6.0]
	at org.junit.platform.engine.support.hierarchical.NodeTestTask.lambda$executeRecursively$8(NodeTestTask.java:123) ~[junit-platform-engine-1.6.0.jar:1.6.0]
	at org.junit.platform.engine.support.hierarchical.ThrowableCollector.execute(ThrowableCollector.java:73) ~[junit-platform-engine-1.6.0.jar:1.6.0]
	at org.junit.platform.engine.support.hierarchical.NodeTestTask.executeRecursively(NodeTestTask.java:122) ~[junit-platform-engine-1.6.0.jar:1.6.0]
	at org.junit.platform.engine.support.hierarchical.NodeTestTask.execute(NodeTestTask.java:80) ~[junit-platform-engine-1.6.0.jar:1.6.0]
	at java.util.ArrayList.forEach(ArrayList.java:1257) ~[?:1.8.0_211]
	at org.junit.platform.engine.support.hierarchical.SameThreadHierarchicalTestExecutorService.invokeAll(SameThreadHierarchicalTestExecutorService.java:38) ~[junit-platform-engine-1.6.0.jar:1.6.0]
	at org.junit.platform.engine.support.hierarchical.NodeTestTask.lambda$executeRecursively$5(NodeTestTask.java:139) ~[junit-platform-engine-1.6.0.jar:1.6.0]
	at org.junit.platform.engine.support.hierarchical.ThrowableCollector.execute(ThrowableCollector.java:73) ~[junit-platform-engine-1.6.0.jar:1.6.0]
	at org.junit.platform.engine.support.hierarchical.NodeTestTask.lambda$executeRecursively$7(NodeTestTask.java:125) ~[junit-platform-engine-1.6.0.jar:1.6.0]
	at org.junit.platform.engine.support.hierarchical.Node.around(Node.java:135) ~[junit-platform-engine-1.6.0.jar:1.6.0]
	at org.junit.platform.engine.support.hierarchical.NodeTestTask.lambda$executeRecursively$8(NodeTestTask.java:123) ~[junit-platform-engine-1.6.0.jar:1.6.0]
	at org.junit.platform.engine.support.hierarchical.ThrowableCollector.execute(ThrowableCollector.java:73) [junit-platform-engine-1.6.0.jar:1.6.0]
	at org.junit.platform.engine.support.hierarchical.NodeTestTask.executeRecursively(NodeTestTask.java:122) [junit-platform-engine-1.6.0.jar:1.6.0]
	at org.junit.platform.engine.support.hierarchical.NodeTestTask.execute(NodeTestTask.java:80) [junit-platform-engine-1.6.0.jar:1.6.0]
	at org.junit.platform.engine.support.hierarchical.SameThreadHierarchicalTestExecutorService.submit(SameThreadHierarchicalTestExecutorService.java:32) [junit-platform-engine-1.6.0.jar:1.6.0]
	at org.junit.platform.engine.support.hierarchical.HierarchicalTestExecutor.execute(HierarchicalTestExecutor.java:57) [junit-platform-engine-1.6.0.jar:1.6.0]
	at org.junit.platform.engine.support.hierarchical.HierarchicalTestEngine.execute(HierarchicalTestEngine.java:51) [junit-platform-engine-1.6.0.jar:1.6.0]
	at org.junit.platform.launcher.core.DefaultLauncher.execute(DefaultLauncher.java:170) [junit-platform-launcher-1.1.0.jar:1.1.0]
	at org.junit.platform.launcher.core.DefaultLauncher.execute(DefaultLauncher.java:154) [junit-platform-launcher-1.1.0.jar:1.1.0]
	at org.junit.platform.launcher.core.DefaultLauncher.execute(DefaultLauncher.java:90) [junit-platform-launcher-1.1.0.jar:1.1.0]
	at org.junit.platform.surefire.provider.JUnitPlatformProvider.invokeAllTests(JUnitPlatformProvider.java:132) [junit-platform-surefire-provider-1.1.0.jar:1.1.0]
	at org.junit.platform.surefire.provider.JUnitPlatformProvider.invoke(JUnitPlatformProvider.java:111) [junit-platform-surefire-provider-1.1.0.jar:1.1.0]
	at org.apache.maven.surefire.booter.ForkedBooter.invokeProviderInSameClassLoader(ForkedBooter.java:290) [surefire-booter-2.19.1.jar:2.19.1]
	at org.apache.maven.surefire.booter.ForkedBooter.runSuitesInProcess(ForkedBooter.java:242) [surefire-booter-2.19.1.jar:2.19.1]
	at org.apache.maven.surefire.booter.ForkedBooter.main(ForkedBooter.java:121) [surefire-booter-2.19.1.jar:2.19.1]
Caused by: org.hsqldb.HsqlException: user lacks privilege or object not found: PERSON
	at org.hsqldb.error.Error.error(Unknown Source) ~[hsqldb-2.5.0.jar:2.5.0]
	at org.hsqldb.error.Error.error(Unknown Source) ~[hsqldb-2.5.0.jar:2.5.0]
	at org.hsqldb.ParserDQL.readTableName(Unknown Source) ~[hsqldb-2.5.0.jar:2.5.0]
	at org.hsqldb.ParserDQL.readTableOrSubquery(Unknown Source) ~[hsqldb-2.5.0.jar:2.5.0]
	at org.hsqldb.ParserDQL.XreadTableReference(Unknown Source) ~[hsqldb-2.5.0.jar:2.5.0]
	at org.hsqldb.ParserDQL.XreadFromClause(Unknown Source) ~[hsqldb-2.5.0.jar:2.5.0]
	at org.hsqldb.ParserDQL.XreadTableExpression(Unknown Source) ~[hsqldb-2.5.0.jar:2.5.0]
	at org.hsqldb.ParserDQL.XreadQuerySpecification(Unknown Source) ~[hsqldb-2.5.0.jar:2.5.0]
	at org.hsqldb.ParserDQL.XreadSimpleTable(Unknown Source) ~[hsqldb-2.5.0.jar:2.5.0]
	at org.hsqldb.ParserDQL.XreadQueryPrimary(Unknown Source) ~[hsqldb-2.5.0.jar:2.5.0]
	at org.hsqldb.ParserDQL.XreadQueryTerm(Unknown Source) ~[hsqldb-2.5.0.jar:2.5.0]
	at org.hsqldb.ParserDQL.XreadQueryExpressionBody(Unknown Source) ~[hsqldb-2.5.0.jar:2.5.0]
	at org.hsqldb.ParserDQL.XreadQueryExpression(Unknown Source) ~[hsqldb-2.5.0.jar:2.5.0]
	at org.hsqldb.ParserDQL.compileCursorSpecification(Unknown Source) ~[hsqldb-2.5.0.jar:2.5.0]
	at org.hsqldb.ParserCommand.compilePart(Unknown Source) ~[hsqldb-2.5.0.jar:2.5.0]
	at org.hsqldb.ParserCommand.compileStatement(Unknown Source) ~[hsqldb-2.5.0.jar:2.5.0]
	at org.hsqldb.Session.compileStatement(Unknown Source) ~[hsqldb-2.5.0.jar:2.5.0]
	at org.hsqldb.StatementManager.compile(Unknown Source) ~[hsqldb-2.5.0.jar:2.5.0]
	at org.hsqldb.Session.execute(Unknown Source) ~[hsqldb-2.5.0.jar:2.5.0]
	... 87 more
17:48:04.126 [main] WARN  org.hibernate.engine.jdbc.spi.SqlExceptionHelper - SQL Error: -5501, SQLState: 42501
17:48:04.126 [main] ERROR org.hibernate.engine.jdbc.spi.SqlExceptionHelper - user lacks privilege or object not found: PERSON in statement [select count(*) as col_0_0_ from PERSON person0_]
17:48:04.127 [main] DEBUG org.hibernate.resource.transaction.backend.jdbc.internal.JdbcResourceLocalTransactionCoordinatorImpl - JDBC transaction marked for rollback-only (exception provided for stack trace)
java.lang.Exception: exception just for purpose of providing stack trace
	at org.hibernate.resource.transaction.backend.jdbc.internal.JdbcResourceLocalTransactionCoordinatorImpl$TransactionDriverControlImpl.markRollbackOnly(JdbcResourceLocalTransactionCoordinatorImpl.java:266) ~[hibernate-core-5.2.13.Final.jar:5.2.13.Final]
	at org.hibernate.engine.transaction.internal.TransactionImpl.setRollbackOnly(TransactionImpl.java:143) ~[hibernate-core-5.2.13.Final.jar:5.2.13.Final]
	at org.hibernate.Transaction.markRollbackOnly(Transaction.java:68) ~[hibernate-core-5.2.13.Final.jar:5.2.13.Final]
	at org.hibernate.internal.AbstractSharedSessionContract.markForRollbackOnly(AbstractSharedSessionContract.java:364) ~[hibernate-core-5.2.13.Final.jar:5.2.13.Final]
	at org.hibernate.internal.ExceptionConverterImpl.handlePersistenceException(ExceptionConverterImpl.java:273) ~[hibernate-core-5.2.13.Final.jar:5.2.13.Final]
	at org.hibernate.internal.ExceptionConverterImpl.convert(ExceptionConverterImpl.java:150) ~[hibernate-core-5.2.13.Final.jar:5.2.13.Final]
	at org.hibernate.internal.ExceptionConverterImpl.convert(ExceptionConverterImpl.java:157) ~[hibernate-core-5.2.13.Final.jar:5.2.13.Final]
	at org.hibernate.query.internal.AbstractProducedQuery.list(AbstractProducedQuery.java:1423) ~[hibernate-core-5.2.13.Final.jar:5.2.13.Final]
	at org.hibernate.query.internal.AbstractProducedQuery.getSingleResult(AbstractProducedQuery.java:1463) ~[hibernate-core-5.2.13.Final.jar:5.2.13.Final]
	at com.soft.dao.EshopDAOImpl.testHSQLDB(EshopDAOImpl.java:285) ~[classes/:?]
	at com.soft.dao.EshopDAOImplTest.daoTest(EshopDAOImplTest.java:47) ~[test-classes/:?]
	at sun.reflect.NativeMethodAccessorImpl.invoke0(Native Method) ~[?:1.8.0_211]
	at sun.reflect.NativeMethodAccessorImpl.invoke(NativeMethodAccessorImpl.java:62) ~[?:1.8.0_211]
	at sun.reflect.DelegatingMethodAccessorImpl.invoke(DelegatingMethodAccessorImpl.java:43) ~[?:1.8.0_211]
	at java.lang.reflect.Method.invoke(Method.java:498) ~[?:1.8.0_211]
	at org.junit.platform.commons.util.ReflectionUtils.invokeMethod(ReflectionUtils.java:686) ~[junit-platform-commons-1.6.0.jar:1.6.0]
	at org.junit.jupiter.engine.execution.MethodInvocation.proceed(MethodInvocation.java:60) ~[junit-jupiter-engine-5.6.0.jar:5.6.0]
	at org.junit.jupiter.engine.execution.InvocationInterceptorChain$ValidatingInvocation.proceed(InvocationInterceptorChain.java:131) ~[junit-jupiter-engine-5.6.0.jar:5.6.0]
	at org.junit.jupiter.engine.extension.TimeoutExtension.intercept(TimeoutExtension.java:149) ~[junit-jupiter-engine-5.6.0.jar:5.6.0]
	at org.junit.jupiter.engine.extension.TimeoutExtension.interceptTestableMethod(TimeoutExtension.java:140) ~[junit-jupiter-engine-5.6.0.jar:5.6.0]
	at org.junit.jupiter.engine.extension.TimeoutExtension.interceptTestMethod(TimeoutExtension.java:84) ~[junit-jupiter-engine-5.6.0.jar:5.6.0]
	at org.junit.jupiter.engine.execution.ExecutableInvoker$ReflectiveInterceptorCall.lambda$ofVoidMethod$0(ExecutableInvoker.java:115) ~[junit-jupiter-engine-5.6.0.jar:5.6.0]
	at org.junit.jupiter.engine.execution.ExecutableInvoker.lambda$invoke$0(ExecutableInvoker.java:105) ~[junit-jupiter-engine-5.6.0.jar:5.6.0]
	at org.junit.jupiter.engine.execution.InvocationInterceptorChain$InterceptedInvocation.proceed(InvocationInterceptorChain.java:106) ~[junit-jupiter-engine-5.6.0.jar:5.6.0]
	at org.junit.jupiter.engine.execution.InvocationInterceptorChain.proceed(InvocationInterceptorChain.java:64) ~[junit-jupiter-engine-5.6.0.jar:5.6.0]
	at org.junit.jupiter.engine.execution.InvocationInterceptorChain.chainAndInvoke(InvocationInterceptorChain.java:45) ~[junit-jupiter-engine-5.6.0.jar:5.6.0]
	at org.junit.jupiter.engine.execution.InvocationInterceptorChain.invoke(InvocationInterceptorChain.java:37) ~[junit-jupiter-engine-5.6.0.jar:5.6.0]
	at org.junit.jupiter.engine.execution.ExecutableInvoker.invoke(ExecutableInvoker.java:104) ~[junit-jupiter-engine-5.6.0.jar:5.6.0]
	at org.junit.jupiter.engine.execution.ExecutableInvoker.invoke(ExecutableInvoker.java:98) ~[junit-jupiter-engine-5.6.0.jar:5.6.0]
	at org.junit.jupiter.engine.descriptor.TestMethodTestDescriptor.lambda$invokeTestMethod$6(TestMethodTestDescriptor.java:205) ~[junit-jupiter-engine-5.6.0.jar:5.6.0]
	at org.junit.platform.engine.support.hierarchical.ThrowableCollector.execute(ThrowableCollector.java:73) ~[junit-platform-engine-1.6.0.jar:1.6.0]
	at org.junit.jupiter.engine.descriptor.TestMethodTestDescriptor.invokeTestMethod(TestMethodTestDescriptor.java:201) ~[junit-jupiter-engine-5.6.0.jar:5.6.0]
	at org.junit.jupiter.engine.descriptor.TestMethodTestDescriptor.execute(TestMethodTestDescriptor.java:137) ~[junit-jupiter-engine-5.6.0.jar:5.6.0]
	at org.junit.jupiter.engine.descriptor.TestMethodTestDescriptor.execute(TestMethodTestDescriptor.java:71) ~[junit-jupiter-engine-5.6.0.jar:5.6.0]
	at org.junit.platform.engine.support.hierarchical.NodeTestTask.lambda$executeRecursively$5(NodeTestTask.java:135) ~[junit-platform-engine-1.6.0.jar:1.6.0]
	at org.junit.platform.engine.support.hierarchical.ThrowableCollector.execute(ThrowableCollector.java:73) ~[junit-platform-engine-1.6.0.jar:1.6.0]
	at org.junit.platform.engine.support.hierarchical.NodeTestTask.lambda$executeRecursively$7(NodeTestTask.java:125) ~[junit-platform-engine-1.6.0.jar:1.6.0]
	at org.junit.platform.engine.support.hierarchical.Node.around(Node.java:135) ~[junit-platform-engine-1.6.0.jar:1.6.0]
	at org.junit.platform.engine.support.hierarchical.NodeTestTask.lambda$executeRecursively$8(NodeTestTask.java:123) ~[junit-platform-engine-1.6.0.jar:1.6.0]
	at org.junit.platform.engine.support.hierarchical.ThrowableCollector.execute(ThrowableCollector.java:73) ~[junit-platform-engine-1.6.0.jar:1.6.0]
	at org.junit.platform.engine.support.hierarchical.NodeTestTask.executeRecursively(NodeTestTask.java:122) ~[junit-platform-engine-1.6.0.jar:1.6.0]
	at org.junit.platform.engine.support.hierarchical.NodeTestTask.execute(NodeTestTask.java:80) ~[junit-platform-engine-1.6.0.jar:1.6.0]
	at java.util.ArrayList.forEach(ArrayList.java:1257) ~[?:1.8.0_211]
	at org.junit.platform.engine.support.hierarchical.SameThreadHierarchicalTestExecutorService.invokeAll(SameThreadHierarchicalTestExecutorService.java:38) ~[junit-platform-engine-1.6.0.jar:1.6.0]
	at org.junit.platform.engine.support.hierarchical.NodeTestTask.lambda$executeRecursively$5(NodeTestTask.java:139) ~[junit-platform-engine-1.6.0.jar:1.6.0]
	at org.junit.platform.engine.support.hierarchical.ThrowableCollector.execute(ThrowableCollector.java:73) ~[junit-platform-engine-1.6.0.jar:1.6.0]
	at org.junit.platform.engine.support.hierarchical.NodeTestTask.lambda$executeRecursively$7(NodeTestTask.java:125) ~[junit-platform-engine-1.6.0.jar:1.6.0]
	at org.junit.platform.engine.support.hierarchical.Node.around(Node.java:135) ~[junit-platform-engine-1.6.0.jar:1.6.0]
	at org.junit.platform.engine.support.hierarchical.NodeTestTask.lambda$executeRecursively$8(NodeTestTask.java:123) ~[junit-platform-engine-1.6.0.jar:1.6.0]
	at org.junit.platform.engine.support.hierarchical.ThrowableCollector.execute(ThrowableCollector.java:73) ~[junit-platform-engine-1.6.0.jar:1.6.0]
	at org.junit.platform.engine.support.hierarchical.NodeTestTask.executeRecursively(NodeTestTask.java:122) ~[junit-platform-engine-1.6.0.jar:1.6.0]
	at org.junit.platform.engine.support.hierarchical.NodeTestTask.execute(NodeTestTask.java:80) ~[junit-platform-engine-1.6.0.jar:1.6.0]
	at java.util.ArrayList.forEach(ArrayList.java:1257) ~[?:1.8.0_211]
	at org.junit.platform.engine.support.hierarchical.SameThreadHierarchicalTestExecutorService.invokeAll(SameThreadHierarchicalTestExecutorService.java:38) ~[junit-platform-engine-1.6.0.jar:1.6.0]
	at org.junit.platform.engine.support.hierarchical.NodeTestTask.lambda$executeRecursively$5(NodeTestTask.java:139) ~[junit-platform-engine-1.6.0.jar:1.6.0]
	at org.junit.platform.engine.support.hierarchical.ThrowableCollector.execute(ThrowableCollector.java:73) ~[junit-platform-engine-1.6.0.jar:1.6.0]
	at org.junit.platform.engine.support.hierarchical.NodeTestTask.lambda$executeRecursively$7(NodeTestTask.java:125) ~[junit-platform-engine-1.6.0.jar:1.6.0]
	at org.junit.platform.engine.support.hierarchical.Node.around(Node.java:135) ~[junit-platform-engine-1.6.0.jar:1.6.0]
	at org.junit.platform.engine.support.hierarchical.NodeTestTask.lambda$executeRecursively$8(NodeTestTask.java:123) ~[junit-platform-engine-1.6.0.jar:1.6.0]
	at org.junit.platform.engine.support.hierarchical.ThrowableCollector.execute(ThrowableCollector.java:73) [junit-platform-engine-1.6.0.jar:1.6.0]
	at org.junit.platform.engine.support.hierarchical.NodeTestTask.executeRecursively(NodeTestTask.java:122) [junit-platform-engine-1.6.0.jar:1.6.0]
	at org.junit.platform.engine.support.hierarchical.NodeTestTask.execute(NodeTestTask.java:80) [junit-platform-engine-1.6.0.jar:1.6.0]
	at org.junit.platform.engine.support.hierarchical.SameThreadHierarchicalTestExecutorService.submit(SameThreadHierarchicalTestExecutorService.java:32) [junit-platform-engine-1.6.0.jar:1.6.0]
	at org.junit.platform.engine.support.hierarchical.HierarchicalTestExecutor.execute(HierarchicalTestExecutor.java:57) [junit-platform-engine-1.6.0.jar:1.6.0]
	at org.junit.platform.engine.support.hierarchical.HierarchicalTestEngine.execute(HierarchicalTestEngine.java:51) [junit-platform-engine-1.6.0.jar:1.6.0]
	at org.junit.platform.launcher.core.DefaultLauncher.execute(DefaultLauncher.java:170) [junit-platform-launcher-1.1.0.jar:1.1.0]
	at org.junit.platform.launcher.core.DefaultLauncher.execute(DefaultLauncher.java:154) [junit-platform-launcher-1.1.0.jar:1.1.0]
	at org.junit.platform.launcher.core.DefaultLauncher.execute(DefaultLauncher.java:90) [junit-platform-launcher-1.1.0.jar:1.1.0]
	at org.junit.platform.surefire.provider.JUnitPlatformProvider.invokeAllTests(JUnitPlatformProvider.java:132) [junit-platform-surefire-provider-1.1.0.jar:1.1.0]
	at org.junit.platform.surefire.provider.JUnitPlatformProvider.invoke(JUnitPlatformProvider.java:111) [junit-platform-surefire-provider-1.1.0.jar:1.1.0]
	at org.apache.maven.surefire.booter.ForkedBooter.invokeProviderInSameClassLoader(ForkedBooter.java:290) [surefire-booter-2.19.1.jar:2.19.1]
	at org.apache.maven.surefire.booter.ForkedBooter.runSuitesInProcess(ForkedBooter.java:242) [surefire-booter-2.19.1.jar:2.19.1]
	at org.apache.maven.surefire.booter.ForkedBooter.main(ForkedBooter.java:121) [surefire-booter-2.19.1.jar:2.19.1]
17:48:04.128 [main] DEBUG com.soft.controller.EshopController - [EshopDAOImpl. testHSQLDB()] --> EXCEPTION: org.hibernate.exception.SQLGrammarException: could not prepare statement
17:48:04.128 [main] DEBUG com.soft.controller.EshopController - [EshopDAOImpl. testHSQLDB()] --> EXCEPTION TO STRING: javax.persistence.PersistenceException: org.hibernate.exception.SQLGrammarException: could not prepare statement
17:48:04.130 [main] TRACE org.springframework.test.context.TestContextManager - afterTestExecution(): instance [com.soft.dao.EshopDAOImplTest@60f00693], method [public void com.soft.dao.EshopDAOImplTest.daoTest()], exception [org.opentest4j.AssertionFailedError: TEST FAILURE: HSQLDB ==> expected: <true> but was: <false>]
17:48:04.131 [main] DEBUG org.springframework.test.context.cache.DefaultCacheAwareContextLoaderDelegate - Retrieved ApplicationContext [221111433] from cache with key [[WebMergedContextConfiguration@6a8658ff testClass = EshopDAOImplTest, locations = '{}', classes = '{class com.soft.config.AppConfig, class com.soft.config.DataAccessConfig}', contextInitializerClasses = '[]', activeProfiles = '{development}', propertySourceLocations = '{}', propertySourceProperties = '{}', contextCustomizers = set[[empty]], resourceBasePath = 'src/main/webapp', contextLoader = 'org.springframework.test.context.web.WebDelegatingSmartContextLoader', parent = [null]]]
17:48:04.131 [main] DEBUG org.springframework.test.context.cache - Spring test ApplicationContext cache statistics: [DefaultContextCache@16a5c7e4 size = 1, maxSize = 32, parentContextCount = 0, hitCount = 5, missCount = 1]
17:48:04.131 [main] TRACE org.springframework.web.context.support.GenericWebApplicationContext - Publishing event in org.springframework.web.context.support.GenericWebApplicationContext@d2de489: org.springframework.test.context.event.AfterTestExecutionEvent[source=[DefaultTestContext@3feb2dda testClass = EshopDAOImplTest, testInstance = com.soft.dao.EshopDAOImplTest@60f00693, testMethod = daoTest@EshopDAOImplTest, testException = org.opentest4j.AssertionFailedError: TEST FAILURE: HSQLDB ==> expected: <true> but was: <false>, mergedContextConfiguration = [WebMergedContextConfiguration@6a8658ff testClass = EshopDAOImplTest, locations = '{}', classes = '{class com.soft.config.AppConfig, class com.soft.config.DataAccessConfig}', contextInitializerClasses = '[]', activeProfiles = '{development}', propertySourceLocations = '{}', propertySourceProperties = '{}', contextCustomizers = set[[empty]], resourceBasePath = 'src/main/webapp', contextLoader = 'org.springframework.test.context.web.WebDelegatingSmartContextLoader', parent = [null]], attributes = map['org.springframework.test.context.web.ServletTestExecutionListener.populatedRequestContextHolder' -> true, 'org.springframework.test.context.web.ServletTestExecutionListener.resetRequestContextHolder' -> true]]]
17:48:04.131 [main] TRACE org.springframework.test.context.TestContextManager - afterTestMethod(): instance [com.soft.dao.EshopDAOImplTest@60f00693], method [public void com.soft.dao.EshopDAOImplTest.daoTest()], exception [org.opentest4j.AssertionFailedError: TEST FAILURE: HSQLDB ==> expected: <true> but was: <false>]
17:48:04.132 [main] DEBUG org.springframework.test.context.cache.DefaultCacheAwareContextLoaderDelegate - Retrieved ApplicationContext [221111433] from cache with key [[WebMergedContextConfiguration@6a8658ff testClass = EshopDAOImplTest, locations = '{}', classes = '{class com.soft.config.AppConfig, class com.soft.config.DataAccessConfig}', contextInitializerClasses = '[]', activeProfiles = '{development}', propertySourceLocations = '{}', propertySourceProperties = '{}', contextCustomizers = set[[empty]], resourceBasePath = 'src/main/webapp', contextLoader = 'org.springframework.test.context.web.WebDelegatingSmartContextLoader', parent = [null]]]
17:48:04.132 [main] DEBUG org.springframework.test.context.cache - Spring test ApplicationContext cache statistics: [DefaultContextCache@16a5c7e4 size = 1, maxSize = 32, parentContextCount = 0, hitCount = 6, missCount = 1]
17:48:04.132 [main] TRACE org.springframework.web.context.support.GenericWebApplicationContext - Publishing event in org.springframework.web.context.support.GenericWebApplicationContext@d2de489: org.springframework.test.context.event.AfterTestMethodEvent[source=[DefaultTestContext@3feb2dda testClass = EshopDAOImplTest, testInstance = com.soft.dao.EshopDAOImplTest@60f00693, testMethod = daoTest@EshopDAOImplTest, testException = org.opentest4j.AssertionFailedError: TEST FAILURE: HSQLDB ==> expected: <true> but was: <false>, mergedContextConfiguration = [WebMergedContextConfiguration@6a8658ff testClass = EshopDAOImplTest, locations = '{}', classes = '{class com.soft.config.AppConfig, class com.soft.config.DataAccessConfig}', contextInitializerClasses = '[]', activeProfiles = '{development}', propertySourceLocations = '{}', propertySourceProperties = '{}', contextCustomizers = set[[empty]], resourceBasePath = 'src/main/webapp', contextLoader = 'org.springframework.test.context.web.WebDelegatingSmartContextLoader', parent = [null]], attributes = map['org.springframework.test.context.web.ServletTestExecutionListener.populatedRequestContextHolder' -> true, 'org.springframework.test.context.web.ServletTestExecutionListener.resetRequestContextHolder' -> true]]]
17:48:04.132 [main] DEBUG org.springframework.test.context.support.AbstractDirtiesContextTestExecutionListener - After test method: context [DefaultTestContext@3feb2dda testClass = EshopDAOImplTest, testInstance = com.soft.dao.EshopDAOImplTest@60f00693, testMethod = daoTest@EshopDAOImplTest, testException = org.opentest4j.AssertionFailedError: TEST FAILURE: HSQLDB ==> expected: <true> but was: <false>, mergedContextConfiguration = [WebMergedContextConfiguration@6a8658ff testClass = EshopDAOImplTest, locations = '{}', classes = '{class com.soft.config.AppConfig, class com.soft.config.DataAccessConfig}', contextInitializerClasses = '[]', activeProfiles = '{development}', propertySourceLocations = '{}', propertySourceProperties = '{}', contextCustomizers = set[[empty]], resourceBasePath = 'src/main/webapp', contextLoader = 'org.springframework.test.context.web.WebDelegatingSmartContextLoader', parent = [null]], attributes = map['org.springframework.test.context.web.ServletTestExecutionListener.populatedRequestContextHolder' -> true, 'org.springframework.test.context.web.ServletTestExecutionListener.resetRequestContextHolder' -> true]], class annotated with @DirtiesContext [false] with mode [null], method annotated with @DirtiesContext [false] with mode [null].
17:48:04.133 [main] DEBUG org.springframework.test.context.web.ServletTestExecutionListener - Resetting RequestContextHolder for test context [DefaultTestContext@3feb2dda testClass = EshopDAOImplTest, testInstance = com.soft.dao.EshopDAOImplTest@60f00693, testMethod = daoTest@EshopDAOImplTest, testException = org.opentest4j.AssertionFailedError: TEST FAILURE: HSQLDB ==> expected: <true> but was: <false>, mergedContextConfiguration = [WebMergedContextConfiguration@6a8658ff testClass = EshopDAOImplTest, locations = '{}', classes = '{class com.soft.config.AppConfig, class com.soft.config.DataAccessConfig}', contextInitializerClasses = '[]', activeProfiles = '{development}', propertySourceLocations = '{}', propertySourceProperties = '{}', contextCustomizers = set[[empty]], resourceBasePath = 'src/main/webapp', contextLoader = 'org.springframework.test.context.web.WebDelegatingSmartContextLoader', parent = [null]], attributes = map['org.springframework.test.context.web.ServletTestExecutionListener.populatedRequestContextHolder' -> true, 'org.springframework.test.context.web.ServletTestExecutionListener.resetRequestContextHolder' -> true]].
]]></system-out>
  </testcase>
</testsuite>