<?xml version="1.0" encoding="UTF-8"?>
<testsuite xmlns:xsi="http://www.w3.org/2001/XMLSchema-instance" xsi:schemaLocation="https://maven.apache.org/surefire/maven-surefire-plugin/xsd/surefire-test-report.xsd" name="com.soft.dao.EshopDAOImplTest" time="3.573" tests="1" errors="1" skipped="0" failures="0">
  <properties>
    <property name="java.runtime.name" value="Java(TM) SE Runtime Environment"/>
    <property name="sun.boot.library.path" value="/usr/lib/jvm/jdk-8u211-linux-x64/jdk1.8.0_211/jre/lib/amd64"/>
    <property name="java.vm.version" value="25.211-b12"/>
    <property name="java.vm.vendor" value="Oracle Corporation"/>
    <property name="maven.multiModuleProjectDirectory" value="/home/mihail/programs/project_mvn/eShop/eShop_repo/eshop"/>
    <property name="java.vendor.url" value="http://java.oracle.com/"/>
    <property name="path.separator" value=":"/>
    <property name="guice.disable.misplaced.annotation.check" value="true"/>
    <property name="java.vm.name" value="Java HotSpot(TM) 64-Bit Server VM"/>
    <property name="file.encoding.pkg" value="sun.io"/>
    <property name="user.country" value="RU"/>
    <property name="sun.java.launcher" value="SUN_STANDARD"/>
    <property name="sun.os.patch.level" value="unknown"/>
    <property name="java.vm.specification.name" value="Java Virtual Machine Specification"/>
    <property name="user.dir" value="/home/mihail/programs/project_mvn/eShop/eShop_repo/eshop"/>
    <property name="java.runtime.version" value="1.8.0_211-b12"/>
    <property name="java.awt.graphicsenv" value="sun.awt.X11GraphicsEnvironment"/>
    <property name="java.endorsed.dirs" value="/usr/lib/jvm/jdk-8u211-linux-x64/jdk1.8.0_211/jre/lib/endorsed"/>
    <property name="os.arch" value="amd64"/>
    <property name="java.io.tmpdir" value="/tmp"/>
    <property name="line.separator" value="&#10;"/>
    <property name="java.vm.specification.vendor" value="Oracle Corporation"/>
    <property name="os.name" value="Linux"/>
    <property name="classworlds.conf" value="/home/mihail/eclipse-workspace/.metadata/.plugins/org.eclipse.m2e.launching/launches/m2conf2146607457285885426.tmp"/>
    <property name="sun.jnu.encoding" value="UTF-8"/>
    <property name="java.library.path" value="/usr/java/packages/lib/amd64:/usr/lib64:/lib64:/lib:/usr/lib"/>
    <property name="java.specification.name" value="Java Platform API Specification"/>
    <property name="java.class.version" value="52.0"/>
    <property name="sun.management.compiler" value="HotSpot 64-Bit Tiered Compilers"/>
    <property name="os.version" value="5.3.0-26-generic"/>
    <property name="user.home" value="/home/mihail"/>
    <property name="user.timezone" value="Europe/Moscow"/>
    <property name="java.awt.printerjob" value="sun.print.PSPrinterJob"/>
    <property name="file.encoding" value="UTF-8"/>
    <property name="java.specification.version" value="1.8"/>
    <property name="user.name" value="mihail"/>
    <property name="java.class.path" value="/home/mihail/programs/Eclipse/eclipse-jee-2019-03-R-linux-gtk-x86_64/eclipse/plugins/org.eclipse.m2e.maven.runtime_1.11.0.20190220-2117/jars/plexus-classworlds-2.5.2.jar"/>
    <property name="java.vm.specification.version" value="1.8"/>
    <property name="sun.arch.data.model" value="64"/>
    <property name="java.home" value="/usr/lib/jvm/jdk-8u211-linux-x64/jdk1.8.0_211/jre"/>
    <property name="sun.java.command" value="org.codehaus.plexus.classworlds.launcher.Launcher -B install"/>
    <property name="java.specification.vendor" value="Oracle Corporation"/>
    <property name="user.language" value="ru"/>
    <property name="awt.toolkit" value="sun.awt.X11.XToolkit"/>
    <property name="java.vm.info" value="mixed mode"/>
    <property name="java.version" value="1.8.0_211"/>
    <property name="java.ext.dirs" value="/usr/lib/jvm/jdk-8u211-linux-x64/jdk1.8.0_211/jre/lib/ext:/usr/java/packages/lib/ext"/>
    <property name="securerandom.source" value="file:/dev/./urandom"/>
    <property name="sun.boot.class.path" value="/usr/lib/jvm/jdk-8u211-linux-x64/jdk1.8.0_211/jre/lib/resources.jar:/usr/lib/jvm/jdk-8u211-linux-x64/jdk1.8.0_211/jre/lib/rt.jar:/usr/lib/jvm/jdk-8u211-linux-x64/jdk1.8.0_211/jre/lib/sunrsasign.jar:/usr/lib/jvm/jdk-8u211-linux-x64/jdk1.8.0_211/jre/lib/jsse.jar:/usr/lib/jvm/jdk-8u211-linux-x64/jdk1.8.0_211/jre/lib/jce.jar:/usr/lib/jvm/jdk-8u211-linux-x64/jdk1.8.0_211/jre/lib/charsets.jar:/usr/lib/jvm/jdk-8u211-linux-x64/jdk1.8.0_211/jre/lib/jfr.jar:/usr/lib/jvm/jdk-8u211-linux-x64/jdk1.8.0_211/jre/classes"/>
    <property name="java.vendor" value="Oracle Corporation"/>
    <property name="maven.home" value="/home/mihail/programs/project_mvn/eShop/eShop_repo/eshop/EMBEDDED"/>
    <property name="file.separator" value="/"/>
    <property name="java.vendor.url.bug" value="http://bugreport.sun.com/bugreport/"/>
    <property name="sun.cpu.endian" value="little"/>
    <property name="sun.io.unicode.encoding" value="UnicodeLittle"/>
    <property name="sun.desktop" value="gnome"/>
    <property name="sun.cpu.isalist" value=""/>
  </properties>
  <testcase name="daoTest" classname="com.soft.dao.EshopDAOImplTest" time="0.061">
    <error type="java.lang.NullPointerException">java.lang.NullPointerException
	at com.soft.dao.EshopDAOImplTest.daoTest(EshopDAOImplTest.java:48)
</error>
    <system-out><![CDATA[2020-02-11 14:36:52,354 main ERROR LevelRangeFilter contains an invalid element or attribute "param"
14:36:52.410 [main] DEBUG org.springframework.test.context.BootstrapUtils - Instantiating CacheAwareContextLoaderDelegate from class [org.springframework.test.context.cache.DefaultCacheAwareContextLoaderDelegate]
14:36:52.422 [main] DEBUG org.springframework.test.context.BootstrapUtils - Instantiating BootstrapContext using constructor [public org.springframework.test.context.support.DefaultBootstrapContext(java.lang.Class,org.springframework.test.context.CacheAwareContextLoaderDelegate)]
14:36:52.442 [main] DEBUG org.springframework.test.context.BootstrapUtils - Instantiating TestContextBootstrapper for test class [com.soft.dao.EshopDAOImplTest] from class [org.springframework.test.context.web.WebTestContextBootstrapper]
14:36:52.450 [main] TRACE org.springframework.test.context.support.ContextLoaderUtils - Retrieved @ContextConfiguration [@org.springframework.test.context.ContextConfiguration(classes=[com.soft.config.AppConfig, com.soft.config.DataAccessConfig], inheritInitializers=true, inheritLocations=true, initializers=[], loader=org.springframework.test.context.ContextLoader, locations=[], name=, value=[])] for declaring class [com.soft.dao.EshopDAOImplTest].
14:36:52.452 [main] TRACE org.springframework.test.context.support.ContextLoaderUtils - Resolved context configuration attributes: [ContextConfigurationAttributes@53045c6c declaringClass = 'com.soft.dao.EshopDAOImplTest', classes = '{class com.soft.config.AppConfig, class com.soft.config.DataAccessConfig}', locations = '{}', inheritLocations = true, initializers = '{}', inheritInitializers = true, name = [null], contextLoaderClass = 'org.springframework.test.context.ContextLoader']
14:36:52.453 [main] TRACE org.springframework.test.context.web.WebTestContextBootstrapper - Resolving ContextLoader for context configuration attributes [ContextConfigurationAttributes@53045c6c declaringClass = 'com.soft.dao.EshopDAOImplTest', classes = '{class com.soft.config.AppConfig, class com.soft.config.DataAccessConfig}', locations = '{}', inheritLocations = true, initializers = '{}', inheritInitializers = true, name = [null], contextLoaderClass = 'org.springframework.test.context.ContextLoader']
14:36:52.454 [main] TRACE org.springframework.test.context.web.WebTestContextBootstrapper - Using ContextLoader class [org.springframework.test.context.web.WebDelegatingSmartContextLoader] for test class [com.soft.dao.EshopDAOImplTest]
14:36:52.458 [main] TRACE org.springframework.test.context.web.WebTestContextBootstrapper - Processing locations and classes for context configuration attributes [ContextConfigurationAttributes@53045c6c declaringClass = 'com.soft.dao.EshopDAOImplTest', classes = '{class com.soft.config.AppConfig, class com.soft.config.DataAccessConfig}', locations = '{}', inheritLocations = true, initializers = '{}', inheritInitializers = true, name = [null], contextLoaderClass = 'org.springframework.test.context.ContextLoader']
14:36:52.458 [main] DEBUG org.springframework.test.context.support.AbstractDelegatingSmartContextLoader - Delegating to AnnotationConfigWebContextLoader to process context configuration [ContextConfigurationAttributes@53045c6c declaringClass = 'com.soft.dao.EshopDAOImplTest', classes = '{class com.soft.config.AppConfig, class com.soft.config.DataAccessConfig}', locations = '{}', inheritLocations = true, initializers = '{}', inheritInitializers = true, name = [null], contextLoaderClass = 'org.springframework.test.context.ContextLoader'].
14:36:52.464 [main] TRACE org.springframework.core.io.support.SpringFactoriesLoader - Loaded [org.springframework.test.context.ContextCustomizerFactory] names: [org.springframework.test.context.web.socket.MockServerContainerContextCustomizerFactory]
14:36:52.468 [main] TRACE org.springframework.test.context.support.ApplicationContextInitializerUtils - Processing context initializers for configuration attributes [ContextConfigurationAttributes@53045c6c declaringClass = 'com.soft.dao.EshopDAOImplTest', classes = '{class com.soft.config.AppConfig, class com.soft.config.DataAccessConfig}', locations = '{}', inheritLocations = true, initializers = '{}', inheritInitializers = true, name = [null], contextLoaderClass = 'org.springframework.test.context.ContextLoader']
14:36:52.470 [main] TRACE org.springframework.test.context.support.ActiveProfilesUtils - Retrieved @ActiveProfiles [@org.springframework.test.context.ActiveProfiles(inheritProfiles=true, profiles=[development], resolver=org.springframework.test.context.ActiveProfilesResolver, value=[development])] for declaring class [com.soft.dao.EshopDAOImplTest]
14:36:52.472 [main] TRACE org.springframework.test.context.support.DefaultActiveProfilesResolver - Retrieved @ActiveProfiles [@org.springframework.test.context.ActiveProfiles(inheritProfiles=true, profiles=[development], resolver=org.springframework.test.context.ActiveProfilesResolver, value=[development])] for declaring class [com.soft.dao.EshopDAOImplTest].
14:36:52.473 [main] DEBUG org.springframework.test.context.web.WebTestContextBootstrapper - @TestExecutionListeners is not present for class [com.soft.dao.EshopDAOImplTest]: using defaults.
14:36:52.474 [main] INFO  org.springframework.test.context.web.WebTestContextBootstrapper - Loaded default TestExecutionListener class names from location [META-INF/spring.factories]: [org.springframework.test.context.web.ServletTestExecutionListener, org.springframework.test.context.support.DirtiesContextBeforeModesTestExecutionListener, org.springframework.test.context.support.DependencyInjectionTestExecutionListener, org.springframework.test.context.support.DirtiesContextTestExecutionListener, org.springframework.test.context.transaction.TransactionalTestExecutionListener, org.springframework.test.context.jdbc.SqlScriptsTestExecutionListener, org.springframework.test.context.event.EventPublishingTestExecutionListener]
14:36:52.491 [main] INFO  org.springframework.test.context.web.WebTestContextBootstrapper - Using TestExecutionListeners: [org.springframework.test.context.web.ServletTestExecutionListener@68c9d179, org.springframework.test.context.support.DirtiesContextBeforeModesTestExecutionListener@d554c5f, org.springframework.test.context.support.DependencyInjectionTestExecutionListener@2dfaea86, org.springframework.test.context.support.DirtiesContextTestExecutionListener@15888343, org.springframework.test.context.transaction.TransactionalTestExecutionListener@33ecda92, org.springframework.test.context.jdbc.SqlScriptsTestExecutionListener@14fc5f04, org.springframework.test.context.event.EventPublishingTestExecutionListener@6e2829c7]
14:36:52.491 [main] TRACE org.springframework.test.context.TestContextManager - Registering TestExecutionListener: org.springframework.test.context.web.ServletTestExecutionListener@68c9d179
14:36:52.492 [main] TRACE org.springframework.test.context.TestContextManager - Registering TestExecutionListener: org.springframework.test.context.support.DirtiesContextBeforeModesTestExecutionListener@d554c5f
14:36:52.492 [main] TRACE org.springframework.test.context.TestContextManager - Registering TestExecutionListener: org.springframework.test.context.support.DependencyInjectionTestExecutionListener@2dfaea86
14:36:52.492 [main] TRACE org.springframework.test.context.TestContextManager - Registering TestExecutionListener: org.springframework.test.context.support.DirtiesContextTestExecutionListener@15888343
14:36:52.492 [main] TRACE org.springframework.test.context.TestContextManager - Registering TestExecutionListener: org.springframework.test.context.transaction.TransactionalTestExecutionListener@33ecda92
14:36:52.493 [main] TRACE org.springframework.test.context.TestContextManager - Registering TestExecutionListener: org.springframework.test.context.jdbc.SqlScriptsTestExecutionListener@14fc5f04
14:36:52.493 [main] TRACE org.springframework.test.context.TestContextManager - Registering TestExecutionListener: org.springframework.test.context.event.EventPublishingTestExecutionListener@6e2829c7
14:36:52.493 [main] TRACE org.springframework.test.context.TestContextManager - beforeTestClass(): class [com.soft.dao.EshopDAOImplTest]
14:36:52.494 [main] DEBUG org.springframework.test.context.support.AbstractDirtiesContextTestExecutionListener - Before test class: context [DefaultTestContext@55de24cc testClass = EshopDAOImplTest, testInstance = [null], testMethod = [null], testException = [null], mergedContextConfiguration = [WebMergedContextConfiguration@dc7df28 testClass = EshopDAOImplTest, locations = '{}', classes = '{class com.soft.config.AppConfig, class com.soft.config.DataAccessConfig}', contextInitializerClasses = '[]', activeProfiles = '{development}', propertySourceLocations = '{}', propertySourceProperties = '{}', contextCustomizers = set[[empty]], resourceBasePath = 'src/main/webapp', contextLoader = 'org.springframework.test.context.web.WebDelegatingSmartContextLoader', parent = [null]], attributes = map[[empty]]], class annotated with @DirtiesContext [false] with mode [null].
14:36:52.496 [main] TRACE org.springframework.test.context.TestContextManager - prepareTestInstance(): instance [com.soft.dao.EshopDAOImplTest@7a6d7e92]
14:36:52.496 [main] DEBUG org.springframework.test.context.support.AbstractDelegatingSmartContextLoader - Delegating to AnnotationConfigWebContextLoader to load context from [WebMergedContextConfiguration@dc7df28 testClass = EshopDAOImplTest, locations = '{}', classes = '{class com.soft.config.AppConfig, class com.soft.config.DataAccessConfig}', contextInitializerClasses = '[]', activeProfiles = '{development}', propertySourceLocations = '{}', propertySourceProperties = '{}', contextCustomizers = set[[empty]], resourceBasePath = 'src/main/webapp', contextLoader = 'org.springframework.test.context.web.WebDelegatingSmartContextLoader', parent = [null]].
14:36:52.497 [main] DEBUG org.springframework.test.context.web.AbstractGenericWebContextLoader - Loading WebApplicationContext for merged context configuration [WebMergedContextConfiguration@dc7df28 testClass = EshopDAOImplTest, locations = '{}', classes = '{class com.soft.config.AppConfig, class com.soft.config.DataAccessConfig}', contextInitializerClasses = '[]', activeProfiles = '{development}', propertySourceLocations = '{}', propertySourceProperties = '{}', contextCustomizers = set[[empty]], resourceBasePath = 'src/main/webapp', contextLoader = 'org.springframework.test.context.web.WebDelegatingSmartContextLoader', parent = [null]].
14:36:52.530 [main] DEBUG org.springframework.web.context.support.StandardServletEnvironment - Activating profiles [development]
14:36:52.530 [main] DEBUG org.springframework.test.context.web.AnnotationConfigWebContextLoader - Registering annotated classes: {class com.soft.config.AppConfig, class com.soft.config.DataAccessConfig}
14:36:52.560 [main] INFO  org.springframework.web.context.support.GenericWebApplicationContext - Refreshing org.springframework.web.context.support.GenericWebApplicationContext@38145825: startup date [Tue Feb 11 14:36:52 MSK 2020]; root of context hierarchy
14:36:52.562 [main] DEBUG org.springframework.web.context.support.GenericWebApplicationContext - Bean factory for org.springframework.web.context.support.GenericWebApplicationContext@38145825: org.springframework.beans.factory.support.DefaultListableBeanFactory@a307a8c: defining beans [org.springframework.context.annotation.internalConfigurationAnnotationProcessor,org.springframework.context.annotation.internalAutowiredAnnotationProcessor,org.springframework.context.annotation.internalRequiredAnnotationProcessor,org.springframework.context.annotation.internalCommonAnnotationProcessor,org.springframework.context.annotation.internalPersistenceAnnotationProcessor,org.springframework.context.event.internalEventListenerProcessor,org.springframework.context.event.internalEventListenerFactory,appConfig,dataAccessConfig]; root of factory hierarchy
14:36:52.568 [main] DEBUG org.springframework.beans.factory.support.DefaultListableBeanFactory - Registering scope 'request' with implementation [org.springframework.web.context.request.RequestScope@5cdec700]
14:36:52.568 [main] DEBUG org.springframework.beans.factory.support.DefaultListableBeanFactory - Registering scope 'session' with implementation [org.springframework.web.context.request.SessionScope@1f75a668]
14:36:52.568 [main] DEBUG org.springframework.beans.factory.support.DefaultListableBeanFactory - Registering scope 'application' with implementation [org.springframework.web.context.support.ServletContextScope@6304101a]
14:36:52.573 [main] DEBUG org.springframework.beans.factory.support.DefaultListableBeanFactory - Creating shared instance of singleton bean 'org.springframework.context.annotation.internalConfigurationAnnotationProcessor'
14:36:52.573 [main] DEBUG org.springframework.beans.factory.support.DefaultListableBeanFactory - Creating instance of bean 'org.springframework.context.annotation.internalConfigurationAnnotationProcessor'
14:36:52.583 [main] DEBUG org.springframework.beans.factory.support.DefaultListableBeanFactory - Eagerly caching bean 'org.springframework.context.annotation.internalConfigurationAnnotationProcessor' to allow for resolving potential circular references
14:36:52.585 [main] DEBUG org.springframework.beans.factory.support.DefaultListableBeanFactory - Finished creating instance of bean 'org.springframework.context.annotation.internalConfigurationAnnotationProcessor'
14:36:52.610 [main] TRACE org.springframework.core.io.support.PathMatchingResourcePatternResolver - Resolved classpath location [com/soft/controller/] to resources [URL [file:/home/mihail/programs/project_mvn/eShop/eShop_repo/eshop/target/classes/com/soft/controller/]]
14:36:52.610 [main] TRACE org.springframework.core.io.support.PathMatchingResourcePatternResolver - Looking for matching resources in directory tree [/home/mihail/programs/project_mvn/eShop/eShop_repo/eshop/target/classes/com/soft/controller]
14:36:52.610 [main] TRACE org.springframework.core.io.support.PathMatchingResourcePatternResolver - Searching directory [/home/mihail/programs/project_mvn/eShop/eShop_repo/eshop/target/classes/com/soft/controller] for files matching pattern [/home/mihail/programs/project_mvn/eShop/eShop_repo/eshop/target/classes/com/soft/controller/**/*.class]
14:36:52.614 [main] TRACE org.springframework.core.io.support.PathMatchingResourcePatternResolver - Resolved location pattern [classpath*:com/soft/controller/**/*.class] to resources [file [/home/mihail/programs/project_mvn/eShop/eShop_repo/eshop/target/classes/com/soft/controller/EshopController.class]]
14:36:52.614 [main] TRACE org.springframework.context.annotation.ClassPathBeanDefinitionScanner - Scanning file [/home/mihail/programs/project_mvn/eShop/eShop_repo/eshop/target/classes/com/soft/controller/EshopController.class]
14:36:52.628 [main] DEBUG org.springframework.context.annotation.ClassPathBeanDefinitionScanner - Identified candidate component class: file [/home/mihail/programs/project_mvn/eShop/eShop_repo/eshop/target/classes/com/soft/controller/EshopController.class]
14:36:52.664 [main] DEBUG org.springframework.context.annotation.ConfigurationClassBeanDefinitionReader - Registered bean definition for imported class 'messageSource'
14:36:52.664 [main] DEBUG org.springframework.context.annotation.ConfigurationClassBeanDefinitionReader - Registered bean definition for imported class 'org.springframework.web.servlet.config.annotation.DelegatingWebMvcConfiguration'
14:36:52.665 [main] DEBUG org.springframework.context.annotation.ConfigurationClassBeanDefinitionReader - Registering bean definition for @Bean method org.springframework.web.servlet.config.annotation.DelegatingWebMvcConfiguration.requestMappingHandlerMapping()
14:36:52.666 [main] DEBUG org.springframework.context.annotation.ConfigurationClassBeanDefinitionReader - Registering bean definition for @Bean method org.springframework.web.servlet.config.annotation.DelegatingWebMvcConfiguration.mvcPathMatcher()
14:36:52.666 [main] DEBUG org.springframework.context.annotation.ConfigurationClassBeanDefinitionReader - Registering bean definition for @Bean method org.springframework.web.servlet.config.annotation.DelegatingWebMvcConfiguration.mvcUrlPathHelper()
14:36:52.667 [main] DEBUG org.springframework.context.annotation.ConfigurationClassBeanDefinitionReader - Registering bean definition for @Bean method org.springframework.web.servlet.config.annotation.DelegatingWebMvcConfiguration.mvcContentNegotiationManager()
14:36:52.667 [main] DEBUG org.springframework.context.annotation.ConfigurationClassBeanDefinitionReader - Registering bean definition for @Bean method org.springframework.web.servlet.config.annotation.DelegatingWebMvcConfiguration.viewControllerHandlerMapping()
14:36:52.667 [main] DEBUG org.springframework.context.annotation.ConfigurationClassBeanDefinitionReader - Registering bean definition for @Bean method org.springframework.web.servlet.config.annotation.DelegatingWebMvcConfiguration.beanNameHandlerMapping()
14:36:52.667 [main] DEBUG org.springframework.context.annotation.ConfigurationClassBeanDefinitionReader - Registering bean definition for @Bean method org.springframework.web.servlet.config.annotation.DelegatingWebMvcConfiguration.resourceHandlerMapping()
14:36:52.668 [main] DEBUG org.springframework.context.annotation.ConfigurationClassBeanDefinitionReader - Registering bean definition for @Bean method org.springframework.web.servlet.config.annotation.DelegatingWebMvcConfiguration.mvcResourceUrlProvider()
14:36:52.668 [main] DEBUG org.springframework.context.annotation.ConfigurationClassBeanDefinitionReader - Registering bean definition for @Bean method org.springframework.web.servlet.config.annotation.DelegatingWebMvcConfiguration.defaultServletHandlerMapping()
14:36:52.668 [main] DEBUG org.springframework.context.annotation.ConfigurationClassBeanDefinitionReader - Registering bean definition for @Bean method org.springframework.web.servlet.config.annotation.DelegatingWebMvcConfiguration.requestMappingHandlerAdapter()
14:36:52.669 [main] DEBUG org.springframework.context.annotation.ConfigurationClassBeanDefinitionReader - Registering bean definition for @Bean method org.springframework.web.servlet.config.annotation.DelegatingWebMvcConfiguration.mvcConversionService()
14:36:52.669 [main] DEBUG org.springframework.context.annotation.ConfigurationClassBeanDefinitionReader - Registering bean definition for @Bean method org.springframework.web.servlet.config.annotation.DelegatingWebMvcConfiguration.mvcValidator()
14:36:52.669 [main] DEBUG org.springframework.context.annotation.ConfigurationClassBeanDefinitionReader - Registering bean definition for @Bean method org.springframework.web.servlet.config.annotation.DelegatingWebMvcConfiguration.mvcUriComponentsContributor()
14:36:52.670 [main] DEBUG org.springframework.context.annotation.ConfigurationClassBeanDefinitionReader - Registering bean definition for @Bean method org.springframework.web.servlet.config.annotation.DelegatingWebMvcConfiguration.httpRequestHandlerAdapter()
14:36:52.672 [main] DEBUG org.springframework.context.annotation.ConfigurationClassBeanDefinitionReader - Registering bean definition for @Bean method org.springframework.web.servlet.config.annotation.DelegatingWebMvcConfiguration.simpleControllerHandlerAdapter()
14:36:52.672 [main] DEBUG org.springframework.context.annotation.ConfigurationClassBeanDefinitionReader - Registering bean definition for @Bean method org.springframework.web.servlet.config.annotation.DelegatingWebMvcConfiguration.handlerExceptionResolver()
14:36:52.673 [main] DEBUG org.springframework.context.annotation.ConfigurationClassBeanDefinitionReader - Registering bean definition for @Bean method org.springframework.web.servlet.config.annotation.DelegatingWebMvcConfiguration.mvcViewResolver()
14:36:52.673 [main] DEBUG org.springframework.context.annotation.ConfigurationClassBeanDefinitionReader - Registering bean definition for @Bean method org.springframework.web.servlet.config.annotation.DelegatingWebMvcConfiguration.mvcHandlerMappingIntrospector()
14:36:52.675 [main] DEBUG org.springframework.context.annotation.ConfigurationClassBeanDefinitionReader - Registering bean definition for @Bean method com.soft.config.AppConfig.viewResolver()
14:36:52.677 [main] DEBUG org.springframework.context.annotation.ConfigurationClassBeanDefinitionReader - Registering bean definition for @Bean method com.soft.config.AppConfig.templateEngine()
14:36:52.677 [main] DEBUG org.springframework.context.annotation.ConfigurationClassBeanDefinitionReader - Registering bean definition for @Bean method com.soft.config.AppConfig.templateResolver()
14:36:52.678 [main] DEBUG org.springframework.context.annotation.ConfigurationClassBeanDefinitionReader - Registering bean definition for @Bean method com.soft.config.AppConfig.localeResolver()
14:36:52.678 [main] DEBUG org.springframework.context.annotation.ConfigurationClassBeanDefinitionReader - Registered bean definition for imported class 'org.springframework.transaction.annotation.ProxyTransactionManagementConfiguration'
14:36:52.679 [main] DEBUG org.springframework.context.annotation.ConfigurationClassBeanDefinitionReader - Registering bean definition for @Bean method org.springframework.transaction.annotation.ProxyTransactionManagementConfiguration.org.springframework.transaction.config.internalTransactionAdvisor()
14:36:52.679 [main] DEBUG org.springframework.context.annotation.ConfigurationClassBeanDefinitionReader - Registering bean definition for @Bean method org.springframework.transaction.annotation.ProxyTransactionManagementConfiguration.transactionAttributeSource()
14:36:52.680 [main] DEBUG org.springframework.context.annotation.ConfigurationClassBeanDefinitionReader - Registering bean definition for @Bean method org.springframework.transaction.annotation.ProxyTransactionManagementConfiguration.transactionInterceptor()
14:36:52.680 [main] DEBUG org.springframework.context.annotation.ConfigurationClassBeanDefinitionReader - Registering bean definition for @Bean method org.springframework.transaction.annotation.ProxyTransactionManagementConfiguration.org.springframework.transaction.config.internalTransactionalEventListenerFactory()
14:36:52.683 [main] DEBUG org.springframework.context.annotation.ConfigurationClassBeanDefinitionReader - Registering bean definition for @Bean method com.soft.config.DataAccessConfig.DataSourceBean()
14:36:52.684 [main] DEBUG org.springframework.context.annotation.ConfigurationClassBeanDefinitionReader - Registering bean definition for @Bean method com.soft.config.DataAccessConfig.SessionFactory()
14:36:52.684 [main] DEBUG org.springframework.context.annotation.ConfigurationClassBeanDefinitionReader - Registering bean definition for @Bean method com.soft.config.DataAccessConfig.getDevLocaleDAO()
14:36:52.685 [main] DEBUG org.springframework.context.annotation.ConfigurationClassBeanDefinitionReader - Registering bean definition for @Bean method com.soft.config.DataAccessConfig.transactionManager()
14:36:52.798 [main] DEBUG org.springframework.context.annotation.ConfigurationClassEnhancer - Successfully enhanced com.soft.config.AppConfig; enhanced class name is: com.soft.config.AppConfig$$EnhancerBySpringCGLIB$$e918ca52
14:36:52.798 [main] DEBUG org.springframework.context.annotation.ConfigurationClassPostProcessor - Replacing bean definition 'appConfig' existing class 'com.soft.config.AppConfig' with enhanced class 'com.soft.config.AppConfig$$EnhancerBySpringCGLIB$$e918ca52'
14:36:52.805 [main] DEBUG org.springframework.context.annotation.ConfigurationClassEnhancer - Successfully enhanced com.soft.config.DataAccessConfig; enhanced class name is: com.soft.config.DataAccessConfig$$EnhancerBySpringCGLIB$$d625e009
14:36:52.805 [main] DEBUG org.springframework.context.annotation.ConfigurationClassPostProcessor - Replacing bean definition 'dataAccessConfig' existing class 'com.soft.config.DataAccessConfig' with enhanced class 'com.soft.config.DataAccessConfig$$EnhancerBySpringCGLIB$$d625e009'
14:36:52.812 [main] DEBUG org.springframework.context.annotation.ConfigurationClassEnhancer - Successfully enhanced org.springframework.web.servlet.config.annotation.DelegatingWebMvcConfiguration; enhanced class name is: org.springframework.web.servlet.config.annotation.DelegatingWebMvcConfiguration$$EnhancerBySpringCGLIB$$38f91ed5
14:36:52.812 [main] DEBUG org.springframework.context.annotation.ConfigurationClassPostProcessor - Replacing bean definition 'org.springframework.web.servlet.config.annotation.DelegatingWebMvcConfiguration' existing class 'org.springframework.web.servlet.config.annotation.DelegatingWebMvcConfiguration' with enhanced class 'org.springframework.web.servlet.config.annotation.DelegatingWebMvcConfiguration$$EnhancerBySpringCGLIB$$38f91ed5'
14:36:52.815 [main] DEBUG org.springframework.context.annotation.ConfigurationClassEnhancer - Successfully enhanced org.springframework.transaction.annotation.ProxyTransactionManagementConfiguration; enhanced class name is: org.springframework.transaction.annotation.ProxyTransactionManagementConfiguration$$EnhancerBySpringCGLIB$$7438399f
14:36:52.816 [main] DEBUG org.springframework.context.annotation.ConfigurationClassPostProcessor - Replacing bean definition 'org.springframework.transaction.annotation.ProxyTransactionManagementConfiguration' existing class 'org.springframework.transaction.annotation.ProxyTransactionManagementConfiguration' with enhanced class 'org.springframework.transaction.annotation.ProxyTransactionManagementConfiguration$$EnhancerBySpringCGLIB$$7438399f'
14:36:52.819 [main] DEBUG org.springframework.beans.factory.support.DefaultListableBeanFactory - Creating shared instance of singleton bean 'org.springframework.context.annotation.internalAutowiredAnnotationProcessor'
14:36:52.819 [main] DEBUG org.springframework.beans.factory.support.DefaultListableBeanFactory - Creating instance of bean 'org.springframework.context.annotation.internalAutowiredAnnotationProcessor'
14:36:52.820 [main] DEBUG org.springframework.beans.factory.support.DefaultListableBeanFactory - Eagerly caching bean 'org.springframework.context.annotation.internalAutowiredAnnotationProcessor' to allow for resolving potential circular references
14:36:52.821 [main] TRACE org.springframework.core.io.support.SpringFactoriesLoader - Loaded [org.springframework.beans.BeanInfoFactory] names: [org.springframework.beans.ExtendedBeanInfoFactory]
14:36:52.822 [main] TRACE org.springframework.beans.CachedIntrospectionResults - Getting BeanInfo for class [org.springframework.beans.factory.annotation.AutowiredAnnotationBeanPostProcessor]
14:36:52.828 [main] TRACE org.springframework.beans.CachedIntrospectionResults - Caching PropertyDescriptors for class [org.springframework.beans.factory.annotation.AutowiredAnnotationBeanPostProcessor]
14:36:52.828 [main] TRACE org.springframework.beans.CachedIntrospectionResults - Found bean property 'autowiredAnnotationType' of type [java.lang.Class]
14:36:52.829 [main] TRACE org.springframework.beans.CachedIntrospectionResults - Found bean property 'autowiredAnnotationTypes' of type [java.util.Set]
14:36:52.830 [main] TRACE org.springframework.beans.CachedIntrospectionResults - Found bean property 'beanFactory' of type [org.springframework.beans.factory.BeanFactory]
14:36:52.830 [main] TRACE org.springframework.beans.CachedIntrospectionResults - Found bean property 'class' of type [java.lang.Class]
14:36:52.830 [main] TRACE org.springframework.beans.CachedIntrospectionResults - Found bean property 'order' of type [int]
14:36:52.830 [main] TRACE org.springframework.beans.CachedIntrospectionResults - Found bean property 'requiredParameterName' of type [java.lang.String]
14:36:52.830 [main] TRACE org.springframework.beans.CachedIntrospectionResults - Found bean property 'requiredParameterValue' of type [boolean]
14:36:52.832 [main] DEBUG org.springframework.beans.factory.support.DefaultListableBeanFactory - Finished creating instance of bean 'org.springframework.context.annotation.internalAutowiredAnnotationProcessor'
14:36:52.832 [main] DEBUG org.springframework.beans.factory.support.DefaultListableBeanFactory - Creating shared instance of singleton bean 'org.springframework.context.annotation.internalRequiredAnnotationProcessor'
14:36:52.832 [main] DEBUG org.springframework.beans.factory.support.DefaultListableBeanFactory - Creating instance of bean 'org.springframework.context.annotation.internalRequiredAnnotationProcessor'
14:36:52.833 [main] DEBUG org.springframework.beans.factory.support.DefaultListableBeanFactory - Eagerly caching bean 'org.springframework.context.annotation.internalRequiredAnnotationProcessor' to allow for resolving potential circular references
14:36:52.833 [main] TRACE org.springframework.beans.CachedIntrospectionResults - Getting BeanInfo for class [org.springframework.beans.factory.annotation.RequiredAnnotationBeanPostProcessor]
14:36:52.834 [main] TRACE org.springframework.beans.CachedIntrospectionResults - Caching PropertyDescriptors for class [org.springframework.beans.factory.annotation.RequiredAnnotationBeanPostProcessor]
14:36:52.835 [main] TRACE org.springframework.beans.CachedIntrospectionResults - Found bean property 'beanFactory' of type [org.springframework.beans.factory.BeanFactory]
14:36:52.835 [main] TRACE org.springframework.beans.CachedIntrospectionResults - Found bean property 'class' of type [java.lang.Class]
14:36:52.835 [main] TRACE org.springframework.beans.CachedIntrospectionResults - Found bean property 'order' of type [int]
14:36:52.835 [main] TRACE org.springframework.beans.CachedIntrospectionResults - Found bean property 'requiredAnnotationType' of type [java.lang.Class]
14:36:52.836 [main] DEBUG org.springframework.beans.factory.support.DefaultListableBeanFactory - Finished creating instance of bean 'org.springframework.context.annotation.internalRequiredAnnotationProcessor'
14:36:52.837 [main] DEBUG org.springframework.beans.factory.support.DefaultListableBeanFactory - Creating shared instance of singleton bean 'org.springframework.context.annotation.internalCommonAnnotationProcessor'
14:36:52.837 [main] DEBUG org.springframework.beans.factory.support.DefaultListableBeanFactory - Creating instance of bean 'org.springframework.context.annotation.internalCommonAnnotationProcessor'
14:36:52.838 [main] DEBUG org.springframework.beans.factory.support.DefaultListableBeanFactory - Eagerly caching bean 'org.springframework.context.annotation.internalCommonAnnotationProcessor' to allow for resolving potential circular references
14:36:52.838 [main] TRACE org.springframework.beans.CachedIntrospectionResults - Getting BeanInfo for class [org.springframework.context.annotation.CommonAnnotationBeanPostProcessor]
14:36:52.840 [main] TRACE org.springframework.beans.CachedIntrospectionResults - Caching PropertyDescriptors for class [org.springframework.context.annotation.CommonAnnotationBeanPostProcessor]
14:36:52.840 [main] TRACE org.springframework.beans.CachedIntrospectionResults - Found bean property 'alwaysUseJndiLookup' of type [boolean]
14:36:52.841 [main] TRACE org.springframework.beans.CachedIntrospectionResults - Found bean property 'beanFactory' of type [org.springframework.beans.factory.BeanFactory]
14:36:52.841 [main] TRACE org.springframework.beans.CachedIntrospectionResults - Found bean property 'class' of type [java.lang.Class]
14:36:52.841 [main] TRACE org.springframework.beans.CachedIntrospectionResults - Found bean property 'destroyAnnotationType' of type [java.lang.Class]
14:36:52.841 [main] TRACE org.springframework.beans.CachedIntrospectionResults - Found bean property 'fallbackToDefaultTypeMatch' of type [boolean]
14:36:52.841 [main] TRACE org.springframework.beans.CachedIntrospectionResults - Found bean property 'initAnnotationType' of type [java.lang.Class]
14:36:52.841 [main] TRACE org.springframework.beans.CachedIntrospectionResults - Found bean property 'jndiFactory' of type [org.springframework.beans.factory.BeanFactory]
14:36:52.841 [main] TRACE org.springframework.beans.CachedIntrospectionResults - Found bean property 'order' of type [int]
14:36:52.841 [main] TRACE org.springframework.beans.CachedIntrospectionResults - Found bean property 'resourceFactory' of type [org.springframework.beans.factory.BeanFactory]
14:36:52.843 [main] DEBUG org.springframework.beans.factory.support.DefaultListableBeanFactory - Finished creating instance of bean 'org.springframework.context.annotation.internalCommonAnnotationProcessor'
14:36:52.843 [main] DEBUG org.springframework.beans.factory.support.DefaultListableBeanFactory - Creating shared instance of singleton bean 'org.springframework.context.annotation.internalPersistenceAnnotationProcessor'
14:36:52.843 [main] DEBUG org.springframework.beans.factory.support.DefaultListableBeanFactory - Creating instance of bean 'org.springframework.context.annotation.internalPersistenceAnnotationProcessor'
14:36:52.843 [main] DEBUG org.springframework.beans.factory.support.DefaultListableBeanFactory - Eagerly caching bean 'org.springframework.context.annotation.internalPersistenceAnnotationProcessor' to allow for resolving potential circular references
14:36:52.844 [main] TRACE org.springframework.beans.CachedIntrospectionResults - Getting BeanInfo for class [org.springframework.orm.jpa.support.PersistenceAnnotationBeanPostProcessor]
14:36:52.845 [main] TRACE org.springframework.beans.CachedIntrospectionResults - Caching PropertyDescriptors for class [org.springframework.orm.jpa.support.PersistenceAnnotationBeanPostProcessor]
14:36:52.845 [main] TRACE org.springframework.beans.CachedIntrospectionResults - Found bean property 'beanFactory' of type [org.springframework.beans.factory.BeanFactory]
14:36:52.845 [main] TRACE org.springframework.beans.CachedIntrospectionResults - Found bean property 'class' of type [java.lang.Class]
14:36:52.845 [main] TRACE org.springframework.beans.CachedIntrospectionResults - Found bean property 'defaultPersistenceUnitName' of type [java.lang.String]
14:36:52.845 [main] TRACE org.springframework.beans.CachedIntrospectionResults - Found bean property 'extendedPersistenceContexts' of type [java.util.Map]
14:36:52.845 [main] TRACE org.springframework.beans.CachedIntrospectionResults - Found bean property 'jndiEnvironment' of type [java.util.Properties]
14:36:52.845 [main] TRACE org.springframework.beans.CachedIntrospectionResults - Found bean property 'jndiTemplate' of type [java.lang.Object]
14:36:52.846 [main] TRACE org.springframework.beans.CachedIntrospectionResults - Found bean property 'order' of type [int]
14:36:52.846 [main] TRACE org.springframework.beans.CachedIntrospectionResults - Found bean property 'persistenceContexts' of type [java.util.Map]
14:36:52.847 [main] TRACE org.springframework.beans.CachedIntrospectionResults - Found bean property 'persistenceUnits' of type [java.util.Map]
14:36:52.847 [main] TRACE org.springframework.beans.CachedIntrospectionResults - Found bean property 'resourceRef' of type [boolean]
14:36:52.848 [main] DEBUG org.springframework.beans.factory.support.DefaultListableBeanFactory - Finished creating instance of bean 'org.springframework.context.annotation.internalPersistenceAnnotationProcessor'
14:36:52.849 [main] DEBUG org.springframework.beans.factory.support.DefaultListableBeanFactory - Creating shared instance of singleton bean 'org.springframework.aop.config.internalAutoProxyCreator'
14:36:52.849 [main] DEBUG org.springframework.beans.factory.support.DefaultListableBeanFactory - Creating instance of bean 'org.springframework.aop.config.internalAutoProxyCreator'
14:36:52.857 [main] DEBUG org.springframework.beans.factory.support.DefaultListableBeanFactory - Eagerly caching bean 'org.springframework.aop.config.internalAutoProxyCreator' to allow for resolving potential circular references
14:36:52.857 [main] TRACE org.springframework.beans.CachedIntrospectionResults - Getting BeanInfo for class [org.springframework.aop.framework.autoproxy.InfrastructureAdvisorAutoProxyCreator]
14:36:52.860 [main] TRACE org.springframework.beans.CachedIntrospectionResults - Caching PropertyDescriptors for class [org.springframework.aop.framework.autoproxy.InfrastructureAdvisorAutoProxyCreator]
14:36:52.861 [main] TRACE org.springframework.beans.CachedIntrospectionResults - Found bean property 'advisorAdapterRegistry' of type [org.springframework.aop.framework.adapter.AdvisorAdapterRegistry]
14:36:52.861 [main] TRACE org.springframework.beans.CachedIntrospectionResults - Found bean property 'applyCommonInterceptorsFirst' of type [boolean]
14:36:52.861 [main] TRACE org.springframework.beans.CachedIntrospectionResults - Found bean property 'beanClassLoader' of type [java.lang.ClassLoader]
14:36:52.861 [main] TRACE org.springframework.beans.CachedIntrospectionResults - Found bean property 'beanFactory' of type [org.springframework.beans.factory.BeanFactory]
14:36:52.861 [main] TRACE org.springframework.beans.CachedIntrospectionResults - Found bean property 'class' of type [java.lang.Class]
14:36:52.861 [main] TRACE org.springframework.beans.CachedIntrospectionResults - Found bean property 'customTargetSourceCreators' of type [[Lorg.springframework.aop.framework.autoproxy.TargetSourceCreator;]
14:36:52.861 [main] TRACE org.springframework.beans.CachedIntrospectionResults - Found bean property 'exposeProxy' of type [boolean]
14:36:52.861 [main] TRACE org.springframework.beans.CachedIntrospectionResults - Found bean property 'frozen' of type [boolean]
14:36:52.862 [main] TRACE org.springframework.beans.CachedIntrospectionResults - Found bean property 'interceptorNames' of type [[Ljava.lang.String;]
14:36:52.862 [main] TRACE org.springframework.beans.CachedIntrospectionResults - Found bean property 'opaque' of type [boolean]
14:36:52.862 [main] TRACE org.springframework.beans.CachedIntrospectionResults - Found bean property 'optimize' of type [boolean]
14:36:52.862 [main] TRACE org.springframework.beans.CachedIntrospectionResults - Found bean property 'order' of type [int]
14:36:52.862 [main] TRACE org.springframework.beans.CachedIntrospectionResults - Found bean property 'proxyClassLoader' of type [java.lang.ClassLoader]
14:36:52.862 [main] TRACE org.springframework.beans.CachedIntrospectionResults - Found bean property 'proxyTargetClass' of type [boolean]
14:36:52.869 [main] DEBUG org.springframework.beans.factory.support.DefaultListableBeanFactory - Finished creating instance of bean 'org.springframework.aop.config.internalAutoProxyCreator'
14:36:52.870 [main] DEBUG org.springframework.beans.factory.support.DefaultListableBeanFactory - Creating shared instance of singleton bean 'messageSource'
14:36:52.870 [main] DEBUG org.springframework.beans.factory.support.DefaultListableBeanFactory - Creating instance of bean 'messageSource'
14:36:52.877 [main] DEBUG org.springframework.beans.factory.support.DefaultListableBeanFactory - Creating shared instance of singleton bean 'appConfig'
14:36:52.877 [main] DEBUG org.springframework.beans.factory.support.DefaultListableBeanFactory - Creating instance of bean 'appConfig'
14:36:52.878 [main] DEBUG org.springframework.beans.factory.support.DefaultListableBeanFactory - Eagerly caching bean 'appConfig' to allow for resolving potential circular references
14:36:52.878 [main] TRACE org.springframework.beans.CachedIntrospectionResults - Getting BeanInfo for class [com.soft.config.AppConfig$$EnhancerBySpringCGLIB$$e918ca52]
14:36:52.881 [main] TRACE org.springframework.beans.CachedIntrospectionResults - Caching PropertyDescriptors for class [com.soft.config.AppConfig$$EnhancerBySpringCGLIB$$e918ca52]
14:36:52.881 [main] TRACE org.springframework.beans.CachedIntrospectionResults - Found bean property 'applicationContext' of type [org.springframework.context.ApplicationContext]
14:36:52.881 [main] TRACE org.springframework.beans.CachedIntrospectionResults - Found bean property 'beanFactory' of type [org.springframework.beans.factory.BeanFactory]
14:36:52.881 [main] TRACE org.springframework.beans.CachedIntrospectionResults - Found bean property 'class' of type [java.lang.Class]
14:36:52.881 [main] TRACE org.springframework.beans.CachedIntrospectionResults - Found bean property 'messageCodesResolver' of type [org.springframework.validation.MessageCodesResolver]
14:36:52.882 [main] TRACE org.springframework.beans.CachedIntrospectionResults - Found bean property 'sessionLocaleResolver' of type [org.springframework.web.servlet.i18n.SessionLocaleResolver]
14:36:52.882 [main] TRACE org.springframework.beans.CachedIntrospectionResults - Found bean property 'validator' of type [org.springframework.validation.Validator]
14:36:52.884 [main] DEBUG org.springframework.beans.factory.support.DefaultListableBeanFactory - Creating shared instance of singleton bean 'org.springframework.transaction.config.internalTransactionAdvisor'
14:36:52.889 [main] DEBUG org.springframework.beans.factory.support.DefaultListableBeanFactory - Creating instance of bean 'org.springframework.transaction.config.internalTransactionAdvisor'
14:36:52.889 [main] TRACE org.springframework.aop.framework.autoproxy.InfrastructureAdvisorAutoProxyCreator - Did not attempt to auto-proxy infrastructure class [org.springframework.transaction.interceptor.BeanFactoryTransactionAttributeSourceAdvisor]
14:36:52.889 [main] DEBUG org.springframework.beans.factory.support.DefaultListableBeanFactory - Creating shared instance of singleton bean 'org.springframework.transaction.annotation.ProxyTransactionManagementConfiguration'
14:36:52.889 [main] DEBUG org.springframework.beans.factory.support.DefaultListableBeanFactory - Creating instance of bean 'org.springframework.transaction.annotation.ProxyTransactionManagementConfiguration'
14:36:52.890 [main] TRACE org.springframework.beans.CachedIntrospectionResults - Getting BeanInfo for class [org.springframework.transaction.annotation.ProxyTransactionManagementConfiguration$$EnhancerBySpringCGLIB$$7438399f]
14:36:52.892 [main] TRACE org.springframework.beans.CachedIntrospectionResults - Caching PropertyDescriptors for class [org.springframework.transaction.annotation.ProxyTransactionManagementConfiguration$$EnhancerBySpringCGLIB$$7438399f]
14:36:52.892 [main] TRACE org.springframework.beans.CachedIntrospectionResults - Found bean property 'beanFactory' of type [org.springframework.beans.factory.BeanFactory]
14:36:52.892 [main] TRACE org.springframework.beans.CachedIntrospectionResults - Found bean property 'class' of type [java.lang.Class]
14:36:52.893 [main] TRACE org.springframework.beans.CachedIntrospectionResults - Found bean property 'importMetadata' of type [org.springframework.core.type.AnnotationMetadata]
14:36:52.894 [main] DEBUG org.springframework.beans.factory.annotation.InjectionMetadata - Registered injected element on class [org.springframework.transaction.annotation.ProxyTransactionManagementConfiguration$$EnhancerBySpringCGLIB$$7438399f]: AutowiredMethodElement for void org.springframework.transaction.annotation.AbstractTransactionManagementConfiguration.setConfigurers(java.util.Collection)
14:36:52.894 [main] DEBUG org.springframework.beans.factory.support.DefaultListableBeanFactory - Eagerly caching bean 'org.springframework.transaction.annotation.ProxyTransactionManagementConfiguration' to allow for resolving potential circular references
14:36:52.895 [main] DEBUG org.springframework.beans.factory.annotation.InjectionMetadata - Processing injected element of bean 'org.springframework.transaction.annotation.ProxyTransactionManagementConfiguration': AutowiredMethodElement for void org.springframework.transaction.annotation.AbstractTransactionManagementConfiguration.setConfigurers(java.util.Collection)
14:36:52.896 [main] DEBUG org.springframework.beans.factory.support.DefaultListableBeanFactory - Returning cached instance of singleton bean 'org.springframework.context.annotation.ConfigurationClassPostProcessor.importRegistry'
14:36:52.897 [main] DEBUG org.springframework.aop.framework.autoproxy.BeanFactoryAdvisorRetrievalHelper - Skipping currently created advisor 'org.springframework.transaction.config.internalTransactionAdvisor'
14:36:52.898 [main] DEBUG org.springframework.beans.factory.support.DefaultListableBeanFactory - Finished creating instance of bean 'org.springframework.transaction.annotation.ProxyTransactionManagementConfiguration'
14:36:52.911 [main] DEBUG org.springframework.beans.factory.support.DefaultListableBeanFactory - Creating shared instance of singleton bean 'transactionAttributeSource'
14:36:52.911 [main] DEBUG org.springframework.beans.factory.support.DefaultListableBeanFactory - Creating instance of bean 'transactionAttributeSource'
14:36:52.911 [main] DEBUG org.springframework.beans.factory.support.DefaultListableBeanFactory - Returning cached instance of singleton bean 'org.springframework.transaction.annotation.ProxyTransactionManagementConfiguration'
14:36:52.912 [main] DEBUG org.springframework.beans.factory.support.DefaultListableBeanFactory - Eagerly caching bean 'transactionAttributeSource' to allow for resolving potential circular references
14:36:52.912 [main] TRACE org.springframework.beans.CachedIntrospectionResults - Getting BeanInfo for class [org.springframework.transaction.annotation.AnnotationTransactionAttributeSource]
14:36:52.913 [main] TRACE org.springframework.beans.CachedIntrospectionResults - Caching PropertyDescriptors for class [org.springframework.transaction.annotation.AnnotationTransactionAttributeSource]
14:36:52.914 [main] TRACE org.springframework.beans.CachedIntrospectionResults - Found bean property 'class' of type [java.lang.Class]
14:36:52.915 [main] DEBUG org.springframework.aop.framework.autoproxy.BeanFactoryAdvisorRetrievalHelper - Skipping currently created advisor 'org.springframework.transaction.config.internalTransactionAdvisor'
14:36:52.915 [main] DEBUG org.springframework.beans.factory.support.DefaultListableBeanFactory - Finished creating instance of bean 'transactionAttributeSource'
14:36:52.916 [main] DEBUG org.springframework.beans.factory.support.DefaultListableBeanFactory - Creating shared instance of singleton bean 'transactionInterceptor'
14:36:52.916 [main] DEBUG org.springframework.beans.factory.support.DefaultListableBeanFactory - Creating instance of bean 'transactionInterceptor'
14:36:52.916 [main] TRACE org.springframework.aop.framework.autoproxy.InfrastructureAdvisorAutoProxyCreator - Did not attempt to auto-proxy infrastructure class [org.springframework.transaction.interceptor.TransactionInterceptor]
14:36:52.916 [main] DEBUG org.springframework.beans.factory.support.DefaultListableBeanFactory - Returning cached instance of singleton bean 'org.springframework.transaction.annotation.ProxyTransactionManagementConfiguration'
14:36:52.917 [main] DEBUG org.springframework.beans.factory.support.DefaultListableBeanFactory - Returning cached instance of singleton bean 'transactionAttributeSource'
14:36:52.920 [main] DEBUG org.springframework.beans.factory.support.DefaultListableBeanFactory - Eagerly caching bean 'transactionInterceptor' to allow for resolving potential circular references
14:36:52.920 [main] TRACE org.springframework.beans.CachedIntrospectionResults - Getting BeanInfo for class [org.springframework.transaction.interceptor.TransactionInterceptor]
14:36:52.923 [main] TRACE org.springframework.beans.CachedIntrospectionResults - Caching PropertyDescriptors for class [org.springframework.transaction.interceptor.TransactionInterceptor]
14:36:52.923 [main] TRACE org.springframework.beans.CachedIntrospectionResults - Found bean property 'beanFactory' of type [org.springframework.beans.factory.BeanFactory]
14:36:52.924 [main] TRACE org.springframework.beans.CachedIntrospectionResults - Found bean property 'class' of type [java.lang.Class]
14:36:52.924 [main] TRACE org.springframework.beans.CachedIntrospectionResults - Found bean property 'transactionAttributeSource' of type [org.springframework.transaction.interceptor.TransactionAttributeSource]
14:36:52.924 [main] TRACE org.springframework.beans.CachedIntrospectionResults - Found bean property 'transactionAttributeSources' of type [[Lorg.springframework.transaction.interceptor.TransactionAttributeSource;]
14:36:52.924 [main] TRACE org.springframework.beans.CachedIntrospectionResults - Found bean property 'transactionAttributes' of type [java.util.Properties]
14:36:52.924 [main] TRACE org.springframework.beans.CachedIntrospectionResults - Found bean property 'transactionManager' of type [org.springframework.transaction.PlatformTransactionManager]
14:36:52.924 [main] TRACE org.springframework.beans.CachedIntrospectionResults - Found bean property 'transactionManagerBeanName' of type [java.lang.String]
14:36:52.925 [main] DEBUG org.springframework.beans.factory.support.DefaultListableBeanFactory - Invoking afterPropertiesSet() on bean with name 'transactionInterceptor'
14:36:52.925 [main] DEBUG org.springframework.beans.factory.support.DefaultListableBeanFactory - Finished creating instance of bean 'transactionInterceptor'
14:36:52.926 [main] DEBUG org.springframework.beans.factory.support.DefaultListableBeanFactory - Eagerly caching bean 'org.springframework.transaction.config.internalTransactionAdvisor' to allow for resolving potential circular references
14:36:52.926 [main] TRACE org.springframework.beans.CachedIntrospectionResults - Getting BeanInfo for class [org.springframework.transaction.interceptor.BeanFactoryTransactionAttributeSourceAdvisor]
14:36:52.928 [main] TRACE org.springframework.beans.CachedIntrospectionResults - Caching PropertyDescriptors for class [org.springframework.transaction.interceptor.BeanFactoryTransactionAttributeSourceAdvisor]
14:36:52.928 [main] TRACE org.springframework.beans.CachedIntrospectionResults - Found bean property 'advice' of type [org.aopalliance.aop.Advice]
14:36:52.928 [main] TRACE org.springframework.beans.CachedIntrospectionResults - Found bean property 'adviceBeanName' of type [java.lang.String]
14:36:52.928 [main] TRACE org.springframework.beans.CachedIntrospectionResults - Found bean property 'beanFactory' of type [org.springframework.beans.factory.BeanFactory]
14:36:52.928 [main] TRACE org.springframework.beans.CachedIntrospectionResults - Found bean property 'class' of type [java.lang.Class]
14:36:52.928 [main] TRACE org.springframework.beans.CachedIntrospectionResults - Found bean property 'classFilter' of type [org.springframework.aop.ClassFilter]
14:36:52.928 [main] TRACE org.springframework.beans.CachedIntrospectionResults - Found bean property 'order' of type [int]
14:36:52.929 [main] TRACE org.springframework.beans.CachedIntrospectionResults - Found bean property 'perInstance' of type [boolean]
14:36:52.929 [main] TRACE org.springframework.beans.CachedIntrospectionResults - Found bean property 'pointcut' of type [org.springframework.aop.Pointcut]
14:36:52.929 [main] TRACE org.springframework.beans.CachedIntrospectionResults - Found bean property 'transactionAttributeSource' of type [org.springframework.transaction.interceptor.TransactionAttributeSource]
14:36:52.930 [main] DEBUG org.springframework.beans.factory.support.DefaultListableBeanFactory - Finished creating instance of bean 'org.springframework.transaction.config.internalTransactionAdvisor'
14:36:52.934 [main] DEBUG org.springframework.beans.factory.support.DefaultListableBeanFactory - Finished creating instance of bean 'appConfig'
14:36:52.934 [main] DEBUG org.springframework.beans.factory.support.DefaultListableBeanFactory - Autowiring by type from bean name 'messageSource' via constructor to bean named 'appConfig'
14:36:52.936 [main] DEBUG org.springframework.beans.factory.annotation.InjectionMetadata - Registered injected element on class [com.soft.config.AppConfig$DBMessageSource]: AutowiredFieldElement for private com.soft.dao.EshopDAOImpl com.soft.config.AppConfig$DBMessageSource.eshopDaoImpl
14:36:52.936 [main] DEBUG org.springframework.beans.factory.support.DefaultListableBeanFactory - Eagerly caching bean 'messageSource' to allow for resolving potential circular references
14:36:52.936 [main] TRACE org.springframework.beans.CachedIntrospectionResults - Getting BeanInfo for class [com.soft.config.AppConfig$DBMessageSource]
14:36:52.938 [main] TRACE org.springframework.beans.CachedIntrospectionResults - Caching PropertyDescriptors for class [com.soft.config.AppConfig$DBMessageSource]
14:36:52.938 [main] TRACE org.springframework.beans.CachedIntrospectionResults - Found bean property 'alwaysUseMessageFormat' of type [boolean]
14:36:52.938 [main] TRACE org.springframework.beans.CachedIntrospectionResults - Found bean property 'class' of type [java.lang.Class]
14:36:52.939 [main] TRACE org.springframework.beans.CachedIntrospectionResults - Found bean property 'commonMessages' of type [java.util.Properties]
14:36:52.939 [main] TRACE org.springframework.beans.CachedIntrospectionResults - Found bean property 'parentMessageSource' of type [org.springframework.context.MessageSource]
14:36:52.939 [main] TRACE org.springframework.beans.CachedIntrospectionResults - Found bean property 'useCodeAsDefaultMessage' of type [boolean]
14:36:52.939 [main] DEBUG org.springframework.beans.factory.annotation.InjectionMetadata - Processing injected element of bean 'messageSource': AutowiredFieldElement for private com.soft.dao.EshopDAOImpl com.soft.config.AppConfig$DBMessageSource.eshopDaoImpl
14:36:52.941 [main] DEBUG org.springframework.beans.factory.support.DefaultListableBeanFactory - Creating shared instance of singleton bean 'DataSourceBean'
14:36:52.941 [main] DEBUG org.springframework.beans.factory.support.DefaultListableBeanFactory - Creating instance of bean 'DataSourceBean'
14:36:52.941 [main] DEBUG org.springframework.beans.factory.support.DefaultListableBeanFactory - Creating shared instance of singleton bean 'dataAccessConfig'
14:36:52.941 [main] DEBUG org.springframework.beans.factory.support.DefaultListableBeanFactory - Creating instance of bean 'dataAccessConfig'
14:36:52.942 [main] DEBUG org.springframework.beans.factory.support.DefaultListableBeanFactory - Eagerly caching bean 'dataAccessConfig' to allow for resolving potential circular references
14:36:52.942 [main] TRACE org.springframework.beans.CachedIntrospectionResults - Getting BeanInfo for class [com.soft.config.DataAccessConfig$$EnhancerBySpringCGLIB$$d625e009]
14:36:52.943 [main] TRACE org.springframework.beans.CachedIntrospectionResults - Caching PropertyDescriptors for class [com.soft.config.DataAccessConfig$$EnhancerBySpringCGLIB$$d625e009]
14:36:52.943 [main] TRACE org.springframework.beans.CachedIntrospectionResults - Found bean property 'beanFactory' of type [org.springframework.beans.factory.BeanFactory]
14:36:52.943 [main] TRACE org.springframework.beans.CachedIntrospectionResults - Found bean property 'class' of type [java.lang.Class]
14:36:52.943 [main] TRACE org.springframework.beans.CachedIntrospectionResults - Found bean property 'dataSource' of type [javax.sql.DataSource]
14:36:52.943 [main] TRACE org.springframework.beans.CachedIntrospectionResults - Found bean property 'devDataSource' of type [javax.sql.DataSource]
14:36:52.944 [main] DEBUG org.springframework.beans.factory.support.DefaultListableBeanFactory - Returning cached instance of singleton bean 'org.springframework.transaction.config.internalTransactionAdvisor'
14:36:52.945 [main] DEBUG org.springframework.beans.factory.support.DefaultListableBeanFactory - Finished creating instance of bean 'dataAccessConfig'
14:36:52.959 [main] DEBUG org.springframework.beans.factory.support.DefaultListableBeanFactory - Eagerly caching bean 'DataSourceBean' to allow for resolving potential circular references
14:36:52.960 [main] TRACE org.springframework.beans.CachedIntrospectionResults - Getting BeanInfo for class [org.apache.commons.dbcp2.BasicDataSource]
14:36:52.963 [main] TRACE org.springframework.beans.CachedIntrospectionResults - Caching PropertyDescriptors for class [org.apache.commons.dbcp2.BasicDataSource]
14:36:52.963 [main] TRACE org.springframework.beans.CachedIntrospectionResults - Found bean property 'abandonedLogWriter' of type [java.io.PrintWriter]
14:36:52.963 [main] TRACE org.springframework.beans.CachedIntrospectionResults - Found bean property 'abandonedUsageTracking' of type [boolean]
14:36:52.963 [main] TRACE org.springframework.beans.CachedIntrospectionResults - Found bean property 'accessToUnderlyingConnectionAllowed' of type [boolean]
14:36:52.963 [main] TRACE org.springframework.beans.CachedIntrospectionResults - Found bean property 'autoCommitOnReturn' of type [boolean]
14:36:52.963 [main] TRACE org.springframework.beans.CachedIntrospectionResults - Found bean property 'cacheState' of type [boolean]
14:36:52.963 [main] TRACE org.springframework.beans.CachedIntrospectionResults - Found bean property 'class' of type [java.lang.Class]
14:36:52.963 [main] TRACE org.springframework.beans.CachedIntrospectionResults - Found bean property 'closed' of type [boolean]
14:36:52.963 [main] TRACE org.springframework.beans.CachedIntrospectionResults - Found bean property 'connection' of type [java.sql.Connection]
14:36:52.964 [main] TRACE org.springframework.beans.CachedIntrospectionResults - Found bean property 'connectionFactoryClassName' of type [java.lang.String]
14:36:52.964 [main] TRACE org.springframework.beans.CachedIntrospectionResults - Found bean property 'connectionInitSqls' of type [java.util.List]
14:36:52.964 [main] TRACE org.springframework.beans.CachedIntrospectionResults - Found bean property 'connectionInitSqlsAsArray' of type [[Ljava.lang.String;]
14:36:52.964 [main] TRACE org.springframework.beans.CachedIntrospectionResults - Found bean property 'connectionProperties' of type [java.lang.String]
14:36:52.964 [main] TRACE org.springframework.beans.CachedIntrospectionResults - Found bean property 'defaultAutoCommit' of type [java.lang.Boolean]
14:36:52.964 [main] TRACE org.springframework.beans.CachedIntrospectionResults - Found bean property 'defaultCatalog' of type [java.lang.String]
14:36:52.964 [main] TRACE org.springframework.beans.CachedIntrospectionResults - Found bean property 'defaultQueryTimeout' of type [java.lang.Integer]
14:36:52.964 [main] TRACE org.springframework.beans.CachedIntrospectionResults - Found bean property 'defaultReadOnly' of type [java.lang.Boolean]
14:36:52.964 [main] TRACE org.springframework.beans.CachedIntrospectionResults - Found bean property 'defaultSchema' of type [java.lang.String]
14:36:52.964 [main] TRACE org.springframework.beans.CachedIntrospectionResults - Found bean property 'defaultTransactionIsolation' of type [int]
14:36:52.965 [main] TRACE org.springframework.beans.CachedIntrospectionResults - Found bean property 'disconnectionSqlCodes' of type [java.util.Set]
14:36:52.965 [main] TRACE org.springframework.beans.CachedIntrospectionResults - Found bean property 'disconnectionSqlCodesAsArray' of type [[Ljava.lang.String;]
14:36:52.965 [main] TRACE org.springframework.beans.CachedIntrospectionResults - Found bean property 'driver' of type [java.sql.Driver]
14:36:52.965 [main] TRACE org.springframework.beans.CachedIntrospectionResults - Found bean property 'driverClassLoader' of type [java.lang.ClassLoader]
14:36:52.965 [main] TRACE org.springframework.beans.CachedIntrospectionResults - Found bean property 'driverClassName' of type [java.lang.String]
14:36:52.965 [main] TRACE org.springframework.beans.CachedIntrospectionResults - Found bean property 'enableAutoCommitOnReturn' of type [boolean]
14:36:52.965 [main] TRACE org.springframework.beans.CachedIntrospectionResults - Found bean property 'evictionPolicyClassName' of type [java.lang.String]
14:36:52.965 [main] TRACE org.springframework.beans.CachedIntrospectionResults - Found bean property 'fastFailValidation' of type [boolean]
14:36:52.965 [main] TRACE org.springframework.beans.CachedIntrospectionResults - Found bean property 'initialSize' of type [int]
14:36:52.965 [main] TRACE org.springframework.beans.CachedIntrospectionResults - Found bean property 'jmxName' of type [java.lang.String]
14:36:52.966 [main] TRACE org.springframework.beans.CachedIntrospectionResults - Found bean property 'lifo' of type [boolean]
14:36:52.966 [main] TRACE org.springframework.beans.CachedIntrospectionResults - Found bean property 'logAbandoned' of type [boolean]
14:36:52.966 [main] TRACE org.springframework.beans.CachedIntrospectionResults - Found bean property 'logExpiredConnections' of type [boolean]
14:36:52.966 [main] TRACE org.springframework.beans.CachedIntrospectionResults - Found bean property 'logWriter' of type [java.io.PrintWriter]
14:36:52.966 [main] TRACE org.springframework.beans.CachedIntrospectionResults - Found bean property 'loginTimeout' of type [int]
14:36:52.966 [main] TRACE org.springframework.beans.CachedIntrospectionResults - Found bean property 'maxConnLifetimeMillis' of type [long]
14:36:52.966 [main] TRACE org.springframework.beans.CachedIntrospectionResults - Found bean property 'maxIdle' of type [int]
14:36:52.966 [main] TRACE org.springframework.beans.CachedIntrospectionResults - Found bean property 'maxOpenPreparedStatements' of type [int]
14:36:52.966 [main] TRACE org.springframework.beans.CachedIntrospectionResults - Found bean property 'maxTotal' of type [int]
14:36:52.966 [main] TRACE org.springframework.beans.CachedIntrospectionResults - Found bean property 'maxWaitMillis' of type [long]
14:36:52.966 [main] TRACE org.springframework.beans.CachedIntrospectionResults - Found bean property 'minEvictableIdleTimeMillis' of type [long]
14:36:52.967 [main] TRACE org.springframework.beans.CachedIntrospectionResults - Found bean property 'minIdle' of type [int]
14:36:52.967 [main] TRACE org.springframework.beans.CachedIntrospectionResults - Found bean property 'numActive' of type [int]
14:36:52.967 [main] TRACE org.springframework.beans.CachedIntrospectionResults - Found bean property 'numIdle' of type [int]
14:36:52.967 [main] TRACE org.springframework.beans.CachedIntrospectionResults - Found bean property 'numTestsPerEvictionRun' of type [int]
14:36:52.967 [main] TRACE org.springframework.beans.CachedIntrospectionResults - Found bean property 'parentLogger' of type [java.util.logging.Logger]
14:36:52.967 [main] TRACE org.springframework.beans.CachedIntrospectionResults - Found bean property 'password' of type [java.lang.String]
14:36:52.967 [main] TRACE org.springframework.beans.CachedIntrospectionResults - Found bean property 'poolPreparedStatements' of type [boolean]
14:36:52.967 [main] TRACE org.springframework.beans.CachedIntrospectionResults - Found bean property 'removeAbandonedOnBorrow' of type [boolean]
14:36:52.967 [main] TRACE org.springframework.beans.CachedIntrospectionResults - Found bean property 'removeAbandonedOnMaintenance' of type [boolean]
14:36:52.967 [main] TRACE org.springframework.beans.CachedIntrospectionResults - Found bean property 'removeAbandonedTimeout' of type [int]
14:36:52.967 [main] TRACE org.springframework.beans.CachedIntrospectionResults - Found bean property 'rollbackOnReturn' of type [boolean]
14:36:52.967 [main] TRACE org.springframework.beans.CachedIntrospectionResults - Found bean property 'softMinEvictableIdleTimeMillis' of type [long]
14:36:52.967 [main] TRACE org.springframework.beans.CachedIntrospectionResults - Found bean property 'testOnBorrow' of type [boolean]
14:36:52.968 [main] TRACE org.springframework.beans.CachedIntrospectionResults - Found bean property 'testOnCreate' of type [boolean]
14:36:52.968 [main] TRACE org.springframework.beans.CachedIntrospectionResults - Found bean property 'testOnReturn' of type [boolean]
14:36:52.968 [main] TRACE org.springframework.beans.CachedIntrospectionResults - Found bean property 'testWhileIdle' of type [boolean]
14:36:52.968 [main] TRACE org.springframework.beans.CachedIntrospectionResults - Found bean property 'timeBetweenEvictionRunsMillis' of type [long]
14:36:52.968 [main] TRACE org.springframework.beans.CachedIntrospectionResults - Found bean property 'url' of type [java.lang.String]
14:36:52.968 [main] TRACE org.springframework.beans.CachedIntrospectionResults - Found bean property 'username' of type [java.lang.String]
14:36:52.968 [main] TRACE org.springframework.beans.CachedIntrospectionResults - Found bean property 'validationQuery' of type [java.lang.String]
14:36:52.968 [main] TRACE org.springframework.beans.CachedIntrospectionResults - Found bean property 'validationQueryTimeout' of type [int]
14:36:52.970 [main] DEBUG org.springframework.beans.factory.support.DefaultListableBeanFactory - Returning cached instance of singleton bean 'org.springframework.transaction.config.internalTransactionAdvisor'
14:36:52.974 [main] DEBUG org.springframework.beans.factory.support.DefaultListableBeanFactory - Finished creating instance of bean 'DataSourceBean'
14:36:52.974 [main] DEBUG org.springframework.beans.factory.support.DefaultListableBeanFactory - Creating shared instance of singleton bean 'SessionFactory'
14:36:52.975 [main] DEBUG org.springframework.beans.factory.support.DefaultListableBeanFactory - Creating instance of bean 'SessionFactory'
14:36:52.975 [main] DEBUG org.springframework.beans.factory.support.DefaultListableBeanFactory - Returning cached instance of singleton bean 'dataAccessConfig'
14:36:52.978 [main] DEBUG org.springframework.beans.factory.support.DefaultListableBeanFactory - Returning cached instance of singleton bean 'DataSourceBean'
14:36:52.979 [main] DEBUG org.springframework.beans.factory.support.DefaultListableBeanFactory - Autowiring by type from bean name 'SessionFactory' via factory method to bean named 'DataSourceBean'
14:36:52.996 [main] DEBUG org.jboss.logging - Logging Provider: org.jboss.logging.Log4j2LoggerProvider
14:36:53.009 [main] DEBUG org.hibernate.integrator.internal.IntegratorServiceImpl - Adding Integrator [org.hibernate.cfg.beanvalidation.BeanValidationIntegrator].
14:36:53.010 [main] DEBUG org.hibernate.integrator.internal.IntegratorServiceImpl - Adding Integrator [org.hibernate.secure.spi.JaccIntegrator].
14:36:53.012 [main] DEBUG org.hibernate.integrator.internal.IntegratorServiceImpl - Adding Integrator [org.hibernate.cache.internal.CollectionCacheInvalidator].
14:36:53.017 [main] TRACE org.hibernate.boot.registry.selector.internal.StrategySelectorImpl - Registering named strategy selector [org.hibernate.dialect.Dialect] : [Cache71] -> [org.hibernate.dialect.Cache71Dialect]
14:36:53.018 [main] TRACE org.hibernate.boot.registry.selector.internal.StrategySelectorImpl - Registering named strategy selector [org.hibernate.dialect.Dialect] : [CUBRID] -> [org.hibernate.dialect.CUBRIDDialect]
14:36:53.018 [main] TRACE org.hibernate.boot.registry.selector.internal.StrategySelectorImpl - Registering named strategy selector [org.hibernate.dialect.Dialect] : [DB2] -> [org.hibernate.dialect.DB2Dialect]
14:36:53.019 [main] TRACE org.hibernate.boot.registry.selector.internal.StrategySelectorImpl - Registering named strategy selector [org.hibernate.dialect.Dialect] : [DB2390] -> [org.hibernate.dialect.DB2390Dialect]
14:36:53.019 [main] TRACE org.hibernate.boot.registry.selector.internal.StrategySelectorImpl - Registering named strategy selector [org.hibernate.dialect.Dialect] : [DB2390V8] -> [org.hibernate.dialect.DB2390V8Dialect]
14:36:53.019 [main] TRACE org.hibernate.boot.registry.selector.internal.StrategySelectorImpl - Registering named strategy selector [org.hibernate.dialect.Dialect] : [DB2400] -> [org.hibernate.dialect.DB2400Dialect]
14:36:53.020 [main] TRACE org.hibernate.boot.registry.selector.internal.StrategySelectorImpl - Registering named strategy selector [org.hibernate.dialect.Dialect] : [DerbyTenFive] -> [org.hibernate.dialect.DerbyTenFiveDialect]
14:36:53.020 [main] TRACE org.hibernate.boot.registry.selector.internal.StrategySelectorImpl - Registering named strategy selector [org.hibernate.dialect.Dialect] : [DerbyTenSix] -> [org.hibernate.dialect.DerbyTenSixDialect]
14:36:53.021 [main] TRACE org.hibernate.boot.registry.selector.internal.StrategySelectorImpl - Registering named strategy selector [org.hibernate.dialect.Dialect] : [DerbyTenSeven] -> [org.hibernate.dialect.DerbyTenSevenDialect]
14:36:53.021 [main] TRACE org.hibernate.boot.registry.selector.internal.StrategySelectorImpl - Registering named strategy selector [org.hibernate.dialect.Dialect] : [Firebird] -> [org.hibernate.dialect.FirebirdDialect]
14:36:53.022 [main] TRACE org.hibernate.boot.registry.selector.internal.StrategySelectorImpl - Registering named strategy selector [org.hibernate.dialect.Dialect] : [FrontBase] -> [org.hibernate.dialect.FrontBaseDialect]
14:36:53.022 [main] TRACE org.hibernate.boot.registry.selector.internal.StrategySelectorImpl - Registering named strategy selector [org.hibernate.dialect.Dialect] : [H2] -> [org.hibernate.dialect.H2Dialect]
14:36:53.023 [main] TRACE org.hibernate.boot.registry.selector.internal.StrategySelectorImpl - Registering named strategy selector [org.hibernate.dialect.Dialect] : [HANAColumnStore] -> [org.hibernate.dialect.HANAColumnStoreDialect]
14:36:53.024 [main] TRACE org.hibernate.boot.registry.selector.internal.StrategySelectorImpl - Registering named strategy selector [org.hibernate.dialect.Dialect] : [HANARowStore] -> [org.hibernate.dialect.HANARowStoreDialect]
14:36:53.024 [main] TRACE org.hibernate.boot.registry.selector.internal.StrategySelectorImpl - Registering named strategy selector [org.hibernate.dialect.Dialect] : [HSQL] -> [org.hibernate.dialect.HSQLDialect]
14:36:53.025 [main] TRACE org.hibernate.boot.registry.selector.internal.StrategySelectorImpl - Registering named strategy selector [org.hibernate.dialect.Dialect] : [Informix] -> [org.hibernate.dialect.InformixDialect]
14:36:53.025 [main] TRACE org.hibernate.boot.registry.selector.internal.StrategySelectorImpl - Registering named strategy selector [org.hibernate.dialect.Dialect] : [Ingres] -> [org.hibernate.dialect.IngresDialect]
14:36:53.026 [main] TRACE org.hibernate.boot.registry.selector.internal.StrategySelectorImpl - Registering named strategy selector [org.hibernate.dialect.Dialect] : [Ingres9] -> [org.hibernate.dialect.Ingres9Dialect]
14:36:53.026 [main] TRACE org.hibernate.boot.registry.selector.internal.StrategySelectorImpl - Registering named strategy selector [org.hibernate.dialect.Dialect] : [Ingres10] -> [org.hibernate.dialect.Ingres10Dialect]
14:36:53.027 [main] TRACE org.hibernate.boot.registry.selector.internal.StrategySelectorImpl - Registering named strategy selector [org.hibernate.dialect.Dialect] : [Interbase] -> [org.hibernate.dialect.InterbaseDialect]
14:36:53.029 [main] TRACE org.hibernate.boot.registry.selector.internal.StrategySelectorImpl - Registering named strategy selector [org.hibernate.dialect.Dialect] : [JDataStore] -> [org.hibernate.dialect.JDataStoreDialect]
14:36:53.030 [main] TRACE org.hibernate.boot.registry.selector.internal.StrategySelectorImpl - Registering named strategy selector [org.hibernate.dialect.Dialect] : [Mckoi] -> [org.hibernate.dialect.MckoiDialect]
14:36:53.030 [main] TRACE org.hibernate.boot.registry.selector.internal.StrategySelectorImpl - Registering named strategy selector [org.hibernate.dialect.Dialect] : [MimerSQL] -> [org.hibernate.dialect.MimerSQLDialect]
14:36:53.031 [main] TRACE org.hibernate.boot.registry.selector.internal.StrategySelectorImpl - Registering named strategy selector [org.hibernate.dialect.Dialect] : [MySQL5] -> [org.hibernate.dialect.MySQL5Dialect]
14:36:53.031 [main] TRACE org.hibernate.boot.registry.selector.internal.StrategySelectorImpl - Registering named strategy selector [org.hibernate.dialect.Dialect] : [MySQL5InnoDB] -> [org.hibernate.dialect.MySQL5InnoDBDialect]
14:36:53.031 [main] TRACE org.hibernate.boot.registry.selector.internal.StrategySelectorImpl - Registering named strategy selector [org.hibernate.dialect.Dialect] : [MySQL57InnoDB] -> [org.hibernate.dialect.MySQL57InnoDBDialect]
14:36:53.032 [main] TRACE org.hibernate.boot.registry.selector.internal.StrategySelectorImpl - Registering named strategy selector [org.hibernate.dialect.Dialect] : [MySQL57] -> [org.hibernate.dialect.MySQL57Dialect]
14:36:53.033 [main] TRACE org.hibernate.boot.registry.selector.internal.StrategySelectorImpl - Registering named strategy selector [org.hibernate.dialect.Dialect] : [Oracle8i] -> [org.hibernate.dialect.Oracle8iDialect]
14:36:53.035 [main] TRACE org.hibernate.boot.registry.selector.internal.StrategySelectorImpl - Registering named strategy selector [org.hibernate.dialect.Dialect] : [Oracle9i] -> [org.hibernate.dialect.Oracle9iDialect]
14:36:53.045 [main] TRACE org.hibernate.boot.registry.selector.internal.StrategySelectorImpl - Registering named strategy selector [org.hibernate.dialect.Dialect] : [Oracle10g] -> [org.hibernate.dialect.Oracle10gDialect]
14:36:53.045 [main] TRACE org.hibernate.boot.registry.selector.internal.StrategySelectorImpl - Registering named strategy selector [org.hibernate.dialect.Dialect] : [Pointbase] -> [org.hibernate.dialect.PointbaseDialect]
14:36:53.048 [main] TRACE org.hibernate.boot.registry.selector.internal.StrategySelectorImpl - Registering named strategy selector [org.hibernate.dialect.Dialect] : [PostgresPlus] -> [org.hibernate.dialect.PostgresPlusDialect]
14:36:53.049 [main] TRACE org.hibernate.boot.registry.selector.internal.StrategySelectorImpl - Registering named strategy selector [org.hibernate.dialect.Dialect] : [PostgreSQL81] -> [org.hibernate.dialect.PostgreSQL81Dialect]
14:36:53.049 [main] TRACE org.hibernate.boot.registry.selector.internal.StrategySelectorImpl - Registering named strategy selector [org.hibernate.dialect.Dialect] : [PostgreSQL82] -> [org.hibernate.dialect.PostgreSQL82Dialect]
14:36:53.049 [main] TRACE org.hibernate.boot.registry.selector.internal.StrategySelectorImpl - Registering named strategy selector [org.hibernate.dialect.Dialect] : [PostgreSQL9] -> [org.hibernate.dialect.PostgreSQL9Dialect]
14:36:53.049 [main] TRACE org.hibernate.boot.registry.selector.internal.StrategySelectorImpl - Registering named strategy selector [org.hibernate.dialect.Dialect] : [Progress] -> [org.hibernate.dialect.ProgressDialect]
14:36:53.050 [main] TRACE org.hibernate.boot.registry.selector.internal.StrategySelectorImpl - Registering named strategy selector [org.hibernate.dialect.Dialect] : [SAPDB] -> [org.hibernate.dialect.SAPDBDialect]
14:36:53.051 [main] TRACE org.hibernate.boot.registry.selector.internal.StrategySelectorImpl - Registering named strategy selector [org.hibernate.dialect.Dialect] : [SQLServer] -> [org.hibernate.dialect.SQLServerDialect]
14:36:53.051 [main] TRACE org.hibernate.boot.registry.selector.internal.StrategySelectorImpl - Registering named strategy selector [org.hibernate.dialect.Dialect] : [SQLServer2005] -> [org.hibernate.dialect.SQLServer2005Dialect]
14:36:53.051 [main] TRACE org.hibernate.boot.registry.selector.internal.StrategySelectorImpl - Registering named strategy selector [org.hibernate.dialect.Dialect] : [SQLServer2008] -> [org.hibernate.dialect.SQLServer2008Dialect]
14:36:53.052 [main] TRACE org.hibernate.boot.registry.selector.internal.StrategySelectorImpl - Registering named strategy selector [org.hibernate.dialect.Dialect] : [Sybase11] -> [org.hibernate.dialect.Sybase11Dialect]
14:36:53.052 [main] TRACE org.hibernate.boot.registry.selector.internal.StrategySelectorImpl - Registering named strategy selector [org.hibernate.dialect.Dialect] : [SybaseAnywhere] -> [org.hibernate.dialect.SybaseAnywhereDialect]
14:36:53.053 [main] TRACE org.hibernate.boot.registry.selector.internal.StrategySelectorImpl - Registering named strategy selector [org.hibernate.dialect.Dialect] : [SybaseASE15] -> [org.hibernate.dialect.SybaseASE15Dialect]
14:36:53.053 [main] TRACE org.hibernate.boot.registry.selector.internal.StrategySelectorImpl - Registering named strategy selector [org.hibernate.dialect.Dialect] : [SybaseASE157] -> [org.hibernate.dialect.SybaseASE157Dialect]
14:36:53.054 [main] TRACE org.hibernate.boot.registry.selector.internal.StrategySelectorImpl - Registering named strategy selector [org.hibernate.dialect.Dialect] : [Teradata] -> [org.hibernate.dialect.TeradataDialect]
14:36:53.054 [main] TRACE org.hibernate.boot.registry.selector.internal.StrategySelectorImpl - Registering named strategy selector [org.hibernate.dialect.Dialect] : [TimesTen] -> [org.hibernate.dialect.TimesTenDialect]
14:36:53.055 [main] TRACE org.hibernate.boot.registry.selector.internal.StrategySelectorImpl - Registering named strategy selector [org.hibernate.engine.transaction.jta.platform.spi.JtaPlatform] : [Borland] -> [org.hibernate.engine.transaction.jta.platform.internal.BorlandEnterpriseServerJtaPlatform]
14:36:53.055 [main] TRACE org.hibernate.boot.registry.selector.internal.StrategySelectorImpl - Registering named strategy selector [org.hibernate.engine.transaction.jta.platform.spi.JtaPlatform] : [org.hibernate.service.jta.platform.internal.BorlandEnterpriseServerJtaPlatform] -> [org.hibernate.engine.transaction.jta.platform.internal.BorlandEnterpriseServerJtaPlatform]
14:36:53.056 [main] TRACE org.hibernate.boot.registry.selector.internal.StrategySelectorImpl - Registering named strategy selector [org.hibernate.engine.transaction.jta.platform.spi.JtaPlatform] : [Bitronix] -> [org.hibernate.engine.transaction.jta.platform.internal.BitronixJtaPlatform]
14:36:53.056 [main] TRACE org.hibernate.boot.registry.selector.internal.StrategySelectorImpl - Registering named strategy selector [org.hibernate.engine.transaction.jta.platform.spi.JtaPlatform] : [org.hibernate.service.jta.platform.internal.BitronixJtaPlatform] -> [org.hibernate.engine.transaction.jta.platform.internal.BitronixJtaPlatform]
14:36:53.057 [main] TRACE org.hibernate.boot.registry.selector.internal.StrategySelectorImpl - Registering named strategy selector [org.hibernate.engine.transaction.jta.platform.spi.JtaPlatform] : [JBossAS] -> [org.hibernate.engine.transaction.jta.platform.internal.JBossAppServerJtaPlatform]
14:36:53.057 [main] TRACE org.hibernate.boot.registry.selector.internal.StrategySelectorImpl - Registering named strategy selector [org.hibernate.engine.transaction.jta.platform.spi.JtaPlatform] : [org.hibernate.service.jta.platform.internal.JBossAppServerJtaPlatform] -> [org.hibernate.engine.transaction.jta.platform.internal.JBossAppServerJtaPlatform]
14:36:53.057 [main] TRACE org.hibernate.boot.registry.selector.internal.StrategySelectorImpl - Registering named strategy selector [org.hibernate.engine.transaction.jta.platform.spi.JtaPlatform] : [JBossTS] -> [org.hibernate.engine.transaction.jta.platform.internal.JBossStandAloneJtaPlatform]
14:36:53.058 [main] TRACE org.hibernate.boot.registry.selector.internal.StrategySelectorImpl - Registering named strategy selector [org.hibernate.engine.transaction.jta.platform.spi.JtaPlatform] : [org.hibernate.service.jta.platform.internal.JBossStandAloneJtaPlatform] -> [org.hibernate.engine.transaction.jta.platform.internal.JBossStandAloneJtaPlatform]
14:36:53.058 [main] TRACE org.hibernate.boot.registry.selector.internal.StrategySelectorImpl - Registering named strategy selector [org.hibernate.engine.transaction.jta.platform.spi.JtaPlatform] : [JOnAS] -> [org.hibernate.engine.transaction.jta.platform.internal.JOnASJtaPlatform]
14:36:53.059 [main] TRACE org.hibernate.boot.registry.selector.internal.StrategySelectorImpl - Registering named strategy selector [org.hibernate.engine.transaction.jta.platform.spi.JtaPlatform] : [org.hibernate.service.jta.platform.internal.JOnASJtaPlatform] -> [org.hibernate.engine.transaction.jta.platform.internal.JOnASJtaPlatform]
14:36:53.064 [main] TRACE org.hibernate.boot.registry.selector.internal.StrategySelectorImpl - Registering named strategy selector [org.hibernate.engine.transaction.jta.platform.spi.JtaPlatform] : [JOTM] -> [org.hibernate.engine.transaction.jta.platform.internal.JOTMJtaPlatform]
14:36:53.075 [main] TRACE org.hibernate.boot.registry.selector.internal.StrategySelectorImpl - Registering named strategy selector [org.hibernate.engine.transaction.jta.platform.spi.JtaPlatform] : [org.hibernate.service.jta.platform.internal.JOTMJtaPlatform] -> [org.hibernate.engine.transaction.jta.platform.internal.JOTMJtaPlatform]
14:36:53.077 [main] TRACE org.hibernate.boot.registry.selector.internal.StrategySelectorImpl - Registering named strategy selector [org.hibernate.engine.transaction.jta.platform.spi.JtaPlatform] : [JRun4] -> [org.hibernate.engine.transaction.jta.platform.internal.JRun4JtaPlatform]
14:36:53.077 [main] TRACE org.hibernate.boot.registry.selector.internal.StrategySelectorImpl - Registering named strategy selector [org.hibernate.engine.transaction.jta.platform.spi.JtaPlatform] : [org.hibernate.service.jta.platform.internal.JRun4JtaPlatform] -> [org.hibernate.engine.transaction.jta.platform.internal.JRun4JtaPlatform]
14:36:53.078 [main] TRACE org.hibernate.boot.registry.selector.internal.StrategySelectorImpl - Registering named strategy selector [org.hibernate.engine.transaction.jta.platform.spi.JtaPlatform] : [OC4J] -> [org.hibernate.engine.transaction.jta.platform.internal.OC4JJtaPlatform]
14:36:53.078 [main] TRACE org.hibernate.boot.registry.selector.internal.StrategySelectorImpl - Registering named strategy selector [org.hibernate.engine.transaction.jta.platform.spi.JtaPlatform] : [org.hibernate.service.jta.platform.internal.OC4JJtaPlatform] -> [org.hibernate.engine.transaction.jta.platform.internal.OC4JJtaPlatform]
14:36:53.079 [main] TRACE org.hibernate.boot.registry.selector.internal.StrategySelectorImpl - Registering named strategy selector [org.hibernate.engine.transaction.jta.platform.spi.JtaPlatform] : [Orion] -> [org.hibernate.engine.transaction.jta.platform.internal.OrionJtaPlatform]
14:36:53.079 [main] TRACE org.hibernate.boot.registry.selector.internal.StrategySelectorImpl - Registering named strategy selector [org.hibernate.engine.transaction.jta.platform.spi.JtaPlatform] : [org.hibernate.service.jta.platform.internal.OrionJtaPlatform] -> [org.hibernate.engine.transaction.jta.platform.internal.OrionJtaPlatform]
14:36:53.079 [main] TRACE org.hibernate.boot.registry.selector.internal.StrategySelectorImpl - Registering named strategy selector [org.hibernate.engine.transaction.jta.platform.spi.JtaPlatform] : [Resin] -> [org.hibernate.engine.transaction.jta.platform.internal.ResinJtaPlatform]
14:36:53.079 [main] TRACE org.hibernate.boot.registry.selector.internal.StrategySelectorImpl - Registering named strategy selector [org.hibernate.engine.transaction.jta.platform.spi.JtaPlatform] : [org.hibernate.service.jta.platform.internal.ResinJtaPlatform] -> [org.hibernate.engine.transaction.jta.platform.internal.ResinJtaPlatform]
14:36:53.080 [main] TRACE org.hibernate.boot.registry.selector.internal.StrategySelectorImpl - Registering named strategy selector [org.hibernate.engine.transaction.jta.platform.spi.JtaPlatform] : [SapNetWeaver] -> [org.hibernate.engine.transaction.jta.platform.internal.SapNetWeaverJtaPlatform]
14:36:53.080 [main] TRACE org.hibernate.boot.registry.selector.internal.StrategySelectorImpl - Registering named strategy selector [org.hibernate.engine.transaction.jta.platform.spi.JtaPlatform] : [org.hibernate.service.jta.platform.internal.SapNetWeaverJtaPlatform] -> [org.hibernate.engine.transaction.jta.platform.internal.SapNetWeaverJtaPlatform]
14:36:53.080 [main] TRACE org.hibernate.boot.registry.selector.internal.StrategySelectorImpl - Registering named strategy selector [org.hibernate.engine.transaction.jta.platform.spi.JtaPlatform] : [SunOne] -> [org.hibernate.engine.transaction.jta.platform.internal.SunOneJtaPlatform]
14:36:53.080 [main] TRACE org.hibernate.boot.registry.selector.internal.StrategySelectorImpl - Registering named strategy selector [org.hibernate.engine.transaction.jta.platform.spi.JtaPlatform] : [org.hibernate.service.jta.platform.internal.SunOneJtaPlatform] -> [org.hibernate.engine.transaction.jta.platform.internal.SunOneJtaPlatform]
14:36:53.080 [main] TRACE org.hibernate.boot.registry.selector.internal.StrategySelectorImpl - Registering named strategy selector [org.hibernate.engine.transaction.jta.platform.spi.JtaPlatform] : [Weblogic] -> [org.hibernate.engine.transaction.jta.platform.internal.WeblogicJtaPlatform]
14:36:53.080 [main] TRACE org.hibernate.boot.registry.selector.internal.StrategySelectorImpl - Registering named strategy selector [org.hibernate.engine.transaction.jta.platform.spi.JtaPlatform] : [org.hibernate.service.jta.platform.internal.WeblogicJtaPlatform] -> [org.hibernate.engine.transaction.jta.platform.internal.WeblogicJtaPlatform]
14:36:53.081 [main] TRACE org.hibernate.boot.registry.selector.internal.StrategySelectorImpl - Registering named strategy selector [org.hibernate.engine.transaction.jta.platform.spi.JtaPlatform] : [WebSphereLiberty] -> [org.hibernate.engine.transaction.jta.platform.internal.WebSphereLibertyJtaPlatform]
14:36:53.081 [main] TRACE org.hibernate.boot.registry.selector.internal.StrategySelectorImpl - Registering named strategy selector [org.hibernate.engine.transaction.jta.platform.spi.JtaPlatform] : [org.hibernate.engine.transaction.jta.platform.internal.WebSphereLibertyJtaPlatform] -> [org.hibernate.engine.transaction.jta.platform.internal.WebSphereLibertyJtaPlatform]
14:36:53.081 [main] TRACE org.hibernate.boot.registry.selector.internal.StrategySelectorImpl - Registering named strategy selector [org.hibernate.engine.transaction.jta.platform.spi.JtaPlatform] : [WebSphere] -> [org.hibernate.engine.transaction.jta.platform.internal.WebSphereJtaPlatform]
14:36:53.081 [main] TRACE org.hibernate.boot.registry.selector.internal.StrategySelectorImpl - Registering named strategy selector [org.hibernate.engine.transaction.jta.platform.spi.JtaPlatform] : [org.hibernate.service.jta.platform.internal.WebSphereJtaPlatform] -> [org.hibernate.engine.transaction.jta.platform.internal.WebSphereJtaPlatform]
14:36:53.082 [main] TRACE org.hibernate.boot.registry.selector.internal.StrategySelectorImpl - Registering named strategy selector [org.hibernate.engine.transaction.jta.platform.spi.JtaPlatform] : [WebSphereExtended] -> [org.hibernate.engine.transaction.jta.platform.internal.WebSphereExtendedJtaPlatform]
14:36:53.082 [main] TRACE org.hibernate.boot.registry.selector.internal.StrategySelectorImpl - Registering named strategy selector [org.hibernate.engine.transaction.jta.platform.spi.JtaPlatform] : [org.hibernate.service.jta.platform.internal.WebSphereExtendedJtaPlatform] -> [org.hibernate.engine.transaction.jta.platform.internal.WebSphereExtendedJtaPlatform]
14:36:53.091 [main] TRACE org.hibernate.boot.registry.selector.internal.StrategySelectorImpl - Registering named strategy selector [org.hibernate.resource.transaction.spi.TransactionCoordinatorBuilder] : [jdbc] -> [org.hibernate.resource.transaction.backend.jdbc.internal.JdbcResourceLocalTransactionCoordinatorBuilderImpl]
14:36:53.092 [main] TRACE org.hibernate.boot.registry.selector.internal.StrategySelectorImpl - Registering named strategy selector [org.hibernate.resource.transaction.spi.TransactionCoordinatorBuilder] : [jta] -> [org.hibernate.resource.transaction.backend.jta.internal.JtaTransactionCoordinatorBuilderImpl]
14:36:53.092 [main] TRACE org.hibernate.boot.registry.selector.internal.StrategySelectorImpl - Registering named strategy selector [org.hibernate.resource.transaction.spi.TransactionCoordinatorBuilder] : [org.hibernate.transaction.JDBCTransactionFactory] -> [org.hibernate.resource.transaction.backend.jdbc.internal.JdbcResourceLocalTransactionCoordinatorBuilderImpl]
14:36:53.092 [main] TRACE org.hibernate.boot.registry.selector.internal.StrategySelectorImpl - Registering named strategy selector [org.hibernate.resource.transaction.spi.TransactionCoordinatorBuilder] : [org.hibernate.transaction.JTATransactionFactory] -> [org.hibernate.resource.transaction.backend.jta.internal.JtaTransactionCoordinatorBuilderImpl]
14:36:53.092 [main] TRACE org.hibernate.boot.registry.selector.internal.StrategySelectorImpl - Registering named strategy selector [org.hibernate.resource.transaction.spi.TransactionCoordinatorBuilder] : [org.hibernate.transaction.CMTTransactionFactory] -> [org.hibernate.resource.transaction.backend.jta.internal.JtaTransactionCoordinatorBuilderImpl]
14:36:53.093 [main] TRACE org.hibernate.boot.registry.selector.internal.StrategySelectorImpl - Registering named strategy selector [org.hibernate.hql.spi.id.MultiTableBulkIdStrategy] : [persistent] -> [org.hibernate.hql.spi.id.persistent.PersistentTableBulkIdStrategy]
14:36:53.093 [main] TRACE org.hibernate.boot.registry.selector.internal.StrategySelectorImpl - Registering named strategy selector [org.hibernate.hql.spi.id.MultiTableBulkIdStrategy] : [global_temporary] -> [org.hibernate.hql.spi.id.global.GlobalTemporaryTableBulkIdStrategy]
14:36:53.093 [main] TRACE org.hibernate.boot.registry.selector.internal.StrategySelectorImpl - Registering named strategy selector [org.hibernate.hql.spi.id.MultiTableBulkIdStrategy] : [local_temporary] -> [org.hibernate.hql.spi.id.local.LocalTemporaryTableBulkIdStrategy]
14:36:53.094 [main] TRACE org.hibernate.boot.registry.selector.internal.StrategySelectorImpl - Registering named strategy selector [org.hibernate.event.spi.EntityCopyObserver] : [disallow] -> [org.hibernate.event.internal.EntityCopyNotAllowedObserver]
14:36:53.094 [main] TRACE org.hibernate.boot.registry.selector.internal.StrategySelectorImpl - Registering named strategy selector [org.hibernate.event.spi.EntityCopyObserver] : [allow] -> [org.hibernate.event.internal.EntityCopyAllowedObserver]
14:36:53.095 [main] TRACE org.hibernate.boot.registry.selector.internal.StrategySelectorImpl - Registering named strategy selector [org.hibernate.event.spi.EntityCopyObserver] : [log] -> [org.hibernate.event.internal.EntityCopyAllowedLoggedObserver]
14:36:53.095 [main] TRACE org.hibernate.boot.registry.selector.internal.StrategySelectorImpl - Registering named strategy selector [org.hibernate.boot.model.naming.ImplicitNamingStrategy] : [default] -> [org.hibernate.boot.model.naming.ImplicitNamingStrategyJpaCompliantImpl]
14:36:53.095 [main] TRACE org.hibernate.boot.registry.selector.internal.StrategySelectorImpl - Registering named strategy selector [org.hibernate.boot.model.naming.ImplicitNamingStrategy] : [jpa] -> [org.hibernate.boot.model.naming.ImplicitNamingStrategyJpaCompliantImpl]
14:36:53.096 [main] TRACE org.hibernate.boot.registry.selector.internal.StrategySelectorImpl - Registering named strategy selector [org.hibernate.boot.model.naming.ImplicitNamingStrategy] : [legacy-jpa] -> [org.hibernate.boot.model.naming.ImplicitNamingStrategyLegacyJpaImpl]
14:36:53.096 [main] TRACE org.hibernate.boot.registry.selector.internal.StrategySelectorImpl - Registering named strategy selector [org.hibernate.boot.model.naming.ImplicitNamingStrategy] : [legacy-hbm] -> [org.hibernate.boot.model.naming.ImplicitNamingStrategyLegacyHbmImpl]
14:36:53.096 [main] TRACE org.hibernate.boot.registry.selector.internal.StrategySelectorImpl - Registering named strategy selector [org.hibernate.boot.model.naming.ImplicitNamingStrategy] : [component-path] -> [org.hibernate.boot.model.naming.ImplicitNamingStrategyComponentPathImpl]
14:36:53.097 [main] TRACE org.hibernate.boot.registry.selector.internal.StrategySelectorImpl - Registering named strategy selector [org.hibernate.cache.spi.CacheKeysFactory] : [default] -> [org.hibernate.cache.internal.DefaultCacheKeysFactory]
14:36:53.097 [main] TRACE org.hibernate.boot.registry.selector.internal.StrategySelectorImpl - Registering named strategy selector [org.hibernate.cache.spi.CacheKeysFactory] : [simple] -> [org.hibernate.cache.internal.SimpleCacheKeysFactory]
14:36:53.111 [main] INFO  org.hibernate.Version - HHH000412: Hibernate Core {5.2.13.Final}
14:36:53.112 [main] INFO  org.hibernate.cfg.Environment - HHH000206: hibernate.properties not found
14:36:53.118 [main] DEBUG org.hibernate.service.spi.ServiceBinding - Overriding existing service binding [org.hibernate.secure.spi.JaccService]
14:36:53.131 [main] TRACE org.hibernate.service.internal.AbstractServiceRegistryImpl - Initializing service [role=org.hibernate.engine.config.spi.ConfigurationService]
14:36:53.135 [main] TRACE org.hibernate.service.internal.AbstractServiceRegistryImpl - Initializing service [role=org.hibernate.cache.spi.RegionFactory]
14:36:53.144 [main] DEBUG org.hibernate.cache.internal.StrategyCreatorRegionFactoryImpl - RegionFactory impl [org.hibernate.cache.jcache.JCacheRegionFactory] did not provide constructor accepting Properties
14:36:53.144 [main] DEBUG org.hibernate.cache.internal.StrategyCreatorRegionFactoryImpl - RegionFactory impl [org.hibernate.cache.jcache.JCacheRegionFactory] did not provide constructor accepting Properties
14:36:53.144 [main] DEBUG org.hibernate.cache.internal.RegionFactoryInitiator - Cache region factory : org.hibernate.cache.jcache.JCacheRegionFactory
14:36:53.149 [main] INFO  org.hibernate.annotations.common.Version - HCANN000001: Hibernate Commons Annotations {5.0.1.Final}
14:36:53.153 [main] TRACE org.hibernate.service.internal.AbstractServiceRegistryImpl - Initializing service [role=org.hibernate.boot.cfgxml.spi.CfgXmlAccessService]
14:36:53.163 [main] DEBUG org.hibernate.type.BasicTypeRegistry - Adding type registration boolean -> org.hibernate.type.BooleanType@37fbe4a8
14:36:53.163 [main] DEBUG org.hibernate.type.BasicTypeRegistry - Adding type registration boolean -> org.hibernate.type.BooleanType@37fbe4a8
14:36:53.163 [main] DEBUG org.hibernate.type.BasicTypeRegistry - Adding type registration java.lang.Boolean -> org.hibernate.type.BooleanType@37fbe4a8
14:36:53.164 [main] DEBUG org.hibernate.type.BasicTypeRegistry - Adding type registration numeric_boolean -> org.hibernate.type.NumericBooleanType@10027fc9
14:36:53.164 [main] DEBUG org.hibernate.type.BasicTypeRegistry - Adding type registration true_false -> org.hibernate.type.TrueFalseType@5a021cb9
14:36:53.165 [main] DEBUG org.hibernate.type.BasicTypeRegistry - Adding type registration yes_no -> org.hibernate.type.YesNoType@b93aad
14:36:53.166 [main] DEBUG org.hibernate.type.BasicTypeRegistry - Adding type registration byte -> org.hibernate.type.ByteType@3a0807b7
14:36:53.166 [main] DEBUG org.hibernate.type.BasicTypeRegistry - Adding type registration byte -> org.hibernate.type.ByteType@3a0807b7
14:36:53.166 [main] DEBUG org.hibernate.type.BasicTypeRegistry - Adding type registration java.lang.Byte -> org.hibernate.type.ByteType@3a0807b7
14:36:53.166 [main] DEBUG org.hibernate.type.BasicTypeRegistry - Adding type registration character -> org.hibernate.type.CharacterType@287f94b1
14:36:53.166 [main] DEBUG org.hibernate.type.BasicTypeRegistry - Adding type registration char -> org.hibernate.type.CharacterType@287f94b1
14:36:53.167 [main] DEBUG org.hibernate.type.BasicTypeRegistry - Adding type registration java.lang.Character -> org.hibernate.type.CharacterType@287f94b1
14:36:53.168 [main] DEBUG org.hibernate.type.BasicTypeRegistry - Adding type registration short -> org.hibernate.type.ShortType@5149f008
14:36:53.168 [main] DEBUG org.hibernate.type.BasicTypeRegistry - Adding type registration short -> org.hibernate.type.ShortType@5149f008
14:36:53.168 [main] DEBUG org.hibernate.type.BasicTypeRegistry - Adding type registration java.lang.Short -> org.hibernate.type.ShortType@5149f008
14:36:53.168 [main] DEBUG org.hibernate.type.BasicTypeRegistry - Adding type registration integer -> org.hibernate.type.IntegerType@5707c1cb
14:36:53.169 [main] DEBUG org.hibernate.type.BasicTypeRegistry - Adding type registration int -> org.hibernate.type.IntegerType@5707c1cb
14:36:53.169 [main] DEBUG org.hibernate.type.BasicTypeRegistry - Adding type registration java.lang.Integer -> org.hibernate.type.IntegerType@5707c1cb
14:36:53.170 [main] DEBUG org.hibernate.type.BasicTypeRegistry - Adding type registration long -> org.hibernate.type.LongType@72efb5c1
14:36:53.170 [main] DEBUG org.hibernate.type.BasicTypeRegistry - Adding type registration long -> org.hibernate.type.LongType@72efb5c1
14:36:53.170 [main] DEBUG org.hibernate.type.BasicTypeRegistry - Adding type registration java.lang.Long -> org.hibernate.type.LongType@72efb5c1
14:36:53.172 [main] DEBUG org.hibernate.type.BasicTypeRegistry - Adding type registration float -> org.hibernate.type.FloatType@24be2d9c
14:36:53.172 [main] DEBUG org.hibernate.type.BasicTypeRegistry - Adding type registration float -> org.hibernate.type.FloatType@24be2d9c
14:36:53.172 [main] DEBUG org.hibernate.type.BasicTypeRegistry - Adding type registration java.lang.Float -> org.hibernate.type.FloatType@24be2d9c
14:36:53.173 [main] DEBUG org.hibernate.type.BasicTypeRegistry - Adding type registration double -> org.hibernate.type.DoubleType@702ed190
14:36:53.173 [main] DEBUG org.hibernate.type.BasicTypeRegistry - Adding type registration double -> org.hibernate.type.DoubleType@702ed190
14:36:53.173 [main] DEBUG org.hibernate.type.BasicTypeRegistry - Adding type registration java.lang.Double -> org.hibernate.type.DoubleType@702ed190
14:36:53.174 [main] DEBUG org.hibernate.type.BasicTypeRegistry - Adding type registration big_decimal -> org.hibernate.type.BigDecimalType@42a9a63e
14:36:53.174 [main] DEBUG org.hibernate.type.BasicTypeRegistry - Adding type registration java.math.BigDecimal -> org.hibernate.type.BigDecimalType@42a9a63e
14:36:53.175 [main] DEBUG org.hibernate.type.BasicTypeRegistry - Adding type registration big_integer -> org.hibernate.type.BigIntegerType@e3cee7b
14:36:53.175 [main] DEBUG org.hibernate.type.BasicTypeRegistry - Adding type registration java.math.BigInteger -> org.hibernate.type.BigIntegerType@e3cee7b
14:36:53.176 [main] DEBUG org.hibernate.type.BasicTypeRegistry - Adding type registration string -> org.hibernate.type.StringType@15bcf458
14:36:53.176 [main] DEBUG org.hibernate.type.BasicTypeRegistry - Adding type registration java.lang.String -> org.hibernate.type.StringType@15bcf458
14:36:53.176 [main] DEBUG org.hibernate.type.BasicTypeRegistry - Adding type registration nstring -> org.hibernate.type.StringNVarcharType@649f2009
14:36:53.177 [main] DEBUG org.hibernate.type.BasicTypeRegistry - Adding type registration ncharacter -> org.hibernate.type.CharacterNCharType@57f791c6
14:36:53.177 [main] DEBUG org.hibernate.type.BasicTypeRegistry - Adding type registration url -> org.hibernate.type.UrlType@499b2a5c
14:36:53.177 [main] DEBUG org.hibernate.type.BasicTypeRegistry - Adding type registration java.net.URL -> org.hibernate.type.UrlType@499b2a5c
14:36:53.178 [main] DEBUG org.hibernate.type.BasicTypeRegistry - Adding type registration Duration -> org.hibernate.type.DurationType@2db2cd5
14:36:53.178 [main] DEBUG org.hibernate.type.BasicTypeRegistry - Adding type registration java.time.Duration -> org.hibernate.type.DurationType@2db2cd5
14:36:53.187 [main] DEBUG org.hibernate.type.BasicTypeRegistry - Adding type registration Instant -> org.hibernate.type.InstantType@3aacf32a
14:36:53.187 [main] DEBUG org.hibernate.type.BasicTypeRegistry - Adding type registration java.time.Instant -> org.hibernate.type.InstantType@3aacf32a
14:36:53.188 [main] DEBUG org.hibernate.type.BasicTypeRegistry - Adding type registration LocalDateTime -> org.hibernate.type.LocalDateTimeType@345e5a17
14:36:53.188 [main] DEBUG org.hibernate.type.BasicTypeRegistry - Adding type registration java.time.LocalDateTime -> org.hibernate.type.LocalDateTimeType@345e5a17
14:36:53.189 [main] DEBUG org.hibernate.type.BasicTypeRegistry - Adding type registration LocalDate -> org.hibernate.type.LocalDateType@402f80f5
14:36:53.189 [main] DEBUG org.hibernate.type.BasicTypeRegistry - Adding type registration java.time.LocalDate -> org.hibernate.type.LocalDateType@402f80f5
14:36:53.190 [main] DEBUG org.hibernate.type.BasicTypeRegistry - Adding type registration LocalTime -> org.hibernate.type.LocalTimeType@210386e0
14:36:53.190 [main] DEBUG org.hibernate.type.BasicTypeRegistry - Adding type registration java.time.LocalTime -> org.hibernate.type.LocalTimeType@210386e0
14:36:53.191 [main] DEBUG org.hibernate.type.BasicTypeRegistry - Adding type registration OffsetDateTime -> org.hibernate.type.OffsetDateTimeType@38875e7d
14:36:53.191 [main] DEBUG org.hibernate.type.BasicTypeRegistry - Adding type registration java.time.OffsetDateTime -> org.hibernate.type.OffsetDateTimeType@38875e7d
14:36:53.192 [main] DEBUG org.hibernate.type.BasicTypeRegistry - Adding type registration OffsetTime -> org.hibernate.type.OffsetTimeType@31c269fd
14:36:53.192 [main] DEBUG org.hibernate.type.BasicTypeRegistry - Adding type registration java.time.OffsetTime -> org.hibernate.type.OffsetTimeType@31c269fd
14:36:53.194 [main] DEBUG org.hibernate.type.BasicTypeRegistry - Adding type registration ZonedDateTime -> org.hibernate.type.ZonedDateTimeType@cc62a3b
14:36:53.194 [main] DEBUG org.hibernate.type.BasicTypeRegistry - Adding type registration java.time.ZonedDateTime -> org.hibernate.type.ZonedDateTimeType@cc62a3b
14:36:53.195 [main] DEBUG org.hibernate.type.BasicTypeRegistry - Adding type registration date -> org.hibernate.type.DateType@51a06cbe
14:36:53.195 [main] DEBUG org.hibernate.type.BasicTypeRegistry - Adding type registration java.sql.Date -> org.hibernate.type.DateType@51a06cbe
14:36:53.196 [main] DEBUG org.hibernate.type.BasicTypeRegistry - Adding type registration time -> org.hibernate.type.TimeType@36ac8a63
14:36:53.196 [main] DEBUG org.hibernate.type.BasicTypeRegistry - Adding type registration java.sql.Time -> org.hibernate.type.TimeType@36ac8a63
14:36:53.197 [main] DEBUG org.hibernate.type.BasicTypeRegistry - Adding type registration timestamp -> org.hibernate.type.TimestampType@52d10fb8
14:36:53.197 [main] DEBUG org.hibernate.type.BasicTypeRegistry - Adding type registration java.sql.Timestamp -> org.hibernate.type.TimestampType@52d10fb8
14:36:53.197 [main] DEBUG org.hibernate.type.BasicTypeRegistry - Adding type registration java.util.Date -> org.hibernate.type.TimestampType@52d10fb8
14:36:53.198 [main] DEBUG org.hibernate.type.BasicTypeRegistry - Adding type registration dbtimestamp -> org.hibernate.type.DbTimestampType@781e7326
14:36:53.199 [main] DEBUG org.hibernate.type.BasicTypeRegistry - Adding type registration calendar -> org.hibernate.type.CalendarType@503d56b5
14:36:53.199 [main] DEBUG org.hibernate.type.BasicTypeRegistry - Adding type registration java.util.Calendar -> org.hibernate.type.CalendarType@503d56b5
14:36:53.199 [main] DEBUG org.hibernate.type.BasicTypeRegistry - Adding type registration java.util.GregorianCalendar -> org.hibernate.type.CalendarType@503d56b5
14:36:53.199 [main] DEBUG org.hibernate.type.BasicTypeRegistry - Adding type registration calendar_date -> org.hibernate.type.CalendarDateType@1fc793c2
14:36:53.200 [main] DEBUG org.hibernate.type.BasicTypeRegistry - Adding type registration locale -> org.hibernate.type.LocaleType@27f9e982
14:36:53.200 [main] DEBUG org.hibernate.type.BasicTypeRegistry - Adding type registration java.util.Locale -> org.hibernate.type.LocaleType@27f9e982
14:36:53.200 [main] DEBUG org.hibernate.type.BasicTypeRegistry - Adding type registration currency -> org.hibernate.type.CurrencyType@22db8f4
14:36:53.200 [main] DEBUG org.hibernate.type.BasicTypeRegistry - Adding type registration java.util.Currency -> org.hibernate.type.CurrencyType@22db8f4
14:36:53.201 [main] DEBUG org.hibernate.type.BasicTypeRegistry - Adding type registration timezone -> org.hibernate.type.TimeZoneType@5851bd4f
14:36:53.201 [main] DEBUG org.hibernate.type.BasicTypeRegistry - Adding type registration java.util.TimeZone -> org.hibernate.type.TimeZoneType@5851bd4f
14:36:53.202 [main] DEBUG org.hibernate.type.BasicTypeRegistry - Adding type registration class -> org.hibernate.type.ClassType@1804f60d
14:36:53.202 [main] DEBUG org.hibernate.type.BasicTypeRegistry - Adding type registration java.lang.Class -> org.hibernate.type.ClassType@1804f60d
14:36:53.203 [main] DEBUG org.hibernate.type.BasicTypeRegistry - Adding type registration uuid-binary -> org.hibernate.type.UUIDBinaryType@c8b96ec
14:36:53.203 [main] DEBUG org.hibernate.type.BasicTypeRegistry - Adding type registration java.util.UUID -> org.hibernate.type.UUIDBinaryType@c8b96ec
14:36:53.203 [main] DEBUG org.hibernate.type.BasicTypeRegistry - Adding type registration uuid-char -> org.hibernate.type.UUIDCharType@2024293c
14:36:53.204 [main] DEBUG org.hibernate.type.BasicTypeRegistry - Adding type registration binary -> org.hibernate.type.BinaryType@6e0ff644
14:36:53.204 [main] DEBUG org.hibernate.type.BasicTypeRegistry - Adding type registration byte[] -> org.hibernate.type.BinaryType@6e0ff644
14:36:53.204 [main] DEBUG org.hibernate.type.BasicTypeRegistry - Adding type registration [B -> org.hibernate.type.BinaryType@6e0ff644
14:36:53.205 [main] DEBUG org.hibernate.type.BasicTypeRegistry - Adding type registration wrapper-binary -> org.hibernate.type.WrapperBinaryType@733037
14:36:53.206 [main] DEBUG org.hibernate.type.BasicTypeRegistry - Adding type registration Byte[] -> org.hibernate.type.WrapperBinaryType@733037
14:36:53.206 [main] DEBUG org.hibernate.type.BasicTypeRegistry - Adding type registration [Ljava.lang.Byte; -> org.hibernate.type.WrapperBinaryType@733037
14:36:53.206 [main] DEBUG org.hibernate.type.BasicTypeRegistry - Adding type registration row_version -> org.hibernate.type.RowVersionType@28c0b664
14:36:53.207 [main] DEBUG org.hibernate.type.BasicTypeRegistry - Adding type registration image -> org.hibernate.type.ImageType@4d157787
14:36:53.208 [main] DEBUG org.hibernate.type.BasicTypeRegistry - Adding type registration characters -> org.hibernate.type.CharArrayType@50b8ae8d
14:36:53.208 [main] DEBUG org.hibernate.type.BasicTypeRegistry - Adding type registration char[] -> org.hibernate.type.CharArrayType@50b8ae8d
14:36:53.208 [main] DEBUG org.hibernate.type.BasicTypeRegistry - Adding type registration [C -> org.hibernate.type.CharArrayType@50b8ae8d
14:36:53.209 [main] DEBUG org.hibernate.type.BasicTypeRegistry - Adding type registration wrapper-characters -> org.hibernate.type.CharacterArrayType@40e4ea87
14:36:53.209 [main] DEBUG org.hibernate.type.BasicTypeRegistry - Adding type registration [Ljava.lang.Character; -> org.hibernate.type.CharacterArrayType@40e4ea87
14:36:53.209 [main] DEBUG org.hibernate.type.BasicTypeRegistry - Adding type registration Character[] -> org.hibernate.type.CharacterArrayType@40e4ea87
14:36:53.209 [main] DEBUG org.hibernate.type.BasicTypeRegistry - Adding type registration text -> org.hibernate.type.TextType@7bdf6bb7
14:36:53.210 [main] DEBUG org.hibernate.type.BasicTypeRegistry - Adding type registration ntext -> org.hibernate.type.NTextType@751e664e
14:36:53.218 [main] DEBUG org.hibernate.type.BasicTypeRegistry - Adding type registration blob -> org.hibernate.type.BlobType@2c22a348
14:36:53.218 [main] DEBUG org.hibernate.type.BasicTypeRegistry - Adding type registration java.sql.Blob -> org.hibernate.type.BlobType@2c22a348
14:36:53.218 [main] DEBUG org.hibernate.type.BasicTypeRegistry - Adding type registration materialized_blob -> org.hibernate.type.MaterializedBlobType@51b01960
14:36:53.221 [main] DEBUG org.hibernate.type.BasicTypeRegistry - Adding type registration clob -> org.hibernate.type.ClobType@619bd14c
14:36:53.221 [main] DEBUG org.hibernate.type.BasicTypeRegistry - Adding type registration java.sql.Clob -> org.hibernate.type.ClobType@619bd14c
14:36:53.223 [main] DEBUG org.hibernate.type.BasicTypeRegistry - Adding type registration nclob -> org.hibernate.type.NClobType@26d10f2e
14:36:53.223 [main] DEBUG org.hibernate.type.BasicTypeRegistry - Adding type registration java.sql.NClob -> org.hibernate.type.NClobType@26d10f2e
14:36:53.223 [main] DEBUG org.hibernate.type.BasicTypeRegistry - Adding type registration materialized_clob -> org.hibernate.type.MaterializedClobType@2c282004
14:36:53.224 [main] DEBUG org.hibernate.type.BasicTypeRegistry - Adding type registration materialized_nclob -> org.hibernate.type.MaterializedNClobType@3e792ce3
14:36:53.225 [main] DEBUG org.hibernate.type.BasicTypeRegistry - Adding type registration serializable -> org.hibernate.type.SerializableType@1968a49c
14:36:53.227 [main] DEBUG org.hibernate.type.BasicTypeRegistry - Adding type registration object -> org.hibernate.type.ObjectType@11963225
14:36:53.227 [main] DEBUG org.hibernate.type.BasicTypeRegistry - Adding type registration java.lang.Object -> org.hibernate.type.ObjectType@11963225
14:36:53.227 [main] DEBUG org.hibernate.type.BasicTypeRegistry - Adding type registration imm_date -> org.hibernate.type.AdaptedImmutableType@4102b1b1
14:36:53.227 [main] DEBUG org.hibernate.type.BasicTypeRegistry - Adding type registration imm_time -> org.hibernate.type.AdaptedImmutableType@61a5b4ae
14:36:53.227 [main] DEBUG org.hibernate.type.BasicTypeRegistry - Adding type registration imm_timestamp -> org.hibernate.type.AdaptedImmutableType@3a71c100
14:36:53.227 [main] DEBUG org.hibernate.type.BasicTypeRegistry - Adding type registration imm_dbtimestamp -> org.hibernate.type.AdaptedImmutableType@5b69fd74
14:36:53.227 [main] DEBUG org.hibernate.type.BasicTypeRegistry - Adding type registration imm_calendar -> org.hibernate.type.AdaptedImmutableType@f325091
14:36:53.227 [main] DEBUG org.hibernate.type.BasicTypeRegistry - Adding type registration imm_calendar_date -> org.hibernate.type.AdaptedImmutableType@437e951d
14:36:53.228 [main] DEBUG org.hibernate.type.BasicTypeRegistry - Adding type registration imm_binary -> org.hibernate.type.AdaptedImmutableType@77b325b3
14:36:53.228 [main] DEBUG org.hibernate.type.BasicTypeRegistry - Adding type registration imm_serializable -> org.hibernate.type.AdaptedImmutableType@63a5e46c
14:36:53.228 [main] TRACE org.hibernate.service.internal.AbstractServiceRegistryImpl - Initializing service [role=org.hibernate.engine.jdbc.spi.JdbcServices]
14:36:53.229 [main] TRACE org.hibernate.service.internal.AbstractServiceRegistryImpl - Initializing service [role=org.hibernate.engine.jdbc.env.spi.JdbcEnvironment]
14:36:53.229 [main] TRACE org.hibernate.service.internal.AbstractServiceRegistryImpl - Initializing service [role=org.hibernate.engine.jdbc.dialect.spi.DialectFactory]
14:36:53.230 [main] TRACE org.hibernate.service.internal.AbstractServiceRegistryImpl - Initializing service [role=org.hibernate.engine.jdbc.dialect.spi.DialectResolver]
14:36:53.232 [main] TRACE org.hibernate.service.internal.AbstractServiceRegistryImpl - Initializing service [role=org.hibernate.engine.jdbc.connections.spi.ConnectionProvider]
14:36:53.234 [main] WARN  org.hibernate.orm.connections.pooling - HHH10001002: Using Hibernate built-in connection pool (not for production use!)
14:36:53.234 [main] DEBUG org.hibernate.orm.connections.pooling - No driver class specified
14:36:53.234 [main] INFO  org.hibernate.orm.connections.pooling - HHH10001005: using driver [null] at URL [jdbc:hsqldb:file:mymemdb2;ifexists=false;sql.syntax_mys=true]
14:36:53.234 [main] INFO  org.hibernate.orm.connections.pooling - HHH10001001: Connection properties: {}
14:36:53.234 [main] INFO  org.hibernate.orm.connections.pooling - HHH10001003: Autocommit mode: false
14:36:53.236 [main] DEBUG org.hibernate.engine.jdbc.connections.internal.DriverManagerConnectionProviderImpl - Initializing Connection pool with 1 Connections
14:36:53.236 [main] INFO  org.hibernate.engine.jdbc.connections.internal.DriverManagerConnectionProviderImpl - HHH000115: Hibernate connection pool size: 20 (min=1)
14:36:53.461 [main] INFO  hsqldb.db.HSQLDB703409A9C8.ENGINE - Checkpoint start
14:36:53.461 [main] INFO  hsqldb.db.HSQLDB703409A9C8.ENGINE - checkpointClose start
14:36:53.479 [main] INFO  hsqldb.db.HSQLDB703409A9C8.ENGINE - checkpointClose synched
14:36:53.513 [main] INFO  hsqldb.db.HSQLDB703409A9C8.ENGINE - checkpointClose script done
14:36:53.538 [main] TRACE hsqldb.db.HSQLDB703409A9C8.ENGINE - log close size: 0
14:36:53.563 [main] INFO  hsqldb.db.HSQLDB703409A9C8.ENGINE - checkpointClose end
14:36:53.564 [main] INFO  hsqldb.db.HSQLDB703409A9C8.ENGINE - Checkpoint end - txts: 1
14:36:53.604 [main] DEBUG org.hibernate.engine.jdbc.env.internal.JdbcEnvironmentInitiator - Database ->
       name : HSQL Database Engine
    version : 2.5.0
      major : 2
      minor : 5
14:36:53.604 [main] DEBUG org.hibernate.engine.jdbc.env.internal.JdbcEnvironmentInitiator - Driver ->
       name : HSQL Database Engine Driver
    version : 2.5.0
      major : 2
      minor : 5
14:36:53.605 [main] DEBUG org.hibernate.engine.jdbc.env.internal.JdbcEnvironmentInitiator - JDBC version : 4.2
14:36:53.613 [main] INFO  org.hibernate.dialect.Dialect - HHH000400: Using dialect: org.hibernate.dialect.MySQL5Dialect
14:36:53.631 [main] DEBUG org.hibernate.engine.jdbc.env.spi.IdentifierHelperBuilder - JDBC driver metadata reported database stores quoted identifiers in neither upper, lower nor mixed case
14:36:53.632 [main] TRACE org.hibernate.engine.jdbc.env.internal.NormalizingIdentifierHelperImpl - Normalizing identifier quoting [PUBLIC]
14:36:53.633 [main] TRACE org.hibernate.engine.jdbc.env.internal.NormalizingIdentifierHelperImpl - Normalizing identifier quoting [PUBLIC]
14:36:53.652 [main] TRACE org.hibernate.service.internal.AbstractServiceRegistryImpl - Initializing service [role=org.hibernate.id.factory.spi.MutableIdentifierGeneratorFactory]
14:36:53.653 [main] DEBUG org.hibernate.id.factory.internal.DefaultIdentifierGeneratorFactory - Registering IdentifierGenerator strategy [uuid2] -> [org.hibernate.id.UUIDGenerator]
14:36:53.654 [main] DEBUG org.hibernate.id.factory.internal.DefaultIdentifierGeneratorFactory - Registering IdentifierGenerator strategy [guid] -> [org.hibernate.id.GUIDGenerator]
14:36:53.654 [main] DEBUG org.hibernate.id.factory.internal.DefaultIdentifierGeneratorFactory - Registering IdentifierGenerator strategy [uuid] -> [org.hibernate.id.UUIDHexGenerator]
14:36:53.654 [main] DEBUG org.hibernate.id.factory.internal.DefaultIdentifierGeneratorFactory - Registering IdentifierGenerator strategy [uuid.hex] -> [org.hibernate.id.UUIDHexGenerator]
14:36:53.654 [main] DEBUG org.hibernate.id.factory.internal.DefaultIdentifierGeneratorFactory - Registering IdentifierGenerator strategy [assigned] -> [org.hibernate.id.Assigned]
14:36:53.655 [main] DEBUG org.hibernate.id.factory.internal.DefaultIdentifierGeneratorFactory - Registering IdentifierGenerator strategy [identity] -> [org.hibernate.id.IdentityGenerator]
14:36:53.656 [main] DEBUG org.hibernate.id.factory.internal.DefaultIdentifierGeneratorFactory - Registering IdentifierGenerator strategy [select] -> [org.hibernate.id.SelectGenerator]
14:36:53.656 [main] DEBUG org.hibernate.id.factory.internal.DefaultIdentifierGeneratorFactory - Registering IdentifierGenerator strategy [sequence] -> [org.hibernate.id.enhanced.SequenceStyleGenerator]
14:36:53.657 [main] DEBUG org.hibernate.id.factory.internal.DefaultIdentifierGeneratorFactory - Registering IdentifierGenerator strategy [seqhilo] -> [org.hibernate.id.SequenceHiLoGenerator]
14:36:53.657 [main] DEBUG org.hibernate.id.factory.internal.DefaultIdentifierGeneratorFactory - Registering IdentifierGenerator strategy [increment] -> [org.hibernate.id.IncrementGenerator]
14:36:53.658 [main] DEBUG org.hibernate.id.factory.internal.DefaultIdentifierGeneratorFactory - Registering IdentifierGenerator strategy [foreign] -> [org.hibernate.id.ForeignGenerator]
14:36:53.658 [main] DEBUG org.hibernate.id.factory.internal.DefaultIdentifierGeneratorFactory - Registering IdentifierGenerator strategy [sequence-identity] -> [org.hibernate.id.SequenceIdentityGenerator]
14:36:53.658 [main] DEBUG org.hibernate.id.factory.internal.DefaultIdentifierGeneratorFactory - Registering IdentifierGenerator strategy [enhanced-sequence] -> [org.hibernate.id.enhanced.SequenceStyleGenerator]
14:36:53.658 [main] DEBUG org.hibernate.id.factory.internal.DefaultIdentifierGeneratorFactory - Registering IdentifierGenerator strategy [enhanced-table] -> [org.hibernate.id.enhanced.TableGenerator]
14:36:53.679 [main] DEBUG org.hibernate.boot.model.relational.Namespace - Created database namespace [logicalName=Name{catalog=null, schema=null}, physicalName=Name{catalog=null, schema=null}]
14:36:53.692 [main] DEBUG org.hibernate.cfg.AnnotationBinder - Binding entity from annotated class: com.soft.entity.PersonEntity
14:36:53.706 [main] TRACE org.hibernate.engine.jdbc.env.internal.NormalizingIdentifierHelperImpl - Normalizing identifier quoting [DTYPE]
14:36:53.706 [main] DEBUG org.hibernate.cfg.Ejb3Column - Binding column: Ejb3DiscriminatorColumn{logicalColumnName'DTYPE', discriminatorTypeName='string'}
14:36:53.709 [main] DEBUG org.hibernate.cfg.annotations.EntityBinder - Import with entity name PersonEntity
14:36:53.709 [main] TRACE org.hibernate.boot.internal.InFlightMetadataCollectorImpl - Import: PersonEntity -> com.soft.entity.PersonEntity
14:36:53.709 [main] TRACE org.hibernate.boot.internal.InFlightMetadataCollectorImpl - Import: com.soft.entity.PersonEntity -> com.soft.entity.PersonEntity
14:36:53.710 [main] TRACE org.hibernate.engine.jdbc.env.internal.NormalizingIdentifierHelperImpl - Normalizing identifier quoting [PERSON]
14:36:53.710 [main] TRACE org.hibernate.engine.jdbc.env.internal.NormalizingIdentifierHelperImpl - Normalizing identifier quoting [PERSON]
14:36:53.711 [main] DEBUG org.hibernate.cfg.annotations.EntityBinder - Bind entity com.soft.entity.PersonEntity on table PERSON
14:36:53.719 [main] TRACE org.hibernate.cfg.AnnotationBinder - Processing annotations of com.soft.entity.PersonEntity.id
14:36:53.721 [main] TRACE org.hibernate.engine.jdbc.env.internal.NormalizingIdentifierHelperImpl - Normalizing identifier quoting [ID]
14:36:53.721 [main] TRACE org.hibernate.engine.jdbc.env.internal.NormalizingIdentifierHelperImpl - Normalizing identifier quoting [ID]
14:36:53.721 [main] DEBUG org.hibernate.cfg.Ejb3Column - Binding column: Ejb3Column{table=org.hibernate.mapping.Table(PERSON), mappingColumn=ID, insertable=true, updatable=true, unique=false}
14:36:53.724 [main] DEBUG org.hibernate.cfg.annotations.PropertyBinder - MetadataSourceProcessor property id with lazy=false
14:36:53.725 [main] DEBUG org.hibernate.cfg.AbstractPropertyHolder - Attempting to locate auto-apply AttributeConverter for property [com.soft.entity.PersonEntity:id]
14:36:53.726 [main] DEBUG org.hibernate.cfg.annotations.SimpleValueBinder - building SimpleValue for id
14:36:53.727 [main] TRACE org.hibernate.engine.jdbc.env.internal.NormalizingIdentifierHelperImpl - Normalizing identifier quoting [ID]
14:36:53.727 [main] DEBUG org.hibernate.cfg.annotations.PropertyBinder - Building property id
14:36:53.728 [main] TRACE org.hibernate.cfg.annotations.PropertyBinder - Cascading id with null
14:36:53.729 [main] TRACE org.hibernate.cfg.AnnotationBinder - Add generic generator with name: increment
14:36:53.729 [main] TRACE org.hibernate.cfg.AnnotationBinder - Bind @Id on id
14:36:53.729 [main] TRACE org.hibernate.cfg.AnnotationBinder - Processing annotations of com.soft.entity.PersonEntity.name
14:36:53.729 [main] TRACE org.hibernate.engine.jdbc.env.internal.NormalizingIdentifierHelperImpl - Normalizing identifier quoting [NAME]
14:36:53.730 [main] TRACE org.hibernate.engine.jdbc.env.internal.NormalizingIdentifierHelperImpl - Normalizing identifier quoting [NAME]
14:36:53.730 [main] DEBUG org.hibernate.cfg.Ejb3Column - Binding column: Ejb3Column{table=org.hibernate.mapping.Table(PERSON), mappingColumn=NAME, insertable=true, updatable=true, unique=false}
14:36:53.730 [main] DEBUG org.hibernate.cfg.annotations.PropertyBinder - MetadataSourceProcessor property name with lazy=false
14:36:53.730 [main] DEBUG org.hibernate.cfg.AbstractPropertyHolder - Attempting to locate auto-apply AttributeConverter for property [com.soft.entity.PersonEntity:name]
14:36:53.730 [main] DEBUG org.hibernate.cfg.annotations.SimpleValueBinder - building SimpleValue for name
14:36:53.730 [main] TRACE org.hibernate.engine.jdbc.env.internal.NormalizingIdentifierHelperImpl - Normalizing identifier quoting [NAME]
14:36:53.730 [main] DEBUG org.hibernate.cfg.annotations.PropertyBinder - Building property name
14:36:53.730 [main] TRACE org.hibernate.cfg.annotations.PropertyBinder - Cascading name with null
14:36:53.730 [main] DEBUG org.hibernate.cfg.AnnotationBinder - Binding entity from annotated class: com.soft.entity.ResistorEntity
14:36:53.731 [main] TRACE org.hibernate.engine.jdbc.env.internal.NormalizingIdentifierHelperImpl - Normalizing identifier quoting [DTYPE]
14:36:53.731 [main] DEBUG org.hibernate.cfg.Ejb3Column - Binding column: Ejb3DiscriminatorColumn{logicalColumnName'DTYPE', discriminatorTypeName='string'}
14:36:53.731 [main] DEBUG org.hibernate.cfg.annotations.EntityBinder - Import with entity name ResistorEntity
14:36:53.731 [main] TRACE org.hibernate.boot.internal.InFlightMetadataCollectorImpl - Import: ResistorEntity -> com.soft.entity.ResistorEntity
14:36:53.731 [main] TRACE org.hibernate.boot.internal.InFlightMetadataCollectorImpl - Import: com.soft.entity.ResistorEntity -> com.soft.entity.ResistorEntity
14:36:53.731 [main] TRACE org.hibernate.engine.jdbc.env.internal.NormalizingIdentifierHelperImpl - Normalizing identifier quoting [resistor]
14:36:53.731 [main] TRACE org.hibernate.engine.jdbc.env.internal.NormalizingIdentifierHelperImpl - Normalizing identifier quoting [resistor]
14:36:53.731 [main] DEBUG org.hibernate.cfg.annotations.EntityBinder - Bind entity com.soft.entity.ResistorEntity on table resistor
14:36:53.732 [main] TRACE org.hibernate.cfg.AnnotationBinder - Processing annotations of com.soft.entity.ResistorEntity.id
14:36:53.732 [main] TRACE org.hibernate.engine.jdbc.env.internal.NormalizingIdentifierHelperImpl - Normalizing identifier quoting [resistor_id]
14:36:53.732 [main] TRACE org.hibernate.engine.jdbc.env.internal.NormalizingIdentifierHelperImpl - Normalizing identifier quoting [resistor_id]
14:36:53.733 [main] DEBUG org.hibernate.cfg.Ejb3Column - Binding column: Ejb3Column{table=org.hibernate.mapping.Table(resistor), mappingColumn=resistor_id, insertable=true, updatable=true, unique=false}
14:36:53.733 [main] DEBUG org.hibernate.cfg.annotations.PropertyBinder - MetadataSourceProcessor property id with lazy=false
14:36:53.733 [main] DEBUG org.hibernate.cfg.AbstractPropertyHolder - Attempting to locate auto-apply AttributeConverter for property [com.soft.entity.ResistorEntity:id]
14:36:53.733 [main] DEBUG org.hibernate.cfg.annotations.SimpleValueBinder - building SimpleValue for id
14:36:53.733 [main] TRACE org.hibernate.engine.jdbc.env.internal.NormalizingIdentifierHelperImpl - Normalizing identifier quoting [resistor_id]
14:36:53.733 [main] DEBUG org.hibernate.cfg.annotations.PropertyBinder - Building property id
14:36:53.733 [main] TRACE org.hibernate.cfg.annotations.PropertyBinder - Cascading id with null
14:36:53.733 [main] TRACE org.hibernate.cfg.AnnotationBinder - Add generic generator with name: increment
14:36:53.733 [main] TRACE org.hibernate.cfg.AnnotationBinder - Bind @Id on id
14:36:53.733 [main] TRACE org.hibernate.cfg.AnnotationBinder - Processing annotations of com.soft.entity.ResistorEntity.category
14:36:53.733 [main] TRACE org.hibernate.engine.jdbc.env.internal.NormalizingIdentifierHelperImpl - Normalizing identifier quoting [category]
14:36:53.733 [main] TRACE org.hibernate.engine.jdbc.env.internal.NormalizingIdentifierHelperImpl - Normalizing identifier quoting [category]
14:36:53.733 [main] DEBUG org.hibernate.cfg.Ejb3Column - Binding column: Ejb3Column{table=org.hibernate.mapping.Table(resistor), mappingColumn=category, insertable=true, updatable=true, unique=false}
14:36:53.734 [main] DEBUG org.hibernate.cfg.annotations.PropertyBinder - MetadataSourceProcessor property category with lazy=false
14:36:53.734 [main] DEBUG org.hibernate.cfg.AbstractPropertyHolder - Attempting to locate auto-apply AttributeConverter for property [com.soft.entity.ResistorEntity:category]
14:36:53.734 [main] DEBUG org.hibernate.cfg.annotations.SimpleValueBinder - building SimpleValue for category
14:36:53.734 [main] TRACE org.hibernate.engine.jdbc.env.internal.NormalizingIdentifierHelperImpl - Normalizing identifier quoting [category]
14:36:53.734 [main] DEBUG org.hibernate.cfg.annotations.PropertyBinder - Building property category
14:36:53.734 [main] TRACE org.hibernate.cfg.annotations.PropertyBinder - Cascading category with null
14:36:53.734 [main] TRACE org.hibernate.cfg.AnnotationBinder - Processing annotations of com.soft.entity.ResistorEntity.description
14:36:53.734 [main] TRACE org.hibernate.engine.jdbc.env.internal.NormalizingIdentifierHelperImpl - Normalizing identifier quoting [description]
14:36:53.734 [main] TRACE org.hibernate.engine.jdbc.env.internal.NormalizingIdentifierHelperImpl - Normalizing identifier quoting [description]
14:36:53.734 [main] DEBUG org.hibernate.cfg.Ejb3Column - Binding column: Ejb3Column{table=org.hibernate.mapping.Table(resistor), mappingColumn=description, insertable=true, updatable=true, unique=false}
14:36:53.734 [main] DEBUG org.hibernate.cfg.annotations.PropertyBinder - MetadataSourceProcessor property description with lazy=false
14:36:53.734 [main] DEBUG org.hibernate.cfg.AbstractPropertyHolder - Attempting to locate auto-apply AttributeConverter for property [com.soft.entity.ResistorEntity:description]
14:36:53.734 [main] DEBUG org.hibernate.cfg.annotations.SimpleValueBinder - building SimpleValue for description
14:36:53.734 [main] TRACE org.hibernate.engine.jdbc.env.internal.NormalizingIdentifierHelperImpl - Normalizing identifier quoting [description]
14:36:53.734 [main] DEBUG org.hibernate.cfg.annotations.PropertyBinder - Building property description
14:36:53.734 [main] TRACE org.hibernate.cfg.annotations.PropertyBinder - Cascading description with null
14:36:53.735 [main] TRACE org.hibernate.cfg.AnnotationBinder - Processing annotations of com.soft.entity.ResistorEntity.name
14:36:53.735 [main] TRACE org.hibernate.engine.jdbc.env.internal.NormalizingIdentifierHelperImpl - Normalizing identifier quoting [name]
14:36:53.735 [main] TRACE org.hibernate.engine.jdbc.env.internal.NormalizingIdentifierHelperImpl - Normalizing identifier quoting [name]
14:36:53.735 [main] DEBUG org.hibernate.cfg.Ejb3Column - Binding column: Ejb3Column{table=org.hibernate.mapping.Table(resistor), mappingColumn=name, insertable=true, updatable=true, unique=false}
14:36:53.737 [main] DEBUG org.hibernate.cfg.annotations.PropertyBinder - MetadataSourceProcessor property name with lazy=false
14:36:53.737 [main] DEBUG org.hibernate.cfg.AbstractPropertyHolder - Attempting to locate auto-apply AttributeConverter for property [com.soft.entity.ResistorEntity:name]
14:36:53.738 [main] DEBUG org.hibernate.cfg.annotations.SimpleValueBinder - building SimpleValue for name
14:36:53.738 [main] TRACE org.hibernate.engine.jdbc.env.internal.NormalizingIdentifierHelperImpl - Normalizing identifier quoting [name]
14:36:53.738 [main] DEBUG org.hibernate.cfg.annotations.PropertyBinder - Building property name
14:36:53.738 [main] TRACE org.hibernate.cfg.annotations.PropertyBinder - Cascading name with null
14:36:53.738 [main] TRACE org.hibernate.cfg.AnnotationBinder - Processing annotations of com.soft.entity.ResistorEntity.nominal
14:36:53.738 [main] TRACE org.hibernate.engine.jdbc.env.internal.NormalizingIdentifierHelperImpl - Normalizing identifier quoting [nominal]
14:36:53.738 [main] TRACE org.hibernate.engine.jdbc.env.internal.NormalizingIdentifierHelperImpl - Normalizing identifier quoting [nominal]
14:36:53.738 [main] DEBUG org.hibernate.cfg.Ejb3Column - Binding column: Ejb3Column{table=org.hibernate.mapping.Table(resistor), mappingColumn=nominal, insertable=true, updatable=true, unique=false}
14:36:53.738 [main] DEBUG org.hibernate.cfg.annotations.PropertyBinder - MetadataSourceProcessor property nominal with lazy=false
14:36:53.738 [main] DEBUG org.hibernate.cfg.AbstractPropertyHolder - Attempting to locate auto-apply AttributeConverter for property [com.soft.entity.ResistorEntity:nominal]
14:36:53.738 [main] DEBUG org.hibernate.cfg.annotations.SimpleValueBinder - building SimpleValue for nominal
14:36:53.738 [main] TRACE org.hibernate.engine.jdbc.env.internal.NormalizingIdentifierHelperImpl - Normalizing identifier quoting [nominal]
14:36:53.738 [main] DEBUG org.hibernate.cfg.annotations.PropertyBinder - Building property nominal
14:36:53.739 [main] TRACE org.hibernate.cfg.annotations.PropertyBinder - Cascading nominal with null
14:36:53.739 [main] TRACE org.hibernate.cfg.AnnotationBinder - Processing annotations of com.soft.entity.ResistorEntity.nominalUnit
14:36:53.739 [main] TRACE org.hibernate.engine.jdbc.env.internal.NormalizingIdentifierHelperImpl - Normalizing identifier quoting [nominal_unit]
14:36:53.739 [main] TRACE org.hibernate.engine.jdbc.env.internal.NormalizingIdentifierHelperImpl - Normalizing identifier quoting [nominal_unit]
14:36:53.739 [main] DEBUG org.hibernate.cfg.Ejb3Column - Binding column: Ejb3Column{table=org.hibernate.mapping.Table(resistor), mappingColumn=nominal_unit, insertable=true, updatable=true, unique=false}
14:36:53.739 [main] DEBUG org.hibernate.cfg.annotations.PropertyBinder - MetadataSourceProcessor property nominalUnit with lazy=false
14:36:53.739 [main] DEBUG org.hibernate.cfg.AbstractPropertyHolder - Attempting to locate auto-apply AttributeConverter for property [com.soft.entity.ResistorEntity:nominalUnit]
14:36:53.739 [main] DEBUG org.hibernate.cfg.annotations.SimpleValueBinder - building SimpleValue for nominalUnit
14:36:53.739 [main] TRACE org.hibernate.engine.jdbc.env.internal.NormalizingIdentifierHelperImpl - Normalizing identifier quoting [nominal_unit]
14:36:53.739 [main] DEBUG org.hibernate.cfg.annotations.PropertyBinder - Building property nominalUnit
14:36:53.739 [main] TRACE org.hibernate.cfg.annotations.PropertyBinder - Cascading nominalUnit with null
14:36:53.739 [main] TRACE org.hibernate.cfg.AnnotationBinder - Processing annotations of com.soft.entity.ResistorEntity.photo
14:36:53.739 [main] TRACE org.hibernate.engine.jdbc.env.internal.NormalizingIdentifierHelperImpl - Normalizing identifier quoting [photo]
14:36:53.739 [main] TRACE org.hibernate.engine.jdbc.env.internal.NormalizingIdentifierHelperImpl - Normalizing identifier quoting [photo]
14:36:53.739 [main] DEBUG org.hibernate.cfg.Ejb3Column - Binding column: Ejb3Column{table=org.hibernate.mapping.Table(resistor), mappingColumn=photo, insertable=true, updatable=true, unique=false}
14:36:53.739 [main] DEBUG org.hibernate.cfg.annotations.PropertyBinder - MetadataSourceProcessor property photo with lazy=false
14:36:53.739 [main] DEBUG org.hibernate.cfg.AbstractPropertyHolder - Attempting to locate auto-apply AttributeConverter for property [com.soft.entity.ResistorEntity:photo]
14:36:53.739 [main] DEBUG org.hibernate.cfg.annotations.SimpleValueBinder - building SimpleValue for photo
14:36:53.739 [main] TRACE org.hibernate.engine.jdbc.env.internal.NormalizingIdentifierHelperImpl - Normalizing identifier quoting [photo]
14:36:53.740 [main] DEBUG org.hibernate.cfg.annotations.PropertyBinder - Building property photo
14:36:53.740 [main] TRACE org.hibernate.cfg.annotations.PropertyBinder - Cascading photo with null
14:36:53.740 [main] TRACE org.hibernate.cfg.AnnotationBinder - Processing annotations of com.soft.entity.ResistorEntity.power
14:36:53.740 [main] TRACE org.hibernate.engine.jdbc.env.internal.NormalizingIdentifierHelperImpl - Normalizing identifier quoting [power]
14:36:53.740 [main] TRACE org.hibernate.engine.jdbc.env.internal.NormalizingIdentifierHelperImpl - Normalizing identifier quoting [power]
14:36:53.740 [main] DEBUG org.hibernate.cfg.Ejb3Column - Binding column: Ejb3Column{table=org.hibernate.mapping.Table(resistor), mappingColumn=power, insertable=true, updatable=true, unique=false}
14:36:53.740 [main] DEBUG org.hibernate.cfg.annotations.PropertyBinder - MetadataSourceProcessor property power with lazy=false
14:36:53.740 [main] DEBUG org.hibernate.cfg.AbstractPropertyHolder - Attempting to locate auto-apply AttributeConverter for property [com.soft.entity.ResistorEntity:power]
14:36:53.740 [main] DEBUG org.hibernate.cfg.annotations.SimpleValueBinder - building SimpleValue for power
14:36:53.740 [main] TRACE org.hibernate.engine.jdbc.env.internal.NormalizingIdentifierHelperImpl - Normalizing identifier quoting [power]
14:36:53.740 [main] DEBUG org.hibernate.cfg.annotations.PropertyBinder - Building property power
14:36:53.740 [main] TRACE org.hibernate.cfg.annotations.PropertyBinder - Cascading power with null
14:36:53.740 [main] TRACE org.hibernate.cfg.AnnotationBinder - Processing annotations of com.soft.entity.ResistorEntity.powerUnit
14:36:53.740 [main] TRACE org.hibernate.engine.jdbc.env.internal.NormalizingIdentifierHelperImpl - Normalizing identifier quoting [power_unit]
14:36:53.740 [main] TRACE org.hibernate.engine.jdbc.env.internal.NormalizingIdentifierHelperImpl - Normalizing identifier quoting [power_unit]
14:36:53.740 [main] DEBUG org.hibernate.cfg.Ejb3Column - Binding column: Ejb3Column{table=org.hibernate.mapping.Table(resistor), mappingColumn=power_unit, insertable=true, updatable=true, unique=false}
14:36:53.740 [main] DEBUG org.hibernate.cfg.annotations.PropertyBinder - MetadataSourceProcessor property powerUnit with lazy=false
14:36:53.740 [main] DEBUG org.hibernate.cfg.AbstractPropertyHolder - Attempting to locate auto-apply AttributeConverter for property [com.soft.entity.ResistorEntity:powerUnit]
14:36:53.740 [main] DEBUG org.hibernate.cfg.annotations.SimpleValueBinder - building SimpleValue for powerUnit
14:36:53.740 [main] TRACE org.hibernate.engine.jdbc.env.internal.NormalizingIdentifierHelperImpl - Normalizing identifier quoting [power_unit]
14:36:53.740 [main] DEBUG org.hibernate.cfg.annotations.PropertyBinder - Building property powerUnit
14:36:53.740 [main] TRACE org.hibernate.cfg.annotations.PropertyBinder - Cascading powerUnit with null
14:36:53.740 [main] TRACE org.hibernate.cfg.AnnotationBinder - Processing annotations of com.soft.entity.ResistorEntity.price
14:36:53.740 [main] TRACE org.hibernate.engine.jdbc.env.internal.NormalizingIdentifierHelperImpl - Normalizing identifier quoting [price]
14:36:53.740 [main] TRACE org.hibernate.engine.jdbc.env.internal.NormalizingIdentifierHelperImpl - Normalizing identifier quoting [price]
14:36:53.740 [main] DEBUG org.hibernate.cfg.Ejb3Column - Binding column: Ejb3Column{table=org.hibernate.mapping.Table(resistor), mappingColumn=price, insertable=true, updatable=true, unique=false}
14:36:53.740 [main] DEBUG org.hibernate.cfg.annotations.PropertyBinder - MetadataSourceProcessor property price with lazy=false
14:36:53.741 [main] DEBUG org.hibernate.cfg.AbstractPropertyHolder - Attempting to locate auto-apply AttributeConverter for property [com.soft.entity.ResistorEntity:price]
14:36:53.741 [main] DEBUG org.hibernate.cfg.annotations.SimpleValueBinder - building SimpleValue for price
14:36:53.741 [main] TRACE org.hibernate.engine.jdbc.env.internal.NormalizingIdentifierHelperImpl - Normalizing identifier quoting [price]
14:36:53.741 [main] DEBUG org.hibernate.cfg.annotations.PropertyBinder - Building property price
14:36:53.741 [main] TRACE org.hibernate.cfg.annotations.PropertyBinder - Cascading price with null
14:36:53.741 [main] TRACE org.hibernate.cfg.AnnotationBinder - Processing annotations of com.soft.entity.ResistorEntity.producer
14:36:53.741 [main] TRACE org.hibernate.engine.jdbc.env.internal.NormalizingIdentifierHelperImpl - Normalizing identifier quoting [producer]
14:36:53.741 [main] TRACE org.hibernate.engine.jdbc.env.internal.NormalizingIdentifierHelperImpl - Normalizing identifier quoting [producer]
14:36:53.741 [main] DEBUG org.hibernate.cfg.Ejb3Column - Binding column: Ejb3Column{table=org.hibernate.mapping.Table(resistor), mappingColumn=producer, insertable=true, updatable=true, unique=false}
14:36:53.741 [main] DEBUG org.hibernate.cfg.annotations.PropertyBinder - MetadataSourceProcessor property producer with lazy=false
14:36:53.741 [main] DEBUG org.hibernate.cfg.AbstractPropertyHolder - Attempting to locate auto-apply AttributeConverter for property [com.soft.entity.ResistorEntity:producer]
14:36:53.741 [main] DEBUG org.hibernate.cfg.annotations.SimpleValueBinder - building SimpleValue for producer
14:36:53.741 [main] TRACE org.hibernate.engine.jdbc.env.internal.NormalizingIdentifierHelperImpl - Normalizing identifier quoting [producer]
14:36:53.741 [main] DEBUG org.hibernate.cfg.annotations.PropertyBinder - Building property producer
14:36:53.741 [main] TRACE org.hibernate.cfg.annotations.PropertyBinder - Cascading producer with null
14:36:53.741 [main] TRACE org.hibernate.cfg.AnnotationBinder - Processing annotations of com.soft.entity.ResistorEntity.quantity
14:36:53.741 [main] TRACE org.hibernate.engine.jdbc.env.internal.NormalizingIdentifierHelperImpl - Normalizing identifier quoting [quantity]
14:36:53.741 [main] TRACE org.hibernate.engine.jdbc.env.internal.NormalizingIdentifierHelperImpl - Normalizing identifier quoting [quantity]
14:36:53.741 [main] DEBUG org.hibernate.cfg.Ejb3Column - Binding column: Ejb3Column{table=org.hibernate.mapping.Table(resistor), mappingColumn=quantity, insertable=true, updatable=true, unique=false}
14:36:53.741 [main] DEBUG org.hibernate.cfg.annotations.PropertyBinder - MetadataSourceProcessor property quantity with lazy=false
14:36:53.741 [main] DEBUG org.hibernate.cfg.AbstractPropertyHolder - Attempting to locate auto-apply AttributeConverter for property [com.soft.entity.ResistorEntity:quantity]
14:36:53.741 [main] DEBUG org.hibernate.cfg.annotations.SimpleValueBinder - building SimpleValue for quantity
14:36:53.741 [main] TRACE org.hibernate.engine.jdbc.env.internal.NormalizingIdentifierHelperImpl - Normalizing identifier quoting [quantity]
14:36:53.741 [main] DEBUG org.hibernate.cfg.annotations.PropertyBinder - Building property quantity
14:36:53.741 [main] TRACE org.hibernate.cfg.annotations.PropertyBinder - Cascading quantity with null
14:36:53.741 [main] TRACE org.hibernate.cfg.AnnotationBinder - Processing annotations of com.soft.entity.ResistorEntity.rPackage
14:36:53.741 [main] TRACE org.hibernate.engine.jdbc.env.internal.NormalizingIdentifierHelperImpl - Normalizing identifier quoting [package]
14:36:53.741 [main] TRACE org.hibernate.engine.jdbc.env.internal.NormalizingIdentifierHelperImpl - Normalizing identifier quoting [package]
14:36:53.741 [main] DEBUG org.hibernate.cfg.Ejb3Column - Binding column: Ejb3Column{table=org.hibernate.mapping.Table(resistor), mappingColumn=package, insertable=true, updatable=true, unique=false}
14:36:53.742 [main] DEBUG org.hibernate.cfg.annotations.PropertyBinder - MetadataSourceProcessor property rPackage with lazy=false
14:36:53.742 [main] DEBUG org.hibernate.cfg.AbstractPropertyHolder - Attempting to locate auto-apply AttributeConverter for property [com.soft.entity.ResistorEntity:rPackage]
14:36:53.742 [main] DEBUG org.hibernate.cfg.annotations.SimpleValueBinder - building SimpleValue for rPackage
14:36:53.742 [main] TRACE org.hibernate.engine.jdbc.env.internal.NormalizingIdentifierHelperImpl - Normalizing identifier quoting [package]
14:36:53.742 [main] DEBUG org.hibernate.cfg.annotations.PropertyBinder - Building property rPackage
14:36:53.742 [main] TRACE org.hibernate.cfg.annotations.PropertyBinder - Cascading rPackage with null
14:36:53.742 [main] TRACE org.hibernate.cfg.AnnotationBinder - Processing annotations of com.soft.entity.ResistorEntity.rPrecision
14:36:53.742 [main] TRACE org.hibernate.engine.jdbc.env.internal.NormalizingIdentifierHelperImpl - Normalizing identifier quoting [r_precision]
14:36:53.742 [main] TRACE org.hibernate.engine.jdbc.env.internal.NormalizingIdentifierHelperImpl - Normalizing identifier quoting [r_precision]
14:36:53.742 [main] DEBUG org.hibernate.cfg.Ejb3Column - Binding column: Ejb3Column{table=org.hibernate.mapping.Table(resistor), mappingColumn=r_precision, insertable=true, updatable=true, unique=false}
14:36:53.742 [main] DEBUG org.hibernate.cfg.annotations.PropertyBinder - MetadataSourceProcessor property rPrecision with lazy=false
14:36:53.742 [main] DEBUG org.hibernate.cfg.AbstractPropertyHolder - Attempting to locate auto-apply AttributeConverter for property [com.soft.entity.ResistorEntity:rPrecision]
14:36:53.742 [main] DEBUG org.hibernate.cfg.annotations.SimpleValueBinder - building SimpleValue for rPrecision
14:36:53.742 [main] TRACE org.hibernate.engine.jdbc.env.internal.NormalizingIdentifierHelperImpl - Normalizing identifier quoting [r_precision]
14:36:53.742 [main] DEBUG org.hibernate.cfg.annotations.PropertyBinder - Building property rPrecision
14:36:53.742 [main] TRACE org.hibernate.cfg.annotations.PropertyBinder - Cascading rPrecision with null
14:36:53.743 [main] DEBUG org.hibernate.cfg.annotations.SimpleValueBinder - Starting fillSimpleValue for id
14:36:53.743 [main] DEBUG org.hibernate.cfg.annotations.SimpleValueBinder - Starting fillSimpleValue for name
14:36:53.744 [main] DEBUG org.hibernate.cfg.annotations.SimpleValueBinder - Starting fillSimpleValue for id
14:36:53.744 [main] DEBUG org.hibernate.cfg.annotations.SimpleValueBinder - Starting fillSimpleValue for category
14:36:53.744 [main] DEBUG org.hibernate.cfg.annotations.SimpleValueBinder - Starting fillSimpleValue for description
14:36:53.744 [main] DEBUG org.hibernate.cfg.annotations.SimpleValueBinder - Starting fillSimpleValue for name
14:36:53.744 [main] DEBUG org.hibernate.cfg.annotations.SimpleValueBinder - Starting fillSimpleValue for nominal
14:36:53.744 [main] DEBUG org.hibernate.cfg.annotations.SimpleValueBinder - Starting fillSimpleValue for nominalUnit
14:36:53.744 [main] DEBUG org.hibernate.cfg.annotations.SimpleValueBinder - Starting fillSimpleValue for photo
14:36:53.744 [main] DEBUG org.hibernate.cfg.annotations.SimpleValueBinder - Starting fillSimpleValue for power
14:36:53.744 [main] DEBUG org.hibernate.cfg.annotations.SimpleValueBinder - Starting fillSimpleValue for powerUnit
14:36:53.744 [main] DEBUG org.hibernate.cfg.annotations.SimpleValueBinder - Starting fillSimpleValue for price
14:36:53.744 [main] DEBUG org.hibernate.cfg.annotations.SimpleValueBinder - Starting fillSimpleValue for producer
14:36:53.744 [main] DEBUG org.hibernate.cfg.annotations.SimpleValueBinder - Starting fillSimpleValue for quantity
14:36:53.744 [main] DEBUG org.hibernate.cfg.annotations.SimpleValueBinder - Starting fillSimpleValue for rPackage
14:36:53.744 [main] DEBUG org.hibernate.cfg.annotations.SimpleValueBinder - Starting fillSimpleValue for rPrecision
14:36:53.745 [main] DEBUG org.hibernate.mapping.PrimaryKey - Forcing column [id] to be non-null as it is part of the primary key for table [person]
14:36:53.745 [main] DEBUG org.hibernate.mapping.PrimaryKey - Forcing column [resistor_id] to be non-null as it is part of the primary key for table [resistor]
14:36:53.746 [main] TRACE org.hibernate.engine.jdbc.env.internal.NormalizingIdentifierHelperImpl - Normalizing identifier quoting [resistor_id]
14:36:53.746 [main] TRACE org.hibernate.engine.jdbc.env.internal.NormalizingIdentifierHelperImpl - Normalizing identifier quoting [resistor]
14:36:53.746 [main] TRACE org.hibernate.engine.jdbc.env.internal.NormalizingIdentifierHelperImpl - Normalizing identifier quoting [ID]
14:36:53.747 [main] TRACE org.hibernate.engine.jdbc.env.internal.NormalizingIdentifierHelperImpl - Normalizing identifier quoting [PERSON]
14:36:53.766 [main] INFO  hsqldb.db.HSQLDB703409AB06.ENGINE - Checkpoint start
14:36:53.767 [main] INFO  hsqldb.db.HSQLDB703409AB06.ENGINE - checkpointClose start
14:36:53.781 [main] INFO  hsqldb.db.HSQLDB703409AB06.ENGINE - checkpointClose synched
14:36:53.806 [main] INFO  hsqldb.db.HSQLDB703409AB06.ENGINE - checkpointClose script done
14:36:53.831 [main] TRACE hsqldb.db.HSQLDB703409AB06.ENGINE - log close size: 0
14:36:53.857 [main] INFO  hsqldb.db.HSQLDB703409AB06.ENGINE - checkpointClose end
14:36:53.857 [main] INFO  hsqldb.db.HSQLDB703409AB06.ENGINE - Checkpoint end - txts: 1
14:36:53.944 [main] DEBUG org.hibernate.integrator.internal.IntegratorServiceImpl - Adding Integrator [org.hibernate.cfg.beanvalidation.BeanValidationIntegrator].
14:36:53.944 [main] DEBUG org.hibernate.integrator.internal.IntegratorServiceImpl - Adding Integrator [org.hibernate.secure.spi.JaccIntegrator].
14:36:53.944 [main] DEBUG org.hibernate.integrator.internal.IntegratorServiceImpl - Adding Integrator [org.hibernate.cache.internal.CollectionCacheInvalidator].
14:36:53.945 [main] TRACE org.hibernate.boot.registry.selector.internal.StrategySelectorImpl - Registering named strategy selector [org.hibernate.dialect.Dialect] : [Cache71] -> [org.hibernate.dialect.Cache71Dialect]
14:36:53.945 [main] TRACE org.hibernate.boot.registry.selector.internal.StrategySelectorImpl - Registering named strategy selector [org.hibernate.dialect.Dialect] : [CUBRID] -> [org.hibernate.dialect.CUBRIDDialect]
14:36:53.945 [main] TRACE org.hibernate.boot.registry.selector.internal.StrategySelectorImpl - Registering named strategy selector [org.hibernate.dialect.Dialect] : [DB2] -> [org.hibernate.dialect.DB2Dialect]
14:36:53.945 [main] TRACE org.hibernate.boot.registry.selector.internal.StrategySelectorImpl - Registering named strategy selector [org.hibernate.dialect.Dialect] : [DB2390] -> [org.hibernate.dialect.DB2390Dialect]
14:36:53.946 [main] TRACE org.hibernate.boot.registry.selector.internal.StrategySelectorImpl - Registering named strategy selector [org.hibernate.dialect.Dialect] : [DB2390V8] -> [org.hibernate.dialect.DB2390V8Dialect]
14:36:53.946 [main] TRACE org.hibernate.boot.registry.selector.internal.StrategySelectorImpl - Registering named strategy selector [org.hibernate.dialect.Dialect] : [DB2400] -> [org.hibernate.dialect.DB2400Dialect]
14:36:53.946 [main] TRACE org.hibernate.boot.registry.selector.internal.StrategySelectorImpl - Registering named strategy selector [org.hibernate.dialect.Dialect] : [DerbyTenFive] -> [org.hibernate.dialect.DerbyTenFiveDialect]
14:36:53.946 [main] TRACE org.hibernate.boot.registry.selector.internal.StrategySelectorImpl - Registering named strategy selector [org.hibernate.dialect.Dialect] : [DerbyTenSix] -> [org.hibernate.dialect.DerbyTenSixDialect]
14:36:53.946 [main] TRACE org.hibernate.boot.registry.selector.internal.StrategySelectorImpl - Registering named strategy selector [org.hibernate.dialect.Dialect] : [DerbyTenSeven] -> [org.hibernate.dialect.DerbyTenSevenDialect]
14:36:53.946 [main] TRACE org.hibernate.boot.registry.selector.internal.StrategySelectorImpl - Registering named strategy selector [org.hibernate.dialect.Dialect] : [Firebird] -> [org.hibernate.dialect.FirebirdDialect]
14:36:53.946 [main] TRACE org.hibernate.boot.registry.selector.internal.StrategySelectorImpl - Registering named strategy selector [org.hibernate.dialect.Dialect] : [FrontBase] -> [org.hibernate.dialect.FrontBaseDialect]
14:36:53.946 [main] TRACE org.hibernate.boot.registry.selector.internal.StrategySelectorImpl - Registering named strategy selector [org.hibernate.dialect.Dialect] : [H2] -> [org.hibernate.dialect.H2Dialect]
14:36:53.946 [main] TRACE org.hibernate.boot.registry.selector.internal.StrategySelectorImpl - Registering named strategy selector [org.hibernate.dialect.Dialect] : [HANAColumnStore] -> [org.hibernate.dialect.HANAColumnStoreDialect]
14:36:53.946 [main] TRACE org.hibernate.boot.registry.selector.internal.StrategySelectorImpl - Registering named strategy selector [org.hibernate.dialect.Dialect] : [HANARowStore] -> [org.hibernate.dialect.HANARowStoreDialect]
14:36:53.946 [main] TRACE org.hibernate.boot.registry.selector.internal.StrategySelectorImpl - Registering named strategy selector [org.hibernate.dialect.Dialect] : [HSQL] -> [org.hibernate.dialect.HSQLDialect]
14:36:53.947 [main] TRACE org.hibernate.boot.registry.selector.internal.StrategySelectorImpl - Registering named strategy selector [org.hibernate.dialect.Dialect] : [Informix] -> [org.hibernate.dialect.InformixDialect]
14:36:53.947 [main] TRACE org.hibernate.boot.registry.selector.internal.StrategySelectorImpl - Registering named strategy selector [org.hibernate.dialect.Dialect] : [Ingres] -> [org.hibernate.dialect.IngresDialect]
14:36:53.947 [main] TRACE org.hibernate.boot.registry.selector.internal.StrategySelectorImpl - Registering named strategy selector [org.hibernate.dialect.Dialect] : [Ingres9] -> [org.hibernate.dialect.Ingres9Dialect]
14:36:53.947 [main] TRACE org.hibernate.boot.registry.selector.internal.StrategySelectorImpl - Registering named strategy selector [org.hibernate.dialect.Dialect] : [Ingres10] -> [org.hibernate.dialect.Ingres10Dialect]
14:36:53.947 [main] TRACE org.hibernate.boot.registry.selector.internal.StrategySelectorImpl - Registering named strategy selector [org.hibernate.dialect.Dialect] : [Interbase] -> [org.hibernate.dialect.InterbaseDialect]
14:36:53.947 [main] TRACE org.hibernate.boot.registry.selector.internal.StrategySelectorImpl - Registering named strategy selector [org.hibernate.dialect.Dialect] : [JDataStore] -> [org.hibernate.dialect.JDataStoreDialect]
14:36:53.947 [main] TRACE org.hibernate.boot.registry.selector.internal.StrategySelectorImpl - Registering named strategy selector [org.hibernate.dialect.Dialect] : [Mckoi] -> [org.hibernate.dialect.MckoiDialect]
14:36:53.947 [main] TRACE org.hibernate.boot.registry.selector.internal.StrategySelectorImpl - Registering named strategy selector [org.hibernate.dialect.Dialect] : [MimerSQL] -> [org.hibernate.dialect.MimerSQLDialect]
14:36:53.947 [main] TRACE org.hibernate.boot.registry.selector.internal.StrategySelectorImpl - Registering named strategy selector [org.hibernate.dialect.Dialect] : [MySQL5] -> [org.hibernate.dialect.MySQL5Dialect]
14:36:53.947 [main] TRACE org.hibernate.boot.registry.selector.internal.StrategySelectorImpl - Registering named strategy selector [org.hibernate.dialect.Dialect] : [MySQL5InnoDB] -> [org.hibernate.dialect.MySQL5InnoDBDialect]
14:36:53.948 [main] TRACE org.hibernate.boot.registry.selector.internal.StrategySelectorImpl - Registering named strategy selector [org.hibernate.dialect.Dialect] : [MySQL57InnoDB] -> [org.hibernate.dialect.MySQL57InnoDBDialect]
14:36:53.948 [main] TRACE org.hibernate.boot.registry.selector.internal.StrategySelectorImpl - Registering named strategy selector [org.hibernate.dialect.Dialect] : [MySQL57] -> [org.hibernate.dialect.MySQL57Dialect]
14:36:53.948 [main] TRACE org.hibernate.boot.registry.selector.internal.StrategySelectorImpl - Registering named strategy selector [org.hibernate.dialect.Dialect] : [Oracle8i] -> [org.hibernate.dialect.Oracle8iDialect]
14:36:53.948 [main] TRACE org.hibernate.boot.registry.selector.internal.StrategySelectorImpl - Registering named strategy selector [org.hibernate.dialect.Dialect] : [Oracle9i] -> [org.hibernate.dialect.Oracle9iDialect]
14:36:53.948 [main] TRACE org.hibernate.boot.registry.selector.internal.StrategySelectorImpl - Registering named strategy selector [org.hibernate.dialect.Dialect] : [Oracle10g] -> [org.hibernate.dialect.Oracle10gDialect]
14:36:53.948 [main] TRACE org.hibernate.boot.registry.selector.internal.StrategySelectorImpl - Registering named strategy selector [org.hibernate.dialect.Dialect] : [Pointbase] -> [org.hibernate.dialect.PointbaseDialect]
14:36:53.948 [main] TRACE org.hibernate.boot.registry.selector.internal.StrategySelectorImpl - Registering named strategy selector [org.hibernate.dialect.Dialect] : [PostgresPlus] -> [org.hibernate.dialect.PostgresPlusDialect]
14:36:53.948 [main] TRACE org.hibernate.boot.registry.selector.internal.StrategySelectorImpl - Registering named strategy selector [org.hibernate.dialect.Dialect] : [PostgreSQL81] -> [org.hibernate.dialect.PostgreSQL81Dialect]
14:36:53.948 [main] TRACE org.hibernate.boot.registry.selector.internal.StrategySelectorImpl - Registering named strategy selector [org.hibernate.dialect.Dialect] : [PostgreSQL82] -> [org.hibernate.dialect.PostgreSQL82Dialect]
14:36:53.948 [main] TRACE org.hibernate.boot.registry.selector.internal.StrategySelectorImpl - Registering named strategy selector [org.hibernate.dialect.Dialect] : [PostgreSQL9] -> [org.hibernate.dialect.PostgreSQL9Dialect]
14:36:53.948 [main] TRACE org.hibernate.boot.registry.selector.internal.StrategySelectorImpl - Registering named strategy selector [org.hibernate.dialect.Dialect] : [Progress] -> [org.hibernate.dialect.ProgressDialect]
14:36:53.948 [main] TRACE org.hibernate.boot.registry.selector.internal.StrategySelectorImpl - Registering named strategy selector [org.hibernate.dialect.Dialect] : [SAPDB] -> [org.hibernate.dialect.SAPDBDialect]
14:36:53.949 [main] TRACE org.hibernate.boot.registry.selector.internal.StrategySelectorImpl - Registering named strategy selector [org.hibernate.dialect.Dialect] : [SQLServer] -> [org.hibernate.dialect.SQLServerDialect]
14:36:53.949 [main] TRACE org.hibernate.boot.registry.selector.internal.StrategySelectorImpl - Registering named strategy selector [org.hibernate.dialect.Dialect] : [SQLServer2005] -> [org.hibernate.dialect.SQLServer2005Dialect]
14:36:53.949 [main] TRACE org.hibernate.boot.registry.selector.internal.StrategySelectorImpl - Registering named strategy selector [org.hibernate.dialect.Dialect] : [SQLServer2008] -> [org.hibernate.dialect.SQLServer2008Dialect]
14:36:53.959 [main] TRACE org.hibernate.boot.registry.selector.internal.StrategySelectorImpl - Registering named strategy selector [org.hibernate.dialect.Dialect] : [Sybase11] -> [org.hibernate.dialect.Sybase11Dialect]
14:36:53.959 [main] TRACE org.hibernate.boot.registry.selector.internal.StrategySelectorImpl - Registering named strategy selector [org.hibernate.dialect.Dialect] : [SybaseAnywhere] -> [org.hibernate.dialect.SybaseAnywhereDialect]
14:36:53.959 [main] TRACE org.hibernate.boot.registry.selector.internal.StrategySelectorImpl - Registering named strategy selector [org.hibernate.dialect.Dialect] : [SybaseASE15] -> [org.hibernate.dialect.SybaseASE15Dialect]
14:36:53.959 [main] TRACE org.hibernate.boot.registry.selector.internal.StrategySelectorImpl - Registering named strategy selector [org.hibernate.dialect.Dialect] : [SybaseASE157] -> [org.hibernate.dialect.SybaseASE157Dialect]
14:36:53.959 [main] TRACE org.hibernate.boot.registry.selector.internal.StrategySelectorImpl - Registering named strategy selector [org.hibernate.dialect.Dialect] : [Teradata] -> [org.hibernate.dialect.TeradataDialect]
14:36:53.959 [main] TRACE org.hibernate.boot.registry.selector.internal.StrategySelectorImpl - Registering named strategy selector [org.hibernate.dialect.Dialect] : [TimesTen] -> [org.hibernate.dialect.TimesTenDialect]
14:36:53.959 [main] TRACE org.hibernate.boot.registry.selector.internal.StrategySelectorImpl - Registering named strategy selector [org.hibernate.engine.transaction.jta.platform.spi.JtaPlatform] : [Borland] -> [org.hibernate.engine.transaction.jta.platform.internal.BorlandEnterpriseServerJtaPlatform]
14:36:53.959 [main] TRACE org.hibernate.boot.registry.selector.internal.StrategySelectorImpl - Registering named strategy selector [org.hibernate.engine.transaction.jta.platform.spi.JtaPlatform] : [org.hibernate.service.jta.platform.internal.BorlandEnterpriseServerJtaPlatform] -> [org.hibernate.engine.transaction.jta.platform.internal.BorlandEnterpriseServerJtaPlatform]
14:36:53.959 [main] TRACE org.hibernate.boot.registry.selector.internal.StrategySelectorImpl - Registering named strategy selector [org.hibernate.engine.transaction.jta.platform.spi.JtaPlatform] : [Bitronix] -> [org.hibernate.engine.transaction.jta.platform.internal.BitronixJtaPlatform]
14:36:53.959 [main] TRACE org.hibernate.boot.registry.selector.internal.StrategySelectorImpl - Registering named strategy selector [org.hibernate.engine.transaction.jta.platform.spi.JtaPlatform] : [org.hibernate.service.jta.platform.internal.BitronixJtaPlatform] -> [org.hibernate.engine.transaction.jta.platform.internal.BitronixJtaPlatform]
14:36:53.960 [main] TRACE org.hibernate.boot.registry.selector.internal.StrategySelectorImpl - Registering named strategy selector [org.hibernate.engine.transaction.jta.platform.spi.JtaPlatform] : [JBossAS] -> [org.hibernate.engine.transaction.jta.platform.internal.JBossAppServerJtaPlatform]
14:36:53.960 [main] TRACE org.hibernate.boot.registry.selector.internal.StrategySelectorImpl - Registering named strategy selector [org.hibernate.engine.transaction.jta.platform.spi.JtaPlatform] : [org.hibernate.service.jta.platform.internal.JBossAppServerJtaPlatform] -> [org.hibernate.engine.transaction.jta.platform.internal.JBossAppServerJtaPlatform]
14:36:53.960 [main] TRACE org.hibernate.boot.registry.selector.internal.StrategySelectorImpl - Registering named strategy selector [org.hibernate.engine.transaction.jta.platform.spi.JtaPlatform] : [JBossTS] -> [org.hibernate.engine.transaction.jta.platform.internal.JBossStandAloneJtaPlatform]
14:36:53.960 [main] TRACE org.hibernate.boot.registry.selector.internal.StrategySelectorImpl - Registering named strategy selector [org.hibernate.engine.transaction.jta.platform.spi.JtaPlatform] : [org.hibernate.service.jta.platform.internal.JBossStandAloneJtaPlatform] -> [org.hibernate.engine.transaction.jta.platform.internal.JBossStandAloneJtaPlatform]
14:36:53.960 [main] TRACE org.hibernate.boot.registry.selector.internal.StrategySelectorImpl - Registering named strategy selector [org.hibernate.engine.transaction.jta.platform.spi.JtaPlatform] : [JOnAS] -> [org.hibernate.engine.transaction.jta.platform.internal.JOnASJtaPlatform]
14:36:53.960 [main] TRACE org.hibernate.boot.registry.selector.internal.StrategySelectorImpl - Registering named strategy selector [org.hibernate.engine.transaction.jta.platform.spi.JtaPlatform] : [org.hibernate.service.jta.platform.internal.JOnASJtaPlatform] -> [org.hibernate.engine.transaction.jta.platform.internal.JOnASJtaPlatform]
14:36:53.960 [main] TRACE org.hibernate.boot.registry.selector.internal.StrategySelectorImpl - Registering named strategy selector [org.hibernate.engine.transaction.jta.platform.spi.JtaPlatform] : [JOTM] -> [org.hibernate.engine.transaction.jta.platform.internal.JOTMJtaPlatform]
14:36:53.960 [main] TRACE org.hibernate.boot.registry.selector.internal.StrategySelectorImpl - Registering named strategy selector [org.hibernate.engine.transaction.jta.platform.spi.JtaPlatform] : [org.hibernate.service.jta.platform.internal.JOTMJtaPlatform] -> [org.hibernate.engine.transaction.jta.platform.internal.JOTMJtaPlatform]
14:36:53.960 [main] TRACE org.hibernate.boot.registry.selector.internal.StrategySelectorImpl - Registering named strategy selector [org.hibernate.engine.transaction.jta.platform.spi.JtaPlatform] : [JRun4] -> [org.hibernate.engine.transaction.jta.platform.internal.JRun4JtaPlatform]
14:36:53.960 [main] TRACE org.hibernate.boot.registry.selector.internal.StrategySelectorImpl - Registering named strategy selector [org.hibernate.engine.transaction.jta.platform.spi.JtaPlatform] : [org.hibernate.service.jta.platform.internal.JRun4JtaPlatform] -> [org.hibernate.engine.transaction.jta.platform.internal.JRun4JtaPlatform]
14:36:53.960 [main] TRACE org.hibernate.boot.registry.selector.internal.StrategySelectorImpl - Registering named strategy selector [org.hibernate.engine.transaction.jta.platform.spi.JtaPlatform] : [OC4J] -> [org.hibernate.engine.transaction.jta.platform.internal.OC4JJtaPlatform]
14:36:53.961 [main] TRACE org.hibernate.boot.registry.selector.internal.StrategySelectorImpl - Registering named strategy selector [org.hibernate.engine.transaction.jta.platform.spi.JtaPlatform] : [org.hibernate.service.jta.platform.internal.OC4JJtaPlatform] -> [org.hibernate.engine.transaction.jta.platform.internal.OC4JJtaPlatform]
14:36:53.961 [main] TRACE org.hibernate.boot.registry.selector.internal.StrategySelectorImpl - Registering named strategy selector [org.hibernate.engine.transaction.jta.platform.spi.JtaPlatform] : [Orion] -> [org.hibernate.engine.transaction.jta.platform.internal.OrionJtaPlatform]
14:36:53.961 [main] TRACE org.hibernate.boot.registry.selector.internal.StrategySelectorImpl - Registering named strategy selector [org.hibernate.engine.transaction.jta.platform.spi.JtaPlatform] : [org.hibernate.service.jta.platform.internal.OrionJtaPlatform] -> [org.hibernate.engine.transaction.jta.platform.internal.OrionJtaPlatform]
14:36:53.961 [main] TRACE org.hibernate.boot.registry.selector.internal.StrategySelectorImpl - Registering named strategy selector [org.hibernate.engine.transaction.jta.platform.spi.JtaPlatform] : [Resin] -> [org.hibernate.engine.transaction.jta.platform.internal.ResinJtaPlatform]
14:36:53.961 [main] TRACE org.hibernate.boot.registry.selector.internal.StrategySelectorImpl - Registering named strategy selector [org.hibernate.engine.transaction.jta.platform.spi.JtaPlatform] : [org.hibernate.service.jta.platform.internal.ResinJtaPlatform] -> [org.hibernate.engine.transaction.jta.platform.internal.ResinJtaPlatform]
14:36:53.961 [main] TRACE org.hibernate.boot.registry.selector.internal.StrategySelectorImpl - Registering named strategy selector [org.hibernate.engine.transaction.jta.platform.spi.JtaPlatform] : [SapNetWeaver] -> [org.hibernate.engine.transaction.jta.platform.internal.SapNetWeaverJtaPlatform]
14:36:53.961 [main] TRACE org.hibernate.boot.registry.selector.internal.StrategySelectorImpl - Registering named strategy selector [org.hibernate.engine.transaction.jta.platform.spi.JtaPlatform] : [org.hibernate.service.jta.platform.internal.SapNetWeaverJtaPlatform] -> [org.hibernate.engine.transaction.jta.platform.internal.SapNetWeaverJtaPlatform]
14:36:53.961 [main] TRACE org.hibernate.boot.registry.selector.internal.StrategySelectorImpl - Registering named strategy selector [org.hibernate.engine.transaction.jta.platform.spi.JtaPlatform] : [SunOne] -> [org.hibernate.engine.transaction.jta.platform.internal.SunOneJtaPlatform]
14:36:53.961 [main] TRACE org.hibernate.boot.registry.selector.internal.StrategySelectorImpl - Registering named strategy selector [org.hibernate.engine.transaction.jta.platform.spi.JtaPlatform] : [org.hibernate.service.jta.platform.internal.SunOneJtaPlatform] -> [org.hibernate.engine.transaction.jta.platform.internal.SunOneJtaPlatform]
14:36:53.961 [main] TRACE org.hibernate.boot.registry.selector.internal.StrategySelectorImpl - Registering named strategy selector [org.hibernate.engine.transaction.jta.platform.spi.JtaPlatform] : [Weblogic] -> [org.hibernate.engine.transaction.jta.platform.internal.WeblogicJtaPlatform]
14:36:53.961 [main] TRACE org.hibernate.boot.registry.selector.internal.StrategySelectorImpl - Registering named strategy selector [org.hibernate.engine.transaction.jta.platform.spi.JtaPlatform] : [org.hibernate.service.jta.platform.internal.WeblogicJtaPlatform] -> [org.hibernate.engine.transaction.jta.platform.internal.WeblogicJtaPlatform]
14:36:53.961 [main] TRACE org.hibernate.boot.registry.selector.internal.StrategySelectorImpl - Registering named strategy selector [org.hibernate.engine.transaction.jta.platform.spi.JtaPlatform] : [WebSphereLiberty] -> [org.hibernate.engine.transaction.jta.platform.internal.WebSphereLibertyJtaPlatform]
14:36:53.962 [main] TRACE org.hibernate.boot.registry.selector.internal.StrategySelectorImpl - Registering named strategy selector [org.hibernate.engine.transaction.jta.platform.spi.JtaPlatform] : [org.hibernate.engine.transaction.jta.platform.internal.WebSphereLibertyJtaPlatform] -> [org.hibernate.engine.transaction.jta.platform.internal.WebSphereLibertyJtaPlatform]
14:36:53.962 [main] TRACE org.hibernate.boot.registry.selector.internal.StrategySelectorImpl - Registering named strategy selector [org.hibernate.engine.transaction.jta.platform.spi.JtaPlatform] : [WebSphere] -> [org.hibernate.engine.transaction.jta.platform.internal.WebSphereJtaPlatform]
14:36:53.962 [main] TRACE org.hibernate.boot.registry.selector.internal.StrategySelectorImpl - Registering named strategy selector [org.hibernate.engine.transaction.jta.platform.spi.JtaPlatform] : [org.hibernate.service.jta.platform.internal.WebSphereJtaPlatform] -> [org.hibernate.engine.transaction.jta.platform.internal.WebSphereJtaPlatform]
14:36:53.962 [main] TRACE org.hibernate.boot.registry.selector.internal.StrategySelectorImpl - Registering named strategy selector [org.hibernate.engine.transaction.jta.platform.spi.JtaPlatform] : [WebSphereExtended] -> [org.hibernate.engine.transaction.jta.platform.internal.WebSphereExtendedJtaPlatform]
14:36:53.962 [main] TRACE org.hibernate.boot.registry.selector.internal.StrategySelectorImpl - Registering named strategy selector [org.hibernate.engine.transaction.jta.platform.spi.JtaPlatform] : [org.hibernate.service.jta.platform.internal.WebSphereExtendedJtaPlatform] -> [org.hibernate.engine.transaction.jta.platform.internal.WebSphereExtendedJtaPlatform]
14:36:53.962 [main] TRACE org.hibernate.boot.registry.selector.internal.StrategySelectorImpl - Registering named strategy selector [org.hibernate.resource.transaction.spi.TransactionCoordinatorBuilder] : [jdbc] -> [org.hibernate.resource.transaction.backend.jdbc.internal.JdbcResourceLocalTransactionCoordinatorBuilderImpl]
14:36:53.962 [main] TRACE org.hibernate.boot.registry.selector.internal.StrategySelectorImpl - Registering named strategy selector [org.hibernate.resource.transaction.spi.TransactionCoordinatorBuilder] : [jta] -> [org.hibernate.resource.transaction.backend.jta.internal.JtaTransactionCoordinatorBuilderImpl]
14:36:53.962 [main] TRACE org.hibernate.boot.registry.selector.internal.StrategySelectorImpl - Registering named strategy selector [org.hibernate.resource.transaction.spi.TransactionCoordinatorBuilder] : [org.hibernate.transaction.JDBCTransactionFactory] -> [org.hibernate.resource.transaction.backend.jdbc.internal.JdbcResourceLocalTransactionCoordinatorBuilderImpl]
14:36:53.962 [main] TRACE org.hibernate.boot.registry.selector.internal.StrategySelectorImpl - Registering named strategy selector [org.hibernate.resource.transaction.spi.TransactionCoordinatorBuilder] : [org.hibernate.transaction.JTATransactionFactory] -> [org.hibernate.resource.transaction.backend.jta.internal.JtaTransactionCoordinatorBuilderImpl]
14:36:53.962 [main] TRACE org.hibernate.boot.registry.selector.internal.StrategySelectorImpl - Registering named strategy selector [org.hibernate.resource.transaction.spi.TransactionCoordinatorBuilder] : [org.hibernate.transaction.CMTTransactionFactory] -> [org.hibernate.resource.transaction.backend.jta.internal.JtaTransactionCoordinatorBuilderImpl]
14:36:53.962 [main] TRACE org.hibernate.boot.registry.selector.internal.StrategySelectorImpl - Registering named strategy selector [org.hibernate.hql.spi.id.MultiTableBulkIdStrategy] : [persistent] -> [org.hibernate.hql.spi.id.persistent.PersistentTableBulkIdStrategy]
14:36:53.962 [main] TRACE org.hibernate.boot.registry.selector.internal.StrategySelectorImpl - Registering named strategy selector [org.hibernate.hql.spi.id.MultiTableBulkIdStrategy] : [global_temporary] -> [org.hibernate.hql.spi.id.global.GlobalTemporaryTableBulkIdStrategy]
14:36:53.962 [main] TRACE org.hibernate.boot.registry.selector.internal.StrategySelectorImpl - Registering named strategy selector [org.hibernate.hql.spi.id.MultiTableBulkIdStrategy] : [local_temporary] -> [org.hibernate.hql.spi.id.local.LocalTemporaryTableBulkIdStrategy]
14:36:53.963 [main] TRACE org.hibernate.boot.registry.selector.internal.StrategySelectorImpl - Registering named strategy selector [org.hibernate.event.spi.EntityCopyObserver] : [disallow] -> [org.hibernate.event.internal.EntityCopyNotAllowedObserver]
14:36:53.963 [main] TRACE org.hibernate.boot.registry.selector.internal.StrategySelectorImpl - Registering named strategy selector [org.hibernate.event.spi.EntityCopyObserver] : [allow] -> [org.hibernate.event.internal.EntityCopyAllowedObserver]
14:36:53.963 [main] TRACE org.hibernate.boot.registry.selector.internal.StrategySelectorImpl - Registering named strategy selector [org.hibernate.event.spi.EntityCopyObserver] : [log] -> [org.hibernate.event.internal.EntityCopyAllowedLoggedObserver]
14:36:53.963 [main] TRACE org.hibernate.boot.registry.selector.internal.StrategySelectorImpl - Registering named strategy selector [org.hibernate.boot.model.naming.ImplicitNamingStrategy] : [default] -> [org.hibernate.boot.model.naming.ImplicitNamingStrategyJpaCompliantImpl]
14:36:53.963 [main] TRACE org.hibernate.boot.registry.selector.internal.StrategySelectorImpl - Registering named strategy selector [org.hibernate.boot.model.naming.ImplicitNamingStrategy] : [jpa] -> [org.hibernate.boot.model.naming.ImplicitNamingStrategyJpaCompliantImpl]
14:36:53.963 [main] TRACE org.hibernate.boot.registry.selector.internal.StrategySelectorImpl - Registering named strategy selector [org.hibernate.boot.model.naming.ImplicitNamingStrategy] : [legacy-jpa] -> [org.hibernate.boot.model.naming.ImplicitNamingStrategyLegacyJpaImpl]
14:36:53.963 [main] TRACE org.hibernate.boot.registry.selector.internal.StrategySelectorImpl - Registering named strategy selector [org.hibernate.boot.model.naming.ImplicitNamingStrategy] : [legacy-hbm] -> [org.hibernate.boot.model.naming.ImplicitNamingStrategyLegacyHbmImpl]
14:36:53.963 [main] TRACE org.hibernate.boot.registry.selector.internal.StrategySelectorImpl - Registering named strategy selector [org.hibernate.boot.model.naming.ImplicitNamingStrategy] : [component-path] -> [org.hibernate.boot.model.naming.ImplicitNamingStrategyComponentPathImpl]
14:36:53.963 [main] TRACE org.hibernate.boot.registry.selector.internal.StrategySelectorImpl - Registering named strategy selector [org.hibernate.cache.spi.CacheKeysFactory] : [default] -> [org.hibernate.cache.internal.DefaultCacheKeysFactory]
14:36:53.963 [main] TRACE org.hibernate.boot.registry.selector.internal.StrategySelectorImpl - Registering named strategy selector [org.hibernate.cache.spi.CacheKeysFactory] : [simple] -> [org.hibernate.cache.internal.SimpleCacheKeysFactory]
14:36:53.984 [main] TRACE org.springframework.core.io.support.PathMatchingResourcePatternResolver - Resolved classpath location [com/soft/entity/] to resources [URL [file:/home/mihail/programs/project_mvn/eShop/eShop_repo/eshop/target/test-classes/com/soft/entity/], URL [file:/home/mihail/programs/project_mvn/eShop/eShop_repo/eshop/target/classes/com/soft/entity/]]
14:36:53.985 [main] TRACE org.springframework.core.io.support.PathMatchingResourcePatternResolver - Looking for matching resources in directory tree [/home/mihail/programs/project_mvn/eShop/eShop_repo/eshop/target/test-classes/com/soft/entity]
14:36:53.985 [main] TRACE org.springframework.core.io.support.PathMatchingResourcePatternResolver - Searching directory [/home/mihail/programs/project_mvn/eShop/eShop_repo/eshop/target/test-classes/com/soft/entity] for files matching pattern [/home/mihail/programs/project_mvn/eShop/eShop_repo/eshop/target/test-classes/com/soft/entity/**/*.class]
14:36:53.995 [main] TRACE org.springframework.core.io.support.PathMatchingResourcePatternResolver - Looking for matching resources in directory tree [/home/mihail/programs/project_mvn/eShop/eShop_repo/eshop/target/classes/com/soft/entity]
14:36:53.995 [main] TRACE org.springframework.core.io.support.PathMatchingResourcePatternResolver - Searching directory [/home/mihail/programs/project_mvn/eShop/eShop_repo/eshop/target/classes/com/soft/entity] for files matching pattern [/home/mihail/programs/project_mvn/eShop/eShop_repo/eshop/target/classes/com/soft/entity/**/*.class]
14:36:54.015 [main] TRACE org.springframework.core.io.support.PathMatchingResourcePatternResolver - Resolved location pattern [classpath*:com/soft/entity/**/*.class] to resources [file [/home/mihail/programs/project_mvn/eShop/eShop_repo/eshop/target/test-classes/com/soft/entity/CategoryEntityTest.class], file [/home/mihail/programs/project_mvn/eShop/eShop_repo/eshop/target/test-classes/com/soft/entity/LocaleMessageEntityTest.class], file [/home/mihail/programs/project_mvn/eShop/eShop_repo/eshop/target/test-classes/com/soft/entity/ProducerEntityTest.class], file [/home/mihail/programs/project_mvn/eShop/eShop_repo/eshop/target/test-classes/com/soft/entity/ResistorEntityTest.class], file [/home/mihail/programs/project_mvn/eShop/eShop_repo/eshop/target/test-classes/com/soft/entity/TransistorEntityTest.class], file [/home/mihail/programs/project_mvn/eShop/eShop_repo/eshop/target/classes/com/soft/entity/BaseEntity.class], file [/home/mihail/programs/project_mvn/eShop/eShop_repo/eshop/target/classes/com/soft/entity/CategoryEntity.class], file [/home/mihail/programs/project_mvn/eShop/eShop_repo/eshop/target/classes/com/soft/entity/LocaleMessageEntity.class], file [/home/mihail/programs/project_mvn/eShop/eShop_repo/eshop/target/classes/com/soft/entity/PersonEntity.class], file [/home/mihail/programs/project_mvn/eShop/eShop_repo/eshop/target/classes/com/soft/entity/ProducerEntity.class], file [/home/mihail/programs/project_mvn/eShop/eShop_repo/eshop/target/classes/com/soft/entity/ResistorEntity.class], file [/home/mihail/programs/project_mvn/eShop/eShop_repo/eshop/target/classes/com/soft/entity/TransistorEntity.class]]
14:36:54.024 [main] DEBUG org.hibernate.cfg.Configuration - Building session factory using internal StandardServiceRegistryBuilder
14:36:54.024 [main] DEBUG org.hibernate.service.spi.ServiceBinding - Overriding existing service binding [org.hibernate.secure.spi.JaccService]
14:36:54.024 [main] DEBUG org.hibernate.cfg.Configuration - Building session factory using provided StandardServiceRegistry
14:36:54.025 [main] TRACE org.hibernate.service.internal.AbstractServiceRegistryImpl - Initializing service [role=org.hibernate.engine.config.spi.ConfigurationService]
14:36:54.025 [main] TRACE org.hibernate.service.internal.AbstractServiceRegistryImpl - Initializing service [role=org.hibernate.cache.spi.RegionFactory]
14:36:54.025 [main] DEBUG org.hibernate.cache.internal.StrategyCreatorRegionFactoryImpl - RegionFactory impl [org.hibernate.cache.jcache.JCacheRegionFactory] did not provide constructor accepting Properties
14:36:54.025 [main] DEBUG org.hibernate.cache.internal.StrategyCreatorRegionFactoryImpl - RegionFactory impl [org.hibernate.cache.jcache.JCacheRegionFactory] did not provide constructor accepting Properties
14:36:54.025 [main] DEBUG org.hibernate.cache.internal.RegionFactoryInitiator - Cache region factory : org.hibernate.cache.jcache.JCacheRegionFactory
14:36:54.026 [main] TRACE org.hibernate.service.internal.AbstractServiceRegistryImpl - Initializing service [role=org.hibernate.boot.cfgxml.spi.CfgXmlAccessService]
14:36:54.026 [main] DEBUG org.hibernate.type.BasicTypeRegistry - Adding type registration boolean -> org.hibernate.type.BooleanType@37fbe4a8
14:36:54.026 [main] DEBUG org.hibernate.type.BasicTypeRegistry - Adding type registration boolean -> org.hibernate.type.BooleanType@37fbe4a8
14:36:54.026 [main] DEBUG org.hibernate.type.BasicTypeRegistry - Adding type registration java.lang.Boolean -> org.hibernate.type.BooleanType@37fbe4a8
14:36:54.027 [main] DEBUG org.hibernate.type.BasicTypeRegistry - Adding type registration numeric_boolean -> org.hibernate.type.NumericBooleanType@10027fc9
14:36:54.027 [main] DEBUG org.hibernate.type.BasicTypeRegistry - Adding type registration true_false -> org.hibernate.type.TrueFalseType@5a021cb9
14:36:54.027 [main] DEBUG org.hibernate.type.BasicTypeRegistry - Adding type registration yes_no -> org.hibernate.type.YesNoType@b93aad
14:36:54.027 [main] DEBUG org.hibernate.type.BasicTypeRegistry - Adding type registration byte -> org.hibernate.type.ByteType@3a0807b7
14:36:54.027 [main] DEBUG org.hibernate.type.BasicTypeRegistry - Adding type registration byte -> org.hibernate.type.ByteType@3a0807b7
14:36:54.027 [main] DEBUG org.hibernate.type.BasicTypeRegistry - Adding type registration java.lang.Byte -> org.hibernate.type.ByteType@3a0807b7
14:36:54.027 [main] DEBUG org.hibernate.type.BasicTypeRegistry - Adding type registration character -> org.hibernate.type.CharacterType@287f94b1
14:36:54.027 [main] DEBUG org.hibernate.type.BasicTypeRegistry - Adding type registration char -> org.hibernate.type.CharacterType@287f94b1
14:36:54.027 [main] DEBUG org.hibernate.type.BasicTypeRegistry - Adding type registration java.lang.Character -> org.hibernate.type.CharacterType@287f94b1
14:36:54.027 [main] DEBUG org.hibernate.type.BasicTypeRegistry - Adding type registration short -> org.hibernate.type.ShortType@5149f008
14:36:54.027 [main] DEBUG org.hibernate.type.BasicTypeRegistry - Adding type registration short -> org.hibernate.type.ShortType@5149f008
14:36:54.027 [main] DEBUG org.hibernate.type.BasicTypeRegistry - Adding type registration java.lang.Short -> org.hibernate.type.ShortType@5149f008
14:36:54.027 [main] DEBUG org.hibernate.type.BasicTypeRegistry - Adding type registration integer -> org.hibernate.type.IntegerType@5707c1cb
14:36:54.027 [main] DEBUG org.hibernate.type.BasicTypeRegistry - Adding type registration int -> org.hibernate.type.IntegerType@5707c1cb
14:36:54.027 [main] DEBUG org.hibernate.type.BasicTypeRegistry - Adding type registration java.lang.Integer -> org.hibernate.type.IntegerType@5707c1cb
14:36:54.027 [main] DEBUG org.hibernate.type.BasicTypeRegistry - Adding type registration long -> org.hibernate.type.LongType@72efb5c1
14:36:54.027 [main] DEBUG org.hibernate.type.BasicTypeRegistry - Adding type registration long -> org.hibernate.type.LongType@72efb5c1
14:36:54.027 [main] DEBUG org.hibernate.type.BasicTypeRegistry - Adding type registration java.lang.Long -> org.hibernate.type.LongType@72efb5c1
14:36:54.027 [main] DEBUG org.hibernate.type.BasicTypeRegistry - Adding type registration float -> org.hibernate.type.FloatType@24be2d9c
14:36:54.027 [main] DEBUG org.hibernate.type.BasicTypeRegistry - Adding type registration float -> org.hibernate.type.FloatType@24be2d9c
14:36:54.027 [main] DEBUG org.hibernate.type.BasicTypeRegistry - Adding type registration java.lang.Float -> org.hibernate.type.FloatType@24be2d9c
14:36:54.027 [main] DEBUG org.hibernate.type.BasicTypeRegistry - Adding type registration double -> org.hibernate.type.DoubleType@702ed190
14:36:54.028 [main] DEBUG org.hibernate.type.BasicTypeRegistry - Adding type registration double -> org.hibernate.type.DoubleType@702ed190
14:36:54.028 [main] DEBUG org.hibernate.type.BasicTypeRegistry - Adding type registration java.lang.Double -> org.hibernate.type.DoubleType@702ed190
14:36:54.028 [main] DEBUG org.hibernate.type.BasicTypeRegistry - Adding type registration big_decimal -> org.hibernate.type.BigDecimalType@42a9a63e
14:36:54.028 [main] DEBUG org.hibernate.type.BasicTypeRegistry - Adding type registration java.math.BigDecimal -> org.hibernate.type.BigDecimalType@42a9a63e
14:36:54.028 [main] DEBUG org.hibernate.type.BasicTypeRegistry - Adding type registration big_integer -> org.hibernate.type.BigIntegerType@e3cee7b
14:36:54.028 [main] DEBUG org.hibernate.type.BasicTypeRegistry - Adding type registration java.math.BigInteger -> org.hibernate.type.BigIntegerType@e3cee7b
14:36:54.028 [main] DEBUG org.hibernate.type.BasicTypeRegistry - Adding type registration string -> org.hibernate.type.StringType@15bcf458
14:36:54.028 [main] DEBUG org.hibernate.type.BasicTypeRegistry - Adding type registration java.lang.String -> org.hibernate.type.StringType@15bcf458
14:36:54.028 [main] DEBUG org.hibernate.type.BasicTypeRegistry - Adding type registration nstring -> org.hibernate.type.StringNVarcharType@649f2009
14:36:54.028 [main] DEBUG org.hibernate.type.BasicTypeRegistry - Adding type registration ncharacter -> org.hibernate.type.CharacterNCharType@57f791c6
14:36:54.028 [main] DEBUG org.hibernate.type.BasicTypeRegistry - Adding type registration url -> org.hibernate.type.UrlType@499b2a5c
14:36:54.028 [main] DEBUG org.hibernate.type.BasicTypeRegistry - Adding type registration java.net.URL -> org.hibernate.type.UrlType@499b2a5c
14:36:54.028 [main] DEBUG org.hibernate.type.BasicTypeRegistry - Adding type registration Duration -> org.hibernate.type.DurationType@2db2cd5
14:36:54.028 [main] DEBUG org.hibernate.type.BasicTypeRegistry - Adding type registration java.time.Duration -> org.hibernate.type.DurationType@2db2cd5
14:36:54.028 [main] DEBUG org.hibernate.type.BasicTypeRegistry - Adding type registration Instant -> org.hibernate.type.InstantType@3aacf32a
14:36:54.028 [main] DEBUG org.hibernate.type.BasicTypeRegistry - Adding type registration java.time.Instant -> org.hibernate.type.InstantType@3aacf32a
14:36:54.028 [main] DEBUG org.hibernate.type.BasicTypeRegistry - Adding type registration LocalDateTime -> org.hibernate.type.LocalDateTimeType@345e5a17
14:36:54.028 [main] DEBUG org.hibernate.type.BasicTypeRegistry - Adding type registration java.time.LocalDateTime -> org.hibernate.type.LocalDateTimeType@345e5a17
14:36:54.028 [main] DEBUG org.hibernate.type.BasicTypeRegistry - Adding type registration LocalDate -> org.hibernate.type.LocalDateType@402f80f5
14:36:54.028 [main] DEBUG org.hibernate.type.BasicTypeRegistry - Adding type registration java.time.LocalDate -> org.hibernate.type.LocalDateType@402f80f5
14:36:54.028 [main] DEBUG org.hibernate.type.BasicTypeRegistry - Adding type registration LocalTime -> org.hibernate.type.LocalTimeType@210386e0
14:36:54.029 [main] DEBUG org.hibernate.type.BasicTypeRegistry - Adding type registration java.time.LocalTime -> org.hibernate.type.LocalTimeType@210386e0
14:36:54.029 [main] DEBUG org.hibernate.type.BasicTypeRegistry - Adding type registration OffsetDateTime -> org.hibernate.type.OffsetDateTimeType@38875e7d
14:36:54.029 [main] DEBUG org.hibernate.type.BasicTypeRegistry - Adding type registration java.time.OffsetDateTime -> org.hibernate.type.OffsetDateTimeType@38875e7d
14:36:54.029 [main] DEBUG org.hibernate.type.BasicTypeRegistry - Adding type registration OffsetTime -> org.hibernate.type.OffsetTimeType@31c269fd
14:36:54.029 [main] DEBUG org.hibernate.type.BasicTypeRegistry - Adding type registration java.time.OffsetTime -> org.hibernate.type.OffsetTimeType@31c269fd
14:36:54.029 [main] DEBUG org.hibernate.type.BasicTypeRegistry - Adding type registration ZonedDateTime -> org.hibernate.type.ZonedDateTimeType@cc62a3b
14:36:54.029 [main] DEBUG org.hibernate.type.BasicTypeRegistry - Adding type registration java.time.ZonedDateTime -> org.hibernate.type.ZonedDateTimeType@cc62a3b
14:36:54.029 [main] DEBUG org.hibernate.type.BasicTypeRegistry - Adding type registration date -> org.hibernate.type.DateType@51a06cbe
14:36:54.029 [main] DEBUG org.hibernate.type.BasicTypeRegistry - Adding type registration java.sql.Date -> org.hibernate.type.DateType@51a06cbe
14:36:54.029 [main] DEBUG org.hibernate.type.BasicTypeRegistry - Adding type registration time -> org.hibernate.type.TimeType@36ac8a63
14:36:54.029 [main] DEBUG org.hibernate.type.BasicTypeRegistry - Adding type registration java.sql.Time -> org.hibernate.type.TimeType@36ac8a63
14:36:54.029 [main] DEBUG org.hibernate.type.BasicTypeRegistry - Adding type registration timestamp -> org.hibernate.type.TimestampType@52d10fb8
14:36:54.029 [main] DEBUG org.hibernate.type.BasicTypeRegistry - Adding type registration java.sql.Timestamp -> org.hibernate.type.TimestampType@52d10fb8
14:36:54.029 [main] DEBUG org.hibernate.type.BasicTypeRegistry - Adding type registration java.util.Date -> org.hibernate.type.TimestampType@52d10fb8
14:36:54.029 [main] DEBUG org.hibernate.type.BasicTypeRegistry - Adding type registration dbtimestamp -> org.hibernate.type.DbTimestampType@781e7326
14:36:54.029 [main] DEBUG org.hibernate.type.BasicTypeRegistry - Adding type registration calendar -> org.hibernate.type.CalendarType@503d56b5
14:36:54.029 [main] DEBUG org.hibernate.type.BasicTypeRegistry - Adding type registration java.util.Calendar -> org.hibernate.type.CalendarType@503d56b5
14:36:54.029 [main] DEBUG org.hibernate.type.BasicTypeRegistry - Adding type registration java.util.GregorianCalendar -> org.hibernate.type.CalendarType@503d56b5
14:36:54.029 [main] DEBUG org.hibernate.type.BasicTypeRegistry - Adding type registration calendar_date -> org.hibernate.type.CalendarDateType@1fc793c2
14:36:54.029 [main] DEBUG org.hibernate.type.BasicTypeRegistry - Adding type registration locale -> org.hibernate.type.LocaleType@27f9e982
14:36:54.029 [main] DEBUG org.hibernate.type.BasicTypeRegistry - Adding type registration java.util.Locale -> org.hibernate.type.LocaleType@27f9e982
14:36:54.030 [main] DEBUG org.hibernate.type.BasicTypeRegistry - Adding type registration currency -> org.hibernate.type.CurrencyType@22db8f4
14:36:54.030 [main] DEBUG org.hibernate.type.BasicTypeRegistry - Adding type registration java.util.Currency -> org.hibernate.type.CurrencyType@22db8f4
14:36:54.030 [main] DEBUG org.hibernate.type.BasicTypeRegistry - Adding type registration timezone -> org.hibernate.type.TimeZoneType@5851bd4f
14:36:54.030 [main] DEBUG org.hibernate.type.BasicTypeRegistry - Adding type registration java.util.TimeZone -> org.hibernate.type.TimeZoneType@5851bd4f
14:36:54.030 [main] DEBUG org.hibernate.type.BasicTypeRegistry - Adding type registration class -> org.hibernate.type.ClassType@1804f60d
14:36:54.030 [main] DEBUG org.hibernate.type.BasicTypeRegistry - Adding type registration java.lang.Class -> org.hibernate.type.ClassType@1804f60d
14:36:54.030 [main] DEBUG org.hibernate.type.BasicTypeRegistry - Adding type registration uuid-binary -> org.hibernate.type.UUIDBinaryType@c8b96ec
14:36:54.030 [main] DEBUG org.hibernate.type.BasicTypeRegistry - Adding type registration java.util.UUID -> org.hibernate.type.UUIDBinaryType@c8b96ec
14:36:54.030 [main] DEBUG org.hibernate.type.BasicTypeRegistry - Adding type registration uuid-char -> org.hibernate.type.UUIDCharType@2024293c
14:36:54.030 [main] DEBUG org.hibernate.type.BasicTypeRegistry - Adding type registration binary -> org.hibernate.type.BinaryType@6e0ff644
14:36:54.030 [main] DEBUG org.hibernate.type.BasicTypeRegistry - Adding type registration byte[] -> org.hibernate.type.BinaryType@6e0ff644
14:36:54.030 [main] DEBUG org.hibernate.type.BasicTypeRegistry - Adding type registration [B -> org.hibernate.type.BinaryType@6e0ff644
14:36:54.030 [main] DEBUG org.hibernate.type.BasicTypeRegistry - Adding type registration wrapper-binary -> org.hibernate.type.WrapperBinaryType@733037
14:36:54.030 [main] DEBUG org.hibernate.type.BasicTypeRegistry - Adding type registration Byte[] -> org.hibernate.type.WrapperBinaryType@733037
14:36:54.030 [main] DEBUG org.hibernate.type.BasicTypeRegistry - Adding type registration [Ljava.lang.Byte; -> org.hibernate.type.WrapperBinaryType@733037
14:36:54.030 [main] DEBUG org.hibernate.type.BasicTypeRegistry - Adding type registration row_version -> org.hibernate.type.RowVersionType@28c0b664
14:36:54.030 [main] DEBUG org.hibernate.type.BasicTypeRegistry - Adding type registration image -> org.hibernate.type.ImageType@4d157787
14:36:54.030 [main] DEBUG org.hibernate.type.BasicTypeRegistry - Adding type registration characters -> org.hibernate.type.CharArrayType@50b8ae8d
14:36:54.030 [main] DEBUG org.hibernate.type.BasicTypeRegistry - Adding type registration char[] -> org.hibernate.type.CharArrayType@50b8ae8d
14:36:54.030 [main] DEBUG org.hibernate.type.BasicTypeRegistry - Adding type registration [C -> org.hibernate.type.CharArrayType@50b8ae8d
14:36:54.030 [main] DEBUG org.hibernate.type.BasicTypeRegistry - Adding type registration wrapper-characters -> org.hibernate.type.CharacterArrayType@40e4ea87
14:36:54.031 [main] DEBUG org.hibernate.type.BasicTypeRegistry - Adding type registration [Ljava.lang.Character; -> org.hibernate.type.CharacterArrayType@40e4ea87
14:36:54.031 [main] DEBUG org.hibernate.type.BasicTypeRegistry - Adding type registration Character[] -> org.hibernate.type.CharacterArrayType@40e4ea87
14:36:54.031 [main] DEBUG org.hibernate.type.BasicTypeRegistry - Adding type registration text -> org.hibernate.type.TextType@7bdf6bb7
14:36:54.031 [main] DEBUG org.hibernate.type.BasicTypeRegistry - Adding type registration ntext -> org.hibernate.type.NTextType@751e664e
14:36:54.031 [main] DEBUG org.hibernate.type.BasicTypeRegistry - Adding type registration blob -> org.hibernate.type.BlobType@2c22a348
14:36:54.031 [main] DEBUG org.hibernate.type.BasicTypeRegistry - Adding type registration java.sql.Blob -> org.hibernate.type.BlobType@2c22a348
14:36:54.031 [main] DEBUG org.hibernate.type.BasicTypeRegistry - Adding type registration materialized_blob -> org.hibernate.type.MaterializedBlobType@51b01960
14:36:54.031 [main] DEBUG org.hibernate.type.BasicTypeRegistry - Adding type registration clob -> org.hibernate.type.ClobType@619bd14c
14:36:54.031 [main] DEBUG org.hibernate.type.BasicTypeRegistry - Adding type registration java.sql.Clob -> org.hibernate.type.ClobType@619bd14c
14:36:54.031 [main] DEBUG org.hibernate.type.BasicTypeRegistry - Adding type registration nclob -> org.hibernate.type.NClobType@26d10f2e
14:36:54.031 [main] DEBUG org.hibernate.type.BasicTypeRegistry - Adding type registration java.sql.NClob -> org.hibernate.type.NClobType@26d10f2e
14:36:54.031 [main] DEBUG org.hibernate.type.BasicTypeRegistry - Adding type registration materialized_clob -> org.hibernate.type.MaterializedClobType@2c282004
14:36:54.031 [main] DEBUG org.hibernate.type.BasicTypeRegistry - Adding type registration materialized_nclob -> org.hibernate.type.MaterializedNClobType@3e792ce3
14:36:54.031 [main] DEBUG org.hibernate.type.BasicTypeRegistry - Adding type registration serializable -> org.hibernate.type.SerializableType@1968a49c
14:36:54.031 [main] DEBUG org.hibernate.type.BasicTypeRegistry - Adding type registration object -> org.hibernate.type.ObjectType@11963225
14:36:54.031 [main] DEBUG org.hibernate.type.BasicTypeRegistry - Adding type registration java.lang.Object -> org.hibernate.type.ObjectType@11963225
14:36:54.031 [main] DEBUG org.hibernate.type.BasicTypeRegistry - Adding type registration imm_date -> org.hibernate.type.AdaptedImmutableType@1ab6718
14:36:54.031 [main] DEBUG org.hibernate.type.BasicTypeRegistry - Adding type registration imm_time -> org.hibernate.type.AdaptedImmutableType@3910fe11
14:36:54.031 [main] DEBUG org.hibernate.type.BasicTypeRegistry - Adding type registration imm_timestamp -> org.hibernate.type.AdaptedImmutableType@460510aa
14:36:54.031 [main] DEBUG org.hibernate.type.BasicTypeRegistry - Adding type registration imm_dbtimestamp -> org.hibernate.type.AdaptedImmutableType@351e414e
14:36:54.031 [main] DEBUG org.hibernate.type.BasicTypeRegistry - Adding type registration imm_calendar -> org.hibernate.type.AdaptedImmutableType@6fd77352
14:36:54.032 [main] DEBUG org.hibernate.type.BasicTypeRegistry - Adding type registration imm_calendar_date -> org.hibernate.type.AdaptedImmutableType@5109e8cf
14:36:54.032 [main] DEBUG org.hibernate.type.BasicTypeRegistry - Adding type registration imm_binary -> org.hibernate.type.AdaptedImmutableType@3f672204
14:36:54.032 [main] DEBUG org.hibernate.type.BasicTypeRegistry - Adding type registration imm_serializable -> org.hibernate.type.AdaptedImmutableType@78b41097
14:36:54.032 [main] TRACE org.hibernate.service.internal.AbstractServiceRegistryImpl - Initializing service [role=org.hibernate.engine.jdbc.spi.JdbcServices]
14:36:54.032 [main] TRACE org.hibernate.service.internal.AbstractServiceRegistryImpl - Initializing service [role=org.hibernate.engine.jdbc.env.spi.JdbcEnvironment]
14:36:54.032 [main] TRACE org.hibernate.service.internal.AbstractServiceRegistryImpl - Initializing service [role=org.hibernate.engine.jdbc.dialect.spi.DialectFactory]
14:36:54.032 [main] TRACE org.hibernate.service.internal.AbstractServiceRegistryImpl - Initializing service [role=org.hibernate.engine.jdbc.dialect.spi.DialectResolver]
14:36:54.032 [main] TRACE org.hibernate.service.internal.AbstractServiceRegistryImpl - Initializing service [role=org.hibernate.engine.jdbc.connections.spi.ConnectionProvider]
14:36:54.033 [main] TRACE org.hibernate.service.internal.AbstractServiceRegistryImpl - Initializing service [role=org.hibernate.engine.jndi.spi.JndiService]
14:36:54.056 [main] DEBUG org.hibernate.engine.jdbc.env.internal.JdbcEnvironmentInitiator - Database ->
       name : HSQL Database Engine
    version : 2.5.0
      major : 2
      minor : 5
14:36:54.056 [main] DEBUG org.hibernate.engine.jdbc.env.internal.JdbcEnvironmentInitiator - Driver ->
       name : HSQL Database Engine Driver
    version : 2.5.0
      major : 2
      minor : 5
14:36:54.057 [main] DEBUG org.hibernate.engine.jdbc.env.internal.JdbcEnvironmentInitiator - JDBC version : 4.2
14:36:54.057 [main] INFO  org.hibernate.dialect.Dialect - HHH000400: Using dialect: org.hibernate.dialect.MySQL5Dialect
14:36:54.061 [main] DEBUG org.hibernate.engine.jdbc.env.spi.IdentifierHelperBuilder - JDBC driver metadata reported database stores quoted identifiers in neither upper, lower nor mixed case
14:36:54.061 [main] TRACE org.hibernate.engine.jdbc.env.internal.NormalizingIdentifierHelperImpl - Normalizing identifier quoting [PUBLIC]
14:36:54.061 [main] TRACE org.hibernate.engine.jdbc.env.internal.NormalizingIdentifierHelperImpl - Normalizing identifier quoting [PUBLIC]
14:36:54.065 [main] TRACE org.hibernate.service.internal.AbstractServiceRegistryImpl - Initializing service [role=org.hibernate.id.factory.spi.MutableIdentifierGeneratorFactory]
14:36:54.065 [main] DEBUG org.hibernate.id.factory.internal.DefaultIdentifierGeneratorFactory - Registering IdentifierGenerator strategy [uuid2] -> [org.hibernate.id.UUIDGenerator]
14:36:54.065 [main] DEBUG org.hibernate.id.factory.internal.DefaultIdentifierGeneratorFactory - Registering IdentifierGenerator strategy [guid] -> [org.hibernate.id.GUIDGenerator]
14:36:54.065 [main] DEBUG org.hibernate.id.factory.internal.DefaultIdentifierGeneratorFactory - Registering IdentifierGenerator strategy [uuid] -> [org.hibernate.id.UUIDHexGenerator]
14:36:54.065 [main] DEBUG org.hibernate.id.factory.internal.DefaultIdentifierGeneratorFactory - Registering IdentifierGenerator strategy [uuid.hex] -> [org.hibernate.id.UUIDHexGenerator]
14:36:54.065 [main] DEBUG org.hibernate.id.factory.internal.DefaultIdentifierGeneratorFactory - Registering IdentifierGenerator strategy [assigned] -> [org.hibernate.id.Assigned]
14:36:54.065 [main] DEBUG org.hibernate.id.factory.internal.DefaultIdentifierGeneratorFactory - Registering IdentifierGenerator strategy [identity] -> [org.hibernate.id.IdentityGenerator]
14:36:54.066 [main] DEBUG org.hibernate.id.factory.internal.DefaultIdentifierGeneratorFactory - Registering IdentifierGenerator strategy [select] -> [org.hibernate.id.SelectGenerator]
14:36:54.066 [main] DEBUG org.hibernate.id.factory.internal.DefaultIdentifierGeneratorFactory - Registering IdentifierGenerator strategy [sequence] -> [org.hibernate.id.enhanced.SequenceStyleGenerator]
14:36:54.066 [main] DEBUG org.hibernate.id.factory.internal.DefaultIdentifierGeneratorFactory - Registering IdentifierGenerator strategy [seqhilo] -> [org.hibernate.id.SequenceHiLoGenerator]
14:36:54.066 [main] DEBUG org.hibernate.id.factory.internal.DefaultIdentifierGeneratorFactory - Registering IdentifierGenerator strategy [increment] -> [org.hibernate.id.IncrementGenerator]
14:36:54.066 [main] DEBUG org.hibernate.id.factory.internal.DefaultIdentifierGeneratorFactory - Registering IdentifierGenerator strategy [foreign] -> [org.hibernate.id.ForeignGenerator]
14:36:54.066 [main] DEBUG org.hibernate.id.factory.internal.DefaultIdentifierGeneratorFactory - Registering IdentifierGenerator strategy [sequence-identity] -> [org.hibernate.id.SequenceIdentityGenerator]
14:36:54.066 [main] DEBUG org.hibernate.id.factory.internal.DefaultIdentifierGeneratorFactory - Registering IdentifierGenerator strategy [enhanced-sequence] -> [org.hibernate.id.enhanced.SequenceStyleGenerator]
14:36:54.066 [main] DEBUG org.hibernate.id.factory.internal.DefaultIdentifierGeneratorFactory - Registering IdentifierGenerator strategy [enhanced-table] -> [org.hibernate.id.enhanced.TableGenerator]
14:36:54.066 [main] DEBUG org.hibernate.boot.model.relational.Namespace - Created database namespace [logicalName=Name{catalog=null, schema=null}, physicalName=Name{catalog=null, schema=null}]
14:36:54.067 [main] DEBUG org.hibernate.cfg.AnnotationBinder - Binding entity from annotated class: com.soft.entity.CategoryEntity
14:36:54.067 [main] TRACE org.hibernate.engine.jdbc.env.internal.NormalizingIdentifierHelperImpl - Normalizing identifier quoting [DTYPE]
14:36:54.067 [main] DEBUG org.hibernate.cfg.Ejb3Column - Binding column: Ejb3DiscriminatorColumn{logicalColumnName'DTYPE', discriminatorTypeName='string'}
14:36:54.068 [main] DEBUG org.hibernate.cfg.annotations.EntityBinder - Import with entity name CategoryEntity
14:36:54.068 [main] TRACE org.hibernate.boot.internal.InFlightMetadataCollectorImpl - Import: CategoryEntity -> com.soft.entity.CategoryEntity
14:36:54.068 [main] TRACE org.hibernate.boot.internal.InFlightMetadataCollectorImpl - Import: com.soft.entity.CategoryEntity -> com.soft.entity.CategoryEntity
14:36:54.068 [main] TRACE org.hibernate.engine.jdbc.env.internal.NormalizingIdentifierHelperImpl - Normalizing identifier quoting [category]
14:36:54.068 [main] TRACE org.hibernate.engine.jdbc.env.internal.NormalizingIdentifierHelperImpl - Normalizing identifier quoting [category]
14:36:54.068 [main] DEBUG org.hibernate.cfg.annotations.EntityBinder - Bind entity com.soft.entity.CategoryEntity on table category
14:36:54.068 [main] TRACE org.hibernate.cfg.AnnotationBinder - Processing annotations of com.soft.entity.CategoryEntity.id
14:36:54.068 [main] TRACE org.hibernate.engine.jdbc.env.internal.NormalizingIdentifierHelperImpl - Normalizing identifier quoting [category_id]
14:36:54.069 [main] TRACE org.hibernate.engine.jdbc.env.internal.NormalizingIdentifierHelperImpl - Normalizing identifier quoting [category_id]
14:36:54.069 [main] DEBUG org.hibernate.cfg.Ejb3Column - Binding column: Ejb3Column{table=org.hibernate.mapping.Table(category), mappingColumn=category_id, insertable=true, updatable=true, unique=false}
14:36:54.069 [main] DEBUG org.hibernate.cfg.annotations.PropertyBinder - MetadataSourceProcessor property id with lazy=false
14:36:54.069 [main] DEBUG org.hibernate.cfg.AbstractPropertyHolder - Attempting to locate auto-apply AttributeConverter for property [com.soft.entity.CategoryEntity:id]
14:36:54.069 [main] DEBUG org.hibernate.cfg.annotations.SimpleValueBinder - building SimpleValue for id
14:36:54.069 [main] TRACE org.hibernate.engine.jdbc.env.internal.NormalizingIdentifierHelperImpl - Normalizing identifier quoting [category_id]
14:36:54.069 [main] DEBUG org.hibernate.cfg.annotations.PropertyBinder - Building property id
14:36:54.069 [main] TRACE org.hibernate.cfg.annotations.PropertyBinder - Cascading id with null
14:36:54.069 [main] TRACE org.hibernate.cfg.AnnotationBinder - Add generic generator with name: increment
14:36:54.069 [main] TRACE org.hibernate.cfg.AnnotationBinder - Bind @Id on id
14:36:54.069 [main] TRACE org.hibernate.cfg.AnnotationBinder - Processing annotations of com.soft.entity.CategoryEntity.entityName
14:36:54.069 [main] TRACE org.hibernate.engine.jdbc.env.internal.NormalizingIdentifierHelperImpl - Normalizing identifier quoting [entity_name]
14:36:54.069 [main] TRACE org.hibernate.engine.jdbc.env.internal.NormalizingIdentifierHelperImpl - Normalizing identifier quoting [entity_name]
14:36:54.069 [main] DEBUG org.hibernate.cfg.Ejb3Column - Binding column: Ejb3Column{table=org.hibernate.mapping.Table(category), mappingColumn=entity_name, insertable=true, updatable=true, unique=false}
14:36:54.069 [main] DEBUG org.hibernate.cfg.annotations.PropertyBinder - MetadataSourceProcessor property entityName with lazy=false
14:36:54.069 [main] DEBUG org.hibernate.cfg.AbstractPropertyHolder - Attempting to locate auto-apply AttributeConverter for property [com.soft.entity.CategoryEntity:entityName]
14:36:54.069 [main] DEBUG org.hibernate.cfg.annotations.SimpleValueBinder - building SimpleValue for entityName
14:36:54.069 [main] TRACE org.hibernate.engine.jdbc.env.internal.NormalizingIdentifierHelperImpl - Normalizing identifier quoting [entity_name]
14:36:54.069 [main] DEBUG org.hibernate.cfg.annotations.PropertyBinder - Building property entityName
14:36:54.069 [main] TRACE org.hibernate.cfg.annotations.PropertyBinder - Cascading entityName with null
14:36:54.069 [main] TRACE org.hibernate.cfg.AnnotationBinder - Processing annotations of com.soft.entity.CategoryEntity.name
14:36:54.069 [main] TRACE org.hibernate.engine.jdbc.env.internal.NormalizingIdentifierHelperImpl - Normalizing identifier quoting [name]
14:36:54.069 [main] TRACE org.hibernate.engine.jdbc.env.internal.NormalizingIdentifierHelperImpl - Normalizing identifier quoting [name]
14:36:54.069 [main] DEBUG org.hibernate.cfg.Ejb3Column - Binding column: Ejb3Column{table=org.hibernate.mapping.Table(category), mappingColumn=name, insertable=true, updatable=true, unique=false}
14:36:54.070 [main] DEBUG org.hibernate.cfg.annotations.PropertyBinder - MetadataSourceProcessor property name with lazy=false
14:36:54.070 [main] DEBUG org.hibernate.cfg.AbstractPropertyHolder - Attempting to locate auto-apply AttributeConverter for property [com.soft.entity.CategoryEntity:name]
14:36:54.070 [main] DEBUG org.hibernate.cfg.annotations.SimpleValueBinder - building SimpleValue for name
14:36:54.070 [main] TRACE org.hibernate.engine.jdbc.env.internal.NormalizingIdentifierHelperImpl - Normalizing identifier quoting [name]
14:36:54.070 [main] DEBUG org.hibernate.cfg.annotations.PropertyBinder - Building property name
14:36:54.070 [main] TRACE org.hibernate.cfg.annotations.PropertyBinder - Cascading name with null
14:36:54.070 [main] TRACE org.hibernate.cfg.AnnotationBinder - Processing annotations of com.soft.entity.CategoryEntity.photo
14:36:54.070 [main] TRACE org.hibernate.engine.jdbc.env.internal.NormalizingIdentifierHelperImpl - Normalizing identifier quoting [photo]
14:36:54.070 [main] TRACE org.hibernate.engine.jdbc.env.internal.NormalizingIdentifierHelperImpl - Normalizing identifier quoting [photo]
14:36:54.070 [main] DEBUG org.hibernate.cfg.Ejb3Column - Binding column: Ejb3Column{table=org.hibernate.mapping.Table(category), mappingColumn=photo, insertable=true, updatable=true, unique=false}
14:36:54.070 [main] DEBUG org.hibernate.cfg.annotations.PropertyBinder - MetadataSourceProcessor property photo with lazy=false
14:36:54.070 [main] DEBUG org.hibernate.cfg.AbstractPropertyHolder - Attempting to locate auto-apply AttributeConverter for property [com.soft.entity.CategoryEntity:photo]
14:36:54.070 [main] DEBUG org.hibernate.cfg.annotations.SimpleValueBinder - building SimpleValue for photo
14:36:54.070 [main] TRACE org.hibernate.engine.jdbc.env.internal.NormalizingIdentifierHelperImpl - Normalizing identifier quoting [photo]
14:36:54.070 [main] DEBUG org.hibernate.cfg.annotations.PropertyBinder - Building property photo
14:36:54.070 [main] TRACE org.hibernate.cfg.annotations.PropertyBinder - Cascading photo with null
14:36:54.070 [main] DEBUG org.hibernate.cfg.AnnotationBinder - Binding entity from annotated class: com.soft.entity.LocaleMessageEntity
14:36:54.070 [main] TRACE org.hibernate.engine.jdbc.env.internal.NormalizingIdentifierHelperImpl - Normalizing identifier quoting [DTYPE]
14:36:54.070 [main] DEBUG org.hibernate.cfg.Ejb3Column - Binding column: Ejb3DiscriminatorColumn{logicalColumnName'DTYPE', discriminatorTypeName='string'}
14:36:54.070 [main] DEBUG org.hibernate.cfg.annotations.EntityBinder - Import with entity name LocaleMessageEntity
14:36:54.070 [main] TRACE org.hibernate.boot.internal.InFlightMetadataCollectorImpl - Import: LocaleMessageEntity -> com.soft.entity.LocaleMessageEntity
14:36:54.070 [main] TRACE org.hibernate.boot.internal.InFlightMetadataCollectorImpl - Import: com.soft.entity.LocaleMessageEntity -> com.soft.entity.LocaleMessageEntity
14:36:54.070 [main] TRACE org.hibernate.engine.jdbc.env.internal.NormalizingIdentifierHelperImpl - Normalizing identifier quoting [locale]
14:36:54.070 [main] TRACE org.hibernate.engine.jdbc.env.internal.NormalizingIdentifierHelperImpl - Normalizing identifier quoting [locale]
14:36:54.070 [main] DEBUG org.hibernate.cfg.annotations.EntityBinder - Bind entity com.soft.entity.LocaleMessageEntity on table locale
14:36:54.071 [main] TRACE org.hibernate.cfg.AnnotationBinder - Processing annotations of com.soft.entity.LocaleMessageEntity.id
14:36:54.071 [main] TRACE org.hibernate.engine.jdbc.env.internal.NormalizingIdentifierHelperImpl - Normalizing identifier quoting [ID]
14:36:54.071 [main] TRACE org.hibernate.engine.jdbc.env.internal.NormalizingIdentifierHelperImpl - Normalizing identifier quoting [ID]
14:36:54.071 [main] DEBUG org.hibernate.cfg.Ejb3Column - Binding column: Ejb3Column{table=org.hibernate.mapping.Table(locale), mappingColumn=ID, insertable=true, updatable=true, unique=false}
14:36:54.071 [main] DEBUG org.hibernate.cfg.annotations.PropertyBinder - MetadataSourceProcessor property id with lazy=false
14:36:54.071 [main] DEBUG org.hibernate.cfg.AbstractPropertyHolder - Attempting to locate auto-apply AttributeConverter for property [com.soft.entity.LocaleMessageEntity:id]
14:36:54.071 [main] DEBUG org.hibernate.cfg.annotations.SimpleValueBinder - building SimpleValue for id
14:36:54.071 [main] TRACE org.hibernate.engine.jdbc.env.internal.NormalizingIdentifierHelperImpl - Normalizing identifier quoting [ID]
14:36:54.071 [main] DEBUG org.hibernate.cfg.annotations.PropertyBinder - Building property id
14:36:54.071 [main] TRACE org.hibernate.cfg.annotations.PropertyBinder - Cascading id with null
14:36:54.071 [main] TRACE org.hibernate.cfg.AnnotationBinder - Add generic generator with name: increment
14:36:54.071 [main] TRACE org.hibernate.cfg.AnnotationBinder - Bind @Id on id
14:36:54.071 [main] TRACE org.hibernate.cfg.AnnotationBinder - Processing annotations of com.soft.entity.LocaleMessageEntity.locale
14:36:54.071 [main] TRACE org.hibernate.engine.jdbc.env.internal.NormalizingIdentifierHelperImpl - Normalizing identifier quoting [locale]
14:36:54.071 [main] TRACE org.hibernate.engine.jdbc.env.internal.NormalizingIdentifierHelperImpl - Normalizing identifier quoting [locale]
14:36:54.071 [main] DEBUG org.hibernate.cfg.Ejb3Column - Binding column: Ejb3Column{table=org.hibernate.mapping.Table(locale), mappingColumn=locale, insertable=true, updatable=true, unique=false}
14:36:54.071 [main] DEBUG org.hibernate.cfg.annotations.PropertyBinder - MetadataSourceProcessor property locale with lazy=false
14:36:54.072 [main] DEBUG org.hibernate.cfg.AbstractPropertyHolder - Attempting to locate auto-apply AttributeConverter for property [com.soft.entity.LocaleMessageEntity:locale]
14:36:54.072 [main] DEBUG org.hibernate.cfg.annotations.SimpleValueBinder - building SimpleValue for locale
14:36:54.072 [main] TRACE org.hibernate.engine.jdbc.env.internal.NormalizingIdentifierHelperImpl - Normalizing identifier quoting [locale]
14:36:54.072 [main] DEBUG org.hibernate.cfg.annotations.PropertyBinder - Building property locale
14:36:54.072 [main] TRACE org.hibernate.cfg.annotations.PropertyBinder - Cascading locale with null
14:36:54.072 [main] TRACE org.hibernate.cfg.AnnotationBinder - Processing annotations of com.soft.entity.LocaleMessageEntity.message
14:36:54.072 [main] TRACE org.hibernate.engine.jdbc.env.internal.NormalizingIdentifierHelperImpl - Normalizing identifier quoting [message]
14:36:54.072 [main] TRACE org.hibernate.engine.jdbc.env.internal.NormalizingIdentifierHelperImpl - Normalizing identifier quoting [message]
14:36:54.072 [main] DEBUG org.hibernate.cfg.Ejb3Column - Binding column: Ejb3Column{table=org.hibernate.mapping.Table(locale), mappingColumn=message, insertable=true, updatable=true, unique=false}
14:36:54.072 [main] DEBUG org.hibernate.cfg.annotations.PropertyBinder - MetadataSourceProcessor property message with lazy=false
14:36:54.072 [main] DEBUG org.hibernate.cfg.AbstractPropertyHolder - Attempting to locate auto-apply AttributeConverter for property [com.soft.entity.LocaleMessageEntity:message]
14:36:54.072 [main] DEBUG org.hibernate.cfg.annotations.SimpleValueBinder - building SimpleValue for message
14:36:54.072 [main] TRACE org.hibernate.engine.jdbc.env.internal.NormalizingIdentifierHelperImpl - Normalizing identifier quoting [message]
14:36:54.072 [main] DEBUG org.hibernate.cfg.annotations.PropertyBinder - Building property message
14:36:54.072 [main] TRACE org.hibernate.cfg.annotations.PropertyBinder - Cascading message with null
14:36:54.072 [main] TRACE org.hibernate.cfg.AnnotationBinder - Processing annotations of com.soft.entity.LocaleMessageEntity.msgKey
14:36:54.072 [main] TRACE org.hibernate.engine.jdbc.env.internal.NormalizingIdentifierHelperImpl - Normalizing identifier quoting [msgkey]
14:36:54.072 [main] TRACE org.hibernate.engine.jdbc.env.internal.NormalizingIdentifierHelperImpl - Normalizing identifier quoting [msgkey]
14:36:54.072 [main] DEBUG org.hibernate.cfg.Ejb3Column - Binding column: Ejb3Column{table=org.hibernate.mapping.Table(locale), mappingColumn=msgkey, insertable=true, updatable=true, unique=false}
14:36:54.072 [main] DEBUG org.hibernate.cfg.annotations.PropertyBinder - MetadataSourceProcessor property msgKey with lazy=false
14:36:54.072 [main] DEBUG org.hibernate.cfg.AbstractPropertyHolder - Attempting to locate auto-apply AttributeConverter for property [com.soft.entity.LocaleMessageEntity:msgKey]
14:36:54.072 [main] DEBUG org.hibernate.cfg.annotations.SimpleValueBinder - building SimpleValue for msgKey
14:36:54.072 [main] TRACE org.hibernate.engine.jdbc.env.internal.NormalizingIdentifierHelperImpl - Normalizing identifier quoting [msgkey]
14:36:54.072 [main] DEBUG org.hibernate.cfg.annotations.PropertyBinder - Building property msgKey
14:36:54.072 [main] TRACE org.hibernate.cfg.annotations.PropertyBinder - Cascading msgKey with null
14:36:54.072 [main] DEBUG org.hibernate.cfg.AnnotationBinder - Binding entity from annotated class: com.soft.entity.PersonEntity
14:36:54.072 [main] TRACE org.hibernate.engine.jdbc.env.internal.NormalizingIdentifierHelperImpl - Normalizing identifier quoting [DTYPE]
14:36:54.072 [main] DEBUG org.hibernate.cfg.Ejb3Column - Binding column: Ejb3DiscriminatorColumn{logicalColumnName'DTYPE', discriminatorTypeName='string'}
14:36:54.073 [main] DEBUG org.hibernate.cfg.annotations.EntityBinder - Import with entity name PersonEntity
14:36:54.073 [main] TRACE org.hibernate.boot.internal.InFlightMetadataCollectorImpl - Import: PersonEntity -> com.soft.entity.PersonEntity
14:36:54.073 [main] TRACE org.hibernate.boot.internal.InFlightMetadataCollectorImpl - Import: com.soft.entity.PersonEntity -> com.soft.entity.PersonEntity
14:36:54.073 [main] TRACE org.hibernate.engine.jdbc.env.internal.NormalizingIdentifierHelperImpl - Normalizing identifier quoting [PERSON]
14:36:54.073 [main] TRACE org.hibernate.engine.jdbc.env.internal.NormalizingIdentifierHelperImpl - Normalizing identifier quoting [PERSON]
14:36:54.073 [main] DEBUG org.hibernate.cfg.annotations.EntityBinder - Bind entity com.soft.entity.PersonEntity on table PERSON
14:36:54.073 [main] TRACE org.hibernate.cfg.AnnotationBinder - Processing annotations of com.soft.entity.PersonEntity.id
14:36:54.073 [main] TRACE org.hibernate.engine.jdbc.env.internal.NormalizingIdentifierHelperImpl - Normalizing identifier quoting [ID]
14:36:54.073 [main] TRACE org.hibernate.engine.jdbc.env.internal.NormalizingIdentifierHelperImpl - Normalizing identifier quoting [ID]
14:36:54.073 [main] DEBUG org.hibernate.cfg.Ejb3Column - Binding column: Ejb3Column{table=org.hibernate.mapping.Table(PERSON), mappingColumn=ID, insertable=true, updatable=true, unique=false}
14:36:54.073 [main] DEBUG org.hibernate.cfg.annotations.PropertyBinder - MetadataSourceProcessor property id with lazy=false
14:36:54.073 [main] DEBUG org.hibernate.cfg.AbstractPropertyHolder - Attempting to locate auto-apply AttributeConverter for property [com.soft.entity.PersonEntity:id]
14:36:54.073 [main] DEBUG org.hibernate.cfg.annotations.SimpleValueBinder - building SimpleValue for id
14:36:54.073 [main] TRACE org.hibernate.engine.jdbc.env.internal.NormalizingIdentifierHelperImpl - Normalizing identifier quoting [ID]
14:36:54.073 [main] DEBUG org.hibernate.cfg.annotations.PropertyBinder - Building property id
14:36:54.073 [main] TRACE org.hibernate.cfg.annotations.PropertyBinder - Cascading id with null
14:36:54.073 [main] TRACE org.hibernate.cfg.AnnotationBinder - Add generic generator with name: increment
14:36:54.073 [main] TRACE org.hibernate.cfg.AnnotationBinder - Bind @Id on id
14:36:54.073 [main] TRACE org.hibernate.cfg.AnnotationBinder - Processing annotations of com.soft.entity.PersonEntity.name
14:36:54.073 [main] TRACE org.hibernate.engine.jdbc.env.internal.NormalizingIdentifierHelperImpl - Normalizing identifier quoting [NAME]
14:36:54.074 [main] TRACE org.hibernate.engine.jdbc.env.internal.NormalizingIdentifierHelperImpl - Normalizing identifier quoting [NAME]
14:36:54.074 [main] DEBUG org.hibernate.cfg.Ejb3Column - Binding column: Ejb3Column{table=org.hibernate.mapping.Table(PERSON), mappingColumn=NAME, insertable=true, updatable=true, unique=false}
14:36:54.074 [main] DEBUG org.hibernate.cfg.annotations.PropertyBinder - MetadataSourceProcessor property name with lazy=false
14:36:54.074 [main] DEBUG org.hibernate.cfg.AbstractPropertyHolder - Attempting to locate auto-apply AttributeConverter for property [com.soft.entity.PersonEntity:name]
14:36:54.074 [main] DEBUG org.hibernate.cfg.annotations.SimpleValueBinder - building SimpleValue for name
14:36:54.074 [main] TRACE org.hibernate.engine.jdbc.env.internal.NormalizingIdentifierHelperImpl - Normalizing identifier quoting [NAME]
14:36:54.074 [main] DEBUG org.hibernate.cfg.annotations.PropertyBinder - Building property name
14:36:54.074 [main] TRACE org.hibernate.cfg.annotations.PropertyBinder - Cascading name with null
14:36:54.074 [main] DEBUG org.hibernate.cfg.AnnotationBinder - Binding entity from annotated class: com.soft.entity.ProducerEntity
14:36:54.074 [main] TRACE org.hibernate.engine.jdbc.env.internal.NormalizingIdentifierHelperImpl - Normalizing identifier quoting [DTYPE]
14:36:54.074 [main] DEBUG org.hibernate.cfg.Ejb3Column - Binding column: Ejb3DiscriminatorColumn{logicalColumnName'DTYPE', discriminatorTypeName='string'}
14:36:54.074 [main] DEBUG org.hibernate.cfg.annotations.EntityBinder - Import with entity name ProducerEntity
14:36:54.074 [main] TRACE org.hibernate.boot.internal.InFlightMetadataCollectorImpl - Import: ProducerEntity -> com.soft.entity.ProducerEntity
14:36:54.074 [main] TRACE org.hibernate.boot.internal.InFlightMetadataCollectorImpl - Import: com.soft.entity.ProducerEntity -> com.soft.entity.ProducerEntity
14:36:54.074 [main] TRACE org.hibernate.engine.jdbc.env.internal.NormalizingIdentifierHelperImpl - Normalizing identifier quoting [producer]
14:36:54.074 [main] TRACE org.hibernate.engine.jdbc.env.internal.NormalizingIdentifierHelperImpl - Normalizing identifier quoting [producer]
14:36:54.074 [main] DEBUG org.hibernate.cfg.annotations.EntityBinder - Bind entity com.soft.entity.ProducerEntity on table producer
14:36:54.074 [main] TRACE org.hibernate.cfg.AnnotationBinder - Processing annotations of com.soft.entity.ProducerEntity.id
14:36:54.075 [main] TRACE org.hibernate.engine.jdbc.env.internal.NormalizingIdentifierHelperImpl - Normalizing identifier quoting [producer_id]
14:36:54.075 [main] TRACE org.hibernate.engine.jdbc.env.internal.NormalizingIdentifierHelperImpl - Normalizing identifier quoting [producer_id]
14:36:54.075 [main] DEBUG org.hibernate.cfg.Ejb3Column - Binding column: Ejb3Column{table=org.hibernate.mapping.Table(producer), mappingColumn=producer_id, insertable=true, updatable=true, unique=false}
14:36:54.075 [main] DEBUG org.hibernate.cfg.annotations.PropertyBinder - MetadataSourceProcessor property id with lazy=false
14:36:54.075 [main] DEBUG org.hibernate.cfg.AbstractPropertyHolder - Attempting to locate auto-apply AttributeConverter for property [com.soft.entity.ProducerEntity:id]
14:36:54.075 [main] DEBUG org.hibernate.cfg.annotations.SimpleValueBinder - building SimpleValue for id
14:36:54.075 [main] TRACE org.hibernate.engine.jdbc.env.internal.NormalizingIdentifierHelperImpl - Normalizing identifier quoting [producer_id]
14:36:54.075 [main] DEBUG org.hibernate.cfg.annotations.PropertyBinder - Building property id
14:36:54.075 [main] TRACE org.hibernate.cfg.annotations.PropertyBinder - Cascading id with null
14:36:54.075 [main] TRACE org.hibernate.cfg.AnnotationBinder - Add generic generator with name: increment
14:36:54.075 [main] TRACE org.hibernate.cfg.AnnotationBinder - Bind @Id on id
14:36:54.075 [main] TRACE org.hibernate.cfg.AnnotationBinder - Processing annotations of com.soft.entity.ProducerEntity.producerCategory
14:36:54.075 [main] TRACE org.hibernate.engine.jdbc.env.internal.NormalizingIdentifierHelperImpl - Normalizing identifier quoting [producer_category]
14:36:54.075 [main] TRACE org.hibernate.engine.jdbc.env.internal.NormalizingIdentifierHelperImpl - Normalizing identifier quoting [producer_category]
14:36:54.075 [main] DEBUG org.hibernate.cfg.Ejb3Column - Binding column: Ejb3Column{table=org.hibernate.mapping.Table(producer), mappingColumn=producer_category, insertable=true, updatable=true, unique=false}
14:36:54.075 [main] DEBUG org.hibernate.cfg.annotations.PropertyBinder - MetadataSourceProcessor property producerCategory with lazy=false
14:36:54.075 [main] DEBUG org.hibernate.cfg.AbstractPropertyHolder - Attempting to locate auto-apply AttributeConverter for property [com.soft.entity.ProducerEntity:producerCategory]
14:36:54.075 [main] DEBUG org.hibernate.cfg.annotations.SimpleValueBinder - building SimpleValue for producerCategory
14:36:54.075 [main] TRACE org.hibernate.engine.jdbc.env.internal.NormalizingIdentifierHelperImpl - Normalizing identifier quoting [producer_category]
14:36:54.075 [main] DEBUG org.hibernate.cfg.annotations.PropertyBinder - Building property producerCategory
14:36:54.075 [main] TRACE org.hibernate.cfg.annotations.PropertyBinder - Cascading producerCategory with null
14:36:54.075 [main] TRACE org.hibernate.cfg.AnnotationBinder - Processing annotations of com.soft.entity.ProducerEntity.producerName
14:36:54.075 [main] TRACE org.hibernate.engine.jdbc.env.internal.NormalizingIdentifierHelperImpl - Normalizing identifier quoting [producer_name]
14:36:54.075 [main] TRACE org.hibernate.engine.jdbc.env.internal.NormalizingIdentifierHelperImpl - Normalizing identifier quoting [producer_name]
14:36:54.075 [main] DEBUG org.hibernate.cfg.Ejb3Column - Binding column: Ejb3Column{table=org.hibernate.mapping.Table(producer), mappingColumn=producer_name, insertable=true, updatable=true, unique=false}
14:36:54.075 [main] DEBUG org.hibernate.cfg.annotations.PropertyBinder - MetadataSourceProcessor property producerName with lazy=false
14:36:54.076 [main] DEBUG org.hibernate.cfg.AbstractPropertyHolder - Attempting to locate auto-apply AttributeConverter for property [com.soft.entity.ProducerEntity:producerName]
14:36:54.076 [main] DEBUG org.hibernate.cfg.annotations.SimpleValueBinder - building SimpleValue for producerName
14:36:54.076 [main] TRACE org.hibernate.engine.jdbc.env.internal.NormalizingIdentifierHelperImpl - Normalizing identifier quoting [producer_name]
14:36:54.076 [main] DEBUG org.hibernate.cfg.annotations.PropertyBinder - Building property producerName
14:36:54.076 [main] TRACE org.hibernate.cfg.annotations.PropertyBinder - Cascading producerName with null
14:36:54.076 [main] DEBUG org.hibernate.cfg.AnnotationBinder - Binding entity from annotated class: com.soft.entity.ResistorEntity
14:36:54.076 [main] TRACE org.hibernate.engine.jdbc.env.internal.NormalizingIdentifierHelperImpl - Normalizing identifier quoting [DTYPE]
14:36:54.076 [main] DEBUG org.hibernate.cfg.Ejb3Column - Binding column: Ejb3DiscriminatorColumn{logicalColumnName'DTYPE', discriminatorTypeName='string'}
14:36:54.076 [main] DEBUG org.hibernate.cfg.annotations.EntityBinder - Import with entity name ResistorEntity
14:36:54.076 [main] TRACE org.hibernate.boot.internal.InFlightMetadataCollectorImpl - Import: ResistorEntity -> com.soft.entity.ResistorEntity
14:36:54.076 [main] TRACE org.hibernate.boot.internal.InFlightMetadataCollectorImpl - Import: com.soft.entity.ResistorEntity -> com.soft.entity.ResistorEntity
14:36:54.076 [main] TRACE org.hibernate.engine.jdbc.env.internal.NormalizingIdentifierHelperImpl - Normalizing identifier quoting [resistor]
14:36:54.076 [main] TRACE org.hibernate.engine.jdbc.env.internal.NormalizingIdentifierHelperImpl - Normalizing identifier quoting [resistor]
14:36:54.076 [main] DEBUG org.hibernate.cfg.annotations.EntityBinder - Bind entity com.soft.entity.ResistorEntity on table resistor
14:36:54.077 [main] TRACE org.hibernate.cfg.AnnotationBinder - Processing annotations of com.soft.entity.ResistorEntity.id
14:36:54.077 [main] TRACE org.hibernate.engine.jdbc.env.internal.NormalizingIdentifierHelperImpl - Normalizing identifier quoting [resistor_id]
14:36:54.077 [main] TRACE org.hibernate.engine.jdbc.env.internal.NormalizingIdentifierHelperImpl - Normalizing identifier quoting [resistor_id]
14:36:54.077 [main] DEBUG org.hibernate.cfg.Ejb3Column - Binding column: Ejb3Column{table=org.hibernate.mapping.Table(resistor), mappingColumn=resistor_id, insertable=true, updatable=true, unique=false}
14:36:54.077 [main] DEBUG org.hibernate.cfg.annotations.PropertyBinder - MetadataSourceProcessor property id with lazy=false
14:36:54.077 [main] DEBUG org.hibernate.cfg.AbstractPropertyHolder - Attempting to locate auto-apply AttributeConverter for property [com.soft.entity.ResistorEntity:id]
14:36:54.077 [main] DEBUG org.hibernate.cfg.annotations.SimpleValueBinder - building SimpleValue for id
14:36:54.077 [main] TRACE org.hibernate.engine.jdbc.env.internal.NormalizingIdentifierHelperImpl - Normalizing identifier quoting [resistor_id]
14:36:54.077 [main] DEBUG org.hibernate.cfg.annotations.PropertyBinder - Building property id
14:36:54.077 [main] TRACE org.hibernate.cfg.annotations.PropertyBinder - Cascading id with null
14:36:54.077 [main] TRACE org.hibernate.cfg.AnnotationBinder - Add generic generator with name: increment
14:36:54.077 [main] TRACE org.hibernate.cfg.AnnotationBinder - Bind @Id on id
14:36:54.077 [main] TRACE org.hibernate.cfg.AnnotationBinder - Processing annotations of com.soft.entity.ResistorEntity.category
14:36:54.077 [main] TRACE org.hibernate.engine.jdbc.env.internal.NormalizingIdentifierHelperImpl - Normalizing identifier quoting [category]
14:36:54.077 [main] TRACE org.hibernate.engine.jdbc.env.internal.NormalizingIdentifierHelperImpl - Normalizing identifier quoting [category]
14:36:54.077 [main] DEBUG org.hibernate.cfg.Ejb3Column - Binding column: Ejb3Column{table=org.hibernate.mapping.Table(resistor), mappingColumn=category, insertable=true, updatable=true, unique=false}
14:36:54.077 [main] DEBUG org.hibernate.cfg.annotations.PropertyBinder - MetadataSourceProcessor property category with lazy=false
14:36:54.077 [main] DEBUG org.hibernate.cfg.AbstractPropertyHolder - Attempting to locate auto-apply AttributeConverter for property [com.soft.entity.ResistorEntity:category]
14:36:54.077 [main] DEBUG org.hibernate.cfg.annotations.SimpleValueBinder - building SimpleValue for category
14:36:54.077 [main] TRACE org.hibernate.engine.jdbc.env.internal.NormalizingIdentifierHelperImpl - Normalizing identifier quoting [category]
14:36:54.077 [main] DEBUG org.hibernate.cfg.annotations.PropertyBinder - Building property category
14:36:54.077 [main] TRACE org.hibernate.cfg.annotations.PropertyBinder - Cascading category with null
14:36:54.077 [main] TRACE org.hibernate.cfg.AnnotationBinder - Processing annotations of com.soft.entity.ResistorEntity.description
14:36:54.077 [main] TRACE org.hibernate.engine.jdbc.env.internal.NormalizingIdentifierHelperImpl - Normalizing identifier quoting [description]
14:36:54.078 [main] TRACE org.hibernate.engine.jdbc.env.internal.NormalizingIdentifierHelperImpl - Normalizing identifier quoting [description]
14:36:54.078 [main] DEBUG org.hibernate.cfg.Ejb3Column - Binding column: Ejb3Column{table=org.hibernate.mapping.Table(resistor), mappingColumn=description, insertable=true, updatable=true, unique=false}
14:36:54.078 [main] DEBUG org.hibernate.cfg.annotations.PropertyBinder - MetadataSourceProcessor property description with lazy=false
14:36:54.078 [main] DEBUG org.hibernate.cfg.AbstractPropertyHolder - Attempting to locate auto-apply AttributeConverter for property [com.soft.entity.ResistorEntity:description]
14:36:54.078 [main] DEBUG org.hibernate.cfg.annotations.SimpleValueBinder - building SimpleValue for description
14:36:54.078 [main] TRACE org.hibernate.engine.jdbc.env.internal.NormalizingIdentifierHelperImpl - Normalizing identifier quoting [description]
14:36:54.078 [main] DEBUG org.hibernate.cfg.annotations.PropertyBinder - Building property description
14:36:54.078 [main] TRACE org.hibernate.cfg.annotations.PropertyBinder - Cascading description with null
14:36:54.078 [main] TRACE org.hibernate.cfg.AnnotationBinder - Processing annotations of com.soft.entity.ResistorEntity.name
14:36:54.078 [main] TRACE org.hibernate.engine.jdbc.env.internal.NormalizingIdentifierHelperImpl - Normalizing identifier quoting [name]
14:36:54.078 [main] TRACE org.hibernate.engine.jdbc.env.internal.NormalizingIdentifierHelperImpl - Normalizing identifier quoting [name]
14:36:54.078 [main] DEBUG org.hibernate.cfg.Ejb3Column - Binding column: Ejb3Column{table=org.hibernate.mapping.Table(resistor), mappingColumn=name, insertable=true, updatable=true, unique=false}
14:36:54.078 [main] DEBUG org.hibernate.cfg.annotations.PropertyBinder - MetadataSourceProcessor property name with lazy=false
14:36:54.078 [main] DEBUG org.hibernate.cfg.AbstractPropertyHolder - Attempting to locate auto-apply AttributeConverter for property [com.soft.entity.ResistorEntity:name]
14:36:54.078 [main] DEBUG org.hibernate.cfg.annotations.SimpleValueBinder - building SimpleValue for name
14:36:54.078 [main] TRACE org.hibernate.engine.jdbc.env.internal.NormalizingIdentifierHelperImpl - Normalizing identifier quoting [name]
14:36:54.083 [main] DEBUG org.hibernate.cfg.annotations.PropertyBinder - Building property name
14:36:54.083 [main] TRACE org.hibernate.cfg.annotations.PropertyBinder - Cascading name with null
14:36:54.083 [main] TRACE org.hibernate.cfg.AnnotationBinder - Processing annotations of com.soft.entity.ResistorEntity.nominal
14:36:54.083 [main] TRACE org.hibernate.engine.jdbc.env.internal.NormalizingIdentifierHelperImpl - Normalizing identifier quoting [nominal]
14:36:54.083 [main] TRACE org.hibernate.engine.jdbc.env.internal.NormalizingIdentifierHelperImpl - Normalizing identifier quoting [nominal]
14:36:54.083 [main] DEBUG org.hibernate.cfg.Ejb3Column - Binding column: Ejb3Column{table=org.hibernate.mapping.Table(resistor), mappingColumn=nominal, insertable=true, updatable=true, unique=false}
14:36:54.084 [main] DEBUG org.hibernate.cfg.annotations.PropertyBinder - MetadataSourceProcessor property nominal with lazy=false
14:36:54.084 [main] DEBUG org.hibernate.cfg.AbstractPropertyHolder - Attempting to locate auto-apply AttributeConverter for property [com.soft.entity.ResistorEntity:nominal]
14:36:54.084 [main] DEBUG org.hibernate.cfg.annotations.SimpleValueBinder - building SimpleValue for nominal
14:36:54.084 [main] TRACE org.hibernate.engine.jdbc.env.internal.NormalizingIdentifierHelperImpl - Normalizing identifier quoting [nominal]
14:36:54.084 [main] DEBUG org.hibernate.cfg.annotations.PropertyBinder - Building property nominal
14:36:54.084 [main] TRACE org.hibernate.cfg.annotations.PropertyBinder - Cascading nominal with null
14:36:54.084 [main] TRACE org.hibernate.cfg.AnnotationBinder - Processing annotations of com.soft.entity.ResistorEntity.nominalUnit
14:36:54.084 [main] TRACE org.hibernate.engine.jdbc.env.internal.NormalizingIdentifierHelperImpl - Normalizing identifier quoting [nominal_unit]
14:36:54.084 [main] TRACE org.hibernate.engine.jdbc.env.internal.NormalizingIdentifierHelperImpl - Normalizing identifier quoting [nominal_unit]
14:36:54.084 [main] DEBUG org.hibernate.cfg.Ejb3Column - Binding column: Ejb3Column{table=org.hibernate.mapping.Table(resistor), mappingColumn=nominal_unit, insertable=true, updatable=true, unique=false}
14:36:54.084 [main] DEBUG org.hibernate.cfg.annotations.PropertyBinder - MetadataSourceProcessor property nominalUnit with lazy=false
14:36:54.084 [main] DEBUG org.hibernate.cfg.AbstractPropertyHolder - Attempting to locate auto-apply AttributeConverter for property [com.soft.entity.ResistorEntity:nominalUnit]
14:36:54.084 [main] DEBUG org.hibernate.cfg.annotations.SimpleValueBinder - building SimpleValue for nominalUnit
14:36:54.084 [main] TRACE org.hibernate.engine.jdbc.env.internal.NormalizingIdentifierHelperImpl - Normalizing identifier quoting [nominal_unit]
14:36:54.084 [main] DEBUG org.hibernate.cfg.annotations.PropertyBinder - Building property nominalUnit
14:36:54.084 [main] TRACE org.hibernate.cfg.annotations.PropertyBinder - Cascading nominalUnit with null
14:36:54.084 [main] TRACE org.hibernate.cfg.AnnotationBinder - Processing annotations of com.soft.entity.ResistorEntity.photo
14:36:54.084 [main] TRACE org.hibernate.engine.jdbc.env.internal.NormalizingIdentifierHelperImpl - Normalizing identifier quoting [photo]
14:36:54.084 [main] TRACE org.hibernate.engine.jdbc.env.internal.NormalizingIdentifierHelperImpl - Normalizing identifier quoting [photo]
14:36:54.084 [main] DEBUG org.hibernate.cfg.Ejb3Column - Binding column: Ejb3Column{table=org.hibernate.mapping.Table(resistor), mappingColumn=photo, insertable=true, updatable=true, unique=false}
14:36:54.084 [main] DEBUG org.hibernate.cfg.annotations.PropertyBinder - MetadataSourceProcessor property photo with lazy=false
14:36:54.084 [main] DEBUG org.hibernate.cfg.AbstractPropertyHolder - Attempting to locate auto-apply AttributeConverter for property [com.soft.entity.ResistorEntity:photo]
14:36:54.084 [main] DEBUG org.hibernate.cfg.annotations.SimpleValueBinder - building SimpleValue for photo
14:36:54.084 [main] TRACE org.hibernate.engine.jdbc.env.internal.NormalizingIdentifierHelperImpl - Normalizing identifier quoting [photo]
14:36:54.085 [main] DEBUG org.hibernate.cfg.annotations.PropertyBinder - Building property photo
14:36:54.085 [main] TRACE org.hibernate.cfg.annotations.PropertyBinder - Cascading photo with null
14:36:54.085 [main] TRACE org.hibernate.cfg.AnnotationBinder - Processing annotations of com.soft.entity.ResistorEntity.power
14:36:54.085 [main] TRACE org.hibernate.engine.jdbc.env.internal.NormalizingIdentifierHelperImpl - Normalizing identifier quoting [power]
14:36:54.085 [main] TRACE org.hibernate.engine.jdbc.env.internal.NormalizingIdentifierHelperImpl - Normalizing identifier quoting [power]
14:36:54.085 [main] DEBUG org.hibernate.cfg.Ejb3Column - Binding column: Ejb3Column{table=org.hibernate.mapping.Table(resistor), mappingColumn=power, insertable=true, updatable=true, unique=false}
14:36:54.085 [main] DEBUG org.hibernate.cfg.annotations.PropertyBinder - MetadataSourceProcessor property power with lazy=false
14:36:54.085 [main] DEBUG org.hibernate.cfg.AbstractPropertyHolder - Attempting to locate auto-apply AttributeConverter for property [com.soft.entity.ResistorEntity:power]
14:36:54.085 [main] DEBUG org.hibernate.cfg.annotations.SimpleValueBinder - building SimpleValue for power
14:36:54.085 [main] TRACE org.hibernate.engine.jdbc.env.internal.NormalizingIdentifierHelperImpl - Normalizing identifier quoting [power]
14:36:54.085 [main] DEBUG org.hibernate.cfg.annotations.PropertyBinder - Building property power
14:36:54.085 [main] TRACE org.hibernate.cfg.annotations.PropertyBinder - Cascading power with null
14:36:54.085 [main] TRACE org.hibernate.cfg.AnnotationBinder - Processing annotations of com.soft.entity.ResistorEntity.powerUnit
14:36:54.085 [main] TRACE org.hibernate.engine.jdbc.env.internal.NormalizingIdentifierHelperImpl - Normalizing identifier quoting [power_unit]
14:36:54.085 [main] TRACE org.hibernate.engine.jdbc.env.internal.NormalizingIdentifierHelperImpl - Normalizing identifier quoting [power_unit]
14:36:54.085 [main] DEBUG org.hibernate.cfg.Ejb3Column - Binding column: Ejb3Column{table=org.hibernate.mapping.Table(resistor), mappingColumn=power_unit, insertable=true, updatable=true, unique=false}
14:36:54.085 [main] DEBUG org.hibernate.cfg.annotations.PropertyBinder - MetadataSourceProcessor property powerUnit with lazy=false
14:36:54.085 [main] DEBUG org.hibernate.cfg.AbstractPropertyHolder - Attempting to locate auto-apply AttributeConverter for property [com.soft.entity.ResistorEntity:powerUnit]
14:36:54.085 [main] DEBUG org.hibernate.cfg.annotations.SimpleValueBinder - building SimpleValue for powerUnit
14:36:54.085 [main] TRACE org.hibernate.engine.jdbc.env.internal.NormalizingIdentifierHelperImpl - Normalizing identifier quoting [power_unit]
14:36:54.085 [main] DEBUG org.hibernate.cfg.annotations.PropertyBinder - Building property powerUnit
14:36:54.085 [main] TRACE org.hibernate.cfg.annotations.PropertyBinder - Cascading powerUnit with null
14:36:54.085 [main] TRACE org.hibernate.cfg.AnnotationBinder - Processing annotations of com.soft.entity.ResistorEntity.price
14:36:54.085 [main] TRACE org.hibernate.engine.jdbc.env.internal.NormalizingIdentifierHelperImpl - Normalizing identifier quoting [price]
14:36:54.085 [main] TRACE org.hibernate.engine.jdbc.env.internal.NormalizingIdentifierHelperImpl - Normalizing identifier quoting [price]
14:36:54.086 [main] DEBUG org.hibernate.cfg.Ejb3Column - Binding column: Ejb3Column{table=org.hibernate.mapping.Table(resistor), mappingColumn=price, insertable=true, updatable=true, unique=false}
14:36:54.086 [main] DEBUG org.hibernate.cfg.annotations.PropertyBinder - MetadataSourceProcessor property price with lazy=false
14:36:54.086 [main] DEBUG org.hibernate.cfg.AbstractPropertyHolder - Attempting to locate auto-apply AttributeConverter for property [com.soft.entity.ResistorEntity:price]
14:36:54.086 [main] DEBUG org.hibernate.cfg.annotations.SimpleValueBinder - building SimpleValue for price
14:36:54.086 [main] TRACE org.hibernate.engine.jdbc.env.internal.NormalizingIdentifierHelperImpl - Normalizing identifier quoting [price]
14:36:54.086 [main] DEBUG org.hibernate.cfg.annotations.PropertyBinder - Building property price
14:36:54.086 [main] TRACE org.hibernate.cfg.annotations.PropertyBinder - Cascading price with null
14:36:54.086 [main] TRACE org.hibernate.cfg.AnnotationBinder - Processing annotations of com.soft.entity.ResistorEntity.producer
14:36:54.086 [main] TRACE org.hibernate.engine.jdbc.env.internal.NormalizingIdentifierHelperImpl - Normalizing identifier quoting [producer]
14:36:54.086 [main] TRACE org.hibernate.engine.jdbc.env.internal.NormalizingIdentifierHelperImpl - Normalizing identifier quoting [producer]
14:36:54.086 [main] DEBUG org.hibernate.cfg.Ejb3Column - Binding column: Ejb3Column{table=org.hibernate.mapping.Table(resistor), mappingColumn=producer, insertable=true, updatable=true, unique=false}
14:36:54.086 [main] DEBUG org.hibernate.cfg.annotations.PropertyBinder - MetadataSourceProcessor property producer with lazy=false
14:36:54.086 [main] DEBUG org.hibernate.cfg.AbstractPropertyHolder - Attempting to locate auto-apply AttributeConverter for property [com.soft.entity.ResistorEntity:producer]
14:36:54.086 [main] DEBUG org.hibernate.cfg.annotations.SimpleValueBinder - building SimpleValue for producer
14:36:54.086 [main] TRACE org.hibernate.engine.jdbc.env.internal.NormalizingIdentifierHelperImpl - Normalizing identifier quoting [producer]
14:36:54.086 [main] DEBUG org.hibernate.cfg.annotations.PropertyBinder - Building property producer
14:36:54.086 [main] TRACE org.hibernate.cfg.annotations.PropertyBinder - Cascading producer with null
14:36:54.086 [main] TRACE org.hibernate.cfg.AnnotationBinder - Processing annotations of com.soft.entity.ResistorEntity.quantity
14:36:54.086 [main] TRACE org.hibernate.engine.jdbc.env.internal.NormalizingIdentifierHelperImpl - Normalizing identifier quoting [quantity]
14:36:54.086 [main] TRACE org.hibernate.engine.jdbc.env.internal.NormalizingIdentifierHelperImpl - Normalizing identifier quoting [quantity]
14:36:54.086 [main] DEBUG org.hibernate.cfg.Ejb3Column - Binding column: Ejb3Column{table=org.hibernate.mapping.Table(resistor), mappingColumn=quantity, insertable=true, updatable=true, unique=false}
14:36:54.086 [main] DEBUG org.hibernate.cfg.annotations.PropertyBinder - MetadataSourceProcessor property quantity with lazy=false
14:36:54.086 [main] DEBUG org.hibernate.cfg.AbstractPropertyHolder - Attempting to locate auto-apply AttributeConverter for property [com.soft.entity.ResistorEntity:quantity]
14:36:54.086 [main] DEBUG org.hibernate.cfg.annotations.SimpleValueBinder - building SimpleValue for quantity
14:36:54.087 [main] TRACE org.hibernate.engine.jdbc.env.internal.NormalizingIdentifierHelperImpl - Normalizing identifier quoting [quantity]
14:36:54.087 [main] DEBUG org.hibernate.cfg.annotations.PropertyBinder - Building property quantity
14:36:54.087 [main] TRACE org.hibernate.cfg.annotations.PropertyBinder - Cascading quantity with null
14:36:54.087 [main] TRACE org.hibernate.cfg.AnnotationBinder - Processing annotations of com.soft.entity.ResistorEntity.rPackage
14:36:54.087 [main] TRACE org.hibernate.engine.jdbc.env.internal.NormalizingIdentifierHelperImpl - Normalizing identifier quoting [package]
14:36:54.087 [main] TRACE org.hibernate.engine.jdbc.env.internal.NormalizingIdentifierHelperImpl - Normalizing identifier quoting [package]
14:36:54.087 [main] DEBUG org.hibernate.cfg.Ejb3Column - Binding column: Ejb3Column{table=org.hibernate.mapping.Table(resistor), mappingColumn=package, insertable=true, updatable=true, unique=false}
14:36:54.087 [main] DEBUG org.hibernate.cfg.annotations.PropertyBinder - MetadataSourceProcessor property rPackage with lazy=false
14:36:54.087 [main] DEBUG org.hibernate.cfg.AbstractPropertyHolder - Attempting to locate auto-apply AttributeConverter for property [com.soft.entity.ResistorEntity:rPackage]
14:36:54.087 [main] DEBUG org.hibernate.cfg.annotations.SimpleValueBinder - building SimpleValue for rPackage
14:36:54.087 [main] TRACE org.hibernate.engine.jdbc.env.internal.NormalizingIdentifierHelperImpl - Normalizing identifier quoting [package]
14:36:54.087 [main] DEBUG org.hibernate.cfg.annotations.PropertyBinder - Building property rPackage
14:36:54.087 [main] TRACE org.hibernate.cfg.annotations.PropertyBinder - Cascading rPackage with null
14:36:54.087 [main] TRACE org.hibernate.cfg.AnnotationBinder - Processing annotations of com.soft.entity.ResistorEntity.rPrecision
14:36:54.087 [main] TRACE org.hibernate.engine.jdbc.env.internal.NormalizingIdentifierHelperImpl - Normalizing identifier quoting [r_precision]
14:36:54.087 [main] TRACE org.hibernate.engine.jdbc.env.internal.NormalizingIdentifierHelperImpl - Normalizing identifier quoting [r_precision]
14:36:54.087 [main] DEBUG org.hibernate.cfg.Ejb3Column - Binding column: Ejb3Column{table=org.hibernate.mapping.Table(resistor), mappingColumn=r_precision, insertable=true, updatable=true, unique=false}
14:36:54.087 [main] DEBUG org.hibernate.cfg.annotations.PropertyBinder - MetadataSourceProcessor property rPrecision with lazy=false
14:36:54.087 [main] DEBUG org.hibernate.cfg.AbstractPropertyHolder - Attempting to locate auto-apply AttributeConverter for property [com.soft.entity.ResistorEntity:rPrecision]
14:36:54.087 [main] DEBUG org.hibernate.cfg.annotations.SimpleValueBinder - building SimpleValue for rPrecision
14:36:54.087 [main] TRACE org.hibernate.engine.jdbc.env.internal.NormalizingIdentifierHelperImpl - Normalizing identifier quoting [r_precision]
14:36:54.087 [main] DEBUG org.hibernate.cfg.annotations.PropertyBinder - Building property rPrecision
14:36:54.087 [main] TRACE org.hibernate.cfg.annotations.PropertyBinder - Cascading rPrecision with null
14:36:54.087 [main] DEBUG org.hibernate.cfg.AnnotationBinder - Binding entity from annotated class: com.soft.entity.TransistorEntity
14:36:54.088 [main] TRACE org.hibernate.engine.jdbc.env.internal.NormalizingIdentifierHelperImpl - Normalizing identifier quoting [DTYPE]
14:36:54.088 [main] DEBUG org.hibernate.cfg.Ejb3Column - Binding column: Ejb3DiscriminatorColumn{logicalColumnName'DTYPE', discriminatorTypeName='string'}
14:36:54.088 [main] DEBUG org.hibernate.cfg.annotations.EntityBinder - Import with entity name TransistorEntity
14:36:54.088 [main] TRACE org.hibernate.boot.internal.InFlightMetadataCollectorImpl - Import: TransistorEntity -> com.soft.entity.TransistorEntity
14:36:54.088 [main] TRACE org.hibernate.boot.internal.InFlightMetadataCollectorImpl - Import: com.soft.entity.TransistorEntity -> com.soft.entity.TransistorEntity
14:36:54.088 [main] TRACE org.hibernate.engine.jdbc.env.internal.NormalizingIdentifierHelperImpl - Normalizing identifier quoting [transistor]
14:36:54.088 [main] TRACE org.hibernate.engine.jdbc.env.internal.NormalizingIdentifierHelperImpl - Normalizing identifier quoting [transistor]
14:36:54.092 [main] DEBUG org.hibernate.cfg.annotations.EntityBinder - Bind entity com.soft.entity.TransistorEntity on table transistor
14:36:54.093 [main] TRACE org.hibernate.cfg.AnnotationBinder - Processing annotations of com.soft.entity.TransistorEntity.id
14:36:54.093 [main] TRACE org.hibernate.engine.jdbc.env.internal.NormalizingIdentifierHelperImpl - Normalizing identifier quoting [transistor_id]
14:36:54.093 [main] TRACE org.hibernate.engine.jdbc.env.internal.NormalizingIdentifierHelperImpl - Normalizing identifier quoting [transistor_id]
14:36:54.093 [main] DEBUG org.hibernate.cfg.Ejb3Column - Binding column: Ejb3Column{table=org.hibernate.mapping.Table(transistor), mappingColumn=transistor_id, insertable=true, updatable=true, unique=false}
14:36:54.093 [main] DEBUG org.hibernate.cfg.annotations.PropertyBinder - MetadataSourceProcessor property id with lazy=false
14:36:54.093 [main] DEBUG org.hibernate.cfg.AbstractPropertyHolder - Attempting to locate auto-apply AttributeConverter for property [com.soft.entity.TransistorEntity:id]
14:36:54.093 [main] DEBUG org.hibernate.cfg.annotations.SimpleValueBinder - building SimpleValue for id
14:36:54.093 [main] TRACE org.hibernate.engine.jdbc.env.internal.NormalizingIdentifierHelperImpl - Normalizing identifier quoting [transistor_id]
14:36:54.093 [main] DEBUG org.hibernate.cfg.annotations.PropertyBinder - Building property id
14:36:54.093 [main] TRACE org.hibernate.cfg.annotations.PropertyBinder - Cascading id with null
14:36:54.093 [main] TRACE org.hibernate.cfg.AnnotationBinder - Add generic generator with name: increment
14:36:54.093 [main] TRACE org.hibernate.cfg.AnnotationBinder - Bind @Id on id
14:36:54.093 [main] TRACE org.hibernate.cfg.AnnotationBinder - Processing annotations of com.soft.entity.TransistorEntity.category
14:36:54.094 [main] TRACE org.hibernate.engine.jdbc.env.internal.NormalizingIdentifierHelperImpl - Normalizing identifier quoting [category]
14:36:54.094 [main] TRACE org.hibernate.engine.jdbc.env.internal.NormalizingIdentifierHelperImpl - Normalizing identifier quoting [category]
14:36:54.094 [main] DEBUG org.hibernate.cfg.Ejb3Column - Binding column: Ejb3Column{table=org.hibernate.mapping.Table(transistor), mappingColumn=category, insertable=true, updatable=true, unique=false}
14:36:54.094 [main] DEBUG org.hibernate.cfg.annotations.PropertyBinder - MetadataSourceProcessor property category with lazy=false
14:36:54.094 [main] DEBUG org.hibernate.cfg.AbstractPropertyHolder - Attempting to locate auto-apply AttributeConverter for property [com.soft.entity.TransistorEntity:category]
14:36:54.094 [main] DEBUG org.hibernate.cfg.annotations.SimpleValueBinder - building SimpleValue for category
14:36:54.094 [main] TRACE org.hibernate.engine.jdbc.env.internal.NormalizingIdentifierHelperImpl - Normalizing identifier quoting [category]
14:36:54.094 [main] DEBUG org.hibernate.cfg.annotations.PropertyBinder - Building property category
14:36:54.094 [main] TRACE org.hibernate.cfg.annotations.PropertyBinder - Cascading category with null
14:36:54.094 [main] TRACE org.hibernate.cfg.AnnotationBinder - Processing annotations of com.soft.entity.TransistorEntity.conductanceType
14:36:54.094 [main] TRACE org.hibernate.engine.jdbc.env.internal.NormalizingIdentifierHelperImpl - Normalizing identifier quoting [conductunce_type]
14:36:54.094 [main] TRACE org.hibernate.engine.jdbc.env.internal.NormalizingIdentifierHelperImpl - Normalizing identifier quoting [conductunce_type]
14:36:54.094 [main] DEBUG org.hibernate.cfg.Ejb3Column - Binding column: Ejb3Column{table=org.hibernate.mapping.Table(transistor), mappingColumn=conductunce_type, insertable=true, updatable=true, unique=false}
14:36:54.094 [main] DEBUG org.hibernate.cfg.annotations.PropertyBinder - MetadataSourceProcessor property conductanceType with lazy=false
14:36:54.094 [main] DEBUG org.hibernate.cfg.AbstractPropertyHolder - Attempting to locate auto-apply AttributeConverter for property [com.soft.entity.TransistorEntity:conductanceType]
14:36:54.094 [main] DEBUG org.hibernate.cfg.annotations.SimpleValueBinder - building SimpleValue for conductanceType
14:36:54.094 [main] TRACE org.hibernate.engine.jdbc.env.internal.NormalizingIdentifierHelperImpl - Normalizing identifier quoting [conductunce_type]
14:36:54.094 [main] DEBUG org.hibernate.cfg.annotations.PropertyBinder - Building property conductanceType
14:36:54.094 [main] TRACE org.hibernate.cfg.annotations.PropertyBinder - Cascading conductanceType with null
14:36:54.094 [main] TRACE org.hibernate.cfg.AnnotationBinder - Processing annotations of com.soft.entity.TransistorEntity.description
14:36:54.094 [main] TRACE org.hibernate.engine.jdbc.env.internal.NormalizingIdentifierHelperImpl - Normalizing identifier quoting [description]
14:36:54.094 [main] TRACE org.hibernate.engine.jdbc.env.internal.NormalizingIdentifierHelperImpl - Normalizing identifier quoting [description]
14:36:54.095 [main] DEBUG org.hibernate.cfg.Ejb3Column - Binding column: Ejb3Column{table=org.hibernate.mapping.Table(transistor), mappingColumn=description, insertable=true, updatable=true, unique=false}
14:36:54.095 [main] DEBUG org.hibernate.cfg.annotations.PropertyBinder - MetadataSourceProcessor property description with lazy=false
14:36:54.095 [main] DEBUG org.hibernate.cfg.AbstractPropertyHolder - Attempting to locate auto-apply AttributeConverter for property [com.soft.entity.TransistorEntity:description]
14:36:54.095 [main] DEBUG org.hibernate.cfg.annotations.SimpleValueBinder - building SimpleValue for description
14:36:54.095 [main] TRACE org.hibernate.engine.jdbc.env.internal.NormalizingIdentifierHelperImpl - Normalizing identifier quoting [description]
14:36:54.095 [main] DEBUG org.hibernate.cfg.annotations.PropertyBinder - Building property description
14:36:54.095 [main] TRACE org.hibernate.cfg.annotations.PropertyBinder - Cascading description with null
14:36:54.095 [main] TRACE org.hibernate.cfg.AnnotationBinder - Processing annotations of com.soft.entity.TransistorEntity.gain
14:36:54.095 [main] TRACE org.hibernate.engine.jdbc.env.internal.NormalizingIdentifierHelperImpl - Normalizing identifier quoting [gain]
14:36:54.095 [main] TRACE org.hibernate.engine.jdbc.env.internal.NormalizingIdentifierHelperImpl - Normalizing identifier quoting [gain]
14:36:54.096 [main] DEBUG org.hibernate.cfg.Ejb3Column - Binding column: Ejb3Column{table=org.hibernate.mapping.Table(transistor), mappingColumn=gain, insertable=true, updatable=true, unique=false}
14:36:54.096 [main] DEBUG org.hibernate.cfg.annotations.PropertyBinder - MetadataSourceProcessor property gain with lazy=false
14:36:54.096 [main] DEBUG org.hibernate.cfg.AbstractPropertyHolder - Attempting to locate auto-apply AttributeConverter for property [com.soft.entity.TransistorEntity:gain]
14:36:54.096 [main] DEBUG org.hibernate.cfg.annotations.SimpleValueBinder - building SimpleValue for gain
14:36:54.096 [main] TRACE org.hibernate.engine.jdbc.env.internal.NormalizingIdentifierHelperImpl - Normalizing identifier quoting [gain]
14:36:54.096 [main] DEBUG org.hibernate.cfg.annotations.PropertyBinder - Building property gain
14:36:54.096 [main] TRACE org.hibernate.cfg.annotations.PropertyBinder - Cascading gain with null
14:36:54.096 [main] TRACE org.hibernate.cfg.AnnotationBinder - Processing annotations of com.soft.entity.TransistorEntity.maxCurrent
14:36:54.096 [main] TRACE org.hibernate.engine.jdbc.env.internal.NormalizingIdentifierHelperImpl - Normalizing identifier quoting [max_current]
14:36:54.096 [main] TRACE org.hibernate.engine.jdbc.env.internal.NormalizingIdentifierHelperImpl - Normalizing identifier quoting [max_current]
14:36:54.096 [main] DEBUG org.hibernate.cfg.Ejb3Column - Binding column: Ejb3Column{table=org.hibernate.mapping.Table(transistor), mappingColumn=max_current, insertable=true, updatable=true, unique=false}
14:36:54.096 [main] DEBUG org.hibernate.cfg.annotations.PropertyBinder - MetadataSourceProcessor property maxCurrent with lazy=false
14:36:54.096 [main] DEBUG org.hibernate.cfg.AbstractPropertyHolder - Attempting to locate auto-apply AttributeConverter for property [com.soft.entity.TransistorEntity:maxCurrent]
14:36:54.096 [main] DEBUG org.hibernate.cfg.annotations.SimpleValueBinder - building SimpleValue for maxCurrent
14:36:54.096 [main] TRACE org.hibernate.engine.jdbc.env.internal.NormalizingIdentifierHelperImpl - Normalizing identifier quoting [max_current]
14:36:54.096 [main] DEBUG org.hibernate.cfg.annotations.PropertyBinder - Building property maxCurrent
14:36:54.096 [main] TRACE org.hibernate.cfg.annotations.PropertyBinder - Cascading maxCurrent with null
14:36:54.096 [main] TRACE org.hibernate.cfg.AnnotationBinder - Processing annotations of com.soft.entity.TransistorEntity.maxCurrentUnit
14:36:54.096 [main] TRACE org.hibernate.engine.jdbc.env.internal.NormalizingIdentifierHelperImpl - Normalizing identifier quoting [max_current_unit]
14:36:54.096 [main] TRACE org.hibernate.engine.jdbc.env.internal.NormalizingIdentifierHelperImpl - Normalizing identifier quoting [max_current_unit]
14:36:54.096 [main] DEBUG org.hibernate.cfg.Ejb3Column - Binding column: Ejb3Column{table=org.hibernate.mapping.Table(transistor), mappingColumn=max_current_unit, insertable=true, updatable=true, unique=false}
14:36:54.096 [main] DEBUG org.hibernate.cfg.annotations.PropertyBinder - MetadataSourceProcessor property maxCurrentUnit with lazy=false
14:36:54.096 [main] DEBUG org.hibernate.cfg.AbstractPropertyHolder - Attempting to locate auto-apply AttributeConverter for property [com.soft.entity.TransistorEntity:maxCurrentUnit]
14:36:54.096 [main] DEBUG org.hibernate.cfg.annotations.SimpleValueBinder - building SimpleValue for maxCurrentUnit
14:36:54.096 [main] TRACE org.hibernate.engine.jdbc.env.internal.NormalizingIdentifierHelperImpl - Normalizing identifier quoting [max_current_unit]
14:36:54.096 [main] DEBUG org.hibernate.cfg.annotations.PropertyBinder - Building property maxCurrentUnit
14:36:54.096 [main] TRACE org.hibernate.cfg.annotations.PropertyBinder - Cascading maxCurrentUnit with null
14:36:54.097 [main] TRACE org.hibernate.cfg.AnnotationBinder - Processing annotations of com.soft.entity.TransistorEntity.name
14:36:54.097 [main] TRACE org.hibernate.engine.jdbc.env.internal.NormalizingIdentifierHelperImpl - Normalizing identifier quoting [name]
14:36:54.097 [main] TRACE org.hibernate.engine.jdbc.env.internal.NormalizingIdentifierHelperImpl - Normalizing identifier quoting [name]
14:36:54.097 [main] DEBUG org.hibernate.cfg.Ejb3Column - Binding column: Ejb3Column{table=org.hibernate.mapping.Table(transistor), mappingColumn=name, insertable=true, updatable=true, unique=false}
14:36:54.097 [main] DEBUG org.hibernate.cfg.annotations.PropertyBinder - MetadataSourceProcessor property name with lazy=false
14:36:54.097 [main] DEBUG org.hibernate.cfg.AbstractPropertyHolder - Attempting to locate auto-apply AttributeConverter for property [com.soft.entity.TransistorEntity:name]
14:36:54.097 [main] DEBUG org.hibernate.cfg.annotations.SimpleValueBinder - building SimpleValue for name
14:36:54.097 [main] TRACE org.hibernate.engine.jdbc.env.internal.NormalizingIdentifierHelperImpl - Normalizing identifier quoting [name]
14:36:54.097 [main] DEBUG org.hibernate.cfg.annotations.PropertyBinder - Building property name
14:36:54.097 [main] TRACE org.hibernate.cfg.annotations.PropertyBinder - Cascading name with null
14:36:54.097 [main] TRACE org.hibernate.cfg.AnnotationBinder - Processing annotations of com.soft.entity.TransistorEntity.photo
14:36:54.097 [main] TRACE org.hibernate.engine.jdbc.env.internal.NormalizingIdentifierHelperImpl - Normalizing identifier quoting [photo]
14:36:54.097 [main] TRACE org.hibernate.engine.jdbc.env.internal.NormalizingIdentifierHelperImpl - Normalizing identifier quoting [photo]
14:36:54.097 [main] DEBUG org.hibernate.cfg.Ejb3Column - Binding column: Ejb3Column{table=org.hibernate.mapping.Table(transistor), mappingColumn=photo, insertable=true, updatable=true, unique=false}
14:36:54.097 [main] DEBUG org.hibernate.cfg.annotations.PropertyBinder - MetadataSourceProcessor property photo with lazy=false
14:36:54.097 [main] DEBUG org.hibernate.cfg.AbstractPropertyHolder - Attempting to locate auto-apply AttributeConverter for property [com.soft.entity.TransistorEntity:photo]
14:36:54.097 [main] DEBUG org.hibernate.cfg.annotations.SimpleValueBinder - building SimpleValue for photo
14:36:54.097 [main] TRACE org.hibernate.engine.jdbc.env.internal.NormalizingIdentifierHelperImpl - Normalizing identifier quoting [photo]
14:36:54.097 [main] DEBUG org.hibernate.cfg.annotations.PropertyBinder - Building property photo
14:36:54.097 [main] TRACE org.hibernate.cfg.annotations.PropertyBinder - Cascading photo with null
14:36:54.097 [main] TRACE org.hibernate.cfg.AnnotationBinder - Processing annotations of com.soft.entity.TransistorEntity.price
14:36:54.097 [main] TRACE org.hibernate.engine.jdbc.env.internal.NormalizingIdentifierHelperImpl - Normalizing identifier quoting [price]
14:36:54.097 [main] TRACE org.hibernate.engine.jdbc.env.internal.NormalizingIdentifierHelperImpl - Normalizing identifier quoting [price]
14:36:54.097 [main] DEBUG org.hibernate.cfg.Ejb3Column - Binding column: Ejb3Column{table=org.hibernate.mapping.Table(transistor), mappingColumn=price, insertable=true, updatable=true, unique=false}
14:36:54.097 [main] DEBUG org.hibernate.cfg.annotations.PropertyBinder - MetadataSourceProcessor property price with lazy=false
14:36:54.097 [main] DEBUG org.hibernate.cfg.AbstractPropertyHolder - Attempting to locate auto-apply AttributeConverter for property [com.soft.entity.TransistorEntity:price]
14:36:54.097 [main] DEBUG org.hibernate.cfg.annotations.SimpleValueBinder - building SimpleValue for price
14:36:54.098 [main] TRACE org.hibernate.engine.jdbc.env.internal.NormalizingIdentifierHelperImpl - Normalizing identifier quoting [price]
14:36:54.098 [main] DEBUG org.hibernate.cfg.annotations.PropertyBinder - Building property price
14:36:54.098 [main] TRACE org.hibernate.cfg.annotations.PropertyBinder - Cascading price with null
14:36:54.098 [main] TRACE org.hibernate.cfg.AnnotationBinder - Processing annotations of com.soft.entity.TransistorEntity.producer
14:36:54.098 [main] TRACE org.hibernate.engine.jdbc.env.internal.NormalizingIdentifierHelperImpl - Normalizing identifier quoting [producer]
14:36:54.098 [main] TRACE org.hibernate.engine.jdbc.env.internal.NormalizingIdentifierHelperImpl - Normalizing identifier quoting [producer]
14:36:54.098 [main] DEBUG org.hibernate.cfg.Ejb3Column - Binding column: Ejb3Column{table=org.hibernate.mapping.Table(transistor), mappingColumn=producer, insertable=true, updatable=true, unique=false}
14:36:54.098 [main] DEBUG org.hibernate.cfg.annotations.PropertyBinder - MetadataSourceProcessor property producer with lazy=false
14:36:54.098 [main] DEBUG org.hibernate.cfg.AbstractPropertyHolder - Attempting to locate auto-apply AttributeConverter for property [com.soft.entity.TransistorEntity:producer]
14:36:54.098 [main] DEBUG org.hibernate.cfg.annotations.SimpleValueBinder - building SimpleValue for producer
14:36:54.098 [main] TRACE org.hibernate.engine.jdbc.env.internal.NormalizingIdentifierHelperImpl - Normalizing identifier quoting [producer]
14:36:54.098 [main] DEBUG org.hibernate.cfg.annotations.PropertyBinder - Building property producer
14:36:54.098 [main] TRACE org.hibernate.cfg.annotations.PropertyBinder - Cascading producer with null
14:36:54.098 [main] TRACE org.hibernate.cfg.AnnotationBinder - Processing annotations of com.soft.entity.TransistorEntity.quantity
14:36:54.098 [main] TRACE org.hibernate.engine.jdbc.env.internal.NormalizingIdentifierHelperImpl - Normalizing identifier quoting [quantity]
14:36:54.098 [main] TRACE org.hibernate.engine.jdbc.env.internal.NormalizingIdentifierHelperImpl - Normalizing identifier quoting [quantity]
14:36:54.098 [main] DEBUG org.hibernate.cfg.Ejb3Column - Binding column: Ejb3Column{table=org.hibernate.mapping.Table(transistor), mappingColumn=quantity, insertable=true, updatable=true, unique=false}
14:36:54.098 [main] DEBUG org.hibernate.cfg.annotations.PropertyBinder - MetadataSourceProcessor property quantity with lazy=false
14:36:54.098 [main] DEBUG org.hibernate.cfg.AbstractPropertyHolder - Attempting to locate auto-apply AttributeConverter for property [com.soft.entity.TransistorEntity:quantity]
14:36:54.098 [main] DEBUG org.hibernate.cfg.annotations.SimpleValueBinder - building SimpleValue for quantity
14:36:54.098 [main] TRACE org.hibernate.engine.jdbc.env.internal.NormalizingIdentifierHelperImpl - Normalizing identifier quoting [quantity]
14:36:54.098 [main] DEBUG org.hibernate.cfg.annotations.PropertyBinder - Building property quantity
14:36:54.098 [main] TRACE org.hibernate.cfg.annotations.PropertyBinder - Cascading quantity with null
14:36:54.098 [main] TRACE org.hibernate.cfg.AnnotationBinder - Processing annotations of com.soft.entity.TransistorEntity.tPackage
14:36:54.098 [main] TRACE org.hibernate.engine.jdbc.env.internal.NormalizingIdentifierHelperImpl - Normalizing identifier quoting [package]
14:36:54.098 [main] TRACE org.hibernate.engine.jdbc.env.internal.NormalizingIdentifierHelperImpl - Normalizing identifier quoting [package]
14:36:54.098 [main] DEBUG org.hibernate.cfg.Ejb3Column - Binding column: Ejb3Column{table=org.hibernate.mapping.Table(transistor), mappingColumn=package, insertable=true, updatable=true, unique=false}
14:36:54.099 [main] DEBUG org.hibernate.cfg.annotations.PropertyBinder - MetadataSourceProcessor property tPackage with lazy=false
14:36:54.099 [main] DEBUG org.hibernate.cfg.AbstractPropertyHolder - Attempting to locate auto-apply AttributeConverter for property [com.soft.entity.TransistorEntity:tPackage]
14:36:54.099 [main] DEBUG org.hibernate.cfg.annotations.SimpleValueBinder - building SimpleValue for tPackage
14:36:54.099 [main] TRACE org.hibernate.engine.jdbc.env.internal.NormalizingIdentifierHelperImpl - Normalizing identifier quoting [package]
14:36:54.099 [main] DEBUG org.hibernate.cfg.annotations.PropertyBinder - Building property tPackage
14:36:54.099 [main] TRACE org.hibernate.cfg.annotations.PropertyBinder - Cascading tPackage with null
14:36:54.099 [main] DEBUG org.hibernate.cfg.annotations.SimpleValueBinder - Starting fillSimpleValue for id
14:36:54.099 [main] DEBUG org.hibernate.cfg.annotations.SimpleValueBinder - Starting fillSimpleValue for entityName
14:36:54.099 [main] DEBUG org.hibernate.cfg.annotations.SimpleValueBinder - Starting fillSimpleValue for name
14:36:54.099 [main] DEBUG org.hibernate.cfg.annotations.SimpleValueBinder - Starting fillSimpleValue for photo
14:36:54.099 [main] DEBUG org.hibernate.cfg.annotations.SimpleValueBinder - Starting fillSimpleValue for id
14:36:54.099 [main] DEBUG org.hibernate.cfg.annotations.SimpleValueBinder - Starting fillSimpleValue for locale
14:36:54.099 [main] DEBUG org.hibernate.cfg.annotations.SimpleValueBinder - Starting fillSimpleValue for message
14:36:54.103 [main] DEBUG org.hibernate.cfg.annotations.SimpleValueBinder - Starting fillSimpleValue for msgKey
14:36:54.103 [main] DEBUG org.hibernate.cfg.annotations.SimpleValueBinder - Starting fillSimpleValue for id
14:36:54.103 [main] DEBUG org.hibernate.cfg.annotations.SimpleValueBinder - Starting fillSimpleValue for name
14:36:54.103 [main] DEBUG org.hibernate.cfg.annotations.SimpleValueBinder - Starting fillSimpleValue for id
14:36:54.103 [main] DEBUG org.hibernate.cfg.annotations.SimpleValueBinder - Starting fillSimpleValue for producerCategory
14:36:54.103 [main] DEBUG org.hibernate.cfg.annotations.SimpleValueBinder - Starting fillSimpleValue for producerName
14:36:54.103 [main] DEBUG org.hibernate.cfg.annotations.SimpleValueBinder - Starting fillSimpleValue for id
14:36:54.103 [main] DEBUG org.hibernate.cfg.annotations.SimpleValueBinder - Starting fillSimpleValue for category
14:36:54.103 [main] DEBUG org.hibernate.cfg.annotations.SimpleValueBinder - Starting fillSimpleValue for description
14:36:54.103 [main] DEBUG org.hibernate.cfg.annotations.SimpleValueBinder - Starting fillSimpleValue for name
14:36:54.103 [main] DEBUG org.hibernate.cfg.annotations.SimpleValueBinder - Starting fillSimpleValue for nominal
14:36:54.103 [main] DEBUG org.hibernate.cfg.annotations.SimpleValueBinder - Starting fillSimpleValue for nominalUnit
14:36:54.103 [main] DEBUG org.hibernate.cfg.annotations.SimpleValueBinder - Starting fillSimpleValue for photo
14:36:54.103 [main] DEBUG org.hibernate.cfg.annotations.SimpleValueBinder - Starting fillSimpleValue for power
14:36:54.103 [main] DEBUG org.hibernate.cfg.annotations.SimpleValueBinder - Starting fillSimpleValue for powerUnit
14:36:54.103 [main] DEBUG org.hibernate.cfg.annotations.SimpleValueBinder - Starting fillSimpleValue for price
14:36:54.105 [main] DEBUG org.hibernate.cfg.annotations.SimpleValueBinder - Starting fillSimpleValue for producer
14:36:54.106 [main] DEBUG org.hibernate.cfg.annotations.SimpleValueBinder - Starting fillSimpleValue for quantity
14:36:54.106 [main] DEBUG org.hibernate.cfg.annotations.SimpleValueBinder - Starting fillSimpleValue for rPackage
14:36:54.106 [main] DEBUG org.hibernate.cfg.annotations.SimpleValueBinder - Starting fillSimpleValue for rPrecision
14:36:54.106 [main] DEBUG org.hibernate.cfg.annotations.SimpleValueBinder - Starting fillSimpleValue for id
14:36:54.106 [main] DEBUG org.hibernate.cfg.annotations.SimpleValueBinder - Starting fillSimpleValue for category
14:36:54.106 [main] DEBUG org.hibernate.cfg.annotations.SimpleValueBinder - Starting fillSimpleValue for conductanceType
14:36:54.106 [main] DEBUG org.hibernate.cfg.annotations.SimpleValueBinder - Starting fillSimpleValue for description
14:36:54.106 [main] DEBUG org.hibernate.cfg.annotations.SimpleValueBinder - Starting fillSimpleValue for gain
14:36:54.106 [main] DEBUG org.hibernate.cfg.annotations.SimpleValueBinder - Starting fillSimpleValue for maxCurrent
14:36:54.106 [main] DEBUG org.hibernate.cfg.annotations.SimpleValueBinder - Starting fillSimpleValue for maxCurrentUnit
14:36:54.106 [main] DEBUG org.hibernate.cfg.annotations.SimpleValueBinder - Starting fillSimpleValue for name
14:36:54.106 [main] DEBUG org.hibernate.cfg.annotations.SimpleValueBinder - Starting fillSimpleValue for photo
14:36:54.106 [main] DEBUG org.hibernate.cfg.annotations.SimpleValueBinder - Starting fillSimpleValue for price
14:36:54.106 [main] DEBUG org.hibernate.cfg.annotations.SimpleValueBinder - Starting fillSimpleValue for producer
14:36:54.106 [main] DEBUG org.hibernate.cfg.annotations.SimpleValueBinder - Starting fillSimpleValue for quantity
14:36:54.106 [main] DEBUG org.hibernate.cfg.annotations.SimpleValueBinder - Starting fillSimpleValue for tPackage
14:36:54.106 [main] DEBUG org.hibernate.mapping.PrimaryKey - Forcing column [category_id] to be non-null as it is part of the primary key for table [category]
14:36:54.106 [main] DEBUG org.hibernate.mapping.PrimaryKey - Forcing column [id] to be non-null as it is part of the primary key for table [locale]
14:36:54.106 [main] DEBUG org.hibernate.mapping.PrimaryKey - Forcing column [id] to be non-null as it is part of the primary key for table [person]
14:36:54.106 [main] DEBUG org.hibernate.mapping.PrimaryKey - Forcing column [producer_id] to be non-null as it is part of the primary key for table [producer]
14:36:54.106 [main] DEBUG org.hibernate.mapping.PrimaryKey - Forcing column [resistor_id] to be non-null as it is part of the primary key for table [resistor]
14:36:54.106 [main] DEBUG org.hibernate.mapping.PrimaryKey - Forcing column [transistor_id] to be non-null as it is part of the primary key for table [transistor]
14:36:54.107 [main] TRACE org.hibernate.engine.jdbc.env.internal.NormalizingIdentifierHelperImpl - Normalizing identifier quoting [resistor_id]
14:36:54.107 [main] TRACE org.hibernate.engine.jdbc.env.internal.NormalizingIdentifierHelperImpl - Normalizing identifier quoting [resistor]
14:36:54.107 [main] TRACE org.hibernate.engine.jdbc.env.internal.NormalizingIdentifierHelperImpl - Normalizing identifier quoting [producer_id]
14:36:54.107 [main] TRACE org.hibernate.engine.jdbc.env.internal.NormalizingIdentifierHelperImpl - Normalizing identifier quoting [producer]
14:36:54.107 [main] TRACE org.hibernate.engine.jdbc.env.internal.NormalizingIdentifierHelperImpl - Normalizing identifier quoting [transistor_id]
14:36:54.107 [main] TRACE org.hibernate.engine.jdbc.env.internal.NormalizingIdentifierHelperImpl - Normalizing identifier quoting [transistor]
14:36:54.107 [main] TRACE org.hibernate.engine.jdbc.env.internal.NormalizingIdentifierHelperImpl - Normalizing identifier quoting [category_id]
14:36:54.107 [main] TRACE org.hibernate.engine.jdbc.env.internal.NormalizingIdentifierHelperImpl - Normalizing identifier quoting [category]
14:36:54.107 [main] TRACE org.hibernate.engine.jdbc.env.internal.NormalizingIdentifierHelperImpl - Normalizing identifier quoting [ID]
14:36:54.107 [main] TRACE org.hibernate.engine.jdbc.env.internal.NormalizingIdentifierHelperImpl - Normalizing identifier quoting [PERSON]
14:36:54.108 [main] TRACE org.hibernate.engine.jdbc.env.internal.NormalizingIdentifierHelperImpl - Normalizing identifier quoting [ID]
14:36:54.108 [main] TRACE org.hibernate.engine.jdbc.env.internal.NormalizingIdentifierHelperImpl - Normalizing identifier quoting [locale]
14:36:54.114 [main] TRACE org.hibernate.loader.BatchFetchStyle - Interpreting BatchFetchStyle from setting : null
14:36:54.128 [main] DEBUG org.hibernate.internal.SessionFactoryImpl - Building session factory
14:36:54.128 [main] DEBUG org.hibernate.cfg.Settings - SessionFactory name : null
14:36:54.128 [main] DEBUG org.hibernate.cfg.Settings - Automatic flush during beforeCompletion(): enabled
14:36:54.128 [main] DEBUG org.hibernate.cfg.Settings - Automatic session close at end of transaction: disabled
14:36:54.128 [main] DEBUG org.hibernate.cfg.Settings - Statistics: disabled
14:36:54.128 [main] DEBUG org.hibernate.cfg.Settings - Deleted entity synthetic identifier rollback: disabled
14:36:54.129 [main] DEBUG org.hibernate.cfg.Settings - Default entity-mode: pojo
14:36:54.129 [main] DEBUG org.hibernate.cfg.Settings - Check Nullability in Core (should be disabled when Bean Validation is on): enabled
14:36:54.129 [main] DEBUG org.hibernate.cfg.Settings - Allow initialization of lazy state outside session : disabled
14:36:54.129 [main] DEBUG org.hibernate.cfg.Settings - Using BatchFetchStyle : LEGACY
14:36:54.129 [main] DEBUG org.hibernate.cfg.Settings - Default batch fetch size: -1
14:36:54.129 [main] DEBUG org.hibernate.cfg.Settings - Maximum outer join fetch depth: 2
14:36:54.129 [main] DEBUG org.hibernate.cfg.Settings - Default null ordering: NONE
14:36:54.129 [main] DEBUG org.hibernate.cfg.Settings - Order SQL updates by primary key: disabled
14:36:54.129 [main] DEBUG org.hibernate.cfg.Settings - Order SQL inserts for batching: disabled
14:36:54.129 [main] DEBUG org.hibernate.cfg.Settings - multi-tenancy strategy : NONE
14:36:54.129 [main] DEBUG org.hibernate.cfg.Settings - JTA Track by Thread: enabled
14:36:54.129 [main] DEBUG org.hibernate.cfg.Settings - Query language substitutions: {}
14:36:54.129 [main] DEBUG org.hibernate.cfg.Settings - JPA query language strict compliance: disabled
14:36:54.129 [main] DEBUG org.hibernate.cfg.Settings - Named query checking : enabled
14:36:54.129 [main] DEBUG org.hibernate.cfg.Settings - Second-level cache: enabled
14:36:54.129 [main] DEBUG org.hibernate.cfg.Settings - Second-level query cache: enabled
14:36:54.129 [main] DEBUG org.hibernate.cfg.Settings - Second-level query cache factory: org.hibernate.cache.internal.StandardQueryCacheFactory@58f07f02
14:36:54.129 [main] DEBUG org.hibernate.cfg.Settings - Second-level cache region prefix: null
14:36:54.129 [main] DEBUG org.hibernate.cfg.Settings - Optimize second-level cache for minimal puts: enabled
14:36:54.129 [main] DEBUG org.hibernate.cfg.Settings - Structured second-level cache entries: disabled
14:36:54.129 [main] DEBUG org.hibernate.cfg.Settings - Second-level cache direct-reference entries: disabled
14:36:54.129 [main] DEBUG org.hibernate.cfg.Settings - Automatic eviction of collection cache: disabled
14:36:54.129 [main] DEBUG org.hibernate.cfg.Settings - JDBC batch size: 15
14:36:54.129 [main] DEBUG org.hibernate.cfg.Settings - JDBC batch updates for versioned data: enabled
14:36:54.129 [main] DEBUG org.hibernate.cfg.Settings - Scrollable result sets: enabled
14:36:54.129 [main] DEBUG org.hibernate.cfg.Settings - Wrap result sets: disabled
14:36:54.129 [main] DEBUG org.hibernate.cfg.Settings - JDBC3 getGeneratedKeys(): enabled
14:36:54.129 [main] DEBUG org.hibernate.cfg.Settings - JDBC result set fetch size: null
14:36:54.129 [main] DEBUG org.hibernate.cfg.Settings - Connection release mode: ON_CLOSE
14:36:54.129 [main] DEBUG org.hibernate.cfg.Settings - Generate SQL with comments: disabled
14:36:54.129 [main] TRACE org.hibernate.service.internal.AbstractServiceRegistryImpl - Initializing service [role=org.hibernate.service.spi.SessionFactoryServiceRegistryFactory]
14:36:54.133 [main] TRACE org.hibernate.service.internal.AbstractServiceRegistryImpl - Initializing service [role=org.hibernate.event.service.spi.EventListenerRegistry]
14:36:54.161 [main] TRACE org.hibernate.service.internal.AbstractServiceRegistryImpl - Initializing service [role=org.hibernate.engine.spi.CacheImplementor]
14:36:54.214 [main] DEBUG org.ehcache.core.internal.service.ServiceLocator - Starting 16 Services...
14:36:54.216 [main] DEBUG org.ehcache.impl.internal.statistics.DefaultStatisticsService - Starting service
14:36:54.216 [main] DEBUG org.ehcache.core.internal.service.ServiceLocator - All Services successfully started, 16 Services in 3ms
14:36:54.217 [main] DEBUG org.ehcache.impl.internal.statistics.DefaultStatisticsService - Moving from UNINITIALIZED to AVAILABLE
14:36:54.217 [main] DEBUG org.ehcache.core.EhcacheManager - Initialize successful.
14:36:54.227 [main] DEBUG org.ehcache.jsr107.ConfigurationMerger - Using default Copier for JSR-107 store-by-value cache org.hibernate.cache.spi.UpdateTimestampsCache
14:36:54.228 [main] DEBUG org.ehcache.core.EhcacheManager - Creating Cache 'org.hibernate.cache.spi.UpdateTimestampsCache' in Eh107InternalCacheManager.
14:36:54.230 [main] DEBUG org.ehcache.impl.internal.spi.serialization.DefaultSerializationProvider - Serializer for <java.lang.Object> : org.ehcache.impl.serialization.PlainJavaSerializer@12968227
14:36:54.230 [main] DEBUG org.ehcache.impl.internal.spi.serialization.DefaultSerializationProvider - Serializer for <java.lang.Object> : org.ehcache.impl.serialization.PlainJavaSerializer@5e2a3040
14:36:54.232 [main] DEBUG org.ehcache.impl.internal.spi.copy.DefaultCopyProvider - Copier for <java.lang.Object> : org.ehcache.impl.copy.SerializingCopier@618ad2aa
14:36:54.232 [main] DEBUG org.ehcache.impl.internal.spi.copy.DefaultCopyProvider - Copier for <java.lang.Object> : org.ehcache.impl.copy.SerializingCopier@1aa6e3c0
14:36:54.336 [main] TRACE class org.ehcache.core.Ehcache-org.hibernate.cache.spi.UpdateTimestampsCache - Initializing
14:36:54.336 [main] DEBUG class org.ehcache.core.Ehcache-org.hibernate.cache.spi.UpdateTimestampsCache - Initialize successful.
14:36:54.336 [main] DEBUG org.ehcache.impl.internal.statistics.DefaultStatisticsService - Cache added org.hibernate.cache.spi.UpdateTimestampsCache
14:36:54.346 [main] INFO  org.ehcache.core.EhcacheManager - Cache 'org.hibernate.cache.spi.UpdateTimestampsCache' created in Eh107InternalCacheManager.
14:36:54.349 [main] INFO  org.hibernate.cache.spi.UpdateTimestampsCache - HHH000250: Starting update timestamps cache at region: org.hibernate.cache.spi.UpdateTimestampsCache
14:36:54.349 [main] DEBUG org.ehcache.jsr107.ConfigurationMerger - Using default Copier for JSR-107 store-by-value cache org.hibernate.cache.internal.StandardQueryCache
14:36:54.349 [main] DEBUG org.ehcache.core.EhcacheManager - Creating Cache 'org.hibernate.cache.internal.StandardQueryCache' in Eh107InternalCacheManager.
14:36:54.349 [main] DEBUG org.ehcache.impl.internal.spi.serialization.DefaultSerializationProvider - Serializer for <java.lang.Object> : org.ehcache.impl.serialization.PlainJavaSerializer@312b34e3
14:36:54.350 [main] DEBUG org.ehcache.impl.internal.spi.serialization.DefaultSerializationProvider - Serializer for <java.lang.Object> : org.ehcache.impl.serialization.PlainJavaSerializer@26844abb
14:36:54.350 [main] DEBUG org.ehcache.impl.internal.spi.copy.DefaultCopyProvider - Copier for <java.lang.Object> : org.ehcache.impl.copy.SerializingCopier@1a865273
14:36:54.350 [main] DEBUG org.ehcache.impl.internal.spi.copy.DefaultCopyProvider - Copier for <java.lang.Object> : org.ehcache.impl.copy.SerializingCopier@288ca5f0
14:36:54.352 [main] TRACE class org.ehcache.core.Ehcache-org.hibernate.cache.internal.StandardQueryCache - Initializing
14:36:54.352 [main] DEBUG class org.ehcache.core.Ehcache-org.hibernate.cache.internal.StandardQueryCache - Initialize successful.
14:36:54.352 [main] DEBUG org.ehcache.impl.internal.statistics.DefaultStatisticsService - Cache added org.hibernate.cache.internal.StandardQueryCache
14:36:54.354 [main] INFO  org.ehcache.core.EhcacheManager - Cache 'org.hibernate.cache.internal.StandardQueryCache' created in Eh107InternalCacheManager.
14:36:54.355 [main] INFO  org.hibernate.cache.internal.StandardQueryCache - HHH000248: Starting query cache at region: org.hibernate.cache.internal.StandardQueryCache
14:36:54.361 [main] TRACE org.hibernate.type.TypeFactory - Scoping types to session factory org.hibernate.internal.SessionFactoryImpl@76563d26
14:36:54.361 [main] DEBUG org.hibernate.internal.SessionFactoryImpl - Session factory constructed with filter configurations : {}
14:36:54.361 [main] DEBUG org.hibernate.internal.SessionFactoryImpl - Instantiating session factory with properties: {sun.desktop=gnome, awt.toolkit=sun.awt.X11.XToolkit, file.encoding.pkg=sun.io, java.specification.version=1.8, hibernate.connection.handling_mode=DELAYED_ACQUISITION_AND_HOLD, sun.cpu.isalist=, sun.jnu.encoding=UTF-8, hibernate.dialect=org.hibernate.dialect.MySQL5Dialect, java.class.path=/home/mihail/programs/project_mvn/eShop/eShop_repo/eshop/target/test-classes:/home/mihail/programs/project_mvn/eShop/eShop_repo/eshop/target/classes:/home/mihail/.m2/repository/org/hsqldb/hsqldb/2.5.0/hsqldb-2.5.0.jar:/home/mihail/.m2/repository/org/apache/commons/commons-dbcp2/2.7.0/commons-dbcp2-2.7.0.jar:/home/mihail/.m2/repository/org/apache/commons/commons-pool2/2.7.0/commons-pool2-2.7.0.jar:/home/mihail/.m2/repository/commons-logging/commons-logging/1.2/commons-logging-1.2.jar:/home/mihail/.m2/repository/org/apache/logging/log4j/log4j-api/2.11.1/log4j-api-2.11.1.jar:/home/mihail/.m2/repository/org/apache/logging/log4j/log4j-core/2.11.1/log4j-core-2.11.1.jar:/home/mihail/.m2/repository/org/apache/logging/log4j/log4j-jcl/2.11.1/log4j-jcl-2.11.1.jar:/home/mihail/.m2/repository/org/apache/logging/log4j/log4j-slf4j-impl/2.11.1/log4j-slf4j-impl-2.11.1.jar:/home/mihail/.m2/repository/org/slf4j/slf4j-api/1.7.25/slf4j-api-1.7.25.jar:/home/mihail/.m2/repository/org/apache/logging/log4j/log4j-taglib/2.11.1/log4j-taglib-2.11.1.jar:/home/mihail/.m2/repository/org/junit/jupiter/junit-jupiter/5.6.0/junit-jupiter-5.6.0.jar:/home/mihail/.m2/repository/org/junit/jupiter/junit-jupiter-api/5.6.0/junit-jupiter-api-5.6.0.jar:/home/mihail/.m2/repository/org/apiguardian/apiguardian-api/1.1.0/apiguardian-api-1.1.0.jar:/home/mihail/.m2/repository/org/opentest4j/opentest4j/1.2.0/opentest4j-1.2.0.jar:/home/mihail/.m2/repository/org/junit/platform/junit-platform-commons/1.6.0/junit-platform-commons-1.6.0.jar:/home/mihail/.m2/repository/org/junit/jupiter/junit-jupiter-params/5.6.0/junit-jupiter-params-5.6.0.jar:/home/mihail/.m2/repository/org/junit/jupiter/junit-jupiter-engine/5.6.0/junit-jupiter-engine-5.6.0.jar:/home/mihail/.m2/repository/org/junit/platform/junit-platform-engine/1.6.0/junit-platform-engine-1.6.0.jar:/home/mihail/.m2/repository/org/springframework/spring-core/5.2.0.RELEASE/spring-core-5.2.0.RELEASE.jar:/home/mihail/.m2/repository/org/springframework/spring-jcl/5.2.0.RELEASE/spring-jcl-5.2.0.RELEASE.jar:/home/mihail/.m2/repository/org/springframework/spring-context/5.0.4.RELEASE/spring-context-5.0.4.RELEASE.jar:/home/mihail/.m2/repository/org/springframework/spring-aop/5.0.4.RELEASE/spring-aop-5.0.4.RELEASE.jar:/home/mihail/.m2/repository/org/springframework/spring-beans/5.0.4.RELEASE/spring-beans-5.0.4.RELEASE.jar:/home/mihail/.m2/repository/org/springframework/spring-expression/5.0.4.RELEASE/spring-expression-5.0.4.RELEASE.jar:/home/mihail/.m2/repository/org/springframework/spring-jdbc/5.0.4.RELEASE/spring-jdbc-5.0.4.RELEASE.jar:/home/mihail/.m2/repository/org/springframework/spring-orm/5.0.4.RELEASE/spring-orm-5.0.4.RELEASE.jar:/home/mihail/.m2/repository/org/springframework/spring-web/5.0.4.RELEASE/spring-web-5.0.4.RELEASE.jar:/home/mihail/.m2/repository/org/springframework/spring-webmvc/5.0.4.RELEASE/spring-webmvc-5.0.4.RELEASE.jar:/home/mihail/.m2/repository/org/springframework/spring-websocket/5.0.4.RELEASE/spring-websocket-5.0.4.RELEASE.jar:/home/mihail/.m2/repository/org/springframework/spring-tx/5.0.4.RELEASE/spring-tx-5.0.4.RELEASE.jar:/home/mihail/.m2/repository/org/springframework/spring-context-support/5.0.4.RELEASE/spring-context-support-5.0.4.RELEASE.jar:/home/mihail/.m2/repository/org/springframework/ws/spring-ws-core/3.0.1.RELEASE/spring-ws-core-3.0.1.RELEASE.jar:/home/mihail/.m2/repository/org/springframework/ws/spring-xml/3.0.1.RELEASE/spring-xml-3.0.1.RELEASE.jar:/home/mihail/.m2/repository/org/springframework/spring-oxm/5.0.4.RELEASE/spring-oxm-5.0.4.RELEASE.jar:/home/mihail/.m2/repository/commons-io/commons-io/2.5/commons-io-2.5.jar:/home/mihail/.m2/repository/org/springframework/spring-test/5.2.3.RELEASE/spring-test-5.2.3.RELEASE.jar:/home/mihail/.m2/repository/javax/servlet/javax.servlet-api/3.1.0/javax.servlet-api-3.1.0.jar:/home/mihail/.m2/repository/org/hibernate/hibernate-core/5.2.13.Final/hibernate-core-5.2.13.Final.jar:/home/mihail/.m2/repository/org/jboss/logging/jboss-logging/3.3.1.Final/jboss-logging-3.3.1.Final.jar:/home/mihail/.m2/repository/org/hibernate/javax/persistence/hibernate-jpa-2.1-api/1.0.0.Final/hibernate-jpa-2.1-api-1.0.0.Final.jar:/home/mihail/.m2/repository/org/javassist/javassist/3.22.0-GA/javassist-3.22.0-GA.jar:/home/mihail/.m2/repository/antlr/antlr/2.7.7/antlr-2.7.7.jar:/home/mihail/.m2/repository/org/jboss/spec/javax/transaction/jboss-transaction-api_1.2_spec/1.0.1.Final/jboss-transaction-api_1.2_spec-1.0.1.Final.jar:/home/mihail/.m2/repository/org/jboss/jandex/2.0.3.Final/jandex-2.0.3.Final.jar:/home/mihail/.m2/repository/com/fasterxml/classmate/1.3.0/classmate-1.3.0.jar:/home/mihail/.m2/repository/dom4j/dom4j/1.6.1/dom4j-1.6.1.jar:/home/mihail/.m2/repository/org/hibernate/common/hibernate-commons-annotations/5.0.1.Final/hibernate-commons-annotations-5.0.1.Final.jar:/home/mihail/.m2/repository/org/hibernate/hibernate-jcache/5.2.10.Final/hibernate-jcache-5.2.10.Final.jar:/home/mihail/.m2/repository/javax/cache/cache-api/1.0.0/cache-api-1.0.0.jar:/home/mihail/.m2/repository/org/ehcache/ehcache/3.3.1/ehcache-3.3.1.jar:/home/mihail/.m2/repository/com/fasterxml/jackson/core/jackson-databind/2.9.4/jackson-databind-2.9.4.jar:/home/mihail/.m2/repository/com/fasterxml/jackson/core/jackson-annotations/2.9.0/jackson-annotations-2.9.0.jar:/home/mihail/.m2/repository/com/fasterxml/jackson/core/jackson-core/2.9.4/jackson-core-2.9.4.jar:/home/mihail/.m2/repository/org/thymeleaf/thymeleaf/3.0.9.RELEASE/thymeleaf-3.0.9.RELEASE.jar:/home/mihail/.m2/repository/ognl/ognl/3.1.12/ognl-3.1.12.jar:/home/mihail/.m2/repository/org/attoparser/attoparser/2.0.4.RELEASE/attoparser-2.0.4.RELEASE.jar:/home/mihail/.m2/repository/org/unbescape/unbescape/1.1.5.RELEASE/unbescape-1.1.5.RELEASE.jar:/home/mihail/.m2/repository/org/thymeleaf/thymeleaf-spring5/3.0.9.RELEASE/thymeleaf-spring5-3.0.9.RELEASE.jar:, java.vm.vendor=Oracle Corporation, sun.arch.data.model=64, java.vendor.url=http://java.oracle.com/, user.timezone=Europe/Moscow, os.name=Linux, java.vm.specification.version=1.8, user.country=RU, sun.java.launcher=SUN_STANDARD, sun.boot.library.path=/usr/lib/jvm/jdk-8u211-linux-x64/jdk1.8.0_211/jre/lib/amd64, sun.java.command=/home/mihail/programs/project_mvn/eShop/eShop_repo/eshop/target/surefire/surefirebooter7898303727855679190.jar /home/mihail/programs/project_mvn/eShop/eShop_repo/eshop/target/surefire/surefire4895173187447762615tmp /home/mihail/programs/project_mvn/eShop/eShop_repo/eshop/target/surefire/surefire_02142433887173248019tmp, surefire.test.class.path=/home/mihail/programs/project_mvn/eShop/eShop_repo/eshop/target/test-classes:/home/mihail/programs/project_mvn/eShop/eShop_repo/eshop/target/classes:/home/mihail/.m2/repository/org/hsqldb/hsqldb/2.5.0/hsqldb-2.5.0.jar:/home/mihail/.m2/repository/org/apache/commons/commons-dbcp2/2.7.0/commons-dbcp2-2.7.0.jar:/home/mihail/.m2/repository/org/apache/commons/commons-pool2/2.7.0/commons-pool2-2.7.0.jar:/home/mihail/.m2/repository/commons-logging/commons-logging/1.2/commons-logging-1.2.jar:/home/mihail/.m2/repository/org/apache/logging/log4j/log4j-api/2.11.1/log4j-api-2.11.1.jar:/home/mihail/.m2/repository/org/apache/logging/log4j/log4j-core/2.11.1/log4j-core-2.11.1.jar:/home/mihail/.m2/repository/org/apache/logging/log4j/log4j-jcl/2.11.1/log4j-jcl-2.11.1.jar:/home/mihail/.m2/repository/org/apache/logging/log4j/log4j-slf4j-impl/2.11.1/log4j-slf4j-impl-2.11.1.jar:/home/mihail/.m2/repository/org/slf4j/slf4j-api/1.7.25/slf4j-api-1.7.25.jar:/home/mihail/.m2/repository/org/apache/logging/log4j/log4j-taglib/2.11.1/log4j-taglib-2.11.1.jar:/home/mihail/.m2/repository/org/junit/jupiter/junit-jupiter/5.6.0/junit-jupiter-5.6.0.jar:/home/mihail/.m2/repository/org/junit/jupiter/junit-jupiter-api/5.6.0/junit-jupiter-api-5.6.0.jar:/home/mihail/.m2/repository/org/apiguardian/apiguardian-api/1.1.0/apiguardian-api-1.1.0.jar:/home/mihail/.m2/repository/org/opentest4j/opentest4j/1.2.0/opentest4j-1.2.0.jar:/home/mihail/.m2/repository/org/junit/platform/junit-platform-commons/1.6.0/junit-platform-commons-1.6.0.jar:/home/mihail/.m2/repository/org/junit/jupiter/junit-jupiter-params/5.6.0/junit-jupiter-params-5.6.0.jar:/home/mihail/.m2/repository/org/junit/jupiter/junit-jupiter-engine/5.6.0/junit-jupiter-engine-5.6.0.jar:/home/mihail/.m2/repository/org/junit/platform/junit-platform-engine/1.6.0/junit-platform-engine-1.6.0.jar:/home/mihail/.m2/repository/org/springframework/spring-core/5.2.0.RELEASE/spring-core-5.2.0.RELEASE.jar:/home/mihail/.m2/repository/org/springframework/spring-jcl/5.2.0.RELEASE/spring-jcl-5.2.0.RELEASE.jar:/home/mihail/.m2/repository/org/springframework/spring-context/5.0.4.RELEASE/spring-context-5.0.4.RELEASE.jar:/home/mihail/.m2/repository/org/springframework/spring-aop/5.0.4.RELEASE/spring-aop-5.0.4.RELEASE.jar:/home/mihail/.m2/repository/org/springframework/spring-beans/5.0.4.RELEASE/spring-beans-5.0.4.RELEASE.jar:/home/mihail/.m2/repository/org/springframework/spring-expression/5.0.4.RELEASE/spring-expression-5.0.4.RELEASE.jar:/home/mihail/.m2/repository/org/springframework/spring-jdbc/5.0.4.RELEASE/spring-jdbc-5.0.4.RELEASE.jar:/home/mihail/.m2/repository/org/springframework/spring-orm/5.0.4.RELEASE/spring-orm-5.0.4.RELEASE.jar:/home/mihail/.m2/repository/org/springframework/spring-web/5.0.4.RELEASE/spring-web-5.0.4.RELEASE.jar:/home/mihail/.m2/repository/org/springframework/spring-webmvc/5.0.4.RELEASE/spring-webmvc-5.0.4.RELEASE.jar:/home/mihail/.m2/repository/org/springframework/spring-websocket/5.0.4.RELEASE/spring-websocket-5.0.4.RELEASE.jar:/home/mihail/.m2/repository/org/springframework/spring-tx/5.0.4.RELEASE/spring-tx-5.0.4.RELEASE.jar:/home/mihail/.m2/repository/org/springframework/spring-context-support/5.0.4.RELEASE/spring-context-support-5.0.4.RELEASE.jar:/home/mihail/.m2/repository/org/springframework/ws/spring-ws-core/3.0.1.RELEASE/spring-ws-core-3.0.1.RELEASE.jar:/home/mihail/.m2/repository/org/springframework/ws/spring-xml/3.0.1.RELEASE/spring-xml-3.0.1.RELEASE.jar:/home/mihail/.m2/repository/org/springframework/spring-oxm/5.0.4.RELEASE/spring-oxm-5.0.4.RELEASE.jar:/home/mihail/.m2/repository/commons-io/commons-io/2.5/commons-io-2.5.jar:/home/mihail/.m2/repository/org/springframework/spring-test/5.2.3.RELEASE/spring-test-5.2.3.RELEASE.jar:/home/mihail/.m2/repository/javax/servlet/javax.servlet-api/3.1.0/javax.servlet-api-3.1.0.jar:/home/mihail/.m2/repository/org/hibernate/hibernate-core/5.2.13.Final/hibernate-core-5.2.13.Final.jar:/home/mihail/.m2/repository/org/jboss/logging/jboss-logging/3.3.1.Final/jboss-logging-3.3.1.Final.jar:/home/mihail/.m2/repository/org/hibernate/javax/persistence/hibernate-jpa-2.1-api/1.0.0.Final/hibernate-jpa-2.1-api-1.0.0.Final.jar:/home/mihail/.m2/repository/org/javassist/javassist/3.22.0-GA/javassist-3.22.0-GA.jar:/home/mihail/.m2/repository/antlr/antlr/2.7.7/antlr-2.7.7.jar:/home/mihail/.m2/repository/org/jboss/spec/javax/transaction/jboss-transaction-api_1.2_spec/1.0.1.Final/jboss-transaction-api_1.2_spec-1.0.1.Final.jar:/home/mihail/.m2/repository/org/jboss/jandex/2.0.3.Final/jandex-2.0.3.Final.jar:/home/mihail/.m2/repository/com/fasterxml/classmate/1.3.0/classmate-1.3.0.jar:/home/mihail/.m2/repository/dom4j/dom4j/1.6.1/dom4j-1.6.1.jar:/home/mihail/.m2/repository/org/hibernate/common/hibernate-commons-annotations/5.0.1.Final/hibernate-commons-annotations-5.0.1.Final.jar:/home/mihail/.m2/repository/org/hibernate/hibernate-jcache/5.2.10.Final/hibernate-jcache-5.2.10.Final.jar:/home/mihail/.m2/repository/javax/cache/cache-api/1.0.0/cache-api-1.0.0.jar:/home/mihail/.m2/repository/org/ehcache/ehcache/3.3.1/ehcache-3.3.1.jar:/home/mihail/.m2/repository/com/fasterxml/jackson/core/jackson-databind/2.9.4/jackson-databind-2.9.4.jar:/home/mihail/.m2/repository/com/fasterxml/jackson/core/jackson-annotations/2.9.0/jackson-annotations-2.9.0.jar:/home/mihail/.m2/repository/com/fasterxml/jackson/core/jackson-core/2.9.4/jackson-core-2.9.4.jar:/home/mihail/.m2/repository/org/thymeleaf/thymeleaf/3.0.9.RELEASE/thymeleaf-3.0.9.RELEASE.jar:/home/mihail/.m2/repository/ognl/ognl/3.1.12/ognl-3.1.12.jar:/home/mihail/.m2/repository/org/attoparser/attoparser/2.0.4.RELEASE/attoparser-2.0.4.RELEASE.jar:/home/mihail/.m2/repository/org/unbescape/unbescape/1.1.5.RELEASE/unbescape-1.1.5.RELEASE.jar:/home/mihail/.m2/repository/org/thymeleaf/thymeleaf-spring5/3.0.9.RELEASE/thymeleaf-spring5-3.0.9.RELEASE.jar:, sun.cpu.endian=little, user.home=/home/mihail, user.language=ru, java.specification.vendor=Oracle Corporation, java.home=/usr/lib/jvm/jdk-8u211-linux-x64/jdk1.8.0_211/jre, basedir=/home/mihail/programs/project_mvn/eShop/eShop_repo/eshop, file.separator=/, line.separator=
, java.vm.specification.vendor=Oracle Corporation, java.specification.name=Java Platform API Specification, java.awt.graphicsenv=sun.awt.X11GraphicsEnvironment, hibernate.cache.region.factory_class=org.hibernate.cache.jcache.JCacheRegionFactory, surefire.real.class.path=/home/mihail/programs/project_mvn/eShop/eShop_repo/eshop/target/surefire/surefirebooter7898303727855679190.jar, sun.boot.class.path=/usr/lib/jvm/jdk-8u211-linux-x64/jdk1.8.0_211/jre/lib/resources.jar:/usr/lib/jvm/jdk-8u211-linux-x64/jdk1.8.0_211/jre/lib/rt.jar:/usr/lib/jvm/jdk-8u211-linux-x64/jdk1.8.0_211/jre/lib/sunrsasign.jar:/usr/lib/jvm/jdk-8u211-linux-x64/jdk1.8.0_211/jre/lib/jsse.jar:/usr/lib/jvm/jdk-8u211-linux-x64/jdk1.8.0_211/jre/lib/jce.jar:/usr/lib/jvm/jdk-8u211-linux-x64/jdk1.8.0_211/jre/lib/charsets.jar:/usr/lib/jvm/jdk-8u211-linux-x64/jdk1.8.0_211/jre/lib/jfr.jar:/usr/lib/jvm/jdk-8u211-linux-x64/jdk1.8.0_211/jre/classes, hibernate.hbm2ddl.auto=create, sun.management.compiler=HotSpot 64-Bit Tiered Compilers, java.runtime.version=1.8.0_211-b12, hibernate.cache.use_query_cache=true, user.name=mihail, path.separator=:, os.version=5.3.0-26-generic, java.endorsed.dirs=/usr/lib/jvm/jdk-8u211-linux-x64/jdk1.8.0_211/jre/lib/endorsed, java.runtime.name=Java(TM) SE Runtime Environment, hibernate.connection.url=jdbc:hsqldb:file:mymemdb2;ifexists=false;sql.syntax_mys=true, file.encoding=UTF-8, java.vm.name=Java HotSpot(TM) 64-Bit Server VM, hibernate.classLoaders=[sun.misc.Launcher$AppClassLoader@3d4eac69], hibernate.current_session_context_class=org.springframework.orm.hibernate5.SpringSessionContext, localRepository=/home/mihail/.m2/repository, java.vendor.url.bug=http://bugreport.sun.com/bugreport/, java.io.tmpdir=/tmp, java.version=1.8.0_211, user.dir=/home/mihail/programs/project_mvn/eShop/eShop_repo/eshop, os.arch=amd64, java.vm.specification.name=Java Virtual Machine Specification, java.awt.printerjob=sun.print.PSPrinterJob, sun.os.patch.level=unknown, hibernate.boot.CfgXmlAccessService.key=org.hibernate.boot.cfgxml.spi.LoadedConfig@508a65bf, hibernate.cache.use_second_level_cache=true, java.library.path=/usr/java/packages/lib/amd64:/usr/lib64:/lib64:/lib:/usr/lib, java.vm.info=mixed mode, java.vendor=Oracle Corporation, java.vm.version=25.211-b12, hibernate.bytecode.use_reflection_optimizer=false, hibernate.connection.datasource=org.apache.commons.dbcp2.BasicDataSource@3c435123, java.ext.dirs=/usr/lib/jvm/jdk-8u211-linux-x64/jdk1.8.0_211/jre/lib/ext:/usr/java/packages/lib/ext, sun.io.unicode.encoding=UnicodeLittle, java.class.version=52.0, hibernate.javax.cache.provider=org.ehcache.jsr107.EhcacheCachingProvider}
14:36:54.375 [main] TRACE org.hibernate.service.internal.AbstractServiceRegistryImpl - Initializing service [role=org.hibernate.engine.query.spi.NativeQueryInterpreter]
14:36:54.378 [main] DEBUG org.hibernate.secure.spi.JaccIntegrator - Skipping JACC integration as it was not enabled
14:36:54.379 [main] DEBUG org.hibernate.internal.SessionFactoryImpl - Instantiated session factory
14:36:54.389 [main] TRACE org.hibernate.service.internal.AbstractServiceRegistryImpl - Initializing service [role=org.hibernate.persister.spi.PersisterFactory]
14:36:54.391 [main] TRACE org.hibernate.service.internal.AbstractServiceRegistryImpl - Initializing service [role=org.hibernate.persister.spi.PersisterClassResolver]
14:36:54.404 [main] TRACE org.hibernate.service.internal.AbstractServiceRegistryImpl - Initializing service [role=org.hibernate.property.access.spi.PropertyAccessStrategyResolver]
14:36:54.405 [main] DEBUG org.hibernate.boot.internal.ClassLoaderAccessImpl - Not known whether passed class name [com.soft.entity.ResistorEntity] is safe
14:36:54.405 [main] DEBUG org.hibernate.boot.internal.ClassLoaderAccessImpl - No temp ClassLoader provided; using live ClassLoader for loading potentially unsafe class : com.soft.entity.ResistorEntity
14:36:54.414 [main] DEBUG org.hibernate.boot.internal.ClassLoaderAccessImpl - Not known whether passed class name [com.soft.entity.ResistorEntity] is safe
14:36:54.414 [main] DEBUG org.hibernate.boot.internal.ClassLoaderAccessImpl - No temp ClassLoader provided; using live ClassLoader for loading potentially unsafe class : com.soft.entity.ResistorEntity
14:36:54.451 [main] TRACE org.hibernate.persister.entity.AbstractPropertyMapping - Skipping duplicate registration of path [category], existing type = [org.hibernate.type.IntegerType@5707c1cb], incoming type = [org.hibernate.type.IntegerType@5707c1cb]
14:36:54.451 [main] TRACE org.hibernate.persister.entity.AbstractPropertyMapping - Skipping duplicate registration of path [description], existing type = [org.hibernate.type.StringType@15bcf458], incoming type = [org.hibernate.type.StringType@15bcf458]
14:36:54.451 [main] TRACE org.hibernate.persister.entity.AbstractPropertyMapping - Skipping duplicate registration of path [name], existing type = [org.hibernate.type.StringType@15bcf458], incoming type = [org.hibernate.type.StringType@15bcf458]
14:36:54.451 [main] TRACE org.hibernate.persister.entity.AbstractPropertyMapping - Skipping duplicate registration of path [nominal], existing type = [org.hibernate.type.DoubleType@702ed190], incoming type = [org.hibernate.type.DoubleType@702ed190]
14:36:54.451 [main] TRACE org.hibernate.persister.entity.AbstractPropertyMapping - Skipping duplicate registration of path [nominalUnit], existing type = [org.hibernate.type.IntegerType@5707c1cb], incoming type = [org.hibernate.type.IntegerType@5707c1cb]
14:36:54.451 [main] TRACE org.hibernate.persister.entity.AbstractPropertyMapping - Skipping duplicate registration of path [photo], existing type = [org.hibernate.type.BinaryType@6e0ff644], incoming type = [org.hibernate.type.BinaryType@6e0ff644]
14:36:54.451 [main] TRACE org.hibernate.persister.entity.AbstractPropertyMapping - Skipping duplicate registration of path [power], existing type = [org.hibernate.type.DoubleType@702ed190], incoming type = [org.hibernate.type.DoubleType@702ed190]
14:36:54.451 [main] TRACE org.hibernate.persister.entity.AbstractPropertyMapping - Skipping duplicate registration of path [powerUnit], existing type = [org.hibernate.type.IntegerType@5707c1cb], incoming type = [org.hibernate.type.IntegerType@5707c1cb]
14:36:54.451 [main] TRACE org.hibernate.persister.entity.AbstractPropertyMapping - Skipping duplicate registration of path [price], existing type = [org.hibernate.type.DoubleType@702ed190], incoming type = [org.hibernate.type.DoubleType@702ed190]
14:36:54.451 [main] TRACE org.hibernate.persister.entity.AbstractPropertyMapping - Skipping duplicate registration of path [producer], existing type = [org.hibernate.type.IntegerType@5707c1cb], incoming type = [org.hibernate.type.IntegerType@5707c1cb]
14:36:54.451 [main] TRACE org.hibernate.persister.entity.AbstractPropertyMapping - Skipping duplicate registration of path [quantity], existing type = [org.hibernate.type.IntegerType@5707c1cb], incoming type = [org.hibernate.type.IntegerType@5707c1cb]
14:36:54.451 [main] TRACE org.hibernate.persister.entity.AbstractPropertyMapping - Skipping duplicate registration of path [rPackage], existing type = [org.hibernate.type.IntegerType@5707c1cb], incoming type = [org.hibernate.type.IntegerType@5707c1cb]
14:36:54.451 [main] TRACE org.hibernate.persister.entity.AbstractPropertyMapping - Skipping duplicate registration of path [rPrecision], existing type = [org.hibernate.type.DoubleType@702ed190], incoming type = [org.hibernate.type.DoubleType@702ed190]
14:36:54.451 [main] TRACE org.hibernate.persister.entity.AbstractPropertyMapping - Skipping duplicate registration of path [id], existing type = [org.hibernate.type.LongType@72efb5c1], incoming type = [org.hibernate.type.LongType@72efb5c1]
14:36:54.452 [main] TRACE org.hibernate.internal.CacheImpl - Building shared cache region for entity data [com.soft.entity.ProducerEntity]
14:36:54.453 [main] DEBUG org.ehcache.jsr107.ConfigurationMerger - Using default Copier for JSR-107 store-by-value cache com.soft.entity.ProducerEntity
14:36:54.453 [main] DEBUG org.ehcache.core.EhcacheManager - Creating Cache 'com.soft.entity.ProducerEntity' in Eh107InternalCacheManager.
14:36:54.453 [main] DEBUG org.ehcache.impl.internal.spi.serialization.DefaultSerializationProvider - Serializer for <java.lang.Object> : org.ehcache.impl.serialization.PlainJavaSerializer@5d497a91
14:36:54.453 [main] DEBUG org.ehcache.impl.internal.spi.serialization.DefaultSerializationProvider - Serializer for <java.lang.Object> : org.ehcache.impl.serialization.PlainJavaSerializer@617389a
14:36:54.453 [main] DEBUG org.ehcache.impl.internal.spi.copy.DefaultCopyProvider - Copier for <java.lang.Object> : org.ehcache.impl.copy.SerializingCopier@1c8f6a90
14:36:54.453 [main] DEBUG org.ehcache.impl.internal.spi.copy.DefaultCopyProvider - Copier for <java.lang.Object> : org.ehcache.impl.copy.SerializingCopier@3050ac2f
14:36:54.456 [main] TRACE class org.ehcache.core.Ehcache-com.soft.entity.ProducerEntity - Initializing
14:36:54.456 [main] DEBUG class org.ehcache.core.Ehcache-com.soft.entity.ProducerEntity - Initialize successful.
14:36:54.456 [main] DEBUG org.ehcache.impl.internal.statistics.DefaultStatisticsService - Cache added com.soft.entity.ProducerEntity
14:36:54.459 [main] INFO  org.ehcache.core.EhcacheManager - Cache 'com.soft.entity.ProducerEntity' created in Eh107InternalCacheManager.
14:36:54.461 [main] DEBUG org.hibernate.boot.internal.ClassLoaderAccessImpl - Not known whether passed class name [com.soft.entity.ProducerEntity] is safe
14:36:54.461 [main] DEBUG org.hibernate.boot.internal.ClassLoaderAccessImpl - No temp ClassLoader provided; using live ClassLoader for loading potentially unsafe class : com.soft.entity.ProducerEntity
14:36:54.461 [main] DEBUG org.hibernate.boot.internal.ClassLoaderAccessImpl - Not known whether passed class name [com.soft.entity.ProducerEntity] is safe
14:36:54.461 [main] DEBUG org.hibernate.boot.internal.ClassLoaderAccessImpl - No temp ClassLoader provided; using live ClassLoader for loading potentially unsafe class : com.soft.entity.ProducerEntity
14:36:54.463 [main] TRACE org.hibernate.persister.entity.AbstractPropertyMapping - Skipping duplicate registration of path [producerCategory], existing type = [org.hibernate.type.IntegerType@5707c1cb], incoming type = [org.hibernate.type.IntegerType@5707c1cb]
14:36:54.464 [main] TRACE org.hibernate.persister.entity.AbstractPropertyMapping - Skipping duplicate registration of path [producerName], existing type = [org.hibernate.type.StringType@15bcf458], incoming type = [org.hibernate.type.StringType@15bcf458]
14:36:54.464 [main] TRACE org.hibernate.persister.entity.AbstractPropertyMapping - Skipping duplicate registration of path [id], existing type = [org.hibernate.type.LongType@72efb5c1], incoming type = [org.hibernate.type.LongType@72efb5c1]
14:36:54.464 [main] DEBUG org.hibernate.boot.internal.ClassLoaderAccessImpl - Not known whether passed class name [com.soft.entity.TransistorEntity] is safe
14:36:54.464 [main] DEBUG org.hibernate.boot.internal.ClassLoaderAccessImpl - No temp ClassLoader provided; using live ClassLoader for loading potentially unsafe class : com.soft.entity.TransistorEntity
14:36:54.464 [main] DEBUG org.hibernate.boot.internal.ClassLoaderAccessImpl - Not known whether passed class name [com.soft.entity.TransistorEntity] is safe
14:36:54.464 [main] DEBUG org.hibernate.boot.internal.ClassLoaderAccessImpl - No temp ClassLoader provided; using live ClassLoader for loading potentially unsafe class : com.soft.entity.TransistorEntity
14:36:54.468 [main] TRACE org.hibernate.persister.entity.AbstractPropertyMapping - Skipping duplicate registration of path [category], existing type = [org.hibernate.type.IntegerType@5707c1cb], incoming type = [org.hibernate.type.IntegerType@5707c1cb]
14:36:54.468 [main] TRACE org.hibernate.persister.entity.AbstractPropertyMapping - Skipping duplicate registration of path [conductanceType], existing type = [org.hibernate.type.StringType@15bcf458], incoming type = [org.hibernate.type.StringType@15bcf458]
14:36:54.468 [main] TRACE org.hibernate.persister.entity.AbstractPropertyMapping - Skipping duplicate registration of path [description], existing type = [org.hibernate.type.StringType@15bcf458], incoming type = [org.hibernate.type.StringType@15bcf458]
14:36:54.468 [main] TRACE org.hibernate.persister.entity.AbstractPropertyMapping - Skipping duplicate registration of path [gain], existing type = [org.hibernate.type.DoubleType@702ed190], incoming type = [org.hibernate.type.DoubleType@702ed190]
14:36:54.468 [main] TRACE org.hibernate.persister.entity.AbstractPropertyMapping - Skipping duplicate registration of path [maxCurrent], existing type = [org.hibernate.type.DoubleType@702ed190], incoming type = [org.hibernate.type.DoubleType@702ed190]
14:36:54.468 [main] TRACE org.hibernate.persister.entity.AbstractPropertyMapping - Skipping duplicate registration of path [maxCurrentUnit], existing type = [org.hibernate.type.IntegerType@5707c1cb], incoming type = [org.hibernate.type.IntegerType@5707c1cb]
14:36:54.468 [main] TRACE org.hibernate.persister.entity.AbstractPropertyMapping - Skipping duplicate registration of path [name], existing type = [org.hibernate.type.StringType@15bcf458], incoming type = [org.hibernate.type.StringType@15bcf458]
14:36:54.468 [main] TRACE org.hibernate.persister.entity.AbstractPropertyMapping - Skipping duplicate registration of path [photo], existing type = [org.hibernate.type.BinaryType@6e0ff644], incoming type = [org.hibernate.type.BinaryType@6e0ff644]
14:36:54.468 [main] TRACE org.hibernate.persister.entity.AbstractPropertyMapping - Skipping duplicate registration of path [price], existing type = [org.hibernate.type.DoubleType@702ed190], incoming type = [org.hibernate.type.DoubleType@702ed190]
14:36:54.468 [main] TRACE org.hibernate.persister.entity.AbstractPropertyMapping - Skipping duplicate registration of path [producer], existing type = [org.hibernate.type.IntegerType@5707c1cb], incoming type = [org.hibernate.type.IntegerType@5707c1cb]
14:36:54.468 [main] TRACE org.hibernate.persister.entity.AbstractPropertyMapping - Skipping duplicate registration of path [quantity], existing type = [org.hibernate.type.IntegerType@5707c1cb], incoming type = [org.hibernate.type.IntegerType@5707c1cb]
14:36:54.468 [main] TRACE org.hibernate.persister.entity.AbstractPropertyMapping - Skipping duplicate registration of path [tPackage], existing type = [org.hibernate.type.IntegerType@5707c1cb], incoming type = [org.hibernate.type.IntegerType@5707c1cb]
14:36:54.468 [main] TRACE org.hibernate.persister.entity.AbstractPropertyMapping - Skipping duplicate registration of path [id], existing type = [org.hibernate.type.LongType@72efb5c1], incoming type = [org.hibernate.type.LongType@72efb5c1]
14:36:54.468 [main] TRACE org.hibernate.internal.CacheImpl - Building shared cache region for entity data [com.soft.entity.CategoryEntity]
14:36:54.469 [main] DEBUG org.ehcache.jsr107.ConfigurationMerger - Using default Copier for JSR-107 store-by-value cache com.soft.entity.CategoryEntity
14:36:54.469 [main] DEBUG org.ehcache.core.EhcacheManager - Creating Cache 'com.soft.entity.CategoryEntity' in Eh107InternalCacheManager.
14:36:54.469 [main] DEBUG org.ehcache.impl.internal.spi.serialization.DefaultSerializationProvider - Serializer for <java.lang.Object> : org.ehcache.impl.serialization.PlainJavaSerializer@329bad59
14:36:54.469 [main] DEBUG org.ehcache.impl.internal.spi.serialization.DefaultSerializationProvider - Serializer for <java.lang.Object> : org.ehcache.impl.serialization.PlainJavaSerializer@862f408
14:36:54.469 [main] DEBUG org.ehcache.impl.internal.spi.copy.DefaultCopyProvider - Copier for <java.lang.Object> : org.ehcache.impl.copy.SerializingCopier@178f268a
14:36:54.469 [main] DEBUG org.ehcache.impl.internal.spi.copy.DefaultCopyProvider - Copier for <java.lang.Object> : org.ehcache.impl.copy.SerializingCopier@33ecbd6c
14:36:54.471 [main] TRACE class org.ehcache.core.Ehcache-com.soft.entity.CategoryEntity - Initializing
14:36:54.471 [main] DEBUG class org.ehcache.core.Ehcache-com.soft.entity.CategoryEntity - Initialize successful.
14:36:54.472 [main] DEBUG org.ehcache.impl.internal.statistics.DefaultStatisticsService - Cache added com.soft.entity.CategoryEntity
14:36:54.473 [main] INFO  org.ehcache.core.EhcacheManager - Cache 'com.soft.entity.CategoryEntity' created in Eh107InternalCacheManager.
14:36:54.473 [main] DEBUG org.hibernate.boot.internal.ClassLoaderAccessImpl - Not known whether passed class name [com.soft.entity.CategoryEntity] is safe
14:36:54.473 [main] DEBUG org.hibernate.boot.internal.ClassLoaderAccessImpl - No temp ClassLoader provided; using live ClassLoader for loading potentially unsafe class : com.soft.entity.CategoryEntity
14:36:54.473 [main] DEBUG org.hibernate.boot.internal.ClassLoaderAccessImpl - Not known whether passed class name [com.soft.entity.CategoryEntity] is safe
14:36:54.473 [main] DEBUG org.hibernate.boot.internal.ClassLoaderAccessImpl - No temp ClassLoader provided; using live ClassLoader for loading potentially unsafe class : com.soft.entity.CategoryEntity
14:36:54.475 [main] TRACE org.hibernate.persister.entity.AbstractPropertyMapping - Skipping duplicate registration of path [entityName], existing type = [org.hibernate.type.StringType@15bcf458], incoming type = [org.hibernate.type.StringType@15bcf458]
14:36:54.475 [main] TRACE org.hibernate.persister.entity.AbstractPropertyMapping - Skipping duplicate registration of path [name], existing type = [org.hibernate.type.StringType@15bcf458], incoming type = [org.hibernate.type.StringType@15bcf458]
14:36:54.475 [main] TRACE org.hibernate.persister.entity.AbstractPropertyMapping - Skipping duplicate registration of path [photo], existing type = [org.hibernate.type.BinaryType@6e0ff644], incoming type = [org.hibernate.type.BinaryType@6e0ff644]
14:36:54.475 [main] TRACE org.hibernate.persister.entity.AbstractPropertyMapping - Skipping duplicate registration of path [id], existing type = [org.hibernate.type.LongType@72efb5c1], incoming type = [org.hibernate.type.LongType@72efb5c1]
14:36:54.475 [main] DEBUG org.hibernate.boot.internal.ClassLoaderAccessImpl - Not known whether passed class name [com.soft.entity.PersonEntity] is safe
14:36:54.475 [main] DEBUG org.hibernate.boot.internal.ClassLoaderAccessImpl - No temp ClassLoader provided; using live ClassLoader for loading potentially unsafe class : com.soft.entity.PersonEntity
14:36:54.475 [main] DEBUG org.hibernate.boot.internal.ClassLoaderAccessImpl - Not known whether passed class name [com.soft.entity.PersonEntity] is safe
14:36:54.475 [main] DEBUG org.hibernate.boot.internal.ClassLoaderAccessImpl - No temp ClassLoader provided; using live ClassLoader for loading potentially unsafe class : com.soft.entity.PersonEntity
14:36:54.475 [main] INFO  org.hibernate.tuple.PojoInstantiator - HHH000182: No default (no-argument) constructor for class: com.soft.entity.PersonEntity (class must be instantiated by Interceptor)
14:36:54.477 [main] TRACE org.hibernate.persister.entity.AbstractPropertyMapping - Skipping duplicate registration of path [name], existing type = [org.hibernate.type.CharacterType@287f94b1], incoming type = [org.hibernate.type.CharacterType@287f94b1]
14:36:54.477 [main] TRACE org.hibernate.persister.entity.AbstractPropertyMapping - Skipping duplicate registration of path [id], existing type = [org.hibernate.type.LongType@72efb5c1], incoming type = [org.hibernate.type.LongType@72efb5c1]
14:36:54.477 [main] TRACE org.hibernate.internal.CacheImpl - Building shared cache region for entity data [com.soft.entity.LocaleMessageEntity]
14:36:54.477 [main] DEBUG org.ehcache.jsr107.ConfigurationMerger - Using default Copier for JSR-107 store-by-value cache com.soft.entity.LocaleMessageEntity
14:36:54.477 [main] DEBUG org.ehcache.core.EhcacheManager - Creating Cache 'com.soft.entity.LocaleMessageEntity' in Eh107InternalCacheManager.
14:36:54.477 [main] DEBUG org.ehcache.impl.internal.spi.serialization.DefaultSerializationProvider - Serializer for <java.lang.Object> : org.ehcache.impl.serialization.PlainJavaSerializer@3f50b680
14:36:54.477 [main] DEBUG org.ehcache.impl.internal.spi.serialization.DefaultSerializationProvider - Serializer for <java.lang.Object> : org.ehcache.impl.serialization.PlainJavaSerializer@54db056b
14:36:54.478 [main] DEBUG org.ehcache.impl.internal.spi.copy.DefaultCopyProvider - Copier for <java.lang.Object> : org.ehcache.impl.copy.SerializingCopier@d5af0a5
14:36:54.478 [main] DEBUG org.ehcache.impl.internal.spi.copy.DefaultCopyProvider - Copier for <java.lang.Object> : org.ehcache.impl.copy.SerializingCopier@5981f4a6
14:36:54.480 [main] TRACE class org.ehcache.core.Ehcache-com.soft.entity.LocaleMessageEntity - Initializing
14:36:54.480 [main] DEBUG class org.ehcache.core.Ehcache-com.soft.entity.LocaleMessageEntity - Initialize successful.
14:36:54.480 [main] DEBUG org.ehcache.impl.internal.statistics.DefaultStatisticsService - Cache added com.soft.entity.LocaleMessageEntity
14:36:54.481 [main] INFO  org.ehcache.core.EhcacheManager - Cache 'com.soft.entity.LocaleMessageEntity' created in Eh107InternalCacheManager.
14:36:54.481 [main] DEBUG org.hibernate.boot.internal.ClassLoaderAccessImpl - Not known whether passed class name [com.soft.entity.LocaleMessageEntity] is safe
14:36:54.481 [main] DEBUG org.hibernate.boot.internal.ClassLoaderAccessImpl - No temp ClassLoader provided; using live ClassLoader for loading potentially unsafe class : com.soft.entity.LocaleMessageEntity
14:36:54.481 [main] DEBUG org.hibernate.boot.internal.ClassLoaderAccessImpl - Not known whether passed class name [com.soft.entity.LocaleMessageEntity] is safe
14:36:54.481 [main] DEBUG org.hibernate.boot.internal.ClassLoaderAccessImpl - No temp ClassLoader provided; using live ClassLoader for loading potentially unsafe class : com.soft.entity.LocaleMessageEntity
14:36:54.489 [main] TRACE org.hibernate.persister.entity.AbstractPropertyMapping - Skipping duplicate registration of path [locale], existing type = [org.hibernate.type.StringType@15bcf458], incoming type = [org.hibernate.type.StringType@15bcf458]
14:36:54.489 [main] TRACE org.hibernate.persister.entity.AbstractPropertyMapping - Skipping duplicate registration of path [message], existing type = [org.hibernate.type.StringType@15bcf458], incoming type = [org.hibernate.type.StringType@15bcf458]
14:36:54.489 [main] TRACE org.hibernate.persister.entity.AbstractPropertyMapping - Skipping duplicate registration of path [msgKey], existing type = [org.hibernate.type.StringType@15bcf458], incoming type = [org.hibernate.type.StringType@15bcf458]
14:36:54.489 [main] TRACE org.hibernate.persister.entity.AbstractPropertyMapping - Skipping duplicate registration of path [id], existing type = [org.hibernate.type.LongType@72efb5c1], incoming type = [org.hibernate.type.LongType@72efb5c1]
14:36:54.492 [main] DEBUG org.hibernate.persister.entity.AbstractEntityPersister - Static SQL for entity: com.soft.entity.ResistorEntity
14:36:54.492 [main] DEBUG org.hibernate.persister.entity.AbstractEntityPersister -  Version select: select resistor_id from resistor where resistor_id =?
14:36:54.492 [main] DEBUG org.hibernate.persister.entity.AbstractEntityPersister -  Snapshot select: select resistoren_.resistor_id, resistoren_.category as category2_4_, resistoren_.description as descript3_4_, resistoren_.name as name4_4_, resistoren_.nominal as nominal5_4_, resistoren_.nominal_unit as nominal_6_4_, resistoren_.photo as photo7_4_, resistoren_.power as power8_4_, resistoren_.power_unit as power_un9_4_, resistoren_.price as price10_4_, resistoren_.producer as produce11_4_, resistoren_.quantity as quantit12_4_, resistoren_.package as package13_4_, resistoren_.r_precision as r_preci14_4_ from resistor resistoren_ where resistoren_.resistor_id=?
14:36:54.492 [main] DEBUG org.hibernate.persister.entity.AbstractEntityPersister -  Insert 0: insert into resistor (category, description, name, nominal, nominal_unit, photo, power, power_unit, price, producer, quantity, package, r_precision, resistor_id) values (?, ?, ?, ?, ?, ?, ?, ?, ?, ?, ?, ?, ?, ?)
14:36:54.492 [main] DEBUG org.hibernate.persister.entity.AbstractEntityPersister -  Update 0: update resistor set category=?, description=?, name=?, nominal=?, nominal_unit=?, photo=?, power=?, power_unit=?, price=?, producer=?, quantity=?, package=?, r_precision=? where resistor_id=?
14:36:54.492 [main] DEBUG org.hibernate.persister.entity.AbstractEntityPersister -  Delete 0: delete from resistor where resistor_id=?
14:36:54.507 [main] TRACE org.hibernate.loader.plan.build.internal.AbstractLoadPlanBuildingAssociationVisitationStrategy -  Starting root entity : com.soft.entity.ResistorEntity
14:36:54.510 [main] DEBUG org.hibernate.loader.plan.build.internal.spaces.QuerySpacesImpl - Adding QuerySpace : uid = <gen:0> -> org.hibernate.loader.plan.build.internal.spaces.EntityQuerySpaceImpl@dd71b20]
14:36:54.510 [main] TRACE org.hibernate.loader.plan.build.internal.AbstractLoadPlanBuildingAssociationVisitationStrategy - Pushing fetch source to stack : org.hibernate.loader.plan.build.internal.returns.EntityReturnImpl@f324455
14:36:54.511 [main] TRACE org.hibernate.loader.plan.build.internal.AbstractLoadPlanBuildingAssociationVisitationStrategy - .. Registering AssociationKey : AssociationKey(table=resistor, columns={resistor_id}) -> org.hibernate.loader.plan.build.internal.returns.EntityReturnImpl@f324455
14:36:54.511 [main] TRACE org.hibernate.loader.plan.build.internal.AbstractLoadPlanBuildingAssociationVisitationStrategy - >> Starting entity identifier : com.soft.entity.ResistorEntity
14:36:54.511 [main] DEBUG org.hibernate.persister.walking.spi.MetamodelGraphWalker - Visiting attribute path : category
14:36:54.511 [main] TRACE org.hibernate.loader.plan.build.internal.AbstractLoadPlanBuildingAssociationVisitationStrategy - >> Starting attribute Attribute(name=category, type=integer [non-identifier])
14:36:54.511 [main] TRACE org.hibernate.loader.plan.build.internal.AbstractLoadPlanBuildingAssociationVisitationStrategy - << Finishing up attribute : Attribute(name=category, type=integer [non-identifier])
14:36:54.511 [main] DEBUG org.hibernate.persister.walking.spi.MetamodelGraphWalker - Visiting attribute path : description
14:36:54.511 [main] TRACE org.hibernate.loader.plan.build.internal.AbstractLoadPlanBuildingAssociationVisitationStrategy - >> Starting attribute Attribute(name=description, type=string [non-identifier])
14:36:54.511 [main] TRACE org.hibernate.loader.plan.build.internal.AbstractLoadPlanBuildingAssociationVisitationStrategy - << Finishing up attribute : Attribute(name=description, type=string [non-identifier])
14:36:54.511 [main] DEBUG org.hibernate.persister.walking.spi.MetamodelGraphWalker - Visiting attribute path : name
14:36:54.511 [main] TRACE org.hibernate.loader.plan.build.internal.AbstractLoadPlanBuildingAssociationVisitationStrategy - >> Starting attribute Attribute(name=name, type=string [non-identifier])
14:36:54.511 [main] TRACE org.hibernate.loader.plan.build.internal.AbstractLoadPlanBuildingAssociationVisitationStrategy - << Finishing up attribute : Attribute(name=name, type=string [non-identifier])
14:36:54.511 [main] DEBUG org.hibernate.persister.walking.spi.MetamodelGraphWalker - Visiting attribute path : nominal
14:36:54.511 [main] TRACE org.hibernate.loader.plan.build.internal.AbstractLoadPlanBuildingAssociationVisitationStrategy - >> Starting attribute Attribute(name=nominal, type=double [non-identifier])
14:36:54.511 [main] TRACE org.hibernate.loader.plan.build.internal.AbstractLoadPlanBuildingAssociationVisitationStrategy - << Finishing up attribute : Attribute(name=nominal, type=double [non-identifier])
14:36:54.511 [main] DEBUG org.hibernate.persister.walking.spi.MetamodelGraphWalker - Visiting attribute path : nominalUnit
14:36:54.511 [main] TRACE org.hibernate.loader.plan.build.internal.AbstractLoadPlanBuildingAssociationVisitationStrategy - >> Starting attribute Attribute(name=nominalUnit, type=integer [non-identifier])
14:36:54.511 [main] TRACE org.hibernate.loader.plan.build.internal.AbstractLoadPlanBuildingAssociationVisitationStrategy - << Finishing up attribute : Attribute(name=nominalUnit, type=integer [non-identifier])
14:36:54.511 [main] DEBUG org.hibernate.persister.walking.spi.MetamodelGraphWalker - Visiting attribute path : photo
14:36:54.511 [main] TRACE org.hibernate.loader.plan.build.internal.AbstractLoadPlanBuildingAssociationVisitationStrategy - >> Starting attribute Attribute(name=photo, type=binary [non-identifier])
14:36:54.512 [main] TRACE org.hibernate.loader.plan.build.internal.AbstractLoadPlanBuildingAssociationVisitationStrategy - << Finishing up attribute : Attribute(name=photo, type=binary [non-identifier])
14:36:54.512 [main] DEBUG org.hibernate.persister.walking.spi.MetamodelGraphWalker - Visiting attribute path : power
14:36:54.512 [main] TRACE org.hibernate.loader.plan.build.internal.AbstractLoadPlanBuildingAssociationVisitationStrategy - >> Starting attribute Attribute(name=power, type=double [non-identifier])
14:36:54.512 [main] TRACE org.hibernate.loader.plan.build.internal.AbstractLoadPlanBuildingAssociationVisitationStrategy - << Finishing up attribute : Attribute(name=power, type=double [non-identifier])
14:36:54.512 [main] DEBUG org.hibernate.persister.walking.spi.MetamodelGraphWalker - Visiting attribute path : powerUnit
14:36:54.512 [main] TRACE org.hibernate.loader.plan.build.internal.AbstractLoadPlanBuildingAssociationVisitationStrategy - >> Starting attribute Attribute(name=powerUnit, type=integer [non-identifier])
14:36:54.512 [main] TRACE org.hibernate.loader.plan.build.internal.AbstractLoadPlanBuildingAssociationVisitationStrategy - << Finishing up attribute : Attribute(name=powerUnit, type=integer [non-identifier])
14:36:54.512 [main] DEBUG org.hibernate.persister.walking.spi.MetamodelGraphWalker - Visiting attribute path : price
14:36:54.512 [main] TRACE org.hibernate.loader.plan.build.internal.AbstractLoadPlanBuildingAssociationVisitationStrategy - >> Starting attribute Attribute(name=price, type=double [non-identifier])
14:36:54.512 [main] TRACE org.hibernate.loader.plan.build.internal.AbstractLoadPlanBuildingAssociationVisitationStrategy - << Finishing up attribute : Attribute(name=price, type=double [non-identifier])
14:36:54.512 [main] DEBUG org.hibernate.persister.walking.spi.MetamodelGraphWalker - Visiting attribute path : producer
14:36:54.512 [main] TRACE org.hibernate.loader.plan.build.internal.AbstractLoadPlanBuildingAssociationVisitationStrategy - >> Starting attribute Attribute(name=producer, type=integer [non-identifier])
14:36:54.513 [main] TRACE org.hibernate.loader.plan.build.internal.AbstractLoadPlanBuildingAssociationVisitationStrategy - << Finishing up attribute : Attribute(name=producer, type=integer [non-identifier])
14:36:54.513 [main] DEBUG org.hibernate.persister.walking.spi.MetamodelGraphWalker - Visiting attribute path : quantity
14:36:54.513 [main] TRACE org.hibernate.loader.plan.build.internal.AbstractLoadPlanBuildingAssociationVisitationStrategy - >> Starting attribute Attribute(name=quantity, type=integer [non-identifier])
14:36:54.513 [main] TRACE org.hibernate.loader.plan.build.internal.AbstractLoadPlanBuildingAssociationVisitationStrategy - << Finishing up attribute : Attribute(name=quantity, type=integer [non-identifier])
14:36:54.513 [main] DEBUG org.hibernate.persister.walking.spi.MetamodelGraphWalker - Visiting attribute path : rPackage
14:36:54.513 [main] TRACE org.hibernate.loader.plan.build.internal.AbstractLoadPlanBuildingAssociationVisitationStrategy - >> Starting attribute Attribute(name=rPackage, type=integer [non-identifier])
14:36:54.513 [main] TRACE org.hibernate.loader.plan.build.internal.AbstractLoadPlanBuildingAssociationVisitationStrategy - << Finishing up attribute : Attribute(name=rPackage, type=integer [non-identifier])
14:36:54.513 [main] DEBUG org.hibernate.persister.walking.spi.MetamodelGraphWalker - Visiting attribute path : rPrecision
14:36:54.513 [main] TRACE org.hibernate.loader.plan.build.internal.AbstractLoadPlanBuildingAssociationVisitationStrategy - >> Starting attribute Attribute(name=rPrecision, type=double [non-identifier])
14:36:54.513 [main] TRACE org.hibernate.loader.plan.build.internal.AbstractLoadPlanBuildingAssociationVisitationStrategy - << Finishing up attribute : Attribute(name=rPrecision, type=double [non-identifier])
14:36:54.513 [main] TRACE org.hibernate.loader.plan.build.internal.AbstractLoadPlanBuildingAssociationVisitationStrategy - Popped fetch owner from stack : org.hibernate.loader.plan.build.internal.returns.EntityReturnImpl@f324455
14:36:54.513 [main] TRACE org.hibernate.loader.plan.build.internal.AbstractLoadPlanBuildingAssociationVisitationStrategy -  Finished root entity : com.soft.entity.ResistorEntity
14:36:54.513 [main] DEBUG org.hibernate.loader.plan.build.internal.FetchStyleLoadPlanBuildingAssociationVisitationStrategy - Building LoadPlan...
14:36:54.521 [main] DEBUG org.hibernate.loader.plan.exec.internal.LoadQueryJoinAndFetchProcessor - processing queryspace <gen:0>
14:36:54.524 [main] DEBUG org.hibernate.loader.plan.build.spi.LoadPlanTreePrinter - LoadPlan(entity=com.soft.entity.ResistorEntity)
    - Returns
       - EntityReturnImpl(entity=com.soft.entity.ResistorEntity, querySpaceUid=<gen:0>, path=com.soft.entity.ResistorEntity)
    - QuerySpaces
       - EntityQuerySpaceImpl(uid=<gen:0>, entity=com.soft.entity.ResistorEntity)
          - SQL table alias mapping - resistoren0_
          - alias suffix - 0_
          - suffixed key columns - {resistor1_4_0_}

14:36:54.525 [main] DEBUG org.hibernate.loader.entity.plan.EntityLoader - Static select for entity com.soft.entity.ResistorEntity [NONE]: select resistoren0_.resistor_id as resistor1_4_0_, resistoren0_.category as category2_4_0_, resistoren0_.description as descript3_4_0_, resistoren0_.name as name4_4_0_, resistoren0_.nominal as nominal5_4_0_, resistoren0_.nominal_unit as nominal_6_4_0_, resistoren0_.photo as photo7_4_0_, resistoren0_.power as power8_4_0_, resistoren0_.power_unit as power_un9_4_0_, resistoren0_.price as price10_4_0_, resistoren0_.producer as produce11_4_0_, resistoren0_.quantity as quantit12_4_0_, resistoren0_.package as package13_4_0_, resistoren0_.r_precision as r_preci14_4_0_ from resistor resistoren0_ where resistoren0_.resistor_id=?
14:36:54.525 [main] TRACE org.hibernate.loader.plan.build.internal.AbstractLoadPlanBuildingAssociationVisitationStrategy -  Starting root entity : com.soft.entity.ResistorEntity
14:36:54.525 [main] DEBUG org.hibernate.loader.plan.build.internal.spaces.QuerySpacesImpl - Adding QuerySpace : uid = <gen:0> -> org.hibernate.loader.plan.build.internal.spaces.EntityQuerySpaceImpl@4c447c09]
14:36:54.525 [main] TRACE org.hibernate.loader.plan.build.internal.AbstractLoadPlanBuildingAssociationVisitationStrategy - Pushing fetch source to stack : org.hibernate.loader.plan.build.internal.returns.EntityReturnImpl@593a6726
14:36:54.525 [main] TRACE org.hibernate.loader.plan.build.internal.AbstractLoadPlanBuildingAssociationVisitationStrategy - .. Registering AssociationKey : AssociationKey(table=resistor, columns={resistor_id}) -> org.hibernate.loader.plan.build.internal.returns.EntityReturnImpl@593a6726
14:36:54.525 [main] TRACE org.hibernate.loader.plan.build.internal.AbstractLoadPlanBuildingAssociationVisitationStrategy - >> Starting entity identifier : com.soft.entity.ResistorEntity
14:36:54.525 [main] DEBUG org.hibernate.persister.walking.spi.MetamodelGraphWalker - Visiting attribute path : category
14:36:54.525 [main] TRACE org.hibernate.loader.plan.build.internal.AbstractLoadPlanBuildingAssociationVisitationStrategy - >> Starting attribute Attribute(name=category, type=integer [non-identifier])
14:36:54.525 [main] TRACE org.hibernate.loader.plan.build.internal.AbstractLoadPlanBuildingAssociationVisitationStrategy - << Finishing up attribute : Attribute(name=category, type=integer [non-identifier])
14:36:54.525 [main] DEBUG org.hibernate.persister.walking.spi.MetamodelGraphWalker - Visiting attribute path : description
14:36:54.525 [main] TRACE org.hibernate.loader.plan.build.internal.AbstractLoadPlanBuildingAssociationVisitationStrategy - >> Starting attribute Attribute(name=description, type=string [non-identifier])
14:36:54.525 [main] TRACE org.hibernate.loader.plan.build.internal.AbstractLoadPlanBuildingAssociationVisitationStrategy - << Finishing up attribute : Attribute(name=description, type=string [non-identifier])
14:36:54.525 [main] DEBUG org.hibernate.persister.walking.spi.MetamodelGraphWalker - Visiting attribute path : name
14:36:54.525 [main] TRACE org.hibernate.loader.plan.build.internal.AbstractLoadPlanBuildingAssociationVisitationStrategy - >> Starting attribute Attribute(name=name, type=string [non-identifier])
14:36:54.525 [main] TRACE org.hibernate.loader.plan.build.internal.AbstractLoadPlanBuildingAssociationVisitationStrategy - << Finishing up attribute : Attribute(name=name, type=string [non-identifier])
14:36:54.525 [main] DEBUG org.hibernate.persister.walking.spi.MetamodelGraphWalker - Visiting attribute path : nominal
14:36:54.525 [main] TRACE org.hibernate.loader.plan.build.internal.AbstractLoadPlanBuildingAssociationVisitationStrategy - >> Starting attribute Attribute(name=nominal, type=double [non-identifier])
14:36:54.526 [main] TRACE org.hibernate.loader.plan.build.internal.AbstractLoadPlanBuildingAssociationVisitationStrategy - << Finishing up attribute : Attribute(name=nominal, type=double [non-identifier])
14:36:54.526 [main] DEBUG org.hibernate.persister.walking.spi.MetamodelGraphWalker - Visiting attribute path : nominalUnit
14:36:54.526 [main] TRACE org.hibernate.loader.plan.build.internal.AbstractLoadPlanBuildingAssociationVisitationStrategy - >> Starting attribute Attribute(name=nominalUnit, type=integer [non-identifier])
14:36:54.526 [main] TRACE org.hibernate.loader.plan.build.internal.AbstractLoadPlanBuildingAssociationVisitationStrategy - << Finishing up attribute : Attribute(name=nominalUnit, type=integer [non-identifier])
14:36:54.526 [main] DEBUG org.hibernate.persister.walking.spi.MetamodelGraphWalker - Visiting attribute path : photo
14:36:54.526 [main] TRACE org.hibernate.loader.plan.build.internal.AbstractLoadPlanBuildingAssociationVisitationStrategy - >> Starting attribute Attribute(name=photo, type=binary [non-identifier])
14:36:54.526 [main] TRACE org.hibernate.loader.plan.build.internal.AbstractLoadPlanBuildingAssociationVisitationStrategy - << Finishing up attribute : Attribute(name=photo, type=binary [non-identifier])
14:36:54.526 [main] DEBUG org.hibernate.persister.walking.spi.MetamodelGraphWalker - Visiting attribute path : power
14:36:54.526 [main] TRACE org.hibernate.loader.plan.build.internal.AbstractLoadPlanBuildingAssociationVisitationStrategy - >> Starting attribute Attribute(name=power, type=double [non-identifier])
14:36:54.526 [main] TRACE org.hibernate.loader.plan.build.internal.AbstractLoadPlanBuildingAssociationVisitationStrategy - << Finishing up attribute : Attribute(name=power, type=double [non-identifier])
14:36:54.526 [main] DEBUG org.hibernate.persister.walking.spi.MetamodelGraphWalker - Visiting attribute path : powerUnit
14:36:54.526 [main] TRACE org.hibernate.loader.plan.build.internal.AbstractLoadPlanBuildingAssociationVisitationStrategy - >> Starting attribute Attribute(name=powerUnit, type=integer [non-identifier])
14:36:54.526 [main] TRACE org.hibernate.loader.plan.build.internal.AbstractLoadPlanBuildingAssociationVisitationStrategy - << Finishing up attribute : Attribute(name=powerUnit, type=integer [non-identifier])
14:36:54.526 [main] DEBUG org.hibernate.persister.walking.spi.MetamodelGraphWalker - Visiting attribute path : price
14:36:54.526 [main] TRACE org.hibernate.loader.plan.build.internal.AbstractLoadPlanBuildingAssociationVisitationStrategy - >> Starting attribute Attribute(name=price, type=double [non-identifier])
14:36:54.526 [main] TRACE org.hibernate.loader.plan.build.internal.AbstractLoadPlanBuildingAssociationVisitationStrategy - << Finishing up attribute : Attribute(name=price, type=double [non-identifier])
14:36:54.526 [main] DEBUG org.hibernate.persister.walking.spi.MetamodelGraphWalker - Visiting attribute path : producer
14:36:54.526 [main] TRACE org.hibernate.loader.plan.build.internal.AbstractLoadPlanBuildingAssociationVisitationStrategy - >> Starting attribute Attribute(name=producer, type=integer [non-identifier])
14:36:54.526 [main] TRACE org.hibernate.loader.plan.build.internal.AbstractLoadPlanBuildingAssociationVisitationStrategy - << Finishing up attribute : Attribute(name=producer, type=integer [non-identifier])
14:36:54.526 [main] DEBUG org.hibernate.persister.walking.spi.MetamodelGraphWalker - Visiting attribute path : quantity
14:36:54.526 [main] TRACE org.hibernate.loader.plan.build.internal.AbstractLoadPlanBuildingAssociationVisitationStrategy - >> Starting attribute Attribute(name=quantity, type=integer [non-identifier])
14:36:54.526 [main] TRACE org.hibernate.loader.plan.build.internal.AbstractLoadPlanBuildingAssociationVisitationStrategy - << Finishing up attribute : Attribute(name=quantity, type=integer [non-identifier])
14:36:54.526 [main] DEBUG org.hibernate.persister.walking.spi.MetamodelGraphWalker - Visiting attribute path : rPackage
14:36:54.526 [main] TRACE org.hibernate.loader.plan.build.internal.AbstractLoadPlanBuildingAssociationVisitationStrategy - >> Starting attribute Attribute(name=rPackage, type=integer [non-identifier])
14:36:54.526 [main] TRACE org.hibernate.loader.plan.build.internal.AbstractLoadPlanBuildingAssociationVisitationStrategy - << Finishing up attribute : Attribute(name=rPackage, type=integer [non-identifier])
14:36:54.526 [main] DEBUG org.hibernate.persister.walking.spi.MetamodelGraphWalker - Visiting attribute path : rPrecision
14:36:54.526 [main] TRACE org.hibernate.loader.plan.build.internal.AbstractLoadPlanBuildingAssociationVisitationStrategy - >> Starting attribute Attribute(name=rPrecision, type=double [non-identifier])
14:36:54.526 [main] TRACE org.hibernate.loader.plan.build.internal.AbstractLoadPlanBuildingAssociationVisitationStrategy - << Finishing up attribute : Attribute(name=rPrecision, type=double [non-identifier])
14:36:54.526 [main] TRACE org.hibernate.loader.plan.build.internal.AbstractLoadPlanBuildingAssociationVisitationStrategy - Popped fetch owner from stack : org.hibernate.loader.plan.build.internal.returns.EntityReturnImpl@593a6726
14:36:54.526 [main] TRACE org.hibernate.loader.plan.build.internal.AbstractLoadPlanBuildingAssociationVisitationStrategy -  Finished root entity : com.soft.entity.ResistorEntity
14:36:54.526 [main] DEBUG org.hibernate.loader.plan.build.internal.FetchStyleLoadPlanBuildingAssociationVisitationStrategy - Building LoadPlan...
14:36:54.526 [main] DEBUG org.hibernate.loader.plan.exec.internal.LoadQueryJoinAndFetchProcessor - processing queryspace <gen:0>
14:36:54.527 [main] DEBUG org.hibernate.loader.plan.build.spi.LoadPlanTreePrinter - LoadPlan(entity=com.soft.entity.ResistorEntity)
    - Returns
       - EntityReturnImpl(entity=com.soft.entity.ResistorEntity, querySpaceUid=<gen:0>, path=com.soft.entity.ResistorEntity)
    - QuerySpaces
       - EntityQuerySpaceImpl(uid=<gen:0>, entity=com.soft.entity.ResistorEntity)
          - SQL table alias mapping - resistoren0_
          - alias suffix - 0_
          - suffixed key columns - {resistor1_4_0_}

14:36:54.527 [main] DEBUG org.hibernate.loader.entity.plan.EntityLoader - Static select for entity com.soft.entity.ResistorEntity [READ]: select resistoren0_.resistor_id as resistor1_4_0_, resistoren0_.category as category2_4_0_, resistoren0_.description as descript3_4_0_, resistoren0_.name as name4_4_0_, resistoren0_.nominal as nominal5_4_0_, resistoren0_.nominal_unit as nominal_6_4_0_, resistoren0_.photo as photo7_4_0_, resistoren0_.power as power8_4_0_, resistoren0_.power_unit as power_un9_4_0_, resistoren0_.price as price10_4_0_, resistoren0_.producer as produce11_4_0_, resistoren0_.quantity as quantit12_4_0_, resistoren0_.package as package13_4_0_, resistoren0_.r_precision as r_preci14_4_0_ from resistor resistoren0_ where resistoren0_.resistor_id=?
14:36:54.527 [main] TRACE org.hibernate.loader.plan.build.internal.AbstractLoadPlanBuildingAssociationVisitationStrategy -  Starting root entity : com.soft.entity.ResistorEntity
14:36:54.527 [main] DEBUG org.hibernate.loader.plan.build.internal.spaces.QuerySpacesImpl - Adding QuerySpace : uid = <gen:0> -> org.hibernate.loader.plan.build.internal.spaces.EntityQuerySpaceImpl@596a7f44]
14:36:54.527 [main] TRACE org.hibernate.loader.plan.build.internal.AbstractLoadPlanBuildingAssociationVisitationStrategy - Pushing fetch source to stack : org.hibernate.loader.plan.build.internal.returns.EntityReturnImpl@6dab01d9
14:36:54.527 [main] TRACE org.hibernate.loader.plan.build.internal.AbstractLoadPlanBuildingAssociationVisitationStrategy - .. Registering AssociationKey : AssociationKey(table=resistor, columns={resistor_id}) -> org.hibernate.loader.plan.build.internal.returns.EntityReturnImpl@6dab01d9
14:36:54.527 [main] TRACE org.hibernate.loader.plan.build.internal.AbstractLoadPlanBuildingAssociationVisitationStrategy - >> Starting entity identifier : com.soft.entity.ResistorEntity
14:36:54.527 [main] DEBUG org.hibernate.persister.walking.spi.MetamodelGraphWalker - Visiting attribute path : category
14:36:54.527 [main] TRACE org.hibernate.loader.plan.build.internal.AbstractLoadPlanBuildingAssociationVisitationStrategy - >> Starting attribute Attribute(name=category, type=integer [non-identifier])
14:36:54.527 [main] TRACE org.hibernate.loader.plan.build.internal.AbstractLoadPlanBuildingAssociationVisitationStrategy - << Finishing up attribute : Attribute(name=category, type=integer [non-identifier])
14:36:54.527 [main] DEBUG org.hibernate.persister.walking.spi.MetamodelGraphWalker - Visiting attribute path : description
14:36:54.527 [main] TRACE org.hibernate.loader.plan.build.internal.AbstractLoadPlanBuildingAssociationVisitationStrategy - >> Starting attribute Attribute(name=description, type=string [non-identifier])
14:36:54.527 [main] TRACE org.hibernate.loader.plan.build.internal.AbstractLoadPlanBuildingAssociationVisitationStrategy - << Finishing up attribute : Attribute(name=description, type=string [non-identifier])
14:36:54.527 [main] DEBUG org.hibernate.persister.walking.spi.MetamodelGraphWalker - Visiting attribute path : name
14:36:54.527 [main] TRACE org.hibernate.loader.plan.build.internal.AbstractLoadPlanBuildingAssociationVisitationStrategy - >> Starting attribute Attribute(name=name, type=string [non-identifier])
14:36:54.527 [main] TRACE org.hibernate.loader.plan.build.internal.AbstractLoadPlanBuildingAssociationVisitationStrategy - << Finishing up attribute : Attribute(name=name, type=string [non-identifier])
14:36:54.527 [main] DEBUG org.hibernate.persister.walking.spi.MetamodelGraphWalker - Visiting attribute path : nominal
14:36:54.527 [main] TRACE org.hibernate.loader.plan.build.internal.AbstractLoadPlanBuildingAssociationVisitationStrategy - >> Starting attribute Attribute(name=nominal, type=double [non-identifier])
14:36:54.527 [main] TRACE org.hibernate.loader.plan.build.internal.AbstractLoadPlanBuildingAssociationVisitationStrategy - << Finishing up attribute : Attribute(name=nominal, type=double [non-identifier])
14:36:54.527 [main] DEBUG org.hibernate.persister.walking.spi.MetamodelGraphWalker - Visiting attribute path : nominalUnit
14:36:54.527 [main] TRACE org.hibernate.loader.plan.build.internal.AbstractLoadPlanBuildingAssociationVisitationStrategy - >> Starting attribute Attribute(name=nominalUnit, type=integer [non-identifier])
14:36:54.527 [main] TRACE org.hibernate.loader.plan.build.internal.AbstractLoadPlanBuildingAssociationVisitationStrategy - << Finishing up attribute : Attribute(name=nominalUnit, type=integer [non-identifier])
14:36:54.527 [main] DEBUG org.hibernate.persister.walking.spi.MetamodelGraphWalker - Visiting attribute path : photo
14:36:54.527 [main] TRACE org.hibernate.loader.plan.build.internal.AbstractLoadPlanBuildingAssociationVisitationStrategy - >> Starting attribute Attribute(name=photo, type=binary [non-identifier])
14:36:54.527 [main] TRACE org.hibernate.loader.plan.build.internal.AbstractLoadPlanBuildingAssociationVisitationStrategy - << Finishing up attribute : Attribute(name=photo, type=binary [non-identifier])
14:36:54.527 [main] DEBUG org.hibernate.persister.walking.spi.MetamodelGraphWalker - Visiting attribute path : power
14:36:54.527 [main] TRACE org.hibernate.loader.plan.build.internal.AbstractLoadPlanBuildingAssociationVisitationStrategy - >> Starting attribute Attribute(name=power, type=double [non-identifier])
14:36:54.528 [main] TRACE org.hibernate.loader.plan.build.internal.AbstractLoadPlanBuildingAssociationVisitationStrategy - << Finishing up attribute : Attribute(name=power, type=double [non-identifier])
14:36:54.528 [main] DEBUG org.hibernate.persister.walking.spi.MetamodelGraphWalker - Visiting attribute path : powerUnit
14:36:54.528 [main] TRACE org.hibernate.loader.plan.build.internal.AbstractLoadPlanBuildingAssociationVisitationStrategy - >> Starting attribute Attribute(name=powerUnit, type=integer [non-identifier])
14:36:54.528 [main] TRACE org.hibernate.loader.plan.build.internal.AbstractLoadPlanBuildingAssociationVisitationStrategy - << Finishing up attribute : Attribute(name=powerUnit, type=integer [non-identifier])
14:36:54.528 [main] DEBUG org.hibernate.persister.walking.spi.MetamodelGraphWalker - Visiting attribute path : price
14:36:54.528 [main] TRACE org.hibernate.loader.plan.build.internal.AbstractLoadPlanBuildingAssociationVisitationStrategy - >> Starting attribute Attribute(name=price, type=double [non-identifier])
14:36:54.528 [main] TRACE org.hibernate.loader.plan.build.internal.AbstractLoadPlanBuildingAssociationVisitationStrategy - << Finishing up attribute : Attribute(name=price, type=double [non-identifier])
14:36:54.528 [main] DEBUG org.hibernate.persister.walking.spi.MetamodelGraphWalker - Visiting attribute path : producer
14:36:54.528 [main] TRACE org.hibernate.loader.plan.build.internal.AbstractLoadPlanBuildingAssociationVisitationStrategy - >> Starting attribute Attribute(name=producer, type=integer [non-identifier])
14:36:54.528 [main] TRACE org.hibernate.loader.plan.build.internal.AbstractLoadPlanBuildingAssociationVisitationStrategy - << Finishing up attribute : Attribute(name=producer, type=integer [non-identifier])
14:36:54.528 [main] DEBUG org.hibernate.persister.walking.spi.MetamodelGraphWalker - Visiting attribute path : quantity
14:36:54.528 [main] TRACE org.hibernate.loader.plan.build.internal.AbstractLoadPlanBuildingAssociationVisitationStrategy - >> Starting attribute Attribute(name=quantity, type=integer [non-identifier])
14:36:54.528 [main] TRACE org.hibernate.loader.plan.build.internal.AbstractLoadPlanBuildingAssociationVisitationStrategy - << Finishing up attribute : Attribute(name=quantity, type=integer [non-identifier])
14:36:54.528 [main] DEBUG org.hibernate.persister.walking.spi.MetamodelGraphWalker - Visiting attribute path : rPackage
14:36:54.528 [main] TRACE org.hibernate.loader.plan.build.internal.AbstractLoadPlanBuildingAssociationVisitationStrategy - >> Starting attribute Attribute(name=rPackage, type=integer [non-identifier])
14:36:54.528 [main] TRACE org.hibernate.loader.plan.build.internal.AbstractLoadPlanBuildingAssociationVisitationStrategy - << Finishing up attribute : Attribute(name=rPackage, type=integer [non-identifier])
14:36:54.528 [main] DEBUG org.hibernate.persister.walking.spi.MetamodelGraphWalker - Visiting attribute path : rPrecision
14:36:54.528 [main] TRACE org.hibernate.loader.plan.build.internal.AbstractLoadPlanBuildingAssociationVisitationStrategy - >> Starting attribute Attribute(name=rPrecision, type=double [non-identifier])
14:36:54.528 [main] TRACE org.hibernate.loader.plan.build.internal.AbstractLoadPlanBuildingAssociationVisitationStrategy - << Finishing up attribute : Attribute(name=rPrecision, type=double [non-identifier])
14:36:54.528 [main] TRACE org.hibernate.loader.plan.build.internal.AbstractLoadPlanBuildingAssociationVisitationStrategy - Popped fetch owner from stack : org.hibernate.loader.plan.build.internal.returns.EntityReturnImpl@6dab01d9
14:36:54.528 [main] TRACE org.hibernate.loader.plan.build.internal.AbstractLoadPlanBuildingAssociationVisitationStrategy -  Finished root entity : com.soft.entity.ResistorEntity
14:36:54.528 [main] DEBUG org.hibernate.loader.plan.build.internal.FetchStyleLoadPlanBuildingAssociationVisitationStrategy - Building LoadPlan...
14:36:54.528 [main] DEBUG org.hibernate.loader.plan.exec.internal.LoadQueryJoinAndFetchProcessor - processing queryspace <gen:0>
14:36:54.529 [main] DEBUG org.hibernate.loader.plan.build.spi.LoadPlanTreePrinter - LoadPlan(entity=com.soft.entity.ResistorEntity)
    - Returns
       - EntityReturnImpl(entity=com.soft.entity.ResistorEntity, querySpaceUid=<gen:0>, path=com.soft.entity.ResistorEntity)
    - QuerySpaces
       - EntityQuerySpaceImpl(uid=<gen:0>, entity=com.soft.entity.ResistorEntity)
          - SQL table alias mapping - resistoren0_
          - alias suffix - 0_
          - suffixed key columns - {resistor1_4_0_}

14:36:54.529 [main] DEBUG org.hibernate.loader.entity.plan.EntityLoader - Static select for entity com.soft.entity.ResistorEntity [UPGRADE]: select resistoren0_.resistor_id as resistor1_4_0_, resistoren0_.category as category2_4_0_, resistoren0_.description as descript3_4_0_, resistoren0_.name as name4_4_0_, resistoren0_.nominal as nominal5_4_0_, resistoren0_.nominal_unit as nominal_6_4_0_, resistoren0_.photo as photo7_4_0_, resistoren0_.power as power8_4_0_, resistoren0_.power_unit as power_un9_4_0_, resistoren0_.price as price10_4_0_, resistoren0_.producer as produce11_4_0_, resistoren0_.quantity as quantit12_4_0_, resistoren0_.package as package13_4_0_, resistoren0_.r_precision as r_preci14_4_0_ from resistor resistoren0_ where resistoren0_.resistor_id=? for update
14:36:54.529 [main] TRACE org.hibernate.loader.plan.build.internal.AbstractLoadPlanBuildingAssociationVisitationStrategy -  Starting root entity : com.soft.entity.ResistorEntity
14:36:54.529 [main] DEBUG org.hibernate.loader.plan.build.internal.spaces.QuerySpacesImpl - Adding QuerySpace : uid = <gen:0> -> org.hibernate.loader.plan.build.internal.spaces.EntityQuerySpaceImpl@2e09c51]
14:36:54.529 [main] TRACE org.hibernate.loader.plan.build.internal.AbstractLoadPlanBuildingAssociationVisitationStrategy - Pushing fetch source to stack : org.hibernate.loader.plan.build.internal.returns.EntityReturnImpl@869d87c
14:36:54.529 [main] TRACE org.hibernate.loader.plan.build.internal.AbstractLoadPlanBuildingAssociationVisitationStrategy - .. Registering AssociationKey : AssociationKey(table=resistor, columns={resistor_id}) -> org.hibernate.loader.plan.build.internal.returns.EntityReturnImpl@869d87c
14:36:54.529 [main] TRACE org.hibernate.loader.plan.build.internal.AbstractLoadPlanBuildingAssociationVisitationStrategy - >> Starting entity identifier : com.soft.entity.ResistorEntity
14:36:54.529 [main] DEBUG org.hibernate.persister.walking.spi.MetamodelGraphWalker - Visiting attribute path : category
14:36:54.529 [main] TRACE org.hibernate.loader.plan.build.internal.AbstractLoadPlanBuildingAssociationVisitationStrategy - >> Starting attribute Attribute(name=category, type=integer [non-identifier])
14:36:54.529 [main] TRACE org.hibernate.loader.plan.build.internal.AbstractLoadPlanBuildingAssociationVisitationStrategy - << Finishing up attribute : Attribute(name=category, type=integer [non-identifier])
14:36:54.529 [main] DEBUG org.hibernate.persister.walking.spi.MetamodelGraphWalker - Visiting attribute path : description
14:36:54.529 [main] TRACE org.hibernate.loader.plan.build.internal.AbstractLoadPlanBuildingAssociationVisitationStrategy - >> Starting attribute Attribute(name=description, type=string [non-identifier])
14:36:54.529 [main] TRACE org.hibernate.loader.plan.build.internal.AbstractLoadPlanBuildingAssociationVisitationStrategy - << Finishing up attribute : Attribute(name=description, type=string [non-identifier])
14:36:54.529 [main] DEBUG org.hibernate.persister.walking.spi.MetamodelGraphWalker - Visiting attribute path : name
14:36:54.529 [main] TRACE org.hibernate.loader.plan.build.internal.AbstractLoadPlanBuildingAssociationVisitationStrategy - >> Starting attribute Attribute(name=name, type=string [non-identifier])
14:36:54.529 [main] TRACE org.hibernate.loader.plan.build.internal.AbstractLoadPlanBuildingAssociationVisitationStrategy - << Finishing up attribute : Attribute(name=name, type=string [non-identifier])
14:36:54.529 [main] DEBUG org.hibernate.persister.walking.spi.MetamodelGraphWalker - Visiting attribute path : nominal
14:36:54.529 [main] TRACE org.hibernate.loader.plan.build.internal.AbstractLoadPlanBuildingAssociationVisitationStrategy - >> Starting attribute Attribute(name=nominal, type=double [non-identifier])
14:36:54.529 [main] TRACE org.hibernate.loader.plan.build.internal.AbstractLoadPlanBuildingAssociationVisitationStrategy - << Finishing up attribute : Attribute(name=nominal, type=double [non-identifier])
14:36:54.529 [main] DEBUG org.hibernate.persister.walking.spi.MetamodelGraphWalker - Visiting attribute path : nominalUnit
14:36:54.529 [main] TRACE org.hibernate.loader.plan.build.internal.AbstractLoadPlanBuildingAssociationVisitationStrategy - >> Starting attribute Attribute(name=nominalUnit, type=integer [non-identifier])
14:36:54.529 [main] TRACE org.hibernate.loader.plan.build.internal.AbstractLoadPlanBuildingAssociationVisitationStrategy - << Finishing up attribute : Attribute(name=nominalUnit, type=integer [non-identifier])
14:36:54.529 [main] DEBUG org.hibernate.persister.walking.spi.MetamodelGraphWalker - Visiting attribute path : photo
14:36:54.529 [main] TRACE org.hibernate.loader.plan.build.internal.AbstractLoadPlanBuildingAssociationVisitationStrategy - >> Starting attribute Attribute(name=photo, type=binary [non-identifier])
14:36:54.529 [main] TRACE org.hibernate.loader.plan.build.internal.AbstractLoadPlanBuildingAssociationVisitationStrategy - << Finishing up attribute : Attribute(name=photo, type=binary [non-identifier])
14:36:54.529 [main] DEBUG org.hibernate.persister.walking.spi.MetamodelGraphWalker - Visiting attribute path : power
14:36:54.529 [main] TRACE org.hibernate.loader.plan.build.internal.AbstractLoadPlanBuildingAssociationVisitationStrategy - >> Starting attribute Attribute(name=power, type=double [non-identifier])
14:36:54.529 [main] TRACE org.hibernate.loader.plan.build.internal.AbstractLoadPlanBuildingAssociationVisitationStrategy - << Finishing up attribute : Attribute(name=power, type=double [non-identifier])
14:36:54.529 [main] DEBUG org.hibernate.persister.walking.spi.MetamodelGraphWalker - Visiting attribute path : powerUnit
14:36:54.529 [main] TRACE org.hibernate.loader.plan.build.internal.AbstractLoadPlanBuildingAssociationVisitationStrategy - >> Starting attribute Attribute(name=powerUnit, type=integer [non-identifier])
14:36:54.529 [main] TRACE org.hibernate.loader.plan.build.internal.AbstractLoadPlanBuildingAssociationVisitationStrategy - << Finishing up attribute : Attribute(name=powerUnit, type=integer [non-identifier])
14:36:54.529 [main] DEBUG org.hibernate.persister.walking.spi.MetamodelGraphWalker - Visiting attribute path : price
14:36:54.529 [main] TRACE org.hibernate.loader.plan.build.internal.AbstractLoadPlanBuildingAssociationVisitationStrategy - >> Starting attribute Attribute(name=price, type=double [non-identifier])
14:36:54.529 [main] TRACE org.hibernate.loader.plan.build.internal.AbstractLoadPlanBuildingAssociationVisitationStrategy - << Finishing up attribute : Attribute(name=price, type=double [non-identifier])
14:36:54.529 [main] DEBUG org.hibernate.persister.walking.spi.MetamodelGraphWalker - Visiting attribute path : producer
14:36:54.529 [main] TRACE org.hibernate.loader.plan.build.internal.AbstractLoadPlanBuildingAssociationVisitationStrategy - >> Starting attribute Attribute(name=producer, type=integer [non-identifier])
14:36:54.529 [main] TRACE org.hibernate.loader.plan.build.internal.AbstractLoadPlanBuildingAssociationVisitationStrategy - << Finishing up attribute : Attribute(name=producer, type=integer [non-identifier])
14:36:54.529 [main] DEBUG org.hibernate.persister.walking.spi.MetamodelGraphWalker - Visiting attribute path : quantity
14:36:54.530 [main] TRACE org.hibernate.loader.plan.build.internal.AbstractLoadPlanBuildingAssociationVisitationStrategy - >> Starting attribute Attribute(name=quantity, type=integer [non-identifier])
14:36:54.530 [main] TRACE org.hibernate.loader.plan.build.internal.AbstractLoadPlanBuildingAssociationVisitationStrategy - << Finishing up attribute : Attribute(name=quantity, type=integer [non-identifier])
14:36:54.530 [main] DEBUG org.hibernate.persister.walking.spi.MetamodelGraphWalker - Visiting attribute path : rPackage
14:36:54.530 [main] TRACE org.hibernate.loader.plan.build.internal.AbstractLoadPlanBuildingAssociationVisitationStrategy - >> Starting attribute Attribute(name=rPackage, type=integer [non-identifier])
14:36:54.530 [main] TRACE org.hibernate.loader.plan.build.internal.AbstractLoadPlanBuildingAssociationVisitationStrategy - << Finishing up attribute : Attribute(name=rPackage, type=integer [non-identifier])
14:36:54.530 [main] DEBUG org.hibernate.persister.walking.spi.MetamodelGraphWalker - Visiting attribute path : rPrecision
14:36:54.530 [main] TRACE org.hibernate.loader.plan.build.internal.AbstractLoadPlanBuildingAssociationVisitationStrategy - >> Starting attribute Attribute(name=rPrecision, type=double [non-identifier])
14:36:54.530 [main] TRACE org.hibernate.loader.plan.build.internal.AbstractLoadPlanBuildingAssociationVisitationStrategy - << Finishing up attribute : Attribute(name=rPrecision, type=double [non-identifier])
14:36:54.530 [main] TRACE org.hibernate.loader.plan.build.internal.AbstractLoadPlanBuildingAssociationVisitationStrategy - Popped fetch owner from stack : org.hibernate.loader.plan.build.internal.returns.EntityReturnImpl@869d87c
14:36:54.530 [main] TRACE org.hibernate.loader.plan.build.internal.AbstractLoadPlanBuildingAssociationVisitationStrategy -  Finished root entity : com.soft.entity.ResistorEntity
14:36:54.530 [main] DEBUG org.hibernate.loader.plan.build.internal.FetchStyleLoadPlanBuildingAssociationVisitationStrategy - Building LoadPlan...
14:36:54.530 [main] DEBUG org.hibernate.loader.plan.exec.internal.LoadQueryJoinAndFetchProcessor - processing queryspace <gen:0>
14:36:54.530 [main] DEBUG org.hibernate.loader.plan.build.spi.LoadPlanTreePrinter - LoadPlan(entity=com.soft.entity.ResistorEntity)
    - Returns
       - EntityReturnImpl(entity=com.soft.entity.ResistorEntity, querySpaceUid=<gen:0>, path=com.soft.entity.ResistorEntity)
    - QuerySpaces
       - EntityQuerySpaceImpl(uid=<gen:0>, entity=com.soft.entity.ResistorEntity)
          - SQL table alias mapping - resistoren0_
          - alias suffix - 0_
          - suffixed key columns - {resistor1_4_0_}

14:36:54.530 [main] DEBUG org.hibernate.loader.entity.plan.EntityLoader - Static select for entity com.soft.entity.ResistorEntity [UPGRADE_NOWAIT]: select resistoren0_.resistor_id as resistor1_4_0_, resistoren0_.category as category2_4_0_, resistoren0_.description as descript3_4_0_, resistoren0_.name as name4_4_0_, resistoren0_.nominal as nominal5_4_0_, resistoren0_.nominal_unit as nominal_6_4_0_, resistoren0_.photo as photo7_4_0_, resistoren0_.power as power8_4_0_, resistoren0_.power_unit as power_un9_4_0_, resistoren0_.price as price10_4_0_, resistoren0_.producer as produce11_4_0_, resistoren0_.quantity as quantit12_4_0_, resistoren0_.package as package13_4_0_, resistoren0_.r_precision as r_preci14_4_0_ from resistor resistoren0_ where resistoren0_.resistor_id=? for update
14:36:54.530 [main] TRACE org.hibernate.loader.plan.build.internal.AbstractLoadPlanBuildingAssociationVisitationStrategy -  Starting root entity : com.soft.entity.ResistorEntity
14:36:54.531 [main] DEBUG org.hibernate.loader.plan.build.internal.spaces.QuerySpacesImpl - Adding QuerySpace : uid = <gen:0> -> org.hibernate.loader.plan.build.internal.spaces.EntityQuerySpaceImpl@2f3166a]
14:36:54.531 [main] TRACE org.hibernate.loader.plan.build.internal.AbstractLoadPlanBuildingAssociationVisitationStrategy - Pushing fetch source to stack : org.hibernate.loader.plan.build.internal.returns.EntityReturnImpl@37637a24
14:36:54.531 [main] TRACE org.hibernate.loader.plan.build.internal.AbstractLoadPlanBuildingAssociationVisitationStrategy - .. Registering AssociationKey : AssociationKey(table=resistor, columns={resistor_id}) -> org.hibernate.loader.plan.build.internal.returns.EntityReturnImpl@37637a24
14:36:54.531 [main] TRACE org.hibernate.loader.plan.build.internal.AbstractLoadPlanBuildingAssociationVisitationStrategy - >> Starting entity identifier : com.soft.entity.ResistorEntity
14:36:54.531 [main] DEBUG org.hibernate.persister.walking.spi.MetamodelGraphWalker - Visiting attribute path : category
14:36:54.531 [main] TRACE org.hibernate.loader.plan.build.internal.AbstractLoadPlanBuildingAssociationVisitationStrategy - >> Starting attribute Attribute(name=category, type=integer [non-identifier])
14:36:54.531 [main] TRACE org.hibernate.loader.plan.build.internal.AbstractLoadPlanBuildingAssociationVisitationStrategy - << Finishing up attribute : Attribute(name=category, type=integer [non-identifier])
14:36:54.531 [main] DEBUG org.hibernate.persister.walking.spi.MetamodelGraphWalker - Visiting attribute path : description
14:36:54.531 [main] TRACE org.hibernate.loader.plan.build.internal.AbstractLoadPlanBuildingAssociationVisitationStrategy - >> Starting attribute Attribute(name=description, type=string [non-identifier])
14:36:54.531 [main] TRACE org.hibernate.loader.plan.build.internal.AbstractLoadPlanBuildingAssociationVisitationStrategy - << Finishing up attribute : Attribute(name=description, type=string [non-identifier])
14:36:54.531 [main] DEBUG org.hibernate.persister.walking.spi.MetamodelGraphWalker - Visiting attribute path : name
14:36:54.531 [main] TRACE org.hibernate.loader.plan.build.internal.AbstractLoadPlanBuildingAssociationVisitationStrategy - >> Starting attribute Attribute(name=name, type=string [non-identifier])
14:36:54.531 [main] TRACE org.hibernate.loader.plan.build.internal.AbstractLoadPlanBuildingAssociationVisitationStrategy - << Finishing up attribute : Attribute(name=name, type=string [non-identifier])
14:36:54.531 [main] DEBUG org.hibernate.persister.walking.spi.MetamodelGraphWalker - Visiting attribute path : nominal
14:36:54.531 [main] TRACE org.hibernate.loader.plan.build.internal.AbstractLoadPlanBuildingAssociationVisitationStrategy - >> Starting attribute Attribute(name=nominal, type=double [non-identifier])
14:36:54.531 [main] TRACE org.hibernate.loader.plan.build.internal.AbstractLoadPlanBuildingAssociationVisitationStrategy - << Finishing up attribute : Attribute(name=nominal, type=double [non-identifier])
14:36:54.531 [main] DEBUG org.hibernate.persister.walking.spi.MetamodelGraphWalker - Visiting attribute path : nominalUnit
14:36:54.531 [main] TRACE org.hibernate.loader.plan.build.internal.AbstractLoadPlanBuildingAssociationVisitationStrategy - >> Starting attribute Attribute(name=nominalUnit, type=integer [non-identifier])
14:36:54.531 [main] TRACE org.hibernate.loader.plan.build.internal.AbstractLoadPlanBuildingAssociationVisitationStrategy - << Finishing up attribute : Attribute(name=nominalUnit, type=integer [non-identifier])
14:36:54.531 [main] DEBUG org.hibernate.persister.walking.spi.MetamodelGraphWalker - Visiting attribute path : photo
14:36:54.531 [main] TRACE org.hibernate.loader.plan.build.internal.AbstractLoadPlanBuildingAssociationVisitationStrategy - >> Starting attribute Attribute(name=photo, type=binary [non-identifier])
14:36:54.531 [main] TRACE org.hibernate.loader.plan.build.internal.AbstractLoadPlanBuildingAssociationVisitationStrategy - << Finishing up attribute : Attribute(name=photo, type=binary [non-identifier])
14:36:54.531 [main] DEBUG org.hibernate.persister.walking.spi.MetamodelGraphWalker - Visiting attribute path : power
14:36:54.531 [main] TRACE org.hibernate.loader.plan.build.internal.AbstractLoadPlanBuildingAssociationVisitationStrategy - >> Starting attribute Attribute(name=power, type=double [non-identifier])
14:36:54.531 [main] TRACE org.hibernate.loader.plan.build.internal.AbstractLoadPlanBuildingAssociationVisitationStrategy - << Finishing up attribute : Attribute(name=power, type=double [non-identifier])
14:36:54.531 [main] DEBUG org.hibernate.persister.walking.spi.MetamodelGraphWalker - Visiting attribute path : powerUnit
14:36:54.531 [main] TRACE org.hibernate.loader.plan.build.internal.AbstractLoadPlanBuildingAssociationVisitationStrategy - >> Starting attribute Attribute(name=powerUnit, type=integer [non-identifier])
14:36:54.531 [main] TRACE org.hibernate.loader.plan.build.internal.AbstractLoadPlanBuildingAssociationVisitationStrategy - << Finishing up attribute : Attribute(name=powerUnit, type=integer [non-identifier])
14:36:54.531 [main] DEBUG org.hibernate.persister.walking.spi.MetamodelGraphWalker - Visiting attribute path : price
14:36:54.531 [main] TRACE org.hibernate.loader.plan.build.internal.AbstractLoadPlanBuildingAssociationVisitationStrategy - >> Starting attribute Attribute(name=price, type=double [non-identifier])
14:36:54.531 [main] TRACE org.hibernate.loader.plan.build.internal.AbstractLoadPlanBuildingAssociationVisitationStrategy - << Finishing up attribute : Attribute(name=price, type=double [non-identifier])
14:36:54.531 [main] DEBUG org.hibernate.persister.walking.spi.MetamodelGraphWalker - Visiting attribute path : producer
14:36:54.531 [main] TRACE org.hibernate.loader.plan.build.internal.AbstractLoadPlanBuildingAssociationVisitationStrategy - >> Starting attribute Attribute(name=producer, type=integer [non-identifier])
14:36:54.531 [main] TRACE org.hibernate.loader.plan.build.internal.AbstractLoadPlanBuildingAssociationVisitationStrategy - << Finishing up attribute : Attribute(name=producer, type=integer [non-identifier])
14:36:54.531 [main] DEBUG org.hibernate.persister.walking.spi.MetamodelGraphWalker - Visiting attribute path : quantity
14:36:54.531 [main] TRACE org.hibernate.loader.plan.build.internal.AbstractLoadPlanBuildingAssociationVisitationStrategy - >> Starting attribute Attribute(name=quantity, type=integer [non-identifier])
14:36:54.531 [main] TRACE org.hibernate.loader.plan.build.internal.AbstractLoadPlanBuildingAssociationVisitationStrategy - << Finishing up attribute : Attribute(name=quantity, type=integer [non-identifier])
14:36:54.531 [main] DEBUG org.hibernate.persister.walking.spi.MetamodelGraphWalker - Visiting attribute path : rPackage
14:36:54.531 [main] TRACE org.hibernate.loader.plan.build.internal.AbstractLoadPlanBuildingAssociationVisitationStrategy - >> Starting attribute Attribute(name=rPackage, type=integer [non-identifier])
14:36:54.531 [main] TRACE org.hibernate.loader.plan.build.internal.AbstractLoadPlanBuildingAssociationVisitationStrategy - << Finishing up attribute : Attribute(name=rPackage, type=integer [non-identifier])
14:36:54.532 [main] DEBUG org.hibernate.persister.walking.spi.MetamodelGraphWalker - Visiting attribute path : rPrecision
14:36:54.532 [main] TRACE org.hibernate.loader.plan.build.internal.AbstractLoadPlanBuildingAssociationVisitationStrategy - >> Starting attribute Attribute(name=rPrecision, type=double [non-identifier])
14:36:54.532 [main] TRACE org.hibernate.loader.plan.build.internal.AbstractLoadPlanBuildingAssociationVisitationStrategy - << Finishing up attribute : Attribute(name=rPrecision, type=double [non-identifier])
14:36:54.532 [main] TRACE org.hibernate.loader.plan.build.internal.AbstractLoadPlanBuildingAssociationVisitationStrategy - Popped fetch owner from stack : org.hibernate.loader.plan.build.internal.returns.EntityReturnImpl@37637a24
14:36:54.532 [main] TRACE org.hibernate.loader.plan.build.internal.AbstractLoadPlanBuildingAssociationVisitationStrategy -  Finished root entity : com.soft.entity.ResistorEntity
14:36:54.532 [main] DEBUG org.hibernate.loader.plan.build.internal.FetchStyleLoadPlanBuildingAssociationVisitationStrategy - Building LoadPlan...
14:36:54.533 [main] DEBUG org.hibernate.loader.plan.exec.internal.LoadQueryJoinAndFetchProcessor - processing queryspace <gen:0>
14:36:54.534 [main] DEBUG org.hibernate.loader.plan.build.spi.LoadPlanTreePrinter - LoadPlan(entity=com.soft.entity.ResistorEntity)
    - Returns
       - EntityReturnImpl(entity=com.soft.entity.ResistorEntity, querySpaceUid=<gen:0>, path=com.soft.entity.ResistorEntity)
    - QuerySpaces
       - EntityQuerySpaceImpl(uid=<gen:0>, entity=com.soft.entity.ResistorEntity)
          - SQL table alias mapping - resistoren0_
          - alias suffix - 0_
          - suffixed key columns - {resistor1_4_0_}

14:36:54.534 [main] DEBUG org.hibernate.loader.entity.plan.EntityLoader - Static select for entity com.soft.entity.ResistorEntity [UPGRADE_SKIPLOCKED]: select resistoren0_.resistor_id as resistor1_4_0_, resistoren0_.category as category2_4_0_, resistoren0_.description as descript3_4_0_, resistoren0_.name as name4_4_0_, resistoren0_.nominal as nominal5_4_0_, resistoren0_.nominal_unit as nominal_6_4_0_, resistoren0_.photo as photo7_4_0_, resistoren0_.power as power8_4_0_, resistoren0_.power_unit as power_un9_4_0_, resistoren0_.price as price10_4_0_, resistoren0_.producer as produce11_4_0_, resistoren0_.quantity as quantit12_4_0_, resistoren0_.package as package13_4_0_, resistoren0_.r_precision as r_preci14_4_0_ from resistor resistoren0_ where resistoren0_.resistor_id=? for update
14:36:54.535 [main] TRACE org.hibernate.loader.plan.build.internal.AbstractLoadPlanBuildingAssociationVisitationStrategy -  Starting root entity : com.soft.entity.ResistorEntity
14:36:54.535 [main] DEBUG org.hibernate.loader.plan.build.internal.spaces.QuerySpacesImpl - Adding QuerySpace : uid = <gen:0> -> org.hibernate.loader.plan.build.internal.spaces.EntityQuerySpaceImpl@31e76a8d]
14:36:54.536 [main] TRACE org.hibernate.loader.plan.build.internal.AbstractLoadPlanBuildingAssociationVisitationStrategy - Pushing fetch source to stack : org.hibernate.loader.plan.build.internal.returns.EntityReturnImpl@770beef5
14:36:54.536 [main] TRACE org.hibernate.loader.plan.build.internal.AbstractLoadPlanBuildingAssociationVisitationStrategy - .. Registering AssociationKey : AssociationKey(table=resistor, columns={resistor_id}) -> org.hibernate.loader.plan.build.internal.returns.EntityReturnImpl@770beef5
14:36:54.536 [main] TRACE org.hibernate.loader.plan.build.internal.AbstractLoadPlanBuildingAssociationVisitationStrategy - >> Starting entity identifier : com.soft.entity.ResistorEntity
14:36:54.536 [main] DEBUG org.hibernate.persister.walking.spi.MetamodelGraphWalker - Visiting attribute path : category
14:36:54.536 [main] TRACE org.hibernate.loader.plan.build.internal.AbstractLoadPlanBuildingAssociationVisitationStrategy - >> Starting attribute Attribute(name=category, type=integer [non-identifier])
14:36:54.536 [main] TRACE org.hibernate.loader.plan.build.internal.AbstractLoadPlanBuildingAssociationVisitationStrategy - << Finishing up attribute : Attribute(name=category, type=integer [non-identifier])
14:36:54.536 [main] DEBUG org.hibernate.persister.walking.spi.MetamodelGraphWalker - Visiting attribute path : description
14:36:54.536 [main] TRACE org.hibernate.loader.plan.build.internal.AbstractLoadPlanBuildingAssociationVisitationStrategy - >> Starting attribute Attribute(name=description, type=string [non-identifier])
14:36:54.536 [main] TRACE org.hibernate.loader.plan.build.internal.AbstractLoadPlanBuildingAssociationVisitationStrategy - << Finishing up attribute : Attribute(name=description, type=string [non-identifier])
14:36:54.536 [main] DEBUG org.hibernate.persister.walking.spi.MetamodelGraphWalker - Visiting attribute path : name
14:36:54.536 [main] TRACE org.hibernate.loader.plan.build.internal.AbstractLoadPlanBuildingAssociationVisitationStrategy - >> Starting attribute Attribute(name=name, type=string [non-identifier])
14:36:54.536 [main] TRACE org.hibernate.loader.plan.build.internal.AbstractLoadPlanBuildingAssociationVisitationStrategy - << Finishing up attribute : Attribute(name=name, type=string [non-identifier])
14:36:54.536 [main] DEBUG org.hibernate.persister.walking.spi.MetamodelGraphWalker - Visiting attribute path : nominal
14:36:54.536 [main] TRACE org.hibernate.loader.plan.build.internal.AbstractLoadPlanBuildingAssociationVisitationStrategy - >> Starting attribute Attribute(name=nominal, type=double [non-identifier])
14:36:54.536 [main] TRACE org.hibernate.loader.plan.build.internal.AbstractLoadPlanBuildingAssociationVisitationStrategy - << Finishing up attribute : Attribute(name=nominal, type=double [non-identifier])
14:36:54.536 [main] DEBUG org.hibernate.persister.walking.spi.MetamodelGraphWalker - Visiting attribute path : nominalUnit
14:36:54.536 [main] TRACE org.hibernate.loader.plan.build.internal.AbstractLoadPlanBuildingAssociationVisitationStrategy - >> Starting attribute Attribute(name=nominalUnit, type=integer [non-identifier])
14:36:54.536 [main] TRACE org.hibernate.loader.plan.build.internal.AbstractLoadPlanBuildingAssociationVisitationStrategy - << Finishing up attribute : Attribute(name=nominalUnit, type=integer [non-identifier])
14:36:54.536 [main] DEBUG org.hibernate.persister.walking.spi.MetamodelGraphWalker - Visiting attribute path : photo
14:36:54.536 [main] TRACE org.hibernate.loader.plan.build.internal.AbstractLoadPlanBuildingAssociationVisitationStrategy - >> Starting attribute Attribute(name=photo, type=binary [non-identifier])
14:36:54.536 [main] TRACE org.hibernate.loader.plan.build.internal.AbstractLoadPlanBuildingAssociationVisitationStrategy - << Finishing up attribute : Attribute(name=photo, type=binary [non-identifier])
14:36:54.536 [main] DEBUG org.hibernate.persister.walking.spi.MetamodelGraphWalker - Visiting attribute path : power
14:36:54.536 [main] TRACE org.hibernate.loader.plan.build.internal.AbstractLoadPlanBuildingAssociationVisitationStrategy - >> Starting attribute Attribute(name=power, type=double [non-identifier])
14:36:54.536 [main] TRACE org.hibernate.loader.plan.build.internal.AbstractLoadPlanBuildingAssociationVisitationStrategy - << Finishing up attribute : Attribute(name=power, type=double [non-identifier])
14:36:54.536 [main] DEBUG org.hibernate.persister.walking.spi.MetamodelGraphWalker - Visiting attribute path : powerUnit
14:36:54.536 [main] TRACE org.hibernate.loader.plan.build.internal.AbstractLoadPlanBuildingAssociationVisitationStrategy - >> Starting attribute Attribute(name=powerUnit, type=integer [non-identifier])
14:36:54.536 [main] TRACE org.hibernate.loader.plan.build.internal.AbstractLoadPlanBuildingAssociationVisitationStrategy - << Finishing up attribute : Attribute(name=powerUnit, type=integer [non-identifier])
14:36:54.536 [main] DEBUG org.hibernate.persister.walking.spi.MetamodelGraphWalker - Visiting attribute path : price
14:36:54.536 [main] TRACE org.hibernate.loader.plan.build.internal.AbstractLoadPlanBuildingAssociationVisitationStrategy - >> Starting attribute Attribute(name=price, type=double [non-identifier])
14:36:54.536 [main] TRACE org.hibernate.loader.plan.build.internal.AbstractLoadPlanBuildingAssociationVisitationStrategy - << Finishing up attribute : Attribute(name=price, type=double [non-identifier])
14:36:54.536 [main] DEBUG org.hibernate.persister.walking.spi.MetamodelGraphWalker - Visiting attribute path : producer
14:36:54.536 [main] TRACE org.hibernate.loader.plan.build.internal.AbstractLoadPlanBuildingAssociationVisitationStrategy - >> Starting attribute Attribute(name=producer, type=integer [non-identifier])
14:36:54.536 [main] TRACE org.hibernate.loader.plan.build.internal.AbstractLoadPlanBuildingAssociationVisitationStrategy - << Finishing up attribute : Attribute(name=producer, type=integer [non-identifier])
14:36:54.536 [main] DEBUG org.hibernate.persister.walking.spi.MetamodelGraphWalker - Visiting attribute path : quantity
14:36:54.536 [main] TRACE org.hibernate.loader.plan.build.internal.AbstractLoadPlanBuildingAssociationVisitationStrategy - >> Starting attribute Attribute(name=quantity, type=integer [non-identifier])
14:36:54.536 [main] TRACE org.hibernate.loader.plan.build.internal.AbstractLoadPlanBuildingAssociationVisitationStrategy - << Finishing up attribute : Attribute(name=quantity, type=integer [non-identifier])
14:36:54.536 [main] DEBUG org.hibernate.persister.walking.spi.MetamodelGraphWalker - Visiting attribute path : rPackage
14:36:54.536 [main] TRACE org.hibernate.loader.plan.build.internal.AbstractLoadPlanBuildingAssociationVisitationStrategy - >> Starting attribute Attribute(name=rPackage, type=integer [non-identifier])
14:36:54.536 [main] TRACE org.hibernate.loader.plan.build.internal.AbstractLoadPlanBuildingAssociationVisitationStrategy - << Finishing up attribute : Attribute(name=rPackage, type=integer [non-identifier])
14:36:54.536 [main] DEBUG org.hibernate.persister.walking.spi.MetamodelGraphWalker - Visiting attribute path : rPrecision
14:36:54.536 [main] TRACE org.hibernate.loader.plan.build.internal.AbstractLoadPlanBuildingAssociationVisitationStrategy - >> Starting attribute Attribute(name=rPrecision, type=double [non-identifier])
14:36:54.536 [main] TRACE org.hibernate.loader.plan.build.internal.AbstractLoadPlanBuildingAssociationVisitationStrategy - << Finishing up attribute : Attribute(name=rPrecision, type=double [non-identifier])
14:36:54.536 [main] TRACE org.hibernate.loader.plan.build.internal.AbstractLoadPlanBuildingAssociationVisitationStrategy - Popped fetch owner from stack : org.hibernate.loader.plan.build.internal.returns.EntityReturnImpl@770beef5
14:36:54.537 [main] TRACE org.hibernate.loader.plan.build.internal.AbstractLoadPlanBuildingAssociationVisitationStrategy -  Finished root entity : com.soft.entity.ResistorEntity
14:36:54.537 [main] DEBUG org.hibernate.loader.plan.build.internal.FetchStyleLoadPlanBuildingAssociationVisitationStrategy - Building LoadPlan...
14:36:54.537 [main] DEBUG org.hibernate.loader.plan.exec.internal.LoadQueryJoinAndFetchProcessor - processing queryspace <gen:0>
14:36:54.537 [main] DEBUG org.hibernate.loader.plan.build.spi.LoadPlanTreePrinter - LoadPlan(entity=com.soft.entity.ResistorEntity)
    - Returns
       - EntityReturnImpl(entity=com.soft.entity.ResistorEntity, querySpaceUid=<gen:0>, path=com.soft.entity.ResistorEntity)
    - QuerySpaces
       - EntityQuerySpaceImpl(uid=<gen:0>, entity=com.soft.entity.ResistorEntity)
          - SQL table alias mapping - resistoren0_
          - alias suffix - 0_
          - suffixed key columns - {resistor1_4_0_}

14:36:54.537 [main] DEBUG org.hibernate.loader.entity.plan.EntityLoader - Static select for entity com.soft.entity.ResistorEntity [FORCE]: select resistoren0_.resistor_id as resistor1_4_0_, resistoren0_.category as category2_4_0_, resistoren0_.description as descript3_4_0_, resistoren0_.name as name4_4_0_, resistoren0_.nominal as nominal5_4_0_, resistoren0_.nominal_unit as nominal_6_4_0_, resistoren0_.photo as photo7_4_0_, resistoren0_.power as power8_4_0_, resistoren0_.power_unit as power_un9_4_0_, resistoren0_.price as price10_4_0_, resistoren0_.producer as produce11_4_0_, resistoren0_.quantity as quantit12_4_0_, resistoren0_.package as package13_4_0_, resistoren0_.r_precision as r_preci14_4_0_ from resistor resistoren0_ where resistoren0_.resistor_id=? for update
14:36:54.537 [main] TRACE org.hibernate.loader.plan.build.internal.AbstractLoadPlanBuildingAssociationVisitationStrategy -  Starting root entity : com.soft.entity.ResistorEntity
14:36:54.537 [main] DEBUG org.hibernate.loader.plan.build.internal.spaces.QuerySpacesImpl - Adding QuerySpace : uid = <gen:0> -> org.hibernate.loader.plan.build.internal.spaces.EntityQuerySpaceImpl@6dd1f638]
14:36:54.537 [main] TRACE org.hibernate.loader.plan.build.internal.AbstractLoadPlanBuildingAssociationVisitationStrategy - Pushing fetch source to stack : org.hibernate.loader.plan.build.internal.returns.EntityReturnImpl@414f13fc
14:36:54.537 [main] TRACE org.hibernate.loader.plan.build.internal.AbstractLoadPlanBuildingAssociationVisitationStrategy - .. Registering AssociationKey : AssociationKey(table=resistor, columns={resistor_id}) -> org.hibernate.loader.plan.build.internal.returns.EntityReturnImpl@414f13fc
14:36:54.537 [main] TRACE org.hibernate.loader.plan.build.internal.AbstractLoadPlanBuildingAssociationVisitationStrategy - >> Starting entity identifier : com.soft.entity.ResistorEntity
14:36:54.537 [main] DEBUG org.hibernate.persister.walking.spi.MetamodelGraphWalker - Visiting attribute path : category
14:36:54.537 [main] TRACE org.hibernate.loader.plan.build.internal.AbstractLoadPlanBuildingAssociationVisitationStrategy - >> Starting attribute Attribute(name=category, type=integer [non-identifier])
14:36:54.537 [main] TRACE org.hibernate.loader.plan.build.internal.AbstractLoadPlanBuildingAssociationVisitationStrategy - << Finishing up attribute : Attribute(name=category, type=integer [non-identifier])
14:36:54.537 [main] DEBUG org.hibernate.persister.walking.spi.MetamodelGraphWalker - Visiting attribute path : description
14:36:54.537 [main] TRACE org.hibernate.loader.plan.build.internal.AbstractLoadPlanBuildingAssociationVisitationStrategy - >> Starting attribute Attribute(name=description, type=string [non-identifier])
14:36:54.537 [main] TRACE org.hibernate.loader.plan.build.internal.AbstractLoadPlanBuildingAssociationVisitationStrategy - << Finishing up attribute : Attribute(name=description, type=string [non-identifier])
14:36:54.537 [main] DEBUG org.hibernate.persister.walking.spi.MetamodelGraphWalker - Visiting attribute path : name
14:36:54.537 [main] TRACE org.hibernate.loader.plan.build.internal.AbstractLoadPlanBuildingAssociationVisitationStrategy - >> Starting attribute Attribute(name=name, type=string [non-identifier])
14:36:54.537 [main] TRACE org.hibernate.loader.plan.build.internal.AbstractLoadPlanBuildingAssociationVisitationStrategy - << Finishing up attribute : Attribute(name=name, type=string [non-identifier])
14:36:54.537 [main] DEBUG org.hibernate.persister.walking.spi.MetamodelGraphWalker - Visiting attribute path : nominal
14:36:54.537 [main] TRACE org.hibernate.loader.plan.build.internal.AbstractLoadPlanBuildingAssociationVisitationStrategy - >> Starting attribute Attribute(name=nominal, type=double [non-identifier])
14:36:54.537 [main] TRACE org.hibernate.loader.plan.build.internal.AbstractLoadPlanBuildingAssociationVisitationStrategy - << Finishing up attribute : Attribute(name=nominal, type=double [non-identifier])
14:36:54.537 [main] DEBUG org.hibernate.persister.walking.spi.MetamodelGraphWalker - Visiting attribute path : nominalUnit
14:36:54.537 [main] TRACE org.hibernate.loader.plan.build.internal.AbstractLoadPlanBuildingAssociationVisitationStrategy - >> Starting attribute Attribute(name=nominalUnit, type=integer [non-identifier])
14:36:54.537 [main] TRACE org.hibernate.loader.plan.build.internal.AbstractLoadPlanBuildingAssociationVisitationStrategy - << Finishing up attribute : Attribute(name=nominalUnit, type=integer [non-identifier])
14:36:54.537 [main] DEBUG org.hibernate.persister.walking.spi.MetamodelGraphWalker - Visiting attribute path : photo
14:36:54.537 [main] TRACE org.hibernate.loader.plan.build.internal.AbstractLoadPlanBuildingAssociationVisitationStrategy - >> Starting attribute Attribute(name=photo, type=binary [non-identifier])
14:36:54.538 [main] TRACE org.hibernate.loader.plan.build.internal.AbstractLoadPlanBuildingAssociationVisitationStrategy - << Finishing up attribute : Attribute(name=photo, type=binary [non-identifier])
14:36:54.538 [main] DEBUG org.hibernate.persister.walking.spi.MetamodelGraphWalker - Visiting attribute path : power
14:36:54.538 [main] TRACE org.hibernate.loader.plan.build.internal.AbstractLoadPlanBuildingAssociationVisitationStrategy - >> Starting attribute Attribute(name=power, type=double [non-identifier])
14:36:54.538 [main] TRACE org.hibernate.loader.plan.build.internal.AbstractLoadPlanBuildingAssociationVisitationStrategy - << Finishing up attribute : Attribute(name=power, type=double [non-identifier])
14:36:54.538 [main] DEBUG org.hibernate.persister.walking.spi.MetamodelGraphWalker - Visiting attribute path : powerUnit
14:36:54.538 [main] TRACE org.hibernate.loader.plan.build.internal.AbstractLoadPlanBuildingAssociationVisitationStrategy - >> Starting attribute Attribute(name=powerUnit, type=integer [non-identifier])
14:36:54.538 [main] TRACE org.hibernate.loader.plan.build.internal.AbstractLoadPlanBuildingAssociationVisitationStrategy - << Finishing up attribute : Attribute(name=powerUnit, type=integer [non-identifier])
14:36:54.538 [main] DEBUG org.hibernate.persister.walking.spi.MetamodelGraphWalker - Visiting attribute path : price
14:36:54.538 [main] TRACE org.hibernate.loader.plan.build.internal.AbstractLoadPlanBuildingAssociationVisitationStrategy - >> Starting attribute Attribute(name=price, type=double [non-identifier])
14:36:54.538 [main] TRACE org.hibernate.loader.plan.build.internal.AbstractLoadPlanBuildingAssociationVisitationStrategy - << Finishing up attribute : Attribute(name=price, type=double [non-identifier])
14:36:54.538 [main] DEBUG org.hibernate.persister.walking.spi.MetamodelGraphWalker - Visiting attribute path : producer
14:36:54.538 [main] TRACE org.hibernate.loader.plan.build.internal.AbstractLoadPlanBuildingAssociationVisitationStrategy - >> Starting attribute Attribute(name=producer, type=integer [non-identifier])
14:36:54.538 [main] TRACE org.hibernate.loader.plan.build.internal.AbstractLoadPlanBuildingAssociationVisitationStrategy - << Finishing up attribute : Attribute(name=producer, type=integer [non-identifier])
14:36:54.538 [main] DEBUG org.hibernate.persister.walking.spi.MetamodelGraphWalker - Visiting attribute path : quantity
14:36:54.538 [main] TRACE org.hibernate.loader.plan.build.internal.AbstractLoadPlanBuildingAssociationVisitationStrategy - >> Starting attribute Attribute(name=quantity, type=integer [non-identifier])
14:36:54.538 [main] TRACE org.hibernate.loader.plan.build.internal.AbstractLoadPlanBuildingAssociationVisitationStrategy - << Finishing up attribute : Attribute(name=quantity, type=integer [non-identifier])
14:36:54.538 [main] DEBUG org.hibernate.persister.walking.spi.MetamodelGraphWalker - Visiting attribute path : rPackage
14:36:54.538 [main] TRACE org.hibernate.loader.plan.build.internal.AbstractLoadPlanBuildingAssociationVisitationStrategy - >> Starting attribute Attribute(name=rPackage, type=integer [non-identifier])
14:36:54.538 [main] TRACE org.hibernate.loader.plan.build.internal.AbstractLoadPlanBuildingAssociationVisitationStrategy - << Finishing up attribute : Attribute(name=rPackage, type=integer [non-identifier])
14:36:54.538 [main] DEBUG org.hibernate.persister.walking.spi.MetamodelGraphWalker - Visiting attribute path : rPrecision
14:36:54.538 [main] TRACE org.hibernate.loader.plan.build.internal.AbstractLoadPlanBuildingAssociationVisitationStrategy - >> Starting attribute Attribute(name=rPrecision, type=double [non-identifier])
14:36:54.538 [main] TRACE org.hibernate.loader.plan.build.internal.AbstractLoadPlanBuildingAssociationVisitationStrategy - << Finishing up attribute : Attribute(name=rPrecision, type=double [non-identifier])
14:36:54.538 [main] TRACE org.hibernate.loader.plan.build.internal.AbstractLoadPlanBuildingAssociationVisitationStrategy - Popped fetch owner from stack : org.hibernate.loader.plan.build.internal.returns.EntityReturnImpl@414f13fc
14:36:54.538 [main] TRACE org.hibernate.loader.plan.build.internal.AbstractLoadPlanBuildingAssociationVisitationStrategy -  Finished root entity : com.soft.entity.ResistorEntity
14:36:54.538 [main] DEBUG org.hibernate.loader.plan.build.internal.FetchStyleLoadPlanBuildingAssociationVisitationStrategy - Building LoadPlan...
14:36:54.538 [main] DEBUG org.hibernate.loader.plan.exec.internal.LoadQueryJoinAndFetchProcessor - processing queryspace <gen:0>
14:36:54.538 [main] DEBUG org.hibernate.loader.plan.build.spi.LoadPlanTreePrinter - LoadPlan(entity=com.soft.entity.ResistorEntity)
    - Returns
       - EntityReturnImpl(entity=com.soft.entity.ResistorEntity, querySpaceUid=<gen:0>, path=com.soft.entity.ResistorEntity)
    - QuerySpaces
       - EntityQuerySpaceImpl(uid=<gen:0>, entity=com.soft.entity.ResistorEntity)
          - SQL table alias mapping - resistoren0_
          - alias suffix - 0_
          - suffixed key columns - {resistor1_4_0_}

14:36:54.539 [main] DEBUG org.hibernate.loader.entity.plan.EntityLoader - Static select for entity com.soft.entity.ResistorEntity [PESSIMISTIC_READ]: select resistoren0_.resistor_id as resistor1_4_0_, resistoren0_.category as category2_4_0_, resistoren0_.description as descript3_4_0_, resistoren0_.name as name4_4_0_, resistoren0_.nominal as nominal5_4_0_, resistoren0_.nominal_unit as nominal_6_4_0_, resistoren0_.photo as photo7_4_0_, resistoren0_.power as power8_4_0_, resistoren0_.power_unit as power_un9_4_0_, resistoren0_.price as price10_4_0_, resistoren0_.producer as produce11_4_0_, resistoren0_.quantity as quantit12_4_0_, resistoren0_.package as package13_4_0_, resistoren0_.r_precision as r_preci14_4_0_ from resistor resistoren0_ where resistoren0_.resistor_id=? lock in share mode
14:36:54.539 [main] TRACE org.hibernate.loader.plan.build.internal.AbstractLoadPlanBuildingAssociationVisitationStrategy -  Starting root entity : com.soft.entity.ResistorEntity
14:36:54.539 [main] DEBUG org.hibernate.loader.plan.build.internal.spaces.QuerySpacesImpl - Adding QuerySpace : uid = <gen:0> -> org.hibernate.loader.plan.build.internal.spaces.EntityQuerySpaceImpl@4b76aa5a]
14:36:54.539 [main] TRACE org.hibernate.loader.plan.build.internal.AbstractLoadPlanBuildingAssociationVisitationStrategy - Pushing fetch source to stack : org.hibernate.loader.plan.build.internal.returns.EntityReturnImpl@63a28987
14:36:54.539 [main] TRACE org.hibernate.loader.plan.build.internal.AbstractLoadPlanBuildingAssociationVisitationStrategy - .. Registering AssociationKey : AssociationKey(table=resistor, columns={resistor_id}) -> org.hibernate.loader.plan.build.internal.returns.EntityReturnImpl@63a28987
14:36:54.539 [main] TRACE org.hibernate.loader.plan.build.internal.AbstractLoadPlanBuildingAssociationVisitationStrategy - >> Starting entity identifier : com.soft.entity.ResistorEntity
14:36:54.539 [main] DEBUG org.hibernate.persister.walking.spi.MetamodelGraphWalker - Visiting attribute path : category
14:36:54.539 [main] TRACE org.hibernate.loader.plan.build.internal.AbstractLoadPlanBuildingAssociationVisitationStrategy - >> Starting attribute Attribute(name=category, type=integer [non-identifier])
14:36:54.539 [main] TRACE org.hibernate.loader.plan.build.internal.AbstractLoadPlanBuildingAssociationVisitationStrategy - << Finishing up attribute : Attribute(name=category, type=integer [non-identifier])
14:36:54.539 [main] DEBUG org.hibernate.persister.walking.spi.MetamodelGraphWalker - Visiting attribute path : description
14:36:54.539 [main] TRACE org.hibernate.loader.plan.build.internal.AbstractLoadPlanBuildingAssociationVisitationStrategy - >> Starting attribute Attribute(name=description, type=string [non-identifier])
14:36:54.539 [main] TRACE org.hibernate.loader.plan.build.internal.AbstractLoadPlanBuildingAssociationVisitationStrategy - << Finishing up attribute : Attribute(name=description, type=string [non-identifier])
14:36:54.539 [main] DEBUG org.hibernate.persister.walking.spi.MetamodelGraphWalker - Visiting attribute path : name
14:36:54.539 [main] TRACE org.hibernate.loader.plan.build.internal.AbstractLoadPlanBuildingAssociationVisitationStrategy - >> Starting attribute Attribute(name=name, type=string [non-identifier])
14:36:54.539 [main] TRACE org.hibernate.loader.plan.build.internal.AbstractLoadPlanBuildingAssociationVisitationStrategy - << Finishing up attribute : Attribute(name=name, type=string [non-identifier])
14:36:54.539 [main] DEBUG org.hibernate.persister.walking.spi.MetamodelGraphWalker - Visiting attribute path : nominal
14:36:54.539 [main] TRACE org.hibernate.loader.plan.build.internal.AbstractLoadPlanBuildingAssociationVisitationStrategy - >> Starting attribute Attribute(name=nominal, type=double [non-identifier])
14:36:54.539 [main] TRACE org.hibernate.loader.plan.build.internal.AbstractLoadPlanBuildingAssociationVisitationStrategy - << Finishing up attribute : Attribute(name=nominal, type=double [non-identifier])
14:36:54.539 [main] DEBUG org.hibernate.persister.walking.spi.MetamodelGraphWalker - Visiting attribute path : nominalUnit
14:36:54.539 [main] TRACE org.hibernate.loader.plan.build.internal.AbstractLoadPlanBuildingAssociationVisitationStrategy - >> Starting attribute Attribute(name=nominalUnit, type=integer [non-identifier])
14:36:54.539 [main] TRACE org.hibernate.loader.plan.build.internal.AbstractLoadPlanBuildingAssociationVisitationStrategy - << Finishing up attribute : Attribute(name=nominalUnit, type=integer [non-identifier])
14:36:54.539 [main] DEBUG org.hibernate.persister.walking.spi.MetamodelGraphWalker - Visiting attribute path : photo
14:36:54.539 [main] TRACE org.hibernate.loader.plan.build.internal.AbstractLoadPlanBuildingAssociationVisitationStrategy - >> Starting attribute Attribute(name=photo, type=binary [non-identifier])
14:36:54.539 [main] TRACE org.hibernate.loader.plan.build.internal.AbstractLoadPlanBuildingAssociationVisitationStrategy - << Finishing up attribute : Attribute(name=photo, type=binary [non-identifier])
14:36:54.539 [main] DEBUG org.hibernate.persister.walking.spi.MetamodelGraphWalker - Visiting attribute path : power
14:36:54.539 [main] TRACE org.hibernate.loader.plan.build.internal.AbstractLoadPlanBuildingAssociationVisitationStrategy - >> Starting attribute Attribute(name=power, type=double [non-identifier])
14:36:54.539 [main] TRACE org.hibernate.loader.plan.build.internal.AbstractLoadPlanBuildingAssociationVisitationStrategy - << Finishing up attribute : Attribute(name=power, type=double [non-identifier])
14:36:54.539 [main] DEBUG org.hibernate.persister.walking.spi.MetamodelGraphWalker - Visiting attribute path : powerUnit
14:36:54.539 [main] TRACE org.hibernate.loader.plan.build.internal.AbstractLoadPlanBuildingAssociationVisitationStrategy - >> Starting attribute Attribute(name=powerUnit, type=integer [non-identifier])
14:36:54.539 [main] TRACE org.hibernate.loader.plan.build.internal.AbstractLoadPlanBuildingAssociationVisitationStrategy - << Finishing up attribute : Attribute(name=powerUnit, type=integer [non-identifier])
14:36:54.539 [main] DEBUG org.hibernate.persister.walking.spi.MetamodelGraphWalker - Visiting attribute path : price
14:36:54.539 [main] TRACE org.hibernate.loader.plan.build.internal.AbstractLoadPlanBuildingAssociationVisitationStrategy - >> Starting attribute Attribute(name=price, type=double [non-identifier])
14:36:54.539 [main] TRACE org.hibernate.loader.plan.build.internal.AbstractLoadPlanBuildingAssociationVisitationStrategy - << Finishing up attribute : Attribute(name=price, type=double [non-identifier])
14:36:54.539 [main] DEBUG org.hibernate.persister.walking.spi.MetamodelGraphWalker - Visiting attribute path : producer
14:36:54.539 [main] TRACE org.hibernate.loader.plan.build.internal.AbstractLoadPlanBuildingAssociationVisitationStrategy - >> Starting attribute Attribute(name=producer, type=integer [non-identifier])
14:36:54.539 [main] TRACE org.hibernate.loader.plan.build.internal.AbstractLoadPlanBuildingAssociationVisitationStrategy - << Finishing up attribute : Attribute(name=producer, type=integer [non-identifier])
14:36:54.539 [main] DEBUG org.hibernate.persister.walking.spi.MetamodelGraphWalker - Visiting attribute path : quantity
14:36:54.539 [main] TRACE org.hibernate.loader.plan.build.internal.AbstractLoadPlanBuildingAssociationVisitationStrategy - >> Starting attribute Attribute(name=quantity, type=integer [non-identifier])
14:36:54.539 [main] TRACE org.hibernate.loader.plan.build.internal.AbstractLoadPlanBuildingAssociationVisitationStrategy - << Finishing up attribute : Attribute(name=quantity, type=integer [non-identifier])
14:36:54.539 [main] DEBUG org.hibernate.persister.walking.spi.MetamodelGraphWalker - Visiting attribute path : rPackage
14:36:54.539 [main] TRACE org.hibernate.loader.plan.build.internal.AbstractLoadPlanBuildingAssociationVisitationStrategy - >> Starting attribute Attribute(name=rPackage, type=integer [non-identifier])
14:36:54.539 [main] TRACE org.hibernate.loader.plan.build.internal.AbstractLoadPlanBuildingAssociationVisitationStrategy - << Finishing up attribute : Attribute(name=rPackage, type=integer [non-identifier])
14:36:54.539 [main] DEBUG org.hibernate.persister.walking.spi.MetamodelGraphWalker - Visiting attribute path : rPrecision
14:36:54.539 [main] TRACE org.hibernate.loader.plan.build.internal.AbstractLoadPlanBuildingAssociationVisitationStrategy - >> Starting attribute Attribute(name=rPrecision, type=double [non-identifier])
14:36:54.539 [main] TRACE org.hibernate.loader.plan.build.internal.AbstractLoadPlanBuildingAssociationVisitationStrategy - << Finishing up attribute : Attribute(name=rPrecision, type=double [non-identifier])
14:36:54.540 [main] TRACE org.hibernate.loader.plan.build.internal.AbstractLoadPlanBuildingAssociationVisitationStrategy - Popped fetch owner from stack : org.hibernate.loader.plan.build.internal.returns.EntityReturnImpl@63a28987
14:36:54.540 [main] TRACE org.hibernate.loader.plan.build.internal.AbstractLoadPlanBuildingAssociationVisitationStrategy -  Finished root entity : com.soft.entity.ResistorEntity
14:36:54.540 [main] DEBUG org.hibernate.loader.plan.build.internal.FetchStyleLoadPlanBuildingAssociationVisitationStrategy - Building LoadPlan...
14:36:54.540 [main] DEBUG org.hibernate.loader.plan.exec.internal.LoadQueryJoinAndFetchProcessor - processing queryspace <gen:0>
14:36:54.540 [main] DEBUG org.hibernate.loader.plan.build.spi.LoadPlanTreePrinter - LoadPlan(entity=com.soft.entity.ResistorEntity)
    - Returns
       - EntityReturnImpl(entity=com.soft.entity.ResistorEntity, querySpaceUid=<gen:0>, path=com.soft.entity.ResistorEntity)
    - QuerySpaces
       - EntityQuerySpaceImpl(uid=<gen:0>, entity=com.soft.entity.ResistorEntity)
          - SQL table alias mapping - resistoren0_
          - alias suffix - 0_
          - suffixed key columns - {resistor1_4_0_}

14:36:54.540 [main] DEBUG org.hibernate.loader.entity.plan.EntityLoader - Static select for entity com.soft.entity.ResistorEntity [PESSIMISTIC_WRITE]: select resistoren0_.resistor_id as resistor1_4_0_, resistoren0_.category as category2_4_0_, resistoren0_.description as descript3_4_0_, resistoren0_.name as name4_4_0_, resistoren0_.nominal as nominal5_4_0_, resistoren0_.nominal_unit as nominal_6_4_0_, resistoren0_.photo as photo7_4_0_, resistoren0_.power as power8_4_0_, resistoren0_.power_unit as power_un9_4_0_, resistoren0_.price as price10_4_0_, resistoren0_.producer as produce11_4_0_, resistoren0_.quantity as quantit12_4_0_, resistoren0_.package as package13_4_0_, resistoren0_.r_precision as r_preci14_4_0_ from resistor resistoren0_ where resistoren0_.resistor_id=? for update
14:36:54.540 [main] TRACE org.hibernate.loader.plan.build.internal.AbstractLoadPlanBuildingAssociationVisitationStrategy -  Starting root entity : com.soft.entity.ResistorEntity
14:36:54.540 [main] DEBUG org.hibernate.loader.plan.build.internal.spaces.QuerySpacesImpl - Adding QuerySpace : uid = <gen:0> -> org.hibernate.loader.plan.build.internal.spaces.EntityQuerySpaceImpl@120d3fd]
14:36:54.540 [main] TRACE org.hibernate.loader.plan.build.internal.AbstractLoadPlanBuildingAssociationVisitationStrategy - Pushing fetch source to stack : org.hibernate.loader.plan.build.internal.returns.EntityReturnImpl@38c9e0d6
14:36:54.540 [main] TRACE org.hibernate.loader.plan.build.internal.AbstractLoadPlanBuildingAssociationVisitationStrategy - .. Registering AssociationKey : AssociationKey(table=resistor, columns={resistor_id}) -> org.hibernate.loader.plan.build.internal.returns.EntityReturnImpl@38c9e0d6
14:36:54.540 [main] TRACE org.hibernate.loader.plan.build.internal.AbstractLoadPlanBuildingAssociationVisitationStrategy - >> Starting entity identifier : com.soft.entity.ResistorEntity
14:36:54.540 [main] DEBUG org.hibernate.persister.walking.spi.MetamodelGraphWalker - Visiting attribute path : category
14:36:54.540 [main] TRACE org.hibernate.loader.plan.build.internal.AbstractLoadPlanBuildingAssociationVisitationStrategy - >> Starting attribute Attribute(name=category, type=integer [non-identifier])
14:36:54.540 [main] TRACE org.hibernate.loader.plan.build.internal.AbstractLoadPlanBuildingAssociationVisitationStrategy - << Finishing up attribute : Attribute(name=category, type=integer [non-identifier])
14:36:54.540 [main] DEBUG org.hibernate.persister.walking.spi.MetamodelGraphWalker - Visiting attribute path : description
14:36:54.540 [main] TRACE org.hibernate.loader.plan.build.internal.AbstractLoadPlanBuildingAssociationVisitationStrategy - >> Starting attribute Attribute(name=description, type=string [non-identifier])
14:36:54.540 [main] TRACE org.hibernate.loader.plan.build.internal.AbstractLoadPlanBuildingAssociationVisitationStrategy - << Finishing up attribute : Attribute(name=description, type=string [non-identifier])
14:36:54.540 [main] DEBUG org.hibernate.persister.walking.spi.MetamodelGraphWalker - Visiting attribute path : name
14:36:54.541 [main] TRACE org.hibernate.loader.plan.build.internal.AbstractLoadPlanBuildingAssociationVisitationStrategy - >> Starting attribute Attribute(name=name, type=string [non-identifier])
14:36:54.541 [main] TRACE org.hibernate.loader.plan.build.internal.AbstractLoadPlanBuildingAssociationVisitationStrategy - << Finishing up attribute : Attribute(name=name, type=string [non-identifier])
14:36:54.541 [main] DEBUG org.hibernate.persister.walking.spi.MetamodelGraphWalker - Visiting attribute path : nominal
14:36:54.541 [main] TRACE org.hibernate.loader.plan.build.internal.AbstractLoadPlanBuildingAssociationVisitationStrategy - >> Starting attribute Attribute(name=nominal, type=double [non-identifier])
14:36:54.541 [main] TRACE org.hibernate.loader.plan.build.internal.AbstractLoadPlanBuildingAssociationVisitationStrategy - << Finishing up attribute : Attribute(name=nominal, type=double [non-identifier])
14:36:54.541 [main] DEBUG org.hibernate.persister.walking.spi.MetamodelGraphWalker - Visiting attribute path : nominalUnit
14:36:54.541 [main] TRACE org.hibernate.loader.plan.build.internal.AbstractLoadPlanBuildingAssociationVisitationStrategy - >> Starting attribute Attribute(name=nominalUnit, type=integer [non-identifier])
14:36:54.541 [main] TRACE org.hibernate.loader.plan.build.internal.AbstractLoadPlanBuildingAssociationVisitationStrategy - << Finishing up attribute : Attribute(name=nominalUnit, type=integer [non-identifier])
14:36:54.541 [main] DEBUG org.hibernate.persister.walking.spi.MetamodelGraphWalker - Visiting attribute path : photo
14:36:54.541 [main] TRACE org.hibernate.loader.plan.build.internal.AbstractLoadPlanBuildingAssociationVisitationStrategy - >> Starting attribute Attribute(name=photo, type=binary [non-identifier])
14:36:54.542 [main] TRACE org.hibernate.loader.plan.build.internal.AbstractLoadPlanBuildingAssociationVisitationStrategy - << Finishing up attribute : Attribute(name=photo, type=binary [non-identifier])
14:36:54.542 [main] DEBUG org.hibernate.persister.walking.spi.MetamodelGraphWalker - Visiting attribute path : power
14:36:54.542 [main] TRACE org.hibernate.loader.plan.build.internal.AbstractLoadPlanBuildingAssociationVisitationStrategy - >> Starting attribute Attribute(name=power, type=double [non-identifier])
14:36:54.542 [main] TRACE org.hibernate.loader.plan.build.internal.AbstractLoadPlanBuildingAssociationVisitationStrategy - << Finishing up attribute : Attribute(name=power, type=double [non-identifier])
14:36:54.542 [main] DEBUG org.hibernate.persister.walking.spi.MetamodelGraphWalker - Visiting attribute path : powerUnit
14:36:54.542 [main] TRACE org.hibernate.loader.plan.build.internal.AbstractLoadPlanBuildingAssociationVisitationStrategy - >> Starting attribute Attribute(name=powerUnit, type=integer [non-identifier])
14:36:54.542 [main] TRACE org.hibernate.loader.plan.build.internal.AbstractLoadPlanBuildingAssociationVisitationStrategy - << Finishing up attribute : Attribute(name=powerUnit, type=integer [non-identifier])
14:36:54.542 [main] DEBUG org.hibernate.persister.walking.spi.MetamodelGraphWalker - Visiting attribute path : price
14:36:54.542 [main] TRACE org.hibernate.loader.plan.build.internal.AbstractLoadPlanBuildingAssociationVisitationStrategy - >> Starting attribute Attribute(name=price, type=double [non-identifier])
14:36:54.542 [main] TRACE org.hibernate.loader.plan.build.internal.AbstractLoadPlanBuildingAssociationVisitationStrategy - << Finishing up attribute : Attribute(name=price, type=double [non-identifier])
14:36:54.542 [main] DEBUG org.hibernate.persister.walking.spi.MetamodelGraphWalker - Visiting attribute path : producer
14:36:54.542 [main] TRACE org.hibernate.loader.plan.build.internal.AbstractLoadPlanBuildingAssociationVisitationStrategy - >> Starting attribute Attribute(name=producer, type=integer [non-identifier])
14:36:54.542 [main] TRACE org.hibernate.loader.plan.build.internal.AbstractLoadPlanBuildingAssociationVisitationStrategy - << Finishing up attribute : Attribute(name=producer, type=integer [non-identifier])
14:36:54.542 [main] DEBUG org.hibernate.persister.walking.spi.MetamodelGraphWalker - Visiting attribute path : quantity
14:36:54.542 [main] TRACE org.hibernate.loader.plan.build.internal.AbstractLoadPlanBuildingAssociationVisitationStrategy - >> Starting attribute Attribute(name=quantity, type=integer [non-identifier])
14:36:54.543 [main] TRACE org.hibernate.loader.plan.build.internal.AbstractLoadPlanBuildingAssociationVisitationStrategy - << Finishing up attribute : Attribute(name=quantity, type=integer [non-identifier])
14:36:54.543 [main] DEBUG org.hibernate.persister.walking.spi.MetamodelGraphWalker - Visiting attribute path : rPackage
14:36:54.543 [main] TRACE org.hibernate.loader.plan.build.internal.AbstractLoadPlanBuildingAssociationVisitationStrategy - >> Starting attribute Attribute(name=rPackage, type=integer [non-identifier])
14:36:54.543 [main] TRACE org.hibernate.loader.plan.build.internal.AbstractLoadPlanBuildingAssociationVisitationStrategy - << Finishing up attribute : Attribute(name=rPackage, type=integer [non-identifier])
14:36:54.543 [main] DEBUG org.hibernate.persister.walking.spi.MetamodelGraphWalker - Visiting attribute path : rPrecision
14:36:54.543 [main] TRACE org.hibernate.loader.plan.build.internal.AbstractLoadPlanBuildingAssociationVisitationStrategy - >> Starting attribute Attribute(name=rPrecision, type=double [non-identifier])
14:36:54.543 [main] TRACE org.hibernate.loader.plan.build.internal.AbstractLoadPlanBuildingAssociationVisitationStrategy - << Finishing up attribute : Attribute(name=rPrecision, type=double [non-identifier])
14:36:54.543 [main] TRACE org.hibernate.loader.plan.build.internal.AbstractLoadPlanBuildingAssociationVisitationStrategy - Popped fetch owner from stack : org.hibernate.loader.plan.build.internal.returns.EntityReturnImpl@38c9e0d6
14:36:54.543 [main] TRACE org.hibernate.loader.plan.build.internal.AbstractLoadPlanBuildingAssociationVisitationStrategy -  Finished root entity : com.soft.entity.ResistorEntity
14:36:54.543 [main] DEBUG org.hibernate.loader.plan.build.internal.FetchStyleLoadPlanBuildingAssociationVisitationStrategy - Building LoadPlan...
14:36:54.544 [main] DEBUG org.hibernate.loader.plan.exec.internal.LoadQueryJoinAndFetchProcessor - processing queryspace <gen:0>
14:36:54.544 [main] DEBUG org.hibernate.loader.plan.build.spi.LoadPlanTreePrinter - LoadPlan(entity=com.soft.entity.ResistorEntity)
    - Returns
       - EntityReturnImpl(entity=com.soft.entity.ResistorEntity, querySpaceUid=<gen:0>, path=com.soft.entity.ResistorEntity)
    - QuerySpaces
       - EntityQuerySpaceImpl(uid=<gen:0>, entity=com.soft.entity.ResistorEntity)
          - SQL table alias mapping - resistoren0_
          - alias suffix - 0_
          - suffixed key columns - {resistor1_4_0_}

14:36:54.544 [main] DEBUG org.hibernate.loader.entity.plan.EntityLoader - Static select for entity com.soft.entity.ResistorEntity [PESSIMISTIC_FORCE_INCREMENT]: select resistoren0_.resistor_id as resistor1_4_0_, resistoren0_.category as category2_4_0_, resistoren0_.description as descript3_4_0_, resistoren0_.name as name4_4_0_, resistoren0_.nominal as nominal5_4_0_, resistoren0_.nominal_unit as nominal_6_4_0_, resistoren0_.photo as photo7_4_0_, resistoren0_.power as power8_4_0_, resistoren0_.power_unit as power_un9_4_0_, resistoren0_.price as price10_4_0_, resistoren0_.producer as produce11_4_0_, resistoren0_.quantity as quantit12_4_0_, resistoren0_.package as package13_4_0_, resistoren0_.r_precision as r_preci14_4_0_ from resistor resistoren0_ where resistoren0_.resistor_id=? for update
14:36:54.544 [main] TRACE org.hibernate.loader.plan.build.internal.AbstractLoadPlanBuildingAssociationVisitationStrategy -  Starting root entity : com.soft.entity.ResistorEntity
14:36:54.544 [main] DEBUG org.hibernate.loader.plan.build.internal.spaces.QuerySpacesImpl - Adding QuerySpace : uid = <gen:0> -> org.hibernate.loader.plan.build.internal.spaces.EntityQuerySpaceImpl@4693a9ef]
14:36:54.545 [main] TRACE org.hibernate.loader.plan.build.internal.AbstractLoadPlanBuildingAssociationVisitationStrategy - Pushing fetch source to stack : org.hibernate.loader.plan.build.internal.returns.EntityReturnImpl@310aee0b
14:36:54.545 [main] TRACE org.hibernate.loader.plan.build.internal.AbstractLoadPlanBuildingAssociationVisitationStrategy - .. Registering AssociationKey : AssociationKey(table=resistor, columns={resistor_id}) -> org.hibernate.loader.plan.build.internal.returns.EntityReturnImpl@310aee0b
14:36:54.545 [main] TRACE org.hibernate.loader.plan.build.internal.AbstractLoadPlanBuildingAssociationVisitationStrategy - >> Starting entity identifier : com.soft.entity.ResistorEntity
14:36:54.545 [main] DEBUG org.hibernate.persister.walking.spi.MetamodelGraphWalker - Visiting attribute path : category
14:36:54.545 [main] TRACE org.hibernate.loader.plan.build.internal.AbstractLoadPlanBuildingAssociationVisitationStrategy - >> Starting attribute Attribute(name=category, type=integer [non-identifier])
14:36:54.545 [main] TRACE org.hibernate.loader.plan.build.internal.AbstractLoadPlanBuildingAssociationVisitationStrategy - << Finishing up attribute : Attribute(name=category, type=integer [non-identifier])
14:36:54.545 [main] DEBUG org.hibernate.persister.walking.spi.MetamodelGraphWalker - Visiting attribute path : description
14:36:54.545 [main] TRACE org.hibernate.loader.plan.build.internal.AbstractLoadPlanBuildingAssociationVisitationStrategy - >> Starting attribute Attribute(name=description, type=string [non-identifier])
14:36:54.545 [main] TRACE org.hibernate.loader.plan.build.internal.AbstractLoadPlanBuildingAssociationVisitationStrategy - << Finishing up attribute : Attribute(name=description, type=string [non-identifier])
14:36:54.545 [main] DEBUG org.hibernate.persister.walking.spi.MetamodelGraphWalker - Visiting attribute path : name
14:36:54.545 [main] TRACE org.hibernate.loader.plan.build.internal.AbstractLoadPlanBuildingAssociationVisitationStrategy - >> Starting attribute Attribute(name=name, type=string [non-identifier])
14:36:54.545 [main] TRACE org.hibernate.loader.plan.build.internal.AbstractLoadPlanBuildingAssociationVisitationStrategy - << Finishing up attribute : Attribute(name=name, type=string [non-identifier])
14:36:54.545 [main] DEBUG org.hibernate.persister.walking.spi.MetamodelGraphWalker - Visiting attribute path : nominal
14:36:54.545 [main] TRACE org.hibernate.loader.plan.build.internal.AbstractLoadPlanBuildingAssociationVisitationStrategy - >> Starting attribute Attribute(name=nominal, type=double [non-identifier])
14:36:54.545 [main] TRACE org.hibernate.loader.plan.build.internal.AbstractLoadPlanBuildingAssociationVisitationStrategy - << Finishing up attribute : Attribute(name=nominal, type=double [non-identifier])
14:36:54.545 [main] DEBUG org.hibernate.persister.walking.spi.MetamodelGraphWalker - Visiting attribute path : nominalUnit
14:36:54.545 [main] TRACE org.hibernate.loader.plan.build.internal.AbstractLoadPlanBuildingAssociationVisitationStrategy - >> Starting attribute Attribute(name=nominalUnit, type=integer [non-identifier])
14:36:54.545 [main] TRACE org.hibernate.loader.plan.build.internal.AbstractLoadPlanBuildingAssociationVisitationStrategy - << Finishing up attribute : Attribute(name=nominalUnit, type=integer [non-identifier])
14:36:54.545 [main] DEBUG org.hibernate.persister.walking.spi.MetamodelGraphWalker - Visiting attribute path : photo
14:36:54.545 [main] TRACE org.hibernate.loader.plan.build.internal.AbstractLoadPlanBuildingAssociationVisitationStrategy - >> Starting attribute Attribute(name=photo, type=binary [non-identifier])
14:36:54.545 [main] TRACE org.hibernate.loader.plan.build.internal.AbstractLoadPlanBuildingAssociationVisitationStrategy - << Finishing up attribute : Attribute(name=photo, type=binary [non-identifier])
14:36:54.545 [main] DEBUG org.hibernate.persister.walking.spi.MetamodelGraphWalker - Visiting attribute path : power
14:36:54.545 [main] TRACE org.hibernate.loader.plan.build.internal.AbstractLoadPlanBuildingAssociationVisitationStrategy - >> Starting attribute Attribute(name=power, type=double [non-identifier])
14:36:54.545 [main] TRACE org.hibernate.loader.plan.build.internal.AbstractLoadPlanBuildingAssociationVisitationStrategy - << Finishing up attribute : Attribute(name=power, type=double [non-identifier])
14:36:54.545 [main] DEBUG org.hibernate.persister.walking.spi.MetamodelGraphWalker - Visiting attribute path : powerUnit
14:36:54.545 [main] TRACE org.hibernate.loader.plan.build.internal.AbstractLoadPlanBuildingAssociationVisitationStrategy - >> Starting attribute Attribute(name=powerUnit, type=integer [non-identifier])
14:36:54.545 [main] TRACE org.hibernate.loader.plan.build.internal.AbstractLoadPlanBuildingAssociationVisitationStrategy - << Finishing up attribute : Attribute(name=powerUnit, type=integer [non-identifier])
14:36:54.545 [main] DEBUG org.hibernate.persister.walking.spi.MetamodelGraphWalker - Visiting attribute path : price
14:36:54.545 [main] TRACE org.hibernate.loader.plan.build.internal.AbstractLoadPlanBuildingAssociationVisitationStrategy - >> Starting attribute Attribute(name=price, type=double [non-identifier])
14:36:54.545 [main] TRACE org.hibernate.loader.plan.build.internal.AbstractLoadPlanBuildingAssociationVisitationStrategy - << Finishing up attribute : Attribute(name=price, type=double [non-identifier])
14:36:54.545 [main] DEBUG org.hibernate.persister.walking.spi.MetamodelGraphWalker - Visiting attribute path : producer
14:36:54.545 [main] TRACE org.hibernate.loader.plan.build.internal.AbstractLoadPlanBuildingAssociationVisitationStrategy - >> Starting attribute Attribute(name=producer, type=integer [non-identifier])
14:36:54.545 [main] TRACE org.hibernate.loader.plan.build.internal.AbstractLoadPlanBuildingAssociationVisitationStrategy - << Finishing up attribute : Attribute(name=producer, type=integer [non-identifier])
14:36:54.545 [main] DEBUG org.hibernate.persister.walking.spi.MetamodelGraphWalker - Visiting attribute path : quantity
14:36:54.545 [main] TRACE org.hibernate.loader.plan.build.internal.AbstractLoadPlanBuildingAssociationVisitationStrategy - >> Starting attribute Attribute(name=quantity, type=integer [non-identifier])
14:36:54.545 [main] TRACE org.hibernate.loader.plan.build.internal.AbstractLoadPlanBuildingAssociationVisitationStrategy - << Finishing up attribute : Attribute(name=quantity, type=integer [non-identifier])
14:36:54.546 [main] DEBUG org.hibernate.persister.walking.spi.MetamodelGraphWalker - Visiting attribute path : rPackage
14:36:54.546 [main] TRACE org.hibernate.loader.plan.build.internal.AbstractLoadPlanBuildingAssociationVisitationStrategy - >> Starting attribute Attribute(name=rPackage, type=integer [non-identifier])
14:36:54.546 [main] TRACE org.hibernate.loader.plan.build.internal.AbstractLoadPlanBuildingAssociationVisitationStrategy - << Finishing up attribute : Attribute(name=rPackage, type=integer [non-identifier])
14:36:54.546 [main] DEBUG org.hibernate.persister.walking.spi.MetamodelGraphWalker - Visiting attribute path : rPrecision
14:36:54.546 [main] TRACE org.hibernate.loader.plan.build.internal.AbstractLoadPlanBuildingAssociationVisitationStrategy - >> Starting attribute Attribute(name=rPrecision, type=double [non-identifier])
14:36:54.546 [main] TRACE org.hibernate.loader.plan.build.internal.AbstractLoadPlanBuildingAssociationVisitationStrategy - << Finishing up attribute : Attribute(name=rPrecision, type=double [non-identifier])
14:36:54.546 [main] TRACE org.hibernate.loader.plan.build.internal.AbstractLoadPlanBuildingAssociationVisitationStrategy - Popped fetch owner from stack : org.hibernate.loader.plan.build.internal.returns.EntityReturnImpl@310aee0b
14:36:54.546 [main] TRACE org.hibernate.loader.plan.build.internal.AbstractLoadPlanBuildingAssociationVisitationStrategy -  Finished root entity : com.soft.entity.ResistorEntity
14:36:54.546 [main] DEBUG org.hibernate.loader.plan.build.internal.FetchStyleLoadPlanBuildingAssociationVisitationStrategy - Building LoadPlan...
14:36:54.547 [main] DEBUG org.hibernate.loader.plan.exec.internal.LoadQueryJoinAndFetchProcessor - processing queryspace <gen:0>
14:36:54.547 [main] DEBUG org.hibernate.loader.plan.build.spi.LoadPlanTreePrinter - LoadPlan(entity=com.soft.entity.ResistorEntity)
    - Returns
       - EntityReturnImpl(entity=com.soft.entity.ResistorEntity, querySpaceUid=<gen:0>, path=com.soft.entity.ResistorEntity)
    - QuerySpaces
       - EntityQuerySpaceImpl(uid=<gen:0>, entity=com.soft.entity.ResistorEntity)
          - SQL table alias mapping - resistoren0_
          - alias suffix - 0_
          - suffixed key columns - {resistor1_4_0_}

14:36:54.547 [main] DEBUG org.hibernate.loader.entity.plan.EntityLoader - Static select for entity com.soft.entity.ResistorEntity [OPTIMISTIC]: select resistoren0_.resistor_id as resistor1_4_0_, resistoren0_.category as category2_4_0_, resistoren0_.description as descript3_4_0_, resistoren0_.name as name4_4_0_, resistoren0_.nominal as nominal5_4_0_, resistoren0_.nominal_unit as nominal_6_4_0_, resistoren0_.photo as photo7_4_0_, resistoren0_.power as power8_4_0_, resistoren0_.power_unit as power_un9_4_0_, resistoren0_.price as price10_4_0_, resistoren0_.producer as produce11_4_0_, resistoren0_.quantity as quantit12_4_0_, resistoren0_.package as package13_4_0_, resistoren0_.r_precision as r_preci14_4_0_ from resistor resistoren0_ where resistoren0_.resistor_id=?
14:36:54.547 [main] TRACE org.hibernate.loader.plan.build.internal.AbstractLoadPlanBuildingAssociationVisitationStrategy -  Starting root entity : com.soft.entity.ResistorEntity
14:36:54.547 [main] DEBUG org.hibernate.loader.plan.build.internal.spaces.QuerySpacesImpl - Adding QuerySpace : uid = <gen:0> -> org.hibernate.loader.plan.build.internal.spaces.EntityQuerySpaceImpl@36327cec]
14:36:54.547 [main] TRACE org.hibernate.loader.plan.build.internal.AbstractLoadPlanBuildingAssociationVisitationStrategy - Pushing fetch source to stack : org.hibernate.loader.plan.build.internal.returns.EntityReturnImpl@410ae5ac
14:36:54.547 [main] TRACE org.hibernate.loader.plan.build.internal.AbstractLoadPlanBuildingAssociationVisitationStrategy - .. Registering AssociationKey : AssociationKey(table=resistor, columns={resistor_id}) -> org.hibernate.loader.plan.build.internal.returns.EntityReturnImpl@410ae5ac
14:36:54.547 [main] TRACE org.hibernate.loader.plan.build.internal.AbstractLoadPlanBuildingAssociationVisitationStrategy - >> Starting entity identifier : com.soft.entity.ResistorEntity
14:36:54.547 [main] DEBUG org.hibernate.persister.walking.spi.MetamodelGraphWalker - Visiting attribute path : category
14:36:54.547 [main] TRACE org.hibernate.loader.plan.build.internal.AbstractLoadPlanBuildingAssociationVisitationStrategy - >> Starting attribute Attribute(name=category, type=integer [non-identifier])
14:36:54.547 [main] TRACE org.hibernate.loader.plan.build.internal.AbstractLoadPlanBuildingAssociationVisitationStrategy - << Finishing up attribute : Attribute(name=category, type=integer [non-identifier])
14:36:54.548 [main] DEBUG org.hibernate.persister.walking.spi.MetamodelGraphWalker - Visiting attribute path : description
14:36:54.548 [main] TRACE org.hibernate.loader.plan.build.internal.AbstractLoadPlanBuildingAssociationVisitationStrategy - >> Starting attribute Attribute(name=description, type=string [non-identifier])
14:36:54.548 [main] TRACE org.hibernate.loader.plan.build.internal.AbstractLoadPlanBuildingAssociationVisitationStrategy - << Finishing up attribute : Attribute(name=description, type=string [non-identifier])
14:36:54.548 [main] DEBUG org.hibernate.persister.walking.spi.MetamodelGraphWalker - Visiting attribute path : name
14:36:54.548 [main] TRACE org.hibernate.loader.plan.build.internal.AbstractLoadPlanBuildingAssociationVisitationStrategy - >> Starting attribute Attribute(name=name, type=string [non-identifier])
14:36:54.548 [main] TRACE org.hibernate.loader.plan.build.internal.AbstractLoadPlanBuildingAssociationVisitationStrategy - << Finishing up attribute : Attribute(name=name, type=string [non-identifier])
14:36:54.548 [main] DEBUG org.hibernate.persister.walking.spi.MetamodelGraphWalker - Visiting attribute path : nominal
14:36:54.548 [main] TRACE org.hibernate.loader.plan.build.internal.AbstractLoadPlanBuildingAssociationVisitationStrategy - >> Starting attribute Attribute(name=nominal, type=double [non-identifier])
14:36:54.548 [main] TRACE org.hibernate.loader.plan.build.internal.AbstractLoadPlanBuildingAssociationVisitationStrategy - << Finishing up attribute : Attribute(name=nominal, type=double [non-identifier])
14:36:54.548 [main] DEBUG org.hibernate.persister.walking.spi.MetamodelGraphWalker - Visiting attribute path : nominalUnit
14:36:54.548 [main] TRACE org.hibernate.loader.plan.build.internal.AbstractLoadPlanBuildingAssociationVisitationStrategy - >> Starting attribute Attribute(name=nominalUnit, type=integer [non-identifier])
14:36:54.548 [main] TRACE org.hibernate.loader.plan.build.internal.AbstractLoadPlanBuildingAssociationVisitationStrategy - << Finishing up attribute : Attribute(name=nominalUnit, type=integer [non-identifier])
14:36:54.548 [main] DEBUG org.hibernate.persister.walking.spi.MetamodelGraphWalker - Visiting attribute path : photo
14:36:54.548 [main] TRACE org.hibernate.loader.plan.build.internal.AbstractLoadPlanBuildingAssociationVisitationStrategy - >> Starting attribute Attribute(name=photo, type=binary [non-identifier])
14:36:54.548 [main] TRACE org.hibernate.loader.plan.build.internal.AbstractLoadPlanBuildingAssociationVisitationStrategy - << Finishing up attribute : Attribute(name=photo, type=binary [non-identifier])
14:36:54.548 [main] DEBUG org.hibernate.persister.walking.spi.MetamodelGraphWalker - Visiting attribute path : power
14:36:54.548 [main] TRACE org.hibernate.loader.plan.build.internal.AbstractLoadPlanBuildingAssociationVisitationStrategy - >> Starting attribute Attribute(name=power, type=double [non-identifier])
14:36:54.548 [main] TRACE org.hibernate.loader.plan.build.internal.AbstractLoadPlanBuildingAssociationVisitationStrategy - << Finishing up attribute : Attribute(name=power, type=double [non-identifier])
14:36:54.548 [main] DEBUG org.hibernate.persister.walking.spi.MetamodelGraphWalker - Visiting attribute path : powerUnit
14:36:54.548 [main] TRACE org.hibernate.loader.plan.build.internal.AbstractLoadPlanBuildingAssociationVisitationStrategy - >> Starting attribute Attribute(name=powerUnit, type=integer [non-identifier])
14:36:54.548 [main] TRACE org.hibernate.loader.plan.build.internal.AbstractLoadPlanBuildingAssociationVisitationStrategy - << Finishing up attribute : Attribute(name=powerUnit, type=integer [non-identifier])
14:36:54.548 [main] DEBUG org.hibernate.persister.walking.spi.MetamodelGraphWalker - Visiting attribute path : price
14:36:54.548 [main] TRACE org.hibernate.loader.plan.build.internal.AbstractLoadPlanBuildingAssociationVisitationStrategy - >> Starting attribute Attribute(name=price, type=double [non-identifier])
14:36:54.548 [main] TRACE org.hibernate.loader.plan.build.internal.AbstractLoadPlanBuildingAssociationVisitationStrategy - << Finishing up attribute : Attribute(name=price, type=double [non-identifier])
14:36:54.548 [main] DEBUG org.hibernate.persister.walking.spi.MetamodelGraphWalker - Visiting attribute path : producer
14:36:54.548 [main] TRACE org.hibernate.loader.plan.build.internal.AbstractLoadPlanBuildingAssociationVisitationStrategy - >> Starting attribute Attribute(name=producer, type=integer [non-identifier])
14:36:54.548 [main] TRACE org.hibernate.loader.plan.build.internal.AbstractLoadPlanBuildingAssociationVisitationStrategy - << Finishing up attribute : Attribute(name=producer, type=integer [non-identifier])
14:36:54.548 [main] DEBUG org.hibernate.persister.walking.spi.MetamodelGraphWalker - Visiting attribute path : quantity
14:36:54.548 [main] TRACE org.hibernate.loader.plan.build.internal.AbstractLoadPlanBuildingAssociationVisitationStrategy - >> Starting attribute Attribute(name=quantity, type=integer [non-identifier])
14:36:54.548 [main] TRACE org.hibernate.loader.plan.build.internal.AbstractLoadPlanBuildingAssociationVisitationStrategy - << Finishing up attribute : Attribute(name=quantity, type=integer [non-identifier])
14:36:54.548 [main] DEBUG org.hibernate.persister.walking.spi.MetamodelGraphWalker - Visiting attribute path : rPackage
14:36:54.548 [main] TRACE org.hibernate.loader.plan.build.internal.AbstractLoadPlanBuildingAssociationVisitationStrategy - >> Starting attribute Attribute(name=rPackage, type=integer [non-identifier])
14:36:54.548 [main] TRACE org.hibernate.loader.plan.build.internal.AbstractLoadPlanBuildingAssociationVisitationStrategy - << Finishing up attribute : Attribute(name=rPackage, type=integer [non-identifier])
14:36:54.548 [main] DEBUG org.hibernate.persister.walking.spi.MetamodelGraphWalker - Visiting attribute path : rPrecision
14:36:54.548 [main] TRACE org.hibernate.loader.plan.build.internal.AbstractLoadPlanBuildingAssociationVisitationStrategy - >> Starting attribute Attribute(name=rPrecision, type=double [non-identifier])
14:36:54.548 [main] TRACE org.hibernate.loader.plan.build.internal.AbstractLoadPlanBuildingAssociationVisitationStrategy - << Finishing up attribute : Attribute(name=rPrecision, type=double [non-identifier])
14:36:54.548 [main] TRACE org.hibernate.loader.plan.build.internal.AbstractLoadPlanBuildingAssociationVisitationStrategy - Popped fetch owner from stack : org.hibernate.loader.plan.build.internal.returns.EntityReturnImpl@410ae5ac
14:36:54.548 [main] TRACE org.hibernate.loader.plan.build.internal.AbstractLoadPlanBuildingAssociationVisitationStrategy -  Finished root entity : com.soft.entity.ResistorEntity
14:36:54.548 [main] DEBUG org.hibernate.loader.plan.build.internal.FetchStyleLoadPlanBuildingAssociationVisitationStrategy - Building LoadPlan...
14:36:54.549 [main] DEBUG org.hibernate.loader.plan.exec.internal.LoadQueryJoinAndFetchProcessor - processing queryspace <gen:0>
14:36:54.549 [main] DEBUG org.hibernate.loader.plan.build.spi.LoadPlanTreePrinter - LoadPlan(entity=com.soft.entity.ResistorEntity)
    - Returns
       - EntityReturnImpl(entity=com.soft.entity.ResistorEntity, querySpaceUid=<gen:0>, path=com.soft.entity.ResistorEntity)
    - QuerySpaces
       - EntityQuerySpaceImpl(uid=<gen:0>, entity=com.soft.entity.ResistorEntity)
          - SQL table alias mapping - resistoren0_
          - alias suffix - 0_
          - suffixed key columns - {resistor1_4_0_}

14:36:54.549 [main] DEBUG org.hibernate.loader.entity.plan.EntityLoader - Static select for entity com.soft.entity.ResistorEntity [OPTIMISTIC_FORCE_INCREMENT]: select resistoren0_.resistor_id as resistor1_4_0_, resistoren0_.category as category2_4_0_, resistoren0_.description as descript3_4_0_, resistoren0_.name as name4_4_0_, resistoren0_.nominal as nominal5_4_0_, resistoren0_.nominal_unit as nominal_6_4_0_, resistoren0_.photo as photo7_4_0_, resistoren0_.power as power8_4_0_, resistoren0_.power_unit as power_un9_4_0_, resistoren0_.price as price10_4_0_, resistoren0_.producer as produce11_4_0_, resistoren0_.quantity as quantit12_4_0_, resistoren0_.package as package13_4_0_, resistoren0_.r_precision as r_preci14_4_0_ from resistor resistoren0_ where resistoren0_.resistor_id=?
14:36:54.567 [main] DEBUG org.hibernate.loader.Loader - Static select for action ACTION_MERGE on entity com.soft.entity.ResistorEntity: select resistoren0_.resistor_id as resistor1_4_0_, resistoren0_.category as category2_4_0_, resistoren0_.description as descript3_4_0_, resistoren0_.name as name4_4_0_, resistoren0_.nominal as nominal5_4_0_, resistoren0_.nominal_unit as nominal_6_4_0_, resistoren0_.photo as photo7_4_0_, resistoren0_.power as power8_4_0_, resistoren0_.power_unit as power_un9_4_0_, resistoren0_.price as price10_4_0_, resistoren0_.producer as produce11_4_0_, resistoren0_.quantity as quantit12_4_0_, resistoren0_.package as package13_4_0_, resistoren0_.r_precision as r_preci14_4_0_ from resistor resistoren0_ where resistoren0_.resistor_id=?
14:36:54.567 [main] DEBUG org.hibernate.loader.Loader - Static select for action ACTION_REFRESH on entity com.soft.entity.ResistorEntity: select resistoren0_.resistor_id as resistor1_4_0_, resistoren0_.category as category2_4_0_, resistoren0_.description as descript3_4_0_, resistoren0_.name as name4_4_0_, resistoren0_.nominal as nominal5_4_0_, resistoren0_.nominal_unit as nominal_6_4_0_, resistoren0_.photo as photo7_4_0_, resistoren0_.power as power8_4_0_, resistoren0_.power_unit as power_un9_4_0_, resistoren0_.price as price10_4_0_, resistoren0_.producer as produce11_4_0_, resistoren0_.quantity as quantit12_4_0_, resistoren0_.package as package13_4_0_, resistoren0_.r_precision as r_preci14_4_0_ from resistor resistoren0_ where resistoren0_.resistor_id=?
14:36:54.568 [main] DEBUG org.hibernate.persister.entity.AbstractEntityPersister - Static SQL for entity: com.soft.entity.ProducerEntity
14:36:54.568 [main] DEBUG org.hibernate.persister.entity.AbstractEntityPersister -  Version select: select producer_id from producer where producer_id =?
14:36:54.568 [main] DEBUG org.hibernate.persister.entity.AbstractEntityPersister -  Snapshot select: select produceren_.producer_id, produceren_.producer_category as producer2_3_, produceren_.producer_name as producer3_3_ from producer produceren_ where produceren_.producer_id=?
14:36:54.568 [main] DEBUG org.hibernate.persister.entity.AbstractEntityPersister -  Insert 0: insert into producer (producer_category, producer_name, producer_id) values (?, ?, ?)
14:36:54.568 [main] DEBUG org.hibernate.persister.entity.AbstractEntityPersister -  Update 0: update producer set producer_category=?, producer_name=? where producer_id=?
14:36:54.568 [main] DEBUG org.hibernate.persister.entity.AbstractEntityPersister -  Delete 0: delete from producer where producer_id=?
14:36:54.568 [main] TRACE org.hibernate.loader.plan.build.internal.AbstractLoadPlanBuildingAssociationVisitationStrategy -  Starting root entity : com.soft.entity.ProducerEntity
14:36:54.568 [main] DEBUG org.hibernate.loader.plan.build.internal.spaces.QuerySpacesImpl - Adding QuerySpace : uid = <gen:0> -> org.hibernate.loader.plan.build.internal.spaces.EntityQuerySpaceImpl@e76b097]
14:36:54.568 [main] TRACE org.hibernate.loader.plan.build.internal.AbstractLoadPlanBuildingAssociationVisitationStrategy - Pushing fetch source to stack : org.hibernate.loader.plan.build.internal.returns.EntityReturnImpl@2be95d31
14:36:54.568 [main] TRACE org.hibernate.loader.plan.build.internal.AbstractLoadPlanBuildingAssociationVisitationStrategy - .. Registering AssociationKey : AssociationKey(table=producer, columns={producer_id}) -> org.hibernate.loader.plan.build.internal.returns.EntityReturnImpl@2be95d31
14:36:54.568 [main] TRACE org.hibernate.loader.plan.build.internal.AbstractLoadPlanBuildingAssociationVisitationStrategy - >> Starting entity identifier : com.soft.entity.ProducerEntity
14:36:54.568 [main] DEBUG org.hibernate.persister.walking.spi.MetamodelGraphWalker - Visiting attribute path : producerCategory
14:36:54.568 [main] TRACE org.hibernate.loader.plan.build.internal.AbstractLoadPlanBuildingAssociationVisitationStrategy - >> Starting attribute Attribute(name=producerCategory, type=integer [non-identifier])
14:36:54.568 [main] TRACE org.hibernate.loader.plan.build.internal.AbstractLoadPlanBuildingAssociationVisitationStrategy - << Finishing up attribute : Attribute(name=producerCategory, type=integer [non-identifier])
14:36:54.569 [main] DEBUG org.hibernate.persister.walking.spi.MetamodelGraphWalker - Visiting attribute path : producerName
14:36:54.569 [main] TRACE org.hibernate.loader.plan.build.internal.AbstractLoadPlanBuildingAssociationVisitationStrategy - >> Starting attribute Attribute(name=producerName, type=string [non-identifier])
14:36:54.569 [main] TRACE org.hibernate.loader.plan.build.internal.AbstractLoadPlanBuildingAssociationVisitationStrategy - << Finishing up attribute : Attribute(name=producerName, type=string [non-identifier])
14:36:54.569 [main] TRACE org.hibernate.loader.plan.build.internal.AbstractLoadPlanBuildingAssociationVisitationStrategy - Popped fetch owner from stack : org.hibernate.loader.plan.build.internal.returns.EntityReturnImpl@2be95d31
14:36:54.569 [main] TRACE org.hibernate.loader.plan.build.internal.AbstractLoadPlanBuildingAssociationVisitationStrategy -  Finished root entity : com.soft.entity.ProducerEntity
14:36:54.569 [main] DEBUG org.hibernate.loader.plan.build.internal.FetchStyleLoadPlanBuildingAssociationVisitationStrategy - Building LoadPlan...
14:36:54.569 [main] DEBUG org.hibernate.loader.plan.exec.internal.LoadQueryJoinAndFetchProcessor - processing queryspace <gen:0>
14:36:54.569 [main] DEBUG org.hibernate.loader.plan.build.spi.LoadPlanTreePrinter - LoadPlan(entity=com.soft.entity.ProducerEntity)
    - Returns
       - EntityReturnImpl(entity=com.soft.entity.ProducerEntity, querySpaceUid=<gen:0>, path=com.soft.entity.ProducerEntity)
    - QuerySpaces
       - EntityQuerySpaceImpl(uid=<gen:0>, entity=com.soft.entity.ProducerEntity)
          - SQL table alias mapping - produceren0_
          - alias suffix - 0_
          - suffixed key columns - {producer1_3_0_}

14:36:54.569 [main] DEBUG org.hibernate.loader.entity.plan.EntityLoader - Static select for entity com.soft.entity.ProducerEntity [NONE]: select produceren0_.producer_id as producer1_3_0_, produceren0_.producer_category as producer2_3_0_, produceren0_.producer_name as producer3_3_0_ from producer produceren0_ where produceren0_.producer_id=?
14:36:54.569 [main] TRACE org.hibernate.loader.plan.build.internal.AbstractLoadPlanBuildingAssociationVisitationStrategy -  Starting root entity : com.soft.entity.ProducerEntity
14:36:54.569 [main] DEBUG org.hibernate.loader.plan.build.internal.spaces.QuerySpacesImpl - Adding QuerySpace : uid = <gen:0> -> org.hibernate.loader.plan.build.internal.spaces.EntityQuerySpaceImpl@338b49d3]
14:36:54.569 [main] TRACE org.hibernate.loader.plan.build.internal.AbstractLoadPlanBuildingAssociationVisitationStrategy - Pushing fetch source to stack : org.hibernate.loader.plan.build.internal.returns.EntityReturnImpl@2aa7399c
14:36:54.569 [main] TRACE org.hibernate.loader.plan.build.internal.AbstractLoadPlanBuildingAssociationVisitationStrategy - .. Registering AssociationKey : AssociationKey(table=producer, columns={producer_id}) -> org.hibernate.loader.plan.build.internal.returns.EntityReturnImpl@2aa7399c
14:36:54.569 [main] TRACE org.hibernate.loader.plan.build.internal.AbstractLoadPlanBuildingAssociationVisitationStrategy - >> Starting entity identifier : com.soft.entity.ProducerEntity
14:36:54.569 [main] DEBUG org.hibernate.persister.walking.spi.MetamodelGraphWalker - Visiting attribute path : producerCategory
14:36:54.569 [main] TRACE org.hibernate.loader.plan.build.internal.AbstractLoadPlanBuildingAssociationVisitationStrategy - >> Starting attribute Attribute(name=producerCategory, type=integer [non-identifier])
14:36:54.569 [main] TRACE org.hibernate.loader.plan.build.internal.AbstractLoadPlanBuildingAssociationVisitationStrategy - << Finishing up attribute : Attribute(name=producerCategory, type=integer [non-identifier])
14:36:54.569 [main] DEBUG org.hibernate.persister.walking.spi.MetamodelGraphWalker - Visiting attribute path : producerName
14:36:54.569 [main] TRACE org.hibernate.loader.plan.build.internal.AbstractLoadPlanBuildingAssociationVisitationStrategy - >> Starting attribute Attribute(name=producerName, type=string [non-identifier])
14:36:54.569 [main] TRACE org.hibernate.loader.plan.build.internal.AbstractLoadPlanBuildingAssociationVisitationStrategy - << Finishing up attribute : Attribute(name=producerName, type=string [non-identifier])
14:36:54.569 [main] TRACE org.hibernate.loader.plan.build.internal.AbstractLoadPlanBuildingAssociationVisitationStrategy - Popped fetch owner from stack : org.hibernate.loader.plan.build.internal.returns.EntityReturnImpl@2aa7399c
14:36:54.569 [main] TRACE org.hibernate.loader.plan.build.internal.AbstractLoadPlanBuildingAssociationVisitationStrategy -  Finished root entity : com.soft.entity.ProducerEntity
14:36:54.569 [main] DEBUG org.hibernate.loader.plan.build.internal.FetchStyleLoadPlanBuildingAssociationVisitationStrategy - Building LoadPlan...
14:36:54.569 [main] DEBUG org.hibernate.loader.plan.exec.internal.LoadQueryJoinAndFetchProcessor - processing queryspace <gen:0>
14:36:54.570 [main] DEBUG org.hibernate.loader.plan.build.spi.LoadPlanTreePrinter - LoadPlan(entity=com.soft.entity.ProducerEntity)
    - Returns
       - EntityReturnImpl(entity=com.soft.entity.ProducerEntity, querySpaceUid=<gen:0>, path=com.soft.entity.ProducerEntity)
    - QuerySpaces
       - EntityQuerySpaceImpl(uid=<gen:0>, entity=com.soft.entity.ProducerEntity)
          - SQL table alias mapping - produceren0_
          - alias suffix - 0_
          - suffixed key columns - {producer1_3_0_}

14:36:54.570 [main] DEBUG org.hibernate.loader.entity.plan.EntityLoader - Static select for entity com.soft.entity.ProducerEntity [READ]: select produceren0_.producer_id as producer1_3_0_, produceren0_.producer_category as producer2_3_0_, produceren0_.producer_name as producer3_3_0_ from producer produceren0_ where produceren0_.producer_id=?
14:36:54.570 [main] TRACE org.hibernate.loader.plan.build.internal.AbstractLoadPlanBuildingAssociationVisitationStrategy -  Starting root entity : com.soft.entity.ProducerEntity
14:36:54.570 [main] DEBUG org.hibernate.loader.plan.build.internal.spaces.QuerySpacesImpl - Adding QuerySpace : uid = <gen:0> -> org.hibernate.loader.plan.build.internal.spaces.EntityQuerySpaceImpl@11eed657]
14:36:54.570 [main] TRACE org.hibernate.loader.plan.build.internal.AbstractLoadPlanBuildingAssociationVisitationStrategy - Pushing fetch source to stack : org.hibernate.loader.plan.build.internal.returns.EntityReturnImpl@708f018e
14:36:54.570 [main] TRACE org.hibernate.loader.plan.build.internal.AbstractLoadPlanBuildingAssociationVisitationStrategy - .. Registering AssociationKey : AssociationKey(table=producer, columns={producer_id}) -> org.hibernate.loader.plan.build.internal.returns.EntityReturnImpl@708f018e
14:36:54.570 [main] TRACE org.hibernate.loader.plan.build.internal.AbstractLoadPlanBuildingAssociationVisitationStrategy - >> Starting entity identifier : com.soft.entity.ProducerEntity
14:36:54.570 [main] DEBUG org.hibernate.persister.walking.spi.MetamodelGraphWalker - Visiting attribute path : producerCategory
14:36:54.570 [main] TRACE org.hibernate.loader.plan.build.internal.AbstractLoadPlanBuildingAssociationVisitationStrategy - >> Starting attribute Attribute(name=producerCategory, type=integer [non-identifier])
14:36:54.570 [main] TRACE org.hibernate.loader.plan.build.internal.AbstractLoadPlanBuildingAssociationVisitationStrategy - << Finishing up attribute : Attribute(name=producerCategory, type=integer [non-identifier])
14:36:54.570 [main] DEBUG org.hibernate.persister.walking.spi.MetamodelGraphWalker - Visiting attribute path : producerName
14:36:54.570 [main] TRACE org.hibernate.loader.plan.build.internal.AbstractLoadPlanBuildingAssociationVisitationStrategy - >> Starting attribute Attribute(name=producerName, type=string [non-identifier])
14:36:54.570 [main] TRACE org.hibernate.loader.plan.build.internal.AbstractLoadPlanBuildingAssociationVisitationStrategy - << Finishing up attribute : Attribute(name=producerName, type=string [non-identifier])
14:36:54.570 [main] TRACE org.hibernate.loader.plan.build.internal.AbstractLoadPlanBuildingAssociationVisitationStrategy - Popped fetch owner from stack : org.hibernate.loader.plan.build.internal.returns.EntityReturnImpl@708f018e
14:36:54.570 [main] TRACE org.hibernate.loader.plan.build.internal.AbstractLoadPlanBuildingAssociationVisitationStrategy -  Finished root entity : com.soft.entity.ProducerEntity
14:36:54.570 [main] DEBUG org.hibernate.loader.plan.build.internal.FetchStyleLoadPlanBuildingAssociationVisitationStrategy - Building LoadPlan...
14:36:54.570 [main] DEBUG org.hibernate.loader.plan.exec.internal.LoadQueryJoinAndFetchProcessor - processing queryspace <gen:0>
14:36:54.570 [main] DEBUG org.hibernate.loader.plan.build.spi.LoadPlanTreePrinter - LoadPlan(entity=com.soft.entity.ProducerEntity)
    - Returns
       - EntityReturnImpl(entity=com.soft.entity.ProducerEntity, querySpaceUid=<gen:0>, path=com.soft.entity.ProducerEntity)
    - QuerySpaces
       - EntityQuerySpaceImpl(uid=<gen:0>, entity=com.soft.entity.ProducerEntity)
          - SQL table alias mapping - produceren0_
          - alias suffix - 0_
          - suffixed key columns - {producer1_3_0_}

14:36:54.570 [main] DEBUG org.hibernate.loader.entity.plan.EntityLoader - Static select for entity com.soft.entity.ProducerEntity [UPGRADE]: select produceren0_.producer_id as producer1_3_0_, produceren0_.producer_category as producer2_3_0_, produceren0_.producer_name as producer3_3_0_ from producer produceren0_ where produceren0_.producer_id=? for update
14:36:54.570 [main] TRACE org.hibernate.loader.plan.build.internal.AbstractLoadPlanBuildingAssociationVisitationStrategy -  Starting root entity : com.soft.entity.ProducerEntity
14:36:54.570 [main] DEBUG org.hibernate.loader.plan.build.internal.spaces.QuerySpacesImpl - Adding QuerySpace : uid = <gen:0> -> org.hibernate.loader.plan.build.internal.spaces.EntityQuerySpaceImpl@19a31b9d]
14:36:54.570 [main] TRACE org.hibernate.loader.plan.build.internal.AbstractLoadPlanBuildingAssociationVisitationStrategy - Pushing fetch source to stack : org.hibernate.loader.plan.build.internal.returns.EntityReturnImpl@a5bbaec
14:36:54.570 [main] TRACE org.hibernate.loader.plan.build.internal.AbstractLoadPlanBuildingAssociationVisitationStrategy - .. Registering AssociationKey : AssociationKey(table=producer, columns={producer_id}) -> org.hibernate.loader.plan.build.internal.returns.EntityReturnImpl@a5bbaec
14:36:54.571 [main] TRACE org.hibernate.loader.plan.build.internal.AbstractLoadPlanBuildingAssociationVisitationStrategy - >> Starting entity identifier : com.soft.entity.ProducerEntity
14:36:54.571 [main] DEBUG org.hibernate.persister.walking.spi.MetamodelGraphWalker - Visiting attribute path : producerCategory
14:36:54.571 [main] TRACE org.hibernate.loader.plan.build.internal.AbstractLoadPlanBuildingAssociationVisitationStrategy - >> Starting attribute Attribute(name=producerCategory, type=integer [non-identifier])
14:36:54.571 [main] TRACE org.hibernate.loader.plan.build.internal.AbstractLoadPlanBuildingAssociationVisitationStrategy - << Finishing up attribute : Attribute(name=producerCategory, type=integer [non-identifier])
14:36:54.571 [main] DEBUG org.hibernate.persister.walking.spi.MetamodelGraphWalker - Visiting attribute path : producerName
14:36:54.571 [main] TRACE org.hibernate.loader.plan.build.internal.AbstractLoadPlanBuildingAssociationVisitationStrategy - >> Starting attribute Attribute(name=producerName, type=string [non-identifier])
14:36:54.571 [main] TRACE org.hibernate.loader.plan.build.internal.AbstractLoadPlanBuildingAssociationVisitationStrategy - << Finishing up attribute : Attribute(name=producerName, type=string [non-identifier])
14:36:54.571 [main] TRACE org.hibernate.loader.plan.build.internal.AbstractLoadPlanBuildingAssociationVisitationStrategy - Popped fetch owner from stack : org.hibernate.loader.plan.build.internal.returns.EntityReturnImpl@a5bbaec
14:36:54.571 [main] TRACE org.hibernate.loader.plan.build.internal.AbstractLoadPlanBuildingAssociationVisitationStrategy -  Finished root entity : com.soft.entity.ProducerEntity
14:36:54.571 [main] DEBUG org.hibernate.loader.plan.build.internal.FetchStyleLoadPlanBuildingAssociationVisitationStrategy - Building LoadPlan...
14:36:54.571 [main] DEBUG org.hibernate.loader.plan.exec.internal.LoadQueryJoinAndFetchProcessor - processing queryspace <gen:0>
14:36:54.571 [main] DEBUG org.hibernate.loader.plan.build.spi.LoadPlanTreePrinter - LoadPlan(entity=com.soft.entity.ProducerEntity)
    - Returns
       - EntityReturnImpl(entity=com.soft.entity.ProducerEntity, querySpaceUid=<gen:0>, path=com.soft.entity.ProducerEntity)
    - QuerySpaces
       - EntityQuerySpaceImpl(uid=<gen:0>, entity=com.soft.entity.ProducerEntity)
          - SQL table alias mapping - produceren0_
          - alias suffix - 0_
          - suffixed key columns - {producer1_3_0_}

14:36:54.571 [main] DEBUG org.hibernate.loader.entity.plan.EntityLoader - Static select for entity com.soft.entity.ProducerEntity [UPGRADE_NOWAIT]: select produceren0_.producer_id as producer1_3_0_, produceren0_.producer_category as producer2_3_0_, produceren0_.producer_name as producer3_3_0_ from producer produceren0_ where produceren0_.producer_id=? for update
14:36:54.571 [main] TRACE org.hibernate.loader.plan.build.internal.AbstractLoadPlanBuildingAssociationVisitationStrategy -  Starting root entity : com.soft.entity.ProducerEntity
14:36:54.571 [main] DEBUG org.hibernate.loader.plan.build.internal.spaces.QuerySpacesImpl - Adding QuerySpace : uid = <gen:0> -> org.hibernate.loader.plan.build.internal.spaces.EntityQuerySpaceImpl@6d60899e]
14:36:54.571 [main] TRACE org.hibernate.loader.plan.build.internal.AbstractLoadPlanBuildingAssociationVisitationStrategy - Pushing fetch source to stack : org.hibernate.loader.plan.build.internal.returns.EntityReturnImpl@65eb76cd
14:36:54.571 [main] TRACE org.hibernate.loader.plan.build.internal.AbstractLoadPlanBuildingAssociationVisitationStrategy - .. Registering AssociationKey : AssociationKey(table=producer, columns={producer_id}) -> org.hibernate.loader.plan.build.internal.returns.EntityReturnImpl@65eb76cd
14:36:54.571 [main] TRACE org.hibernate.loader.plan.build.internal.AbstractLoadPlanBuildingAssociationVisitationStrategy - >> Starting entity identifier : com.soft.entity.ProducerEntity
14:36:54.571 [main] DEBUG org.hibernate.persister.walking.spi.MetamodelGraphWalker - Visiting attribute path : producerCategory
14:36:54.571 [main] TRACE org.hibernate.loader.plan.build.internal.AbstractLoadPlanBuildingAssociationVisitationStrategy - >> Starting attribute Attribute(name=producerCategory, type=integer [non-identifier])
14:36:54.571 [main] TRACE org.hibernate.loader.plan.build.internal.AbstractLoadPlanBuildingAssociationVisitationStrategy - << Finishing up attribute : Attribute(name=producerCategory, type=integer [non-identifier])
14:36:54.571 [main] DEBUG org.hibernate.persister.walking.spi.MetamodelGraphWalker - Visiting attribute path : producerName
14:36:54.571 [main] TRACE org.hibernate.loader.plan.build.internal.AbstractLoadPlanBuildingAssociationVisitationStrategy - >> Starting attribute Attribute(name=producerName, type=string [non-identifier])
14:36:54.571 [main] TRACE org.hibernate.loader.plan.build.internal.AbstractLoadPlanBuildingAssociationVisitationStrategy - << Finishing up attribute : Attribute(name=producerName, type=string [non-identifier])
14:36:54.571 [main] TRACE org.hibernate.loader.plan.build.internal.AbstractLoadPlanBuildingAssociationVisitationStrategy - Popped fetch owner from stack : org.hibernate.loader.plan.build.internal.returns.EntityReturnImpl@65eb76cd
14:36:54.571 [main] TRACE org.hibernate.loader.plan.build.internal.AbstractLoadPlanBuildingAssociationVisitationStrategy -  Finished root entity : com.soft.entity.ProducerEntity
14:36:54.571 [main] DEBUG org.hibernate.loader.plan.build.internal.FetchStyleLoadPlanBuildingAssociationVisitationStrategy - Building LoadPlan...
14:36:54.571 [main] DEBUG org.hibernate.loader.plan.exec.internal.LoadQueryJoinAndFetchProcessor - processing queryspace <gen:0>
14:36:54.572 [main] DEBUG org.hibernate.loader.plan.build.spi.LoadPlanTreePrinter - LoadPlan(entity=com.soft.entity.ProducerEntity)
    - Returns
       - EntityReturnImpl(entity=com.soft.entity.ProducerEntity, querySpaceUid=<gen:0>, path=com.soft.entity.ProducerEntity)
    - QuerySpaces
       - EntityQuerySpaceImpl(uid=<gen:0>, entity=com.soft.entity.ProducerEntity)
          - SQL table alias mapping - produceren0_
          - alias suffix - 0_
          - suffixed key columns - {producer1_3_0_}

14:36:54.572 [main] DEBUG org.hibernate.loader.entity.plan.EntityLoader - Static select for entity com.soft.entity.ProducerEntity [UPGRADE_SKIPLOCKED]: select produceren0_.producer_id as producer1_3_0_, produceren0_.producer_category as producer2_3_0_, produceren0_.producer_name as producer3_3_0_ from producer produceren0_ where produceren0_.producer_id=? for update
14:36:54.572 [main] TRACE org.hibernate.loader.plan.build.internal.AbstractLoadPlanBuildingAssociationVisitationStrategy -  Starting root entity : com.soft.entity.ProducerEntity
14:36:54.572 [main] DEBUG org.hibernate.loader.plan.build.internal.spaces.QuerySpacesImpl - Adding QuerySpace : uid = <gen:0> -> org.hibernate.loader.plan.build.internal.spaces.EntityQuerySpaceImpl@6415f61e]
14:36:54.572 [main] TRACE org.hibernate.loader.plan.build.internal.AbstractLoadPlanBuildingAssociationVisitationStrategy - Pushing fetch source to stack : org.hibernate.loader.plan.build.internal.returns.EntityReturnImpl@334ebcaa
14:36:54.572 [main] TRACE org.hibernate.loader.plan.build.internal.AbstractLoadPlanBuildingAssociationVisitationStrategy - .. Registering AssociationKey : AssociationKey(table=producer, columns={producer_id}) -> org.hibernate.loader.plan.build.internal.returns.EntityReturnImpl@334ebcaa
14:36:54.572 [main] TRACE org.hibernate.loader.plan.build.internal.AbstractLoadPlanBuildingAssociationVisitationStrategy - >> Starting entity identifier : com.soft.entity.ProducerEntity
14:36:54.572 [main] DEBUG org.hibernate.persister.walking.spi.MetamodelGraphWalker - Visiting attribute path : producerCategory
14:36:54.572 [main] TRACE org.hibernate.loader.plan.build.internal.AbstractLoadPlanBuildingAssociationVisitationStrategy - >> Starting attribute Attribute(name=producerCategory, type=integer [non-identifier])
14:36:54.572 [main] TRACE org.hibernate.loader.plan.build.internal.AbstractLoadPlanBuildingAssociationVisitationStrategy - << Finishing up attribute : Attribute(name=producerCategory, type=integer [non-identifier])
14:36:54.572 [main] DEBUG org.hibernate.persister.walking.spi.MetamodelGraphWalker - Visiting attribute path : producerName
14:36:54.572 [main] TRACE org.hibernate.loader.plan.build.internal.AbstractLoadPlanBuildingAssociationVisitationStrategy - >> Starting attribute Attribute(name=producerName, type=string [non-identifier])
14:36:54.572 [main] TRACE org.hibernate.loader.plan.build.internal.AbstractLoadPlanBuildingAssociationVisitationStrategy - << Finishing up attribute : Attribute(name=producerName, type=string [non-identifier])
14:36:54.572 [main] TRACE org.hibernate.loader.plan.build.internal.AbstractLoadPlanBuildingAssociationVisitationStrategy - Popped fetch owner from stack : org.hibernate.loader.plan.build.internal.returns.EntityReturnImpl@334ebcaa
14:36:54.572 [main] TRACE org.hibernate.loader.plan.build.internal.AbstractLoadPlanBuildingAssociationVisitationStrategy -  Finished root entity : com.soft.entity.ProducerEntity
14:36:54.572 [main] DEBUG org.hibernate.loader.plan.build.internal.FetchStyleLoadPlanBuildingAssociationVisitationStrategy - Building LoadPlan...
14:36:54.572 [main] DEBUG org.hibernate.loader.plan.exec.internal.LoadQueryJoinAndFetchProcessor - processing queryspace <gen:0>
14:36:54.572 [main] DEBUG org.hibernate.loader.plan.build.spi.LoadPlanTreePrinter - LoadPlan(entity=com.soft.entity.ProducerEntity)
    - Returns
       - EntityReturnImpl(entity=com.soft.entity.ProducerEntity, querySpaceUid=<gen:0>, path=com.soft.entity.ProducerEntity)
    - QuerySpaces
       - EntityQuerySpaceImpl(uid=<gen:0>, entity=com.soft.entity.ProducerEntity)
          - SQL table alias mapping - produceren0_
          - alias suffix - 0_
          - suffixed key columns - {producer1_3_0_}

14:36:54.572 [main] DEBUG org.hibernate.loader.entity.plan.EntityLoader - Static select for entity com.soft.entity.ProducerEntity [FORCE]: select produceren0_.producer_id as producer1_3_0_, produceren0_.producer_category as producer2_3_0_, produceren0_.producer_name as producer3_3_0_ from producer produceren0_ where produceren0_.producer_id=? for update
14:36:54.572 [main] TRACE org.hibernate.loader.plan.build.internal.AbstractLoadPlanBuildingAssociationVisitationStrategy -  Starting root entity : com.soft.entity.ProducerEntity
14:36:54.572 [main] DEBUG org.hibernate.loader.plan.build.internal.spaces.QuerySpacesImpl - Adding QuerySpace : uid = <gen:0> -> org.hibernate.loader.plan.build.internal.spaces.EntityQuerySpaceImpl@5a0bef24]
14:36:54.573 [main] TRACE org.hibernate.loader.plan.build.internal.AbstractLoadPlanBuildingAssociationVisitationStrategy - Pushing fetch source to stack : org.hibernate.loader.plan.build.internal.returns.EntityReturnImpl@6468a7b6
14:36:54.573 [main] TRACE org.hibernate.loader.plan.build.internal.AbstractLoadPlanBuildingAssociationVisitationStrategy - .. Registering AssociationKey : AssociationKey(table=producer, columns={producer_id}) -> org.hibernate.loader.plan.build.internal.returns.EntityReturnImpl@6468a7b6
14:36:54.573 [main] TRACE org.hibernate.loader.plan.build.internal.AbstractLoadPlanBuildingAssociationVisitationStrategy - >> Starting entity identifier : com.soft.entity.ProducerEntity
14:36:54.573 [main] DEBUG org.hibernate.persister.walking.spi.MetamodelGraphWalker - Visiting attribute path : producerCategory
14:36:54.573 [main] TRACE org.hibernate.loader.plan.build.internal.AbstractLoadPlanBuildingAssociationVisitationStrategy - >> Starting attribute Attribute(name=producerCategory, type=integer [non-identifier])
14:36:54.573 [main] TRACE org.hibernate.loader.plan.build.internal.AbstractLoadPlanBuildingAssociationVisitationStrategy - << Finishing up attribute : Attribute(name=producerCategory, type=integer [non-identifier])
14:36:54.573 [main] DEBUG org.hibernate.persister.walking.spi.MetamodelGraphWalker - Visiting attribute path : producerName
14:36:54.573 [main] TRACE org.hibernate.loader.plan.build.internal.AbstractLoadPlanBuildingAssociationVisitationStrategy - >> Starting attribute Attribute(name=producerName, type=string [non-identifier])
14:36:54.573 [main] TRACE org.hibernate.loader.plan.build.internal.AbstractLoadPlanBuildingAssociationVisitationStrategy - << Finishing up attribute : Attribute(name=producerName, type=string [non-identifier])
14:36:54.573 [main] TRACE org.hibernate.loader.plan.build.internal.AbstractLoadPlanBuildingAssociationVisitationStrategy - Popped fetch owner from stack : org.hibernate.loader.plan.build.internal.returns.EntityReturnImpl@6468a7b6
14:36:54.573 [main] TRACE org.hibernate.loader.plan.build.internal.AbstractLoadPlanBuildingAssociationVisitationStrategy -  Finished root entity : com.soft.entity.ProducerEntity
14:36:54.573 [main] DEBUG org.hibernate.loader.plan.build.internal.FetchStyleLoadPlanBuildingAssociationVisitationStrategy - Building LoadPlan...
14:36:54.573 [main] DEBUG org.hibernate.loader.plan.exec.internal.LoadQueryJoinAndFetchProcessor - processing queryspace <gen:0>
14:36:54.573 [main] DEBUG org.hibernate.loader.plan.build.spi.LoadPlanTreePrinter - LoadPlan(entity=com.soft.entity.ProducerEntity)
    - Returns
       - EntityReturnImpl(entity=com.soft.entity.ProducerEntity, querySpaceUid=<gen:0>, path=com.soft.entity.ProducerEntity)
    - QuerySpaces
       - EntityQuerySpaceImpl(uid=<gen:0>, entity=com.soft.entity.ProducerEntity)
          - SQL table alias mapping - produceren0_
          - alias suffix - 0_
          - suffixed key columns - {producer1_3_0_}

14:36:54.574 [main] DEBUG org.hibernate.loader.entity.plan.EntityLoader - Static select for entity com.soft.entity.ProducerEntity [PESSIMISTIC_READ]: select produceren0_.producer_id as producer1_3_0_, produceren0_.producer_category as producer2_3_0_, produceren0_.producer_name as producer3_3_0_ from producer produceren0_ where produceren0_.producer_id=? lock in share mode
14:36:54.574 [main] TRACE org.hibernate.loader.plan.build.internal.AbstractLoadPlanBuildingAssociationVisitationStrategy -  Starting root entity : com.soft.entity.ProducerEntity
14:36:54.574 [main] DEBUG org.hibernate.loader.plan.build.internal.spaces.QuerySpacesImpl - Adding QuerySpace : uid = <gen:0> -> org.hibernate.loader.plan.build.internal.spaces.EntityQuerySpaceImpl@2f860823]
14:36:54.574 [main] TRACE org.hibernate.loader.plan.build.internal.AbstractLoadPlanBuildingAssociationVisitationStrategy - Pushing fetch source to stack : org.hibernate.loader.plan.build.internal.returns.EntityReturnImpl@696b4a95
14:36:54.574 [main] TRACE org.hibernate.loader.plan.build.internal.AbstractLoadPlanBuildingAssociationVisitationStrategy - .. Registering AssociationKey : AssociationKey(table=producer, columns={producer_id}) -> org.hibernate.loader.plan.build.internal.returns.EntityReturnImpl@696b4a95
14:36:54.574 [main] TRACE org.hibernate.loader.plan.build.internal.AbstractLoadPlanBuildingAssociationVisitationStrategy - >> Starting entity identifier : com.soft.entity.ProducerEntity
14:36:54.574 [main] DEBUG org.hibernate.persister.walking.spi.MetamodelGraphWalker - Visiting attribute path : producerCategory
14:36:54.574 [main] TRACE org.hibernate.loader.plan.build.internal.AbstractLoadPlanBuildingAssociationVisitationStrategy - >> Starting attribute Attribute(name=producerCategory, type=integer [non-identifier])
14:36:54.574 [main] TRACE org.hibernate.loader.plan.build.internal.AbstractLoadPlanBuildingAssociationVisitationStrategy - << Finishing up attribute : Attribute(name=producerCategory, type=integer [non-identifier])
14:36:54.574 [main] DEBUG org.hibernate.persister.walking.spi.MetamodelGraphWalker - Visiting attribute path : producerName
14:36:54.574 [main] TRACE org.hibernate.loader.plan.build.internal.AbstractLoadPlanBuildingAssociationVisitationStrategy - >> Starting attribute Attribute(name=producerName, type=string [non-identifier])
14:36:54.574 [main] TRACE org.hibernate.loader.plan.build.internal.AbstractLoadPlanBuildingAssociationVisitationStrategy - << Finishing up attribute : Attribute(name=producerName, type=string [non-identifier])
14:36:54.574 [main] TRACE org.hibernate.loader.plan.build.internal.AbstractLoadPlanBuildingAssociationVisitationStrategy - Popped fetch owner from stack : org.hibernate.loader.plan.build.internal.returns.EntityReturnImpl@696b4a95
14:36:54.574 [main] TRACE org.hibernate.loader.plan.build.internal.AbstractLoadPlanBuildingAssociationVisitationStrategy -  Finished root entity : com.soft.entity.ProducerEntity
14:36:54.574 [main] DEBUG org.hibernate.loader.plan.build.internal.FetchStyleLoadPlanBuildingAssociationVisitationStrategy - Building LoadPlan...
14:36:54.574 [main] DEBUG org.hibernate.loader.plan.exec.internal.LoadQueryJoinAndFetchProcessor - processing queryspace <gen:0>
14:36:54.575 [main] DEBUG org.hibernate.loader.plan.build.spi.LoadPlanTreePrinter - LoadPlan(entity=com.soft.entity.ProducerEntity)
    - Returns
       - EntityReturnImpl(entity=com.soft.entity.ProducerEntity, querySpaceUid=<gen:0>, path=com.soft.entity.ProducerEntity)
    - QuerySpaces
       - EntityQuerySpaceImpl(uid=<gen:0>, entity=com.soft.entity.ProducerEntity)
          - SQL table alias mapping - produceren0_
          - alias suffix - 0_
          - suffixed key columns - {producer1_3_0_}

14:36:54.575 [main] DEBUG org.hibernate.loader.entity.plan.EntityLoader - Static select for entity com.soft.entity.ProducerEntity [PESSIMISTIC_WRITE]: select produceren0_.producer_id as producer1_3_0_, produceren0_.producer_category as producer2_3_0_, produceren0_.producer_name as producer3_3_0_ from producer produceren0_ where produceren0_.producer_id=? for update
14:36:54.575 [main] TRACE org.hibernate.loader.plan.build.internal.AbstractLoadPlanBuildingAssociationVisitationStrategy -  Starting root entity : com.soft.entity.ProducerEntity
14:36:54.575 [main] DEBUG org.hibernate.loader.plan.build.internal.spaces.QuerySpacesImpl - Adding QuerySpace : uid = <gen:0> -> org.hibernate.loader.plan.build.internal.spaces.EntityQuerySpaceImpl@6c1cfa53]
14:36:54.575 [main] TRACE org.hibernate.loader.plan.build.internal.AbstractLoadPlanBuildingAssociationVisitationStrategy - Pushing fetch source to stack : org.hibernate.loader.plan.build.internal.returns.EntityReturnImpl@4d68b571
14:36:54.575 [main] TRACE org.hibernate.loader.plan.build.internal.AbstractLoadPlanBuildingAssociationVisitationStrategy - .. Registering AssociationKey : AssociationKey(table=producer, columns={producer_id}) -> org.hibernate.loader.plan.build.internal.returns.EntityReturnImpl@4d68b571
14:36:54.575 [main] TRACE org.hibernate.loader.plan.build.internal.AbstractLoadPlanBuildingAssociationVisitationStrategy - >> Starting entity identifier : com.soft.entity.ProducerEntity
14:36:54.575 [main] DEBUG org.hibernate.persister.walking.spi.MetamodelGraphWalker - Visiting attribute path : producerCategory
14:36:54.575 [main] TRACE org.hibernate.loader.plan.build.internal.AbstractLoadPlanBuildingAssociationVisitationStrategy - >> Starting attribute Attribute(name=producerCategory, type=integer [non-identifier])
14:36:54.575 [main] TRACE org.hibernate.loader.plan.build.internal.AbstractLoadPlanBuildingAssociationVisitationStrategy - << Finishing up attribute : Attribute(name=producerCategory, type=integer [non-identifier])
14:36:54.575 [main] DEBUG org.hibernate.persister.walking.spi.MetamodelGraphWalker - Visiting attribute path : producerName
14:36:54.575 [main] TRACE org.hibernate.loader.plan.build.internal.AbstractLoadPlanBuildingAssociationVisitationStrategy - >> Starting attribute Attribute(name=producerName, type=string [non-identifier])
14:36:54.575 [main] TRACE org.hibernate.loader.plan.build.internal.AbstractLoadPlanBuildingAssociationVisitationStrategy - << Finishing up attribute : Attribute(name=producerName, type=string [non-identifier])
14:36:54.575 [main] TRACE org.hibernate.loader.plan.build.internal.AbstractLoadPlanBuildingAssociationVisitationStrategy - Popped fetch owner from stack : org.hibernate.loader.plan.build.internal.returns.EntityReturnImpl@4d68b571
14:36:54.575 [main] TRACE org.hibernate.loader.plan.build.internal.AbstractLoadPlanBuildingAssociationVisitationStrategy -  Finished root entity : com.soft.entity.ProducerEntity
14:36:54.575 [main] DEBUG org.hibernate.loader.plan.build.internal.FetchStyleLoadPlanBuildingAssociationVisitationStrategy - Building LoadPlan...
14:36:54.575 [main] DEBUG org.hibernate.loader.plan.exec.internal.LoadQueryJoinAndFetchProcessor - processing queryspace <gen:0>
14:36:54.575 [main] DEBUG org.hibernate.loader.plan.build.spi.LoadPlanTreePrinter - LoadPlan(entity=com.soft.entity.ProducerEntity)
    - Returns
       - EntityReturnImpl(entity=com.soft.entity.ProducerEntity, querySpaceUid=<gen:0>, path=com.soft.entity.ProducerEntity)
    - QuerySpaces
       - EntityQuerySpaceImpl(uid=<gen:0>, entity=com.soft.entity.ProducerEntity)
          - SQL table alias mapping - produceren0_
          - alias suffix - 0_
          - suffixed key columns - {producer1_3_0_}

14:36:54.575 [main] DEBUG org.hibernate.loader.entity.plan.EntityLoader - Static select for entity com.soft.entity.ProducerEntity [PESSIMISTIC_FORCE_INCREMENT]: select produceren0_.producer_id as producer1_3_0_, produceren0_.producer_category as producer2_3_0_, produceren0_.producer_name as producer3_3_0_ from producer produceren0_ where produceren0_.producer_id=? for update
14:36:54.575 [main] TRACE org.hibernate.loader.plan.build.internal.AbstractLoadPlanBuildingAssociationVisitationStrategy -  Starting root entity : com.soft.entity.ProducerEntity
14:36:54.576 [main] DEBUG org.hibernate.loader.plan.build.internal.spaces.QuerySpacesImpl - Adding QuerySpace : uid = <gen:0> -> org.hibernate.loader.plan.build.internal.spaces.EntityQuerySpaceImpl@52b06bef]
14:36:54.576 [main] TRACE org.hibernate.loader.plan.build.internal.AbstractLoadPlanBuildingAssociationVisitationStrategy - Pushing fetch source to stack : org.hibernate.loader.plan.build.internal.returns.EntityReturnImpl@61bcbcce
14:36:54.576 [main] TRACE org.hibernate.loader.plan.build.internal.AbstractLoadPlanBuildingAssociationVisitationStrategy - .. Registering AssociationKey : AssociationKey(table=producer, columns={producer_id}) -> org.hibernate.loader.plan.build.internal.returns.EntityReturnImpl@61bcbcce
14:36:54.576 [main] TRACE org.hibernate.loader.plan.build.internal.AbstractLoadPlanBuildingAssociationVisitationStrategy - >> Starting entity identifier : com.soft.entity.ProducerEntity
14:36:54.576 [main] DEBUG org.hibernate.persister.walking.spi.MetamodelGraphWalker - Visiting attribute path : producerCategory
14:36:54.576 [main] TRACE org.hibernate.loader.plan.build.internal.AbstractLoadPlanBuildingAssociationVisitationStrategy - >> Starting attribute Attribute(name=producerCategory, type=integer [non-identifier])
14:36:54.576 [main] TRACE org.hibernate.loader.plan.build.internal.AbstractLoadPlanBuildingAssociationVisitationStrategy - << Finishing up attribute : Attribute(name=producerCategory, type=integer [non-identifier])
14:36:54.576 [main] DEBUG org.hibernate.persister.walking.spi.MetamodelGraphWalker - Visiting attribute path : producerName
14:36:54.576 [main] TRACE org.hibernate.loader.plan.build.internal.AbstractLoadPlanBuildingAssociationVisitationStrategy - >> Starting attribute Attribute(name=producerName, type=string [non-identifier])
14:36:54.576 [main] TRACE org.hibernate.loader.plan.build.internal.AbstractLoadPlanBuildingAssociationVisitationStrategy - << Finishing up attribute : Attribute(name=producerName, type=string [non-identifier])
14:36:54.576 [main] TRACE org.hibernate.loader.plan.build.internal.AbstractLoadPlanBuildingAssociationVisitationStrategy - Popped fetch owner from stack : org.hibernate.loader.plan.build.internal.returns.EntityReturnImpl@61bcbcce
14:36:54.576 [main] TRACE org.hibernate.loader.plan.build.internal.AbstractLoadPlanBuildingAssociationVisitationStrategy -  Finished root entity : com.soft.entity.ProducerEntity
14:36:54.576 [main] DEBUG org.hibernate.loader.plan.build.internal.FetchStyleLoadPlanBuildingAssociationVisitationStrategy - Building LoadPlan...
14:36:54.576 [main] DEBUG org.hibernate.loader.plan.exec.internal.LoadQueryJoinAndFetchProcessor - processing queryspace <gen:0>
14:36:54.576 [main] DEBUG org.hibernate.loader.plan.build.spi.LoadPlanTreePrinter - LoadPlan(entity=com.soft.entity.ProducerEntity)
    - Returns
       - EntityReturnImpl(entity=com.soft.entity.ProducerEntity, querySpaceUid=<gen:0>, path=com.soft.entity.ProducerEntity)
    - QuerySpaces
       - EntityQuerySpaceImpl(uid=<gen:0>, entity=com.soft.entity.ProducerEntity)
          - SQL table alias mapping - produceren0_
          - alias suffix - 0_
          - suffixed key columns - {producer1_3_0_}

14:36:54.576 [main] DEBUG org.hibernate.loader.entity.plan.EntityLoader - Static select for entity com.soft.entity.ProducerEntity [OPTIMISTIC]: select produceren0_.producer_id as producer1_3_0_, produceren0_.producer_category as producer2_3_0_, produceren0_.producer_name as producer3_3_0_ from producer produceren0_ where produceren0_.producer_id=?
14:36:54.576 [main] TRACE org.hibernate.loader.plan.build.internal.AbstractLoadPlanBuildingAssociationVisitationStrategy -  Starting root entity : com.soft.entity.ProducerEntity
14:36:54.576 [main] DEBUG org.hibernate.loader.plan.build.internal.spaces.QuerySpacesImpl - Adding QuerySpace : uid = <gen:0> -> org.hibernate.loader.plan.build.internal.spaces.EntityQuerySpaceImpl@6af91cc8]
14:36:54.576 [main] TRACE org.hibernate.loader.plan.build.internal.AbstractLoadPlanBuildingAssociationVisitationStrategy - Pushing fetch source to stack : org.hibernate.loader.plan.build.internal.returns.EntityReturnImpl@6232ffdb
14:36:54.576 [main] TRACE org.hibernate.loader.plan.build.internal.AbstractLoadPlanBuildingAssociationVisitationStrategy - .. Registering AssociationKey : AssociationKey(table=producer, columns={producer_id}) -> org.hibernate.loader.plan.build.internal.returns.EntityReturnImpl@6232ffdb
14:36:54.576 [main] TRACE org.hibernate.loader.plan.build.internal.AbstractLoadPlanBuildingAssociationVisitationStrategy - >> Starting entity identifier : com.soft.entity.ProducerEntity
14:36:54.576 [main] DEBUG org.hibernate.persister.walking.spi.MetamodelGraphWalker - Visiting attribute path : producerCategory
14:36:54.576 [main] TRACE org.hibernate.loader.plan.build.internal.AbstractLoadPlanBuildingAssociationVisitationStrategy - >> Starting attribute Attribute(name=producerCategory, type=integer [non-identifier])
14:36:54.576 [main] TRACE org.hibernate.loader.plan.build.internal.AbstractLoadPlanBuildingAssociationVisitationStrategy - << Finishing up attribute : Attribute(name=producerCategory, type=integer [non-identifier])
14:36:54.576 [main] DEBUG org.hibernate.persister.walking.spi.MetamodelGraphWalker - Visiting attribute path : producerName
14:36:54.576 [main] TRACE org.hibernate.loader.plan.build.internal.AbstractLoadPlanBuildingAssociationVisitationStrategy - >> Starting attribute Attribute(name=producerName, type=string [non-identifier])
14:36:54.577 [main] TRACE org.hibernate.loader.plan.build.internal.AbstractLoadPlanBuildingAssociationVisitationStrategy - << Finishing up attribute : Attribute(name=producerName, type=string [non-identifier])
14:36:54.577 [main] TRACE org.hibernate.loader.plan.build.internal.AbstractLoadPlanBuildingAssociationVisitationStrategy - Popped fetch owner from stack : org.hibernate.loader.plan.build.internal.returns.EntityReturnImpl@6232ffdb
14:36:54.577 [main] TRACE org.hibernate.loader.plan.build.internal.AbstractLoadPlanBuildingAssociationVisitationStrategy -  Finished root entity : com.soft.entity.ProducerEntity
14:36:54.577 [main] DEBUG org.hibernate.loader.plan.build.internal.FetchStyleLoadPlanBuildingAssociationVisitationStrategy - Building LoadPlan...
14:36:54.577 [main] DEBUG org.hibernate.loader.plan.exec.internal.LoadQueryJoinAndFetchProcessor - processing queryspace <gen:0>
14:36:54.577 [main] DEBUG org.hibernate.loader.plan.build.spi.LoadPlanTreePrinter - LoadPlan(entity=com.soft.entity.ProducerEntity)
    - Returns
       - EntityReturnImpl(entity=com.soft.entity.ProducerEntity, querySpaceUid=<gen:0>, path=com.soft.entity.ProducerEntity)
    - QuerySpaces
       - EntityQuerySpaceImpl(uid=<gen:0>, entity=com.soft.entity.ProducerEntity)
          - SQL table alias mapping - produceren0_
          - alias suffix - 0_
          - suffixed key columns - {producer1_3_0_}

14:36:54.577 [main] DEBUG org.hibernate.loader.entity.plan.EntityLoader - Static select for entity com.soft.entity.ProducerEntity [OPTIMISTIC_FORCE_INCREMENT]: select produceren0_.producer_id as producer1_3_0_, produceren0_.producer_category as producer2_3_0_, produceren0_.producer_name as producer3_3_0_ from producer produceren0_ where produceren0_.producer_id=?
14:36:54.577 [main] DEBUG org.hibernate.loader.Loader - Static select for action ACTION_MERGE on entity com.soft.entity.ProducerEntity: select produceren0_.producer_id as producer1_3_0_, produceren0_.producer_category as producer2_3_0_, produceren0_.producer_name as producer3_3_0_ from producer produceren0_ where produceren0_.producer_id=?
14:36:54.577 [main] DEBUG org.hibernate.loader.Loader - Static select for action ACTION_REFRESH on entity com.soft.entity.ProducerEntity: select produceren0_.producer_id as producer1_3_0_, produceren0_.producer_category as producer2_3_0_, produceren0_.producer_name as producer3_3_0_ from producer produceren0_ where produceren0_.producer_id=?
14:36:54.577 [main] DEBUG org.hibernate.persister.entity.AbstractEntityPersister - Static SQL for entity: com.soft.entity.TransistorEntity
14:36:54.577 [main] DEBUG org.hibernate.persister.entity.AbstractEntityPersister -  Version select: select transistor_id from transistor where transistor_id =?
14:36:54.578 [main] DEBUG org.hibernate.persister.entity.AbstractEntityPersister -  Snapshot select: select transistor_.transistor_id, transistor_.category as category2_5_, transistor_.conductunce_type as conductu3_5_, transistor_.description as descript4_5_, transistor_.gain as gain5_5_, transistor_.max_current as max_curr6_5_, transistor_.max_current_unit as max_curr7_5_, transistor_.name as name8_5_, transistor_.photo as photo9_5_, transistor_.price as price10_5_, transistor_.producer as produce11_5_, transistor_.quantity as quantit12_5_, transistor_.package as package13_5_ from transistor transistor_ where transistor_.transistor_id=?
14:36:54.578 [main] DEBUG org.hibernate.persister.entity.AbstractEntityPersister -  Insert 0: insert into transistor (category, conductunce_type, description, gain, max_current, max_current_unit, name, photo, price, producer, quantity, package, transistor_id) values (?, ?, ?, ?, ?, ?, ?, ?, ?, ?, ?, ?, ?)
14:36:54.578 [main] DEBUG org.hibernate.persister.entity.AbstractEntityPersister -  Update 0: update transistor set category=?, conductunce_type=?, description=?, gain=?, max_current=?, max_current_unit=?, name=?, photo=?, price=?, producer=?, quantity=?, package=? where transistor_id=?
14:36:54.578 [main] DEBUG org.hibernate.persister.entity.AbstractEntityPersister -  Delete 0: delete from transistor where transistor_id=?
14:36:54.578 [main] TRACE org.hibernate.loader.plan.build.internal.AbstractLoadPlanBuildingAssociationVisitationStrategy -  Starting root entity : com.soft.entity.TransistorEntity
14:36:54.578 [main] DEBUG org.hibernate.loader.plan.build.internal.spaces.QuerySpacesImpl - Adding QuerySpace : uid = <gen:0> -> org.hibernate.loader.plan.build.internal.spaces.EntityQuerySpaceImpl@330c1f61]
14:36:54.578 [main] TRACE org.hibernate.loader.plan.build.internal.AbstractLoadPlanBuildingAssociationVisitationStrategy - Pushing fetch source to stack : org.hibernate.loader.plan.build.internal.returns.EntityReturnImpl@37d28f02
14:36:54.578 [main] TRACE org.hibernate.loader.plan.build.internal.AbstractLoadPlanBuildingAssociationVisitationStrategy - .. Registering AssociationKey : AssociationKey(table=transistor, columns={transistor_id}) -> org.hibernate.loader.plan.build.internal.returns.EntityReturnImpl@37d28f02
14:36:54.578 [main] TRACE org.hibernate.loader.plan.build.internal.AbstractLoadPlanBuildingAssociationVisitationStrategy - >> Starting entity identifier : com.soft.entity.TransistorEntity
14:36:54.578 [main] DEBUG org.hibernate.persister.walking.spi.MetamodelGraphWalker - Visiting attribute path : category
14:36:54.578 [main] TRACE org.hibernate.loader.plan.build.internal.AbstractLoadPlanBuildingAssociationVisitationStrategy - >> Starting attribute Attribute(name=category, type=integer [non-identifier])
14:36:54.578 [main] TRACE org.hibernate.loader.plan.build.internal.AbstractLoadPlanBuildingAssociationVisitationStrategy - << Finishing up attribute : Attribute(name=category, type=integer [non-identifier])
14:36:54.578 [main] DEBUG org.hibernate.persister.walking.spi.MetamodelGraphWalker - Visiting attribute path : conductanceType
14:36:54.578 [main] TRACE org.hibernate.loader.plan.build.internal.AbstractLoadPlanBuildingAssociationVisitationStrategy - >> Starting attribute Attribute(name=conductanceType, type=string [non-identifier])
14:36:54.578 [main] TRACE org.hibernate.loader.plan.build.internal.AbstractLoadPlanBuildingAssociationVisitationStrategy - << Finishing up attribute : Attribute(name=conductanceType, type=string [non-identifier])
14:36:54.578 [main] DEBUG org.hibernate.persister.walking.spi.MetamodelGraphWalker - Visiting attribute path : description
14:36:54.578 [main] TRACE org.hibernate.loader.plan.build.internal.AbstractLoadPlanBuildingAssociationVisitationStrategy - >> Starting attribute Attribute(name=description, type=string [non-identifier])
14:36:54.578 [main] TRACE org.hibernate.loader.plan.build.internal.AbstractLoadPlanBuildingAssociationVisitationStrategy - << Finishing up attribute : Attribute(name=description, type=string [non-identifier])
14:36:54.578 [main] DEBUG org.hibernate.persister.walking.spi.MetamodelGraphWalker - Visiting attribute path : gain
14:36:54.578 [main] TRACE org.hibernate.loader.plan.build.internal.AbstractLoadPlanBuildingAssociationVisitationStrategy - >> Starting attribute Attribute(name=gain, type=double [non-identifier])
14:36:54.578 [main] TRACE org.hibernate.loader.plan.build.internal.AbstractLoadPlanBuildingAssociationVisitationStrategy - << Finishing up attribute : Attribute(name=gain, type=double [non-identifier])
14:36:54.578 [main] DEBUG org.hibernate.persister.walking.spi.MetamodelGraphWalker - Visiting attribute path : maxCurrent
14:36:54.578 [main] TRACE org.hibernate.loader.plan.build.internal.AbstractLoadPlanBuildingAssociationVisitationStrategy - >> Starting attribute Attribute(name=maxCurrent, type=double [non-identifier])
14:36:54.578 [main] TRACE org.hibernate.loader.plan.build.internal.AbstractLoadPlanBuildingAssociationVisitationStrategy - << Finishing up attribute : Attribute(name=maxCurrent, type=double [non-identifier])
14:36:54.578 [main] DEBUG org.hibernate.persister.walking.spi.MetamodelGraphWalker - Visiting attribute path : maxCurrentUnit
14:36:54.578 [main] TRACE org.hibernate.loader.plan.build.internal.AbstractLoadPlanBuildingAssociationVisitationStrategy - >> Starting attribute Attribute(name=maxCurrentUnit, type=integer [non-identifier])
14:36:54.578 [main] TRACE org.hibernate.loader.plan.build.internal.AbstractLoadPlanBuildingAssociationVisitationStrategy - << Finishing up attribute : Attribute(name=maxCurrentUnit, type=integer [non-identifier])
14:36:54.578 [main] DEBUG org.hibernate.persister.walking.spi.MetamodelGraphWalker - Visiting attribute path : name
14:36:54.578 [main] TRACE org.hibernate.loader.plan.build.internal.AbstractLoadPlanBuildingAssociationVisitationStrategy - >> Starting attribute Attribute(name=name, type=string [non-identifier])
14:36:54.578 [main] TRACE org.hibernate.loader.plan.build.internal.AbstractLoadPlanBuildingAssociationVisitationStrategy - << Finishing up attribute : Attribute(name=name, type=string [non-identifier])
14:36:54.578 [main] DEBUG org.hibernate.persister.walking.spi.MetamodelGraphWalker - Visiting attribute path : photo
14:36:54.578 [main] TRACE org.hibernate.loader.plan.build.internal.AbstractLoadPlanBuildingAssociationVisitationStrategy - >> Starting attribute Attribute(name=photo, type=binary [non-identifier])
14:36:54.578 [main] TRACE org.hibernate.loader.plan.build.internal.AbstractLoadPlanBuildingAssociationVisitationStrategy - << Finishing up attribute : Attribute(name=photo, type=binary [non-identifier])
14:36:54.578 [main] DEBUG org.hibernate.persister.walking.spi.MetamodelGraphWalker - Visiting attribute path : price
14:36:54.578 [main] TRACE org.hibernate.loader.plan.build.internal.AbstractLoadPlanBuildingAssociationVisitationStrategy - >> Starting attribute Attribute(name=price, type=double [non-identifier])
14:36:54.578 [main] TRACE org.hibernate.loader.plan.build.internal.AbstractLoadPlanBuildingAssociationVisitationStrategy - << Finishing up attribute : Attribute(name=price, type=double [non-identifier])
14:36:54.578 [main] DEBUG org.hibernate.persister.walking.spi.MetamodelGraphWalker - Visiting attribute path : producer
14:36:54.578 [main] TRACE org.hibernate.loader.plan.build.internal.AbstractLoadPlanBuildingAssociationVisitationStrategy - >> Starting attribute Attribute(name=producer, type=integer [non-identifier])
14:36:54.578 [main] TRACE org.hibernate.loader.plan.build.internal.AbstractLoadPlanBuildingAssociationVisitationStrategy - << Finishing up attribute : Attribute(name=producer, type=integer [non-identifier])
14:36:54.578 [main] DEBUG org.hibernate.persister.walking.spi.MetamodelGraphWalker - Visiting attribute path : quantity
14:36:54.578 [main] TRACE org.hibernate.loader.plan.build.internal.AbstractLoadPlanBuildingAssociationVisitationStrategy - >> Starting attribute Attribute(name=quantity, type=integer [non-identifier])
14:36:54.578 [main] TRACE org.hibernate.loader.plan.build.internal.AbstractLoadPlanBuildingAssociationVisitationStrategy - << Finishing up attribute : Attribute(name=quantity, type=integer [non-identifier])
14:36:54.578 [main] DEBUG org.hibernate.persister.walking.spi.MetamodelGraphWalker - Visiting attribute path : tPackage
14:36:54.578 [main] TRACE org.hibernate.loader.plan.build.internal.AbstractLoadPlanBuildingAssociationVisitationStrategy - >> Starting attribute Attribute(name=tPackage, type=integer [non-identifier])
14:36:54.578 [main] TRACE org.hibernate.loader.plan.build.internal.AbstractLoadPlanBuildingAssociationVisitationStrategy - << Finishing up attribute : Attribute(name=tPackage, type=integer [non-identifier])
14:36:54.578 [main] TRACE org.hibernate.loader.plan.build.internal.AbstractLoadPlanBuildingAssociationVisitationStrategy - Popped fetch owner from stack : org.hibernate.loader.plan.build.internal.returns.EntityReturnImpl@37d28f02
14:36:54.578 [main] TRACE org.hibernate.loader.plan.build.internal.AbstractLoadPlanBuildingAssociationVisitationStrategy -  Finished root entity : com.soft.entity.TransistorEntity
14:36:54.578 [main] DEBUG org.hibernate.loader.plan.build.internal.FetchStyleLoadPlanBuildingAssociationVisitationStrategy - Building LoadPlan...
14:36:54.580 [main] DEBUG org.hibernate.loader.plan.exec.internal.LoadQueryJoinAndFetchProcessor - processing queryspace <gen:0>
14:36:54.581 [main] DEBUG org.hibernate.loader.plan.build.spi.LoadPlanTreePrinter - LoadPlan(entity=com.soft.entity.TransistorEntity)
    - Returns
       - EntityReturnImpl(entity=com.soft.entity.TransistorEntity, querySpaceUid=<gen:0>, path=com.soft.entity.TransistorEntity)
    - QuerySpaces
       - EntityQuerySpaceImpl(uid=<gen:0>, entity=com.soft.entity.TransistorEntity)
          - SQL table alias mapping - transistor0_
          - alias suffix - 0_
          - suffixed key columns - {transist1_5_0_}

14:36:54.581 [main] DEBUG org.hibernate.loader.entity.plan.EntityLoader - Static select for entity com.soft.entity.TransistorEntity [NONE]: select transistor0_.transistor_id as transist1_5_0_, transistor0_.category as category2_5_0_, transistor0_.conductunce_type as conductu3_5_0_, transistor0_.description as descript4_5_0_, transistor0_.gain as gain5_5_0_, transistor0_.max_current as max_curr6_5_0_, transistor0_.max_current_unit as max_curr7_5_0_, transistor0_.name as name8_5_0_, transistor0_.photo as photo9_5_0_, transistor0_.price as price10_5_0_, transistor0_.producer as produce11_5_0_, transistor0_.quantity as quantit12_5_0_, transistor0_.package as package13_5_0_ from transistor transistor0_ where transistor0_.transistor_id=?
14:36:54.581 [main] TRACE org.hibernate.loader.plan.build.internal.AbstractLoadPlanBuildingAssociationVisitationStrategy -  Starting root entity : com.soft.entity.TransistorEntity
14:36:54.581 [main] DEBUG org.hibernate.loader.plan.build.internal.spaces.QuerySpacesImpl - Adding QuerySpace : uid = <gen:0> -> org.hibernate.loader.plan.build.internal.spaces.EntityQuerySpaceImpl@15efda6c]
14:36:54.581 [main] TRACE org.hibernate.loader.plan.build.internal.AbstractLoadPlanBuildingAssociationVisitationStrategy - Pushing fetch source to stack : org.hibernate.loader.plan.build.internal.returns.EntityReturnImpl@6056232d
14:36:54.581 [main] TRACE org.hibernate.loader.plan.build.internal.AbstractLoadPlanBuildingAssociationVisitationStrategy - .. Registering AssociationKey : AssociationKey(table=transistor, columns={transistor_id}) -> org.hibernate.loader.plan.build.internal.returns.EntityReturnImpl@6056232d
14:36:54.581 [main] TRACE org.hibernate.loader.plan.build.internal.AbstractLoadPlanBuildingAssociationVisitationStrategy - >> Starting entity identifier : com.soft.entity.TransistorEntity
14:36:54.581 [main] DEBUG org.hibernate.persister.walking.spi.MetamodelGraphWalker - Visiting attribute path : category
14:36:54.581 [main] TRACE org.hibernate.loader.plan.build.internal.AbstractLoadPlanBuildingAssociationVisitationStrategy - >> Starting attribute Attribute(name=category, type=integer [non-identifier])
14:36:54.581 [main] TRACE org.hibernate.loader.plan.build.internal.AbstractLoadPlanBuildingAssociationVisitationStrategy - << Finishing up attribute : Attribute(name=category, type=integer [non-identifier])
14:36:54.581 [main] DEBUG org.hibernate.persister.walking.spi.MetamodelGraphWalker - Visiting attribute path : conductanceType
14:36:54.581 [main] TRACE org.hibernate.loader.plan.build.internal.AbstractLoadPlanBuildingAssociationVisitationStrategy - >> Starting attribute Attribute(name=conductanceType, type=string [non-identifier])
14:36:54.581 [main] TRACE org.hibernate.loader.plan.build.internal.AbstractLoadPlanBuildingAssociationVisitationStrategy - << Finishing up attribute : Attribute(name=conductanceType, type=string [non-identifier])
14:36:54.581 [main] DEBUG org.hibernate.persister.walking.spi.MetamodelGraphWalker - Visiting attribute path : description
14:36:54.581 [main] TRACE org.hibernate.loader.plan.build.internal.AbstractLoadPlanBuildingAssociationVisitationStrategy - >> Starting attribute Attribute(name=description, type=string [non-identifier])
14:36:54.581 [main] TRACE org.hibernate.loader.plan.build.internal.AbstractLoadPlanBuildingAssociationVisitationStrategy - << Finishing up attribute : Attribute(name=description, type=string [non-identifier])
14:36:54.581 [main] DEBUG org.hibernate.persister.walking.spi.MetamodelGraphWalker - Visiting attribute path : gain
14:36:54.581 [main] TRACE org.hibernate.loader.plan.build.internal.AbstractLoadPlanBuildingAssociationVisitationStrategy - >> Starting attribute Attribute(name=gain, type=double [non-identifier])
14:36:54.581 [main] TRACE org.hibernate.loader.plan.build.internal.AbstractLoadPlanBuildingAssociationVisitationStrategy - << Finishing up attribute : Attribute(name=gain, type=double [non-identifier])
14:36:54.581 [main] DEBUG org.hibernate.persister.walking.spi.MetamodelGraphWalker - Visiting attribute path : maxCurrent
14:36:54.582 [main] TRACE org.hibernate.loader.plan.build.internal.AbstractLoadPlanBuildingAssociationVisitationStrategy - >> Starting attribute Attribute(name=maxCurrent, type=double [non-identifier])
14:36:54.582 [main] TRACE org.hibernate.loader.plan.build.internal.AbstractLoadPlanBuildingAssociationVisitationStrategy - << Finishing up attribute : Attribute(name=maxCurrent, type=double [non-identifier])
14:36:54.582 [main] DEBUG org.hibernate.persister.walking.spi.MetamodelGraphWalker - Visiting attribute path : maxCurrentUnit
14:36:54.582 [main] TRACE org.hibernate.loader.plan.build.internal.AbstractLoadPlanBuildingAssociationVisitationStrategy - >> Starting attribute Attribute(name=maxCurrentUnit, type=integer [non-identifier])
14:36:54.582 [main] TRACE org.hibernate.loader.plan.build.internal.AbstractLoadPlanBuildingAssociationVisitationStrategy - << Finishing up attribute : Attribute(name=maxCurrentUnit, type=integer [non-identifier])
14:36:54.582 [main] DEBUG org.hibernate.persister.walking.spi.MetamodelGraphWalker - Visiting attribute path : name
14:36:54.582 [main] TRACE org.hibernate.loader.plan.build.internal.AbstractLoadPlanBuildingAssociationVisitationStrategy - >> Starting attribute Attribute(name=name, type=string [non-identifier])
14:36:54.582 [main] TRACE org.hibernate.loader.plan.build.internal.AbstractLoadPlanBuildingAssociationVisitationStrategy - << Finishing up attribute : Attribute(name=name, type=string [non-identifier])
14:36:54.582 [main] DEBUG org.hibernate.persister.walking.spi.MetamodelGraphWalker - Visiting attribute path : photo
14:36:54.582 [main] TRACE org.hibernate.loader.plan.build.internal.AbstractLoadPlanBuildingAssociationVisitationStrategy - >> Starting attribute Attribute(name=photo, type=binary [non-identifier])
14:36:54.582 [main] TRACE org.hibernate.loader.plan.build.internal.AbstractLoadPlanBuildingAssociationVisitationStrategy - << Finishing up attribute : Attribute(name=photo, type=binary [non-identifier])
14:36:54.582 [main] DEBUG org.hibernate.persister.walking.spi.MetamodelGraphWalker - Visiting attribute path : price
14:36:54.582 [main] TRACE org.hibernate.loader.plan.build.internal.AbstractLoadPlanBuildingAssociationVisitationStrategy - >> Starting attribute Attribute(name=price, type=double [non-identifier])
14:36:54.582 [main] TRACE org.hibernate.loader.plan.build.internal.AbstractLoadPlanBuildingAssociationVisitationStrategy - << Finishing up attribute : Attribute(name=price, type=double [non-identifier])
14:36:54.582 [main] DEBUG org.hibernate.persister.walking.spi.MetamodelGraphWalker - Visiting attribute path : producer
14:36:54.582 [main] TRACE org.hibernate.loader.plan.build.internal.AbstractLoadPlanBuildingAssociationVisitationStrategy - >> Starting attribute Attribute(name=producer, type=integer [non-identifier])
14:36:54.582 [main] TRACE org.hibernate.loader.plan.build.internal.AbstractLoadPlanBuildingAssociationVisitationStrategy - << Finishing up attribute : Attribute(name=producer, type=integer [non-identifier])
14:36:54.582 [main] DEBUG org.hibernate.persister.walking.spi.MetamodelGraphWalker - Visiting attribute path : quantity
14:36:54.582 [main] TRACE org.hibernate.loader.plan.build.internal.AbstractLoadPlanBuildingAssociationVisitationStrategy - >> Starting attribute Attribute(name=quantity, type=integer [non-identifier])
14:36:54.582 [main] TRACE org.hibernate.loader.plan.build.internal.AbstractLoadPlanBuildingAssociationVisitationStrategy - << Finishing up attribute : Attribute(name=quantity, type=integer [non-identifier])
14:36:54.582 [main] DEBUG org.hibernate.persister.walking.spi.MetamodelGraphWalker - Visiting attribute path : tPackage
14:36:54.582 [main] TRACE org.hibernate.loader.plan.build.internal.AbstractLoadPlanBuildingAssociationVisitationStrategy - >> Starting attribute Attribute(name=tPackage, type=integer [non-identifier])
14:36:54.582 [main] TRACE org.hibernate.loader.plan.build.internal.AbstractLoadPlanBuildingAssociationVisitationStrategy - << Finishing up attribute : Attribute(name=tPackage, type=integer [non-identifier])
14:36:54.582 [main] TRACE org.hibernate.loader.plan.build.internal.AbstractLoadPlanBuildingAssociationVisitationStrategy - Popped fetch owner from stack : org.hibernate.loader.plan.build.internal.returns.EntityReturnImpl@6056232d
14:36:54.582 [main] TRACE org.hibernate.loader.plan.build.internal.AbstractLoadPlanBuildingAssociationVisitationStrategy -  Finished root entity : com.soft.entity.TransistorEntity
14:36:54.582 [main] DEBUG org.hibernate.loader.plan.build.internal.FetchStyleLoadPlanBuildingAssociationVisitationStrategy - Building LoadPlan...
14:36:54.582 [main] DEBUG org.hibernate.loader.plan.exec.internal.LoadQueryJoinAndFetchProcessor - processing queryspace <gen:0>
14:36:54.583 [main] DEBUG org.hibernate.loader.plan.build.spi.LoadPlanTreePrinter - LoadPlan(entity=com.soft.entity.TransistorEntity)
    - Returns
       - EntityReturnImpl(entity=com.soft.entity.TransistorEntity, querySpaceUid=<gen:0>, path=com.soft.entity.TransistorEntity)
    - QuerySpaces
       - EntityQuerySpaceImpl(uid=<gen:0>, entity=com.soft.entity.TransistorEntity)
          - SQL table alias mapping - transistor0_
          - alias suffix - 0_
          - suffixed key columns - {transist1_5_0_}

14:36:54.583 [main] DEBUG org.hibernate.loader.entity.plan.EntityLoader - Static select for entity com.soft.entity.TransistorEntity [READ]: select transistor0_.transistor_id as transist1_5_0_, transistor0_.category as category2_5_0_, transistor0_.conductunce_type as conductu3_5_0_, transistor0_.description as descript4_5_0_, transistor0_.gain as gain5_5_0_, transistor0_.max_current as max_curr6_5_0_, transistor0_.max_current_unit as max_curr7_5_0_, transistor0_.name as name8_5_0_, transistor0_.photo as photo9_5_0_, transistor0_.price as price10_5_0_, transistor0_.producer as produce11_5_0_, transistor0_.quantity as quantit12_5_0_, transistor0_.package as package13_5_0_ from transistor transistor0_ where transistor0_.transistor_id=?
14:36:54.583 [main] TRACE org.hibernate.loader.plan.build.internal.AbstractLoadPlanBuildingAssociationVisitationStrategy -  Starting root entity : com.soft.entity.TransistorEntity
14:36:54.583 [main] DEBUG org.hibernate.loader.plan.build.internal.spaces.QuerySpacesImpl - Adding QuerySpace : uid = <gen:0> -> org.hibernate.loader.plan.build.internal.spaces.EntityQuerySpaceImpl@33f2df51]
14:36:54.583 [main] TRACE org.hibernate.loader.plan.build.internal.AbstractLoadPlanBuildingAssociationVisitationStrategy - Pushing fetch source to stack : org.hibernate.loader.plan.build.internal.returns.EntityReturnImpl@107bfcb2
14:36:54.583 [main] TRACE org.hibernate.loader.plan.build.internal.AbstractLoadPlanBuildingAssociationVisitationStrategy - .. Registering AssociationKey : AssociationKey(table=transistor, columns={transistor_id}) -> org.hibernate.loader.plan.build.internal.returns.EntityReturnImpl@107bfcb2
14:36:54.583 [main] TRACE org.hibernate.loader.plan.build.internal.AbstractLoadPlanBuildingAssociationVisitationStrategy - >> Starting entity identifier : com.soft.entity.TransistorEntity
14:36:54.583 [main] DEBUG org.hibernate.persister.walking.spi.MetamodelGraphWalker - Visiting attribute path : category
14:36:54.583 [main] TRACE org.hibernate.loader.plan.build.internal.AbstractLoadPlanBuildingAssociationVisitationStrategy - >> Starting attribute Attribute(name=category, type=integer [non-identifier])
14:36:54.583 [main] TRACE org.hibernate.loader.plan.build.internal.AbstractLoadPlanBuildingAssociationVisitationStrategy - << Finishing up attribute : Attribute(name=category, type=integer [non-identifier])
14:36:54.583 [main] DEBUG org.hibernate.persister.walking.spi.MetamodelGraphWalker - Visiting attribute path : conductanceType
14:36:54.583 [main] TRACE org.hibernate.loader.plan.build.internal.AbstractLoadPlanBuildingAssociationVisitationStrategy - >> Starting attribute Attribute(name=conductanceType, type=string [non-identifier])
14:36:54.583 [main] TRACE org.hibernate.loader.plan.build.internal.AbstractLoadPlanBuildingAssociationVisitationStrategy - << Finishing up attribute : Attribute(name=conductanceType, type=string [non-identifier])
14:36:54.583 [main] DEBUG org.hibernate.persister.walking.spi.MetamodelGraphWalker - Visiting attribute path : description
14:36:54.583 [main] TRACE org.hibernate.loader.plan.build.internal.AbstractLoadPlanBuildingAssociationVisitationStrategy - >> Starting attribute Attribute(name=description, type=string [non-identifier])
14:36:54.583 [main] TRACE org.hibernate.loader.plan.build.internal.AbstractLoadPlanBuildingAssociationVisitationStrategy - << Finishing up attribute : Attribute(name=description, type=string [non-identifier])
14:36:54.583 [main] DEBUG org.hibernate.persister.walking.spi.MetamodelGraphWalker - Visiting attribute path : gain
14:36:54.583 [main] TRACE org.hibernate.loader.plan.build.internal.AbstractLoadPlanBuildingAssociationVisitationStrategy - >> Starting attribute Attribute(name=gain, type=double [non-identifier])
14:36:54.583 [main] TRACE org.hibernate.loader.plan.build.internal.AbstractLoadPlanBuildingAssociationVisitationStrategy - << Finishing up attribute : Attribute(name=gain, type=double [non-identifier])
14:36:54.583 [main] DEBUG org.hibernate.persister.walking.spi.MetamodelGraphWalker - Visiting attribute path : maxCurrent
14:36:54.583 [main] TRACE org.hibernate.loader.plan.build.internal.AbstractLoadPlanBuildingAssociationVisitationStrategy - >> Starting attribute Attribute(name=maxCurrent, type=double [non-identifier])
14:36:54.583 [main] TRACE org.hibernate.loader.plan.build.internal.AbstractLoadPlanBuildingAssociationVisitationStrategy - << Finishing up attribute : Attribute(name=maxCurrent, type=double [non-identifier])
14:36:54.583 [main] DEBUG org.hibernate.persister.walking.spi.MetamodelGraphWalker - Visiting attribute path : maxCurrentUnit
14:36:54.583 [main] TRACE org.hibernate.loader.plan.build.internal.AbstractLoadPlanBuildingAssociationVisitationStrategy - >> Starting attribute Attribute(name=maxCurrentUnit, type=integer [non-identifier])
14:36:54.583 [main] TRACE org.hibernate.loader.plan.build.internal.AbstractLoadPlanBuildingAssociationVisitationStrategy - << Finishing up attribute : Attribute(name=maxCurrentUnit, type=integer [non-identifier])
14:36:54.583 [main] DEBUG org.hibernate.persister.walking.spi.MetamodelGraphWalker - Visiting attribute path : name
14:36:54.583 [main] TRACE org.hibernate.loader.plan.build.internal.AbstractLoadPlanBuildingAssociationVisitationStrategy - >> Starting attribute Attribute(name=name, type=string [non-identifier])
14:36:54.583 [main] TRACE org.hibernate.loader.plan.build.internal.AbstractLoadPlanBuildingAssociationVisitationStrategy - << Finishing up attribute : Attribute(name=name, type=string [non-identifier])
14:36:54.583 [main] DEBUG org.hibernate.persister.walking.spi.MetamodelGraphWalker - Visiting attribute path : photo
14:36:54.583 [main] TRACE org.hibernate.loader.plan.build.internal.AbstractLoadPlanBuildingAssociationVisitationStrategy - >> Starting attribute Attribute(name=photo, type=binary [non-identifier])
14:36:54.583 [main] TRACE org.hibernate.loader.plan.build.internal.AbstractLoadPlanBuildingAssociationVisitationStrategy - << Finishing up attribute : Attribute(name=photo, type=binary [non-identifier])
14:36:54.583 [main] DEBUG org.hibernate.persister.walking.spi.MetamodelGraphWalker - Visiting attribute path : price
14:36:54.583 [main] TRACE org.hibernate.loader.plan.build.internal.AbstractLoadPlanBuildingAssociationVisitationStrategy - >> Starting attribute Attribute(name=price, type=double [non-identifier])
14:36:54.583 [main] TRACE org.hibernate.loader.plan.build.internal.AbstractLoadPlanBuildingAssociationVisitationStrategy - << Finishing up attribute : Attribute(name=price, type=double [non-identifier])
14:36:54.583 [main] DEBUG org.hibernate.persister.walking.spi.MetamodelGraphWalker - Visiting attribute path : producer
14:36:54.583 [main] TRACE org.hibernate.loader.plan.build.internal.AbstractLoadPlanBuildingAssociationVisitationStrategy - >> Starting attribute Attribute(name=producer, type=integer [non-identifier])
14:36:54.583 [main] TRACE org.hibernate.loader.plan.build.internal.AbstractLoadPlanBuildingAssociationVisitationStrategy - << Finishing up attribute : Attribute(name=producer, type=integer [non-identifier])
14:36:54.583 [main] DEBUG org.hibernate.persister.walking.spi.MetamodelGraphWalker - Visiting attribute path : quantity
14:36:54.583 [main] TRACE org.hibernate.loader.plan.build.internal.AbstractLoadPlanBuildingAssociationVisitationStrategy - >> Starting attribute Attribute(name=quantity, type=integer [non-identifier])
14:36:54.583 [main] TRACE org.hibernate.loader.plan.build.internal.AbstractLoadPlanBuildingAssociationVisitationStrategy - << Finishing up attribute : Attribute(name=quantity, type=integer [non-identifier])
14:36:54.583 [main] DEBUG org.hibernate.persister.walking.spi.MetamodelGraphWalker - Visiting attribute path : tPackage
14:36:54.584 [main] TRACE org.hibernate.loader.plan.build.internal.AbstractLoadPlanBuildingAssociationVisitationStrategy - >> Starting attribute Attribute(name=tPackage, type=integer [non-identifier])
14:36:54.584 [main] TRACE org.hibernate.loader.plan.build.internal.AbstractLoadPlanBuildingAssociationVisitationStrategy - << Finishing up attribute : Attribute(name=tPackage, type=integer [non-identifier])
14:36:54.584 [main] TRACE org.hibernate.loader.plan.build.internal.AbstractLoadPlanBuildingAssociationVisitationStrategy - Popped fetch owner from stack : org.hibernate.loader.plan.build.internal.returns.EntityReturnImpl@107bfcb2
14:36:54.584 [main] TRACE org.hibernate.loader.plan.build.internal.AbstractLoadPlanBuildingAssociationVisitationStrategy -  Finished root entity : com.soft.entity.TransistorEntity
14:36:54.584 [main] DEBUG org.hibernate.loader.plan.build.internal.FetchStyleLoadPlanBuildingAssociationVisitationStrategy - Building LoadPlan...
14:36:54.586 [main] DEBUG org.hibernate.loader.plan.exec.internal.LoadQueryJoinAndFetchProcessor - processing queryspace <gen:0>
14:36:54.586 [main] DEBUG org.hibernate.loader.plan.build.spi.LoadPlanTreePrinter - LoadPlan(entity=com.soft.entity.TransistorEntity)
    - Returns
       - EntityReturnImpl(entity=com.soft.entity.TransistorEntity, querySpaceUid=<gen:0>, path=com.soft.entity.TransistorEntity)
    - QuerySpaces
       - EntityQuerySpaceImpl(uid=<gen:0>, entity=com.soft.entity.TransistorEntity)
          - SQL table alias mapping - transistor0_
          - alias suffix - 0_
          - suffixed key columns - {transist1_5_0_}

14:36:54.586 [main] DEBUG org.hibernate.loader.entity.plan.EntityLoader - Static select for entity com.soft.entity.TransistorEntity [UPGRADE]: select transistor0_.transistor_id as transist1_5_0_, transistor0_.category as category2_5_0_, transistor0_.conductunce_type as conductu3_5_0_, transistor0_.description as descript4_5_0_, transistor0_.gain as gain5_5_0_, transistor0_.max_current as max_curr6_5_0_, transistor0_.max_current_unit as max_curr7_5_0_, transistor0_.name as name8_5_0_, transistor0_.photo as photo9_5_0_, transistor0_.price as price10_5_0_, transistor0_.producer as produce11_5_0_, transistor0_.quantity as quantit12_5_0_, transistor0_.package as package13_5_0_ from transistor transistor0_ where transistor0_.transistor_id=? for update
14:36:54.586 [main] TRACE org.hibernate.loader.plan.build.internal.AbstractLoadPlanBuildingAssociationVisitationStrategy -  Starting root entity : com.soft.entity.TransistorEntity
14:36:54.586 [main] DEBUG org.hibernate.loader.plan.build.internal.spaces.QuerySpacesImpl - Adding QuerySpace : uid = <gen:0> -> org.hibernate.loader.plan.build.internal.spaces.EntityQuerySpaceImpl@7bac686b]
14:36:54.586 [main] TRACE org.hibernate.loader.plan.build.internal.AbstractLoadPlanBuildingAssociationVisitationStrategy - Pushing fetch source to stack : org.hibernate.loader.plan.build.internal.returns.EntityReturnImpl@2ab26378
14:36:54.586 [main] TRACE org.hibernate.loader.plan.build.internal.AbstractLoadPlanBuildingAssociationVisitationStrategy - .. Registering AssociationKey : AssociationKey(table=transistor, columns={transistor_id}) -> org.hibernate.loader.plan.build.internal.returns.EntityReturnImpl@2ab26378
14:36:54.587 [main] TRACE org.hibernate.loader.plan.build.internal.AbstractLoadPlanBuildingAssociationVisitationStrategy - >> Starting entity identifier : com.soft.entity.TransistorEntity
14:36:54.591 [main] DEBUG org.hibernate.persister.walking.spi.MetamodelGraphWalker - Visiting attribute path : category
14:36:54.591 [main] TRACE org.hibernate.loader.plan.build.internal.AbstractLoadPlanBuildingAssociationVisitationStrategy - >> Starting attribute Attribute(name=category, type=integer [non-identifier])
14:36:54.591 [main] TRACE org.hibernate.loader.plan.build.internal.AbstractLoadPlanBuildingAssociationVisitationStrategy - << Finishing up attribute : Attribute(name=category, type=integer [non-identifier])
14:36:54.591 [main] DEBUG org.hibernate.persister.walking.spi.MetamodelGraphWalker - Visiting attribute path : conductanceType
14:36:54.591 [main] TRACE org.hibernate.loader.plan.build.internal.AbstractLoadPlanBuildingAssociationVisitationStrategy - >> Starting attribute Attribute(name=conductanceType, type=string [non-identifier])
14:36:54.591 [main] TRACE org.hibernate.loader.plan.build.internal.AbstractLoadPlanBuildingAssociationVisitationStrategy - << Finishing up attribute : Attribute(name=conductanceType, type=string [non-identifier])
14:36:54.591 [main] DEBUG org.hibernate.persister.walking.spi.MetamodelGraphWalker - Visiting attribute path : description
14:36:54.591 [main] TRACE org.hibernate.loader.plan.build.internal.AbstractLoadPlanBuildingAssociationVisitationStrategy - >> Starting attribute Attribute(name=description, type=string [non-identifier])
14:36:54.591 [main] TRACE org.hibernate.loader.plan.build.internal.AbstractLoadPlanBuildingAssociationVisitationStrategy - << Finishing up attribute : Attribute(name=description, type=string [non-identifier])
14:36:54.591 [main] DEBUG org.hibernate.persister.walking.spi.MetamodelGraphWalker - Visiting attribute path : gain
14:36:54.591 [main] TRACE org.hibernate.loader.plan.build.internal.AbstractLoadPlanBuildingAssociationVisitationStrategy - >> Starting attribute Attribute(name=gain, type=double [non-identifier])
14:36:54.591 [main] TRACE org.hibernate.loader.plan.build.internal.AbstractLoadPlanBuildingAssociationVisitationStrategy - << Finishing up attribute : Attribute(name=gain, type=double [non-identifier])
14:36:54.591 [main] DEBUG org.hibernate.persister.walking.spi.MetamodelGraphWalker - Visiting attribute path : maxCurrent
14:36:54.591 [main] TRACE org.hibernate.loader.plan.build.internal.AbstractLoadPlanBuildingAssociationVisitationStrategy - >> Starting attribute Attribute(name=maxCurrent, type=double [non-identifier])
14:36:54.591 [main] TRACE org.hibernate.loader.plan.build.internal.AbstractLoadPlanBuildingAssociationVisitationStrategy - << Finishing up attribute : Attribute(name=maxCurrent, type=double [non-identifier])
14:36:54.591 [main] DEBUG org.hibernate.persister.walking.spi.MetamodelGraphWalker - Visiting attribute path : maxCurrentUnit
14:36:54.591 [main] TRACE org.hibernate.loader.plan.build.internal.AbstractLoadPlanBuildingAssociationVisitationStrategy - >> Starting attribute Attribute(name=maxCurrentUnit, type=integer [non-identifier])
14:36:54.591 [main] TRACE org.hibernate.loader.plan.build.internal.AbstractLoadPlanBuildingAssociationVisitationStrategy - << Finishing up attribute : Attribute(name=maxCurrentUnit, type=integer [non-identifier])
14:36:54.591 [main] DEBUG org.hibernate.persister.walking.spi.MetamodelGraphWalker - Visiting attribute path : name
14:36:54.591 [main] TRACE org.hibernate.loader.plan.build.internal.AbstractLoadPlanBuildingAssociationVisitationStrategy - >> Starting attribute Attribute(name=name, type=string [non-identifier])
14:36:54.591 [main] TRACE org.hibernate.loader.plan.build.internal.AbstractLoadPlanBuildingAssociationVisitationStrategy - << Finishing up attribute : Attribute(name=name, type=string [non-identifier])
14:36:54.591 [main] DEBUG org.hibernate.persister.walking.spi.MetamodelGraphWalker - Visiting attribute path : photo
14:36:54.591 [main] TRACE org.hibernate.loader.plan.build.internal.AbstractLoadPlanBuildingAssociationVisitationStrategy - >> Starting attribute Attribute(name=photo, type=binary [non-identifier])
14:36:54.591 [main] TRACE org.hibernate.loader.plan.build.internal.AbstractLoadPlanBuildingAssociationVisitationStrategy - << Finishing up attribute : Attribute(name=photo, type=binary [non-identifier])
14:36:54.591 [main] DEBUG org.hibernate.persister.walking.spi.MetamodelGraphWalker - Visiting attribute path : price
14:36:54.592 [main] TRACE org.hibernate.loader.plan.build.internal.AbstractLoadPlanBuildingAssociationVisitationStrategy - >> Starting attribute Attribute(name=price, type=double [non-identifier])
14:36:54.592 [main] TRACE org.hibernate.loader.plan.build.internal.AbstractLoadPlanBuildingAssociationVisitationStrategy - << Finishing up attribute : Attribute(name=price, type=double [non-identifier])
14:36:54.592 [main] DEBUG org.hibernate.persister.walking.spi.MetamodelGraphWalker - Visiting attribute path : producer
14:36:54.592 [main] TRACE org.hibernate.loader.plan.build.internal.AbstractLoadPlanBuildingAssociationVisitationStrategy - >> Starting attribute Attribute(name=producer, type=integer [non-identifier])
14:36:54.592 [main] TRACE org.hibernate.loader.plan.build.internal.AbstractLoadPlanBuildingAssociationVisitationStrategy - << Finishing up attribute : Attribute(name=producer, type=integer [non-identifier])
14:36:54.592 [main] DEBUG org.hibernate.persister.walking.spi.MetamodelGraphWalker - Visiting attribute path : quantity
14:36:54.592 [main] TRACE org.hibernate.loader.plan.build.internal.AbstractLoadPlanBuildingAssociationVisitationStrategy - >> Starting attribute Attribute(name=quantity, type=integer [non-identifier])
14:36:54.592 [main] TRACE org.hibernate.loader.plan.build.internal.AbstractLoadPlanBuildingAssociationVisitationStrategy - << Finishing up attribute : Attribute(name=quantity, type=integer [non-identifier])
14:36:54.592 [main] DEBUG org.hibernate.persister.walking.spi.MetamodelGraphWalker - Visiting attribute path : tPackage
14:36:54.592 [main] TRACE org.hibernate.loader.plan.build.internal.AbstractLoadPlanBuildingAssociationVisitationStrategy - >> Starting attribute Attribute(name=tPackage, type=integer [non-identifier])
14:36:54.592 [main] TRACE org.hibernate.loader.plan.build.internal.AbstractLoadPlanBuildingAssociationVisitationStrategy - << Finishing up attribute : Attribute(name=tPackage, type=integer [non-identifier])
14:36:54.592 [main] TRACE org.hibernate.loader.plan.build.internal.AbstractLoadPlanBuildingAssociationVisitationStrategy - Popped fetch owner from stack : org.hibernate.loader.plan.build.internal.returns.EntityReturnImpl@2ab26378
14:36:54.592 [main] TRACE org.hibernate.loader.plan.build.internal.AbstractLoadPlanBuildingAssociationVisitationStrategy -  Finished root entity : com.soft.entity.TransistorEntity
14:36:54.592 [main] DEBUG org.hibernate.loader.plan.build.internal.FetchStyleLoadPlanBuildingAssociationVisitationStrategy - Building LoadPlan...
14:36:54.592 [main] DEBUG org.hibernate.loader.plan.exec.internal.LoadQueryJoinAndFetchProcessor - processing queryspace <gen:0>
14:36:54.592 [main] DEBUG org.hibernate.loader.plan.build.spi.LoadPlanTreePrinter - LoadPlan(entity=com.soft.entity.TransistorEntity)
    - Returns
       - EntityReturnImpl(entity=com.soft.entity.TransistorEntity, querySpaceUid=<gen:0>, path=com.soft.entity.TransistorEntity)
    - QuerySpaces
       - EntityQuerySpaceImpl(uid=<gen:0>, entity=com.soft.entity.TransistorEntity)
          - SQL table alias mapping - transistor0_
          - alias suffix - 0_
          - suffixed key columns - {transist1_5_0_}

14:36:54.595 [main] DEBUG org.hibernate.loader.entity.plan.EntityLoader - Static select for entity com.soft.entity.TransistorEntity [UPGRADE_NOWAIT]: select transistor0_.transistor_id as transist1_5_0_, transistor0_.category as category2_5_0_, transistor0_.conductunce_type as conductu3_5_0_, transistor0_.description as descript4_5_0_, transistor0_.gain as gain5_5_0_, transistor0_.max_current as max_curr6_5_0_, transistor0_.max_current_unit as max_curr7_5_0_, transistor0_.name as name8_5_0_, transistor0_.photo as photo9_5_0_, transistor0_.price as price10_5_0_, transistor0_.producer as produce11_5_0_, transistor0_.quantity as quantit12_5_0_, transistor0_.package as package13_5_0_ from transistor transistor0_ where transistor0_.transistor_id=? for update
14:36:54.595 [main] TRACE org.hibernate.loader.plan.build.internal.AbstractLoadPlanBuildingAssociationVisitationStrategy -  Starting root entity : com.soft.entity.TransistorEntity
14:36:54.595 [main] DEBUG org.hibernate.loader.plan.build.internal.spaces.QuerySpacesImpl - Adding QuerySpace : uid = <gen:0> -> org.hibernate.loader.plan.build.internal.spaces.EntityQuerySpaceImpl@f9f3928]
14:36:54.595 [main] TRACE org.hibernate.loader.plan.build.internal.AbstractLoadPlanBuildingAssociationVisitationStrategy - Pushing fetch source to stack : org.hibernate.loader.plan.build.internal.returns.EntityReturnImpl@404eca05
14:36:54.595 [main] TRACE org.hibernate.loader.plan.build.internal.AbstractLoadPlanBuildingAssociationVisitationStrategy - .. Registering AssociationKey : AssociationKey(table=transistor, columns={transistor_id}) -> org.hibernate.loader.plan.build.internal.returns.EntityReturnImpl@404eca05
14:36:54.595 [main] TRACE org.hibernate.loader.plan.build.internal.AbstractLoadPlanBuildingAssociationVisitationStrategy - >> Starting entity identifier : com.soft.entity.TransistorEntity
14:36:54.595 [main] DEBUG org.hibernate.persister.walking.spi.MetamodelGraphWalker - Visiting attribute path : category
14:36:54.595 [main] TRACE org.hibernate.loader.plan.build.internal.AbstractLoadPlanBuildingAssociationVisitationStrategy - >> Starting attribute Attribute(name=category, type=integer [non-identifier])
14:36:54.595 [main] TRACE org.hibernate.loader.plan.build.internal.AbstractLoadPlanBuildingAssociationVisitationStrategy - << Finishing up attribute : Attribute(name=category, type=integer [non-identifier])
14:36:54.595 [main] DEBUG org.hibernate.persister.walking.spi.MetamodelGraphWalker - Visiting attribute path : conductanceType
14:36:54.595 [main] TRACE org.hibernate.loader.plan.build.internal.AbstractLoadPlanBuildingAssociationVisitationStrategy - >> Starting attribute Attribute(name=conductanceType, type=string [non-identifier])
14:36:54.595 [main] TRACE org.hibernate.loader.plan.build.internal.AbstractLoadPlanBuildingAssociationVisitationStrategy - << Finishing up attribute : Attribute(name=conductanceType, type=string [non-identifier])
14:36:54.595 [main] DEBUG org.hibernate.persister.walking.spi.MetamodelGraphWalker - Visiting attribute path : description
14:36:54.595 [main] TRACE org.hibernate.loader.plan.build.internal.AbstractLoadPlanBuildingAssociationVisitationStrategy - >> Starting attribute Attribute(name=description, type=string [non-identifier])
14:36:54.595 [main] TRACE org.hibernate.loader.plan.build.internal.AbstractLoadPlanBuildingAssociationVisitationStrategy - << Finishing up attribute : Attribute(name=description, type=string [non-identifier])
14:36:54.595 [main] DEBUG org.hibernate.persister.walking.spi.MetamodelGraphWalker - Visiting attribute path : gain
14:36:54.595 [main] TRACE org.hibernate.loader.plan.build.internal.AbstractLoadPlanBuildingAssociationVisitationStrategy - >> Starting attribute Attribute(name=gain, type=double [non-identifier])
14:36:54.595 [main] TRACE org.hibernate.loader.plan.build.internal.AbstractLoadPlanBuildingAssociationVisitationStrategy - << Finishing up attribute : Attribute(name=gain, type=double [non-identifier])
14:36:54.595 [main] DEBUG org.hibernate.persister.walking.spi.MetamodelGraphWalker - Visiting attribute path : maxCurrent
14:36:54.595 [main] TRACE org.hibernate.loader.plan.build.internal.AbstractLoadPlanBuildingAssociationVisitationStrategy - >> Starting attribute Attribute(name=maxCurrent, type=double [non-identifier])
14:36:54.595 [main] TRACE org.hibernate.loader.plan.build.internal.AbstractLoadPlanBuildingAssociationVisitationStrategy - << Finishing up attribute : Attribute(name=maxCurrent, type=double [non-identifier])
14:36:54.596 [main] DEBUG org.hibernate.persister.walking.spi.MetamodelGraphWalker - Visiting attribute path : maxCurrentUnit
14:36:54.596 [main] TRACE org.hibernate.loader.plan.build.internal.AbstractLoadPlanBuildingAssociationVisitationStrategy - >> Starting attribute Attribute(name=maxCurrentUnit, type=integer [non-identifier])
14:36:54.596 [main] TRACE org.hibernate.loader.plan.build.internal.AbstractLoadPlanBuildingAssociationVisitationStrategy - << Finishing up attribute : Attribute(name=maxCurrentUnit, type=integer [non-identifier])
14:36:54.596 [main] DEBUG org.hibernate.persister.walking.spi.MetamodelGraphWalker - Visiting attribute path : name
14:36:54.596 [main] TRACE org.hibernate.loader.plan.build.internal.AbstractLoadPlanBuildingAssociationVisitationStrategy - >> Starting attribute Attribute(name=name, type=string [non-identifier])
14:36:54.596 [main] TRACE org.hibernate.loader.plan.build.internal.AbstractLoadPlanBuildingAssociationVisitationStrategy - << Finishing up attribute : Attribute(name=name, type=string [non-identifier])
14:36:54.596 [main] DEBUG org.hibernate.persister.walking.spi.MetamodelGraphWalker - Visiting attribute path : photo
14:36:54.596 [main] TRACE org.hibernate.loader.plan.build.internal.AbstractLoadPlanBuildingAssociationVisitationStrategy - >> Starting attribute Attribute(name=photo, type=binary [non-identifier])
14:36:54.596 [main] TRACE org.hibernate.loader.plan.build.internal.AbstractLoadPlanBuildingAssociationVisitationStrategy - << Finishing up attribute : Attribute(name=photo, type=binary [non-identifier])
14:36:54.596 [main] DEBUG org.hibernate.persister.walking.spi.MetamodelGraphWalker - Visiting attribute path : price
14:36:54.596 [main] TRACE org.hibernate.loader.plan.build.internal.AbstractLoadPlanBuildingAssociationVisitationStrategy - >> Starting attribute Attribute(name=price, type=double [non-identifier])
14:36:54.596 [main] TRACE org.hibernate.loader.plan.build.internal.AbstractLoadPlanBuildingAssociationVisitationStrategy - << Finishing up attribute : Attribute(name=price, type=double [non-identifier])
14:36:54.596 [main] DEBUG org.hibernate.persister.walking.spi.MetamodelGraphWalker - Visiting attribute path : producer
14:36:54.596 [main] TRACE org.hibernate.loader.plan.build.internal.AbstractLoadPlanBuildingAssociationVisitationStrategy - >> Starting attribute Attribute(name=producer, type=integer [non-identifier])
14:36:54.596 [main] TRACE org.hibernate.loader.plan.build.internal.AbstractLoadPlanBuildingAssociationVisitationStrategy - << Finishing up attribute : Attribute(name=producer, type=integer [non-identifier])
14:36:54.596 [main] DEBUG org.hibernate.persister.walking.spi.MetamodelGraphWalker - Visiting attribute path : quantity
14:36:54.596 [main] TRACE org.hibernate.loader.plan.build.internal.AbstractLoadPlanBuildingAssociationVisitationStrategy - >> Starting attribute Attribute(name=quantity, type=integer [non-identifier])
14:36:54.596 [main] TRACE org.hibernate.loader.plan.build.internal.AbstractLoadPlanBuildingAssociationVisitationStrategy - << Finishing up attribute : Attribute(name=quantity, type=integer [non-identifier])
14:36:54.596 [main] DEBUG org.hibernate.persister.walking.spi.MetamodelGraphWalker - Visiting attribute path : tPackage
14:36:54.596 [main] TRACE org.hibernate.loader.plan.build.internal.AbstractLoadPlanBuildingAssociationVisitationStrategy - >> Starting attribute Attribute(name=tPackage, type=integer [non-identifier])
14:36:54.596 [main] TRACE org.hibernate.loader.plan.build.internal.AbstractLoadPlanBuildingAssociationVisitationStrategy - << Finishing up attribute : Attribute(name=tPackage, type=integer [non-identifier])
14:36:54.596 [main] TRACE org.hibernate.loader.plan.build.internal.AbstractLoadPlanBuildingAssociationVisitationStrategy - Popped fetch owner from stack : org.hibernate.loader.plan.build.internal.returns.EntityReturnImpl@404eca05
14:36:54.596 [main] TRACE org.hibernate.loader.plan.build.internal.AbstractLoadPlanBuildingAssociationVisitationStrategy -  Finished root entity : com.soft.entity.TransistorEntity
14:36:54.596 [main] DEBUG org.hibernate.loader.plan.build.internal.FetchStyleLoadPlanBuildingAssociationVisitationStrategy - Building LoadPlan...
14:36:54.597 [main] DEBUG org.hibernate.loader.plan.exec.internal.LoadQueryJoinAndFetchProcessor - processing queryspace <gen:0>
14:36:54.597 [main] DEBUG org.hibernate.loader.plan.build.spi.LoadPlanTreePrinter - LoadPlan(entity=com.soft.entity.TransistorEntity)
    - Returns
       - EntityReturnImpl(entity=com.soft.entity.TransistorEntity, querySpaceUid=<gen:0>, path=com.soft.entity.TransistorEntity)
    - QuerySpaces
       - EntityQuerySpaceImpl(uid=<gen:0>, entity=com.soft.entity.TransistorEntity)
          - SQL table alias mapping - transistor0_
          - alias suffix - 0_
          - suffixed key columns - {transist1_5_0_}

14:36:54.597 [main] DEBUG org.hibernate.loader.entity.plan.EntityLoader - Static select for entity com.soft.entity.TransistorEntity [UPGRADE_SKIPLOCKED]: select transistor0_.transistor_id as transist1_5_0_, transistor0_.category as category2_5_0_, transistor0_.conductunce_type as conductu3_5_0_, transistor0_.description as descript4_5_0_, transistor0_.gain as gain5_5_0_, transistor0_.max_current as max_curr6_5_0_, transistor0_.max_current_unit as max_curr7_5_0_, transistor0_.name as name8_5_0_, transistor0_.photo as photo9_5_0_, transistor0_.price as price10_5_0_, transistor0_.producer as produce11_5_0_, transistor0_.quantity as quantit12_5_0_, transistor0_.package as package13_5_0_ from transistor transistor0_ where transistor0_.transistor_id=? for update
14:36:54.597 [main] TRACE org.hibernate.loader.plan.build.internal.AbstractLoadPlanBuildingAssociationVisitationStrategy -  Starting root entity : com.soft.entity.TransistorEntity
14:36:54.597 [main] DEBUG org.hibernate.loader.plan.build.internal.spaces.QuerySpacesImpl - Adding QuerySpace : uid = <gen:0> -> org.hibernate.loader.plan.build.internal.spaces.EntityQuerySpaceImpl@58b91d57]
14:36:54.597 [main] TRACE org.hibernate.loader.plan.build.internal.AbstractLoadPlanBuildingAssociationVisitationStrategy - Pushing fetch source to stack : org.hibernate.loader.plan.build.internal.returns.EntityReturnImpl@61a91c9b
14:36:54.597 [main] TRACE org.hibernate.loader.plan.build.internal.AbstractLoadPlanBuildingAssociationVisitationStrategy - .. Registering AssociationKey : AssociationKey(table=transistor, columns={transistor_id}) -> org.hibernate.loader.plan.build.internal.returns.EntityReturnImpl@61a91c9b
14:36:54.597 [main] TRACE org.hibernate.loader.plan.build.internal.AbstractLoadPlanBuildingAssociationVisitationStrategy - >> Starting entity identifier : com.soft.entity.TransistorEntity
14:36:54.600 [main] DEBUG org.hibernate.persister.walking.spi.MetamodelGraphWalker - Visiting attribute path : category
14:36:54.600 [main] TRACE org.hibernate.loader.plan.build.internal.AbstractLoadPlanBuildingAssociationVisitationStrategy - >> Starting attribute Attribute(name=category, type=integer [non-identifier])
14:36:54.600 [main] TRACE org.hibernate.loader.plan.build.internal.AbstractLoadPlanBuildingAssociationVisitationStrategy - << Finishing up attribute : Attribute(name=category, type=integer [non-identifier])
14:36:54.600 [main] DEBUG org.hibernate.persister.walking.spi.MetamodelGraphWalker - Visiting attribute path : conductanceType
14:36:54.600 [main] TRACE org.hibernate.loader.plan.build.internal.AbstractLoadPlanBuildingAssociationVisitationStrategy - >> Starting attribute Attribute(name=conductanceType, type=string [non-identifier])
14:36:54.600 [main] TRACE org.hibernate.loader.plan.build.internal.AbstractLoadPlanBuildingAssociationVisitationStrategy - << Finishing up attribute : Attribute(name=conductanceType, type=string [non-identifier])
14:36:54.600 [main] DEBUG org.hibernate.persister.walking.spi.MetamodelGraphWalker - Visiting attribute path : description
14:36:54.600 [main] TRACE org.hibernate.loader.plan.build.internal.AbstractLoadPlanBuildingAssociationVisitationStrategy - >> Starting attribute Attribute(name=description, type=string [non-identifier])
14:36:54.600 [main] TRACE org.hibernate.loader.plan.build.internal.AbstractLoadPlanBuildingAssociationVisitationStrategy - << Finishing up attribute : Attribute(name=description, type=string [non-identifier])
14:36:54.600 [main] DEBUG org.hibernate.persister.walking.spi.MetamodelGraphWalker - Visiting attribute path : gain
14:36:54.600 [main] TRACE org.hibernate.loader.plan.build.internal.AbstractLoadPlanBuildingAssociationVisitationStrategy - >> Starting attribute Attribute(name=gain, type=double [non-identifier])
14:36:54.600 [main] TRACE org.hibernate.loader.plan.build.internal.AbstractLoadPlanBuildingAssociationVisitationStrategy - << Finishing up attribute : Attribute(name=gain, type=double [non-identifier])
14:36:54.600 [main] DEBUG org.hibernate.persister.walking.spi.MetamodelGraphWalker - Visiting attribute path : maxCurrent
14:36:54.600 [main] TRACE org.hibernate.loader.plan.build.internal.AbstractLoadPlanBuildingAssociationVisitationStrategy - >> Starting attribute Attribute(name=maxCurrent, type=double [non-identifier])
14:36:54.600 [main] TRACE org.hibernate.loader.plan.build.internal.AbstractLoadPlanBuildingAssociationVisitationStrategy - << Finishing up attribute : Attribute(name=maxCurrent, type=double [non-identifier])
14:36:54.600 [main] DEBUG org.hibernate.persister.walking.spi.MetamodelGraphWalker - Visiting attribute path : maxCurrentUnit
14:36:54.601 [main] TRACE org.hibernate.loader.plan.build.internal.AbstractLoadPlanBuildingAssociationVisitationStrategy - >> Starting attribute Attribute(name=maxCurrentUnit, type=integer [non-identifier])
14:36:54.601 [main] TRACE org.hibernate.loader.plan.build.internal.AbstractLoadPlanBuildingAssociationVisitationStrategy - << Finishing up attribute : Attribute(name=maxCurrentUnit, type=integer [non-identifier])
14:36:54.601 [main] DEBUG org.hibernate.persister.walking.spi.MetamodelGraphWalker - Visiting attribute path : name
14:36:54.601 [main] TRACE org.hibernate.loader.plan.build.internal.AbstractLoadPlanBuildingAssociationVisitationStrategy - >> Starting attribute Attribute(name=name, type=string [non-identifier])
14:36:54.601 [main] TRACE org.hibernate.loader.plan.build.internal.AbstractLoadPlanBuildingAssociationVisitationStrategy - << Finishing up attribute : Attribute(name=name, type=string [non-identifier])
14:36:54.601 [main] DEBUG org.hibernate.persister.walking.spi.MetamodelGraphWalker - Visiting attribute path : photo
14:36:54.601 [main] TRACE org.hibernate.loader.plan.build.internal.AbstractLoadPlanBuildingAssociationVisitationStrategy - >> Starting attribute Attribute(name=photo, type=binary [non-identifier])
14:36:54.601 [main] TRACE org.hibernate.loader.plan.build.internal.AbstractLoadPlanBuildingAssociationVisitationStrategy - << Finishing up attribute : Attribute(name=photo, type=binary [non-identifier])
14:36:54.601 [main] DEBUG org.hibernate.persister.walking.spi.MetamodelGraphWalker - Visiting attribute path : price
14:36:54.601 [main] TRACE org.hibernate.loader.plan.build.internal.AbstractLoadPlanBuildingAssociationVisitationStrategy - >> Starting attribute Attribute(name=price, type=double [non-identifier])
14:36:54.601 [main] TRACE org.hibernate.loader.plan.build.internal.AbstractLoadPlanBuildingAssociationVisitationStrategy - << Finishing up attribute : Attribute(name=price, type=double [non-identifier])
14:36:54.601 [main] DEBUG org.hibernate.persister.walking.spi.MetamodelGraphWalker - Visiting attribute path : producer
14:36:54.601 [main] TRACE org.hibernate.loader.plan.build.internal.AbstractLoadPlanBuildingAssociationVisitationStrategy - >> Starting attribute Attribute(name=producer, type=integer [non-identifier])
14:36:54.601 [main] TRACE org.hibernate.loader.plan.build.internal.AbstractLoadPlanBuildingAssociationVisitationStrategy - << Finishing up attribute : Attribute(name=producer, type=integer [non-identifier])
14:36:54.601 [main] DEBUG org.hibernate.persister.walking.spi.MetamodelGraphWalker - Visiting attribute path : quantity
14:36:54.601 [main] TRACE org.hibernate.loader.plan.build.internal.AbstractLoadPlanBuildingAssociationVisitationStrategy - >> Starting attribute Attribute(name=quantity, type=integer [non-identifier])
14:36:54.601 [main] TRACE org.hibernate.loader.plan.build.internal.AbstractLoadPlanBuildingAssociationVisitationStrategy - << Finishing up attribute : Attribute(name=quantity, type=integer [non-identifier])
14:36:54.601 [main] DEBUG org.hibernate.persister.walking.spi.MetamodelGraphWalker - Visiting attribute path : tPackage
14:36:54.601 [main] TRACE org.hibernate.loader.plan.build.internal.AbstractLoadPlanBuildingAssociationVisitationStrategy - >> Starting attribute Attribute(name=tPackage, type=integer [non-identifier])
14:36:54.601 [main] TRACE org.hibernate.loader.plan.build.internal.AbstractLoadPlanBuildingAssociationVisitationStrategy - << Finishing up attribute : Attribute(name=tPackage, type=integer [non-identifier])
14:36:54.601 [main] TRACE org.hibernate.loader.plan.build.internal.AbstractLoadPlanBuildingAssociationVisitationStrategy - Popped fetch owner from stack : org.hibernate.loader.plan.build.internal.returns.EntityReturnImpl@61a91c9b
14:36:54.601 [main] TRACE org.hibernate.loader.plan.build.internal.AbstractLoadPlanBuildingAssociationVisitationStrategy -  Finished root entity : com.soft.entity.TransistorEntity
14:36:54.601 [main] DEBUG org.hibernate.loader.plan.build.internal.FetchStyleLoadPlanBuildingAssociationVisitationStrategy - Building LoadPlan...
14:36:54.601 [main] DEBUG org.hibernate.loader.plan.exec.internal.LoadQueryJoinAndFetchProcessor - processing queryspace <gen:0>
14:36:54.601 [main] DEBUG org.hibernate.loader.plan.build.spi.LoadPlanTreePrinter - LoadPlan(entity=com.soft.entity.TransistorEntity)
    - Returns
       - EntityReturnImpl(entity=com.soft.entity.TransistorEntity, querySpaceUid=<gen:0>, path=com.soft.entity.TransistorEntity)
    - QuerySpaces
       - EntityQuerySpaceImpl(uid=<gen:0>, entity=com.soft.entity.TransistorEntity)
          - SQL table alias mapping - transistor0_
          - alias suffix - 0_
          - suffixed key columns - {transist1_5_0_}

14:36:54.602 [main] DEBUG org.hibernate.loader.entity.plan.EntityLoader - Static select for entity com.soft.entity.TransistorEntity [FORCE]: select transistor0_.transistor_id as transist1_5_0_, transistor0_.category as category2_5_0_, transistor0_.conductunce_type as conductu3_5_0_, transistor0_.description as descript4_5_0_, transistor0_.gain as gain5_5_0_, transistor0_.max_current as max_curr6_5_0_, transistor0_.max_current_unit as max_curr7_5_0_, transistor0_.name as name8_5_0_, transistor0_.photo as photo9_5_0_, transistor0_.price as price10_5_0_, transistor0_.producer as produce11_5_0_, transistor0_.quantity as quantit12_5_0_, transistor0_.package as package13_5_0_ from transistor transistor0_ where transistor0_.transistor_id=? for update
14:36:54.602 [main] TRACE org.hibernate.loader.plan.build.internal.AbstractLoadPlanBuildingAssociationVisitationStrategy -  Starting root entity : com.soft.entity.TransistorEntity
14:36:54.602 [main] DEBUG org.hibernate.loader.plan.build.internal.spaces.QuerySpacesImpl - Adding QuerySpace : uid = <gen:0> -> org.hibernate.loader.plan.build.internal.spaces.EntityQuerySpaceImpl@17092fff]
14:36:54.602 [main] TRACE org.hibernate.loader.plan.build.internal.AbstractLoadPlanBuildingAssociationVisitationStrategy - Pushing fetch source to stack : org.hibernate.loader.plan.build.internal.returns.EntityReturnImpl@2121d1f9
14:36:54.602 [main] TRACE org.hibernate.loader.plan.build.internal.AbstractLoadPlanBuildingAssociationVisitationStrategy - .. Registering AssociationKey : AssociationKey(table=transistor, columns={transistor_id}) -> org.hibernate.loader.plan.build.internal.returns.EntityReturnImpl@2121d1f9
14:36:54.602 [main] TRACE org.hibernate.loader.plan.build.internal.AbstractLoadPlanBuildingAssociationVisitationStrategy - >> Starting entity identifier : com.soft.entity.TransistorEntity
14:36:54.602 [main] DEBUG org.hibernate.persister.walking.spi.MetamodelGraphWalker - Visiting attribute path : category
14:36:54.602 [main] TRACE org.hibernate.loader.plan.build.internal.AbstractLoadPlanBuildingAssociationVisitationStrategy - >> Starting attribute Attribute(name=category, type=integer [non-identifier])
14:36:54.602 [main] TRACE org.hibernate.loader.plan.build.internal.AbstractLoadPlanBuildingAssociationVisitationStrategy - << Finishing up attribute : Attribute(name=category, type=integer [non-identifier])
14:36:54.602 [main] DEBUG org.hibernate.persister.walking.spi.MetamodelGraphWalker - Visiting attribute path : conductanceType
14:36:54.602 [main] TRACE org.hibernate.loader.plan.build.internal.AbstractLoadPlanBuildingAssociationVisitationStrategy - >> Starting attribute Attribute(name=conductanceType, type=string [non-identifier])
14:36:54.602 [main] TRACE org.hibernate.loader.plan.build.internal.AbstractLoadPlanBuildingAssociationVisitationStrategy - << Finishing up attribute : Attribute(name=conductanceType, type=string [non-identifier])
14:36:54.602 [main] DEBUG org.hibernate.persister.walking.spi.MetamodelGraphWalker - Visiting attribute path : description
14:36:54.602 [main] TRACE org.hibernate.loader.plan.build.internal.AbstractLoadPlanBuildingAssociationVisitationStrategy - >> Starting attribute Attribute(name=description, type=string [non-identifier])
14:36:54.602 [main] TRACE org.hibernate.loader.plan.build.internal.AbstractLoadPlanBuildingAssociationVisitationStrategy - << Finishing up attribute : Attribute(name=description, type=string [non-identifier])
14:36:54.602 [main] DEBUG org.hibernate.persister.walking.spi.MetamodelGraphWalker - Visiting attribute path : gain
14:36:54.602 [main] TRACE org.hibernate.loader.plan.build.internal.AbstractLoadPlanBuildingAssociationVisitationStrategy - >> Starting attribute Attribute(name=gain, type=double [non-identifier])
14:36:54.602 [main] TRACE org.hibernate.loader.plan.build.internal.AbstractLoadPlanBuildingAssociationVisitationStrategy - << Finishing up attribute : Attribute(name=gain, type=double [non-identifier])
14:36:54.602 [main] DEBUG org.hibernate.persister.walking.spi.MetamodelGraphWalker - Visiting attribute path : maxCurrent
14:36:54.602 [main] TRACE org.hibernate.loader.plan.build.internal.AbstractLoadPlanBuildingAssociationVisitationStrategy - >> Starting attribute Attribute(name=maxCurrent, type=double [non-identifier])
14:36:54.602 [main] TRACE org.hibernate.loader.plan.build.internal.AbstractLoadPlanBuildingAssociationVisitationStrategy - << Finishing up attribute : Attribute(name=maxCurrent, type=double [non-identifier])
14:36:54.602 [main] DEBUG org.hibernate.persister.walking.spi.MetamodelGraphWalker - Visiting attribute path : maxCurrentUnit
14:36:54.602 [main] TRACE org.hibernate.loader.plan.build.internal.AbstractLoadPlanBuildingAssociationVisitationStrategy - >> Starting attribute Attribute(name=maxCurrentUnit, type=integer [non-identifier])
14:36:54.602 [main] TRACE org.hibernate.loader.plan.build.internal.AbstractLoadPlanBuildingAssociationVisitationStrategy - << Finishing up attribute : Attribute(name=maxCurrentUnit, type=integer [non-identifier])
14:36:54.602 [main] DEBUG org.hibernate.persister.walking.spi.MetamodelGraphWalker - Visiting attribute path : name
14:36:54.602 [main] TRACE org.hibernate.loader.plan.build.internal.AbstractLoadPlanBuildingAssociationVisitationStrategy - >> Starting attribute Attribute(name=name, type=string [non-identifier])
14:36:54.602 [main] TRACE org.hibernate.loader.plan.build.internal.AbstractLoadPlanBuildingAssociationVisitationStrategy - << Finishing up attribute : Attribute(name=name, type=string [non-identifier])
14:36:54.602 [main] DEBUG org.hibernate.persister.walking.spi.MetamodelGraphWalker - Visiting attribute path : photo
14:36:54.602 [main] TRACE org.hibernate.loader.plan.build.internal.AbstractLoadPlanBuildingAssociationVisitationStrategy - >> Starting attribute Attribute(name=photo, type=binary [non-identifier])
14:36:54.602 [main] TRACE org.hibernate.loader.plan.build.internal.AbstractLoadPlanBuildingAssociationVisitationStrategy - << Finishing up attribute : Attribute(name=photo, type=binary [non-identifier])
14:36:54.602 [main] DEBUG org.hibernate.persister.walking.spi.MetamodelGraphWalker - Visiting attribute path : price
14:36:54.602 [main] TRACE org.hibernate.loader.plan.build.internal.AbstractLoadPlanBuildingAssociationVisitationStrategy - >> Starting attribute Attribute(name=price, type=double [non-identifier])
14:36:54.602 [main] TRACE org.hibernate.loader.plan.build.internal.AbstractLoadPlanBuildingAssociationVisitationStrategy - << Finishing up attribute : Attribute(name=price, type=double [non-identifier])
14:36:54.602 [main] DEBUG org.hibernate.persister.walking.spi.MetamodelGraphWalker - Visiting attribute path : producer
14:36:54.602 [main] TRACE org.hibernate.loader.plan.build.internal.AbstractLoadPlanBuildingAssociationVisitationStrategy - >> Starting attribute Attribute(name=producer, type=integer [non-identifier])
14:36:54.602 [main] TRACE org.hibernate.loader.plan.build.internal.AbstractLoadPlanBuildingAssociationVisitationStrategy - << Finishing up attribute : Attribute(name=producer, type=integer [non-identifier])
14:36:54.602 [main] DEBUG org.hibernate.persister.walking.spi.MetamodelGraphWalker - Visiting attribute path : quantity
14:36:54.602 [main] TRACE org.hibernate.loader.plan.build.internal.AbstractLoadPlanBuildingAssociationVisitationStrategy - >> Starting attribute Attribute(name=quantity, type=integer [non-identifier])
14:36:54.602 [main] TRACE org.hibernate.loader.plan.build.internal.AbstractLoadPlanBuildingAssociationVisitationStrategy - << Finishing up attribute : Attribute(name=quantity, type=integer [non-identifier])
14:36:54.602 [main] DEBUG org.hibernate.persister.walking.spi.MetamodelGraphWalker - Visiting attribute path : tPackage
14:36:54.602 [main] TRACE org.hibernate.loader.plan.build.internal.AbstractLoadPlanBuildingAssociationVisitationStrategy - >> Starting attribute Attribute(name=tPackage, type=integer [non-identifier])
14:36:54.602 [main] TRACE org.hibernate.loader.plan.build.internal.AbstractLoadPlanBuildingAssociationVisitationStrategy - << Finishing up attribute : Attribute(name=tPackage, type=integer [non-identifier])
14:36:54.602 [main] TRACE org.hibernate.loader.plan.build.internal.AbstractLoadPlanBuildingAssociationVisitationStrategy - Popped fetch owner from stack : org.hibernate.loader.plan.build.internal.returns.EntityReturnImpl@2121d1f9
14:36:54.602 [main] TRACE org.hibernate.loader.plan.build.internal.AbstractLoadPlanBuildingAssociationVisitationStrategy -  Finished root entity : com.soft.entity.TransistorEntity
14:36:54.602 [main] DEBUG org.hibernate.loader.plan.build.internal.FetchStyleLoadPlanBuildingAssociationVisitationStrategy - Building LoadPlan...
14:36:54.603 [main] DEBUG org.hibernate.loader.plan.exec.internal.LoadQueryJoinAndFetchProcessor - processing queryspace <gen:0>
14:36:54.603 [main] DEBUG org.hibernate.loader.plan.build.spi.LoadPlanTreePrinter - LoadPlan(entity=com.soft.entity.TransistorEntity)
    - Returns
       - EntityReturnImpl(entity=com.soft.entity.TransistorEntity, querySpaceUid=<gen:0>, path=com.soft.entity.TransistorEntity)
    - QuerySpaces
       - EntityQuerySpaceImpl(uid=<gen:0>, entity=com.soft.entity.TransistorEntity)
          - SQL table alias mapping - transistor0_
          - alias suffix - 0_
          - suffixed key columns - {transist1_5_0_}

14:36:54.603 [main] DEBUG org.hibernate.loader.entity.plan.EntityLoader - Static select for entity com.soft.entity.TransistorEntity [PESSIMISTIC_READ]: select transistor0_.transistor_id as transist1_5_0_, transistor0_.category as category2_5_0_, transistor0_.conductunce_type as conductu3_5_0_, transistor0_.description as descript4_5_0_, transistor0_.gain as gain5_5_0_, transistor0_.max_current as max_curr6_5_0_, transistor0_.max_current_unit as max_curr7_5_0_, transistor0_.name as name8_5_0_, transistor0_.photo as photo9_5_0_, transistor0_.price as price10_5_0_, transistor0_.producer as produce11_5_0_, transistor0_.quantity as quantit12_5_0_, transistor0_.package as package13_5_0_ from transistor transistor0_ where transistor0_.transistor_id=? lock in share mode
14:36:54.603 [main] TRACE org.hibernate.loader.plan.build.internal.AbstractLoadPlanBuildingAssociationVisitationStrategy -  Starting root entity : com.soft.entity.TransistorEntity
14:36:54.603 [main] DEBUG org.hibernate.loader.plan.build.internal.spaces.QuerySpacesImpl - Adding QuerySpace : uid = <gen:0> -> org.hibernate.loader.plan.build.internal.spaces.EntityQuerySpaceImpl@31e2232f]
14:36:54.603 [main] TRACE org.hibernate.loader.plan.build.internal.AbstractLoadPlanBuildingAssociationVisitationStrategy - Pushing fetch source to stack : org.hibernate.loader.plan.build.internal.returns.EntityReturnImpl@1806bc4c
14:36:54.603 [main] TRACE org.hibernate.loader.plan.build.internal.AbstractLoadPlanBuildingAssociationVisitationStrategy - .. Registering AssociationKey : AssociationKey(table=transistor, columns={transistor_id}) -> org.hibernate.loader.plan.build.internal.returns.EntityReturnImpl@1806bc4c
14:36:54.603 [main] TRACE org.hibernate.loader.plan.build.internal.AbstractLoadPlanBuildingAssociationVisitationStrategy - >> Starting entity identifier : com.soft.entity.TransistorEntity
14:36:54.603 [main] DEBUG org.hibernate.persister.walking.spi.MetamodelGraphWalker - Visiting attribute path : category
14:36:54.603 [main] TRACE org.hibernate.loader.plan.build.internal.AbstractLoadPlanBuildingAssociationVisitationStrategy - >> Starting attribute Attribute(name=category, type=integer [non-identifier])
14:36:54.603 [main] TRACE org.hibernate.loader.plan.build.internal.AbstractLoadPlanBuildingAssociationVisitationStrategy - << Finishing up attribute : Attribute(name=category, type=integer [non-identifier])
14:36:54.603 [main] DEBUG org.hibernate.persister.walking.spi.MetamodelGraphWalker - Visiting attribute path : conductanceType
14:36:54.603 [main] TRACE org.hibernate.loader.plan.build.internal.AbstractLoadPlanBuildingAssociationVisitationStrategy - >> Starting attribute Attribute(name=conductanceType, type=string [non-identifier])
14:36:54.603 [main] TRACE org.hibernate.loader.plan.build.internal.AbstractLoadPlanBuildingAssociationVisitationStrategy - << Finishing up attribute : Attribute(name=conductanceType, type=string [non-identifier])
14:36:54.603 [main] DEBUG org.hibernate.persister.walking.spi.MetamodelGraphWalker - Visiting attribute path : description
14:36:54.603 [main] TRACE org.hibernate.loader.plan.build.internal.AbstractLoadPlanBuildingAssociationVisitationStrategy - >> Starting attribute Attribute(name=description, type=string [non-identifier])
14:36:54.603 [main] TRACE org.hibernate.loader.plan.build.internal.AbstractLoadPlanBuildingAssociationVisitationStrategy - << Finishing up attribute : Attribute(name=description, type=string [non-identifier])
14:36:54.603 [main] DEBUG org.hibernate.persister.walking.spi.MetamodelGraphWalker - Visiting attribute path : gain
14:36:54.603 [main] TRACE org.hibernate.loader.plan.build.internal.AbstractLoadPlanBuildingAssociationVisitationStrategy - >> Starting attribute Attribute(name=gain, type=double [non-identifier])
14:36:54.603 [main] TRACE org.hibernate.loader.plan.build.internal.AbstractLoadPlanBuildingAssociationVisitationStrategy - << Finishing up attribute : Attribute(name=gain, type=double [non-identifier])
14:36:54.603 [main] DEBUG org.hibernate.persister.walking.spi.MetamodelGraphWalker - Visiting attribute path : maxCurrent
14:36:54.603 [main] TRACE org.hibernate.loader.plan.build.internal.AbstractLoadPlanBuildingAssociationVisitationStrategy - >> Starting attribute Attribute(name=maxCurrent, type=double [non-identifier])
14:36:54.603 [main] TRACE org.hibernate.loader.plan.build.internal.AbstractLoadPlanBuildingAssociationVisitationStrategy - << Finishing up attribute : Attribute(name=maxCurrent, type=double [non-identifier])
14:36:54.603 [main] DEBUG org.hibernate.persister.walking.spi.MetamodelGraphWalker - Visiting attribute path : maxCurrentUnit
14:36:54.603 [main] TRACE org.hibernate.loader.plan.build.internal.AbstractLoadPlanBuildingAssociationVisitationStrategy - >> Starting attribute Attribute(name=maxCurrentUnit, type=integer [non-identifier])
14:36:54.604 [main] TRACE org.hibernate.loader.plan.build.internal.AbstractLoadPlanBuildingAssociationVisitationStrategy - << Finishing up attribute : Attribute(name=maxCurrentUnit, type=integer [non-identifier])
14:36:54.605 [main] DEBUG org.hibernate.persister.walking.spi.MetamodelGraphWalker - Visiting attribute path : name
14:36:54.605 [main] TRACE org.hibernate.loader.plan.build.internal.AbstractLoadPlanBuildingAssociationVisitationStrategy - >> Starting attribute Attribute(name=name, type=string [non-identifier])
14:36:54.605 [main] TRACE org.hibernate.loader.plan.build.internal.AbstractLoadPlanBuildingAssociationVisitationStrategy - << Finishing up attribute : Attribute(name=name, type=string [non-identifier])
14:36:54.605 [main] DEBUG org.hibernate.persister.walking.spi.MetamodelGraphWalker - Visiting attribute path : photo
14:36:54.605 [main] TRACE org.hibernate.loader.plan.build.internal.AbstractLoadPlanBuildingAssociationVisitationStrategy - >> Starting attribute Attribute(name=photo, type=binary [non-identifier])
14:36:54.605 [main] TRACE org.hibernate.loader.plan.build.internal.AbstractLoadPlanBuildingAssociationVisitationStrategy - << Finishing up attribute : Attribute(name=photo, type=binary [non-identifier])
14:36:54.605 [main] DEBUG org.hibernate.persister.walking.spi.MetamodelGraphWalker - Visiting attribute path : price
14:36:54.605 [main] TRACE org.hibernate.loader.plan.build.internal.AbstractLoadPlanBuildingAssociationVisitationStrategy - >> Starting attribute Attribute(name=price, type=double [non-identifier])
14:36:54.605 [main] TRACE org.hibernate.loader.plan.build.internal.AbstractLoadPlanBuildingAssociationVisitationStrategy - << Finishing up attribute : Attribute(name=price, type=double [non-identifier])
14:36:54.605 [main] DEBUG org.hibernate.persister.walking.spi.MetamodelGraphWalker - Visiting attribute path : producer
14:36:54.605 [main] TRACE org.hibernate.loader.plan.build.internal.AbstractLoadPlanBuildingAssociationVisitationStrategy - >> Starting attribute Attribute(name=producer, type=integer [non-identifier])
14:36:54.605 [main] TRACE org.hibernate.loader.plan.build.internal.AbstractLoadPlanBuildingAssociationVisitationStrategy - << Finishing up attribute : Attribute(name=producer, type=integer [non-identifier])
14:36:54.605 [main] DEBUG org.hibernate.persister.walking.spi.MetamodelGraphWalker - Visiting attribute path : quantity
14:36:54.605 [main] TRACE org.hibernate.loader.plan.build.internal.AbstractLoadPlanBuildingAssociationVisitationStrategy - >> Starting attribute Attribute(name=quantity, type=integer [non-identifier])
14:36:54.605 [main] TRACE org.hibernate.loader.plan.build.internal.AbstractLoadPlanBuildingAssociationVisitationStrategy - << Finishing up attribute : Attribute(name=quantity, type=integer [non-identifier])
14:36:54.605 [main] DEBUG org.hibernate.persister.walking.spi.MetamodelGraphWalker - Visiting attribute path : tPackage
14:36:54.605 [main] TRACE org.hibernate.loader.plan.build.internal.AbstractLoadPlanBuildingAssociationVisitationStrategy - >> Starting attribute Attribute(name=tPackage, type=integer [non-identifier])
14:36:54.605 [main] TRACE org.hibernate.loader.plan.build.internal.AbstractLoadPlanBuildingAssociationVisitationStrategy - << Finishing up attribute : Attribute(name=tPackage, type=integer [non-identifier])
14:36:54.605 [main] TRACE org.hibernate.loader.plan.build.internal.AbstractLoadPlanBuildingAssociationVisitationStrategy - Popped fetch owner from stack : org.hibernate.loader.plan.build.internal.returns.EntityReturnImpl@1806bc4c
14:36:54.605 [main] TRACE org.hibernate.loader.plan.build.internal.AbstractLoadPlanBuildingAssociationVisitationStrategy -  Finished root entity : com.soft.entity.TransistorEntity
14:36:54.605 [main] DEBUG org.hibernate.loader.plan.build.internal.FetchStyleLoadPlanBuildingAssociationVisitationStrategy - Building LoadPlan...
14:36:54.605 [main] DEBUG org.hibernate.loader.plan.exec.internal.LoadQueryJoinAndFetchProcessor - processing queryspace <gen:0>
14:36:54.606 [main] DEBUG org.hibernate.loader.plan.build.spi.LoadPlanTreePrinter - LoadPlan(entity=com.soft.entity.TransistorEntity)
    - Returns
       - EntityReturnImpl(entity=com.soft.entity.TransistorEntity, querySpaceUid=<gen:0>, path=com.soft.entity.TransistorEntity)
    - QuerySpaces
       - EntityQuerySpaceImpl(uid=<gen:0>, entity=com.soft.entity.TransistorEntity)
          - SQL table alias mapping - transistor0_
          - alias suffix - 0_
          - suffixed key columns - {transist1_5_0_}

14:36:54.606 [main] DEBUG org.hibernate.loader.entity.plan.EntityLoader - Static select for entity com.soft.entity.TransistorEntity [PESSIMISTIC_WRITE]: select transistor0_.transistor_id as transist1_5_0_, transistor0_.category as category2_5_0_, transistor0_.conductunce_type as conductu3_5_0_, transistor0_.description as descript4_5_0_, transistor0_.gain as gain5_5_0_, transistor0_.max_current as max_curr6_5_0_, transistor0_.max_current_unit as max_curr7_5_0_, transistor0_.name as name8_5_0_, transistor0_.photo as photo9_5_0_, transistor0_.price as price10_5_0_, transistor0_.producer as produce11_5_0_, transistor0_.quantity as quantit12_5_0_, transistor0_.package as package13_5_0_ from transistor transistor0_ where transistor0_.transistor_id=? for update
14:36:54.606 [main] TRACE org.hibernate.loader.plan.build.internal.AbstractLoadPlanBuildingAssociationVisitationStrategy -  Starting root entity : com.soft.entity.TransistorEntity
14:36:54.606 [main] DEBUG org.hibernate.loader.plan.build.internal.spaces.QuerySpacesImpl - Adding QuerySpace : uid = <gen:0> -> org.hibernate.loader.plan.build.internal.spaces.EntityQuerySpaceImpl@462e1e64]
14:36:54.606 [main] TRACE org.hibernate.loader.plan.build.internal.AbstractLoadPlanBuildingAssociationVisitationStrategy - Pushing fetch source to stack : org.hibernate.loader.plan.build.internal.returns.EntityReturnImpl@69afa141
14:36:54.606 [main] TRACE org.hibernate.loader.plan.build.internal.AbstractLoadPlanBuildingAssociationVisitationStrategy - .. Registering AssociationKey : AssociationKey(table=transistor, columns={transistor_id}) -> org.hibernate.loader.plan.build.internal.returns.EntityReturnImpl@69afa141
14:36:54.606 [main] TRACE org.hibernate.loader.plan.build.internal.AbstractLoadPlanBuildingAssociationVisitationStrategy - >> Starting entity identifier : com.soft.entity.TransistorEntity
14:36:54.606 [main] DEBUG org.hibernate.persister.walking.spi.MetamodelGraphWalker - Visiting attribute path : category
14:36:54.606 [main] TRACE org.hibernate.loader.plan.build.internal.AbstractLoadPlanBuildingAssociationVisitationStrategy - >> Starting attribute Attribute(name=category, type=integer [non-identifier])
14:36:54.606 [main] TRACE org.hibernate.loader.plan.build.internal.AbstractLoadPlanBuildingAssociationVisitationStrategy - << Finishing up attribute : Attribute(name=category, type=integer [non-identifier])
14:36:54.606 [main] DEBUG org.hibernate.persister.walking.spi.MetamodelGraphWalker - Visiting attribute path : conductanceType
14:36:54.606 [main] TRACE org.hibernate.loader.plan.build.internal.AbstractLoadPlanBuildingAssociationVisitationStrategy - >> Starting attribute Attribute(name=conductanceType, type=string [non-identifier])
14:36:54.606 [main] TRACE org.hibernate.loader.plan.build.internal.AbstractLoadPlanBuildingAssociationVisitationStrategy - << Finishing up attribute : Attribute(name=conductanceType, type=string [non-identifier])
14:36:54.606 [main] DEBUG org.hibernate.persister.walking.spi.MetamodelGraphWalker - Visiting attribute path : description
14:36:54.606 [main] TRACE org.hibernate.loader.plan.build.internal.AbstractLoadPlanBuildingAssociationVisitationStrategy - >> Starting attribute Attribute(name=description, type=string [non-identifier])
14:36:54.606 [main] TRACE org.hibernate.loader.plan.build.internal.AbstractLoadPlanBuildingAssociationVisitationStrategy - << Finishing up attribute : Attribute(name=description, type=string [non-identifier])
14:36:54.606 [main] DEBUG org.hibernate.persister.walking.spi.MetamodelGraphWalker - Visiting attribute path : gain
14:36:54.606 [main] TRACE org.hibernate.loader.plan.build.internal.AbstractLoadPlanBuildingAssociationVisitationStrategy - >> Starting attribute Attribute(name=gain, type=double [non-identifier])
14:36:54.606 [main] TRACE org.hibernate.loader.plan.build.internal.AbstractLoadPlanBuildingAssociationVisitationStrategy - << Finishing up attribute : Attribute(name=gain, type=double [non-identifier])
14:36:54.606 [main] DEBUG org.hibernate.persister.walking.spi.MetamodelGraphWalker - Visiting attribute path : maxCurrent
14:36:54.606 [main] TRACE org.hibernate.loader.plan.build.internal.AbstractLoadPlanBuildingAssociationVisitationStrategy - >> Starting attribute Attribute(name=maxCurrent, type=double [non-identifier])
14:36:54.606 [main] TRACE org.hibernate.loader.plan.build.internal.AbstractLoadPlanBuildingAssociationVisitationStrategy - << Finishing up attribute : Attribute(name=maxCurrent, type=double [non-identifier])
14:36:54.606 [main] DEBUG org.hibernate.persister.walking.spi.MetamodelGraphWalker - Visiting attribute path : maxCurrentUnit
14:36:54.606 [main] TRACE org.hibernate.loader.plan.build.internal.AbstractLoadPlanBuildingAssociationVisitationStrategy - >> Starting attribute Attribute(name=maxCurrentUnit, type=integer [non-identifier])
14:36:54.606 [main] TRACE org.hibernate.loader.plan.build.internal.AbstractLoadPlanBuildingAssociationVisitationStrategy - << Finishing up attribute : Attribute(name=maxCurrentUnit, type=integer [non-identifier])
14:36:54.606 [main] DEBUG org.hibernate.persister.walking.spi.MetamodelGraphWalker - Visiting attribute path : name
14:36:54.606 [main] TRACE org.hibernate.loader.plan.build.internal.AbstractLoadPlanBuildingAssociationVisitationStrategy - >> Starting attribute Attribute(name=name, type=string [non-identifier])
14:36:54.606 [main] TRACE org.hibernate.loader.plan.build.internal.AbstractLoadPlanBuildingAssociationVisitationStrategy - << Finishing up attribute : Attribute(name=name, type=string [non-identifier])
14:36:54.606 [main] DEBUG org.hibernate.persister.walking.spi.MetamodelGraphWalker - Visiting attribute path : photo
14:36:54.606 [main] TRACE org.hibernate.loader.plan.build.internal.AbstractLoadPlanBuildingAssociationVisitationStrategy - >> Starting attribute Attribute(name=photo, type=binary [non-identifier])
14:36:54.606 [main] TRACE org.hibernate.loader.plan.build.internal.AbstractLoadPlanBuildingAssociationVisitationStrategy - << Finishing up attribute : Attribute(name=photo, type=binary [non-identifier])
14:36:54.606 [main] DEBUG org.hibernate.persister.walking.spi.MetamodelGraphWalker - Visiting attribute path : price
14:36:54.606 [main] TRACE org.hibernate.loader.plan.build.internal.AbstractLoadPlanBuildingAssociationVisitationStrategy - >> Starting attribute Attribute(name=price, type=double [non-identifier])
14:36:54.606 [main] TRACE org.hibernate.loader.plan.build.internal.AbstractLoadPlanBuildingAssociationVisitationStrategy - << Finishing up attribute : Attribute(name=price, type=double [non-identifier])
14:36:54.606 [main] DEBUG org.hibernate.persister.walking.spi.MetamodelGraphWalker - Visiting attribute path : producer
14:36:54.606 [main] TRACE org.hibernate.loader.plan.build.internal.AbstractLoadPlanBuildingAssociationVisitationStrategy - >> Starting attribute Attribute(name=producer, type=integer [non-identifier])
14:36:54.606 [main] TRACE org.hibernate.loader.plan.build.internal.AbstractLoadPlanBuildingAssociationVisitationStrategy - << Finishing up attribute : Attribute(name=producer, type=integer [non-identifier])
14:36:54.606 [main] DEBUG org.hibernate.persister.walking.spi.MetamodelGraphWalker - Visiting attribute path : quantity
14:36:54.606 [main] TRACE org.hibernate.loader.plan.build.internal.AbstractLoadPlanBuildingAssociationVisitationStrategy - >> Starting attribute Attribute(name=quantity, type=integer [non-identifier])
14:36:54.606 [main] TRACE org.hibernate.loader.plan.build.internal.AbstractLoadPlanBuildingAssociationVisitationStrategy - << Finishing up attribute : Attribute(name=quantity, type=integer [non-identifier])
14:36:54.606 [main] DEBUG org.hibernate.persister.walking.spi.MetamodelGraphWalker - Visiting attribute path : tPackage
14:36:54.607 [main] TRACE org.hibernate.loader.plan.build.internal.AbstractLoadPlanBuildingAssociationVisitationStrategy - >> Starting attribute Attribute(name=tPackage, type=integer [non-identifier])
14:36:54.607 [main] TRACE org.hibernate.loader.plan.build.internal.AbstractLoadPlanBuildingAssociationVisitationStrategy - << Finishing up attribute : Attribute(name=tPackage, type=integer [non-identifier])
14:36:54.607 [main] TRACE org.hibernate.loader.plan.build.internal.AbstractLoadPlanBuildingAssociationVisitationStrategy - Popped fetch owner from stack : org.hibernate.loader.plan.build.internal.returns.EntityReturnImpl@69afa141
14:36:54.607 [main] TRACE org.hibernate.loader.plan.build.internal.AbstractLoadPlanBuildingAssociationVisitationStrategy -  Finished root entity : com.soft.entity.TransistorEntity
14:36:54.607 [main] DEBUG org.hibernate.loader.plan.build.internal.FetchStyleLoadPlanBuildingAssociationVisitationStrategy - Building LoadPlan...
14:36:54.607 [main] DEBUG org.hibernate.loader.plan.exec.internal.LoadQueryJoinAndFetchProcessor - processing queryspace <gen:0>
14:36:54.607 [main] DEBUG org.hibernate.loader.plan.build.spi.LoadPlanTreePrinter - LoadPlan(entity=com.soft.entity.TransistorEntity)
    - Returns
       - EntityReturnImpl(entity=com.soft.entity.TransistorEntity, querySpaceUid=<gen:0>, path=com.soft.entity.TransistorEntity)
    - QuerySpaces
       - EntityQuerySpaceImpl(uid=<gen:0>, entity=com.soft.entity.TransistorEntity)
          - SQL table alias mapping - transistor0_
          - alias suffix - 0_
          - suffixed key columns - {transist1_5_0_}

14:36:54.607 [main] DEBUG org.hibernate.loader.entity.plan.EntityLoader - Static select for entity com.soft.entity.TransistorEntity [PESSIMISTIC_FORCE_INCREMENT]: select transistor0_.transistor_id as transist1_5_0_, transistor0_.category as category2_5_0_, transistor0_.conductunce_type as conductu3_5_0_, transistor0_.description as descript4_5_0_, transistor0_.gain as gain5_5_0_, transistor0_.max_current as max_curr6_5_0_, transistor0_.max_current_unit as max_curr7_5_0_, transistor0_.name as name8_5_0_, transistor0_.photo as photo9_5_0_, transistor0_.price as price10_5_0_, transistor0_.producer as produce11_5_0_, transistor0_.quantity as quantit12_5_0_, transistor0_.package as package13_5_0_ from transistor transistor0_ where transistor0_.transistor_id=? for update
14:36:54.607 [main] TRACE org.hibernate.loader.plan.build.internal.AbstractLoadPlanBuildingAssociationVisitationStrategy -  Starting root entity : com.soft.entity.TransistorEntity
14:36:54.607 [main] DEBUG org.hibernate.loader.plan.build.internal.spaces.QuerySpacesImpl - Adding QuerySpace : uid = <gen:0> -> org.hibernate.loader.plan.build.internal.spaces.EntityQuerySpaceImpl@49f40c00]
14:36:54.607 [main] TRACE org.hibernate.loader.plan.build.internal.AbstractLoadPlanBuildingAssociationVisitationStrategy - Pushing fetch source to stack : org.hibernate.loader.plan.build.internal.returns.EntityReturnImpl@643d2dae
14:36:54.607 [main] TRACE org.hibernate.loader.plan.build.internal.AbstractLoadPlanBuildingAssociationVisitationStrategy - .. Registering AssociationKey : AssociationKey(table=transistor, columns={transistor_id}) -> org.hibernate.loader.plan.build.internal.returns.EntityReturnImpl@643d2dae
14:36:54.608 [main] TRACE org.hibernate.loader.plan.build.internal.AbstractLoadPlanBuildingAssociationVisitationStrategy - >> Starting entity identifier : com.soft.entity.TransistorEntity
14:36:54.608 [main] DEBUG org.hibernate.persister.walking.spi.MetamodelGraphWalker - Visiting attribute path : category
14:36:54.608 [main] TRACE org.hibernate.loader.plan.build.internal.AbstractLoadPlanBuildingAssociationVisitationStrategy - >> Starting attribute Attribute(name=category, type=integer [non-identifier])
14:36:54.608 [main] TRACE org.hibernate.loader.plan.build.internal.AbstractLoadPlanBuildingAssociationVisitationStrategy - << Finishing up attribute : Attribute(name=category, type=integer [non-identifier])
14:36:54.608 [main] DEBUG org.hibernate.persister.walking.spi.MetamodelGraphWalker - Visiting attribute path : conductanceType
14:36:54.608 [main] TRACE org.hibernate.loader.plan.build.internal.AbstractLoadPlanBuildingAssociationVisitationStrategy - >> Starting attribute Attribute(name=conductanceType, type=string [non-identifier])
14:36:54.608 [main] TRACE org.hibernate.loader.plan.build.internal.AbstractLoadPlanBuildingAssociationVisitationStrategy - << Finishing up attribute : Attribute(name=conductanceType, type=string [non-identifier])
14:36:54.608 [main] DEBUG org.hibernate.persister.walking.spi.MetamodelGraphWalker - Visiting attribute path : description
14:36:54.608 [main] TRACE org.hibernate.loader.plan.build.internal.AbstractLoadPlanBuildingAssociationVisitationStrategy - >> Starting attribute Attribute(name=description, type=string [non-identifier])
14:36:54.608 [main] TRACE org.hibernate.loader.plan.build.internal.AbstractLoadPlanBuildingAssociationVisitationStrategy - << Finishing up attribute : Attribute(name=description, type=string [non-identifier])
14:36:54.608 [main] DEBUG org.hibernate.persister.walking.spi.MetamodelGraphWalker - Visiting attribute path : gain
14:36:54.608 [main] TRACE org.hibernate.loader.plan.build.internal.AbstractLoadPlanBuildingAssociationVisitationStrategy - >> Starting attribute Attribute(name=gain, type=double [non-identifier])
14:36:54.608 [main] TRACE org.hibernate.loader.plan.build.internal.AbstractLoadPlanBuildingAssociationVisitationStrategy - << Finishing up attribute : Attribute(name=gain, type=double [non-identifier])
14:36:54.608 [main] DEBUG org.hibernate.persister.walking.spi.MetamodelGraphWalker - Visiting attribute path : maxCurrent
14:36:54.608 [main] TRACE org.hibernate.loader.plan.build.internal.AbstractLoadPlanBuildingAssociationVisitationStrategy - >> Starting attribute Attribute(name=maxCurrent, type=double [non-identifier])
14:36:54.608 [main] TRACE org.hibernate.loader.plan.build.internal.AbstractLoadPlanBuildingAssociationVisitationStrategy - << Finishing up attribute : Attribute(name=maxCurrent, type=double [non-identifier])
14:36:54.608 [main] DEBUG org.hibernate.persister.walking.spi.MetamodelGraphWalker - Visiting attribute path : maxCurrentUnit
14:36:54.608 [main] TRACE org.hibernate.loader.plan.build.internal.AbstractLoadPlanBuildingAssociationVisitationStrategy - >> Starting attribute Attribute(name=maxCurrentUnit, type=integer [non-identifier])
14:36:54.608 [main] TRACE org.hibernate.loader.plan.build.internal.AbstractLoadPlanBuildingAssociationVisitationStrategy - << Finishing up attribute : Attribute(name=maxCurrentUnit, type=integer [non-identifier])
14:36:54.608 [main] DEBUG org.hibernate.persister.walking.spi.MetamodelGraphWalker - Visiting attribute path : name
14:36:54.608 [main] TRACE org.hibernate.loader.plan.build.internal.AbstractLoadPlanBuildingAssociationVisitationStrategy - >> Starting attribute Attribute(name=name, type=string [non-identifier])
14:36:54.608 [main] TRACE org.hibernate.loader.plan.build.internal.AbstractLoadPlanBuildingAssociationVisitationStrategy - << Finishing up attribute : Attribute(name=name, type=string [non-identifier])
14:36:54.608 [main] DEBUG org.hibernate.persister.walking.spi.MetamodelGraphWalker - Visiting attribute path : photo
14:36:54.608 [main] TRACE org.hibernate.loader.plan.build.internal.AbstractLoadPlanBuildingAssociationVisitationStrategy - >> Starting attribute Attribute(name=photo, type=binary [non-identifier])
14:36:54.608 [main] TRACE org.hibernate.loader.plan.build.internal.AbstractLoadPlanBuildingAssociationVisitationStrategy - << Finishing up attribute : Attribute(name=photo, type=binary [non-identifier])
14:36:54.608 [main] DEBUG org.hibernate.persister.walking.spi.MetamodelGraphWalker - Visiting attribute path : price
14:36:54.608 [main] TRACE org.hibernate.loader.plan.build.internal.AbstractLoadPlanBuildingAssociationVisitationStrategy - >> Starting attribute Attribute(name=price, type=double [non-identifier])
14:36:54.608 [main] TRACE org.hibernate.loader.plan.build.internal.AbstractLoadPlanBuildingAssociationVisitationStrategy - << Finishing up attribute : Attribute(name=price, type=double [non-identifier])
14:36:54.608 [main] DEBUG org.hibernate.persister.walking.spi.MetamodelGraphWalker - Visiting attribute path : producer
14:36:54.608 [main] TRACE org.hibernate.loader.plan.build.internal.AbstractLoadPlanBuildingAssociationVisitationStrategy - >> Starting attribute Attribute(name=producer, type=integer [non-identifier])
14:36:54.608 [main] TRACE org.hibernate.loader.plan.build.internal.AbstractLoadPlanBuildingAssociationVisitationStrategy - << Finishing up attribute : Attribute(name=producer, type=integer [non-identifier])
14:36:54.608 [main] DEBUG org.hibernate.persister.walking.spi.MetamodelGraphWalker - Visiting attribute path : quantity
14:36:54.608 [main] TRACE org.hibernate.loader.plan.build.internal.AbstractLoadPlanBuildingAssociationVisitationStrategy - >> Starting attribute Attribute(name=quantity, type=integer [non-identifier])
14:36:54.608 [main] TRACE org.hibernate.loader.plan.build.internal.AbstractLoadPlanBuildingAssociationVisitationStrategy - << Finishing up attribute : Attribute(name=quantity, type=integer [non-identifier])
14:36:54.608 [main] DEBUG org.hibernate.persister.walking.spi.MetamodelGraphWalker - Visiting attribute path : tPackage
14:36:54.608 [main] TRACE org.hibernate.loader.plan.build.internal.AbstractLoadPlanBuildingAssociationVisitationStrategy - >> Starting attribute Attribute(name=tPackage, type=integer [non-identifier])
14:36:54.608 [main] TRACE org.hibernate.loader.plan.build.internal.AbstractLoadPlanBuildingAssociationVisitationStrategy - << Finishing up attribute : Attribute(name=tPackage, type=integer [non-identifier])
14:36:54.609 [main] TRACE org.hibernate.loader.plan.build.internal.AbstractLoadPlanBuildingAssociationVisitationStrategy - Popped fetch owner from stack : org.hibernate.loader.plan.build.internal.returns.EntityReturnImpl@643d2dae
14:36:54.609 [main] TRACE org.hibernate.loader.plan.build.internal.AbstractLoadPlanBuildingAssociationVisitationStrategy -  Finished root entity : com.soft.entity.TransistorEntity
14:36:54.609 [main] DEBUG org.hibernate.loader.plan.build.internal.FetchStyleLoadPlanBuildingAssociationVisitationStrategy - Building LoadPlan...
14:36:54.609 [main] DEBUG org.hibernate.loader.plan.exec.internal.LoadQueryJoinAndFetchProcessor - processing queryspace <gen:0>
14:36:54.610 [main] DEBUG org.hibernate.loader.plan.build.spi.LoadPlanTreePrinter - LoadPlan(entity=com.soft.entity.TransistorEntity)
    - Returns
       - EntityReturnImpl(entity=com.soft.entity.TransistorEntity, querySpaceUid=<gen:0>, path=com.soft.entity.TransistorEntity)
    - QuerySpaces
       - EntityQuerySpaceImpl(uid=<gen:0>, entity=com.soft.entity.TransistorEntity)
          - SQL table alias mapping - transistor0_
          - alias suffix - 0_
          - suffixed key columns - {transist1_5_0_}

14:36:54.610 [main] DEBUG org.hibernate.loader.entity.plan.EntityLoader - Static select for entity com.soft.entity.TransistorEntity [OPTIMISTIC]: select transistor0_.transistor_id as transist1_5_0_, transistor0_.category as category2_5_0_, transistor0_.conductunce_type as conductu3_5_0_, transistor0_.description as descript4_5_0_, transistor0_.gain as gain5_5_0_, transistor0_.max_current as max_curr6_5_0_, transistor0_.max_current_unit as max_curr7_5_0_, transistor0_.name as name8_5_0_, transistor0_.photo as photo9_5_0_, transistor0_.price as price10_5_0_, transistor0_.producer as produce11_5_0_, transistor0_.quantity as quantit12_5_0_, transistor0_.package as package13_5_0_ from transistor transistor0_ where transistor0_.transistor_id=?
14:36:54.610 [main] TRACE org.hibernate.loader.plan.build.internal.AbstractLoadPlanBuildingAssociationVisitationStrategy -  Starting root entity : com.soft.entity.TransistorEntity
14:36:54.610 [main] DEBUG org.hibernate.loader.plan.build.internal.spaces.QuerySpacesImpl - Adding QuerySpace : uid = <gen:0> -> org.hibernate.loader.plan.build.internal.spaces.EntityQuerySpaceImpl@52d6d273]
14:36:54.610 [main] TRACE org.hibernate.loader.plan.build.internal.AbstractLoadPlanBuildingAssociationVisitationStrategy - Pushing fetch source to stack : org.hibernate.loader.plan.build.internal.returns.EntityReturnImpl@4667c4c1
14:36:54.610 [main] TRACE org.hibernate.loader.plan.build.internal.AbstractLoadPlanBuildingAssociationVisitationStrategy - .. Registering AssociationKey : AssociationKey(table=transistor, columns={transistor_id}) -> org.hibernate.loader.plan.build.internal.returns.EntityReturnImpl@4667c4c1
14:36:54.610 [main] TRACE org.hibernate.loader.plan.build.internal.AbstractLoadPlanBuildingAssociationVisitationStrategy - >> Starting entity identifier : com.soft.entity.TransistorEntity
14:36:54.610 [main] DEBUG org.hibernate.persister.walking.spi.MetamodelGraphWalker - Visiting attribute path : category
14:36:54.610 [main] TRACE org.hibernate.loader.plan.build.internal.AbstractLoadPlanBuildingAssociationVisitationStrategy - >> Starting attribute Attribute(name=category, type=integer [non-identifier])
14:36:54.610 [main] TRACE org.hibernate.loader.plan.build.internal.AbstractLoadPlanBuildingAssociationVisitationStrategy - << Finishing up attribute : Attribute(name=category, type=integer [non-identifier])
14:36:54.610 [main] DEBUG org.hibernate.persister.walking.spi.MetamodelGraphWalker - Visiting attribute path : conductanceType
14:36:54.610 [main] TRACE org.hibernate.loader.plan.build.internal.AbstractLoadPlanBuildingAssociationVisitationStrategy - >> Starting attribute Attribute(name=conductanceType, type=string [non-identifier])
14:36:54.610 [main] TRACE org.hibernate.loader.plan.build.internal.AbstractLoadPlanBuildingAssociationVisitationStrategy - << Finishing up attribute : Attribute(name=conductanceType, type=string [non-identifier])
14:36:54.610 [main] DEBUG org.hibernate.persister.walking.spi.MetamodelGraphWalker - Visiting attribute path : description
14:36:54.610 [main] TRACE org.hibernate.loader.plan.build.internal.AbstractLoadPlanBuildingAssociationVisitationStrategy - >> Starting attribute Attribute(name=description, type=string [non-identifier])
14:36:54.610 [main] TRACE org.hibernate.loader.plan.build.internal.AbstractLoadPlanBuildingAssociationVisitationStrategy - << Finishing up attribute : Attribute(name=description, type=string [non-identifier])
14:36:54.610 [main] DEBUG org.hibernate.persister.walking.spi.MetamodelGraphWalker - Visiting attribute path : gain
14:36:54.610 [main] TRACE org.hibernate.loader.plan.build.internal.AbstractLoadPlanBuildingAssociationVisitationStrategy - >> Starting attribute Attribute(name=gain, type=double [non-identifier])
14:36:54.610 [main] TRACE org.hibernate.loader.plan.build.internal.AbstractLoadPlanBuildingAssociationVisitationStrategy - << Finishing up attribute : Attribute(name=gain, type=double [non-identifier])
14:36:54.610 [main] DEBUG org.hibernate.persister.walking.spi.MetamodelGraphWalker - Visiting attribute path : maxCurrent
14:36:54.610 [main] TRACE org.hibernate.loader.plan.build.internal.AbstractLoadPlanBuildingAssociationVisitationStrategy - >> Starting attribute Attribute(name=maxCurrent, type=double [non-identifier])
14:36:54.610 [main] TRACE org.hibernate.loader.plan.build.internal.AbstractLoadPlanBuildingAssociationVisitationStrategy - << Finishing up attribute : Attribute(name=maxCurrent, type=double [non-identifier])
14:36:54.611 [main] DEBUG org.hibernate.persister.walking.spi.MetamodelGraphWalker - Visiting attribute path : maxCurrentUnit
14:36:54.611 [main] TRACE org.hibernate.loader.plan.build.internal.AbstractLoadPlanBuildingAssociationVisitationStrategy - >> Starting attribute Attribute(name=maxCurrentUnit, type=integer [non-identifier])
14:36:54.611 [main] TRACE org.hibernate.loader.plan.build.internal.AbstractLoadPlanBuildingAssociationVisitationStrategy - << Finishing up attribute : Attribute(name=maxCurrentUnit, type=integer [non-identifier])
14:36:54.611 [main] DEBUG org.hibernate.persister.walking.spi.MetamodelGraphWalker - Visiting attribute path : name
14:36:54.611 [main] TRACE org.hibernate.loader.plan.build.internal.AbstractLoadPlanBuildingAssociationVisitationStrategy - >> Starting attribute Attribute(name=name, type=string [non-identifier])
14:36:54.611 [main] TRACE org.hibernate.loader.plan.build.internal.AbstractLoadPlanBuildingAssociationVisitationStrategy - << Finishing up attribute : Attribute(name=name, type=string [non-identifier])
14:36:54.611 [main] DEBUG org.hibernate.persister.walking.spi.MetamodelGraphWalker - Visiting attribute path : photo
14:36:54.611 [main] TRACE org.hibernate.loader.plan.build.internal.AbstractLoadPlanBuildingAssociationVisitationStrategy - >> Starting attribute Attribute(name=photo, type=binary [non-identifier])
14:36:54.611 [main] TRACE org.hibernate.loader.plan.build.internal.AbstractLoadPlanBuildingAssociationVisitationStrategy - << Finishing up attribute : Attribute(name=photo, type=binary [non-identifier])
14:36:54.611 [main] DEBUG org.hibernate.persister.walking.spi.MetamodelGraphWalker - Visiting attribute path : price
14:36:54.611 [main] TRACE org.hibernate.loader.plan.build.internal.AbstractLoadPlanBuildingAssociationVisitationStrategy - >> Starting attribute Attribute(name=price, type=double [non-identifier])
14:36:54.611 [main] TRACE org.hibernate.loader.plan.build.internal.AbstractLoadPlanBuildingAssociationVisitationStrategy - << Finishing up attribute : Attribute(name=price, type=double [non-identifier])
14:36:54.611 [main] DEBUG org.hibernate.persister.walking.spi.MetamodelGraphWalker - Visiting attribute path : producer
14:36:54.611 [main] TRACE org.hibernate.loader.plan.build.internal.AbstractLoadPlanBuildingAssociationVisitationStrategy - >> Starting attribute Attribute(name=producer, type=integer [non-identifier])
14:36:54.611 [main] TRACE org.hibernate.loader.plan.build.internal.AbstractLoadPlanBuildingAssociationVisitationStrategy - << Finishing up attribute : Attribute(name=producer, type=integer [non-identifier])
14:36:54.611 [main] DEBUG org.hibernate.persister.walking.spi.MetamodelGraphWalker - Visiting attribute path : quantity
14:36:54.611 [main] TRACE org.hibernate.loader.plan.build.internal.AbstractLoadPlanBuildingAssociationVisitationStrategy - >> Starting attribute Attribute(name=quantity, type=integer [non-identifier])
14:36:54.611 [main] TRACE org.hibernate.loader.plan.build.internal.AbstractLoadPlanBuildingAssociationVisitationStrategy - << Finishing up attribute : Attribute(name=quantity, type=integer [non-identifier])
14:36:54.611 [main] DEBUG org.hibernate.persister.walking.spi.MetamodelGraphWalker - Visiting attribute path : tPackage
14:36:54.611 [main] TRACE org.hibernate.loader.plan.build.internal.AbstractLoadPlanBuildingAssociationVisitationStrategy - >> Starting attribute Attribute(name=tPackage, type=integer [non-identifier])
14:36:54.611 [main] TRACE org.hibernate.loader.plan.build.internal.AbstractLoadPlanBuildingAssociationVisitationStrategy - << Finishing up attribute : Attribute(name=tPackage, type=integer [non-identifier])
14:36:54.611 [main] TRACE org.hibernate.loader.plan.build.internal.AbstractLoadPlanBuildingAssociationVisitationStrategy - Popped fetch owner from stack : org.hibernate.loader.plan.build.internal.returns.EntityReturnImpl@4667c4c1
14:36:54.611 [main] TRACE org.hibernate.loader.plan.build.internal.AbstractLoadPlanBuildingAssociationVisitationStrategy -  Finished root entity : com.soft.entity.TransistorEntity
14:36:54.611 [main] DEBUG org.hibernate.loader.plan.build.internal.FetchStyleLoadPlanBuildingAssociationVisitationStrategy - Building LoadPlan...
14:36:54.611 [main] DEBUG org.hibernate.loader.plan.exec.internal.LoadQueryJoinAndFetchProcessor - processing queryspace <gen:0>
14:36:54.611 [main] DEBUG org.hibernate.loader.plan.build.spi.LoadPlanTreePrinter - LoadPlan(entity=com.soft.entity.TransistorEntity)
    - Returns
       - EntityReturnImpl(entity=com.soft.entity.TransistorEntity, querySpaceUid=<gen:0>, path=com.soft.entity.TransistorEntity)
    - QuerySpaces
       - EntityQuerySpaceImpl(uid=<gen:0>, entity=com.soft.entity.TransistorEntity)
          - SQL table alias mapping - transistor0_
          - alias suffix - 0_
          - suffixed key columns - {transist1_5_0_}

14:36:54.611 [main] DEBUG org.hibernate.loader.entity.plan.EntityLoader - Static select for entity com.soft.entity.TransistorEntity [OPTIMISTIC_FORCE_INCREMENT]: select transistor0_.transistor_id as transist1_5_0_, transistor0_.category as category2_5_0_, transistor0_.conductunce_type as conductu3_5_0_, transistor0_.description as descript4_5_0_, transistor0_.gain as gain5_5_0_, transistor0_.max_current as max_curr6_5_0_, transistor0_.max_current_unit as max_curr7_5_0_, transistor0_.name as name8_5_0_, transistor0_.photo as photo9_5_0_, transistor0_.price as price10_5_0_, transistor0_.producer as produce11_5_0_, transistor0_.quantity as quantit12_5_0_, transistor0_.package as package13_5_0_ from transistor transistor0_ where transistor0_.transistor_id=?
14:36:54.611 [main] DEBUG org.hibernate.loader.Loader - Static select for action ACTION_MERGE on entity com.soft.entity.TransistorEntity: select transistor0_.transistor_id as transist1_5_0_, transistor0_.category as category2_5_0_, transistor0_.conductunce_type as conductu3_5_0_, transistor0_.description as descript4_5_0_, transistor0_.gain as gain5_5_0_, transistor0_.max_current as max_curr6_5_0_, transistor0_.max_current_unit as max_curr7_5_0_, transistor0_.name as name8_5_0_, transistor0_.photo as photo9_5_0_, transistor0_.price as price10_5_0_, transistor0_.producer as produce11_5_0_, transistor0_.quantity as quantit12_5_0_, transistor0_.package as package13_5_0_ from transistor transistor0_ where transistor0_.transistor_id=?
14:36:54.612 [main] DEBUG org.hibernate.loader.Loader - Static select for action ACTION_REFRESH on entity com.soft.entity.TransistorEntity: select transistor0_.transistor_id as transist1_5_0_, transistor0_.category as category2_5_0_, transistor0_.conductunce_type as conductu3_5_0_, transistor0_.description as descript4_5_0_, transistor0_.gain as gain5_5_0_, transistor0_.max_current as max_curr6_5_0_, transistor0_.max_current_unit as max_curr7_5_0_, transistor0_.name as name8_5_0_, transistor0_.photo as photo9_5_0_, transistor0_.price as price10_5_0_, transistor0_.producer as produce11_5_0_, transistor0_.quantity as quantit12_5_0_, transistor0_.package as package13_5_0_ from transistor transistor0_ where transistor0_.transistor_id=?
14:36:54.612 [main] DEBUG org.hibernate.persister.entity.AbstractEntityPersister - Static SQL for entity: com.soft.entity.CategoryEntity
14:36:54.612 [main] DEBUG org.hibernate.persister.entity.AbstractEntityPersister -  Version select: select category_id from category where category_id =?
14:36:54.612 [main] DEBUG org.hibernate.persister.entity.AbstractEntityPersister -  Snapshot select: select categoryen_.category_id, categoryen_.entity_name as entity_n2_0_, categoryen_.name as name3_0_, categoryen_.photo as photo4_0_ from category categoryen_ where categoryen_.category_id=?
14:36:54.612 [main] DEBUG org.hibernate.persister.entity.AbstractEntityPersister -  Insert 0: insert into category (entity_name, name, photo, category_id) values (?, ?, ?, ?)
14:36:54.612 [main] DEBUG org.hibernate.persister.entity.AbstractEntityPersister -  Update 0: update category set entity_name=?, name=?, photo=? where category_id=?
14:36:54.612 [main] DEBUG org.hibernate.persister.entity.AbstractEntityPersister -  Delete 0: delete from category where category_id=?
14:36:54.612 [main] TRACE org.hibernate.loader.plan.build.internal.AbstractLoadPlanBuildingAssociationVisitationStrategy -  Starting root entity : com.soft.entity.CategoryEntity
14:36:54.612 [main] DEBUG org.hibernate.loader.plan.build.internal.spaces.QuerySpacesImpl - Adding QuerySpace : uid = <gen:0> -> org.hibernate.loader.plan.build.internal.spaces.EntityQuerySpaceImpl@2f9a4401]
14:36:54.612 [main] TRACE org.hibernate.loader.plan.build.internal.AbstractLoadPlanBuildingAssociationVisitationStrategy - Pushing fetch source to stack : org.hibernate.loader.plan.build.internal.returns.EntityReturnImpl@22c75c01
14:36:54.612 [main] TRACE org.hibernate.loader.plan.build.internal.AbstractLoadPlanBuildingAssociationVisitationStrategy - .. Registering AssociationKey : AssociationKey(table=category, columns={category_id}) -> org.hibernate.loader.plan.build.internal.returns.EntityReturnImpl@22c75c01
14:36:54.612 [main] TRACE org.hibernate.loader.plan.build.internal.AbstractLoadPlanBuildingAssociationVisitationStrategy - >> Starting entity identifier : com.soft.entity.CategoryEntity
14:36:54.612 [main] DEBUG org.hibernate.persister.walking.spi.MetamodelGraphWalker - Visiting attribute path : entityName
14:36:54.612 [main] TRACE org.hibernate.loader.plan.build.internal.AbstractLoadPlanBuildingAssociationVisitationStrategy - >> Starting attribute Attribute(name=entityName, type=string [non-identifier])
14:36:54.612 [main] TRACE org.hibernate.loader.plan.build.internal.AbstractLoadPlanBuildingAssociationVisitationStrategy - << Finishing up attribute : Attribute(name=entityName, type=string [non-identifier])
14:36:54.612 [main] DEBUG org.hibernate.persister.walking.spi.MetamodelGraphWalker - Visiting attribute path : name
14:36:54.612 [main] TRACE org.hibernate.loader.plan.build.internal.AbstractLoadPlanBuildingAssociationVisitationStrategy - >> Starting attribute Attribute(name=name, type=string [non-identifier])
14:36:54.612 [main] TRACE org.hibernate.loader.plan.build.internal.AbstractLoadPlanBuildingAssociationVisitationStrategy - << Finishing up attribute : Attribute(name=name, type=string [non-identifier])
14:36:54.612 [main] DEBUG org.hibernate.persister.walking.spi.MetamodelGraphWalker - Visiting attribute path : photo
14:36:54.612 [main] TRACE org.hibernate.loader.plan.build.internal.AbstractLoadPlanBuildingAssociationVisitationStrategy - >> Starting attribute Attribute(name=photo, type=binary [non-identifier])
14:36:54.612 [main] TRACE org.hibernate.loader.plan.build.internal.AbstractLoadPlanBuildingAssociationVisitationStrategy - << Finishing up attribute : Attribute(name=photo, type=binary [non-identifier])
14:36:54.612 [main] TRACE org.hibernate.loader.plan.build.internal.AbstractLoadPlanBuildingAssociationVisitationStrategy - Popped fetch owner from stack : org.hibernate.loader.plan.build.internal.returns.EntityReturnImpl@22c75c01
14:36:54.612 [main] TRACE org.hibernate.loader.plan.build.internal.AbstractLoadPlanBuildingAssociationVisitationStrategy -  Finished root entity : com.soft.entity.CategoryEntity
14:36:54.612 [main] DEBUG org.hibernate.loader.plan.build.internal.FetchStyleLoadPlanBuildingAssociationVisitationStrategy - Building LoadPlan...
14:36:54.612 [main] DEBUG org.hibernate.loader.plan.exec.internal.LoadQueryJoinAndFetchProcessor - processing queryspace <gen:0>
14:36:54.613 [main] DEBUG org.hibernate.loader.plan.build.spi.LoadPlanTreePrinter - LoadPlan(entity=com.soft.entity.CategoryEntity)
    - Returns
       - EntityReturnImpl(entity=com.soft.entity.CategoryEntity, querySpaceUid=<gen:0>, path=com.soft.entity.CategoryEntity)
    - QuerySpaces
       - EntityQuerySpaceImpl(uid=<gen:0>, entity=com.soft.entity.CategoryEntity)
          - SQL table alias mapping - categoryen0_
          - alias suffix - 0_
          - suffixed key columns - {category1_0_0_}

14:36:54.613 [main] DEBUG org.hibernate.loader.entity.plan.EntityLoader - Static select for entity com.soft.entity.CategoryEntity [NONE]: select categoryen0_.category_id as category1_0_0_, categoryen0_.entity_name as entity_n2_0_0_, categoryen0_.name as name3_0_0_, categoryen0_.photo as photo4_0_0_ from category categoryen0_ where categoryen0_.category_id=?
14:36:54.613 [main] TRACE org.hibernate.loader.plan.build.internal.AbstractLoadPlanBuildingAssociationVisitationStrategy -  Starting root entity : com.soft.entity.CategoryEntity
14:36:54.613 [main] DEBUG org.hibernate.loader.plan.build.internal.spaces.QuerySpacesImpl - Adding QuerySpace : uid = <gen:0> -> org.hibernate.loader.plan.build.internal.spaces.EntityQuerySpaceImpl@46e64760]
14:36:54.613 [main] TRACE org.hibernate.loader.plan.build.internal.AbstractLoadPlanBuildingAssociationVisitationStrategy - Pushing fetch source to stack : org.hibernate.loader.plan.build.internal.returns.EntityReturnImpl@3e5fd2b1
14:36:54.613 [main] TRACE org.hibernate.loader.plan.build.internal.AbstractLoadPlanBuildingAssociationVisitationStrategy - .. Registering AssociationKey : AssociationKey(table=category, columns={category_id}) -> org.hibernate.loader.plan.build.internal.returns.EntityReturnImpl@3e5fd2b1
14:36:54.613 [main] TRACE org.hibernate.loader.plan.build.internal.AbstractLoadPlanBuildingAssociationVisitationStrategy - >> Starting entity identifier : com.soft.entity.CategoryEntity
14:36:54.613 [main] DEBUG org.hibernate.persister.walking.spi.MetamodelGraphWalker - Visiting attribute path : entityName
14:36:54.613 [main] TRACE org.hibernate.loader.plan.build.internal.AbstractLoadPlanBuildingAssociationVisitationStrategy - >> Starting attribute Attribute(name=entityName, type=string [non-identifier])
14:36:54.613 [main] TRACE org.hibernate.loader.plan.build.internal.AbstractLoadPlanBuildingAssociationVisitationStrategy - << Finishing up attribute : Attribute(name=entityName, type=string [non-identifier])
14:36:54.613 [main] DEBUG org.hibernate.persister.walking.spi.MetamodelGraphWalker - Visiting attribute path : name
14:36:54.613 [main] TRACE org.hibernate.loader.plan.build.internal.AbstractLoadPlanBuildingAssociationVisitationStrategy - >> Starting attribute Attribute(name=name, type=string [non-identifier])
14:36:54.613 [main] TRACE org.hibernate.loader.plan.build.internal.AbstractLoadPlanBuildingAssociationVisitationStrategy - << Finishing up attribute : Attribute(name=name, type=string [non-identifier])
14:36:54.613 [main] DEBUG org.hibernate.persister.walking.spi.MetamodelGraphWalker - Visiting attribute path : photo
14:36:54.613 [main] TRACE org.hibernate.loader.plan.build.internal.AbstractLoadPlanBuildingAssociationVisitationStrategy - >> Starting attribute Attribute(name=photo, type=binary [non-identifier])
14:36:54.613 [main] TRACE org.hibernate.loader.plan.build.internal.AbstractLoadPlanBuildingAssociationVisitationStrategy - << Finishing up attribute : Attribute(name=photo, type=binary [non-identifier])
14:36:54.613 [main] TRACE org.hibernate.loader.plan.build.internal.AbstractLoadPlanBuildingAssociationVisitationStrategy - Popped fetch owner from stack : org.hibernate.loader.plan.build.internal.returns.EntityReturnImpl@3e5fd2b1
14:36:54.613 [main] TRACE org.hibernate.loader.plan.build.internal.AbstractLoadPlanBuildingAssociationVisitationStrategy -  Finished root entity : com.soft.entity.CategoryEntity
14:36:54.613 [main] DEBUG org.hibernate.loader.plan.build.internal.FetchStyleLoadPlanBuildingAssociationVisitationStrategy - Building LoadPlan...
14:36:54.613 [main] DEBUG org.hibernate.loader.plan.exec.internal.LoadQueryJoinAndFetchProcessor - processing queryspace <gen:0>
14:36:54.614 [main] DEBUG org.hibernate.loader.plan.build.spi.LoadPlanTreePrinter - LoadPlan(entity=com.soft.entity.CategoryEntity)
    - Returns
       - EntityReturnImpl(entity=com.soft.entity.CategoryEntity, querySpaceUid=<gen:0>, path=com.soft.entity.CategoryEntity)
    - QuerySpaces
       - EntityQuerySpaceImpl(uid=<gen:0>, entity=com.soft.entity.CategoryEntity)
          - SQL table alias mapping - categoryen0_
          - alias suffix - 0_
          - suffixed key columns - {category1_0_0_}

14:36:54.614 [main] DEBUG org.hibernate.loader.entity.plan.EntityLoader - Static select for entity com.soft.entity.CategoryEntity [READ]: select categoryen0_.category_id as category1_0_0_, categoryen0_.entity_name as entity_n2_0_0_, categoryen0_.name as name3_0_0_, categoryen0_.photo as photo4_0_0_ from category categoryen0_ where categoryen0_.category_id=?
14:36:54.614 [main] TRACE org.hibernate.loader.plan.build.internal.AbstractLoadPlanBuildingAssociationVisitationStrategy -  Starting root entity : com.soft.entity.CategoryEntity
14:36:54.614 [main] DEBUG org.hibernate.loader.plan.build.internal.spaces.QuerySpacesImpl - Adding QuerySpace : uid = <gen:0> -> org.hibernate.loader.plan.build.internal.spaces.EntityQuerySpaceImpl@43982337]
14:36:54.614 [main] TRACE org.hibernate.loader.plan.build.internal.AbstractLoadPlanBuildingAssociationVisitationStrategy - Pushing fetch source to stack : org.hibernate.loader.plan.build.internal.returns.EntityReturnImpl@5b275811
14:36:54.614 [main] TRACE org.hibernate.loader.plan.build.internal.AbstractLoadPlanBuildingAssociationVisitationStrategy - .. Registering AssociationKey : AssociationKey(table=category, columns={category_id}) -> org.hibernate.loader.plan.build.internal.returns.EntityReturnImpl@5b275811
14:36:54.614 [main] TRACE org.hibernate.loader.plan.build.internal.AbstractLoadPlanBuildingAssociationVisitationStrategy - >> Starting entity identifier : com.soft.entity.CategoryEntity
14:36:54.614 [main] DEBUG org.hibernate.persister.walking.spi.MetamodelGraphWalker - Visiting attribute path : entityName
14:36:54.614 [main] TRACE org.hibernate.loader.plan.build.internal.AbstractLoadPlanBuildingAssociationVisitationStrategy - >> Starting attribute Attribute(name=entityName, type=string [non-identifier])
14:36:54.614 [main] TRACE org.hibernate.loader.plan.build.internal.AbstractLoadPlanBuildingAssociationVisitationStrategy - << Finishing up attribute : Attribute(name=entityName, type=string [non-identifier])
14:36:54.614 [main] DEBUG org.hibernate.persister.walking.spi.MetamodelGraphWalker - Visiting attribute path : name
14:36:54.614 [main] TRACE org.hibernate.loader.plan.build.internal.AbstractLoadPlanBuildingAssociationVisitationStrategy - >> Starting attribute Attribute(name=name, type=string [non-identifier])
14:36:54.614 [main] TRACE org.hibernate.loader.plan.build.internal.AbstractLoadPlanBuildingAssociationVisitationStrategy - << Finishing up attribute : Attribute(name=name, type=string [non-identifier])
14:36:54.614 [main] DEBUG org.hibernate.persister.walking.spi.MetamodelGraphWalker - Visiting attribute path : photo
14:36:54.614 [main] TRACE org.hibernate.loader.plan.build.internal.AbstractLoadPlanBuildingAssociationVisitationStrategy - >> Starting attribute Attribute(name=photo, type=binary [non-identifier])
14:36:54.614 [main] TRACE org.hibernate.loader.plan.build.internal.AbstractLoadPlanBuildingAssociationVisitationStrategy - << Finishing up attribute : Attribute(name=photo, type=binary [non-identifier])
14:36:54.614 [main] TRACE org.hibernate.loader.plan.build.internal.AbstractLoadPlanBuildingAssociationVisitationStrategy - Popped fetch owner from stack : org.hibernate.loader.plan.build.internal.returns.EntityReturnImpl@5b275811
14:36:54.614 [main] TRACE org.hibernate.loader.plan.build.internal.AbstractLoadPlanBuildingAssociationVisitationStrategy -  Finished root entity : com.soft.entity.CategoryEntity
14:36:54.614 [main] DEBUG org.hibernate.loader.plan.build.internal.FetchStyleLoadPlanBuildingAssociationVisitationStrategy - Building LoadPlan...
14:36:54.614 [main] DEBUG org.hibernate.loader.plan.exec.internal.LoadQueryJoinAndFetchProcessor - processing queryspace <gen:0>
14:36:54.614 [main] DEBUG org.hibernate.loader.plan.build.spi.LoadPlanTreePrinter - LoadPlan(entity=com.soft.entity.CategoryEntity)
    - Returns
       - EntityReturnImpl(entity=com.soft.entity.CategoryEntity, querySpaceUid=<gen:0>, path=com.soft.entity.CategoryEntity)
    - QuerySpaces
       - EntityQuerySpaceImpl(uid=<gen:0>, entity=com.soft.entity.CategoryEntity)
          - SQL table alias mapping - categoryen0_
          - alias suffix - 0_
          - suffixed key columns - {category1_0_0_}

14:36:54.614 [main] DEBUG org.hibernate.loader.entity.plan.EntityLoader - Static select for entity com.soft.entity.CategoryEntity [UPGRADE]: select categoryen0_.category_id as category1_0_0_, categoryen0_.entity_name as entity_n2_0_0_, categoryen0_.name as name3_0_0_, categoryen0_.photo as photo4_0_0_ from category categoryen0_ where categoryen0_.category_id=? for update
14:36:54.615 [main] TRACE org.hibernate.loader.plan.build.internal.AbstractLoadPlanBuildingAssociationVisitationStrategy -  Starting root entity : com.soft.entity.CategoryEntity
14:36:54.615 [main] DEBUG org.hibernate.loader.plan.build.internal.spaces.QuerySpacesImpl - Adding QuerySpace : uid = <gen:0> -> org.hibernate.loader.plan.build.internal.spaces.EntityQuerySpaceImpl@2f0ed952]
14:36:54.615 [main] TRACE org.hibernate.loader.plan.build.internal.AbstractLoadPlanBuildingAssociationVisitationStrategy - Pushing fetch source to stack : org.hibernate.loader.plan.build.internal.returns.EntityReturnImpl@6f044c58
14:36:54.615 [main] TRACE org.hibernate.loader.plan.build.internal.AbstractLoadPlanBuildingAssociationVisitationStrategy - .. Registering AssociationKey : AssociationKey(table=category, columns={category_id}) -> org.hibernate.loader.plan.build.internal.returns.EntityReturnImpl@6f044c58
14:36:54.615 [main] TRACE org.hibernate.loader.plan.build.internal.AbstractLoadPlanBuildingAssociationVisitationStrategy - >> Starting entity identifier : com.soft.entity.CategoryEntity
14:36:54.615 [main] DEBUG org.hibernate.persister.walking.spi.MetamodelGraphWalker - Visiting attribute path : entityName
14:36:54.615 [main] TRACE org.hibernate.loader.plan.build.internal.AbstractLoadPlanBuildingAssociationVisitationStrategy - >> Starting attribute Attribute(name=entityName, type=string [non-identifier])
14:36:54.615 [main] TRACE org.hibernate.loader.plan.build.internal.AbstractLoadPlanBuildingAssociationVisitationStrategy - << Finishing up attribute : Attribute(name=entityName, type=string [non-identifier])
14:36:54.615 [main] DEBUG org.hibernate.persister.walking.spi.MetamodelGraphWalker - Visiting attribute path : name
14:36:54.615 [main] TRACE org.hibernate.loader.plan.build.internal.AbstractLoadPlanBuildingAssociationVisitationStrategy - >> Starting attribute Attribute(name=name, type=string [non-identifier])
14:36:54.615 [main] TRACE org.hibernate.loader.plan.build.internal.AbstractLoadPlanBuildingAssociationVisitationStrategy - << Finishing up attribute : Attribute(name=name, type=string [non-identifier])
14:36:54.615 [main] DEBUG org.hibernate.persister.walking.spi.MetamodelGraphWalker - Visiting attribute path : photo
14:36:54.615 [main] TRACE org.hibernate.loader.plan.build.internal.AbstractLoadPlanBuildingAssociationVisitationStrategy - >> Starting attribute Attribute(name=photo, type=binary [non-identifier])
14:36:54.615 [main] TRACE org.hibernate.loader.plan.build.internal.AbstractLoadPlanBuildingAssociationVisitationStrategy - << Finishing up attribute : Attribute(name=photo, type=binary [non-identifier])
14:36:54.615 [main] TRACE org.hibernate.loader.plan.build.internal.AbstractLoadPlanBuildingAssociationVisitationStrategy - Popped fetch owner from stack : org.hibernate.loader.plan.build.internal.returns.EntityReturnImpl@6f044c58
14:36:54.615 [main] TRACE org.hibernate.loader.plan.build.internal.AbstractLoadPlanBuildingAssociationVisitationStrategy -  Finished root entity : com.soft.entity.CategoryEntity
14:36:54.615 [main] DEBUG org.hibernate.loader.plan.build.internal.FetchStyleLoadPlanBuildingAssociationVisitationStrategy - Building LoadPlan...
14:36:54.615 [main] DEBUG org.hibernate.loader.plan.exec.internal.LoadQueryJoinAndFetchProcessor - processing queryspace <gen:0>
14:36:54.616 [main] DEBUG org.hibernate.loader.plan.build.spi.LoadPlanTreePrinter - LoadPlan(entity=com.soft.entity.CategoryEntity)
    - Returns
       - EntityReturnImpl(entity=com.soft.entity.CategoryEntity, querySpaceUid=<gen:0>, path=com.soft.entity.CategoryEntity)
    - QuerySpaces
       - EntityQuerySpaceImpl(uid=<gen:0>, entity=com.soft.entity.CategoryEntity)
          - SQL table alias mapping - categoryen0_
          - alias suffix - 0_
          - suffixed key columns - {category1_0_0_}

14:36:54.616 [main] DEBUG org.hibernate.loader.entity.plan.EntityLoader - Static select for entity com.soft.entity.CategoryEntity [UPGRADE_NOWAIT]: select categoryen0_.category_id as category1_0_0_, categoryen0_.entity_name as entity_n2_0_0_, categoryen0_.name as name3_0_0_, categoryen0_.photo as photo4_0_0_ from category categoryen0_ where categoryen0_.category_id=? for update
14:36:54.616 [main] TRACE org.hibernate.loader.plan.build.internal.AbstractLoadPlanBuildingAssociationVisitationStrategy -  Starting root entity : com.soft.entity.CategoryEntity
14:36:54.616 [main] DEBUG org.hibernate.loader.plan.build.internal.spaces.QuerySpacesImpl - Adding QuerySpace : uid = <gen:0> -> org.hibernate.loader.plan.build.internal.spaces.EntityQuerySpaceImpl@6d074b14]
14:36:54.616 [main] TRACE org.hibernate.loader.plan.build.internal.AbstractLoadPlanBuildingAssociationVisitationStrategy - Pushing fetch source to stack : org.hibernate.loader.plan.build.internal.returns.EntityReturnImpl@c017175
14:36:54.616 [main] TRACE org.hibernate.loader.plan.build.internal.AbstractLoadPlanBuildingAssociationVisitationStrategy - .. Registering AssociationKey : AssociationKey(table=category, columns={category_id}) -> org.hibernate.loader.plan.build.internal.returns.EntityReturnImpl@c017175
14:36:54.616 [main] TRACE org.hibernate.loader.plan.build.internal.AbstractLoadPlanBuildingAssociationVisitationStrategy - >> Starting entity identifier : com.soft.entity.CategoryEntity
14:36:54.616 [main] DEBUG org.hibernate.persister.walking.spi.MetamodelGraphWalker - Visiting attribute path : entityName
14:36:54.616 [main] TRACE org.hibernate.loader.plan.build.internal.AbstractLoadPlanBuildingAssociationVisitationStrategy - >> Starting attribute Attribute(name=entityName, type=string [non-identifier])
14:36:54.616 [main] TRACE org.hibernate.loader.plan.build.internal.AbstractLoadPlanBuildingAssociationVisitationStrategy - << Finishing up attribute : Attribute(name=entityName, type=string [non-identifier])
14:36:54.616 [main] DEBUG org.hibernate.persister.walking.spi.MetamodelGraphWalker - Visiting attribute path : name
14:36:54.616 [main] TRACE org.hibernate.loader.plan.build.internal.AbstractLoadPlanBuildingAssociationVisitationStrategy - >> Starting attribute Attribute(name=name, type=string [non-identifier])
14:36:54.616 [main] TRACE org.hibernate.loader.plan.build.internal.AbstractLoadPlanBuildingAssociationVisitationStrategy - << Finishing up attribute : Attribute(name=name, type=string [non-identifier])
14:36:54.616 [main] DEBUG org.hibernate.persister.walking.spi.MetamodelGraphWalker - Visiting attribute path : photo
14:36:54.616 [main] TRACE org.hibernate.loader.plan.build.internal.AbstractLoadPlanBuildingAssociationVisitationStrategy - >> Starting attribute Attribute(name=photo, type=binary [non-identifier])
14:36:54.616 [main] TRACE org.hibernate.loader.plan.build.internal.AbstractLoadPlanBuildingAssociationVisitationStrategy - << Finishing up attribute : Attribute(name=photo, type=binary [non-identifier])
14:36:54.616 [main] TRACE org.hibernate.loader.plan.build.internal.AbstractLoadPlanBuildingAssociationVisitationStrategy - Popped fetch owner from stack : org.hibernate.loader.plan.build.internal.returns.EntityReturnImpl@c017175
14:36:54.616 [main] TRACE org.hibernate.loader.plan.build.internal.AbstractLoadPlanBuildingAssociationVisitationStrategy -  Finished root entity : com.soft.entity.CategoryEntity
14:36:54.616 [main] DEBUG org.hibernate.loader.plan.build.internal.FetchStyleLoadPlanBuildingAssociationVisitationStrategy - Building LoadPlan...
14:36:54.617 [main] DEBUG org.hibernate.loader.plan.exec.internal.LoadQueryJoinAndFetchProcessor - processing queryspace <gen:0>
14:36:54.617 [main] DEBUG org.hibernate.loader.plan.build.spi.LoadPlanTreePrinter - LoadPlan(entity=com.soft.entity.CategoryEntity)
    - Returns
       - EntityReturnImpl(entity=com.soft.entity.CategoryEntity, querySpaceUid=<gen:0>, path=com.soft.entity.CategoryEntity)
    - QuerySpaces
       - EntityQuerySpaceImpl(uid=<gen:0>, entity=com.soft.entity.CategoryEntity)
          - SQL table alias mapping - categoryen0_
          - alias suffix - 0_
          - suffixed key columns - {category1_0_0_}

14:36:54.617 [main] DEBUG org.hibernate.loader.entity.plan.EntityLoader - Static select for entity com.soft.entity.CategoryEntity [UPGRADE_SKIPLOCKED]: select categoryen0_.category_id as category1_0_0_, categoryen0_.entity_name as entity_n2_0_0_, categoryen0_.name as name3_0_0_, categoryen0_.photo as photo4_0_0_ from category categoryen0_ where categoryen0_.category_id=? for update
14:36:54.617 [main] TRACE org.hibernate.loader.plan.build.internal.AbstractLoadPlanBuildingAssociationVisitationStrategy -  Starting root entity : com.soft.entity.CategoryEntity
14:36:54.617 [main] DEBUG org.hibernate.loader.plan.build.internal.spaces.QuerySpacesImpl - Adding QuerySpace : uid = <gen:0> -> org.hibernate.loader.plan.build.internal.spaces.EntityQuerySpaceImpl@559cedee]
14:36:54.617 [main] TRACE org.hibernate.loader.plan.build.internal.AbstractLoadPlanBuildingAssociationVisitationStrategy - Pushing fetch source to stack : org.hibernate.loader.plan.build.internal.returns.EntityReturnImpl@18371d89
14:36:54.617 [main] TRACE org.hibernate.loader.plan.build.internal.AbstractLoadPlanBuildingAssociationVisitationStrategy - .. Registering AssociationKey : AssociationKey(table=category, columns={category_id}) -> org.hibernate.loader.plan.build.internal.returns.EntityReturnImpl@18371d89
14:36:54.617 [main] TRACE org.hibernate.loader.plan.build.internal.AbstractLoadPlanBuildingAssociationVisitationStrategy - >> Starting entity identifier : com.soft.entity.CategoryEntity
14:36:54.617 [main] DEBUG org.hibernate.persister.walking.spi.MetamodelGraphWalker - Visiting attribute path : entityName
14:36:54.617 [main] TRACE org.hibernate.loader.plan.build.internal.AbstractLoadPlanBuildingAssociationVisitationStrategy - >> Starting attribute Attribute(name=entityName, type=string [non-identifier])
14:36:54.617 [main] TRACE org.hibernate.loader.plan.build.internal.AbstractLoadPlanBuildingAssociationVisitationStrategy - << Finishing up attribute : Attribute(name=entityName, type=string [non-identifier])
14:36:54.617 [main] DEBUG org.hibernate.persister.walking.spi.MetamodelGraphWalker - Visiting attribute path : name
14:36:54.617 [main] TRACE org.hibernate.loader.plan.build.internal.AbstractLoadPlanBuildingAssociationVisitationStrategy - >> Starting attribute Attribute(name=name, type=string [non-identifier])
14:36:54.617 [main] TRACE org.hibernate.loader.plan.build.internal.AbstractLoadPlanBuildingAssociationVisitationStrategy - << Finishing up attribute : Attribute(name=name, type=string [non-identifier])
14:36:54.617 [main] DEBUG org.hibernate.persister.walking.spi.MetamodelGraphWalker - Visiting attribute path : photo
14:36:54.617 [main] TRACE org.hibernate.loader.plan.build.internal.AbstractLoadPlanBuildingAssociationVisitationStrategy - >> Starting attribute Attribute(name=photo, type=binary [non-identifier])
14:36:54.617 [main] TRACE org.hibernate.loader.plan.build.internal.AbstractLoadPlanBuildingAssociationVisitationStrategy - << Finishing up attribute : Attribute(name=photo, type=binary [non-identifier])
14:36:54.617 [main] TRACE org.hibernate.loader.plan.build.internal.AbstractLoadPlanBuildingAssociationVisitationStrategy - Popped fetch owner from stack : org.hibernate.loader.plan.build.internal.returns.EntityReturnImpl@18371d89
14:36:54.617 [main] TRACE org.hibernate.loader.plan.build.internal.AbstractLoadPlanBuildingAssociationVisitationStrategy -  Finished root entity : com.soft.entity.CategoryEntity
14:36:54.617 [main] DEBUG org.hibernate.loader.plan.build.internal.FetchStyleLoadPlanBuildingAssociationVisitationStrategy - Building LoadPlan...
14:36:54.618 [main] DEBUG org.hibernate.loader.plan.exec.internal.LoadQueryJoinAndFetchProcessor - processing queryspace <gen:0>
14:36:54.618 [main] DEBUG org.hibernate.loader.plan.build.spi.LoadPlanTreePrinter - LoadPlan(entity=com.soft.entity.CategoryEntity)
    - Returns
       - EntityReturnImpl(entity=com.soft.entity.CategoryEntity, querySpaceUid=<gen:0>, path=com.soft.entity.CategoryEntity)
    - QuerySpaces
       - EntityQuerySpaceImpl(uid=<gen:0>, entity=com.soft.entity.CategoryEntity)
          - SQL table alias mapping - categoryen0_
          - alias suffix - 0_
          - suffixed key columns - {category1_0_0_}

14:36:54.618 [main] DEBUG org.hibernate.loader.entity.plan.EntityLoader - Static select for entity com.soft.entity.CategoryEntity [FORCE]: select categoryen0_.category_id as category1_0_0_, categoryen0_.entity_name as entity_n2_0_0_, categoryen0_.name as name3_0_0_, categoryen0_.photo as photo4_0_0_ from category categoryen0_ where categoryen0_.category_id=? for update
14:36:54.618 [main] TRACE org.hibernate.loader.plan.build.internal.AbstractLoadPlanBuildingAssociationVisitationStrategy -  Starting root entity : com.soft.entity.CategoryEntity
14:36:54.618 [main] DEBUG org.hibernate.loader.plan.build.internal.spaces.QuerySpacesImpl - Adding QuerySpace : uid = <gen:0> -> org.hibernate.loader.plan.build.internal.spaces.EntityQuerySpaceImpl@4f3faa70]
14:36:54.618 [main] TRACE org.hibernate.loader.plan.build.internal.AbstractLoadPlanBuildingAssociationVisitationStrategy - Pushing fetch source to stack : org.hibernate.loader.plan.build.internal.returns.EntityReturnImpl@4832f03b
14:36:54.618 [main] TRACE org.hibernate.loader.plan.build.internal.AbstractLoadPlanBuildingAssociationVisitationStrategy - .. Registering AssociationKey : AssociationKey(table=category, columns={category_id}) -> org.hibernate.loader.plan.build.internal.returns.EntityReturnImpl@4832f03b
14:36:54.618 [main] TRACE org.hibernate.loader.plan.build.internal.AbstractLoadPlanBuildingAssociationVisitationStrategy - >> Starting entity identifier : com.soft.entity.CategoryEntity
14:36:54.618 [main] DEBUG org.hibernate.persister.walking.spi.MetamodelGraphWalker - Visiting attribute path : entityName
14:36:54.618 [main] TRACE org.hibernate.loader.plan.build.internal.AbstractLoadPlanBuildingAssociationVisitationStrategy - >> Starting attribute Attribute(name=entityName, type=string [non-identifier])
14:36:54.618 [main] TRACE org.hibernate.loader.plan.build.internal.AbstractLoadPlanBuildingAssociationVisitationStrategy - << Finishing up attribute : Attribute(name=entityName, type=string [non-identifier])
14:36:54.618 [main] DEBUG org.hibernate.persister.walking.spi.MetamodelGraphWalker - Visiting attribute path : name
14:36:54.618 [main] TRACE org.hibernate.loader.plan.build.internal.AbstractLoadPlanBuildingAssociationVisitationStrategy - >> Starting attribute Attribute(name=name, type=string [non-identifier])
14:36:54.618 [main] TRACE org.hibernate.loader.plan.build.internal.AbstractLoadPlanBuildingAssociationVisitationStrategy - << Finishing up attribute : Attribute(name=name, type=string [non-identifier])
14:36:54.618 [main] DEBUG org.hibernate.persister.walking.spi.MetamodelGraphWalker - Visiting attribute path : photo
14:36:54.618 [main] TRACE org.hibernate.loader.plan.build.internal.AbstractLoadPlanBuildingAssociationVisitationStrategy - >> Starting attribute Attribute(name=photo, type=binary [non-identifier])
14:36:54.618 [main] TRACE org.hibernate.loader.plan.build.internal.AbstractLoadPlanBuildingAssociationVisitationStrategy - << Finishing up attribute : Attribute(name=photo, type=binary [non-identifier])
14:36:54.618 [main] TRACE org.hibernate.loader.plan.build.internal.AbstractLoadPlanBuildingAssociationVisitationStrategy - Popped fetch owner from stack : org.hibernate.loader.plan.build.internal.returns.EntityReturnImpl@4832f03b
14:36:54.618 [main] TRACE org.hibernate.loader.plan.build.internal.AbstractLoadPlanBuildingAssociationVisitationStrategy -  Finished root entity : com.soft.entity.CategoryEntity
14:36:54.618 [main] DEBUG org.hibernate.loader.plan.build.internal.FetchStyleLoadPlanBuildingAssociationVisitationStrategy - Building LoadPlan...
14:36:54.618 [main] DEBUG org.hibernate.loader.plan.exec.internal.LoadQueryJoinAndFetchProcessor - processing queryspace <gen:0>
14:36:54.618 [main] DEBUG org.hibernate.loader.plan.build.spi.LoadPlanTreePrinter - LoadPlan(entity=com.soft.entity.CategoryEntity)
    - Returns
       - EntityReturnImpl(entity=com.soft.entity.CategoryEntity, querySpaceUid=<gen:0>, path=com.soft.entity.CategoryEntity)
    - QuerySpaces
       - EntityQuerySpaceImpl(uid=<gen:0>, entity=com.soft.entity.CategoryEntity)
          - SQL table alias mapping - categoryen0_
          - alias suffix - 0_
          - suffixed key columns - {category1_0_0_}

14:36:54.618 [main] DEBUG org.hibernate.loader.entity.plan.EntityLoader - Static select for entity com.soft.entity.CategoryEntity [PESSIMISTIC_READ]: select categoryen0_.category_id as category1_0_0_, categoryen0_.entity_name as entity_n2_0_0_, categoryen0_.name as name3_0_0_, categoryen0_.photo as photo4_0_0_ from category categoryen0_ where categoryen0_.category_id=? lock in share mode
14:36:54.618 [main] TRACE org.hibernate.loader.plan.build.internal.AbstractLoadPlanBuildingAssociationVisitationStrategy -  Starting root entity : com.soft.entity.CategoryEntity
14:36:54.618 [main] DEBUG org.hibernate.loader.plan.build.internal.spaces.QuerySpacesImpl - Adding QuerySpace : uid = <gen:0> -> org.hibernate.loader.plan.build.internal.spaces.EntityQuerySpaceImpl@7af3874e]
14:36:54.618 [main] TRACE org.hibernate.loader.plan.build.internal.AbstractLoadPlanBuildingAssociationVisitationStrategy - Pushing fetch source to stack : org.hibernate.loader.plan.build.internal.returns.EntityReturnImpl@5a8816cc
14:36:54.618 [main] TRACE org.hibernate.loader.plan.build.internal.AbstractLoadPlanBuildingAssociationVisitationStrategy - .. Registering AssociationKey : AssociationKey(table=category, columns={category_id}) -> org.hibernate.loader.plan.build.internal.returns.EntityReturnImpl@5a8816cc
14:36:54.619 [main] TRACE org.hibernate.loader.plan.build.internal.AbstractLoadPlanBuildingAssociationVisitationStrategy - >> Starting entity identifier : com.soft.entity.CategoryEntity
14:36:54.619 [main] DEBUG org.hibernate.persister.walking.spi.MetamodelGraphWalker - Visiting attribute path : entityName
14:36:54.619 [main] TRACE org.hibernate.loader.plan.build.internal.AbstractLoadPlanBuildingAssociationVisitationStrategy - >> Starting attribute Attribute(name=entityName, type=string [non-identifier])
14:36:54.619 [main] TRACE org.hibernate.loader.plan.build.internal.AbstractLoadPlanBuildingAssociationVisitationStrategy - << Finishing up attribute : Attribute(name=entityName, type=string [non-identifier])
14:36:54.619 [main] DEBUG org.hibernate.persister.walking.spi.MetamodelGraphWalker - Visiting attribute path : name
14:36:54.619 [main] TRACE org.hibernate.loader.plan.build.internal.AbstractLoadPlanBuildingAssociationVisitationStrategy - >> Starting attribute Attribute(name=name, type=string [non-identifier])
14:36:54.619 [main] TRACE org.hibernate.loader.plan.build.internal.AbstractLoadPlanBuildingAssociationVisitationStrategy - << Finishing up attribute : Attribute(name=name, type=string [non-identifier])
14:36:54.619 [main] DEBUG org.hibernate.persister.walking.spi.MetamodelGraphWalker - Visiting attribute path : photo
14:36:54.619 [main] TRACE org.hibernate.loader.plan.build.internal.AbstractLoadPlanBuildingAssociationVisitationStrategy - >> Starting attribute Attribute(name=photo, type=binary [non-identifier])
14:36:54.619 [main] TRACE org.hibernate.loader.plan.build.internal.AbstractLoadPlanBuildingAssociationVisitationStrategy - << Finishing up attribute : Attribute(name=photo, type=binary [non-identifier])
14:36:54.619 [main] TRACE org.hibernate.loader.plan.build.internal.AbstractLoadPlanBuildingAssociationVisitationStrategy - Popped fetch owner from stack : org.hibernate.loader.plan.build.internal.returns.EntityReturnImpl@5a8816cc
14:36:54.619 [main] TRACE org.hibernate.loader.plan.build.internal.AbstractLoadPlanBuildingAssociationVisitationStrategy -  Finished root entity : com.soft.entity.CategoryEntity
14:36:54.619 [main] DEBUG org.hibernate.loader.plan.build.internal.FetchStyleLoadPlanBuildingAssociationVisitationStrategy - Building LoadPlan...
14:36:54.619 [main] DEBUG org.hibernate.loader.plan.exec.internal.LoadQueryJoinAndFetchProcessor - processing queryspace <gen:0>
14:36:54.619 [main] DEBUG org.hibernate.loader.plan.build.spi.LoadPlanTreePrinter - LoadPlan(entity=com.soft.entity.CategoryEntity)
    - Returns
       - EntityReturnImpl(entity=com.soft.entity.CategoryEntity, querySpaceUid=<gen:0>, path=com.soft.entity.CategoryEntity)
    - QuerySpaces
       - EntityQuerySpaceImpl(uid=<gen:0>, entity=com.soft.entity.CategoryEntity)
          - SQL table alias mapping - categoryen0_
          - alias suffix - 0_
          - suffixed key columns - {category1_0_0_}

14:36:54.619 [main] DEBUG org.hibernate.loader.entity.plan.EntityLoader - Static select for entity com.soft.entity.CategoryEntity [PESSIMISTIC_WRITE]: select categoryen0_.category_id as category1_0_0_, categoryen0_.entity_name as entity_n2_0_0_, categoryen0_.name as name3_0_0_, categoryen0_.photo as photo4_0_0_ from category categoryen0_ where categoryen0_.category_id=? for update
14:36:54.619 [main] TRACE org.hibernate.loader.plan.build.internal.AbstractLoadPlanBuildingAssociationVisitationStrategy -  Starting root entity : com.soft.entity.CategoryEntity
14:36:54.619 [main] DEBUG org.hibernate.loader.plan.build.internal.spaces.QuerySpacesImpl - Adding QuerySpace : uid = <gen:0> -> org.hibernate.loader.plan.build.internal.spaces.EntityQuerySpaceImpl@68565bc7]
14:36:54.619 [main] TRACE org.hibernate.loader.plan.build.internal.AbstractLoadPlanBuildingAssociationVisitationStrategy - Pushing fetch source to stack : org.hibernate.loader.plan.build.internal.returns.EntityReturnImpl@37baddde
14:36:54.619 [main] TRACE org.hibernate.loader.plan.build.internal.AbstractLoadPlanBuildingAssociationVisitationStrategy - .. Registering AssociationKey : AssociationKey(table=category, columns={category_id}) -> org.hibernate.loader.plan.build.internal.returns.EntityReturnImpl@37baddde
14:36:54.619 [main] TRACE org.hibernate.loader.plan.build.internal.AbstractLoadPlanBuildingAssociationVisitationStrategy - >> Starting entity identifier : com.soft.entity.CategoryEntity
14:36:54.619 [main] DEBUG org.hibernate.persister.walking.spi.MetamodelGraphWalker - Visiting attribute path : entityName
14:36:54.619 [main] TRACE org.hibernate.loader.plan.build.internal.AbstractLoadPlanBuildingAssociationVisitationStrategy - >> Starting attribute Attribute(name=entityName, type=string [non-identifier])
14:36:54.619 [main] TRACE org.hibernate.loader.plan.build.internal.AbstractLoadPlanBuildingAssociationVisitationStrategy - << Finishing up attribute : Attribute(name=entityName, type=string [non-identifier])
14:36:54.619 [main] DEBUG org.hibernate.persister.walking.spi.MetamodelGraphWalker - Visiting attribute path : name
14:36:54.619 [main] TRACE org.hibernate.loader.plan.build.internal.AbstractLoadPlanBuildingAssociationVisitationStrategy - >> Starting attribute Attribute(name=name, type=string [non-identifier])
14:36:54.619 [main] TRACE org.hibernate.loader.plan.build.internal.AbstractLoadPlanBuildingAssociationVisitationStrategy - << Finishing up attribute : Attribute(name=name, type=string [non-identifier])
14:36:54.619 [main] DEBUG org.hibernate.persister.walking.spi.MetamodelGraphWalker - Visiting attribute path : photo
14:36:54.619 [main] TRACE org.hibernate.loader.plan.build.internal.AbstractLoadPlanBuildingAssociationVisitationStrategy - >> Starting attribute Attribute(name=photo, type=binary [non-identifier])
14:36:54.619 [main] TRACE org.hibernate.loader.plan.build.internal.AbstractLoadPlanBuildingAssociationVisitationStrategy - << Finishing up attribute : Attribute(name=photo, type=binary [non-identifier])
14:36:54.619 [main] TRACE org.hibernate.loader.plan.build.internal.AbstractLoadPlanBuildingAssociationVisitationStrategy - Popped fetch owner from stack : org.hibernate.loader.plan.build.internal.returns.EntityReturnImpl@37baddde
14:36:54.619 [main] TRACE org.hibernate.loader.plan.build.internal.AbstractLoadPlanBuildingAssociationVisitationStrategy -  Finished root entity : com.soft.entity.CategoryEntity
14:36:54.619 [main] DEBUG org.hibernate.loader.plan.build.internal.FetchStyleLoadPlanBuildingAssociationVisitationStrategy - Building LoadPlan...
14:36:54.619 [main] DEBUG org.hibernate.loader.plan.exec.internal.LoadQueryJoinAndFetchProcessor - processing queryspace <gen:0>
14:36:54.620 [main] DEBUG org.hibernate.loader.plan.build.spi.LoadPlanTreePrinter - LoadPlan(entity=com.soft.entity.CategoryEntity)
    - Returns
       - EntityReturnImpl(entity=com.soft.entity.CategoryEntity, querySpaceUid=<gen:0>, path=com.soft.entity.CategoryEntity)
    - QuerySpaces
       - EntityQuerySpaceImpl(uid=<gen:0>, entity=com.soft.entity.CategoryEntity)
          - SQL table alias mapping - categoryen0_
          - alias suffix - 0_
          - suffixed key columns - {category1_0_0_}

14:36:54.620 [main] DEBUG org.hibernate.loader.entity.plan.EntityLoader - Static select for entity com.soft.entity.CategoryEntity [PESSIMISTIC_FORCE_INCREMENT]: select categoryen0_.category_id as category1_0_0_, categoryen0_.entity_name as entity_n2_0_0_, categoryen0_.name as name3_0_0_, categoryen0_.photo as photo4_0_0_ from category categoryen0_ where categoryen0_.category_id=? for update
14:36:54.620 [main] TRACE org.hibernate.loader.plan.build.internal.AbstractLoadPlanBuildingAssociationVisitationStrategy -  Starting root entity : com.soft.entity.CategoryEntity
14:36:54.620 [main] DEBUG org.hibernate.loader.plan.build.internal.spaces.QuerySpacesImpl - Adding QuerySpace : uid = <gen:0> -> org.hibernate.loader.plan.build.internal.spaces.EntityQuerySpaceImpl@5115f590]
14:36:54.620 [main] TRACE org.hibernate.loader.plan.build.internal.AbstractLoadPlanBuildingAssociationVisitationStrategy - Pushing fetch source to stack : org.hibernate.loader.plan.build.internal.returns.EntityReturnImpl@4b31a708
14:36:54.620 [main] TRACE org.hibernate.loader.plan.build.internal.AbstractLoadPlanBuildingAssociationVisitationStrategy - .. Registering AssociationKey : AssociationKey(table=category, columns={category_id}) -> org.hibernate.loader.plan.build.internal.returns.EntityReturnImpl@4b31a708
14:36:54.620 [main] TRACE org.hibernate.loader.plan.build.internal.AbstractLoadPlanBuildingAssociationVisitationStrategy - >> Starting entity identifier : com.soft.entity.CategoryEntity
14:36:54.620 [main] DEBUG org.hibernate.persister.walking.spi.MetamodelGraphWalker - Visiting attribute path : entityName
14:36:54.620 [main] TRACE org.hibernate.loader.plan.build.internal.AbstractLoadPlanBuildingAssociationVisitationStrategy - >> Starting attribute Attribute(name=entityName, type=string [non-identifier])
14:36:54.620 [main] TRACE org.hibernate.loader.plan.build.internal.AbstractLoadPlanBuildingAssociationVisitationStrategy - << Finishing up attribute : Attribute(name=entityName, type=string [non-identifier])
14:36:54.620 [main] DEBUG org.hibernate.persister.walking.spi.MetamodelGraphWalker - Visiting attribute path : name
14:36:54.620 [main] TRACE org.hibernate.loader.plan.build.internal.AbstractLoadPlanBuildingAssociationVisitationStrategy - >> Starting attribute Attribute(name=name, type=string [non-identifier])
14:36:54.620 [main] TRACE org.hibernate.loader.plan.build.internal.AbstractLoadPlanBuildingAssociationVisitationStrategy - << Finishing up attribute : Attribute(name=name, type=string [non-identifier])
14:36:54.620 [main] DEBUG org.hibernate.persister.walking.spi.MetamodelGraphWalker - Visiting attribute path : photo
14:36:54.620 [main] TRACE org.hibernate.loader.plan.build.internal.AbstractLoadPlanBuildingAssociationVisitationStrategy - >> Starting attribute Attribute(name=photo, type=binary [non-identifier])
14:36:54.620 [main] TRACE org.hibernate.loader.plan.build.internal.AbstractLoadPlanBuildingAssociationVisitationStrategy - << Finishing up attribute : Attribute(name=photo, type=binary [non-identifier])
14:36:54.620 [main] TRACE org.hibernate.loader.plan.build.internal.AbstractLoadPlanBuildingAssociationVisitationStrategy - Popped fetch owner from stack : org.hibernate.loader.plan.build.internal.returns.EntityReturnImpl@4b31a708
14:36:54.620 [main] TRACE org.hibernate.loader.plan.build.internal.AbstractLoadPlanBuildingAssociationVisitationStrategy -  Finished root entity : com.soft.entity.CategoryEntity
14:36:54.620 [main] DEBUG org.hibernate.loader.plan.build.internal.FetchStyleLoadPlanBuildingAssociationVisitationStrategy - Building LoadPlan...
14:36:54.621 [main] DEBUG org.hibernate.loader.plan.exec.internal.LoadQueryJoinAndFetchProcessor - processing queryspace <gen:0>
14:36:54.621 [main] DEBUG org.hibernate.loader.plan.build.spi.LoadPlanTreePrinter - LoadPlan(entity=com.soft.entity.CategoryEntity)
    - Returns
       - EntityReturnImpl(entity=com.soft.entity.CategoryEntity, querySpaceUid=<gen:0>, path=com.soft.entity.CategoryEntity)
    - QuerySpaces
       - EntityQuerySpaceImpl(uid=<gen:0>, entity=com.soft.entity.CategoryEntity)
          - SQL table alias mapping - categoryen0_
          - alias suffix - 0_
          - suffixed key columns - {category1_0_0_}

14:36:54.621 [main] DEBUG org.hibernate.loader.entity.plan.EntityLoader - Static select for entity com.soft.entity.CategoryEntity [OPTIMISTIC]: select categoryen0_.category_id as category1_0_0_, categoryen0_.entity_name as entity_n2_0_0_, categoryen0_.name as name3_0_0_, categoryen0_.photo as photo4_0_0_ from category categoryen0_ where categoryen0_.category_id=?
14:36:54.621 [main] TRACE org.hibernate.loader.plan.build.internal.AbstractLoadPlanBuildingAssociationVisitationStrategy -  Starting root entity : com.soft.entity.CategoryEntity
14:36:54.621 [main] DEBUG org.hibernate.loader.plan.build.internal.spaces.QuerySpacesImpl - Adding QuerySpace : uid = <gen:0> -> org.hibernate.loader.plan.build.internal.spaces.EntityQuerySpaceImpl@11e355ca]
14:36:54.621 [main] TRACE org.hibernate.loader.plan.build.internal.AbstractLoadPlanBuildingAssociationVisitationStrategy - Pushing fetch source to stack : org.hibernate.loader.plan.build.internal.returns.EntityReturnImpl@70d63e05
14:36:54.621 [main] TRACE org.hibernate.loader.plan.build.internal.AbstractLoadPlanBuildingAssociationVisitationStrategy - .. Registering AssociationKey : AssociationKey(table=category, columns={category_id}) -> org.hibernate.loader.plan.build.internal.returns.EntityReturnImpl@70d63e05
14:36:54.621 [main] TRACE org.hibernate.loader.plan.build.internal.AbstractLoadPlanBuildingAssociationVisitationStrategy - >> Starting entity identifier : com.soft.entity.CategoryEntity
14:36:54.621 [main] DEBUG org.hibernate.persister.walking.spi.MetamodelGraphWalker - Visiting attribute path : entityName
14:36:54.621 [main] TRACE org.hibernate.loader.plan.build.internal.AbstractLoadPlanBuildingAssociationVisitationStrategy - >> Starting attribute Attribute(name=entityName, type=string [non-identifier])
14:36:54.621 [main] TRACE org.hibernate.loader.plan.build.internal.AbstractLoadPlanBuildingAssociationVisitationStrategy - << Finishing up attribute : Attribute(name=entityName, type=string [non-identifier])
14:36:54.622 [main] DEBUG org.hibernate.persister.walking.spi.MetamodelGraphWalker - Visiting attribute path : name
14:36:54.622 [main] TRACE org.hibernate.loader.plan.build.internal.AbstractLoadPlanBuildingAssociationVisitationStrategy - >> Starting attribute Attribute(name=name, type=string [non-identifier])
14:36:54.622 [main] TRACE org.hibernate.loader.plan.build.internal.AbstractLoadPlanBuildingAssociationVisitationStrategy - << Finishing up attribute : Attribute(name=name, type=string [non-identifier])
14:36:54.622 [main] DEBUG org.hibernate.persister.walking.spi.MetamodelGraphWalker - Visiting attribute path : photo
14:36:54.622 [main] TRACE org.hibernate.loader.plan.build.internal.AbstractLoadPlanBuildingAssociationVisitationStrategy - >> Starting attribute Attribute(name=photo, type=binary [non-identifier])
14:36:54.622 [main] TRACE org.hibernate.loader.plan.build.internal.AbstractLoadPlanBuildingAssociationVisitationStrategy - << Finishing up attribute : Attribute(name=photo, type=binary [non-identifier])
14:36:54.622 [main] TRACE org.hibernate.loader.plan.build.internal.AbstractLoadPlanBuildingAssociationVisitationStrategy - Popped fetch owner from stack : org.hibernate.loader.plan.build.internal.returns.EntityReturnImpl@70d63e05
14:36:54.622 [main] TRACE org.hibernate.loader.plan.build.internal.AbstractLoadPlanBuildingAssociationVisitationStrategy -  Finished root entity : com.soft.entity.CategoryEntity
14:36:54.622 [main] DEBUG org.hibernate.loader.plan.build.internal.FetchStyleLoadPlanBuildingAssociationVisitationStrategy - Building LoadPlan...
14:36:54.622 [main] DEBUG org.hibernate.loader.plan.exec.internal.LoadQueryJoinAndFetchProcessor - processing queryspace <gen:0>
14:36:54.622 [main] DEBUG org.hibernate.loader.plan.build.spi.LoadPlanTreePrinter - LoadPlan(entity=com.soft.entity.CategoryEntity)
    - Returns
       - EntityReturnImpl(entity=com.soft.entity.CategoryEntity, querySpaceUid=<gen:0>, path=com.soft.entity.CategoryEntity)
    - QuerySpaces
       - EntityQuerySpaceImpl(uid=<gen:0>, entity=com.soft.entity.CategoryEntity)
          - SQL table alias mapping - categoryen0_
          - alias suffix - 0_
          - suffixed key columns - {category1_0_0_}

14:36:54.622 [main] DEBUG org.hibernate.loader.entity.plan.EntityLoader - Static select for entity com.soft.entity.CategoryEntity [OPTIMISTIC_FORCE_INCREMENT]: select categoryen0_.category_id as category1_0_0_, categoryen0_.entity_name as entity_n2_0_0_, categoryen0_.name as name3_0_0_, categoryen0_.photo as photo4_0_0_ from category categoryen0_ where categoryen0_.category_id=?
14:36:54.622 [main] DEBUG org.hibernate.loader.Loader - Static select for action ACTION_MERGE on entity com.soft.entity.CategoryEntity: select categoryen0_.category_id as category1_0_0_, categoryen0_.entity_name as entity_n2_0_0_, categoryen0_.name as name3_0_0_, categoryen0_.photo as photo4_0_0_ from category categoryen0_ where categoryen0_.category_id=?
14:36:54.622 [main] DEBUG org.hibernate.loader.Loader - Static select for action ACTION_REFRESH on entity com.soft.entity.CategoryEntity: select categoryen0_.category_id as category1_0_0_, categoryen0_.entity_name as entity_n2_0_0_, categoryen0_.name as name3_0_0_, categoryen0_.photo as photo4_0_0_ from category categoryen0_ where categoryen0_.category_id=?
14:36:54.623 [main] DEBUG org.hibernate.persister.entity.AbstractEntityPersister - Static SQL for entity: com.soft.entity.PersonEntity
14:36:54.623 [main] DEBUG org.hibernate.persister.entity.AbstractEntityPersister -  Version select: select ID from PERSON where ID =?
14:36:54.623 [main] DEBUG org.hibernate.persister.entity.AbstractEntityPersister -  Snapshot select: select personenti_.ID, personenti_.NAME as NAME2_2_ from PERSON personenti_ where personenti_.ID=?
14:36:54.623 [main] DEBUG org.hibernate.persister.entity.AbstractEntityPersister -  Insert 0: insert into PERSON (NAME, ID) values (?, ?)
14:36:54.623 [main] DEBUG org.hibernate.persister.entity.AbstractEntityPersister -  Update 0: update PERSON set NAME=? where ID=?
14:36:54.623 [main] DEBUG org.hibernate.persister.entity.AbstractEntityPersister -  Delete 0: delete from PERSON where ID=?
14:36:54.623 [main] TRACE org.hibernate.loader.plan.build.internal.AbstractLoadPlanBuildingAssociationVisitationStrategy -  Starting root entity : com.soft.entity.PersonEntity
14:36:54.623 [main] DEBUG org.hibernate.loader.plan.build.internal.spaces.QuerySpacesImpl - Adding QuerySpace : uid = <gen:0> -> org.hibernate.loader.plan.build.internal.spaces.EntityQuerySpaceImpl@e11ecfa]
14:36:54.623 [main] TRACE org.hibernate.loader.plan.build.internal.AbstractLoadPlanBuildingAssociationVisitationStrategy - Pushing fetch source to stack : org.hibernate.loader.plan.build.internal.returns.EntityReturnImpl@485e13d7
14:36:54.623 [main] TRACE org.hibernate.loader.plan.build.internal.AbstractLoadPlanBuildingAssociationVisitationStrategy - .. Registering AssociationKey : AssociationKey(table=PERSON, columns={ID}) -> org.hibernate.loader.plan.build.internal.returns.EntityReturnImpl@485e13d7
14:36:54.623 [main] TRACE org.hibernate.loader.plan.build.internal.AbstractLoadPlanBuildingAssociationVisitationStrategy - >> Starting entity identifier : com.soft.entity.PersonEntity
14:36:54.623 [main] DEBUG org.hibernate.persister.walking.spi.MetamodelGraphWalker - Visiting attribute path : name
14:36:54.623 [main] TRACE org.hibernate.loader.plan.build.internal.AbstractLoadPlanBuildingAssociationVisitationStrategy - >> Starting attribute Attribute(name=name, type=character [non-identifier])
14:36:54.623 [main] TRACE org.hibernate.loader.plan.build.internal.AbstractLoadPlanBuildingAssociationVisitationStrategy - << Finishing up attribute : Attribute(name=name, type=character [non-identifier])
14:36:54.623 [main] TRACE org.hibernate.loader.plan.build.internal.AbstractLoadPlanBuildingAssociationVisitationStrategy - Popped fetch owner from stack : org.hibernate.loader.plan.build.internal.returns.EntityReturnImpl@485e13d7
14:36:54.623 [main] TRACE org.hibernate.loader.plan.build.internal.AbstractLoadPlanBuildingAssociationVisitationStrategy -  Finished root entity : com.soft.entity.PersonEntity
14:36:54.623 [main] DEBUG org.hibernate.loader.plan.build.internal.FetchStyleLoadPlanBuildingAssociationVisitationStrategy - Building LoadPlan...
14:36:54.623 [main] DEBUG org.hibernate.loader.plan.exec.internal.LoadQueryJoinAndFetchProcessor - processing queryspace <gen:0>
14:36:54.623 [main] DEBUG org.hibernate.loader.plan.build.spi.LoadPlanTreePrinter - LoadPlan(entity=com.soft.entity.PersonEntity)
    - Returns
       - EntityReturnImpl(entity=com.soft.entity.PersonEntity, querySpaceUid=<gen:0>, path=com.soft.entity.PersonEntity)
    - QuerySpaces
       - EntityQuerySpaceImpl(uid=<gen:0>, entity=com.soft.entity.PersonEntity)
          - SQL table alias mapping - personenti0_
          - alias suffix - 0_
          - suffixed key columns - {ID1_2_0_}

14:36:54.623 [main] DEBUG org.hibernate.loader.entity.plan.EntityLoader - Static select for entity com.soft.entity.PersonEntity [NONE]: select personenti0_.ID as ID1_2_0_, personenti0_.NAME as NAME2_2_0_ from PERSON personenti0_ where personenti0_.ID=?
14:36:54.623 [main] TRACE org.hibernate.loader.plan.build.internal.AbstractLoadPlanBuildingAssociationVisitationStrategy -  Starting root entity : com.soft.entity.PersonEntity
14:36:54.623 [main] DEBUG org.hibernate.loader.plan.build.internal.spaces.QuerySpacesImpl - Adding QuerySpace : uid = <gen:0> -> org.hibernate.loader.plan.build.internal.spaces.EntityQuerySpaceImpl@43984213]
14:36:54.623 [main] TRACE org.hibernate.loader.plan.build.internal.AbstractLoadPlanBuildingAssociationVisitationStrategy - Pushing fetch source to stack : org.hibernate.loader.plan.build.internal.returns.EntityReturnImpl@2ff7a73
14:36:54.623 [main] TRACE org.hibernate.loader.plan.build.internal.AbstractLoadPlanBuildingAssociationVisitationStrategy - .. Registering AssociationKey : AssociationKey(table=PERSON, columns={ID}) -> org.hibernate.loader.plan.build.internal.returns.EntityReturnImpl@2ff7a73
14:36:54.623 [main] TRACE org.hibernate.loader.plan.build.internal.AbstractLoadPlanBuildingAssociationVisitationStrategy - >> Starting entity identifier : com.soft.entity.PersonEntity
14:36:54.623 [main] DEBUG org.hibernate.persister.walking.spi.MetamodelGraphWalker - Visiting attribute path : name
14:36:54.623 [main] TRACE org.hibernate.loader.plan.build.internal.AbstractLoadPlanBuildingAssociationVisitationStrategy - >> Starting attribute Attribute(name=name, type=character [non-identifier])
14:36:54.623 [main] TRACE org.hibernate.loader.plan.build.internal.AbstractLoadPlanBuildingAssociationVisitationStrategy - << Finishing up attribute : Attribute(name=name, type=character [non-identifier])
14:36:54.623 [main] TRACE org.hibernate.loader.plan.build.internal.AbstractLoadPlanBuildingAssociationVisitationStrategy - Popped fetch owner from stack : org.hibernate.loader.plan.build.internal.returns.EntityReturnImpl@2ff7a73
14:36:54.624 [main] TRACE org.hibernate.loader.plan.build.internal.AbstractLoadPlanBuildingAssociationVisitationStrategy -  Finished root entity : com.soft.entity.PersonEntity
14:36:54.624 [main] DEBUG org.hibernate.loader.plan.build.internal.FetchStyleLoadPlanBuildingAssociationVisitationStrategy - Building LoadPlan...
14:36:54.624 [main] DEBUG org.hibernate.loader.plan.exec.internal.LoadQueryJoinAndFetchProcessor - processing queryspace <gen:0>
14:36:54.624 [main] DEBUG org.hibernate.loader.plan.build.spi.LoadPlanTreePrinter - LoadPlan(entity=com.soft.entity.PersonEntity)
    - Returns
       - EntityReturnImpl(entity=com.soft.entity.PersonEntity, querySpaceUid=<gen:0>, path=com.soft.entity.PersonEntity)
    - QuerySpaces
       - EntityQuerySpaceImpl(uid=<gen:0>, entity=com.soft.entity.PersonEntity)
          - SQL table alias mapping - personenti0_
          - alias suffix - 0_
          - suffixed key columns - {ID1_2_0_}

14:36:54.624 [main] DEBUG org.hibernate.loader.entity.plan.EntityLoader - Static select for entity com.soft.entity.PersonEntity [READ]: select personenti0_.ID as ID1_2_0_, personenti0_.NAME as NAME2_2_0_ from PERSON personenti0_ where personenti0_.ID=?
14:36:54.624 [main] TRACE org.hibernate.loader.plan.build.internal.AbstractLoadPlanBuildingAssociationVisitationStrategy -  Starting root entity : com.soft.entity.PersonEntity
14:36:54.624 [main] DEBUG org.hibernate.loader.plan.build.internal.spaces.QuerySpacesImpl - Adding QuerySpace : uid = <gen:0> -> org.hibernate.loader.plan.build.internal.spaces.EntityQuerySpaceImpl@38830ea]
14:36:54.624 [main] TRACE org.hibernate.loader.plan.build.internal.AbstractLoadPlanBuildingAssociationVisitationStrategy - Pushing fetch source to stack : org.hibernate.loader.plan.build.internal.returns.EntityReturnImpl@3b705be7
14:36:54.624 [main] TRACE org.hibernate.loader.plan.build.internal.AbstractLoadPlanBuildingAssociationVisitationStrategy - .. Registering AssociationKey : AssociationKey(table=PERSON, columns={ID}) -> org.hibernate.loader.plan.build.internal.returns.EntityReturnImpl@3b705be7
14:36:54.624 [main] TRACE org.hibernate.loader.plan.build.internal.AbstractLoadPlanBuildingAssociationVisitationStrategy - >> Starting entity identifier : com.soft.entity.PersonEntity
14:36:54.624 [main] DEBUG org.hibernate.persister.walking.spi.MetamodelGraphWalker - Visiting attribute path : name
14:36:54.624 [main] TRACE org.hibernate.loader.plan.build.internal.AbstractLoadPlanBuildingAssociationVisitationStrategy - >> Starting attribute Attribute(name=name, type=character [non-identifier])
14:36:54.624 [main] TRACE org.hibernate.loader.plan.build.internal.AbstractLoadPlanBuildingAssociationVisitationStrategy - << Finishing up attribute : Attribute(name=name, type=character [non-identifier])
14:36:54.624 [main] TRACE org.hibernate.loader.plan.build.internal.AbstractLoadPlanBuildingAssociationVisitationStrategy - Popped fetch owner from stack : org.hibernate.loader.plan.build.internal.returns.EntityReturnImpl@3b705be7
14:36:54.624 [main] TRACE org.hibernate.loader.plan.build.internal.AbstractLoadPlanBuildingAssociationVisitationStrategy -  Finished root entity : com.soft.entity.PersonEntity
14:36:54.624 [main] DEBUG org.hibernate.loader.plan.build.internal.FetchStyleLoadPlanBuildingAssociationVisitationStrategy - Building LoadPlan...
14:36:54.625 [main] DEBUG org.hibernate.loader.plan.exec.internal.LoadQueryJoinAndFetchProcessor - processing queryspace <gen:0>
14:36:54.625 [main] DEBUG org.hibernate.loader.plan.build.spi.LoadPlanTreePrinter - LoadPlan(entity=com.soft.entity.PersonEntity)
    - Returns
       - EntityReturnImpl(entity=com.soft.entity.PersonEntity, querySpaceUid=<gen:0>, path=com.soft.entity.PersonEntity)
    - QuerySpaces
       - EntityQuerySpaceImpl(uid=<gen:0>, entity=com.soft.entity.PersonEntity)
          - SQL table alias mapping - personenti0_
          - alias suffix - 0_
          - suffixed key columns - {ID1_2_0_}

14:36:54.625 [main] DEBUG org.hibernate.loader.entity.plan.EntityLoader - Static select for entity com.soft.entity.PersonEntity [UPGRADE]: select personenti0_.ID as ID1_2_0_, personenti0_.NAME as NAME2_2_0_ from PERSON personenti0_ where personenti0_.ID=? for update
14:36:54.625 [main] TRACE org.hibernate.loader.plan.build.internal.AbstractLoadPlanBuildingAssociationVisitationStrategy -  Starting root entity : com.soft.entity.PersonEntity
14:36:54.625 [main] DEBUG org.hibernate.loader.plan.build.internal.spaces.QuerySpacesImpl - Adding QuerySpace : uid = <gen:0> -> org.hibernate.loader.plan.build.internal.spaces.EntityQuerySpaceImpl@3a790e40]
14:36:54.625 [main] TRACE org.hibernate.loader.plan.build.internal.AbstractLoadPlanBuildingAssociationVisitationStrategy - Pushing fetch source to stack : org.hibernate.loader.plan.build.internal.returns.EntityReturnImpl@43acd79e
14:36:54.625 [main] TRACE org.hibernate.loader.plan.build.internal.AbstractLoadPlanBuildingAssociationVisitationStrategy - .. Registering AssociationKey : AssociationKey(table=PERSON, columns={ID}) -> org.hibernate.loader.plan.build.internal.returns.EntityReturnImpl@43acd79e
14:36:54.625 [main] TRACE org.hibernate.loader.plan.build.internal.AbstractLoadPlanBuildingAssociationVisitationStrategy - >> Starting entity identifier : com.soft.entity.PersonEntity
14:36:54.625 [main] DEBUG org.hibernate.persister.walking.spi.MetamodelGraphWalker - Visiting attribute path : name
14:36:54.625 [main] TRACE org.hibernate.loader.plan.build.internal.AbstractLoadPlanBuildingAssociationVisitationStrategy - >> Starting attribute Attribute(name=name, type=character [non-identifier])
14:36:54.625 [main] TRACE org.hibernate.loader.plan.build.internal.AbstractLoadPlanBuildingAssociationVisitationStrategy - << Finishing up attribute : Attribute(name=name, type=character [non-identifier])
14:36:54.625 [main] TRACE org.hibernate.loader.plan.build.internal.AbstractLoadPlanBuildingAssociationVisitationStrategy - Popped fetch owner from stack : org.hibernate.loader.plan.build.internal.returns.EntityReturnImpl@43acd79e
14:36:54.625 [main] TRACE org.hibernate.loader.plan.build.internal.AbstractLoadPlanBuildingAssociationVisitationStrategy -  Finished root entity : com.soft.entity.PersonEntity
14:36:54.625 [main] DEBUG org.hibernate.loader.plan.build.internal.FetchStyleLoadPlanBuildingAssociationVisitationStrategy - Building LoadPlan...
14:36:54.625 [main] DEBUG org.hibernate.loader.plan.exec.internal.LoadQueryJoinAndFetchProcessor - processing queryspace <gen:0>
14:36:54.625 [main] DEBUG org.hibernate.loader.plan.build.spi.LoadPlanTreePrinter - LoadPlan(entity=com.soft.entity.PersonEntity)
    - Returns
       - EntityReturnImpl(entity=com.soft.entity.PersonEntity, querySpaceUid=<gen:0>, path=com.soft.entity.PersonEntity)
    - QuerySpaces
       - EntityQuerySpaceImpl(uid=<gen:0>, entity=com.soft.entity.PersonEntity)
          - SQL table alias mapping - personenti0_
          - alias suffix - 0_
          - suffixed key columns - {ID1_2_0_}

14:36:54.625 [main] DEBUG org.hibernate.loader.entity.plan.EntityLoader - Static select for entity com.soft.entity.PersonEntity [UPGRADE_NOWAIT]: select personenti0_.ID as ID1_2_0_, personenti0_.NAME as NAME2_2_0_ from PERSON personenti0_ where personenti0_.ID=? for update
14:36:54.625 [main] TRACE org.hibernate.loader.plan.build.internal.AbstractLoadPlanBuildingAssociationVisitationStrategy -  Starting root entity : com.soft.entity.PersonEntity
14:36:54.625 [main] DEBUG org.hibernate.loader.plan.build.internal.spaces.QuerySpacesImpl - Adding QuerySpace : uid = <gen:0> -> org.hibernate.loader.plan.build.internal.spaces.EntityQuerySpaceImpl@1e1b061]
14:36:54.625 [main] TRACE org.hibernate.loader.plan.build.internal.AbstractLoadPlanBuildingAssociationVisitationStrategy - Pushing fetch source to stack : org.hibernate.loader.plan.build.internal.returns.EntityReturnImpl@38f77cd9
14:36:54.625 [main] TRACE org.hibernate.loader.plan.build.internal.AbstractLoadPlanBuildingAssociationVisitationStrategy - .. Registering AssociationKey : AssociationKey(table=PERSON, columns={ID}) -> org.hibernate.loader.plan.build.internal.returns.EntityReturnImpl@38f77cd9
14:36:54.625 [main] TRACE org.hibernate.loader.plan.build.internal.AbstractLoadPlanBuildingAssociationVisitationStrategy - >> Starting entity identifier : com.soft.entity.PersonEntity
14:36:54.625 [main] DEBUG org.hibernate.persister.walking.spi.MetamodelGraphWalker - Visiting attribute path : name
14:36:54.625 [main] TRACE org.hibernate.loader.plan.build.internal.AbstractLoadPlanBuildingAssociationVisitationStrategy - >> Starting attribute Attribute(name=name, type=character [non-identifier])
14:36:54.625 [main] TRACE org.hibernate.loader.plan.build.internal.AbstractLoadPlanBuildingAssociationVisitationStrategy - << Finishing up attribute : Attribute(name=name, type=character [non-identifier])
14:36:54.625 [main] TRACE org.hibernate.loader.plan.build.internal.AbstractLoadPlanBuildingAssociationVisitationStrategy - Popped fetch owner from stack : org.hibernate.loader.plan.build.internal.returns.EntityReturnImpl@38f77cd9
14:36:54.626 [main] TRACE org.hibernate.loader.plan.build.internal.AbstractLoadPlanBuildingAssociationVisitationStrategy -  Finished root entity : com.soft.entity.PersonEntity
14:36:54.626 [main] DEBUG org.hibernate.loader.plan.build.internal.FetchStyleLoadPlanBuildingAssociationVisitationStrategy - Building LoadPlan...
14:36:54.626 [main] DEBUG org.hibernate.loader.plan.exec.internal.LoadQueryJoinAndFetchProcessor - processing queryspace <gen:0>
14:36:54.626 [main] DEBUG org.hibernate.loader.plan.build.spi.LoadPlanTreePrinter - LoadPlan(entity=com.soft.entity.PersonEntity)
    - Returns
       - EntityReturnImpl(entity=com.soft.entity.PersonEntity, querySpaceUid=<gen:0>, path=com.soft.entity.PersonEntity)
    - QuerySpaces
       - EntityQuerySpaceImpl(uid=<gen:0>, entity=com.soft.entity.PersonEntity)
          - SQL table alias mapping - personenti0_
          - alias suffix - 0_
          - suffixed key columns - {ID1_2_0_}

14:36:54.626 [main] DEBUG org.hibernate.loader.entity.plan.EntityLoader - Static select for entity com.soft.entity.PersonEntity [UPGRADE_SKIPLOCKED]: select personenti0_.ID as ID1_2_0_, personenti0_.NAME as NAME2_2_0_ from PERSON personenti0_ where personenti0_.ID=? for update
14:36:54.626 [main] TRACE org.hibernate.loader.plan.build.internal.AbstractLoadPlanBuildingAssociationVisitationStrategy -  Starting root entity : com.soft.entity.PersonEntity
14:36:54.626 [main] DEBUG org.hibernate.loader.plan.build.internal.spaces.QuerySpacesImpl - Adding QuerySpace : uid = <gen:0> -> org.hibernate.loader.plan.build.internal.spaces.EntityQuerySpaceImpl@4a8e6e89]
14:36:54.626 [main] TRACE org.hibernate.loader.plan.build.internal.AbstractLoadPlanBuildingAssociationVisitationStrategy - Pushing fetch source to stack : org.hibernate.loader.plan.build.internal.returns.EntityReturnImpl@6fbb4061
14:36:54.626 [main] TRACE org.hibernate.loader.plan.build.internal.AbstractLoadPlanBuildingAssociationVisitationStrategy - .. Registering AssociationKey : AssociationKey(table=PERSON, columns={ID}) -> org.hibernate.loader.plan.build.internal.returns.EntityReturnImpl@6fbb4061
14:36:54.626 [main] TRACE org.hibernate.loader.plan.build.internal.AbstractLoadPlanBuildingAssociationVisitationStrategy - >> Starting entity identifier : com.soft.entity.PersonEntity
14:36:54.626 [main] DEBUG org.hibernate.persister.walking.spi.MetamodelGraphWalker - Visiting attribute path : name
14:36:54.626 [main] TRACE org.hibernate.loader.plan.build.internal.AbstractLoadPlanBuildingAssociationVisitationStrategy - >> Starting attribute Attribute(name=name, type=character [non-identifier])
14:36:54.626 [main] TRACE org.hibernate.loader.plan.build.internal.AbstractLoadPlanBuildingAssociationVisitationStrategy - << Finishing up attribute : Attribute(name=name, type=character [non-identifier])
14:36:54.626 [main] TRACE org.hibernate.loader.plan.build.internal.AbstractLoadPlanBuildingAssociationVisitationStrategy - Popped fetch owner from stack : org.hibernate.loader.plan.build.internal.returns.EntityReturnImpl@6fbb4061
14:36:54.626 [main] TRACE org.hibernate.loader.plan.build.internal.AbstractLoadPlanBuildingAssociationVisitationStrategy -  Finished root entity : com.soft.entity.PersonEntity
14:36:54.626 [main] DEBUG org.hibernate.loader.plan.build.internal.FetchStyleLoadPlanBuildingAssociationVisitationStrategy - Building LoadPlan...
14:36:54.626 [main] DEBUG org.hibernate.loader.plan.exec.internal.LoadQueryJoinAndFetchProcessor - processing queryspace <gen:0>
14:36:54.627 [main] DEBUG org.hibernate.loader.plan.build.spi.LoadPlanTreePrinter - LoadPlan(entity=com.soft.entity.PersonEntity)
    - Returns
       - EntityReturnImpl(entity=com.soft.entity.PersonEntity, querySpaceUid=<gen:0>, path=com.soft.entity.PersonEntity)
    - QuerySpaces
       - EntityQuerySpaceImpl(uid=<gen:0>, entity=com.soft.entity.PersonEntity)
          - SQL table alias mapping - personenti0_
          - alias suffix - 0_
          - suffixed key columns - {ID1_2_0_}

14:36:54.627 [main] DEBUG org.hibernate.loader.entity.plan.EntityLoader - Static select for entity com.soft.entity.PersonEntity [FORCE]: select personenti0_.ID as ID1_2_0_, personenti0_.NAME as NAME2_2_0_ from PERSON personenti0_ where personenti0_.ID=? for update
14:36:54.627 [main] TRACE org.hibernate.loader.plan.build.internal.AbstractLoadPlanBuildingAssociationVisitationStrategy -  Starting root entity : com.soft.entity.PersonEntity
14:36:54.627 [main] DEBUG org.hibernate.loader.plan.build.internal.spaces.QuerySpacesImpl - Adding QuerySpace : uid = <gen:0> -> org.hibernate.loader.plan.build.internal.spaces.EntityQuerySpaceImpl@63d5874f]
14:36:54.627 [main] TRACE org.hibernate.loader.plan.build.internal.AbstractLoadPlanBuildingAssociationVisitationStrategy - Pushing fetch source to stack : org.hibernate.loader.plan.build.internal.returns.EntityReturnImpl@60c73e58
14:36:54.627 [main] TRACE org.hibernate.loader.plan.build.internal.AbstractLoadPlanBuildingAssociationVisitationStrategy - .. Registering AssociationKey : AssociationKey(table=PERSON, columns={ID}) -> org.hibernate.loader.plan.build.internal.returns.EntityReturnImpl@60c73e58
14:36:54.627 [main] TRACE org.hibernate.loader.plan.build.internal.AbstractLoadPlanBuildingAssociationVisitationStrategy - >> Starting entity identifier : com.soft.entity.PersonEntity
14:36:54.627 [main] DEBUG org.hibernate.persister.walking.spi.MetamodelGraphWalker - Visiting attribute path : name
14:36:54.627 [main] TRACE org.hibernate.loader.plan.build.internal.AbstractLoadPlanBuildingAssociationVisitationStrategy - >> Starting attribute Attribute(name=name, type=character [non-identifier])
14:36:54.627 [main] TRACE org.hibernate.loader.plan.build.internal.AbstractLoadPlanBuildingAssociationVisitationStrategy - << Finishing up attribute : Attribute(name=name, type=character [non-identifier])
14:36:54.628 [main] TRACE org.hibernate.loader.plan.build.internal.AbstractLoadPlanBuildingAssociationVisitationStrategy - Popped fetch owner from stack : org.hibernate.loader.plan.build.internal.returns.EntityReturnImpl@60c73e58
14:36:54.628 [main] TRACE org.hibernate.loader.plan.build.internal.AbstractLoadPlanBuildingAssociationVisitationStrategy -  Finished root entity : com.soft.entity.PersonEntity
14:36:54.628 [main] DEBUG org.hibernate.loader.plan.build.internal.FetchStyleLoadPlanBuildingAssociationVisitationStrategy - Building LoadPlan...
14:36:54.628 [main] DEBUG org.hibernate.loader.plan.exec.internal.LoadQueryJoinAndFetchProcessor - processing queryspace <gen:0>
14:36:54.628 [main] DEBUG org.hibernate.loader.plan.build.spi.LoadPlanTreePrinter - LoadPlan(entity=com.soft.entity.PersonEntity)
    - Returns
       - EntityReturnImpl(entity=com.soft.entity.PersonEntity, querySpaceUid=<gen:0>, path=com.soft.entity.PersonEntity)
    - QuerySpaces
       - EntityQuerySpaceImpl(uid=<gen:0>, entity=com.soft.entity.PersonEntity)
          - SQL table alias mapping - personenti0_
          - alias suffix - 0_
          - suffixed key columns - {ID1_2_0_}

14:36:54.628 [main] DEBUG org.hibernate.loader.entity.plan.EntityLoader - Static select for entity com.soft.entity.PersonEntity [PESSIMISTIC_READ]: select personenti0_.ID as ID1_2_0_, personenti0_.NAME as NAME2_2_0_ from PERSON personenti0_ where personenti0_.ID=? lock in share mode
14:36:54.628 [main] TRACE org.hibernate.loader.plan.build.internal.AbstractLoadPlanBuildingAssociationVisitationStrategy -  Starting root entity : com.soft.entity.PersonEntity
14:36:54.628 [main] DEBUG org.hibernate.loader.plan.build.internal.spaces.QuerySpacesImpl - Adding QuerySpace : uid = <gen:0> -> org.hibernate.loader.plan.build.internal.spaces.EntityQuerySpaceImpl@5984feef]
14:36:54.628 [main] TRACE org.hibernate.loader.plan.build.internal.AbstractLoadPlanBuildingAssociationVisitationStrategy - Pushing fetch source to stack : org.hibernate.loader.plan.build.internal.returns.EntityReturnImpl@6c0905f6
14:36:54.629 [main] TRACE org.hibernate.loader.plan.build.internal.AbstractLoadPlanBuildingAssociationVisitationStrategy - .. Registering AssociationKey : AssociationKey(table=PERSON, columns={ID}) -> org.hibernate.loader.plan.build.internal.returns.EntityReturnImpl@6c0905f6
14:36:54.629 [main] TRACE org.hibernate.loader.plan.build.internal.AbstractLoadPlanBuildingAssociationVisitationStrategy - >> Starting entity identifier : com.soft.entity.PersonEntity
14:36:54.629 [main] DEBUG org.hibernate.persister.walking.spi.MetamodelGraphWalker - Visiting attribute path : name
14:36:54.629 [main] TRACE org.hibernate.loader.plan.build.internal.AbstractLoadPlanBuildingAssociationVisitationStrategy - >> Starting attribute Attribute(name=name, type=character [non-identifier])
14:36:54.629 [main] TRACE org.hibernate.loader.plan.build.internal.AbstractLoadPlanBuildingAssociationVisitationStrategy - << Finishing up attribute : Attribute(name=name, type=character [non-identifier])
14:36:54.629 [main] TRACE org.hibernate.loader.plan.build.internal.AbstractLoadPlanBuildingAssociationVisitationStrategy - Popped fetch owner from stack : org.hibernate.loader.plan.build.internal.returns.EntityReturnImpl@6c0905f6
14:36:54.629 [main] TRACE org.hibernate.loader.plan.build.internal.AbstractLoadPlanBuildingAssociationVisitationStrategy -  Finished root entity : com.soft.entity.PersonEntity
14:36:54.629 [main] DEBUG org.hibernate.loader.plan.build.internal.FetchStyleLoadPlanBuildingAssociationVisitationStrategy - Building LoadPlan...
14:36:54.629 [main] DEBUG org.hibernate.loader.plan.exec.internal.LoadQueryJoinAndFetchProcessor - processing queryspace <gen:0>
14:36:54.630 [main] DEBUG org.hibernate.loader.plan.build.spi.LoadPlanTreePrinter - LoadPlan(entity=com.soft.entity.PersonEntity)
    - Returns
       - EntityReturnImpl(entity=com.soft.entity.PersonEntity, querySpaceUid=<gen:0>, path=com.soft.entity.PersonEntity)
    - QuerySpaces
       - EntityQuerySpaceImpl(uid=<gen:0>, entity=com.soft.entity.PersonEntity)
          - SQL table alias mapping - personenti0_
          - alias suffix - 0_
          - suffixed key columns - {ID1_2_0_}

14:36:54.630 [main] DEBUG org.hibernate.loader.entity.plan.EntityLoader - Static select for entity com.soft.entity.PersonEntity [PESSIMISTIC_WRITE]: select personenti0_.ID as ID1_2_0_, personenti0_.NAME as NAME2_2_0_ from PERSON personenti0_ where personenti0_.ID=? for update
14:36:54.630 [main] TRACE org.hibernate.loader.plan.build.internal.AbstractLoadPlanBuildingAssociationVisitationStrategy -  Starting root entity : com.soft.entity.PersonEntity
14:36:54.630 [main] DEBUG org.hibernate.loader.plan.build.internal.spaces.QuerySpacesImpl - Adding QuerySpace : uid = <gen:0> -> org.hibernate.loader.plan.build.internal.spaces.EntityQuerySpaceImpl@23a918c7]
14:36:54.630 [main] TRACE org.hibernate.loader.plan.build.internal.AbstractLoadPlanBuildingAssociationVisitationStrategy - Pushing fetch source to stack : org.hibernate.loader.plan.build.internal.returns.EntityReturnImpl@7a45d714
14:36:54.630 [main] TRACE org.hibernate.loader.plan.build.internal.AbstractLoadPlanBuildingAssociationVisitationStrategy - .. Registering AssociationKey : AssociationKey(table=PERSON, columns={ID}) -> org.hibernate.loader.plan.build.internal.returns.EntityReturnImpl@7a45d714
14:36:54.630 [main] TRACE org.hibernate.loader.plan.build.internal.AbstractLoadPlanBuildingAssociationVisitationStrategy - >> Starting entity identifier : com.soft.entity.PersonEntity
14:36:54.630 [main] DEBUG org.hibernate.persister.walking.spi.MetamodelGraphWalker - Visiting attribute path : name
14:36:54.630 [main] TRACE org.hibernate.loader.plan.build.internal.AbstractLoadPlanBuildingAssociationVisitationStrategy - >> Starting attribute Attribute(name=name, type=character [non-identifier])
14:36:54.630 [main] TRACE org.hibernate.loader.plan.build.internal.AbstractLoadPlanBuildingAssociationVisitationStrategy - << Finishing up attribute : Attribute(name=name, type=character [non-identifier])
14:36:54.630 [main] TRACE org.hibernate.loader.plan.build.internal.AbstractLoadPlanBuildingAssociationVisitationStrategy - Popped fetch owner from stack : org.hibernate.loader.plan.build.internal.returns.EntityReturnImpl@7a45d714
14:36:54.630 [main] TRACE org.hibernate.loader.plan.build.internal.AbstractLoadPlanBuildingAssociationVisitationStrategy -  Finished root entity : com.soft.entity.PersonEntity
14:36:54.630 [main] DEBUG org.hibernate.loader.plan.build.internal.FetchStyleLoadPlanBuildingAssociationVisitationStrategy - Building LoadPlan...
14:36:54.630 [main] DEBUG org.hibernate.loader.plan.exec.internal.LoadQueryJoinAndFetchProcessor - processing queryspace <gen:0>
14:36:54.630 [main] DEBUG org.hibernate.loader.plan.build.spi.LoadPlanTreePrinter - LoadPlan(entity=com.soft.entity.PersonEntity)
    - Returns
       - EntityReturnImpl(entity=com.soft.entity.PersonEntity, querySpaceUid=<gen:0>, path=com.soft.entity.PersonEntity)
    - QuerySpaces
       - EntityQuerySpaceImpl(uid=<gen:0>, entity=com.soft.entity.PersonEntity)
          - SQL table alias mapping - personenti0_
          - alias suffix - 0_
          - suffixed key columns - {ID1_2_0_}

14:36:54.630 [main] DEBUG org.hibernate.loader.entity.plan.EntityLoader - Static select for entity com.soft.entity.PersonEntity [PESSIMISTIC_FORCE_INCREMENT]: select personenti0_.ID as ID1_2_0_, personenti0_.NAME as NAME2_2_0_ from PERSON personenti0_ where personenti0_.ID=? for update
14:36:54.631 [main] TRACE org.hibernate.loader.plan.build.internal.AbstractLoadPlanBuildingAssociationVisitationStrategy -  Starting root entity : com.soft.entity.PersonEntity
14:36:54.631 [main] DEBUG org.hibernate.loader.plan.build.internal.spaces.QuerySpacesImpl - Adding QuerySpace : uid = <gen:0> -> org.hibernate.loader.plan.build.internal.spaces.EntityQuerySpaceImpl@4483d35]
14:36:54.631 [main] TRACE org.hibernate.loader.plan.build.internal.AbstractLoadPlanBuildingAssociationVisitationStrategy - Pushing fetch source to stack : org.hibernate.loader.plan.build.internal.returns.EntityReturnImpl@204abeff
14:36:54.631 [main] TRACE org.hibernate.loader.plan.build.internal.AbstractLoadPlanBuildingAssociationVisitationStrategy - .. Registering AssociationKey : AssociationKey(table=PERSON, columns={ID}) -> org.hibernate.loader.plan.build.internal.returns.EntityReturnImpl@204abeff
14:36:54.631 [main] TRACE org.hibernate.loader.plan.build.internal.AbstractLoadPlanBuildingAssociationVisitationStrategy - >> Starting entity identifier : com.soft.entity.PersonEntity
14:36:54.631 [main] DEBUG org.hibernate.persister.walking.spi.MetamodelGraphWalker - Visiting attribute path : name
14:36:54.631 [main] TRACE org.hibernate.loader.plan.build.internal.AbstractLoadPlanBuildingAssociationVisitationStrategy - >> Starting attribute Attribute(name=name, type=character [non-identifier])
14:36:54.631 [main] TRACE org.hibernate.loader.plan.build.internal.AbstractLoadPlanBuildingAssociationVisitationStrategy - << Finishing up attribute : Attribute(name=name, type=character [non-identifier])
14:36:54.631 [main] TRACE org.hibernate.loader.plan.build.internal.AbstractLoadPlanBuildingAssociationVisitationStrategy - Popped fetch owner from stack : org.hibernate.loader.plan.build.internal.returns.EntityReturnImpl@204abeff
14:36:54.631 [main] TRACE org.hibernate.loader.plan.build.internal.AbstractLoadPlanBuildingAssociationVisitationStrategy -  Finished root entity : com.soft.entity.PersonEntity
14:36:54.631 [main] DEBUG org.hibernate.loader.plan.build.internal.FetchStyleLoadPlanBuildingAssociationVisitationStrategy - Building LoadPlan...
14:36:54.631 [main] DEBUG org.hibernate.loader.plan.exec.internal.LoadQueryJoinAndFetchProcessor - processing queryspace <gen:0>
14:36:54.631 [main] DEBUG org.hibernate.loader.plan.build.spi.LoadPlanTreePrinter - LoadPlan(entity=com.soft.entity.PersonEntity)
    - Returns
       - EntityReturnImpl(entity=com.soft.entity.PersonEntity, querySpaceUid=<gen:0>, path=com.soft.entity.PersonEntity)
    - QuerySpaces
       - EntityQuerySpaceImpl(uid=<gen:0>, entity=com.soft.entity.PersonEntity)
          - SQL table alias mapping - personenti0_
          - alias suffix - 0_
          - suffixed key columns - {ID1_2_0_}

14:36:54.631 [main] DEBUG org.hibernate.loader.entity.plan.EntityLoader - Static select for entity com.soft.entity.PersonEntity [OPTIMISTIC]: select personenti0_.ID as ID1_2_0_, personenti0_.NAME as NAME2_2_0_ from PERSON personenti0_ where personenti0_.ID=?
14:36:54.631 [main] TRACE org.hibernate.loader.plan.build.internal.AbstractLoadPlanBuildingAssociationVisitationStrategy -  Starting root entity : com.soft.entity.PersonEntity
14:36:54.631 [main] DEBUG org.hibernate.loader.plan.build.internal.spaces.QuerySpacesImpl - Adding QuerySpace : uid = <gen:0> -> org.hibernate.loader.plan.build.internal.spaces.EntityQuerySpaceImpl@4b4ee511]
14:36:54.631 [main] TRACE org.hibernate.loader.plan.build.internal.AbstractLoadPlanBuildingAssociationVisitationStrategy - Pushing fetch source to stack : org.hibernate.loader.plan.build.internal.returns.EntityReturnImpl@1f67761b
14:36:54.631 [main] TRACE org.hibernate.loader.plan.build.internal.AbstractLoadPlanBuildingAssociationVisitationStrategy - .. Registering AssociationKey : AssociationKey(table=PERSON, columns={ID}) -> org.hibernate.loader.plan.build.internal.returns.EntityReturnImpl@1f67761b
14:36:54.631 [main] TRACE org.hibernate.loader.plan.build.internal.AbstractLoadPlanBuildingAssociationVisitationStrategy - >> Starting entity identifier : com.soft.entity.PersonEntity
14:36:54.631 [main] DEBUG org.hibernate.persister.walking.spi.MetamodelGraphWalker - Visiting attribute path : name
14:36:54.631 [main] TRACE org.hibernate.loader.plan.build.internal.AbstractLoadPlanBuildingAssociationVisitationStrategy - >> Starting attribute Attribute(name=name, type=character [non-identifier])
14:36:54.631 [main] TRACE org.hibernate.loader.plan.build.internal.AbstractLoadPlanBuildingAssociationVisitationStrategy - << Finishing up attribute : Attribute(name=name, type=character [non-identifier])
14:36:54.631 [main] TRACE org.hibernate.loader.plan.build.internal.AbstractLoadPlanBuildingAssociationVisitationStrategy - Popped fetch owner from stack : org.hibernate.loader.plan.build.internal.returns.EntityReturnImpl@1f67761b
14:36:54.632 [main] TRACE org.hibernate.loader.plan.build.internal.AbstractLoadPlanBuildingAssociationVisitationStrategy -  Finished root entity : com.soft.entity.PersonEntity
14:36:54.632 [main] DEBUG org.hibernate.loader.plan.build.internal.FetchStyleLoadPlanBuildingAssociationVisitationStrategy - Building LoadPlan...
14:36:54.632 [main] DEBUG org.hibernate.loader.plan.exec.internal.LoadQueryJoinAndFetchProcessor - processing queryspace <gen:0>
14:36:54.632 [main] DEBUG org.hibernate.loader.plan.build.spi.LoadPlanTreePrinter - LoadPlan(entity=com.soft.entity.PersonEntity)
    - Returns
       - EntityReturnImpl(entity=com.soft.entity.PersonEntity, querySpaceUid=<gen:0>, path=com.soft.entity.PersonEntity)
    - QuerySpaces
       - EntityQuerySpaceImpl(uid=<gen:0>, entity=com.soft.entity.PersonEntity)
          - SQL table alias mapping - personenti0_
          - alias suffix - 0_
          - suffixed key columns - {ID1_2_0_}

14:36:54.632 [main] DEBUG org.hibernate.loader.entity.plan.EntityLoader - Static select for entity com.soft.entity.PersonEntity [OPTIMISTIC_FORCE_INCREMENT]: select personenti0_.ID as ID1_2_0_, personenti0_.NAME as NAME2_2_0_ from PERSON personenti0_ where personenti0_.ID=?
14:36:54.632 [main] DEBUG org.hibernate.loader.Loader - Static select for action ACTION_MERGE on entity com.soft.entity.PersonEntity: select personenti0_.ID as ID1_2_0_, personenti0_.NAME as NAME2_2_0_ from PERSON personenti0_ where personenti0_.ID=?
14:36:54.632 [main] DEBUG org.hibernate.loader.Loader - Static select for action ACTION_REFRESH on entity com.soft.entity.PersonEntity: select personenti0_.ID as ID1_2_0_, personenti0_.NAME as NAME2_2_0_ from PERSON personenti0_ where personenti0_.ID=?
14:36:54.632 [main] DEBUG org.hibernate.persister.entity.AbstractEntityPersister - Static SQL for entity: com.soft.entity.LocaleMessageEntity
14:36:54.632 [main] DEBUG org.hibernate.persister.entity.AbstractEntityPersister -  Version select: select ID from locale where ID =?
14:36:54.632 [main] DEBUG org.hibernate.persister.entity.AbstractEntityPersister -  Snapshot select: select localemess_.ID, localemess_.locale as locale2_1_, localemess_.message as message3_1_, localemess_.msgkey as msgkey4_1_ from locale localemess_ where localemess_.ID=?
14:36:54.632 [main] DEBUG org.hibernate.persister.entity.AbstractEntityPersister -  Insert 0: insert into locale (locale, message, msgkey, ID) values (?, ?, ?, ?)
14:36:54.632 [main] DEBUG org.hibernate.persister.entity.AbstractEntityPersister -  Update 0: update locale set locale=?, message=?, msgkey=? where ID=?
14:36:54.632 [main] DEBUG org.hibernate.persister.entity.AbstractEntityPersister -  Delete 0: delete from locale where ID=?
14:36:54.632 [main] TRACE org.hibernate.loader.plan.build.internal.AbstractLoadPlanBuildingAssociationVisitationStrategy -  Starting root entity : com.soft.entity.LocaleMessageEntity
14:36:54.633 [main] DEBUG org.hibernate.loader.plan.build.internal.spaces.QuerySpacesImpl - Adding QuerySpace : uid = <gen:0> -> org.hibernate.loader.plan.build.internal.spaces.EntityQuerySpaceImpl@5a034157]
14:36:54.633 [main] TRACE org.hibernate.loader.plan.build.internal.AbstractLoadPlanBuildingAssociationVisitationStrategy - Pushing fetch source to stack : org.hibernate.loader.plan.build.internal.returns.EntityReturnImpl@2f4ba1ae
14:36:54.633 [main] TRACE org.hibernate.loader.plan.build.internal.AbstractLoadPlanBuildingAssociationVisitationStrategy - .. Registering AssociationKey : AssociationKey(table=locale, columns={ID}) -> org.hibernate.loader.plan.build.internal.returns.EntityReturnImpl@2f4ba1ae
14:36:54.633 [main] TRACE org.hibernate.loader.plan.build.internal.AbstractLoadPlanBuildingAssociationVisitationStrategy - >> Starting entity identifier : com.soft.entity.LocaleMessageEntity
14:36:54.633 [main] DEBUG org.hibernate.persister.walking.spi.MetamodelGraphWalker - Visiting attribute path : locale
14:36:54.633 [main] TRACE org.hibernate.loader.plan.build.internal.AbstractLoadPlanBuildingAssociationVisitationStrategy - >> Starting attribute Attribute(name=locale, type=string [non-identifier])
14:36:54.633 [main] TRACE org.hibernate.loader.plan.build.internal.AbstractLoadPlanBuildingAssociationVisitationStrategy - << Finishing up attribute : Attribute(name=locale, type=string [non-identifier])
14:36:54.633 [main] DEBUG org.hibernate.persister.walking.spi.MetamodelGraphWalker - Visiting attribute path : message
14:36:54.633 [main] TRACE org.hibernate.loader.plan.build.internal.AbstractLoadPlanBuildingAssociationVisitationStrategy - >> Starting attribute Attribute(name=message, type=string [non-identifier])
14:36:54.633 [main] TRACE org.hibernate.loader.plan.build.internal.AbstractLoadPlanBuildingAssociationVisitationStrategy - << Finishing up attribute : Attribute(name=message, type=string [non-identifier])
14:36:54.633 [main] DEBUG org.hibernate.persister.walking.spi.MetamodelGraphWalker - Visiting attribute path : msgKey
14:36:54.633 [main] TRACE org.hibernate.loader.plan.build.internal.AbstractLoadPlanBuildingAssociationVisitationStrategy - >> Starting attribute Attribute(name=msgKey, type=string [non-identifier])
14:36:54.633 [main] TRACE org.hibernate.loader.plan.build.internal.AbstractLoadPlanBuildingAssociationVisitationStrategy - << Finishing up attribute : Attribute(name=msgKey, type=string [non-identifier])
14:36:54.633 [main] TRACE org.hibernate.loader.plan.build.internal.AbstractLoadPlanBuildingAssociationVisitationStrategy - Popped fetch owner from stack : org.hibernate.loader.plan.build.internal.returns.EntityReturnImpl@2f4ba1ae
14:36:54.633 [main] TRACE org.hibernate.loader.plan.build.internal.AbstractLoadPlanBuildingAssociationVisitationStrategy -  Finished root entity : com.soft.entity.LocaleMessageEntity
14:36:54.633 [main] DEBUG org.hibernate.loader.plan.build.internal.FetchStyleLoadPlanBuildingAssociationVisitationStrategy - Building LoadPlan...
14:36:54.633 [main] DEBUG org.hibernate.loader.plan.exec.internal.LoadQueryJoinAndFetchProcessor - processing queryspace <gen:0>
14:36:54.633 [main] DEBUG org.hibernate.loader.plan.build.spi.LoadPlanTreePrinter - LoadPlan(entity=com.soft.entity.LocaleMessageEntity)
    - Returns
       - EntityReturnImpl(entity=com.soft.entity.LocaleMessageEntity, querySpaceUid=<gen:0>, path=com.soft.entity.LocaleMessageEntity)
    - QuerySpaces
       - EntityQuerySpaceImpl(uid=<gen:0>, entity=com.soft.entity.LocaleMessageEntity)
          - SQL table alias mapping - localemess0_
          - alias suffix - 0_
          - suffixed key columns - {ID1_1_0_}

14:36:54.633 [main] DEBUG org.hibernate.loader.entity.plan.EntityLoader - Static select for entity com.soft.entity.LocaleMessageEntity [NONE]: select localemess0_.ID as ID1_1_0_, localemess0_.locale as locale2_1_0_, localemess0_.message as message3_1_0_, localemess0_.msgkey as msgkey4_1_0_ from locale localemess0_ where localemess0_.ID=?
14:36:54.633 [main] TRACE org.hibernate.loader.plan.build.internal.AbstractLoadPlanBuildingAssociationVisitationStrategy -  Starting root entity : com.soft.entity.LocaleMessageEntity
14:36:54.633 [main] DEBUG org.hibernate.loader.plan.build.internal.spaces.QuerySpacesImpl - Adding QuerySpace : uid = <gen:0> -> org.hibernate.loader.plan.build.internal.spaces.EntityQuerySpaceImpl@1391af3b]
14:36:54.633 [main] TRACE org.hibernate.loader.plan.build.internal.AbstractLoadPlanBuildingAssociationVisitationStrategy - Pushing fetch source to stack : org.hibernate.loader.plan.build.internal.returns.EntityReturnImpl@3762c4fc
14:36:54.633 [main] TRACE org.hibernate.loader.plan.build.internal.AbstractLoadPlanBuildingAssociationVisitationStrategy - .. Registering AssociationKey : AssociationKey(table=locale, columns={ID}) -> org.hibernate.loader.plan.build.internal.returns.EntityReturnImpl@3762c4fc
14:36:54.634 [main] TRACE org.hibernate.loader.plan.build.internal.AbstractLoadPlanBuildingAssociationVisitationStrategy - >> Starting entity identifier : com.soft.entity.LocaleMessageEntity
14:36:54.634 [main] DEBUG org.hibernate.persister.walking.spi.MetamodelGraphWalker - Visiting attribute path : locale
14:36:54.634 [main] TRACE org.hibernate.loader.plan.build.internal.AbstractLoadPlanBuildingAssociationVisitationStrategy - >> Starting attribute Attribute(name=locale, type=string [non-identifier])
14:36:54.634 [main] TRACE org.hibernate.loader.plan.build.internal.AbstractLoadPlanBuildingAssociationVisitationStrategy - << Finishing up attribute : Attribute(name=locale, type=string [non-identifier])
14:36:54.634 [main] DEBUG org.hibernate.persister.walking.spi.MetamodelGraphWalker - Visiting attribute path : message
14:36:54.634 [main] TRACE org.hibernate.loader.plan.build.internal.AbstractLoadPlanBuildingAssociationVisitationStrategy - >> Starting attribute Attribute(name=message, type=string [non-identifier])
14:36:54.634 [main] TRACE org.hibernate.loader.plan.build.internal.AbstractLoadPlanBuildingAssociationVisitationStrategy - << Finishing up attribute : Attribute(name=message, type=string [non-identifier])
14:36:54.634 [main] DEBUG org.hibernate.persister.walking.spi.MetamodelGraphWalker - Visiting attribute path : msgKey
14:36:54.634 [main] TRACE org.hibernate.loader.plan.build.internal.AbstractLoadPlanBuildingAssociationVisitationStrategy - >> Starting attribute Attribute(name=msgKey, type=string [non-identifier])
14:36:54.634 [main] TRACE org.hibernate.loader.plan.build.internal.AbstractLoadPlanBuildingAssociationVisitationStrategy - << Finishing up attribute : Attribute(name=msgKey, type=string [non-identifier])
14:36:54.634 [main] TRACE org.hibernate.loader.plan.build.internal.AbstractLoadPlanBuildingAssociationVisitationStrategy - Popped fetch owner from stack : org.hibernate.loader.plan.build.internal.returns.EntityReturnImpl@3762c4fc
14:36:54.634 [main] TRACE org.hibernate.loader.plan.build.internal.AbstractLoadPlanBuildingAssociationVisitationStrategy -  Finished root entity : com.soft.entity.LocaleMessageEntity
14:36:54.634 [main] DEBUG org.hibernate.loader.plan.build.internal.FetchStyleLoadPlanBuildingAssociationVisitationStrategy - Building LoadPlan...
14:36:54.634 [main] DEBUG org.hibernate.loader.plan.exec.internal.LoadQueryJoinAndFetchProcessor - processing queryspace <gen:0>
14:36:54.634 [main] DEBUG org.hibernate.loader.plan.build.spi.LoadPlanTreePrinter - LoadPlan(entity=com.soft.entity.LocaleMessageEntity)
    - Returns
       - EntityReturnImpl(entity=com.soft.entity.LocaleMessageEntity, querySpaceUid=<gen:0>, path=com.soft.entity.LocaleMessageEntity)
    - QuerySpaces
       - EntityQuerySpaceImpl(uid=<gen:0>, entity=com.soft.entity.LocaleMessageEntity)
          - SQL table alias mapping - localemess0_
          - alias suffix - 0_
          - suffixed key columns - {ID1_1_0_}

14:36:54.634 [main] DEBUG org.hibernate.loader.entity.plan.EntityLoader - Static select for entity com.soft.entity.LocaleMessageEntity [READ]: select localemess0_.ID as ID1_1_0_, localemess0_.locale as locale2_1_0_, localemess0_.message as message3_1_0_, localemess0_.msgkey as msgkey4_1_0_ from locale localemess0_ where localemess0_.ID=?
14:36:54.634 [main] TRACE org.hibernate.loader.plan.build.internal.AbstractLoadPlanBuildingAssociationVisitationStrategy -  Starting root entity : com.soft.entity.LocaleMessageEntity
14:36:54.634 [main] DEBUG org.hibernate.loader.plan.build.internal.spaces.QuerySpacesImpl - Adding QuerySpace : uid = <gen:0> -> org.hibernate.loader.plan.build.internal.spaces.EntityQuerySpaceImpl@77ab22be]
14:36:54.634 [main] TRACE org.hibernate.loader.plan.build.internal.AbstractLoadPlanBuildingAssociationVisitationStrategy - Pushing fetch source to stack : org.hibernate.loader.plan.build.internal.returns.EntityReturnImpl@59fbb34
14:36:54.634 [main] TRACE org.hibernate.loader.plan.build.internal.AbstractLoadPlanBuildingAssociationVisitationStrategy - .. Registering AssociationKey : AssociationKey(table=locale, columns={ID}) -> org.hibernate.loader.plan.build.internal.returns.EntityReturnImpl@59fbb34
14:36:54.634 [main] TRACE org.hibernate.loader.plan.build.internal.AbstractLoadPlanBuildingAssociationVisitationStrategy - >> Starting entity identifier : com.soft.entity.LocaleMessageEntity
14:36:54.635 [main] DEBUG org.hibernate.persister.walking.spi.MetamodelGraphWalker - Visiting attribute path : locale
14:36:54.635 [main] TRACE org.hibernate.loader.plan.build.internal.AbstractLoadPlanBuildingAssociationVisitationStrategy - >> Starting attribute Attribute(name=locale, type=string [non-identifier])
14:36:54.635 [main] TRACE org.hibernate.loader.plan.build.internal.AbstractLoadPlanBuildingAssociationVisitationStrategy - << Finishing up attribute : Attribute(name=locale, type=string [non-identifier])
14:36:54.635 [main] DEBUG org.hibernate.persister.walking.spi.MetamodelGraphWalker - Visiting attribute path : message
14:36:54.635 [main] TRACE org.hibernate.loader.plan.build.internal.AbstractLoadPlanBuildingAssociationVisitationStrategy - >> Starting attribute Attribute(name=message, type=string [non-identifier])
14:36:54.635 [main] TRACE org.hibernate.loader.plan.build.internal.AbstractLoadPlanBuildingAssociationVisitationStrategy - << Finishing up attribute : Attribute(name=message, type=string [non-identifier])
14:36:54.635 [main] DEBUG org.hibernate.persister.walking.spi.MetamodelGraphWalker - Visiting attribute path : msgKey
14:36:54.635 [main] TRACE org.hibernate.loader.plan.build.internal.AbstractLoadPlanBuildingAssociationVisitationStrategy - >> Starting attribute Attribute(name=msgKey, type=string [non-identifier])
14:36:54.635 [main] TRACE org.hibernate.loader.plan.build.internal.AbstractLoadPlanBuildingAssociationVisitationStrategy - << Finishing up attribute : Attribute(name=msgKey, type=string [non-identifier])
14:36:54.635 [main] TRACE org.hibernate.loader.plan.build.internal.AbstractLoadPlanBuildingAssociationVisitationStrategy - Popped fetch owner from stack : org.hibernate.loader.plan.build.internal.returns.EntityReturnImpl@59fbb34
14:36:54.635 [main] TRACE org.hibernate.loader.plan.build.internal.AbstractLoadPlanBuildingAssociationVisitationStrategy -  Finished root entity : com.soft.entity.LocaleMessageEntity
14:36:54.635 [main] DEBUG org.hibernate.loader.plan.build.internal.FetchStyleLoadPlanBuildingAssociationVisitationStrategy - Building LoadPlan...
14:36:54.635 [main] DEBUG org.hibernate.loader.plan.exec.internal.LoadQueryJoinAndFetchProcessor - processing queryspace <gen:0>
14:36:54.635 [main] DEBUG org.hibernate.loader.plan.build.spi.LoadPlanTreePrinter - LoadPlan(entity=com.soft.entity.LocaleMessageEntity)
    - Returns
       - EntityReturnImpl(entity=com.soft.entity.LocaleMessageEntity, querySpaceUid=<gen:0>, path=com.soft.entity.LocaleMessageEntity)
    - QuerySpaces
       - EntityQuerySpaceImpl(uid=<gen:0>, entity=com.soft.entity.LocaleMessageEntity)
          - SQL table alias mapping - localemess0_
          - alias suffix - 0_
          - suffixed key columns - {ID1_1_0_}

14:36:54.635 [main] DEBUG org.hibernate.loader.entity.plan.EntityLoader - Static select for entity com.soft.entity.LocaleMessageEntity [UPGRADE]: select localemess0_.ID as ID1_1_0_, localemess0_.locale as locale2_1_0_, localemess0_.message as message3_1_0_, localemess0_.msgkey as msgkey4_1_0_ from locale localemess0_ where localemess0_.ID=? for update
14:36:54.635 [main] TRACE org.hibernate.loader.plan.build.internal.AbstractLoadPlanBuildingAssociationVisitationStrategy -  Starting root entity : com.soft.entity.LocaleMessageEntity
14:36:54.635 [main] DEBUG org.hibernate.loader.plan.build.internal.spaces.QuerySpacesImpl - Adding QuerySpace : uid = <gen:0> -> org.hibernate.loader.plan.build.internal.spaces.EntityQuerySpaceImpl@1b6924cb]
14:36:54.635 [main] TRACE org.hibernate.loader.plan.build.internal.AbstractLoadPlanBuildingAssociationVisitationStrategy - Pushing fetch source to stack : org.hibernate.loader.plan.build.internal.returns.EntityReturnImpl@3a8d467e
14:36:54.636 [main] TRACE org.hibernate.loader.plan.build.internal.AbstractLoadPlanBuildingAssociationVisitationStrategy - .. Registering AssociationKey : AssociationKey(table=locale, columns={ID}) -> org.hibernate.loader.plan.build.internal.returns.EntityReturnImpl@3a8d467e
14:36:54.636 [main] TRACE org.hibernate.loader.plan.build.internal.AbstractLoadPlanBuildingAssociationVisitationStrategy - >> Starting entity identifier : com.soft.entity.LocaleMessageEntity
14:36:54.636 [main] DEBUG org.hibernate.persister.walking.spi.MetamodelGraphWalker - Visiting attribute path : locale
14:36:54.636 [main] TRACE org.hibernate.loader.plan.build.internal.AbstractLoadPlanBuildingAssociationVisitationStrategy - >> Starting attribute Attribute(name=locale, type=string [non-identifier])
14:36:54.636 [main] TRACE org.hibernate.loader.plan.build.internal.AbstractLoadPlanBuildingAssociationVisitationStrategy - << Finishing up attribute : Attribute(name=locale, type=string [non-identifier])
14:36:54.636 [main] DEBUG org.hibernate.persister.walking.spi.MetamodelGraphWalker - Visiting attribute path : message
14:36:54.636 [main] TRACE org.hibernate.loader.plan.build.internal.AbstractLoadPlanBuildingAssociationVisitationStrategy - >> Starting attribute Attribute(name=message, type=string [non-identifier])
14:36:54.636 [main] TRACE org.hibernate.loader.plan.build.internal.AbstractLoadPlanBuildingAssociationVisitationStrategy - << Finishing up attribute : Attribute(name=message, type=string [non-identifier])
14:36:54.636 [main] DEBUG org.hibernate.persister.walking.spi.MetamodelGraphWalker - Visiting attribute path : msgKey
14:36:54.636 [main] TRACE org.hibernate.loader.plan.build.internal.AbstractLoadPlanBuildingAssociationVisitationStrategy - >> Starting attribute Attribute(name=msgKey, type=string [non-identifier])
14:36:54.636 [main] TRACE org.hibernate.loader.plan.build.internal.AbstractLoadPlanBuildingAssociationVisitationStrategy - << Finishing up attribute : Attribute(name=msgKey, type=string [non-identifier])
14:36:54.636 [main] TRACE org.hibernate.loader.plan.build.internal.AbstractLoadPlanBuildingAssociationVisitationStrategy - Popped fetch owner from stack : org.hibernate.loader.plan.build.internal.returns.EntityReturnImpl@3a8d467e
14:36:54.636 [main] TRACE org.hibernate.loader.plan.build.internal.AbstractLoadPlanBuildingAssociationVisitationStrategy -  Finished root entity : com.soft.entity.LocaleMessageEntity
14:36:54.636 [main] DEBUG org.hibernate.loader.plan.build.internal.FetchStyleLoadPlanBuildingAssociationVisitationStrategy - Building LoadPlan...
14:36:54.636 [main] DEBUG org.hibernate.loader.plan.exec.internal.LoadQueryJoinAndFetchProcessor - processing queryspace <gen:0>
14:36:54.636 [main] DEBUG org.hibernate.loader.plan.build.spi.LoadPlanTreePrinter - LoadPlan(entity=com.soft.entity.LocaleMessageEntity)
    - Returns
       - EntityReturnImpl(entity=com.soft.entity.LocaleMessageEntity, querySpaceUid=<gen:0>, path=com.soft.entity.LocaleMessageEntity)
    - QuerySpaces
       - EntityQuerySpaceImpl(uid=<gen:0>, entity=com.soft.entity.LocaleMessageEntity)
          - SQL table alias mapping - localemess0_
          - alias suffix - 0_
          - suffixed key columns - {ID1_1_0_}

14:36:54.636 [main] DEBUG org.hibernate.loader.entity.plan.EntityLoader - Static select for entity com.soft.entity.LocaleMessageEntity [UPGRADE_NOWAIT]: select localemess0_.ID as ID1_1_0_, localemess0_.locale as locale2_1_0_, localemess0_.message as message3_1_0_, localemess0_.msgkey as msgkey4_1_0_ from locale localemess0_ where localemess0_.ID=? for update
14:36:54.636 [main] TRACE org.hibernate.loader.plan.build.internal.AbstractLoadPlanBuildingAssociationVisitationStrategy -  Starting root entity : com.soft.entity.LocaleMessageEntity
14:36:54.636 [main] DEBUG org.hibernate.loader.plan.build.internal.spaces.QuerySpacesImpl - Adding QuerySpace : uid = <gen:0> -> org.hibernate.loader.plan.build.internal.spaces.EntityQuerySpaceImpl@141d3d43]
14:36:54.636 [main] TRACE org.hibernate.loader.plan.build.internal.AbstractLoadPlanBuildingAssociationVisitationStrategy - Pushing fetch source to stack : org.hibernate.loader.plan.build.internal.returns.EntityReturnImpl@6ca372ef
14:36:54.637 [main] TRACE org.hibernate.loader.plan.build.internal.AbstractLoadPlanBuildingAssociationVisitationStrategy - .. Registering AssociationKey : AssociationKey(table=locale, columns={ID}) -> org.hibernate.loader.plan.build.internal.returns.EntityReturnImpl@6ca372ef
14:36:54.637 [main] TRACE org.hibernate.loader.plan.build.internal.AbstractLoadPlanBuildingAssociationVisitationStrategy - >> Starting entity identifier : com.soft.entity.LocaleMessageEntity
14:36:54.637 [main] DEBUG org.hibernate.persister.walking.spi.MetamodelGraphWalker - Visiting attribute path : locale
14:36:54.637 [main] TRACE org.hibernate.loader.plan.build.internal.AbstractLoadPlanBuildingAssociationVisitationStrategy - >> Starting attribute Attribute(name=locale, type=string [non-identifier])
14:36:54.637 [main] TRACE org.hibernate.loader.plan.build.internal.AbstractLoadPlanBuildingAssociationVisitationStrategy - << Finishing up attribute : Attribute(name=locale, type=string [non-identifier])
14:36:54.637 [main] DEBUG org.hibernate.persister.walking.spi.MetamodelGraphWalker - Visiting attribute path : message
14:36:54.637 [main] TRACE org.hibernate.loader.plan.build.internal.AbstractLoadPlanBuildingAssociationVisitationStrategy - >> Starting attribute Attribute(name=message, type=string [non-identifier])
14:36:54.637 [main] TRACE org.hibernate.loader.plan.build.internal.AbstractLoadPlanBuildingAssociationVisitationStrategy - << Finishing up attribute : Attribute(name=message, type=string [non-identifier])
14:36:54.637 [main] DEBUG org.hibernate.persister.walking.spi.MetamodelGraphWalker - Visiting attribute path : msgKey
14:36:54.637 [main] TRACE org.hibernate.loader.plan.build.internal.AbstractLoadPlanBuildingAssociationVisitationStrategy - >> Starting attribute Attribute(name=msgKey, type=string [non-identifier])
14:36:54.637 [main] TRACE org.hibernate.loader.plan.build.internal.AbstractLoadPlanBuildingAssociationVisitationStrategy - << Finishing up attribute : Attribute(name=msgKey, type=string [non-identifier])
14:36:54.637 [main] TRACE org.hibernate.loader.plan.build.internal.AbstractLoadPlanBuildingAssociationVisitationStrategy - Popped fetch owner from stack : org.hibernate.loader.plan.build.internal.returns.EntityReturnImpl@6ca372ef
14:36:54.637 [main] TRACE org.hibernate.loader.plan.build.internal.AbstractLoadPlanBuildingAssociationVisitationStrategy -  Finished root entity : com.soft.entity.LocaleMessageEntity
14:36:54.637 [main] DEBUG org.hibernate.loader.plan.build.internal.FetchStyleLoadPlanBuildingAssociationVisitationStrategy - Building LoadPlan...
14:36:54.637 [main] DEBUG org.hibernate.loader.plan.exec.internal.LoadQueryJoinAndFetchProcessor - processing queryspace <gen:0>
14:36:54.637 [main] DEBUG org.hibernate.loader.plan.build.spi.LoadPlanTreePrinter - LoadPlan(entity=com.soft.entity.LocaleMessageEntity)
    - Returns
       - EntityReturnImpl(entity=com.soft.entity.LocaleMessageEntity, querySpaceUid=<gen:0>, path=com.soft.entity.LocaleMessageEntity)
    - QuerySpaces
       - EntityQuerySpaceImpl(uid=<gen:0>, entity=com.soft.entity.LocaleMessageEntity)
          - SQL table alias mapping - localemess0_
          - alias suffix - 0_
          - suffixed key columns - {ID1_1_0_}

14:36:54.637 [main] DEBUG org.hibernate.loader.entity.plan.EntityLoader - Static select for entity com.soft.entity.LocaleMessageEntity [UPGRADE_SKIPLOCKED]: select localemess0_.ID as ID1_1_0_, localemess0_.locale as locale2_1_0_, localemess0_.message as message3_1_0_, localemess0_.msgkey as msgkey4_1_0_ from locale localemess0_ where localemess0_.ID=? for update
14:36:54.637 [main] TRACE org.hibernate.loader.plan.build.internal.AbstractLoadPlanBuildingAssociationVisitationStrategy -  Starting root entity : com.soft.entity.LocaleMessageEntity
14:36:54.637 [main] DEBUG org.hibernate.loader.plan.build.internal.spaces.QuerySpacesImpl - Adding QuerySpace : uid = <gen:0> -> org.hibernate.loader.plan.build.internal.spaces.EntityQuerySpaceImpl@3ebe4ccc]
14:36:54.637 [main] TRACE org.hibernate.loader.plan.build.internal.AbstractLoadPlanBuildingAssociationVisitationStrategy - Pushing fetch source to stack : org.hibernate.loader.plan.build.internal.returns.EntityReturnImpl@6ed043d3
14:36:54.637 [main] TRACE org.hibernate.loader.plan.build.internal.AbstractLoadPlanBuildingAssociationVisitationStrategy - .. Registering AssociationKey : AssociationKey(table=locale, columns={ID}) -> org.hibernate.loader.plan.build.internal.returns.EntityReturnImpl@6ed043d3
14:36:54.637 [main] TRACE org.hibernate.loader.plan.build.internal.AbstractLoadPlanBuildingAssociationVisitationStrategy - >> Starting entity identifier : com.soft.entity.LocaleMessageEntity
14:36:54.638 [main] DEBUG org.hibernate.persister.walking.spi.MetamodelGraphWalker - Visiting attribute path : locale
14:36:54.638 [main] TRACE org.hibernate.loader.plan.build.internal.AbstractLoadPlanBuildingAssociationVisitationStrategy - >> Starting attribute Attribute(name=locale, type=string [non-identifier])
14:36:54.638 [main] TRACE org.hibernate.loader.plan.build.internal.AbstractLoadPlanBuildingAssociationVisitationStrategy - << Finishing up attribute : Attribute(name=locale, type=string [non-identifier])
14:36:54.638 [main] DEBUG org.hibernate.persister.walking.spi.MetamodelGraphWalker - Visiting attribute path : message
14:36:54.638 [main] TRACE org.hibernate.loader.plan.build.internal.AbstractLoadPlanBuildingAssociationVisitationStrategy - >> Starting attribute Attribute(name=message, type=string [non-identifier])
14:36:54.638 [main] TRACE org.hibernate.loader.plan.build.internal.AbstractLoadPlanBuildingAssociationVisitationStrategy - << Finishing up attribute : Attribute(name=message, type=string [non-identifier])
14:36:54.638 [main] DEBUG org.hibernate.persister.walking.spi.MetamodelGraphWalker - Visiting attribute path : msgKey
14:36:54.638 [main] TRACE org.hibernate.loader.plan.build.internal.AbstractLoadPlanBuildingAssociationVisitationStrategy - >> Starting attribute Attribute(name=msgKey, type=string [non-identifier])
14:36:54.638 [main] TRACE org.hibernate.loader.plan.build.internal.AbstractLoadPlanBuildingAssociationVisitationStrategy - << Finishing up attribute : Attribute(name=msgKey, type=string [non-identifier])
14:36:54.638 [main] TRACE org.hibernate.loader.plan.build.internal.AbstractLoadPlanBuildingAssociationVisitationStrategy - Popped fetch owner from stack : org.hibernate.loader.plan.build.internal.returns.EntityReturnImpl@6ed043d3
14:36:54.638 [main] TRACE org.hibernate.loader.plan.build.internal.AbstractLoadPlanBuildingAssociationVisitationStrategy -  Finished root entity : com.soft.entity.LocaleMessageEntity
14:36:54.638 [main] DEBUG org.hibernate.loader.plan.build.internal.FetchStyleLoadPlanBuildingAssociationVisitationStrategy - Building LoadPlan...
14:36:54.638 [main] DEBUG org.hibernate.loader.plan.exec.internal.LoadQueryJoinAndFetchProcessor - processing queryspace <gen:0>
14:36:54.638 [main] DEBUG org.hibernate.loader.plan.build.spi.LoadPlanTreePrinter - LoadPlan(entity=com.soft.entity.LocaleMessageEntity)
    - Returns
       - EntityReturnImpl(entity=com.soft.entity.LocaleMessageEntity, querySpaceUid=<gen:0>, path=com.soft.entity.LocaleMessageEntity)
    - QuerySpaces
       - EntityQuerySpaceImpl(uid=<gen:0>, entity=com.soft.entity.LocaleMessageEntity)
          - SQL table alias mapping - localemess0_
          - alias suffix - 0_
          - suffixed key columns - {ID1_1_0_}

14:36:54.638 [main] DEBUG org.hibernate.loader.entity.plan.EntityLoader - Static select for entity com.soft.entity.LocaleMessageEntity [FORCE]: select localemess0_.ID as ID1_1_0_, localemess0_.locale as locale2_1_0_, localemess0_.message as message3_1_0_, localemess0_.msgkey as msgkey4_1_0_ from locale localemess0_ where localemess0_.ID=? for update
14:36:54.638 [main] TRACE org.hibernate.loader.plan.build.internal.AbstractLoadPlanBuildingAssociationVisitationStrategy -  Starting root entity : com.soft.entity.LocaleMessageEntity
14:36:54.638 [main] DEBUG org.hibernate.loader.plan.build.internal.spaces.QuerySpacesImpl - Adding QuerySpace : uid = <gen:0> -> org.hibernate.loader.plan.build.internal.spaces.EntityQuerySpaceImpl@135a8c6f]
14:36:54.638 [main] TRACE org.hibernate.loader.plan.build.internal.AbstractLoadPlanBuildingAssociationVisitationStrategy - Pushing fetch source to stack : org.hibernate.loader.plan.build.internal.returns.EntityReturnImpl@6419a0e1
14:36:54.638 [main] TRACE org.hibernate.loader.plan.build.internal.AbstractLoadPlanBuildingAssociationVisitationStrategy - .. Registering AssociationKey : AssociationKey(table=locale, columns={ID}) -> org.hibernate.loader.plan.build.internal.returns.EntityReturnImpl@6419a0e1
14:36:54.638 [main] TRACE org.hibernate.loader.plan.build.internal.AbstractLoadPlanBuildingAssociationVisitationStrategy - >> Starting entity identifier : com.soft.entity.LocaleMessageEntity
14:36:54.638 [main] DEBUG org.hibernate.persister.walking.spi.MetamodelGraphWalker - Visiting attribute path : locale
14:36:54.638 [main] TRACE org.hibernate.loader.plan.build.internal.AbstractLoadPlanBuildingAssociationVisitationStrategy - >> Starting attribute Attribute(name=locale, type=string [non-identifier])
14:36:54.638 [main] TRACE org.hibernate.loader.plan.build.internal.AbstractLoadPlanBuildingAssociationVisitationStrategy - << Finishing up attribute : Attribute(name=locale, type=string [non-identifier])
14:36:54.638 [main] DEBUG org.hibernate.persister.walking.spi.MetamodelGraphWalker - Visiting attribute path : message
14:36:54.638 [main] TRACE org.hibernate.loader.plan.build.internal.AbstractLoadPlanBuildingAssociationVisitationStrategy - >> Starting attribute Attribute(name=message, type=string [non-identifier])
14:36:54.638 [main] TRACE org.hibernate.loader.plan.build.internal.AbstractLoadPlanBuildingAssociationVisitationStrategy - << Finishing up attribute : Attribute(name=message, type=string [non-identifier])
14:36:54.639 [main] DEBUG org.hibernate.persister.walking.spi.MetamodelGraphWalker - Visiting attribute path : msgKey
14:36:54.639 [main] TRACE org.hibernate.loader.plan.build.internal.AbstractLoadPlanBuildingAssociationVisitationStrategy - >> Starting attribute Attribute(name=msgKey, type=string [non-identifier])
14:36:54.639 [main] TRACE org.hibernate.loader.plan.build.internal.AbstractLoadPlanBuildingAssociationVisitationStrategy - << Finishing up attribute : Attribute(name=msgKey, type=string [non-identifier])
14:36:54.639 [main] TRACE org.hibernate.loader.plan.build.internal.AbstractLoadPlanBuildingAssociationVisitationStrategy - Popped fetch owner from stack : org.hibernate.loader.plan.build.internal.returns.EntityReturnImpl@6419a0e1
14:36:54.639 [main] TRACE org.hibernate.loader.plan.build.internal.AbstractLoadPlanBuildingAssociationVisitationStrategy -  Finished root entity : com.soft.entity.LocaleMessageEntity
14:36:54.639 [main] DEBUG org.hibernate.loader.plan.build.internal.FetchStyleLoadPlanBuildingAssociationVisitationStrategy - Building LoadPlan...
14:36:54.639 [main] DEBUG org.hibernate.loader.plan.exec.internal.LoadQueryJoinAndFetchProcessor - processing queryspace <gen:0>
14:36:54.639 [main] DEBUG org.hibernate.loader.plan.build.spi.LoadPlanTreePrinter - LoadPlan(entity=com.soft.entity.LocaleMessageEntity)
    - Returns
       - EntityReturnImpl(entity=com.soft.entity.LocaleMessageEntity, querySpaceUid=<gen:0>, path=com.soft.entity.LocaleMessageEntity)
    - QuerySpaces
       - EntityQuerySpaceImpl(uid=<gen:0>, entity=com.soft.entity.LocaleMessageEntity)
          - SQL table alias mapping - localemess0_
          - alias suffix - 0_
          - suffixed key columns - {ID1_1_0_}

14:36:54.639 [main] DEBUG org.hibernate.loader.entity.plan.EntityLoader - Static select for entity com.soft.entity.LocaleMessageEntity [PESSIMISTIC_READ]: select localemess0_.ID as ID1_1_0_, localemess0_.locale as locale2_1_0_, localemess0_.message as message3_1_0_, localemess0_.msgkey as msgkey4_1_0_ from locale localemess0_ where localemess0_.ID=? lock in share mode
14:36:54.639 [main] TRACE org.hibernate.loader.plan.build.internal.AbstractLoadPlanBuildingAssociationVisitationStrategy -  Starting root entity : com.soft.entity.LocaleMessageEntity
14:36:54.639 [main] DEBUG org.hibernate.loader.plan.build.internal.spaces.QuerySpacesImpl - Adding QuerySpace : uid = <gen:0> -> org.hibernate.loader.plan.build.internal.spaces.EntityQuerySpaceImpl@280d4882]
14:36:54.639 [main] TRACE org.hibernate.loader.plan.build.internal.AbstractLoadPlanBuildingAssociationVisitationStrategy - Pushing fetch source to stack : org.hibernate.loader.plan.build.internal.returns.EntityReturnImpl@44af588b
14:36:54.639 [main] TRACE org.hibernate.loader.plan.build.internal.AbstractLoadPlanBuildingAssociationVisitationStrategy - .. Registering AssociationKey : AssociationKey(table=locale, columns={ID}) -> org.hibernate.loader.plan.build.internal.returns.EntityReturnImpl@44af588b
14:36:54.639 [main] TRACE org.hibernate.loader.plan.build.internal.AbstractLoadPlanBuildingAssociationVisitationStrategy - >> Starting entity identifier : com.soft.entity.LocaleMessageEntity
14:36:54.639 [main] DEBUG org.hibernate.persister.walking.spi.MetamodelGraphWalker - Visiting attribute path : locale
14:36:54.639 [main] TRACE org.hibernate.loader.plan.build.internal.AbstractLoadPlanBuildingAssociationVisitationStrategy - >> Starting attribute Attribute(name=locale, type=string [non-identifier])
14:36:54.639 [main] TRACE org.hibernate.loader.plan.build.internal.AbstractLoadPlanBuildingAssociationVisitationStrategy - << Finishing up attribute : Attribute(name=locale, type=string [non-identifier])
14:36:54.639 [main] DEBUG org.hibernate.persister.walking.spi.MetamodelGraphWalker - Visiting attribute path : message
14:36:54.639 [main] TRACE org.hibernate.loader.plan.build.internal.AbstractLoadPlanBuildingAssociationVisitationStrategy - >> Starting attribute Attribute(name=message, type=string [non-identifier])
14:36:54.639 [main] TRACE org.hibernate.loader.plan.build.internal.AbstractLoadPlanBuildingAssociationVisitationStrategy - << Finishing up attribute : Attribute(name=message, type=string [non-identifier])
14:36:54.640 [main] DEBUG org.hibernate.persister.walking.spi.MetamodelGraphWalker - Visiting attribute path : msgKey
14:36:54.640 [main] TRACE org.hibernate.loader.plan.build.internal.AbstractLoadPlanBuildingAssociationVisitationStrategy - >> Starting attribute Attribute(name=msgKey, type=string [non-identifier])
14:36:54.640 [main] TRACE org.hibernate.loader.plan.build.internal.AbstractLoadPlanBuildingAssociationVisitationStrategy - << Finishing up attribute : Attribute(name=msgKey, type=string [non-identifier])
14:36:54.640 [main] TRACE org.hibernate.loader.plan.build.internal.AbstractLoadPlanBuildingAssociationVisitationStrategy - Popped fetch owner from stack : org.hibernate.loader.plan.build.internal.returns.EntityReturnImpl@44af588b
14:36:54.640 [main] TRACE org.hibernate.loader.plan.build.internal.AbstractLoadPlanBuildingAssociationVisitationStrategy -  Finished root entity : com.soft.entity.LocaleMessageEntity
14:36:54.640 [main] DEBUG org.hibernate.loader.plan.build.internal.FetchStyleLoadPlanBuildingAssociationVisitationStrategy - Building LoadPlan...
14:36:54.640 [main] DEBUG org.hibernate.loader.plan.exec.internal.LoadQueryJoinAndFetchProcessor - processing queryspace <gen:0>
14:36:54.646 [main] DEBUG org.hibernate.loader.plan.build.spi.LoadPlanTreePrinter - LoadPlan(entity=com.soft.entity.LocaleMessageEntity)
    - Returns
       - EntityReturnImpl(entity=com.soft.entity.LocaleMessageEntity, querySpaceUid=<gen:0>, path=com.soft.entity.LocaleMessageEntity)
    - QuerySpaces
       - EntityQuerySpaceImpl(uid=<gen:0>, entity=com.soft.entity.LocaleMessageEntity)
          - SQL table alias mapping - localemess0_
          - alias suffix - 0_
          - suffixed key columns - {ID1_1_0_}

14:36:54.646 [main] DEBUG org.hibernate.loader.entity.plan.EntityLoader - Static select for entity com.soft.entity.LocaleMessageEntity [PESSIMISTIC_WRITE]: select localemess0_.ID as ID1_1_0_, localemess0_.locale as locale2_1_0_, localemess0_.message as message3_1_0_, localemess0_.msgkey as msgkey4_1_0_ from locale localemess0_ where localemess0_.ID=? for update
14:36:54.646 [main] TRACE org.hibernate.loader.plan.build.internal.AbstractLoadPlanBuildingAssociationVisitationStrategy -  Starting root entity : com.soft.entity.LocaleMessageEntity
14:36:54.646 [main] DEBUG org.hibernate.loader.plan.build.internal.spaces.QuerySpacesImpl - Adding QuerySpace : uid = <gen:0> -> org.hibernate.loader.plan.build.internal.spaces.EntityQuerySpaceImpl@3d19d85]
14:36:54.646 [main] TRACE org.hibernate.loader.plan.build.internal.AbstractLoadPlanBuildingAssociationVisitationStrategy - Pushing fetch source to stack : org.hibernate.loader.plan.build.internal.returns.EntityReturnImpl@2ae62bb6
14:36:54.646 [main] TRACE org.hibernate.loader.plan.build.internal.AbstractLoadPlanBuildingAssociationVisitationStrategy - .. Registering AssociationKey : AssociationKey(table=locale, columns={ID}) -> org.hibernate.loader.plan.build.internal.returns.EntityReturnImpl@2ae62bb6
14:36:54.646 [main] TRACE org.hibernate.loader.plan.build.internal.AbstractLoadPlanBuildingAssociationVisitationStrategy - >> Starting entity identifier : com.soft.entity.LocaleMessageEntity
14:36:54.646 [main] DEBUG org.hibernate.persister.walking.spi.MetamodelGraphWalker - Visiting attribute path : locale
14:36:54.646 [main] TRACE org.hibernate.loader.plan.build.internal.AbstractLoadPlanBuildingAssociationVisitationStrategy - >> Starting attribute Attribute(name=locale, type=string [non-identifier])
14:36:54.646 [main] TRACE org.hibernate.loader.plan.build.internal.AbstractLoadPlanBuildingAssociationVisitationStrategy - << Finishing up attribute : Attribute(name=locale, type=string [non-identifier])
14:36:54.646 [main] DEBUG org.hibernate.persister.walking.spi.MetamodelGraphWalker - Visiting attribute path : message
14:36:54.646 [main] TRACE org.hibernate.loader.plan.build.internal.AbstractLoadPlanBuildingAssociationVisitationStrategy - >> Starting attribute Attribute(name=message, type=string [non-identifier])
14:36:54.646 [main] TRACE org.hibernate.loader.plan.build.internal.AbstractLoadPlanBuildingAssociationVisitationStrategy - << Finishing up attribute : Attribute(name=message, type=string [non-identifier])
14:36:54.646 [main] DEBUG org.hibernate.persister.walking.spi.MetamodelGraphWalker - Visiting attribute path : msgKey
14:36:54.646 [main] TRACE org.hibernate.loader.plan.build.internal.AbstractLoadPlanBuildingAssociationVisitationStrategy - >> Starting attribute Attribute(name=msgKey, type=string [non-identifier])
14:36:54.646 [main] TRACE org.hibernate.loader.plan.build.internal.AbstractLoadPlanBuildingAssociationVisitationStrategy - << Finishing up attribute : Attribute(name=msgKey, type=string [non-identifier])
14:36:54.646 [main] TRACE org.hibernate.loader.plan.build.internal.AbstractLoadPlanBuildingAssociationVisitationStrategy - Popped fetch owner from stack : org.hibernate.loader.plan.build.internal.returns.EntityReturnImpl@2ae62bb6
14:36:54.646 [main] TRACE org.hibernate.loader.plan.build.internal.AbstractLoadPlanBuildingAssociationVisitationStrategy -  Finished root entity : com.soft.entity.LocaleMessageEntity
14:36:54.648 [main] DEBUG org.hibernate.loader.plan.build.internal.FetchStyleLoadPlanBuildingAssociationVisitationStrategy - Building LoadPlan...
14:36:54.648 [main] DEBUG org.hibernate.loader.plan.exec.internal.LoadQueryJoinAndFetchProcessor - processing queryspace <gen:0>
14:36:54.649 [main] DEBUG org.hibernate.loader.plan.build.spi.LoadPlanTreePrinter - LoadPlan(entity=com.soft.entity.LocaleMessageEntity)
    - Returns
       - EntityReturnImpl(entity=com.soft.entity.LocaleMessageEntity, querySpaceUid=<gen:0>, path=com.soft.entity.LocaleMessageEntity)
    - QuerySpaces
       - EntityQuerySpaceImpl(uid=<gen:0>, entity=com.soft.entity.LocaleMessageEntity)
          - SQL table alias mapping - localemess0_
          - alias suffix - 0_
          - suffixed key columns - {ID1_1_0_}

14:36:54.650 [main] DEBUG org.hibernate.loader.entity.plan.EntityLoader - Static select for entity com.soft.entity.LocaleMessageEntity [PESSIMISTIC_FORCE_INCREMENT]: select localemess0_.ID as ID1_1_0_, localemess0_.locale as locale2_1_0_, localemess0_.message as message3_1_0_, localemess0_.msgkey as msgkey4_1_0_ from locale localemess0_ where localemess0_.ID=? for update
14:36:54.650 [main] TRACE org.hibernate.loader.plan.build.internal.AbstractLoadPlanBuildingAssociationVisitationStrategy -  Starting root entity : com.soft.entity.LocaleMessageEntity
14:36:54.650 [main] DEBUG org.hibernate.loader.plan.build.internal.spaces.QuerySpacesImpl - Adding QuerySpace : uid = <gen:0> -> org.hibernate.loader.plan.build.internal.spaces.EntityQuerySpaceImpl@68ed3f30]
14:36:54.650 [main] TRACE org.hibernate.loader.plan.build.internal.AbstractLoadPlanBuildingAssociationVisitationStrategy - Pushing fetch source to stack : org.hibernate.loader.plan.build.internal.returns.EntityReturnImpl@56b859a6
14:36:54.650 [main] TRACE org.hibernate.loader.plan.build.internal.AbstractLoadPlanBuildingAssociationVisitationStrategy - .. Registering AssociationKey : AssociationKey(table=locale, columns={ID}) -> org.hibernate.loader.plan.build.internal.returns.EntityReturnImpl@56b859a6
14:36:54.650 [main] TRACE org.hibernate.loader.plan.build.internal.AbstractLoadPlanBuildingAssociationVisitationStrategy - >> Starting entity identifier : com.soft.entity.LocaleMessageEntity
14:36:54.650 [main] DEBUG org.hibernate.persister.walking.spi.MetamodelGraphWalker - Visiting attribute path : locale
14:36:54.650 [main] TRACE org.hibernate.loader.plan.build.internal.AbstractLoadPlanBuildingAssociationVisitationStrategy - >> Starting attribute Attribute(name=locale, type=string [non-identifier])
14:36:54.650 [main] TRACE org.hibernate.loader.plan.build.internal.AbstractLoadPlanBuildingAssociationVisitationStrategy - << Finishing up attribute : Attribute(name=locale, type=string [non-identifier])
14:36:54.650 [main] DEBUG org.hibernate.persister.walking.spi.MetamodelGraphWalker - Visiting attribute path : message
14:36:54.650 [main] TRACE org.hibernate.loader.plan.build.internal.AbstractLoadPlanBuildingAssociationVisitationStrategy - >> Starting attribute Attribute(name=message, type=string [non-identifier])
14:36:54.650 [main] TRACE org.hibernate.loader.plan.build.internal.AbstractLoadPlanBuildingAssociationVisitationStrategy - << Finishing up attribute : Attribute(name=message, type=string [non-identifier])
14:36:54.650 [main] DEBUG org.hibernate.persister.walking.spi.MetamodelGraphWalker - Visiting attribute path : msgKey
14:36:54.650 [main] TRACE org.hibernate.loader.plan.build.internal.AbstractLoadPlanBuildingAssociationVisitationStrategy - >> Starting attribute Attribute(name=msgKey, type=string [non-identifier])
14:36:54.650 [main] TRACE org.hibernate.loader.plan.build.internal.AbstractLoadPlanBuildingAssociationVisitationStrategy - << Finishing up attribute : Attribute(name=msgKey, type=string [non-identifier])
14:36:54.650 [main] TRACE org.hibernate.loader.plan.build.internal.AbstractLoadPlanBuildingAssociationVisitationStrategy - Popped fetch owner from stack : org.hibernate.loader.plan.build.internal.returns.EntityReturnImpl@56b859a6
14:36:54.650 [main] TRACE org.hibernate.loader.plan.build.internal.AbstractLoadPlanBuildingAssociationVisitationStrategy -  Finished root entity : com.soft.entity.LocaleMessageEntity
14:36:54.650 [main] DEBUG org.hibernate.loader.plan.build.internal.FetchStyleLoadPlanBuildingAssociationVisitationStrategy - Building LoadPlan...
14:36:54.650 [main] DEBUG org.hibernate.loader.plan.exec.internal.LoadQueryJoinAndFetchProcessor - processing queryspace <gen:0>
14:36:54.650 [main] DEBUG org.hibernate.loader.plan.build.spi.LoadPlanTreePrinter - LoadPlan(entity=com.soft.entity.LocaleMessageEntity)
    - Returns
       - EntityReturnImpl(entity=com.soft.entity.LocaleMessageEntity, querySpaceUid=<gen:0>, path=com.soft.entity.LocaleMessageEntity)
    - QuerySpaces
       - EntityQuerySpaceImpl(uid=<gen:0>, entity=com.soft.entity.LocaleMessageEntity)
          - SQL table alias mapping - localemess0_
          - alias suffix - 0_
          - suffixed key columns - {ID1_1_0_}

14:36:54.651 [main] DEBUG org.hibernate.loader.entity.plan.EntityLoader - Static select for entity com.soft.entity.LocaleMessageEntity [OPTIMISTIC]: select localemess0_.ID as ID1_1_0_, localemess0_.locale as locale2_1_0_, localemess0_.message as message3_1_0_, localemess0_.msgkey as msgkey4_1_0_ from locale localemess0_ where localemess0_.ID=?
14:36:54.651 [main] TRACE org.hibernate.loader.plan.build.internal.AbstractLoadPlanBuildingAssociationVisitationStrategy -  Starting root entity : com.soft.entity.LocaleMessageEntity
14:36:54.651 [main] DEBUG org.hibernate.loader.plan.build.internal.spaces.QuerySpacesImpl - Adding QuerySpace : uid = <gen:0> -> org.hibernate.loader.plan.build.internal.spaces.EntityQuerySpaceImpl@590adb41]
14:36:54.651 [main] TRACE org.hibernate.loader.plan.build.internal.AbstractLoadPlanBuildingAssociationVisitationStrategy - Pushing fetch source to stack : org.hibernate.loader.plan.build.internal.returns.EntityReturnImpl@42aae04d
14:36:54.651 [main] TRACE org.hibernate.loader.plan.build.internal.AbstractLoadPlanBuildingAssociationVisitationStrategy - .. Registering AssociationKey : AssociationKey(table=locale, columns={ID}) -> org.hibernate.loader.plan.build.internal.returns.EntityReturnImpl@42aae04d
14:36:54.651 [main] TRACE org.hibernate.loader.plan.build.internal.AbstractLoadPlanBuildingAssociationVisitationStrategy - >> Starting entity identifier : com.soft.entity.LocaleMessageEntity
14:36:54.651 [main] DEBUG org.hibernate.persister.walking.spi.MetamodelGraphWalker - Visiting attribute path : locale
14:36:54.651 [main] TRACE org.hibernate.loader.plan.build.internal.AbstractLoadPlanBuildingAssociationVisitationStrategy - >> Starting attribute Attribute(name=locale, type=string [non-identifier])
14:36:54.651 [main] TRACE org.hibernate.loader.plan.build.internal.AbstractLoadPlanBuildingAssociationVisitationStrategy - << Finishing up attribute : Attribute(name=locale, type=string [non-identifier])
14:36:54.651 [main] DEBUG org.hibernate.persister.walking.spi.MetamodelGraphWalker - Visiting attribute path : message
14:36:54.651 [main] TRACE org.hibernate.loader.plan.build.internal.AbstractLoadPlanBuildingAssociationVisitationStrategy - >> Starting attribute Attribute(name=message, type=string [non-identifier])
14:36:54.651 [main] TRACE org.hibernate.loader.plan.build.internal.AbstractLoadPlanBuildingAssociationVisitationStrategy - << Finishing up attribute : Attribute(name=message, type=string [non-identifier])
14:36:54.651 [main] DEBUG org.hibernate.persister.walking.spi.MetamodelGraphWalker - Visiting attribute path : msgKey
14:36:54.651 [main] TRACE org.hibernate.loader.plan.build.internal.AbstractLoadPlanBuildingAssociationVisitationStrategy - >> Starting attribute Attribute(name=msgKey, type=string [non-identifier])
14:36:54.651 [main] TRACE org.hibernate.loader.plan.build.internal.AbstractLoadPlanBuildingAssociationVisitationStrategy - << Finishing up attribute : Attribute(name=msgKey, type=string [non-identifier])
14:36:54.651 [main] TRACE org.hibernate.loader.plan.build.internal.AbstractLoadPlanBuildingAssociationVisitationStrategy - Popped fetch owner from stack : org.hibernate.loader.plan.build.internal.returns.EntityReturnImpl@42aae04d
14:36:54.651 [main] TRACE org.hibernate.loader.plan.build.internal.AbstractLoadPlanBuildingAssociationVisitationStrategy -  Finished root entity : com.soft.entity.LocaleMessageEntity
14:36:54.652 [main] DEBUG org.hibernate.loader.plan.build.internal.FetchStyleLoadPlanBuildingAssociationVisitationStrategy - Building LoadPlan...
14:36:54.652 [main] DEBUG org.hibernate.loader.plan.exec.internal.LoadQueryJoinAndFetchProcessor - processing queryspace <gen:0>
14:36:54.652 [main] DEBUG org.hibernate.loader.plan.build.spi.LoadPlanTreePrinter - LoadPlan(entity=com.soft.entity.LocaleMessageEntity)
    - Returns
       - EntityReturnImpl(entity=com.soft.entity.LocaleMessageEntity, querySpaceUid=<gen:0>, path=com.soft.entity.LocaleMessageEntity)
    - QuerySpaces
       - EntityQuerySpaceImpl(uid=<gen:0>, entity=com.soft.entity.LocaleMessageEntity)
          - SQL table alias mapping - localemess0_
          - alias suffix - 0_
          - suffixed key columns - {ID1_1_0_}

14:36:54.652 [main] DEBUG org.hibernate.loader.entity.plan.EntityLoader - Static select for entity com.soft.entity.LocaleMessageEntity [OPTIMISTIC_FORCE_INCREMENT]: select localemess0_.ID as ID1_1_0_, localemess0_.locale as locale2_1_0_, localemess0_.message as message3_1_0_, localemess0_.msgkey as msgkey4_1_0_ from locale localemess0_ where localemess0_.ID=?
14:36:54.652 [main] DEBUG org.hibernate.loader.Loader - Static select for action ACTION_MERGE on entity com.soft.entity.LocaleMessageEntity: select localemess0_.ID as ID1_1_0_, localemess0_.locale as locale2_1_0_, localemess0_.message as message3_1_0_, localemess0_.msgkey as msgkey4_1_0_ from locale localemess0_ where localemess0_.ID=?
14:36:54.652 [main] DEBUG org.hibernate.loader.Loader - Static select for action ACTION_REFRESH on entity com.soft.entity.LocaleMessageEntity: select localemess0_.ID as ID1_1_0_, localemess0_.locale as locale2_1_0_, localemess0_.message as message3_1_0_, localemess0_.msgkey as msgkey4_1_0_ from locale localemess0_ where localemess0_.ID=?
14:36:54.659 [main] TRACE org.hibernate.metamodel.internal.MetadataContext - Wrapping up metadata context...
14:36:54.660 [main] TRACE org.hibernate.metamodel.internal.MetadataContext - Starting entity [com.soft.entity.ResistorEntity]
14:36:54.660 [main] TRACE org.hibernate.metamodel.internal.AttributeFactory - Building identifier attribute [com.soft.entity.ResistorEntity.id]
14:36:54.660 [main] TRACE org.hibernate.metamodel.internal.AttributeFactory - Starting attribute metadata determination [id]
14:36:54.661 [main] TRACE org.hibernate.metamodel.internal.AttributeFactory -     Determined member [private java.lang.Long com.soft.entity.ResistorEntity.id]
14:36:54.661 [main] TRACE org.hibernate.metamodel.internal.AttributeFactory -     Determined type [name=long, class=org.hibernate.type.LongType]
14:36:54.664 [main] TRACE org.hibernate.metamodel.internal.AttributeFactory - Building attribute [com.soft.entity.ResistorEntity.category]
14:36:54.664 [main] TRACE org.hibernate.metamodel.internal.AttributeFactory - Starting attribute metadata determination [category]
14:36:54.664 [main] TRACE org.hibernate.metamodel.internal.AttributeFactory -     Determined member [private java.lang.Integer com.soft.entity.ResistorEntity.category]
14:36:54.664 [main] TRACE org.hibernate.metamodel.internal.AttributeFactory -     Determined type [name=integer, class=org.hibernate.type.IntegerType]
14:36:54.664 [main] TRACE org.hibernate.metamodel.internal.AttributeFactory - Building attribute [com.soft.entity.ResistorEntity.description]
14:36:54.664 [main] TRACE org.hibernate.metamodel.internal.AttributeFactory - Starting attribute metadata determination [description]
14:36:54.664 [main] TRACE org.hibernate.metamodel.internal.AttributeFactory -     Determined member [private java.lang.String com.soft.entity.ResistorEntity.description]
14:36:54.664 [main] TRACE org.hibernate.metamodel.internal.AttributeFactory -     Determined type [name=string, class=org.hibernate.type.StringType]
14:36:54.664 [main] TRACE org.hibernate.metamodel.internal.AttributeFactory - Building attribute [com.soft.entity.ResistorEntity.name]
14:36:54.664 [main] TRACE org.hibernate.metamodel.internal.AttributeFactory - Starting attribute metadata determination [name]
14:36:54.664 [main] TRACE org.hibernate.metamodel.internal.AttributeFactory -     Determined member [private java.lang.String com.soft.entity.ResistorEntity.name]
14:36:54.664 [main] TRACE org.hibernate.metamodel.internal.AttributeFactory -     Determined type [name=string, class=org.hibernate.type.StringType]
14:36:54.664 [main] TRACE org.hibernate.metamodel.internal.AttributeFactory - Building attribute [com.soft.entity.ResistorEntity.nominal]
14:36:54.664 [main] TRACE org.hibernate.metamodel.internal.AttributeFactory - Starting attribute metadata determination [nominal]
14:36:54.664 [main] TRACE org.hibernate.metamodel.internal.AttributeFactory -     Determined member [private java.lang.Double com.soft.entity.ResistorEntity.nominal]
14:36:54.664 [main] TRACE org.hibernate.metamodel.internal.AttributeFactory -     Determined type [name=double, class=org.hibernate.type.DoubleType]
14:36:54.664 [main] TRACE org.hibernate.metamodel.internal.AttributeFactory - Building attribute [com.soft.entity.ResistorEntity.nominalUnit]
14:36:54.664 [main] TRACE org.hibernate.metamodel.internal.AttributeFactory - Starting attribute metadata determination [nominalUnit]
14:36:54.664 [main] TRACE org.hibernate.metamodel.internal.AttributeFactory -     Determined member [private java.lang.Integer com.soft.entity.ResistorEntity.nominalUnit]
14:36:54.664 [main] TRACE org.hibernate.metamodel.internal.AttributeFactory -     Determined type [name=integer, class=org.hibernate.type.IntegerType]
14:36:54.664 [main] TRACE org.hibernate.metamodel.internal.AttributeFactory - Building attribute [com.soft.entity.ResistorEntity.photo]
14:36:54.664 [main] TRACE org.hibernate.metamodel.internal.AttributeFactory - Starting attribute metadata determination [photo]
14:36:54.664 [main] TRACE org.hibernate.metamodel.internal.AttributeFactory -     Determined member [private byte[] com.soft.entity.ResistorEntity.photo]
14:36:54.664 [main] TRACE org.hibernate.metamodel.internal.AttributeFactory -     Determined type [name=binary, class=org.hibernate.type.BinaryType]
14:36:54.664 [main] TRACE org.hibernate.metamodel.internal.AttributeFactory - Building attribute [com.soft.entity.ResistorEntity.power]
14:36:54.664 [main] TRACE org.hibernate.metamodel.internal.AttributeFactory - Starting attribute metadata determination [power]
14:36:54.664 [main] TRACE org.hibernate.metamodel.internal.AttributeFactory -     Determined member [private java.lang.Double com.soft.entity.ResistorEntity.power]
14:36:54.665 [main] TRACE org.hibernate.metamodel.internal.AttributeFactory -     Determined type [name=double, class=org.hibernate.type.DoubleType]
14:36:54.665 [main] TRACE org.hibernate.metamodel.internal.AttributeFactory - Building attribute [com.soft.entity.ResistorEntity.powerUnit]
14:36:54.665 [main] TRACE org.hibernate.metamodel.internal.AttributeFactory - Starting attribute metadata determination [powerUnit]
14:36:54.665 [main] TRACE org.hibernate.metamodel.internal.AttributeFactory -     Determined member [private java.lang.Integer com.soft.entity.ResistorEntity.powerUnit]
14:36:54.665 [main] TRACE org.hibernate.metamodel.internal.AttributeFactory -     Determined type [name=integer, class=org.hibernate.type.IntegerType]
14:36:54.665 [main] TRACE org.hibernate.metamodel.internal.AttributeFactory - Building attribute [com.soft.entity.ResistorEntity.price]
14:36:54.665 [main] TRACE org.hibernate.metamodel.internal.AttributeFactory - Starting attribute metadata determination [price]
14:36:54.665 [main] TRACE org.hibernate.metamodel.internal.AttributeFactory -     Determined member [private java.lang.Double com.soft.entity.ResistorEntity.price]
14:36:54.665 [main] TRACE org.hibernate.metamodel.internal.AttributeFactory -     Determined type [name=double, class=org.hibernate.type.DoubleType]
14:36:54.665 [main] TRACE org.hibernate.metamodel.internal.AttributeFactory - Building attribute [com.soft.entity.ResistorEntity.producer]
14:36:54.665 [main] TRACE org.hibernate.metamodel.internal.AttributeFactory - Starting attribute metadata determination [producer]
14:36:54.665 [main] TRACE org.hibernate.metamodel.internal.AttributeFactory -     Determined member [private java.lang.Integer com.soft.entity.ResistorEntity.producer]
14:36:54.665 [main] TRACE org.hibernate.metamodel.internal.AttributeFactory -     Determined type [name=integer, class=org.hibernate.type.IntegerType]
14:36:54.665 [main] TRACE org.hibernate.metamodel.internal.AttributeFactory - Building attribute [com.soft.entity.ResistorEntity.quantity]
14:36:54.665 [main] TRACE org.hibernate.metamodel.internal.AttributeFactory - Starting attribute metadata determination [quantity]
14:36:54.665 [main] TRACE org.hibernate.metamodel.internal.AttributeFactory -     Determined member [private java.lang.Integer com.soft.entity.ResistorEntity.quantity]
14:36:54.665 [main] TRACE org.hibernate.metamodel.internal.AttributeFactory -     Determined type [name=integer, class=org.hibernate.type.IntegerType]
14:36:54.665 [main] TRACE org.hibernate.metamodel.internal.AttributeFactory - Building attribute [com.soft.entity.ResistorEntity.rPackage]
14:36:54.665 [main] TRACE org.hibernate.metamodel.internal.AttributeFactory - Starting attribute metadata determination [rPackage]
14:36:54.665 [main] TRACE org.hibernate.metamodel.internal.AttributeFactory -     Determined member [private java.lang.Integer com.soft.entity.ResistorEntity.rPackage]
14:36:54.665 [main] TRACE org.hibernate.metamodel.internal.AttributeFactory -     Determined type [name=integer, class=org.hibernate.type.IntegerType]
14:36:54.665 [main] TRACE org.hibernate.metamodel.internal.AttributeFactory - Building attribute [com.soft.entity.ResistorEntity.rPrecision]
14:36:54.665 [main] TRACE org.hibernate.metamodel.internal.AttributeFactory - Starting attribute metadata determination [rPrecision]
14:36:54.665 [main] TRACE org.hibernate.metamodel.internal.AttributeFactory -     Determined member [private java.lang.Double com.soft.entity.ResistorEntity.rPrecision]
14:36:54.665 [main] TRACE org.hibernate.metamodel.internal.AttributeFactory -     Determined type [name=double, class=org.hibernate.type.DoubleType]
14:36:54.666 [main] TRACE org.hibernate.metamodel.internal.MetadataContext - Completed entity [com.soft.entity.ResistorEntity]
14:36:54.666 [main] TRACE org.hibernate.metamodel.internal.MetadataContext - Starting entity [com.soft.entity.ProducerEntity]
14:36:54.666 [main] TRACE org.hibernate.metamodel.internal.AttributeFactory - Building identifier attribute [com.soft.entity.ProducerEntity.id]
14:36:54.666 [main] TRACE org.hibernate.metamodel.internal.AttributeFactory - Starting attribute metadata determination [id]
14:36:54.666 [main] TRACE org.hibernate.metamodel.internal.AttributeFactory -     Determined member [private java.lang.Long com.soft.entity.ProducerEntity.id]
14:36:54.666 [main] TRACE org.hibernate.metamodel.internal.AttributeFactory -     Determined type [name=long, class=org.hibernate.type.LongType]
14:36:54.666 [main] TRACE org.hibernate.metamodel.internal.AttributeFactory - Building attribute [com.soft.entity.ProducerEntity.producerCategory]
14:36:54.666 [main] TRACE org.hibernate.metamodel.internal.AttributeFactory - Starting attribute metadata determination [producerCategory]
14:36:54.666 [main] TRACE org.hibernate.metamodel.internal.AttributeFactory -     Determined member [private java.lang.Integer com.soft.entity.ProducerEntity.producerCategory]
14:36:54.666 [main] TRACE org.hibernate.metamodel.internal.AttributeFactory -     Determined type [name=integer, class=org.hibernate.type.IntegerType]
14:36:54.666 [main] TRACE org.hibernate.metamodel.internal.AttributeFactory - Building attribute [com.soft.entity.ProducerEntity.producerName]
14:36:54.666 [main] TRACE org.hibernate.metamodel.internal.AttributeFactory - Starting attribute metadata determination [producerName]
14:36:54.666 [main] TRACE org.hibernate.metamodel.internal.AttributeFactory -     Determined member [private java.lang.String com.soft.entity.ProducerEntity.producerName]
14:36:54.666 [main] TRACE org.hibernate.metamodel.internal.AttributeFactory -     Determined type [name=string, class=org.hibernate.type.StringType]
14:36:54.666 [main] TRACE org.hibernate.metamodel.internal.MetadataContext - Completed entity [com.soft.entity.ProducerEntity]
14:36:54.666 [main] TRACE org.hibernate.metamodel.internal.MetadataContext - Starting entity [com.soft.entity.TransistorEntity]
14:36:54.666 [main] TRACE org.hibernate.metamodel.internal.AttributeFactory - Building identifier attribute [com.soft.entity.TransistorEntity.id]
14:36:54.666 [main] TRACE org.hibernate.metamodel.internal.AttributeFactory - Starting attribute metadata determination [id]
14:36:54.666 [main] TRACE org.hibernate.metamodel.internal.AttributeFactory -     Determined member [private java.lang.Long com.soft.entity.TransistorEntity.id]
14:36:54.666 [main] TRACE org.hibernate.metamodel.internal.AttributeFactory -     Determined type [name=long, class=org.hibernate.type.LongType]
14:36:54.666 [main] TRACE org.hibernate.metamodel.internal.AttributeFactory - Building attribute [com.soft.entity.TransistorEntity.category]
14:36:54.666 [main] TRACE org.hibernate.metamodel.internal.AttributeFactory - Starting attribute metadata determination [category]
14:36:54.666 [main] TRACE org.hibernate.metamodel.internal.AttributeFactory -     Determined member [private java.lang.Integer com.soft.entity.TransistorEntity.category]
14:36:54.666 [main] TRACE org.hibernate.metamodel.internal.AttributeFactory -     Determined type [name=integer, class=org.hibernate.type.IntegerType]
14:36:54.666 [main] TRACE org.hibernate.metamodel.internal.AttributeFactory - Building attribute [com.soft.entity.TransistorEntity.conductanceType]
14:36:54.667 [main] TRACE org.hibernate.metamodel.internal.AttributeFactory - Starting attribute metadata determination [conductanceType]
14:36:54.667 [main] TRACE org.hibernate.metamodel.internal.AttributeFactory -     Determined member [private java.lang.String com.soft.entity.TransistorEntity.conductanceType]
14:36:54.667 [main] TRACE org.hibernate.metamodel.internal.AttributeFactory -     Determined type [name=string, class=org.hibernate.type.StringType]
14:36:54.667 [main] TRACE org.hibernate.metamodel.internal.AttributeFactory - Building attribute [com.soft.entity.TransistorEntity.description]
14:36:54.667 [main] TRACE org.hibernate.metamodel.internal.AttributeFactory - Starting attribute metadata determination [description]
14:36:54.667 [main] TRACE org.hibernate.metamodel.internal.AttributeFactory -     Determined member [private java.lang.String com.soft.entity.TransistorEntity.description]
14:36:54.667 [main] TRACE org.hibernate.metamodel.internal.AttributeFactory -     Determined type [name=string, class=org.hibernate.type.StringType]
14:36:54.667 [main] TRACE org.hibernate.metamodel.internal.AttributeFactory - Building attribute [com.soft.entity.TransistorEntity.gain]
14:36:54.667 [main] TRACE org.hibernate.metamodel.internal.AttributeFactory - Starting attribute metadata determination [gain]
14:36:54.667 [main] TRACE org.hibernate.metamodel.internal.AttributeFactory -     Determined member [private java.lang.Double com.soft.entity.TransistorEntity.gain]
14:36:54.667 [main] TRACE org.hibernate.metamodel.internal.AttributeFactory -     Determined type [name=double, class=org.hibernate.type.DoubleType]
14:36:54.667 [main] TRACE org.hibernate.metamodel.internal.AttributeFactory - Building attribute [com.soft.entity.TransistorEntity.maxCurrent]
14:36:54.667 [main] TRACE org.hibernate.metamodel.internal.AttributeFactory - Starting attribute metadata determination [maxCurrent]
14:36:54.667 [main] TRACE org.hibernate.metamodel.internal.AttributeFactory -     Determined member [private java.lang.Double com.soft.entity.TransistorEntity.maxCurrent]
14:36:54.667 [main] TRACE org.hibernate.metamodel.internal.AttributeFactory -     Determined type [name=double, class=org.hibernate.type.DoubleType]
14:36:54.667 [main] TRACE org.hibernate.metamodel.internal.AttributeFactory - Building attribute [com.soft.entity.TransistorEntity.maxCurrentUnit]
14:36:54.667 [main] TRACE org.hibernate.metamodel.internal.AttributeFactory - Starting attribute metadata determination [maxCurrentUnit]
14:36:54.667 [main] TRACE org.hibernate.metamodel.internal.AttributeFactory -     Determined member [private java.lang.Integer com.soft.entity.TransistorEntity.maxCurrentUnit]
14:36:54.667 [main] TRACE org.hibernate.metamodel.internal.AttributeFactory -     Determined type [name=integer, class=org.hibernate.type.IntegerType]
14:36:54.667 [main] TRACE org.hibernate.metamodel.internal.AttributeFactory - Building attribute [com.soft.entity.TransistorEntity.name]
14:36:54.667 [main] TRACE org.hibernate.metamodel.internal.AttributeFactory - Starting attribute metadata determination [name]
14:36:54.667 [main] TRACE org.hibernate.metamodel.internal.AttributeFactory -     Determined member [private java.lang.String com.soft.entity.TransistorEntity.name]
14:36:54.667 [main] TRACE org.hibernate.metamodel.internal.AttributeFactory -     Determined type [name=string, class=org.hibernate.type.StringType]
14:36:54.667 [main] TRACE org.hibernate.metamodel.internal.AttributeFactory - Building attribute [com.soft.entity.TransistorEntity.photo]
14:36:54.667 [main] TRACE org.hibernate.metamodel.internal.AttributeFactory - Starting attribute metadata determination [photo]
14:36:54.667 [main] TRACE org.hibernate.metamodel.internal.AttributeFactory -     Determined member [private byte[] com.soft.entity.TransistorEntity.photo]
14:36:54.667 [main] TRACE org.hibernate.metamodel.internal.AttributeFactory -     Determined type [name=binary, class=org.hibernate.type.BinaryType]
14:36:54.667 [main] TRACE org.hibernate.metamodel.internal.AttributeFactory - Building attribute [com.soft.entity.TransistorEntity.price]
14:36:54.667 [main] TRACE org.hibernate.metamodel.internal.AttributeFactory - Starting attribute metadata determination [price]
14:36:54.667 [main] TRACE org.hibernate.metamodel.internal.AttributeFactory -     Determined member [private java.lang.Double com.soft.entity.TransistorEntity.price]
14:36:54.667 [main] TRACE org.hibernate.metamodel.internal.AttributeFactory -     Determined type [name=double, class=org.hibernate.type.DoubleType]
14:36:54.667 [main] TRACE org.hibernate.metamodel.internal.AttributeFactory - Building attribute [com.soft.entity.TransistorEntity.producer]
14:36:54.667 [main] TRACE org.hibernate.metamodel.internal.AttributeFactory - Starting attribute metadata determination [producer]
14:36:54.668 [main] TRACE org.hibernate.metamodel.internal.AttributeFactory -     Determined member [private java.lang.Integer com.soft.entity.TransistorEntity.producer]
14:36:54.668 [main] TRACE org.hibernate.metamodel.internal.AttributeFactory -     Determined type [name=integer, class=org.hibernate.type.IntegerType]
14:36:54.668 [main] TRACE org.hibernate.metamodel.internal.AttributeFactory - Building attribute [com.soft.entity.TransistorEntity.quantity]
14:36:54.668 [main] TRACE org.hibernate.metamodel.internal.AttributeFactory - Starting attribute metadata determination [quantity]
14:36:54.668 [main] TRACE org.hibernate.metamodel.internal.AttributeFactory -     Determined member [private java.lang.Integer com.soft.entity.TransistorEntity.quantity]
14:36:54.668 [main] TRACE org.hibernate.metamodel.internal.AttributeFactory -     Determined type [name=integer, class=org.hibernate.type.IntegerType]
14:36:54.668 [main] TRACE org.hibernate.metamodel.internal.AttributeFactory - Building attribute [com.soft.entity.TransistorEntity.tPackage]
14:36:54.668 [main] TRACE org.hibernate.metamodel.internal.AttributeFactory - Starting attribute metadata determination [tPackage]
14:36:54.668 [main] TRACE org.hibernate.metamodel.internal.AttributeFactory -     Determined member [private java.lang.Integer com.soft.entity.TransistorEntity.tPackage]
14:36:54.668 [main] TRACE org.hibernate.metamodel.internal.AttributeFactory -     Determined type [name=integer, class=org.hibernate.type.IntegerType]
14:36:54.668 [main] TRACE org.hibernate.metamodel.internal.MetadataContext - Completed entity [com.soft.entity.TransistorEntity]
14:36:54.668 [main] TRACE org.hibernate.metamodel.internal.MetadataContext - Starting entity [com.soft.entity.CategoryEntity]
14:36:54.668 [main] TRACE org.hibernate.metamodel.internal.AttributeFactory - Building identifier attribute [com.soft.entity.CategoryEntity.id]
14:36:54.668 [main] TRACE org.hibernate.metamodel.internal.AttributeFactory - Starting attribute metadata determination [id]
14:36:54.668 [main] TRACE org.hibernate.metamodel.internal.AttributeFactory -     Determined member [private java.lang.Long com.soft.entity.CategoryEntity.id]
14:36:54.668 [main] TRACE org.hibernate.metamodel.internal.AttributeFactory -     Determined type [name=long, class=org.hibernate.type.LongType]
14:36:54.670 [main] TRACE org.hibernate.metamodel.internal.AttributeFactory - Building attribute [com.soft.entity.CategoryEntity.entityName]
14:36:54.671 [main] TRACE org.hibernate.metamodel.internal.AttributeFactory - Starting attribute metadata determination [entityName]
14:36:54.671 [main] TRACE org.hibernate.metamodel.internal.AttributeFactory -     Determined member [private java.lang.String com.soft.entity.CategoryEntity.entityName]
14:36:54.671 [main] TRACE org.hibernate.metamodel.internal.AttributeFactory -     Determined type [name=string, class=org.hibernate.type.StringType]
14:36:54.671 [main] TRACE org.hibernate.metamodel.internal.AttributeFactory - Building attribute [com.soft.entity.CategoryEntity.name]
14:36:54.671 [main] TRACE org.hibernate.metamodel.internal.AttributeFactory - Starting attribute metadata determination [name]
14:36:54.671 [main] TRACE org.hibernate.metamodel.internal.AttributeFactory -     Determined member [private java.lang.String com.soft.entity.CategoryEntity.name]
14:36:54.671 [main] TRACE org.hibernate.metamodel.internal.AttributeFactory -     Determined type [name=string, class=org.hibernate.type.StringType]
14:36:54.671 [main] TRACE org.hibernate.metamodel.internal.AttributeFactory - Building attribute [com.soft.entity.CategoryEntity.photo]
14:36:54.671 [main] TRACE org.hibernate.metamodel.internal.AttributeFactory - Starting attribute metadata determination [photo]
14:36:54.671 [main] TRACE org.hibernate.metamodel.internal.AttributeFactory -     Determined member [private byte[] com.soft.entity.CategoryEntity.photo]
14:36:54.671 [main] TRACE org.hibernate.metamodel.internal.AttributeFactory -     Determined type [name=binary, class=org.hibernate.type.BinaryType]
14:36:54.671 [main] TRACE org.hibernate.metamodel.internal.MetadataContext - Completed entity [com.soft.entity.CategoryEntity]
14:36:54.671 [main] TRACE org.hibernate.metamodel.internal.MetadataContext - Starting entity [com.soft.entity.PersonEntity]
14:36:54.671 [main] TRACE org.hibernate.metamodel.internal.AttributeFactory - Building identifier attribute [com.soft.entity.PersonEntity.id]
14:36:54.671 [main] TRACE org.hibernate.metamodel.internal.AttributeFactory - Starting attribute metadata determination [id]
14:36:54.671 [main] TRACE org.hibernate.metamodel.internal.AttributeFactory -     Determined member [private java.lang.Long com.soft.entity.PersonEntity.id]
14:36:54.671 [main] TRACE org.hibernate.metamodel.internal.AttributeFactory -     Determined type [name=long, class=org.hibernate.type.LongType]
14:36:54.672 [main] TRACE org.hibernate.metamodel.internal.AttributeFactory - Building attribute [com.soft.entity.PersonEntity.name]
14:36:54.672 [main] TRACE org.hibernate.metamodel.internal.AttributeFactory - Starting attribute metadata determination [name]
14:36:54.672 [main] TRACE org.hibernate.metamodel.internal.AttributeFactory -     Determined member [private char com.soft.entity.PersonEntity.name]
14:36:54.672 [main] TRACE org.hibernate.metamodel.internal.AttributeFactory -     Determined type [name=character, class=org.hibernate.type.CharacterType]
14:36:54.672 [main] TRACE org.hibernate.metamodel.internal.MetadataContext - Completed entity [com.soft.entity.PersonEntity]
14:36:54.672 [main] TRACE org.hibernate.metamodel.internal.MetadataContext - Starting entity [com.soft.entity.LocaleMessageEntity]
14:36:54.672 [main] TRACE org.hibernate.metamodel.internal.AttributeFactory - Building identifier attribute [com.soft.entity.LocaleMessageEntity.id]
14:36:54.672 [main] TRACE org.hibernate.metamodel.internal.AttributeFactory - Starting attribute metadata determination [id]
14:36:54.672 [main] TRACE org.hibernate.metamodel.internal.AttributeFactory -     Determined member [private java.lang.Long com.soft.entity.LocaleMessageEntity.id]
14:36:54.672 [main] TRACE org.hibernate.metamodel.internal.AttributeFactory -     Determined type [name=long, class=org.hibernate.type.LongType]
14:36:54.672 [main] TRACE org.hibernate.metamodel.internal.AttributeFactory - Building attribute [com.soft.entity.LocaleMessageEntity.locale]
14:36:54.672 [main] TRACE org.hibernate.metamodel.internal.AttributeFactory - Starting attribute metadata determination [locale]
14:36:54.672 [main] TRACE org.hibernate.metamodel.internal.AttributeFactory -     Determined member [private java.lang.String com.soft.entity.LocaleMessageEntity.locale]
14:36:54.672 [main] TRACE org.hibernate.metamodel.internal.AttributeFactory -     Determined type [name=string, class=org.hibernate.type.StringType]
14:36:54.672 [main] TRACE org.hibernate.metamodel.internal.AttributeFactory - Building attribute [com.soft.entity.LocaleMessageEntity.message]
14:36:54.672 [main] TRACE org.hibernate.metamodel.internal.AttributeFactory - Starting attribute metadata determination [message]
14:36:54.672 [main] TRACE org.hibernate.metamodel.internal.AttributeFactory -     Determined member [private java.lang.String com.soft.entity.LocaleMessageEntity.message]
14:36:54.672 [main] TRACE org.hibernate.metamodel.internal.AttributeFactory -     Determined type [name=string, class=org.hibernate.type.StringType]
14:36:54.672 [main] TRACE org.hibernate.metamodel.internal.AttributeFactory - Building attribute [com.soft.entity.LocaleMessageEntity.msgKey]
14:36:54.672 [main] TRACE org.hibernate.metamodel.internal.AttributeFactory - Starting attribute metadata determination [msgKey]
14:36:54.672 [main] TRACE org.hibernate.metamodel.internal.AttributeFactory -     Determined member [private java.lang.String com.soft.entity.LocaleMessageEntity.msgKey]
14:36:54.672 [main] TRACE org.hibernate.metamodel.internal.AttributeFactory -     Determined type [name=string, class=org.hibernate.type.StringType]
14:36:54.672 [main] TRACE org.hibernate.metamodel.internal.MetadataContext - Completed entity [com.soft.entity.LocaleMessageEntity]
14:36:54.676 [main] TRACE org.hibernate.service.internal.AbstractServiceRegistryImpl - Initializing service [role=org.hibernate.tool.schema.spi.SchemaManagementTool]
14:36:54.682 [main] TRACE org.hibernate.service.internal.AbstractServiceRegistryImpl - Initializing service [role=org.hibernate.resource.transaction.spi.TransactionCoordinatorBuilder]
14:36:54.683 [main] TRACE org.hibernate.service.internal.AbstractServiceRegistryImpl - Initializing service [role=org.hibernate.tool.hbm2ddl.ImportSqlCommandExtractor]
14:36:54.688 [main] DEBUG org.hibernate.SQL - drop table if exists category
14:36:54.689 [main] DEBUG org.hibernate.SQL - drop table if exists locale
14:36:54.689 [main] DEBUG org.hibernate.SQL - drop table if exists PERSON
14:36:54.689 [main] DEBUG org.hibernate.SQL - drop table if exists producer
14:36:54.689 [main] DEBUG org.hibernate.SQL - drop table if exists resistor
14:36:54.689 [main] DEBUG org.hibernate.SQL - drop table if exists transistor
14:36:54.691 [main] DEBUG org.hibernate.SQL - create table category (category_id bigint not null, entity_name varchar(255), name varchar(255), photo tinyblob, primary key (category_id)) engine=MyISAM
14:36:54.692 [main] WARN  org.hibernate.tool.schema.internal.ExceptionHandlerLoggedImpl - GenerationTarget encountered exception accepting command : Error executing DDL via JDBC Statement
org.hibernate.tool.schema.spi.CommandAcceptanceException: Error executing DDL via JDBC Statement
	at org.hibernate.tool.schema.internal.exec.GenerationTargetToDatabase.accept(GenerationTargetToDatabase.java:67) ~[hibernate-core-5.2.13.Final.jar:5.2.13.Final]
	at org.hibernate.tool.schema.internal.SchemaCreatorImpl.applySqlString(SchemaCreatorImpl.java:440) ~[hibernate-core-5.2.13.Final.jar:5.2.13.Final]
	at org.hibernate.tool.schema.internal.SchemaCreatorImpl.applySqlStrings(SchemaCreatorImpl.java:424) ~[hibernate-core-5.2.13.Final.jar:5.2.13.Final]
	at org.hibernate.tool.schema.internal.SchemaCreatorImpl.createFromMetadata(SchemaCreatorImpl.java:315) ~[hibernate-core-5.2.13.Final.jar:5.2.13.Final]
	at org.hibernate.tool.schema.internal.SchemaCreatorImpl.performCreation(SchemaCreatorImpl.java:166) ~[hibernate-core-5.2.13.Final.jar:5.2.13.Final]
	at org.hibernate.tool.schema.internal.SchemaCreatorImpl.doCreation(SchemaCreatorImpl.java:135) ~[hibernate-core-5.2.13.Final.jar:5.2.13.Final]
	at org.hibernate.tool.schema.internal.SchemaCreatorImpl.doCreation(SchemaCreatorImpl.java:121) ~[hibernate-core-5.2.13.Final.jar:5.2.13.Final]
	at org.hibernate.tool.schema.spi.SchemaManagementToolCoordinator.performDatabaseAction(SchemaManagementToolCoordinator.java:155) ~[hibernate-core-5.2.13.Final.jar:5.2.13.Final]
	at org.hibernate.tool.schema.spi.SchemaManagementToolCoordinator.process(SchemaManagementToolCoordinator.java:72) ~[hibernate-core-5.2.13.Final.jar:5.2.13.Final]
	at org.hibernate.internal.SessionFactoryImpl.<init>(SessionFactoryImpl.java:312) ~[hibernate-core-5.2.13.Final.jar:5.2.13.Final]
	at org.hibernate.boot.internal.SessionFactoryBuilderImpl.build(SessionFactoryBuilderImpl.java:460) ~[hibernate-core-5.2.13.Final.jar:5.2.13.Final]
	at org.hibernate.cfg.Configuration.buildSessionFactory(Configuration.java:710) ~[hibernate-core-5.2.13.Final.jar:5.2.13.Final]
	at org.hibernate.cfg.Configuration.buildSessionFactory(Configuration.java:726) ~[hibernate-core-5.2.13.Final.jar:5.2.13.Final]
	at org.springframework.orm.hibernate5.LocalSessionFactoryBean.buildSessionFactory(LocalSessionFactoryBean.java:535) ~[spring-orm-5.0.4.RELEASE.jar:5.0.4.RELEASE]
	at org.springframework.orm.hibernate5.LocalSessionFactoryBean.afterPropertiesSet(LocalSessionFactoryBean.java:519) ~[spring-orm-5.0.4.RELEASE.jar:5.0.4.RELEASE]
	at com.soft.config.DataAccessConfig.getDevSessionFactory(DataAccessConfig.java:232) ~[classes/:?]
	at com.soft.config.DataAccessConfig$$EnhancerBySpringCGLIB$$d625e009.CGLIB$getDevSessionFactory$5(<generated>) ~[classes/:?]
	at com.soft.config.DataAccessConfig$$EnhancerBySpringCGLIB$$d625e009$$FastClassBySpringCGLIB$$62d74cbd.invoke(<generated>) ~[classes/:?]
	at org.springframework.cglib.proxy.MethodProxy.invokeSuper(MethodProxy.java:244) ~[spring-core-5.2.0.RELEASE.jar:5.2.0.RELEASE]
	at org.springframework.context.annotation.ConfigurationClassEnhancer$BeanMethodInterceptor.intercept(ConfigurationClassEnhancer.java:361) ~[spring-context-5.0.4.RELEASE.jar:5.0.4.RELEASE]
	at com.soft.config.DataAccessConfig$$EnhancerBySpringCGLIB$$d625e009.getDevSessionFactory(<generated>) ~[classes/:?]
	at sun.reflect.NativeMethodAccessorImpl.invoke0(Native Method) ~[?:1.8.0_211]
	at sun.reflect.NativeMethodAccessorImpl.invoke(NativeMethodAccessorImpl.java:62) ~[?:1.8.0_211]
	at sun.reflect.DelegatingMethodAccessorImpl.invoke(DelegatingMethodAccessorImpl.java:43) ~[?:1.8.0_211]
	at java.lang.reflect.Method.invoke(Method.java:498) ~[?:1.8.0_211]
	at org.springframework.beans.factory.support.SimpleInstantiationStrategy.instantiate(SimpleInstantiationStrategy.java:154) ~[spring-beans-5.0.4.RELEASE.jar:5.0.4.RELEASE]
	at org.springframework.beans.factory.support.ConstructorResolver.instantiateUsingFactoryMethod(ConstructorResolver.java:579) ~[spring-beans-5.0.4.RELEASE.jar:5.0.4.RELEASE]
	at org.springframework.beans.factory.support.AbstractAutowireCapableBeanFactory.instantiateUsingFactoryMethod(AbstractAutowireCapableBeanFactory.java:1250) ~[spring-beans-5.0.4.RELEASE.jar:5.0.4.RELEASE]
	at org.springframework.beans.factory.support.AbstractAutowireCapableBeanFactory.createBeanInstance(AbstractAutowireCapableBeanFactory.java:1099) ~[spring-beans-5.0.4.RELEASE.jar:5.0.4.RELEASE]
	at org.springframework.beans.factory.support.AbstractAutowireCapableBeanFactory.doCreateBean(AbstractAutowireCapableBeanFactory.java:545) ~[spring-beans-5.0.4.RELEASE.jar:5.0.4.RELEASE]
	at org.springframework.beans.factory.support.AbstractAutowireCapableBeanFactory.createBean(AbstractAutowireCapableBeanFactory.java:502) ~[spring-beans-5.0.4.RELEASE.jar:5.0.4.RELEASE]
	at org.springframework.beans.factory.support.AbstractBeanFactory.lambda$doGetBean$0(AbstractBeanFactory.java:312) ~[spring-beans-5.0.4.RELEASE.jar:5.0.4.RELEASE]
	at org.springframework.beans.factory.support.DefaultSingletonBeanRegistry.getSingleton(DefaultSingletonBeanRegistry.java:228) ~[spring-beans-5.0.4.RELEASE.jar:5.0.4.RELEASE]
	at org.springframework.beans.factory.support.AbstractBeanFactory.doGetBean(AbstractBeanFactory.java:310) ~[spring-beans-5.0.4.RELEASE.jar:5.0.4.RELEASE]
	at org.springframework.beans.factory.support.AbstractBeanFactory.getBean(AbstractBeanFactory.java:200) ~[spring-beans-5.0.4.RELEASE.jar:5.0.4.RELEASE]
	at org.springframework.beans.factory.support.AbstractBeanFactory.doGetBean(AbstractBeanFactory.java:304) ~[spring-beans-5.0.4.RELEASE.jar:5.0.4.RELEASE]
	at org.springframework.beans.factory.support.AbstractBeanFactory.getBean(AbstractBeanFactory.java:200) ~[spring-beans-5.0.4.RELEASE.jar:5.0.4.RELEASE]
	at org.springframework.beans.factory.config.DependencyDescriptor.resolveCandidate(DependencyDescriptor.java:251) ~[spring-beans-5.0.4.RELEASE.jar:5.0.4.RELEASE]
	at org.springframework.beans.factory.support.DefaultListableBeanFactory.doResolveDependency(DefaultListableBeanFactory.java:1138) ~[spring-beans-5.0.4.RELEASE.jar:5.0.4.RELEASE]
	at org.springframework.beans.factory.support.DefaultListableBeanFactory.resolveDependency(DefaultListableBeanFactory.java:1065) ~[spring-beans-5.0.4.RELEASE.jar:5.0.4.RELEASE]
	at org.springframework.beans.factory.annotation.AutowiredAnnotationBeanPostProcessor$AutowiredFieldElement.inject(AutowiredAnnotationBeanPostProcessor.java:584) ~[spring-beans-5.0.4.RELEASE.jar:5.0.4.RELEASE]
	at org.springframework.beans.factory.annotation.InjectionMetadata.inject(InjectionMetadata.java:91) ~[spring-beans-5.0.4.RELEASE.jar:5.0.4.RELEASE]
	at org.springframework.beans.factory.annotation.AutowiredAnnotationBeanPostProcessor.postProcessPropertyValues(AutowiredAnnotationBeanPostProcessor.java:373) ~[spring-beans-5.0.4.RELEASE.jar:5.0.4.RELEASE]
	at org.springframework.beans.factory.support.AbstractAutowireCapableBeanFactory.populateBean(AbstractAutowireCapableBeanFactory.java:1344) ~[spring-beans-5.0.4.RELEASE.jar:5.0.4.RELEASE]
	at org.springframework.beans.factory.support.AbstractAutowireCapableBeanFactory.doCreateBean(AbstractAutowireCapableBeanFactory.java:582) ~[spring-beans-5.0.4.RELEASE.jar:5.0.4.RELEASE]
	at org.springframework.beans.factory.support.AbstractAutowireCapableBeanFactory.createBean(AbstractAutowireCapableBeanFactory.java:502) ~[spring-beans-5.0.4.RELEASE.jar:5.0.4.RELEASE]
	at org.springframework.beans.factory.support.AbstractBeanFactory.lambda$doGetBean$0(AbstractBeanFactory.java:312) ~[spring-beans-5.0.4.RELEASE.jar:5.0.4.RELEASE]
	at org.springframework.beans.factory.support.DefaultSingletonBeanRegistry.getSingleton(DefaultSingletonBeanRegistry.java:228) ~[spring-beans-5.0.4.RELEASE.jar:5.0.4.RELEASE]
	at org.springframework.beans.factory.support.AbstractBeanFactory.doGetBean(AbstractBeanFactory.java:310) ~[spring-beans-5.0.4.RELEASE.jar:5.0.4.RELEASE]
	at org.springframework.beans.factory.support.AbstractBeanFactory.getBean(AbstractBeanFactory.java:205) ~[spring-beans-5.0.4.RELEASE.jar:5.0.4.RELEASE]
	at org.springframework.context.support.AbstractApplicationContext.initMessageSource(AbstractApplicationContext.java:719) ~[spring-context-5.0.4.RELEASE.jar:5.0.4.RELEASE]
	at org.springframework.context.support.AbstractApplicationContext.refresh(AbstractApplicationContext.java:537) ~[spring-context-5.0.4.RELEASE.jar:5.0.4.RELEASE]
	at org.springframework.test.context.web.AbstractGenericWebContextLoader.loadContext(AbstractGenericWebContextLoader.java:129) ~[spring-test-5.2.3.RELEASE.jar:5.2.3.RELEASE]
	at org.springframework.test.context.web.AbstractGenericWebContextLoader.loadContext(AbstractGenericWebContextLoader.java:61) ~[spring-test-5.2.3.RELEASE.jar:5.2.3.RELEASE]
	at org.springframework.test.context.support.AbstractDelegatingSmartContextLoader.delegateLoading(AbstractDelegatingSmartContextLoader.java:275) ~[spring-test-5.2.3.RELEASE.jar:5.2.3.RELEASE]
	at org.springframework.test.context.support.AbstractDelegatingSmartContextLoader.loadContext(AbstractDelegatingSmartContextLoader.java:243) ~[spring-test-5.2.3.RELEASE.jar:5.2.3.RELEASE]
	at org.springframework.test.context.cache.DefaultCacheAwareContextLoaderDelegate.loadContextInternal(DefaultCacheAwareContextLoaderDelegate.java:99) ~[spring-test-5.2.3.RELEASE.jar:5.2.3.RELEASE]
	at org.springframework.test.context.cache.DefaultCacheAwareContextLoaderDelegate.loadContext(DefaultCacheAwareContextLoaderDelegate.java:124) ~[spring-test-5.2.3.RELEASE.jar:5.2.3.RELEASE]
	at org.springframework.test.context.support.DefaultTestContext.getApplicationContext(DefaultTestContext.java:123) ~[spring-test-5.2.3.RELEASE.jar:5.2.3.RELEASE]
	at org.springframework.test.context.web.ServletTestExecutionListener.setUpRequestContextIfNecessary(ServletTestExecutionListener.java:190) ~[spring-test-5.2.3.RELEASE.jar:5.2.3.RELEASE]
	at org.springframework.test.context.web.ServletTestExecutionListener.prepareTestInstance(ServletTestExecutionListener.java:132) ~[spring-test-5.2.3.RELEASE.jar:5.2.3.RELEASE]
	at org.springframework.test.context.TestContextManager.prepareTestInstance(TestContextManager.java:244) ~[spring-test-5.2.3.RELEASE.jar:5.2.3.RELEASE]
	at org.springframework.test.context.junit.jupiter.SpringExtension.postProcessTestInstance(SpringExtension.java:98) ~[spring-test-5.2.3.RELEASE.jar:5.2.3.RELEASE]
	at org.junit.jupiter.engine.descriptor.ClassBasedTestDescriptor.lambda$invokeTestInstancePostProcessors$5(ClassBasedTestDescriptor.java:341) ~[junit-jupiter-engine-5.6.0.jar:5.6.0]
	at org.junit.jupiter.engine.descriptor.ClassBasedTestDescriptor.executeAndMaskThrowable(ClassBasedTestDescriptor.java:346) ~[junit-jupiter-engine-5.6.0.jar:5.6.0]
	at org.junit.jupiter.engine.descriptor.ClassBasedTestDescriptor.lambda$invokeTestInstancePostProcessors$6(ClassBasedTestDescriptor.java:341) ~[junit-jupiter-engine-5.6.0.jar:5.6.0]
	at java.util.stream.ReferencePipeline$3$1.accept(ReferencePipeline.java:193) ~[?:1.8.0_211]
	at java.util.stream.ReferencePipeline$2$1.accept(ReferencePipeline.java:175) ~[?:1.8.0_211]
	at java.util.ArrayList$ArrayListSpliterator.forEachRemaining(ArrayList.java:1382) ~[?:1.8.0_211]
	at java.util.stream.AbstractPipeline.copyInto(AbstractPipeline.java:481) ~[?:1.8.0_211]
	at java.util.stream.AbstractPipeline.wrapAndCopyInto(AbstractPipeline.java:471) ~[?:1.8.0_211]
	at java.util.stream.StreamSpliterators$WrappingSpliterator.forEachRemaining(StreamSpliterators.java:312) ~[?:1.8.0_211]
	at java.util.stream.Streams$ConcatSpliterator.forEachRemaining(Streams.java:743) ~[?:1.8.0_211]
	at java.util.stream.Streams$ConcatSpliterator.forEachRemaining(Streams.java:742) ~[?:1.8.0_211]
	at java.util.stream.ReferencePipeline$Head.forEach(ReferencePipeline.java:580) ~[?:1.8.0_211]
	at org.junit.jupiter.engine.descriptor.ClassBasedTestDescriptor.invokeTestInstancePostProcessors(ClassBasedTestDescriptor.java:340) ~[junit-jupiter-engine-5.6.0.jar:5.6.0]
	at org.junit.jupiter.engine.descriptor.ClassBasedTestDescriptor.instantiateAndPostProcessTestInstance(ClassBasedTestDescriptor.java:263) ~[junit-jupiter-engine-5.6.0.jar:5.6.0]
	at org.junit.jupiter.engine.descriptor.ClassBasedTestDescriptor.lambda$testInstancesProvider$2(ClassBasedTestDescriptor.java:256) ~[junit-jupiter-engine-5.6.0.jar:5.6.0]
	at java.util.Optional.orElseGet(Optional.java:267) ~[?:1.8.0_211]
	at org.junit.jupiter.engine.descriptor.ClassBasedTestDescriptor.lambda$testInstancesProvider$3(ClassBasedTestDescriptor.java:255) ~[junit-jupiter-engine-5.6.0.jar:5.6.0]
	at org.junit.jupiter.engine.execution.TestInstancesProvider.getTestInstances(TestInstancesProvider.java:29) ~[junit-jupiter-engine-5.6.0.jar:5.6.0]
	at org.junit.jupiter.engine.descriptor.TestMethodTestDescriptor.lambda$prepare$0(TestMethodTestDescriptor.java:108) ~[junit-jupiter-engine-5.6.0.jar:5.6.0]
	at org.junit.platform.engine.support.hierarchical.ThrowableCollector.execute(ThrowableCollector.java:73) ~[junit-platform-engine-1.6.0.jar:1.6.0]
	at org.junit.jupiter.engine.descriptor.TestMethodTestDescriptor.prepare(TestMethodTestDescriptor.java:107) ~[junit-jupiter-engine-5.6.0.jar:5.6.0]
	at org.junit.jupiter.engine.descriptor.TestMethodTestDescriptor.prepare(TestMethodTestDescriptor.java:71) ~[junit-jupiter-engine-5.6.0.jar:5.6.0]
	at org.junit.platform.engine.support.hierarchical.NodeTestTask.lambda$prepare$1(NodeTestTask.java:107) ~[junit-platform-engine-1.6.0.jar:1.6.0]
	at org.junit.platform.engine.support.hierarchical.ThrowableCollector.execute(ThrowableCollector.java:73) ~[junit-platform-engine-1.6.0.jar:1.6.0]
	at org.junit.platform.engine.support.hierarchical.NodeTestTask.prepare(NodeTestTask.java:107) ~[junit-platform-engine-1.6.0.jar:1.6.0]
	at org.junit.platform.engine.support.hierarchical.NodeTestTask.execute(NodeTestTask.java:75) ~[junit-platform-engine-1.6.0.jar:1.6.0]
	at java.util.ArrayList.forEach(ArrayList.java:1257) ~[?:1.8.0_211]
	at org.junit.platform.engine.support.hierarchical.SameThreadHierarchicalTestExecutorService.invokeAll(SameThreadHierarchicalTestExecutorService.java:38) ~[junit-platform-engine-1.6.0.jar:1.6.0]
	at org.junit.platform.engine.support.hierarchical.NodeTestTask.lambda$executeRecursively$5(NodeTestTask.java:139) ~[junit-platform-engine-1.6.0.jar:1.6.0]
	at org.junit.platform.engine.support.hierarchical.ThrowableCollector.execute(ThrowableCollector.java:73) ~[junit-platform-engine-1.6.0.jar:1.6.0]
	at org.junit.platform.engine.support.hierarchical.NodeTestTask.lambda$executeRecursively$7(NodeTestTask.java:125) ~[junit-platform-engine-1.6.0.jar:1.6.0]
	at org.junit.platform.engine.support.hierarchical.Node.around(Node.java:135) ~[junit-platform-engine-1.6.0.jar:1.6.0]
	at org.junit.platform.engine.support.hierarchical.NodeTestTask.lambda$executeRecursively$8(NodeTestTask.java:123) ~[junit-platform-engine-1.6.0.jar:1.6.0]
	at org.junit.platform.engine.support.hierarchical.ThrowableCollector.execute(ThrowableCollector.java:73) ~[junit-platform-engine-1.6.0.jar:1.6.0]
	at org.junit.platform.engine.support.hierarchical.NodeTestTask.executeRecursively(NodeTestTask.java:122) ~[junit-platform-engine-1.6.0.jar:1.6.0]
	at org.junit.platform.engine.support.hierarchical.NodeTestTask.execute(NodeTestTask.java:80) ~[junit-platform-engine-1.6.0.jar:1.6.0]
	at java.util.ArrayList.forEach(ArrayList.java:1257) ~[?:1.8.0_211]
	at org.junit.platform.engine.support.hierarchical.SameThreadHierarchicalTestExecutorService.invokeAll(SameThreadHierarchicalTestExecutorService.java:38) ~[junit-platform-engine-1.6.0.jar:1.6.0]
	at org.junit.platform.engine.support.hierarchical.NodeTestTask.lambda$executeRecursively$5(NodeTestTask.java:139) ~[junit-platform-engine-1.6.0.jar:1.6.0]
	at org.junit.platform.engine.support.hierarchical.ThrowableCollector.execute(ThrowableCollector.java:73) ~[junit-platform-engine-1.6.0.jar:1.6.0]
	at org.junit.platform.engine.support.hierarchical.NodeTestTask.lambda$executeRecursively$7(NodeTestTask.java:125) ~[junit-platform-engine-1.6.0.jar:1.6.0]
	at org.junit.platform.engine.support.hierarchical.Node.around(Node.java:135) ~[junit-platform-engine-1.6.0.jar:1.6.0]
	at org.junit.platform.engine.support.hierarchical.NodeTestTask.lambda$executeRecursively$8(NodeTestTask.java:123) ~[junit-platform-engine-1.6.0.jar:1.6.0]
	at org.junit.platform.engine.support.hierarchical.ThrowableCollector.execute(ThrowableCollector.java:73) [junit-platform-engine-1.6.0.jar:1.6.0]
	at org.junit.platform.engine.support.hierarchical.NodeTestTask.executeRecursively(NodeTestTask.java:122) [junit-platform-engine-1.6.0.jar:1.6.0]
	at org.junit.platform.engine.support.hierarchical.NodeTestTask.execute(NodeTestTask.java:80) [junit-platform-engine-1.6.0.jar:1.6.0]
	at org.junit.platform.engine.support.hierarchical.SameThreadHierarchicalTestExecutorService.submit(SameThreadHierarchicalTestExecutorService.java:32) [junit-platform-engine-1.6.0.jar:1.6.0]
	at org.junit.platform.engine.support.hierarchical.HierarchicalTestExecutor.execute(HierarchicalTestExecutor.java:57) [junit-platform-engine-1.6.0.jar:1.6.0]
	at org.junit.platform.engine.support.hierarchical.HierarchicalTestEngine.execute(HierarchicalTestEngine.java:51) [junit-platform-engine-1.6.0.jar:1.6.0]
	at org.junit.platform.launcher.core.DefaultLauncher.execute(DefaultLauncher.java:170) [junit-platform-launcher-1.1.0.jar:1.1.0]
	at org.junit.platform.launcher.core.DefaultLauncher.execute(DefaultLauncher.java:154) [junit-platform-launcher-1.1.0.jar:1.1.0]
	at org.junit.platform.launcher.core.DefaultLauncher.execute(DefaultLauncher.java:90) [junit-platform-launcher-1.1.0.jar:1.1.0]
	at org.junit.platform.surefire.provider.JUnitPlatformProvider.invokeAllTests(JUnitPlatformProvider.java:132) [junit-platform-surefire-provider-1.1.0.jar:1.1.0]
	at org.junit.platform.surefire.provider.JUnitPlatformProvider.invoke(JUnitPlatformProvider.java:111) [junit-platform-surefire-provider-1.1.0.jar:1.1.0]
	at org.apache.maven.surefire.booter.ForkedBooter.invokeProviderInSameClassLoader(ForkedBooter.java:290) [surefire-booter-2.19.1.jar:2.19.1]
	at org.apache.maven.surefire.booter.ForkedBooter.runSuitesInProcess(ForkedBooter.java:242) [surefire-booter-2.19.1.jar:2.19.1]
	at org.apache.maven.surefire.booter.ForkedBooter.main(ForkedBooter.java:121) [surefire-booter-2.19.1.jar:2.19.1]
Caused by: java.sql.SQLException: General error
	at org.hsqldb.jdbc.JDBCUtil.sqlException(Unknown Source) ~[hsqldb-2.5.0.jar:2.5.0]
	at org.hsqldb.jdbc.JDBCUtil.sqlException(Unknown Source) ~[hsqldb-2.5.0.jar:2.5.0]
	at org.hsqldb.jdbc.JDBCStatement.fetchResult(Unknown Source) ~[hsqldb-2.5.0.jar:2.5.0]
	at org.hsqldb.jdbc.JDBCStatement.execute(Unknown Source) ~[hsqldb-2.5.0.jar:2.5.0]
	at org.apache.commons.dbcp2.DelegatingStatement.execute(DelegatingStatement.java:194) ~[commons-dbcp2-2.7.0.jar:2.7.0]
	at org.apache.commons.dbcp2.DelegatingStatement.execute(DelegatingStatement.java:194) ~[commons-dbcp2-2.7.0.jar:2.7.0]
	at org.hibernate.tool.schema.internal.exec.GenerationTargetToDatabase.accept(GenerationTargetToDatabase.java:54) ~[hibernate-core-5.2.13.Final.jar:5.2.13.Final]
	... 119 more
Caused by: org.hsqldb.HsqlException: General error
	at org.hsqldb.error.Error.error(Unknown Source) ~[hsqldb-2.5.0.jar:2.5.0]
	at org.hsqldb.error.Error.error(Unknown Source) ~[hsqldb-2.5.0.jar:2.5.0]
	at org.hsqldb.result.Result.newErrorResult(Unknown Source) ~[hsqldb-2.5.0.jar:2.5.0]
	at org.hsqldb.result.Result.newErrorResult(Unknown Source) ~[hsqldb-2.5.0.jar:2.5.0]
	at org.hsqldb.Session.executeDirectStatement(Unknown Source) ~[hsqldb-2.5.0.jar:2.5.0]
	at org.hsqldb.Session.execute(Unknown Source) ~[hsqldb-2.5.0.jar:2.5.0]
	at org.hsqldb.jdbc.JDBCStatement.fetchResult(Unknown Source) ~[hsqldb-2.5.0.jar:2.5.0]
	at org.hsqldb.jdbc.JDBCStatement.execute(Unknown Source) ~[hsqldb-2.5.0.jar:2.5.0]
	at org.apache.commons.dbcp2.DelegatingStatement.execute(DelegatingStatement.java:194) ~[commons-dbcp2-2.7.0.jar:2.7.0]
	at org.apache.commons.dbcp2.DelegatingStatement.execute(DelegatingStatement.java:194) ~[commons-dbcp2-2.7.0.jar:2.7.0]
	at org.hibernate.tool.schema.internal.exec.GenerationTargetToDatabase.accept(GenerationTargetToDatabase.java:54) ~[hibernate-core-5.2.13.Final.jar:5.2.13.Final]
	... 119 more
14:36:54.698 [main] DEBUG org.hibernate.SQL - create table locale (ID bigint not null, locale varchar(255), message varchar(255), msgkey varchar(255), primary key (ID)) engine=MyISAM
14:36:54.699 [main] WARN  org.hibernate.tool.schema.internal.ExceptionHandlerLoggedImpl - GenerationTarget encountered exception accepting command : Error executing DDL via JDBC Statement
org.hibernate.tool.schema.spi.CommandAcceptanceException: Error executing DDL via JDBC Statement
	at org.hibernate.tool.schema.internal.exec.GenerationTargetToDatabase.accept(GenerationTargetToDatabase.java:67) ~[hibernate-core-5.2.13.Final.jar:5.2.13.Final]
	at org.hibernate.tool.schema.internal.SchemaCreatorImpl.applySqlString(SchemaCreatorImpl.java:440) ~[hibernate-core-5.2.13.Final.jar:5.2.13.Final]
	at org.hibernate.tool.schema.internal.SchemaCreatorImpl.applySqlStrings(SchemaCreatorImpl.java:424) ~[hibernate-core-5.2.13.Final.jar:5.2.13.Final]
	at org.hibernate.tool.schema.internal.SchemaCreatorImpl.createFromMetadata(SchemaCreatorImpl.java:315) ~[hibernate-core-5.2.13.Final.jar:5.2.13.Final]
	at org.hibernate.tool.schema.internal.SchemaCreatorImpl.performCreation(SchemaCreatorImpl.java:166) ~[hibernate-core-5.2.13.Final.jar:5.2.13.Final]
	at org.hibernate.tool.schema.internal.SchemaCreatorImpl.doCreation(SchemaCreatorImpl.java:135) ~[hibernate-core-5.2.13.Final.jar:5.2.13.Final]
	at org.hibernate.tool.schema.internal.SchemaCreatorImpl.doCreation(SchemaCreatorImpl.java:121) ~[hibernate-core-5.2.13.Final.jar:5.2.13.Final]
	at org.hibernate.tool.schema.spi.SchemaManagementToolCoordinator.performDatabaseAction(SchemaManagementToolCoordinator.java:155) ~[hibernate-core-5.2.13.Final.jar:5.2.13.Final]
	at org.hibernate.tool.schema.spi.SchemaManagementToolCoordinator.process(SchemaManagementToolCoordinator.java:72) ~[hibernate-core-5.2.13.Final.jar:5.2.13.Final]
	at org.hibernate.internal.SessionFactoryImpl.<init>(SessionFactoryImpl.java:312) ~[hibernate-core-5.2.13.Final.jar:5.2.13.Final]
	at org.hibernate.boot.internal.SessionFactoryBuilderImpl.build(SessionFactoryBuilderImpl.java:460) ~[hibernate-core-5.2.13.Final.jar:5.2.13.Final]
	at org.hibernate.cfg.Configuration.buildSessionFactory(Configuration.java:710) ~[hibernate-core-5.2.13.Final.jar:5.2.13.Final]
	at org.hibernate.cfg.Configuration.buildSessionFactory(Configuration.java:726) ~[hibernate-core-5.2.13.Final.jar:5.2.13.Final]
	at org.springframework.orm.hibernate5.LocalSessionFactoryBean.buildSessionFactory(LocalSessionFactoryBean.java:535) ~[spring-orm-5.0.4.RELEASE.jar:5.0.4.RELEASE]
	at org.springframework.orm.hibernate5.LocalSessionFactoryBean.afterPropertiesSet(LocalSessionFactoryBean.java:519) ~[spring-orm-5.0.4.RELEASE.jar:5.0.4.RELEASE]
	at com.soft.config.DataAccessConfig.getDevSessionFactory(DataAccessConfig.java:232) ~[classes/:?]
	at com.soft.config.DataAccessConfig$$EnhancerBySpringCGLIB$$d625e009.CGLIB$getDevSessionFactory$5(<generated>) ~[classes/:?]
	at com.soft.config.DataAccessConfig$$EnhancerBySpringCGLIB$$d625e009$$FastClassBySpringCGLIB$$62d74cbd.invoke(<generated>) ~[classes/:?]
	at org.springframework.cglib.proxy.MethodProxy.invokeSuper(MethodProxy.java:244) ~[spring-core-5.2.0.RELEASE.jar:5.2.0.RELEASE]
	at org.springframework.context.annotation.ConfigurationClassEnhancer$BeanMethodInterceptor.intercept(ConfigurationClassEnhancer.java:361) ~[spring-context-5.0.4.RELEASE.jar:5.0.4.RELEASE]
	at com.soft.config.DataAccessConfig$$EnhancerBySpringCGLIB$$d625e009.getDevSessionFactory(<generated>) ~[classes/:?]
	at sun.reflect.NativeMethodAccessorImpl.invoke0(Native Method) ~[?:1.8.0_211]
	at sun.reflect.NativeMethodAccessorImpl.invoke(NativeMethodAccessorImpl.java:62) ~[?:1.8.0_211]
	at sun.reflect.DelegatingMethodAccessorImpl.invoke(DelegatingMethodAccessorImpl.java:43) ~[?:1.8.0_211]
	at java.lang.reflect.Method.invoke(Method.java:498) ~[?:1.8.0_211]
	at org.springframework.beans.factory.support.SimpleInstantiationStrategy.instantiate(SimpleInstantiationStrategy.java:154) ~[spring-beans-5.0.4.RELEASE.jar:5.0.4.RELEASE]
	at org.springframework.beans.factory.support.ConstructorResolver.instantiateUsingFactoryMethod(ConstructorResolver.java:579) ~[spring-beans-5.0.4.RELEASE.jar:5.0.4.RELEASE]
	at org.springframework.beans.factory.support.AbstractAutowireCapableBeanFactory.instantiateUsingFactoryMethod(AbstractAutowireCapableBeanFactory.java:1250) ~[spring-beans-5.0.4.RELEASE.jar:5.0.4.RELEASE]
	at org.springframework.beans.factory.support.AbstractAutowireCapableBeanFactory.createBeanInstance(AbstractAutowireCapableBeanFactory.java:1099) ~[spring-beans-5.0.4.RELEASE.jar:5.0.4.RELEASE]
	at org.springframework.beans.factory.support.AbstractAutowireCapableBeanFactory.doCreateBean(AbstractAutowireCapableBeanFactory.java:545) ~[spring-beans-5.0.4.RELEASE.jar:5.0.4.RELEASE]
	at org.springframework.beans.factory.support.AbstractAutowireCapableBeanFactory.createBean(AbstractAutowireCapableBeanFactory.java:502) ~[spring-beans-5.0.4.RELEASE.jar:5.0.4.RELEASE]
	at org.springframework.beans.factory.support.AbstractBeanFactory.lambda$doGetBean$0(AbstractBeanFactory.java:312) ~[spring-beans-5.0.4.RELEASE.jar:5.0.4.RELEASE]
	at org.springframework.beans.factory.support.DefaultSingletonBeanRegistry.getSingleton(DefaultSingletonBeanRegistry.java:228) ~[spring-beans-5.0.4.RELEASE.jar:5.0.4.RELEASE]
	at org.springframework.beans.factory.support.AbstractBeanFactory.doGetBean(AbstractBeanFactory.java:310) ~[spring-beans-5.0.4.RELEASE.jar:5.0.4.RELEASE]
	at org.springframework.beans.factory.support.AbstractBeanFactory.getBean(AbstractBeanFactory.java:200) ~[spring-beans-5.0.4.RELEASE.jar:5.0.4.RELEASE]
	at org.springframework.beans.factory.support.AbstractBeanFactory.doGetBean(AbstractBeanFactory.java:304) ~[spring-beans-5.0.4.RELEASE.jar:5.0.4.RELEASE]
	at org.springframework.beans.factory.support.AbstractBeanFactory.getBean(AbstractBeanFactory.java:200) ~[spring-beans-5.0.4.RELEASE.jar:5.0.4.RELEASE]
	at org.springframework.beans.factory.config.DependencyDescriptor.resolveCandidate(DependencyDescriptor.java:251) ~[spring-beans-5.0.4.RELEASE.jar:5.0.4.RELEASE]
	at org.springframework.beans.factory.support.DefaultListableBeanFactory.doResolveDependency(DefaultListableBeanFactory.java:1138) ~[spring-beans-5.0.4.RELEASE.jar:5.0.4.RELEASE]
	at org.springframework.beans.factory.support.DefaultListableBeanFactory.resolveDependency(DefaultListableBeanFactory.java:1065) ~[spring-beans-5.0.4.RELEASE.jar:5.0.4.RELEASE]
	at org.springframework.beans.factory.annotation.AutowiredAnnotationBeanPostProcessor$AutowiredFieldElement.inject(AutowiredAnnotationBeanPostProcessor.java:584) ~[spring-beans-5.0.4.RELEASE.jar:5.0.4.RELEASE]
	at org.springframework.beans.factory.annotation.InjectionMetadata.inject(InjectionMetadata.java:91) ~[spring-beans-5.0.4.RELEASE.jar:5.0.4.RELEASE]
	at org.springframework.beans.factory.annotation.AutowiredAnnotationBeanPostProcessor.postProcessPropertyValues(AutowiredAnnotationBeanPostProcessor.java:373) ~[spring-beans-5.0.4.RELEASE.jar:5.0.4.RELEASE]
	at org.springframework.beans.factory.support.AbstractAutowireCapableBeanFactory.populateBean(AbstractAutowireCapableBeanFactory.java:1344) ~[spring-beans-5.0.4.RELEASE.jar:5.0.4.RELEASE]
	at org.springframework.beans.factory.support.AbstractAutowireCapableBeanFactory.doCreateBean(AbstractAutowireCapableBeanFactory.java:582) ~[spring-beans-5.0.4.RELEASE.jar:5.0.4.RELEASE]
	at org.springframework.beans.factory.support.AbstractAutowireCapableBeanFactory.createBean(AbstractAutowireCapableBeanFactory.java:502) ~[spring-beans-5.0.4.RELEASE.jar:5.0.4.RELEASE]
	at org.springframework.beans.factory.support.AbstractBeanFactory.lambda$doGetBean$0(AbstractBeanFactory.java:312) ~[spring-beans-5.0.4.RELEASE.jar:5.0.4.RELEASE]
	at org.springframework.beans.factory.support.DefaultSingletonBeanRegistry.getSingleton(DefaultSingletonBeanRegistry.java:228) ~[spring-beans-5.0.4.RELEASE.jar:5.0.4.RELEASE]
	at org.springframework.beans.factory.support.AbstractBeanFactory.doGetBean(AbstractBeanFactory.java:310) ~[spring-beans-5.0.4.RELEASE.jar:5.0.4.RELEASE]
	at org.springframework.beans.factory.support.AbstractBeanFactory.getBean(AbstractBeanFactory.java:205) ~[spring-beans-5.0.4.RELEASE.jar:5.0.4.RELEASE]
	at org.springframework.context.support.AbstractApplicationContext.initMessageSource(AbstractApplicationContext.java:719) ~[spring-context-5.0.4.RELEASE.jar:5.0.4.RELEASE]
	at org.springframework.context.support.AbstractApplicationContext.refresh(AbstractApplicationContext.java:537) ~[spring-context-5.0.4.RELEASE.jar:5.0.4.RELEASE]
	at org.springframework.test.context.web.AbstractGenericWebContextLoader.loadContext(AbstractGenericWebContextLoader.java:129) ~[spring-test-5.2.3.RELEASE.jar:5.2.3.RELEASE]
	at org.springframework.test.context.web.AbstractGenericWebContextLoader.loadContext(AbstractGenericWebContextLoader.java:61) ~[spring-test-5.2.3.RELEASE.jar:5.2.3.RELEASE]
	at org.springframework.test.context.support.AbstractDelegatingSmartContextLoader.delegateLoading(AbstractDelegatingSmartContextLoader.java:275) ~[spring-test-5.2.3.RELEASE.jar:5.2.3.RELEASE]
	at org.springframework.test.context.support.AbstractDelegatingSmartContextLoader.loadContext(AbstractDelegatingSmartContextLoader.java:243) ~[spring-test-5.2.3.RELEASE.jar:5.2.3.RELEASE]
	at org.springframework.test.context.cache.DefaultCacheAwareContextLoaderDelegate.loadContextInternal(DefaultCacheAwareContextLoaderDelegate.java:99) ~[spring-test-5.2.3.RELEASE.jar:5.2.3.RELEASE]
	at org.springframework.test.context.cache.DefaultCacheAwareContextLoaderDelegate.loadContext(DefaultCacheAwareContextLoaderDelegate.java:124) ~[spring-test-5.2.3.RELEASE.jar:5.2.3.RELEASE]
	at org.springframework.test.context.support.DefaultTestContext.getApplicationContext(DefaultTestContext.java:123) ~[spring-test-5.2.3.RELEASE.jar:5.2.3.RELEASE]
	at org.springframework.test.context.web.ServletTestExecutionListener.setUpRequestContextIfNecessary(ServletTestExecutionListener.java:190) ~[spring-test-5.2.3.RELEASE.jar:5.2.3.RELEASE]
	at org.springframework.test.context.web.ServletTestExecutionListener.prepareTestInstance(ServletTestExecutionListener.java:132) ~[spring-test-5.2.3.RELEASE.jar:5.2.3.RELEASE]
	at org.springframework.test.context.TestContextManager.prepareTestInstance(TestContextManager.java:244) ~[spring-test-5.2.3.RELEASE.jar:5.2.3.RELEASE]
	at org.springframework.test.context.junit.jupiter.SpringExtension.postProcessTestInstance(SpringExtension.java:98) ~[spring-test-5.2.3.RELEASE.jar:5.2.3.RELEASE]
	at org.junit.jupiter.engine.descriptor.ClassBasedTestDescriptor.lambda$invokeTestInstancePostProcessors$5(ClassBasedTestDescriptor.java:341) ~[junit-jupiter-engine-5.6.0.jar:5.6.0]
	at org.junit.jupiter.engine.descriptor.ClassBasedTestDescriptor.executeAndMaskThrowable(ClassBasedTestDescriptor.java:346) ~[junit-jupiter-engine-5.6.0.jar:5.6.0]
	at org.junit.jupiter.engine.descriptor.ClassBasedTestDescriptor.lambda$invokeTestInstancePostProcessors$6(ClassBasedTestDescriptor.java:341) ~[junit-jupiter-engine-5.6.0.jar:5.6.0]
	at java.util.stream.ReferencePipeline$3$1.accept(ReferencePipeline.java:193) ~[?:1.8.0_211]
	at java.util.stream.ReferencePipeline$2$1.accept(ReferencePipeline.java:175) ~[?:1.8.0_211]
	at java.util.ArrayList$ArrayListSpliterator.forEachRemaining(ArrayList.java:1382) ~[?:1.8.0_211]
	at java.util.stream.AbstractPipeline.copyInto(AbstractPipeline.java:481) ~[?:1.8.0_211]
	at java.util.stream.AbstractPipeline.wrapAndCopyInto(AbstractPipeline.java:471) ~[?:1.8.0_211]
	at java.util.stream.StreamSpliterators$WrappingSpliterator.forEachRemaining(StreamSpliterators.java:312) ~[?:1.8.0_211]
	at java.util.stream.Streams$ConcatSpliterator.forEachRemaining(Streams.java:743) ~[?:1.8.0_211]
	at java.util.stream.Streams$ConcatSpliterator.forEachRemaining(Streams.java:742) ~[?:1.8.0_211]
	at java.util.stream.ReferencePipeline$Head.forEach(ReferencePipeline.java:580) ~[?:1.8.0_211]
	at org.junit.jupiter.engine.descriptor.ClassBasedTestDescriptor.invokeTestInstancePostProcessors(ClassBasedTestDescriptor.java:340) ~[junit-jupiter-engine-5.6.0.jar:5.6.0]
	at org.junit.jupiter.engine.descriptor.ClassBasedTestDescriptor.instantiateAndPostProcessTestInstance(ClassBasedTestDescriptor.java:263) ~[junit-jupiter-engine-5.6.0.jar:5.6.0]
	at org.junit.jupiter.engine.descriptor.ClassBasedTestDescriptor.lambda$testInstancesProvider$2(ClassBasedTestDescriptor.java:256) ~[junit-jupiter-engine-5.6.0.jar:5.6.0]
	at java.util.Optional.orElseGet(Optional.java:267) ~[?:1.8.0_211]
	at org.junit.jupiter.engine.descriptor.ClassBasedTestDescriptor.lambda$testInstancesProvider$3(ClassBasedTestDescriptor.java:255) ~[junit-jupiter-engine-5.6.0.jar:5.6.0]
	at org.junit.jupiter.engine.execution.TestInstancesProvider.getTestInstances(TestInstancesProvider.java:29) ~[junit-jupiter-engine-5.6.0.jar:5.6.0]
	at org.junit.jupiter.engine.descriptor.TestMethodTestDescriptor.lambda$prepare$0(TestMethodTestDescriptor.java:108) ~[junit-jupiter-engine-5.6.0.jar:5.6.0]
	at org.junit.platform.engine.support.hierarchical.ThrowableCollector.execute(ThrowableCollector.java:73) ~[junit-platform-engine-1.6.0.jar:1.6.0]
	at org.junit.jupiter.engine.descriptor.TestMethodTestDescriptor.prepare(TestMethodTestDescriptor.java:107) ~[junit-jupiter-engine-5.6.0.jar:5.6.0]
	at org.junit.jupiter.engine.descriptor.TestMethodTestDescriptor.prepare(TestMethodTestDescriptor.java:71) ~[junit-jupiter-engine-5.6.0.jar:5.6.0]
	at org.junit.platform.engine.support.hierarchical.NodeTestTask.lambda$prepare$1(NodeTestTask.java:107) ~[junit-platform-engine-1.6.0.jar:1.6.0]
	at org.junit.platform.engine.support.hierarchical.ThrowableCollector.execute(ThrowableCollector.java:73) ~[junit-platform-engine-1.6.0.jar:1.6.0]
	at org.junit.platform.engine.support.hierarchical.NodeTestTask.prepare(NodeTestTask.java:107) ~[junit-platform-engine-1.6.0.jar:1.6.0]
	at org.junit.platform.engine.support.hierarchical.NodeTestTask.execute(NodeTestTask.java:75) ~[junit-platform-engine-1.6.0.jar:1.6.0]
	at java.util.ArrayList.forEach(ArrayList.java:1257) ~[?:1.8.0_211]
	at org.junit.platform.engine.support.hierarchical.SameThreadHierarchicalTestExecutorService.invokeAll(SameThreadHierarchicalTestExecutorService.java:38) ~[junit-platform-engine-1.6.0.jar:1.6.0]
	at org.junit.platform.engine.support.hierarchical.NodeTestTask.lambda$executeRecursively$5(NodeTestTask.java:139) ~[junit-platform-engine-1.6.0.jar:1.6.0]
	at org.junit.platform.engine.support.hierarchical.ThrowableCollector.execute(ThrowableCollector.java:73) ~[junit-platform-engine-1.6.0.jar:1.6.0]
	at org.junit.platform.engine.support.hierarchical.NodeTestTask.lambda$executeRecursively$7(NodeTestTask.java:125) ~[junit-platform-engine-1.6.0.jar:1.6.0]
	at org.junit.platform.engine.support.hierarchical.Node.around(Node.java:135) ~[junit-platform-engine-1.6.0.jar:1.6.0]
	at org.junit.platform.engine.support.hierarchical.NodeTestTask.lambda$executeRecursively$8(NodeTestTask.java:123) ~[junit-platform-engine-1.6.0.jar:1.6.0]
	at org.junit.platform.engine.support.hierarchical.ThrowableCollector.execute(ThrowableCollector.java:73) ~[junit-platform-engine-1.6.0.jar:1.6.0]
	at org.junit.platform.engine.support.hierarchical.NodeTestTask.executeRecursively(NodeTestTask.java:122) ~[junit-platform-engine-1.6.0.jar:1.6.0]
	at org.junit.platform.engine.support.hierarchical.NodeTestTask.execute(NodeTestTask.java:80) ~[junit-platform-engine-1.6.0.jar:1.6.0]
	at java.util.ArrayList.forEach(ArrayList.java:1257) ~[?:1.8.0_211]
	at org.junit.platform.engine.support.hierarchical.SameThreadHierarchicalTestExecutorService.invokeAll(SameThreadHierarchicalTestExecutorService.java:38) ~[junit-platform-engine-1.6.0.jar:1.6.0]
	at org.junit.platform.engine.support.hierarchical.NodeTestTask.lambda$executeRecursively$5(NodeTestTask.java:139) ~[junit-platform-engine-1.6.0.jar:1.6.0]
	at org.junit.platform.engine.support.hierarchical.ThrowableCollector.execute(ThrowableCollector.java:73) ~[junit-platform-engine-1.6.0.jar:1.6.0]
	at org.junit.platform.engine.support.hierarchical.NodeTestTask.lambda$executeRecursively$7(NodeTestTask.java:125) ~[junit-platform-engine-1.6.0.jar:1.6.0]
	at org.junit.platform.engine.support.hierarchical.Node.around(Node.java:135) ~[junit-platform-engine-1.6.0.jar:1.6.0]
	at org.junit.platform.engine.support.hierarchical.NodeTestTask.lambda$executeRecursively$8(NodeTestTask.java:123) ~[junit-platform-engine-1.6.0.jar:1.6.0]
	at org.junit.platform.engine.support.hierarchical.ThrowableCollector.execute(ThrowableCollector.java:73) [junit-platform-engine-1.6.0.jar:1.6.0]
	at org.junit.platform.engine.support.hierarchical.NodeTestTask.executeRecursively(NodeTestTask.java:122) [junit-platform-engine-1.6.0.jar:1.6.0]
	at org.junit.platform.engine.support.hierarchical.NodeTestTask.execute(NodeTestTask.java:80) [junit-platform-engine-1.6.0.jar:1.6.0]
	at org.junit.platform.engine.support.hierarchical.SameThreadHierarchicalTestExecutorService.submit(SameThreadHierarchicalTestExecutorService.java:32) [junit-platform-engine-1.6.0.jar:1.6.0]
	at org.junit.platform.engine.support.hierarchical.HierarchicalTestExecutor.execute(HierarchicalTestExecutor.java:57) [junit-platform-engine-1.6.0.jar:1.6.0]
	at org.junit.platform.engine.support.hierarchical.HierarchicalTestEngine.execute(HierarchicalTestEngine.java:51) [junit-platform-engine-1.6.0.jar:1.6.0]
	at org.junit.platform.launcher.core.DefaultLauncher.execute(DefaultLauncher.java:170) [junit-platform-launcher-1.1.0.jar:1.1.0]
	at org.junit.platform.launcher.core.DefaultLauncher.execute(DefaultLauncher.java:154) [junit-platform-launcher-1.1.0.jar:1.1.0]
	at org.junit.platform.launcher.core.DefaultLauncher.execute(DefaultLauncher.java:90) [junit-platform-launcher-1.1.0.jar:1.1.0]
	at org.junit.platform.surefire.provider.JUnitPlatformProvider.invokeAllTests(JUnitPlatformProvider.java:132) [junit-platform-surefire-provider-1.1.0.jar:1.1.0]
	at org.junit.platform.surefire.provider.JUnitPlatformProvider.invoke(JUnitPlatformProvider.java:111) [junit-platform-surefire-provider-1.1.0.jar:1.1.0]
	at org.apache.maven.surefire.booter.ForkedBooter.invokeProviderInSameClassLoader(ForkedBooter.java:290) [surefire-booter-2.19.1.jar:2.19.1]
	at org.apache.maven.surefire.booter.ForkedBooter.runSuitesInProcess(ForkedBooter.java:242) [surefire-booter-2.19.1.jar:2.19.1]
	at org.apache.maven.surefire.booter.ForkedBooter.main(ForkedBooter.java:121) [surefire-booter-2.19.1.jar:2.19.1]
Caused by: java.sql.SQLSyntaxErrorException: unexpected token: ENGINE
	at org.hsqldb.jdbc.JDBCUtil.sqlException(Unknown Source) ~[hsqldb-2.5.0.jar:2.5.0]
	at org.hsqldb.jdbc.JDBCUtil.sqlException(Unknown Source) ~[hsqldb-2.5.0.jar:2.5.0]
	at org.hsqldb.jdbc.JDBCStatement.fetchResult(Unknown Source) ~[hsqldb-2.5.0.jar:2.5.0]
	at org.hsqldb.jdbc.JDBCStatement.execute(Unknown Source) ~[hsqldb-2.5.0.jar:2.5.0]
	at org.apache.commons.dbcp2.DelegatingStatement.execute(DelegatingStatement.java:194) ~[commons-dbcp2-2.7.0.jar:2.7.0]
	at org.apache.commons.dbcp2.DelegatingStatement.execute(DelegatingStatement.java:194) ~[commons-dbcp2-2.7.0.jar:2.7.0]
	at org.hibernate.tool.schema.internal.exec.GenerationTargetToDatabase.accept(GenerationTargetToDatabase.java:54) ~[hibernate-core-5.2.13.Final.jar:5.2.13.Final]
	... 119 more
Caused by: org.hsqldb.HsqlException: unexpected token: ENGINE
	at org.hsqldb.error.Error.parseError(Unknown Source) ~[hsqldb-2.5.0.jar:2.5.0]
	at org.hsqldb.ParserBase.unexpectedToken(Unknown Source) ~[hsqldb-2.5.0.jar:2.5.0]
	at org.hsqldb.ParserCommand.compilePart(Unknown Source) ~[hsqldb-2.5.0.jar:2.5.0]
	at org.hsqldb.ParserCommand.compileStatements(Unknown Source) ~[hsqldb-2.5.0.jar:2.5.0]
	at org.hsqldb.Session.executeDirectStatement(Unknown Source) ~[hsqldb-2.5.0.jar:2.5.0]
	at org.hsqldb.Session.execute(Unknown Source) ~[hsqldb-2.5.0.jar:2.5.0]
	at org.hsqldb.jdbc.JDBCStatement.fetchResult(Unknown Source) ~[hsqldb-2.5.0.jar:2.5.0]
	at org.hsqldb.jdbc.JDBCStatement.execute(Unknown Source) ~[hsqldb-2.5.0.jar:2.5.0]
	at org.apache.commons.dbcp2.DelegatingStatement.execute(DelegatingStatement.java:194) ~[commons-dbcp2-2.7.0.jar:2.7.0]
	at org.apache.commons.dbcp2.DelegatingStatement.execute(DelegatingStatement.java:194) ~[commons-dbcp2-2.7.0.jar:2.7.0]
	at org.hibernate.tool.schema.internal.exec.GenerationTargetToDatabase.accept(GenerationTargetToDatabase.java:54) ~[hibernate-core-5.2.13.Final.jar:5.2.13.Final]
	... 119 more
14:36:54.701 [main] DEBUG org.hibernate.SQL - create table PERSON (ID bigint not null, NAME char(1), primary key (ID)) engine=MyISAM
14:36:54.701 [main] WARN  org.hibernate.tool.schema.internal.ExceptionHandlerLoggedImpl - GenerationTarget encountered exception accepting command : Error executing DDL via JDBC Statement
org.hibernate.tool.schema.spi.CommandAcceptanceException: Error executing DDL via JDBC Statement
	at org.hibernate.tool.schema.internal.exec.GenerationTargetToDatabase.accept(GenerationTargetToDatabase.java:67) ~[hibernate-core-5.2.13.Final.jar:5.2.13.Final]
	at org.hibernate.tool.schema.internal.SchemaCreatorImpl.applySqlString(SchemaCreatorImpl.java:440) ~[hibernate-core-5.2.13.Final.jar:5.2.13.Final]
	at org.hibernate.tool.schema.internal.SchemaCreatorImpl.applySqlStrings(SchemaCreatorImpl.java:424) ~[hibernate-core-5.2.13.Final.jar:5.2.13.Final]
	at org.hibernate.tool.schema.internal.SchemaCreatorImpl.createFromMetadata(SchemaCreatorImpl.java:315) ~[hibernate-core-5.2.13.Final.jar:5.2.13.Final]
	at org.hibernate.tool.schema.internal.SchemaCreatorImpl.performCreation(SchemaCreatorImpl.java:166) ~[hibernate-core-5.2.13.Final.jar:5.2.13.Final]
	at org.hibernate.tool.schema.internal.SchemaCreatorImpl.doCreation(SchemaCreatorImpl.java:135) ~[hibernate-core-5.2.13.Final.jar:5.2.13.Final]
	at org.hibernate.tool.schema.internal.SchemaCreatorImpl.doCreation(SchemaCreatorImpl.java:121) ~[hibernate-core-5.2.13.Final.jar:5.2.13.Final]
	at org.hibernate.tool.schema.spi.SchemaManagementToolCoordinator.performDatabaseAction(SchemaManagementToolCoordinator.java:155) ~[hibernate-core-5.2.13.Final.jar:5.2.13.Final]
	at org.hibernate.tool.schema.spi.SchemaManagementToolCoordinator.process(SchemaManagementToolCoordinator.java:72) ~[hibernate-core-5.2.13.Final.jar:5.2.13.Final]
	at org.hibernate.internal.SessionFactoryImpl.<init>(SessionFactoryImpl.java:312) ~[hibernate-core-5.2.13.Final.jar:5.2.13.Final]
	at org.hibernate.boot.internal.SessionFactoryBuilderImpl.build(SessionFactoryBuilderImpl.java:460) ~[hibernate-core-5.2.13.Final.jar:5.2.13.Final]
	at org.hibernate.cfg.Configuration.buildSessionFactory(Configuration.java:710) ~[hibernate-core-5.2.13.Final.jar:5.2.13.Final]
	at org.hibernate.cfg.Configuration.buildSessionFactory(Configuration.java:726) ~[hibernate-core-5.2.13.Final.jar:5.2.13.Final]
	at org.springframework.orm.hibernate5.LocalSessionFactoryBean.buildSessionFactory(LocalSessionFactoryBean.java:535) ~[spring-orm-5.0.4.RELEASE.jar:5.0.4.RELEASE]
	at org.springframework.orm.hibernate5.LocalSessionFactoryBean.afterPropertiesSet(LocalSessionFactoryBean.java:519) ~[spring-orm-5.0.4.RELEASE.jar:5.0.4.RELEASE]
	at com.soft.config.DataAccessConfig.getDevSessionFactory(DataAccessConfig.java:232) ~[classes/:?]
	at com.soft.config.DataAccessConfig$$EnhancerBySpringCGLIB$$d625e009.CGLIB$getDevSessionFactory$5(<generated>) ~[classes/:?]
	at com.soft.config.DataAccessConfig$$EnhancerBySpringCGLIB$$d625e009$$FastClassBySpringCGLIB$$62d74cbd.invoke(<generated>) ~[classes/:?]
	at org.springframework.cglib.proxy.MethodProxy.invokeSuper(MethodProxy.java:244) ~[spring-core-5.2.0.RELEASE.jar:5.2.0.RELEASE]
	at org.springframework.context.annotation.ConfigurationClassEnhancer$BeanMethodInterceptor.intercept(ConfigurationClassEnhancer.java:361) ~[spring-context-5.0.4.RELEASE.jar:5.0.4.RELEASE]
	at com.soft.config.DataAccessConfig$$EnhancerBySpringCGLIB$$d625e009.getDevSessionFactory(<generated>) ~[classes/:?]
	at sun.reflect.NativeMethodAccessorImpl.invoke0(Native Method) ~[?:1.8.0_211]
	at sun.reflect.NativeMethodAccessorImpl.invoke(NativeMethodAccessorImpl.java:62) ~[?:1.8.0_211]
	at sun.reflect.DelegatingMethodAccessorImpl.invoke(DelegatingMethodAccessorImpl.java:43) ~[?:1.8.0_211]
	at java.lang.reflect.Method.invoke(Method.java:498) ~[?:1.8.0_211]
	at org.springframework.beans.factory.support.SimpleInstantiationStrategy.instantiate(SimpleInstantiationStrategy.java:154) ~[spring-beans-5.0.4.RELEASE.jar:5.0.4.RELEASE]
	at org.springframework.beans.factory.support.ConstructorResolver.instantiateUsingFactoryMethod(ConstructorResolver.java:579) ~[spring-beans-5.0.4.RELEASE.jar:5.0.4.RELEASE]
	at org.springframework.beans.factory.support.AbstractAutowireCapableBeanFactory.instantiateUsingFactoryMethod(AbstractAutowireCapableBeanFactory.java:1250) ~[spring-beans-5.0.4.RELEASE.jar:5.0.4.RELEASE]
	at org.springframework.beans.factory.support.AbstractAutowireCapableBeanFactory.createBeanInstance(AbstractAutowireCapableBeanFactory.java:1099) ~[spring-beans-5.0.4.RELEASE.jar:5.0.4.RELEASE]
	at org.springframework.beans.factory.support.AbstractAutowireCapableBeanFactory.doCreateBean(AbstractAutowireCapableBeanFactory.java:545) ~[spring-beans-5.0.4.RELEASE.jar:5.0.4.RELEASE]
	at org.springframework.beans.factory.support.AbstractAutowireCapableBeanFactory.createBean(AbstractAutowireCapableBeanFactory.java:502) ~[spring-beans-5.0.4.RELEASE.jar:5.0.4.RELEASE]
	at org.springframework.beans.factory.support.AbstractBeanFactory.lambda$doGetBean$0(AbstractBeanFactory.java:312) ~[spring-beans-5.0.4.RELEASE.jar:5.0.4.RELEASE]
	at org.springframework.beans.factory.support.DefaultSingletonBeanRegistry.getSingleton(DefaultSingletonBeanRegistry.java:228) ~[spring-beans-5.0.4.RELEASE.jar:5.0.4.RELEASE]
	at org.springframework.beans.factory.support.AbstractBeanFactory.doGetBean(AbstractBeanFactory.java:310) ~[spring-beans-5.0.4.RELEASE.jar:5.0.4.RELEASE]
	at org.springframework.beans.factory.support.AbstractBeanFactory.getBean(AbstractBeanFactory.java:200) ~[spring-beans-5.0.4.RELEASE.jar:5.0.4.RELEASE]
	at org.springframework.beans.factory.support.AbstractBeanFactory.doGetBean(AbstractBeanFactory.java:304) ~[spring-beans-5.0.4.RELEASE.jar:5.0.4.RELEASE]
	at org.springframework.beans.factory.support.AbstractBeanFactory.getBean(AbstractBeanFactory.java:200) ~[spring-beans-5.0.4.RELEASE.jar:5.0.4.RELEASE]
	at org.springframework.beans.factory.config.DependencyDescriptor.resolveCandidate(DependencyDescriptor.java:251) ~[spring-beans-5.0.4.RELEASE.jar:5.0.4.RELEASE]
	at org.springframework.beans.factory.support.DefaultListableBeanFactory.doResolveDependency(DefaultListableBeanFactory.java:1138) ~[spring-beans-5.0.4.RELEASE.jar:5.0.4.RELEASE]
	at org.springframework.beans.factory.support.DefaultListableBeanFactory.resolveDependency(DefaultListableBeanFactory.java:1065) ~[spring-beans-5.0.4.RELEASE.jar:5.0.4.RELEASE]
	at org.springframework.beans.factory.annotation.AutowiredAnnotationBeanPostProcessor$AutowiredFieldElement.inject(AutowiredAnnotationBeanPostProcessor.java:584) ~[spring-beans-5.0.4.RELEASE.jar:5.0.4.RELEASE]
	at org.springframework.beans.factory.annotation.InjectionMetadata.inject(InjectionMetadata.java:91) ~[spring-beans-5.0.4.RELEASE.jar:5.0.4.RELEASE]
	at org.springframework.beans.factory.annotation.AutowiredAnnotationBeanPostProcessor.postProcessPropertyValues(AutowiredAnnotationBeanPostProcessor.java:373) ~[spring-beans-5.0.4.RELEASE.jar:5.0.4.RELEASE]
	at org.springframework.beans.factory.support.AbstractAutowireCapableBeanFactory.populateBean(AbstractAutowireCapableBeanFactory.java:1344) ~[spring-beans-5.0.4.RELEASE.jar:5.0.4.RELEASE]
	at org.springframework.beans.factory.support.AbstractAutowireCapableBeanFactory.doCreateBean(AbstractAutowireCapableBeanFactory.java:582) ~[spring-beans-5.0.4.RELEASE.jar:5.0.4.RELEASE]
	at org.springframework.beans.factory.support.AbstractAutowireCapableBeanFactory.createBean(AbstractAutowireCapableBeanFactory.java:502) ~[spring-beans-5.0.4.RELEASE.jar:5.0.4.RELEASE]
	at org.springframework.beans.factory.support.AbstractBeanFactory.lambda$doGetBean$0(AbstractBeanFactory.java:312) ~[spring-beans-5.0.4.RELEASE.jar:5.0.4.RELEASE]
	at org.springframework.beans.factory.support.DefaultSingletonBeanRegistry.getSingleton(DefaultSingletonBeanRegistry.java:228) ~[spring-beans-5.0.4.RELEASE.jar:5.0.4.RELEASE]
	at org.springframework.beans.factory.support.AbstractBeanFactory.doGetBean(AbstractBeanFactory.java:310) ~[spring-beans-5.0.4.RELEASE.jar:5.0.4.RELEASE]
	at org.springframework.beans.factory.support.AbstractBeanFactory.getBean(AbstractBeanFactory.java:205) ~[spring-beans-5.0.4.RELEASE.jar:5.0.4.RELEASE]
	at org.springframework.context.support.AbstractApplicationContext.initMessageSource(AbstractApplicationContext.java:719) ~[spring-context-5.0.4.RELEASE.jar:5.0.4.RELEASE]
	at org.springframework.context.support.AbstractApplicationContext.refresh(AbstractApplicationContext.java:537) ~[spring-context-5.0.4.RELEASE.jar:5.0.4.RELEASE]
	at org.springframework.test.context.web.AbstractGenericWebContextLoader.loadContext(AbstractGenericWebContextLoader.java:129) ~[spring-test-5.2.3.RELEASE.jar:5.2.3.RELEASE]
	at org.springframework.test.context.web.AbstractGenericWebContextLoader.loadContext(AbstractGenericWebContextLoader.java:61) ~[spring-test-5.2.3.RELEASE.jar:5.2.3.RELEASE]
	at org.springframework.test.context.support.AbstractDelegatingSmartContextLoader.delegateLoading(AbstractDelegatingSmartContextLoader.java:275) ~[spring-test-5.2.3.RELEASE.jar:5.2.3.RELEASE]
	at org.springframework.test.context.support.AbstractDelegatingSmartContextLoader.loadContext(AbstractDelegatingSmartContextLoader.java:243) ~[spring-test-5.2.3.RELEASE.jar:5.2.3.RELEASE]
	at org.springframework.test.context.cache.DefaultCacheAwareContextLoaderDelegate.loadContextInternal(DefaultCacheAwareContextLoaderDelegate.java:99) ~[spring-test-5.2.3.RELEASE.jar:5.2.3.RELEASE]
	at org.springframework.test.context.cache.DefaultCacheAwareContextLoaderDelegate.loadContext(DefaultCacheAwareContextLoaderDelegate.java:124) ~[spring-test-5.2.3.RELEASE.jar:5.2.3.RELEASE]
	at org.springframework.test.context.support.DefaultTestContext.getApplicationContext(DefaultTestContext.java:123) ~[spring-test-5.2.3.RELEASE.jar:5.2.3.RELEASE]
	at org.springframework.test.context.web.ServletTestExecutionListener.setUpRequestContextIfNecessary(ServletTestExecutionListener.java:190) ~[spring-test-5.2.3.RELEASE.jar:5.2.3.RELEASE]
	at org.springframework.test.context.web.ServletTestExecutionListener.prepareTestInstance(ServletTestExecutionListener.java:132) ~[spring-test-5.2.3.RELEASE.jar:5.2.3.RELEASE]
	at org.springframework.test.context.TestContextManager.prepareTestInstance(TestContextManager.java:244) ~[spring-test-5.2.3.RELEASE.jar:5.2.3.RELEASE]
	at org.springframework.test.context.junit.jupiter.SpringExtension.postProcessTestInstance(SpringExtension.java:98) ~[spring-test-5.2.3.RELEASE.jar:5.2.3.RELEASE]
	at org.junit.jupiter.engine.descriptor.ClassBasedTestDescriptor.lambda$invokeTestInstancePostProcessors$5(ClassBasedTestDescriptor.java:341) ~[junit-jupiter-engine-5.6.0.jar:5.6.0]
	at org.junit.jupiter.engine.descriptor.ClassBasedTestDescriptor.executeAndMaskThrowable(ClassBasedTestDescriptor.java:346) ~[junit-jupiter-engine-5.6.0.jar:5.6.0]
	at org.junit.jupiter.engine.descriptor.ClassBasedTestDescriptor.lambda$invokeTestInstancePostProcessors$6(ClassBasedTestDescriptor.java:341) ~[junit-jupiter-engine-5.6.0.jar:5.6.0]
	at java.util.stream.ReferencePipeline$3$1.accept(ReferencePipeline.java:193) ~[?:1.8.0_211]
	at java.util.stream.ReferencePipeline$2$1.accept(ReferencePipeline.java:175) ~[?:1.8.0_211]
	at java.util.ArrayList$ArrayListSpliterator.forEachRemaining(ArrayList.java:1382) ~[?:1.8.0_211]
	at java.util.stream.AbstractPipeline.copyInto(AbstractPipeline.java:481) ~[?:1.8.0_211]
	at java.util.stream.AbstractPipeline.wrapAndCopyInto(AbstractPipeline.java:471) ~[?:1.8.0_211]
	at java.util.stream.StreamSpliterators$WrappingSpliterator.forEachRemaining(StreamSpliterators.java:312) ~[?:1.8.0_211]
	at java.util.stream.Streams$ConcatSpliterator.forEachRemaining(Streams.java:743) ~[?:1.8.0_211]
	at java.util.stream.Streams$ConcatSpliterator.forEachRemaining(Streams.java:742) ~[?:1.8.0_211]
	at java.util.stream.ReferencePipeline$Head.forEach(ReferencePipeline.java:580) ~[?:1.8.0_211]
	at org.junit.jupiter.engine.descriptor.ClassBasedTestDescriptor.invokeTestInstancePostProcessors(ClassBasedTestDescriptor.java:340) ~[junit-jupiter-engine-5.6.0.jar:5.6.0]
	at org.junit.jupiter.engine.descriptor.ClassBasedTestDescriptor.instantiateAndPostProcessTestInstance(ClassBasedTestDescriptor.java:263) ~[junit-jupiter-engine-5.6.0.jar:5.6.0]
	at org.junit.jupiter.engine.descriptor.ClassBasedTestDescriptor.lambda$testInstancesProvider$2(ClassBasedTestDescriptor.java:256) ~[junit-jupiter-engine-5.6.0.jar:5.6.0]
	at java.util.Optional.orElseGet(Optional.java:267) ~[?:1.8.0_211]
	at org.junit.jupiter.engine.descriptor.ClassBasedTestDescriptor.lambda$testInstancesProvider$3(ClassBasedTestDescriptor.java:255) ~[junit-jupiter-engine-5.6.0.jar:5.6.0]
	at org.junit.jupiter.engine.execution.TestInstancesProvider.getTestInstances(TestInstancesProvider.java:29) ~[junit-jupiter-engine-5.6.0.jar:5.6.0]
	at org.junit.jupiter.engine.descriptor.TestMethodTestDescriptor.lambda$prepare$0(TestMethodTestDescriptor.java:108) ~[junit-jupiter-engine-5.6.0.jar:5.6.0]
	at org.junit.platform.engine.support.hierarchical.ThrowableCollector.execute(ThrowableCollector.java:73) ~[junit-platform-engine-1.6.0.jar:1.6.0]
	at org.junit.jupiter.engine.descriptor.TestMethodTestDescriptor.prepare(TestMethodTestDescriptor.java:107) ~[junit-jupiter-engine-5.6.0.jar:5.6.0]
	at org.junit.jupiter.engine.descriptor.TestMethodTestDescriptor.prepare(TestMethodTestDescriptor.java:71) ~[junit-jupiter-engine-5.6.0.jar:5.6.0]
	at org.junit.platform.engine.support.hierarchical.NodeTestTask.lambda$prepare$1(NodeTestTask.java:107) ~[junit-platform-engine-1.6.0.jar:1.6.0]
	at org.junit.platform.engine.support.hierarchical.ThrowableCollector.execute(ThrowableCollector.java:73) ~[junit-platform-engine-1.6.0.jar:1.6.0]
	at org.junit.platform.engine.support.hierarchical.NodeTestTask.prepare(NodeTestTask.java:107) ~[junit-platform-engine-1.6.0.jar:1.6.0]
	at org.junit.platform.engine.support.hierarchical.NodeTestTask.execute(NodeTestTask.java:75) ~[junit-platform-engine-1.6.0.jar:1.6.0]
	at java.util.ArrayList.forEach(ArrayList.java:1257) ~[?:1.8.0_211]
	at org.junit.platform.engine.support.hierarchical.SameThreadHierarchicalTestExecutorService.invokeAll(SameThreadHierarchicalTestExecutorService.java:38) ~[junit-platform-engine-1.6.0.jar:1.6.0]
	at org.junit.platform.engine.support.hierarchical.NodeTestTask.lambda$executeRecursively$5(NodeTestTask.java:139) ~[junit-platform-engine-1.6.0.jar:1.6.0]
	at org.junit.platform.engine.support.hierarchical.ThrowableCollector.execute(ThrowableCollector.java:73) ~[junit-platform-engine-1.6.0.jar:1.6.0]
	at org.junit.platform.engine.support.hierarchical.NodeTestTask.lambda$executeRecursively$7(NodeTestTask.java:125) ~[junit-platform-engine-1.6.0.jar:1.6.0]
	at org.junit.platform.engine.support.hierarchical.Node.around(Node.java:135) ~[junit-platform-engine-1.6.0.jar:1.6.0]
	at org.junit.platform.engine.support.hierarchical.NodeTestTask.lambda$executeRecursively$8(NodeTestTask.java:123) ~[junit-platform-engine-1.6.0.jar:1.6.0]
	at org.junit.platform.engine.support.hierarchical.ThrowableCollector.execute(ThrowableCollector.java:73) ~[junit-platform-engine-1.6.0.jar:1.6.0]
	at org.junit.platform.engine.support.hierarchical.NodeTestTask.executeRecursively(NodeTestTask.java:122) ~[junit-platform-engine-1.6.0.jar:1.6.0]
	at org.junit.platform.engine.support.hierarchical.NodeTestTask.execute(NodeTestTask.java:80) ~[junit-platform-engine-1.6.0.jar:1.6.0]
	at java.util.ArrayList.forEach(ArrayList.java:1257) ~[?:1.8.0_211]
	at org.junit.platform.engine.support.hierarchical.SameThreadHierarchicalTestExecutorService.invokeAll(SameThreadHierarchicalTestExecutorService.java:38) ~[junit-platform-engine-1.6.0.jar:1.6.0]
	at org.junit.platform.engine.support.hierarchical.NodeTestTask.lambda$executeRecursively$5(NodeTestTask.java:139) ~[junit-platform-engine-1.6.0.jar:1.6.0]
	at org.junit.platform.engine.support.hierarchical.ThrowableCollector.execute(ThrowableCollector.java:73) ~[junit-platform-engine-1.6.0.jar:1.6.0]
	at org.junit.platform.engine.support.hierarchical.NodeTestTask.lambda$executeRecursively$7(NodeTestTask.java:125) ~[junit-platform-engine-1.6.0.jar:1.6.0]
	at org.junit.platform.engine.support.hierarchical.Node.around(Node.java:135) ~[junit-platform-engine-1.6.0.jar:1.6.0]
	at org.junit.platform.engine.support.hierarchical.NodeTestTask.lambda$executeRecursively$8(NodeTestTask.java:123) ~[junit-platform-engine-1.6.0.jar:1.6.0]
	at org.junit.platform.engine.support.hierarchical.ThrowableCollector.execute(ThrowableCollector.java:73) [junit-platform-engine-1.6.0.jar:1.6.0]
	at org.junit.platform.engine.support.hierarchical.NodeTestTask.executeRecursively(NodeTestTask.java:122) [junit-platform-engine-1.6.0.jar:1.6.0]
	at org.junit.platform.engine.support.hierarchical.NodeTestTask.execute(NodeTestTask.java:80) [junit-platform-engine-1.6.0.jar:1.6.0]
	at org.junit.platform.engine.support.hierarchical.SameThreadHierarchicalTestExecutorService.submit(SameThreadHierarchicalTestExecutorService.java:32) [junit-platform-engine-1.6.0.jar:1.6.0]
	at org.junit.platform.engine.support.hierarchical.HierarchicalTestExecutor.execute(HierarchicalTestExecutor.java:57) [junit-platform-engine-1.6.0.jar:1.6.0]
	at org.junit.platform.engine.support.hierarchical.HierarchicalTestEngine.execute(HierarchicalTestEngine.java:51) [junit-platform-engine-1.6.0.jar:1.6.0]
	at org.junit.platform.launcher.core.DefaultLauncher.execute(DefaultLauncher.java:170) [junit-platform-launcher-1.1.0.jar:1.1.0]
	at org.junit.platform.launcher.core.DefaultLauncher.execute(DefaultLauncher.java:154) [junit-platform-launcher-1.1.0.jar:1.1.0]
	at org.junit.platform.launcher.core.DefaultLauncher.execute(DefaultLauncher.java:90) [junit-platform-launcher-1.1.0.jar:1.1.0]
	at org.junit.platform.surefire.provider.JUnitPlatformProvider.invokeAllTests(JUnitPlatformProvider.java:132) [junit-platform-surefire-provider-1.1.0.jar:1.1.0]
	at org.junit.platform.surefire.provider.JUnitPlatformProvider.invoke(JUnitPlatformProvider.java:111) [junit-platform-surefire-provider-1.1.0.jar:1.1.0]
	at org.apache.maven.surefire.booter.ForkedBooter.invokeProviderInSameClassLoader(ForkedBooter.java:290) [surefire-booter-2.19.1.jar:2.19.1]
	at org.apache.maven.surefire.booter.ForkedBooter.runSuitesInProcess(ForkedBooter.java:242) [surefire-booter-2.19.1.jar:2.19.1]
	at org.apache.maven.surefire.booter.ForkedBooter.main(ForkedBooter.java:121) [surefire-booter-2.19.1.jar:2.19.1]
Caused by: java.sql.SQLSyntaxErrorException: unexpected token: ENGINE
	at org.hsqldb.jdbc.JDBCUtil.sqlException(Unknown Source) ~[hsqldb-2.5.0.jar:2.5.0]
	at org.hsqldb.jdbc.JDBCUtil.sqlException(Unknown Source) ~[hsqldb-2.5.0.jar:2.5.0]
	at org.hsqldb.jdbc.JDBCStatement.fetchResult(Unknown Source) ~[hsqldb-2.5.0.jar:2.5.0]
	at org.hsqldb.jdbc.JDBCStatement.execute(Unknown Source) ~[hsqldb-2.5.0.jar:2.5.0]
	at org.apache.commons.dbcp2.DelegatingStatement.execute(DelegatingStatement.java:194) ~[commons-dbcp2-2.7.0.jar:2.7.0]
	at org.apache.commons.dbcp2.DelegatingStatement.execute(DelegatingStatement.java:194) ~[commons-dbcp2-2.7.0.jar:2.7.0]
	at org.hibernate.tool.schema.internal.exec.GenerationTargetToDatabase.accept(GenerationTargetToDatabase.java:54) ~[hibernate-core-5.2.13.Final.jar:5.2.13.Final]
	... 119 more
Caused by: org.hsqldb.HsqlException: unexpected token: ENGINE
	at org.hsqldb.error.Error.parseError(Unknown Source) ~[hsqldb-2.5.0.jar:2.5.0]
	at org.hsqldb.ParserBase.unexpectedToken(Unknown Source) ~[hsqldb-2.5.0.jar:2.5.0]
	at org.hsqldb.ParserCommand.compilePart(Unknown Source) ~[hsqldb-2.5.0.jar:2.5.0]
	at org.hsqldb.ParserCommand.compileStatements(Unknown Source) ~[hsqldb-2.5.0.jar:2.5.0]
	at org.hsqldb.Session.executeDirectStatement(Unknown Source) ~[hsqldb-2.5.0.jar:2.5.0]
	at org.hsqldb.Session.execute(Unknown Source) ~[hsqldb-2.5.0.jar:2.5.0]
	at org.hsqldb.jdbc.JDBCStatement.fetchResult(Unknown Source) ~[hsqldb-2.5.0.jar:2.5.0]
	at org.hsqldb.jdbc.JDBCStatement.execute(Unknown Source) ~[hsqldb-2.5.0.jar:2.5.0]
	at org.apache.commons.dbcp2.DelegatingStatement.execute(DelegatingStatement.java:194) ~[commons-dbcp2-2.7.0.jar:2.7.0]
	at org.apache.commons.dbcp2.DelegatingStatement.execute(DelegatingStatement.java:194) ~[commons-dbcp2-2.7.0.jar:2.7.0]
	at org.hibernate.tool.schema.internal.exec.GenerationTargetToDatabase.accept(GenerationTargetToDatabase.java:54) ~[hibernate-core-5.2.13.Final.jar:5.2.13.Final]
	... 119 more
14:36:54.704 [main] DEBUG org.hibernate.SQL - create table producer (producer_id bigint not null, producer_category integer, producer_name varchar(255), primary key (producer_id)) engine=MyISAM
14:36:54.704 [main] WARN  org.hibernate.tool.schema.internal.ExceptionHandlerLoggedImpl - GenerationTarget encountered exception accepting command : Error executing DDL via JDBC Statement
org.hibernate.tool.schema.spi.CommandAcceptanceException: Error executing DDL via JDBC Statement
	at org.hibernate.tool.schema.internal.exec.GenerationTargetToDatabase.accept(GenerationTargetToDatabase.java:67) ~[hibernate-core-5.2.13.Final.jar:5.2.13.Final]
	at org.hibernate.tool.schema.internal.SchemaCreatorImpl.applySqlString(SchemaCreatorImpl.java:440) ~[hibernate-core-5.2.13.Final.jar:5.2.13.Final]
	at org.hibernate.tool.schema.internal.SchemaCreatorImpl.applySqlStrings(SchemaCreatorImpl.java:424) ~[hibernate-core-5.2.13.Final.jar:5.2.13.Final]
	at org.hibernate.tool.schema.internal.SchemaCreatorImpl.createFromMetadata(SchemaCreatorImpl.java:315) ~[hibernate-core-5.2.13.Final.jar:5.2.13.Final]
	at org.hibernate.tool.schema.internal.SchemaCreatorImpl.performCreation(SchemaCreatorImpl.java:166) ~[hibernate-core-5.2.13.Final.jar:5.2.13.Final]
	at org.hibernate.tool.schema.internal.SchemaCreatorImpl.doCreation(SchemaCreatorImpl.java:135) ~[hibernate-core-5.2.13.Final.jar:5.2.13.Final]
	at org.hibernate.tool.schema.internal.SchemaCreatorImpl.doCreation(SchemaCreatorImpl.java:121) ~[hibernate-core-5.2.13.Final.jar:5.2.13.Final]
	at org.hibernate.tool.schema.spi.SchemaManagementToolCoordinator.performDatabaseAction(SchemaManagementToolCoordinator.java:155) ~[hibernate-core-5.2.13.Final.jar:5.2.13.Final]
	at org.hibernate.tool.schema.spi.SchemaManagementToolCoordinator.process(SchemaManagementToolCoordinator.java:72) ~[hibernate-core-5.2.13.Final.jar:5.2.13.Final]
	at org.hibernate.internal.SessionFactoryImpl.<init>(SessionFactoryImpl.java:312) ~[hibernate-core-5.2.13.Final.jar:5.2.13.Final]
	at org.hibernate.boot.internal.SessionFactoryBuilderImpl.build(SessionFactoryBuilderImpl.java:460) ~[hibernate-core-5.2.13.Final.jar:5.2.13.Final]
	at org.hibernate.cfg.Configuration.buildSessionFactory(Configuration.java:710) ~[hibernate-core-5.2.13.Final.jar:5.2.13.Final]
	at org.hibernate.cfg.Configuration.buildSessionFactory(Configuration.java:726) ~[hibernate-core-5.2.13.Final.jar:5.2.13.Final]
	at org.springframework.orm.hibernate5.LocalSessionFactoryBean.buildSessionFactory(LocalSessionFactoryBean.java:535) ~[spring-orm-5.0.4.RELEASE.jar:5.0.4.RELEASE]
	at org.springframework.orm.hibernate5.LocalSessionFactoryBean.afterPropertiesSet(LocalSessionFactoryBean.java:519) ~[spring-orm-5.0.4.RELEASE.jar:5.0.4.RELEASE]
	at com.soft.config.DataAccessConfig.getDevSessionFactory(DataAccessConfig.java:232) ~[classes/:?]
	at com.soft.config.DataAccessConfig$$EnhancerBySpringCGLIB$$d625e009.CGLIB$getDevSessionFactory$5(<generated>) ~[classes/:?]
	at com.soft.config.DataAccessConfig$$EnhancerBySpringCGLIB$$d625e009$$FastClassBySpringCGLIB$$62d74cbd.invoke(<generated>) ~[classes/:?]
	at org.springframework.cglib.proxy.MethodProxy.invokeSuper(MethodProxy.java:244) ~[spring-core-5.2.0.RELEASE.jar:5.2.0.RELEASE]
	at org.springframework.context.annotation.ConfigurationClassEnhancer$BeanMethodInterceptor.intercept(ConfigurationClassEnhancer.java:361) ~[spring-context-5.0.4.RELEASE.jar:5.0.4.RELEASE]
	at com.soft.config.DataAccessConfig$$EnhancerBySpringCGLIB$$d625e009.getDevSessionFactory(<generated>) ~[classes/:?]
	at sun.reflect.NativeMethodAccessorImpl.invoke0(Native Method) ~[?:1.8.0_211]
	at sun.reflect.NativeMethodAccessorImpl.invoke(NativeMethodAccessorImpl.java:62) ~[?:1.8.0_211]
	at sun.reflect.DelegatingMethodAccessorImpl.invoke(DelegatingMethodAccessorImpl.java:43) ~[?:1.8.0_211]
	at java.lang.reflect.Method.invoke(Method.java:498) ~[?:1.8.0_211]
	at org.springframework.beans.factory.support.SimpleInstantiationStrategy.instantiate(SimpleInstantiationStrategy.java:154) ~[spring-beans-5.0.4.RELEASE.jar:5.0.4.RELEASE]
	at org.springframework.beans.factory.support.ConstructorResolver.instantiateUsingFactoryMethod(ConstructorResolver.java:579) ~[spring-beans-5.0.4.RELEASE.jar:5.0.4.RELEASE]
	at org.springframework.beans.factory.support.AbstractAutowireCapableBeanFactory.instantiateUsingFactoryMethod(AbstractAutowireCapableBeanFactory.java:1250) ~[spring-beans-5.0.4.RELEASE.jar:5.0.4.RELEASE]
	at org.springframework.beans.factory.support.AbstractAutowireCapableBeanFactory.createBeanInstance(AbstractAutowireCapableBeanFactory.java:1099) ~[spring-beans-5.0.4.RELEASE.jar:5.0.4.RELEASE]
	at org.springframework.beans.factory.support.AbstractAutowireCapableBeanFactory.doCreateBean(AbstractAutowireCapableBeanFactory.java:545) ~[spring-beans-5.0.4.RELEASE.jar:5.0.4.RELEASE]
	at org.springframework.beans.factory.support.AbstractAutowireCapableBeanFactory.createBean(AbstractAutowireCapableBeanFactory.java:502) ~[spring-beans-5.0.4.RELEASE.jar:5.0.4.RELEASE]
	at org.springframework.beans.factory.support.AbstractBeanFactory.lambda$doGetBean$0(AbstractBeanFactory.java:312) ~[spring-beans-5.0.4.RELEASE.jar:5.0.4.RELEASE]
	at org.springframework.beans.factory.support.DefaultSingletonBeanRegistry.getSingleton(DefaultSingletonBeanRegistry.java:228) ~[spring-beans-5.0.4.RELEASE.jar:5.0.4.RELEASE]
	at org.springframework.beans.factory.support.AbstractBeanFactory.doGetBean(AbstractBeanFactory.java:310) ~[spring-beans-5.0.4.RELEASE.jar:5.0.4.RELEASE]
	at org.springframework.beans.factory.support.AbstractBeanFactory.getBean(AbstractBeanFactory.java:200) ~[spring-beans-5.0.4.RELEASE.jar:5.0.4.RELEASE]
	at org.springframework.beans.factory.support.AbstractBeanFactory.doGetBean(AbstractBeanFactory.java:304) ~[spring-beans-5.0.4.RELEASE.jar:5.0.4.RELEASE]
	at org.springframework.beans.factory.support.AbstractBeanFactory.getBean(AbstractBeanFactory.java:200) ~[spring-beans-5.0.4.RELEASE.jar:5.0.4.RELEASE]
	at org.springframework.beans.factory.config.DependencyDescriptor.resolveCandidate(DependencyDescriptor.java:251) ~[spring-beans-5.0.4.RELEASE.jar:5.0.4.RELEASE]
	at org.springframework.beans.factory.support.DefaultListableBeanFactory.doResolveDependency(DefaultListableBeanFactory.java:1138) ~[spring-beans-5.0.4.RELEASE.jar:5.0.4.RELEASE]
	at org.springframework.beans.factory.support.DefaultListableBeanFactory.resolveDependency(DefaultListableBeanFactory.java:1065) ~[spring-beans-5.0.4.RELEASE.jar:5.0.4.RELEASE]
	at org.springframework.beans.factory.annotation.AutowiredAnnotationBeanPostProcessor$AutowiredFieldElement.inject(AutowiredAnnotationBeanPostProcessor.java:584) ~[spring-beans-5.0.4.RELEASE.jar:5.0.4.RELEASE]
	at org.springframework.beans.factory.annotation.InjectionMetadata.inject(InjectionMetadata.java:91) ~[spring-beans-5.0.4.RELEASE.jar:5.0.4.RELEASE]
	at org.springframework.beans.factory.annotation.AutowiredAnnotationBeanPostProcessor.postProcessPropertyValues(AutowiredAnnotationBeanPostProcessor.java:373) ~[spring-beans-5.0.4.RELEASE.jar:5.0.4.RELEASE]
	at org.springframework.beans.factory.support.AbstractAutowireCapableBeanFactory.populateBean(AbstractAutowireCapableBeanFactory.java:1344) ~[spring-beans-5.0.4.RELEASE.jar:5.0.4.RELEASE]
	at org.springframework.beans.factory.support.AbstractAutowireCapableBeanFactory.doCreateBean(AbstractAutowireCapableBeanFactory.java:582) ~[spring-beans-5.0.4.RELEASE.jar:5.0.4.RELEASE]
	at org.springframework.beans.factory.support.AbstractAutowireCapableBeanFactory.createBean(AbstractAutowireCapableBeanFactory.java:502) ~[spring-beans-5.0.4.RELEASE.jar:5.0.4.RELEASE]
	at org.springframework.beans.factory.support.AbstractBeanFactory.lambda$doGetBean$0(AbstractBeanFactory.java:312) ~[spring-beans-5.0.4.RELEASE.jar:5.0.4.RELEASE]
	at org.springframework.beans.factory.support.DefaultSingletonBeanRegistry.getSingleton(DefaultSingletonBeanRegistry.java:228) ~[spring-beans-5.0.4.RELEASE.jar:5.0.4.RELEASE]
	at org.springframework.beans.factory.support.AbstractBeanFactory.doGetBean(AbstractBeanFactory.java:310) ~[spring-beans-5.0.4.RELEASE.jar:5.0.4.RELEASE]
	at org.springframework.beans.factory.support.AbstractBeanFactory.getBean(AbstractBeanFactory.java:205) ~[spring-beans-5.0.4.RELEASE.jar:5.0.4.RELEASE]
	at org.springframework.context.support.AbstractApplicationContext.initMessageSource(AbstractApplicationContext.java:719) ~[spring-context-5.0.4.RELEASE.jar:5.0.4.RELEASE]
	at org.springframework.context.support.AbstractApplicationContext.refresh(AbstractApplicationContext.java:537) ~[spring-context-5.0.4.RELEASE.jar:5.0.4.RELEASE]
	at org.springframework.test.context.web.AbstractGenericWebContextLoader.loadContext(AbstractGenericWebContextLoader.java:129) ~[spring-test-5.2.3.RELEASE.jar:5.2.3.RELEASE]
	at org.springframework.test.context.web.AbstractGenericWebContextLoader.loadContext(AbstractGenericWebContextLoader.java:61) ~[spring-test-5.2.3.RELEASE.jar:5.2.3.RELEASE]
	at org.springframework.test.context.support.AbstractDelegatingSmartContextLoader.delegateLoading(AbstractDelegatingSmartContextLoader.java:275) ~[spring-test-5.2.3.RELEASE.jar:5.2.3.RELEASE]
	at org.springframework.test.context.support.AbstractDelegatingSmartContextLoader.loadContext(AbstractDelegatingSmartContextLoader.java:243) ~[spring-test-5.2.3.RELEASE.jar:5.2.3.RELEASE]
	at org.springframework.test.context.cache.DefaultCacheAwareContextLoaderDelegate.loadContextInternal(DefaultCacheAwareContextLoaderDelegate.java:99) ~[spring-test-5.2.3.RELEASE.jar:5.2.3.RELEASE]
	at org.springframework.test.context.cache.DefaultCacheAwareContextLoaderDelegate.loadContext(DefaultCacheAwareContextLoaderDelegate.java:124) ~[spring-test-5.2.3.RELEASE.jar:5.2.3.RELEASE]
	at org.springframework.test.context.support.DefaultTestContext.getApplicationContext(DefaultTestContext.java:123) ~[spring-test-5.2.3.RELEASE.jar:5.2.3.RELEASE]
	at org.springframework.test.context.web.ServletTestExecutionListener.setUpRequestContextIfNecessary(ServletTestExecutionListener.java:190) ~[spring-test-5.2.3.RELEASE.jar:5.2.3.RELEASE]
	at org.springframework.test.context.web.ServletTestExecutionListener.prepareTestInstance(ServletTestExecutionListener.java:132) ~[spring-test-5.2.3.RELEASE.jar:5.2.3.RELEASE]
	at org.springframework.test.context.TestContextManager.prepareTestInstance(TestContextManager.java:244) ~[spring-test-5.2.3.RELEASE.jar:5.2.3.RELEASE]
	at org.springframework.test.context.junit.jupiter.SpringExtension.postProcessTestInstance(SpringExtension.java:98) ~[spring-test-5.2.3.RELEASE.jar:5.2.3.RELEASE]
	at org.junit.jupiter.engine.descriptor.ClassBasedTestDescriptor.lambda$invokeTestInstancePostProcessors$5(ClassBasedTestDescriptor.java:341) ~[junit-jupiter-engine-5.6.0.jar:5.6.0]
	at org.junit.jupiter.engine.descriptor.ClassBasedTestDescriptor.executeAndMaskThrowable(ClassBasedTestDescriptor.java:346) ~[junit-jupiter-engine-5.6.0.jar:5.6.0]
	at org.junit.jupiter.engine.descriptor.ClassBasedTestDescriptor.lambda$invokeTestInstancePostProcessors$6(ClassBasedTestDescriptor.java:341) ~[junit-jupiter-engine-5.6.0.jar:5.6.0]
	at java.util.stream.ReferencePipeline$3$1.accept(ReferencePipeline.java:193) ~[?:1.8.0_211]
	at java.util.stream.ReferencePipeline$2$1.accept(ReferencePipeline.java:175) ~[?:1.8.0_211]
	at java.util.ArrayList$ArrayListSpliterator.forEachRemaining(ArrayList.java:1382) ~[?:1.8.0_211]
	at java.util.stream.AbstractPipeline.copyInto(AbstractPipeline.java:481) ~[?:1.8.0_211]
	at java.util.stream.AbstractPipeline.wrapAndCopyInto(AbstractPipeline.java:471) ~[?:1.8.0_211]
	at java.util.stream.StreamSpliterators$WrappingSpliterator.forEachRemaining(StreamSpliterators.java:312) ~[?:1.8.0_211]
	at java.util.stream.Streams$ConcatSpliterator.forEachRemaining(Streams.java:743) ~[?:1.8.0_211]
	at java.util.stream.Streams$ConcatSpliterator.forEachRemaining(Streams.java:742) ~[?:1.8.0_211]
	at java.util.stream.ReferencePipeline$Head.forEach(ReferencePipeline.java:580) ~[?:1.8.0_211]
	at org.junit.jupiter.engine.descriptor.ClassBasedTestDescriptor.invokeTestInstancePostProcessors(ClassBasedTestDescriptor.java:340) ~[junit-jupiter-engine-5.6.0.jar:5.6.0]
	at org.junit.jupiter.engine.descriptor.ClassBasedTestDescriptor.instantiateAndPostProcessTestInstance(ClassBasedTestDescriptor.java:263) ~[junit-jupiter-engine-5.6.0.jar:5.6.0]
	at org.junit.jupiter.engine.descriptor.ClassBasedTestDescriptor.lambda$testInstancesProvider$2(ClassBasedTestDescriptor.java:256) ~[junit-jupiter-engine-5.6.0.jar:5.6.0]
	at java.util.Optional.orElseGet(Optional.java:267) ~[?:1.8.0_211]
	at org.junit.jupiter.engine.descriptor.ClassBasedTestDescriptor.lambda$testInstancesProvider$3(ClassBasedTestDescriptor.java:255) ~[junit-jupiter-engine-5.6.0.jar:5.6.0]
	at org.junit.jupiter.engine.execution.TestInstancesProvider.getTestInstances(TestInstancesProvider.java:29) ~[junit-jupiter-engine-5.6.0.jar:5.6.0]
	at org.junit.jupiter.engine.descriptor.TestMethodTestDescriptor.lambda$prepare$0(TestMethodTestDescriptor.java:108) ~[junit-jupiter-engine-5.6.0.jar:5.6.0]
	at org.junit.platform.engine.support.hierarchical.ThrowableCollector.execute(ThrowableCollector.java:73) ~[junit-platform-engine-1.6.0.jar:1.6.0]
	at org.junit.jupiter.engine.descriptor.TestMethodTestDescriptor.prepare(TestMethodTestDescriptor.java:107) ~[junit-jupiter-engine-5.6.0.jar:5.6.0]
	at org.junit.jupiter.engine.descriptor.TestMethodTestDescriptor.prepare(TestMethodTestDescriptor.java:71) ~[junit-jupiter-engine-5.6.0.jar:5.6.0]
	at org.junit.platform.engine.support.hierarchical.NodeTestTask.lambda$prepare$1(NodeTestTask.java:107) ~[junit-platform-engine-1.6.0.jar:1.6.0]
	at org.junit.platform.engine.support.hierarchical.ThrowableCollector.execute(ThrowableCollector.java:73) ~[junit-platform-engine-1.6.0.jar:1.6.0]
	at org.junit.platform.engine.support.hierarchical.NodeTestTask.prepare(NodeTestTask.java:107) ~[junit-platform-engine-1.6.0.jar:1.6.0]
	at org.junit.platform.engine.support.hierarchical.NodeTestTask.execute(NodeTestTask.java:75) ~[junit-platform-engine-1.6.0.jar:1.6.0]
	at java.util.ArrayList.forEach(ArrayList.java:1257) ~[?:1.8.0_211]
	at org.junit.platform.engine.support.hierarchical.SameThreadHierarchicalTestExecutorService.invokeAll(SameThreadHierarchicalTestExecutorService.java:38) ~[junit-platform-engine-1.6.0.jar:1.6.0]
	at org.junit.platform.engine.support.hierarchical.NodeTestTask.lambda$executeRecursively$5(NodeTestTask.java:139) ~[junit-platform-engine-1.6.0.jar:1.6.0]
	at org.junit.platform.engine.support.hierarchical.ThrowableCollector.execute(ThrowableCollector.java:73) ~[junit-platform-engine-1.6.0.jar:1.6.0]
	at org.junit.platform.engine.support.hierarchical.NodeTestTask.lambda$executeRecursively$7(NodeTestTask.java:125) ~[junit-platform-engine-1.6.0.jar:1.6.0]
	at org.junit.platform.engine.support.hierarchical.Node.around(Node.java:135) ~[junit-platform-engine-1.6.0.jar:1.6.0]
	at org.junit.platform.engine.support.hierarchical.NodeTestTask.lambda$executeRecursively$8(NodeTestTask.java:123) ~[junit-platform-engine-1.6.0.jar:1.6.0]
	at org.junit.platform.engine.support.hierarchical.ThrowableCollector.execute(ThrowableCollector.java:73) ~[junit-platform-engine-1.6.0.jar:1.6.0]
	at org.junit.platform.engine.support.hierarchical.NodeTestTask.executeRecursively(NodeTestTask.java:122) ~[junit-platform-engine-1.6.0.jar:1.6.0]
	at org.junit.platform.engine.support.hierarchical.NodeTestTask.execute(NodeTestTask.java:80) ~[junit-platform-engine-1.6.0.jar:1.6.0]
	at java.util.ArrayList.forEach(ArrayList.java:1257) ~[?:1.8.0_211]
	at org.junit.platform.engine.support.hierarchical.SameThreadHierarchicalTestExecutorService.invokeAll(SameThreadHierarchicalTestExecutorService.java:38) ~[junit-platform-engine-1.6.0.jar:1.6.0]
	at org.junit.platform.engine.support.hierarchical.NodeTestTask.lambda$executeRecursively$5(NodeTestTask.java:139) ~[junit-platform-engine-1.6.0.jar:1.6.0]
	at org.junit.platform.engine.support.hierarchical.ThrowableCollector.execute(ThrowableCollector.java:73) ~[junit-platform-engine-1.6.0.jar:1.6.0]
	at org.junit.platform.engine.support.hierarchical.NodeTestTask.lambda$executeRecursively$7(NodeTestTask.java:125) ~[junit-platform-engine-1.6.0.jar:1.6.0]
	at org.junit.platform.engine.support.hierarchical.Node.around(Node.java:135) ~[junit-platform-engine-1.6.0.jar:1.6.0]
	at org.junit.platform.engine.support.hierarchical.NodeTestTask.lambda$executeRecursively$8(NodeTestTask.java:123) ~[junit-platform-engine-1.6.0.jar:1.6.0]
	at org.junit.platform.engine.support.hierarchical.ThrowableCollector.execute(ThrowableCollector.java:73) [junit-platform-engine-1.6.0.jar:1.6.0]
	at org.junit.platform.engine.support.hierarchical.NodeTestTask.executeRecursively(NodeTestTask.java:122) [junit-platform-engine-1.6.0.jar:1.6.0]
	at org.junit.platform.engine.support.hierarchical.NodeTestTask.execute(NodeTestTask.java:80) [junit-platform-engine-1.6.0.jar:1.6.0]
	at org.junit.platform.engine.support.hierarchical.SameThreadHierarchicalTestExecutorService.submit(SameThreadHierarchicalTestExecutorService.java:32) [junit-platform-engine-1.6.0.jar:1.6.0]
	at org.junit.platform.engine.support.hierarchical.HierarchicalTestExecutor.execute(HierarchicalTestExecutor.java:57) [junit-platform-engine-1.6.0.jar:1.6.0]
	at org.junit.platform.engine.support.hierarchical.HierarchicalTestEngine.execute(HierarchicalTestEngine.java:51) [junit-platform-engine-1.6.0.jar:1.6.0]
	at org.junit.platform.launcher.core.DefaultLauncher.execute(DefaultLauncher.java:170) [junit-platform-launcher-1.1.0.jar:1.1.0]
	at org.junit.platform.launcher.core.DefaultLauncher.execute(DefaultLauncher.java:154) [junit-platform-launcher-1.1.0.jar:1.1.0]
	at org.junit.platform.launcher.core.DefaultLauncher.execute(DefaultLauncher.java:90) [junit-platform-launcher-1.1.0.jar:1.1.0]
	at org.junit.platform.surefire.provider.JUnitPlatformProvider.invokeAllTests(JUnitPlatformProvider.java:132) [junit-platform-surefire-provider-1.1.0.jar:1.1.0]
	at org.junit.platform.surefire.provider.JUnitPlatformProvider.invoke(JUnitPlatformProvider.java:111) [junit-platform-surefire-provider-1.1.0.jar:1.1.0]
	at org.apache.maven.surefire.booter.ForkedBooter.invokeProviderInSameClassLoader(ForkedBooter.java:290) [surefire-booter-2.19.1.jar:2.19.1]
	at org.apache.maven.surefire.booter.ForkedBooter.runSuitesInProcess(ForkedBooter.java:242) [surefire-booter-2.19.1.jar:2.19.1]
	at org.apache.maven.surefire.booter.ForkedBooter.main(ForkedBooter.java:121) [surefire-booter-2.19.1.jar:2.19.1]
Caused by: java.sql.SQLSyntaxErrorException: unexpected token: ENGINE
	at org.hsqldb.jdbc.JDBCUtil.sqlException(Unknown Source) ~[hsqldb-2.5.0.jar:2.5.0]
	at org.hsqldb.jdbc.JDBCUtil.sqlException(Unknown Source) ~[hsqldb-2.5.0.jar:2.5.0]
	at org.hsqldb.jdbc.JDBCStatement.fetchResult(Unknown Source) ~[hsqldb-2.5.0.jar:2.5.0]
	at org.hsqldb.jdbc.JDBCStatement.execute(Unknown Source) ~[hsqldb-2.5.0.jar:2.5.0]
	at org.apache.commons.dbcp2.DelegatingStatement.execute(DelegatingStatement.java:194) ~[commons-dbcp2-2.7.0.jar:2.7.0]
	at org.apache.commons.dbcp2.DelegatingStatement.execute(DelegatingStatement.java:194) ~[commons-dbcp2-2.7.0.jar:2.7.0]
	at org.hibernate.tool.schema.internal.exec.GenerationTargetToDatabase.accept(GenerationTargetToDatabase.java:54) ~[hibernate-core-5.2.13.Final.jar:5.2.13.Final]
	... 119 more
Caused by: org.hsqldb.HsqlException: unexpected token: ENGINE
	at org.hsqldb.error.Error.parseError(Unknown Source) ~[hsqldb-2.5.0.jar:2.5.0]
	at org.hsqldb.ParserBase.unexpectedToken(Unknown Source) ~[hsqldb-2.5.0.jar:2.5.0]
	at org.hsqldb.ParserCommand.compilePart(Unknown Source) ~[hsqldb-2.5.0.jar:2.5.0]
	at org.hsqldb.ParserCommand.compileStatements(Unknown Source) ~[hsqldb-2.5.0.jar:2.5.0]
	at org.hsqldb.Session.executeDirectStatement(Unknown Source) ~[hsqldb-2.5.0.jar:2.5.0]
	at org.hsqldb.Session.execute(Unknown Source) ~[hsqldb-2.5.0.jar:2.5.0]
	at org.hsqldb.jdbc.JDBCStatement.fetchResult(Unknown Source) ~[hsqldb-2.5.0.jar:2.5.0]
	at org.hsqldb.jdbc.JDBCStatement.execute(Unknown Source) ~[hsqldb-2.5.0.jar:2.5.0]
	at org.apache.commons.dbcp2.DelegatingStatement.execute(DelegatingStatement.java:194) ~[commons-dbcp2-2.7.0.jar:2.7.0]
	at org.apache.commons.dbcp2.DelegatingStatement.execute(DelegatingStatement.java:194) ~[commons-dbcp2-2.7.0.jar:2.7.0]
	at org.hibernate.tool.schema.internal.exec.GenerationTargetToDatabase.accept(GenerationTargetToDatabase.java:54) ~[hibernate-core-5.2.13.Final.jar:5.2.13.Final]
	... 119 more
14:36:54.706 [main] DEBUG org.hibernate.SQL - create table resistor (resistor_id bigint not null, category integer, description varchar(255), name varchar(255), nominal double precision, nominal_unit integer, photo tinyblob, power double precision, power_unit integer, price double precision, producer integer, quantity integer, package integer, r_precision double precision, primary key (resistor_id)) engine=MyISAM
14:36:54.706 [main] WARN  org.hibernate.tool.schema.internal.ExceptionHandlerLoggedImpl - GenerationTarget encountered exception accepting command : Error executing DDL via JDBC Statement
org.hibernate.tool.schema.spi.CommandAcceptanceException: Error executing DDL via JDBC Statement
	at org.hibernate.tool.schema.internal.exec.GenerationTargetToDatabase.accept(GenerationTargetToDatabase.java:67) ~[hibernate-core-5.2.13.Final.jar:5.2.13.Final]
	at org.hibernate.tool.schema.internal.SchemaCreatorImpl.applySqlString(SchemaCreatorImpl.java:440) ~[hibernate-core-5.2.13.Final.jar:5.2.13.Final]
	at org.hibernate.tool.schema.internal.SchemaCreatorImpl.applySqlStrings(SchemaCreatorImpl.java:424) ~[hibernate-core-5.2.13.Final.jar:5.2.13.Final]
	at org.hibernate.tool.schema.internal.SchemaCreatorImpl.createFromMetadata(SchemaCreatorImpl.java:315) ~[hibernate-core-5.2.13.Final.jar:5.2.13.Final]
	at org.hibernate.tool.schema.internal.SchemaCreatorImpl.performCreation(SchemaCreatorImpl.java:166) ~[hibernate-core-5.2.13.Final.jar:5.2.13.Final]
	at org.hibernate.tool.schema.internal.SchemaCreatorImpl.doCreation(SchemaCreatorImpl.java:135) ~[hibernate-core-5.2.13.Final.jar:5.2.13.Final]
	at org.hibernate.tool.schema.internal.SchemaCreatorImpl.doCreation(SchemaCreatorImpl.java:121) ~[hibernate-core-5.2.13.Final.jar:5.2.13.Final]
	at org.hibernate.tool.schema.spi.SchemaManagementToolCoordinator.performDatabaseAction(SchemaManagementToolCoordinator.java:155) ~[hibernate-core-5.2.13.Final.jar:5.2.13.Final]
	at org.hibernate.tool.schema.spi.SchemaManagementToolCoordinator.process(SchemaManagementToolCoordinator.java:72) ~[hibernate-core-5.2.13.Final.jar:5.2.13.Final]
	at org.hibernate.internal.SessionFactoryImpl.<init>(SessionFactoryImpl.java:312) ~[hibernate-core-5.2.13.Final.jar:5.2.13.Final]
	at org.hibernate.boot.internal.SessionFactoryBuilderImpl.build(SessionFactoryBuilderImpl.java:460) ~[hibernate-core-5.2.13.Final.jar:5.2.13.Final]
	at org.hibernate.cfg.Configuration.buildSessionFactory(Configuration.java:710) ~[hibernate-core-5.2.13.Final.jar:5.2.13.Final]
	at org.hibernate.cfg.Configuration.buildSessionFactory(Configuration.java:726) ~[hibernate-core-5.2.13.Final.jar:5.2.13.Final]
	at org.springframework.orm.hibernate5.LocalSessionFactoryBean.buildSessionFactory(LocalSessionFactoryBean.java:535) ~[spring-orm-5.0.4.RELEASE.jar:5.0.4.RELEASE]
	at org.springframework.orm.hibernate5.LocalSessionFactoryBean.afterPropertiesSet(LocalSessionFactoryBean.java:519) ~[spring-orm-5.0.4.RELEASE.jar:5.0.4.RELEASE]
	at com.soft.config.DataAccessConfig.getDevSessionFactory(DataAccessConfig.java:232) ~[classes/:?]
	at com.soft.config.DataAccessConfig$$EnhancerBySpringCGLIB$$d625e009.CGLIB$getDevSessionFactory$5(<generated>) ~[classes/:?]
	at com.soft.config.DataAccessConfig$$EnhancerBySpringCGLIB$$d625e009$$FastClassBySpringCGLIB$$62d74cbd.invoke(<generated>) ~[classes/:?]
	at org.springframework.cglib.proxy.MethodProxy.invokeSuper(MethodProxy.java:244) ~[spring-core-5.2.0.RELEASE.jar:5.2.0.RELEASE]
	at org.springframework.context.annotation.ConfigurationClassEnhancer$BeanMethodInterceptor.intercept(ConfigurationClassEnhancer.java:361) ~[spring-context-5.0.4.RELEASE.jar:5.0.4.RELEASE]
	at com.soft.config.DataAccessConfig$$EnhancerBySpringCGLIB$$d625e009.getDevSessionFactory(<generated>) ~[classes/:?]
	at sun.reflect.NativeMethodAccessorImpl.invoke0(Native Method) ~[?:1.8.0_211]
	at sun.reflect.NativeMethodAccessorImpl.invoke(NativeMethodAccessorImpl.java:62) ~[?:1.8.0_211]
	at sun.reflect.DelegatingMethodAccessorImpl.invoke(DelegatingMethodAccessorImpl.java:43) ~[?:1.8.0_211]
	at java.lang.reflect.Method.invoke(Method.java:498) ~[?:1.8.0_211]
	at org.springframework.beans.factory.support.SimpleInstantiationStrategy.instantiate(SimpleInstantiationStrategy.java:154) ~[spring-beans-5.0.4.RELEASE.jar:5.0.4.RELEASE]
	at org.springframework.beans.factory.support.ConstructorResolver.instantiateUsingFactoryMethod(ConstructorResolver.java:579) ~[spring-beans-5.0.4.RELEASE.jar:5.0.4.RELEASE]
	at org.springframework.beans.factory.support.AbstractAutowireCapableBeanFactory.instantiateUsingFactoryMethod(AbstractAutowireCapableBeanFactory.java:1250) ~[spring-beans-5.0.4.RELEASE.jar:5.0.4.RELEASE]
	at org.springframework.beans.factory.support.AbstractAutowireCapableBeanFactory.createBeanInstance(AbstractAutowireCapableBeanFactory.java:1099) ~[spring-beans-5.0.4.RELEASE.jar:5.0.4.RELEASE]
	at org.springframework.beans.factory.support.AbstractAutowireCapableBeanFactory.doCreateBean(AbstractAutowireCapableBeanFactory.java:545) ~[spring-beans-5.0.4.RELEASE.jar:5.0.4.RELEASE]
	at org.springframework.beans.factory.support.AbstractAutowireCapableBeanFactory.createBean(AbstractAutowireCapableBeanFactory.java:502) ~[spring-beans-5.0.4.RELEASE.jar:5.0.4.RELEASE]
	at org.springframework.beans.factory.support.AbstractBeanFactory.lambda$doGetBean$0(AbstractBeanFactory.java:312) ~[spring-beans-5.0.4.RELEASE.jar:5.0.4.RELEASE]
	at org.springframework.beans.factory.support.DefaultSingletonBeanRegistry.getSingleton(DefaultSingletonBeanRegistry.java:228) ~[spring-beans-5.0.4.RELEASE.jar:5.0.4.RELEASE]
	at org.springframework.beans.factory.support.AbstractBeanFactory.doGetBean(AbstractBeanFactory.java:310) ~[spring-beans-5.0.4.RELEASE.jar:5.0.4.RELEASE]
	at org.springframework.beans.factory.support.AbstractBeanFactory.getBean(AbstractBeanFactory.java:200) ~[spring-beans-5.0.4.RELEASE.jar:5.0.4.RELEASE]
	at org.springframework.beans.factory.support.AbstractBeanFactory.doGetBean(AbstractBeanFactory.java:304) ~[spring-beans-5.0.4.RELEASE.jar:5.0.4.RELEASE]
	at org.springframework.beans.factory.support.AbstractBeanFactory.getBean(AbstractBeanFactory.java:200) ~[spring-beans-5.0.4.RELEASE.jar:5.0.4.RELEASE]
	at org.springframework.beans.factory.config.DependencyDescriptor.resolveCandidate(DependencyDescriptor.java:251) ~[spring-beans-5.0.4.RELEASE.jar:5.0.4.RELEASE]
	at org.springframework.beans.factory.support.DefaultListableBeanFactory.doResolveDependency(DefaultListableBeanFactory.java:1138) ~[spring-beans-5.0.4.RELEASE.jar:5.0.4.RELEASE]
	at org.springframework.beans.factory.support.DefaultListableBeanFactory.resolveDependency(DefaultListableBeanFactory.java:1065) ~[spring-beans-5.0.4.RELEASE.jar:5.0.4.RELEASE]
	at org.springframework.beans.factory.annotation.AutowiredAnnotationBeanPostProcessor$AutowiredFieldElement.inject(AutowiredAnnotationBeanPostProcessor.java:584) ~[spring-beans-5.0.4.RELEASE.jar:5.0.4.RELEASE]
	at org.springframework.beans.factory.annotation.InjectionMetadata.inject(InjectionMetadata.java:91) ~[spring-beans-5.0.4.RELEASE.jar:5.0.4.RELEASE]
	at org.springframework.beans.factory.annotation.AutowiredAnnotationBeanPostProcessor.postProcessPropertyValues(AutowiredAnnotationBeanPostProcessor.java:373) ~[spring-beans-5.0.4.RELEASE.jar:5.0.4.RELEASE]
	at org.springframework.beans.factory.support.AbstractAutowireCapableBeanFactory.populateBean(AbstractAutowireCapableBeanFactory.java:1344) ~[spring-beans-5.0.4.RELEASE.jar:5.0.4.RELEASE]
	at org.springframework.beans.factory.support.AbstractAutowireCapableBeanFactory.doCreateBean(AbstractAutowireCapableBeanFactory.java:582) ~[spring-beans-5.0.4.RELEASE.jar:5.0.4.RELEASE]
	at org.springframework.beans.factory.support.AbstractAutowireCapableBeanFactory.createBean(AbstractAutowireCapableBeanFactory.java:502) ~[spring-beans-5.0.4.RELEASE.jar:5.0.4.RELEASE]
	at org.springframework.beans.factory.support.AbstractBeanFactory.lambda$doGetBean$0(AbstractBeanFactory.java:312) ~[spring-beans-5.0.4.RELEASE.jar:5.0.4.RELEASE]
	at org.springframework.beans.factory.support.DefaultSingletonBeanRegistry.getSingleton(DefaultSingletonBeanRegistry.java:228) ~[spring-beans-5.0.4.RELEASE.jar:5.0.4.RELEASE]
	at org.springframework.beans.factory.support.AbstractBeanFactory.doGetBean(AbstractBeanFactory.java:310) ~[spring-beans-5.0.4.RELEASE.jar:5.0.4.RELEASE]
	at org.springframework.beans.factory.support.AbstractBeanFactory.getBean(AbstractBeanFactory.java:205) ~[spring-beans-5.0.4.RELEASE.jar:5.0.4.RELEASE]
	at org.springframework.context.support.AbstractApplicationContext.initMessageSource(AbstractApplicationContext.java:719) ~[spring-context-5.0.4.RELEASE.jar:5.0.4.RELEASE]
	at org.springframework.context.support.AbstractApplicationContext.refresh(AbstractApplicationContext.java:537) ~[spring-context-5.0.4.RELEASE.jar:5.0.4.RELEASE]
	at org.springframework.test.context.web.AbstractGenericWebContextLoader.loadContext(AbstractGenericWebContextLoader.java:129) ~[spring-test-5.2.3.RELEASE.jar:5.2.3.RELEASE]
	at org.springframework.test.context.web.AbstractGenericWebContextLoader.loadContext(AbstractGenericWebContextLoader.java:61) ~[spring-test-5.2.3.RELEASE.jar:5.2.3.RELEASE]
	at org.springframework.test.context.support.AbstractDelegatingSmartContextLoader.delegateLoading(AbstractDelegatingSmartContextLoader.java:275) ~[spring-test-5.2.3.RELEASE.jar:5.2.3.RELEASE]
	at org.springframework.test.context.support.AbstractDelegatingSmartContextLoader.loadContext(AbstractDelegatingSmartContextLoader.java:243) ~[spring-test-5.2.3.RELEASE.jar:5.2.3.RELEASE]
	at org.springframework.test.context.cache.DefaultCacheAwareContextLoaderDelegate.loadContextInternal(DefaultCacheAwareContextLoaderDelegate.java:99) ~[spring-test-5.2.3.RELEASE.jar:5.2.3.RELEASE]
	at org.springframework.test.context.cache.DefaultCacheAwareContextLoaderDelegate.loadContext(DefaultCacheAwareContextLoaderDelegate.java:124) ~[spring-test-5.2.3.RELEASE.jar:5.2.3.RELEASE]
	at org.springframework.test.context.support.DefaultTestContext.getApplicationContext(DefaultTestContext.java:123) ~[spring-test-5.2.3.RELEASE.jar:5.2.3.RELEASE]
	at org.springframework.test.context.web.ServletTestExecutionListener.setUpRequestContextIfNecessary(ServletTestExecutionListener.java:190) ~[spring-test-5.2.3.RELEASE.jar:5.2.3.RELEASE]
	at org.springframework.test.context.web.ServletTestExecutionListener.prepareTestInstance(ServletTestExecutionListener.java:132) ~[spring-test-5.2.3.RELEASE.jar:5.2.3.RELEASE]
	at org.springframework.test.context.TestContextManager.prepareTestInstance(TestContextManager.java:244) ~[spring-test-5.2.3.RELEASE.jar:5.2.3.RELEASE]
	at org.springframework.test.context.junit.jupiter.SpringExtension.postProcessTestInstance(SpringExtension.java:98) ~[spring-test-5.2.3.RELEASE.jar:5.2.3.RELEASE]
	at org.junit.jupiter.engine.descriptor.ClassBasedTestDescriptor.lambda$invokeTestInstancePostProcessors$5(ClassBasedTestDescriptor.java:341) ~[junit-jupiter-engine-5.6.0.jar:5.6.0]
	at org.junit.jupiter.engine.descriptor.ClassBasedTestDescriptor.executeAndMaskThrowable(ClassBasedTestDescriptor.java:346) ~[junit-jupiter-engine-5.6.0.jar:5.6.0]
	at org.junit.jupiter.engine.descriptor.ClassBasedTestDescriptor.lambda$invokeTestInstancePostProcessors$6(ClassBasedTestDescriptor.java:341) ~[junit-jupiter-engine-5.6.0.jar:5.6.0]
	at java.util.stream.ReferencePipeline$3$1.accept(ReferencePipeline.java:193) ~[?:1.8.0_211]
	at java.util.stream.ReferencePipeline$2$1.accept(ReferencePipeline.java:175) ~[?:1.8.0_211]
	at java.util.ArrayList$ArrayListSpliterator.forEachRemaining(ArrayList.java:1382) ~[?:1.8.0_211]
	at java.util.stream.AbstractPipeline.copyInto(AbstractPipeline.java:481) ~[?:1.8.0_211]
	at java.util.stream.AbstractPipeline.wrapAndCopyInto(AbstractPipeline.java:471) ~[?:1.8.0_211]
	at java.util.stream.StreamSpliterators$WrappingSpliterator.forEachRemaining(StreamSpliterators.java:312) ~[?:1.8.0_211]
	at java.util.stream.Streams$ConcatSpliterator.forEachRemaining(Streams.java:743) ~[?:1.8.0_211]
	at java.util.stream.Streams$ConcatSpliterator.forEachRemaining(Streams.java:742) ~[?:1.8.0_211]
	at java.util.stream.ReferencePipeline$Head.forEach(ReferencePipeline.java:580) ~[?:1.8.0_211]
	at org.junit.jupiter.engine.descriptor.ClassBasedTestDescriptor.invokeTestInstancePostProcessors(ClassBasedTestDescriptor.java:340) ~[junit-jupiter-engine-5.6.0.jar:5.6.0]
	at org.junit.jupiter.engine.descriptor.ClassBasedTestDescriptor.instantiateAndPostProcessTestInstance(ClassBasedTestDescriptor.java:263) ~[junit-jupiter-engine-5.6.0.jar:5.6.0]
	at org.junit.jupiter.engine.descriptor.ClassBasedTestDescriptor.lambda$testInstancesProvider$2(ClassBasedTestDescriptor.java:256) ~[junit-jupiter-engine-5.6.0.jar:5.6.0]
	at java.util.Optional.orElseGet(Optional.java:267) ~[?:1.8.0_211]
	at org.junit.jupiter.engine.descriptor.ClassBasedTestDescriptor.lambda$testInstancesProvider$3(ClassBasedTestDescriptor.java:255) ~[junit-jupiter-engine-5.6.0.jar:5.6.0]
	at org.junit.jupiter.engine.execution.TestInstancesProvider.getTestInstances(TestInstancesProvider.java:29) ~[junit-jupiter-engine-5.6.0.jar:5.6.0]
	at org.junit.jupiter.engine.descriptor.TestMethodTestDescriptor.lambda$prepare$0(TestMethodTestDescriptor.java:108) ~[junit-jupiter-engine-5.6.0.jar:5.6.0]
	at org.junit.platform.engine.support.hierarchical.ThrowableCollector.execute(ThrowableCollector.java:73) ~[junit-platform-engine-1.6.0.jar:1.6.0]
	at org.junit.jupiter.engine.descriptor.TestMethodTestDescriptor.prepare(TestMethodTestDescriptor.java:107) ~[junit-jupiter-engine-5.6.0.jar:5.6.0]
	at org.junit.jupiter.engine.descriptor.TestMethodTestDescriptor.prepare(TestMethodTestDescriptor.java:71) ~[junit-jupiter-engine-5.6.0.jar:5.6.0]
	at org.junit.platform.engine.support.hierarchical.NodeTestTask.lambda$prepare$1(NodeTestTask.java:107) ~[junit-platform-engine-1.6.0.jar:1.6.0]
	at org.junit.platform.engine.support.hierarchical.ThrowableCollector.execute(ThrowableCollector.java:73) ~[junit-platform-engine-1.6.0.jar:1.6.0]
	at org.junit.platform.engine.support.hierarchical.NodeTestTask.prepare(NodeTestTask.java:107) ~[junit-platform-engine-1.6.0.jar:1.6.0]
	at org.junit.platform.engine.support.hierarchical.NodeTestTask.execute(NodeTestTask.java:75) ~[junit-platform-engine-1.6.0.jar:1.6.0]
	at java.util.ArrayList.forEach(ArrayList.java:1257) ~[?:1.8.0_211]
	at org.junit.platform.engine.support.hierarchical.SameThreadHierarchicalTestExecutorService.invokeAll(SameThreadHierarchicalTestExecutorService.java:38) ~[junit-platform-engine-1.6.0.jar:1.6.0]
	at org.junit.platform.engine.support.hierarchical.NodeTestTask.lambda$executeRecursively$5(NodeTestTask.java:139) ~[junit-platform-engine-1.6.0.jar:1.6.0]
	at org.junit.platform.engine.support.hierarchical.ThrowableCollector.execute(ThrowableCollector.java:73) ~[junit-platform-engine-1.6.0.jar:1.6.0]
	at org.junit.platform.engine.support.hierarchical.NodeTestTask.lambda$executeRecursively$7(NodeTestTask.java:125) ~[junit-platform-engine-1.6.0.jar:1.6.0]
	at org.junit.platform.engine.support.hierarchical.Node.around(Node.java:135) ~[junit-platform-engine-1.6.0.jar:1.6.0]
	at org.junit.platform.engine.support.hierarchical.NodeTestTask.lambda$executeRecursively$8(NodeTestTask.java:123) ~[junit-platform-engine-1.6.0.jar:1.6.0]
	at org.junit.platform.engine.support.hierarchical.ThrowableCollector.execute(ThrowableCollector.java:73) ~[junit-platform-engine-1.6.0.jar:1.6.0]
	at org.junit.platform.engine.support.hierarchical.NodeTestTask.executeRecursively(NodeTestTask.java:122) ~[junit-platform-engine-1.6.0.jar:1.6.0]
	at org.junit.platform.engine.support.hierarchical.NodeTestTask.execute(NodeTestTask.java:80) ~[junit-platform-engine-1.6.0.jar:1.6.0]
	at java.util.ArrayList.forEach(ArrayList.java:1257) ~[?:1.8.0_211]
	at org.junit.platform.engine.support.hierarchical.SameThreadHierarchicalTestExecutorService.invokeAll(SameThreadHierarchicalTestExecutorService.java:38) ~[junit-platform-engine-1.6.0.jar:1.6.0]
	at org.junit.platform.engine.support.hierarchical.NodeTestTask.lambda$executeRecursively$5(NodeTestTask.java:139) ~[junit-platform-engine-1.6.0.jar:1.6.0]
	at org.junit.platform.engine.support.hierarchical.ThrowableCollector.execute(ThrowableCollector.java:73) ~[junit-platform-engine-1.6.0.jar:1.6.0]
	at org.junit.platform.engine.support.hierarchical.NodeTestTask.lambda$executeRecursively$7(NodeTestTask.java:125) ~[junit-platform-engine-1.6.0.jar:1.6.0]
	at org.junit.platform.engine.support.hierarchical.Node.around(Node.java:135) ~[junit-platform-engine-1.6.0.jar:1.6.0]
	at org.junit.platform.engine.support.hierarchical.NodeTestTask.lambda$executeRecursively$8(NodeTestTask.java:123) ~[junit-platform-engine-1.6.0.jar:1.6.0]
	at org.junit.platform.engine.support.hierarchical.ThrowableCollector.execute(ThrowableCollector.java:73) [junit-platform-engine-1.6.0.jar:1.6.0]
	at org.junit.platform.engine.support.hierarchical.NodeTestTask.executeRecursively(NodeTestTask.java:122) [junit-platform-engine-1.6.0.jar:1.6.0]
	at org.junit.platform.engine.support.hierarchical.NodeTestTask.execute(NodeTestTask.java:80) [junit-platform-engine-1.6.0.jar:1.6.0]
	at org.junit.platform.engine.support.hierarchical.SameThreadHierarchicalTestExecutorService.submit(SameThreadHierarchicalTestExecutorService.java:32) [junit-platform-engine-1.6.0.jar:1.6.0]
	at org.junit.platform.engine.support.hierarchical.HierarchicalTestExecutor.execute(HierarchicalTestExecutor.java:57) [junit-platform-engine-1.6.0.jar:1.6.0]
	at org.junit.platform.engine.support.hierarchical.HierarchicalTestEngine.execute(HierarchicalTestEngine.java:51) [junit-platform-engine-1.6.0.jar:1.6.0]
	at org.junit.platform.launcher.core.DefaultLauncher.execute(DefaultLauncher.java:170) [junit-platform-launcher-1.1.0.jar:1.1.0]
	at org.junit.platform.launcher.core.DefaultLauncher.execute(DefaultLauncher.java:154) [junit-platform-launcher-1.1.0.jar:1.1.0]
	at org.junit.platform.launcher.core.DefaultLauncher.execute(DefaultLauncher.java:90) [junit-platform-launcher-1.1.0.jar:1.1.0]
	at org.junit.platform.surefire.provider.JUnitPlatformProvider.invokeAllTests(JUnitPlatformProvider.java:132) [junit-platform-surefire-provider-1.1.0.jar:1.1.0]
	at org.junit.platform.surefire.provider.JUnitPlatformProvider.invoke(JUnitPlatformProvider.java:111) [junit-platform-surefire-provider-1.1.0.jar:1.1.0]
	at org.apache.maven.surefire.booter.ForkedBooter.invokeProviderInSameClassLoader(ForkedBooter.java:290) [surefire-booter-2.19.1.jar:2.19.1]
	at org.apache.maven.surefire.booter.ForkedBooter.runSuitesInProcess(ForkedBooter.java:242) [surefire-booter-2.19.1.jar:2.19.1]
	at org.apache.maven.surefire.booter.ForkedBooter.main(ForkedBooter.java:121) [surefire-booter-2.19.1.jar:2.19.1]
Caused by: java.sql.SQLException: General error
	at org.hsqldb.jdbc.JDBCUtil.sqlException(Unknown Source) ~[hsqldb-2.5.0.jar:2.5.0]
	at org.hsqldb.jdbc.JDBCUtil.sqlException(Unknown Source) ~[hsqldb-2.5.0.jar:2.5.0]
	at org.hsqldb.jdbc.JDBCStatement.fetchResult(Unknown Source) ~[hsqldb-2.5.0.jar:2.5.0]
	at org.hsqldb.jdbc.JDBCStatement.execute(Unknown Source) ~[hsqldb-2.5.0.jar:2.5.0]
	at org.apache.commons.dbcp2.DelegatingStatement.execute(DelegatingStatement.java:194) ~[commons-dbcp2-2.7.0.jar:2.7.0]
	at org.apache.commons.dbcp2.DelegatingStatement.execute(DelegatingStatement.java:194) ~[commons-dbcp2-2.7.0.jar:2.7.0]
	at org.hibernate.tool.schema.internal.exec.GenerationTargetToDatabase.accept(GenerationTargetToDatabase.java:54) ~[hibernate-core-5.2.13.Final.jar:5.2.13.Final]
	... 119 more
Caused by: org.hsqldb.HsqlException: General error
	at org.hsqldb.error.Error.error(Unknown Source) ~[hsqldb-2.5.0.jar:2.5.0]
	at org.hsqldb.error.Error.error(Unknown Source) ~[hsqldb-2.5.0.jar:2.5.0]
	at org.hsqldb.result.Result.newErrorResult(Unknown Source) ~[hsqldb-2.5.0.jar:2.5.0]
	at org.hsqldb.result.Result.newErrorResult(Unknown Source) ~[hsqldb-2.5.0.jar:2.5.0]
	at org.hsqldb.Session.executeDirectStatement(Unknown Source) ~[hsqldb-2.5.0.jar:2.5.0]
	at org.hsqldb.Session.execute(Unknown Source) ~[hsqldb-2.5.0.jar:2.5.0]
	at org.hsqldb.jdbc.JDBCStatement.fetchResult(Unknown Source) ~[hsqldb-2.5.0.jar:2.5.0]
	at org.hsqldb.jdbc.JDBCStatement.execute(Unknown Source) ~[hsqldb-2.5.0.jar:2.5.0]
	at org.apache.commons.dbcp2.DelegatingStatement.execute(DelegatingStatement.java:194) ~[commons-dbcp2-2.7.0.jar:2.7.0]
	at org.apache.commons.dbcp2.DelegatingStatement.execute(DelegatingStatement.java:194) ~[commons-dbcp2-2.7.0.jar:2.7.0]
	at org.hibernate.tool.schema.internal.exec.GenerationTargetToDatabase.accept(GenerationTargetToDatabase.java:54) ~[hibernate-core-5.2.13.Final.jar:5.2.13.Final]
	... 119 more
14:36:54.709 [main] DEBUG org.hibernate.SQL - create table transistor (transistor_id bigint not null, category integer, conductunce_type varchar(255), description varchar(255), gain double precision, max_current double precision, max_current_unit integer, name varchar(255), photo tinyblob, price double precision, producer integer, quantity integer, package integer, primary key (transistor_id)) engine=MyISAM
14:36:54.709 [main] WARN  org.hibernate.tool.schema.internal.ExceptionHandlerLoggedImpl - GenerationTarget encountered exception accepting command : Error executing DDL via JDBC Statement
org.hibernate.tool.schema.spi.CommandAcceptanceException: Error executing DDL via JDBC Statement
	at org.hibernate.tool.schema.internal.exec.GenerationTargetToDatabase.accept(GenerationTargetToDatabase.java:67) ~[hibernate-core-5.2.13.Final.jar:5.2.13.Final]
	at org.hibernate.tool.schema.internal.SchemaCreatorImpl.applySqlString(SchemaCreatorImpl.java:440) ~[hibernate-core-5.2.13.Final.jar:5.2.13.Final]
	at org.hibernate.tool.schema.internal.SchemaCreatorImpl.applySqlStrings(SchemaCreatorImpl.java:424) ~[hibernate-core-5.2.13.Final.jar:5.2.13.Final]
	at org.hibernate.tool.schema.internal.SchemaCreatorImpl.createFromMetadata(SchemaCreatorImpl.java:315) ~[hibernate-core-5.2.13.Final.jar:5.2.13.Final]
	at org.hibernate.tool.schema.internal.SchemaCreatorImpl.performCreation(SchemaCreatorImpl.java:166) ~[hibernate-core-5.2.13.Final.jar:5.2.13.Final]
	at org.hibernate.tool.schema.internal.SchemaCreatorImpl.doCreation(SchemaCreatorImpl.java:135) ~[hibernate-core-5.2.13.Final.jar:5.2.13.Final]
	at org.hibernate.tool.schema.internal.SchemaCreatorImpl.doCreation(SchemaCreatorImpl.java:121) ~[hibernate-core-5.2.13.Final.jar:5.2.13.Final]
	at org.hibernate.tool.schema.spi.SchemaManagementToolCoordinator.performDatabaseAction(SchemaManagementToolCoordinator.java:155) ~[hibernate-core-5.2.13.Final.jar:5.2.13.Final]
	at org.hibernate.tool.schema.spi.SchemaManagementToolCoordinator.process(SchemaManagementToolCoordinator.java:72) ~[hibernate-core-5.2.13.Final.jar:5.2.13.Final]
	at org.hibernate.internal.SessionFactoryImpl.<init>(SessionFactoryImpl.java:312) ~[hibernate-core-5.2.13.Final.jar:5.2.13.Final]
	at org.hibernate.boot.internal.SessionFactoryBuilderImpl.build(SessionFactoryBuilderImpl.java:460) ~[hibernate-core-5.2.13.Final.jar:5.2.13.Final]
	at org.hibernate.cfg.Configuration.buildSessionFactory(Configuration.java:710) ~[hibernate-core-5.2.13.Final.jar:5.2.13.Final]
	at org.hibernate.cfg.Configuration.buildSessionFactory(Configuration.java:726) ~[hibernate-core-5.2.13.Final.jar:5.2.13.Final]
	at org.springframework.orm.hibernate5.LocalSessionFactoryBean.buildSessionFactory(LocalSessionFactoryBean.java:535) ~[spring-orm-5.0.4.RELEASE.jar:5.0.4.RELEASE]
	at org.springframework.orm.hibernate5.LocalSessionFactoryBean.afterPropertiesSet(LocalSessionFactoryBean.java:519) ~[spring-orm-5.0.4.RELEASE.jar:5.0.4.RELEASE]
	at com.soft.config.DataAccessConfig.getDevSessionFactory(DataAccessConfig.java:232) ~[classes/:?]
	at com.soft.config.DataAccessConfig$$EnhancerBySpringCGLIB$$d625e009.CGLIB$getDevSessionFactory$5(<generated>) ~[classes/:?]
	at com.soft.config.DataAccessConfig$$EnhancerBySpringCGLIB$$d625e009$$FastClassBySpringCGLIB$$62d74cbd.invoke(<generated>) ~[classes/:?]
	at org.springframework.cglib.proxy.MethodProxy.invokeSuper(MethodProxy.java:244) ~[spring-core-5.2.0.RELEASE.jar:5.2.0.RELEASE]
	at org.springframework.context.annotation.ConfigurationClassEnhancer$BeanMethodInterceptor.intercept(ConfigurationClassEnhancer.java:361) ~[spring-context-5.0.4.RELEASE.jar:5.0.4.RELEASE]
	at com.soft.config.DataAccessConfig$$EnhancerBySpringCGLIB$$d625e009.getDevSessionFactory(<generated>) ~[classes/:?]
	at sun.reflect.NativeMethodAccessorImpl.invoke0(Native Method) ~[?:1.8.0_211]
	at sun.reflect.NativeMethodAccessorImpl.invoke(NativeMethodAccessorImpl.java:62) ~[?:1.8.0_211]
	at sun.reflect.DelegatingMethodAccessorImpl.invoke(DelegatingMethodAccessorImpl.java:43) ~[?:1.8.0_211]
	at java.lang.reflect.Method.invoke(Method.java:498) ~[?:1.8.0_211]
	at org.springframework.beans.factory.support.SimpleInstantiationStrategy.instantiate(SimpleInstantiationStrategy.java:154) ~[spring-beans-5.0.4.RELEASE.jar:5.0.4.RELEASE]
	at org.springframework.beans.factory.support.ConstructorResolver.instantiateUsingFactoryMethod(ConstructorResolver.java:579) ~[spring-beans-5.0.4.RELEASE.jar:5.0.4.RELEASE]
	at org.springframework.beans.factory.support.AbstractAutowireCapableBeanFactory.instantiateUsingFactoryMethod(AbstractAutowireCapableBeanFactory.java:1250) ~[spring-beans-5.0.4.RELEASE.jar:5.0.4.RELEASE]
	at org.springframework.beans.factory.support.AbstractAutowireCapableBeanFactory.createBeanInstance(AbstractAutowireCapableBeanFactory.java:1099) ~[spring-beans-5.0.4.RELEASE.jar:5.0.4.RELEASE]
	at org.springframework.beans.factory.support.AbstractAutowireCapableBeanFactory.doCreateBean(AbstractAutowireCapableBeanFactory.java:545) ~[spring-beans-5.0.4.RELEASE.jar:5.0.4.RELEASE]
	at org.springframework.beans.factory.support.AbstractAutowireCapableBeanFactory.createBean(AbstractAutowireCapableBeanFactory.java:502) ~[spring-beans-5.0.4.RELEASE.jar:5.0.4.RELEASE]
	at org.springframework.beans.factory.support.AbstractBeanFactory.lambda$doGetBean$0(AbstractBeanFactory.java:312) ~[spring-beans-5.0.4.RELEASE.jar:5.0.4.RELEASE]
	at org.springframework.beans.factory.support.DefaultSingletonBeanRegistry.getSingleton(DefaultSingletonBeanRegistry.java:228) ~[spring-beans-5.0.4.RELEASE.jar:5.0.4.RELEASE]
	at org.springframework.beans.factory.support.AbstractBeanFactory.doGetBean(AbstractBeanFactory.java:310) ~[spring-beans-5.0.4.RELEASE.jar:5.0.4.RELEASE]
	at org.springframework.beans.factory.support.AbstractBeanFactory.getBean(AbstractBeanFactory.java:200) ~[spring-beans-5.0.4.RELEASE.jar:5.0.4.RELEASE]
	at org.springframework.beans.factory.support.AbstractBeanFactory.doGetBean(AbstractBeanFactory.java:304) ~[spring-beans-5.0.4.RELEASE.jar:5.0.4.RELEASE]
	at org.springframework.beans.factory.support.AbstractBeanFactory.getBean(AbstractBeanFactory.java:200) ~[spring-beans-5.0.4.RELEASE.jar:5.0.4.RELEASE]
	at org.springframework.beans.factory.config.DependencyDescriptor.resolveCandidate(DependencyDescriptor.java:251) ~[spring-beans-5.0.4.RELEASE.jar:5.0.4.RELEASE]
	at org.springframework.beans.factory.support.DefaultListableBeanFactory.doResolveDependency(DefaultListableBeanFactory.java:1138) ~[spring-beans-5.0.4.RELEASE.jar:5.0.4.RELEASE]
	at org.springframework.beans.factory.support.DefaultListableBeanFactory.resolveDependency(DefaultListableBeanFactory.java:1065) ~[spring-beans-5.0.4.RELEASE.jar:5.0.4.RELEASE]
	at org.springframework.beans.factory.annotation.AutowiredAnnotationBeanPostProcessor$AutowiredFieldElement.inject(AutowiredAnnotationBeanPostProcessor.java:584) ~[spring-beans-5.0.4.RELEASE.jar:5.0.4.RELEASE]
	at org.springframework.beans.factory.annotation.InjectionMetadata.inject(InjectionMetadata.java:91) ~[spring-beans-5.0.4.RELEASE.jar:5.0.4.RELEASE]
	at org.springframework.beans.factory.annotation.AutowiredAnnotationBeanPostProcessor.postProcessPropertyValues(AutowiredAnnotationBeanPostProcessor.java:373) ~[spring-beans-5.0.4.RELEASE.jar:5.0.4.RELEASE]
	at org.springframework.beans.factory.support.AbstractAutowireCapableBeanFactory.populateBean(AbstractAutowireCapableBeanFactory.java:1344) ~[spring-beans-5.0.4.RELEASE.jar:5.0.4.RELEASE]
	at org.springframework.beans.factory.support.AbstractAutowireCapableBeanFactory.doCreateBean(AbstractAutowireCapableBeanFactory.java:582) ~[spring-beans-5.0.4.RELEASE.jar:5.0.4.RELEASE]
	at org.springframework.beans.factory.support.AbstractAutowireCapableBeanFactory.createBean(AbstractAutowireCapableBeanFactory.java:502) ~[spring-beans-5.0.4.RELEASE.jar:5.0.4.RELEASE]
	at org.springframework.beans.factory.support.AbstractBeanFactory.lambda$doGetBean$0(AbstractBeanFactory.java:312) ~[spring-beans-5.0.4.RELEASE.jar:5.0.4.RELEASE]
	at org.springframework.beans.factory.support.DefaultSingletonBeanRegistry.getSingleton(DefaultSingletonBeanRegistry.java:228) ~[spring-beans-5.0.4.RELEASE.jar:5.0.4.RELEASE]
	at org.springframework.beans.factory.support.AbstractBeanFactory.doGetBean(AbstractBeanFactory.java:310) ~[spring-beans-5.0.4.RELEASE.jar:5.0.4.RELEASE]
	at org.springframework.beans.factory.support.AbstractBeanFactory.getBean(AbstractBeanFactory.java:205) ~[spring-beans-5.0.4.RELEASE.jar:5.0.4.RELEASE]
	at org.springframework.context.support.AbstractApplicationContext.initMessageSource(AbstractApplicationContext.java:719) ~[spring-context-5.0.4.RELEASE.jar:5.0.4.RELEASE]
	at org.springframework.context.support.AbstractApplicationContext.refresh(AbstractApplicationContext.java:537) ~[spring-context-5.0.4.RELEASE.jar:5.0.4.RELEASE]
	at org.springframework.test.context.web.AbstractGenericWebContextLoader.loadContext(AbstractGenericWebContextLoader.java:129) ~[spring-test-5.2.3.RELEASE.jar:5.2.3.RELEASE]
	at org.springframework.test.context.web.AbstractGenericWebContextLoader.loadContext(AbstractGenericWebContextLoader.java:61) ~[spring-test-5.2.3.RELEASE.jar:5.2.3.RELEASE]
	at org.springframework.test.context.support.AbstractDelegatingSmartContextLoader.delegateLoading(AbstractDelegatingSmartContextLoader.java:275) ~[spring-test-5.2.3.RELEASE.jar:5.2.3.RELEASE]
	at org.springframework.test.context.support.AbstractDelegatingSmartContextLoader.loadContext(AbstractDelegatingSmartContextLoader.java:243) ~[spring-test-5.2.3.RELEASE.jar:5.2.3.RELEASE]
	at org.springframework.test.context.cache.DefaultCacheAwareContextLoaderDelegate.loadContextInternal(DefaultCacheAwareContextLoaderDelegate.java:99) ~[spring-test-5.2.3.RELEASE.jar:5.2.3.RELEASE]
	at org.springframework.test.context.cache.DefaultCacheAwareContextLoaderDelegate.loadContext(DefaultCacheAwareContextLoaderDelegate.java:124) ~[spring-test-5.2.3.RELEASE.jar:5.2.3.RELEASE]
	at org.springframework.test.context.support.DefaultTestContext.getApplicationContext(DefaultTestContext.java:123) ~[spring-test-5.2.3.RELEASE.jar:5.2.3.RELEASE]
	at org.springframework.test.context.web.ServletTestExecutionListener.setUpRequestContextIfNecessary(ServletTestExecutionListener.java:190) ~[spring-test-5.2.3.RELEASE.jar:5.2.3.RELEASE]
	at org.springframework.test.context.web.ServletTestExecutionListener.prepareTestInstance(ServletTestExecutionListener.java:132) ~[spring-test-5.2.3.RELEASE.jar:5.2.3.RELEASE]
	at org.springframework.test.context.TestContextManager.prepareTestInstance(TestContextManager.java:244) ~[spring-test-5.2.3.RELEASE.jar:5.2.3.RELEASE]
	at org.springframework.test.context.junit.jupiter.SpringExtension.postProcessTestInstance(SpringExtension.java:98) ~[spring-test-5.2.3.RELEASE.jar:5.2.3.RELEASE]
	at org.junit.jupiter.engine.descriptor.ClassBasedTestDescriptor.lambda$invokeTestInstancePostProcessors$5(ClassBasedTestDescriptor.java:341) ~[junit-jupiter-engine-5.6.0.jar:5.6.0]
	at org.junit.jupiter.engine.descriptor.ClassBasedTestDescriptor.executeAndMaskThrowable(ClassBasedTestDescriptor.java:346) ~[junit-jupiter-engine-5.6.0.jar:5.6.0]
	at org.junit.jupiter.engine.descriptor.ClassBasedTestDescriptor.lambda$invokeTestInstancePostProcessors$6(ClassBasedTestDescriptor.java:341) ~[junit-jupiter-engine-5.6.0.jar:5.6.0]
	at java.util.stream.ReferencePipeline$3$1.accept(ReferencePipeline.java:193) ~[?:1.8.0_211]
	at java.util.stream.ReferencePipeline$2$1.accept(ReferencePipeline.java:175) ~[?:1.8.0_211]
	at java.util.ArrayList$ArrayListSpliterator.forEachRemaining(ArrayList.java:1382) ~[?:1.8.0_211]
	at java.util.stream.AbstractPipeline.copyInto(AbstractPipeline.java:481) ~[?:1.8.0_211]
	at java.util.stream.AbstractPipeline.wrapAndCopyInto(AbstractPipeline.java:471) ~[?:1.8.0_211]
	at java.util.stream.StreamSpliterators$WrappingSpliterator.forEachRemaining(StreamSpliterators.java:312) ~[?:1.8.0_211]
	at java.util.stream.Streams$ConcatSpliterator.forEachRemaining(Streams.java:743) ~[?:1.8.0_211]
	at java.util.stream.Streams$ConcatSpliterator.forEachRemaining(Streams.java:742) ~[?:1.8.0_211]
	at java.util.stream.ReferencePipeline$Head.forEach(ReferencePipeline.java:580) ~[?:1.8.0_211]
	at org.junit.jupiter.engine.descriptor.ClassBasedTestDescriptor.invokeTestInstancePostProcessors(ClassBasedTestDescriptor.java:340) ~[junit-jupiter-engine-5.6.0.jar:5.6.0]
	at org.junit.jupiter.engine.descriptor.ClassBasedTestDescriptor.instantiateAndPostProcessTestInstance(ClassBasedTestDescriptor.java:263) ~[junit-jupiter-engine-5.6.0.jar:5.6.0]
	at org.junit.jupiter.engine.descriptor.ClassBasedTestDescriptor.lambda$testInstancesProvider$2(ClassBasedTestDescriptor.java:256) ~[junit-jupiter-engine-5.6.0.jar:5.6.0]
	at java.util.Optional.orElseGet(Optional.java:267) ~[?:1.8.0_211]
	at org.junit.jupiter.engine.descriptor.ClassBasedTestDescriptor.lambda$testInstancesProvider$3(ClassBasedTestDescriptor.java:255) ~[junit-jupiter-engine-5.6.0.jar:5.6.0]
	at org.junit.jupiter.engine.execution.TestInstancesProvider.getTestInstances(TestInstancesProvider.java:29) ~[junit-jupiter-engine-5.6.0.jar:5.6.0]
	at org.junit.jupiter.engine.descriptor.TestMethodTestDescriptor.lambda$prepare$0(TestMethodTestDescriptor.java:108) ~[junit-jupiter-engine-5.6.0.jar:5.6.0]
	at org.junit.platform.engine.support.hierarchical.ThrowableCollector.execute(ThrowableCollector.java:73) ~[junit-platform-engine-1.6.0.jar:1.6.0]
	at org.junit.jupiter.engine.descriptor.TestMethodTestDescriptor.prepare(TestMethodTestDescriptor.java:107) ~[junit-jupiter-engine-5.6.0.jar:5.6.0]
	at org.junit.jupiter.engine.descriptor.TestMethodTestDescriptor.prepare(TestMethodTestDescriptor.java:71) ~[junit-jupiter-engine-5.6.0.jar:5.6.0]
	at org.junit.platform.engine.support.hierarchical.NodeTestTask.lambda$prepare$1(NodeTestTask.java:107) ~[junit-platform-engine-1.6.0.jar:1.6.0]
	at org.junit.platform.engine.support.hierarchical.ThrowableCollector.execute(ThrowableCollector.java:73) ~[junit-platform-engine-1.6.0.jar:1.6.0]
	at org.junit.platform.engine.support.hierarchical.NodeTestTask.prepare(NodeTestTask.java:107) ~[junit-platform-engine-1.6.0.jar:1.6.0]
	at org.junit.platform.engine.support.hierarchical.NodeTestTask.execute(NodeTestTask.java:75) ~[junit-platform-engine-1.6.0.jar:1.6.0]
	at java.util.ArrayList.forEach(ArrayList.java:1257) ~[?:1.8.0_211]
	at org.junit.platform.engine.support.hierarchical.SameThreadHierarchicalTestExecutorService.invokeAll(SameThreadHierarchicalTestExecutorService.java:38) ~[junit-platform-engine-1.6.0.jar:1.6.0]
	at org.junit.platform.engine.support.hierarchical.NodeTestTask.lambda$executeRecursively$5(NodeTestTask.java:139) ~[junit-platform-engine-1.6.0.jar:1.6.0]
	at org.junit.platform.engine.support.hierarchical.ThrowableCollector.execute(ThrowableCollector.java:73) ~[junit-platform-engine-1.6.0.jar:1.6.0]
	at org.junit.platform.engine.support.hierarchical.NodeTestTask.lambda$executeRecursively$7(NodeTestTask.java:125) ~[junit-platform-engine-1.6.0.jar:1.6.0]
	at org.junit.platform.engine.support.hierarchical.Node.around(Node.java:135) ~[junit-platform-engine-1.6.0.jar:1.6.0]
	at org.junit.platform.engine.support.hierarchical.NodeTestTask.lambda$executeRecursively$8(NodeTestTask.java:123) ~[junit-platform-engine-1.6.0.jar:1.6.0]
	at org.junit.platform.engine.support.hierarchical.ThrowableCollector.execute(ThrowableCollector.java:73) ~[junit-platform-engine-1.6.0.jar:1.6.0]
	at org.junit.platform.engine.support.hierarchical.NodeTestTask.executeRecursively(NodeTestTask.java:122) ~[junit-platform-engine-1.6.0.jar:1.6.0]
	at org.junit.platform.engine.support.hierarchical.NodeTestTask.execute(NodeTestTask.java:80) ~[junit-platform-engine-1.6.0.jar:1.6.0]
	at java.util.ArrayList.forEach(ArrayList.java:1257) ~[?:1.8.0_211]
	at org.junit.platform.engine.support.hierarchical.SameThreadHierarchicalTestExecutorService.invokeAll(SameThreadHierarchicalTestExecutorService.java:38) ~[junit-platform-engine-1.6.0.jar:1.6.0]
	at org.junit.platform.engine.support.hierarchical.NodeTestTask.lambda$executeRecursively$5(NodeTestTask.java:139) ~[junit-platform-engine-1.6.0.jar:1.6.0]
	at org.junit.platform.engine.support.hierarchical.ThrowableCollector.execute(ThrowableCollector.java:73) ~[junit-platform-engine-1.6.0.jar:1.6.0]
	at org.junit.platform.engine.support.hierarchical.NodeTestTask.lambda$executeRecursively$7(NodeTestTask.java:125) ~[junit-platform-engine-1.6.0.jar:1.6.0]
	at org.junit.platform.engine.support.hierarchical.Node.around(Node.java:135) ~[junit-platform-engine-1.6.0.jar:1.6.0]
	at org.junit.platform.engine.support.hierarchical.NodeTestTask.lambda$executeRecursively$8(NodeTestTask.java:123) ~[junit-platform-engine-1.6.0.jar:1.6.0]
	at org.junit.platform.engine.support.hierarchical.ThrowableCollector.execute(ThrowableCollector.java:73) [junit-platform-engine-1.6.0.jar:1.6.0]
	at org.junit.platform.engine.support.hierarchical.NodeTestTask.executeRecursively(NodeTestTask.java:122) [junit-platform-engine-1.6.0.jar:1.6.0]
	at org.junit.platform.engine.support.hierarchical.NodeTestTask.execute(NodeTestTask.java:80) [junit-platform-engine-1.6.0.jar:1.6.0]
	at org.junit.platform.engine.support.hierarchical.SameThreadHierarchicalTestExecutorService.submit(SameThreadHierarchicalTestExecutorService.java:32) [junit-platform-engine-1.6.0.jar:1.6.0]
	at org.junit.platform.engine.support.hierarchical.HierarchicalTestExecutor.execute(HierarchicalTestExecutor.java:57) [junit-platform-engine-1.6.0.jar:1.6.0]
	at org.junit.platform.engine.support.hierarchical.HierarchicalTestEngine.execute(HierarchicalTestEngine.java:51) [junit-platform-engine-1.6.0.jar:1.6.0]
	at org.junit.platform.launcher.core.DefaultLauncher.execute(DefaultLauncher.java:170) [junit-platform-launcher-1.1.0.jar:1.1.0]
	at org.junit.platform.launcher.core.DefaultLauncher.execute(DefaultLauncher.java:154) [junit-platform-launcher-1.1.0.jar:1.1.0]
	at org.junit.platform.launcher.core.DefaultLauncher.execute(DefaultLauncher.java:90) [junit-platform-launcher-1.1.0.jar:1.1.0]
	at org.junit.platform.surefire.provider.JUnitPlatformProvider.invokeAllTests(JUnitPlatformProvider.java:132) [junit-platform-surefire-provider-1.1.0.jar:1.1.0]
	at org.junit.platform.surefire.provider.JUnitPlatformProvider.invoke(JUnitPlatformProvider.java:111) [junit-platform-surefire-provider-1.1.0.jar:1.1.0]
	at org.apache.maven.surefire.booter.ForkedBooter.invokeProviderInSameClassLoader(ForkedBooter.java:290) [surefire-booter-2.19.1.jar:2.19.1]
	at org.apache.maven.surefire.booter.ForkedBooter.runSuitesInProcess(ForkedBooter.java:242) [surefire-booter-2.19.1.jar:2.19.1]
	at org.apache.maven.surefire.booter.ForkedBooter.main(ForkedBooter.java:121) [surefire-booter-2.19.1.jar:2.19.1]
Caused by: java.sql.SQLException: General error
	at org.hsqldb.jdbc.JDBCUtil.sqlException(Unknown Source) ~[hsqldb-2.5.0.jar:2.5.0]
	at org.hsqldb.jdbc.JDBCUtil.sqlException(Unknown Source) ~[hsqldb-2.5.0.jar:2.5.0]
	at org.hsqldb.jdbc.JDBCStatement.fetchResult(Unknown Source) ~[hsqldb-2.5.0.jar:2.5.0]
	at org.hsqldb.jdbc.JDBCStatement.execute(Unknown Source) ~[hsqldb-2.5.0.jar:2.5.0]
	at org.apache.commons.dbcp2.DelegatingStatement.execute(DelegatingStatement.java:194) ~[commons-dbcp2-2.7.0.jar:2.7.0]
	at org.apache.commons.dbcp2.DelegatingStatement.execute(DelegatingStatement.java:194) ~[commons-dbcp2-2.7.0.jar:2.7.0]
	at org.hibernate.tool.schema.internal.exec.GenerationTargetToDatabase.accept(GenerationTargetToDatabase.java:54) ~[hibernate-core-5.2.13.Final.jar:5.2.13.Final]
	... 119 more
Caused by: org.hsqldb.HsqlException: General error
	at org.hsqldb.error.Error.error(Unknown Source) ~[hsqldb-2.5.0.jar:2.5.0]
	at org.hsqldb.error.Error.error(Unknown Source) ~[hsqldb-2.5.0.jar:2.5.0]
	at org.hsqldb.result.Result.newErrorResult(Unknown Source) ~[hsqldb-2.5.0.jar:2.5.0]
	at org.hsqldb.result.Result.newErrorResult(Unknown Source) ~[hsqldb-2.5.0.jar:2.5.0]
	at org.hsqldb.Session.executeDirectStatement(Unknown Source) ~[hsqldb-2.5.0.jar:2.5.0]
	at org.hsqldb.Session.execute(Unknown Source) ~[hsqldb-2.5.0.jar:2.5.0]
	at org.hsqldb.jdbc.JDBCStatement.fetchResult(Unknown Source) ~[hsqldb-2.5.0.jar:2.5.0]
	at org.hsqldb.jdbc.JDBCStatement.execute(Unknown Source) ~[hsqldb-2.5.0.jar:2.5.0]
	at org.apache.commons.dbcp2.DelegatingStatement.execute(DelegatingStatement.java:194) ~[commons-dbcp2-2.7.0.jar:2.7.0]
	at org.apache.commons.dbcp2.DelegatingStatement.execute(DelegatingStatement.java:194) ~[commons-dbcp2-2.7.0.jar:2.7.0]
	at org.hibernate.tool.schema.internal.exec.GenerationTargetToDatabase.accept(GenerationTargetToDatabase.java:54) ~[hibernate-core-5.2.13.Final.jar:5.2.13.Final]
	... 119 more
14:36:54.712 [main] INFO  org.hibernate.tool.schema.internal.SchemaCreatorImpl - HHH000476: Executing import script 'org.hibernate.tool.schema.internal.exec.ScriptSourceInputNonExistentImpl@6ee99964'
14:36:54.712 [main] TRACE org.hibernate.service.internal.AbstractServiceRegistryImpl - Initializing service [role=org.hibernate.engine.transaction.jta.platform.spi.JtaPlatform]
14:36:54.712 [main] DEBUG org.hibernate.engine.transaction.jta.platform.internal.JtaPlatformInitiator - No JtaPlatform was specified, checking resolver
14:36:54.712 [main] TRACE org.hibernate.service.internal.AbstractServiceRegistryImpl - Initializing service [role=org.hibernate.engine.transaction.jta.platform.spi.JtaPlatformResolver]
14:36:54.713 [main] DEBUG org.hibernate.engine.transaction.jta.platform.internal.JtaPlatformResolverInitiator - No JtaPlatformResolver was specified, using default [org.hibernate.engine.transaction.jta.platform.internal.StandardJtaPlatformResolver]
14:36:54.716 [main] DEBUG org.hibernate.engine.transaction.jta.platform.internal.StandardJtaPlatformResolver - Could not resolve JtaPlatform, using default [org.hibernate.engine.transaction.jta.platform.internal.NoJtaPlatform]
14:36:54.717 [main] DEBUG org.hibernate.query.spi.NamedQueryRepository - Checking 0 named HQL queries
14:36:54.717 [main] DEBUG org.hibernate.query.spi.NamedQueryRepository - Checking 0 named SQL queries
14:36:54.718 [main] DEBUG org.hibernate.internal.SessionFactoryRegistry - Initializing SessionFactoryRegistry : org.hibernate.internal.SessionFactoryRegistry@7c011174
14:36:54.718 [main] DEBUG org.hibernate.internal.SessionFactoryRegistry - Registering SessionFactory: 37567505-9b5e-4fe2-995a-c8ee6c25447f (<unnamed>)
14:36:54.718 [main] DEBUG org.hibernate.internal.SessionFactoryRegistry - Not binding SessionFactory to JNDI, no JNDI name configured
14:36:54.720 [main] INFO  org.hibernate.tool.hbm2ddl.SchemaExport - HHH000227: Running hbm2ddl schema export
14:36:54.720 [main] TRACE org.hibernate.service.internal.AbstractServiceRegistryImpl - Initializing service [role=org.hibernate.tool.schema.spi.SchemaManagementTool]
14:36:54.721 [main] TRACE org.hibernate.service.internal.AbstractServiceRegistryImpl - Initializing service [role=org.hibernate.resource.transaction.spi.TransactionCoordinatorBuilder]
14:36:54.721 [main] TRACE org.hibernate.service.internal.AbstractServiceRegistryImpl - Initializing service [role=org.hibernate.tool.hbm2ddl.ImportSqlCommandExtractor]
14:36:54.721 [main] DEBUG org.hibernate.SQL - drop table if exists PERSON
14:36:54.722 [main] INFO  org.hibernate.orm.connections.access - HHH10001501: Connection obtained from JdbcConnectionAccess [org.hibernate.engine.jdbc.env.internal.JdbcEnvironmentInitiator$ConnectionProviderJdbcConnectionAccess@2b38b1f] for (non-JTA) DDL execution was not in auto-commit mode; the Connection 'local transaction' will be committed and the Connection will be set into auto-commit mode.
14:36:54.722 [main] DEBUG org.hibernate.SQL - drop table if exists resistor
14:36:54.722 [main] DEBUG org.hibernate.SQL - create table PERSON (ID bigint not null, NAME char(1), primary key (ID)) engine=MyISAM
14:36:54.722 [main] INFO  org.hibernate.orm.connections.access - HHH10001501: Connection obtained from JdbcConnectionAccess [org.hibernate.engine.jdbc.env.internal.JdbcEnvironmentInitiator$ConnectionProviderJdbcConnectionAccess@1d50a7ca] for (non-JTA) DDL execution was not in auto-commit mode; the Connection 'local transaction' will be committed and the Connection will be set into auto-commit mode.
14:36:54.722 [main] DEBUG org.hibernate.SQL - create table resistor (resistor_id bigint not null, category integer, description varchar(255), name varchar(255), nominal double precision, nominal_unit integer, photo tinyblob, power double precision, power_unit integer, price double precision, producer integer, quantity integer, package integer, r_precision double precision, primary key (resistor_id)) engine=MyISAM
14:36:54.723 [main] INFO  org.hibernate.tool.schema.internal.SchemaCreatorImpl - HHH000476: Executing import script 'org.hibernate.tool.schema.internal.exec.ScriptSourceInputNonExistentImpl@6ee99964'
14:36:54.730 [main] DEBUG org.springframework.beans.factory.support.DefaultListableBeanFactory - Eagerly caching bean 'SessionFactory' to allow for resolving potential circular references
14:36:54.730 [main] TRACE org.springframework.beans.CachedIntrospectionResults - Getting BeanInfo for class [org.hibernate.internal.SessionFactoryImpl]
14:36:54.732 [main] TRACE org.springframework.beans.CachedIntrospectionResults - Caching PropertyDescriptors for class [org.hibernate.internal.SessionFactoryImpl]
14:36:54.732 [main] TRACE org.springframework.beans.CachedIntrospectionResults - Found bean property 'allClassMetadata' of type [java.util.Map]
14:36:54.732 [main] TRACE org.springframework.beans.CachedIntrospectionResults - Found bean property 'allCollectionMetadata' of type [java.util.Map]
14:36:54.732 [main] TRACE org.springframework.beans.CachedIntrospectionResults - Found bean property 'allSecondLevelCacheRegions' of type [java.util.Map]
14:36:54.733 [main] TRACE org.springframework.beans.CachedIntrospectionResults - Found bean property 'cache' of type [org.hibernate.engine.spi.CacheImplementor]
14:36:54.733 [main] TRACE org.springframework.beans.CachedIntrospectionResults - Found bean property 'class' of type [java.lang.Class]
14:36:54.733 [main] TRACE org.springframework.beans.CachedIntrospectionResults - Found bean property 'closed' of type [boolean]
14:36:54.733 [main] TRACE org.springframework.beans.CachedIntrospectionResults - Found bean property 'criteriaBuilder' of type [javax.persistence.criteria.CriteriaBuilder]
14:36:54.733 [main] TRACE org.springframework.beans.CachedIntrospectionResults - Found bean property 'currentSession' of type [org.hibernate.Session]
14:36:54.733 [main] TRACE org.springframework.beans.CachedIntrospectionResults - Found bean property 'currentTenantIdentifierResolver' of type [org.hibernate.context.spi.CurrentTenantIdentifierResolver]
14:36:54.733 [main] TRACE org.springframework.beans.CachedIntrospectionResults - Found bean property 'customEntityDirtinessStrategy' of type [org.hibernate.CustomEntityDirtinessStrategy]
14:36:54.733 [main] TRACE org.springframework.beans.CachedIntrospectionResults - Found bean property 'definedFilterNames' of type [java.util.Set]
14:36:54.733 [main] TRACE org.springframework.beans.CachedIntrospectionResults - Found bean property 'deserializationResolver' of type [org.hibernate.engine.spi.SessionFactoryImplementor$DeserializationResolver]
14:36:54.733 [main] TRACE org.springframework.beans.CachedIntrospectionResults - Found bean property 'entityNotFoundDelegate' of type [org.hibernate.proxy.EntityNotFoundDelegate]
14:36:54.733 [main] TRACE org.springframework.beans.CachedIntrospectionResults - Found bean property 'identifierGeneratorFactory' of type [org.hibernate.id.factory.IdentifierGeneratorFactory]
14:36:54.733 [main] TRACE org.springframework.beans.CachedIntrospectionResults - Found bean property 'interceptor' of type [org.hibernate.Interceptor]
14:36:54.733 [main] TRACE org.springframework.beans.CachedIntrospectionResults - Found bean property 'jdbcServices' of type [org.hibernate.engine.jdbc.spi.JdbcServices]
14:36:54.733 [main] TRACE org.springframework.beans.CachedIntrospectionResults - Found bean property 'metamodel' of type [org.hibernate.metamodel.spi.MetamodelImplementor]
14:36:54.733 [main] TRACE org.springframework.beans.CachedIntrospectionResults - Found bean property 'name' of type [java.lang.String]
14:36:54.733 [main] TRACE org.springframework.beans.CachedIntrospectionResults - Found bean property 'namedQueryRepository' of type [org.hibernate.query.spi.NamedQueryRepository]
14:36:54.734 [main] TRACE org.springframework.beans.CachedIntrospectionResults - Found bean property 'open' of type [boolean]
14:36:54.734 [main] TRACE org.springframework.beans.CachedIntrospectionResults - Found bean property 'persistenceUnitUtil' of type [javax.persistence.PersistenceUnitUtil]
14:36:54.734 [main] TRACE org.springframework.beans.CachedIntrospectionResults - Found bean property 'properties' of type [java.util.Map]
14:36:54.734 [main] TRACE org.springframework.beans.CachedIntrospectionResults - Found bean property 'queryPlanCache' of type [org.hibernate.engine.query.spi.QueryPlanCache]
14:36:54.734 [main] TRACE org.springframework.beans.CachedIntrospectionResults - Found bean property 'reference' of type [javax.naming.Reference]
14:36:54.734 [main] TRACE org.springframework.beans.CachedIntrospectionResults - Found bean property 'serviceRegistry' of type [org.hibernate.service.spi.ServiceRegistryImplementor]
14:36:54.734 [main] TRACE org.springframework.beans.CachedIntrospectionResults - Found bean property 'sessionFactoryOptions' of type [org.hibernate.boot.spi.SessionFactoryOptions]
14:36:54.734 [main] TRACE org.springframework.beans.CachedIntrospectionResults - Found bean property 'settings' of type [org.hibernate.cfg.Settings]
14:36:54.734 [main] TRACE org.springframework.beans.CachedIntrospectionResults - Found bean property 'sqlFunctionRegistry' of type [org.hibernate.dialect.function.SQLFunctionRegistry]
14:36:54.734 [main] TRACE org.springframework.beans.CachedIntrospectionResults - Found bean property 'statistics' of type [org.hibernate.stat.spi.StatisticsImplementor]
14:36:54.734 [main] TRACE org.springframework.beans.CachedIntrospectionResults - Found bean property 'typeHelper' of type [org.hibernate.TypeHelper]
14:36:54.734 [main] TRACE org.springframework.beans.CachedIntrospectionResults - Found bean property 'typeResolver' of type [org.hibernate.type.TypeResolver]
14:36:54.734 [main] TRACE org.springframework.beans.CachedIntrospectionResults - Found bean property 'uuid' of type [java.lang.String]
14:36:54.736 [main] DEBUG org.springframework.beans.factory.support.DefaultListableBeanFactory - Returning cached instance of singleton bean 'org.springframework.transaction.config.internalTransactionAdvisor'
14:36:54.748 [main] DEBUG org.springframework.beans.factory.support.DefaultListableBeanFactory - Finished creating instance of bean 'SessionFactory'
14:36:54.748 [main] DEBUG org.springframework.beans.factory.support.DefaultListableBeanFactory - Creating shared instance of singleton bean 'getDevLocaleDAO'
14:36:54.748 [main] DEBUG org.springframework.beans.factory.support.DefaultListableBeanFactory - Creating instance of bean 'getDevLocaleDAO'
14:36:54.748 [main] DEBUG org.springframework.beans.factory.support.DefaultListableBeanFactory - Returning cached instance of singleton bean 'dataAccessConfig'
14:36:54.748 [main] DEBUG org.springframework.beans.factory.support.DefaultListableBeanFactory - Returning cached instance of singleton bean 'SessionFactory'
14:36:54.749 [main] DEBUG org.springframework.beans.factory.support.DefaultListableBeanFactory - Returning cached instance of singleton bean 'DataSourceBean'
14:36:54.749 [main] DEBUG org.springframework.beans.factory.support.DefaultListableBeanFactory - Autowiring by type from bean name 'getDevLocaleDAO' via factory method to bean named 'SessionFactory'
14:36:54.749 [main] DEBUG org.springframework.beans.factory.support.DefaultListableBeanFactory - Autowiring by type from bean name 'getDevLocaleDAO' via factory method to bean named 'DataSourceBean'
14:36:54.749 [main] DEBUG org.springframework.beans.factory.support.DefaultListableBeanFactory - Eagerly caching bean 'getDevLocaleDAO' to allow for resolving potential circular references
14:36:54.749 [main] TRACE org.springframework.beans.CachedIntrospectionResults - Getting BeanInfo for class [com.soft.dao.EshopDAOImpl]
14:36:54.750 [main] TRACE org.springframework.beans.CachedIntrospectionResults - Caching PropertyDescriptors for class [com.soft.dao.EshopDAOImpl]
14:36:54.750 [main] TRACE org.springframework.beans.CachedIntrospectionResults - Found bean property 'class' of type [java.lang.Class]
14:36:54.750 [main] TRACE org.springframework.beans.CachedIntrospectionResults - Found bean property 'sessionFactory' of type [org.hibernate.SessionFactory]
14:36:54.751 [main] DEBUG org.springframework.beans.factory.support.DefaultListableBeanFactory - Returning cached instance of singleton bean 'org.springframework.transaction.config.internalTransactionAdvisor'
14:36:54.751 [main] DEBUG org.springframework.beans.factory.support.DefaultListableBeanFactory - Finished creating instance of bean 'getDevLocaleDAO'
14:36:54.751 [main] DEBUG org.springframework.beans.factory.annotation.AutowiredAnnotationBeanPostProcessor - Autowiring by type from bean name 'messageSource' to bean named 'getDevLocaleDAO'
14:36:54.752 [main] DEBUG org.springframework.beans.factory.support.DefaultListableBeanFactory - Returning cached instance of singleton bean 'org.springframework.transaction.config.internalTransactionAdvisor'
14:36:54.752 [main] DEBUG org.springframework.beans.factory.support.DefaultListableBeanFactory - Finished creating instance of bean 'messageSource'
14:36:54.752 [main] DEBUG org.springframework.web.context.support.GenericWebApplicationContext - Using MessageSource [com.soft.config.AppConfig$DBMessageSource@7c0777b5]
14:36:54.753 [main] DEBUG org.springframework.web.context.support.GenericWebApplicationContext - Unable to locate ApplicationEventMulticaster with name 'applicationEventMulticaster': using default [org.springframework.context.event.SimpleApplicationEventMulticaster@6a0f2853]
14:36:54.754 [main] DEBUG org.springframework.ui.context.support.UiApplicationContextUtils - Unable to locate ThemeSource with name 'themeSource': using default [org.springframework.ui.context.support.ResourceBundleThemeSource@2676dc05]
14:36:54.755 [main] DEBUG org.springframework.beans.factory.support.DefaultListableBeanFactory - Pre-instantiating singletons in org.springframework.beans.factory.support.DefaultListableBeanFactory@a307a8c: defining beans [org.springframework.context.annotation.internalConfigurationAnnotationProcessor,org.springframework.context.annotation.internalAutowiredAnnotationProcessor,org.springframework.context.annotation.internalRequiredAnnotationProcessor,org.springframework.context.annotation.internalCommonAnnotationProcessor,org.springframework.context.annotation.internalPersistenceAnnotationProcessor,org.springframework.context.event.internalEventListenerProcessor,org.springframework.context.event.internalEventListenerFactory,appConfig,dataAccessConfig,eshopController,messageSource,org.springframework.web.servlet.config.annotation.DelegatingWebMvcConfiguration,requestMappingHandlerMapping,mvcPathMatcher,mvcUrlPathHelper,mvcContentNegotiationManager,viewControllerHandlerMapping,beanNameHandlerMapping,resourceHandlerMapping,mvcResourceUrlProvider,defaultServletHandlerMapping,requestMappingHandlerAdapter,mvcConversionService,mvcValidator,mvcUriComponentsContributor,httpRequestHandlerAdapter,simpleControllerHandlerAdapter,handlerExceptionResolver,mvcViewResolver,mvcHandlerMappingIntrospector,viewResolver,templateEngine,templateResolver,localeResolver,org.springframework.transaction.annotation.ProxyTransactionManagementConfiguration,org.springframework.transaction.config.internalTransactionAdvisor,transactionAttributeSource,transactionInterceptor,org.springframework.transaction.config.internalTransactionalEventListenerFactory,DataSourceBean,SessionFactory,getDevLocaleDAO,transactionManager,org.springframework.aop.config.internalAutoProxyCreator]; root of factory hierarchy
14:36:54.755 [main] DEBUG org.springframework.beans.factory.support.DefaultListableBeanFactory - Returning cached instance of singleton bean 'org.springframework.context.annotation.internalConfigurationAnnotationProcessor'
14:36:54.756 [main] DEBUG org.springframework.beans.factory.support.DefaultListableBeanFactory - Returning cached instance of singleton bean 'org.springframework.context.annotation.internalAutowiredAnnotationProcessor'
14:36:54.756 [main] DEBUG org.springframework.beans.factory.support.DefaultListableBeanFactory - Returning cached instance of singleton bean 'org.springframework.context.annotation.internalRequiredAnnotationProcessor'
14:36:54.756 [main] DEBUG org.springframework.beans.factory.support.DefaultListableBeanFactory - Returning cached instance of singleton bean 'org.springframework.context.annotation.internalCommonAnnotationProcessor'
14:36:54.756 [main] DEBUG org.springframework.beans.factory.support.DefaultListableBeanFactory - Returning cached instance of singleton bean 'org.springframework.context.annotation.internalPersistenceAnnotationProcessor'
14:36:54.756 [main] DEBUG org.springframework.beans.factory.support.DefaultListableBeanFactory - Creating shared instance of singleton bean 'org.springframework.context.event.internalEventListenerProcessor'
14:36:54.756 [main] DEBUG org.springframework.beans.factory.support.DefaultListableBeanFactory - Creating instance of bean 'org.springframework.context.event.internalEventListenerProcessor'
14:36:54.794 [main] DEBUG org.springframework.beans.factory.support.DefaultListableBeanFactory - Eagerly caching bean 'org.springframework.context.event.internalEventListenerProcessor' to allow for resolving potential circular references
14:36:54.794 [main] TRACE org.springframework.beans.CachedIntrospectionResults - Getting BeanInfo for class [org.springframework.context.event.EventListenerMethodProcessor]
14:36:54.795 [main] TRACE org.springframework.beans.CachedIntrospectionResults - Caching PropertyDescriptors for class [org.springframework.context.event.EventListenerMethodProcessor]
14:36:54.795 [main] TRACE org.springframework.beans.CachedIntrospectionResults - Found bean property 'applicationContext' of type [org.springframework.context.ApplicationContext]
14:36:54.795 [main] TRACE org.springframework.beans.CachedIntrospectionResults - Found bean property 'class' of type [java.lang.Class]
14:36:54.796 [main] DEBUG org.springframework.beans.factory.support.DefaultListableBeanFactory - Returning cached instance of singleton bean 'org.springframework.transaction.config.internalTransactionAdvisor'
14:36:54.796 [main] DEBUG org.springframework.beans.factory.support.DefaultListableBeanFactory - Finished creating instance of bean 'org.springframework.context.event.internalEventListenerProcessor'
14:36:54.806 [main] DEBUG org.springframework.beans.factory.support.DefaultListableBeanFactory - Creating shared instance of singleton bean 'org.springframework.context.event.internalEventListenerFactory'
14:36:54.806 [main] DEBUG org.springframework.beans.factory.support.DefaultListableBeanFactory - Creating instance of bean 'org.springframework.context.event.internalEventListenerFactory'
14:36:54.806 [main] DEBUG org.springframework.beans.factory.support.DefaultListableBeanFactory - Eagerly caching bean 'org.springframework.context.event.internalEventListenerFactory' to allow for resolving potential circular references
14:36:54.806 [main] TRACE org.springframework.beans.CachedIntrospectionResults - Getting BeanInfo for class [org.springframework.context.event.DefaultEventListenerFactory]
14:36:54.807 [main] TRACE org.springframework.beans.CachedIntrospectionResults - Caching PropertyDescriptors for class [org.springframework.context.event.DefaultEventListenerFactory]
14:36:54.807 [main] TRACE org.springframework.beans.CachedIntrospectionResults - Found bean property 'class' of type [java.lang.Class]
14:36:54.808 [main] TRACE org.springframework.beans.CachedIntrospectionResults - Found bean property 'order' of type [int]
14:36:54.809 [main] DEBUG org.springframework.beans.factory.support.DefaultListableBeanFactory - Returning cached instance of singleton bean 'org.springframework.transaction.config.internalTransactionAdvisor'
14:36:54.810 [main] DEBUG org.springframework.beans.factory.support.DefaultListableBeanFactory - Finished creating instance of bean 'org.springframework.context.event.internalEventListenerFactory'
14:36:54.810 [main] DEBUG org.springframework.beans.factory.support.DefaultListableBeanFactory - Returning cached instance of singleton bean 'appConfig'
14:36:54.810 [main] DEBUG org.springframework.beans.factory.support.DefaultListableBeanFactory - Returning cached instance of singleton bean 'dataAccessConfig'
14:36:54.810 [main] DEBUG org.springframework.beans.factory.support.DefaultListableBeanFactory - Creating shared instance of singleton bean 'eshopController'
14:36:54.810 [main] DEBUG org.springframework.beans.factory.support.DefaultListableBeanFactory - Creating instance of bean 'eshopController'
14:36:54.812 [main] DEBUG org.springframework.beans.factory.annotation.InjectionMetadata - Registered injected element on class [com.soft.controller.EshopController]: AutowiredFieldElement for private com.soft.dao.EshopDAOImpl com.soft.controller.EshopController.eshopDaoImpl
14:36:54.812 [main] DEBUG org.springframework.beans.factory.support.DefaultListableBeanFactory - Eagerly caching bean 'eshopController' to allow for resolving potential circular references
14:36:54.812 [main] TRACE org.springframework.beans.CachedIntrospectionResults - Getting BeanInfo for class [com.soft.controller.EshopController]
14:36:54.813 [main] TRACE org.springframework.beans.CachedIntrospectionResults - Caching PropertyDescriptors for class [com.soft.controller.EshopController]
14:36:54.813 [main] TRACE org.springframework.beans.CachedIntrospectionResults - Found bean property 'class' of type [java.lang.Class]
14:36:54.813 [main] DEBUG org.springframework.beans.factory.annotation.InjectionMetadata - Processing injected element of bean 'eshopController': AutowiredFieldElement for private com.soft.dao.EshopDAOImpl com.soft.controller.EshopController.eshopDaoImpl
14:36:54.814 [main] DEBUG org.springframework.beans.factory.support.DefaultListableBeanFactory - Returning cached instance of singleton bean 'getDevLocaleDAO'
14:36:54.814 [main] DEBUG org.springframework.beans.factory.annotation.AutowiredAnnotationBeanPostProcessor - Autowiring by type from bean name 'eshopController' to bean named 'getDevLocaleDAO'
14:36:54.814 [main] DEBUG org.springframework.beans.factory.support.DefaultListableBeanFactory - Returning cached instance of singleton bean 'org.springframework.transaction.config.internalTransactionAdvisor'
14:36:54.815 [main] DEBUG org.springframework.beans.factory.support.DefaultListableBeanFactory - Finished creating instance of bean 'eshopController'
14:36:54.815 [main] DEBUG org.springframework.beans.factory.support.DefaultListableBeanFactory - Returning cached instance of singleton bean 'messageSource'
14:36:54.815 [main] DEBUG org.springframework.beans.factory.support.DefaultListableBeanFactory - Creating shared instance of singleton bean 'org.springframework.web.servlet.config.annotation.DelegatingWebMvcConfiguration'
14:36:54.815 [main] DEBUG org.springframework.beans.factory.support.DefaultListableBeanFactory - Creating instance of bean 'org.springframework.web.servlet.config.annotation.DelegatingWebMvcConfiguration'
14:36:54.822 [main] TRACE org.springframework.beans.CachedIntrospectionResults - Getting BeanInfo for class [org.springframework.web.servlet.config.annotation.DelegatingWebMvcConfiguration$$EnhancerBySpringCGLIB$$38f91ed5]
14:36:54.824 [main] TRACE org.springframework.beans.CachedIntrospectionResults - Caching PropertyDescriptors for class [org.springframework.web.servlet.config.annotation.DelegatingWebMvcConfiguration$$EnhancerBySpringCGLIB$$38f91ed5]
14:36:54.825 [main] TRACE org.springframework.beans.CachedIntrospectionResults - Found bean property 'applicationContext' of type [org.springframework.context.ApplicationContext]
14:36:54.825 [main] TRACE org.springframework.beans.CachedIntrospectionResults - Found bean property 'beanFactory' of type [org.springframework.beans.factory.BeanFactory]
14:36:54.825 [main] TRACE org.springframework.beans.CachedIntrospectionResults - Found bean property 'class' of type [java.lang.Class]
14:36:54.825 [main] TRACE org.springframework.beans.CachedIntrospectionResults - Found bean property 'configurers' of type [java.util.List]
14:36:54.826 [main] TRACE org.springframework.beans.CachedIntrospectionResults - Found bean property 'servletContext' of type [javax.servlet.ServletContext]
14:36:54.829 [main] DEBUG org.springframework.beans.factory.annotation.InjectionMetadata - Registered injected element on class [org.springframework.web.servlet.config.annotation.DelegatingWebMvcConfiguration$$EnhancerBySpringCGLIB$$38f91ed5]: AutowiredMethodElement for public void org.springframework.web.servlet.config.annotation.DelegatingWebMvcConfiguration.setConfigurers(java.util.List)
14:36:54.829 [main] DEBUG org.springframework.beans.factory.support.DefaultListableBeanFactory - Eagerly caching bean 'org.springframework.web.servlet.config.annotation.DelegatingWebMvcConfiguration' to allow for resolving potential circular references
14:36:54.830 [main] DEBUG org.springframework.beans.factory.annotation.InjectionMetadata - Processing injected element of bean 'org.springframework.web.servlet.config.annotation.DelegatingWebMvcConfiguration': AutowiredMethodElement for public void org.springframework.web.servlet.config.annotation.DelegatingWebMvcConfiguration.setConfigurers(java.util.List)
14:36:54.832 [main] DEBUG org.springframework.beans.factory.support.DefaultListableBeanFactory - Returning cached instance of singleton bean 'appConfig'
14:36:54.858 [main] DEBUG org.springframework.beans.factory.annotation.AutowiredAnnotationBeanPostProcessor - Autowiring by type from bean name 'org.springframework.web.servlet.config.annotation.DelegatingWebMvcConfiguration' to bean named 'appConfig'
14:36:54.858 [main] DEBUG org.springframework.beans.factory.support.DefaultListableBeanFactory - Returning cached instance of singleton bean 'org.springframework.transaction.config.internalTransactionAdvisor'
14:36:54.860 [main] DEBUG org.springframework.beans.factory.support.DefaultListableBeanFactory - Finished creating instance of bean 'org.springframework.web.servlet.config.annotation.DelegatingWebMvcConfiguration'
14:36:54.860 [main] DEBUG org.springframework.beans.factory.support.DefaultListableBeanFactory - Creating shared instance of singleton bean 'requestMappingHandlerMapping'
14:36:54.860 [main] DEBUG org.springframework.beans.factory.support.DefaultListableBeanFactory - Creating instance of bean 'requestMappingHandlerMapping'
14:36:54.861 [main] DEBUG org.springframework.beans.factory.support.DefaultListableBeanFactory - Returning cached instance of singleton bean 'org.springframework.web.servlet.config.annotation.DelegatingWebMvcConfiguration'
14:36:54.902 [main] DEBUG org.springframework.beans.factory.support.DefaultListableBeanFactory - Creating shared instance of singleton bean 'mvcConversionService'
14:36:54.902 [main] DEBUG org.springframework.beans.factory.support.DefaultListableBeanFactory - Creating instance of bean 'mvcConversionService'
14:36:54.903 [main] DEBUG org.springframework.beans.factory.support.DefaultListableBeanFactory - Returning cached instance of singleton bean 'org.springframework.web.servlet.config.annotation.DelegatingWebMvcConfiguration'
14:36:54.933 [main] DEBUG org.springframework.beans.factory.support.DefaultListableBeanFactory - Eagerly caching bean 'mvcConversionService' to allow for resolving potential circular references
14:36:54.933 [main] TRACE org.springframework.beans.CachedIntrospectionResults - Getting BeanInfo for class [org.springframework.format.support.DefaultFormattingConversionService]
14:36:54.938 [main] TRACE org.springframework.beans.CachedIntrospectionResults - Caching PropertyDescriptors for class [org.springframework.format.support.DefaultFormattingConversionService]
14:36:54.939 [main] TRACE org.springframework.beans.CachedIntrospectionResults - Found bean property 'class' of type [java.lang.Class]
14:36:54.939 [main] TRACE org.springframework.beans.CachedIntrospectionResults - Found bean property 'embeddedValueResolver' of type [org.springframework.util.StringValueResolver]
14:36:54.940 [main] DEBUG org.springframework.beans.factory.support.DefaultListableBeanFactory - Returning cached instance of singleton bean 'org.springframework.transaction.config.internalTransactionAdvisor'
14:36:54.942 [main] DEBUG org.springframework.beans.factory.support.DefaultListableBeanFactory - Finished creating instance of bean 'mvcConversionService'
14:36:54.945 [main] DEBUG org.springframework.beans.factory.support.DefaultListableBeanFactory - Creating shared instance of singleton bean 'mvcResourceUrlProvider'
14:36:54.945 [main] DEBUG org.springframework.beans.factory.support.DefaultListableBeanFactory - Creating instance of bean 'mvcResourceUrlProvider'
14:36:54.945 [main] DEBUG org.springframework.beans.factory.support.DefaultListableBeanFactory - Returning cached instance of singleton bean 'org.springframework.web.servlet.config.annotation.DelegatingWebMvcConfiguration'
14:36:54.946 [main] DEBUG org.springframework.beans.factory.support.DefaultListableBeanFactory - Eagerly caching bean 'mvcResourceUrlProvider' to allow for resolving potential circular references
14:36:54.947 [main] TRACE org.springframework.beans.CachedIntrospectionResults - Getting BeanInfo for class [org.springframework.web.servlet.resource.ResourceUrlProvider]
14:36:54.948 [main] TRACE org.springframework.beans.CachedIntrospectionResults - Caching PropertyDescriptors for class [org.springframework.web.servlet.resource.ResourceUrlProvider]
14:36:54.948 [main] TRACE org.springframework.beans.CachedIntrospectionResults - Found bean property 'autodetect' of type [boolean]
14:36:54.948 [main] TRACE org.springframework.beans.CachedIntrospectionResults - Found bean property 'class' of type [java.lang.Class]
14:36:54.948 [main] TRACE org.springframework.beans.CachedIntrospectionResults - Found bean property 'handlerMap' of type [java.util.Map]
14:36:54.948 [main] TRACE org.springframework.beans.CachedIntrospectionResults - Found bean property 'pathMatcher' of type [org.springframework.util.PathMatcher]
14:36:54.949 [main] TRACE org.springframework.beans.CachedIntrospectionResults - Found bean property 'urlPathHelper' of type [org.springframework.web.util.UrlPathHelper]
14:36:54.949 [main] DEBUG org.springframework.beans.factory.support.DefaultListableBeanFactory - Returning cached instance of singleton bean 'org.springframework.transaction.config.internalTransactionAdvisor'
14:36:54.950 [main] DEBUG org.springframework.beans.factory.support.DefaultListableBeanFactory - Finished creating instance of bean 'mvcResourceUrlProvider'
14:36:54.951 [main] DEBUG org.springframework.beans.factory.support.DefaultListableBeanFactory - Creating shared instance of singleton bean 'mvcContentNegotiationManager'
14:36:54.951 [main] DEBUG org.springframework.beans.factory.support.DefaultListableBeanFactory - Creating instance of bean 'mvcContentNegotiationManager'
14:36:54.951 [main] DEBUG org.springframework.beans.factory.support.DefaultListableBeanFactory - Returning cached instance of singleton bean 'org.springframework.web.servlet.config.annotation.DelegatingWebMvcConfiguration'
14:36:54.954 [main] DEBUG org.springframework.beans.factory.support.DefaultListableBeanFactory - Eagerly caching bean 'mvcContentNegotiationManager' to allow for resolving potential circular references
14:36:54.954 [main] TRACE org.springframework.beans.CachedIntrospectionResults - Getting BeanInfo for class [org.springframework.web.accept.ContentNegotiationManager]
14:36:54.955 [main] TRACE org.springframework.beans.CachedIntrospectionResults - Caching PropertyDescriptors for class [org.springframework.web.accept.ContentNegotiationManager]
14:36:54.955 [main] TRACE org.springframework.beans.CachedIntrospectionResults - Found bean property 'allFileExtensions' of type [java.util.List]
14:36:54.955 [main] TRACE org.springframework.beans.CachedIntrospectionResults - Found bean property 'class' of type [java.lang.Class]
14:36:54.955 [main] TRACE org.springframework.beans.CachedIntrospectionResults - Found bean property 'strategies' of type [java.util.List]
14:36:54.956 [main] DEBUG org.springframework.beans.factory.support.DefaultListableBeanFactory - Returning cached instance of singleton bean 'org.springframework.transaction.config.internalTransactionAdvisor'
14:36:54.956 [main] DEBUG org.springframework.beans.factory.support.DefaultListableBeanFactory - Finished creating instance of bean 'mvcContentNegotiationManager'
14:36:54.960 [main] DEBUG org.springframework.beans.factory.support.DefaultListableBeanFactory - Eagerly caching bean 'requestMappingHandlerMapping' to allow for resolving potential circular references
14:36:54.960 [main] TRACE org.springframework.beans.CachedIntrospectionResults - Getting BeanInfo for class [org.springframework.web.servlet.mvc.method.annotation.RequestMappingHandlerMapping]
14:36:54.964 [main] TRACE org.springframework.beans.CachedIntrospectionResults - Caching PropertyDescriptors for class [org.springframework.web.servlet.mvc.method.annotation.RequestMappingHandlerMapping]
14:36:54.964 [main] TRACE org.springframework.beans.CachedIntrospectionResults - Found bean property 'alwaysUseFullPath' of type [boolean]
14:36:54.964 [main] TRACE org.springframework.beans.CachedIntrospectionResults - Found bean property 'applicationContext' of type [org.springframework.context.ApplicationContext]
14:36:54.964 [main] TRACE org.springframework.beans.CachedIntrospectionResults - Found bean property 'class' of type [java.lang.Class]
14:36:54.964 [main] TRACE org.springframework.beans.CachedIntrospectionResults - Found bean property 'contentNegotiationManager' of type [org.springframework.web.accept.ContentNegotiationManager]
14:36:54.964 [main] TRACE org.springframework.beans.CachedIntrospectionResults - Found bean property 'corsConfigurations' of type [java.util.Map]
14:36:54.965 [main] TRACE org.springframework.beans.CachedIntrospectionResults - Found bean property 'corsProcessor' of type [org.springframework.web.cors.CorsProcessor]
14:36:54.965 [main] TRACE org.springframework.beans.CachedIntrospectionResults - Found bean property 'defaultHandler' of type [java.lang.Object]
14:36:54.965 [main] TRACE org.springframework.beans.CachedIntrospectionResults - Found bean property 'detectHandlerMethodsInAncestorContexts' of type [boolean]
14:36:54.965 [main] TRACE org.springframework.beans.CachedIntrospectionResults - Found bean property 'embeddedValueResolver' of type [org.springframework.util.StringValueResolver]
14:36:54.965 [main] TRACE org.springframework.beans.CachedIntrospectionResults - Found bean property 'fileExtensions' of type [java.util.List]
14:36:54.965 [main] TRACE org.springframework.beans.CachedIntrospectionResults - Found bean property 'handlerMethodMappingNamingStrategy' of type [org.springframework.web.servlet.handler.HandlerMethodMappingNamingStrategy]
14:36:54.965 [main] TRACE org.springframework.beans.CachedIntrospectionResults - Found bean property 'handlerMethods' of type [java.util.Map]
14:36:54.965 [main] TRACE org.springframework.beans.CachedIntrospectionResults - Found bean property 'interceptors' of type [[Ljava.lang.Object;]
14:36:54.965 [main] TRACE org.springframework.beans.CachedIntrospectionResults - Found bean property 'namingStrategy' of type [org.springframework.web.servlet.handler.HandlerMethodMappingNamingStrategy]
14:36:54.965 [main] TRACE org.springframework.beans.CachedIntrospectionResults - Found bean property 'order' of type [int]
14:36:54.965 [main] TRACE org.springframework.beans.CachedIntrospectionResults - Found bean property 'pathMatcher' of type [org.springframework.util.PathMatcher]
14:36:54.965 [main] TRACE org.springframework.beans.CachedIntrospectionResults - Found bean property 'removeSemicolonContent' of type [boolean]
14:36:54.965 [main] TRACE org.springframework.beans.CachedIntrospectionResults - Found bean property 'servletContext' of type [javax.servlet.ServletContext]
14:36:54.965 [main] TRACE org.springframework.beans.CachedIntrospectionResults - Found bean property 'urlDecode' of type [boolean]
14:36:54.965 [main] TRACE org.springframework.beans.CachedIntrospectionResults - Found bean property 'urlPathHelper' of type [org.springframework.web.util.UrlPathHelper]
14:36:54.965 [main] TRACE org.springframework.beans.CachedIntrospectionResults - Found bean property 'useRegisteredSuffixPatternMatch' of type [boolean]
14:36:54.965 [main] TRACE org.springframework.beans.CachedIntrospectionResults - Found bean property 'useSuffixPatternMatch' of type [boolean]
14:36:54.966 [main] TRACE org.springframework.beans.CachedIntrospectionResults - Found bean property 'useTrailingSlashMatch' of type [boolean]
14:36:54.968 [main] DEBUG org.springframework.beans.factory.support.DefaultListableBeanFactory - Invoking afterPropertiesSet() on bean with name 'requestMappingHandlerMapping'
14:36:54.968 [main] DEBUG org.springframework.web.servlet.mvc.method.annotation.RequestMappingHandlerMapping - Looking for request mappings in application context: org.springframework.web.context.support.GenericWebApplicationContext@38145825: startup date [Tue Feb 11 14:36:52 MSK 2020]; root of context hierarchy
14:36:54.975 [main] DEBUG org.springframework.web.servlet.mvc.method.annotation.RequestMappingHandlerMapping - 3 request handler methods found on class com.soft.controller.EshopController: {public void com.soft.controller.EshopController.showImage(javax.servlet.http.HttpServletRequest,javax.servlet.http.HttpServletResponse) throws java.io.IOException={[/image],methods=[GET]}, public java.lang.String com.soft.controller.EshopController.renderCatalogContent(org.springframework.ui.ModelMap,javax.servlet.http.HttpServletRequest,javax.servlet.http.HttpServletResponse) throws java.io.IOException={[/list],methods=[GET]}, public java.lang.String com.soft.controller.EshopController.renderHomePage(org.springframework.ui.ModelMap,javax.servlet.http.HttpServletRequest)={[/home.html],methods=[GET]}}
14:36:54.975 [main] INFO  org.springframework.web.servlet.mvc.method.annotation.RequestMappingHandlerMapping - Mapped "{[/image],methods=[GET]}" onto public void com.soft.controller.EshopController.showImage(javax.servlet.http.HttpServletRequest,javax.servlet.http.HttpServletResponse) throws java.io.IOException
14:36:54.975 [main] TRACE org.springframework.web.servlet.mvc.method.annotation.RequestMappingHandlerMapping - Mapping name 'EC#showImage'
14:36:54.976 [main] INFO  org.springframework.web.servlet.mvc.method.annotation.RequestMappingHandlerMapping - Mapped "{[/list],methods=[GET]}" onto public java.lang.String com.soft.controller.EshopController.renderCatalogContent(org.springframework.ui.ModelMap,javax.servlet.http.HttpServletRequest,javax.servlet.http.HttpServletResponse) throws java.io.IOException
14:36:54.976 [main] TRACE org.springframework.web.servlet.mvc.method.annotation.RequestMappingHandlerMapping - Mapping name 'EC#renderCatalogContent'
14:36:54.976 [main] INFO  org.springframework.web.servlet.mvc.method.annotation.RequestMappingHandlerMapping - Mapped "{[/home.html],methods=[GET]}" onto public java.lang.String com.soft.controller.EshopController.renderHomePage(org.springframework.ui.ModelMap,javax.servlet.http.HttpServletRequest)
14:36:54.976 [main] TRACE org.springframework.web.servlet.mvc.method.annotation.RequestMappingHandlerMapping - Mapping name 'EC#renderHomePage'
14:36:54.977 [main] DEBUG org.springframework.beans.factory.support.DefaultListableBeanFactory - Returning cached instance of singleton bean 'org.springframework.transaction.config.internalTransactionAdvisor'
14:36:54.978 [main] DEBUG org.springframework.beans.factory.support.DefaultListableBeanFactory - Finished creating instance of bean 'requestMappingHandlerMapping'
14:36:54.978 [main] DEBUG org.springframework.beans.factory.support.DefaultListableBeanFactory - Creating shared instance of singleton bean 'mvcPathMatcher'
14:36:54.978 [main] DEBUG org.springframework.beans.factory.support.DefaultListableBeanFactory - Creating instance of bean 'mvcPathMatcher'
14:36:54.978 [main] DEBUG org.springframework.beans.factory.support.DefaultListableBeanFactory - Returning cached instance of singleton bean 'org.springframework.web.servlet.config.annotation.DelegatingWebMvcConfiguration'
14:36:54.979 [main] DEBUG org.springframework.beans.factory.support.DefaultListableBeanFactory - Eagerly caching bean 'mvcPathMatcher' to allow for resolving potential circular references
14:36:54.979 [main] TRACE org.springframework.beans.CachedIntrospectionResults - Getting BeanInfo for class [org.springframework.util.AntPathMatcher]
14:36:54.980 [main] TRACE org.springframework.beans.CachedIntrospectionResults - Caching PropertyDescriptors for class [org.springframework.util.AntPathMatcher]
14:36:54.980 [main] TRACE org.springframework.beans.CachedIntrospectionResults - Found bean property 'cachePatterns' of type [boolean]
14:36:54.980 [main] TRACE org.springframework.beans.CachedIntrospectionResults - Found bean property 'caseSensitive' of type [boolean]
14:36:54.980 [main] TRACE org.springframework.beans.CachedIntrospectionResults - Found bean property 'class' of type [java.lang.Class]
14:36:54.980 [main] TRACE org.springframework.beans.CachedIntrospectionResults - Found bean property 'pathSeparator' of type [java.lang.String]
14:36:54.980 [main] TRACE org.springframework.beans.CachedIntrospectionResults - Found bean property 'trimTokens' of type [boolean]
14:36:54.980 [main] DEBUG org.springframework.beans.factory.support.DefaultListableBeanFactory - Returning cached instance of singleton bean 'org.springframework.transaction.config.internalTransactionAdvisor'
14:36:54.981 [main] DEBUG org.springframework.beans.factory.support.DefaultListableBeanFactory - Finished creating instance of bean 'mvcPathMatcher'
14:36:54.981 [main] DEBUG org.springframework.beans.factory.support.DefaultListableBeanFactory - Creating shared instance of singleton bean 'mvcUrlPathHelper'
14:36:54.981 [main] DEBUG org.springframework.beans.factory.support.DefaultListableBeanFactory - Creating instance of bean 'mvcUrlPathHelper'
14:36:54.981 [main] DEBUG org.springframework.beans.factory.support.DefaultListableBeanFactory - Returning cached instance of singleton bean 'org.springframework.web.servlet.config.annotation.DelegatingWebMvcConfiguration'
14:36:54.981 [main] DEBUG org.springframework.beans.factory.support.DefaultListableBeanFactory - Eagerly caching bean 'mvcUrlPathHelper' to allow for resolving potential circular references
14:36:54.981 [main] TRACE org.springframework.beans.CachedIntrospectionResults - Getting BeanInfo for class [org.springframework.web.util.UrlPathHelper]
14:36:54.982 [main] TRACE org.springframework.beans.CachedIntrospectionResults - Caching PropertyDescriptors for class [org.springframework.web.util.UrlPathHelper]
14:36:54.982 [main] TRACE org.springframework.beans.CachedIntrospectionResults - Found bean property 'alwaysUseFullPath' of type [boolean]
14:36:54.982 [main] TRACE org.springframework.beans.CachedIntrospectionResults - Found bean property 'class' of type [java.lang.Class]
14:36:54.982 [main] TRACE org.springframework.beans.CachedIntrospectionResults - Found bean property 'defaultEncoding' of type [java.lang.String]
14:36:54.982 [main] TRACE org.springframework.beans.CachedIntrospectionResults - Found bean property 'removeSemicolonContent' of type [boolean]
14:36:54.982 [main] TRACE org.springframework.beans.CachedIntrospectionResults - Found bean property 'urlDecode' of type [boolean]
14:36:54.982 [main] DEBUG org.springframework.beans.factory.support.DefaultListableBeanFactory - Returning cached instance of singleton bean 'org.springframework.transaction.config.internalTransactionAdvisor'
14:36:54.983 [main] DEBUG org.springframework.beans.factory.support.DefaultListableBeanFactory - Finished creating instance of bean 'mvcUrlPathHelper'
14:36:54.983 [main] DEBUG org.springframework.beans.factory.support.DefaultListableBeanFactory - Returning cached instance of singleton bean 'mvcContentNegotiationManager'
14:36:54.983 [main] DEBUG org.springframework.beans.factory.support.DefaultListableBeanFactory - Creating shared instance of singleton bean 'viewControllerHandlerMapping'
14:36:54.983 [main] DEBUG org.springframework.beans.factory.support.DefaultListableBeanFactory - Creating instance of bean 'viewControllerHandlerMapping'
14:36:54.983 [main] DEBUG org.springframework.beans.factory.support.DefaultListableBeanFactory - Returning cached instance of singleton bean 'org.springframework.web.servlet.config.annotation.DelegatingWebMvcConfiguration'
14:36:54.983 [main] DEBUG org.springframework.beans.factory.support.DefaultListableBeanFactory - Returning cached instance of singleton bean 'mvcPathMatcher'
14:36:54.983 [main] DEBUG org.springframework.beans.factory.support.DefaultListableBeanFactory - Returning cached instance of singleton bean 'mvcUrlPathHelper'
14:36:54.984 [main] DEBUG org.springframework.beans.factory.support.DefaultListableBeanFactory - Eagerly caching bean 'viewControllerHandlerMapping' to allow for resolving potential circular references
14:36:54.984 [main] TRACE org.springframework.beans.CachedIntrospectionResults - Getting BeanInfo for class [org.springframework.web.servlet.config.annotation.WebMvcConfigurationSupport$EmptyHandlerMapping]
14:36:54.984 [main] TRACE org.springframework.beans.CachedIntrospectionResults - Caching PropertyDescriptors for class [org.springframework.web.servlet.config.annotation.WebMvcConfigurationSupport$EmptyHandlerMapping]
14:36:54.984 [main] TRACE org.springframework.beans.CachedIntrospectionResults - Found bean property 'alwaysUseFullPath' of type [boolean]
14:36:54.984 [main] TRACE org.springframework.beans.CachedIntrospectionResults - Found bean property 'applicationContext' of type [org.springframework.context.ApplicationContext]
14:36:54.984 [main] TRACE org.springframework.beans.CachedIntrospectionResults - Found bean property 'class' of type [java.lang.Class]
14:36:54.985 [main] TRACE org.springframework.beans.CachedIntrospectionResults - Found bean property 'corsConfigurations' of type [java.util.Map]
14:36:54.985 [main] TRACE org.springframework.beans.CachedIntrospectionResults - Found bean property 'corsProcessor' of type [org.springframework.web.cors.CorsProcessor]
14:36:54.985 [main] TRACE org.springframework.beans.CachedIntrospectionResults - Found bean property 'defaultHandler' of type [java.lang.Object]
14:36:54.985 [main] TRACE org.springframework.beans.CachedIntrospectionResults - Found bean property 'interceptors' of type [[Ljava.lang.Object;]
14:36:54.985 [main] TRACE org.springframework.beans.CachedIntrospectionResults - Found bean property 'order' of type [int]
14:36:54.985 [main] TRACE org.springframework.beans.CachedIntrospectionResults - Found bean property 'pathMatcher' of type [org.springframework.util.PathMatcher]
14:36:54.985 [main] TRACE org.springframework.beans.CachedIntrospectionResults - Found bean property 'removeSemicolonContent' of type [boolean]
14:36:54.985 [main] TRACE org.springframework.beans.CachedIntrospectionResults - Found bean property 'servletContext' of type [javax.servlet.ServletContext]
14:36:54.985 [main] TRACE org.springframework.beans.CachedIntrospectionResults - Found bean property 'urlDecode' of type [boolean]
14:36:54.985 [main] TRACE org.springframework.beans.CachedIntrospectionResults - Found bean property 'urlPathHelper' of type [org.springframework.web.util.UrlPathHelper]
14:36:54.986 [main] DEBUG org.springframework.beans.factory.support.DefaultListableBeanFactory - Returning cached instance of singleton bean 'org.springframework.transaction.config.internalTransactionAdvisor'
14:36:54.986 [main] DEBUG org.springframework.beans.factory.support.DefaultListableBeanFactory - Finished creating instance of bean 'viewControllerHandlerMapping'
14:36:54.986 [main] DEBUG org.springframework.beans.factory.support.DefaultListableBeanFactory - Creating shared instance of singleton bean 'beanNameHandlerMapping'
14:36:54.986 [main] DEBUG org.springframework.beans.factory.support.DefaultListableBeanFactory - Creating instance of bean 'beanNameHandlerMapping'
14:36:54.987 [main] DEBUG org.springframework.beans.factory.support.DefaultListableBeanFactory - Returning cached instance of singleton bean 'org.springframework.web.servlet.config.annotation.DelegatingWebMvcConfiguration'
14:36:54.987 [main] DEBUG org.springframework.beans.factory.support.DefaultListableBeanFactory - Eagerly caching bean 'beanNameHandlerMapping' to allow for resolving potential circular references
14:36:54.988 [main] TRACE org.springframework.beans.CachedIntrospectionResults - Getting BeanInfo for class [org.springframework.web.servlet.handler.BeanNameUrlHandlerMapping]
14:36:54.989 [main] TRACE org.springframework.beans.CachedIntrospectionResults - Caching PropertyDescriptors for class [org.springframework.web.servlet.handler.BeanNameUrlHandlerMapping]
14:36:54.989 [main] TRACE org.springframework.beans.CachedIntrospectionResults - Found bean property 'alwaysUseFullPath' of type [boolean]
14:36:54.989 [main] TRACE org.springframework.beans.CachedIntrospectionResults - Found bean property 'applicationContext' of type [org.springframework.context.ApplicationContext]
14:36:54.989 [main] TRACE org.springframework.beans.CachedIntrospectionResults - Found bean property 'class' of type [java.lang.Class]
14:36:54.989 [main] TRACE org.springframework.beans.CachedIntrospectionResults - Found bean property 'corsConfigurations' of type [java.util.Map]
14:36:54.989 [main] TRACE org.springframework.beans.CachedIntrospectionResults - Found bean property 'corsProcessor' of type [org.springframework.web.cors.CorsProcessor]
14:36:54.989 [main] TRACE org.springframework.beans.CachedIntrospectionResults - Found bean property 'defaultHandler' of type [java.lang.Object]
14:36:54.989 [main] TRACE org.springframework.beans.CachedIntrospectionResults - Found bean property 'detectHandlersInAncestorContexts' of type [boolean]
14:36:54.989 [main] TRACE org.springframework.beans.CachedIntrospectionResults - Found bean property 'handlerMap' of type [java.util.Map]
14:36:54.989 [main] TRACE org.springframework.beans.CachedIntrospectionResults - Found bean property 'interceptors' of type [[Ljava.lang.Object;]
14:36:54.989 [main] TRACE org.springframework.beans.CachedIntrospectionResults - Found bean property 'lazyInitHandlers' of type [boolean]
14:36:54.989 [main] TRACE org.springframework.beans.CachedIntrospectionResults - Found bean property 'order' of type [int]
14:36:54.989 [main] TRACE org.springframework.beans.CachedIntrospectionResults - Found bean property 'pathMatcher' of type [org.springframework.util.PathMatcher]
14:36:54.990 [main] TRACE org.springframework.beans.CachedIntrospectionResults - Found bean property 'removeSemicolonContent' of type [boolean]
14:36:54.990 [main] TRACE org.springframework.beans.CachedIntrospectionResults - Found bean property 'rootHandler' of type [java.lang.Object]
14:36:54.990 [main] TRACE org.springframework.beans.CachedIntrospectionResults - Found bean property 'servletContext' of type [javax.servlet.ServletContext]
14:36:54.990 [main] TRACE org.springframework.beans.CachedIntrospectionResults - Found bean property 'urlDecode' of type [boolean]
14:36:54.990 [main] TRACE org.springframework.beans.CachedIntrospectionResults - Found bean property 'urlPathHelper' of type [org.springframework.web.util.UrlPathHelper]
14:36:54.990 [main] TRACE org.springframework.beans.CachedIntrospectionResults - Found bean property 'useTrailingSlashMatch' of type [boolean]
14:36:54.991 [main] DEBUG org.springframework.web.servlet.handler.BeanNameUrlHandlerMapping - Looking for URL mappings in application context: org.springframework.web.context.support.GenericWebApplicationContext@38145825: startup date [Tue Feb 11 14:36:52 MSK 2020]; root of context hierarchy
14:36:54.991 [main] DEBUG org.springframework.web.servlet.handler.BeanNameUrlHandlerMapping - Rejected bean name 'org.springframework.context.annotation.internalConfigurationAnnotationProcessor': no URL paths identified
14:36:54.991 [main] DEBUG org.springframework.web.servlet.handler.BeanNameUrlHandlerMapping - Rejected bean name 'org.springframework.context.annotation.internalAutowiredAnnotationProcessor': no URL paths identified
14:36:54.991 [main] DEBUG org.springframework.web.servlet.handler.BeanNameUrlHandlerMapping - Rejected bean name 'org.springframework.context.annotation.internalRequiredAnnotationProcessor': no URL paths identified
14:36:54.991 [main] DEBUG org.springframework.web.servlet.handler.BeanNameUrlHandlerMapping - Rejected bean name 'org.springframework.context.annotation.internalCommonAnnotationProcessor': no URL paths identified
14:36:54.991 [main] DEBUG org.springframework.web.servlet.handler.BeanNameUrlHandlerMapping - Rejected bean name 'org.springframework.context.annotation.internalPersistenceAnnotationProcessor': no URL paths identified
14:36:54.991 [main] DEBUG org.springframework.web.servlet.handler.BeanNameUrlHandlerMapping - Rejected bean name 'org.springframework.context.event.internalEventListenerProcessor': no URL paths identified
14:36:54.991 [main] DEBUG org.springframework.web.servlet.handler.BeanNameUrlHandlerMapping - Rejected bean name 'org.springframework.context.event.internalEventListenerFactory': no URL paths identified
14:36:54.991 [main] DEBUG org.springframework.web.servlet.handler.BeanNameUrlHandlerMapping - Rejected bean name 'appConfig': no URL paths identified
14:36:54.991 [main] DEBUG org.springframework.web.servlet.handler.BeanNameUrlHandlerMapping - Rejected bean name 'dataAccessConfig': no URL paths identified
14:36:54.992 [main] DEBUG org.springframework.web.servlet.handler.BeanNameUrlHandlerMapping - Rejected bean name 'eshopController': no URL paths identified
14:36:54.992 [main] DEBUG org.springframework.web.servlet.handler.BeanNameUrlHandlerMapping - Rejected bean name 'messageSource': no URL paths identified
14:36:54.992 [main] DEBUG org.springframework.web.servlet.handler.BeanNameUrlHandlerMapping - Rejected bean name 'org.springframework.web.servlet.config.annotation.DelegatingWebMvcConfiguration': no URL paths identified
14:36:54.992 [main] DEBUG org.springframework.web.servlet.handler.BeanNameUrlHandlerMapping - Rejected bean name 'requestMappingHandlerMapping': no URL paths identified
14:36:54.992 [main] DEBUG org.springframework.web.servlet.handler.BeanNameUrlHandlerMapping - Rejected bean name 'mvcPathMatcher': no URL paths identified
14:36:54.992 [main] DEBUG org.springframework.web.servlet.handler.BeanNameUrlHandlerMapping - Rejected bean name 'mvcUrlPathHelper': no URL paths identified
14:36:54.992 [main] DEBUG org.springframework.web.servlet.handler.BeanNameUrlHandlerMapping - Rejected bean name 'mvcContentNegotiationManager': no URL paths identified
14:36:54.992 [main] DEBUG org.springframework.web.servlet.handler.BeanNameUrlHandlerMapping - Rejected bean name 'viewControllerHandlerMapping': no URL paths identified
14:36:54.992 [main] DEBUG org.springframework.web.servlet.handler.BeanNameUrlHandlerMapping - Rejected bean name 'beanNameHandlerMapping': no URL paths identified
14:36:54.992 [main] DEBUG org.springframework.web.servlet.handler.BeanNameUrlHandlerMapping - Rejected bean name 'resourceHandlerMapping': no URL paths identified
14:36:54.992 [main] DEBUG org.springframework.web.servlet.handler.BeanNameUrlHandlerMapping - Rejected bean name 'mvcResourceUrlProvider': no URL paths identified
14:36:54.992 [main] DEBUG org.springframework.web.servlet.handler.BeanNameUrlHandlerMapping - Rejected bean name 'defaultServletHandlerMapping': no URL paths identified
14:36:54.992 [main] DEBUG org.springframework.web.servlet.handler.BeanNameUrlHandlerMapping - Rejected bean name 'requestMappingHandlerAdapter': no URL paths identified
14:36:54.992 [main] DEBUG org.springframework.web.servlet.handler.BeanNameUrlHandlerMapping - Rejected bean name 'mvcConversionService': no URL paths identified
14:36:54.992 [main] DEBUG org.springframework.web.servlet.handler.BeanNameUrlHandlerMapping - Rejected bean name 'mvcValidator': no URL paths identified
14:36:54.992 [main] DEBUG org.springframework.web.servlet.handler.BeanNameUrlHandlerMapping - Rejected bean name 'mvcUriComponentsContributor': no URL paths identified
14:36:54.992 [main] DEBUG org.springframework.web.servlet.handler.BeanNameUrlHandlerMapping - Rejected bean name 'httpRequestHandlerAdapter': no URL paths identified
14:36:54.992 [main] DEBUG org.springframework.web.servlet.handler.BeanNameUrlHandlerMapping - Rejected bean name 'simpleControllerHandlerAdapter': no URL paths identified
14:36:54.992 [main] DEBUG org.springframework.web.servlet.handler.BeanNameUrlHandlerMapping - Rejected bean name 'handlerExceptionResolver': no URL paths identified
14:36:54.992 [main] DEBUG org.springframework.web.servlet.handler.BeanNameUrlHandlerMapping - Rejected bean name 'mvcViewResolver': no URL paths identified
14:36:54.992 [main] DEBUG org.springframework.web.servlet.handler.BeanNameUrlHandlerMapping - Rejected bean name 'mvcHandlerMappingIntrospector': no URL paths identified
14:36:54.992 [main] DEBUG org.springframework.web.servlet.handler.BeanNameUrlHandlerMapping - Rejected bean name 'viewResolver': no URL paths identified
14:36:54.992 [main] DEBUG org.springframework.web.servlet.handler.BeanNameUrlHandlerMapping - Rejected bean name 'templateEngine': no URL paths identified
14:36:54.992 [main] DEBUG org.springframework.web.servlet.handler.BeanNameUrlHandlerMapping - Rejected bean name 'templateResolver': no URL paths identified
14:36:54.992 [main] DEBUG org.springframework.web.servlet.handler.BeanNameUrlHandlerMapping - Rejected bean name 'localeResolver': no URL paths identified
14:36:54.992 [main] DEBUG org.springframework.web.servlet.handler.BeanNameUrlHandlerMapping - Rejected bean name 'org.springframework.transaction.annotation.ProxyTransactionManagementConfiguration': no URL paths identified
14:36:54.992 [main] DEBUG org.springframework.web.servlet.handler.BeanNameUrlHandlerMapping - Rejected bean name 'org.springframework.transaction.config.internalTransactionAdvisor': no URL paths identified
14:36:54.992 [main] DEBUG org.springframework.web.servlet.handler.BeanNameUrlHandlerMapping - Rejected bean name 'transactionAttributeSource': no URL paths identified
14:36:54.992 [main] DEBUG org.springframework.web.servlet.handler.BeanNameUrlHandlerMapping - Rejected bean name 'transactionInterceptor': no URL paths identified
14:36:54.992 [main] DEBUG org.springframework.web.servlet.handler.BeanNameUrlHandlerMapping - Rejected bean name 'org.springframework.transaction.config.internalTransactionalEventListenerFactory': no URL paths identified
14:36:54.992 [main] DEBUG org.springframework.web.servlet.handler.BeanNameUrlHandlerMapping - Rejected bean name 'DataSourceBean': no URL paths identified
14:36:54.992 [main] DEBUG org.springframework.web.servlet.handler.BeanNameUrlHandlerMapping - Rejected bean name 'SessionFactory': no URL paths identified
14:36:54.992 [main] DEBUG org.springframework.web.servlet.handler.BeanNameUrlHandlerMapping - Rejected bean name 'getDevLocaleDAO': no URL paths identified
14:36:54.992 [main] DEBUG org.springframework.web.servlet.handler.BeanNameUrlHandlerMapping - Rejected bean name 'transactionManager': no URL paths identified
14:36:54.992 [main] DEBUG org.springframework.web.servlet.handler.BeanNameUrlHandlerMapping - Rejected bean name 'org.springframework.aop.config.internalAutoProxyCreator': no URL paths identified
14:36:54.992 [main] DEBUG org.springframework.web.servlet.handler.BeanNameUrlHandlerMapping - Rejected bean name 'environment': no URL paths identified
14:36:54.992 [main] DEBUG org.springframework.web.servlet.handler.BeanNameUrlHandlerMapping - Rejected bean name 'systemProperties': no URL paths identified
14:36:54.992 [main] DEBUG org.springframework.web.servlet.handler.BeanNameUrlHandlerMapping - Rejected bean name 'systemEnvironment': no URL paths identified
14:36:54.992 [main] DEBUG org.springframework.web.servlet.handler.BeanNameUrlHandlerMapping - Rejected bean name 'servletContext': no URL paths identified
14:36:54.992 [main] DEBUG org.springframework.web.servlet.handler.BeanNameUrlHandlerMapping - Rejected bean name 'contextParameters': no URL paths identified
14:36:54.992 [main] DEBUG org.springframework.web.servlet.handler.BeanNameUrlHandlerMapping - Rejected bean name 'contextAttributes': no URL paths identified
14:36:54.992 [main] DEBUG org.springframework.web.servlet.handler.BeanNameUrlHandlerMapping - Rejected bean name 'org.springframework.context.annotation.ConfigurationClassPostProcessor.importRegistry': no URL paths identified
14:36:54.992 [main] DEBUG org.springframework.web.servlet.handler.BeanNameUrlHandlerMapping - Rejected bean name 'applicationEventMulticaster': no URL paths identified
14:36:54.992 [main] DEBUG org.springframework.beans.factory.support.DefaultListableBeanFactory - Returning cached instance of singleton bean 'org.springframework.transaction.config.internalTransactionAdvisor'
14:36:54.993 [main] DEBUG org.springframework.beans.factory.support.DefaultListableBeanFactory - Finished creating instance of bean 'beanNameHandlerMapping'
14:36:54.993 [main] DEBUG org.springframework.beans.factory.support.DefaultListableBeanFactory - Creating shared instance of singleton bean 'resourceHandlerMapping'
14:36:54.993 [main] DEBUG org.springframework.beans.factory.support.DefaultListableBeanFactory - Creating instance of bean 'resourceHandlerMapping'
14:36:54.993 [main] DEBUG org.springframework.beans.factory.support.DefaultListableBeanFactory - Returning cached instance of singleton bean 'org.springframework.web.servlet.config.annotation.DelegatingWebMvcConfiguration'
14:36:54.994 [main] DEBUG org.springframework.beans.factory.support.DefaultListableBeanFactory - Returning cached instance of singleton bean 'mvcContentNegotiationManager'
14:36:54.994 [main] DEBUG org.springframework.beans.factory.support.DefaultListableBeanFactory - Returning cached instance of singleton bean 'mvcUrlPathHelper'
14:36:55.012 [main] DEBUG org.springframework.beans.factory.support.DefaultListableBeanFactory - Returning cached instance of singleton bean 'mvcPathMatcher'
14:36:55.012 [main] DEBUG org.springframework.beans.factory.support.DefaultListableBeanFactory - Returning cached instance of singleton bean 'mvcUrlPathHelper'
14:36:55.012 [main] DEBUG org.springframework.beans.factory.support.DefaultListableBeanFactory - Eagerly caching bean 'resourceHandlerMapping' to allow for resolving potential circular references
14:36:55.013 [main] TRACE org.springframework.beans.CachedIntrospectionResults - Getting BeanInfo for class [org.springframework.web.servlet.handler.SimpleUrlHandlerMapping]
14:36:55.013 [main] TRACE org.springframework.beans.CachedIntrospectionResults - Caching PropertyDescriptors for class [org.springframework.web.servlet.handler.SimpleUrlHandlerMapping]
14:36:55.013 [main] TRACE org.springframework.beans.CachedIntrospectionResults - Found bean property 'alwaysUseFullPath' of type [boolean]
14:36:55.014 [main] TRACE org.springframework.beans.CachedIntrospectionResults - Found bean property 'applicationContext' of type [org.springframework.context.ApplicationContext]
14:36:55.014 [main] TRACE org.springframework.beans.CachedIntrospectionResults - Found bean property 'class' of type [java.lang.Class]
14:36:55.014 [main] TRACE org.springframework.beans.CachedIntrospectionResults - Found bean property 'corsConfigurations' of type [java.util.Map]
14:36:55.014 [main] TRACE org.springframework.beans.CachedIntrospectionResults - Found bean property 'corsProcessor' of type [org.springframework.web.cors.CorsProcessor]
14:36:55.014 [main] TRACE org.springframework.beans.CachedIntrospectionResults - Found bean property 'defaultHandler' of type [java.lang.Object]
14:36:55.014 [main] TRACE org.springframework.beans.CachedIntrospectionResults - Found bean property 'handlerMap' of type [java.util.Map]
14:36:55.014 [main] TRACE org.springframework.beans.CachedIntrospectionResults - Found bean property 'interceptors' of type [[Ljava.lang.Object;]
14:36:55.014 [main] TRACE org.springframework.beans.CachedIntrospectionResults - Found bean property 'lazyInitHandlers' of type [boolean]
14:36:55.014 [main] TRACE org.springframework.beans.CachedIntrospectionResults - Found bean property 'mappings' of type [java.util.Properties]
14:36:55.014 [main] TRACE org.springframework.beans.CachedIntrospectionResults - Found bean property 'order' of type [int]
14:36:55.014 [main] TRACE org.springframework.beans.CachedIntrospectionResults - Found bean property 'pathMatcher' of type [org.springframework.util.PathMatcher]
14:36:55.014 [main] TRACE org.springframework.beans.CachedIntrospectionResults - Found bean property 'removeSemicolonContent' of type [boolean]
14:36:55.014 [main] TRACE org.springframework.beans.CachedIntrospectionResults - Found bean property 'rootHandler' of type [java.lang.Object]
14:36:55.014 [main] TRACE org.springframework.beans.CachedIntrospectionResults - Found bean property 'servletContext' of type [javax.servlet.ServletContext]
14:36:55.014 [main] TRACE org.springframework.beans.CachedIntrospectionResults - Found bean property 'urlDecode' of type [boolean]
14:36:55.014 [main] TRACE org.springframework.beans.CachedIntrospectionResults - Found bean property 'urlMap' of type [java.util.Map]
14:36:55.014 [main] TRACE org.springframework.beans.CachedIntrospectionResults - Found bean property 'urlPathHelper' of type [org.springframework.web.util.UrlPathHelper]
14:36:55.014 [main] TRACE org.springframework.beans.CachedIntrospectionResults - Found bean property 'useTrailingSlashMatch' of type [boolean]
14:36:55.021 [main] INFO  org.springframework.web.servlet.handler.SimpleUrlHandlerMapping - Mapped URL path [/img/**] onto handler of type [class org.springframework.web.servlet.resource.ResourceHttpRequestHandler]
14:36:55.021 [main] INFO  org.springframework.web.servlet.handler.SimpleUrlHandlerMapping - Mapped URL path [/css/**] onto handler of type [class org.springframework.web.servlet.resource.ResourceHttpRequestHandler]
14:36:55.021 [main] INFO  org.springframework.web.servlet.handler.SimpleUrlHandlerMapping - Mapped URL path [/js/**] onto handler of type [class org.springframework.web.servlet.resource.ResourceHttpRequestHandler]
14:36:55.021 [main] DEBUG org.springframework.beans.factory.support.DefaultListableBeanFactory - Returning cached instance of singleton bean 'org.springframework.transaction.config.internalTransactionAdvisor'
14:36:55.021 [main] DEBUG org.springframework.beans.factory.support.DefaultListableBeanFactory - Finished creating instance of bean 'resourceHandlerMapping'
14:36:55.022 [main] DEBUG org.springframework.beans.factory.support.DefaultListableBeanFactory - Returning cached instance of singleton bean 'mvcResourceUrlProvider'
14:36:55.022 [main] DEBUG org.springframework.beans.factory.support.DefaultListableBeanFactory - Creating shared instance of singleton bean 'defaultServletHandlerMapping'
14:36:55.022 [main] DEBUG org.springframework.beans.factory.support.DefaultListableBeanFactory - Creating instance of bean 'defaultServletHandlerMapping'
14:36:55.022 [main] DEBUG org.springframework.beans.factory.support.DefaultListableBeanFactory - Returning cached instance of singleton bean 'org.springframework.web.servlet.config.annotation.DelegatingWebMvcConfiguration'
14:36:55.022 [main] DEBUG org.springframework.beans.factory.support.DefaultListableBeanFactory - Eagerly caching bean 'defaultServletHandlerMapping' to allow for resolving potential circular references
14:36:55.025 [main] DEBUG org.springframework.beans.factory.support.DefaultListableBeanFactory - Returning cached instance of singleton bean 'org.springframework.transaction.config.internalTransactionAdvisor'
14:36:55.029 [main] DEBUG org.springframework.beans.factory.support.DefaultListableBeanFactory - Finished creating instance of bean 'defaultServletHandlerMapping'
14:36:55.029 [main] DEBUG org.springframework.beans.factory.support.DefaultListableBeanFactory - Creating shared instance of singleton bean 'requestMappingHandlerAdapter'
14:36:55.030 [main] DEBUG org.springframework.beans.factory.support.DefaultListableBeanFactory - Creating instance of bean 'requestMappingHandlerAdapter'
14:36:55.031 [main] DEBUG org.springframework.beans.factory.support.DefaultListableBeanFactory - Returning cached instance of singleton bean 'org.springframework.web.servlet.config.annotation.DelegatingWebMvcConfiguration'
14:36:55.168 [main] DEBUG org.springframework.beans.factory.support.DefaultListableBeanFactory - Returning cached instance of singleton bean 'mvcContentNegotiationManager'
14:36:55.171 [main] DEBUG org.springframework.beans.factory.support.DefaultListableBeanFactory - Returning cached instance of singleton bean 'mvcConversionService'
14:36:55.171 [main] DEBUG org.springframework.beans.factory.support.DefaultListableBeanFactory - Creating shared instance of singleton bean 'mvcValidator'
14:36:55.171 [main] DEBUG org.springframework.beans.factory.support.DefaultListableBeanFactory - Creating instance of bean 'mvcValidator'
14:36:55.171 [main] DEBUG org.springframework.beans.factory.support.DefaultListableBeanFactory - Returning cached instance of singleton bean 'org.springframework.web.servlet.config.annotation.DelegatingWebMvcConfiguration'
14:36:55.172 [main] DEBUG org.springframework.beans.factory.support.DefaultListableBeanFactory - Eagerly caching bean 'mvcValidator' to allow for resolving potential circular references
14:36:55.172 [main] TRACE org.springframework.beans.CachedIntrospectionResults - Getting BeanInfo for class [org.springframework.web.servlet.config.annotation.WebMvcConfigurationSupport$NoOpValidator]
14:36:55.172 [main] TRACE org.springframework.beans.CachedIntrospectionResults - Caching PropertyDescriptors for class [org.springframework.web.servlet.config.annotation.WebMvcConfigurationSupport$NoOpValidator]
14:36:55.172 [main] TRACE org.springframework.beans.CachedIntrospectionResults - Found bean property 'class' of type [java.lang.Class]
14:36:55.173 [main] DEBUG org.springframework.beans.factory.support.DefaultListableBeanFactory - Returning cached instance of singleton bean 'org.springframework.transaction.config.internalTransactionAdvisor'
14:36:55.173 [main] DEBUG org.springframework.beans.factory.support.DefaultListableBeanFactory - Finished creating instance of bean 'mvcValidator'
14:36:55.177 [main] DEBUG org.springframework.beans.factory.support.DefaultListableBeanFactory - Eagerly caching bean 'requestMappingHandlerAdapter' to allow for resolving potential circular references
14:36:55.177 [main] TRACE org.springframework.beans.CachedIntrospectionResults - Getting BeanInfo for class [org.springframework.web.servlet.mvc.method.annotation.RequestMappingHandlerAdapter]
14:36:55.184 [main] TRACE org.springframework.beans.CachedIntrospectionResults - Caching PropertyDescriptors for class [org.springframework.web.servlet.mvc.method.annotation.RequestMappingHandlerAdapter]
14:36:55.184 [main] TRACE org.springframework.beans.CachedIntrospectionResults - Found bean property 'alwaysMustRevalidate' of type [boolean]
14:36:55.184 [main] TRACE org.springframework.beans.CachedIntrospectionResults - Found bean property 'applicationContext' of type [org.springframework.context.ApplicationContext]
14:36:55.184 [main] TRACE org.springframework.beans.CachedIntrospectionResults - Found bean property 'argumentResolvers' of type [java.util.List]
14:36:55.185 [main] TRACE org.springframework.beans.CachedIntrospectionResults - Found bean property 'asyncRequestTimeout' of type [long]
14:36:55.185 [main] TRACE org.springframework.beans.CachedIntrospectionResults - Found bean property 'beanFactory' of type [org.springframework.beans.factory.BeanFactory]
14:36:55.185 [main] TRACE org.springframework.beans.CachedIntrospectionResults - Found bean property 'cacheControl' of type [org.springframework.http.CacheControl]
14:36:55.185 [main] TRACE org.springframework.beans.CachedIntrospectionResults - Found bean property 'cacheSeconds' of type [int]
14:36:55.185 [main] TRACE org.springframework.beans.CachedIntrospectionResults - Found bean property 'cacheSecondsForSessionAttributeHandlers' of type [int]
14:36:55.185 [main] TRACE org.springframework.beans.CachedIntrospectionResults - Found bean property 'callableInterceptors' of type [java.util.List]
14:36:55.185 [main] TRACE org.springframework.beans.CachedIntrospectionResults - Found bean property 'class' of type [java.lang.Class]
14:36:55.185 [main] TRACE org.springframework.beans.CachedIntrospectionResults - Found bean property 'contentNegotiationManager' of type [org.springframework.web.accept.ContentNegotiationManager]
14:36:55.185 [main] TRACE org.springframework.beans.CachedIntrospectionResults - Found bean property 'customArgumentResolvers' of type [java.util.List]
14:36:55.185 [main] TRACE org.springframework.beans.CachedIntrospectionResults - Found bean property 'customReturnValueHandlers' of type [java.util.List]
14:36:55.185 [main] TRACE org.springframework.beans.CachedIntrospectionResults - Found bean property 'deferredResultInterceptors' of type [java.util.List]
14:36:55.185 [main] TRACE org.springframework.beans.CachedIntrospectionResults - Found bean property 'ignoreDefaultModelOnRedirect' of type [boolean]
14:36:55.185 [main] TRACE org.springframework.beans.CachedIntrospectionResults - Found bean property 'initBinderArgumentResolvers' of type [java.util.List]
14:36:55.185 [main] TRACE org.springframework.beans.CachedIntrospectionResults - Found bean property 'messageConverters' of type [java.util.List]
14:36:55.185 [main] TRACE org.springframework.beans.CachedIntrospectionResults - Found bean property 'modelAndViewResolvers' of type [java.util.List]
14:36:55.185 [main] TRACE org.springframework.beans.CachedIntrospectionResults - Found bean property 'order' of type [int]
14:36:55.185 [main] TRACE org.springframework.beans.CachedIntrospectionResults - Found bean property 'parameterNameDiscoverer' of type [org.springframework.core.ParameterNameDiscoverer]
14:36:55.185 [main] TRACE org.springframework.beans.CachedIntrospectionResults - Found bean property 'reactiveAdapterRegistry' of type [org.springframework.core.ReactiveAdapterRegistry]
14:36:55.186 [main] TRACE org.springframework.beans.CachedIntrospectionResults - Found bean property 'reactiveRegistry' of type [org.springframework.core.ReactiveAdapterRegistry]
14:36:55.186 [main] TRACE org.springframework.beans.CachedIntrospectionResults - Found bean property 'requestBodyAdvice' of type [java.util.List]
14:36:55.186 [main] TRACE org.springframework.beans.CachedIntrospectionResults - Found bean property 'requireSession' of type [boolean]
14:36:55.186 [main] TRACE org.springframework.beans.CachedIntrospectionResults - Found bean property 'responseBodyAdvice' of type [java.util.List]
14:36:55.186 [main] TRACE org.springframework.beans.CachedIntrospectionResults - Found bean property 'returnValueHandlers' of type [java.util.List]
14:36:55.186 [main] TRACE org.springframework.beans.CachedIntrospectionResults - Found bean property 'servletContext' of type [javax.servlet.ServletContext]
14:36:55.186 [main] TRACE org.springframework.beans.CachedIntrospectionResults - Found bean property 'sessionAttributeStore' of type [org.springframework.web.bind.support.SessionAttributeStore]
14:36:55.186 [main] TRACE org.springframework.beans.CachedIntrospectionResults - Found bean property 'supportedMethods' of type [[Ljava.lang.String;]
14:36:55.186 [main] TRACE org.springframework.beans.CachedIntrospectionResults - Found bean property 'synchronizeOnSession' of type [boolean]
14:36:55.186 [main] TRACE org.springframework.beans.CachedIntrospectionResults - Found bean property 'taskExecutor' of type [org.springframework.core.task.AsyncTaskExecutor]
14:36:55.186 [main] TRACE org.springframework.beans.CachedIntrospectionResults - Found bean property 'useCacheControlHeader' of type [boolean]
14:36:55.186 [main] TRACE org.springframework.beans.CachedIntrospectionResults - Found bean property 'useCacheControlNoStore' of type [boolean]
14:36:55.186 [main] TRACE org.springframework.beans.CachedIntrospectionResults - Found bean property 'useExpiresHeader' of type [boolean]
14:36:55.186 [main] TRACE org.springframework.beans.CachedIntrospectionResults - Found bean property 'varyByRequestHeaders' of type [[Ljava.lang.String;]
14:36:55.186 [main] TRACE org.springframework.beans.CachedIntrospectionResults - Found bean property 'webBindingInitializer' of type [org.springframework.web.bind.support.WebBindingInitializer]
14:36:55.191 [main] DEBUG org.springframework.beans.factory.support.DefaultListableBeanFactory - Invoking afterPropertiesSet() on bean with name 'requestMappingHandlerAdapter'
14:36:55.191 [main] INFO  org.springframework.web.servlet.mvc.method.annotation.RequestMappingHandlerAdapter - Looking for @ControllerAdvice: org.springframework.web.context.support.GenericWebApplicationContext@38145825: startup date [Tue Feb 11 14:36:52 MSK 2020]; root of context hierarchy
14:36:55.212 [main] DEBUG org.springframework.beans.factory.support.DefaultListableBeanFactory - Returning cached instance of singleton bean 'org.springframework.transaction.config.internalTransactionAdvisor'
14:36:55.213 [main] DEBUG org.springframework.beans.factory.support.DefaultListableBeanFactory - Finished creating instance of bean 'requestMappingHandlerAdapter'
14:36:55.213 [main] DEBUG org.springframework.beans.factory.support.DefaultListableBeanFactory - Returning cached instance of singleton bean 'mvcConversionService'
14:36:55.213 [main] DEBUG org.springframework.beans.factory.support.DefaultListableBeanFactory - Returning cached instance of singleton bean 'mvcValidator'
14:36:55.213 [main] DEBUG org.springframework.beans.factory.support.DefaultListableBeanFactory - Creating shared instance of singleton bean 'mvcUriComponentsContributor'
14:36:55.213 [main] DEBUG org.springframework.beans.factory.support.DefaultListableBeanFactory - Creating instance of bean 'mvcUriComponentsContributor'
14:36:55.214 [main] DEBUG org.springframework.beans.factory.support.DefaultListableBeanFactory - Returning cached instance of singleton bean 'org.springframework.web.servlet.config.annotation.DelegatingWebMvcConfiguration'
14:36:55.214 [main] DEBUG org.springframework.beans.factory.support.DefaultListableBeanFactory - Returning cached instance of singleton bean 'requestMappingHandlerAdapter'
14:36:55.215 [main] DEBUG org.springframework.beans.factory.support.DefaultListableBeanFactory - Returning cached instance of singleton bean 'mvcConversionService'
14:36:55.218 [main] DEBUG org.springframework.beans.factory.support.DefaultListableBeanFactory - Eagerly caching bean 'mvcUriComponentsContributor' to allow for resolving potential circular references
14:36:55.218 [main] TRACE org.springframework.beans.CachedIntrospectionResults - Getting BeanInfo for class [org.springframework.web.method.support.CompositeUriComponentsContributor]
14:36:55.219 [main] TRACE org.springframework.beans.CachedIntrospectionResults - Caching PropertyDescriptors for class [org.springframework.web.method.support.CompositeUriComponentsContributor]
14:36:55.219 [main] TRACE org.springframework.beans.CachedIntrospectionResults - Found bean property 'class' of type [java.lang.Class]
14:36:55.221 [main] DEBUG org.springframework.beans.factory.support.DefaultListableBeanFactory - Returning cached instance of singleton bean 'org.springframework.transaction.config.internalTransactionAdvisor'
14:36:55.222 [main] DEBUG org.springframework.beans.factory.support.DefaultListableBeanFactory - Finished creating instance of bean 'mvcUriComponentsContributor'
14:36:55.222 [main] DEBUG org.springframework.beans.factory.support.DefaultListableBeanFactory - Creating shared instance of singleton bean 'httpRequestHandlerAdapter'
14:36:55.222 [main] DEBUG org.springframework.beans.factory.support.DefaultListableBeanFactory - Creating instance of bean 'httpRequestHandlerAdapter'
14:36:55.222 [main] DEBUG org.springframework.beans.factory.support.DefaultListableBeanFactory - Returning cached instance of singleton bean 'org.springframework.web.servlet.config.annotation.DelegatingWebMvcConfiguration'
14:36:55.223 [main] DEBUG org.springframework.beans.factory.support.DefaultListableBeanFactory - Eagerly caching bean 'httpRequestHandlerAdapter' to allow for resolving potential circular references
14:36:55.223 [main] TRACE org.springframework.beans.CachedIntrospectionResults - Getting BeanInfo for class [org.springframework.web.servlet.mvc.HttpRequestHandlerAdapter]
14:36:55.224 [main] TRACE org.springframework.beans.CachedIntrospectionResults - Caching PropertyDescriptors for class [org.springframework.web.servlet.mvc.HttpRequestHandlerAdapter]
14:36:55.224 [main] TRACE org.springframework.beans.CachedIntrospectionResults - Found bean property 'class' of type [java.lang.Class]
14:36:55.224 [main] DEBUG org.springframework.beans.factory.support.DefaultListableBeanFactory - Returning cached instance of singleton bean 'org.springframework.transaction.config.internalTransactionAdvisor'
14:36:55.225 [main] DEBUG org.springframework.beans.factory.support.DefaultListableBeanFactory - Finished creating instance of bean 'httpRequestHandlerAdapter'
14:36:55.225 [main] DEBUG org.springframework.beans.factory.support.DefaultListableBeanFactory - Creating shared instance of singleton bean 'simpleControllerHandlerAdapter'
14:36:55.225 [main] DEBUG org.springframework.beans.factory.support.DefaultListableBeanFactory - Creating instance of bean 'simpleControllerHandlerAdapter'
14:36:55.225 [main] DEBUG org.springframework.beans.factory.support.DefaultListableBeanFactory - Returning cached instance of singleton bean 'org.springframework.web.servlet.config.annotation.DelegatingWebMvcConfiguration'
14:36:55.225 [main] DEBUG org.springframework.beans.factory.support.DefaultListableBeanFactory - Eagerly caching bean 'simpleControllerHandlerAdapter' to allow for resolving potential circular references
14:36:55.225 [main] TRACE org.springframework.beans.CachedIntrospectionResults - Getting BeanInfo for class [org.springframework.web.servlet.mvc.SimpleControllerHandlerAdapter]
14:36:55.233 [main] TRACE org.springframework.beans.CachedIntrospectionResults - Caching PropertyDescriptors for class [org.springframework.web.servlet.mvc.SimpleControllerHandlerAdapter]
14:36:55.233 [main] TRACE org.springframework.beans.CachedIntrospectionResults - Found bean property 'class' of type [java.lang.Class]
14:36:55.234 [main] DEBUG org.springframework.beans.factory.support.DefaultListableBeanFactory - Returning cached instance of singleton bean 'org.springframework.transaction.config.internalTransactionAdvisor'
14:36:55.234 [main] DEBUG org.springframework.beans.factory.support.DefaultListableBeanFactory - Finished creating instance of bean 'simpleControllerHandlerAdapter'
14:36:55.234 [main] DEBUG org.springframework.beans.factory.support.DefaultListableBeanFactory - Creating shared instance of singleton bean 'handlerExceptionResolver'
14:36:55.234 [main] DEBUG org.springframework.beans.factory.support.DefaultListableBeanFactory - Creating instance of bean 'handlerExceptionResolver'
14:36:55.234 [main] DEBUG org.springframework.beans.factory.support.DefaultListableBeanFactory - Returning cached instance of singleton bean 'org.springframework.web.servlet.config.annotation.DelegatingWebMvcConfiguration'
14:36:55.240 [main] DEBUG org.springframework.beans.factory.support.DefaultListableBeanFactory - Returning cached instance of singleton bean 'mvcContentNegotiationManager'
14:36:55.240 [main] DEBUG org.springframework.web.servlet.mvc.method.annotation.ExceptionHandlerExceptionResolver - Looking for exception mappings: org.springframework.web.context.support.GenericWebApplicationContext@38145825: startup date [Tue Feb 11 14:36:52 MSK 2020]; root of context hierarchy
14:36:55.243 [main] DEBUG org.springframework.beans.factory.support.DefaultListableBeanFactory - Eagerly caching bean 'handlerExceptionResolver' to allow for resolving potential circular references
14:36:55.243 [main] TRACE org.springframework.beans.CachedIntrospectionResults - Getting BeanInfo for class [org.springframework.web.servlet.handler.HandlerExceptionResolverComposite]
14:36:55.244 [main] TRACE org.springframework.beans.CachedIntrospectionResults - Caching PropertyDescriptors for class [org.springframework.web.servlet.handler.HandlerExceptionResolverComposite]
14:36:55.244 [main] TRACE org.springframework.beans.CachedIntrospectionResults - Found bean property 'class' of type [java.lang.Class]
14:36:55.244 [main] TRACE org.springframework.beans.CachedIntrospectionResults - Found bean property 'exceptionResolvers' of type [java.util.List]
14:36:55.244 [main] TRACE org.springframework.beans.CachedIntrospectionResults - Found bean property 'order' of type [int]
14:36:55.244 [main] DEBUG org.springframework.beans.factory.support.DefaultListableBeanFactory - Returning cached instance of singleton bean 'org.springframework.transaction.config.internalTransactionAdvisor'
14:36:55.245 [main] DEBUG org.springframework.beans.factory.support.DefaultListableBeanFactory - Finished creating instance of bean 'handlerExceptionResolver'
14:36:55.245 [main] DEBUG org.springframework.beans.factory.support.DefaultListableBeanFactory - Creating shared instance of singleton bean 'mvcViewResolver'
14:36:55.245 [main] DEBUG org.springframework.beans.factory.support.DefaultListableBeanFactory - Creating instance of bean 'mvcViewResolver'
14:36:55.245 [main] DEBUG org.springframework.beans.factory.support.DefaultListableBeanFactory - Returning cached instance of singleton bean 'org.springframework.web.servlet.config.annotation.DelegatingWebMvcConfiguration'
14:36:55.247 [main] DEBUG org.springframework.beans.factory.support.DefaultListableBeanFactory - Returning cached instance of singleton bean 'mvcContentNegotiationManager'
14:36:55.248 [main] DEBUG org.springframework.beans.factory.support.DefaultListableBeanFactory - Eagerly caching bean 'mvcViewResolver' to allow for resolving potential circular references
14:36:55.248 [main] TRACE org.springframework.beans.CachedIntrospectionResults - Getting BeanInfo for class [org.springframework.web.servlet.view.ViewResolverComposite]
14:36:55.249 [main] TRACE org.springframework.beans.CachedIntrospectionResults - Caching PropertyDescriptors for class [org.springframework.web.servlet.view.ViewResolverComposite]
14:36:55.249 [main] TRACE org.springframework.beans.CachedIntrospectionResults - Found bean property 'applicationContext' of type [org.springframework.context.ApplicationContext]
14:36:55.250 [main] TRACE org.springframework.beans.CachedIntrospectionResults - Found bean property 'class' of type [java.lang.Class]
14:36:55.251 [main] TRACE org.springframework.beans.CachedIntrospectionResults - Found bean property 'order' of type [int]
14:36:55.251 [main] TRACE org.springframework.beans.CachedIntrospectionResults - Found bean property 'servletContext' of type [javax.servlet.ServletContext]
14:36:55.251 [main] TRACE org.springframework.beans.CachedIntrospectionResults - Found bean property 'viewResolvers' of type [java.util.List]
14:36:55.252 [main] DEBUG org.springframework.beans.factory.support.DefaultListableBeanFactory - Invoking afterPropertiesSet() on bean with name 'mvcViewResolver'
14:36:55.252 [main] DEBUG org.springframework.beans.factory.support.DefaultListableBeanFactory - Returning cached instance of singleton bean 'org.springframework.transaction.config.internalTransactionAdvisor'
14:36:55.252 [main] DEBUG org.springframework.beans.factory.support.DefaultListableBeanFactory - Finished creating instance of bean 'mvcViewResolver'
14:36:55.253 [main] DEBUG org.springframework.beans.factory.support.DefaultListableBeanFactory - Creating shared instance of singleton bean 'viewResolver'
14:36:55.253 [main] DEBUG org.springframework.beans.factory.support.DefaultListableBeanFactory - Creating instance of bean 'viewResolver'
14:36:55.253 [main] DEBUG org.springframework.beans.factory.support.DefaultListableBeanFactory - Returning cached instance of singleton bean 'appConfig'
14:36:55.269 [main] DEBUG org.springframework.beans.factory.support.DefaultListableBeanFactory - Creating shared instance of singleton bean 'templateEngine'
14:36:55.269 [main] DEBUG org.springframework.beans.factory.support.DefaultListableBeanFactory - Creating instance of bean 'templateEngine'
14:36:55.270 [main] DEBUG org.springframework.beans.factory.support.DefaultListableBeanFactory - Returning cached instance of singleton bean 'appConfig'
14:36:55.291 [main] DEBUG org.springframework.beans.factory.support.DefaultListableBeanFactory - Creating shared instance of singleton bean 'templateResolver'
14:36:55.291 [main] DEBUG org.springframework.beans.factory.support.DefaultListableBeanFactory - Creating instance of bean 'templateResolver'
14:36:55.292 [main] DEBUG org.springframework.beans.factory.support.DefaultListableBeanFactory - Returning cached instance of singleton bean 'appConfig'
14:36:55.297 [main] DEBUG org.springframework.beans.factory.support.DefaultListableBeanFactory - Eagerly caching bean 'templateResolver' to allow for resolving potential circular references
14:36:55.297 [main] TRACE org.springframework.beans.CachedIntrospectionResults - Getting BeanInfo for class [org.thymeleaf.spring5.templateresolver.SpringResourceTemplateResolver]
14:36:55.301 [main] TRACE org.springframework.beans.CachedIntrospectionResults - Caching PropertyDescriptors for class [org.thymeleaf.spring5.templateresolver.SpringResourceTemplateResolver]
14:36:55.301 [main] TRACE org.springframework.beans.CachedIntrospectionResults - Found bean property 'CSSTemplateModePatternSpec' of type [org.thymeleaf.util.PatternSpec]
14:36:55.301 [main] TRACE org.springframework.beans.CachedIntrospectionResults - Found bean property 'CSSTemplateModePatterns' of type [java.util.Set]
14:36:55.301 [main] TRACE org.springframework.beans.CachedIntrospectionResults - Found bean property 'applicationContext' of type [org.springframework.context.ApplicationContext]
14:36:55.301 [main] TRACE org.springframework.beans.CachedIntrospectionResults - Found bean property 'cacheTTLMs' of type [java.lang.Long]
14:36:55.301 [main] TRACE org.springframework.beans.CachedIntrospectionResults - Found bean property 'cacheable' of type [boolean]
14:36:55.302 [main] TRACE org.springframework.beans.CachedIntrospectionResults - Found bean property 'cacheablePatternSpec' of type [org.thymeleaf.util.PatternSpec]
14:36:55.302 [main] TRACE org.springframework.beans.CachedIntrospectionResults - Found bean property 'cacheablePatterns' of type [java.util.Set]
14:36:55.302 [main] TRACE org.springframework.beans.CachedIntrospectionResults - Found bean property 'characterEncoding' of type [java.lang.String]
14:36:55.302 [main] TRACE org.springframework.beans.CachedIntrospectionResults - Found bean property 'checkExistence' of type [boolean]
14:36:55.302 [main] TRACE org.springframework.beans.CachedIntrospectionResults - Found bean property 'class' of type [java.lang.Class]
14:36:55.302 [main] TRACE org.springframework.beans.CachedIntrospectionResults - Found bean property 'forceSuffix' of type [boolean]
14:36:55.302 [main] TRACE org.springframework.beans.CachedIntrospectionResults - Found bean property 'forceTemplateMode' of type [boolean]
14:36:55.302 [main] TRACE org.springframework.beans.CachedIntrospectionResults - Found bean property 'html5TemplateModePatternSpec' of type [org.thymeleaf.util.PatternSpec]
14:36:55.302 [main] TRACE org.springframework.beans.CachedIntrospectionResults - Found bean property 'html5TemplateModePatterns' of type [java.util.Set]
14:36:55.302 [main] TRACE org.springframework.beans.CachedIntrospectionResults - Found bean property 'htmlTemplateModePatternSpec' of type [org.thymeleaf.util.PatternSpec]
14:36:55.302 [main] TRACE org.springframework.beans.CachedIntrospectionResults - Found bean property 'htmlTemplateModePatterns' of type [java.util.Set]
14:36:55.302 [main] TRACE org.springframework.beans.CachedIntrospectionResults - Found bean property 'javaScriptTemplateModePatternSpec' of type [org.thymeleaf.util.PatternSpec]
14:36:55.302 [main] TRACE org.springframework.beans.CachedIntrospectionResults - Found bean property 'javaScriptTemplateModePatterns' of type [java.util.Set]
14:36:55.302 [main] TRACE org.springframework.beans.CachedIntrospectionResults - Found bean property 'legacyHtml5TemplateModePatternSpec' of type [org.thymeleaf.util.PatternSpec]
14:36:55.302 [main] TRACE org.springframework.beans.CachedIntrospectionResults - Found bean property 'legacyHtml5TemplateModePatterns' of type [java.util.Set]
14:36:55.302 [main] TRACE org.springframework.beans.CachedIntrospectionResults - Found bean property 'name' of type [java.lang.String]
14:36:55.302 [main] TRACE org.springframework.beans.CachedIntrospectionResults - Found bean property 'nonCacheablePatternSpec' of type [org.thymeleaf.util.PatternSpec]
14:36:55.302 [main] TRACE org.springframework.beans.CachedIntrospectionResults - Found bean property 'nonCacheablePatterns' of type [java.util.Set]
14:36:55.302 [main] TRACE org.springframework.beans.CachedIntrospectionResults - Found bean property 'order' of type [java.lang.Integer]
14:36:55.303 [main] TRACE org.springframework.beans.CachedIntrospectionResults - Found bean property 'prefix' of type [java.lang.String]
14:36:55.303 [main] TRACE org.springframework.beans.CachedIntrospectionResults - Found bean property 'rawTemplateModePatternSpec' of type [org.thymeleaf.util.PatternSpec]
14:36:55.303 [main] TRACE org.springframework.beans.CachedIntrospectionResults - Found bean property 'rawTemplateModePatterns' of type [java.util.Set]
14:36:55.303 [main] TRACE org.springframework.beans.CachedIntrospectionResults - Found bean property 'resolvablePatternSpec' of type [org.thymeleaf.util.PatternSpec]
14:36:55.303 [main] TRACE org.springframework.beans.CachedIntrospectionResults - Found bean property 'resolvablePatterns' of type [java.util.Set]
14:36:55.303 [main] TRACE org.springframework.beans.CachedIntrospectionResults - Found bean property 'suffix' of type [java.lang.String]
14:36:55.303 [main] TRACE org.springframework.beans.CachedIntrospectionResults - Found bean property 'templateAliases' of type [java.util.Map]
14:36:55.312 [main] TRACE org.springframework.beans.CachedIntrospectionResults - Found bean property 'templateMode' of type [org.thymeleaf.templatemode.TemplateMode]
14:36:55.316 [main] TRACE org.springframework.beans.CachedIntrospectionResults - Found bean property 'textTemplateModePatternSpec' of type [org.thymeleaf.util.PatternSpec]
14:36:55.323 [main] TRACE org.springframework.beans.CachedIntrospectionResults - Found bean property 'textTemplateModePatterns' of type [java.util.Set]
14:36:55.323 [main] TRACE org.springframework.beans.CachedIntrospectionResults - Found bean property 'useDecoupledLogic' of type [boolean]
14:36:55.323 [main] TRACE org.springframework.beans.CachedIntrospectionResults - Found bean property 'validXhtmlTemplateModePatternSpec' of type [org.thymeleaf.util.PatternSpec]
14:36:55.323 [main] TRACE org.springframework.beans.CachedIntrospectionResults - Found bean property 'validXhtmlTemplateModePatterns' of type [java.util.Set]
14:36:55.323 [main] TRACE org.springframework.beans.CachedIntrospectionResults - Found bean property 'validXmlTemplateModePatternSpec' of type [org.thymeleaf.util.PatternSpec]
14:36:55.323 [main] TRACE org.springframework.beans.CachedIntrospectionResults - Found bean property 'validXmlTemplateModePatterns' of type [java.util.Set]
14:36:55.323 [main] TRACE org.springframework.beans.CachedIntrospectionResults - Found bean property 'xhtmlTemplateModePatternSpec' of type [org.thymeleaf.util.PatternSpec]
14:36:55.323 [main] TRACE org.springframework.beans.CachedIntrospectionResults - Found bean property 'xhtmlTemplateModePatterns' of type [java.util.Set]
14:36:55.323 [main] TRACE org.springframework.beans.CachedIntrospectionResults - Found bean property 'xmlTemplateModePatternSpec' of type [org.thymeleaf.util.PatternSpec]
14:36:55.323 [main] TRACE org.springframework.beans.CachedIntrospectionResults - Found bean property 'xmlTemplateModePatterns' of type [java.util.Set]
14:36:55.324 [main] DEBUG org.springframework.beans.factory.support.DefaultListableBeanFactory - Returning cached instance of singleton bean 'org.springframework.transaction.config.internalTransactionAdvisor'
14:36:55.325 [main] DEBUG org.springframework.beans.factory.support.DefaultListableBeanFactory - Finished creating instance of bean 'templateResolver'
14:36:55.326 [main] DEBUG org.springframework.beans.factory.support.DefaultListableBeanFactory - Eagerly caching bean 'templateEngine' to allow for resolving potential circular references
14:36:55.327 [main] TRACE org.springframework.beans.CachedIntrospectionResults - Getting BeanInfo for class [org.thymeleaf.spring5.SpringTemplateEngine]
14:36:55.328 [main] TRACE org.springframework.beans.CachedIntrospectionResults - Caching PropertyDescriptors for class [org.thymeleaf.spring5.SpringTemplateEngine]
14:36:55.335 [main] TRACE org.springframework.beans.CachedIntrospectionResults - Found bean property 'additionalDialects' of type [java.util.Set]
14:36:55.335 [main] TRACE org.springframework.beans.CachedIntrospectionResults - Found bean property 'cacheManager' of type [org.thymeleaf.cache.ICacheManager]
14:36:55.335 [main] TRACE org.springframework.beans.CachedIntrospectionResults - Found bean property 'class' of type [java.lang.Class]
14:36:55.335 [main] TRACE org.springframework.beans.CachedIntrospectionResults - Found bean property 'configuration' of type [org.thymeleaf.IEngineConfiguration]
14:36:55.335 [main] TRACE org.springframework.beans.CachedIntrospectionResults - Found bean property 'decoupledTemplateLogicResolver' of type [org.thymeleaf.templateparser.markup.decoupled.IDecoupledTemplateLogicResolver]
14:36:55.335 [main] TRACE org.springframework.beans.CachedIntrospectionResults - Found bean property 'dialect' of type [org.thymeleaf.dialect.IDialect]
14:36:55.335 [main] TRACE org.springframework.beans.CachedIntrospectionResults - Found bean property 'dialects' of type [java.util.Set]
14:36:55.335 [main] TRACE org.springframework.beans.CachedIntrospectionResults - Found bean property 'dialectsByPrefix' of type [java.util.Map]
14:36:55.335 [main] TRACE org.springframework.beans.CachedIntrospectionResults - Found bean property 'enableSpringELCompiler' of type [boolean]
14:36:55.335 [main] TRACE org.springframework.beans.CachedIntrospectionResults - Found bean property 'engineContextFactory' of type [org.thymeleaf.context.IEngineContextFactory]
14:36:55.335 [main] TRACE org.springframework.beans.CachedIntrospectionResults - Found bean property 'initialized' of type [boolean]
14:36:55.335 [main] TRACE org.springframework.beans.CachedIntrospectionResults - Found bean property 'linkBuilder' of type [org.thymeleaf.linkbuilder.ILinkBuilder]
14:36:55.335 [main] TRACE org.springframework.beans.CachedIntrospectionResults - Found bean property 'linkBuilders' of type [java.util.Set]
14:36:55.335 [main] TRACE org.springframework.beans.CachedIntrospectionResults - Found bean property 'messageResolver' of type [org.thymeleaf.messageresolver.IMessageResolver]
14:36:55.335 [main] TRACE org.springframework.beans.CachedIntrospectionResults - Found bean property 'messageResolvers' of type [java.util.Set]
14:36:55.336 [main] TRACE org.springframework.beans.CachedIntrospectionResults - Found bean property 'messageSource' of type [org.springframework.context.MessageSource]
14:36:55.336 [main] TRACE org.springframework.beans.CachedIntrospectionResults - Found bean property 'templateEngineMessageSource' of type [org.springframework.context.MessageSource]
14:36:55.336 [main] TRACE org.springframework.beans.CachedIntrospectionResults - Found bean property 'templateResolver' of type [org.thymeleaf.templateresolver.ITemplateResolver]
14:36:55.336 [main] TRACE org.springframework.beans.CachedIntrospectionResults - Found bean property 'templateResolvers' of type [java.util.Set]
14:36:55.337 [main] DEBUG org.springframework.beans.factory.support.DefaultListableBeanFactory - Returning cached instance of singleton bean 'org.springframework.transaction.config.internalTransactionAdvisor'
14:36:55.340 [main] DEBUG org.springframework.beans.factory.support.DefaultListableBeanFactory - Finished creating instance of bean 'templateEngine'
14:36:55.341 [main] DEBUG org.springframework.beans.factory.support.DefaultListableBeanFactory - Eagerly caching bean 'viewResolver' to allow for resolving potential circular references
14:36:55.341 [main] TRACE org.springframework.beans.CachedIntrospectionResults - Getting BeanInfo for class [org.thymeleaf.spring5.view.ThymeleafViewResolver]
14:36:55.343 [main] TRACE org.springframework.beans.CachedIntrospectionResults - Caching PropertyDescriptors for class [org.thymeleaf.spring5.view.ThymeleafViewResolver]
14:36:55.346 [main] TRACE org.springframework.beans.CachedIntrospectionResults - Found bean property 'alwaysProcessRedirectAndForward' of type [boolean]
14:36:55.346 [main] TRACE org.springframework.beans.CachedIntrospectionResults - Found bean property 'applicationContext' of type [org.springframework.context.ApplicationContext]
14:36:55.346 [main] TRACE org.springframework.beans.CachedIntrospectionResults - Found bean property 'cache' of type [boolean]
14:36:55.346 [main] TRACE org.springframework.beans.CachedIntrospectionResults - Found bean property 'cacheLimit' of type [int]
14:36:55.346 [main] TRACE org.springframework.beans.CachedIntrospectionResults - Found bean property 'cacheUnresolved' of type [boolean]
14:36:55.346 [main] TRACE org.springframework.beans.CachedIntrospectionResults - Found bean property 'characterEncoding' of type [java.lang.String]
14:36:55.346 [main] TRACE org.springframework.beans.CachedIntrospectionResults - Found bean property 'class' of type [java.lang.Class]
14:36:55.346 [main] TRACE org.springframework.beans.CachedIntrospectionResults - Found bean property 'contentType' of type [java.lang.String]
14:36:55.346 [main] TRACE org.springframework.beans.CachedIntrospectionResults - Found bean property 'excludedViewNames' of type [[Ljava.lang.String;]
14:36:55.346 [main] TRACE org.springframework.beans.CachedIntrospectionResults - Found bean property 'forceContentType' of type [boolean]
14:36:55.346 [main] TRACE org.springframework.beans.CachedIntrospectionResults - Found bean property 'order' of type [int]
14:36:55.346 [main] TRACE org.springframework.beans.CachedIntrospectionResults - Found bean property 'redirectContextRelative' of type [boolean]
14:36:55.346 [main] TRACE org.springframework.beans.CachedIntrospectionResults - Found bean property 'redirectHttp10Compatible' of type [boolean]
14:36:55.346 [main] TRACE org.springframework.beans.CachedIntrospectionResults - Found bean property 'servletContext' of type [javax.servlet.ServletContext]
14:36:55.346 [main] TRACE org.springframework.beans.CachedIntrospectionResults - Found bean property 'staticVariables' of type [java.util.Map]
14:36:55.346 [main] TRACE org.springframework.beans.CachedIntrospectionResults - Found bean property 'templateEngine' of type [org.thymeleaf.spring5.ISpringTemplateEngine]
14:36:55.346 [main] TRACE org.springframework.beans.CachedIntrospectionResults - Found bean property 'viewClass' of type [java.lang.Class]
14:36:55.346 [main] TRACE org.springframework.beans.CachedIntrospectionResults - Found bean property 'viewNames' of type [[Ljava.lang.String;]
14:36:55.351 [main] DEBUG org.springframework.beans.factory.support.DefaultListableBeanFactory - Returning cached instance of singleton bean 'org.springframework.transaction.config.internalTransactionAdvisor'
14:36:55.351 [main] DEBUG org.springframework.beans.factory.support.DefaultListableBeanFactory - Finished creating instance of bean 'viewResolver'
14:36:55.351 [main] DEBUG org.springframework.beans.factory.support.DefaultListableBeanFactory - Returning cached instance of singleton bean 'templateEngine'
14:36:55.352 [main] DEBUG org.springframework.beans.factory.support.DefaultListableBeanFactory - Returning cached instance of singleton bean 'templateResolver'
14:36:55.352 [main] DEBUG org.springframework.beans.factory.support.DefaultListableBeanFactory - Creating shared instance of singleton bean 'localeResolver'
14:36:55.352 [main] DEBUG org.springframework.beans.factory.support.DefaultListableBeanFactory - Creating instance of bean 'localeResolver'
14:36:55.352 [main] DEBUG org.springframework.beans.factory.support.DefaultListableBeanFactory - Returning cached instance of singleton bean 'appConfig'
14:36:55.354 [main] DEBUG org.springframework.beans.factory.support.DefaultListableBeanFactory - Eagerly caching bean 'localeResolver' to allow for resolving potential circular references
14:36:55.354 [main] TRACE org.springframework.beans.CachedIntrospectionResults - Getting BeanInfo for class [org.springframework.web.servlet.i18n.SessionLocaleResolver]
14:36:55.356 [main] TRACE org.springframework.beans.CachedIntrospectionResults - Caching PropertyDescriptors for class [org.springframework.web.servlet.i18n.SessionLocaleResolver]
14:36:55.356 [main] TRACE org.springframework.beans.CachedIntrospectionResults - Found bean property 'class' of type [java.lang.Class]
14:36:55.356 [main] TRACE org.springframework.beans.CachedIntrospectionResults - Found bean property 'defaultLocale' of type [java.util.Locale]
14:36:55.356 [main] TRACE org.springframework.beans.CachedIntrospectionResults - Found bean property 'defaultTimeZone' of type [java.util.TimeZone]
14:36:55.356 [main] TRACE org.springframework.beans.CachedIntrospectionResults - Found bean property 'localeAttributeName' of type [java.lang.String]
14:36:55.357 [main] TRACE org.springframework.beans.CachedIntrospectionResults - Found bean property 'timeZoneAttributeName' of type [java.lang.String]
14:36:55.357 [main] DEBUG org.springframework.beans.factory.support.DefaultListableBeanFactory - Returning cached instance of singleton bean 'org.springframework.transaction.config.internalTransactionAdvisor'
14:36:55.358 [main] DEBUG org.springframework.beans.factory.support.DefaultListableBeanFactory - Finished creating instance of bean 'localeResolver'
14:36:55.358 [main] DEBUG org.springframework.beans.factory.support.DefaultListableBeanFactory - Returning cached instance of singleton bean 'org.springframework.transaction.annotation.ProxyTransactionManagementConfiguration'
14:36:55.358 [main] DEBUG org.springframework.beans.factory.support.DefaultListableBeanFactory - Returning cached instance of singleton bean 'org.springframework.transaction.config.internalTransactionAdvisor'
14:36:55.358 [main] DEBUG org.springframework.beans.factory.support.DefaultListableBeanFactory - Returning cached instance of singleton bean 'transactionAttributeSource'
14:36:55.358 [main] DEBUG org.springframework.beans.factory.support.DefaultListableBeanFactory - Returning cached instance of singleton bean 'transactionInterceptor'
14:36:55.358 [main] DEBUG org.springframework.beans.factory.support.DefaultListableBeanFactory - Creating shared instance of singleton bean 'org.springframework.transaction.config.internalTransactionalEventListenerFactory'
14:36:55.358 [main] DEBUG org.springframework.beans.factory.support.DefaultListableBeanFactory - Creating instance of bean 'org.springframework.transaction.config.internalTransactionalEventListenerFactory'
14:36:55.358 [main] DEBUG org.springframework.beans.factory.support.DefaultListableBeanFactory - Returning cached instance of singleton bean 'org.springframework.transaction.annotation.ProxyTransactionManagementConfiguration'
14:36:55.371 [main] DEBUG org.springframework.beans.factory.support.DefaultListableBeanFactory - Eagerly caching bean 'org.springframework.transaction.config.internalTransactionalEventListenerFactory' to allow for resolving potential circular references
14:36:55.371 [main] TRACE org.springframework.beans.CachedIntrospectionResults - Getting BeanInfo for class [org.springframework.transaction.event.TransactionalEventListenerFactory]
14:36:55.372 [main] TRACE org.springframework.beans.CachedIntrospectionResults - Caching PropertyDescriptors for class [org.springframework.transaction.event.TransactionalEventListenerFactory]
14:36:55.372 [main] TRACE org.springframework.beans.CachedIntrospectionResults - Found bean property 'class' of type [java.lang.Class]
14:36:55.372 [main] TRACE org.springframework.beans.CachedIntrospectionResults - Found bean property 'order' of type [int]
14:36:55.372 [main] DEBUG org.springframework.beans.factory.support.DefaultListableBeanFactory - Returning cached instance of singleton bean 'org.springframework.transaction.config.internalTransactionAdvisor'
14:36:55.373 [main] DEBUG org.springframework.beans.factory.support.DefaultListableBeanFactory - Finished creating instance of bean 'org.springframework.transaction.config.internalTransactionalEventListenerFactory'
14:36:55.373 [main] DEBUG org.springframework.beans.factory.support.DefaultListableBeanFactory - Returning cached instance of singleton bean 'DataSourceBean'
14:36:55.373 [main] DEBUG org.springframework.beans.factory.support.DefaultListableBeanFactory - Returning cached instance of singleton bean 'SessionFactory'
14:36:55.373 [main] DEBUG org.springframework.beans.factory.support.DefaultListableBeanFactory - Returning cached instance of singleton bean 'getDevLocaleDAO'
14:36:55.373 [main] DEBUG org.springframework.beans.factory.support.DefaultListableBeanFactory - Returning cached instance of singleton bean 'SessionFactory'
14:36:55.373 [main] DEBUG org.springframework.beans.factory.support.DefaultListableBeanFactory - Creating shared instance of singleton bean 'transactionManager'
14:36:55.373 [main] DEBUG org.springframework.beans.factory.support.DefaultListableBeanFactory - Creating instance of bean 'transactionManager'
14:36:55.373 [main] DEBUG org.springframework.beans.factory.support.DefaultListableBeanFactory - Returning cached instance of singleton bean 'dataAccessConfig'
14:36:55.373 [main] DEBUG org.springframework.beans.factory.support.DefaultListableBeanFactory - Returning cached instance of singleton bean 'SessionFactory'
14:36:55.373 [main] DEBUG org.springframework.beans.factory.support.DefaultListableBeanFactory - Autowiring by type from bean name 'transactionManager' via factory method to bean named 'SessionFactory'
14:36:55.376 [main] DEBUG org.springframework.beans.factory.support.DefaultListableBeanFactory - Returning cached instance of singleton bean 'DataSourceBean'
14:36:55.378 [main] DEBUG org.springframework.beans.factory.support.DefaultListableBeanFactory - Eagerly caching bean 'transactionManager' to allow for resolving potential circular references
14:36:55.378 [main] TRACE org.springframework.beans.CachedIntrospectionResults - Getting BeanInfo for class [org.springframework.orm.hibernate5.HibernateTransactionManager]
14:36:55.379 [main] TRACE org.springframework.beans.CachedIntrospectionResults - Caching PropertyDescriptors for class [org.springframework.orm.hibernate5.HibernateTransactionManager]
14:36:55.379 [main] TRACE org.springframework.beans.CachedIntrospectionResults - Found bean property 'allowResultAccessAfterCompletion' of type [boolean]
14:36:55.380 [main] TRACE org.springframework.beans.CachedIntrospectionResults - Found bean property 'autodetectDataSource' of type [boolean]
14:36:55.380 [main] TRACE org.springframework.beans.CachedIntrospectionResults - Found bean property 'beanFactory' of type [org.springframework.beans.factory.BeanFactory]
14:36:55.380 [main] TRACE org.springframework.beans.CachedIntrospectionResults - Found bean property 'class' of type [java.lang.Class]
14:36:55.380 [main] TRACE org.springframework.beans.CachedIntrospectionResults - Found bean property 'dataSource' of type [javax.sql.DataSource]
14:36:55.380 [main] TRACE org.springframework.beans.CachedIntrospectionResults - Found bean property 'defaultTimeout' of type [int]
14:36:55.380 [main] TRACE org.springframework.beans.CachedIntrospectionResults - Found bean property 'entityInterceptor' of type [org.hibernate.Interceptor]
14:36:55.380 [main] TRACE org.springframework.beans.CachedIntrospectionResults - Found bean property 'entityInterceptorBeanName' of type [java.lang.String]
14:36:55.380 [main] TRACE org.springframework.beans.CachedIntrospectionResults - Found bean property 'failEarlyOnGlobalRollbackOnly' of type [boolean]
14:36:55.380 [main] TRACE org.springframework.beans.CachedIntrospectionResults - Found bean property 'globalRollbackOnParticipationFailure' of type [boolean]
14:36:55.380 [main] TRACE org.springframework.beans.CachedIntrospectionResults - Found bean property 'hibernateManagedSession' of type [boolean]
14:36:55.380 [main] TRACE org.springframework.beans.CachedIntrospectionResults - Found bean property 'nestedTransactionAllowed' of type [boolean]
14:36:55.380 [main] TRACE org.springframework.beans.CachedIntrospectionResults - Found bean property 'prepareConnection' of type [boolean]
14:36:55.380 [main] TRACE org.springframework.beans.CachedIntrospectionResults - Found bean property 'resourceFactory' of type [java.lang.Object]
14:36:55.380 [main] TRACE org.springframework.beans.CachedIntrospectionResults - Found bean property 'rollbackOnCommitFailure' of type [boolean]
14:36:55.380 [main] TRACE org.springframework.beans.CachedIntrospectionResults - Found bean property 'sessionFactory' of type [org.hibernate.SessionFactory]
14:36:55.380 [main] TRACE org.springframework.beans.CachedIntrospectionResults - Found bean property 'transactionSynchronization' of type [int]
14:36:55.380 [main] TRACE org.springframework.beans.CachedIntrospectionResults - Found bean property 'transactionSynchronizationName' of type [java.lang.String]
14:36:55.380 [main] TRACE org.springframework.beans.CachedIntrospectionResults - Found bean property 'validateExistingTransaction' of type [boolean]
14:36:55.381 [main] DEBUG org.springframework.beans.factory.support.DefaultListableBeanFactory - Invoking afterPropertiesSet() on bean with name 'transactionManager'
14:36:55.381 [main] DEBUG org.springframework.beans.factory.support.DefaultListableBeanFactory - Returning cached instance of singleton bean 'org.springframework.transaction.config.internalTransactionAdvisor'
14:36:55.382 [main] DEBUG org.springframework.beans.factory.support.DefaultListableBeanFactory - Finished creating instance of bean 'transactionManager'
14:36:55.390 [main] DEBUG org.springframework.beans.factory.support.DefaultListableBeanFactory - Returning cached instance of singleton bean 'org.springframework.aop.config.internalAutoProxyCreator'
14:36:55.391 [main] DEBUG org.springframework.beans.factory.support.DefaultListableBeanFactory - Returning cached instance of singleton bean 'org.springframework.context.event.internalEventListenerFactory'
14:36:55.391 [main] DEBUG org.springframework.beans.factory.support.DefaultListableBeanFactory - Returning cached instance of singleton bean 'org.springframework.transaction.config.internalTransactionalEventListenerFactory'
14:36:55.392 [main] TRACE org.springframework.context.event.EventListenerMethodProcessor - No @EventListener annotations found on bean class: org.springframework.context.annotation.ConfigurationClassPostProcessor
14:36:55.392 [main] TRACE org.springframework.context.event.EventListenerMethodProcessor - No @EventListener annotations found on bean class: org.springframework.beans.factory.annotation.AutowiredAnnotationBeanPostProcessor
14:36:55.392 [main] TRACE org.springframework.context.event.EventListenerMethodProcessor - No @EventListener annotations found on bean class: org.springframework.beans.factory.annotation.RequiredAnnotationBeanPostProcessor
14:36:55.393 [main] TRACE org.springframework.context.event.EventListenerMethodProcessor - No @EventListener annotations found on bean class: org.springframework.context.annotation.CommonAnnotationBeanPostProcessor
14:36:55.393 [main] TRACE org.springframework.context.event.EventListenerMethodProcessor - No @EventListener annotations found on bean class: org.springframework.orm.jpa.support.PersistenceAnnotationBeanPostProcessor
14:36:55.393 [main] TRACE org.springframework.context.event.EventListenerMethodProcessor - No @EventListener annotations found on bean class: org.springframework.context.event.EventListenerMethodProcessor
14:36:55.393 [main] TRACE org.springframework.context.event.EventListenerMethodProcessor - No @EventListener annotations found on bean class: org.springframework.context.event.DefaultEventListenerFactory
14:36:55.393 [main] TRACE org.springframework.context.event.EventListenerMethodProcessor - No @EventListener annotations found on bean class: com.soft.config.AppConfig$$EnhancerBySpringCGLIB$$e918ca52
14:36:55.394 [main] TRACE org.springframework.context.event.EventListenerMethodProcessor - No @EventListener annotations found on bean class: com.soft.config.DataAccessConfig$$EnhancerBySpringCGLIB$$d625e009
14:36:55.394 [main] TRACE org.springframework.context.event.EventListenerMethodProcessor - No @EventListener annotations found on bean class: com.soft.controller.EshopController
14:36:55.394 [main] TRACE org.springframework.context.event.EventListenerMethodProcessor - No @EventListener annotations found on bean class: com.soft.config.AppConfig$DBMessageSource
14:36:55.394 [main] TRACE org.springframework.context.event.EventListenerMethodProcessor - No @EventListener annotations found on bean class: org.springframework.web.servlet.config.annotation.DelegatingWebMvcConfiguration$$EnhancerBySpringCGLIB$$38f91ed5
14:36:55.394 [main] TRACE org.springframework.context.event.EventListenerMethodProcessor - No @EventListener annotations found on bean class: org.springframework.web.servlet.mvc.method.annotation.RequestMappingHandlerMapping
14:36:55.395 [main] TRACE org.springframework.context.event.EventListenerMethodProcessor - No @EventListener annotations found on bean class: org.springframework.util.AntPathMatcher
14:36:55.395 [main] TRACE org.springframework.context.event.EventListenerMethodProcessor - No @EventListener annotations found on bean class: org.springframework.web.util.UrlPathHelper
14:36:55.395 [main] TRACE org.springframework.context.event.EventListenerMethodProcessor - No @EventListener annotations found on bean class: org.springframework.web.accept.ContentNegotiationManager
14:36:55.395 [main] TRACE org.springframework.context.event.EventListenerMethodProcessor - No @EventListener annotations found on bean class: org.springframework.web.servlet.config.annotation.WebMvcConfigurationSupport$EmptyHandlerMapping
14:36:55.395 [main] TRACE org.springframework.context.event.EventListenerMethodProcessor - No @EventListener annotations found on bean class: org.springframework.web.servlet.handler.BeanNameUrlHandlerMapping
14:36:55.395 [main] TRACE org.springframework.context.event.EventListenerMethodProcessor - No @EventListener annotations found on bean class: org.springframework.web.servlet.handler.SimpleUrlHandlerMapping
14:36:55.396 [main] TRACE org.springframework.context.event.EventListenerMethodProcessor - No @EventListener annotations found on bean class: org.springframework.web.servlet.resource.ResourceUrlProvider
14:36:55.396 [main] TRACE org.springframework.context.event.EventListenerMethodProcessor - No @EventListener annotations found on bean class: org.springframework.web.servlet.mvc.method.annotation.RequestMappingHandlerAdapter
14:36:55.396 [main] TRACE org.springframework.context.event.EventListenerMethodProcessor - No @EventListener annotations found on bean class: org.springframework.format.support.DefaultFormattingConversionService
14:36:55.396 [main] TRACE org.springframework.context.event.EventListenerMethodProcessor - No @EventListener annotations found on bean class: org.springframework.web.servlet.config.annotation.WebMvcConfigurationSupport$NoOpValidator
14:36:55.396 [main] TRACE org.springframework.context.event.EventListenerMethodProcessor - No @EventListener annotations found on bean class: org.springframework.web.method.support.CompositeUriComponentsContributor
14:36:55.396 [main] TRACE org.springframework.context.event.EventListenerMethodProcessor - No @EventListener annotations found on bean class: org.springframework.web.servlet.mvc.HttpRequestHandlerAdapter
14:36:55.396 [main] TRACE org.springframework.context.event.EventListenerMethodProcessor - No @EventListener annotations found on bean class: org.springframework.web.servlet.mvc.SimpleControllerHandlerAdapter
14:36:55.396 [main] TRACE org.springframework.context.event.EventListenerMethodProcessor - No @EventListener annotations found on bean class: org.springframework.web.servlet.handler.HandlerExceptionResolverComposite
14:36:55.397 [main] TRACE org.springframework.context.event.EventListenerMethodProcessor - No @EventListener annotations found on bean class: org.springframework.web.servlet.view.ViewResolverComposite
14:36:55.397 [main] TRACE org.springframework.context.event.EventListenerMethodProcessor - No @EventListener annotations found on bean class: org.springframework.web.servlet.handler.HandlerMappingIntrospector
14:36:55.397 [main] TRACE org.springframework.context.event.EventListenerMethodProcessor - No @EventListener annotations found on bean class: org.thymeleaf.spring5.view.ThymeleafViewResolver
14:36:55.397 [main] TRACE org.springframework.context.event.EventListenerMethodProcessor - No @EventListener annotations found on bean class: org.thymeleaf.spring5.SpringTemplateEngine
14:36:55.398 [main] TRACE org.springframework.context.event.EventListenerMethodProcessor - No @EventListener annotations found on bean class: org.thymeleaf.spring5.templateresolver.SpringResourceTemplateResolver
14:36:55.398 [main] TRACE org.springframework.context.event.EventListenerMethodProcessor - No @EventListener annotations found on bean class: org.springframework.web.servlet.i18n.SessionLocaleResolver
14:36:55.398 [main] TRACE org.springframework.context.event.EventListenerMethodProcessor - No @EventListener annotations found on bean class: org.springframework.transaction.annotation.ProxyTransactionManagementConfiguration$$EnhancerBySpringCGLIB$$7438399f
14:36:55.398 [main] TRACE org.springframework.context.event.EventListenerMethodProcessor - No @EventListener annotations found on bean class: org.springframework.transaction.interceptor.BeanFactoryTransactionAttributeSourceAdvisor
14:36:55.398 [main] TRACE org.springframework.context.event.EventListenerMethodProcessor - No @EventListener annotations found on bean class: org.springframework.transaction.annotation.AnnotationTransactionAttributeSource
14:36:55.398 [main] TRACE org.springframework.context.event.EventListenerMethodProcessor - No @EventListener annotations found on bean class: org.springframework.transaction.interceptor.TransactionInterceptor
14:36:55.398 [main] TRACE org.springframework.context.event.EventListenerMethodProcessor - No @EventListener annotations found on bean class: org.springframework.transaction.event.TransactionalEventListenerFactory
14:36:55.406 [main] TRACE org.springframework.context.event.EventListenerMethodProcessor - No @EventListener annotations found on bean class: org.apache.commons.dbcp2.BasicDataSource
14:36:55.407 [main] TRACE org.springframework.context.event.EventListenerMethodProcessor - No @EventListener annotations found on bean class: org.hibernate.internal.SessionFactoryImpl
14:36:55.407 [main] TRACE org.springframework.context.event.EventListenerMethodProcessor - No @EventListener annotations found on bean class: com.soft.dao.EshopDAOImpl
14:36:55.407 [main] TRACE org.springframework.context.event.EventListenerMethodProcessor - No @EventListener annotations found on bean class: org.springframework.orm.hibernate5.HibernateTransactionManager
14:36:55.408 [main] TRACE org.springframework.context.event.EventListenerMethodProcessor - No @EventListener annotations found on bean class: org.springframework.aop.framework.autoproxy.InfrastructureAdvisorAutoProxyCreator
14:36:55.409 [main] TRACE org.springframework.context.event.EventListenerMethodProcessor - No @EventListener annotations found on bean class: org.springframework.web.context.support.StandardServletEnvironment
14:36:55.409 [main] TRACE org.springframework.context.event.EventListenerMethodProcessor - No @EventListener annotations found on bean class: java.util.Properties
14:36:55.409 [main] TRACE org.springframework.context.event.EventListenerMethodProcessor - No @EventListener annotations found on bean class: java.util.Collections$UnmodifiableMap
14:36:55.411 [main] TRACE org.springframework.context.event.EventListenerMethodProcessor - No @EventListener annotations found on bean class: org.springframework.mock.web.MockServletContext
14:36:55.412 [main] TRACE org.springframework.context.event.EventListenerMethodProcessor - No @EventListener annotations found on bean class: org.springframework.context.annotation.ConfigurationClassParser$ImportStack
14:36:55.412 [main] TRACE org.springframework.context.event.EventListenerMethodProcessor - No @EventListener annotations found on bean class: org.springframework.context.event.SimpleApplicationEventMulticaster
14:36:55.413 [main] DEBUG org.springframework.web.context.support.GenericWebApplicationContext - Unable to locate LifecycleProcessor with name 'lifecycleProcessor': using default [org.springframework.context.support.DefaultLifecycleProcessor@2574a9e3]
14:36:55.421 [main] DEBUG org.springframework.beans.factory.support.DefaultListableBeanFactory - Returning cached instance of singleton bean 'lifecycleProcessor'
14:36:55.422 [main] TRACE org.springframework.web.context.support.GenericWebApplicationContext - Publishing event in org.springframework.web.context.support.GenericWebApplicationContext@38145825: org.springframework.context.event.ContextRefreshedEvent[source=org.springframework.web.context.support.GenericWebApplicationContext@38145825: startup date [Tue Feb 11 14:36:52 MSK 2020]; root of context hierarchy]
14:36:55.423 [main] DEBUG org.springframework.beans.factory.support.DefaultListableBeanFactory - Returning cached instance of singleton bean 'mvcResourceUrlProvider'
14:36:55.423 [main] DEBUG org.springframework.web.servlet.resource.ResourceUrlProvider - Looking for resource handler mappings
14:36:55.423 [main] DEBUG org.springframework.beans.factory.support.DefaultListableBeanFactory - Returning cached instance of singleton bean 'resourceHandlerMapping'
14:36:55.423 [main] DEBUG org.springframework.web.servlet.resource.ResourceUrlProvider - Found resource handler mapping: URL pattern="/img/**", locations=[class path resource [static/img/]], resolvers=[org.springframework.web.servlet.resource.PathResourceResolver@4293e066]
14:36:55.423 [main] DEBUG org.springframework.web.servlet.resource.ResourceUrlProvider - Found resource handler mapping: URL pattern="/css/**", locations=[class path resource [static/css/]], resolvers=[org.springframework.web.servlet.resource.PathResourceResolver@d13960e]
14:36:55.423 [main] DEBUG org.springframework.web.servlet.resource.ResourceUrlProvider - Found resource handler mapping: URL pattern="/js/**", locations=[class path resource [static/js/]], resolvers=[org.springframework.web.servlet.resource.PathResourceResolver@27f3f512]
14:36:55.424 [main] TRACE org.springframework.core.env.PropertySourcesPropertyResolver - Searching for key 'spring.liveBeansView.mbeanDomain' in PropertySource 'servletConfigInitParams'
14:36:55.424 [main] TRACE org.springframework.core.env.PropertySourcesPropertyResolver - Searching for key 'spring.liveBeansView.mbeanDomain' in PropertySource 'servletContextInitParams'
14:36:55.424 [main] TRACE org.springframework.core.env.PropertySourcesPropertyResolver - Searching for key 'spring.liveBeansView.mbeanDomain' in PropertySource 'systemProperties'
14:36:55.424 [main] TRACE org.springframework.core.env.PropertySourcesPropertyResolver - Searching for key 'spring.liveBeansView.mbeanDomain' in PropertySource 'systemEnvironment'
14:36:55.424 [main] TRACE org.springframework.core.env.PropertySourcesPropertyResolver - Could not find key 'spring.liveBeansView.mbeanDomain' in any property source
14:36:55.425 [main] DEBUG org.springframework.test.context.cache.DefaultCacheAwareContextLoaderDelegate - Storing ApplicationContext [940857381] in cache under key [[WebMergedContextConfiguration@dc7df28 testClass = EshopDAOImplTest, locations = '{}', classes = '{class com.soft.config.AppConfig, class com.soft.config.DataAccessConfig}', contextInitializerClasses = '[]', activeProfiles = '{development}', propertySourceLocations = '{}', propertySourceProperties = '{}', contextCustomizers = set[[empty]], resourceBasePath = 'src/main/webapp', contextLoader = 'org.springframework.test.context.web.WebDelegatingSmartContextLoader', parent = [null]]]
14:36:55.425 [main] DEBUG org.springframework.test.context.cache - Spring test ApplicationContext cache statistics: [DefaultContextCache@262a1fad size = 1, maxSize = 32, parentContextCount = 0, hitCount = 0, missCount = 1]
14:36:55.429 [main] DEBUG org.springframework.test.context.web.ServletTestExecutionListener - Setting up MockHttpServletRequest, MockHttpServletResponse, ServletWebRequest, and RequestContextHolder for test context [DefaultTestContext@55de24cc testClass = EshopDAOImplTest, testInstance = com.soft.dao.EshopDAOImplTest@7a6d7e92, testMethod = [null], testException = [null], mergedContextConfiguration = [WebMergedContextConfiguration@dc7df28 testClass = EshopDAOImplTest, locations = '{}', classes = '{class com.soft.config.AppConfig, class com.soft.config.DataAccessConfig}', contextInitializerClasses = '[]', activeProfiles = '{development}', propertySourceLocations = '{}', propertySourceProperties = '{}', contextCustomizers = set[[empty]], resourceBasePath = 'src/main/webapp', contextLoader = 'org.springframework.test.context.web.WebDelegatingSmartContextLoader', parent = [null]], attributes = map[[empty]]].
14:36:55.451 [main] DEBUG org.springframework.test.context.support.DependencyInjectionTestExecutionListener - Performing dependency injection for test context [[DefaultTestContext@55de24cc testClass = EshopDAOImplTest, testInstance = com.soft.dao.EshopDAOImplTest@7a6d7e92, testMethod = [null], testException = [null], mergedContextConfiguration = [WebMergedContextConfiguration@dc7df28 testClass = EshopDAOImplTest, locations = '{}', classes = '{class com.soft.config.AppConfig, class com.soft.config.DataAccessConfig}', contextInitializerClasses = '[]', activeProfiles = '{development}', propertySourceLocations = '{}', propertySourceProperties = '{}', contextCustomizers = set[[empty]], resourceBasePath = 'src/main/webapp', contextLoader = 'org.springframework.test.context.web.WebDelegatingSmartContextLoader', parent = [null]], attributes = map['org.springframework.test.context.web.ServletTestExecutionListener.populatedRequestContextHolder' -> true, 'org.springframework.test.context.web.ServletTestExecutionListener.resetRequestContextHolder' -> true]]].
14:36:55.451 [main] DEBUG org.springframework.test.context.cache.DefaultCacheAwareContextLoaderDelegate - Retrieved ApplicationContext [940857381] from cache with key [[WebMergedContextConfiguration@dc7df28 testClass = EshopDAOImplTest, locations = '{}', classes = '{class com.soft.config.AppConfig, class com.soft.config.DataAccessConfig}', contextInitializerClasses = '[]', activeProfiles = '{development}', propertySourceLocations = '{}', propertySourceProperties = '{}', contextCustomizers = set[[empty]], resourceBasePath = 'src/main/webapp', contextLoader = 'org.springframework.test.context.web.WebDelegatingSmartContextLoader', parent = [null]]]
14:36:55.451 [main] DEBUG org.springframework.test.context.cache - Spring test ApplicationContext cache statistics: [DefaultContextCache@262a1fad size = 1, maxSize = 32, parentContextCount = 0, hitCount = 1, missCount = 1]
14:36:55.452 [main] TRACE org.springframework.beans.CachedIntrospectionResults - Getting BeanInfo for class [com.soft.dao.EshopDAOImplTest]
14:36:55.452 [main] TRACE org.springframework.beans.CachedIntrospectionResults - Caching PropertyDescriptors for class [com.soft.dao.EshopDAOImplTest]
14:36:55.452 [main] TRACE org.springframework.beans.CachedIntrospectionResults - Found bean property 'class' of type [java.lang.Class]
14:36:55.452 [main] DEBUG org.springframework.beans.factory.annotation.InjectionMetadata - Processing injected element of bean 'com.soft.dao.EshopDAOImplTest': AutowiredFieldElement for com.soft.dao.EshopDAOImpl com.soft.dao.EshopDAOImplTest.eshopDAOImpl
14:36:55.453 [main] DEBUG org.springframework.beans.factory.support.DefaultListableBeanFactory - Returning cached instance of singleton bean 'getDevLocaleDAO'
14:36:55.453 [main] DEBUG org.springframework.beans.factory.annotation.AutowiredAnnotationBeanPostProcessor - Autowiring by type from bean name 'com.soft.dao.EshopDAOImplTest' to bean named 'getDevLocaleDAO'
14:36:55.453 [main] DEBUG org.springframework.beans.factory.support.DefaultListableBeanFactory - Returning cached instance of singleton bean 'org.springframework.transaction.config.internalTransactionAdvisor'
14:36:55.454 [main] DEBUG org.springframework.test.context.cache.DefaultCacheAwareContextLoaderDelegate - Retrieved ApplicationContext [940857381] from cache with key [[WebMergedContextConfiguration@dc7df28 testClass = EshopDAOImplTest, locations = '{}', classes = '{class com.soft.config.AppConfig, class com.soft.config.DataAccessConfig}', contextInitializerClasses = '[]', activeProfiles = '{development}', propertySourceLocations = '{}', propertySourceProperties = '{}', contextCustomizers = set[[empty]], resourceBasePath = 'src/main/webapp', contextLoader = 'org.springframework.test.context.web.WebDelegatingSmartContextLoader', parent = [null]]]
14:36:55.454 [main] DEBUG org.springframework.test.context.cache - Spring test ApplicationContext cache statistics: [DefaultContextCache@262a1fad size = 1, maxSize = 32, parentContextCount = 0, hitCount = 2, missCount = 1]
14:36:55.454 [main] TRACE org.springframework.web.context.support.GenericWebApplicationContext - Publishing event in org.springframework.web.context.support.GenericWebApplicationContext@38145825: org.springframework.test.context.event.PrepareTestInstanceEvent[source=[DefaultTestContext@55de24cc testClass = EshopDAOImplTest, testInstance = com.soft.dao.EshopDAOImplTest@7a6d7e92, testMethod = [null], testException = [null], mergedContextConfiguration = [WebMergedContextConfiguration@dc7df28 testClass = EshopDAOImplTest, locations = '{}', classes = '{class com.soft.config.AppConfig, class com.soft.config.DataAccessConfig}', contextInitializerClasses = '[]', activeProfiles = '{development}', propertySourceLocations = '{}', propertySourceProperties = '{}', contextCustomizers = set[[empty]], resourceBasePath = 'src/main/webapp', contextLoader = 'org.springframework.test.context.web.WebDelegatingSmartContextLoader', parent = [null]], attributes = map['org.springframework.test.context.web.ServletTestExecutionListener.populatedRequestContextHolder' -> true, 'org.springframework.test.context.web.ServletTestExecutionListener.resetRequestContextHolder' -> true]]]
14:36:55.456 [main] TRACE org.springframework.test.context.TestContextManager - beforeTestMethod(): instance [com.soft.dao.EshopDAOImplTest@7a6d7e92], method [public void com.soft.dao.EshopDAOImplTest.daoTest()]
14:36:55.456 [main] DEBUG org.springframework.test.context.support.AbstractDirtiesContextTestExecutionListener - Before test method: context [DefaultTestContext@55de24cc testClass = EshopDAOImplTest, testInstance = com.soft.dao.EshopDAOImplTest@7a6d7e92, testMethod = daoTest@EshopDAOImplTest, testException = [null], mergedContextConfiguration = [WebMergedContextConfiguration@dc7df28 testClass = EshopDAOImplTest, locations = '{}', classes = '{class com.soft.config.AppConfig, class com.soft.config.DataAccessConfig}', contextInitializerClasses = '[]', activeProfiles = '{development}', propertySourceLocations = '{}', propertySourceProperties = '{}', contextCustomizers = set[[empty]], resourceBasePath = 'src/main/webapp', contextLoader = 'org.springframework.test.context.web.WebDelegatingSmartContextLoader', parent = [null]], attributes = map['org.springframework.test.context.web.ServletTestExecutionListener.populatedRequestContextHolder' -> true, 'org.springframework.test.context.web.ServletTestExecutionListener.resetRequestContextHolder' -> true]], class annotated with @DirtiesContext [false] with mode [null], method annotated with @DirtiesContext [false] with mode [null].
14:36:55.471 [main] DEBUG org.springframework.test.context.cache.DefaultCacheAwareContextLoaderDelegate - Retrieved ApplicationContext [940857381] from cache with key [[WebMergedContextConfiguration@dc7df28 testClass = EshopDAOImplTest, locations = '{}', classes = '{class com.soft.config.AppConfig, class com.soft.config.DataAccessConfig}', contextInitializerClasses = '[]', activeProfiles = '{development}', propertySourceLocations = '{}', propertySourceProperties = '{}', contextCustomizers = set[[empty]], resourceBasePath = 'src/main/webapp', contextLoader = 'org.springframework.test.context.web.WebDelegatingSmartContextLoader', parent = [null]]]
14:36:55.471 [main] DEBUG org.springframework.test.context.cache - Spring test ApplicationContext cache statistics: [DefaultContextCache@262a1fad size = 1, maxSize = 32, parentContextCount = 0, hitCount = 3, missCount = 1]
14:36:55.471 [main] TRACE org.springframework.web.context.support.GenericWebApplicationContext - Publishing event in org.springframework.web.context.support.GenericWebApplicationContext@38145825: org.springframework.test.context.event.BeforeTestMethodEvent[source=[DefaultTestContext@55de24cc testClass = EshopDAOImplTest, testInstance = com.soft.dao.EshopDAOImplTest@7a6d7e92, testMethod = daoTest@EshopDAOImplTest, testException = [null], mergedContextConfiguration = [WebMergedContextConfiguration@dc7df28 testClass = EshopDAOImplTest, locations = '{}', classes = '{class com.soft.config.AppConfig, class com.soft.config.DataAccessConfig}', contextInitializerClasses = '[]', activeProfiles = '{development}', propertySourceLocations = '{}', propertySourceProperties = '{}', contextCustomizers = set[[empty]], resourceBasePath = 'src/main/webapp', contextLoader = 'org.springframework.test.context.web.WebDelegatingSmartContextLoader', parent = [null]], attributes = map['org.springframework.test.context.web.ServletTestExecutionListener.populatedRequestContextHolder' -> true, 'org.springframework.test.context.web.ServletTestExecutionListener.resetRequestContextHolder' -> true]]]
14:36:55.471 [main] TRACE org.springframework.test.context.TestContextManager - beforeTestExecution(): instance [com.soft.dao.EshopDAOImplTest@7a6d7e92], method [public void com.soft.dao.EshopDAOImplTest.daoTest()]
14:36:55.472 [main] DEBUG org.springframework.test.context.cache.DefaultCacheAwareContextLoaderDelegate - Retrieved ApplicationContext [940857381] from cache with key [[WebMergedContextConfiguration@dc7df28 testClass = EshopDAOImplTest, locations = '{}', classes = '{class com.soft.config.AppConfig, class com.soft.config.DataAccessConfig}', contextInitializerClasses = '[]', activeProfiles = '{development}', propertySourceLocations = '{}', propertySourceProperties = '{}', contextCustomizers = set[[empty]], resourceBasePath = 'src/main/webapp', contextLoader = 'org.springframework.test.context.web.WebDelegatingSmartContextLoader', parent = [null]]]
14:36:55.473 [main] DEBUG org.springframework.test.context.cache - Spring test ApplicationContext cache statistics: [DefaultContextCache@262a1fad size = 1, maxSize = 32, parentContextCount = 0, hitCount = 4, missCount = 1]
14:36:55.474 [main] TRACE org.springframework.web.context.support.GenericWebApplicationContext - Publishing event in org.springframework.web.context.support.GenericWebApplicationContext@38145825: org.springframework.test.context.event.BeforeTestExecutionEvent[source=[DefaultTestContext@55de24cc testClass = EshopDAOImplTest, testInstance = com.soft.dao.EshopDAOImplTest@7a6d7e92, testMethod = daoTest@EshopDAOImplTest, testException = [null], mergedContextConfiguration = [WebMergedContextConfiguration@dc7df28 testClass = EshopDAOImplTest, locations = '{}', classes = '{class com.soft.config.AppConfig, class com.soft.config.DataAccessConfig}', contextInitializerClasses = '[]', activeProfiles = '{development}', propertySourceLocations = '{}', propertySourceProperties = '{}', contextCustomizers = set[[empty]], resourceBasePath = 'src/main/webapp', contextLoader = 'org.springframework.test.context.web.WebDelegatingSmartContextLoader', parent = [null]], attributes = map['org.springframework.test.context.web.ServletTestExecutionListener.populatedRequestContextHolder' -> true, 'org.springframework.test.context.web.ServletTestExecutionListener.resetRequestContextHolder' -> true]]]
14:36:55.475 [main] TRACE org.hibernate.internal.SessionFactoryImpl$SessionBuilderImpl - Opening Hibernate Session.  tenant=null, owner=null
14:36:55.516 [main] TRACE org.hibernate.service.internal.AbstractServiceRegistryImpl - Initializing service [role=org.hibernate.stat.spi.StatisticsImplementor]
14:36:55.518 [main] DEBUG org.hibernate.stat.internal.StatisticsInitiator - Statistics initialized [enabled=false]
14:36:55.522 [main] TRACE org.hibernate.internal.SessionImpl - Opened Session [d7065f82-bf56-47fa-93a9-b26ad4e90a7e] at timestamp: 6477500479471616
14:36:55.523 [main] DEBUG org.hibernate.engine.transaction.internal.TransactionImpl - begin
14:36:55.523 [main] TRACE org.hibernate.resource.jdbc.internal.AbstractLogicalConnectionImplementor - Preparing to begin transaction via JDBC Connection.setAutoCommit(false)
14:36:55.523 [main] TRACE org.hibernate.resource.jdbc.internal.AbstractLogicalConnectionImplementor - Transaction begun via JDBC Connection.setAutoCommit(false)
14:36:55.523 [main] TRACE org.hibernate.resource.transaction.backend.jdbc.internal.JdbcResourceLocalTransactionCoordinatorImpl - ResourceLocalTransactionCoordinatorImpl#afterBeginCallback
14:36:55.530 [main] TRACE org.hibernate.engine.query.spi.QueryPlanCache - Unable to locate HQL query plan in cache; generating (FROM PersonEntity)
14:36:55.532 [main] TRACE org.hibernate.service.internal.AbstractServiceRegistryImpl - Initializing service [role=org.hibernate.hql.spi.QueryTranslatorFactory]
14:36:55.532 [main] DEBUG org.hibernate.hql.internal.QueryTranslatorFactoryInitiator - QueryTranslatorFactory : org.hibernate.hql.internal.ast.ASTQueryTranslatorFactory@108e9837
14:36:55.532 [main] INFO  org.hibernate.hql.internal.QueryTranslatorFactoryInitiator - HHH000397: Using ASTQueryTranslatorFactory
14:36:55.554 [main] DEBUG org.hibernate.hql.internal.ast.QueryTranslatorImpl - parse() - HQL: FROM com.soft.entity.PersonEntity
14:36:55.557 [main] DEBUG org.hibernate.hql.internal.ast.ErrorCounter - throwQueryException() : no errors
14:36:55.558 [main] DEBUG org.hibernate.hql.internal.ast.QueryTranslatorImpl - --- HQL AST ---
 \-[QUERY] Node: 'query'
    \-[SELECT_FROM] Node: 'SELECT_FROM'
       \-[FROM] Node: 'FROM'
          \-[RANGE] Node: 'RANGE'
             \-[DOT] Node: '.'
                +-[DOT] Node: '.'
                |  +-[DOT] Node: '.'
                |  |  +-[IDENT] Node: 'com'
                |  |  \-[IDENT] Node: 'soft'
                |  \-[IDENT] Node: 'entity'
                \-[IDENT] Node: 'PersonEntity'

14:36:55.574 [main] DEBUG org.hibernate.hql.internal.antlr.HqlSqlBaseWalker - select << begin [level=1, statement=select]
14:36:55.582 [main] DEBUG org.hibernate.hql.internal.ast.tree.FromElement - FromClause{level=1} : com.soft.entity.PersonEntity (<no alias>) -> personenti0_
14:36:55.583 [main] DEBUG org.hibernate.hql.internal.antlr.HqlSqlBaseWalker - select : finishing up [level=1, statement=select]
14:36:55.583 [main] DEBUG org.hibernate.hql.internal.ast.HqlSqlWalker - processQuery() :  ( SELECT ( FromClause{level=1} PERSON personenti0_ ) )
14:36:55.586 [main] DEBUG org.hibernate.hql.internal.ast.HqlSqlWalker - Derived SELECT clause created.
14:36:55.591 [main] DEBUG org.hibernate.hql.internal.ast.util.JoinProcessor - Using FROM fragment [PERSON personenti0_]
14:36:55.591 [main] DEBUG org.hibernate.hql.internal.antlr.HqlSqlBaseWalker - select >> end [level=1, statement=select]
14:36:55.592 [main] DEBUG org.hibernate.hql.internal.ast.QueryTranslatorImpl - --- SQL AST ---
 \-[SELECT] QueryNode: 'SELECT'  querySpaces (PERSON)
    +-[SELECT_CLAUSE] SelectClause: '{derived select clause}'
    |  +-[SELECT_EXPR] SelectExpressionImpl: 'personenti0_.ID as ID1_2_' {FromElement{explicit,not a collection join,not a fetch join,fetch non-lazy properties,classAlias=null,role=null,tableName=PERSON,tableAlias=personenti0_,origin=null,columns={,className=com.soft.entity.PersonEntity}}}
    |  \-[SQL_TOKEN] SqlFragment: 'personenti0_.NAME as NAME2_2_'
    \-[FROM] FromClause: 'FROM' FromClause{level=1, fromElementCounter=1, fromElements=1, fromElementByClassAlias=[], fromElementByTableAlias=[personenti0_], fromElementsByPath=[], collectionJoinFromElementsByPath=[], impliedElements=[]}
       \-[FROM_FRAGMENT] FromElement: 'PERSON personenti0_' FromElement{explicit,not a collection join,not a fetch join,fetch non-lazy properties,classAlias=null,role=null,tableName=PERSON,tableAlias=personenti0_,origin=null,columns={,className=com.soft.entity.PersonEntity}}

14:36:55.592 [main] DEBUG org.hibernate.hql.internal.ast.ErrorCounter - throwQueryException() : no errors
14:36:55.599 [main] DEBUG org.hibernate.hql.internal.ast.QueryTranslatorImpl - HQL: FROM com.soft.entity.PersonEntity
14:36:55.599 [main] DEBUG org.hibernate.hql.internal.ast.QueryTranslatorImpl - SQL: select personenti0_.ID as ID1_2_, personenti0_.NAME as NAME2_2_ from PERSON personenti0_
14:36:55.599 [main] DEBUG org.hibernate.hql.internal.ast.ErrorCounter - throwQueryException() : no errors
14:36:55.601 [main] TRACE org.hibernate.engine.query.spi.HQLQueryPlan - HQL param location recognition took 603 059 nanoseconds (FROM PersonEntity)
14:36:55.607 [main] TRACE org.hibernate.engine.query.spi.QueryPlanCache - Located HQL query plan in cache (FROM PersonEntity)
14:36:55.607 [main] TRACE org.hibernate.engine.query.spi.HQLQueryPlan - Find: FROM PersonEntity
14:36:55.609 [main] TRACE org.hibernate.engine.spi.QueryParameters - Named parameters: {}
14:36:55.611 [main] DEBUG org.hibernate.SQL - select personenti0_.ID as ID1_2_, personenti0_.NAME as NAME2_2_ from PERSON personenti0_
14:36:55.614 [main] DEBUG org.hibernate.engine.jdbc.spi.SqlExceptionHelper - could not prepare statement [select personenti0_.ID as ID1_2_, personenti0_.NAME as NAME2_2_ from PERSON personenti0_]
java.sql.SQLSyntaxErrorException: user lacks privilege or object not found: PERSON in statement [select personenti0_.ID as ID1_2_, personenti0_.NAME as NAME2_2_ from PERSON personenti0_]
	at org.hsqldb.jdbc.JDBCUtil.sqlException(Unknown Source) ~[hsqldb-2.5.0.jar:2.5.0]
	at org.hsqldb.jdbc.JDBCUtil.sqlException(Unknown Source) ~[hsqldb-2.5.0.jar:2.5.0]
	at org.hsqldb.jdbc.JDBCPreparedStatement.<init>(Unknown Source) ~[hsqldb-2.5.0.jar:2.5.0]
	at org.hsqldb.jdbc.JDBCConnection.prepareStatement(Unknown Source) ~[hsqldb-2.5.0.jar:2.5.0]
	at org.apache.commons.dbcp2.DelegatingConnection.prepareStatement(DelegatingConnection.java:303) ~[commons-dbcp2-2.7.0.jar:2.7.0]
	at org.apache.commons.dbcp2.DelegatingConnection.prepareStatement(DelegatingConnection.java:303) ~[commons-dbcp2-2.7.0.jar:2.7.0]
	at org.hibernate.engine.jdbc.internal.StatementPreparerImpl$5.doPrepare(StatementPreparerImpl.java:146) ~[hibernate-core-5.2.13.Final.jar:5.2.13.Final]
	at org.hibernate.engine.jdbc.internal.StatementPreparerImpl$StatementPreparationTemplate.prepareStatement(StatementPreparerImpl.java:172) ~[hibernate-core-5.2.13.Final.jar:5.2.13.Final]
	at org.hibernate.engine.jdbc.internal.StatementPreparerImpl.prepareQueryStatement(StatementPreparerImpl.java:148) ~[hibernate-core-5.2.13.Final.jar:5.2.13.Final]
	at org.hibernate.loader.Loader.prepareQueryStatement(Loader.java:1985) ~[hibernate-core-5.2.13.Final.jar:5.2.13.Final]
	at org.hibernate.loader.Loader.executeQueryStatement(Loader.java:1915) ~[hibernate-core-5.2.13.Final.jar:5.2.13.Final]
	at org.hibernate.loader.Loader.executeQueryStatement(Loader.java:1893) ~[hibernate-core-5.2.13.Final.jar:5.2.13.Final]
	at org.hibernate.loader.Loader.doQuery(Loader.java:938) ~[hibernate-core-5.2.13.Final.jar:5.2.13.Final]
	at org.hibernate.loader.Loader.doQueryAndInitializeNonLazyCollections(Loader.java:341) ~[hibernate-core-5.2.13.Final.jar:5.2.13.Final]
	at org.hibernate.loader.Loader.doList(Loader.java:2692) ~[hibernate-core-5.2.13.Final.jar:5.2.13.Final]
	at org.hibernate.loader.Loader.doList(Loader.java:2675) ~[hibernate-core-5.2.13.Final.jar:5.2.13.Final]
	at org.hibernate.loader.Loader.listIgnoreQueryCache(Loader.java:2507) ~[hibernate-core-5.2.13.Final.jar:5.2.13.Final]
	at org.hibernate.loader.Loader.list(Loader.java:2502) ~[hibernate-core-5.2.13.Final.jar:5.2.13.Final]
	at org.hibernate.loader.hql.QueryLoader.list(QueryLoader.java:502) ~[hibernate-core-5.2.13.Final.jar:5.2.13.Final]
	at org.hibernate.hql.internal.ast.QueryTranslatorImpl.list(QueryTranslatorImpl.java:392) ~[hibernate-core-5.2.13.Final.jar:5.2.13.Final]
	at org.hibernate.engine.query.spi.HQLQueryPlan.performList(HQLQueryPlan.java:216) ~[hibernate-core-5.2.13.Final.jar:5.2.13.Final]
	at org.hibernate.internal.SessionImpl.list(SessionImpl.java:1490) ~[hibernate-core-5.2.13.Final.jar:5.2.13.Final]
	at org.hibernate.query.internal.AbstractProducedQuery.doList(AbstractProducedQuery.java:1445) ~[hibernate-core-5.2.13.Final.jar:5.2.13.Final]
	at org.hibernate.query.internal.AbstractProducedQuery.list(AbstractProducedQuery.java:1414) ~[hibernate-core-5.2.13.Final.jar:5.2.13.Final]
	at com.soft.dao.EshopDAOImpl.testHSQLDB(EshopDAOImpl.java:289) ~[classes/:?]
	at com.soft.dao.EshopDAOImplTest.daoTest(EshopDAOImplTest.java:48) ~[test-classes/:?]
	at sun.reflect.NativeMethodAccessorImpl.invoke0(Native Method) ~[?:1.8.0_211]
	at sun.reflect.NativeMethodAccessorImpl.invoke(NativeMethodAccessorImpl.java:62) ~[?:1.8.0_211]
	at sun.reflect.DelegatingMethodAccessorImpl.invoke(DelegatingMethodAccessorImpl.java:43) ~[?:1.8.0_211]
	at java.lang.reflect.Method.invoke(Method.java:498) ~[?:1.8.0_211]
	at org.junit.platform.commons.util.ReflectionUtils.invokeMethod(ReflectionUtils.java:686) ~[junit-platform-commons-1.6.0.jar:1.6.0]
	at org.junit.jupiter.engine.execution.MethodInvocation.proceed(MethodInvocation.java:60) ~[junit-jupiter-engine-5.6.0.jar:5.6.0]
	at org.junit.jupiter.engine.execution.InvocationInterceptorChain$ValidatingInvocation.proceed(InvocationInterceptorChain.java:131) ~[junit-jupiter-engine-5.6.0.jar:5.6.0]
	at org.junit.jupiter.engine.extension.TimeoutExtension.intercept(TimeoutExtension.java:149) ~[junit-jupiter-engine-5.6.0.jar:5.6.0]
	at org.junit.jupiter.engine.extension.TimeoutExtension.interceptTestableMethod(TimeoutExtension.java:140) ~[junit-jupiter-engine-5.6.0.jar:5.6.0]
	at org.junit.jupiter.engine.extension.TimeoutExtension.interceptTestMethod(TimeoutExtension.java:84) ~[junit-jupiter-engine-5.6.0.jar:5.6.0]
	at org.junit.jupiter.engine.execution.ExecutableInvoker$ReflectiveInterceptorCall.lambda$ofVoidMethod$0(ExecutableInvoker.java:115) ~[junit-jupiter-engine-5.6.0.jar:5.6.0]
	at org.junit.jupiter.engine.execution.ExecutableInvoker.lambda$invoke$0(ExecutableInvoker.java:105) ~[junit-jupiter-engine-5.6.0.jar:5.6.0]
	at org.junit.jupiter.engine.execution.InvocationInterceptorChain$InterceptedInvocation.proceed(InvocationInterceptorChain.java:106) ~[junit-jupiter-engine-5.6.0.jar:5.6.0]
	at org.junit.jupiter.engine.execution.InvocationInterceptorChain.proceed(InvocationInterceptorChain.java:64) ~[junit-jupiter-engine-5.6.0.jar:5.6.0]
	at org.junit.jupiter.engine.execution.InvocationInterceptorChain.chainAndInvoke(InvocationInterceptorChain.java:45) ~[junit-jupiter-engine-5.6.0.jar:5.6.0]
	at org.junit.jupiter.engine.execution.InvocationInterceptorChain.invoke(InvocationInterceptorChain.java:37) ~[junit-jupiter-engine-5.6.0.jar:5.6.0]
	at org.junit.jupiter.engine.execution.ExecutableInvoker.invoke(ExecutableInvoker.java:104) ~[junit-jupiter-engine-5.6.0.jar:5.6.0]
	at org.junit.jupiter.engine.execution.ExecutableInvoker.invoke(ExecutableInvoker.java:98) ~[junit-jupiter-engine-5.6.0.jar:5.6.0]
	at org.junit.jupiter.engine.descriptor.TestMethodTestDescriptor.lambda$invokeTestMethod$6(TestMethodTestDescriptor.java:205) ~[junit-jupiter-engine-5.6.0.jar:5.6.0]
	at org.junit.platform.engine.support.hierarchical.ThrowableCollector.execute(ThrowableCollector.java:73) ~[junit-platform-engine-1.6.0.jar:1.6.0]
	at org.junit.jupiter.engine.descriptor.TestMethodTestDescriptor.invokeTestMethod(TestMethodTestDescriptor.java:201) ~[junit-jupiter-engine-5.6.0.jar:5.6.0]
	at org.junit.jupiter.engine.descriptor.TestMethodTestDescriptor.execute(TestMethodTestDescriptor.java:137) ~[junit-jupiter-engine-5.6.0.jar:5.6.0]
	at org.junit.jupiter.engine.descriptor.TestMethodTestDescriptor.execute(TestMethodTestDescriptor.java:71) ~[junit-jupiter-engine-5.6.0.jar:5.6.0]
	at org.junit.platform.engine.support.hierarchical.NodeTestTask.lambda$executeRecursively$5(NodeTestTask.java:135) ~[junit-platform-engine-1.6.0.jar:1.6.0]
	at org.junit.platform.engine.support.hierarchical.ThrowableCollector.execute(ThrowableCollector.java:73) ~[junit-platform-engine-1.6.0.jar:1.6.0]
	at org.junit.platform.engine.support.hierarchical.NodeTestTask.lambda$executeRecursively$7(NodeTestTask.java:125) ~[junit-platform-engine-1.6.0.jar:1.6.0]
	at org.junit.platform.engine.support.hierarchical.Node.around(Node.java:135) ~[junit-platform-engine-1.6.0.jar:1.6.0]
	at org.junit.platform.engine.support.hierarchical.NodeTestTask.lambda$executeRecursively$8(NodeTestTask.java:123) ~[junit-platform-engine-1.6.0.jar:1.6.0]
	at org.junit.platform.engine.support.hierarchical.ThrowableCollector.execute(ThrowableCollector.java:73) ~[junit-platform-engine-1.6.0.jar:1.6.0]
	at org.junit.platform.engine.support.hierarchical.NodeTestTask.executeRecursively(NodeTestTask.java:122) ~[junit-platform-engine-1.6.0.jar:1.6.0]
	at org.junit.platform.engine.support.hierarchical.NodeTestTask.execute(NodeTestTask.java:80) ~[junit-platform-engine-1.6.0.jar:1.6.0]
	at java.util.ArrayList.forEach(ArrayList.java:1257) ~[?:1.8.0_211]
	at org.junit.platform.engine.support.hierarchical.SameThreadHierarchicalTestExecutorService.invokeAll(SameThreadHierarchicalTestExecutorService.java:38) ~[junit-platform-engine-1.6.0.jar:1.6.0]
	at org.junit.platform.engine.support.hierarchical.NodeTestTask.lambda$executeRecursively$5(NodeTestTask.java:139) ~[junit-platform-engine-1.6.0.jar:1.6.0]
	at org.junit.platform.engine.support.hierarchical.ThrowableCollector.execute(ThrowableCollector.java:73) ~[junit-platform-engine-1.6.0.jar:1.6.0]
	at org.junit.platform.engine.support.hierarchical.NodeTestTask.lambda$executeRecursively$7(NodeTestTask.java:125) ~[junit-platform-engine-1.6.0.jar:1.6.0]
	at org.junit.platform.engine.support.hierarchical.Node.around(Node.java:135) ~[junit-platform-engine-1.6.0.jar:1.6.0]
	at org.junit.platform.engine.support.hierarchical.NodeTestTask.lambda$executeRecursively$8(NodeTestTask.java:123) ~[junit-platform-engine-1.6.0.jar:1.6.0]
	at org.junit.platform.engine.support.hierarchical.ThrowableCollector.execute(ThrowableCollector.java:73) ~[junit-platform-engine-1.6.0.jar:1.6.0]
	at org.junit.platform.engine.support.hierarchical.NodeTestTask.executeRecursively(NodeTestTask.java:122) ~[junit-platform-engine-1.6.0.jar:1.6.0]
	at org.junit.platform.engine.support.hierarchical.NodeTestTask.execute(NodeTestTask.java:80) ~[junit-platform-engine-1.6.0.jar:1.6.0]
	at java.util.ArrayList.forEach(ArrayList.java:1257) ~[?:1.8.0_211]
	at org.junit.platform.engine.support.hierarchical.SameThreadHierarchicalTestExecutorService.invokeAll(SameThreadHierarchicalTestExecutorService.java:38) ~[junit-platform-engine-1.6.0.jar:1.6.0]
	at org.junit.platform.engine.support.hierarchical.NodeTestTask.lambda$executeRecursively$5(NodeTestTask.java:139) ~[junit-platform-engine-1.6.0.jar:1.6.0]
	at org.junit.platform.engine.support.hierarchical.ThrowableCollector.execute(ThrowableCollector.java:73) ~[junit-platform-engine-1.6.0.jar:1.6.0]
	at org.junit.platform.engine.support.hierarchical.NodeTestTask.lambda$executeRecursively$7(NodeTestTask.java:125) ~[junit-platform-engine-1.6.0.jar:1.6.0]
	at org.junit.platform.engine.support.hierarchical.Node.around(Node.java:135) ~[junit-platform-engine-1.6.0.jar:1.6.0]
	at org.junit.platform.engine.support.hierarchical.NodeTestTask.lambda$executeRecursively$8(NodeTestTask.java:123) ~[junit-platform-engine-1.6.0.jar:1.6.0]
	at org.junit.platform.engine.support.hierarchical.ThrowableCollector.execute(ThrowableCollector.java:73) [junit-platform-engine-1.6.0.jar:1.6.0]
	at org.junit.platform.engine.support.hierarchical.NodeTestTask.executeRecursively(NodeTestTask.java:122) [junit-platform-engine-1.6.0.jar:1.6.0]
	at org.junit.platform.engine.support.hierarchical.NodeTestTask.execute(NodeTestTask.java:80) [junit-platform-engine-1.6.0.jar:1.6.0]
	at org.junit.platform.engine.support.hierarchical.SameThreadHierarchicalTestExecutorService.submit(SameThreadHierarchicalTestExecutorService.java:32) [junit-platform-engine-1.6.0.jar:1.6.0]
	at org.junit.platform.engine.support.hierarchical.HierarchicalTestExecutor.execute(HierarchicalTestExecutor.java:57) [junit-platform-engine-1.6.0.jar:1.6.0]
	at org.junit.platform.engine.support.hierarchical.HierarchicalTestEngine.execute(HierarchicalTestEngine.java:51) [junit-platform-engine-1.6.0.jar:1.6.0]
	at org.junit.platform.launcher.core.DefaultLauncher.execute(DefaultLauncher.java:170) [junit-platform-launcher-1.1.0.jar:1.1.0]
	at org.junit.platform.launcher.core.DefaultLauncher.execute(DefaultLauncher.java:154) [junit-platform-launcher-1.1.0.jar:1.1.0]
	at org.junit.platform.launcher.core.DefaultLauncher.execute(DefaultLauncher.java:90) [junit-platform-launcher-1.1.0.jar:1.1.0]
	at org.junit.platform.surefire.provider.JUnitPlatformProvider.invokeAllTests(JUnitPlatformProvider.java:132) [junit-platform-surefire-provider-1.1.0.jar:1.1.0]
	at org.junit.platform.surefire.provider.JUnitPlatformProvider.invoke(JUnitPlatformProvider.java:111) [junit-platform-surefire-provider-1.1.0.jar:1.1.0]
	at org.apache.maven.surefire.booter.ForkedBooter.invokeProviderInSameClassLoader(ForkedBooter.java:290) [surefire-booter-2.19.1.jar:2.19.1]
	at org.apache.maven.surefire.booter.ForkedBooter.runSuitesInProcess(ForkedBooter.java:242) [surefire-booter-2.19.1.jar:2.19.1]
	at org.apache.maven.surefire.booter.ForkedBooter.main(ForkedBooter.java:121) [surefire-booter-2.19.1.jar:2.19.1]
Caused by: org.hsqldb.HsqlException: user lacks privilege or object not found: PERSON
	at org.hsqldb.error.Error.error(Unknown Source) ~[hsqldb-2.5.0.jar:2.5.0]
	at org.hsqldb.error.Error.error(Unknown Source) ~[hsqldb-2.5.0.jar:2.5.0]
	at org.hsqldb.ParserDQL.readTableName(Unknown Source) ~[hsqldb-2.5.0.jar:2.5.0]
	at org.hsqldb.ParserDQL.readTableOrSubquery(Unknown Source) ~[hsqldb-2.5.0.jar:2.5.0]
	at org.hsqldb.ParserDQL.XreadTableReference(Unknown Source) ~[hsqldb-2.5.0.jar:2.5.0]
	at org.hsqldb.ParserDQL.XreadFromClause(Unknown Source) ~[hsqldb-2.5.0.jar:2.5.0]
	at org.hsqldb.ParserDQL.XreadTableExpression(Unknown Source) ~[hsqldb-2.5.0.jar:2.5.0]
	at org.hsqldb.ParserDQL.XreadQuerySpecification(Unknown Source) ~[hsqldb-2.5.0.jar:2.5.0]
	at org.hsqldb.ParserDQL.XreadSimpleTable(Unknown Source) ~[hsqldb-2.5.0.jar:2.5.0]
	at org.hsqldb.ParserDQL.XreadQueryPrimary(Unknown Source) ~[hsqldb-2.5.0.jar:2.5.0]
	at org.hsqldb.ParserDQL.XreadQueryTerm(Unknown Source) ~[hsqldb-2.5.0.jar:2.5.0]
	at org.hsqldb.ParserDQL.XreadQueryExpressionBody(Unknown Source) ~[hsqldb-2.5.0.jar:2.5.0]
	at org.hsqldb.ParserDQL.XreadQueryExpression(Unknown Source) ~[hsqldb-2.5.0.jar:2.5.0]
	at org.hsqldb.ParserDQL.compileCursorSpecification(Unknown Source) ~[hsqldb-2.5.0.jar:2.5.0]
	at org.hsqldb.ParserCommand.compilePart(Unknown Source) ~[hsqldb-2.5.0.jar:2.5.0]
	at org.hsqldb.ParserCommand.compileStatement(Unknown Source) ~[hsqldb-2.5.0.jar:2.5.0]
	at org.hsqldb.Session.compileStatement(Unknown Source) ~[hsqldb-2.5.0.jar:2.5.0]
	at org.hsqldb.StatementManager.compile(Unknown Source) ~[hsqldb-2.5.0.jar:2.5.0]
	at org.hsqldb.Session.execute(Unknown Source) ~[hsqldb-2.5.0.jar:2.5.0]
	... 86 more
14:36:55.615 [main] WARN  org.hibernate.engine.jdbc.spi.SqlExceptionHelper - SQL Error: -5501, SQLState: 42501
14:36:55.615 [main] ERROR org.hibernate.engine.jdbc.spi.SqlExceptionHelper - user lacks privilege or object not found: PERSON in statement [select personenti0_.ID as ID1_2_, personenti0_.NAME as NAME2_2_ from PERSON personenti0_]
14:36:55.616 [main] DEBUG org.hibernate.resource.transaction.backend.jdbc.internal.JdbcResourceLocalTransactionCoordinatorImpl - JDBC transaction marked for rollback-only (exception provided for stack trace)
java.lang.Exception: exception just for purpose of providing stack trace
	at org.hibernate.resource.transaction.backend.jdbc.internal.JdbcResourceLocalTransactionCoordinatorImpl$TransactionDriverControlImpl.markRollbackOnly(JdbcResourceLocalTransactionCoordinatorImpl.java:266) ~[hibernate-core-5.2.13.Final.jar:5.2.13.Final]
	at org.hibernate.engine.transaction.internal.TransactionImpl.setRollbackOnly(TransactionImpl.java:143) ~[hibernate-core-5.2.13.Final.jar:5.2.13.Final]
	at org.hibernate.Transaction.markRollbackOnly(Transaction.java:68) ~[hibernate-core-5.2.13.Final.jar:5.2.13.Final]
	at org.hibernate.internal.AbstractSharedSessionContract.markForRollbackOnly(AbstractSharedSessionContract.java:364) ~[hibernate-core-5.2.13.Final.jar:5.2.13.Final]
	at org.hibernate.internal.ExceptionConverterImpl.handlePersistenceException(ExceptionConverterImpl.java:273) ~[hibernate-core-5.2.13.Final.jar:5.2.13.Final]
	at org.hibernate.internal.ExceptionConverterImpl.convert(ExceptionConverterImpl.java:150) ~[hibernate-core-5.2.13.Final.jar:5.2.13.Final]
	at org.hibernate.internal.ExceptionConverterImpl.convert(ExceptionConverterImpl.java:157) ~[hibernate-core-5.2.13.Final.jar:5.2.13.Final]
	at org.hibernate.query.internal.AbstractProducedQuery.list(AbstractProducedQuery.java:1423) ~[hibernate-core-5.2.13.Final.jar:5.2.13.Final]
	at com.soft.dao.EshopDAOImpl.testHSQLDB(EshopDAOImpl.java:289) ~[classes/:?]
	at com.soft.dao.EshopDAOImplTest.daoTest(EshopDAOImplTest.java:48) ~[test-classes/:?]
	at sun.reflect.NativeMethodAccessorImpl.invoke0(Native Method) ~[?:1.8.0_211]
	at sun.reflect.NativeMethodAccessorImpl.invoke(NativeMethodAccessorImpl.java:62) ~[?:1.8.0_211]
	at sun.reflect.DelegatingMethodAccessorImpl.invoke(DelegatingMethodAccessorImpl.java:43) ~[?:1.8.0_211]
	at java.lang.reflect.Method.invoke(Method.java:498) ~[?:1.8.0_211]
	at org.junit.platform.commons.util.ReflectionUtils.invokeMethod(ReflectionUtils.java:686) ~[junit-platform-commons-1.6.0.jar:1.6.0]
	at org.junit.jupiter.engine.execution.MethodInvocation.proceed(MethodInvocation.java:60) ~[junit-jupiter-engine-5.6.0.jar:5.6.0]
	at org.junit.jupiter.engine.execution.InvocationInterceptorChain$ValidatingInvocation.proceed(InvocationInterceptorChain.java:131) ~[junit-jupiter-engine-5.6.0.jar:5.6.0]
	at org.junit.jupiter.engine.extension.TimeoutExtension.intercept(TimeoutExtension.java:149) ~[junit-jupiter-engine-5.6.0.jar:5.6.0]
	at org.junit.jupiter.engine.extension.TimeoutExtension.interceptTestableMethod(TimeoutExtension.java:140) ~[junit-jupiter-engine-5.6.0.jar:5.6.0]
	at org.junit.jupiter.engine.extension.TimeoutExtension.interceptTestMethod(TimeoutExtension.java:84) ~[junit-jupiter-engine-5.6.0.jar:5.6.0]
	at org.junit.jupiter.engine.execution.ExecutableInvoker$ReflectiveInterceptorCall.lambda$ofVoidMethod$0(ExecutableInvoker.java:115) ~[junit-jupiter-engine-5.6.0.jar:5.6.0]
	at org.junit.jupiter.engine.execution.ExecutableInvoker.lambda$invoke$0(ExecutableInvoker.java:105) ~[junit-jupiter-engine-5.6.0.jar:5.6.0]
	at org.junit.jupiter.engine.execution.InvocationInterceptorChain$InterceptedInvocation.proceed(InvocationInterceptorChain.java:106) ~[junit-jupiter-engine-5.6.0.jar:5.6.0]
	at org.junit.jupiter.engine.execution.InvocationInterceptorChain.proceed(InvocationInterceptorChain.java:64) ~[junit-jupiter-engine-5.6.0.jar:5.6.0]
	at org.junit.jupiter.engine.execution.InvocationInterceptorChain.chainAndInvoke(InvocationInterceptorChain.java:45) ~[junit-jupiter-engine-5.6.0.jar:5.6.0]
	at org.junit.jupiter.engine.execution.InvocationInterceptorChain.invoke(InvocationInterceptorChain.java:37) ~[junit-jupiter-engine-5.6.0.jar:5.6.0]
	at org.junit.jupiter.engine.execution.ExecutableInvoker.invoke(ExecutableInvoker.java:104) ~[junit-jupiter-engine-5.6.0.jar:5.6.0]
	at org.junit.jupiter.engine.execution.ExecutableInvoker.invoke(ExecutableInvoker.java:98) ~[junit-jupiter-engine-5.6.0.jar:5.6.0]
	at org.junit.jupiter.engine.descriptor.TestMethodTestDescriptor.lambda$invokeTestMethod$6(TestMethodTestDescriptor.java:205) ~[junit-jupiter-engine-5.6.0.jar:5.6.0]
	at org.junit.platform.engine.support.hierarchical.ThrowableCollector.execute(ThrowableCollector.java:73) ~[junit-platform-engine-1.6.0.jar:1.6.0]
	at org.junit.jupiter.engine.descriptor.TestMethodTestDescriptor.invokeTestMethod(TestMethodTestDescriptor.java:201) ~[junit-jupiter-engine-5.6.0.jar:5.6.0]
	at org.junit.jupiter.engine.descriptor.TestMethodTestDescriptor.execute(TestMethodTestDescriptor.java:137) ~[junit-jupiter-engine-5.6.0.jar:5.6.0]
	at org.junit.jupiter.engine.descriptor.TestMethodTestDescriptor.execute(TestMethodTestDescriptor.java:71) ~[junit-jupiter-engine-5.6.0.jar:5.6.0]
	at org.junit.platform.engine.support.hierarchical.NodeTestTask.lambda$executeRecursively$5(NodeTestTask.java:135) ~[junit-platform-engine-1.6.0.jar:1.6.0]
	at org.junit.platform.engine.support.hierarchical.ThrowableCollector.execute(ThrowableCollector.java:73) ~[junit-platform-engine-1.6.0.jar:1.6.0]
	at org.junit.platform.engine.support.hierarchical.NodeTestTask.lambda$executeRecursively$7(NodeTestTask.java:125) ~[junit-platform-engine-1.6.0.jar:1.6.0]
	at org.junit.platform.engine.support.hierarchical.Node.around(Node.java:135) ~[junit-platform-engine-1.6.0.jar:1.6.0]
	at org.junit.platform.engine.support.hierarchical.NodeTestTask.lambda$executeRecursively$8(NodeTestTask.java:123) ~[junit-platform-engine-1.6.0.jar:1.6.0]
	at org.junit.platform.engine.support.hierarchical.ThrowableCollector.execute(ThrowableCollector.java:73) ~[junit-platform-engine-1.6.0.jar:1.6.0]
	at org.junit.platform.engine.support.hierarchical.NodeTestTask.executeRecursively(NodeTestTask.java:122) ~[junit-platform-engine-1.6.0.jar:1.6.0]
	at org.junit.platform.engine.support.hierarchical.NodeTestTask.execute(NodeTestTask.java:80) ~[junit-platform-engine-1.6.0.jar:1.6.0]
	at java.util.ArrayList.forEach(ArrayList.java:1257) ~[?:1.8.0_211]
	at org.junit.platform.engine.support.hierarchical.SameThreadHierarchicalTestExecutorService.invokeAll(SameThreadHierarchicalTestExecutorService.java:38) ~[junit-platform-engine-1.6.0.jar:1.6.0]
	at org.junit.platform.engine.support.hierarchical.NodeTestTask.lambda$executeRecursively$5(NodeTestTask.java:139) ~[junit-platform-engine-1.6.0.jar:1.6.0]
	at org.junit.platform.engine.support.hierarchical.ThrowableCollector.execute(ThrowableCollector.java:73) ~[junit-platform-engine-1.6.0.jar:1.6.0]
	at org.junit.platform.engine.support.hierarchical.NodeTestTask.lambda$executeRecursively$7(NodeTestTask.java:125) ~[junit-platform-engine-1.6.0.jar:1.6.0]
	at org.junit.platform.engine.support.hierarchical.Node.around(Node.java:135) ~[junit-platform-engine-1.6.0.jar:1.6.0]
	at org.junit.platform.engine.support.hierarchical.NodeTestTask.lambda$executeRecursively$8(NodeTestTask.java:123) ~[junit-platform-engine-1.6.0.jar:1.6.0]
	at org.junit.platform.engine.support.hierarchical.ThrowableCollector.execute(ThrowableCollector.java:73) ~[junit-platform-engine-1.6.0.jar:1.6.0]
	at org.junit.platform.engine.support.hierarchical.NodeTestTask.executeRecursively(NodeTestTask.java:122) ~[junit-platform-engine-1.6.0.jar:1.6.0]
	at org.junit.platform.engine.support.hierarchical.NodeTestTask.execute(NodeTestTask.java:80) ~[junit-platform-engine-1.6.0.jar:1.6.0]
	at java.util.ArrayList.forEach(ArrayList.java:1257) ~[?:1.8.0_211]
	at org.junit.platform.engine.support.hierarchical.SameThreadHierarchicalTestExecutorService.invokeAll(SameThreadHierarchicalTestExecutorService.java:38) ~[junit-platform-engine-1.6.0.jar:1.6.0]
	at org.junit.platform.engine.support.hierarchical.NodeTestTask.lambda$executeRecursively$5(NodeTestTask.java:139) ~[junit-platform-engine-1.6.0.jar:1.6.0]
	at org.junit.platform.engine.support.hierarchical.ThrowableCollector.execute(ThrowableCollector.java:73) ~[junit-platform-engine-1.6.0.jar:1.6.0]
	at org.junit.platform.engine.support.hierarchical.NodeTestTask.lambda$executeRecursively$7(NodeTestTask.java:125) ~[junit-platform-engine-1.6.0.jar:1.6.0]
	at org.junit.platform.engine.support.hierarchical.Node.around(Node.java:135) ~[junit-platform-engine-1.6.0.jar:1.6.0]
	at org.junit.platform.engine.support.hierarchical.NodeTestTask.lambda$executeRecursively$8(NodeTestTask.java:123) ~[junit-platform-engine-1.6.0.jar:1.6.0]
	at org.junit.platform.engine.support.hierarchical.ThrowableCollector.execute(ThrowableCollector.java:73) [junit-platform-engine-1.6.0.jar:1.6.0]
	at org.junit.platform.engine.support.hierarchical.NodeTestTask.executeRecursively(NodeTestTask.java:122) [junit-platform-engine-1.6.0.jar:1.6.0]
	at org.junit.platform.engine.support.hierarchical.NodeTestTask.execute(NodeTestTask.java:80) [junit-platform-engine-1.6.0.jar:1.6.0]
	at org.junit.platform.engine.support.hierarchical.SameThreadHierarchicalTestExecutorService.submit(SameThreadHierarchicalTestExecutorService.java:32) [junit-platform-engine-1.6.0.jar:1.6.0]
	at org.junit.platform.engine.support.hierarchical.HierarchicalTestExecutor.execute(HierarchicalTestExecutor.java:57) [junit-platform-engine-1.6.0.jar:1.6.0]
	at org.junit.platform.engine.support.hierarchical.HierarchicalTestEngine.execute(HierarchicalTestEngine.java:51) [junit-platform-engine-1.6.0.jar:1.6.0]
	at org.junit.platform.launcher.core.DefaultLauncher.execute(DefaultLauncher.java:170) [junit-platform-launcher-1.1.0.jar:1.1.0]
	at org.junit.platform.launcher.core.DefaultLauncher.execute(DefaultLauncher.java:154) [junit-platform-launcher-1.1.0.jar:1.1.0]
	at org.junit.platform.launcher.core.DefaultLauncher.execute(DefaultLauncher.java:90) [junit-platform-launcher-1.1.0.jar:1.1.0]
	at org.junit.platform.surefire.provider.JUnitPlatformProvider.invokeAllTests(JUnitPlatformProvider.java:132) [junit-platform-surefire-provider-1.1.0.jar:1.1.0]
	at org.junit.platform.surefire.provider.JUnitPlatformProvider.invoke(JUnitPlatformProvider.java:111) [junit-platform-surefire-provider-1.1.0.jar:1.1.0]
	at org.apache.maven.surefire.booter.ForkedBooter.invokeProviderInSameClassLoader(ForkedBooter.java:290) [surefire-booter-2.19.1.jar:2.19.1]
	at org.apache.maven.surefire.booter.ForkedBooter.runSuitesInProcess(ForkedBooter.java:242) [surefire-booter-2.19.1.jar:2.19.1]
	at org.apache.maven.surefire.booter.ForkedBooter.main(ForkedBooter.java:121) [surefire-booter-2.19.1.jar:2.19.1]
14:36:55.617 [main] DEBUG com.soft.controller.EshopController - [EshopDAOImpl. testHSQLDB()] --> EXCEPTION: org.hibernate.exception.SQLGrammarException: could not prepare statement
14:36:55.617 [main] DEBUG com.soft.controller.EshopController - [EshopDAOImpl. testHSQLDB()] --> EXCEPTION TO STRING: javax.persistence.PersistenceException: org.hibernate.exception.SQLGrammarException: could not prepare statement
14:36:55.620 [main] TRACE org.springframework.test.context.TestContextManager - afterTestExecution(): instance [com.soft.dao.EshopDAOImplTest@7a6d7e92], method [public void com.soft.dao.EshopDAOImplTest.daoTest()], exception [java.lang.NullPointerException]
14:36:55.620 [main] DEBUG org.springframework.test.context.cache.DefaultCacheAwareContextLoaderDelegate - Retrieved ApplicationContext [940857381] from cache with key [[WebMergedContextConfiguration@dc7df28 testClass = EshopDAOImplTest, locations = '{}', classes = '{class com.soft.config.AppConfig, class com.soft.config.DataAccessConfig}', contextInitializerClasses = '[]', activeProfiles = '{development}', propertySourceLocations = '{}', propertySourceProperties = '{}', contextCustomizers = set[[empty]], resourceBasePath = 'src/main/webapp', contextLoader = 'org.springframework.test.context.web.WebDelegatingSmartContextLoader', parent = [null]]]
14:36:55.621 [main] DEBUG org.springframework.test.context.cache - Spring test ApplicationContext cache statistics: [DefaultContextCache@262a1fad size = 1, maxSize = 32, parentContextCount = 0, hitCount = 5, missCount = 1]
14:36:55.621 [main] TRACE org.springframework.web.context.support.GenericWebApplicationContext - Publishing event in org.springframework.web.context.support.GenericWebApplicationContext@38145825: org.springframework.test.context.event.AfterTestExecutionEvent[source=[DefaultTestContext@55de24cc testClass = EshopDAOImplTest, testInstance = com.soft.dao.EshopDAOImplTest@7a6d7e92, testMethod = daoTest@EshopDAOImplTest, testException = java.lang.NullPointerException, mergedContextConfiguration = [WebMergedContextConfiguration@dc7df28 testClass = EshopDAOImplTest, locations = '{}', classes = '{class com.soft.config.AppConfig, class com.soft.config.DataAccessConfig}', contextInitializerClasses = '[]', activeProfiles = '{development}', propertySourceLocations = '{}', propertySourceProperties = '{}', contextCustomizers = set[[empty]], resourceBasePath = 'src/main/webapp', contextLoader = 'org.springframework.test.context.web.WebDelegatingSmartContextLoader', parent = [null]], attributes = map['org.springframework.test.context.web.ServletTestExecutionListener.populatedRequestContextHolder' -> true, 'org.springframework.test.context.web.ServletTestExecutionListener.resetRequestContextHolder' -> true]]]
14:36:55.622 [main] TRACE org.springframework.test.context.TestContextManager - afterTestMethod(): instance [com.soft.dao.EshopDAOImplTest@7a6d7e92], method [public void com.soft.dao.EshopDAOImplTest.daoTest()], exception [java.lang.NullPointerException]
14:36:55.623 [main] DEBUG org.springframework.test.context.cache.DefaultCacheAwareContextLoaderDelegate - Retrieved ApplicationContext [940857381] from cache with key [[WebMergedContextConfiguration@dc7df28 testClass = EshopDAOImplTest, locations = '{}', classes = '{class com.soft.config.AppConfig, class com.soft.config.DataAccessConfig}', contextInitializerClasses = '[]', activeProfiles = '{development}', propertySourceLocations = '{}', propertySourceProperties = '{}', contextCustomizers = set[[empty]], resourceBasePath = 'src/main/webapp', contextLoader = 'org.springframework.test.context.web.WebDelegatingSmartContextLoader', parent = [null]]]
14:36:55.623 [main] DEBUG org.springframework.test.context.cache - Spring test ApplicationContext cache statistics: [DefaultContextCache@262a1fad size = 1, maxSize = 32, parentContextCount = 0, hitCount = 6, missCount = 1]
14:36:55.623 [main] TRACE org.springframework.web.context.support.GenericWebApplicationContext - Publishing event in org.springframework.web.context.support.GenericWebApplicationContext@38145825: org.springframework.test.context.event.AfterTestMethodEvent[source=[DefaultTestContext@55de24cc testClass = EshopDAOImplTest, testInstance = com.soft.dao.EshopDAOImplTest@7a6d7e92, testMethod = daoTest@EshopDAOImplTest, testException = java.lang.NullPointerException, mergedContextConfiguration = [WebMergedContextConfiguration@dc7df28 testClass = EshopDAOImplTest, locations = '{}', classes = '{class com.soft.config.AppConfig, class com.soft.config.DataAccessConfig}', contextInitializerClasses = '[]', activeProfiles = '{development}', propertySourceLocations = '{}', propertySourceProperties = '{}', contextCustomizers = set[[empty]], resourceBasePath = 'src/main/webapp', contextLoader = 'org.springframework.test.context.web.WebDelegatingSmartContextLoader', parent = [null]], attributes = map['org.springframework.test.context.web.ServletTestExecutionListener.populatedRequestContextHolder' -> true, 'org.springframework.test.context.web.ServletTestExecutionListener.resetRequestContextHolder' -> true]]]
14:36:55.623 [main] DEBUG org.springframework.test.context.support.AbstractDirtiesContextTestExecutionListener - After test method: context [DefaultTestContext@55de24cc testClass = EshopDAOImplTest, testInstance = com.soft.dao.EshopDAOImplTest@7a6d7e92, testMethod = daoTest@EshopDAOImplTest, testException = java.lang.NullPointerException, mergedContextConfiguration = [WebMergedContextConfiguration@dc7df28 testClass = EshopDAOImplTest, locations = '{}', classes = '{class com.soft.config.AppConfig, class com.soft.config.DataAccessConfig}', contextInitializerClasses = '[]', activeProfiles = '{development}', propertySourceLocations = '{}', propertySourceProperties = '{}', contextCustomizers = set[[empty]], resourceBasePath = 'src/main/webapp', contextLoader = 'org.springframework.test.context.web.WebDelegatingSmartContextLoader', parent = [null]], attributes = map['org.springframework.test.context.web.ServletTestExecutionListener.populatedRequestContextHolder' -> true, 'org.springframework.test.context.web.ServletTestExecutionListener.resetRequestContextHolder' -> true]], class annotated with @DirtiesContext [false] with mode [null], method annotated with @DirtiesContext [false] with mode [null].
14:36:55.624 [main] DEBUG org.springframework.test.context.web.ServletTestExecutionListener - Resetting RequestContextHolder for test context [DefaultTestContext@55de24cc testClass = EshopDAOImplTest, testInstance = com.soft.dao.EshopDAOImplTest@7a6d7e92, testMethod = daoTest@EshopDAOImplTest, testException = java.lang.NullPointerException, mergedContextConfiguration = [WebMergedContextConfiguration@dc7df28 testClass = EshopDAOImplTest, locations = '{}', classes = '{class com.soft.config.AppConfig, class com.soft.config.DataAccessConfig}', contextInitializerClasses = '[]', activeProfiles = '{development}', propertySourceLocations = '{}', propertySourceProperties = '{}', contextCustomizers = set[[empty]], resourceBasePath = 'src/main/webapp', contextLoader = 'org.springframework.test.context.web.WebDelegatingSmartContextLoader', parent = [null]], attributes = map['org.springframework.test.context.web.ServletTestExecutionListener.populatedRequestContextHolder' -> true, 'org.springframework.test.context.web.ServletTestExecutionListener.resetRequestContextHolder' -> true]].
]]></system-out>
  </testcase>
</testsuite>