<?xml version="1.0" encoding="UTF-8"?>
<testsuite xmlns:xsi="http://www.w3.org/2001/XMLSchema-instance" xsi:schemaLocation="https://maven.apache.org/surefire/maven-surefire-plugin/xsd/surefire-test-report.xsd" name="com.soft.dao.EshopDAOImplTest" time="2.767" tests="1" errors="1" skipped="0" failures="0">
  <properties>
    <property name="java.runtime.name" value="Java(TM) SE Runtime Environment"/>
    <property name="sun.boot.library.path" value="/usr/lib/jvm/jdk-8u211-linux-x64/jdk1.8.0_211/jre/lib/amd64"/>
    <property name="java.vm.version" value="25.211-b12"/>
    <property name="java.vm.vendor" value="Oracle Corporation"/>
    <property name="maven.multiModuleProjectDirectory" value="/home/mihail/programs/project_mvn/eShop/eShop_repo/eshop"/>
    <property name="java.vendor.url" value="http://java.oracle.com/"/>
    <property name="path.separator" value=":"/>
    <property name="guice.disable.misplaced.annotation.check" value="true"/>
    <property name="java.vm.name" value="Java HotSpot(TM) 64-Bit Server VM"/>
    <property name="file.encoding.pkg" value="sun.io"/>
    <property name="user.country" value="RU"/>
    <property name="sun.java.launcher" value="SUN_STANDARD"/>
    <property name="sun.os.patch.level" value="unknown"/>
    <property name="java.vm.specification.name" value="Java Virtual Machine Specification"/>
    <property name="user.dir" value="/home/mihail/programs/project_mvn/eShop/eShop_repo/eshop"/>
    <property name="java.runtime.version" value="1.8.0_211-b12"/>
    <property name="java.awt.graphicsenv" value="sun.awt.X11GraphicsEnvironment"/>
    <property name="java.endorsed.dirs" value="/usr/lib/jvm/jdk-8u211-linux-x64/jdk1.8.0_211/jre/lib/endorsed"/>
    <property name="os.arch" value="amd64"/>
    <property name="java.io.tmpdir" value="/tmp"/>
    <property name="line.separator" value="&#10;"/>
    <property name="java.vm.specification.vendor" value="Oracle Corporation"/>
    <property name="os.name" value="Linux"/>
    <property name="classworlds.conf" value="/home/mihail/eclipse-workspace/.metadata/.plugins/org.eclipse.m2e.launching/launches/m2conf6690001854711394024.tmp"/>
    <property name="sun.jnu.encoding" value="UTF-8"/>
    <property name="java.library.path" value="/usr/java/packages/lib/amd64:/usr/lib64:/lib64:/lib:/usr/lib"/>
    <property name="java.specification.name" value="Java Platform API Specification"/>
    <property name="java.class.version" value="52.0"/>
    <property name="sun.management.compiler" value="HotSpot 64-Bit Tiered Compilers"/>
    <property name="os.version" value="5.3.0-26-generic"/>
    <property name="user.home" value="/home/mihail"/>
    <property name="user.timezone" value="Europe/Moscow"/>
    <property name="java.awt.printerjob" value="sun.print.PSPrinterJob"/>
    <property name="file.encoding" value="UTF-8"/>
    <property name="java.specification.version" value="1.8"/>
    <property name="user.name" value="mihail"/>
    <property name="java.class.path" value="/home/mihail/programs/Eclipse/eclipse-jee-2019-03-R-linux-gtk-x86_64/eclipse/plugins/org.eclipse.m2e.maven.runtime_1.11.0.20190220-2117/jars/plexus-classworlds-2.5.2.jar"/>
    <property name="java.vm.specification.version" value="1.8"/>
    <property name="sun.arch.data.model" value="64"/>
    <property name="java.home" value="/usr/lib/jvm/jdk-8u211-linux-x64/jdk1.8.0_211/jre"/>
    <property name="sun.java.command" value="org.codehaus.plexus.classworlds.launcher.Launcher -B install"/>
    <property name="java.specification.vendor" value="Oracle Corporation"/>
    <property name="user.language" value="ru"/>
    <property name="awt.toolkit" value="sun.awt.X11.XToolkit"/>
    <property name="java.vm.info" value="mixed mode"/>
    <property name="java.version" value="1.8.0_211"/>
    <property name="java.ext.dirs" value="/usr/lib/jvm/jdk-8u211-linux-x64/jdk1.8.0_211/jre/lib/ext:/usr/java/packages/lib/ext"/>
    <property name="securerandom.source" value="file:/dev/./urandom"/>
    <property name="sun.boot.class.path" value="/usr/lib/jvm/jdk-8u211-linux-x64/jdk1.8.0_211/jre/lib/resources.jar:/usr/lib/jvm/jdk-8u211-linux-x64/jdk1.8.0_211/jre/lib/rt.jar:/usr/lib/jvm/jdk-8u211-linux-x64/jdk1.8.0_211/jre/lib/sunrsasign.jar:/usr/lib/jvm/jdk-8u211-linux-x64/jdk1.8.0_211/jre/lib/jsse.jar:/usr/lib/jvm/jdk-8u211-linux-x64/jdk1.8.0_211/jre/lib/jce.jar:/usr/lib/jvm/jdk-8u211-linux-x64/jdk1.8.0_211/jre/lib/charsets.jar:/usr/lib/jvm/jdk-8u211-linux-x64/jdk1.8.0_211/jre/lib/jfr.jar:/usr/lib/jvm/jdk-8u211-linux-x64/jdk1.8.0_211/jre/classes"/>
    <property name="java.vendor" value="Oracle Corporation"/>
    <property name="maven.home" value="/home/mihail/programs/project_mvn/eShop/eShop_repo/eshop/EMBEDDED"/>
    <property name="file.separator" value="/"/>
    <property name="java.vendor.url.bug" value="http://bugreport.sun.com/bugreport/"/>
    <property name="sun.cpu.endian" value="little"/>
    <property name="sun.io.unicode.encoding" value="UnicodeLittle"/>
    <property name="sun.desktop" value="gnome"/>
    <property name="sun.cpu.isalist" value=""/>
  </properties>
  <testcase name="daoTest" classname="com.soft.dao.EshopDAOImplTest" time="0">
    <error message="Failed to load ApplicationContext" type="java.lang.IllegalStateException">java.lang.IllegalStateException: Failed to load ApplicationContext
Caused by: org.springframework.beans.factory.BeanCreationException: Error creating bean with name 'resourceHandlerMapping' defined in org.springframework.web.servlet.config.annotation.DelegatingWebMvcConfiguration: Bean instantiation via factory method failed; nested exception is org.springframework.beans.BeanInstantiationException: Failed to instantiate [org.springframework.web.servlet.HandlerMapping]: Factory method 'resourceHandlerMapping' threw exception; nested exception is java.lang.IllegalStateException: No ServletContext set
Caused by: org.springframework.beans.BeanInstantiationException: Failed to instantiate [org.springframework.web.servlet.HandlerMapping]: Factory method 'resourceHandlerMapping' threw exception; nested exception is java.lang.IllegalStateException: No ServletContext set
Caused by: java.lang.IllegalStateException: No ServletContext set
</error>
    <system-out><![CDATA[2020-02-05 17:39:42,120 main ERROR LevelRangeFilter contains an invalid element or attribute "param"
17:39:42.172 [main] DEBUG org.springframework.test.context.BootstrapUtils - Instantiating CacheAwareContextLoaderDelegate from class [org.springframework.test.context.cache.DefaultCacheAwareContextLoaderDelegate]
17:39:42.183 [main] DEBUG org.springframework.test.context.BootstrapUtils - Instantiating BootstrapContext using constructor [public org.springframework.test.context.support.DefaultBootstrapContext(java.lang.Class,org.springframework.test.context.CacheAwareContextLoaderDelegate)]
17:39:42.201 [main] DEBUG org.springframework.test.context.BootstrapUtils - Instantiating TestContextBootstrapper for test class [com.soft.dao.EshopDAOImplTest] from class [org.springframework.test.context.support.DefaultTestContextBootstrapper]
17:39:42.209 [main] TRACE org.springframework.test.context.support.ContextLoaderUtils - Retrieved @ContextConfiguration [@org.springframework.test.context.ContextConfiguration(classes=[com.soft.config.AppConfig, com.soft.config.DataAccessConfig], inheritInitializers=true, inheritLocations=true, initializers=[], loader=org.springframework.test.context.ContextLoader, locations=[], name=, value=[])] for declaring class [com.soft.dao.EshopDAOImplTest].
17:39:42.211 [main] TRACE org.springframework.test.context.support.ContextLoaderUtils - Resolved context configuration attributes: [ContextConfigurationAttributes@58cbafc2 declaringClass = 'com.soft.dao.EshopDAOImplTest', classes = '{class com.soft.config.AppConfig, class com.soft.config.DataAccessConfig}', locations = '{}', inheritLocations = true, initializers = '{}', inheritInitializers = true, name = [null], contextLoaderClass = 'org.springframework.test.context.ContextLoader']
17:39:42.212 [main] TRACE org.springframework.test.context.support.DefaultTestContextBootstrapper - Resolving ContextLoader for context configuration attributes [ContextConfigurationAttributes@58cbafc2 declaringClass = 'com.soft.dao.EshopDAOImplTest', classes = '{class com.soft.config.AppConfig, class com.soft.config.DataAccessConfig}', locations = '{}', inheritLocations = true, initializers = '{}', inheritInitializers = true, name = [null], contextLoaderClass = 'org.springframework.test.context.ContextLoader']
17:39:42.213 [main] TRACE org.springframework.test.context.support.DefaultTestContextBootstrapper - Using ContextLoader class [org.springframework.test.context.support.DelegatingSmartContextLoader] for test class [com.soft.dao.EshopDAOImplTest]
17:39:42.217 [main] TRACE org.springframework.test.context.support.DefaultTestContextBootstrapper - Processing locations and classes for context configuration attributes [ContextConfigurationAttributes@58cbafc2 declaringClass = 'com.soft.dao.EshopDAOImplTest', classes = '{class com.soft.config.AppConfig, class com.soft.config.DataAccessConfig}', locations = '{}', inheritLocations = true, initializers = '{}', inheritInitializers = true, name = [null], contextLoaderClass = 'org.springframework.test.context.ContextLoader']
17:39:42.217 [main] DEBUG org.springframework.test.context.support.AbstractDelegatingSmartContextLoader - Delegating to AnnotationConfigContextLoader to process context configuration [ContextConfigurationAttributes@58cbafc2 declaringClass = 'com.soft.dao.EshopDAOImplTest', classes = '{class com.soft.config.AppConfig, class com.soft.config.DataAccessConfig}', locations = '{}', inheritLocations = true, initializers = '{}', inheritInitializers = true, name = [null], contextLoaderClass = 'org.springframework.test.context.ContextLoader'].
17:39:42.222 [main] TRACE org.springframework.core.io.support.SpringFactoriesLoader - Loaded [org.springframework.test.context.ContextCustomizerFactory] names: [org.springframework.test.context.web.socket.MockServerContainerContextCustomizerFactory]
17:39:42.227 [main] TRACE org.springframework.test.context.support.ApplicationContextInitializerUtils - Processing context initializers for configuration attributes [ContextConfigurationAttributes@58cbafc2 declaringClass = 'com.soft.dao.EshopDAOImplTest', classes = '{class com.soft.config.AppConfig, class com.soft.config.DataAccessConfig}', locations = '{}', inheritLocations = true, initializers = '{}', inheritInitializers = true, name = [null], contextLoaderClass = 'org.springframework.test.context.ContextLoader']
17:39:42.229 [main] TRACE org.springframework.test.context.support.ActiveProfilesUtils - Retrieved @ActiveProfiles [@org.springframework.test.context.ActiveProfiles(inheritProfiles=true, profiles=[development], resolver=org.springframework.test.context.ActiveProfilesResolver, value=[development])] for declaring class [com.soft.dao.EshopDAOImplTest]
17:39:42.230 [main] TRACE org.springframework.test.context.support.DefaultActiveProfilesResolver - Retrieved @ActiveProfiles [@org.springframework.test.context.ActiveProfiles(inheritProfiles=true, profiles=[development], resolver=org.springframework.test.context.ActiveProfilesResolver, value=[development])] for declaring class [com.soft.dao.EshopDAOImplTest].
17:39:42.231 [main] DEBUG org.springframework.test.context.support.DefaultTestContextBootstrapper - @TestExecutionListeners is not present for class [com.soft.dao.EshopDAOImplTest]: using defaults.
17:39:42.231 [main] INFO  org.springframework.test.context.support.DefaultTestContextBootstrapper - Loaded default TestExecutionListener class names from location [META-INF/spring.factories]: [org.springframework.test.context.web.ServletTestExecutionListener, org.springframework.test.context.support.DirtiesContextBeforeModesTestExecutionListener, org.springframework.test.context.support.DependencyInjectionTestExecutionListener, org.springframework.test.context.support.DirtiesContextTestExecutionListener, org.springframework.test.context.transaction.TransactionalTestExecutionListener, org.springframework.test.context.jdbc.SqlScriptsTestExecutionListener, org.springframework.test.context.event.EventPublishingTestExecutionListener]
17:39:42.240 [main] INFO  org.springframework.test.context.support.DefaultTestContextBootstrapper - Using TestExecutionListeners: [org.springframework.test.context.web.ServletTestExecutionListener@38467116, org.springframework.test.context.support.DirtiesContextBeforeModesTestExecutionListener@5b7a7f33, org.springframework.test.context.support.DependencyInjectionTestExecutionListener@790da477, org.springframework.test.context.support.DirtiesContextTestExecutionListener@5c7933ad, org.springframework.test.context.transaction.TransactionalTestExecutionListener@57bc27f5, org.springframework.test.context.jdbc.SqlScriptsTestExecutionListener@5fb759d6, org.springframework.test.context.event.EventPublishingTestExecutionListener@4b8d604b]
17:39:42.240 [main] TRACE org.springframework.test.context.TestContextManager - Registering TestExecutionListener: org.springframework.test.context.web.ServletTestExecutionListener@38467116
17:39:42.240 [main] TRACE org.springframework.test.context.TestContextManager - Registering TestExecutionListener: org.springframework.test.context.support.DirtiesContextBeforeModesTestExecutionListener@5b7a7f33
17:39:42.240 [main] TRACE org.springframework.test.context.TestContextManager - Registering TestExecutionListener: org.springframework.test.context.support.DependencyInjectionTestExecutionListener@790da477
17:39:42.240 [main] TRACE org.springframework.test.context.TestContextManager - Registering TestExecutionListener: org.springframework.test.context.support.DirtiesContextTestExecutionListener@5c7933ad
17:39:42.240 [main] TRACE org.springframework.test.context.TestContextManager - Registering TestExecutionListener: org.springframework.test.context.transaction.TransactionalTestExecutionListener@57bc27f5
17:39:42.240 [main] TRACE org.springframework.test.context.TestContextManager - Registering TestExecutionListener: org.springframework.test.context.jdbc.SqlScriptsTestExecutionListener@5fb759d6
17:39:42.241 [main] TRACE org.springframework.test.context.TestContextManager - Registering TestExecutionListener: org.springframework.test.context.event.EventPublishingTestExecutionListener@4b8d604b
17:39:42.252 [main] TRACE org.springframework.test.context.TestContextManager - beforeTestClass(): class [com.soft.dao.EshopDAOImplTest]
17:39:42.253 [main] DEBUG org.springframework.test.context.support.AbstractDirtiesContextTestExecutionListener - Before test class: context [DefaultTestContext@33ecda92 testClass = EshopDAOImplTest, testInstance = [null], testMethod = [null], testException = [null], mergedContextConfiguration = [MergedContextConfiguration@14fc5f04 testClass = EshopDAOImplTest, locations = '{}', classes = '{class com.soft.config.AppConfig, class com.soft.config.DataAccessConfig}', contextInitializerClasses = '[]', activeProfiles = '{development}', propertySourceLocations = '{}', propertySourceProperties = '{}', contextCustomizers = set[[empty]], contextLoader = 'org.springframework.test.context.support.DelegatingSmartContextLoader', parent = [null]], attributes = map[[empty]]], class annotated with @DirtiesContext [false] with mode [null].
17:39:42.255 [main] TRACE org.springframework.test.context.TestContextManager - prepareTestInstance(): instance [com.soft.dao.EshopDAOImplTest@7b4c50bc]
17:39:42.256 [main] DEBUG org.springframework.test.context.support.DependencyInjectionTestExecutionListener - Performing dependency injection for test context [[DefaultTestContext@33ecda92 testClass = EshopDAOImplTest, testInstance = com.soft.dao.EshopDAOImplTest@7b4c50bc, testMethod = [null], testException = [null], mergedContextConfiguration = [MergedContextConfiguration@14fc5f04 testClass = EshopDAOImplTest, locations = '{}', classes = '{class com.soft.config.AppConfig, class com.soft.config.DataAccessConfig}', contextInitializerClasses = '[]', activeProfiles = '{development}', propertySourceLocations = '{}', propertySourceProperties = '{}', contextCustomizers = set[[empty]], contextLoader = 'org.springframework.test.context.support.DelegatingSmartContextLoader', parent = [null]], attributes = map[[empty]]]].
17:39:42.257 [main] DEBUG org.springframework.test.context.support.AbstractDelegatingSmartContextLoader - Delegating to AnnotationConfigContextLoader to load context from [MergedContextConfiguration@14fc5f04 testClass = EshopDAOImplTest, locations = '{}', classes = '{class com.soft.config.AppConfig, class com.soft.config.DataAccessConfig}', contextInitializerClasses = '[]', activeProfiles = '{development}', propertySourceLocations = '{}', propertySourceProperties = '{}', contextCustomizers = set[[empty]], contextLoader = 'org.springframework.test.context.support.DelegatingSmartContextLoader', parent = [null]].
17:39:42.257 [main] DEBUG org.springframework.test.context.support.AbstractGenericContextLoader - Loading ApplicationContext for merged context configuration [[MergedContextConfiguration@14fc5f04 testClass = EshopDAOImplTest, locations = '{}', classes = '{class com.soft.config.AppConfig, class com.soft.config.DataAccessConfig}', contextInitializerClasses = '[]', activeProfiles = '{development}', propertySourceLocations = '{}', propertySourceProperties = '{}', contextCustomizers = set[[empty]], contextLoader = 'org.springframework.test.context.support.DelegatingSmartContextLoader', parent = [null]]].
17:39:42.282 [main] DEBUG org.springframework.core.env.StandardEnvironment - Activating profiles [development]
17:39:42.282 [main] DEBUG org.springframework.test.context.support.AnnotationConfigContextLoader - Registering component classes: {class com.soft.config.AppConfig, class com.soft.config.DataAccessConfig}
17:39:42.310 [main] INFO  org.springframework.context.support.GenericApplicationContext - Refreshing org.springframework.context.support.GenericApplicationContext@d23e042: startup date [Wed Feb 05 17:39:42 MSK 2020]; root of context hierarchy
17:39:42.311 [main] DEBUG org.springframework.context.support.GenericApplicationContext - Bean factory for org.springframework.context.support.GenericApplicationContext@d23e042: org.springframework.beans.factory.support.DefaultListableBeanFactory@2fba3fc4: defining beans [org.springframework.context.annotation.internalConfigurationAnnotationProcessor,org.springframework.context.annotation.internalAutowiredAnnotationProcessor,org.springframework.context.annotation.internalRequiredAnnotationProcessor,org.springframework.context.annotation.internalCommonAnnotationProcessor,org.springframework.context.annotation.internalPersistenceAnnotationProcessor,org.springframework.context.event.internalEventListenerProcessor,org.springframework.context.event.internalEventListenerFactory,appConfig,dataAccessConfig]; root of factory hierarchy
17:39:42.319 [main] DEBUG org.springframework.beans.factory.support.DefaultListableBeanFactory - Creating shared instance of singleton bean 'org.springframework.context.annotation.internalConfigurationAnnotationProcessor'
17:39:42.319 [main] DEBUG org.springframework.beans.factory.support.DefaultListableBeanFactory - Creating instance of bean 'org.springframework.context.annotation.internalConfigurationAnnotationProcessor'
17:39:42.329 [main] DEBUG org.springframework.beans.factory.support.DefaultListableBeanFactory - Eagerly caching bean 'org.springframework.context.annotation.internalConfigurationAnnotationProcessor' to allow for resolving potential circular references
17:39:42.331 [main] DEBUG org.springframework.beans.factory.support.DefaultListableBeanFactory - Finished creating instance of bean 'org.springframework.context.annotation.internalConfigurationAnnotationProcessor'
17:39:42.353 [main] TRACE org.springframework.core.io.support.PathMatchingResourcePatternResolver - Resolved classpath location [com/soft/controller/] to resources [URL [file:/home/mihail/programs/project_mvn/eShop/eShop_repo/eshop/target/classes/com/soft/controller/]]
17:39:42.354 [main] TRACE org.springframework.core.io.support.PathMatchingResourcePatternResolver - Looking for matching resources in directory tree [/home/mihail/programs/project_mvn/eShop/eShop_repo/eshop/target/classes/com/soft/controller]
17:39:42.354 [main] TRACE org.springframework.core.io.support.PathMatchingResourcePatternResolver - Searching directory [/home/mihail/programs/project_mvn/eShop/eShop_repo/eshop/target/classes/com/soft/controller] for files matching pattern [/home/mihail/programs/project_mvn/eShop/eShop_repo/eshop/target/classes/com/soft/controller/**/*.class]
17:39:42.356 [main] TRACE org.springframework.core.io.support.PathMatchingResourcePatternResolver - Resolved location pattern [classpath*:com/soft/controller/**/*.class] to resources [file [/home/mihail/programs/project_mvn/eShop/eShop_repo/eshop/target/classes/com/soft/controller/EshopController.class]]
17:39:42.356 [main] TRACE org.springframework.context.annotation.ClassPathBeanDefinitionScanner - Scanning file [/home/mihail/programs/project_mvn/eShop/eShop_repo/eshop/target/classes/com/soft/controller/EshopController.class]
17:39:42.370 [main] DEBUG org.springframework.context.annotation.ClassPathBeanDefinitionScanner - Identified candidate component class: file [/home/mihail/programs/project_mvn/eShop/eShop_repo/eshop/target/classes/com/soft/controller/EshopController.class]
17:39:42.405 [main] DEBUG org.springframework.context.annotation.ConfigurationClassBeanDefinitionReader - Registered bean definition for imported class 'messageSource'
17:39:42.406 [main] DEBUG org.springframework.context.annotation.ConfigurationClassBeanDefinitionReader - Registered bean definition for imported class 'org.springframework.web.servlet.config.annotation.DelegatingWebMvcConfiguration'
17:39:42.407 [main] DEBUG org.springframework.context.annotation.ConfigurationClassBeanDefinitionReader - Registering bean definition for @Bean method org.springframework.web.servlet.config.annotation.DelegatingWebMvcConfiguration.requestMappingHandlerMapping()
17:39:42.407 [main] DEBUG org.springframework.context.annotation.ConfigurationClassBeanDefinitionReader - Registering bean definition for @Bean method org.springframework.web.servlet.config.annotation.DelegatingWebMvcConfiguration.mvcPathMatcher()
17:39:42.408 [main] DEBUG org.springframework.context.annotation.ConfigurationClassBeanDefinitionReader - Registering bean definition for @Bean method org.springframework.web.servlet.config.annotation.DelegatingWebMvcConfiguration.mvcUrlPathHelper()
17:39:42.408 [main] DEBUG org.springframework.context.annotation.ConfigurationClassBeanDefinitionReader - Registering bean definition for @Bean method org.springframework.web.servlet.config.annotation.DelegatingWebMvcConfiguration.mvcContentNegotiationManager()
17:39:42.408 [main] DEBUG org.springframework.context.annotation.ConfigurationClassBeanDefinitionReader - Registering bean definition for @Bean method org.springframework.web.servlet.config.annotation.DelegatingWebMvcConfiguration.viewControllerHandlerMapping()
17:39:42.408 [main] DEBUG org.springframework.context.annotation.ConfigurationClassBeanDefinitionReader - Registering bean definition for @Bean method org.springframework.web.servlet.config.annotation.DelegatingWebMvcConfiguration.beanNameHandlerMapping()
17:39:42.409 [main] DEBUG org.springframework.context.annotation.ConfigurationClassBeanDefinitionReader - Registering bean definition for @Bean method org.springframework.web.servlet.config.annotation.DelegatingWebMvcConfiguration.resourceHandlerMapping()
17:39:42.409 [main] DEBUG org.springframework.context.annotation.ConfigurationClassBeanDefinitionReader - Registering bean definition for @Bean method org.springframework.web.servlet.config.annotation.DelegatingWebMvcConfiguration.mvcResourceUrlProvider()
17:39:42.409 [main] DEBUG org.springframework.context.annotation.ConfigurationClassBeanDefinitionReader - Registering bean definition for @Bean method org.springframework.web.servlet.config.annotation.DelegatingWebMvcConfiguration.defaultServletHandlerMapping()
17:39:42.410 [main] DEBUG org.springframework.context.annotation.ConfigurationClassBeanDefinitionReader - Registering bean definition for @Bean method org.springframework.web.servlet.config.annotation.DelegatingWebMvcConfiguration.requestMappingHandlerAdapter()
17:39:42.410 [main] DEBUG org.springframework.context.annotation.ConfigurationClassBeanDefinitionReader - Registering bean definition for @Bean method org.springframework.web.servlet.config.annotation.DelegatingWebMvcConfiguration.mvcConversionService()
17:39:42.410 [main] DEBUG org.springframework.context.annotation.ConfigurationClassBeanDefinitionReader - Registering bean definition for @Bean method org.springframework.web.servlet.config.annotation.DelegatingWebMvcConfiguration.mvcValidator()
17:39:42.410 [main] DEBUG org.springframework.context.annotation.ConfigurationClassBeanDefinitionReader - Registering bean definition for @Bean method org.springframework.web.servlet.config.annotation.DelegatingWebMvcConfiguration.mvcUriComponentsContributor()
17:39:42.411 [main] DEBUG org.springframework.context.annotation.ConfigurationClassBeanDefinitionReader - Registering bean definition for @Bean method org.springframework.web.servlet.config.annotation.DelegatingWebMvcConfiguration.httpRequestHandlerAdapter()
17:39:42.411 [main] DEBUG org.springframework.context.annotation.ConfigurationClassBeanDefinitionReader - Registering bean definition for @Bean method org.springframework.web.servlet.config.annotation.DelegatingWebMvcConfiguration.simpleControllerHandlerAdapter()
17:39:42.415 [main] DEBUG org.springframework.context.annotation.ConfigurationClassBeanDefinitionReader - Registering bean definition for @Bean method org.springframework.web.servlet.config.annotation.DelegatingWebMvcConfiguration.handlerExceptionResolver()
17:39:42.415 [main] DEBUG org.springframework.context.annotation.ConfigurationClassBeanDefinitionReader - Registering bean definition for @Bean method org.springframework.web.servlet.config.annotation.DelegatingWebMvcConfiguration.mvcViewResolver()
17:39:42.416 [main] DEBUG org.springframework.context.annotation.ConfigurationClassBeanDefinitionReader - Registering bean definition for @Bean method org.springframework.web.servlet.config.annotation.DelegatingWebMvcConfiguration.mvcHandlerMappingIntrospector()
17:39:42.417 [main] DEBUG org.springframework.context.annotation.ConfigurationClassBeanDefinitionReader - Registering bean definition for @Bean method com.soft.config.AppConfig.viewResolver()
17:39:42.417 [main] DEBUG org.springframework.context.annotation.ConfigurationClassBeanDefinitionReader - Registering bean definition for @Bean method com.soft.config.AppConfig.templateEngine()
17:39:42.417 [main] DEBUG org.springframework.context.annotation.ConfigurationClassBeanDefinitionReader - Registering bean definition for @Bean method com.soft.config.AppConfig.templateResolver()
17:39:42.418 [main] DEBUG org.springframework.context.annotation.ConfigurationClassBeanDefinitionReader - Registering bean definition for @Bean method com.soft.config.AppConfig.localeResolver()
17:39:42.418 [main] DEBUG org.springframework.context.annotation.ConfigurationClassBeanDefinitionReader - Registered bean definition for imported class 'org.springframework.transaction.annotation.ProxyTransactionManagementConfiguration'
17:39:42.418 [main] DEBUG org.springframework.context.annotation.ConfigurationClassBeanDefinitionReader - Registering bean definition for @Bean method org.springframework.transaction.annotation.ProxyTransactionManagementConfiguration.org.springframework.transaction.config.internalTransactionAdvisor()
17:39:42.418 [main] DEBUG org.springframework.context.annotation.ConfigurationClassBeanDefinitionReader - Registering bean definition for @Bean method org.springframework.transaction.annotation.ProxyTransactionManagementConfiguration.transactionAttributeSource()
17:39:42.419 [main] DEBUG org.springframework.context.annotation.ConfigurationClassBeanDefinitionReader - Registering bean definition for @Bean method org.springframework.transaction.annotation.ProxyTransactionManagementConfiguration.transactionInterceptor()
17:39:42.419 [main] DEBUG org.springframework.context.annotation.ConfigurationClassBeanDefinitionReader - Registering bean definition for @Bean method org.springframework.transaction.annotation.ProxyTransactionManagementConfiguration.org.springframework.transaction.config.internalTransactionalEventListenerFactory()
17:39:42.423 [main] DEBUG org.springframework.context.annotation.ConfigurationClassBeanDefinitionReader - Registering bean definition for @Bean method com.soft.config.DataAccessConfig.DataSourceBean2()
17:39:42.424 [main] DEBUG org.springframework.context.annotation.ConfigurationClassBeanDefinitionReader - Registering bean definition for @Bean method com.soft.config.DataAccessConfig.SessionFactory2()
17:39:42.424 [main] DEBUG org.springframework.context.annotation.ConfigurationClassBeanDefinitionReader - Registering bean definition for @Bean method com.soft.config.DataAccessConfig.getDevLocaleDAO()
17:39:42.425 [main] DEBUG org.springframework.context.annotation.ConfigurationClassBeanDefinitionReader - Registering bean definition for @Bean method com.soft.config.DataAccessConfig.transactionManager()
17:39:42.486 [main] DEBUG org.springframework.context.annotation.ConfigurationClassEnhancer - Successfully enhanced com.soft.config.AppConfig; enhanced class name is: com.soft.config.AppConfig$$EnhancerBySpringCGLIB$$9940b25
17:39:42.486 [main] DEBUG org.springframework.context.annotation.ConfigurationClassPostProcessor - Replacing bean definition 'appConfig' existing class 'com.soft.config.AppConfig' with enhanced class 'com.soft.config.AppConfig$$EnhancerBySpringCGLIB$$9940b25'
17:39:42.490 [main] DEBUG org.springframework.context.annotation.ConfigurationClassEnhancer - Successfully enhanced com.soft.config.DataAccessConfig; enhanced class name is: com.soft.config.DataAccessConfig$$EnhancerBySpringCGLIB$$f6a120dc
17:39:42.490 [main] DEBUG org.springframework.context.annotation.ConfigurationClassPostProcessor - Replacing bean definition 'dataAccessConfig' existing class 'com.soft.config.DataAccessConfig' with enhanced class 'com.soft.config.DataAccessConfig$$EnhancerBySpringCGLIB$$f6a120dc'
17:39:42.497 [main] DEBUG org.springframework.context.annotation.ConfigurationClassEnhancer - Successfully enhanced org.springframework.web.servlet.config.annotation.DelegatingWebMvcConfiguration; enhanced class name is: org.springframework.web.servlet.config.annotation.DelegatingWebMvcConfiguration$$EnhancerBySpringCGLIB$$59745fa8
17:39:42.498 [main] DEBUG org.springframework.context.annotation.ConfigurationClassPostProcessor - Replacing bean definition 'org.springframework.web.servlet.config.annotation.DelegatingWebMvcConfiguration' existing class 'org.springframework.web.servlet.config.annotation.DelegatingWebMvcConfiguration' with enhanced class 'org.springframework.web.servlet.config.annotation.DelegatingWebMvcConfiguration$$EnhancerBySpringCGLIB$$59745fa8'
17:39:42.501 [main] DEBUG org.springframework.context.annotation.ConfigurationClassEnhancer - Successfully enhanced org.springframework.transaction.annotation.ProxyTransactionManagementConfiguration; enhanced class name is: org.springframework.transaction.annotation.ProxyTransactionManagementConfiguration$$EnhancerBySpringCGLIB$$94b37a72
17:39:42.501 [main] DEBUG org.springframework.context.annotation.ConfigurationClassPostProcessor - Replacing bean definition 'org.springframework.transaction.annotation.ProxyTransactionManagementConfiguration' existing class 'org.springframework.transaction.annotation.ProxyTransactionManagementConfiguration' with enhanced class 'org.springframework.transaction.annotation.ProxyTransactionManagementConfiguration$$EnhancerBySpringCGLIB$$94b37a72'
17:39:42.541 [main] DEBUG org.springframework.beans.factory.support.DefaultListableBeanFactory - Creating shared instance of singleton bean 'org.springframework.context.annotation.internalAutowiredAnnotationProcessor'
17:39:42.541 [main] DEBUG org.springframework.beans.factory.support.DefaultListableBeanFactory - Creating instance of bean 'org.springframework.context.annotation.internalAutowiredAnnotationProcessor'
17:39:42.541 [main] DEBUG org.springframework.beans.factory.support.DefaultListableBeanFactory - Eagerly caching bean 'org.springframework.context.annotation.internalAutowiredAnnotationProcessor' to allow for resolving potential circular references
17:39:42.542 [main] TRACE org.springframework.core.io.support.SpringFactoriesLoader - Loaded [org.springframework.beans.BeanInfoFactory] names: [org.springframework.beans.ExtendedBeanInfoFactory]
17:39:42.543 [main] TRACE org.springframework.beans.CachedIntrospectionResults - Getting BeanInfo for class [org.springframework.beans.factory.annotation.AutowiredAnnotationBeanPostProcessor]
17:39:42.548 [main] TRACE org.springframework.beans.CachedIntrospectionResults - Caching PropertyDescriptors for class [org.springframework.beans.factory.annotation.AutowiredAnnotationBeanPostProcessor]
17:39:42.549 [main] TRACE org.springframework.beans.CachedIntrospectionResults - Found bean property 'autowiredAnnotationType' of type [java.lang.Class]
17:39:42.550 [main] TRACE org.springframework.beans.CachedIntrospectionResults - Found bean property 'autowiredAnnotationTypes' of type [java.util.Set]
17:39:42.551 [main] TRACE org.springframework.beans.CachedIntrospectionResults - Found bean property 'beanFactory' of type [org.springframework.beans.factory.BeanFactory]
17:39:42.551 [main] TRACE org.springframework.beans.CachedIntrospectionResults - Found bean property 'class' of type [java.lang.Class]
17:39:42.551 [main] TRACE org.springframework.beans.CachedIntrospectionResults - Found bean property 'order' of type [int]
17:39:42.551 [main] TRACE org.springframework.beans.CachedIntrospectionResults - Found bean property 'requiredParameterName' of type [java.lang.String]
17:39:42.551 [main] TRACE org.springframework.beans.CachedIntrospectionResults - Found bean property 'requiredParameterValue' of type [boolean]
17:39:42.553 [main] DEBUG org.springframework.beans.factory.support.DefaultListableBeanFactory - Finished creating instance of bean 'org.springframework.context.annotation.internalAutowiredAnnotationProcessor'
17:39:42.553 [main] DEBUG org.springframework.beans.factory.support.DefaultListableBeanFactory - Creating shared instance of singleton bean 'org.springframework.context.annotation.internalRequiredAnnotationProcessor'
17:39:42.555 [main] DEBUG org.springframework.beans.factory.support.DefaultListableBeanFactory - Creating instance of bean 'org.springframework.context.annotation.internalRequiredAnnotationProcessor'
17:39:42.555 [main] DEBUG org.springframework.beans.factory.support.DefaultListableBeanFactory - Eagerly caching bean 'org.springframework.context.annotation.internalRequiredAnnotationProcessor' to allow for resolving potential circular references
17:39:42.556 [main] TRACE org.springframework.beans.CachedIntrospectionResults - Getting BeanInfo for class [org.springframework.beans.factory.annotation.RequiredAnnotationBeanPostProcessor]
17:39:42.557 [main] TRACE org.springframework.beans.CachedIntrospectionResults - Caching PropertyDescriptors for class [org.springframework.beans.factory.annotation.RequiredAnnotationBeanPostProcessor]
17:39:42.557 [main] TRACE org.springframework.beans.CachedIntrospectionResults - Found bean property 'beanFactory' of type [org.springframework.beans.factory.BeanFactory]
17:39:42.557 [main] TRACE org.springframework.beans.CachedIntrospectionResults - Found bean property 'class' of type [java.lang.Class]
17:39:42.557 [main] TRACE org.springframework.beans.CachedIntrospectionResults - Found bean property 'order' of type [int]
17:39:42.558 [main] TRACE org.springframework.beans.CachedIntrospectionResults - Found bean property 'requiredAnnotationType' of type [java.lang.Class]
17:39:42.559 [main] DEBUG org.springframework.beans.factory.support.DefaultListableBeanFactory - Finished creating instance of bean 'org.springframework.context.annotation.internalRequiredAnnotationProcessor'
17:39:42.559 [main] DEBUG org.springframework.beans.factory.support.DefaultListableBeanFactory - Creating shared instance of singleton bean 'org.springframework.context.annotation.internalCommonAnnotationProcessor'
17:39:42.559 [main] DEBUG org.springframework.beans.factory.support.DefaultListableBeanFactory - Creating instance of bean 'org.springframework.context.annotation.internalCommonAnnotationProcessor'
17:39:42.561 [main] DEBUG org.springframework.beans.factory.support.DefaultListableBeanFactory - Eagerly caching bean 'org.springframework.context.annotation.internalCommonAnnotationProcessor' to allow for resolving potential circular references
17:39:42.561 [main] TRACE org.springframework.beans.CachedIntrospectionResults - Getting BeanInfo for class [org.springframework.context.annotation.CommonAnnotationBeanPostProcessor]
17:39:42.564 [main] TRACE org.springframework.beans.CachedIntrospectionResults - Caching PropertyDescriptors for class [org.springframework.context.annotation.CommonAnnotationBeanPostProcessor]
17:39:42.564 [main] TRACE org.springframework.beans.CachedIntrospectionResults - Found bean property 'alwaysUseJndiLookup' of type [boolean]
17:39:42.564 [main] TRACE org.springframework.beans.CachedIntrospectionResults - Found bean property 'beanFactory' of type [org.springframework.beans.factory.BeanFactory]
17:39:42.564 [main] TRACE org.springframework.beans.CachedIntrospectionResults - Found bean property 'class' of type [java.lang.Class]
17:39:42.564 [main] TRACE org.springframework.beans.CachedIntrospectionResults - Found bean property 'destroyAnnotationType' of type [java.lang.Class]
17:39:42.565 [main] TRACE org.springframework.beans.CachedIntrospectionResults - Found bean property 'fallbackToDefaultTypeMatch' of type [boolean]
17:39:42.565 [main] TRACE org.springframework.beans.CachedIntrospectionResults - Found bean property 'initAnnotationType' of type [java.lang.Class]
17:39:42.565 [main] TRACE org.springframework.beans.CachedIntrospectionResults - Found bean property 'jndiFactory' of type [org.springframework.beans.factory.BeanFactory]
17:39:42.565 [main] TRACE org.springframework.beans.CachedIntrospectionResults - Found bean property 'order' of type [int]
17:39:42.565 [main] TRACE org.springframework.beans.CachedIntrospectionResults - Found bean property 'resourceFactory' of type [org.springframework.beans.factory.BeanFactory]
17:39:42.567 [main] DEBUG org.springframework.beans.factory.support.DefaultListableBeanFactory - Finished creating instance of bean 'org.springframework.context.annotation.internalCommonAnnotationProcessor'
17:39:42.567 [main] DEBUG org.springframework.beans.factory.support.DefaultListableBeanFactory - Creating shared instance of singleton bean 'org.springframework.context.annotation.internalPersistenceAnnotationProcessor'
17:39:42.567 [main] DEBUG org.springframework.beans.factory.support.DefaultListableBeanFactory - Creating instance of bean 'org.springframework.context.annotation.internalPersistenceAnnotationProcessor'
17:39:42.567 [main] DEBUG org.springframework.beans.factory.support.DefaultListableBeanFactory - Eagerly caching bean 'org.springframework.context.annotation.internalPersistenceAnnotationProcessor' to allow for resolving potential circular references
17:39:42.567 [main] TRACE org.springframework.beans.CachedIntrospectionResults - Getting BeanInfo for class [org.springframework.orm.jpa.support.PersistenceAnnotationBeanPostProcessor]
17:39:42.568 [main] TRACE org.springframework.beans.CachedIntrospectionResults - Caching PropertyDescriptors for class [org.springframework.orm.jpa.support.PersistenceAnnotationBeanPostProcessor]
17:39:42.568 [main] TRACE org.springframework.beans.CachedIntrospectionResults - Found bean property 'beanFactory' of type [org.springframework.beans.factory.BeanFactory]
17:39:42.569 [main] TRACE org.springframework.beans.CachedIntrospectionResults - Found bean property 'class' of type [java.lang.Class]
17:39:42.569 [main] TRACE org.springframework.beans.CachedIntrospectionResults - Found bean property 'defaultPersistenceUnitName' of type [java.lang.String]
17:39:42.569 [main] TRACE org.springframework.beans.CachedIntrospectionResults - Found bean property 'extendedPersistenceContexts' of type [java.util.Map]
17:39:42.569 [main] TRACE org.springframework.beans.CachedIntrospectionResults - Found bean property 'jndiEnvironment' of type [java.util.Properties]
17:39:42.569 [main] TRACE org.springframework.beans.CachedIntrospectionResults - Found bean property 'jndiTemplate' of type [java.lang.Object]
17:39:42.569 [main] TRACE org.springframework.beans.CachedIntrospectionResults - Found bean property 'order' of type [int]
17:39:42.569 [main] TRACE org.springframework.beans.CachedIntrospectionResults - Found bean property 'persistenceContexts' of type [java.util.Map]
17:39:42.569 [main] TRACE org.springframework.beans.CachedIntrospectionResults - Found bean property 'persistenceUnits' of type [java.util.Map]
17:39:42.569 [main] TRACE org.springframework.beans.CachedIntrospectionResults - Found bean property 'resourceRef' of type [boolean]
17:39:42.571 [main] DEBUG org.springframework.beans.factory.support.DefaultListableBeanFactory - Finished creating instance of bean 'org.springframework.context.annotation.internalPersistenceAnnotationProcessor'
17:39:42.571 [main] DEBUG org.springframework.beans.factory.support.DefaultListableBeanFactory - Creating shared instance of singleton bean 'org.springframework.aop.config.internalAutoProxyCreator'
17:39:42.571 [main] DEBUG org.springframework.beans.factory.support.DefaultListableBeanFactory - Creating instance of bean 'org.springframework.aop.config.internalAutoProxyCreator'
17:39:42.579 [main] DEBUG org.springframework.beans.factory.support.DefaultListableBeanFactory - Eagerly caching bean 'org.springframework.aop.config.internalAutoProxyCreator' to allow for resolving potential circular references
17:39:42.579 [main] TRACE org.springframework.beans.CachedIntrospectionResults - Getting BeanInfo for class [org.springframework.aop.framework.autoproxy.InfrastructureAdvisorAutoProxyCreator]
17:39:42.583 [main] TRACE org.springframework.beans.CachedIntrospectionResults - Caching PropertyDescriptors for class [org.springframework.aop.framework.autoproxy.InfrastructureAdvisorAutoProxyCreator]
17:39:42.583 [main] TRACE org.springframework.beans.CachedIntrospectionResults - Found bean property 'advisorAdapterRegistry' of type [org.springframework.aop.framework.adapter.AdvisorAdapterRegistry]
17:39:42.583 [main] TRACE org.springframework.beans.CachedIntrospectionResults - Found bean property 'applyCommonInterceptorsFirst' of type [boolean]
17:39:42.583 [main] TRACE org.springframework.beans.CachedIntrospectionResults - Found bean property 'beanClassLoader' of type [java.lang.ClassLoader]
17:39:42.583 [main] TRACE org.springframework.beans.CachedIntrospectionResults - Found bean property 'beanFactory' of type [org.springframework.beans.factory.BeanFactory]
17:39:42.584 [main] TRACE org.springframework.beans.CachedIntrospectionResults - Found bean property 'class' of type [java.lang.Class]
17:39:42.584 [main] TRACE org.springframework.beans.CachedIntrospectionResults - Found bean property 'customTargetSourceCreators' of type [[Lorg.springframework.aop.framework.autoproxy.TargetSourceCreator;]
17:39:42.584 [main] TRACE org.springframework.beans.CachedIntrospectionResults - Found bean property 'exposeProxy' of type [boolean]
17:39:42.584 [main] TRACE org.springframework.beans.CachedIntrospectionResults - Found bean property 'frozen' of type [boolean]
17:39:42.584 [main] TRACE org.springframework.beans.CachedIntrospectionResults - Found bean property 'interceptorNames' of type [[Ljava.lang.String;]
17:39:42.584 [main] TRACE org.springframework.beans.CachedIntrospectionResults - Found bean property 'opaque' of type [boolean]
17:39:42.584 [main] TRACE org.springframework.beans.CachedIntrospectionResults - Found bean property 'optimize' of type [boolean]
17:39:42.584 [main] TRACE org.springframework.beans.CachedIntrospectionResults - Found bean property 'order' of type [int]
17:39:42.584 [main] TRACE org.springframework.beans.CachedIntrospectionResults - Found bean property 'proxyClassLoader' of type [java.lang.ClassLoader]
17:39:42.585 [main] TRACE org.springframework.beans.CachedIntrospectionResults - Found bean property 'proxyTargetClass' of type [boolean]
17:39:42.592 [main] DEBUG org.springframework.beans.factory.support.DefaultListableBeanFactory - Finished creating instance of bean 'org.springframework.aop.config.internalAutoProxyCreator'
17:39:42.592 [main] DEBUG org.springframework.beans.factory.support.DefaultListableBeanFactory - Creating shared instance of singleton bean 'messageSource'
17:39:42.592 [main] DEBUG org.springframework.beans.factory.support.DefaultListableBeanFactory - Creating instance of bean 'messageSource'
17:39:42.598 [main] DEBUG org.springframework.beans.factory.support.DefaultListableBeanFactory - Creating shared instance of singleton bean 'appConfig'
17:39:42.598 [main] DEBUG org.springframework.beans.factory.support.DefaultListableBeanFactory - Creating instance of bean 'appConfig'
17:39:42.598 [main] DEBUG org.springframework.beans.factory.support.DefaultListableBeanFactory - Eagerly caching bean 'appConfig' to allow for resolving potential circular references
17:39:42.599 [main] TRACE org.springframework.beans.CachedIntrospectionResults - Getting BeanInfo for class [com.soft.config.AppConfig$$EnhancerBySpringCGLIB$$9940b25]
17:39:42.601 [main] TRACE org.springframework.beans.CachedIntrospectionResults - Caching PropertyDescriptors for class [com.soft.config.AppConfig$$EnhancerBySpringCGLIB$$9940b25]
17:39:42.602 [main] TRACE org.springframework.beans.CachedIntrospectionResults - Found bean property 'applicationContext' of type [org.springframework.context.ApplicationContext]
17:39:42.602 [main] TRACE org.springframework.beans.CachedIntrospectionResults - Found bean property 'beanFactory' of type [org.springframework.beans.factory.BeanFactory]
17:39:42.602 [main] TRACE org.springframework.beans.CachedIntrospectionResults - Found bean property 'class' of type [java.lang.Class]
17:39:42.602 [main] TRACE org.springframework.beans.CachedIntrospectionResults - Found bean property 'messageCodesResolver' of type [org.springframework.validation.MessageCodesResolver]
17:39:42.602 [main] TRACE org.springframework.beans.CachedIntrospectionResults - Found bean property 'sessionLocaleResolver' of type [org.springframework.web.servlet.i18n.SessionLocaleResolver]
17:39:42.603 [main] TRACE org.springframework.beans.CachedIntrospectionResults - Found bean property 'validator' of type [org.springframework.validation.Validator]
17:39:42.604 [main] DEBUG org.springframework.beans.factory.support.DefaultListableBeanFactory - Creating shared instance of singleton bean 'org.springframework.transaction.config.internalTransactionAdvisor'
17:39:42.604 [main] DEBUG org.springframework.beans.factory.support.DefaultListableBeanFactory - Creating instance of bean 'org.springframework.transaction.config.internalTransactionAdvisor'
17:39:42.604 [main] TRACE org.springframework.aop.framework.autoproxy.InfrastructureAdvisorAutoProxyCreator - Did not attempt to auto-proxy infrastructure class [org.springframework.transaction.interceptor.BeanFactoryTransactionAttributeSourceAdvisor]
17:39:42.605 [main] DEBUG org.springframework.beans.factory.support.DefaultListableBeanFactory - Creating shared instance of singleton bean 'org.springframework.transaction.annotation.ProxyTransactionManagementConfiguration'
17:39:42.605 [main] DEBUG org.springframework.beans.factory.support.DefaultListableBeanFactory - Creating instance of bean 'org.springframework.transaction.annotation.ProxyTransactionManagementConfiguration'
17:39:42.605 [main] TRACE org.springframework.beans.CachedIntrospectionResults - Getting BeanInfo for class [org.springframework.transaction.annotation.ProxyTransactionManagementConfiguration$$EnhancerBySpringCGLIB$$94b37a72]
17:39:42.607 [main] TRACE org.springframework.beans.CachedIntrospectionResults - Caching PropertyDescriptors for class [org.springframework.transaction.annotation.ProxyTransactionManagementConfiguration$$EnhancerBySpringCGLIB$$94b37a72]
17:39:42.608 [main] TRACE org.springframework.beans.CachedIntrospectionResults - Found bean property 'beanFactory' of type [org.springframework.beans.factory.BeanFactory]
17:39:42.608 [main] TRACE org.springframework.beans.CachedIntrospectionResults - Found bean property 'class' of type [java.lang.Class]
17:39:42.608 [main] TRACE org.springframework.beans.CachedIntrospectionResults - Found bean property 'importMetadata' of type [org.springframework.core.type.AnnotationMetadata]
17:39:42.610 [main] DEBUG org.springframework.beans.factory.annotation.InjectionMetadata - Registered injected element on class [org.springframework.transaction.annotation.ProxyTransactionManagementConfiguration$$EnhancerBySpringCGLIB$$94b37a72]: AutowiredMethodElement for void org.springframework.transaction.annotation.AbstractTransactionManagementConfiguration.setConfigurers(java.util.Collection)
17:39:42.611 [main] DEBUG org.springframework.beans.factory.support.DefaultListableBeanFactory - Eagerly caching bean 'org.springframework.transaction.annotation.ProxyTransactionManagementConfiguration' to allow for resolving potential circular references
17:39:42.612 [main] DEBUG org.springframework.beans.factory.annotation.InjectionMetadata - Processing injected element of bean 'org.springframework.transaction.annotation.ProxyTransactionManagementConfiguration': AutowiredMethodElement for void org.springframework.transaction.annotation.AbstractTransactionManagementConfiguration.setConfigurers(java.util.Collection)
17:39:42.614 [main] DEBUG org.springframework.beans.factory.support.DefaultListableBeanFactory - Returning cached instance of singleton bean 'org.springframework.context.annotation.ConfigurationClassPostProcessor.importRegistry'
17:39:42.615 [main] DEBUG org.springframework.aop.framework.autoproxy.BeanFactoryAdvisorRetrievalHelper - Skipping currently created advisor 'org.springframework.transaction.config.internalTransactionAdvisor'
17:39:42.615 [main] DEBUG org.springframework.beans.factory.support.DefaultListableBeanFactory - Finished creating instance of bean 'org.springframework.transaction.annotation.ProxyTransactionManagementConfiguration'
17:39:42.625 [main] DEBUG org.springframework.beans.factory.support.DefaultListableBeanFactory - Creating shared instance of singleton bean 'transactionAttributeSource'
17:39:42.625 [main] DEBUG org.springframework.beans.factory.support.DefaultListableBeanFactory - Creating instance of bean 'transactionAttributeSource'
17:39:42.625 [main] DEBUG org.springframework.beans.factory.support.DefaultListableBeanFactory - Returning cached instance of singleton bean 'org.springframework.transaction.annotation.ProxyTransactionManagementConfiguration'
17:39:42.626 [main] DEBUG org.springframework.beans.factory.support.DefaultListableBeanFactory - Eagerly caching bean 'transactionAttributeSource' to allow for resolving potential circular references
17:39:42.626 [main] TRACE org.springframework.beans.CachedIntrospectionResults - Getting BeanInfo for class [org.springframework.transaction.annotation.AnnotationTransactionAttributeSource]
17:39:42.627 [main] TRACE org.springframework.beans.CachedIntrospectionResults - Caching PropertyDescriptors for class [org.springframework.transaction.annotation.AnnotationTransactionAttributeSource]
17:39:42.628 [main] TRACE org.springframework.beans.CachedIntrospectionResults - Found bean property 'class' of type [java.lang.Class]
17:39:42.631 [main] DEBUG org.springframework.aop.framework.autoproxy.BeanFactoryAdvisorRetrievalHelper - Skipping currently created advisor 'org.springframework.transaction.config.internalTransactionAdvisor'
17:39:42.635 [main] DEBUG org.springframework.beans.factory.support.DefaultListableBeanFactory - Finished creating instance of bean 'transactionAttributeSource'
17:39:42.635 [main] DEBUG org.springframework.beans.factory.support.DefaultListableBeanFactory - Creating shared instance of singleton bean 'transactionInterceptor'
17:39:42.635 [main] DEBUG org.springframework.beans.factory.support.DefaultListableBeanFactory - Creating instance of bean 'transactionInterceptor'
17:39:42.636 [main] TRACE org.springframework.aop.framework.autoproxy.InfrastructureAdvisorAutoProxyCreator - Did not attempt to auto-proxy infrastructure class [org.springframework.transaction.interceptor.TransactionInterceptor]
17:39:42.636 [main] DEBUG org.springframework.beans.factory.support.DefaultListableBeanFactory - Returning cached instance of singleton bean 'org.springframework.transaction.annotation.ProxyTransactionManagementConfiguration'
17:39:42.638 [main] DEBUG org.springframework.beans.factory.support.DefaultListableBeanFactory - Returning cached instance of singleton bean 'transactionAttributeSource'
17:39:42.640 [main] DEBUG org.springframework.beans.factory.support.DefaultListableBeanFactory - Eagerly caching bean 'transactionInterceptor' to allow for resolving potential circular references
17:39:42.641 [main] TRACE org.springframework.beans.CachedIntrospectionResults - Getting BeanInfo for class [org.springframework.transaction.interceptor.TransactionInterceptor]
17:39:42.645 [main] TRACE org.springframework.beans.CachedIntrospectionResults - Caching PropertyDescriptors for class [org.springframework.transaction.interceptor.TransactionInterceptor]
17:39:42.645 [main] TRACE org.springframework.beans.CachedIntrospectionResults - Found bean property 'beanFactory' of type [org.springframework.beans.factory.BeanFactory]
17:39:42.645 [main] TRACE org.springframework.beans.CachedIntrospectionResults - Found bean property 'class' of type [java.lang.Class]
17:39:42.645 [main] TRACE org.springframework.beans.CachedIntrospectionResults - Found bean property 'transactionAttributeSource' of type [org.springframework.transaction.interceptor.TransactionAttributeSource]
17:39:42.648 [main] TRACE org.springframework.beans.CachedIntrospectionResults - Found bean property 'transactionAttributeSources' of type [[Lorg.springframework.transaction.interceptor.TransactionAttributeSource;]
17:39:42.648 [main] TRACE org.springframework.beans.CachedIntrospectionResults - Found bean property 'transactionAttributes' of type [java.util.Properties]
17:39:42.649 [main] TRACE org.springframework.beans.CachedIntrospectionResults - Found bean property 'transactionManager' of type [org.springframework.transaction.PlatformTransactionManager]
17:39:42.649 [main] TRACE org.springframework.beans.CachedIntrospectionResults - Found bean property 'transactionManagerBeanName' of type [java.lang.String]
17:39:42.651 [main] DEBUG org.springframework.beans.factory.support.DefaultListableBeanFactory - Invoking afterPropertiesSet() on bean with name 'transactionInterceptor'
17:39:42.651 [main] DEBUG org.springframework.beans.factory.support.DefaultListableBeanFactory - Finished creating instance of bean 'transactionInterceptor'
17:39:42.652 [main] DEBUG org.springframework.beans.factory.support.DefaultListableBeanFactory - Eagerly caching bean 'org.springframework.transaction.config.internalTransactionAdvisor' to allow for resolving potential circular references
17:39:42.653 [main] TRACE org.springframework.beans.CachedIntrospectionResults - Getting BeanInfo for class [org.springframework.transaction.interceptor.BeanFactoryTransactionAttributeSourceAdvisor]
17:39:42.657 [main] TRACE org.springframework.beans.CachedIntrospectionResults - Caching PropertyDescriptors for class [org.springframework.transaction.interceptor.BeanFactoryTransactionAttributeSourceAdvisor]
17:39:42.657 [main] TRACE org.springframework.beans.CachedIntrospectionResults - Found bean property 'advice' of type [org.aopalliance.aop.Advice]
17:39:42.657 [main] TRACE org.springframework.beans.CachedIntrospectionResults - Found bean property 'adviceBeanName' of type [java.lang.String]
17:39:42.657 [main] TRACE org.springframework.beans.CachedIntrospectionResults - Found bean property 'beanFactory' of type [org.springframework.beans.factory.BeanFactory]
17:39:42.657 [main] TRACE org.springframework.beans.CachedIntrospectionResults - Found bean property 'class' of type [java.lang.Class]
17:39:42.657 [main] TRACE org.springframework.beans.CachedIntrospectionResults - Found bean property 'classFilter' of type [org.springframework.aop.ClassFilter]
17:39:42.657 [main] TRACE org.springframework.beans.CachedIntrospectionResults - Found bean property 'order' of type [int]
17:39:42.657 [main] TRACE org.springframework.beans.CachedIntrospectionResults - Found bean property 'perInstance' of type [boolean]
17:39:42.657 [main] TRACE org.springframework.beans.CachedIntrospectionResults - Found bean property 'pointcut' of type [org.springframework.aop.Pointcut]
17:39:42.657 [main] TRACE org.springframework.beans.CachedIntrospectionResults - Found bean property 'transactionAttributeSource' of type [org.springframework.transaction.interceptor.TransactionAttributeSource]
17:39:42.658 [main] DEBUG org.springframework.beans.factory.support.DefaultListableBeanFactory - Finished creating instance of bean 'org.springframework.transaction.config.internalTransactionAdvisor'
17:39:42.664 [main] DEBUG org.springframework.beans.factory.support.DefaultListableBeanFactory - Finished creating instance of bean 'appConfig'
17:39:42.665 [main] DEBUG org.springframework.beans.factory.support.DefaultListableBeanFactory - Autowiring by type from bean name 'messageSource' via constructor to bean named 'appConfig'
17:39:42.666 [main] DEBUG org.springframework.beans.factory.annotation.InjectionMetadata - Registered injected element on class [com.soft.config.AppConfig$DBMessageSource]: AutowiredFieldElement for private com.soft.dao.EshopDAOImpl com.soft.config.AppConfig$DBMessageSource.eshopDaoImpl
17:39:42.666 [main] DEBUG org.springframework.beans.factory.support.DefaultListableBeanFactory - Eagerly caching bean 'messageSource' to allow for resolving potential circular references
17:39:42.666 [main] TRACE org.springframework.beans.CachedIntrospectionResults - Getting BeanInfo for class [com.soft.config.AppConfig$DBMessageSource]
17:39:42.668 [main] TRACE org.springframework.beans.CachedIntrospectionResults - Caching PropertyDescriptors for class [com.soft.config.AppConfig$DBMessageSource]
17:39:42.668 [main] TRACE org.springframework.beans.CachedIntrospectionResults - Found bean property 'alwaysUseMessageFormat' of type [boolean]
17:39:42.668 [main] TRACE org.springframework.beans.CachedIntrospectionResults - Found bean property 'class' of type [java.lang.Class]
17:39:42.668 [main] TRACE org.springframework.beans.CachedIntrospectionResults - Found bean property 'commonMessages' of type [java.util.Properties]
17:39:42.668 [main] TRACE org.springframework.beans.CachedIntrospectionResults - Found bean property 'parentMessageSource' of type [org.springframework.context.MessageSource]
17:39:42.669 [main] TRACE org.springframework.beans.CachedIntrospectionResults - Found bean property 'useCodeAsDefaultMessage' of type [boolean]
17:39:42.669 [main] DEBUG org.springframework.beans.factory.annotation.InjectionMetadata - Processing injected element of bean 'messageSource': AutowiredFieldElement for private com.soft.dao.EshopDAOImpl com.soft.config.AppConfig$DBMessageSource.eshopDaoImpl
17:39:42.670 [main] DEBUG org.springframework.beans.factory.support.DefaultListableBeanFactory - Creating shared instance of singleton bean 'DataSourceBean2'
17:39:42.671 [main] DEBUG org.springframework.beans.factory.support.DefaultListableBeanFactory - Creating instance of bean 'DataSourceBean2'
17:39:42.671 [main] DEBUG org.springframework.beans.factory.support.DefaultListableBeanFactory - Creating shared instance of singleton bean 'dataAccessConfig'
17:39:42.671 [main] DEBUG org.springframework.beans.factory.support.DefaultListableBeanFactory - Creating instance of bean 'dataAccessConfig'
17:39:42.672 [main] DEBUG org.springframework.beans.factory.support.DefaultListableBeanFactory - Eagerly caching bean 'dataAccessConfig' to allow for resolving potential circular references
17:39:42.672 [main] TRACE org.springframework.beans.CachedIntrospectionResults - Getting BeanInfo for class [com.soft.config.DataAccessConfig$$EnhancerBySpringCGLIB$$f6a120dc]
17:39:42.673 [main] TRACE org.springframework.beans.CachedIntrospectionResults - Caching PropertyDescriptors for class [com.soft.config.DataAccessConfig$$EnhancerBySpringCGLIB$$f6a120dc]
17:39:42.673 [main] TRACE org.springframework.beans.CachedIntrospectionResults - Found bean property 'beanFactory' of type [org.springframework.beans.factory.BeanFactory]
17:39:42.674 [main] TRACE org.springframework.beans.CachedIntrospectionResults - Found bean property 'class' of type [java.lang.Class]
17:39:42.674 [main] TRACE org.springframework.beans.CachedIntrospectionResults - Found bean property 'dataSource' of type [javax.sql.DataSource]
17:39:42.674 [main] TRACE org.springframework.beans.CachedIntrospectionResults - Found bean property 'devDataSource' of type [javax.sql.DataSource]
17:39:42.674 [main] DEBUG org.springframework.beans.factory.support.DefaultListableBeanFactory - Returning cached instance of singleton bean 'org.springframework.transaction.config.internalTransactionAdvisor'
17:39:42.675 [main] DEBUG org.springframework.beans.factory.support.DefaultListableBeanFactory - Finished creating instance of bean 'dataAccessConfig'
17:39:42.690 [main] DEBUG org.springframework.beans.factory.support.DefaultListableBeanFactory - Eagerly caching bean 'DataSourceBean2' to allow for resolving potential circular references
17:39:42.691 [main] TRACE org.springframework.beans.CachedIntrospectionResults - Getting BeanInfo for class [org.apache.commons.dbcp2.BasicDataSource]
17:39:42.693 [main] TRACE org.springframework.beans.CachedIntrospectionResults - Caching PropertyDescriptors for class [org.apache.commons.dbcp2.BasicDataSource]
17:39:42.693 [main] TRACE org.springframework.beans.CachedIntrospectionResults - Found bean property 'abandonedLogWriter' of type [java.io.PrintWriter]
17:39:42.696 [main] TRACE org.springframework.beans.CachedIntrospectionResults - Found bean property 'abandonedUsageTracking' of type [boolean]
17:39:42.696 [main] TRACE org.springframework.beans.CachedIntrospectionResults - Found bean property 'accessToUnderlyingConnectionAllowed' of type [boolean]
17:39:42.697 [main] TRACE org.springframework.beans.CachedIntrospectionResults - Found bean property 'autoCommitOnReturn' of type [boolean]
17:39:42.697 [main] TRACE org.springframework.beans.CachedIntrospectionResults - Found bean property 'cacheState' of type [boolean]
17:39:42.697 [main] TRACE org.springframework.beans.CachedIntrospectionResults - Found bean property 'class' of type [java.lang.Class]
17:39:42.697 [main] TRACE org.springframework.beans.CachedIntrospectionResults - Found bean property 'closed' of type [boolean]
17:39:42.697 [main] TRACE org.springframework.beans.CachedIntrospectionResults - Found bean property 'connection' of type [java.sql.Connection]
17:39:42.697 [main] TRACE org.springframework.beans.CachedIntrospectionResults - Found bean property 'connectionFactoryClassName' of type [java.lang.String]
17:39:42.697 [main] TRACE org.springframework.beans.CachedIntrospectionResults - Found bean property 'connectionInitSqls' of type [java.util.List]
17:39:42.697 [main] TRACE org.springframework.beans.CachedIntrospectionResults - Found bean property 'connectionInitSqlsAsArray' of type [[Ljava.lang.String;]
17:39:42.697 [main] TRACE org.springframework.beans.CachedIntrospectionResults - Found bean property 'connectionProperties' of type [java.lang.String]
17:39:42.698 [main] TRACE org.springframework.beans.CachedIntrospectionResults - Found bean property 'defaultAutoCommit' of type [java.lang.Boolean]
17:39:42.698 [main] TRACE org.springframework.beans.CachedIntrospectionResults - Found bean property 'defaultCatalog' of type [java.lang.String]
17:39:42.698 [main] TRACE org.springframework.beans.CachedIntrospectionResults - Found bean property 'defaultQueryTimeout' of type [java.lang.Integer]
17:39:42.698 [main] TRACE org.springframework.beans.CachedIntrospectionResults - Found bean property 'defaultReadOnly' of type [java.lang.Boolean]
17:39:42.698 [main] TRACE org.springframework.beans.CachedIntrospectionResults - Found bean property 'defaultSchema' of type [java.lang.String]
17:39:42.698 [main] TRACE org.springframework.beans.CachedIntrospectionResults - Found bean property 'defaultTransactionIsolation' of type [int]
17:39:42.698 [main] TRACE org.springframework.beans.CachedIntrospectionResults - Found bean property 'disconnectionSqlCodes' of type [java.util.Set]
17:39:42.698 [main] TRACE org.springframework.beans.CachedIntrospectionResults - Found bean property 'disconnectionSqlCodesAsArray' of type [[Ljava.lang.String;]
17:39:42.698 [main] TRACE org.springframework.beans.CachedIntrospectionResults - Found bean property 'driver' of type [java.sql.Driver]
17:39:42.699 [main] TRACE org.springframework.beans.CachedIntrospectionResults - Found bean property 'driverClassLoader' of type [java.lang.ClassLoader]
17:39:42.699 [main] TRACE org.springframework.beans.CachedIntrospectionResults - Found bean property 'driverClassName' of type [java.lang.String]
17:39:42.699 [main] TRACE org.springframework.beans.CachedIntrospectionResults - Found bean property 'enableAutoCommitOnReturn' of type [boolean]
17:39:42.699 [main] TRACE org.springframework.beans.CachedIntrospectionResults - Found bean property 'evictionPolicyClassName' of type [java.lang.String]
17:39:42.699 [main] TRACE org.springframework.beans.CachedIntrospectionResults - Found bean property 'fastFailValidation' of type [boolean]
17:39:42.699 [main] TRACE org.springframework.beans.CachedIntrospectionResults - Found bean property 'initialSize' of type [int]
17:39:42.702 [main] TRACE org.springframework.beans.CachedIntrospectionResults - Found bean property 'jmxName' of type [java.lang.String]
17:39:42.702 [main] TRACE org.springframework.beans.CachedIntrospectionResults - Found bean property 'lifo' of type [boolean]
17:39:42.702 [main] TRACE org.springframework.beans.CachedIntrospectionResults - Found bean property 'logAbandoned' of type [boolean]
17:39:42.702 [main] TRACE org.springframework.beans.CachedIntrospectionResults - Found bean property 'logExpiredConnections' of type [boolean]
17:39:42.702 [main] TRACE org.springframework.beans.CachedIntrospectionResults - Found bean property 'logWriter' of type [java.io.PrintWriter]
17:39:42.702 [main] TRACE org.springframework.beans.CachedIntrospectionResults - Found bean property 'loginTimeout' of type [int]
17:39:42.702 [main] TRACE org.springframework.beans.CachedIntrospectionResults - Found bean property 'maxConnLifetimeMillis' of type [long]
17:39:42.702 [main] TRACE org.springframework.beans.CachedIntrospectionResults - Found bean property 'maxIdle' of type [int]
17:39:42.702 [main] TRACE org.springframework.beans.CachedIntrospectionResults - Found bean property 'maxOpenPreparedStatements' of type [int]
17:39:42.702 [main] TRACE org.springframework.beans.CachedIntrospectionResults - Found bean property 'maxTotal' of type [int]
17:39:42.702 [main] TRACE org.springframework.beans.CachedIntrospectionResults - Found bean property 'maxWaitMillis' of type [long]
17:39:42.703 [main] TRACE org.springframework.beans.CachedIntrospectionResults - Found bean property 'minEvictableIdleTimeMillis' of type [long]
17:39:42.703 [main] TRACE org.springframework.beans.CachedIntrospectionResults - Found bean property 'minIdle' of type [int]
17:39:42.703 [main] TRACE org.springframework.beans.CachedIntrospectionResults - Found bean property 'numActive' of type [int]
17:39:42.703 [main] TRACE org.springframework.beans.CachedIntrospectionResults - Found bean property 'numIdle' of type [int]
17:39:42.703 [main] TRACE org.springframework.beans.CachedIntrospectionResults - Found bean property 'numTestsPerEvictionRun' of type [int]
17:39:42.703 [main] TRACE org.springframework.beans.CachedIntrospectionResults - Found bean property 'parentLogger' of type [java.util.logging.Logger]
17:39:42.703 [main] TRACE org.springframework.beans.CachedIntrospectionResults - Found bean property 'password' of type [java.lang.String]
17:39:42.703 [main] TRACE org.springframework.beans.CachedIntrospectionResults - Found bean property 'poolPreparedStatements' of type [boolean]
17:39:42.703 [main] TRACE org.springframework.beans.CachedIntrospectionResults - Found bean property 'removeAbandonedOnBorrow' of type [boolean]
17:39:42.703 [main] TRACE org.springframework.beans.CachedIntrospectionResults - Found bean property 'removeAbandonedOnMaintenance' of type [boolean]
17:39:42.703 [main] TRACE org.springframework.beans.CachedIntrospectionResults - Found bean property 'removeAbandonedTimeout' of type [int]
17:39:42.703 [main] TRACE org.springframework.beans.CachedIntrospectionResults - Found bean property 'rollbackOnReturn' of type [boolean]
17:39:42.703 [main] TRACE org.springframework.beans.CachedIntrospectionResults - Found bean property 'softMinEvictableIdleTimeMillis' of type [long]
17:39:42.704 [main] TRACE org.springframework.beans.CachedIntrospectionResults - Found bean property 'testOnBorrow' of type [boolean]
17:39:42.704 [main] TRACE org.springframework.beans.CachedIntrospectionResults - Found bean property 'testOnCreate' of type [boolean]
17:39:42.704 [main] TRACE org.springframework.beans.CachedIntrospectionResults - Found bean property 'testOnReturn' of type [boolean]
17:39:42.704 [main] TRACE org.springframework.beans.CachedIntrospectionResults - Found bean property 'testWhileIdle' of type [boolean]
17:39:42.704 [main] TRACE org.springframework.beans.CachedIntrospectionResults - Found bean property 'timeBetweenEvictionRunsMillis' of type [long]
17:39:42.704 [main] TRACE org.springframework.beans.CachedIntrospectionResults - Found bean property 'url' of type [java.lang.String]
17:39:42.704 [main] TRACE org.springframework.beans.CachedIntrospectionResults - Found bean property 'username' of type [java.lang.String]
17:39:42.704 [main] TRACE org.springframework.beans.CachedIntrospectionResults - Found bean property 'validationQuery' of type [java.lang.String]
17:39:42.704 [main] TRACE org.springframework.beans.CachedIntrospectionResults - Found bean property 'validationQueryTimeout' of type [int]
17:39:42.705 [main] DEBUG org.springframework.beans.factory.support.DefaultListableBeanFactory - Returning cached instance of singleton bean 'org.springframework.transaction.config.internalTransactionAdvisor'
17:39:42.709 [main] DEBUG org.springframework.beans.factory.support.DefaultListableBeanFactory - Finished creating instance of bean 'DataSourceBean2'
17:39:42.710 [main] DEBUG org.springframework.beans.factory.support.DefaultListableBeanFactory - Creating shared instance of singleton bean 'SessionFactory2'
17:39:42.710 [main] DEBUG org.springframework.beans.factory.support.DefaultListableBeanFactory - Creating instance of bean 'SessionFactory2'
17:39:42.710 [main] DEBUG org.springframework.beans.factory.support.DefaultListableBeanFactory - Returning cached instance of singleton bean 'dataAccessConfig'
17:39:42.711 [main] DEBUG org.springframework.beans.factory.support.DefaultListableBeanFactory - Returning cached instance of singleton bean 'DataSourceBean2'
17:39:42.711 [main] DEBUG org.springframework.beans.factory.support.DefaultListableBeanFactory - Autowiring by type from bean name 'SessionFactory2' via factory method to bean named 'DataSourceBean2'
17:39:42.728 [main] DEBUG org.jboss.logging - Logging Provider: org.jboss.logging.Log4j2LoggerProvider
17:39:42.735 [main] DEBUG org.hibernate.integrator.internal.IntegratorServiceImpl - Adding Integrator [org.hibernate.cfg.beanvalidation.BeanValidationIntegrator].
17:39:42.736 [main] DEBUG org.hibernate.integrator.internal.IntegratorServiceImpl - Adding Integrator [org.hibernate.secure.spi.JaccIntegrator].
17:39:42.738 [main] DEBUG org.hibernate.integrator.internal.IntegratorServiceImpl - Adding Integrator [org.hibernate.cache.internal.CollectionCacheInvalidator].
17:39:42.743 [main] TRACE org.hibernate.boot.registry.selector.internal.StrategySelectorImpl - Registering named strategy selector [org.hibernate.dialect.Dialect] : [Cache71] -> [org.hibernate.dialect.Cache71Dialect]
17:39:42.743 [main] TRACE org.hibernate.boot.registry.selector.internal.StrategySelectorImpl - Registering named strategy selector [org.hibernate.dialect.Dialect] : [CUBRID] -> [org.hibernate.dialect.CUBRIDDialect]
17:39:42.744 [main] TRACE org.hibernate.boot.registry.selector.internal.StrategySelectorImpl - Registering named strategy selector [org.hibernate.dialect.Dialect] : [DB2] -> [org.hibernate.dialect.DB2Dialect]
17:39:42.744 [main] TRACE org.hibernate.boot.registry.selector.internal.StrategySelectorImpl - Registering named strategy selector [org.hibernate.dialect.Dialect] : [DB2390] -> [org.hibernate.dialect.DB2390Dialect]
17:39:42.745 [main] TRACE org.hibernate.boot.registry.selector.internal.StrategySelectorImpl - Registering named strategy selector [org.hibernate.dialect.Dialect] : [DB2390V8] -> [org.hibernate.dialect.DB2390V8Dialect]
17:39:42.745 [main] TRACE org.hibernate.boot.registry.selector.internal.StrategySelectorImpl - Registering named strategy selector [org.hibernate.dialect.Dialect] : [DB2400] -> [org.hibernate.dialect.DB2400Dialect]
17:39:42.746 [main] TRACE org.hibernate.boot.registry.selector.internal.StrategySelectorImpl - Registering named strategy selector [org.hibernate.dialect.Dialect] : [DerbyTenFive] -> [org.hibernate.dialect.DerbyTenFiveDialect]
17:39:42.746 [main] TRACE org.hibernate.boot.registry.selector.internal.StrategySelectorImpl - Registering named strategy selector [org.hibernate.dialect.Dialect] : [DerbyTenSix] -> [org.hibernate.dialect.DerbyTenSixDialect]
17:39:42.746 [main] TRACE org.hibernate.boot.registry.selector.internal.StrategySelectorImpl - Registering named strategy selector [org.hibernate.dialect.Dialect] : [DerbyTenSeven] -> [org.hibernate.dialect.DerbyTenSevenDialect]
17:39:42.747 [main] TRACE org.hibernate.boot.registry.selector.internal.StrategySelectorImpl - Registering named strategy selector [org.hibernate.dialect.Dialect] : [Firebird] -> [org.hibernate.dialect.FirebirdDialect]
17:39:42.747 [main] TRACE org.hibernate.boot.registry.selector.internal.StrategySelectorImpl - Registering named strategy selector [org.hibernate.dialect.Dialect] : [FrontBase] -> [org.hibernate.dialect.FrontBaseDialect]
17:39:42.747 [main] TRACE org.hibernate.boot.registry.selector.internal.StrategySelectorImpl - Registering named strategy selector [org.hibernate.dialect.Dialect] : [H2] -> [org.hibernate.dialect.H2Dialect]
17:39:42.748 [main] TRACE org.hibernate.boot.registry.selector.internal.StrategySelectorImpl - Registering named strategy selector [org.hibernate.dialect.Dialect] : [HANAColumnStore] -> [org.hibernate.dialect.HANAColumnStoreDialect]
17:39:42.749 [main] TRACE org.hibernate.boot.registry.selector.internal.StrategySelectorImpl - Registering named strategy selector [org.hibernate.dialect.Dialect] : [HANARowStore] -> [org.hibernate.dialect.HANARowStoreDialect]
17:39:42.749 [main] TRACE org.hibernate.boot.registry.selector.internal.StrategySelectorImpl - Registering named strategy selector [org.hibernate.dialect.Dialect] : [HSQL] -> [org.hibernate.dialect.HSQLDialect]
17:39:42.750 [main] TRACE org.hibernate.boot.registry.selector.internal.StrategySelectorImpl - Registering named strategy selector [org.hibernate.dialect.Dialect] : [Informix] -> [org.hibernate.dialect.InformixDialect]
17:39:42.750 [main] TRACE org.hibernate.boot.registry.selector.internal.StrategySelectorImpl - Registering named strategy selector [org.hibernate.dialect.Dialect] : [Ingres] -> [org.hibernate.dialect.IngresDialect]
17:39:42.751 [main] TRACE org.hibernate.boot.registry.selector.internal.StrategySelectorImpl - Registering named strategy selector [org.hibernate.dialect.Dialect] : [Ingres9] -> [org.hibernate.dialect.Ingres9Dialect]
17:39:42.751 [main] TRACE org.hibernate.boot.registry.selector.internal.StrategySelectorImpl - Registering named strategy selector [org.hibernate.dialect.Dialect] : [Ingres10] -> [org.hibernate.dialect.Ingres10Dialect]
17:39:42.758 [main] TRACE org.hibernate.boot.registry.selector.internal.StrategySelectorImpl - Registering named strategy selector [org.hibernate.dialect.Dialect] : [Interbase] -> [org.hibernate.dialect.InterbaseDialect]
17:39:42.759 [main] TRACE org.hibernate.boot.registry.selector.internal.StrategySelectorImpl - Registering named strategy selector [org.hibernate.dialect.Dialect] : [JDataStore] -> [org.hibernate.dialect.JDataStoreDialect]
17:39:42.759 [main] TRACE org.hibernate.boot.registry.selector.internal.StrategySelectorImpl - Registering named strategy selector [org.hibernate.dialect.Dialect] : [Mckoi] -> [org.hibernate.dialect.MckoiDialect]
17:39:42.760 [main] TRACE org.hibernate.boot.registry.selector.internal.StrategySelectorImpl - Registering named strategy selector [org.hibernate.dialect.Dialect] : [MimerSQL] -> [org.hibernate.dialect.MimerSQLDialect]
17:39:42.760 [main] TRACE org.hibernate.boot.registry.selector.internal.StrategySelectorImpl - Registering named strategy selector [org.hibernate.dialect.Dialect] : [MySQL5] -> [org.hibernate.dialect.MySQL5Dialect]
17:39:42.761 [main] TRACE org.hibernate.boot.registry.selector.internal.StrategySelectorImpl - Registering named strategy selector [org.hibernate.dialect.Dialect] : [MySQL5InnoDB] -> [org.hibernate.dialect.MySQL5InnoDBDialect]
17:39:42.761 [main] TRACE org.hibernate.boot.registry.selector.internal.StrategySelectorImpl - Registering named strategy selector [org.hibernate.dialect.Dialect] : [MySQL57InnoDB] -> [org.hibernate.dialect.MySQL57InnoDBDialect]
17:39:42.761 [main] TRACE org.hibernate.boot.registry.selector.internal.StrategySelectorImpl - Registering named strategy selector [org.hibernate.dialect.Dialect] : [MySQL57] -> [org.hibernate.dialect.MySQL57Dialect]
17:39:42.763 [main] TRACE org.hibernate.boot.registry.selector.internal.StrategySelectorImpl - Registering named strategy selector [org.hibernate.dialect.Dialect] : [Oracle8i] -> [org.hibernate.dialect.Oracle8iDialect]
17:39:42.763 [main] TRACE org.hibernate.boot.registry.selector.internal.StrategySelectorImpl - Registering named strategy selector [org.hibernate.dialect.Dialect] : [Oracle9i] -> [org.hibernate.dialect.Oracle9iDialect]
17:39:42.763 [main] TRACE org.hibernate.boot.registry.selector.internal.StrategySelectorImpl - Registering named strategy selector [org.hibernate.dialect.Dialect] : [Oracle10g] -> [org.hibernate.dialect.Oracle10gDialect]
17:39:42.763 [main] TRACE org.hibernate.boot.registry.selector.internal.StrategySelectorImpl - Registering named strategy selector [org.hibernate.dialect.Dialect] : [Pointbase] -> [org.hibernate.dialect.PointbaseDialect]
17:39:42.764 [main] TRACE org.hibernate.boot.registry.selector.internal.StrategySelectorImpl - Registering named strategy selector [org.hibernate.dialect.Dialect] : [PostgresPlus] -> [org.hibernate.dialect.PostgresPlusDialect]
17:39:42.764 [main] TRACE org.hibernate.boot.registry.selector.internal.StrategySelectorImpl - Registering named strategy selector [org.hibernate.dialect.Dialect] : [PostgreSQL81] -> [org.hibernate.dialect.PostgreSQL81Dialect]
17:39:42.765 [main] TRACE org.hibernate.boot.registry.selector.internal.StrategySelectorImpl - Registering named strategy selector [org.hibernate.dialect.Dialect] : [PostgreSQL82] -> [org.hibernate.dialect.PostgreSQL82Dialect]
17:39:42.765 [main] TRACE org.hibernate.boot.registry.selector.internal.StrategySelectorImpl - Registering named strategy selector [org.hibernate.dialect.Dialect] : [PostgreSQL9] -> [org.hibernate.dialect.PostgreSQL9Dialect]
17:39:42.765 [main] TRACE org.hibernate.boot.registry.selector.internal.StrategySelectorImpl - Registering named strategy selector [org.hibernate.dialect.Dialect] : [Progress] -> [org.hibernate.dialect.ProgressDialect]
17:39:42.765 [main] TRACE org.hibernate.boot.registry.selector.internal.StrategySelectorImpl - Registering named strategy selector [org.hibernate.dialect.Dialect] : [SAPDB] -> [org.hibernate.dialect.SAPDBDialect]
17:39:42.766 [main] TRACE org.hibernate.boot.registry.selector.internal.StrategySelectorImpl - Registering named strategy selector [org.hibernate.dialect.Dialect] : [SQLServer] -> [org.hibernate.dialect.SQLServerDialect]
17:39:42.767 [main] TRACE org.hibernate.boot.registry.selector.internal.StrategySelectorImpl - Registering named strategy selector [org.hibernate.dialect.Dialect] : [SQLServer2005] -> [org.hibernate.dialect.SQLServer2005Dialect]
17:39:42.767 [main] TRACE org.hibernate.boot.registry.selector.internal.StrategySelectorImpl - Registering named strategy selector [org.hibernate.dialect.Dialect] : [SQLServer2008] -> [org.hibernate.dialect.SQLServer2008Dialect]
17:39:42.767 [main] TRACE org.hibernate.boot.registry.selector.internal.StrategySelectorImpl - Registering named strategy selector [org.hibernate.dialect.Dialect] : [Sybase11] -> [org.hibernate.dialect.Sybase11Dialect]
17:39:42.767 [main] TRACE org.hibernate.boot.registry.selector.internal.StrategySelectorImpl - Registering named strategy selector [org.hibernate.dialect.Dialect] : [SybaseAnywhere] -> [org.hibernate.dialect.SybaseAnywhereDialect]
17:39:42.768 [main] TRACE org.hibernate.boot.registry.selector.internal.StrategySelectorImpl - Registering named strategy selector [org.hibernate.dialect.Dialect] : [SybaseASE15] -> [org.hibernate.dialect.SybaseASE15Dialect]
17:39:42.768 [main] TRACE org.hibernate.boot.registry.selector.internal.StrategySelectorImpl - Registering named strategy selector [org.hibernate.dialect.Dialect] : [SybaseASE157] -> [org.hibernate.dialect.SybaseASE157Dialect]
17:39:42.769 [main] TRACE org.hibernate.boot.registry.selector.internal.StrategySelectorImpl - Registering named strategy selector [org.hibernate.dialect.Dialect] : [Teradata] -> [org.hibernate.dialect.TeradataDialect]
17:39:42.769 [main] TRACE org.hibernate.boot.registry.selector.internal.StrategySelectorImpl - Registering named strategy selector [org.hibernate.dialect.Dialect] : [TimesTen] -> [org.hibernate.dialect.TimesTenDialect]
17:39:42.770 [main] TRACE org.hibernate.boot.registry.selector.internal.StrategySelectorImpl - Registering named strategy selector [org.hibernate.engine.transaction.jta.platform.spi.JtaPlatform] : [Borland] -> [org.hibernate.engine.transaction.jta.platform.internal.BorlandEnterpriseServerJtaPlatform]
17:39:42.770 [main] TRACE org.hibernate.boot.registry.selector.internal.StrategySelectorImpl - Registering named strategy selector [org.hibernate.engine.transaction.jta.platform.spi.JtaPlatform] : [org.hibernate.service.jta.platform.internal.BorlandEnterpriseServerJtaPlatform] -> [org.hibernate.engine.transaction.jta.platform.internal.BorlandEnterpriseServerJtaPlatform]
17:39:42.771 [main] TRACE org.hibernate.boot.registry.selector.internal.StrategySelectorImpl - Registering named strategy selector [org.hibernate.engine.transaction.jta.platform.spi.JtaPlatform] : [Bitronix] -> [org.hibernate.engine.transaction.jta.platform.internal.BitronixJtaPlatform]
17:39:42.771 [main] TRACE org.hibernate.boot.registry.selector.internal.StrategySelectorImpl - Registering named strategy selector [org.hibernate.engine.transaction.jta.platform.spi.JtaPlatform] : [org.hibernate.service.jta.platform.internal.BitronixJtaPlatform] -> [org.hibernate.engine.transaction.jta.platform.internal.BitronixJtaPlatform]
17:39:42.771 [main] TRACE org.hibernate.boot.registry.selector.internal.StrategySelectorImpl - Registering named strategy selector [org.hibernate.engine.transaction.jta.platform.spi.JtaPlatform] : [JBossAS] -> [org.hibernate.engine.transaction.jta.platform.internal.JBossAppServerJtaPlatform]
17:39:42.771 [main] TRACE org.hibernate.boot.registry.selector.internal.StrategySelectorImpl - Registering named strategy selector [org.hibernate.engine.transaction.jta.platform.spi.JtaPlatform] : [org.hibernate.service.jta.platform.internal.JBossAppServerJtaPlatform] -> [org.hibernate.engine.transaction.jta.platform.internal.JBossAppServerJtaPlatform]
17:39:42.771 [main] TRACE org.hibernate.boot.registry.selector.internal.StrategySelectorImpl - Registering named strategy selector [org.hibernate.engine.transaction.jta.platform.spi.JtaPlatform] : [JBossTS] -> [org.hibernate.engine.transaction.jta.platform.internal.JBossStandAloneJtaPlatform]
17:39:42.772 [main] TRACE org.hibernate.boot.registry.selector.internal.StrategySelectorImpl - Registering named strategy selector [org.hibernate.engine.transaction.jta.platform.spi.JtaPlatform] : [org.hibernate.service.jta.platform.internal.JBossStandAloneJtaPlatform] -> [org.hibernate.engine.transaction.jta.platform.internal.JBossStandAloneJtaPlatform]
17:39:42.772 [main] TRACE org.hibernate.boot.registry.selector.internal.StrategySelectorImpl - Registering named strategy selector [org.hibernate.engine.transaction.jta.platform.spi.JtaPlatform] : [JOnAS] -> [org.hibernate.engine.transaction.jta.platform.internal.JOnASJtaPlatform]
17:39:42.772 [main] TRACE org.hibernate.boot.registry.selector.internal.StrategySelectorImpl - Registering named strategy selector [org.hibernate.engine.transaction.jta.platform.spi.JtaPlatform] : [org.hibernate.service.jta.platform.internal.JOnASJtaPlatform] -> [org.hibernate.engine.transaction.jta.platform.internal.JOnASJtaPlatform]
17:39:42.772 [main] TRACE org.hibernate.boot.registry.selector.internal.StrategySelectorImpl - Registering named strategy selector [org.hibernate.engine.transaction.jta.platform.spi.JtaPlatform] : [JOTM] -> [org.hibernate.engine.transaction.jta.platform.internal.JOTMJtaPlatform]
17:39:42.772 [main] TRACE org.hibernate.boot.registry.selector.internal.StrategySelectorImpl - Registering named strategy selector [org.hibernate.engine.transaction.jta.platform.spi.JtaPlatform] : [org.hibernate.service.jta.platform.internal.JOTMJtaPlatform] -> [org.hibernate.engine.transaction.jta.platform.internal.JOTMJtaPlatform]
17:39:42.773 [main] TRACE org.hibernate.boot.registry.selector.internal.StrategySelectorImpl - Registering named strategy selector [org.hibernate.engine.transaction.jta.platform.spi.JtaPlatform] : [JRun4] -> [org.hibernate.engine.transaction.jta.platform.internal.JRun4JtaPlatform]
17:39:42.773 [main] TRACE org.hibernate.boot.registry.selector.internal.StrategySelectorImpl - Registering named strategy selector [org.hibernate.engine.transaction.jta.platform.spi.JtaPlatform] : [org.hibernate.service.jta.platform.internal.JRun4JtaPlatform] -> [org.hibernate.engine.transaction.jta.platform.internal.JRun4JtaPlatform]
17:39:42.773 [main] TRACE org.hibernate.boot.registry.selector.internal.StrategySelectorImpl - Registering named strategy selector [org.hibernate.engine.transaction.jta.platform.spi.JtaPlatform] : [OC4J] -> [org.hibernate.engine.transaction.jta.platform.internal.OC4JJtaPlatform]
17:39:42.773 [main] TRACE org.hibernate.boot.registry.selector.internal.StrategySelectorImpl - Registering named strategy selector [org.hibernate.engine.transaction.jta.platform.spi.JtaPlatform] : [org.hibernate.service.jta.platform.internal.OC4JJtaPlatform] -> [org.hibernate.engine.transaction.jta.platform.internal.OC4JJtaPlatform]
17:39:42.778 [main] TRACE org.hibernate.boot.registry.selector.internal.StrategySelectorImpl - Registering named strategy selector [org.hibernate.engine.transaction.jta.platform.spi.JtaPlatform] : [Orion] -> [org.hibernate.engine.transaction.jta.platform.internal.OrionJtaPlatform]
17:39:42.778 [main] TRACE org.hibernate.boot.registry.selector.internal.StrategySelectorImpl - Registering named strategy selector [org.hibernate.engine.transaction.jta.platform.spi.JtaPlatform] : [org.hibernate.service.jta.platform.internal.OrionJtaPlatform] -> [org.hibernate.engine.transaction.jta.platform.internal.OrionJtaPlatform]
17:39:42.779 [main] TRACE org.hibernate.boot.registry.selector.internal.StrategySelectorImpl - Registering named strategy selector [org.hibernate.engine.transaction.jta.platform.spi.JtaPlatform] : [Resin] -> [org.hibernate.engine.transaction.jta.platform.internal.ResinJtaPlatform]
17:39:42.779 [main] TRACE org.hibernate.boot.registry.selector.internal.StrategySelectorImpl - Registering named strategy selector [org.hibernate.engine.transaction.jta.platform.spi.JtaPlatform] : [org.hibernate.service.jta.platform.internal.ResinJtaPlatform] -> [org.hibernate.engine.transaction.jta.platform.internal.ResinJtaPlatform]
17:39:42.779 [main] TRACE org.hibernate.boot.registry.selector.internal.StrategySelectorImpl - Registering named strategy selector [org.hibernate.engine.transaction.jta.platform.spi.JtaPlatform] : [SapNetWeaver] -> [org.hibernate.engine.transaction.jta.platform.internal.SapNetWeaverJtaPlatform]
17:39:42.779 [main] TRACE org.hibernate.boot.registry.selector.internal.StrategySelectorImpl - Registering named strategy selector [org.hibernate.engine.transaction.jta.platform.spi.JtaPlatform] : [org.hibernate.service.jta.platform.internal.SapNetWeaverJtaPlatform] -> [org.hibernate.engine.transaction.jta.platform.internal.SapNetWeaverJtaPlatform]
17:39:42.779 [main] TRACE org.hibernate.boot.registry.selector.internal.StrategySelectorImpl - Registering named strategy selector [org.hibernate.engine.transaction.jta.platform.spi.JtaPlatform] : [SunOne] -> [org.hibernate.engine.transaction.jta.platform.internal.SunOneJtaPlatform]
17:39:42.779 [main] TRACE org.hibernate.boot.registry.selector.internal.StrategySelectorImpl - Registering named strategy selector [org.hibernate.engine.transaction.jta.platform.spi.JtaPlatform] : [org.hibernate.service.jta.platform.internal.SunOneJtaPlatform] -> [org.hibernate.engine.transaction.jta.platform.internal.SunOneJtaPlatform]
17:39:42.780 [main] TRACE org.hibernate.boot.registry.selector.internal.StrategySelectorImpl - Registering named strategy selector [org.hibernate.engine.transaction.jta.platform.spi.JtaPlatform] : [Weblogic] -> [org.hibernate.engine.transaction.jta.platform.internal.WeblogicJtaPlatform]
17:39:42.780 [main] TRACE org.hibernate.boot.registry.selector.internal.StrategySelectorImpl - Registering named strategy selector [org.hibernate.engine.transaction.jta.platform.spi.JtaPlatform] : [org.hibernate.service.jta.platform.internal.WeblogicJtaPlatform] -> [org.hibernate.engine.transaction.jta.platform.internal.WeblogicJtaPlatform]
17:39:42.780 [main] TRACE org.hibernate.boot.registry.selector.internal.StrategySelectorImpl - Registering named strategy selector [org.hibernate.engine.transaction.jta.platform.spi.JtaPlatform] : [WebSphereLiberty] -> [org.hibernate.engine.transaction.jta.platform.internal.WebSphereLibertyJtaPlatform]
17:39:42.780 [main] TRACE org.hibernate.boot.registry.selector.internal.StrategySelectorImpl - Registering named strategy selector [org.hibernate.engine.transaction.jta.platform.spi.JtaPlatform] : [org.hibernate.engine.transaction.jta.platform.internal.WebSphereLibertyJtaPlatform] -> [org.hibernate.engine.transaction.jta.platform.internal.WebSphereLibertyJtaPlatform]
17:39:42.780 [main] TRACE org.hibernate.boot.registry.selector.internal.StrategySelectorImpl - Registering named strategy selector [org.hibernate.engine.transaction.jta.platform.spi.JtaPlatform] : [WebSphere] -> [org.hibernate.engine.transaction.jta.platform.internal.WebSphereJtaPlatform]
17:39:42.781 [main] TRACE org.hibernate.boot.registry.selector.internal.StrategySelectorImpl - Registering named strategy selector [org.hibernate.engine.transaction.jta.platform.spi.JtaPlatform] : [org.hibernate.service.jta.platform.internal.WebSphereJtaPlatform] -> [org.hibernate.engine.transaction.jta.platform.internal.WebSphereJtaPlatform]
17:39:42.781 [main] TRACE org.hibernate.boot.registry.selector.internal.StrategySelectorImpl - Registering named strategy selector [org.hibernate.engine.transaction.jta.platform.spi.JtaPlatform] : [WebSphereExtended] -> [org.hibernate.engine.transaction.jta.platform.internal.WebSphereExtendedJtaPlatform]
17:39:42.781 [main] TRACE org.hibernate.boot.registry.selector.internal.StrategySelectorImpl - Registering named strategy selector [org.hibernate.engine.transaction.jta.platform.spi.JtaPlatform] : [org.hibernate.service.jta.platform.internal.WebSphereExtendedJtaPlatform] -> [org.hibernate.engine.transaction.jta.platform.internal.WebSphereExtendedJtaPlatform]
17:39:42.782 [main] TRACE org.hibernate.boot.registry.selector.internal.StrategySelectorImpl - Registering named strategy selector [org.hibernate.resource.transaction.spi.TransactionCoordinatorBuilder] : [jdbc] -> [org.hibernate.resource.transaction.backend.jdbc.internal.JdbcResourceLocalTransactionCoordinatorBuilderImpl]
17:39:42.782 [main] TRACE org.hibernate.boot.registry.selector.internal.StrategySelectorImpl - Registering named strategy selector [org.hibernate.resource.transaction.spi.TransactionCoordinatorBuilder] : [jta] -> [org.hibernate.resource.transaction.backend.jta.internal.JtaTransactionCoordinatorBuilderImpl]
17:39:42.782 [main] TRACE org.hibernate.boot.registry.selector.internal.StrategySelectorImpl - Registering named strategy selector [org.hibernate.resource.transaction.spi.TransactionCoordinatorBuilder] : [org.hibernate.transaction.JDBCTransactionFactory] -> [org.hibernate.resource.transaction.backend.jdbc.internal.JdbcResourceLocalTransactionCoordinatorBuilderImpl]
17:39:42.782 [main] TRACE org.hibernate.boot.registry.selector.internal.StrategySelectorImpl - Registering named strategy selector [org.hibernate.resource.transaction.spi.TransactionCoordinatorBuilder] : [org.hibernate.transaction.JTATransactionFactory] -> [org.hibernate.resource.transaction.backend.jta.internal.JtaTransactionCoordinatorBuilderImpl]
17:39:42.782 [main] TRACE org.hibernate.boot.registry.selector.internal.StrategySelectorImpl - Registering named strategy selector [org.hibernate.resource.transaction.spi.TransactionCoordinatorBuilder] : [org.hibernate.transaction.CMTTransactionFactory] -> [org.hibernate.resource.transaction.backend.jta.internal.JtaTransactionCoordinatorBuilderImpl]
17:39:42.783 [main] TRACE org.hibernate.boot.registry.selector.internal.StrategySelectorImpl - Registering named strategy selector [org.hibernate.hql.spi.id.MultiTableBulkIdStrategy] : [persistent] -> [org.hibernate.hql.spi.id.persistent.PersistentTableBulkIdStrategy]
17:39:42.784 [main] TRACE org.hibernate.boot.registry.selector.internal.StrategySelectorImpl - Registering named strategy selector [org.hibernate.hql.spi.id.MultiTableBulkIdStrategy] : [global_temporary] -> [org.hibernate.hql.spi.id.global.GlobalTemporaryTableBulkIdStrategy]
17:39:42.784 [main] TRACE org.hibernate.boot.registry.selector.internal.StrategySelectorImpl - Registering named strategy selector [org.hibernate.hql.spi.id.MultiTableBulkIdStrategy] : [local_temporary] -> [org.hibernate.hql.spi.id.local.LocalTemporaryTableBulkIdStrategy]
17:39:42.785 [main] TRACE org.hibernate.boot.registry.selector.internal.StrategySelectorImpl - Registering named strategy selector [org.hibernate.event.spi.EntityCopyObserver] : [disallow] -> [org.hibernate.event.internal.EntityCopyNotAllowedObserver]
17:39:42.785 [main] TRACE org.hibernate.boot.registry.selector.internal.StrategySelectorImpl - Registering named strategy selector [org.hibernate.event.spi.EntityCopyObserver] : [allow] -> [org.hibernate.event.internal.EntityCopyAllowedObserver]
17:39:42.785 [main] TRACE org.hibernate.boot.registry.selector.internal.StrategySelectorImpl - Registering named strategy selector [org.hibernate.event.spi.EntityCopyObserver] : [log] -> [org.hibernate.event.internal.EntityCopyAllowedLoggedObserver]
17:39:42.786 [main] TRACE org.hibernate.boot.registry.selector.internal.StrategySelectorImpl - Registering named strategy selector [org.hibernate.boot.model.naming.ImplicitNamingStrategy] : [default] -> [org.hibernate.boot.model.naming.ImplicitNamingStrategyJpaCompliantImpl]
17:39:42.786 [main] TRACE org.hibernate.boot.registry.selector.internal.StrategySelectorImpl - Registering named strategy selector [org.hibernate.boot.model.naming.ImplicitNamingStrategy] : [jpa] -> [org.hibernate.boot.model.naming.ImplicitNamingStrategyJpaCompliantImpl]
17:39:42.786 [main] TRACE org.hibernate.boot.registry.selector.internal.StrategySelectorImpl - Registering named strategy selector [org.hibernate.boot.model.naming.ImplicitNamingStrategy] : [legacy-jpa] -> [org.hibernate.boot.model.naming.ImplicitNamingStrategyLegacyJpaImpl]
17:39:42.786 [main] TRACE org.hibernate.boot.registry.selector.internal.StrategySelectorImpl - Registering named strategy selector [org.hibernate.boot.model.naming.ImplicitNamingStrategy] : [legacy-hbm] -> [org.hibernate.boot.model.naming.ImplicitNamingStrategyLegacyHbmImpl]
17:39:42.787 [main] TRACE org.hibernate.boot.registry.selector.internal.StrategySelectorImpl - Registering named strategy selector [org.hibernate.boot.model.naming.ImplicitNamingStrategy] : [component-path] -> [org.hibernate.boot.model.naming.ImplicitNamingStrategyComponentPathImpl]
17:39:42.787 [main] TRACE org.hibernate.boot.registry.selector.internal.StrategySelectorImpl - Registering named strategy selector [org.hibernate.cache.spi.CacheKeysFactory] : [default] -> [org.hibernate.cache.internal.DefaultCacheKeysFactory]
17:39:42.787 [main] TRACE org.hibernate.boot.registry.selector.internal.StrategySelectorImpl - Registering named strategy selector [org.hibernate.cache.spi.CacheKeysFactory] : [simple] -> [org.hibernate.cache.internal.SimpleCacheKeysFactory]
17:39:42.808 [main] INFO  org.hibernate.Version - HHH000412: Hibernate Core {5.2.13.Final}
17:39:42.809 [main] INFO  org.hibernate.cfg.Environment - HHH000206: hibernate.properties not found
17:39:42.817 [main] TRACE org.springframework.core.io.support.PathMatchingResourcePatternResolver - Resolved classpath location [com/soft/entity/] to resources [URL [file:/home/mihail/programs/project_mvn/eShop/eShop_repo/eshop/target/test-classes/com/soft/entity/], URL [file:/home/mihail/programs/project_mvn/eShop/eShop_repo/eshop/target/classes/com/soft/entity/]]
17:39:42.817 [main] TRACE org.springframework.core.io.support.PathMatchingResourcePatternResolver - Looking for matching resources in directory tree [/home/mihail/programs/project_mvn/eShop/eShop_repo/eshop/target/test-classes/com/soft/entity]
17:39:42.817 [main] TRACE org.springframework.core.io.support.PathMatchingResourcePatternResolver - Searching directory [/home/mihail/programs/project_mvn/eShop/eShop_repo/eshop/target/test-classes/com/soft/entity] for files matching pattern [/home/mihail/programs/project_mvn/eShop/eShop_repo/eshop/target/test-classes/com/soft/entity/**/*.class]
17:39:42.818 [main] TRACE org.springframework.core.io.support.PathMatchingResourcePatternResolver - Looking for matching resources in directory tree [/home/mihail/programs/project_mvn/eShop/eShop_repo/eshop/target/classes/com/soft/entity]
17:39:42.818 [main] TRACE org.springframework.core.io.support.PathMatchingResourcePatternResolver - Searching directory [/home/mihail/programs/project_mvn/eShop/eShop_repo/eshop/target/classes/com/soft/entity] for files matching pattern [/home/mihail/programs/project_mvn/eShop/eShop_repo/eshop/target/classes/com/soft/entity/**/*.class]
17:39:42.819 [main] TRACE org.springframework.core.io.support.PathMatchingResourcePatternResolver - Resolved location pattern [classpath*:com/soft/entity/**/*.class] to resources [file [/home/mihail/programs/project_mvn/eShop/eShop_repo/eshop/target/test-classes/com/soft/entity/CategoryEntityTest.class], file [/home/mihail/programs/project_mvn/eShop/eShop_repo/eshop/target/test-classes/com/soft/entity/LocaleMessageEntityTest.class], file [/home/mihail/programs/project_mvn/eShop/eShop_repo/eshop/target/test-classes/com/soft/entity/ProducerEntityTest.class], file [/home/mihail/programs/project_mvn/eShop/eShop_repo/eshop/target/test-classes/com/soft/entity/ResistorEntityTest.class], file [/home/mihail/programs/project_mvn/eShop/eShop_repo/eshop/target/test-classes/com/soft/entity/TransistorEntityTest.class], file [/home/mihail/programs/project_mvn/eShop/eShop_repo/eshop/target/classes/com/soft/entity/BaseEntity.class], file [/home/mihail/programs/project_mvn/eShop/eShop_repo/eshop/target/classes/com/soft/entity/CategoryEntity.class], file [/home/mihail/programs/project_mvn/eShop/eShop_repo/eshop/target/classes/com/soft/entity/LocaleMessageEntity.class], file [/home/mihail/programs/project_mvn/eShop/eShop_repo/eshop/target/classes/com/soft/entity/ProducerEntity.class], file [/home/mihail/programs/project_mvn/eShop/eShop_repo/eshop/target/classes/com/soft/entity/ResistorEntity.class], file [/home/mihail/programs/project_mvn/eShop/eShop_repo/eshop/target/classes/com/soft/entity/TransistorEntity.class]]
17:39:42.822 [main] DEBUG org.hibernate.cfg.Configuration - Building session factory using internal StandardServiceRegistryBuilder
17:39:42.826 [main] DEBUG org.hibernate.service.spi.ServiceBinding - Overriding existing service binding [org.hibernate.secure.spi.JaccService]
17:39:42.826 [main] DEBUG org.hibernate.cfg.Configuration - Building session factory using provided StandardServiceRegistry
17:39:42.832 [main] TRACE org.hibernate.service.internal.AbstractServiceRegistryImpl - Initializing service [role=org.hibernate.engine.config.spi.ConfigurationService]
17:39:42.835 [main] TRACE org.hibernate.service.internal.AbstractServiceRegistryImpl - Initializing service [role=org.hibernate.cache.spi.RegionFactory]
17:39:42.845 [main] DEBUG org.hibernate.cache.internal.StrategyCreatorRegionFactoryImpl - RegionFactory impl [org.hibernate.cache.jcache.JCacheRegionFactory] did not provide constructor accepting Properties
17:39:42.845 [main] DEBUG org.hibernate.cache.internal.StrategyCreatorRegionFactoryImpl - RegionFactory impl [org.hibernate.cache.jcache.JCacheRegionFactory] did not provide constructor accepting Properties
17:39:42.845 [main] DEBUG org.hibernate.cache.internal.RegionFactoryInitiator - Cache region factory : org.hibernate.cache.jcache.JCacheRegionFactory
17:39:42.849 [main] INFO  org.hibernate.annotations.common.Version - HCANN000001: Hibernate Commons Annotations {5.0.1.Final}
17:39:42.853 [main] TRACE org.hibernate.service.internal.AbstractServiceRegistryImpl - Initializing service [role=org.hibernate.boot.cfgxml.spi.CfgXmlAccessService]
17:39:42.863 [main] DEBUG org.hibernate.type.BasicTypeRegistry - Adding type registration boolean -> org.hibernate.type.BooleanType@2cd2c8fe
17:39:42.863 [main] DEBUG org.hibernate.type.BasicTypeRegistry - Adding type registration boolean -> org.hibernate.type.BooleanType@2cd2c8fe
17:39:42.864 [main] DEBUG org.hibernate.type.BasicTypeRegistry - Adding type registration java.lang.Boolean -> org.hibernate.type.BooleanType@2cd2c8fe
17:39:42.864 [main] DEBUG org.hibernate.type.BasicTypeRegistry - Adding type registration numeric_boolean -> org.hibernate.type.NumericBooleanType@1a6f2363
17:39:42.865 [main] DEBUG org.hibernate.type.BasicTypeRegistry - Adding type registration true_false -> org.hibernate.type.TrueFalseType@56b78e55
17:39:42.865 [main] DEBUG org.hibernate.type.BasicTypeRegistry - Adding type registration yes_no -> org.hibernate.type.YesNoType@3277e499
17:39:42.866 [main] DEBUG org.hibernate.type.BasicTypeRegistry - Adding type registration byte -> org.hibernate.type.ByteType@2d72f75e
17:39:42.866 [main] DEBUG org.hibernate.type.BasicTypeRegistry - Adding type registration byte -> org.hibernate.type.ByteType@2d72f75e
17:39:42.866 [main] DEBUG org.hibernate.type.BasicTypeRegistry - Adding type registration java.lang.Byte -> org.hibernate.type.ByteType@2d72f75e
17:39:42.867 [main] DEBUG org.hibernate.type.BasicTypeRegistry - Adding type registration character -> org.hibernate.type.CharacterType@7fe083b1
17:39:42.867 [main] DEBUG org.hibernate.type.BasicTypeRegistry - Adding type registration char -> org.hibernate.type.CharacterType@7fe083b1
17:39:42.867 [main] DEBUG org.hibernate.type.BasicTypeRegistry - Adding type registration java.lang.Character -> org.hibernate.type.CharacterType@7fe083b1
17:39:42.868 [main] DEBUG org.hibernate.type.BasicTypeRegistry - Adding type registration short -> org.hibernate.type.ShortType@5a62b2a4
17:39:42.868 [main] DEBUG org.hibernate.type.BasicTypeRegistry - Adding type registration short -> org.hibernate.type.ShortType@5a62b2a4
17:39:42.868 [main] DEBUG org.hibernate.type.BasicTypeRegistry - Adding type registration java.lang.Short -> org.hibernate.type.ShortType@5a62b2a4
17:39:42.869 [main] DEBUG org.hibernate.type.BasicTypeRegistry - Adding type registration integer -> org.hibernate.type.IntegerType@3174cb09
17:39:42.869 [main] DEBUG org.hibernate.type.BasicTypeRegistry - Adding type registration int -> org.hibernate.type.IntegerType@3174cb09
17:39:42.869 [main] DEBUG org.hibernate.type.BasicTypeRegistry - Adding type registration java.lang.Integer -> org.hibernate.type.IntegerType@3174cb09
17:39:42.870 [main] DEBUG org.hibernate.type.BasicTypeRegistry - Adding type registration long -> org.hibernate.type.LongType@352c308
17:39:42.870 [main] DEBUG org.hibernate.type.BasicTypeRegistry - Adding type registration long -> org.hibernate.type.LongType@352c308
17:39:42.870 [main] DEBUG org.hibernate.type.BasicTypeRegistry - Adding type registration java.lang.Long -> org.hibernate.type.LongType@352c308
17:39:42.871 [main] DEBUG org.hibernate.type.BasicTypeRegistry - Adding type registration float -> org.hibernate.type.FloatType@263f04ca
17:39:42.871 [main] DEBUG org.hibernate.type.BasicTypeRegistry - Adding type registration float -> org.hibernate.type.FloatType@263f04ca
17:39:42.871 [main] DEBUG org.hibernate.type.BasicTypeRegistry - Adding type registration java.lang.Float -> org.hibernate.type.FloatType@263f04ca
17:39:42.872 [main] DEBUG org.hibernate.type.BasicTypeRegistry - Adding type registration double -> org.hibernate.type.DoubleType@2f3c6ac4
17:39:42.872 [main] DEBUG org.hibernate.type.BasicTypeRegistry - Adding type registration double -> org.hibernate.type.DoubleType@2f3c6ac4
17:39:42.872 [main] DEBUG org.hibernate.type.BasicTypeRegistry - Adding type registration java.lang.Double -> org.hibernate.type.DoubleType@2f3c6ac4
17:39:42.873 [main] DEBUG org.hibernate.type.BasicTypeRegistry - Adding type registration big_decimal -> org.hibernate.type.BigDecimalType@26b894bd
17:39:42.873 [main] DEBUG org.hibernate.type.BasicTypeRegistry - Adding type registration java.math.BigDecimal -> org.hibernate.type.BigDecimalType@26b894bd
17:39:42.874 [main] DEBUG org.hibernate.type.BasicTypeRegistry - Adding type registration big_integer -> org.hibernate.type.BigIntegerType@62f87c44
17:39:42.874 [main] DEBUG org.hibernate.type.BasicTypeRegistry - Adding type registration java.math.BigInteger -> org.hibernate.type.BigIntegerType@62f87c44
17:39:42.875 [main] DEBUG org.hibernate.type.BasicTypeRegistry - Adding type registration string -> org.hibernate.type.StringType@158d255c
17:39:42.875 [main] DEBUG org.hibernate.type.BasicTypeRegistry - Adding type registration java.lang.String -> org.hibernate.type.StringType@158d255c
17:39:42.875 [main] DEBUG org.hibernate.type.BasicTypeRegistry - Adding type registration nstring -> org.hibernate.type.StringNVarcharType@35038141
17:39:42.876 [main] DEBUG org.hibernate.type.BasicTypeRegistry - Adding type registration ncharacter -> org.hibernate.type.CharacterNCharType@72efb5c1
17:39:42.876 [main] DEBUG org.hibernate.type.BasicTypeRegistry - Adding type registration url -> org.hibernate.type.UrlType@2ad3a1bb
17:39:42.876 [main] DEBUG org.hibernate.type.BasicTypeRegistry - Adding type registration java.net.URL -> org.hibernate.type.UrlType@2ad3a1bb
17:39:42.877 [main] DEBUG org.hibernate.type.BasicTypeRegistry - Adding type registration Duration -> org.hibernate.type.DurationType@5bd73d1a
17:39:42.878 [main] DEBUG org.hibernate.type.BasicTypeRegistry - Adding type registration java.time.Duration -> org.hibernate.type.DurationType@5bd73d1a
17:39:42.885 [main] DEBUG org.hibernate.type.BasicTypeRegistry - Adding type registration Instant -> org.hibernate.type.InstantType@29ad44e3
17:39:42.886 [main] DEBUG org.hibernate.type.BasicTypeRegistry - Adding type registration java.time.Instant -> org.hibernate.type.InstantType@29ad44e3
17:39:42.887 [main] DEBUG org.hibernate.type.BasicTypeRegistry - Adding type registration LocalDateTime -> org.hibernate.type.LocalDateTimeType@726386ed
17:39:42.887 [main] DEBUG org.hibernate.type.BasicTypeRegistry - Adding type registration java.time.LocalDateTime -> org.hibernate.type.LocalDateTimeType@726386ed
17:39:42.888 [main] DEBUG org.hibernate.type.BasicTypeRegistry - Adding type registration LocalDate -> org.hibernate.type.LocalDateType@51650883
17:39:42.888 [main] DEBUG org.hibernate.type.BasicTypeRegistry - Adding type registration java.time.LocalDate -> org.hibernate.type.LocalDateType@51650883
17:39:42.889 [main] DEBUG org.hibernate.type.BasicTypeRegistry - Adding type registration LocalTime -> org.hibernate.type.LocalTimeType@241a53ef
17:39:42.889 [main] DEBUG org.hibernate.type.BasicTypeRegistry - Adding type registration java.time.LocalTime -> org.hibernate.type.LocalTimeType@241a53ef
17:39:42.890 [main] DEBUG org.hibernate.type.BasicTypeRegistry - Adding type registration OffsetDateTime -> org.hibernate.type.OffsetDateTimeType@285f09de
17:39:42.890 [main] DEBUG org.hibernate.type.BasicTypeRegistry - Adding type registration java.time.OffsetDateTime -> org.hibernate.type.OffsetDateTimeType@285f09de
17:39:42.891 [main] DEBUG org.hibernate.type.BasicTypeRegistry - Adding type registration OffsetTime -> org.hibernate.type.OffsetTimeType@7249dadf
17:39:42.891 [main] DEBUG org.hibernate.type.BasicTypeRegistry - Adding type registration java.time.OffsetTime -> org.hibernate.type.OffsetTimeType@7249dadf
17:39:42.893 [main] DEBUG org.hibernate.type.BasicTypeRegistry - Adding type registration ZonedDateTime -> org.hibernate.type.ZonedDateTimeType@82c57b3
17:39:42.893 [main] DEBUG org.hibernate.type.BasicTypeRegistry - Adding type registration java.time.ZonedDateTime -> org.hibernate.type.ZonedDateTimeType@82c57b3
17:39:42.894 [main] DEBUG org.hibernate.type.BasicTypeRegistry - Adding type registration date -> org.hibernate.type.DateType@1734f68
17:39:42.895 [main] DEBUG org.hibernate.type.BasicTypeRegistry - Adding type registration java.sql.Date -> org.hibernate.type.DateType@1734f68
17:39:42.896 [main] DEBUG org.hibernate.type.BasicTypeRegistry - Adding type registration time -> org.hibernate.type.TimeType@133e019b
17:39:42.897 [main] DEBUG org.hibernate.type.BasicTypeRegistry - Adding type registration java.sql.Time -> org.hibernate.type.TimeType@133e019b
17:39:42.897 [main] DEBUG org.hibernate.type.BasicTypeRegistry - Adding type registration timestamp -> org.hibernate.type.TimestampType@210386e0
17:39:42.898 [main] DEBUG org.hibernate.type.BasicTypeRegistry - Adding type registration java.sql.Timestamp -> org.hibernate.type.TimestampType@210386e0
17:39:42.898 [main] DEBUG org.hibernate.type.BasicTypeRegistry - Adding type registration java.util.Date -> org.hibernate.type.TimestampType@210386e0
17:39:42.899 [main] DEBUG org.hibernate.type.BasicTypeRegistry - Adding type registration dbtimestamp -> org.hibernate.type.DbTimestampType@51684e4a
17:39:42.900 [main] DEBUG org.hibernate.type.BasicTypeRegistry - Adding type registration calendar -> org.hibernate.type.CalendarType@6e33c391
17:39:42.900 [main] DEBUG org.hibernate.type.BasicTypeRegistry - Adding type registration java.util.Calendar -> org.hibernate.type.CalendarType@6e33c391
17:39:42.900 [main] DEBUG org.hibernate.type.BasicTypeRegistry - Adding type registration java.util.GregorianCalendar -> org.hibernate.type.CalendarType@6e33c391
17:39:42.901 [main] DEBUG org.hibernate.type.BasicTypeRegistry - Adding type registration calendar_date -> org.hibernate.type.CalendarDateType@372b0d86
17:39:42.901 [main] DEBUG org.hibernate.type.BasicTypeRegistry - Adding type registration locale -> org.hibernate.type.LocaleType@2a7b6f69
17:39:42.902 [main] DEBUG org.hibernate.type.BasicTypeRegistry - Adding type registration java.util.Locale -> org.hibernate.type.LocaleType@2a7b6f69
17:39:42.902 [main] DEBUG org.hibernate.type.BasicTypeRegistry - Adding type registration currency -> org.hibernate.type.CurrencyType@54ec8cc9
17:39:42.902 [main] DEBUG org.hibernate.type.BasicTypeRegistry - Adding type registration java.util.Currency -> org.hibernate.type.CurrencyType@54ec8cc9
17:39:42.903 [main] DEBUG org.hibernate.type.BasicTypeRegistry - Adding type registration timezone -> org.hibernate.type.TimeZoneType@1edb61b1
17:39:42.903 [main] DEBUG org.hibernate.type.BasicTypeRegistry - Adding type registration java.util.TimeZone -> org.hibernate.type.TimeZoneType@1edb61b1
17:39:42.903 [main] DEBUG org.hibernate.type.BasicTypeRegistry - Adding type registration class -> org.hibernate.type.ClassType@32f61a31
17:39:42.903 [main] DEBUG org.hibernate.type.BasicTypeRegistry - Adding type registration java.lang.Class -> org.hibernate.type.ClassType@32f61a31
17:39:42.904 [main] DEBUG org.hibernate.type.BasicTypeRegistry - Adding type registration uuid-binary -> org.hibernate.type.UUIDBinaryType@36ac8a63
17:39:42.904 [main] DEBUG org.hibernate.type.BasicTypeRegistry - Adding type registration java.util.UUID -> org.hibernate.type.UUIDBinaryType@36ac8a63
17:39:42.905 [main] DEBUG org.hibernate.type.BasicTypeRegistry - Adding type registration uuid-char -> org.hibernate.type.UUIDCharType@251f7d26
17:39:42.906 [main] DEBUG org.hibernate.type.BasicTypeRegistry - Adding type registration binary -> org.hibernate.type.BinaryType@781e7326
17:39:42.906 [main] DEBUG org.hibernate.type.BasicTypeRegistry - Adding type registration byte[] -> org.hibernate.type.BinaryType@781e7326
17:39:42.906 [main] DEBUG org.hibernate.type.BasicTypeRegistry - Adding type registration [B -> org.hibernate.type.BinaryType@781e7326
17:39:42.906 [main] DEBUG org.hibernate.type.BasicTypeRegistry - Adding type registration wrapper-binary -> org.hibernate.type.WrapperBinaryType@503d56b5
17:39:42.907 [main] DEBUG org.hibernate.type.BasicTypeRegistry - Adding type registration Byte[] -> org.hibernate.type.WrapperBinaryType@503d56b5
17:39:42.907 [main] DEBUG org.hibernate.type.BasicTypeRegistry - Adding type registration [Ljava.lang.Byte; -> org.hibernate.type.WrapperBinaryType@503d56b5
17:39:42.907 [main] DEBUG org.hibernate.type.BasicTypeRegistry - Adding type registration row_version -> org.hibernate.type.RowVersionType@329a1243
17:39:42.908 [main] DEBUG org.hibernate.type.BasicTypeRegistry - Adding type registration image -> org.hibernate.type.ImageType@37d3d232
17:39:42.908 [main] DEBUG org.hibernate.type.BasicTypeRegistry - Adding type registration characters -> org.hibernate.type.CharArrayType@1d572e62
17:39:42.908 [main] DEBUG org.hibernate.type.BasicTypeRegistry - Adding type registration char[] -> org.hibernate.type.CharArrayType@1d572e62
17:39:42.908 [main] DEBUG org.hibernate.type.BasicTypeRegistry - Adding type registration [C -> org.hibernate.type.CharArrayType@1d572e62
17:39:42.909 [main] DEBUG org.hibernate.type.BasicTypeRegistry - Adding type registration wrapper-characters -> org.hibernate.type.CharacterArrayType@2f40a43
17:39:42.909 [main] DEBUG org.hibernate.type.BasicTypeRegistry - Adding type registration [Ljava.lang.Character; -> org.hibernate.type.CharacterArrayType@2f40a43
17:39:42.909 [main] DEBUG org.hibernate.type.BasicTypeRegistry - Adding type registration Character[] -> org.hibernate.type.CharacterArrayType@2f40a43
17:39:42.910 [main] DEBUG org.hibernate.type.BasicTypeRegistry - Adding type registration text -> org.hibernate.type.TextType@547e29a4
17:39:42.910 [main] DEBUG org.hibernate.type.BasicTypeRegistry - Adding type registration ntext -> org.hibernate.type.NTextType@21680803
17:39:42.913 [main] DEBUG org.hibernate.type.BasicTypeRegistry - Adding type registration blob -> org.hibernate.type.BlobType@6d1310f6
17:39:42.914 [main] DEBUG org.hibernate.type.BasicTypeRegistry - Adding type registration java.sql.Blob -> org.hibernate.type.BlobType@6d1310f6
17:39:42.914 [main] DEBUG org.hibernate.type.BasicTypeRegistry - Adding type registration materialized_blob -> org.hibernate.type.MaterializedBlobType@50b8ae8d
17:39:42.916 [main] DEBUG org.hibernate.type.BasicTypeRegistry - Adding type registration clob -> org.hibernate.type.ClobType@3f2049b6
17:39:42.916 [main] DEBUG org.hibernate.type.BasicTypeRegistry - Adding type registration java.sql.Clob -> org.hibernate.type.ClobType@3f2049b6
17:39:42.918 [main] DEBUG org.hibernate.type.BasicTypeRegistry - Adding type registration nclob -> org.hibernate.type.NClobType@6831d8fd
17:39:42.918 [main] DEBUG org.hibernate.type.BasicTypeRegistry - Adding type registration java.sql.NClob -> org.hibernate.type.NClobType@6831d8fd
17:39:42.923 [main] DEBUG org.hibernate.type.BasicTypeRegistry - Adding type registration materialized_clob -> org.hibernate.type.MaterializedClobType@3aaf4f07
17:39:42.924 [main] DEBUG org.hibernate.type.BasicTypeRegistry - Adding type registration materialized_nclob -> org.hibernate.type.MaterializedNClobType@5a2f016d
17:39:42.925 [main] DEBUG org.hibernate.type.BasicTypeRegistry - Adding type registration serializable -> org.hibernate.type.SerializableType@1cefc4b3
17:39:42.928 [main] DEBUG org.hibernate.type.BasicTypeRegistry - Adding type registration object -> org.hibernate.type.ObjectType@7561db12
17:39:42.928 [main] DEBUG org.hibernate.type.BasicTypeRegistry - Adding type registration java.lang.Object -> org.hibernate.type.ObjectType@7561db12
17:39:42.935 [main] DEBUG org.hibernate.type.BasicTypeRegistry - Adding type registration imm_date -> org.hibernate.type.AdaptedImmutableType@15deb1dc
17:39:42.935 [main] DEBUG org.hibernate.type.BasicTypeRegistry - Adding type registration imm_time -> org.hibernate.type.AdaptedImmutableType@6e9c413e
17:39:42.935 [main] DEBUG org.hibernate.type.BasicTypeRegistry - Adding type registration imm_timestamp -> org.hibernate.type.AdaptedImmutableType@57a4d5ee
17:39:42.935 [main] DEBUG org.hibernate.type.BasicTypeRegistry - Adding type registration imm_dbtimestamp -> org.hibernate.type.AdaptedImmutableType@5af5def9
17:39:42.935 [main] DEBUG org.hibernate.type.BasicTypeRegistry - Adding type registration imm_calendar -> org.hibernate.type.AdaptedImmutableType@3a45c42a
17:39:42.935 [main] DEBUG org.hibernate.type.BasicTypeRegistry - Adding type registration imm_calendar_date -> org.hibernate.type.AdaptedImmutableType@36dce7ed
17:39:42.935 [main] DEBUG org.hibernate.type.BasicTypeRegistry - Adding type registration imm_binary -> org.hibernate.type.AdaptedImmutableType@47a64f7d
17:39:42.935 [main] DEBUG org.hibernate.type.BasicTypeRegistry - Adding type registration imm_serializable -> org.hibernate.type.AdaptedImmutableType@33d05366
17:39:42.936 [main] TRACE org.hibernate.service.internal.AbstractServiceRegistryImpl - Initializing service [role=org.hibernate.engine.jdbc.spi.JdbcServices]
17:39:42.937 [main] TRACE org.hibernate.service.internal.AbstractServiceRegistryImpl - Initializing service [role=org.hibernate.engine.jdbc.env.spi.JdbcEnvironment]
17:39:42.937 [main] TRACE org.hibernate.service.internal.AbstractServiceRegistryImpl - Initializing service [role=org.hibernate.engine.jdbc.dialect.spi.DialectFactory]
17:39:42.937 [main] TRACE org.hibernate.service.internal.AbstractServiceRegistryImpl - Initializing service [role=org.hibernate.engine.jdbc.dialect.spi.DialectResolver]
17:39:42.941 [main] TRACE org.hibernate.service.internal.AbstractServiceRegistryImpl - Initializing service [role=org.hibernate.engine.jdbc.connections.spi.ConnectionProvider]
17:39:42.943 [main] TRACE org.hibernate.service.internal.AbstractServiceRegistryImpl - Initializing service [role=org.hibernate.engine.jndi.spi.JndiService]
17:39:43.216 [main] INFO  hsqldb.db.HSQLDB7015C811F7.ENGINE - checkpointClose start
17:39:43.216 [main] INFO  hsqldb.db.HSQLDB7015C811F7.ENGINE - checkpointClose synched
17:39:43.260 [main] INFO  hsqldb.db.HSQLDB7015C811F7.ENGINE - checkpointClose script done
17:39:43.335 [main] INFO  hsqldb.db.HSQLDB7015C811F7.ENGINE - checkpointClose end
17:39:43.413 [main] DEBUG org.hibernate.engine.jdbc.env.internal.JdbcEnvironmentInitiator - Database ->
       name : HSQL Database Engine
    version : 2.5.0
      major : 2
      minor : 5
17:39:43.413 [main] DEBUG org.hibernate.engine.jdbc.env.internal.JdbcEnvironmentInitiator - Driver ->
       name : HSQL Database Engine Driver
    version : 2.5.0
      major : 2
      minor : 5
17:39:43.414 [main] DEBUG org.hibernate.engine.jdbc.env.internal.JdbcEnvironmentInitiator - JDBC version : 4.2
17:39:43.422 [main] INFO  org.hibernate.dialect.Dialect - HHH000400: Using dialect: org.hibernate.dialect.MySQL5Dialect
17:39:43.440 [main] DEBUG org.hibernate.engine.jdbc.env.spi.IdentifierHelperBuilder - JDBC driver metadata reported database stores quoted identifiers in neither upper, lower nor mixed case
17:39:43.441 [main] TRACE org.hibernate.engine.jdbc.env.internal.NormalizingIdentifierHelperImpl - Normalizing identifier quoting [PUBLIC]
17:39:43.441 [main] TRACE org.hibernate.engine.jdbc.env.internal.NormalizingIdentifierHelperImpl - Normalizing identifier quoting [PUBLIC]
17:39:43.461 [main] TRACE org.hibernate.service.internal.AbstractServiceRegistryImpl - Initializing service [role=org.hibernate.id.factory.spi.MutableIdentifierGeneratorFactory]
17:39:43.462 [main] DEBUG org.hibernate.id.factory.internal.DefaultIdentifierGeneratorFactory - Registering IdentifierGenerator strategy [uuid2] -> [org.hibernate.id.UUIDGenerator]
17:39:43.462 [main] DEBUG org.hibernate.id.factory.internal.DefaultIdentifierGeneratorFactory - Registering IdentifierGenerator strategy [guid] -> [org.hibernate.id.GUIDGenerator]
17:39:43.462 [main] DEBUG org.hibernate.id.factory.internal.DefaultIdentifierGeneratorFactory - Registering IdentifierGenerator strategy [uuid] -> [org.hibernate.id.UUIDHexGenerator]
17:39:43.463 [main] DEBUG org.hibernate.id.factory.internal.DefaultIdentifierGeneratorFactory - Registering IdentifierGenerator strategy [uuid.hex] -> [org.hibernate.id.UUIDHexGenerator]
17:39:43.463 [main] DEBUG org.hibernate.id.factory.internal.DefaultIdentifierGeneratorFactory - Registering IdentifierGenerator strategy [assigned] -> [org.hibernate.id.Assigned]
17:39:43.463 [main] DEBUG org.hibernate.id.factory.internal.DefaultIdentifierGeneratorFactory - Registering IdentifierGenerator strategy [identity] -> [org.hibernate.id.IdentityGenerator]
17:39:43.463 [main] DEBUG org.hibernate.id.factory.internal.DefaultIdentifierGeneratorFactory - Registering IdentifierGenerator strategy [select] -> [org.hibernate.id.SelectGenerator]
17:39:43.464 [main] DEBUG org.hibernate.id.factory.internal.DefaultIdentifierGeneratorFactory - Registering IdentifierGenerator strategy [sequence] -> [org.hibernate.id.enhanced.SequenceStyleGenerator]
17:39:43.465 [main] DEBUG org.hibernate.id.factory.internal.DefaultIdentifierGeneratorFactory - Registering IdentifierGenerator strategy [seqhilo] -> [org.hibernate.id.SequenceHiLoGenerator]
17:39:43.465 [main] DEBUG org.hibernate.id.factory.internal.DefaultIdentifierGeneratorFactory - Registering IdentifierGenerator strategy [increment] -> [org.hibernate.id.IncrementGenerator]
17:39:43.465 [main] DEBUG org.hibernate.id.factory.internal.DefaultIdentifierGeneratorFactory - Registering IdentifierGenerator strategy [foreign] -> [org.hibernate.id.ForeignGenerator]
17:39:43.465 [main] DEBUG org.hibernate.id.factory.internal.DefaultIdentifierGeneratorFactory - Registering IdentifierGenerator strategy [sequence-identity] -> [org.hibernate.id.SequenceIdentityGenerator]
17:39:43.465 [main] DEBUG org.hibernate.id.factory.internal.DefaultIdentifierGeneratorFactory - Registering IdentifierGenerator strategy [enhanced-sequence] -> [org.hibernate.id.enhanced.SequenceStyleGenerator]
17:39:43.466 [main] DEBUG org.hibernate.id.factory.internal.DefaultIdentifierGeneratorFactory - Registering IdentifierGenerator strategy [enhanced-table] -> [org.hibernate.id.enhanced.TableGenerator]
17:39:43.483 [main] DEBUG org.hibernate.boot.model.relational.Namespace - Created database namespace [logicalName=Name{catalog=null, schema=null}, physicalName=Name{catalog=null, schema=null}]
17:39:43.496 [main] DEBUG org.hibernate.cfg.AnnotationBinder - Binding entity from annotated class: com.soft.entity.CategoryEntity
17:39:43.509 [main] TRACE org.hibernate.engine.jdbc.env.internal.NormalizingIdentifierHelperImpl - Normalizing identifier quoting [DTYPE]
17:39:43.509 [main] DEBUG org.hibernate.cfg.Ejb3Column - Binding column: Ejb3DiscriminatorColumn{logicalColumnName'DTYPE', discriminatorTypeName='string'}
17:39:43.511 [main] DEBUG org.hibernate.cfg.annotations.EntityBinder - Import with entity name CategoryEntity
17:39:43.512 [main] TRACE org.hibernate.boot.internal.InFlightMetadataCollectorImpl - Import: CategoryEntity -> com.soft.entity.CategoryEntity
17:39:43.512 [main] TRACE org.hibernate.boot.internal.InFlightMetadataCollectorImpl - Import: com.soft.entity.CategoryEntity -> com.soft.entity.CategoryEntity
17:39:43.512 [main] TRACE org.hibernate.engine.jdbc.env.internal.NormalizingIdentifierHelperImpl - Normalizing identifier quoting [category]
17:39:43.512 [main] TRACE org.hibernate.engine.jdbc.env.internal.NormalizingIdentifierHelperImpl - Normalizing identifier quoting [category]
17:39:43.514 [main] DEBUG org.hibernate.cfg.annotations.EntityBinder - Bind entity com.soft.entity.CategoryEntity on table category
17:39:43.522 [main] TRACE org.hibernate.cfg.AnnotationBinder - Processing annotations of com.soft.entity.CategoryEntity.id
17:39:43.524 [main] TRACE org.hibernate.engine.jdbc.env.internal.NormalizingIdentifierHelperImpl - Normalizing identifier quoting [category_id]
17:39:43.524 [main] TRACE org.hibernate.engine.jdbc.env.internal.NormalizingIdentifierHelperImpl - Normalizing identifier quoting [category_id]
17:39:43.525 [main] DEBUG org.hibernate.cfg.Ejb3Column - Binding column: Ejb3Column{table=org.hibernate.mapping.Table(category), mappingColumn=category_id, insertable=true, updatable=true, unique=false}
17:39:43.527 [main] DEBUG org.hibernate.cfg.annotations.PropertyBinder - MetadataSourceProcessor property id with lazy=false
17:39:43.528 [main] DEBUG org.hibernate.cfg.AbstractPropertyHolder - Attempting to locate auto-apply AttributeConverter for property [com.soft.entity.CategoryEntity:id]
17:39:43.529 [main] DEBUG org.hibernate.cfg.annotations.SimpleValueBinder - building SimpleValue for id
17:39:43.530 [main] TRACE org.hibernate.engine.jdbc.env.internal.NormalizingIdentifierHelperImpl - Normalizing identifier quoting [category_id]
17:39:43.530 [main] DEBUG org.hibernate.cfg.annotations.PropertyBinder - Building property id
17:39:43.531 [main] TRACE org.hibernate.cfg.annotations.PropertyBinder - Cascading id with null
17:39:43.532 [main] TRACE org.hibernate.cfg.AnnotationBinder - Add generic generator with name: increment
17:39:43.532 [main] TRACE org.hibernate.cfg.AnnotationBinder - Bind @Id on id
17:39:43.532 [main] TRACE org.hibernate.cfg.AnnotationBinder - Processing annotations of com.soft.entity.CategoryEntity.entityName
17:39:43.533 [main] TRACE org.hibernate.engine.jdbc.env.internal.NormalizingIdentifierHelperImpl - Normalizing identifier quoting [entity_name]
17:39:43.533 [main] TRACE org.hibernate.engine.jdbc.env.internal.NormalizingIdentifierHelperImpl - Normalizing identifier quoting [entity_name]
17:39:43.533 [main] DEBUG org.hibernate.cfg.Ejb3Column - Binding column: Ejb3Column{table=org.hibernate.mapping.Table(category), mappingColumn=entity_name, insertable=true, updatable=true, unique=false}
17:39:43.533 [main] DEBUG org.hibernate.cfg.annotations.PropertyBinder - MetadataSourceProcessor property entityName with lazy=false
17:39:43.533 [main] DEBUG org.hibernate.cfg.AbstractPropertyHolder - Attempting to locate auto-apply AttributeConverter for property [com.soft.entity.CategoryEntity:entityName]
17:39:43.533 [main] DEBUG org.hibernate.cfg.annotations.SimpleValueBinder - building SimpleValue for entityName
17:39:43.533 [main] TRACE org.hibernate.engine.jdbc.env.internal.NormalizingIdentifierHelperImpl - Normalizing identifier quoting [entity_name]
17:39:43.533 [main] DEBUG org.hibernate.cfg.annotations.PropertyBinder - Building property entityName
17:39:43.533 [main] TRACE org.hibernate.cfg.annotations.PropertyBinder - Cascading entityName with null
17:39:43.533 [main] TRACE org.hibernate.cfg.AnnotationBinder - Processing annotations of com.soft.entity.CategoryEntity.name
17:39:43.533 [main] TRACE org.hibernate.engine.jdbc.env.internal.NormalizingIdentifierHelperImpl - Normalizing identifier quoting [name]
17:39:43.533 [main] TRACE org.hibernate.engine.jdbc.env.internal.NormalizingIdentifierHelperImpl - Normalizing identifier quoting [name]
17:39:43.533 [main] DEBUG org.hibernate.cfg.Ejb3Column - Binding column: Ejb3Column{table=org.hibernate.mapping.Table(category), mappingColumn=name, insertable=true, updatable=true, unique=false}
17:39:43.533 [main] DEBUG org.hibernate.cfg.annotations.PropertyBinder - MetadataSourceProcessor property name with lazy=false
17:39:43.533 [main] DEBUG org.hibernate.cfg.AbstractPropertyHolder - Attempting to locate auto-apply AttributeConverter for property [com.soft.entity.CategoryEntity:name]
17:39:43.533 [main] DEBUG org.hibernate.cfg.annotations.SimpleValueBinder - building SimpleValue for name
17:39:43.533 [main] TRACE org.hibernate.engine.jdbc.env.internal.NormalizingIdentifierHelperImpl - Normalizing identifier quoting [name]
17:39:43.533 [main] DEBUG org.hibernate.cfg.annotations.PropertyBinder - Building property name
17:39:43.533 [main] TRACE org.hibernate.cfg.annotations.PropertyBinder - Cascading name with null
17:39:43.534 [main] TRACE org.hibernate.cfg.AnnotationBinder - Processing annotations of com.soft.entity.CategoryEntity.photo
17:39:43.534 [main] TRACE org.hibernate.engine.jdbc.env.internal.NormalizingIdentifierHelperImpl - Normalizing identifier quoting [photo]
17:39:43.534 [main] TRACE org.hibernate.engine.jdbc.env.internal.NormalizingIdentifierHelperImpl - Normalizing identifier quoting [photo]
17:39:43.534 [main] DEBUG org.hibernate.cfg.Ejb3Column - Binding column: Ejb3Column{table=org.hibernate.mapping.Table(category), mappingColumn=photo, insertable=true, updatable=true, unique=false}
17:39:43.534 [main] DEBUG org.hibernate.cfg.annotations.PropertyBinder - MetadataSourceProcessor property photo with lazy=false
17:39:43.534 [main] DEBUG org.hibernate.cfg.AbstractPropertyHolder - Attempting to locate auto-apply AttributeConverter for property [com.soft.entity.CategoryEntity:photo]
17:39:43.534 [main] DEBUG org.hibernate.cfg.annotations.SimpleValueBinder - building SimpleValue for photo
17:39:43.534 [main] TRACE org.hibernate.engine.jdbc.env.internal.NormalizingIdentifierHelperImpl - Normalizing identifier quoting [photo]
17:39:43.534 [main] DEBUG org.hibernate.cfg.annotations.PropertyBinder - Building property photo
17:39:43.534 [main] TRACE org.hibernate.cfg.annotations.PropertyBinder - Cascading photo with null
17:39:43.534 [main] DEBUG org.hibernate.cfg.AnnotationBinder - Binding entity from annotated class: com.soft.entity.LocaleMessageEntity
17:39:43.534 [main] TRACE org.hibernate.engine.jdbc.env.internal.NormalizingIdentifierHelperImpl - Normalizing identifier quoting [DTYPE]
17:39:43.534 [main] DEBUG org.hibernate.cfg.Ejb3Column - Binding column: Ejb3DiscriminatorColumn{logicalColumnName'DTYPE', discriminatorTypeName='string'}
17:39:43.535 [main] DEBUG org.hibernate.cfg.annotations.EntityBinder - Import with entity name LocaleMessageEntity
17:39:43.535 [main] TRACE org.hibernate.boot.internal.InFlightMetadataCollectorImpl - Import: LocaleMessageEntity -> com.soft.entity.LocaleMessageEntity
17:39:43.535 [main] TRACE org.hibernate.boot.internal.InFlightMetadataCollectorImpl - Import: com.soft.entity.LocaleMessageEntity -> com.soft.entity.LocaleMessageEntity
17:39:43.535 [main] TRACE org.hibernate.engine.jdbc.env.internal.NormalizingIdentifierHelperImpl - Normalizing identifier quoting [locale]
17:39:43.535 [main] TRACE org.hibernate.engine.jdbc.env.internal.NormalizingIdentifierHelperImpl - Normalizing identifier quoting [locale]
17:39:43.535 [main] DEBUG org.hibernate.cfg.annotations.EntityBinder - Bind entity com.soft.entity.LocaleMessageEntity on table locale
17:39:43.535 [main] TRACE org.hibernate.cfg.AnnotationBinder - Processing annotations of com.soft.entity.LocaleMessageEntity.id
17:39:43.535 [main] TRACE org.hibernate.engine.jdbc.env.internal.NormalizingIdentifierHelperImpl - Normalizing identifier quoting [ID]
17:39:43.535 [main] TRACE org.hibernate.engine.jdbc.env.internal.NormalizingIdentifierHelperImpl - Normalizing identifier quoting [ID]
17:39:43.535 [main] DEBUG org.hibernate.cfg.Ejb3Column - Binding column: Ejb3Column{table=org.hibernate.mapping.Table(locale), mappingColumn=ID, insertable=true, updatable=true, unique=false}
17:39:43.535 [main] DEBUG org.hibernate.cfg.annotations.PropertyBinder - MetadataSourceProcessor property id with lazy=false
17:39:43.535 [main] DEBUG org.hibernate.cfg.AbstractPropertyHolder - Attempting to locate auto-apply AttributeConverter for property [com.soft.entity.LocaleMessageEntity:id]
17:39:43.535 [main] DEBUG org.hibernate.cfg.annotations.SimpleValueBinder - building SimpleValue for id
17:39:43.536 [main] TRACE org.hibernate.engine.jdbc.env.internal.NormalizingIdentifierHelperImpl - Normalizing identifier quoting [ID]
17:39:43.536 [main] DEBUG org.hibernate.cfg.annotations.PropertyBinder - Building property id
17:39:43.536 [main] TRACE org.hibernate.cfg.annotations.PropertyBinder - Cascading id with null
17:39:43.536 [main] TRACE org.hibernate.cfg.AnnotationBinder - Add generic generator with name: increment
17:39:43.536 [main] TRACE org.hibernate.cfg.AnnotationBinder - Bind @Id on id
17:39:43.536 [main] TRACE org.hibernate.cfg.AnnotationBinder - Processing annotations of com.soft.entity.LocaleMessageEntity.locale
17:39:43.536 [main] TRACE org.hibernate.engine.jdbc.env.internal.NormalizingIdentifierHelperImpl - Normalizing identifier quoting [locale]
17:39:43.536 [main] TRACE org.hibernate.engine.jdbc.env.internal.NormalizingIdentifierHelperImpl - Normalizing identifier quoting [locale]
17:39:43.536 [main] DEBUG org.hibernate.cfg.Ejb3Column - Binding column: Ejb3Column{table=org.hibernate.mapping.Table(locale), mappingColumn=locale, insertable=true, updatable=true, unique=false}
17:39:43.536 [main] DEBUG org.hibernate.cfg.annotations.PropertyBinder - MetadataSourceProcessor property locale with lazy=false
17:39:43.536 [main] DEBUG org.hibernate.cfg.AbstractPropertyHolder - Attempting to locate auto-apply AttributeConverter for property [com.soft.entity.LocaleMessageEntity:locale]
17:39:43.536 [main] DEBUG org.hibernate.cfg.annotations.SimpleValueBinder - building SimpleValue for locale
17:39:43.536 [main] TRACE org.hibernate.engine.jdbc.env.internal.NormalizingIdentifierHelperImpl - Normalizing identifier quoting [locale]
17:39:43.536 [main] DEBUG org.hibernate.cfg.annotations.PropertyBinder - Building property locale
17:39:43.536 [main] TRACE org.hibernate.cfg.annotations.PropertyBinder - Cascading locale with null
17:39:43.536 [main] TRACE org.hibernate.cfg.AnnotationBinder - Processing annotations of com.soft.entity.LocaleMessageEntity.message
17:39:43.536 [main] TRACE org.hibernate.engine.jdbc.env.internal.NormalizingIdentifierHelperImpl - Normalizing identifier quoting [message]
17:39:43.536 [main] TRACE org.hibernate.engine.jdbc.env.internal.NormalizingIdentifierHelperImpl - Normalizing identifier quoting [message]
17:39:43.536 [main] DEBUG org.hibernate.cfg.Ejb3Column - Binding column: Ejb3Column{table=org.hibernate.mapping.Table(locale), mappingColumn=message, insertable=true, updatable=true, unique=false}
17:39:43.536 [main] DEBUG org.hibernate.cfg.annotations.PropertyBinder - MetadataSourceProcessor property message with lazy=false
17:39:43.536 [main] DEBUG org.hibernate.cfg.AbstractPropertyHolder - Attempting to locate auto-apply AttributeConverter for property [com.soft.entity.LocaleMessageEntity:message]
17:39:43.536 [main] DEBUG org.hibernate.cfg.annotations.SimpleValueBinder - building SimpleValue for message
17:39:43.536 [main] TRACE org.hibernate.engine.jdbc.env.internal.NormalizingIdentifierHelperImpl - Normalizing identifier quoting [message]
17:39:43.537 [main] DEBUG org.hibernate.cfg.annotations.PropertyBinder - Building property message
17:39:43.537 [main] TRACE org.hibernate.cfg.annotations.PropertyBinder - Cascading message with null
17:39:43.537 [main] TRACE org.hibernate.cfg.AnnotationBinder - Processing annotations of com.soft.entity.LocaleMessageEntity.msgKey
17:39:43.537 [main] TRACE org.hibernate.engine.jdbc.env.internal.NormalizingIdentifierHelperImpl - Normalizing identifier quoting [msgkey]
17:39:43.537 [main] TRACE org.hibernate.engine.jdbc.env.internal.NormalizingIdentifierHelperImpl - Normalizing identifier quoting [msgkey]
17:39:43.537 [main] DEBUG org.hibernate.cfg.Ejb3Column - Binding column: Ejb3Column{table=org.hibernate.mapping.Table(locale), mappingColumn=msgkey, insertable=true, updatable=true, unique=false}
17:39:43.537 [main] DEBUG org.hibernate.cfg.annotations.PropertyBinder - MetadataSourceProcessor property msgKey with lazy=false
17:39:43.537 [main] DEBUG org.hibernate.cfg.AbstractPropertyHolder - Attempting to locate auto-apply AttributeConverter for property [com.soft.entity.LocaleMessageEntity:msgKey]
17:39:43.537 [main] DEBUG org.hibernate.cfg.annotations.SimpleValueBinder - building SimpleValue for msgKey
17:39:43.537 [main] TRACE org.hibernate.engine.jdbc.env.internal.NormalizingIdentifierHelperImpl - Normalizing identifier quoting [msgkey]
17:39:43.537 [main] DEBUG org.hibernate.cfg.annotations.PropertyBinder - Building property msgKey
17:39:43.537 [main] TRACE org.hibernate.cfg.annotations.PropertyBinder - Cascading msgKey with null
17:39:43.537 [main] DEBUG org.hibernate.cfg.AnnotationBinder - Binding entity from annotated class: com.soft.entity.ProducerEntity
17:39:43.537 [main] TRACE org.hibernate.engine.jdbc.env.internal.NormalizingIdentifierHelperImpl - Normalizing identifier quoting [DTYPE]
17:39:43.537 [main] DEBUG org.hibernate.cfg.Ejb3Column - Binding column: Ejb3DiscriminatorColumn{logicalColumnName'DTYPE', discriminatorTypeName='string'}
17:39:43.537 [main] DEBUG org.hibernate.cfg.annotations.EntityBinder - Import with entity name ProducerEntity
17:39:43.537 [main] TRACE org.hibernate.boot.internal.InFlightMetadataCollectorImpl - Import: ProducerEntity -> com.soft.entity.ProducerEntity
17:39:43.537 [main] TRACE org.hibernate.boot.internal.InFlightMetadataCollectorImpl - Import: com.soft.entity.ProducerEntity -> com.soft.entity.ProducerEntity
17:39:43.537 [main] TRACE org.hibernate.engine.jdbc.env.internal.NormalizingIdentifierHelperImpl - Normalizing identifier quoting [producer]
17:39:43.537 [main] TRACE org.hibernate.engine.jdbc.env.internal.NormalizingIdentifierHelperImpl - Normalizing identifier quoting [producer]
17:39:43.537 [main] DEBUG org.hibernate.cfg.annotations.EntityBinder - Bind entity com.soft.entity.ProducerEntity on table producer
17:39:43.538 [main] TRACE org.hibernate.cfg.AnnotationBinder - Processing annotations of com.soft.entity.ProducerEntity.id
17:39:43.538 [main] TRACE org.hibernate.engine.jdbc.env.internal.NormalizingIdentifierHelperImpl - Normalizing identifier quoting [producer_id]
17:39:43.538 [main] TRACE org.hibernate.engine.jdbc.env.internal.NormalizingIdentifierHelperImpl - Normalizing identifier quoting [producer_id]
17:39:43.538 [main] DEBUG org.hibernate.cfg.Ejb3Column - Binding column: Ejb3Column{table=org.hibernate.mapping.Table(producer), mappingColumn=producer_id, insertable=true, updatable=true, unique=false}
17:39:43.538 [main] DEBUG org.hibernate.cfg.annotations.PropertyBinder - MetadataSourceProcessor property id with lazy=false
17:39:43.538 [main] DEBUG org.hibernate.cfg.AbstractPropertyHolder - Attempting to locate auto-apply AttributeConverter for property [com.soft.entity.ProducerEntity:id]
17:39:43.538 [main] DEBUG org.hibernate.cfg.annotations.SimpleValueBinder - building SimpleValue for id
17:39:43.538 [main] TRACE org.hibernate.engine.jdbc.env.internal.NormalizingIdentifierHelperImpl - Normalizing identifier quoting [producer_id]
17:39:43.538 [main] DEBUG org.hibernate.cfg.annotations.PropertyBinder - Building property id
17:39:43.538 [main] TRACE org.hibernate.cfg.annotations.PropertyBinder - Cascading id with null
17:39:43.538 [main] TRACE org.hibernate.cfg.AnnotationBinder - Add generic generator with name: increment
17:39:43.538 [main] TRACE org.hibernate.cfg.AnnotationBinder - Bind @Id on id
17:39:43.538 [main] TRACE org.hibernate.cfg.AnnotationBinder - Processing annotations of com.soft.entity.ProducerEntity.producerCategory
17:39:43.538 [main] TRACE org.hibernate.engine.jdbc.env.internal.NormalizingIdentifierHelperImpl - Normalizing identifier quoting [producer_category]
17:39:43.538 [main] TRACE org.hibernate.engine.jdbc.env.internal.NormalizingIdentifierHelperImpl - Normalizing identifier quoting [producer_category]
17:39:43.538 [main] DEBUG org.hibernate.cfg.Ejb3Column - Binding column: Ejb3Column{table=org.hibernate.mapping.Table(producer), mappingColumn=producer_category, insertable=true, updatable=true, unique=false}
17:39:43.539 [main] DEBUG org.hibernate.cfg.annotations.PropertyBinder - MetadataSourceProcessor property producerCategory with lazy=false
17:39:43.539 [main] DEBUG org.hibernate.cfg.AbstractPropertyHolder - Attempting to locate auto-apply AttributeConverter for property [com.soft.entity.ProducerEntity:producerCategory]
17:39:43.539 [main] DEBUG org.hibernate.cfg.annotations.SimpleValueBinder - building SimpleValue for producerCategory
17:39:43.539 [main] TRACE org.hibernate.engine.jdbc.env.internal.NormalizingIdentifierHelperImpl - Normalizing identifier quoting [producer_category]
17:39:43.539 [main] DEBUG org.hibernate.cfg.annotations.PropertyBinder - Building property producerCategory
17:39:43.539 [main] TRACE org.hibernate.cfg.annotations.PropertyBinder - Cascading producerCategory with null
17:39:43.539 [main] TRACE org.hibernate.cfg.AnnotationBinder - Processing annotations of com.soft.entity.ProducerEntity.producerName
17:39:43.539 [main] TRACE org.hibernate.engine.jdbc.env.internal.NormalizingIdentifierHelperImpl - Normalizing identifier quoting [producer_name]
17:39:43.539 [main] TRACE org.hibernate.engine.jdbc.env.internal.NormalizingIdentifierHelperImpl - Normalizing identifier quoting [producer_name]
17:39:43.539 [main] DEBUG org.hibernate.cfg.Ejb3Column - Binding column: Ejb3Column{table=org.hibernate.mapping.Table(producer), mappingColumn=producer_name, insertable=true, updatable=true, unique=false}
17:39:43.539 [main] DEBUG org.hibernate.cfg.annotations.PropertyBinder - MetadataSourceProcessor property producerName with lazy=false
17:39:43.539 [main] DEBUG org.hibernate.cfg.AbstractPropertyHolder - Attempting to locate auto-apply AttributeConverter for property [com.soft.entity.ProducerEntity:producerName]
17:39:43.539 [main] DEBUG org.hibernate.cfg.annotations.SimpleValueBinder - building SimpleValue for producerName
17:39:43.539 [main] TRACE org.hibernate.engine.jdbc.env.internal.NormalizingIdentifierHelperImpl - Normalizing identifier quoting [producer_name]
17:39:43.539 [main] DEBUG org.hibernate.cfg.annotations.PropertyBinder - Building property producerName
17:39:43.539 [main] TRACE org.hibernate.cfg.annotations.PropertyBinder - Cascading producerName with null
17:39:43.539 [main] DEBUG org.hibernate.cfg.AnnotationBinder - Binding entity from annotated class: com.soft.entity.ResistorEntity
17:39:43.539 [main] TRACE org.hibernate.engine.jdbc.env.internal.NormalizingIdentifierHelperImpl - Normalizing identifier quoting [DTYPE]
17:39:43.539 [main] DEBUG org.hibernate.cfg.Ejb3Column - Binding column: Ejb3DiscriminatorColumn{logicalColumnName'DTYPE', discriminatorTypeName='string'}
17:39:43.540 [main] DEBUG org.hibernate.cfg.annotations.EntityBinder - Import with entity name ResistorEntity
17:39:43.540 [main] TRACE org.hibernate.boot.internal.InFlightMetadataCollectorImpl - Import: ResistorEntity -> com.soft.entity.ResistorEntity
17:39:43.540 [main] TRACE org.hibernate.boot.internal.InFlightMetadataCollectorImpl - Import: com.soft.entity.ResistorEntity -> com.soft.entity.ResistorEntity
17:39:43.540 [main] TRACE org.hibernate.engine.jdbc.env.internal.NormalizingIdentifierHelperImpl - Normalizing identifier quoting [resistor]
17:39:43.540 [main] TRACE org.hibernate.engine.jdbc.env.internal.NormalizingIdentifierHelperImpl - Normalizing identifier quoting [resistor]
17:39:43.541 [main] DEBUG org.hibernate.cfg.annotations.EntityBinder - Bind entity com.soft.entity.ResistorEntity on table resistor
17:39:43.541 [main] TRACE org.hibernate.cfg.AnnotationBinder - Processing annotations of com.soft.entity.ResistorEntity.id
17:39:43.541 [main] TRACE org.hibernate.engine.jdbc.env.internal.NormalizingIdentifierHelperImpl - Normalizing identifier quoting [resistor_id]
17:39:43.541 [main] TRACE org.hibernate.engine.jdbc.env.internal.NormalizingIdentifierHelperImpl - Normalizing identifier quoting [resistor_id]
17:39:43.541 [main] DEBUG org.hibernate.cfg.Ejb3Column - Binding column: Ejb3Column{table=org.hibernate.mapping.Table(resistor), mappingColumn=resistor_id, insertable=true, updatable=true, unique=false}
17:39:43.542 [main] DEBUG org.hibernate.cfg.annotations.PropertyBinder - MetadataSourceProcessor property id with lazy=false
17:39:43.542 [main] DEBUG org.hibernate.cfg.AbstractPropertyHolder - Attempting to locate auto-apply AttributeConverter for property [com.soft.entity.ResistorEntity:id]
17:39:43.542 [main] DEBUG org.hibernate.cfg.annotations.SimpleValueBinder - building SimpleValue for id
17:39:43.542 [main] TRACE org.hibernate.engine.jdbc.env.internal.NormalizingIdentifierHelperImpl - Normalizing identifier quoting [resistor_id]
17:39:43.542 [main] DEBUG org.hibernate.cfg.annotations.PropertyBinder - Building property id
17:39:43.542 [main] TRACE org.hibernate.cfg.annotations.PropertyBinder - Cascading id with null
17:39:43.542 [main] TRACE org.hibernate.cfg.AnnotationBinder - Add generic generator with name: increment
17:39:43.544 [main] TRACE org.hibernate.cfg.AnnotationBinder - Bind @Id on id
17:39:43.544 [main] TRACE org.hibernate.cfg.AnnotationBinder - Processing annotations of com.soft.entity.ResistorEntity.category
17:39:43.544 [main] TRACE org.hibernate.engine.jdbc.env.internal.NormalizingIdentifierHelperImpl - Normalizing identifier quoting [category]
17:39:43.544 [main] TRACE org.hibernate.engine.jdbc.env.internal.NormalizingIdentifierHelperImpl - Normalizing identifier quoting [category]
17:39:43.544 [main] DEBUG org.hibernate.cfg.Ejb3Column - Binding column: Ejb3Column{table=org.hibernate.mapping.Table(resistor), mappingColumn=category, insertable=true, updatable=true, unique=false}
17:39:43.544 [main] DEBUG org.hibernate.cfg.annotations.PropertyBinder - MetadataSourceProcessor property category with lazy=false
17:39:43.544 [main] DEBUG org.hibernate.cfg.AbstractPropertyHolder - Attempting to locate auto-apply AttributeConverter for property [com.soft.entity.ResistorEntity:category]
17:39:43.544 [main] DEBUG org.hibernate.cfg.annotations.SimpleValueBinder - building SimpleValue for category
17:39:43.544 [main] TRACE org.hibernate.engine.jdbc.env.internal.NormalizingIdentifierHelperImpl - Normalizing identifier quoting [category]
17:39:43.544 [main] DEBUG org.hibernate.cfg.annotations.PropertyBinder - Building property category
17:39:43.544 [main] TRACE org.hibernate.cfg.annotations.PropertyBinder - Cascading category with null
17:39:43.544 [main] TRACE org.hibernate.cfg.AnnotationBinder - Processing annotations of com.soft.entity.ResistorEntity.description
17:39:43.544 [main] TRACE org.hibernate.engine.jdbc.env.internal.NormalizingIdentifierHelperImpl - Normalizing identifier quoting [description]
17:39:43.544 [main] TRACE org.hibernate.engine.jdbc.env.internal.NormalizingIdentifierHelperImpl - Normalizing identifier quoting [description]
17:39:43.544 [main] DEBUG org.hibernate.cfg.Ejb3Column - Binding column: Ejb3Column{table=org.hibernate.mapping.Table(resistor), mappingColumn=description, insertable=true, updatable=true, unique=false}
17:39:43.544 [main] DEBUG org.hibernate.cfg.annotations.PropertyBinder - MetadataSourceProcessor property description with lazy=false
17:39:43.544 [main] DEBUG org.hibernate.cfg.AbstractPropertyHolder - Attempting to locate auto-apply AttributeConverter for property [com.soft.entity.ResistorEntity:description]
17:39:43.544 [main] DEBUG org.hibernate.cfg.annotations.SimpleValueBinder - building SimpleValue for description
17:39:43.544 [main] TRACE org.hibernate.engine.jdbc.env.internal.NormalizingIdentifierHelperImpl - Normalizing identifier quoting [description]
17:39:43.545 [main] DEBUG org.hibernate.cfg.annotations.PropertyBinder - Building property description
17:39:43.545 [main] TRACE org.hibernate.cfg.annotations.PropertyBinder - Cascading description with null
17:39:43.545 [main] TRACE org.hibernate.cfg.AnnotationBinder - Processing annotations of com.soft.entity.ResistorEntity.name
17:39:43.545 [main] TRACE org.hibernate.engine.jdbc.env.internal.NormalizingIdentifierHelperImpl - Normalizing identifier quoting [name]
17:39:43.545 [main] TRACE org.hibernate.engine.jdbc.env.internal.NormalizingIdentifierHelperImpl - Normalizing identifier quoting [name]
17:39:43.545 [main] DEBUG org.hibernate.cfg.Ejb3Column - Binding column: Ejb3Column{table=org.hibernate.mapping.Table(resistor), mappingColumn=name, insertable=true, updatable=true, unique=false}
17:39:43.545 [main] DEBUG org.hibernate.cfg.annotations.PropertyBinder - MetadataSourceProcessor property name with lazy=false
17:39:43.545 [main] DEBUG org.hibernate.cfg.AbstractPropertyHolder - Attempting to locate auto-apply AttributeConverter for property [com.soft.entity.ResistorEntity:name]
17:39:43.545 [main] DEBUG org.hibernate.cfg.annotations.SimpleValueBinder - building SimpleValue for name
17:39:43.545 [main] TRACE org.hibernate.engine.jdbc.env.internal.NormalizingIdentifierHelperImpl - Normalizing identifier quoting [name]
17:39:43.545 [main] DEBUG org.hibernate.cfg.annotations.PropertyBinder - Building property name
17:39:43.545 [main] TRACE org.hibernate.cfg.annotations.PropertyBinder - Cascading name with null
17:39:43.545 [main] TRACE org.hibernate.cfg.AnnotationBinder - Processing annotations of com.soft.entity.ResistorEntity.nominal
17:39:43.545 [main] TRACE org.hibernate.engine.jdbc.env.internal.NormalizingIdentifierHelperImpl - Normalizing identifier quoting [nominal]
17:39:43.545 [main] TRACE org.hibernate.engine.jdbc.env.internal.NormalizingIdentifierHelperImpl - Normalizing identifier quoting [nominal]
17:39:43.545 [main] DEBUG org.hibernate.cfg.Ejb3Column - Binding column: Ejb3Column{table=org.hibernate.mapping.Table(resistor), mappingColumn=nominal, insertable=true, updatable=true, unique=false}
17:39:43.545 [main] DEBUG org.hibernate.cfg.annotations.PropertyBinder - MetadataSourceProcessor property nominal with lazy=false
17:39:43.545 [main] DEBUG org.hibernate.cfg.AbstractPropertyHolder - Attempting to locate auto-apply AttributeConverter for property [com.soft.entity.ResistorEntity:nominal]
17:39:43.545 [main] DEBUG org.hibernate.cfg.annotations.SimpleValueBinder - building SimpleValue for nominal
17:39:43.545 [main] TRACE org.hibernate.engine.jdbc.env.internal.NormalizingIdentifierHelperImpl - Normalizing identifier quoting [nominal]
17:39:43.545 [main] DEBUG org.hibernate.cfg.annotations.PropertyBinder - Building property nominal
17:39:43.545 [main] TRACE org.hibernate.cfg.annotations.PropertyBinder - Cascading nominal with null
17:39:43.545 [main] TRACE org.hibernate.cfg.AnnotationBinder - Processing annotations of com.soft.entity.ResistorEntity.nominalUnit
17:39:43.546 [main] TRACE org.hibernate.engine.jdbc.env.internal.NormalizingIdentifierHelperImpl - Normalizing identifier quoting [nominal_unit]
17:39:43.546 [main] TRACE org.hibernate.engine.jdbc.env.internal.NormalizingIdentifierHelperImpl - Normalizing identifier quoting [nominal_unit]
17:39:43.546 [main] DEBUG org.hibernate.cfg.Ejb3Column - Binding column: Ejb3Column{table=org.hibernate.mapping.Table(resistor), mappingColumn=nominal_unit, insertable=true, updatable=true, unique=false}
17:39:43.546 [main] DEBUG org.hibernate.cfg.annotations.PropertyBinder - MetadataSourceProcessor property nominalUnit with lazy=false
17:39:43.546 [main] DEBUG org.hibernate.cfg.AbstractPropertyHolder - Attempting to locate auto-apply AttributeConverter for property [com.soft.entity.ResistorEntity:nominalUnit]
17:39:43.546 [main] DEBUG org.hibernate.cfg.annotations.SimpleValueBinder - building SimpleValue for nominalUnit
17:39:43.546 [main] TRACE org.hibernate.engine.jdbc.env.internal.NormalizingIdentifierHelperImpl - Normalizing identifier quoting [nominal_unit]
17:39:43.546 [main] DEBUG org.hibernate.cfg.annotations.PropertyBinder - Building property nominalUnit
17:39:43.546 [main] TRACE org.hibernate.cfg.annotations.PropertyBinder - Cascading nominalUnit with null
17:39:43.546 [main] TRACE org.hibernate.cfg.AnnotationBinder - Processing annotations of com.soft.entity.ResistorEntity.photo
17:39:43.546 [main] TRACE org.hibernate.engine.jdbc.env.internal.NormalizingIdentifierHelperImpl - Normalizing identifier quoting [photo]
17:39:43.546 [main] TRACE org.hibernate.engine.jdbc.env.internal.NormalizingIdentifierHelperImpl - Normalizing identifier quoting [photo]
17:39:43.546 [main] DEBUG org.hibernate.cfg.Ejb3Column - Binding column: Ejb3Column{table=org.hibernate.mapping.Table(resistor), mappingColumn=photo, insertable=true, updatable=true, unique=false}
17:39:43.546 [main] DEBUG org.hibernate.cfg.annotations.PropertyBinder - MetadataSourceProcessor property photo with lazy=false
17:39:43.546 [main] DEBUG org.hibernate.cfg.AbstractPropertyHolder - Attempting to locate auto-apply AttributeConverter for property [com.soft.entity.ResistorEntity:photo]
17:39:43.546 [main] DEBUG org.hibernate.cfg.annotations.SimpleValueBinder - building SimpleValue for photo
17:39:43.546 [main] TRACE org.hibernate.engine.jdbc.env.internal.NormalizingIdentifierHelperImpl - Normalizing identifier quoting [photo]
17:39:43.546 [main] DEBUG org.hibernate.cfg.annotations.PropertyBinder - Building property photo
17:39:43.546 [main] TRACE org.hibernate.cfg.annotations.PropertyBinder - Cascading photo with null
17:39:43.546 [main] TRACE org.hibernate.cfg.AnnotationBinder - Processing annotations of com.soft.entity.ResistorEntity.power
17:39:43.547 [main] TRACE org.hibernate.engine.jdbc.env.internal.NormalizingIdentifierHelperImpl - Normalizing identifier quoting [power]
17:39:43.547 [main] TRACE org.hibernate.engine.jdbc.env.internal.NormalizingIdentifierHelperImpl - Normalizing identifier quoting [power]
17:39:43.547 [main] DEBUG org.hibernate.cfg.Ejb3Column - Binding column: Ejb3Column{table=org.hibernate.mapping.Table(resistor), mappingColumn=power, insertable=true, updatable=true, unique=false}
17:39:43.547 [main] DEBUG org.hibernate.cfg.annotations.PropertyBinder - MetadataSourceProcessor property power with lazy=false
17:39:43.547 [main] DEBUG org.hibernate.cfg.AbstractPropertyHolder - Attempting to locate auto-apply AttributeConverter for property [com.soft.entity.ResistorEntity:power]
17:39:43.555 [main] DEBUG org.hibernate.cfg.annotations.SimpleValueBinder - building SimpleValue for power
17:39:43.555 [main] TRACE org.hibernate.engine.jdbc.env.internal.NormalizingIdentifierHelperImpl - Normalizing identifier quoting [power]
17:39:43.555 [main] DEBUG org.hibernate.cfg.annotations.PropertyBinder - Building property power
17:39:43.555 [main] TRACE org.hibernate.cfg.annotations.PropertyBinder - Cascading power with null
17:39:43.555 [main] TRACE org.hibernate.cfg.AnnotationBinder - Processing annotations of com.soft.entity.ResistorEntity.powerUnit
17:39:43.555 [main] TRACE org.hibernate.engine.jdbc.env.internal.NormalizingIdentifierHelperImpl - Normalizing identifier quoting [power_unit]
17:39:43.555 [main] TRACE org.hibernate.engine.jdbc.env.internal.NormalizingIdentifierHelperImpl - Normalizing identifier quoting [power_unit]
17:39:43.555 [main] DEBUG org.hibernate.cfg.Ejb3Column - Binding column: Ejb3Column{table=org.hibernate.mapping.Table(resistor), mappingColumn=power_unit, insertable=true, updatable=true, unique=false}
17:39:43.555 [main] DEBUG org.hibernate.cfg.annotations.PropertyBinder - MetadataSourceProcessor property powerUnit with lazy=false
17:39:43.555 [main] DEBUG org.hibernate.cfg.AbstractPropertyHolder - Attempting to locate auto-apply AttributeConverter for property [com.soft.entity.ResistorEntity:powerUnit]
17:39:43.555 [main] DEBUG org.hibernate.cfg.annotations.SimpleValueBinder - building SimpleValue for powerUnit
17:39:43.556 [main] TRACE org.hibernate.engine.jdbc.env.internal.NormalizingIdentifierHelperImpl - Normalizing identifier quoting [power_unit]
17:39:43.556 [main] DEBUG org.hibernate.cfg.annotations.PropertyBinder - Building property powerUnit
17:39:43.556 [main] TRACE org.hibernate.cfg.annotations.PropertyBinder - Cascading powerUnit with null
17:39:43.556 [main] TRACE org.hibernate.cfg.AnnotationBinder - Processing annotations of com.soft.entity.ResistorEntity.price
17:39:43.556 [main] TRACE org.hibernate.engine.jdbc.env.internal.NormalizingIdentifierHelperImpl - Normalizing identifier quoting [price]
17:39:43.556 [main] TRACE org.hibernate.engine.jdbc.env.internal.NormalizingIdentifierHelperImpl - Normalizing identifier quoting [price]
17:39:43.556 [main] DEBUG org.hibernate.cfg.Ejb3Column - Binding column: Ejb3Column{table=org.hibernate.mapping.Table(resistor), mappingColumn=price, insertable=true, updatable=true, unique=false}
17:39:43.556 [main] DEBUG org.hibernate.cfg.annotations.PropertyBinder - MetadataSourceProcessor property price with lazy=false
17:39:43.556 [main] DEBUG org.hibernate.cfg.AbstractPropertyHolder - Attempting to locate auto-apply AttributeConverter for property [com.soft.entity.ResistorEntity:price]
17:39:43.556 [main] DEBUG org.hibernate.cfg.annotations.SimpleValueBinder - building SimpleValue for price
17:39:43.556 [main] TRACE org.hibernate.engine.jdbc.env.internal.NormalizingIdentifierHelperImpl - Normalizing identifier quoting [price]
17:39:43.556 [main] DEBUG org.hibernate.cfg.annotations.PropertyBinder - Building property price
17:39:43.556 [main] TRACE org.hibernate.cfg.annotations.PropertyBinder - Cascading price with null
17:39:43.556 [main] TRACE org.hibernate.cfg.AnnotationBinder - Processing annotations of com.soft.entity.ResistorEntity.producer
17:39:43.556 [main] TRACE org.hibernate.engine.jdbc.env.internal.NormalizingIdentifierHelperImpl - Normalizing identifier quoting [producer]
17:39:43.556 [main] TRACE org.hibernate.engine.jdbc.env.internal.NormalizingIdentifierHelperImpl - Normalizing identifier quoting [producer]
17:39:43.556 [main] DEBUG org.hibernate.cfg.Ejb3Column - Binding column: Ejb3Column{table=org.hibernate.mapping.Table(resistor), mappingColumn=producer, insertable=true, updatable=true, unique=false}
17:39:43.556 [main] DEBUG org.hibernate.cfg.annotations.PropertyBinder - MetadataSourceProcessor property producer with lazy=false
17:39:43.556 [main] DEBUG org.hibernate.cfg.AbstractPropertyHolder - Attempting to locate auto-apply AttributeConverter for property [com.soft.entity.ResistorEntity:producer]
17:39:43.556 [main] DEBUG org.hibernate.cfg.annotations.SimpleValueBinder - building SimpleValue for producer
17:39:43.556 [main] TRACE org.hibernate.engine.jdbc.env.internal.NormalizingIdentifierHelperImpl - Normalizing identifier quoting [producer]
17:39:43.556 [main] DEBUG org.hibernate.cfg.annotations.PropertyBinder - Building property producer
17:39:43.556 [main] TRACE org.hibernate.cfg.annotations.PropertyBinder - Cascading producer with null
17:39:43.556 [main] TRACE org.hibernate.cfg.AnnotationBinder - Processing annotations of com.soft.entity.ResistorEntity.quantity
17:39:43.556 [main] TRACE org.hibernate.engine.jdbc.env.internal.NormalizingIdentifierHelperImpl - Normalizing identifier quoting [quantity]
17:39:43.556 [main] TRACE org.hibernate.engine.jdbc.env.internal.NormalizingIdentifierHelperImpl - Normalizing identifier quoting [quantity]
17:39:43.557 [main] DEBUG org.hibernate.cfg.Ejb3Column - Binding column: Ejb3Column{table=org.hibernate.mapping.Table(resistor), mappingColumn=quantity, insertable=true, updatable=true, unique=false}
17:39:43.557 [main] DEBUG org.hibernate.cfg.annotations.PropertyBinder - MetadataSourceProcessor property quantity with lazy=false
17:39:43.557 [main] DEBUG org.hibernate.cfg.AbstractPropertyHolder - Attempting to locate auto-apply AttributeConverter for property [com.soft.entity.ResistorEntity:quantity]
17:39:43.557 [main] DEBUG org.hibernate.cfg.annotations.SimpleValueBinder - building SimpleValue for quantity
17:39:43.557 [main] TRACE org.hibernate.engine.jdbc.env.internal.NormalizingIdentifierHelperImpl - Normalizing identifier quoting [quantity]
17:39:43.557 [main] DEBUG org.hibernate.cfg.annotations.PropertyBinder - Building property quantity
17:39:43.557 [main] TRACE org.hibernate.cfg.annotations.PropertyBinder - Cascading quantity with null
17:39:43.557 [main] TRACE org.hibernate.cfg.AnnotationBinder - Processing annotations of com.soft.entity.ResistorEntity.rPackage
17:39:43.557 [main] TRACE org.hibernate.engine.jdbc.env.internal.NormalizingIdentifierHelperImpl - Normalizing identifier quoting [package]
17:39:43.557 [main] TRACE org.hibernate.engine.jdbc.env.internal.NormalizingIdentifierHelperImpl - Normalizing identifier quoting [package]
17:39:43.557 [main] DEBUG org.hibernate.cfg.Ejb3Column - Binding column: Ejb3Column{table=org.hibernate.mapping.Table(resistor), mappingColumn=package, insertable=true, updatable=true, unique=false}
17:39:43.557 [main] DEBUG org.hibernate.cfg.annotations.PropertyBinder - MetadataSourceProcessor property rPackage with lazy=false
17:39:43.557 [main] DEBUG org.hibernate.cfg.AbstractPropertyHolder - Attempting to locate auto-apply AttributeConverter for property [com.soft.entity.ResistorEntity:rPackage]
17:39:43.557 [main] DEBUG org.hibernate.cfg.annotations.SimpleValueBinder - building SimpleValue for rPackage
17:39:43.557 [main] TRACE org.hibernate.engine.jdbc.env.internal.NormalizingIdentifierHelperImpl - Normalizing identifier quoting [package]
17:39:43.557 [main] DEBUG org.hibernate.cfg.annotations.PropertyBinder - Building property rPackage
17:39:43.557 [main] TRACE org.hibernate.cfg.annotations.PropertyBinder - Cascading rPackage with null
17:39:43.557 [main] TRACE org.hibernate.cfg.AnnotationBinder - Processing annotations of com.soft.entity.ResistorEntity.rPrecision
17:39:43.557 [main] TRACE org.hibernate.engine.jdbc.env.internal.NormalizingIdentifierHelperImpl - Normalizing identifier quoting [r_precision]
17:39:43.557 [main] TRACE org.hibernate.engine.jdbc.env.internal.NormalizingIdentifierHelperImpl - Normalizing identifier quoting [r_precision]
17:39:43.557 [main] DEBUG org.hibernate.cfg.Ejb3Column - Binding column: Ejb3Column{table=org.hibernate.mapping.Table(resistor), mappingColumn=r_precision, insertable=true, updatable=true, unique=false}
17:39:43.557 [main] DEBUG org.hibernate.cfg.annotations.PropertyBinder - MetadataSourceProcessor property rPrecision with lazy=false
17:39:43.557 [main] DEBUG org.hibernate.cfg.AbstractPropertyHolder - Attempting to locate auto-apply AttributeConverter for property [com.soft.entity.ResistorEntity:rPrecision]
17:39:43.557 [main] DEBUG org.hibernate.cfg.annotations.SimpleValueBinder - building SimpleValue for rPrecision
17:39:43.557 [main] TRACE org.hibernate.engine.jdbc.env.internal.NormalizingIdentifierHelperImpl - Normalizing identifier quoting [r_precision]
17:39:43.557 [main] DEBUG org.hibernate.cfg.annotations.PropertyBinder - Building property rPrecision
17:39:43.558 [main] TRACE org.hibernate.cfg.annotations.PropertyBinder - Cascading rPrecision with null
17:39:43.558 [main] DEBUG org.hibernate.cfg.AnnotationBinder - Binding entity from annotated class: com.soft.entity.TransistorEntity
17:39:43.558 [main] TRACE org.hibernate.engine.jdbc.env.internal.NormalizingIdentifierHelperImpl - Normalizing identifier quoting [DTYPE]
17:39:43.558 [main] DEBUG org.hibernate.cfg.Ejb3Column - Binding column: Ejb3DiscriminatorColumn{logicalColumnName'DTYPE', discriminatorTypeName='string'}
17:39:43.558 [main] DEBUG org.hibernate.cfg.annotations.EntityBinder - Import with entity name TransistorEntity
17:39:43.558 [main] TRACE org.hibernate.boot.internal.InFlightMetadataCollectorImpl - Import: TransistorEntity -> com.soft.entity.TransistorEntity
17:39:43.558 [main] TRACE org.hibernate.boot.internal.InFlightMetadataCollectorImpl - Import: com.soft.entity.TransistorEntity -> com.soft.entity.TransistorEntity
17:39:43.558 [main] TRACE org.hibernate.engine.jdbc.env.internal.NormalizingIdentifierHelperImpl - Normalizing identifier quoting [transistor]
17:39:43.558 [main] TRACE org.hibernate.engine.jdbc.env.internal.NormalizingIdentifierHelperImpl - Normalizing identifier quoting [transistor]
17:39:43.558 [main] DEBUG org.hibernate.cfg.annotations.EntityBinder - Bind entity com.soft.entity.TransistorEntity on table transistor
17:39:43.559 [main] TRACE org.hibernate.cfg.AnnotationBinder - Processing annotations of com.soft.entity.TransistorEntity.id
17:39:43.559 [main] TRACE org.hibernate.engine.jdbc.env.internal.NormalizingIdentifierHelperImpl - Normalizing identifier quoting [transistor_id]
17:39:43.559 [main] TRACE org.hibernate.engine.jdbc.env.internal.NormalizingIdentifierHelperImpl - Normalizing identifier quoting [transistor_id]
17:39:43.559 [main] DEBUG org.hibernate.cfg.Ejb3Column - Binding column: Ejb3Column{table=org.hibernate.mapping.Table(transistor), mappingColumn=transistor_id, insertable=true, updatable=true, unique=false}
17:39:43.559 [main] DEBUG org.hibernate.cfg.annotations.PropertyBinder - MetadataSourceProcessor property id with lazy=false
17:39:43.559 [main] DEBUG org.hibernate.cfg.AbstractPropertyHolder - Attempting to locate auto-apply AttributeConverter for property [com.soft.entity.TransistorEntity:id]
17:39:43.559 [main] DEBUG org.hibernate.cfg.annotations.SimpleValueBinder - building SimpleValue for id
17:39:43.559 [main] TRACE org.hibernate.engine.jdbc.env.internal.NormalizingIdentifierHelperImpl - Normalizing identifier quoting [transistor_id]
17:39:43.559 [main] DEBUG org.hibernate.cfg.annotations.PropertyBinder - Building property id
17:39:43.559 [main] TRACE org.hibernate.cfg.annotations.PropertyBinder - Cascading id with null
17:39:43.559 [main] TRACE org.hibernate.cfg.AnnotationBinder - Add generic generator with name: increment
17:39:43.559 [main] TRACE org.hibernate.cfg.AnnotationBinder - Bind @Id on id
17:39:43.559 [main] TRACE org.hibernate.cfg.AnnotationBinder - Processing annotations of com.soft.entity.TransistorEntity.category
17:39:43.559 [main] TRACE org.hibernate.engine.jdbc.env.internal.NormalizingIdentifierHelperImpl - Normalizing identifier quoting [category]
17:39:43.559 [main] TRACE org.hibernate.engine.jdbc.env.internal.NormalizingIdentifierHelperImpl - Normalizing identifier quoting [category]
17:39:43.559 [main] DEBUG org.hibernate.cfg.Ejb3Column - Binding column: Ejb3Column{table=org.hibernate.mapping.Table(transistor), mappingColumn=category, insertable=true, updatable=true, unique=false}
17:39:43.559 [main] DEBUG org.hibernate.cfg.annotations.PropertyBinder - MetadataSourceProcessor property category with lazy=false
17:39:43.559 [main] DEBUG org.hibernate.cfg.AbstractPropertyHolder - Attempting to locate auto-apply AttributeConverter for property [com.soft.entity.TransistorEntity:category]
17:39:43.559 [main] DEBUG org.hibernate.cfg.annotations.SimpleValueBinder - building SimpleValue for category
17:39:43.559 [main] TRACE org.hibernate.engine.jdbc.env.internal.NormalizingIdentifierHelperImpl - Normalizing identifier quoting [category]
17:39:43.560 [main] DEBUG org.hibernate.cfg.annotations.PropertyBinder - Building property category
17:39:43.560 [main] TRACE org.hibernate.cfg.annotations.PropertyBinder - Cascading category with null
17:39:43.560 [main] TRACE org.hibernate.cfg.AnnotationBinder - Processing annotations of com.soft.entity.TransistorEntity.conductanceType
17:39:43.560 [main] TRACE org.hibernate.engine.jdbc.env.internal.NormalizingIdentifierHelperImpl - Normalizing identifier quoting [conductunce_type]
17:39:43.560 [main] TRACE org.hibernate.engine.jdbc.env.internal.NormalizingIdentifierHelperImpl - Normalizing identifier quoting [conductunce_type]
17:39:43.560 [main] DEBUG org.hibernate.cfg.Ejb3Column - Binding column: Ejb3Column{table=org.hibernate.mapping.Table(transistor), mappingColumn=conductunce_type, insertable=true, updatable=true, unique=false}
17:39:43.560 [main] DEBUG org.hibernate.cfg.annotations.PropertyBinder - MetadataSourceProcessor property conductanceType with lazy=false
17:39:43.560 [main] DEBUG org.hibernate.cfg.AbstractPropertyHolder - Attempting to locate auto-apply AttributeConverter for property [com.soft.entity.TransistorEntity:conductanceType]
17:39:43.560 [main] DEBUG org.hibernate.cfg.annotations.SimpleValueBinder - building SimpleValue for conductanceType
17:39:43.560 [main] TRACE org.hibernate.engine.jdbc.env.internal.NormalizingIdentifierHelperImpl - Normalizing identifier quoting [conductunce_type]
17:39:43.560 [main] DEBUG org.hibernate.cfg.annotations.PropertyBinder - Building property conductanceType
17:39:43.560 [main] TRACE org.hibernate.cfg.annotations.PropertyBinder - Cascading conductanceType with null
17:39:43.560 [main] TRACE org.hibernate.cfg.AnnotationBinder - Processing annotations of com.soft.entity.TransistorEntity.description
17:39:43.560 [main] TRACE org.hibernate.engine.jdbc.env.internal.NormalizingIdentifierHelperImpl - Normalizing identifier quoting [description]
17:39:43.560 [main] TRACE org.hibernate.engine.jdbc.env.internal.NormalizingIdentifierHelperImpl - Normalizing identifier quoting [description]
17:39:43.560 [main] DEBUG org.hibernate.cfg.Ejb3Column - Binding column: Ejb3Column{table=org.hibernate.mapping.Table(transistor), mappingColumn=description, insertable=true, updatable=true, unique=false}
17:39:43.560 [main] DEBUG org.hibernate.cfg.annotations.PropertyBinder - MetadataSourceProcessor property description with lazy=false
17:39:43.560 [main] DEBUG org.hibernate.cfg.AbstractPropertyHolder - Attempting to locate auto-apply AttributeConverter for property [com.soft.entity.TransistorEntity:description]
17:39:43.560 [main] DEBUG org.hibernate.cfg.annotations.SimpleValueBinder - building SimpleValue for description
17:39:43.560 [main] TRACE org.hibernate.engine.jdbc.env.internal.NormalizingIdentifierHelperImpl - Normalizing identifier quoting [description]
17:39:43.560 [main] DEBUG org.hibernate.cfg.annotations.PropertyBinder - Building property description
17:39:43.560 [main] TRACE org.hibernate.cfg.annotations.PropertyBinder - Cascading description with null
17:39:43.560 [main] TRACE org.hibernate.cfg.AnnotationBinder - Processing annotations of com.soft.entity.TransistorEntity.gain
17:39:43.560 [main] TRACE org.hibernate.engine.jdbc.env.internal.NormalizingIdentifierHelperImpl - Normalizing identifier quoting [gain]
17:39:43.560 [main] TRACE org.hibernate.engine.jdbc.env.internal.NormalizingIdentifierHelperImpl - Normalizing identifier quoting [gain]
17:39:43.561 [main] DEBUG org.hibernate.cfg.Ejb3Column - Binding column: Ejb3Column{table=org.hibernate.mapping.Table(transistor), mappingColumn=gain, insertable=true, updatable=true, unique=false}
17:39:43.561 [main] DEBUG org.hibernate.cfg.annotations.PropertyBinder - MetadataSourceProcessor property gain with lazy=false
17:39:43.561 [main] DEBUG org.hibernate.cfg.AbstractPropertyHolder - Attempting to locate auto-apply AttributeConverter for property [com.soft.entity.TransistorEntity:gain]
17:39:43.561 [main] DEBUG org.hibernate.cfg.annotations.SimpleValueBinder - building SimpleValue for gain
17:39:43.561 [main] TRACE org.hibernate.engine.jdbc.env.internal.NormalizingIdentifierHelperImpl - Normalizing identifier quoting [gain]
17:39:43.561 [main] DEBUG org.hibernate.cfg.annotations.PropertyBinder - Building property gain
17:39:43.561 [main] TRACE org.hibernate.cfg.annotations.PropertyBinder - Cascading gain with null
17:39:43.561 [main] TRACE org.hibernate.cfg.AnnotationBinder - Processing annotations of com.soft.entity.TransistorEntity.maxCurrent
17:39:43.561 [main] TRACE org.hibernate.engine.jdbc.env.internal.NormalizingIdentifierHelperImpl - Normalizing identifier quoting [max_current]
17:39:43.561 [main] TRACE org.hibernate.engine.jdbc.env.internal.NormalizingIdentifierHelperImpl - Normalizing identifier quoting [max_current]
17:39:43.561 [main] DEBUG org.hibernate.cfg.Ejb3Column - Binding column: Ejb3Column{table=org.hibernate.mapping.Table(transistor), mappingColumn=max_current, insertable=true, updatable=true, unique=false}
17:39:43.561 [main] DEBUG org.hibernate.cfg.annotations.PropertyBinder - MetadataSourceProcessor property maxCurrent with lazy=false
17:39:43.561 [main] DEBUG org.hibernate.cfg.AbstractPropertyHolder - Attempting to locate auto-apply AttributeConverter for property [com.soft.entity.TransistorEntity:maxCurrent]
17:39:43.561 [main] DEBUG org.hibernate.cfg.annotations.SimpleValueBinder - building SimpleValue for maxCurrent
17:39:43.561 [main] TRACE org.hibernate.engine.jdbc.env.internal.NormalizingIdentifierHelperImpl - Normalizing identifier quoting [max_current]
17:39:43.561 [main] DEBUG org.hibernate.cfg.annotations.PropertyBinder - Building property maxCurrent
17:39:43.561 [main] TRACE org.hibernate.cfg.annotations.PropertyBinder - Cascading maxCurrent with null
17:39:43.561 [main] TRACE org.hibernate.cfg.AnnotationBinder - Processing annotations of com.soft.entity.TransistorEntity.maxCurrentUnit
17:39:43.561 [main] TRACE org.hibernate.engine.jdbc.env.internal.NormalizingIdentifierHelperImpl - Normalizing identifier quoting [max_current_unit]
17:39:43.561 [main] TRACE org.hibernate.engine.jdbc.env.internal.NormalizingIdentifierHelperImpl - Normalizing identifier quoting [max_current_unit]
17:39:43.561 [main] DEBUG org.hibernate.cfg.Ejb3Column - Binding column: Ejb3Column{table=org.hibernate.mapping.Table(transistor), mappingColumn=max_current_unit, insertable=true, updatable=true, unique=false}
17:39:43.561 [main] DEBUG org.hibernate.cfg.annotations.PropertyBinder - MetadataSourceProcessor property maxCurrentUnit with lazy=false
17:39:43.561 [main] DEBUG org.hibernate.cfg.AbstractPropertyHolder - Attempting to locate auto-apply AttributeConverter for property [com.soft.entity.TransistorEntity:maxCurrentUnit]
17:39:43.561 [main] DEBUG org.hibernate.cfg.annotations.SimpleValueBinder - building SimpleValue for maxCurrentUnit
17:39:43.561 [main] TRACE org.hibernate.engine.jdbc.env.internal.NormalizingIdentifierHelperImpl - Normalizing identifier quoting [max_current_unit]
17:39:43.561 [main] DEBUG org.hibernate.cfg.annotations.PropertyBinder - Building property maxCurrentUnit
17:39:43.561 [main] TRACE org.hibernate.cfg.annotations.PropertyBinder - Cascading maxCurrentUnit with null
17:39:43.562 [main] TRACE org.hibernate.cfg.AnnotationBinder - Processing annotations of com.soft.entity.TransistorEntity.name
17:39:43.562 [main] TRACE org.hibernate.engine.jdbc.env.internal.NormalizingIdentifierHelperImpl - Normalizing identifier quoting [name]
17:39:43.562 [main] TRACE org.hibernate.engine.jdbc.env.internal.NormalizingIdentifierHelperImpl - Normalizing identifier quoting [name]
17:39:43.562 [main] DEBUG org.hibernate.cfg.Ejb3Column - Binding column: Ejb3Column{table=org.hibernate.mapping.Table(transistor), mappingColumn=name, insertable=true, updatable=true, unique=false}
17:39:43.562 [main] DEBUG org.hibernate.cfg.annotations.PropertyBinder - MetadataSourceProcessor property name with lazy=false
17:39:43.562 [main] DEBUG org.hibernate.cfg.AbstractPropertyHolder - Attempting to locate auto-apply AttributeConverter for property [com.soft.entity.TransistorEntity:name]
17:39:43.562 [main] DEBUG org.hibernate.cfg.annotations.SimpleValueBinder - building SimpleValue for name
17:39:43.562 [main] TRACE org.hibernate.engine.jdbc.env.internal.NormalizingIdentifierHelperImpl - Normalizing identifier quoting [name]
17:39:43.562 [main] DEBUG org.hibernate.cfg.annotations.PropertyBinder - Building property name
17:39:43.562 [main] TRACE org.hibernate.cfg.annotations.PropertyBinder - Cascading name with null
17:39:43.562 [main] TRACE org.hibernate.cfg.AnnotationBinder - Processing annotations of com.soft.entity.TransistorEntity.photo
17:39:43.562 [main] TRACE org.hibernate.engine.jdbc.env.internal.NormalizingIdentifierHelperImpl - Normalizing identifier quoting [photo]
17:39:43.562 [main] TRACE org.hibernate.engine.jdbc.env.internal.NormalizingIdentifierHelperImpl - Normalizing identifier quoting [photo]
17:39:43.562 [main] DEBUG org.hibernate.cfg.Ejb3Column - Binding column: Ejb3Column{table=org.hibernate.mapping.Table(transistor), mappingColumn=photo, insertable=true, updatable=true, unique=false}
17:39:43.562 [main] DEBUG org.hibernate.cfg.annotations.PropertyBinder - MetadataSourceProcessor property photo with lazy=false
17:39:43.562 [main] DEBUG org.hibernate.cfg.AbstractPropertyHolder - Attempting to locate auto-apply AttributeConverter for property [com.soft.entity.TransistorEntity:photo]
17:39:43.562 [main] DEBUG org.hibernate.cfg.annotations.SimpleValueBinder - building SimpleValue for photo
17:39:43.562 [main] TRACE org.hibernate.engine.jdbc.env.internal.NormalizingIdentifierHelperImpl - Normalizing identifier quoting [photo]
17:39:43.562 [main] DEBUG org.hibernate.cfg.annotations.PropertyBinder - Building property photo
17:39:43.562 [main] TRACE org.hibernate.cfg.annotations.PropertyBinder - Cascading photo with null
17:39:43.562 [main] TRACE org.hibernate.cfg.AnnotationBinder - Processing annotations of com.soft.entity.TransistorEntity.price
17:39:43.562 [main] TRACE org.hibernate.engine.jdbc.env.internal.NormalizingIdentifierHelperImpl - Normalizing identifier quoting [price]
17:39:43.562 [main] TRACE org.hibernate.engine.jdbc.env.internal.NormalizingIdentifierHelperImpl - Normalizing identifier quoting [price]
17:39:43.562 [main] DEBUG org.hibernate.cfg.Ejb3Column - Binding column: Ejb3Column{table=org.hibernate.mapping.Table(transistor), mappingColumn=price, insertable=true, updatable=true, unique=false}
17:39:43.562 [main] DEBUG org.hibernate.cfg.annotations.PropertyBinder - MetadataSourceProcessor property price with lazy=false
17:39:43.563 [main] DEBUG org.hibernate.cfg.AbstractPropertyHolder - Attempting to locate auto-apply AttributeConverter for property [com.soft.entity.TransistorEntity:price]
17:39:43.563 [main] DEBUG org.hibernate.cfg.annotations.SimpleValueBinder - building SimpleValue for price
17:39:43.563 [main] TRACE org.hibernate.engine.jdbc.env.internal.NormalizingIdentifierHelperImpl - Normalizing identifier quoting [price]
17:39:43.563 [main] DEBUG org.hibernate.cfg.annotations.PropertyBinder - Building property price
17:39:43.563 [main] TRACE org.hibernate.cfg.annotations.PropertyBinder - Cascading price with null
17:39:43.563 [main] TRACE org.hibernate.cfg.AnnotationBinder - Processing annotations of com.soft.entity.TransistorEntity.producer
17:39:43.563 [main] TRACE org.hibernate.engine.jdbc.env.internal.NormalizingIdentifierHelperImpl - Normalizing identifier quoting [producer]
17:39:43.563 [main] TRACE org.hibernate.engine.jdbc.env.internal.NormalizingIdentifierHelperImpl - Normalizing identifier quoting [producer]
17:39:43.563 [main] DEBUG org.hibernate.cfg.Ejb3Column - Binding column: Ejb3Column{table=org.hibernate.mapping.Table(transistor), mappingColumn=producer, insertable=true, updatable=true, unique=false}
17:39:43.563 [main] DEBUG org.hibernate.cfg.annotations.PropertyBinder - MetadataSourceProcessor property producer with lazy=false
17:39:43.563 [main] DEBUG org.hibernate.cfg.AbstractPropertyHolder - Attempting to locate auto-apply AttributeConverter for property [com.soft.entity.TransistorEntity:producer]
17:39:43.563 [main] DEBUG org.hibernate.cfg.annotations.SimpleValueBinder - building SimpleValue for producer
17:39:43.563 [main] TRACE org.hibernate.engine.jdbc.env.internal.NormalizingIdentifierHelperImpl - Normalizing identifier quoting [producer]
17:39:43.563 [main] DEBUG org.hibernate.cfg.annotations.PropertyBinder - Building property producer
17:39:43.563 [main] TRACE org.hibernate.cfg.annotations.PropertyBinder - Cascading producer with null
17:39:43.563 [main] TRACE org.hibernate.cfg.AnnotationBinder - Processing annotations of com.soft.entity.TransistorEntity.quantity
17:39:43.563 [main] TRACE org.hibernate.engine.jdbc.env.internal.NormalizingIdentifierHelperImpl - Normalizing identifier quoting [quantity]
17:39:43.563 [main] TRACE org.hibernate.engine.jdbc.env.internal.NormalizingIdentifierHelperImpl - Normalizing identifier quoting [quantity]
17:39:43.563 [main] DEBUG org.hibernate.cfg.Ejb3Column - Binding column: Ejb3Column{table=org.hibernate.mapping.Table(transistor), mappingColumn=quantity, insertable=true, updatable=true, unique=false}
17:39:43.563 [main] DEBUG org.hibernate.cfg.annotations.PropertyBinder - MetadataSourceProcessor property quantity with lazy=false
17:39:43.563 [main] DEBUG org.hibernate.cfg.AbstractPropertyHolder - Attempting to locate auto-apply AttributeConverter for property [com.soft.entity.TransistorEntity:quantity]
17:39:43.563 [main] DEBUG org.hibernate.cfg.annotations.SimpleValueBinder - building SimpleValue for quantity
17:39:43.563 [main] TRACE org.hibernate.engine.jdbc.env.internal.NormalizingIdentifierHelperImpl - Normalizing identifier quoting [quantity]
17:39:43.563 [main] DEBUG org.hibernate.cfg.annotations.PropertyBinder - Building property quantity
17:39:43.563 [main] TRACE org.hibernate.cfg.annotations.PropertyBinder - Cascading quantity with null
17:39:43.563 [main] TRACE org.hibernate.cfg.AnnotationBinder - Processing annotations of com.soft.entity.TransistorEntity.tPackage
17:39:43.563 [main] TRACE org.hibernate.engine.jdbc.env.internal.NormalizingIdentifierHelperImpl - Normalizing identifier quoting [package]
17:39:43.564 [main] TRACE org.hibernate.engine.jdbc.env.internal.NormalizingIdentifierHelperImpl - Normalizing identifier quoting [package]
17:39:43.564 [main] DEBUG org.hibernate.cfg.Ejb3Column - Binding column: Ejb3Column{table=org.hibernate.mapping.Table(transistor), mappingColumn=package, insertable=true, updatable=true, unique=false}
17:39:43.564 [main] DEBUG org.hibernate.cfg.annotations.PropertyBinder - MetadataSourceProcessor property tPackage with lazy=false
17:39:43.564 [main] DEBUG org.hibernate.cfg.AbstractPropertyHolder - Attempting to locate auto-apply AttributeConverter for property [com.soft.entity.TransistorEntity:tPackage]
17:39:43.564 [main] DEBUG org.hibernate.cfg.annotations.SimpleValueBinder - building SimpleValue for tPackage
17:39:43.564 [main] TRACE org.hibernate.engine.jdbc.env.internal.NormalizingIdentifierHelperImpl - Normalizing identifier quoting [package]
17:39:43.564 [main] DEBUG org.hibernate.cfg.annotations.PropertyBinder - Building property tPackage
17:39:43.564 [main] TRACE org.hibernate.cfg.annotations.PropertyBinder - Cascading tPackage with null
17:39:43.565 [main] DEBUG org.hibernate.cfg.annotations.SimpleValueBinder - Starting fillSimpleValue for id
17:39:43.565 [main] DEBUG org.hibernate.cfg.annotations.SimpleValueBinder - Starting fillSimpleValue for entityName
17:39:43.565 [main] DEBUG org.hibernate.cfg.annotations.SimpleValueBinder - Starting fillSimpleValue for name
17:39:43.565 [main] DEBUG org.hibernate.cfg.annotations.SimpleValueBinder - Starting fillSimpleValue for photo
17:39:43.565 [main] DEBUG org.hibernate.cfg.annotations.SimpleValueBinder - Starting fillSimpleValue for id
17:39:43.565 [main] DEBUG org.hibernate.cfg.annotations.SimpleValueBinder - Starting fillSimpleValue for locale
17:39:43.565 [main] DEBUG org.hibernate.cfg.annotations.SimpleValueBinder - Starting fillSimpleValue for message
17:39:43.565 [main] DEBUG org.hibernate.cfg.annotations.SimpleValueBinder - Starting fillSimpleValue for msgKey
17:39:43.565 [main] DEBUG org.hibernate.cfg.annotations.SimpleValueBinder - Starting fillSimpleValue for id
17:39:43.565 [main] DEBUG org.hibernate.cfg.annotations.SimpleValueBinder - Starting fillSimpleValue for producerCategory
17:39:43.565 [main] DEBUG org.hibernate.cfg.annotations.SimpleValueBinder - Starting fillSimpleValue for producerName
17:39:43.565 [main] DEBUG org.hibernate.cfg.annotations.SimpleValueBinder - Starting fillSimpleValue for id
17:39:43.565 [main] DEBUG org.hibernate.cfg.annotations.SimpleValueBinder - Starting fillSimpleValue for category
17:39:43.565 [main] DEBUG org.hibernate.cfg.annotations.SimpleValueBinder - Starting fillSimpleValue for description
17:39:43.565 [main] DEBUG org.hibernate.cfg.annotations.SimpleValueBinder - Starting fillSimpleValue for name
17:39:43.565 [main] DEBUG org.hibernate.cfg.annotations.SimpleValueBinder - Starting fillSimpleValue for nominal
17:39:43.565 [main] DEBUG org.hibernate.cfg.annotations.SimpleValueBinder - Starting fillSimpleValue for nominalUnit
17:39:43.565 [main] DEBUG org.hibernate.cfg.annotations.SimpleValueBinder - Starting fillSimpleValue for photo
17:39:43.565 [main] DEBUG org.hibernate.cfg.annotations.SimpleValueBinder - Starting fillSimpleValue for power
17:39:43.565 [main] DEBUG org.hibernate.cfg.annotations.SimpleValueBinder - Starting fillSimpleValue for powerUnit
17:39:43.566 [main] DEBUG org.hibernate.cfg.annotations.SimpleValueBinder - Starting fillSimpleValue for price
17:39:43.566 [main] DEBUG org.hibernate.cfg.annotations.SimpleValueBinder - Starting fillSimpleValue for producer
17:39:43.566 [main] DEBUG org.hibernate.cfg.annotations.SimpleValueBinder - Starting fillSimpleValue for quantity
17:39:43.566 [main] DEBUG org.hibernate.cfg.annotations.SimpleValueBinder - Starting fillSimpleValue for rPackage
17:39:43.566 [main] DEBUG org.hibernate.cfg.annotations.SimpleValueBinder - Starting fillSimpleValue for rPrecision
17:39:43.566 [main] DEBUG org.hibernate.cfg.annotations.SimpleValueBinder - Starting fillSimpleValue for id
17:39:43.566 [main] DEBUG org.hibernate.cfg.annotations.SimpleValueBinder - Starting fillSimpleValue for category
17:39:43.566 [main] DEBUG org.hibernate.cfg.annotations.SimpleValueBinder - Starting fillSimpleValue for conductanceType
17:39:43.566 [main] DEBUG org.hibernate.cfg.annotations.SimpleValueBinder - Starting fillSimpleValue for description
17:39:43.566 [main] DEBUG org.hibernate.cfg.annotations.SimpleValueBinder - Starting fillSimpleValue for gain
17:39:43.566 [main] DEBUG org.hibernate.cfg.annotations.SimpleValueBinder - Starting fillSimpleValue for maxCurrent
17:39:43.566 [main] DEBUG org.hibernate.cfg.annotations.SimpleValueBinder - Starting fillSimpleValue for maxCurrentUnit
17:39:43.566 [main] DEBUG org.hibernate.cfg.annotations.SimpleValueBinder - Starting fillSimpleValue for name
17:39:43.566 [main] DEBUG org.hibernate.cfg.annotations.SimpleValueBinder - Starting fillSimpleValue for photo
17:39:43.566 [main] DEBUG org.hibernate.cfg.annotations.SimpleValueBinder - Starting fillSimpleValue for price
17:39:43.566 [main] DEBUG org.hibernate.cfg.annotations.SimpleValueBinder - Starting fillSimpleValue for producer
17:39:43.566 [main] DEBUG org.hibernate.cfg.annotations.SimpleValueBinder - Starting fillSimpleValue for quantity
17:39:43.566 [main] DEBUG org.hibernate.cfg.annotations.SimpleValueBinder - Starting fillSimpleValue for tPackage
17:39:43.570 [main] DEBUG org.hibernate.mapping.PrimaryKey - Forcing column [category_id] to be non-null as it is part of the primary key for table [category]
17:39:43.570 [main] DEBUG org.hibernate.mapping.PrimaryKey - Forcing column [id] to be non-null as it is part of the primary key for table [locale]
17:39:43.570 [main] DEBUG org.hibernate.mapping.PrimaryKey - Forcing column [producer_id] to be non-null as it is part of the primary key for table [producer]
17:39:43.570 [main] DEBUG org.hibernate.mapping.PrimaryKey - Forcing column [resistor_id] to be non-null as it is part of the primary key for table [resistor]
17:39:43.570 [main] DEBUG org.hibernate.mapping.PrimaryKey - Forcing column [transistor_id] to be non-null as it is part of the primary key for table [transistor]
17:39:43.571 [main] TRACE org.hibernate.engine.jdbc.env.internal.NormalizingIdentifierHelperImpl - Normalizing identifier quoting [resistor_id]
17:39:43.572 [main] TRACE org.hibernate.engine.jdbc.env.internal.NormalizingIdentifierHelperImpl - Normalizing identifier quoting [resistor]
17:39:43.572 [main] TRACE org.hibernate.engine.jdbc.env.internal.NormalizingIdentifierHelperImpl - Normalizing identifier quoting [producer_id]
17:39:43.572 [main] TRACE org.hibernate.engine.jdbc.env.internal.NormalizingIdentifierHelperImpl - Normalizing identifier quoting [producer]
17:39:43.572 [main] TRACE org.hibernate.engine.jdbc.env.internal.NormalizingIdentifierHelperImpl - Normalizing identifier quoting [transistor_id]
17:39:43.572 [main] TRACE org.hibernate.engine.jdbc.env.internal.NormalizingIdentifierHelperImpl - Normalizing identifier quoting [transistor]
17:39:43.572 [main] TRACE org.hibernate.engine.jdbc.env.internal.NormalizingIdentifierHelperImpl - Normalizing identifier quoting [category_id]
17:39:43.572 [main] TRACE org.hibernate.engine.jdbc.env.internal.NormalizingIdentifierHelperImpl - Normalizing identifier quoting [category]
17:39:43.572 [main] TRACE org.hibernate.engine.jdbc.env.internal.NormalizingIdentifierHelperImpl - Normalizing identifier quoting [ID]
17:39:43.572 [main] TRACE org.hibernate.engine.jdbc.env.internal.NormalizingIdentifierHelperImpl - Normalizing identifier quoting [locale]
17:39:43.578 [main] TRACE org.hibernate.loader.BatchFetchStyle - Interpreting BatchFetchStyle from setting : null
17:39:43.600 [main] DEBUG org.hibernate.internal.SessionFactoryImpl - Building session factory
17:39:43.601 [main] DEBUG org.hibernate.cfg.Settings - SessionFactory name : null
17:39:43.601 [main] DEBUG org.hibernate.cfg.Settings - Automatic flush during beforeCompletion(): enabled
17:39:43.601 [main] DEBUG org.hibernate.cfg.Settings - Automatic session close at end of transaction: disabled
17:39:43.601 [main] DEBUG org.hibernate.cfg.Settings - Statistics: disabled
17:39:43.601 [main] DEBUG org.hibernate.cfg.Settings - Deleted entity synthetic identifier rollback: disabled
17:39:43.601 [main] DEBUG org.hibernate.cfg.Settings - Default entity-mode: pojo
17:39:43.601 [main] DEBUG org.hibernate.cfg.Settings - Check Nullability in Core (should be disabled when Bean Validation is on): enabled
17:39:43.601 [main] DEBUG org.hibernate.cfg.Settings - Allow initialization of lazy state outside session : disabled
17:39:43.601 [main] DEBUG org.hibernate.cfg.Settings - Using BatchFetchStyle : LEGACY
17:39:43.601 [main] DEBUG org.hibernate.cfg.Settings - Default batch fetch size: -1
17:39:43.601 [main] DEBUG org.hibernate.cfg.Settings - Maximum outer join fetch depth: 2
17:39:43.601 [main] DEBUG org.hibernate.cfg.Settings - Default null ordering: NONE
17:39:43.601 [main] DEBUG org.hibernate.cfg.Settings - Order SQL updates by primary key: disabled
17:39:43.601 [main] DEBUG org.hibernate.cfg.Settings - Order SQL inserts for batching: disabled
17:39:43.601 [main] DEBUG org.hibernate.cfg.Settings - multi-tenancy strategy : NONE
17:39:43.601 [main] DEBUG org.hibernate.cfg.Settings - JTA Track by Thread: enabled
17:39:43.601 [main] DEBUG org.hibernate.cfg.Settings - Query language substitutions: {}
17:39:43.601 [main] DEBUG org.hibernate.cfg.Settings - JPA query language strict compliance: disabled
17:39:43.601 [main] DEBUG org.hibernate.cfg.Settings - Named query checking : enabled
17:39:43.602 [main] DEBUG org.hibernate.cfg.Settings - Second-level cache: enabled
17:39:43.602 [main] DEBUG org.hibernate.cfg.Settings - Second-level query cache: enabled
17:39:43.602 [main] DEBUG org.hibernate.cfg.Settings - Second-level query cache factory: org.hibernate.cache.internal.StandardQueryCacheFactory@2764c546
17:39:43.602 [main] DEBUG org.hibernate.cfg.Settings - Second-level cache region prefix: null
17:39:43.602 [main] DEBUG org.hibernate.cfg.Settings - Optimize second-level cache for minimal puts: enabled
17:39:43.602 [main] DEBUG org.hibernate.cfg.Settings - Structured second-level cache entries: disabled
17:39:43.602 [main] DEBUG org.hibernate.cfg.Settings - Second-level cache direct-reference entries: disabled
17:39:43.602 [main] DEBUG org.hibernate.cfg.Settings - Automatic eviction of collection cache: disabled
17:39:43.602 [main] DEBUG org.hibernate.cfg.Settings - JDBC batch size: 15
17:39:43.602 [main] DEBUG org.hibernate.cfg.Settings - JDBC batch updates for versioned data: enabled
17:39:43.602 [main] DEBUG org.hibernate.cfg.Settings - Scrollable result sets: enabled
17:39:43.602 [main] DEBUG org.hibernate.cfg.Settings - Wrap result sets: disabled
17:39:43.602 [main] DEBUG org.hibernate.cfg.Settings - JDBC3 getGeneratedKeys(): enabled
17:39:43.602 [main] DEBUG org.hibernate.cfg.Settings - JDBC result set fetch size: null
17:39:43.602 [main] DEBUG org.hibernate.cfg.Settings - Connection release mode: ON_CLOSE
17:39:43.602 [main] DEBUG org.hibernate.cfg.Settings - Generate SQL with comments: disabled
17:39:43.602 [main] TRACE org.hibernate.service.internal.AbstractServiceRegistryImpl - Initializing service [role=org.hibernate.service.spi.SessionFactoryServiceRegistryFactory]
17:39:43.605 [main] TRACE org.hibernate.service.internal.AbstractServiceRegistryImpl - Initializing service [role=org.hibernate.event.service.spi.EventListenerRegistry]
17:39:43.631 [main] TRACE org.hibernate.service.internal.AbstractServiceRegistryImpl - Initializing service [role=org.hibernate.engine.spi.CacheImplementor]
17:39:43.680 [main] DEBUG org.ehcache.core.internal.service.ServiceLocator - Starting 16 Services...
17:39:43.683 [main] DEBUG org.ehcache.impl.internal.statistics.DefaultStatisticsService - Starting service
17:39:43.683 [main] DEBUG org.ehcache.core.internal.service.ServiceLocator - All Services successfully started, 16 Services in 4ms
17:39:43.684 [main] DEBUG org.ehcache.impl.internal.statistics.DefaultStatisticsService - Moving from UNINITIALIZED to AVAILABLE
17:39:43.684 [main] DEBUG org.ehcache.core.EhcacheManager - Initialize successful.
17:39:43.696 [main] DEBUG org.ehcache.jsr107.ConfigurationMerger - Using default Copier for JSR-107 store-by-value cache org.hibernate.cache.spi.UpdateTimestampsCache
17:39:43.697 [main] DEBUG org.ehcache.core.EhcacheManager - Creating Cache 'org.hibernate.cache.spi.UpdateTimestampsCache' in Eh107InternalCacheManager.
17:39:43.699 [main] DEBUG org.ehcache.impl.internal.spi.serialization.DefaultSerializationProvider - Serializer for <java.lang.Object> : org.ehcache.impl.serialization.PlainJavaSerializer@43f0c2d1
17:39:43.700 [main] DEBUG org.ehcache.impl.internal.spi.serialization.DefaultSerializationProvider - Serializer for <java.lang.Object> : org.ehcache.impl.serialization.PlainJavaSerializer@2eb917d0
17:39:43.702 [main] DEBUG org.ehcache.impl.internal.spi.copy.DefaultCopyProvider - Copier for <java.lang.Object> : org.ehcache.impl.copy.SerializingCopier@71466383
17:39:43.702 [main] DEBUG org.ehcache.impl.internal.spi.copy.DefaultCopyProvider - Copier for <java.lang.Object> : org.ehcache.impl.copy.SerializingCopier@46d63dbb
17:39:43.799 [main] TRACE class org.ehcache.core.Ehcache-org.hibernate.cache.spi.UpdateTimestampsCache - Initializing
17:39:43.799 [main] DEBUG class org.ehcache.core.Ehcache-org.hibernate.cache.spi.UpdateTimestampsCache - Initialize successful.
17:39:43.799 [main] DEBUG org.ehcache.impl.internal.statistics.DefaultStatisticsService - Cache added org.hibernate.cache.spi.UpdateTimestampsCache
17:39:43.810 [main] INFO  org.ehcache.core.EhcacheManager - Cache 'org.hibernate.cache.spi.UpdateTimestampsCache' created in Eh107InternalCacheManager.
17:39:43.813 [main] INFO  org.hibernate.cache.spi.UpdateTimestampsCache - HHH000250: Starting update timestamps cache at region: org.hibernate.cache.spi.UpdateTimestampsCache
17:39:43.814 [main] DEBUG org.ehcache.jsr107.ConfigurationMerger - Using default Copier for JSR-107 store-by-value cache org.hibernate.cache.internal.StandardQueryCache
17:39:43.814 [main] DEBUG org.ehcache.core.EhcacheManager - Creating Cache 'org.hibernate.cache.internal.StandardQueryCache' in Eh107InternalCacheManager.
17:39:43.814 [main] DEBUG org.ehcache.impl.internal.spi.serialization.DefaultSerializationProvider - Serializer for <java.lang.Object> : org.ehcache.impl.serialization.PlainJavaSerializer@750ff7d3
17:39:43.814 [main] DEBUG org.ehcache.impl.internal.spi.serialization.DefaultSerializationProvider - Serializer for <java.lang.Object> : org.ehcache.impl.serialization.PlainJavaSerializer@63b3ee82
17:39:43.814 [main] DEBUG org.ehcache.impl.internal.spi.copy.DefaultCopyProvider - Copier for <java.lang.Object> : org.ehcache.impl.copy.SerializingCopier@2620e717
17:39:43.814 [main] DEBUG org.ehcache.impl.internal.spi.copy.DefaultCopyProvider - Copier for <java.lang.Object> : org.ehcache.impl.copy.SerializingCopier@7c8d5312
17:39:43.816 [main] TRACE class org.ehcache.core.Ehcache-org.hibernate.cache.internal.StandardQueryCache - Initializing
17:39:43.816 [main] DEBUG class org.ehcache.core.Ehcache-org.hibernate.cache.internal.StandardQueryCache - Initialize successful.
17:39:43.816 [main] DEBUG org.ehcache.impl.internal.statistics.DefaultStatisticsService - Cache added org.hibernate.cache.internal.StandardQueryCache
17:39:43.817 [main] INFO  org.ehcache.core.EhcacheManager - Cache 'org.hibernate.cache.internal.StandardQueryCache' created in Eh107InternalCacheManager.
17:39:43.818 [main] INFO  org.hibernate.cache.internal.StandardQueryCache - HHH000248: Starting query cache at region: org.hibernate.cache.internal.StandardQueryCache
17:39:43.825 [main] TRACE org.hibernate.type.TypeFactory - Scoping types to session factory org.hibernate.internal.SessionFactoryImpl@44b18fe4
17:39:43.825 [main] DEBUG org.hibernate.internal.SessionFactoryImpl - Session factory constructed with filter configurations : {}
17:39:43.825 [main] DEBUG org.hibernate.internal.SessionFactoryImpl - Instantiating session factory with properties: {sun.desktop=gnome, awt.toolkit=sun.awt.X11.XToolkit, file.encoding.pkg=sun.io, java.specification.version=1.8, hibernate.connection.handling_mode=DELAYED_ACQUISITION_AND_HOLD, sun.cpu.isalist=, sun.jnu.encoding=UTF-8, hibernate.dialect=org.hibernate.dialect.MySQL5Dialect, java.class.path=/home/mihail/programs/project_mvn/eShop/eShop_repo/eshop/target/test-classes:/home/mihail/programs/project_mvn/eShop/eShop_repo/eshop/target/classes:/home/mihail/.m2/repository/org/hsqldb/hsqldb/2.5.0/hsqldb-2.5.0.jar:/home/mihail/.m2/repository/org/apache/commons/commons-dbcp2/2.7.0/commons-dbcp2-2.7.0.jar:/home/mihail/.m2/repository/org/apache/commons/commons-pool2/2.7.0/commons-pool2-2.7.0.jar:/home/mihail/.m2/repository/commons-logging/commons-logging/1.2/commons-logging-1.2.jar:/home/mihail/.m2/repository/org/apache/logging/log4j/log4j-api/2.11.1/log4j-api-2.11.1.jar:/home/mihail/.m2/repository/org/apache/logging/log4j/log4j-core/2.11.1/log4j-core-2.11.1.jar:/home/mihail/.m2/repository/org/apache/logging/log4j/log4j-jcl/2.11.1/log4j-jcl-2.11.1.jar:/home/mihail/.m2/repository/org/apache/logging/log4j/log4j-slf4j-impl/2.11.1/log4j-slf4j-impl-2.11.1.jar:/home/mihail/.m2/repository/org/slf4j/slf4j-api/1.7.25/slf4j-api-1.7.25.jar:/home/mihail/.m2/repository/org/apache/logging/log4j/log4j-taglib/2.11.1/log4j-taglib-2.11.1.jar:/home/mihail/.m2/repository/org/junit/jupiter/junit-jupiter/5.6.0/junit-jupiter-5.6.0.jar:/home/mihail/.m2/repository/org/junit/jupiter/junit-jupiter-api/5.6.0/junit-jupiter-api-5.6.0.jar:/home/mihail/.m2/repository/org/apiguardian/apiguardian-api/1.1.0/apiguardian-api-1.1.0.jar:/home/mihail/.m2/repository/org/opentest4j/opentest4j/1.2.0/opentest4j-1.2.0.jar:/home/mihail/.m2/repository/org/junit/platform/junit-platform-commons/1.6.0/junit-platform-commons-1.6.0.jar:/home/mihail/.m2/repository/org/junit/jupiter/junit-jupiter-params/5.6.0/junit-jupiter-params-5.6.0.jar:/home/mihail/.m2/repository/org/junit/jupiter/junit-jupiter-engine/5.6.0/junit-jupiter-engine-5.6.0.jar:/home/mihail/.m2/repository/org/junit/platform/junit-platform-engine/1.6.0/junit-platform-engine-1.6.0.jar:/home/mihail/.m2/repository/org/springframework/spring-core/5.2.0.RELEASE/spring-core-5.2.0.RELEASE.jar:/home/mihail/.m2/repository/org/springframework/spring-jcl/5.2.0.RELEASE/spring-jcl-5.2.0.RELEASE.jar:/home/mihail/.m2/repository/org/springframework/spring-context/5.0.4.RELEASE/spring-context-5.0.4.RELEASE.jar:/home/mihail/.m2/repository/org/springframework/spring-aop/5.0.4.RELEASE/spring-aop-5.0.4.RELEASE.jar:/home/mihail/.m2/repository/org/springframework/spring-beans/5.0.4.RELEASE/spring-beans-5.0.4.RELEASE.jar:/home/mihail/.m2/repository/org/springframework/spring-expression/5.0.4.RELEASE/spring-expression-5.0.4.RELEASE.jar:/home/mihail/.m2/repository/org/springframework/spring-jdbc/5.0.4.RELEASE/spring-jdbc-5.0.4.RELEASE.jar:/home/mihail/.m2/repository/org/springframework/spring-orm/5.0.4.RELEASE/spring-orm-5.0.4.RELEASE.jar:/home/mihail/.m2/repository/org/springframework/spring-web/5.0.4.RELEASE/spring-web-5.0.4.RELEASE.jar:/home/mihail/.m2/repository/org/springframework/spring-webmvc/5.0.4.RELEASE/spring-webmvc-5.0.4.RELEASE.jar:/home/mihail/.m2/repository/org/springframework/spring-websocket/5.0.4.RELEASE/spring-websocket-5.0.4.RELEASE.jar:/home/mihail/.m2/repository/org/springframework/spring-tx/5.0.4.RELEASE/spring-tx-5.0.4.RELEASE.jar:/home/mihail/.m2/repository/org/springframework/spring-context-support/5.0.4.RELEASE/spring-context-support-5.0.4.RELEASE.jar:/home/mihail/.m2/repository/org/springframework/ws/spring-ws-core/3.0.1.RELEASE/spring-ws-core-3.0.1.RELEASE.jar:/home/mihail/.m2/repository/org/springframework/ws/spring-xml/3.0.1.RELEASE/spring-xml-3.0.1.RELEASE.jar:/home/mihail/.m2/repository/org/springframework/spring-oxm/5.0.4.RELEASE/spring-oxm-5.0.4.RELEASE.jar:/home/mihail/.m2/repository/commons-io/commons-io/2.5/commons-io-2.5.jar:/home/mihail/.m2/repository/org/springframework/spring-test/5.2.3.RELEASE/spring-test-5.2.3.RELEASE.jar:/home/mihail/.m2/repository/javax/servlet/javax.servlet-api/3.1.0/javax.servlet-api-3.1.0.jar:/home/mihail/.m2/repository/org/hibernate/hibernate-core/5.2.13.Final/hibernate-core-5.2.13.Final.jar:/home/mihail/.m2/repository/org/jboss/logging/jboss-logging/3.3.1.Final/jboss-logging-3.3.1.Final.jar:/home/mihail/.m2/repository/org/hibernate/javax/persistence/hibernate-jpa-2.1-api/1.0.0.Final/hibernate-jpa-2.1-api-1.0.0.Final.jar:/home/mihail/.m2/repository/org/javassist/javassist/3.22.0-GA/javassist-3.22.0-GA.jar:/home/mihail/.m2/repository/antlr/antlr/2.7.7/antlr-2.7.7.jar:/home/mihail/.m2/repository/org/jboss/spec/javax/transaction/jboss-transaction-api_1.2_spec/1.0.1.Final/jboss-transaction-api_1.2_spec-1.0.1.Final.jar:/home/mihail/.m2/repository/org/jboss/jandex/2.0.3.Final/jandex-2.0.3.Final.jar:/home/mihail/.m2/repository/com/fasterxml/classmate/1.3.0/classmate-1.3.0.jar:/home/mihail/.m2/repository/dom4j/dom4j/1.6.1/dom4j-1.6.1.jar:/home/mihail/.m2/repository/org/hibernate/common/hibernate-commons-annotations/5.0.1.Final/hibernate-commons-annotations-5.0.1.Final.jar:/home/mihail/.m2/repository/org/hibernate/hibernate-jcache/5.2.10.Final/hibernate-jcache-5.2.10.Final.jar:/home/mihail/.m2/repository/javax/cache/cache-api/1.0.0/cache-api-1.0.0.jar:/home/mihail/.m2/repository/org/ehcache/ehcache/3.3.1/ehcache-3.3.1.jar:/home/mihail/.m2/repository/com/fasterxml/jackson/core/jackson-databind/2.9.4/jackson-databind-2.9.4.jar:/home/mihail/.m2/repository/com/fasterxml/jackson/core/jackson-annotations/2.9.0/jackson-annotations-2.9.0.jar:/home/mihail/.m2/repository/com/fasterxml/jackson/core/jackson-core/2.9.4/jackson-core-2.9.4.jar:/home/mihail/.m2/repository/org/thymeleaf/thymeleaf/3.0.9.RELEASE/thymeleaf-3.0.9.RELEASE.jar:/home/mihail/.m2/repository/ognl/ognl/3.1.12/ognl-3.1.12.jar:/home/mihail/.m2/repository/org/attoparser/attoparser/2.0.4.RELEASE/attoparser-2.0.4.RELEASE.jar:/home/mihail/.m2/repository/org/unbescape/unbescape/1.1.5.RELEASE/unbescape-1.1.5.RELEASE.jar:/home/mihail/.m2/repository/org/thymeleaf/thymeleaf-spring5/3.0.9.RELEASE/thymeleaf-spring5-3.0.9.RELEASE.jar:, java.vm.vendor=Oracle Corporation, sun.arch.data.model=64, java.vendor.url=http://java.oracle.com/, user.timezone=Europe/Moscow, os.name=Linux, java.vm.specification.version=1.8, user.country=RU, sun.java.launcher=SUN_STANDARD, sun.boot.library.path=/usr/lib/jvm/jdk-8u211-linux-x64/jdk1.8.0_211/jre/lib/amd64, sun.java.command=/home/mihail/programs/project_mvn/eShop/eShop_repo/eshop/target/surefire/surefirebooter2346393273592143631.jar /home/mihail/programs/project_mvn/eShop/eShop_repo/eshop/target/surefire/surefire4492890204820286018tmp /home/mihail/programs/project_mvn/eShop/eShop_repo/eshop/target/surefire/surefire_0534578688659526120tmp, surefire.test.class.path=/home/mihail/programs/project_mvn/eShop/eShop_repo/eshop/target/test-classes:/home/mihail/programs/project_mvn/eShop/eShop_repo/eshop/target/classes:/home/mihail/.m2/repository/org/hsqldb/hsqldb/2.5.0/hsqldb-2.5.0.jar:/home/mihail/.m2/repository/org/apache/commons/commons-dbcp2/2.7.0/commons-dbcp2-2.7.0.jar:/home/mihail/.m2/repository/org/apache/commons/commons-pool2/2.7.0/commons-pool2-2.7.0.jar:/home/mihail/.m2/repository/commons-logging/commons-logging/1.2/commons-logging-1.2.jar:/home/mihail/.m2/repository/org/apache/logging/log4j/log4j-api/2.11.1/log4j-api-2.11.1.jar:/home/mihail/.m2/repository/org/apache/logging/log4j/log4j-core/2.11.1/log4j-core-2.11.1.jar:/home/mihail/.m2/repository/org/apache/logging/log4j/log4j-jcl/2.11.1/log4j-jcl-2.11.1.jar:/home/mihail/.m2/repository/org/apache/logging/log4j/log4j-slf4j-impl/2.11.1/log4j-slf4j-impl-2.11.1.jar:/home/mihail/.m2/repository/org/slf4j/slf4j-api/1.7.25/slf4j-api-1.7.25.jar:/home/mihail/.m2/repository/org/apache/logging/log4j/log4j-taglib/2.11.1/log4j-taglib-2.11.1.jar:/home/mihail/.m2/repository/org/junit/jupiter/junit-jupiter/5.6.0/junit-jupiter-5.6.0.jar:/home/mihail/.m2/repository/org/junit/jupiter/junit-jupiter-api/5.6.0/junit-jupiter-api-5.6.0.jar:/home/mihail/.m2/repository/org/apiguardian/apiguardian-api/1.1.0/apiguardian-api-1.1.0.jar:/home/mihail/.m2/repository/org/opentest4j/opentest4j/1.2.0/opentest4j-1.2.0.jar:/home/mihail/.m2/repository/org/junit/platform/junit-platform-commons/1.6.0/junit-platform-commons-1.6.0.jar:/home/mihail/.m2/repository/org/junit/jupiter/junit-jupiter-params/5.6.0/junit-jupiter-params-5.6.0.jar:/home/mihail/.m2/repository/org/junit/jupiter/junit-jupiter-engine/5.6.0/junit-jupiter-engine-5.6.0.jar:/home/mihail/.m2/repository/org/junit/platform/junit-platform-engine/1.6.0/junit-platform-engine-1.6.0.jar:/home/mihail/.m2/repository/org/springframework/spring-core/5.2.0.RELEASE/spring-core-5.2.0.RELEASE.jar:/home/mihail/.m2/repository/org/springframework/spring-jcl/5.2.0.RELEASE/spring-jcl-5.2.0.RELEASE.jar:/home/mihail/.m2/repository/org/springframework/spring-context/5.0.4.RELEASE/spring-context-5.0.4.RELEASE.jar:/home/mihail/.m2/repository/org/springframework/spring-aop/5.0.4.RELEASE/spring-aop-5.0.4.RELEASE.jar:/home/mihail/.m2/repository/org/springframework/spring-beans/5.0.4.RELEASE/spring-beans-5.0.4.RELEASE.jar:/home/mihail/.m2/repository/org/springframework/spring-expression/5.0.4.RELEASE/spring-expression-5.0.4.RELEASE.jar:/home/mihail/.m2/repository/org/springframework/spring-jdbc/5.0.4.RELEASE/spring-jdbc-5.0.4.RELEASE.jar:/home/mihail/.m2/repository/org/springframework/spring-orm/5.0.4.RELEASE/spring-orm-5.0.4.RELEASE.jar:/home/mihail/.m2/repository/org/springframework/spring-web/5.0.4.RELEASE/spring-web-5.0.4.RELEASE.jar:/home/mihail/.m2/repository/org/springframework/spring-webmvc/5.0.4.RELEASE/spring-webmvc-5.0.4.RELEASE.jar:/home/mihail/.m2/repository/org/springframework/spring-websocket/5.0.4.RELEASE/spring-websocket-5.0.4.RELEASE.jar:/home/mihail/.m2/repository/org/springframework/spring-tx/5.0.4.RELEASE/spring-tx-5.0.4.RELEASE.jar:/home/mihail/.m2/repository/org/springframework/spring-context-support/5.0.4.RELEASE/spring-context-support-5.0.4.RELEASE.jar:/home/mihail/.m2/repository/org/springframework/ws/spring-ws-core/3.0.1.RELEASE/spring-ws-core-3.0.1.RELEASE.jar:/home/mihail/.m2/repository/org/springframework/ws/spring-xml/3.0.1.RELEASE/spring-xml-3.0.1.RELEASE.jar:/home/mihail/.m2/repository/org/springframework/spring-oxm/5.0.4.RELEASE/spring-oxm-5.0.4.RELEASE.jar:/home/mihail/.m2/repository/commons-io/commons-io/2.5/commons-io-2.5.jar:/home/mihail/.m2/repository/org/springframework/spring-test/5.2.3.RELEASE/spring-test-5.2.3.RELEASE.jar:/home/mihail/.m2/repository/javax/servlet/javax.servlet-api/3.1.0/javax.servlet-api-3.1.0.jar:/home/mihail/.m2/repository/org/hibernate/hibernate-core/5.2.13.Final/hibernate-core-5.2.13.Final.jar:/home/mihail/.m2/repository/org/jboss/logging/jboss-logging/3.3.1.Final/jboss-logging-3.3.1.Final.jar:/home/mihail/.m2/repository/org/hibernate/javax/persistence/hibernate-jpa-2.1-api/1.0.0.Final/hibernate-jpa-2.1-api-1.0.0.Final.jar:/home/mihail/.m2/repository/org/javassist/javassist/3.22.0-GA/javassist-3.22.0-GA.jar:/home/mihail/.m2/repository/antlr/antlr/2.7.7/antlr-2.7.7.jar:/home/mihail/.m2/repository/org/jboss/spec/javax/transaction/jboss-transaction-api_1.2_spec/1.0.1.Final/jboss-transaction-api_1.2_spec-1.0.1.Final.jar:/home/mihail/.m2/repository/org/jboss/jandex/2.0.3.Final/jandex-2.0.3.Final.jar:/home/mihail/.m2/repository/com/fasterxml/classmate/1.3.0/classmate-1.3.0.jar:/home/mihail/.m2/repository/dom4j/dom4j/1.6.1/dom4j-1.6.1.jar:/home/mihail/.m2/repository/org/hibernate/common/hibernate-commons-annotations/5.0.1.Final/hibernate-commons-annotations-5.0.1.Final.jar:/home/mihail/.m2/repository/org/hibernate/hibernate-jcache/5.2.10.Final/hibernate-jcache-5.2.10.Final.jar:/home/mihail/.m2/repository/javax/cache/cache-api/1.0.0/cache-api-1.0.0.jar:/home/mihail/.m2/repository/org/ehcache/ehcache/3.3.1/ehcache-3.3.1.jar:/home/mihail/.m2/repository/com/fasterxml/jackson/core/jackson-databind/2.9.4/jackson-databind-2.9.4.jar:/home/mihail/.m2/repository/com/fasterxml/jackson/core/jackson-annotations/2.9.0/jackson-annotations-2.9.0.jar:/home/mihail/.m2/repository/com/fasterxml/jackson/core/jackson-core/2.9.4/jackson-core-2.9.4.jar:/home/mihail/.m2/repository/org/thymeleaf/thymeleaf/3.0.9.RELEASE/thymeleaf-3.0.9.RELEASE.jar:/home/mihail/.m2/repository/ognl/ognl/3.1.12/ognl-3.1.12.jar:/home/mihail/.m2/repository/org/attoparser/attoparser/2.0.4.RELEASE/attoparser-2.0.4.RELEASE.jar:/home/mihail/.m2/repository/org/unbescape/unbescape/1.1.5.RELEASE/unbescape-1.1.5.RELEASE.jar:/home/mihail/.m2/repository/org/thymeleaf/thymeleaf-spring5/3.0.9.RELEASE/thymeleaf-spring5-3.0.9.RELEASE.jar:, sun.cpu.endian=little, user.home=/home/mihail, user.language=ru, java.specification.vendor=Oracle Corporation, java.home=/usr/lib/jvm/jdk-8u211-linux-x64/jdk1.8.0_211/jre, basedir=/home/mihail/programs/project_mvn/eShop/eShop_repo/eshop, file.separator=/, line.separator=
, java.vm.specification.vendor=Oracle Corporation, java.specification.name=Java Platform API Specification, java.awt.graphicsenv=sun.awt.X11GraphicsEnvironment, hibernate.cache.region.factory_class=org.hibernate.cache.jcache.JCacheRegionFactory, surefire.real.class.path=/home/mihail/programs/project_mvn/eShop/eShop_repo/eshop/target/surefire/surefirebooter2346393273592143631.jar, sun.boot.class.path=/usr/lib/jvm/jdk-8u211-linux-x64/jdk1.8.0_211/jre/lib/resources.jar:/usr/lib/jvm/jdk-8u211-linux-x64/jdk1.8.0_211/jre/lib/rt.jar:/usr/lib/jvm/jdk-8u211-linux-x64/jdk1.8.0_211/jre/lib/sunrsasign.jar:/usr/lib/jvm/jdk-8u211-linux-x64/jdk1.8.0_211/jre/lib/jsse.jar:/usr/lib/jvm/jdk-8u211-linux-x64/jdk1.8.0_211/jre/lib/jce.jar:/usr/lib/jvm/jdk-8u211-linux-x64/jdk1.8.0_211/jre/lib/charsets.jar:/usr/lib/jvm/jdk-8u211-linux-x64/jdk1.8.0_211/jre/lib/jfr.jar:/usr/lib/jvm/jdk-8u211-linux-x64/jdk1.8.0_211/jre/classes, sun.management.compiler=HotSpot 64-Bit Tiered Compilers, java.runtime.version=1.8.0_211-b12, hibernate.cache.use_query_cache=true, user.name=mihail, path.separator=:, os.version=5.3.0-26-generic, java.endorsed.dirs=/usr/lib/jvm/jdk-8u211-linux-x64/jdk1.8.0_211/jre/lib/endorsed, java.runtime.name=Java(TM) SE Runtime Environment, file.encoding=UTF-8, java.vm.name=Java HotSpot(TM) 64-Bit Server VM, hibernate.classLoaders=[sun.misc.Launcher$AppClassLoader@3d4eac69], hibernate.current_session_context_class=org.springframework.orm.hibernate5.SpringSessionContext, localRepository=/home/mihail/.m2/repository, java.vendor.url.bug=http://bugreport.sun.com/bugreport/, java.io.tmpdir=/tmp, java.version=1.8.0_211, user.dir=/home/mihail/programs/project_mvn/eShop/eShop_repo/eshop, os.arch=amd64, java.vm.specification.name=Java Virtual Machine Specification, java.awt.printerjob=sun.print.PSPrinterJob, sun.os.patch.level=unknown, hibernate.boot.CfgXmlAccessService.key=org.hibernate.boot.cfgxml.spi.LoadedConfig@22e5f96e, hibernate.cache.use_second_level_cache=true, java.library.path=/usr/java/packages/lib/amd64:/usr/lib64:/lib64:/lib:/usr/lib, java.vm.info=mixed mode, java.vendor=Oracle Corporation, java.vm.version=25.211-b12, hibernate.bytecode.use_reflection_optimizer=false, hibernate.connection.datasource=org.apache.commons.dbcp2.BasicDataSource@75ed9710, java.ext.dirs=/usr/lib/jvm/jdk-8u211-linux-x64/jdk1.8.0_211/jre/lib/ext:/usr/java/packages/lib/ext, sun.io.unicode.encoding=UnicodeLittle, java.class.version=52.0, hibernate.javax.cache.provider=org.ehcache.jsr107.EhcacheCachingProvider}
17:39:43.830 [main] TRACE org.hibernate.service.internal.AbstractServiceRegistryImpl - Initializing service [role=org.hibernate.engine.query.spi.NativeQueryInterpreter]
17:39:43.835 [main] DEBUG org.hibernate.secure.spi.JaccIntegrator - Skipping JACC integration as it was not enabled
17:39:43.835 [main] DEBUG org.hibernate.internal.SessionFactoryImpl - Instantiated session factory
17:39:43.846 [main] TRACE org.hibernate.service.internal.AbstractServiceRegistryImpl - Initializing service [role=org.hibernate.persister.spi.PersisterFactory]
17:39:43.847 [main] TRACE org.hibernate.service.internal.AbstractServiceRegistryImpl - Initializing service [role=org.hibernate.persister.spi.PersisterClassResolver]
17:39:43.861 [main] TRACE org.hibernate.service.internal.AbstractServiceRegistryImpl - Initializing service [role=org.hibernate.property.access.spi.PropertyAccessStrategyResolver]
17:39:43.863 [main] DEBUG org.hibernate.boot.internal.ClassLoaderAccessImpl - Not known whether passed class name [com.soft.entity.ResistorEntity] is safe
17:39:43.863 [main] DEBUG org.hibernate.boot.internal.ClassLoaderAccessImpl - No temp ClassLoader provided; using live ClassLoader for loading potentially unsafe class : com.soft.entity.ResistorEntity
17:39:43.872 [main] DEBUG org.hibernate.boot.internal.ClassLoaderAccessImpl - Not known whether passed class name [com.soft.entity.ResistorEntity] is safe
17:39:43.872 [main] DEBUG org.hibernate.boot.internal.ClassLoaderAccessImpl - No temp ClassLoader provided; using live ClassLoader for loading potentially unsafe class : com.soft.entity.ResistorEntity
17:39:43.907 [main] TRACE org.hibernate.persister.entity.AbstractPropertyMapping - Skipping duplicate registration of path [category], existing type = [org.hibernate.type.IntegerType@3174cb09], incoming type = [org.hibernate.type.IntegerType@3174cb09]
17:39:43.908 [main] TRACE org.hibernate.persister.entity.AbstractPropertyMapping - Skipping duplicate registration of path [description], existing type = [org.hibernate.type.StringType@158d255c], incoming type = [org.hibernate.type.StringType@158d255c]
17:39:43.908 [main] TRACE org.hibernate.persister.entity.AbstractPropertyMapping - Skipping duplicate registration of path [name], existing type = [org.hibernate.type.StringType@158d255c], incoming type = [org.hibernate.type.StringType@158d255c]
17:39:43.908 [main] TRACE org.hibernate.persister.entity.AbstractPropertyMapping - Skipping duplicate registration of path [nominal], existing type = [org.hibernate.type.DoubleType@2f3c6ac4], incoming type = [org.hibernate.type.DoubleType@2f3c6ac4]
17:39:43.908 [main] TRACE org.hibernate.persister.entity.AbstractPropertyMapping - Skipping duplicate registration of path [nominalUnit], existing type = [org.hibernate.type.IntegerType@3174cb09], incoming type = [org.hibernate.type.IntegerType@3174cb09]
17:39:43.908 [main] TRACE org.hibernate.persister.entity.AbstractPropertyMapping - Skipping duplicate registration of path [photo], existing type = [org.hibernate.type.BinaryType@781e7326], incoming type = [org.hibernate.type.BinaryType@781e7326]
17:39:43.908 [main] TRACE org.hibernate.persister.entity.AbstractPropertyMapping - Skipping duplicate registration of path [power], existing type = [org.hibernate.type.DoubleType@2f3c6ac4], incoming type = [org.hibernate.type.DoubleType@2f3c6ac4]
17:39:43.908 [main] TRACE org.hibernate.persister.entity.AbstractPropertyMapping - Skipping duplicate registration of path [powerUnit], existing type = [org.hibernate.type.IntegerType@3174cb09], incoming type = [org.hibernate.type.IntegerType@3174cb09]
17:39:43.908 [main] TRACE org.hibernate.persister.entity.AbstractPropertyMapping - Skipping duplicate registration of path [price], existing type = [org.hibernate.type.DoubleType@2f3c6ac4], incoming type = [org.hibernate.type.DoubleType@2f3c6ac4]
17:39:43.908 [main] TRACE org.hibernate.persister.entity.AbstractPropertyMapping - Skipping duplicate registration of path [producer], existing type = [org.hibernate.type.IntegerType@3174cb09], incoming type = [org.hibernate.type.IntegerType@3174cb09]
17:39:43.908 [main] TRACE org.hibernate.persister.entity.AbstractPropertyMapping - Skipping duplicate registration of path [quantity], existing type = [org.hibernate.type.IntegerType@3174cb09], incoming type = [org.hibernate.type.IntegerType@3174cb09]
17:39:43.908 [main] TRACE org.hibernate.persister.entity.AbstractPropertyMapping - Skipping duplicate registration of path [rPackage], existing type = [org.hibernate.type.IntegerType@3174cb09], incoming type = [org.hibernate.type.IntegerType@3174cb09]
17:39:43.908 [main] TRACE org.hibernate.persister.entity.AbstractPropertyMapping - Skipping duplicate registration of path [rPrecision], existing type = [org.hibernate.type.DoubleType@2f3c6ac4], incoming type = [org.hibernate.type.DoubleType@2f3c6ac4]
17:39:43.908 [main] TRACE org.hibernate.persister.entity.AbstractPropertyMapping - Skipping duplicate registration of path [id], existing type = [org.hibernate.type.LongType@352c308], incoming type = [org.hibernate.type.LongType@352c308]
17:39:43.909 [main] TRACE org.hibernate.internal.CacheImpl - Building shared cache region for entity data [com.soft.entity.ProducerEntity]
17:39:43.909 [main] DEBUG org.ehcache.jsr107.ConfigurationMerger - Using default Copier for JSR-107 store-by-value cache com.soft.entity.ProducerEntity
17:39:43.909 [main] DEBUG org.ehcache.core.EhcacheManager - Creating Cache 'com.soft.entity.ProducerEntity' in Eh107InternalCacheManager.
17:39:43.910 [main] DEBUG org.ehcache.impl.internal.spi.serialization.DefaultSerializationProvider - Serializer for <java.lang.Object> : org.ehcache.impl.serialization.PlainJavaSerializer@6f911326
17:39:43.910 [main] DEBUG org.ehcache.impl.internal.spi.serialization.DefaultSerializationProvider - Serializer for <java.lang.Object> : org.ehcache.impl.serialization.PlainJavaSerializer@f1d0004
17:39:43.910 [main] DEBUG org.ehcache.impl.internal.spi.copy.DefaultCopyProvider - Copier for <java.lang.Object> : org.ehcache.impl.copy.SerializingCopier@6e4f263e
17:39:43.910 [main] DEBUG org.ehcache.impl.internal.spi.copy.DefaultCopyProvider - Copier for <java.lang.Object> : org.ehcache.impl.copy.SerializingCopier@48b4a043
17:39:43.912 [main] TRACE class org.ehcache.core.Ehcache-com.soft.entity.ProducerEntity - Initializing
17:39:43.912 [main] DEBUG class org.ehcache.core.Ehcache-com.soft.entity.ProducerEntity - Initialize successful.
17:39:43.912 [main] DEBUG org.ehcache.impl.internal.statistics.DefaultStatisticsService - Cache added com.soft.entity.ProducerEntity
17:39:43.913 [main] INFO  org.ehcache.core.EhcacheManager - Cache 'com.soft.entity.ProducerEntity' created in Eh107InternalCacheManager.
17:39:43.915 [main] DEBUG org.hibernate.boot.internal.ClassLoaderAccessImpl - Not known whether passed class name [com.soft.entity.ProducerEntity] is safe
17:39:43.915 [main] DEBUG org.hibernate.boot.internal.ClassLoaderAccessImpl - No temp ClassLoader provided; using live ClassLoader for loading potentially unsafe class : com.soft.entity.ProducerEntity
17:39:43.915 [main] DEBUG org.hibernate.boot.internal.ClassLoaderAccessImpl - Not known whether passed class name [com.soft.entity.ProducerEntity] is safe
17:39:43.915 [main] DEBUG org.hibernate.boot.internal.ClassLoaderAccessImpl - No temp ClassLoader provided; using live ClassLoader for loading potentially unsafe class : com.soft.entity.ProducerEntity
17:39:43.918 [main] TRACE org.hibernate.persister.entity.AbstractPropertyMapping - Skipping duplicate registration of path [producerCategory], existing type = [org.hibernate.type.IntegerType@3174cb09], incoming type = [org.hibernate.type.IntegerType@3174cb09]
17:39:43.918 [main] TRACE org.hibernate.persister.entity.AbstractPropertyMapping - Skipping duplicate registration of path [producerName], existing type = [org.hibernate.type.StringType@158d255c], incoming type = [org.hibernate.type.StringType@158d255c]
17:39:43.918 [main] TRACE org.hibernate.persister.entity.AbstractPropertyMapping - Skipping duplicate registration of path [id], existing type = [org.hibernate.type.LongType@352c308], incoming type = [org.hibernate.type.LongType@352c308]
17:39:43.918 [main] DEBUG org.hibernate.boot.internal.ClassLoaderAccessImpl - Not known whether passed class name [com.soft.entity.TransistorEntity] is safe
17:39:43.918 [main] DEBUG org.hibernate.boot.internal.ClassLoaderAccessImpl - No temp ClassLoader provided; using live ClassLoader for loading potentially unsafe class : com.soft.entity.TransistorEntity
17:39:43.918 [main] DEBUG org.hibernate.boot.internal.ClassLoaderAccessImpl - Not known whether passed class name [com.soft.entity.TransistorEntity] is safe
17:39:43.918 [main] DEBUG org.hibernate.boot.internal.ClassLoaderAccessImpl - No temp ClassLoader provided; using live ClassLoader for loading potentially unsafe class : com.soft.entity.TransistorEntity
17:39:43.922 [main] TRACE org.hibernate.persister.entity.AbstractPropertyMapping - Skipping duplicate registration of path [category], existing type = [org.hibernate.type.IntegerType@3174cb09], incoming type = [org.hibernate.type.IntegerType@3174cb09]
17:39:43.922 [main] TRACE org.hibernate.persister.entity.AbstractPropertyMapping - Skipping duplicate registration of path [conductanceType], existing type = [org.hibernate.type.StringType@158d255c], incoming type = [org.hibernate.type.StringType@158d255c]
17:39:43.922 [main] TRACE org.hibernate.persister.entity.AbstractPropertyMapping - Skipping duplicate registration of path [description], existing type = [org.hibernate.type.StringType@158d255c], incoming type = [org.hibernate.type.StringType@158d255c]
17:39:43.922 [main] TRACE org.hibernate.persister.entity.AbstractPropertyMapping - Skipping duplicate registration of path [gain], existing type = [org.hibernate.type.DoubleType@2f3c6ac4], incoming type = [org.hibernate.type.DoubleType@2f3c6ac4]
17:39:43.922 [main] TRACE org.hibernate.persister.entity.AbstractPropertyMapping - Skipping duplicate registration of path [maxCurrent], existing type = [org.hibernate.type.DoubleType@2f3c6ac4], incoming type = [org.hibernate.type.DoubleType@2f3c6ac4]
17:39:43.922 [main] TRACE org.hibernate.persister.entity.AbstractPropertyMapping - Skipping duplicate registration of path [maxCurrentUnit], existing type = [org.hibernate.type.IntegerType@3174cb09], incoming type = [org.hibernate.type.IntegerType@3174cb09]
17:39:43.922 [main] TRACE org.hibernate.persister.entity.AbstractPropertyMapping - Skipping duplicate registration of path [name], existing type = [org.hibernate.type.StringType@158d255c], incoming type = [org.hibernate.type.StringType@158d255c]
17:39:43.922 [main] TRACE org.hibernate.persister.entity.AbstractPropertyMapping - Skipping duplicate registration of path [photo], existing type = [org.hibernate.type.BinaryType@781e7326], incoming type = [org.hibernate.type.BinaryType@781e7326]
17:39:43.922 [main] TRACE org.hibernate.persister.entity.AbstractPropertyMapping - Skipping duplicate registration of path [price], existing type = [org.hibernate.type.DoubleType@2f3c6ac4], incoming type = [org.hibernate.type.DoubleType@2f3c6ac4]
17:39:43.922 [main] TRACE org.hibernate.persister.entity.AbstractPropertyMapping - Skipping duplicate registration of path [producer], existing type = [org.hibernate.type.IntegerType@3174cb09], incoming type = [org.hibernate.type.IntegerType@3174cb09]
17:39:43.922 [main] TRACE org.hibernate.persister.entity.AbstractPropertyMapping - Skipping duplicate registration of path [quantity], existing type = [org.hibernate.type.IntegerType@3174cb09], incoming type = [org.hibernate.type.IntegerType@3174cb09]
17:39:43.922 [main] TRACE org.hibernate.persister.entity.AbstractPropertyMapping - Skipping duplicate registration of path [tPackage], existing type = [org.hibernate.type.IntegerType@3174cb09], incoming type = [org.hibernate.type.IntegerType@3174cb09]
17:39:43.923 [main] TRACE org.hibernate.persister.entity.AbstractPropertyMapping - Skipping duplicate registration of path [id], existing type = [org.hibernate.type.LongType@352c308], incoming type = [org.hibernate.type.LongType@352c308]
17:39:43.923 [main] TRACE org.hibernate.internal.CacheImpl - Building shared cache region for entity data [com.soft.entity.CategoryEntity]
17:39:43.923 [main] DEBUG org.ehcache.jsr107.ConfigurationMerger - Using default Copier for JSR-107 store-by-value cache com.soft.entity.CategoryEntity
17:39:43.923 [main] DEBUG org.ehcache.core.EhcacheManager - Creating Cache 'com.soft.entity.CategoryEntity' in Eh107InternalCacheManager.
17:39:43.923 [main] DEBUG org.ehcache.impl.internal.spi.serialization.DefaultSerializationProvider - Serializer for <java.lang.Object> : org.ehcache.impl.serialization.PlainJavaSerializer@58434b19
17:39:43.923 [main] DEBUG org.ehcache.impl.internal.spi.serialization.DefaultSerializationProvider - Serializer for <java.lang.Object> : org.ehcache.impl.serialization.PlainJavaSerializer@7d3fb0ef
17:39:43.923 [main] DEBUG org.ehcache.impl.internal.spi.copy.DefaultCopyProvider - Copier for <java.lang.Object> : org.ehcache.impl.copy.SerializingCopier@7dbe2ebf
17:39:43.923 [main] DEBUG org.ehcache.impl.internal.spi.copy.DefaultCopyProvider - Copier for <java.lang.Object> : org.ehcache.impl.copy.SerializingCopier@4adc663e
17:39:43.925 [main] TRACE class org.ehcache.core.Ehcache-com.soft.entity.CategoryEntity - Initializing
17:39:43.925 [main] DEBUG class org.ehcache.core.Ehcache-com.soft.entity.CategoryEntity - Initialize successful.
17:39:43.925 [main] DEBUG org.ehcache.impl.internal.statistics.DefaultStatisticsService - Cache added com.soft.entity.CategoryEntity
17:39:43.926 [main] INFO  org.ehcache.core.EhcacheManager - Cache 'com.soft.entity.CategoryEntity' created in Eh107InternalCacheManager.
17:39:43.927 [main] DEBUG org.hibernate.boot.internal.ClassLoaderAccessImpl - Not known whether passed class name [com.soft.entity.CategoryEntity] is safe
17:39:43.927 [main] DEBUG org.hibernate.boot.internal.ClassLoaderAccessImpl - No temp ClassLoader provided; using live ClassLoader for loading potentially unsafe class : com.soft.entity.CategoryEntity
17:39:43.927 [main] DEBUG org.hibernate.boot.internal.ClassLoaderAccessImpl - Not known whether passed class name [com.soft.entity.CategoryEntity] is safe
17:39:43.927 [main] DEBUG org.hibernate.boot.internal.ClassLoaderAccessImpl - No temp ClassLoader provided; using live ClassLoader for loading potentially unsafe class : com.soft.entity.CategoryEntity
17:39:43.929 [main] TRACE org.hibernate.persister.entity.AbstractPropertyMapping - Skipping duplicate registration of path [entityName], existing type = [org.hibernate.type.StringType@158d255c], incoming type = [org.hibernate.type.StringType@158d255c]
17:39:43.930 [main] TRACE org.hibernate.persister.entity.AbstractPropertyMapping - Skipping duplicate registration of path [name], existing type = [org.hibernate.type.StringType@158d255c], incoming type = [org.hibernate.type.StringType@158d255c]
17:39:43.930 [main] TRACE org.hibernate.persister.entity.AbstractPropertyMapping - Skipping duplicate registration of path [photo], existing type = [org.hibernate.type.BinaryType@781e7326], incoming type = [org.hibernate.type.BinaryType@781e7326]
17:39:43.931 [main] TRACE org.hibernate.persister.entity.AbstractPropertyMapping - Skipping duplicate registration of path [id], existing type = [org.hibernate.type.LongType@352c308], incoming type = [org.hibernate.type.LongType@352c308]
17:39:43.931 [main] TRACE org.hibernate.internal.CacheImpl - Building shared cache region for entity data [com.soft.entity.LocaleMessageEntity]
17:39:43.931 [main] DEBUG org.ehcache.jsr107.ConfigurationMerger - Using default Copier for JSR-107 store-by-value cache com.soft.entity.LocaleMessageEntity
17:39:43.931 [main] DEBUG org.ehcache.core.EhcacheManager - Creating Cache 'com.soft.entity.LocaleMessageEntity' in Eh107InternalCacheManager.
17:39:43.931 [main] DEBUG org.ehcache.impl.internal.spi.serialization.DefaultSerializationProvider - Serializer for <java.lang.Object> : org.ehcache.impl.serialization.PlainJavaSerializer@37b52340
17:39:43.931 [main] DEBUG org.ehcache.impl.internal.spi.serialization.DefaultSerializationProvider - Serializer for <java.lang.Object> : org.ehcache.impl.serialization.PlainJavaSerializer@663bb8ef
17:39:43.931 [main] DEBUG org.ehcache.impl.internal.spi.copy.DefaultCopyProvider - Copier for <java.lang.Object> : org.ehcache.impl.copy.SerializingCopier@2f4e40d7
17:39:43.931 [main] DEBUG org.ehcache.impl.internal.spi.copy.DefaultCopyProvider - Copier for <java.lang.Object> : org.ehcache.impl.copy.SerializingCopier@60e9c3a5
17:39:43.933 [main] TRACE class org.ehcache.core.Ehcache-com.soft.entity.LocaleMessageEntity - Initializing
17:39:43.933 [main] DEBUG class org.ehcache.core.Ehcache-com.soft.entity.LocaleMessageEntity - Initialize successful.
17:39:43.933 [main] DEBUG org.ehcache.impl.internal.statistics.DefaultStatisticsService - Cache added com.soft.entity.LocaleMessageEntity
17:39:43.934 [main] INFO  org.ehcache.core.EhcacheManager - Cache 'com.soft.entity.LocaleMessageEntity' created in Eh107InternalCacheManager.
17:39:43.935 [main] DEBUG org.hibernate.boot.internal.ClassLoaderAccessImpl - Not known whether passed class name [com.soft.entity.LocaleMessageEntity] is safe
17:39:43.935 [main] DEBUG org.hibernate.boot.internal.ClassLoaderAccessImpl - No temp ClassLoader provided; using live ClassLoader for loading potentially unsafe class : com.soft.entity.LocaleMessageEntity
17:39:43.935 [main] DEBUG org.hibernate.boot.internal.ClassLoaderAccessImpl - Not known whether passed class name [com.soft.entity.LocaleMessageEntity] is safe
17:39:43.935 [main] DEBUG org.hibernate.boot.internal.ClassLoaderAccessImpl - No temp ClassLoader provided; using live ClassLoader for loading potentially unsafe class : com.soft.entity.LocaleMessageEntity
17:39:43.937 [main] TRACE org.hibernate.persister.entity.AbstractPropertyMapping - Skipping duplicate registration of path [locale], existing type = [org.hibernate.type.StringType@158d255c], incoming type = [org.hibernate.type.StringType@158d255c]
17:39:43.937 [main] TRACE org.hibernate.persister.entity.AbstractPropertyMapping - Skipping duplicate registration of path [message], existing type = [org.hibernate.type.StringType@158d255c], incoming type = [org.hibernate.type.StringType@158d255c]
17:39:43.937 [main] TRACE org.hibernate.persister.entity.AbstractPropertyMapping - Skipping duplicate registration of path [msgKey], existing type = [org.hibernate.type.StringType@158d255c], incoming type = [org.hibernate.type.StringType@158d255c]
17:39:43.937 [main] TRACE org.hibernate.persister.entity.AbstractPropertyMapping - Skipping duplicate registration of path [id], existing type = [org.hibernate.type.LongType@352c308], incoming type = [org.hibernate.type.LongType@352c308]
17:39:43.940 [main] DEBUG org.hibernate.persister.entity.AbstractEntityPersister - Static SQL for entity: com.soft.entity.ResistorEntity
17:39:43.940 [main] DEBUG org.hibernate.persister.entity.AbstractEntityPersister -  Version select: select resistor_id from resistor where resistor_id =?
17:39:43.940 [main] DEBUG org.hibernate.persister.entity.AbstractEntityPersister -  Snapshot select: select resistoren_.resistor_id, resistoren_.category as category2_3_, resistoren_.description as descript3_3_, resistoren_.name as name4_3_, resistoren_.nominal as nominal5_3_, resistoren_.nominal_unit as nominal_6_3_, resistoren_.photo as photo7_3_, resistoren_.power as power8_3_, resistoren_.power_unit as power_un9_3_, resistoren_.price as price10_3_, resistoren_.producer as produce11_3_, resistoren_.quantity as quantit12_3_, resistoren_.package as package13_3_, resistoren_.r_precision as r_preci14_3_ from resistor resistoren_ where resistoren_.resistor_id=?
17:39:43.940 [main] DEBUG org.hibernate.persister.entity.AbstractEntityPersister -  Insert 0: insert into resistor (category, description, name, nominal, nominal_unit, photo, power, power_unit, price, producer, quantity, package, r_precision, resistor_id) values (?, ?, ?, ?, ?, ?, ?, ?, ?, ?, ?, ?, ?, ?)
17:39:43.940 [main] DEBUG org.hibernate.persister.entity.AbstractEntityPersister -  Update 0: update resistor set category=?, description=?, name=?, nominal=?, nominal_unit=?, photo=?, power=?, power_unit=?, price=?, producer=?, quantity=?, package=?, r_precision=? where resistor_id=?
17:39:43.940 [main] DEBUG org.hibernate.persister.entity.AbstractEntityPersister -  Delete 0: delete from resistor where resistor_id=?
17:39:43.950 [main] TRACE org.hibernate.loader.plan.build.internal.AbstractLoadPlanBuildingAssociationVisitationStrategy -  Starting root entity : com.soft.entity.ResistorEntity
17:39:43.953 [main] DEBUG org.hibernate.loader.plan.build.internal.spaces.QuerySpacesImpl - Adding QuerySpace : uid = <gen:0> -> org.hibernate.loader.plan.build.internal.spaces.EntityQuerySpaceImpl@235d29d6]
17:39:43.953 [main] TRACE org.hibernate.loader.plan.build.internal.AbstractLoadPlanBuildingAssociationVisitationStrategy - Pushing fetch source to stack : org.hibernate.loader.plan.build.internal.returns.EntityReturnImpl@1d12e953
17:39:43.954 [main] TRACE org.hibernate.loader.plan.build.internal.AbstractLoadPlanBuildingAssociationVisitationStrategy - .. Registering AssociationKey : AssociationKey(table=resistor, columns={resistor_id}) -> org.hibernate.loader.plan.build.internal.returns.EntityReturnImpl@1d12e953
17:39:43.954 [main] TRACE org.hibernate.loader.plan.build.internal.AbstractLoadPlanBuildingAssociationVisitationStrategy - >> Starting entity identifier : com.soft.entity.ResistorEntity
17:39:43.954 [main] DEBUG org.hibernate.persister.walking.spi.MetamodelGraphWalker - Visiting attribute path : category
17:39:43.954 [main] TRACE org.hibernate.loader.plan.build.internal.AbstractLoadPlanBuildingAssociationVisitationStrategy - >> Starting attribute Attribute(name=category, type=integer [non-identifier])
17:39:43.954 [main] TRACE org.hibernate.loader.plan.build.internal.AbstractLoadPlanBuildingAssociationVisitationStrategy - << Finishing up attribute : Attribute(name=category, type=integer [non-identifier])
17:39:43.954 [main] DEBUG org.hibernate.persister.walking.spi.MetamodelGraphWalker - Visiting attribute path : description
17:39:43.954 [main] TRACE org.hibernate.loader.plan.build.internal.AbstractLoadPlanBuildingAssociationVisitationStrategy - >> Starting attribute Attribute(name=description, type=string [non-identifier])
17:39:43.954 [main] TRACE org.hibernate.loader.plan.build.internal.AbstractLoadPlanBuildingAssociationVisitationStrategy - << Finishing up attribute : Attribute(name=description, type=string [non-identifier])
17:39:43.955 [main] DEBUG org.hibernate.persister.walking.spi.MetamodelGraphWalker - Visiting attribute path : name
17:39:43.955 [main] TRACE org.hibernate.loader.plan.build.internal.AbstractLoadPlanBuildingAssociationVisitationStrategy - >> Starting attribute Attribute(name=name, type=string [non-identifier])
17:39:43.955 [main] TRACE org.hibernate.loader.plan.build.internal.AbstractLoadPlanBuildingAssociationVisitationStrategy - << Finishing up attribute : Attribute(name=name, type=string [non-identifier])
17:39:43.955 [main] DEBUG org.hibernate.persister.walking.spi.MetamodelGraphWalker - Visiting attribute path : nominal
17:39:43.955 [main] TRACE org.hibernate.loader.plan.build.internal.AbstractLoadPlanBuildingAssociationVisitationStrategy - >> Starting attribute Attribute(name=nominal, type=double [non-identifier])
17:39:43.955 [main] TRACE org.hibernate.loader.plan.build.internal.AbstractLoadPlanBuildingAssociationVisitationStrategy - << Finishing up attribute : Attribute(name=nominal, type=double [non-identifier])
17:39:43.955 [main] DEBUG org.hibernate.persister.walking.spi.MetamodelGraphWalker - Visiting attribute path : nominalUnit
17:39:43.955 [main] TRACE org.hibernate.loader.plan.build.internal.AbstractLoadPlanBuildingAssociationVisitationStrategy - >> Starting attribute Attribute(name=nominalUnit, type=integer [non-identifier])
17:39:43.955 [main] TRACE org.hibernate.loader.plan.build.internal.AbstractLoadPlanBuildingAssociationVisitationStrategy - << Finishing up attribute : Attribute(name=nominalUnit, type=integer [non-identifier])
17:39:43.955 [main] DEBUG org.hibernate.persister.walking.spi.MetamodelGraphWalker - Visiting attribute path : photo
17:39:43.955 [main] TRACE org.hibernate.loader.plan.build.internal.AbstractLoadPlanBuildingAssociationVisitationStrategy - >> Starting attribute Attribute(name=photo, type=binary [non-identifier])
17:39:43.955 [main] TRACE org.hibernate.loader.plan.build.internal.AbstractLoadPlanBuildingAssociationVisitationStrategy - << Finishing up attribute : Attribute(name=photo, type=binary [non-identifier])
17:39:43.955 [main] DEBUG org.hibernate.persister.walking.spi.MetamodelGraphWalker - Visiting attribute path : power
17:39:43.955 [main] TRACE org.hibernate.loader.plan.build.internal.AbstractLoadPlanBuildingAssociationVisitationStrategy - >> Starting attribute Attribute(name=power, type=double [non-identifier])
17:39:43.955 [main] TRACE org.hibernate.loader.plan.build.internal.AbstractLoadPlanBuildingAssociationVisitationStrategy - << Finishing up attribute : Attribute(name=power, type=double [non-identifier])
17:39:43.955 [main] DEBUG org.hibernate.persister.walking.spi.MetamodelGraphWalker - Visiting attribute path : powerUnit
17:39:43.955 [main] TRACE org.hibernate.loader.plan.build.internal.AbstractLoadPlanBuildingAssociationVisitationStrategy - >> Starting attribute Attribute(name=powerUnit, type=integer [non-identifier])
17:39:43.955 [main] TRACE org.hibernate.loader.plan.build.internal.AbstractLoadPlanBuildingAssociationVisitationStrategy - << Finishing up attribute : Attribute(name=powerUnit, type=integer [non-identifier])
17:39:43.955 [main] DEBUG org.hibernate.persister.walking.spi.MetamodelGraphWalker - Visiting attribute path : price
17:39:43.955 [main] TRACE org.hibernate.loader.plan.build.internal.AbstractLoadPlanBuildingAssociationVisitationStrategy - >> Starting attribute Attribute(name=price, type=double [non-identifier])
17:39:43.955 [main] TRACE org.hibernate.loader.plan.build.internal.AbstractLoadPlanBuildingAssociationVisitationStrategy - << Finishing up attribute : Attribute(name=price, type=double [non-identifier])
17:39:43.955 [main] DEBUG org.hibernate.persister.walking.spi.MetamodelGraphWalker - Visiting attribute path : producer
17:39:43.955 [main] TRACE org.hibernate.loader.plan.build.internal.AbstractLoadPlanBuildingAssociationVisitationStrategy - >> Starting attribute Attribute(name=producer, type=integer [non-identifier])
17:39:43.955 [main] TRACE org.hibernate.loader.plan.build.internal.AbstractLoadPlanBuildingAssociationVisitationStrategy - << Finishing up attribute : Attribute(name=producer, type=integer [non-identifier])
17:39:43.955 [main] DEBUG org.hibernate.persister.walking.spi.MetamodelGraphWalker - Visiting attribute path : quantity
17:39:43.956 [main] TRACE org.hibernate.loader.plan.build.internal.AbstractLoadPlanBuildingAssociationVisitationStrategy - >> Starting attribute Attribute(name=quantity, type=integer [non-identifier])
17:39:43.956 [main] TRACE org.hibernate.loader.plan.build.internal.AbstractLoadPlanBuildingAssociationVisitationStrategy - << Finishing up attribute : Attribute(name=quantity, type=integer [non-identifier])
17:39:43.956 [main] DEBUG org.hibernate.persister.walking.spi.MetamodelGraphWalker - Visiting attribute path : rPackage
17:39:43.956 [main] TRACE org.hibernate.loader.plan.build.internal.AbstractLoadPlanBuildingAssociationVisitationStrategy - >> Starting attribute Attribute(name=rPackage, type=integer [non-identifier])
17:39:43.956 [main] TRACE org.hibernate.loader.plan.build.internal.AbstractLoadPlanBuildingAssociationVisitationStrategy - << Finishing up attribute : Attribute(name=rPackage, type=integer [non-identifier])
17:39:43.956 [main] DEBUG org.hibernate.persister.walking.spi.MetamodelGraphWalker - Visiting attribute path : rPrecision
17:39:43.956 [main] TRACE org.hibernate.loader.plan.build.internal.AbstractLoadPlanBuildingAssociationVisitationStrategy - >> Starting attribute Attribute(name=rPrecision, type=double [non-identifier])
17:39:43.956 [main] TRACE org.hibernate.loader.plan.build.internal.AbstractLoadPlanBuildingAssociationVisitationStrategy - << Finishing up attribute : Attribute(name=rPrecision, type=double [non-identifier])
17:39:43.956 [main] TRACE org.hibernate.loader.plan.build.internal.AbstractLoadPlanBuildingAssociationVisitationStrategy - Popped fetch owner from stack : org.hibernate.loader.plan.build.internal.returns.EntityReturnImpl@1d12e953
17:39:43.956 [main] TRACE org.hibernate.loader.plan.build.internal.AbstractLoadPlanBuildingAssociationVisitationStrategy -  Finished root entity : com.soft.entity.ResistorEntity
17:39:43.956 [main] DEBUG org.hibernate.loader.plan.build.internal.FetchStyleLoadPlanBuildingAssociationVisitationStrategy - Building LoadPlan...
17:39:43.964 [main] DEBUG org.hibernate.loader.plan.exec.internal.LoadQueryJoinAndFetchProcessor - processing queryspace <gen:0>
17:39:43.967 [main] DEBUG org.hibernate.loader.plan.build.spi.LoadPlanTreePrinter - LoadPlan(entity=com.soft.entity.ResistorEntity)
    - Returns
       - EntityReturnImpl(entity=com.soft.entity.ResistorEntity, querySpaceUid=<gen:0>, path=com.soft.entity.ResistorEntity)
    - QuerySpaces
       - EntityQuerySpaceImpl(uid=<gen:0>, entity=com.soft.entity.ResistorEntity)
          - SQL table alias mapping - resistoren0_
          - alias suffix - 0_
          - suffixed key columns - {resistor1_3_0_}

17:39:43.969 [main] DEBUG org.hibernate.loader.entity.plan.EntityLoader - Static select for entity com.soft.entity.ResistorEntity [NONE]: select resistoren0_.resistor_id as resistor1_3_0_, resistoren0_.category as category2_3_0_, resistoren0_.description as descript3_3_0_, resistoren0_.name as name4_3_0_, resistoren0_.nominal as nominal5_3_0_, resistoren0_.nominal_unit as nominal_6_3_0_, resistoren0_.photo as photo7_3_0_, resistoren0_.power as power8_3_0_, resistoren0_.power_unit as power_un9_3_0_, resistoren0_.price as price10_3_0_, resistoren0_.producer as produce11_3_0_, resistoren0_.quantity as quantit12_3_0_, resistoren0_.package as package13_3_0_, resistoren0_.r_precision as r_preci14_3_0_ from resistor resistoren0_ where resistoren0_.resistor_id=?
17:39:43.969 [main] TRACE org.hibernate.loader.plan.build.internal.AbstractLoadPlanBuildingAssociationVisitationStrategy -  Starting root entity : com.soft.entity.ResistorEntity
17:39:43.969 [main] DEBUG org.hibernate.loader.plan.build.internal.spaces.QuerySpacesImpl - Adding QuerySpace : uid = <gen:0> -> org.hibernate.loader.plan.build.internal.spaces.EntityQuerySpaceImpl@69d45cca]
17:39:43.969 [main] TRACE org.hibernate.loader.plan.build.internal.AbstractLoadPlanBuildingAssociationVisitationStrategy - Pushing fetch source to stack : org.hibernate.loader.plan.build.internal.returns.EntityReturnImpl@2fdf17dc
17:39:43.969 [main] TRACE org.hibernate.loader.plan.build.internal.AbstractLoadPlanBuildingAssociationVisitationStrategy - .. Registering AssociationKey : AssociationKey(table=resistor, columns={resistor_id}) -> org.hibernate.loader.plan.build.internal.returns.EntityReturnImpl@2fdf17dc
17:39:43.969 [main] TRACE org.hibernate.loader.plan.build.internal.AbstractLoadPlanBuildingAssociationVisitationStrategy - >> Starting entity identifier : com.soft.entity.ResistorEntity
17:39:43.969 [main] DEBUG org.hibernate.persister.walking.spi.MetamodelGraphWalker - Visiting attribute path : category
17:39:43.969 [main] TRACE org.hibernate.loader.plan.build.internal.AbstractLoadPlanBuildingAssociationVisitationStrategy - >> Starting attribute Attribute(name=category, type=integer [non-identifier])
17:39:43.969 [main] TRACE org.hibernate.loader.plan.build.internal.AbstractLoadPlanBuildingAssociationVisitationStrategy - << Finishing up attribute : Attribute(name=category, type=integer [non-identifier])
17:39:43.969 [main] DEBUG org.hibernate.persister.walking.spi.MetamodelGraphWalker - Visiting attribute path : description
17:39:43.969 [main] TRACE org.hibernate.loader.plan.build.internal.AbstractLoadPlanBuildingAssociationVisitationStrategy - >> Starting attribute Attribute(name=description, type=string [non-identifier])
17:39:43.969 [main] TRACE org.hibernate.loader.plan.build.internal.AbstractLoadPlanBuildingAssociationVisitationStrategy - << Finishing up attribute : Attribute(name=description, type=string [non-identifier])
17:39:43.969 [main] DEBUG org.hibernate.persister.walking.spi.MetamodelGraphWalker - Visiting attribute path : name
17:39:43.969 [main] TRACE org.hibernate.loader.plan.build.internal.AbstractLoadPlanBuildingAssociationVisitationStrategy - >> Starting attribute Attribute(name=name, type=string [non-identifier])
17:39:43.969 [main] TRACE org.hibernate.loader.plan.build.internal.AbstractLoadPlanBuildingAssociationVisitationStrategy - << Finishing up attribute : Attribute(name=name, type=string [non-identifier])
17:39:43.969 [main] DEBUG org.hibernate.persister.walking.spi.MetamodelGraphWalker - Visiting attribute path : nominal
17:39:43.970 [main] TRACE org.hibernate.loader.plan.build.internal.AbstractLoadPlanBuildingAssociationVisitationStrategy - >> Starting attribute Attribute(name=nominal, type=double [non-identifier])
17:39:43.970 [main] TRACE org.hibernate.loader.plan.build.internal.AbstractLoadPlanBuildingAssociationVisitationStrategy - << Finishing up attribute : Attribute(name=nominal, type=double [non-identifier])
17:39:43.970 [main] DEBUG org.hibernate.persister.walking.spi.MetamodelGraphWalker - Visiting attribute path : nominalUnit
17:39:43.970 [main] TRACE org.hibernate.loader.plan.build.internal.AbstractLoadPlanBuildingAssociationVisitationStrategy - >> Starting attribute Attribute(name=nominalUnit, type=integer [non-identifier])
17:39:43.970 [main] TRACE org.hibernate.loader.plan.build.internal.AbstractLoadPlanBuildingAssociationVisitationStrategy - << Finishing up attribute : Attribute(name=nominalUnit, type=integer [non-identifier])
17:39:43.970 [main] DEBUG org.hibernate.persister.walking.spi.MetamodelGraphWalker - Visiting attribute path : photo
17:39:43.970 [main] TRACE org.hibernate.loader.plan.build.internal.AbstractLoadPlanBuildingAssociationVisitationStrategy - >> Starting attribute Attribute(name=photo, type=binary [non-identifier])
17:39:43.970 [main] TRACE org.hibernate.loader.plan.build.internal.AbstractLoadPlanBuildingAssociationVisitationStrategy - << Finishing up attribute : Attribute(name=photo, type=binary [non-identifier])
17:39:43.970 [main] DEBUG org.hibernate.persister.walking.spi.MetamodelGraphWalker - Visiting attribute path : power
17:39:43.970 [main] TRACE org.hibernate.loader.plan.build.internal.AbstractLoadPlanBuildingAssociationVisitationStrategy - >> Starting attribute Attribute(name=power, type=double [non-identifier])
17:39:43.970 [main] TRACE org.hibernate.loader.plan.build.internal.AbstractLoadPlanBuildingAssociationVisitationStrategy - << Finishing up attribute : Attribute(name=power, type=double [non-identifier])
17:39:43.970 [main] DEBUG org.hibernate.persister.walking.spi.MetamodelGraphWalker - Visiting attribute path : powerUnit
17:39:43.970 [main] TRACE org.hibernate.loader.plan.build.internal.AbstractLoadPlanBuildingAssociationVisitationStrategy - >> Starting attribute Attribute(name=powerUnit, type=integer [non-identifier])
17:39:43.970 [main] TRACE org.hibernate.loader.plan.build.internal.AbstractLoadPlanBuildingAssociationVisitationStrategy - << Finishing up attribute : Attribute(name=powerUnit, type=integer [non-identifier])
17:39:43.970 [main] DEBUG org.hibernate.persister.walking.spi.MetamodelGraphWalker - Visiting attribute path : price
17:39:43.970 [main] TRACE org.hibernate.loader.plan.build.internal.AbstractLoadPlanBuildingAssociationVisitationStrategy - >> Starting attribute Attribute(name=price, type=double [non-identifier])
17:39:43.970 [main] TRACE org.hibernate.loader.plan.build.internal.AbstractLoadPlanBuildingAssociationVisitationStrategy - << Finishing up attribute : Attribute(name=price, type=double [non-identifier])
17:39:43.970 [main] DEBUG org.hibernate.persister.walking.spi.MetamodelGraphWalker - Visiting attribute path : producer
17:39:43.970 [main] TRACE org.hibernate.loader.plan.build.internal.AbstractLoadPlanBuildingAssociationVisitationStrategy - >> Starting attribute Attribute(name=producer, type=integer [non-identifier])
17:39:43.970 [main] TRACE org.hibernate.loader.plan.build.internal.AbstractLoadPlanBuildingAssociationVisitationStrategy - << Finishing up attribute : Attribute(name=producer, type=integer [non-identifier])
17:39:43.970 [main] DEBUG org.hibernate.persister.walking.spi.MetamodelGraphWalker - Visiting attribute path : quantity
17:39:43.970 [main] TRACE org.hibernate.loader.plan.build.internal.AbstractLoadPlanBuildingAssociationVisitationStrategy - >> Starting attribute Attribute(name=quantity, type=integer [non-identifier])
17:39:43.970 [main] TRACE org.hibernate.loader.plan.build.internal.AbstractLoadPlanBuildingAssociationVisitationStrategy - << Finishing up attribute : Attribute(name=quantity, type=integer [non-identifier])
17:39:43.970 [main] DEBUG org.hibernate.persister.walking.spi.MetamodelGraphWalker - Visiting attribute path : rPackage
17:39:43.970 [main] TRACE org.hibernate.loader.plan.build.internal.AbstractLoadPlanBuildingAssociationVisitationStrategy - >> Starting attribute Attribute(name=rPackage, type=integer [non-identifier])
17:39:43.970 [main] TRACE org.hibernate.loader.plan.build.internal.AbstractLoadPlanBuildingAssociationVisitationStrategy - << Finishing up attribute : Attribute(name=rPackage, type=integer [non-identifier])
17:39:43.971 [main] DEBUG org.hibernate.persister.walking.spi.MetamodelGraphWalker - Visiting attribute path : rPrecision
17:39:43.971 [main] TRACE org.hibernate.loader.plan.build.internal.AbstractLoadPlanBuildingAssociationVisitationStrategy - >> Starting attribute Attribute(name=rPrecision, type=double [non-identifier])
17:39:43.971 [main] TRACE org.hibernate.loader.plan.build.internal.AbstractLoadPlanBuildingAssociationVisitationStrategy - << Finishing up attribute : Attribute(name=rPrecision, type=double [non-identifier])
17:39:43.971 [main] TRACE org.hibernate.loader.plan.build.internal.AbstractLoadPlanBuildingAssociationVisitationStrategy - Popped fetch owner from stack : org.hibernate.loader.plan.build.internal.returns.EntityReturnImpl@2fdf17dc
17:39:43.971 [main] TRACE org.hibernate.loader.plan.build.internal.AbstractLoadPlanBuildingAssociationVisitationStrategy -  Finished root entity : com.soft.entity.ResistorEntity
17:39:43.971 [main] DEBUG org.hibernate.loader.plan.build.internal.FetchStyleLoadPlanBuildingAssociationVisitationStrategy - Building LoadPlan...
17:39:43.971 [main] DEBUG org.hibernate.loader.plan.exec.internal.LoadQueryJoinAndFetchProcessor - processing queryspace <gen:0>
17:39:43.971 [main] DEBUG org.hibernate.loader.plan.build.spi.LoadPlanTreePrinter - LoadPlan(entity=com.soft.entity.ResistorEntity)
    - Returns
       - EntityReturnImpl(entity=com.soft.entity.ResistorEntity, querySpaceUid=<gen:0>, path=com.soft.entity.ResistorEntity)
    - QuerySpaces
       - EntityQuerySpaceImpl(uid=<gen:0>, entity=com.soft.entity.ResistorEntity)
          - SQL table alias mapping - resistoren0_
          - alias suffix - 0_
          - suffixed key columns - {resistor1_3_0_}

17:39:43.971 [main] DEBUG org.hibernate.loader.entity.plan.EntityLoader - Static select for entity com.soft.entity.ResistorEntity [READ]: select resistoren0_.resistor_id as resistor1_3_0_, resistoren0_.category as category2_3_0_, resistoren0_.description as descript3_3_0_, resistoren0_.name as name4_3_0_, resistoren0_.nominal as nominal5_3_0_, resistoren0_.nominal_unit as nominal_6_3_0_, resistoren0_.photo as photo7_3_0_, resistoren0_.power as power8_3_0_, resistoren0_.power_unit as power_un9_3_0_, resistoren0_.price as price10_3_0_, resistoren0_.producer as produce11_3_0_, resistoren0_.quantity as quantit12_3_0_, resistoren0_.package as package13_3_0_, resistoren0_.r_precision as r_preci14_3_0_ from resistor resistoren0_ where resistoren0_.resistor_id=?
17:39:43.971 [main] TRACE org.hibernate.loader.plan.build.internal.AbstractLoadPlanBuildingAssociationVisitationStrategy -  Starting root entity : com.soft.entity.ResistorEntity
17:39:43.971 [main] DEBUG org.hibernate.loader.plan.build.internal.spaces.QuerySpacesImpl - Adding QuerySpace : uid = <gen:0> -> org.hibernate.loader.plan.build.internal.spaces.EntityQuerySpaceImpl@6e6d4780]
17:39:43.971 [main] TRACE org.hibernate.loader.plan.build.internal.AbstractLoadPlanBuildingAssociationVisitationStrategy - Pushing fetch source to stack : org.hibernate.loader.plan.build.internal.returns.EntityReturnImpl@650ae78c
17:39:43.972 [main] TRACE org.hibernate.loader.plan.build.internal.AbstractLoadPlanBuildingAssociationVisitationStrategy - .. Registering AssociationKey : AssociationKey(table=resistor, columns={resistor_id}) -> org.hibernate.loader.plan.build.internal.returns.EntityReturnImpl@650ae78c
17:39:43.972 [main] TRACE org.hibernate.loader.plan.build.internal.AbstractLoadPlanBuildingAssociationVisitationStrategy - >> Starting entity identifier : com.soft.entity.ResistorEntity
17:39:43.972 [main] DEBUG org.hibernate.persister.walking.spi.MetamodelGraphWalker - Visiting attribute path : category
17:39:43.972 [main] TRACE org.hibernate.loader.plan.build.internal.AbstractLoadPlanBuildingAssociationVisitationStrategy - >> Starting attribute Attribute(name=category, type=integer [non-identifier])
17:39:43.972 [main] TRACE org.hibernate.loader.plan.build.internal.AbstractLoadPlanBuildingAssociationVisitationStrategy - << Finishing up attribute : Attribute(name=category, type=integer [non-identifier])
17:39:43.972 [main] DEBUG org.hibernate.persister.walking.spi.MetamodelGraphWalker - Visiting attribute path : description
17:39:43.972 [main] TRACE org.hibernate.loader.plan.build.internal.AbstractLoadPlanBuildingAssociationVisitationStrategy - >> Starting attribute Attribute(name=description, type=string [non-identifier])
17:39:43.972 [main] TRACE org.hibernate.loader.plan.build.internal.AbstractLoadPlanBuildingAssociationVisitationStrategy - << Finishing up attribute : Attribute(name=description, type=string [non-identifier])
17:39:43.972 [main] DEBUG org.hibernate.persister.walking.spi.MetamodelGraphWalker - Visiting attribute path : name
17:39:43.972 [main] TRACE org.hibernate.loader.plan.build.internal.AbstractLoadPlanBuildingAssociationVisitationStrategy - >> Starting attribute Attribute(name=name, type=string [non-identifier])
17:39:43.972 [main] TRACE org.hibernate.loader.plan.build.internal.AbstractLoadPlanBuildingAssociationVisitationStrategy - << Finishing up attribute : Attribute(name=name, type=string [non-identifier])
17:39:43.972 [main] DEBUG org.hibernate.persister.walking.spi.MetamodelGraphWalker - Visiting attribute path : nominal
17:39:43.972 [main] TRACE org.hibernate.loader.plan.build.internal.AbstractLoadPlanBuildingAssociationVisitationStrategy - >> Starting attribute Attribute(name=nominal, type=double [non-identifier])
17:39:43.972 [main] TRACE org.hibernate.loader.plan.build.internal.AbstractLoadPlanBuildingAssociationVisitationStrategy - << Finishing up attribute : Attribute(name=nominal, type=double [non-identifier])
17:39:43.972 [main] DEBUG org.hibernate.persister.walking.spi.MetamodelGraphWalker - Visiting attribute path : nominalUnit
17:39:43.972 [main] TRACE org.hibernate.loader.plan.build.internal.AbstractLoadPlanBuildingAssociationVisitationStrategy - >> Starting attribute Attribute(name=nominalUnit, type=integer [non-identifier])
17:39:43.972 [main] TRACE org.hibernate.loader.plan.build.internal.AbstractLoadPlanBuildingAssociationVisitationStrategy - << Finishing up attribute : Attribute(name=nominalUnit, type=integer [non-identifier])
17:39:43.972 [main] DEBUG org.hibernate.persister.walking.spi.MetamodelGraphWalker - Visiting attribute path : photo
17:39:43.972 [main] TRACE org.hibernate.loader.plan.build.internal.AbstractLoadPlanBuildingAssociationVisitationStrategy - >> Starting attribute Attribute(name=photo, type=binary [non-identifier])
17:39:43.972 [main] TRACE org.hibernate.loader.plan.build.internal.AbstractLoadPlanBuildingAssociationVisitationStrategy - << Finishing up attribute : Attribute(name=photo, type=binary [non-identifier])
17:39:43.972 [main] DEBUG org.hibernate.persister.walking.spi.MetamodelGraphWalker - Visiting attribute path : power
17:39:43.972 [main] TRACE org.hibernate.loader.plan.build.internal.AbstractLoadPlanBuildingAssociationVisitationStrategy - >> Starting attribute Attribute(name=power, type=double [non-identifier])
17:39:43.972 [main] TRACE org.hibernate.loader.plan.build.internal.AbstractLoadPlanBuildingAssociationVisitationStrategy - << Finishing up attribute : Attribute(name=power, type=double [non-identifier])
17:39:43.972 [main] DEBUG org.hibernate.persister.walking.spi.MetamodelGraphWalker - Visiting attribute path : powerUnit
17:39:43.972 [main] TRACE org.hibernate.loader.plan.build.internal.AbstractLoadPlanBuildingAssociationVisitationStrategy - >> Starting attribute Attribute(name=powerUnit, type=integer [non-identifier])
17:39:43.973 [main] TRACE org.hibernate.loader.plan.build.internal.AbstractLoadPlanBuildingAssociationVisitationStrategy - << Finishing up attribute : Attribute(name=powerUnit, type=integer [non-identifier])
17:39:43.973 [main] DEBUG org.hibernate.persister.walking.spi.MetamodelGraphWalker - Visiting attribute path : price
17:39:43.973 [main] TRACE org.hibernate.loader.plan.build.internal.AbstractLoadPlanBuildingAssociationVisitationStrategy - >> Starting attribute Attribute(name=price, type=double [non-identifier])
17:39:43.973 [main] TRACE org.hibernate.loader.plan.build.internal.AbstractLoadPlanBuildingAssociationVisitationStrategy - << Finishing up attribute : Attribute(name=price, type=double [non-identifier])
17:39:43.973 [main] DEBUG org.hibernate.persister.walking.spi.MetamodelGraphWalker - Visiting attribute path : producer
17:39:43.973 [main] TRACE org.hibernate.loader.plan.build.internal.AbstractLoadPlanBuildingAssociationVisitationStrategy - >> Starting attribute Attribute(name=producer, type=integer [non-identifier])
17:39:43.973 [main] TRACE org.hibernate.loader.plan.build.internal.AbstractLoadPlanBuildingAssociationVisitationStrategy - << Finishing up attribute : Attribute(name=producer, type=integer [non-identifier])
17:39:43.973 [main] DEBUG org.hibernate.persister.walking.spi.MetamodelGraphWalker - Visiting attribute path : quantity
17:39:43.973 [main] TRACE org.hibernate.loader.plan.build.internal.AbstractLoadPlanBuildingAssociationVisitationStrategy - >> Starting attribute Attribute(name=quantity, type=integer [non-identifier])
17:39:43.973 [main] TRACE org.hibernate.loader.plan.build.internal.AbstractLoadPlanBuildingAssociationVisitationStrategy - << Finishing up attribute : Attribute(name=quantity, type=integer [non-identifier])
17:39:43.973 [main] DEBUG org.hibernate.persister.walking.spi.MetamodelGraphWalker - Visiting attribute path : rPackage
17:39:43.973 [main] TRACE org.hibernate.loader.plan.build.internal.AbstractLoadPlanBuildingAssociationVisitationStrategy - >> Starting attribute Attribute(name=rPackage, type=integer [non-identifier])
17:39:43.973 [main] TRACE org.hibernate.loader.plan.build.internal.AbstractLoadPlanBuildingAssociationVisitationStrategy - << Finishing up attribute : Attribute(name=rPackage, type=integer [non-identifier])
17:39:43.973 [main] DEBUG org.hibernate.persister.walking.spi.MetamodelGraphWalker - Visiting attribute path : rPrecision
17:39:43.973 [main] TRACE org.hibernate.loader.plan.build.internal.AbstractLoadPlanBuildingAssociationVisitationStrategy - >> Starting attribute Attribute(name=rPrecision, type=double [non-identifier])
17:39:43.973 [main] TRACE org.hibernate.loader.plan.build.internal.AbstractLoadPlanBuildingAssociationVisitationStrategy - << Finishing up attribute : Attribute(name=rPrecision, type=double [non-identifier])
17:39:43.973 [main] TRACE org.hibernate.loader.plan.build.internal.AbstractLoadPlanBuildingAssociationVisitationStrategy - Popped fetch owner from stack : org.hibernate.loader.plan.build.internal.returns.EntityReturnImpl@650ae78c
17:39:43.973 [main] TRACE org.hibernate.loader.plan.build.internal.AbstractLoadPlanBuildingAssociationVisitationStrategy -  Finished root entity : com.soft.entity.ResistorEntity
17:39:43.973 [main] DEBUG org.hibernate.loader.plan.build.internal.FetchStyleLoadPlanBuildingAssociationVisitationStrategy - Building LoadPlan...
17:39:43.973 [main] DEBUG org.hibernate.loader.plan.exec.internal.LoadQueryJoinAndFetchProcessor - processing queryspace <gen:0>
17:39:43.974 [main] DEBUG org.hibernate.loader.plan.build.spi.LoadPlanTreePrinter - LoadPlan(entity=com.soft.entity.ResistorEntity)
    - Returns
       - EntityReturnImpl(entity=com.soft.entity.ResistorEntity, querySpaceUid=<gen:0>, path=com.soft.entity.ResistorEntity)
    - QuerySpaces
       - EntityQuerySpaceImpl(uid=<gen:0>, entity=com.soft.entity.ResistorEntity)
          - SQL table alias mapping - resistoren0_
          - alias suffix - 0_
          - suffixed key columns - {resistor1_3_0_}

17:39:43.974 [main] DEBUG org.hibernate.loader.entity.plan.EntityLoader - Static select for entity com.soft.entity.ResistorEntity [UPGRADE]: select resistoren0_.resistor_id as resistor1_3_0_, resistoren0_.category as category2_3_0_, resistoren0_.description as descript3_3_0_, resistoren0_.name as name4_3_0_, resistoren0_.nominal as nominal5_3_0_, resistoren0_.nominal_unit as nominal_6_3_0_, resistoren0_.photo as photo7_3_0_, resistoren0_.power as power8_3_0_, resistoren0_.power_unit as power_un9_3_0_, resistoren0_.price as price10_3_0_, resistoren0_.producer as produce11_3_0_, resistoren0_.quantity as quantit12_3_0_, resistoren0_.package as package13_3_0_, resistoren0_.r_precision as r_preci14_3_0_ from resistor resistoren0_ where resistoren0_.resistor_id=? for update
17:39:43.974 [main] TRACE org.hibernate.loader.plan.build.internal.AbstractLoadPlanBuildingAssociationVisitationStrategy -  Starting root entity : com.soft.entity.ResistorEntity
17:39:43.974 [main] DEBUG org.hibernate.loader.plan.build.internal.spaces.QuerySpacesImpl - Adding QuerySpace : uid = <gen:0> -> org.hibernate.loader.plan.build.internal.spaces.EntityQuerySpaceImpl@2e73d5eb]
17:39:43.974 [main] TRACE org.hibernate.loader.plan.build.internal.AbstractLoadPlanBuildingAssociationVisitationStrategy - Pushing fetch source to stack : org.hibernate.loader.plan.build.internal.returns.EntityReturnImpl@79c5460e
17:39:43.974 [main] TRACE org.hibernate.loader.plan.build.internal.AbstractLoadPlanBuildingAssociationVisitationStrategy - .. Registering AssociationKey : AssociationKey(table=resistor, columns={resistor_id}) -> org.hibernate.loader.plan.build.internal.returns.EntityReturnImpl@79c5460e
17:39:43.974 [main] TRACE org.hibernate.loader.plan.build.internal.AbstractLoadPlanBuildingAssociationVisitationStrategy - >> Starting entity identifier : com.soft.entity.ResistorEntity
17:39:43.974 [main] DEBUG org.hibernate.persister.walking.spi.MetamodelGraphWalker - Visiting attribute path : category
17:39:43.974 [main] TRACE org.hibernate.loader.plan.build.internal.AbstractLoadPlanBuildingAssociationVisitationStrategy - >> Starting attribute Attribute(name=category, type=integer [non-identifier])
17:39:43.974 [main] TRACE org.hibernate.loader.plan.build.internal.AbstractLoadPlanBuildingAssociationVisitationStrategy - << Finishing up attribute : Attribute(name=category, type=integer [non-identifier])
17:39:43.974 [main] DEBUG org.hibernate.persister.walking.spi.MetamodelGraphWalker - Visiting attribute path : description
17:39:43.974 [main] TRACE org.hibernate.loader.plan.build.internal.AbstractLoadPlanBuildingAssociationVisitationStrategy - >> Starting attribute Attribute(name=description, type=string [non-identifier])
17:39:43.974 [main] TRACE org.hibernate.loader.plan.build.internal.AbstractLoadPlanBuildingAssociationVisitationStrategy - << Finishing up attribute : Attribute(name=description, type=string [non-identifier])
17:39:43.974 [main] DEBUG org.hibernate.persister.walking.spi.MetamodelGraphWalker - Visiting attribute path : name
17:39:43.974 [main] TRACE org.hibernate.loader.plan.build.internal.AbstractLoadPlanBuildingAssociationVisitationStrategy - >> Starting attribute Attribute(name=name, type=string [non-identifier])
17:39:43.974 [main] TRACE org.hibernate.loader.plan.build.internal.AbstractLoadPlanBuildingAssociationVisitationStrategy - << Finishing up attribute : Attribute(name=name, type=string [non-identifier])
17:39:43.974 [main] DEBUG org.hibernate.persister.walking.spi.MetamodelGraphWalker - Visiting attribute path : nominal
17:39:43.974 [main] TRACE org.hibernate.loader.plan.build.internal.AbstractLoadPlanBuildingAssociationVisitationStrategy - >> Starting attribute Attribute(name=nominal, type=double [non-identifier])
17:39:43.975 [main] TRACE org.hibernate.loader.plan.build.internal.AbstractLoadPlanBuildingAssociationVisitationStrategy - << Finishing up attribute : Attribute(name=nominal, type=double [non-identifier])
17:39:43.975 [main] DEBUG org.hibernate.persister.walking.spi.MetamodelGraphWalker - Visiting attribute path : nominalUnit
17:39:43.975 [main] TRACE org.hibernate.loader.plan.build.internal.AbstractLoadPlanBuildingAssociationVisitationStrategy - >> Starting attribute Attribute(name=nominalUnit, type=integer [non-identifier])
17:39:43.975 [main] TRACE org.hibernate.loader.plan.build.internal.AbstractLoadPlanBuildingAssociationVisitationStrategy - << Finishing up attribute : Attribute(name=nominalUnit, type=integer [non-identifier])
17:39:43.975 [main] DEBUG org.hibernate.persister.walking.spi.MetamodelGraphWalker - Visiting attribute path : photo
17:39:43.975 [main] TRACE org.hibernate.loader.plan.build.internal.AbstractLoadPlanBuildingAssociationVisitationStrategy - >> Starting attribute Attribute(name=photo, type=binary [non-identifier])
17:39:43.975 [main] TRACE org.hibernate.loader.plan.build.internal.AbstractLoadPlanBuildingAssociationVisitationStrategy - << Finishing up attribute : Attribute(name=photo, type=binary [non-identifier])
17:39:43.975 [main] DEBUG org.hibernate.persister.walking.spi.MetamodelGraphWalker - Visiting attribute path : power
17:39:43.975 [main] TRACE org.hibernate.loader.plan.build.internal.AbstractLoadPlanBuildingAssociationVisitationStrategy - >> Starting attribute Attribute(name=power, type=double [non-identifier])
17:39:43.975 [main] TRACE org.hibernate.loader.plan.build.internal.AbstractLoadPlanBuildingAssociationVisitationStrategy - << Finishing up attribute : Attribute(name=power, type=double [non-identifier])
17:39:43.975 [main] DEBUG org.hibernate.persister.walking.spi.MetamodelGraphWalker - Visiting attribute path : powerUnit
17:39:43.975 [main] TRACE org.hibernate.loader.plan.build.internal.AbstractLoadPlanBuildingAssociationVisitationStrategy - >> Starting attribute Attribute(name=powerUnit, type=integer [non-identifier])
17:39:43.975 [main] TRACE org.hibernate.loader.plan.build.internal.AbstractLoadPlanBuildingAssociationVisitationStrategy - << Finishing up attribute : Attribute(name=powerUnit, type=integer [non-identifier])
17:39:43.975 [main] DEBUG org.hibernate.persister.walking.spi.MetamodelGraphWalker - Visiting attribute path : price
17:39:43.975 [main] TRACE org.hibernate.loader.plan.build.internal.AbstractLoadPlanBuildingAssociationVisitationStrategy - >> Starting attribute Attribute(name=price, type=double [non-identifier])
17:39:43.975 [main] TRACE org.hibernate.loader.plan.build.internal.AbstractLoadPlanBuildingAssociationVisitationStrategy - << Finishing up attribute : Attribute(name=price, type=double [non-identifier])
17:39:43.975 [main] DEBUG org.hibernate.persister.walking.spi.MetamodelGraphWalker - Visiting attribute path : producer
17:39:43.975 [main] TRACE org.hibernate.loader.plan.build.internal.AbstractLoadPlanBuildingAssociationVisitationStrategy - >> Starting attribute Attribute(name=producer, type=integer [non-identifier])
17:39:43.975 [main] TRACE org.hibernate.loader.plan.build.internal.AbstractLoadPlanBuildingAssociationVisitationStrategy - << Finishing up attribute : Attribute(name=producer, type=integer [non-identifier])
17:39:43.975 [main] DEBUG org.hibernate.persister.walking.spi.MetamodelGraphWalker - Visiting attribute path : quantity
17:39:43.975 [main] TRACE org.hibernate.loader.plan.build.internal.AbstractLoadPlanBuildingAssociationVisitationStrategy - >> Starting attribute Attribute(name=quantity, type=integer [non-identifier])
17:39:43.975 [main] TRACE org.hibernate.loader.plan.build.internal.AbstractLoadPlanBuildingAssociationVisitationStrategy - << Finishing up attribute : Attribute(name=quantity, type=integer [non-identifier])
17:39:43.975 [main] DEBUG org.hibernate.persister.walking.spi.MetamodelGraphWalker - Visiting attribute path : rPackage
17:39:43.975 [main] TRACE org.hibernate.loader.plan.build.internal.AbstractLoadPlanBuildingAssociationVisitationStrategy - >> Starting attribute Attribute(name=rPackage, type=integer [non-identifier])
17:39:43.975 [main] TRACE org.hibernate.loader.plan.build.internal.AbstractLoadPlanBuildingAssociationVisitationStrategy - << Finishing up attribute : Attribute(name=rPackage, type=integer [non-identifier])
17:39:43.976 [main] DEBUG org.hibernate.persister.walking.spi.MetamodelGraphWalker - Visiting attribute path : rPrecision
17:39:43.976 [main] TRACE org.hibernate.loader.plan.build.internal.AbstractLoadPlanBuildingAssociationVisitationStrategy - >> Starting attribute Attribute(name=rPrecision, type=double [non-identifier])
17:39:43.976 [main] TRACE org.hibernate.loader.plan.build.internal.AbstractLoadPlanBuildingAssociationVisitationStrategy - << Finishing up attribute : Attribute(name=rPrecision, type=double [non-identifier])
17:39:43.976 [main] TRACE org.hibernate.loader.plan.build.internal.AbstractLoadPlanBuildingAssociationVisitationStrategy - Popped fetch owner from stack : org.hibernate.loader.plan.build.internal.returns.EntityReturnImpl@79c5460e
17:39:43.976 [main] TRACE org.hibernate.loader.plan.build.internal.AbstractLoadPlanBuildingAssociationVisitationStrategy -  Finished root entity : com.soft.entity.ResistorEntity
17:39:43.976 [main] DEBUG org.hibernate.loader.plan.build.internal.FetchStyleLoadPlanBuildingAssociationVisitationStrategy - Building LoadPlan...
17:39:43.976 [main] DEBUG org.hibernate.loader.plan.exec.internal.LoadQueryJoinAndFetchProcessor - processing queryspace <gen:0>
17:39:43.976 [main] DEBUG org.hibernate.loader.plan.build.spi.LoadPlanTreePrinter - LoadPlan(entity=com.soft.entity.ResistorEntity)
    - Returns
       - EntityReturnImpl(entity=com.soft.entity.ResistorEntity, querySpaceUid=<gen:0>, path=com.soft.entity.ResistorEntity)
    - QuerySpaces
       - EntityQuerySpaceImpl(uid=<gen:0>, entity=com.soft.entity.ResistorEntity)
          - SQL table alias mapping - resistoren0_
          - alias suffix - 0_
          - suffixed key columns - {resistor1_3_0_}

17:39:43.976 [main] DEBUG org.hibernate.loader.entity.plan.EntityLoader - Static select for entity com.soft.entity.ResistorEntity [UPGRADE_NOWAIT]: select resistoren0_.resistor_id as resistor1_3_0_, resistoren0_.category as category2_3_0_, resistoren0_.description as descript3_3_0_, resistoren0_.name as name4_3_0_, resistoren0_.nominal as nominal5_3_0_, resistoren0_.nominal_unit as nominal_6_3_0_, resistoren0_.photo as photo7_3_0_, resistoren0_.power as power8_3_0_, resistoren0_.power_unit as power_un9_3_0_, resistoren0_.price as price10_3_0_, resistoren0_.producer as produce11_3_0_, resistoren0_.quantity as quantit12_3_0_, resistoren0_.package as package13_3_0_, resistoren0_.r_precision as r_preci14_3_0_ from resistor resistoren0_ where resistoren0_.resistor_id=? for update
17:39:43.976 [main] TRACE org.hibernate.loader.plan.build.internal.AbstractLoadPlanBuildingAssociationVisitationStrategy -  Starting root entity : com.soft.entity.ResistorEntity
17:39:43.976 [main] DEBUG org.hibernate.loader.plan.build.internal.spaces.QuerySpacesImpl - Adding QuerySpace : uid = <gen:0> -> org.hibernate.loader.plan.build.internal.spaces.EntityQuerySpaceImpl@7d904ff1]
17:39:43.976 [main] TRACE org.hibernate.loader.plan.build.internal.AbstractLoadPlanBuildingAssociationVisitationStrategy - Pushing fetch source to stack : org.hibernate.loader.plan.build.internal.returns.EntityReturnImpl@4f94e148
17:39:43.976 [main] TRACE org.hibernate.loader.plan.build.internal.AbstractLoadPlanBuildingAssociationVisitationStrategy - .. Registering AssociationKey : AssociationKey(table=resistor, columns={resistor_id}) -> org.hibernate.loader.plan.build.internal.returns.EntityReturnImpl@4f94e148
17:39:43.976 [main] TRACE org.hibernate.loader.plan.build.internal.AbstractLoadPlanBuildingAssociationVisitationStrategy - >> Starting entity identifier : com.soft.entity.ResistorEntity
17:39:43.977 [main] DEBUG org.hibernate.persister.walking.spi.MetamodelGraphWalker - Visiting attribute path : category
17:39:43.977 [main] TRACE org.hibernate.loader.plan.build.internal.AbstractLoadPlanBuildingAssociationVisitationStrategy - >> Starting attribute Attribute(name=category, type=integer [non-identifier])
17:39:43.977 [main] TRACE org.hibernate.loader.plan.build.internal.AbstractLoadPlanBuildingAssociationVisitationStrategy - << Finishing up attribute : Attribute(name=category, type=integer [non-identifier])
17:39:43.977 [main] DEBUG org.hibernate.persister.walking.spi.MetamodelGraphWalker - Visiting attribute path : description
17:39:43.977 [main] TRACE org.hibernate.loader.plan.build.internal.AbstractLoadPlanBuildingAssociationVisitationStrategy - >> Starting attribute Attribute(name=description, type=string [non-identifier])
17:39:43.977 [main] TRACE org.hibernate.loader.plan.build.internal.AbstractLoadPlanBuildingAssociationVisitationStrategy - << Finishing up attribute : Attribute(name=description, type=string [non-identifier])
17:39:43.977 [main] DEBUG org.hibernate.persister.walking.spi.MetamodelGraphWalker - Visiting attribute path : name
17:39:43.977 [main] TRACE org.hibernate.loader.plan.build.internal.AbstractLoadPlanBuildingAssociationVisitationStrategy - >> Starting attribute Attribute(name=name, type=string [non-identifier])
17:39:43.977 [main] TRACE org.hibernate.loader.plan.build.internal.AbstractLoadPlanBuildingAssociationVisitationStrategy - << Finishing up attribute : Attribute(name=name, type=string [non-identifier])
17:39:43.977 [main] DEBUG org.hibernate.persister.walking.spi.MetamodelGraphWalker - Visiting attribute path : nominal
17:39:43.977 [main] TRACE org.hibernate.loader.plan.build.internal.AbstractLoadPlanBuildingAssociationVisitationStrategy - >> Starting attribute Attribute(name=nominal, type=double [non-identifier])
17:39:43.977 [main] TRACE org.hibernate.loader.plan.build.internal.AbstractLoadPlanBuildingAssociationVisitationStrategy - << Finishing up attribute : Attribute(name=nominal, type=double [non-identifier])
17:39:43.977 [main] DEBUG org.hibernate.persister.walking.spi.MetamodelGraphWalker - Visiting attribute path : nominalUnit
17:39:43.977 [main] TRACE org.hibernate.loader.plan.build.internal.AbstractLoadPlanBuildingAssociationVisitationStrategy - >> Starting attribute Attribute(name=nominalUnit, type=integer [non-identifier])
17:39:43.977 [main] TRACE org.hibernate.loader.plan.build.internal.AbstractLoadPlanBuildingAssociationVisitationStrategy - << Finishing up attribute : Attribute(name=nominalUnit, type=integer [non-identifier])
17:39:43.977 [main] DEBUG org.hibernate.persister.walking.spi.MetamodelGraphWalker - Visiting attribute path : photo
17:39:43.977 [main] TRACE org.hibernate.loader.plan.build.internal.AbstractLoadPlanBuildingAssociationVisitationStrategy - >> Starting attribute Attribute(name=photo, type=binary [non-identifier])
17:39:43.977 [main] TRACE org.hibernate.loader.plan.build.internal.AbstractLoadPlanBuildingAssociationVisitationStrategy - << Finishing up attribute : Attribute(name=photo, type=binary [non-identifier])
17:39:43.977 [main] DEBUG org.hibernate.persister.walking.spi.MetamodelGraphWalker - Visiting attribute path : power
17:39:43.977 [main] TRACE org.hibernate.loader.plan.build.internal.AbstractLoadPlanBuildingAssociationVisitationStrategy - >> Starting attribute Attribute(name=power, type=double [non-identifier])
17:39:43.977 [main] TRACE org.hibernate.loader.plan.build.internal.AbstractLoadPlanBuildingAssociationVisitationStrategy - << Finishing up attribute : Attribute(name=power, type=double [non-identifier])
17:39:43.977 [main] DEBUG org.hibernate.persister.walking.spi.MetamodelGraphWalker - Visiting attribute path : powerUnit
17:39:43.977 [main] TRACE org.hibernate.loader.plan.build.internal.AbstractLoadPlanBuildingAssociationVisitationStrategy - >> Starting attribute Attribute(name=powerUnit, type=integer [non-identifier])
17:39:43.977 [main] TRACE org.hibernate.loader.plan.build.internal.AbstractLoadPlanBuildingAssociationVisitationStrategy - << Finishing up attribute : Attribute(name=powerUnit, type=integer [non-identifier])
17:39:43.977 [main] DEBUG org.hibernate.persister.walking.spi.MetamodelGraphWalker - Visiting attribute path : price
17:39:43.977 [main] TRACE org.hibernate.loader.plan.build.internal.AbstractLoadPlanBuildingAssociationVisitationStrategy - >> Starting attribute Attribute(name=price, type=double [non-identifier])
17:39:43.977 [main] TRACE org.hibernate.loader.plan.build.internal.AbstractLoadPlanBuildingAssociationVisitationStrategy - << Finishing up attribute : Attribute(name=price, type=double [non-identifier])
17:39:43.977 [main] DEBUG org.hibernate.persister.walking.spi.MetamodelGraphWalker - Visiting attribute path : producer
17:39:43.977 [main] TRACE org.hibernate.loader.plan.build.internal.AbstractLoadPlanBuildingAssociationVisitationStrategy - >> Starting attribute Attribute(name=producer, type=integer [non-identifier])
17:39:43.978 [main] TRACE org.hibernate.loader.plan.build.internal.AbstractLoadPlanBuildingAssociationVisitationStrategy - << Finishing up attribute : Attribute(name=producer, type=integer [non-identifier])
17:39:43.978 [main] DEBUG org.hibernate.persister.walking.spi.MetamodelGraphWalker - Visiting attribute path : quantity
17:39:43.978 [main] TRACE org.hibernate.loader.plan.build.internal.AbstractLoadPlanBuildingAssociationVisitationStrategy - >> Starting attribute Attribute(name=quantity, type=integer [non-identifier])
17:39:43.978 [main] TRACE org.hibernate.loader.plan.build.internal.AbstractLoadPlanBuildingAssociationVisitationStrategy - << Finishing up attribute : Attribute(name=quantity, type=integer [non-identifier])
17:39:43.978 [main] DEBUG org.hibernate.persister.walking.spi.MetamodelGraphWalker - Visiting attribute path : rPackage
17:39:43.978 [main] TRACE org.hibernate.loader.plan.build.internal.AbstractLoadPlanBuildingAssociationVisitationStrategy - >> Starting attribute Attribute(name=rPackage, type=integer [non-identifier])
17:39:43.978 [main] TRACE org.hibernate.loader.plan.build.internal.AbstractLoadPlanBuildingAssociationVisitationStrategy - << Finishing up attribute : Attribute(name=rPackage, type=integer [non-identifier])
17:39:43.978 [main] DEBUG org.hibernate.persister.walking.spi.MetamodelGraphWalker - Visiting attribute path : rPrecision
17:39:43.978 [main] TRACE org.hibernate.loader.plan.build.internal.AbstractLoadPlanBuildingAssociationVisitationStrategy - >> Starting attribute Attribute(name=rPrecision, type=double [non-identifier])
17:39:43.978 [main] TRACE org.hibernate.loader.plan.build.internal.AbstractLoadPlanBuildingAssociationVisitationStrategy - << Finishing up attribute : Attribute(name=rPrecision, type=double [non-identifier])
17:39:43.978 [main] TRACE org.hibernate.loader.plan.build.internal.AbstractLoadPlanBuildingAssociationVisitationStrategy - Popped fetch owner from stack : org.hibernate.loader.plan.build.internal.returns.EntityReturnImpl@4f94e148
17:39:43.978 [main] TRACE org.hibernate.loader.plan.build.internal.AbstractLoadPlanBuildingAssociationVisitationStrategy -  Finished root entity : com.soft.entity.ResistorEntity
17:39:43.978 [main] DEBUG org.hibernate.loader.plan.build.internal.FetchStyleLoadPlanBuildingAssociationVisitationStrategy - Building LoadPlan...
17:39:43.978 [main] DEBUG org.hibernate.loader.plan.exec.internal.LoadQueryJoinAndFetchProcessor - processing queryspace <gen:0>
17:39:43.978 [main] DEBUG org.hibernate.loader.plan.build.spi.LoadPlanTreePrinter - LoadPlan(entity=com.soft.entity.ResistorEntity)
    - Returns
       - EntityReturnImpl(entity=com.soft.entity.ResistorEntity, querySpaceUid=<gen:0>, path=com.soft.entity.ResistorEntity)
    - QuerySpaces
       - EntityQuerySpaceImpl(uid=<gen:0>, entity=com.soft.entity.ResistorEntity)
          - SQL table alias mapping - resistoren0_
          - alias suffix - 0_
          - suffixed key columns - {resistor1_3_0_}

17:39:43.978 [main] DEBUG org.hibernate.loader.entity.plan.EntityLoader - Static select for entity com.soft.entity.ResistorEntity [UPGRADE_SKIPLOCKED]: select resistoren0_.resistor_id as resistor1_3_0_, resistoren0_.category as category2_3_0_, resistoren0_.description as descript3_3_0_, resistoren0_.name as name4_3_0_, resistoren0_.nominal as nominal5_3_0_, resistoren0_.nominal_unit as nominal_6_3_0_, resistoren0_.photo as photo7_3_0_, resistoren0_.power as power8_3_0_, resistoren0_.power_unit as power_un9_3_0_, resistoren0_.price as price10_3_0_, resistoren0_.producer as produce11_3_0_, resistoren0_.quantity as quantit12_3_0_, resistoren0_.package as package13_3_0_, resistoren0_.r_precision as r_preci14_3_0_ from resistor resistoren0_ where resistoren0_.resistor_id=? for update
17:39:43.979 [main] TRACE org.hibernate.loader.plan.build.internal.AbstractLoadPlanBuildingAssociationVisitationStrategy -  Starting root entity : com.soft.entity.ResistorEntity
17:39:43.979 [main] DEBUG org.hibernate.loader.plan.build.internal.spaces.QuerySpacesImpl - Adding QuerySpace : uid = <gen:0> -> org.hibernate.loader.plan.build.internal.spaces.EntityQuerySpaceImpl@7ff8a9dc]
17:39:43.979 [main] TRACE org.hibernate.loader.plan.build.internal.AbstractLoadPlanBuildingAssociationVisitationStrategy - Pushing fetch source to stack : org.hibernate.loader.plan.build.internal.returns.EntityReturnImpl@2cde651b
17:39:43.979 [main] TRACE org.hibernate.loader.plan.build.internal.AbstractLoadPlanBuildingAssociationVisitationStrategy - .. Registering AssociationKey : AssociationKey(table=resistor, columns={resistor_id}) -> org.hibernate.loader.plan.build.internal.returns.EntityReturnImpl@2cde651b
17:39:43.979 [main] TRACE org.hibernate.loader.plan.build.internal.AbstractLoadPlanBuildingAssociationVisitationStrategy - >> Starting entity identifier : com.soft.entity.ResistorEntity
17:39:43.979 [main] DEBUG org.hibernate.persister.walking.spi.MetamodelGraphWalker - Visiting attribute path : category
17:39:43.979 [main] TRACE org.hibernate.loader.plan.build.internal.AbstractLoadPlanBuildingAssociationVisitationStrategy - >> Starting attribute Attribute(name=category, type=integer [non-identifier])
17:39:43.979 [main] TRACE org.hibernate.loader.plan.build.internal.AbstractLoadPlanBuildingAssociationVisitationStrategy - << Finishing up attribute : Attribute(name=category, type=integer [non-identifier])
17:39:43.979 [main] DEBUG org.hibernate.persister.walking.spi.MetamodelGraphWalker - Visiting attribute path : description
17:39:43.979 [main] TRACE org.hibernate.loader.plan.build.internal.AbstractLoadPlanBuildingAssociationVisitationStrategy - >> Starting attribute Attribute(name=description, type=string [non-identifier])
17:39:43.979 [main] TRACE org.hibernate.loader.plan.build.internal.AbstractLoadPlanBuildingAssociationVisitationStrategy - << Finishing up attribute : Attribute(name=description, type=string [non-identifier])
17:39:43.979 [main] DEBUG org.hibernate.persister.walking.spi.MetamodelGraphWalker - Visiting attribute path : name
17:39:43.979 [main] TRACE org.hibernate.loader.plan.build.internal.AbstractLoadPlanBuildingAssociationVisitationStrategy - >> Starting attribute Attribute(name=name, type=string [non-identifier])
17:39:43.979 [main] TRACE org.hibernate.loader.plan.build.internal.AbstractLoadPlanBuildingAssociationVisitationStrategy - << Finishing up attribute : Attribute(name=name, type=string [non-identifier])
17:39:43.979 [main] DEBUG org.hibernate.persister.walking.spi.MetamodelGraphWalker - Visiting attribute path : nominal
17:39:43.979 [main] TRACE org.hibernate.loader.plan.build.internal.AbstractLoadPlanBuildingAssociationVisitationStrategy - >> Starting attribute Attribute(name=nominal, type=double [non-identifier])
17:39:43.979 [main] TRACE org.hibernate.loader.plan.build.internal.AbstractLoadPlanBuildingAssociationVisitationStrategy - << Finishing up attribute : Attribute(name=nominal, type=double [non-identifier])
17:39:43.979 [main] DEBUG org.hibernate.persister.walking.spi.MetamodelGraphWalker - Visiting attribute path : nominalUnit
17:39:43.979 [main] TRACE org.hibernate.loader.plan.build.internal.AbstractLoadPlanBuildingAssociationVisitationStrategy - >> Starting attribute Attribute(name=nominalUnit, type=integer [non-identifier])
17:39:43.979 [main] TRACE org.hibernate.loader.plan.build.internal.AbstractLoadPlanBuildingAssociationVisitationStrategy - << Finishing up attribute : Attribute(name=nominalUnit, type=integer [non-identifier])
17:39:43.979 [main] DEBUG org.hibernate.persister.walking.spi.MetamodelGraphWalker - Visiting attribute path : photo
17:39:43.979 [main] TRACE org.hibernate.loader.plan.build.internal.AbstractLoadPlanBuildingAssociationVisitationStrategy - >> Starting attribute Attribute(name=photo, type=binary [non-identifier])
17:39:43.979 [main] TRACE org.hibernate.loader.plan.build.internal.AbstractLoadPlanBuildingAssociationVisitationStrategy - << Finishing up attribute : Attribute(name=photo, type=binary [non-identifier])
17:39:43.980 [main] DEBUG org.hibernate.persister.walking.spi.MetamodelGraphWalker - Visiting attribute path : power
17:39:43.980 [main] TRACE org.hibernate.loader.plan.build.internal.AbstractLoadPlanBuildingAssociationVisitationStrategy - >> Starting attribute Attribute(name=power, type=double [non-identifier])
17:39:43.980 [main] TRACE org.hibernate.loader.plan.build.internal.AbstractLoadPlanBuildingAssociationVisitationStrategy - << Finishing up attribute : Attribute(name=power, type=double [non-identifier])
17:39:43.980 [main] DEBUG org.hibernate.persister.walking.spi.MetamodelGraphWalker - Visiting attribute path : powerUnit
17:39:43.980 [main] TRACE org.hibernate.loader.plan.build.internal.AbstractLoadPlanBuildingAssociationVisitationStrategy - >> Starting attribute Attribute(name=powerUnit, type=integer [non-identifier])
17:39:43.980 [main] TRACE org.hibernate.loader.plan.build.internal.AbstractLoadPlanBuildingAssociationVisitationStrategy - << Finishing up attribute : Attribute(name=powerUnit, type=integer [non-identifier])
17:39:43.980 [main] DEBUG org.hibernate.persister.walking.spi.MetamodelGraphWalker - Visiting attribute path : price
17:39:43.980 [main] TRACE org.hibernate.loader.plan.build.internal.AbstractLoadPlanBuildingAssociationVisitationStrategy - >> Starting attribute Attribute(name=price, type=double [non-identifier])
17:39:43.980 [main] TRACE org.hibernate.loader.plan.build.internal.AbstractLoadPlanBuildingAssociationVisitationStrategy - << Finishing up attribute : Attribute(name=price, type=double [non-identifier])
17:39:43.980 [main] DEBUG org.hibernate.persister.walking.spi.MetamodelGraphWalker - Visiting attribute path : producer
17:39:43.980 [main] TRACE org.hibernate.loader.plan.build.internal.AbstractLoadPlanBuildingAssociationVisitationStrategy - >> Starting attribute Attribute(name=producer, type=integer [non-identifier])
17:39:43.980 [main] TRACE org.hibernate.loader.plan.build.internal.AbstractLoadPlanBuildingAssociationVisitationStrategy - << Finishing up attribute : Attribute(name=producer, type=integer [non-identifier])
17:39:43.980 [main] DEBUG org.hibernate.persister.walking.spi.MetamodelGraphWalker - Visiting attribute path : quantity
17:39:43.980 [main] TRACE org.hibernate.loader.plan.build.internal.AbstractLoadPlanBuildingAssociationVisitationStrategy - >> Starting attribute Attribute(name=quantity, type=integer [non-identifier])
17:39:43.980 [main] TRACE org.hibernate.loader.plan.build.internal.AbstractLoadPlanBuildingAssociationVisitationStrategy - << Finishing up attribute : Attribute(name=quantity, type=integer [non-identifier])
17:39:43.980 [main] DEBUG org.hibernate.persister.walking.spi.MetamodelGraphWalker - Visiting attribute path : rPackage
17:39:43.980 [main] TRACE org.hibernate.loader.plan.build.internal.AbstractLoadPlanBuildingAssociationVisitationStrategy - >> Starting attribute Attribute(name=rPackage, type=integer [non-identifier])
17:39:43.980 [main] TRACE org.hibernate.loader.plan.build.internal.AbstractLoadPlanBuildingAssociationVisitationStrategy - << Finishing up attribute : Attribute(name=rPackage, type=integer [non-identifier])
17:39:43.980 [main] DEBUG org.hibernate.persister.walking.spi.MetamodelGraphWalker - Visiting attribute path : rPrecision
17:39:43.980 [main] TRACE org.hibernate.loader.plan.build.internal.AbstractLoadPlanBuildingAssociationVisitationStrategy - >> Starting attribute Attribute(name=rPrecision, type=double [non-identifier])
17:39:43.980 [main] TRACE org.hibernate.loader.plan.build.internal.AbstractLoadPlanBuildingAssociationVisitationStrategy - << Finishing up attribute : Attribute(name=rPrecision, type=double [non-identifier])
17:39:43.980 [main] TRACE org.hibernate.loader.plan.build.internal.AbstractLoadPlanBuildingAssociationVisitationStrategy - Popped fetch owner from stack : org.hibernate.loader.plan.build.internal.returns.EntityReturnImpl@2cde651b
17:39:43.980 [main] TRACE org.hibernate.loader.plan.build.internal.AbstractLoadPlanBuildingAssociationVisitationStrategy -  Finished root entity : com.soft.entity.ResistorEntity
17:39:43.980 [main] DEBUG org.hibernate.loader.plan.build.internal.FetchStyleLoadPlanBuildingAssociationVisitationStrategy - Building LoadPlan...
17:39:43.981 [main] DEBUG org.hibernate.loader.plan.exec.internal.LoadQueryJoinAndFetchProcessor - processing queryspace <gen:0>
17:39:43.981 [main] DEBUG org.hibernate.loader.plan.build.spi.LoadPlanTreePrinter - LoadPlan(entity=com.soft.entity.ResistorEntity)
    - Returns
       - EntityReturnImpl(entity=com.soft.entity.ResistorEntity, querySpaceUid=<gen:0>, path=com.soft.entity.ResistorEntity)
    - QuerySpaces
       - EntityQuerySpaceImpl(uid=<gen:0>, entity=com.soft.entity.ResistorEntity)
          - SQL table alias mapping - resistoren0_
          - alias suffix - 0_
          - suffixed key columns - {resistor1_3_0_}

17:39:43.981 [main] DEBUG org.hibernate.loader.entity.plan.EntityLoader - Static select for entity com.soft.entity.ResistorEntity [FORCE]: select resistoren0_.resistor_id as resistor1_3_0_, resistoren0_.category as category2_3_0_, resistoren0_.description as descript3_3_0_, resistoren0_.name as name4_3_0_, resistoren0_.nominal as nominal5_3_0_, resistoren0_.nominal_unit as nominal_6_3_0_, resistoren0_.photo as photo7_3_0_, resistoren0_.power as power8_3_0_, resistoren0_.power_unit as power_un9_3_0_, resistoren0_.price as price10_3_0_, resistoren0_.producer as produce11_3_0_, resistoren0_.quantity as quantit12_3_0_, resistoren0_.package as package13_3_0_, resistoren0_.r_precision as r_preci14_3_0_ from resistor resistoren0_ where resistoren0_.resistor_id=? for update
17:39:43.981 [main] TRACE org.hibernate.loader.plan.build.internal.AbstractLoadPlanBuildingAssociationVisitationStrategy -  Starting root entity : com.soft.entity.ResistorEntity
17:39:43.981 [main] DEBUG org.hibernate.loader.plan.build.internal.spaces.QuerySpacesImpl - Adding QuerySpace : uid = <gen:0> -> org.hibernate.loader.plan.build.internal.spaces.EntityQuerySpaceImpl@534e58b6]
17:39:43.981 [main] TRACE org.hibernate.loader.plan.build.internal.AbstractLoadPlanBuildingAssociationVisitationStrategy - Pushing fetch source to stack : org.hibernate.loader.plan.build.internal.returns.EntityReturnImpl@3bb87d36
17:39:43.981 [main] TRACE org.hibernate.loader.plan.build.internal.AbstractLoadPlanBuildingAssociationVisitationStrategy - .. Registering AssociationKey : AssociationKey(table=resistor, columns={resistor_id}) -> org.hibernate.loader.plan.build.internal.returns.EntityReturnImpl@3bb87d36
17:39:43.981 [main] TRACE org.hibernate.loader.plan.build.internal.AbstractLoadPlanBuildingAssociationVisitationStrategy - >> Starting entity identifier : com.soft.entity.ResistorEntity
17:39:43.981 [main] DEBUG org.hibernate.persister.walking.spi.MetamodelGraphWalker - Visiting attribute path : category
17:39:43.981 [main] TRACE org.hibernate.loader.plan.build.internal.AbstractLoadPlanBuildingAssociationVisitationStrategy - >> Starting attribute Attribute(name=category, type=integer [non-identifier])
17:39:43.981 [main] TRACE org.hibernate.loader.plan.build.internal.AbstractLoadPlanBuildingAssociationVisitationStrategy - << Finishing up attribute : Attribute(name=category, type=integer [non-identifier])
17:39:43.981 [main] DEBUG org.hibernate.persister.walking.spi.MetamodelGraphWalker - Visiting attribute path : description
17:39:43.981 [main] TRACE org.hibernate.loader.plan.build.internal.AbstractLoadPlanBuildingAssociationVisitationStrategy - >> Starting attribute Attribute(name=description, type=string [non-identifier])
17:39:43.981 [main] TRACE org.hibernate.loader.plan.build.internal.AbstractLoadPlanBuildingAssociationVisitationStrategy - << Finishing up attribute : Attribute(name=description, type=string [non-identifier])
17:39:43.981 [main] DEBUG org.hibernate.persister.walking.spi.MetamodelGraphWalker - Visiting attribute path : name
17:39:43.981 [main] TRACE org.hibernate.loader.plan.build.internal.AbstractLoadPlanBuildingAssociationVisitationStrategy - >> Starting attribute Attribute(name=name, type=string [non-identifier])
17:39:43.981 [main] TRACE org.hibernate.loader.plan.build.internal.AbstractLoadPlanBuildingAssociationVisitationStrategy - << Finishing up attribute : Attribute(name=name, type=string [non-identifier])
17:39:43.981 [main] DEBUG org.hibernate.persister.walking.spi.MetamodelGraphWalker - Visiting attribute path : nominal
17:39:43.981 [main] TRACE org.hibernate.loader.plan.build.internal.AbstractLoadPlanBuildingAssociationVisitationStrategy - >> Starting attribute Attribute(name=nominal, type=double [non-identifier])
17:39:43.981 [main] TRACE org.hibernate.loader.plan.build.internal.AbstractLoadPlanBuildingAssociationVisitationStrategy - << Finishing up attribute : Attribute(name=nominal, type=double [non-identifier])
17:39:43.982 [main] DEBUG org.hibernate.persister.walking.spi.MetamodelGraphWalker - Visiting attribute path : nominalUnit
17:39:43.982 [main] TRACE org.hibernate.loader.plan.build.internal.AbstractLoadPlanBuildingAssociationVisitationStrategy - >> Starting attribute Attribute(name=nominalUnit, type=integer [non-identifier])
17:39:43.982 [main] TRACE org.hibernate.loader.plan.build.internal.AbstractLoadPlanBuildingAssociationVisitationStrategy - << Finishing up attribute : Attribute(name=nominalUnit, type=integer [non-identifier])
17:39:43.982 [main] DEBUG org.hibernate.persister.walking.spi.MetamodelGraphWalker - Visiting attribute path : photo
17:39:43.982 [main] TRACE org.hibernate.loader.plan.build.internal.AbstractLoadPlanBuildingAssociationVisitationStrategy - >> Starting attribute Attribute(name=photo, type=binary [non-identifier])
17:39:43.982 [main] TRACE org.hibernate.loader.plan.build.internal.AbstractLoadPlanBuildingAssociationVisitationStrategy - << Finishing up attribute : Attribute(name=photo, type=binary [non-identifier])
17:39:43.982 [main] DEBUG org.hibernate.persister.walking.spi.MetamodelGraphWalker - Visiting attribute path : power
17:39:43.982 [main] TRACE org.hibernate.loader.plan.build.internal.AbstractLoadPlanBuildingAssociationVisitationStrategy - >> Starting attribute Attribute(name=power, type=double [non-identifier])
17:39:43.982 [main] TRACE org.hibernate.loader.plan.build.internal.AbstractLoadPlanBuildingAssociationVisitationStrategy - << Finishing up attribute : Attribute(name=power, type=double [non-identifier])
17:39:43.982 [main] DEBUG org.hibernate.persister.walking.spi.MetamodelGraphWalker - Visiting attribute path : powerUnit
17:39:43.982 [main] TRACE org.hibernate.loader.plan.build.internal.AbstractLoadPlanBuildingAssociationVisitationStrategy - >> Starting attribute Attribute(name=powerUnit, type=integer [non-identifier])
17:39:43.982 [main] TRACE org.hibernate.loader.plan.build.internal.AbstractLoadPlanBuildingAssociationVisitationStrategy - << Finishing up attribute : Attribute(name=powerUnit, type=integer [non-identifier])
17:39:43.982 [main] DEBUG org.hibernate.persister.walking.spi.MetamodelGraphWalker - Visiting attribute path : price
17:39:43.982 [main] TRACE org.hibernate.loader.plan.build.internal.AbstractLoadPlanBuildingAssociationVisitationStrategy - >> Starting attribute Attribute(name=price, type=double [non-identifier])
17:39:43.982 [main] TRACE org.hibernate.loader.plan.build.internal.AbstractLoadPlanBuildingAssociationVisitationStrategy - << Finishing up attribute : Attribute(name=price, type=double [non-identifier])
17:39:43.982 [main] DEBUG org.hibernate.persister.walking.spi.MetamodelGraphWalker - Visiting attribute path : producer
17:39:43.982 [main] TRACE org.hibernate.loader.plan.build.internal.AbstractLoadPlanBuildingAssociationVisitationStrategy - >> Starting attribute Attribute(name=producer, type=integer [non-identifier])
17:39:43.982 [main] TRACE org.hibernate.loader.plan.build.internal.AbstractLoadPlanBuildingAssociationVisitationStrategy - << Finishing up attribute : Attribute(name=producer, type=integer [non-identifier])
17:39:43.982 [main] DEBUG org.hibernate.persister.walking.spi.MetamodelGraphWalker - Visiting attribute path : quantity
17:39:43.982 [main] TRACE org.hibernate.loader.plan.build.internal.AbstractLoadPlanBuildingAssociationVisitationStrategy - >> Starting attribute Attribute(name=quantity, type=integer [non-identifier])
17:39:43.982 [main] TRACE org.hibernate.loader.plan.build.internal.AbstractLoadPlanBuildingAssociationVisitationStrategy - << Finishing up attribute : Attribute(name=quantity, type=integer [non-identifier])
17:39:43.982 [main] DEBUG org.hibernate.persister.walking.spi.MetamodelGraphWalker - Visiting attribute path : rPackage
17:39:43.982 [main] TRACE org.hibernate.loader.plan.build.internal.AbstractLoadPlanBuildingAssociationVisitationStrategy - >> Starting attribute Attribute(name=rPackage, type=integer [non-identifier])
17:39:43.982 [main] TRACE org.hibernate.loader.plan.build.internal.AbstractLoadPlanBuildingAssociationVisitationStrategy - << Finishing up attribute : Attribute(name=rPackage, type=integer [non-identifier])
17:39:43.982 [main] DEBUG org.hibernate.persister.walking.spi.MetamodelGraphWalker - Visiting attribute path : rPrecision
17:39:43.982 [main] TRACE org.hibernate.loader.plan.build.internal.AbstractLoadPlanBuildingAssociationVisitationStrategy - >> Starting attribute Attribute(name=rPrecision, type=double [non-identifier])
17:39:43.982 [main] TRACE org.hibernate.loader.plan.build.internal.AbstractLoadPlanBuildingAssociationVisitationStrategy - << Finishing up attribute : Attribute(name=rPrecision, type=double [non-identifier])
17:39:43.982 [main] TRACE org.hibernate.loader.plan.build.internal.AbstractLoadPlanBuildingAssociationVisitationStrategy - Popped fetch owner from stack : org.hibernate.loader.plan.build.internal.returns.EntityReturnImpl@3bb87d36
17:39:43.982 [main] TRACE org.hibernate.loader.plan.build.internal.AbstractLoadPlanBuildingAssociationVisitationStrategy -  Finished root entity : com.soft.entity.ResistorEntity
17:39:43.982 [main] DEBUG org.hibernate.loader.plan.build.internal.FetchStyleLoadPlanBuildingAssociationVisitationStrategy - Building LoadPlan...
17:39:43.982 [main] DEBUG org.hibernate.loader.plan.exec.internal.LoadQueryJoinAndFetchProcessor - processing queryspace <gen:0>
17:39:43.982 [main] DEBUG org.hibernate.loader.plan.build.spi.LoadPlanTreePrinter - LoadPlan(entity=com.soft.entity.ResistorEntity)
    - Returns
       - EntityReturnImpl(entity=com.soft.entity.ResistorEntity, querySpaceUid=<gen:0>, path=com.soft.entity.ResistorEntity)
    - QuerySpaces
       - EntityQuerySpaceImpl(uid=<gen:0>, entity=com.soft.entity.ResistorEntity)
          - SQL table alias mapping - resistoren0_
          - alias suffix - 0_
          - suffixed key columns - {resistor1_3_0_}

17:39:43.982 [main] DEBUG org.hibernate.loader.entity.plan.EntityLoader - Static select for entity com.soft.entity.ResistorEntity [PESSIMISTIC_READ]: select resistoren0_.resistor_id as resistor1_3_0_, resistoren0_.category as category2_3_0_, resistoren0_.description as descript3_3_0_, resistoren0_.name as name4_3_0_, resistoren0_.nominal as nominal5_3_0_, resistoren0_.nominal_unit as nominal_6_3_0_, resistoren0_.photo as photo7_3_0_, resistoren0_.power as power8_3_0_, resistoren0_.power_unit as power_un9_3_0_, resistoren0_.price as price10_3_0_, resistoren0_.producer as produce11_3_0_, resistoren0_.quantity as quantit12_3_0_, resistoren0_.package as package13_3_0_, resistoren0_.r_precision as r_preci14_3_0_ from resistor resistoren0_ where resistoren0_.resistor_id=? lock in share mode
17:39:43.982 [main] TRACE org.hibernate.loader.plan.build.internal.AbstractLoadPlanBuildingAssociationVisitationStrategy -  Starting root entity : com.soft.entity.ResistorEntity
17:39:43.983 [main] DEBUG org.hibernate.loader.plan.build.internal.spaces.QuerySpacesImpl - Adding QuerySpace : uid = <gen:0> -> org.hibernate.loader.plan.build.internal.spaces.EntityQuerySpaceImpl@1b495d4]
17:39:43.983 [main] TRACE org.hibernate.loader.plan.build.internal.AbstractLoadPlanBuildingAssociationVisitationStrategy - Pushing fetch source to stack : org.hibernate.loader.plan.build.internal.returns.EntityReturnImpl@5e1dde44
17:39:43.983 [main] TRACE org.hibernate.loader.plan.build.internal.AbstractLoadPlanBuildingAssociationVisitationStrategy - .. Registering AssociationKey : AssociationKey(table=resistor, columns={resistor_id}) -> org.hibernate.loader.plan.build.internal.returns.EntityReturnImpl@5e1dde44
17:39:43.983 [main] TRACE org.hibernate.loader.plan.build.internal.AbstractLoadPlanBuildingAssociationVisitationStrategy - >> Starting entity identifier : com.soft.entity.ResistorEntity
17:39:43.983 [main] DEBUG org.hibernate.persister.walking.spi.MetamodelGraphWalker - Visiting attribute path : category
17:39:43.983 [main] TRACE org.hibernate.loader.plan.build.internal.AbstractLoadPlanBuildingAssociationVisitationStrategy - >> Starting attribute Attribute(name=category, type=integer [non-identifier])
17:39:43.983 [main] TRACE org.hibernate.loader.plan.build.internal.AbstractLoadPlanBuildingAssociationVisitationStrategy - << Finishing up attribute : Attribute(name=category, type=integer [non-identifier])
17:39:43.983 [main] DEBUG org.hibernate.persister.walking.spi.MetamodelGraphWalker - Visiting attribute path : description
17:39:43.983 [main] TRACE org.hibernate.loader.plan.build.internal.AbstractLoadPlanBuildingAssociationVisitationStrategy - >> Starting attribute Attribute(name=description, type=string [non-identifier])
17:39:43.983 [main] TRACE org.hibernate.loader.plan.build.internal.AbstractLoadPlanBuildingAssociationVisitationStrategy - << Finishing up attribute : Attribute(name=description, type=string [non-identifier])
17:39:43.983 [main] DEBUG org.hibernate.persister.walking.spi.MetamodelGraphWalker - Visiting attribute path : name
17:39:43.983 [main] TRACE org.hibernate.loader.plan.build.internal.AbstractLoadPlanBuildingAssociationVisitationStrategy - >> Starting attribute Attribute(name=name, type=string [non-identifier])
17:39:43.983 [main] TRACE org.hibernate.loader.plan.build.internal.AbstractLoadPlanBuildingAssociationVisitationStrategy - << Finishing up attribute : Attribute(name=name, type=string [non-identifier])
17:39:43.983 [main] DEBUG org.hibernate.persister.walking.spi.MetamodelGraphWalker - Visiting attribute path : nominal
17:39:43.983 [main] TRACE org.hibernate.loader.plan.build.internal.AbstractLoadPlanBuildingAssociationVisitationStrategy - >> Starting attribute Attribute(name=nominal, type=double [non-identifier])
17:39:43.983 [main] TRACE org.hibernate.loader.plan.build.internal.AbstractLoadPlanBuildingAssociationVisitationStrategy - << Finishing up attribute : Attribute(name=nominal, type=double [non-identifier])
17:39:43.983 [main] DEBUG org.hibernate.persister.walking.spi.MetamodelGraphWalker - Visiting attribute path : nominalUnit
17:39:43.983 [main] TRACE org.hibernate.loader.plan.build.internal.AbstractLoadPlanBuildingAssociationVisitationStrategy - >> Starting attribute Attribute(name=nominalUnit, type=integer [non-identifier])
17:39:43.983 [main] TRACE org.hibernate.loader.plan.build.internal.AbstractLoadPlanBuildingAssociationVisitationStrategy - << Finishing up attribute : Attribute(name=nominalUnit, type=integer [non-identifier])
17:39:43.983 [main] DEBUG org.hibernate.persister.walking.spi.MetamodelGraphWalker - Visiting attribute path : photo
17:39:43.983 [main] TRACE org.hibernate.loader.plan.build.internal.AbstractLoadPlanBuildingAssociationVisitationStrategy - >> Starting attribute Attribute(name=photo, type=binary [non-identifier])
17:39:43.983 [main] TRACE org.hibernate.loader.plan.build.internal.AbstractLoadPlanBuildingAssociationVisitationStrategy - << Finishing up attribute : Attribute(name=photo, type=binary [non-identifier])
17:39:43.983 [main] DEBUG org.hibernate.persister.walking.spi.MetamodelGraphWalker - Visiting attribute path : power
17:39:43.983 [main] TRACE org.hibernate.loader.plan.build.internal.AbstractLoadPlanBuildingAssociationVisitationStrategy - >> Starting attribute Attribute(name=power, type=double [non-identifier])
17:39:43.983 [main] TRACE org.hibernate.loader.plan.build.internal.AbstractLoadPlanBuildingAssociationVisitationStrategy - << Finishing up attribute : Attribute(name=power, type=double [non-identifier])
17:39:43.983 [main] DEBUG org.hibernate.persister.walking.spi.MetamodelGraphWalker - Visiting attribute path : powerUnit
17:39:43.983 [main] TRACE org.hibernate.loader.plan.build.internal.AbstractLoadPlanBuildingAssociationVisitationStrategy - >> Starting attribute Attribute(name=powerUnit, type=integer [non-identifier])
17:39:43.983 [main] TRACE org.hibernate.loader.plan.build.internal.AbstractLoadPlanBuildingAssociationVisitationStrategy - << Finishing up attribute : Attribute(name=powerUnit, type=integer [non-identifier])
17:39:43.983 [main] DEBUG org.hibernate.persister.walking.spi.MetamodelGraphWalker - Visiting attribute path : price
17:39:43.983 [main] TRACE org.hibernate.loader.plan.build.internal.AbstractLoadPlanBuildingAssociationVisitationStrategy - >> Starting attribute Attribute(name=price, type=double [non-identifier])
17:39:43.983 [main] TRACE org.hibernate.loader.plan.build.internal.AbstractLoadPlanBuildingAssociationVisitationStrategy - << Finishing up attribute : Attribute(name=price, type=double [non-identifier])
17:39:43.983 [main] DEBUG org.hibernate.persister.walking.spi.MetamodelGraphWalker - Visiting attribute path : producer
17:39:43.983 [main] TRACE org.hibernate.loader.plan.build.internal.AbstractLoadPlanBuildingAssociationVisitationStrategy - >> Starting attribute Attribute(name=producer, type=integer [non-identifier])
17:39:43.983 [main] TRACE org.hibernate.loader.plan.build.internal.AbstractLoadPlanBuildingAssociationVisitationStrategy - << Finishing up attribute : Attribute(name=producer, type=integer [non-identifier])
17:39:43.983 [main] DEBUG org.hibernate.persister.walking.spi.MetamodelGraphWalker - Visiting attribute path : quantity
17:39:43.983 [main] TRACE org.hibernate.loader.plan.build.internal.AbstractLoadPlanBuildingAssociationVisitationStrategy - >> Starting attribute Attribute(name=quantity, type=integer [non-identifier])
17:39:43.983 [main] TRACE org.hibernate.loader.plan.build.internal.AbstractLoadPlanBuildingAssociationVisitationStrategy - << Finishing up attribute : Attribute(name=quantity, type=integer [non-identifier])
17:39:43.983 [main] DEBUG org.hibernate.persister.walking.spi.MetamodelGraphWalker - Visiting attribute path : rPackage
17:39:43.983 [main] TRACE org.hibernate.loader.plan.build.internal.AbstractLoadPlanBuildingAssociationVisitationStrategy - >> Starting attribute Attribute(name=rPackage, type=integer [non-identifier])
17:39:43.983 [main] TRACE org.hibernate.loader.plan.build.internal.AbstractLoadPlanBuildingAssociationVisitationStrategy - << Finishing up attribute : Attribute(name=rPackage, type=integer [non-identifier])
17:39:43.983 [main] DEBUG org.hibernate.persister.walking.spi.MetamodelGraphWalker - Visiting attribute path : rPrecision
17:39:43.983 [main] TRACE org.hibernate.loader.plan.build.internal.AbstractLoadPlanBuildingAssociationVisitationStrategy - >> Starting attribute Attribute(name=rPrecision, type=double [non-identifier])
17:39:43.983 [main] TRACE org.hibernate.loader.plan.build.internal.AbstractLoadPlanBuildingAssociationVisitationStrategy - << Finishing up attribute : Attribute(name=rPrecision, type=double [non-identifier])
17:39:43.983 [main] TRACE org.hibernate.loader.plan.build.internal.AbstractLoadPlanBuildingAssociationVisitationStrategy - Popped fetch owner from stack : org.hibernate.loader.plan.build.internal.returns.EntityReturnImpl@5e1dde44
17:39:43.983 [main] TRACE org.hibernate.loader.plan.build.internal.AbstractLoadPlanBuildingAssociationVisitationStrategy -  Finished root entity : com.soft.entity.ResistorEntity
17:39:43.983 [main] DEBUG org.hibernate.loader.plan.build.internal.FetchStyleLoadPlanBuildingAssociationVisitationStrategy - Building LoadPlan...
17:39:43.983 [main] DEBUG org.hibernate.loader.plan.exec.internal.LoadQueryJoinAndFetchProcessor - processing queryspace <gen:0>
17:39:43.984 [main] DEBUG org.hibernate.loader.plan.build.spi.LoadPlanTreePrinter - LoadPlan(entity=com.soft.entity.ResistorEntity)
    - Returns
       - EntityReturnImpl(entity=com.soft.entity.ResistorEntity, querySpaceUid=<gen:0>, path=com.soft.entity.ResistorEntity)
    - QuerySpaces
       - EntityQuerySpaceImpl(uid=<gen:0>, entity=com.soft.entity.ResistorEntity)
          - SQL table alias mapping - resistoren0_
          - alias suffix - 0_
          - suffixed key columns - {resistor1_3_0_}

17:39:43.984 [main] DEBUG org.hibernate.loader.entity.plan.EntityLoader - Static select for entity com.soft.entity.ResistorEntity [PESSIMISTIC_WRITE]: select resistoren0_.resistor_id as resistor1_3_0_, resistoren0_.category as category2_3_0_, resistoren0_.description as descript3_3_0_, resistoren0_.name as name4_3_0_, resistoren0_.nominal as nominal5_3_0_, resistoren0_.nominal_unit as nominal_6_3_0_, resistoren0_.photo as photo7_3_0_, resistoren0_.power as power8_3_0_, resistoren0_.power_unit as power_un9_3_0_, resistoren0_.price as price10_3_0_, resistoren0_.producer as produce11_3_0_, resistoren0_.quantity as quantit12_3_0_, resistoren0_.package as package13_3_0_, resistoren0_.r_precision as r_preci14_3_0_ from resistor resistoren0_ where resistoren0_.resistor_id=? for update
17:39:43.984 [main] TRACE org.hibernate.loader.plan.build.internal.AbstractLoadPlanBuildingAssociationVisitationStrategy -  Starting root entity : com.soft.entity.ResistorEntity
17:39:43.984 [main] DEBUG org.hibernate.loader.plan.build.internal.spaces.QuerySpacesImpl - Adding QuerySpace : uid = <gen:0> -> org.hibernate.loader.plan.build.internal.spaces.EntityQuerySpaceImpl@7f37b6d9]
17:39:43.984 [main] TRACE org.hibernate.loader.plan.build.internal.AbstractLoadPlanBuildingAssociationVisitationStrategy - Pushing fetch source to stack : org.hibernate.loader.plan.build.internal.returns.EntityReturnImpl@71e35c4
17:39:43.984 [main] TRACE org.hibernate.loader.plan.build.internal.AbstractLoadPlanBuildingAssociationVisitationStrategy - .. Registering AssociationKey : AssociationKey(table=resistor, columns={resistor_id}) -> org.hibernate.loader.plan.build.internal.returns.EntityReturnImpl@71e35c4
17:39:43.984 [main] TRACE org.hibernate.loader.plan.build.internal.AbstractLoadPlanBuildingAssociationVisitationStrategy - >> Starting entity identifier : com.soft.entity.ResistorEntity
17:39:43.984 [main] DEBUG org.hibernate.persister.walking.spi.MetamodelGraphWalker - Visiting attribute path : category
17:39:43.984 [main] TRACE org.hibernate.loader.plan.build.internal.AbstractLoadPlanBuildingAssociationVisitationStrategy - >> Starting attribute Attribute(name=category, type=integer [non-identifier])
17:39:43.984 [main] TRACE org.hibernate.loader.plan.build.internal.AbstractLoadPlanBuildingAssociationVisitationStrategy - << Finishing up attribute : Attribute(name=category, type=integer [non-identifier])
17:39:43.984 [main] DEBUG org.hibernate.persister.walking.spi.MetamodelGraphWalker - Visiting attribute path : description
17:39:43.984 [main] TRACE org.hibernate.loader.plan.build.internal.AbstractLoadPlanBuildingAssociationVisitationStrategy - >> Starting attribute Attribute(name=description, type=string [non-identifier])
17:39:43.984 [main] TRACE org.hibernate.loader.plan.build.internal.AbstractLoadPlanBuildingAssociationVisitationStrategy - << Finishing up attribute : Attribute(name=description, type=string [non-identifier])
17:39:43.984 [main] DEBUG org.hibernate.persister.walking.spi.MetamodelGraphWalker - Visiting attribute path : name
17:39:43.984 [main] TRACE org.hibernate.loader.plan.build.internal.AbstractLoadPlanBuildingAssociationVisitationStrategy - >> Starting attribute Attribute(name=name, type=string [non-identifier])
17:39:43.984 [main] TRACE org.hibernate.loader.plan.build.internal.AbstractLoadPlanBuildingAssociationVisitationStrategy - << Finishing up attribute : Attribute(name=name, type=string [non-identifier])
17:39:43.984 [main] DEBUG org.hibernate.persister.walking.spi.MetamodelGraphWalker - Visiting attribute path : nominal
17:39:43.984 [main] TRACE org.hibernate.loader.plan.build.internal.AbstractLoadPlanBuildingAssociationVisitationStrategy - >> Starting attribute Attribute(name=nominal, type=double [non-identifier])
17:39:43.984 [main] TRACE org.hibernate.loader.plan.build.internal.AbstractLoadPlanBuildingAssociationVisitationStrategy - << Finishing up attribute : Attribute(name=nominal, type=double [non-identifier])
17:39:43.984 [main] DEBUG org.hibernate.persister.walking.spi.MetamodelGraphWalker - Visiting attribute path : nominalUnit
17:39:43.984 [main] TRACE org.hibernate.loader.plan.build.internal.AbstractLoadPlanBuildingAssociationVisitationStrategy - >> Starting attribute Attribute(name=nominalUnit, type=integer [non-identifier])
17:39:43.984 [main] TRACE org.hibernate.loader.plan.build.internal.AbstractLoadPlanBuildingAssociationVisitationStrategy - << Finishing up attribute : Attribute(name=nominalUnit, type=integer [non-identifier])
17:39:43.984 [main] DEBUG org.hibernate.persister.walking.spi.MetamodelGraphWalker - Visiting attribute path : photo
17:39:43.984 [main] TRACE org.hibernate.loader.plan.build.internal.AbstractLoadPlanBuildingAssociationVisitationStrategy - >> Starting attribute Attribute(name=photo, type=binary [non-identifier])
17:39:43.984 [main] TRACE org.hibernate.loader.plan.build.internal.AbstractLoadPlanBuildingAssociationVisitationStrategy - << Finishing up attribute : Attribute(name=photo, type=binary [non-identifier])
17:39:43.984 [main] DEBUG org.hibernate.persister.walking.spi.MetamodelGraphWalker - Visiting attribute path : power
17:39:43.984 [main] TRACE org.hibernate.loader.plan.build.internal.AbstractLoadPlanBuildingAssociationVisitationStrategy - >> Starting attribute Attribute(name=power, type=double [non-identifier])
17:39:43.984 [main] TRACE org.hibernate.loader.plan.build.internal.AbstractLoadPlanBuildingAssociationVisitationStrategy - << Finishing up attribute : Attribute(name=power, type=double [non-identifier])
17:39:43.984 [main] DEBUG org.hibernate.persister.walking.spi.MetamodelGraphWalker - Visiting attribute path : powerUnit
17:39:43.984 [main] TRACE org.hibernate.loader.plan.build.internal.AbstractLoadPlanBuildingAssociationVisitationStrategy - >> Starting attribute Attribute(name=powerUnit, type=integer [non-identifier])
17:39:43.984 [main] TRACE org.hibernate.loader.plan.build.internal.AbstractLoadPlanBuildingAssociationVisitationStrategy - << Finishing up attribute : Attribute(name=powerUnit, type=integer [non-identifier])
17:39:43.984 [main] DEBUG org.hibernate.persister.walking.spi.MetamodelGraphWalker - Visiting attribute path : price
17:39:43.984 [main] TRACE org.hibernate.loader.plan.build.internal.AbstractLoadPlanBuildingAssociationVisitationStrategy - >> Starting attribute Attribute(name=price, type=double [non-identifier])
17:39:43.984 [main] TRACE org.hibernate.loader.plan.build.internal.AbstractLoadPlanBuildingAssociationVisitationStrategy - << Finishing up attribute : Attribute(name=price, type=double [non-identifier])
17:39:43.984 [main] DEBUG org.hibernate.persister.walking.spi.MetamodelGraphWalker - Visiting attribute path : producer
17:39:43.984 [main] TRACE org.hibernate.loader.plan.build.internal.AbstractLoadPlanBuildingAssociationVisitationStrategy - >> Starting attribute Attribute(name=producer, type=integer [non-identifier])
17:39:43.984 [main] TRACE org.hibernate.loader.plan.build.internal.AbstractLoadPlanBuildingAssociationVisitationStrategy - << Finishing up attribute : Attribute(name=producer, type=integer [non-identifier])
17:39:43.984 [main] DEBUG org.hibernate.persister.walking.spi.MetamodelGraphWalker - Visiting attribute path : quantity
17:39:43.984 [main] TRACE org.hibernate.loader.plan.build.internal.AbstractLoadPlanBuildingAssociationVisitationStrategy - >> Starting attribute Attribute(name=quantity, type=integer [non-identifier])
17:39:43.984 [main] TRACE org.hibernate.loader.plan.build.internal.AbstractLoadPlanBuildingAssociationVisitationStrategy - << Finishing up attribute : Attribute(name=quantity, type=integer [non-identifier])
17:39:43.984 [main] DEBUG org.hibernate.persister.walking.spi.MetamodelGraphWalker - Visiting attribute path : rPackage
17:39:43.984 [main] TRACE org.hibernate.loader.plan.build.internal.AbstractLoadPlanBuildingAssociationVisitationStrategy - >> Starting attribute Attribute(name=rPackage, type=integer [non-identifier])
17:39:43.984 [main] TRACE org.hibernate.loader.plan.build.internal.AbstractLoadPlanBuildingAssociationVisitationStrategy - << Finishing up attribute : Attribute(name=rPackage, type=integer [non-identifier])
17:39:43.984 [main] DEBUG org.hibernate.persister.walking.spi.MetamodelGraphWalker - Visiting attribute path : rPrecision
17:39:43.984 [main] TRACE org.hibernate.loader.plan.build.internal.AbstractLoadPlanBuildingAssociationVisitationStrategy - >> Starting attribute Attribute(name=rPrecision, type=double [non-identifier])
17:39:43.984 [main] TRACE org.hibernate.loader.plan.build.internal.AbstractLoadPlanBuildingAssociationVisitationStrategy - << Finishing up attribute : Attribute(name=rPrecision, type=double [non-identifier])
17:39:43.984 [main] TRACE org.hibernate.loader.plan.build.internal.AbstractLoadPlanBuildingAssociationVisitationStrategy - Popped fetch owner from stack : org.hibernate.loader.plan.build.internal.returns.EntityReturnImpl@71e35c4
17:39:43.985 [main] TRACE org.hibernate.loader.plan.build.internal.AbstractLoadPlanBuildingAssociationVisitationStrategy -  Finished root entity : com.soft.entity.ResistorEntity
17:39:43.985 [main] DEBUG org.hibernate.loader.plan.build.internal.FetchStyleLoadPlanBuildingAssociationVisitationStrategy - Building LoadPlan...
17:39:43.985 [main] DEBUG org.hibernate.loader.plan.exec.internal.LoadQueryJoinAndFetchProcessor - processing queryspace <gen:0>
17:39:43.985 [main] DEBUG org.hibernate.loader.plan.build.spi.LoadPlanTreePrinter - LoadPlan(entity=com.soft.entity.ResistorEntity)
    - Returns
       - EntityReturnImpl(entity=com.soft.entity.ResistorEntity, querySpaceUid=<gen:0>, path=com.soft.entity.ResistorEntity)
    - QuerySpaces
       - EntityQuerySpaceImpl(uid=<gen:0>, entity=com.soft.entity.ResistorEntity)
          - SQL table alias mapping - resistoren0_
          - alias suffix - 0_
          - suffixed key columns - {resistor1_3_0_}

17:39:43.985 [main] DEBUG org.hibernate.loader.entity.plan.EntityLoader - Static select for entity com.soft.entity.ResistorEntity [PESSIMISTIC_FORCE_INCREMENT]: select resistoren0_.resistor_id as resistor1_3_0_, resistoren0_.category as category2_3_0_, resistoren0_.description as descript3_3_0_, resistoren0_.name as name4_3_0_, resistoren0_.nominal as nominal5_3_0_, resistoren0_.nominal_unit as nominal_6_3_0_, resistoren0_.photo as photo7_3_0_, resistoren0_.power as power8_3_0_, resistoren0_.power_unit as power_un9_3_0_, resistoren0_.price as price10_3_0_, resistoren0_.producer as produce11_3_0_, resistoren0_.quantity as quantit12_3_0_, resistoren0_.package as package13_3_0_, resistoren0_.r_precision as r_preci14_3_0_ from resistor resistoren0_ where resistoren0_.resistor_id=? for update
17:39:43.985 [main] TRACE org.hibernate.loader.plan.build.internal.AbstractLoadPlanBuildingAssociationVisitationStrategy -  Starting root entity : com.soft.entity.ResistorEntity
17:39:43.985 [main] DEBUG org.hibernate.loader.plan.build.internal.spaces.QuerySpacesImpl - Adding QuerySpace : uid = <gen:0> -> org.hibernate.loader.plan.build.internal.spaces.EntityQuerySpaceImpl@22a10ac6]
17:39:43.985 [main] TRACE org.hibernate.loader.plan.build.internal.AbstractLoadPlanBuildingAssociationVisitationStrategy - Pushing fetch source to stack : org.hibernate.loader.plan.build.internal.returns.EntityReturnImpl@12fe1f28
17:39:43.985 [main] TRACE org.hibernate.loader.plan.build.internal.AbstractLoadPlanBuildingAssociationVisitationStrategy - .. Registering AssociationKey : AssociationKey(table=resistor, columns={resistor_id}) -> org.hibernate.loader.plan.build.internal.returns.EntityReturnImpl@12fe1f28
17:39:43.985 [main] TRACE org.hibernate.loader.plan.build.internal.AbstractLoadPlanBuildingAssociationVisitationStrategy - >> Starting entity identifier : com.soft.entity.ResistorEntity
17:39:43.985 [main] DEBUG org.hibernate.persister.walking.spi.MetamodelGraphWalker - Visiting attribute path : category
17:39:43.986 [main] TRACE org.hibernate.loader.plan.build.internal.AbstractLoadPlanBuildingAssociationVisitationStrategy - >> Starting attribute Attribute(name=category, type=integer [non-identifier])
17:39:43.986 [main] TRACE org.hibernate.loader.plan.build.internal.AbstractLoadPlanBuildingAssociationVisitationStrategy - << Finishing up attribute : Attribute(name=category, type=integer [non-identifier])
17:39:43.986 [main] DEBUG org.hibernate.persister.walking.spi.MetamodelGraphWalker - Visiting attribute path : description
17:39:43.986 [main] TRACE org.hibernate.loader.plan.build.internal.AbstractLoadPlanBuildingAssociationVisitationStrategy - >> Starting attribute Attribute(name=description, type=string [non-identifier])
17:39:43.986 [main] TRACE org.hibernate.loader.plan.build.internal.AbstractLoadPlanBuildingAssociationVisitationStrategy - << Finishing up attribute : Attribute(name=description, type=string [non-identifier])
17:39:43.986 [main] DEBUG org.hibernate.persister.walking.spi.MetamodelGraphWalker - Visiting attribute path : name
17:39:43.986 [main] TRACE org.hibernate.loader.plan.build.internal.AbstractLoadPlanBuildingAssociationVisitationStrategy - >> Starting attribute Attribute(name=name, type=string [non-identifier])
17:39:43.986 [main] TRACE org.hibernate.loader.plan.build.internal.AbstractLoadPlanBuildingAssociationVisitationStrategy - << Finishing up attribute : Attribute(name=name, type=string [non-identifier])
17:39:43.986 [main] DEBUG org.hibernate.persister.walking.spi.MetamodelGraphWalker - Visiting attribute path : nominal
17:39:43.986 [main] TRACE org.hibernate.loader.plan.build.internal.AbstractLoadPlanBuildingAssociationVisitationStrategy - >> Starting attribute Attribute(name=nominal, type=double [non-identifier])
17:39:43.986 [main] TRACE org.hibernate.loader.plan.build.internal.AbstractLoadPlanBuildingAssociationVisitationStrategy - << Finishing up attribute : Attribute(name=nominal, type=double [non-identifier])
17:39:43.986 [main] DEBUG org.hibernate.persister.walking.spi.MetamodelGraphWalker - Visiting attribute path : nominalUnit
17:39:43.986 [main] TRACE org.hibernate.loader.plan.build.internal.AbstractLoadPlanBuildingAssociationVisitationStrategy - >> Starting attribute Attribute(name=nominalUnit, type=integer [non-identifier])
17:39:43.986 [main] TRACE org.hibernate.loader.plan.build.internal.AbstractLoadPlanBuildingAssociationVisitationStrategy - << Finishing up attribute : Attribute(name=nominalUnit, type=integer [non-identifier])
17:39:43.986 [main] DEBUG org.hibernate.persister.walking.spi.MetamodelGraphWalker - Visiting attribute path : photo
17:39:43.986 [main] TRACE org.hibernate.loader.plan.build.internal.AbstractLoadPlanBuildingAssociationVisitationStrategy - >> Starting attribute Attribute(name=photo, type=binary [non-identifier])
17:39:43.986 [main] TRACE org.hibernate.loader.plan.build.internal.AbstractLoadPlanBuildingAssociationVisitationStrategy - << Finishing up attribute : Attribute(name=photo, type=binary [non-identifier])
17:39:43.986 [main] DEBUG org.hibernate.persister.walking.spi.MetamodelGraphWalker - Visiting attribute path : power
17:39:43.986 [main] TRACE org.hibernate.loader.plan.build.internal.AbstractLoadPlanBuildingAssociationVisitationStrategy - >> Starting attribute Attribute(name=power, type=double [non-identifier])
17:39:43.986 [main] TRACE org.hibernate.loader.plan.build.internal.AbstractLoadPlanBuildingAssociationVisitationStrategy - << Finishing up attribute : Attribute(name=power, type=double [non-identifier])
17:39:43.986 [main] DEBUG org.hibernate.persister.walking.spi.MetamodelGraphWalker - Visiting attribute path : powerUnit
17:39:43.986 [main] TRACE org.hibernate.loader.plan.build.internal.AbstractLoadPlanBuildingAssociationVisitationStrategy - >> Starting attribute Attribute(name=powerUnit, type=integer [non-identifier])
17:39:43.986 [main] TRACE org.hibernate.loader.plan.build.internal.AbstractLoadPlanBuildingAssociationVisitationStrategy - << Finishing up attribute : Attribute(name=powerUnit, type=integer [non-identifier])
17:39:43.986 [main] DEBUG org.hibernate.persister.walking.spi.MetamodelGraphWalker - Visiting attribute path : price
17:39:43.986 [main] TRACE org.hibernate.loader.plan.build.internal.AbstractLoadPlanBuildingAssociationVisitationStrategy - >> Starting attribute Attribute(name=price, type=double [non-identifier])
17:39:43.986 [main] TRACE org.hibernate.loader.plan.build.internal.AbstractLoadPlanBuildingAssociationVisitationStrategy - << Finishing up attribute : Attribute(name=price, type=double [non-identifier])
17:39:43.986 [main] DEBUG org.hibernate.persister.walking.spi.MetamodelGraphWalker - Visiting attribute path : producer
17:39:43.986 [main] TRACE org.hibernate.loader.plan.build.internal.AbstractLoadPlanBuildingAssociationVisitationStrategy - >> Starting attribute Attribute(name=producer, type=integer [non-identifier])
17:39:43.986 [main] TRACE org.hibernate.loader.plan.build.internal.AbstractLoadPlanBuildingAssociationVisitationStrategy - << Finishing up attribute : Attribute(name=producer, type=integer [non-identifier])
17:39:43.986 [main] DEBUG org.hibernate.persister.walking.spi.MetamodelGraphWalker - Visiting attribute path : quantity
17:39:43.986 [main] TRACE org.hibernate.loader.plan.build.internal.AbstractLoadPlanBuildingAssociationVisitationStrategy - >> Starting attribute Attribute(name=quantity, type=integer [non-identifier])
17:39:43.986 [main] TRACE org.hibernate.loader.plan.build.internal.AbstractLoadPlanBuildingAssociationVisitationStrategy - << Finishing up attribute : Attribute(name=quantity, type=integer [non-identifier])
17:39:43.986 [main] DEBUG org.hibernate.persister.walking.spi.MetamodelGraphWalker - Visiting attribute path : rPackage
17:39:43.986 [main] TRACE org.hibernate.loader.plan.build.internal.AbstractLoadPlanBuildingAssociationVisitationStrategy - >> Starting attribute Attribute(name=rPackage, type=integer [non-identifier])
17:39:43.986 [main] TRACE org.hibernate.loader.plan.build.internal.AbstractLoadPlanBuildingAssociationVisitationStrategy - << Finishing up attribute : Attribute(name=rPackage, type=integer [non-identifier])
17:39:43.986 [main] DEBUG org.hibernate.persister.walking.spi.MetamodelGraphWalker - Visiting attribute path : rPrecision
17:39:43.986 [main] TRACE org.hibernate.loader.plan.build.internal.AbstractLoadPlanBuildingAssociationVisitationStrategy - >> Starting attribute Attribute(name=rPrecision, type=double [non-identifier])
17:39:43.986 [main] TRACE org.hibernate.loader.plan.build.internal.AbstractLoadPlanBuildingAssociationVisitationStrategy - << Finishing up attribute : Attribute(name=rPrecision, type=double [non-identifier])
17:39:43.986 [main] TRACE org.hibernate.loader.plan.build.internal.AbstractLoadPlanBuildingAssociationVisitationStrategy - Popped fetch owner from stack : org.hibernate.loader.plan.build.internal.returns.EntityReturnImpl@12fe1f28
17:39:43.986 [main] TRACE org.hibernate.loader.plan.build.internal.AbstractLoadPlanBuildingAssociationVisitationStrategy -  Finished root entity : com.soft.entity.ResistorEntity
17:39:43.986 [main] DEBUG org.hibernate.loader.plan.build.internal.FetchStyleLoadPlanBuildingAssociationVisitationStrategy - Building LoadPlan...
17:39:43.986 [main] DEBUG org.hibernate.loader.plan.exec.internal.LoadQueryJoinAndFetchProcessor - processing queryspace <gen:0>
17:39:43.987 [main] DEBUG org.hibernate.loader.plan.build.spi.LoadPlanTreePrinter - LoadPlan(entity=com.soft.entity.ResistorEntity)
    - Returns
       - EntityReturnImpl(entity=com.soft.entity.ResistorEntity, querySpaceUid=<gen:0>, path=com.soft.entity.ResistorEntity)
    - QuerySpaces
       - EntityQuerySpaceImpl(uid=<gen:0>, entity=com.soft.entity.ResistorEntity)
          - SQL table alias mapping - resistoren0_
          - alias suffix - 0_
          - suffixed key columns - {resistor1_3_0_}

17:39:43.987 [main] DEBUG org.hibernate.loader.entity.plan.EntityLoader - Static select for entity com.soft.entity.ResistorEntity [OPTIMISTIC]: select resistoren0_.resistor_id as resistor1_3_0_, resistoren0_.category as category2_3_0_, resistoren0_.description as descript3_3_0_, resistoren0_.name as name4_3_0_, resistoren0_.nominal as nominal5_3_0_, resistoren0_.nominal_unit as nominal_6_3_0_, resistoren0_.photo as photo7_3_0_, resistoren0_.power as power8_3_0_, resistoren0_.power_unit as power_un9_3_0_, resistoren0_.price as price10_3_0_, resistoren0_.producer as produce11_3_0_, resistoren0_.quantity as quantit12_3_0_, resistoren0_.package as package13_3_0_, resistoren0_.r_precision as r_preci14_3_0_ from resistor resistoren0_ where resistoren0_.resistor_id=?
17:39:43.987 [main] TRACE org.hibernate.loader.plan.build.internal.AbstractLoadPlanBuildingAssociationVisitationStrategy -  Starting root entity : com.soft.entity.ResistorEntity
17:39:43.987 [main] DEBUG org.hibernate.loader.plan.build.internal.spaces.QuerySpacesImpl - Adding QuerySpace : uid = <gen:0> -> org.hibernate.loader.plan.build.internal.spaces.EntityQuerySpaceImpl@503df2d0]
17:39:43.987 [main] TRACE org.hibernate.loader.plan.build.internal.AbstractLoadPlanBuildingAssociationVisitationStrategy - Pushing fetch source to stack : org.hibernate.loader.plan.build.internal.returns.EntityReturnImpl@26fb4d06
17:39:43.987 [main] TRACE org.hibernate.loader.plan.build.internal.AbstractLoadPlanBuildingAssociationVisitationStrategy - .. Registering AssociationKey : AssociationKey(table=resistor, columns={resistor_id}) -> org.hibernate.loader.plan.build.internal.returns.EntityReturnImpl@26fb4d06
17:39:43.987 [main] TRACE org.hibernate.loader.plan.build.internal.AbstractLoadPlanBuildingAssociationVisitationStrategy - >> Starting entity identifier : com.soft.entity.ResistorEntity
17:39:43.987 [main] DEBUG org.hibernate.persister.walking.spi.MetamodelGraphWalker - Visiting attribute path : category
17:39:43.987 [main] TRACE org.hibernate.loader.plan.build.internal.AbstractLoadPlanBuildingAssociationVisitationStrategy - >> Starting attribute Attribute(name=category, type=integer [non-identifier])
17:39:43.987 [main] TRACE org.hibernate.loader.plan.build.internal.AbstractLoadPlanBuildingAssociationVisitationStrategy - << Finishing up attribute : Attribute(name=category, type=integer [non-identifier])
17:39:43.987 [main] DEBUG org.hibernate.persister.walking.spi.MetamodelGraphWalker - Visiting attribute path : description
17:39:43.987 [main] TRACE org.hibernate.loader.plan.build.internal.AbstractLoadPlanBuildingAssociationVisitationStrategy - >> Starting attribute Attribute(name=description, type=string [non-identifier])
17:39:43.987 [main] TRACE org.hibernate.loader.plan.build.internal.AbstractLoadPlanBuildingAssociationVisitationStrategy - << Finishing up attribute : Attribute(name=description, type=string [non-identifier])
17:39:43.987 [main] DEBUG org.hibernate.persister.walking.spi.MetamodelGraphWalker - Visiting attribute path : name
17:39:43.987 [main] TRACE org.hibernate.loader.plan.build.internal.AbstractLoadPlanBuildingAssociationVisitationStrategy - >> Starting attribute Attribute(name=name, type=string [non-identifier])
17:39:43.987 [main] TRACE org.hibernate.loader.plan.build.internal.AbstractLoadPlanBuildingAssociationVisitationStrategy - << Finishing up attribute : Attribute(name=name, type=string [non-identifier])
17:39:43.987 [main] DEBUG org.hibernate.persister.walking.spi.MetamodelGraphWalker - Visiting attribute path : nominal
17:39:43.987 [main] TRACE org.hibernate.loader.plan.build.internal.AbstractLoadPlanBuildingAssociationVisitationStrategy - >> Starting attribute Attribute(name=nominal, type=double [non-identifier])
17:39:43.987 [main] TRACE org.hibernate.loader.plan.build.internal.AbstractLoadPlanBuildingAssociationVisitationStrategy - << Finishing up attribute : Attribute(name=nominal, type=double [non-identifier])
17:39:43.987 [main] DEBUG org.hibernate.persister.walking.spi.MetamodelGraphWalker - Visiting attribute path : nominalUnit
17:39:43.987 [main] TRACE org.hibernate.loader.plan.build.internal.AbstractLoadPlanBuildingAssociationVisitationStrategy - >> Starting attribute Attribute(name=nominalUnit, type=integer [non-identifier])
17:39:43.987 [main] TRACE org.hibernate.loader.plan.build.internal.AbstractLoadPlanBuildingAssociationVisitationStrategy - << Finishing up attribute : Attribute(name=nominalUnit, type=integer [non-identifier])
17:39:43.987 [main] DEBUG org.hibernate.persister.walking.spi.MetamodelGraphWalker - Visiting attribute path : photo
17:39:43.987 [main] TRACE org.hibernate.loader.plan.build.internal.AbstractLoadPlanBuildingAssociationVisitationStrategy - >> Starting attribute Attribute(name=photo, type=binary [non-identifier])
17:39:43.987 [main] TRACE org.hibernate.loader.plan.build.internal.AbstractLoadPlanBuildingAssociationVisitationStrategy - << Finishing up attribute : Attribute(name=photo, type=binary [non-identifier])
17:39:43.987 [main] DEBUG org.hibernate.persister.walking.spi.MetamodelGraphWalker - Visiting attribute path : power
17:39:43.987 [main] TRACE org.hibernate.loader.plan.build.internal.AbstractLoadPlanBuildingAssociationVisitationStrategy - >> Starting attribute Attribute(name=power, type=double [non-identifier])
17:39:43.987 [main] TRACE org.hibernate.loader.plan.build.internal.AbstractLoadPlanBuildingAssociationVisitationStrategy - << Finishing up attribute : Attribute(name=power, type=double [non-identifier])
17:39:43.987 [main] DEBUG org.hibernate.persister.walking.spi.MetamodelGraphWalker - Visiting attribute path : powerUnit
17:39:43.987 [main] TRACE org.hibernate.loader.plan.build.internal.AbstractLoadPlanBuildingAssociationVisitationStrategy - >> Starting attribute Attribute(name=powerUnit, type=integer [non-identifier])
17:39:43.987 [main] TRACE org.hibernate.loader.plan.build.internal.AbstractLoadPlanBuildingAssociationVisitationStrategy - << Finishing up attribute : Attribute(name=powerUnit, type=integer [non-identifier])
17:39:43.987 [main] DEBUG org.hibernate.persister.walking.spi.MetamodelGraphWalker - Visiting attribute path : price
17:39:43.987 [main] TRACE org.hibernate.loader.plan.build.internal.AbstractLoadPlanBuildingAssociationVisitationStrategy - >> Starting attribute Attribute(name=price, type=double [non-identifier])
17:39:43.987 [main] TRACE org.hibernate.loader.plan.build.internal.AbstractLoadPlanBuildingAssociationVisitationStrategy - << Finishing up attribute : Attribute(name=price, type=double [non-identifier])
17:39:43.987 [main] DEBUG org.hibernate.persister.walking.spi.MetamodelGraphWalker - Visiting attribute path : producer
17:39:43.987 [main] TRACE org.hibernate.loader.plan.build.internal.AbstractLoadPlanBuildingAssociationVisitationStrategy - >> Starting attribute Attribute(name=producer, type=integer [non-identifier])
17:39:43.987 [main] TRACE org.hibernate.loader.plan.build.internal.AbstractLoadPlanBuildingAssociationVisitationStrategy - << Finishing up attribute : Attribute(name=producer, type=integer [non-identifier])
17:39:43.987 [main] DEBUG org.hibernate.persister.walking.spi.MetamodelGraphWalker - Visiting attribute path : quantity
17:39:43.987 [main] TRACE org.hibernate.loader.plan.build.internal.AbstractLoadPlanBuildingAssociationVisitationStrategy - >> Starting attribute Attribute(name=quantity, type=integer [non-identifier])
17:39:43.987 [main] TRACE org.hibernate.loader.plan.build.internal.AbstractLoadPlanBuildingAssociationVisitationStrategy - << Finishing up attribute : Attribute(name=quantity, type=integer [non-identifier])
17:39:43.987 [main] DEBUG org.hibernate.persister.walking.spi.MetamodelGraphWalker - Visiting attribute path : rPackage
17:39:43.987 [main] TRACE org.hibernate.loader.plan.build.internal.AbstractLoadPlanBuildingAssociationVisitationStrategy - >> Starting attribute Attribute(name=rPackage, type=integer [non-identifier])
17:39:43.987 [main] TRACE org.hibernate.loader.plan.build.internal.AbstractLoadPlanBuildingAssociationVisitationStrategy - << Finishing up attribute : Attribute(name=rPackage, type=integer [non-identifier])
17:39:43.987 [main] DEBUG org.hibernate.persister.walking.spi.MetamodelGraphWalker - Visiting attribute path : rPrecision
17:39:43.987 [main] TRACE org.hibernate.loader.plan.build.internal.AbstractLoadPlanBuildingAssociationVisitationStrategy - >> Starting attribute Attribute(name=rPrecision, type=double [non-identifier])
17:39:43.987 [main] TRACE org.hibernate.loader.plan.build.internal.AbstractLoadPlanBuildingAssociationVisitationStrategy - << Finishing up attribute : Attribute(name=rPrecision, type=double [non-identifier])
17:39:43.987 [main] TRACE org.hibernate.loader.plan.build.internal.AbstractLoadPlanBuildingAssociationVisitationStrategy - Popped fetch owner from stack : org.hibernate.loader.plan.build.internal.returns.EntityReturnImpl@26fb4d06
17:39:43.987 [main] TRACE org.hibernate.loader.plan.build.internal.AbstractLoadPlanBuildingAssociationVisitationStrategy -  Finished root entity : com.soft.entity.ResistorEntity
17:39:43.987 [main] DEBUG org.hibernate.loader.plan.build.internal.FetchStyleLoadPlanBuildingAssociationVisitationStrategy - Building LoadPlan...
17:39:43.988 [main] DEBUG org.hibernate.loader.plan.exec.internal.LoadQueryJoinAndFetchProcessor - processing queryspace <gen:0>
17:39:43.988 [main] DEBUG org.hibernate.loader.plan.build.spi.LoadPlanTreePrinter - LoadPlan(entity=com.soft.entity.ResistorEntity)
    - Returns
       - EntityReturnImpl(entity=com.soft.entity.ResistorEntity, querySpaceUid=<gen:0>, path=com.soft.entity.ResistorEntity)
    - QuerySpaces
       - EntityQuerySpaceImpl(uid=<gen:0>, entity=com.soft.entity.ResistorEntity)
          - SQL table alias mapping - resistoren0_
          - alias suffix - 0_
          - suffixed key columns - {resistor1_3_0_}

17:39:43.988 [main] DEBUG org.hibernate.loader.entity.plan.EntityLoader - Static select for entity com.soft.entity.ResistorEntity [OPTIMISTIC_FORCE_INCREMENT]: select resistoren0_.resistor_id as resistor1_3_0_, resistoren0_.category as category2_3_0_, resistoren0_.description as descript3_3_0_, resistoren0_.name as name4_3_0_, resistoren0_.nominal as nominal5_3_0_, resistoren0_.nominal_unit as nominal_6_3_0_, resistoren0_.photo as photo7_3_0_, resistoren0_.power as power8_3_0_, resistoren0_.power_unit as power_un9_3_0_, resistoren0_.price as price10_3_0_, resistoren0_.producer as produce11_3_0_, resistoren0_.quantity as quantit12_3_0_, resistoren0_.package as package13_3_0_, resistoren0_.r_precision as r_preci14_3_0_ from resistor resistoren0_ where resistoren0_.resistor_id=?
17:39:43.997 [main] DEBUG org.hibernate.loader.Loader - Static select for action ACTION_MERGE on entity com.soft.entity.ResistorEntity: select resistoren0_.resistor_id as resistor1_3_0_, resistoren0_.category as category2_3_0_, resistoren0_.description as descript3_3_0_, resistoren0_.name as name4_3_0_, resistoren0_.nominal as nominal5_3_0_, resistoren0_.nominal_unit as nominal_6_3_0_, resistoren0_.photo as photo7_3_0_, resistoren0_.power as power8_3_0_, resistoren0_.power_unit as power_un9_3_0_, resistoren0_.price as price10_3_0_, resistoren0_.producer as produce11_3_0_, resistoren0_.quantity as quantit12_3_0_, resistoren0_.package as package13_3_0_, resistoren0_.r_precision as r_preci14_3_0_ from resistor resistoren0_ where resistoren0_.resistor_id=?
17:39:43.997 [main] DEBUG org.hibernate.loader.Loader - Static select for action ACTION_REFRESH on entity com.soft.entity.ResistorEntity: select resistoren0_.resistor_id as resistor1_3_0_, resistoren0_.category as category2_3_0_, resistoren0_.description as descript3_3_0_, resistoren0_.name as name4_3_0_, resistoren0_.nominal as nominal5_3_0_, resistoren0_.nominal_unit as nominal_6_3_0_, resistoren0_.photo as photo7_3_0_, resistoren0_.power as power8_3_0_, resistoren0_.power_unit as power_un9_3_0_, resistoren0_.price as price10_3_0_, resistoren0_.producer as produce11_3_0_, resistoren0_.quantity as quantit12_3_0_, resistoren0_.package as package13_3_0_, resistoren0_.r_precision as r_preci14_3_0_ from resistor resistoren0_ where resistoren0_.resistor_id=?
17:39:43.997 [main] DEBUG org.hibernate.persister.entity.AbstractEntityPersister - Static SQL for entity: com.soft.entity.ProducerEntity
17:39:43.997 [main] DEBUG org.hibernate.persister.entity.AbstractEntityPersister -  Version select: select producer_id from producer where producer_id =?
17:39:44.000 [main] DEBUG org.hibernate.persister.entity.AbstractEntityPersister -  Snapshot select: select produceren_.producer_id, produceren_.producer_category as producer2_2_, produceren_.producer_name as producer3_2_ from producer produceren_ where produceren_.producer_id=?
17:39:44.000 [main] DEBUG org.hibernate.persister.entity.AbstractEntityPersister -  Insert 0: insert into producer (producer_category, producer_name, producer_id) values (?, ?, ?)
17:39:44.000 [main] DEBUG org.hibernate.persister.entity.AbstractEntityPersister -  Update 0: update producer set producer_category=?, producer_name=? where producer_id=?
17:39:44.000 [main] DEBUG org.hibernate.persister.entity.AbstractEntityPersister -  Delete 0: delete from producer where producer_id=?
17:39:44.000 [main] TRACE org.hibernate.loader.plan.build.internal.AbstractLoadPlanBuildingAssociationVisitationStrategy -  Starting root entity : com.soft.entity.ProducerEntity
17:39:44.000 [main] DEBUG org.hibernate.loader.plan.build.internal.spaces.QuerySpacesImpl - Adding QuerySpace : uid = <gen:0> -> org.hibernate.loader.plan.build.internal.spaces.EntityQuerySpaceImpl@53a7a60c]
17:39:44.000 [main] TRACE org.hibernate.loader.plan.build.internal.AbstractLoadPlanBuildingAssociationVisitationStrategy - Pushing fetch source to stack : org.hibernate.loader.plan.build.internal.returns.EntityReturnImpl@28bdbe88
17:39:44.000 [main] TRACE org.hibernate.loader.plan.build.internal.AbstractLoadPlanBuildingAssociationVisitationStrategy - .. Registering AssociationKey : AssociationKey(table=producer, columns={producer_id}) -> org.hibernate.loader.plan.build.internal.returns.EntityReturnImpl@28bdbe88
17:39:44.001 [main] TRACE org.hibernate.loader.plan.build.internal.AbstractLoadPlanBuildingAssociationVisitationStrategy - >> Starting entity identifier : com.soft.entity.ProducerEntity
17:39:44.001 [main] DEBUG org.hibernate.persister.walking.spi.MetamodelGraphWalker - Visiting attribute path : producerCategory
17:39:44.001 [main] TRACE org.hibernate.loader.plan.build.internal.AbstractLoadPlanBuildingAssociationVisitationStrategy - >> Starting attribute Attribute(name=producerCategory, type=integer [non-identifier])
17:39:44.001 [main] TRACE org.hibernate.loader.plan.build.internal.AbstractLoadPlanBuildingAssociationVisitationStrategy - << Finishing up attribute : Attribute(name=producerCategory, type=integer [non-identifier])
17:39:44.001 [main] DEBUG org.hibernate.persister.walking.spi.MetamodelGraphWalker - Visiting attribute path : producerName
17:39:44.001 [main] TRACE org.hibernate.loader.plan.build.internal.AbstractLoadPlanBuildingAssociationVisitationStrategy - >> Starting attribute Attribute(name=producerName, type=string [non-identifier])
17:39:44.001 [main] TRACE org.hibernate.loader.plan.build.internal.AbstractLoadPlanBuildingAssociationVisitationStrategy - << Finishing up attribute : Attribute(name=producerName, type=string [non-identifier])
17:39:44.001 [main] TRACE org.hibernate.loader.plan.build.internal.AbstractLoadPlanBuildingAssociationVisitationStrategy - Popped fetch owner from stack : org.hibernate.loader.plan.build.internal.returns.EntityReturnImpl@28bdbe88
17:39:44.001 [main] TRACE org.hibernate.loader.plan.build.internal.AbstractLoadPlanBuildingAssociationVisitationStrategy -  Finished root entity : com.soft.entity.ProducerEntity
17:39:44.001 [main] DEBUG org.hibernate.loader.plan.build.internal.FetchStyleLoadPlanBuildingAssociationVisitationStrategy - Building LoadPlan...
17:39:44.001 [main] DEBUG org.hibernate.loader.plan.exec.internal.LoadQueryJoinAndFetchProcessor - processing queryspace <gen:0>
17:39:44.001 [main] DEBUG org.hibernate.loader.plan.build.spi.LoadPlanTreePrinter - LoadPlan(entity=com.soft.entity.ProducerEntity)
    - Returns
       - EntityReturnImpl(entity=com.soft.entity.ProducerEntity, querySpaceUid=<gen:0>, path=com.soft.entity.ProducerEntity)
    - QuerySpaces
       - EntityQuerySpaceImpl(uid=<gen:0>, entity=com.soft.entity.ProducerEntity)
          - SQL table alias mapping - produceren0_
          - alias suffix - 0_
          - suffixed key columns - {producer1_2_0_}

17:39:44.001 [main] DEBUG org.hibernate.loader.entity.plan.EntityLoader - Static select for entity com.soft.entity.ProducerEntity [NONE]: select produceren0_.producer_id as producer1_2_0_, produceren0_.producer_category as producer2_2_0_, produceren0_.producer_name as producer3_2_0_ from producer produceren0_ where produceren0_.producer_id=?
17:39:44.001 [main] TRACE org.hibernate.loader.plan.build.internal.AbstractLoadPlanBuildingAssociationVisitationStrategy -  Starting root entity : com.soft.entity.ProducerEntity
17:39:44.001 [main] DEBUG org.hibernate.loader.plan.build.internal.spaces.QuerySpacesImpl - Adding QuerySpace : uid = <gen:0> -> org.hibernate.loader.plan.build.internal.spaces.EntityQuerySpaceImpl@6a87026]
17:39:44.001 [main] TRACE org.hibernate.loader.plan.build.internal.AbstractLoadPlanBuildingAssociationVisitationStrategy - Pushing fetch source to stack : org.hibernate.loader.plan.build.internal.returns.EntityReturnImpl@ef60710
17:39:44.001 [main] TRACE org.hibernate.loader.plan.build.internal.AbstractLoadPlanBuildingAssociationVisitationStrategy - .. Registering AssociationKey : AssociationKey(table=producer, columns={producer_id}) -> org.hibernate.loader.plan.build.internal.returns.EntityReturnImpl@ef60710
17:39:44.002 [main] TRACE org.hibernate.loader.plan.build.internal.AbstractLoadPlanBuildingAssociationVisitationStrategy - >> Starting entity identifier : com.soft.entity.ProducerEntity
17:39:44.002 [main] DEBUG org.hibernate.persister.walking.spi.MetamodelGraphWalker - Visiting attribute path : producerCategory
17:39:44.002 [main] TRACE org.hibernate.loader.plan.build.internal.AbstractLoadPlanBuildingAssociationVisitationStrategy - >> Starting attribute Attribute(name=producerCategory, type=integer [non-identifier])
17:39:44.002 [main] TRACE org.hibernate.loader.plan.build.internal.AbstractLoadPlanBuildingAssociationVisitationStrategy - << Finishing up attribute : Attribute(name=producerCategory, type=integer [non-identifier])
17:39:44.002 [main] DEBUG org.hibernate.persister.walking.spi.MetamodelGraphWalker - Visiting attribute path : producerName
17:39:44.002 [main] TRACE org.hibernate.loader.plan.build.internal.AbstractLoadPlanBuildingAssociationVisitationStrategy - >> Starting attribute Attribute(name=producerName, type=string [non-identifier])
17:39:44.002 [main] TRACE org.hibernate.loader.plan.build.internal.AbstractLoadPlanBuildingAssociationVisitationStrategy - << Finishing up attribute : Attribute(name=producerName, type=string [non-identifier])
17:39:44.002 [main] TRACE org.hibernate.loader.plan.build.internal.AbstractLoadPlanBuildingAssociationVisitationStrategy - Popped fetch owner from stack : org.hibernate.loader.plan.build.internal.returns.EntityReturnImpl@ef60710
17:39:44.002 [main] TRACE org.hibernate.loader.plan.build.internal.AbstractLoadPlanBuildingAssociationVisitationStrategy -  Finished root entity : com.soft.entity.ProducerEntity
17:39:44.002 [main] DEBUG org.hibernate.loader.plan.build.internal.FetchStyleLoadPlanBuildingAssociationVisitationStrategy - Building LoadPlan...
17:39:44.002 [main] DEBUG org.hibernate.loader.plan.exec.internal.LoadQueryJoinAndFetchProcessor - processing queryspace <gen:0>
17:39:44.002 [main] DEBUG org.hibernate.loader.plan.build.spi.LoadPlanTreePrinter - LoadPlan(entity=com.soft.entity.ProducerEntity)
    - Returns
       - EntityReturnImpl(entity=com.soft.entity.ProducerEntity, querySpaceUid=<gen:0>, path=com.soft.entity.ProducerEntity)
    - QuerySpaces
       - EntityQuerySpaceImpl(uid=<gen:0>, entity=com.soft.entity.ProducerEntity)
          - SQL table alias mapping - produceren0_
          - alias suffix - 0_
          - suffixed key columns - {producer1_2_0_}

17:39:44.002 [main] DEBUG org.hibernate.loader.entity.plan.EntityLoader - Static select for entity com.soft.entity.ProducerEntity [READ]: select produceren0_.producer_id as producer1_2_0_, produceren0_.producer_category as producer2_2_0_, produceren0_.producer_name as producer3_2_0_ from producer produceren0_ where produceren0_.producer_id=?
17:39:44.002 [main] TRACE org.hibernate.loader.plan.build.internal.AbstractLoadPlanBuildingAssociationVisitationStrategy -  Starting root entity : com.soft.entity.ProducerEntity
17:39:44.002 [main] DEBUG org.hibernate.loader.plan.build.internal.spaces.QuerySpacesImpl - Adding QuerySpace : uid = <gen:0> -> org.hibernate.loader.plan.build.internal.spaces.EntityQuerySpaceImpl@600f5704]
17:39:44.002 [main] TRACE org.hibernate.loader.plan.build.internal.AbstractLoadPlanBuildingAssociationVisitationStrategy - Pushing fetch source to stack : org.hibernate.loader.plan.build.internal.returns.EntityReturnImpl@2503ec73
17:39:44.002 [main] TRACE org.hibernate.loader.plan.build.internal.AbstractLoadPlanBuildingAssociationVisitationStrategy - .. Registering AssociationKey : AssociationKey(table=producer, columns={producer_id}) -> org.hibernate.loader.plan.build.internal.returns.EntityReturnImpl@2503ec73
17:39:44.002 [main] TRACE org.hibernate.loader.plan.build.internal.AbstractLoadPlanBuildingAssociationVisitationStrategy - >> Starting entity identifier : com.soft.entity.ProducerEntity
17:39:44.002 [main] DEBUG org.hibernate.persister.walking.spi.MetamodelGraphWalker - Visiting attribute path : producerCategory
17:39:44.003 [main] TRACE org.hibernate.loader.plan.build.internal.AbstractLoadPlanBuildingAssociationVisitationStrategy - >> Starting attribute Attribute(name=producerCategory, type=integer [non-identifier])
17:39:44.003 [main] TRACE org.hibernate.loader.plan.build.internal.AbstractLoadPlanBuildingAssociationVisitationStrategy - << Finishing up attribute : Attribute(name=producerCategory, type=integer [non-identifier])
17:39:44.003 [main] DEBUG org.hibernate.persister.walking.spi.MetamodelGraphWalker - Visiting attribute path : producerName
17:39:44.003 [main] TRACE org.hibernate.loader.plan.build.internal.AbstractLoadPlanBuildingAssociationVisitationStrategy - >> Starting attribute Attribute(name=producerName, type=string [non-identifier])
17:39:44.003 [main] TRACE org.hibernate.loader.plan.build.internal.AbstractLoadPlanBuildingAssociationVisitationStrategy - << Finishing up attribute : Attribute(name=producerName, type=string [non-identifier])
17:39:44.003 [main] TRACE org.hibernate.loader.plan.build.internal.AbstractLoadPlanBuildingAssociationVisitationStrategy - Popped fetch owner from stack : org.hibernate.loader.plan.build.internal.returns.EntityReturnImpl@2503ec73
17:39:44.003 [main] TRACE org.hibernate.loader.plan.build.internal.AbstractLoadPlanBuildingAssociationVisitationStrategy -  Finished root entity : com.soft.entity.ProducerEntity
17:39:44.003 [main] DEBUG org.hibernate.loader.plan.build.internal.FetchStyleLoadPlanBuildingAssociationVisitationStrategy - Building LoadPlan...
17:39:44.003 [main] DEBUG org.hibernate.loader.plan.exec.internal.LoadQueryJoinAndFetchProcessor - processing queryspace <gen:0>
17:39:44.003 [main] DEBUG org.hibernate.loader.plan.build.spi.LoadPlanTreePrinter - LoadPlan(entity=com.soft.entity.ProducerEntity)
    - Returns
       - EntityReturnImpl(entity=com.soft.entity.ProducerEntity, querySpaceUid=<gen:0>, path=com.soft.entity.ProducerEntity)
    - QuerySpaces
       - EntityQuerySpaceImpl(uid=<gen:0>, entity=com.soft.entity.ProducerEntity)
          - SQL table alias mapping - produceren0_
          - alias suffix - 0_
          - suffixed key columns - {producer1_2_0_}

17:39:44.003 [main] DEBUG org.hibernate.loader.entity.plan.EntityLoader - Static select for entity com.soft.entity.ProducerEntity [UPGRADE]: select produceren0_.producer_id as producer1_2_0_, produceren0_.producer_category as producer2_2_0_, produceren0_.producer_name as producer3_2_0_ from producer produceren0_ where produceren0_.producer_id=? for update
17:39:44.003 [main] TRACE org.hibernate.loader.plan.build.internal.AbstractLoadPlanBuildingAssociationVisitationStrategy -  Starting root entity : com.soft.entity.ProducerEntity
17:39:44.003 [main] DEBUG org.hibernate.loader.plan.build.internal.spaces.QuerySpacesImpl - Adding QuerySpace : uid = <gen:0> -> org.hibernate.loader.plan.build.internal.spaces.EntityQuerySpaceImpl@606f81b5]
17:39:44.003 [main] TRACE org.hibernate.loader.plan.build.internal.AbstractLoadPlanBuildingAssociationVisitationStrategy - Pushing fetch source to stack : org.hibernate.loader.plan.build.internal.returns.EntityReturnImpl@5e1fc42f
17:39:44.003 [main] TRACE org.hibernate.loader.plan.build.internal.AbstractLoadPlanBuildingAssociationVisitationStrategy - .. Registering AssociationKey : AssociationKey(table=producer, columns={producer_id}) -> org.hibernate.loader.plan.build.internal.returns.EntityReturnImpl@5e1fc42f
17:39:44.003 [main] TRACE org.hibernate.loader.plan.build.internal.AbstractLoadPlanBuildingAssociationVisitationStrategy - >> Starting entity identifier : com.soft.entity.ProducerEntity
17:39:44.003 [main] DEBUG org.hibernate.persister.walking.spi.MetamodelGraphWalker - Visiting attribute path : producerCategory
17:39:44.003 [main] TRACE org.hibernate.loader.plan.build.internal.AbstractLoadPlanBuildingAssociationVisitationStrategy - >> Starting attribute Attribute(name=producerCategory, type=integer [non-identifier])
17:39:44.003 [main] TRACE org.hibernate.loader.plan.build.internal.AbstractLoadPlanBuildingAssociationVisitationStrategy - << Finishing up attribute : Attribute(name=producerCategory, type=integer [non-identifier])
17:39:44.004 [main] DEBUG org.hibernate.persister.walking.spi.MetamodelGraphWalker - Visiting attribute path : producerName
17:39:44.004 [main] TRACE org.hibernate.loader.plan.build.internal.AbstractLoadPlanBuildingAssociationVisitationStrategy - >> Starting attribute Attribute(name=producerName, type=string [non-identifier])
17:39:44.004 [main] TRACE org.hibernate.loader.plan.build.internal.AbstractLoadPlanBuildingAssociationVisitationStrategy - << Finishing up attribute : Attribute(name=producerName, type=string [non-identifier])
17:39:44.004 [main] TRACE org.hibernate.loader.plan.build.internal.AbstractLoadPlanBuildingAssociationVisitationStrategy - Popped fetch owner from stack : org.hibernate.loader.plan.build.internal.returns.EntityReturnImpl@5e1fc42f
17:39:44.004 [main] TRACE org.hibernate.loader.plan.build.internal.AbstractLoadPlanBuildingAssociationVisitationStrategy -  Finished root entity : com.soft.entity.ProducerEntity
17:39:44.004 [main] DEBUG org.hibernate.loader.plan.build.internal.FetchStyleLoadPlanBuildingAssociationVisitationStrategy - Building LoadPlan...
17:39:44.004 [main] DEBUG org.hibernate.loader.plan.exec.internal.LoadQueryJoinAndFetchProcessor - processing queryspace <gen:0>
17:39:44.004 [main] DEBUG org.hibernate.loader.plan.build.spi.LoadPlanTreePrinter - LoadPlan(entity=com.soft.entity.ProducerEntity)
    - Returns
       - EntityReturnImpl(entity=com.soft.entity.ProducerEntity, querySpaceUid=<gen:0>, path=com.soft.entity.ProducerEntity)
    - QuerySpaces
       - EntityQuerySpaceImpl(uid=<gen:0>, entity=com.soft.entity.ProducerEntity)
          - SQL table alias mapping - produceren0_
          - alias suffix - 0_
          - suffixed key columns - {producer1_2_0_}

17:39:44.004 [main] DEBUG org.hibernate.loader.entity.plan.EntityLoader - Static select for entity com.soft.entity.ProducerEntity [UPGRADE_NOWAIT]: select produceren0_.producer_id as producer1_2_0_, produceren0_.producer_category as producer2_2_0_, produceren0_.producer_name as producer3_2_0_ from producer produceren0_ where produceren0_.producer_id=? for update
17:39:44.004 [main] TRACE org.hibernate.loader.plan.build.internal.AbstractLoadPlanBuildingAssociationVisitationStrategy -  Starting root entity : com.soft.entity.ProducerEntity
17:39:44.004 [main] DEBUG org.hibernate.loader.plan.build.internal.spaces.QuerySpacesImpl - Adding QuerySpace : uid = <gen:0> -> org.hibernate.loader.plan.build.internal.spaces.EntityQuerySpaceImpl@44b21f9f]
17:39:44.004 [main] TRACE org.hibernate.loader.plan.build.internal.AbstractLoadPlanBuildingAssociationVisitationStrategy - Pushing fetch source to stack : org.hibernate.loader.plan.build.internal.returns.EntityReturnImpl@7ee8130e
17:39:44.004 [main] TRACE org.hibernate.loader.plan.build.internal.AbstractLoadPlanBuildingAssociationVisitationStrategy - .. Registering AssociationKey : AssociationKey(table=producer, columns={producer_id}) -> org.hibernate.loader.plan.build.internal.returns.EntityReturnImpl@7ee8130e
17:39:44.004 [main] TRACE org.hibernate.loader.plan.build.internal.AbstractLoadPlanBuildingAssociationVisitationStrategy - >> Starting entity identifier : com.soft.entity.ProducerEntity
17:39:44.004 [main] DEBUG org.hibernate.persister.walking.spi.MetamodelGraphWalker - Visiting attribute path : producerCategory
17:39:44.004 [main] TRACE org.hibernate.loader.plan.build.internal.AbstractLoadPlanBuildingAssociationVisitationStrategy - >> Starting attribute Attribute(name=producerCategory, type=integer [non-identifier])
17:39:44.004 [main] TRACE org.hibernate.loader.plan.build.internal.AbstractLoadPlanBuildingAssociationVisitationStrategy - << Finishing up attribute : Attribute(name=producerCategory, type=integer [non-identifier])
17:39:44.004 [main] DEBUG org.hibernate.persister.walking.spi.MetamodelGraphWalker - Visiting attribute path : producerName
17:39:44.004 [main] TRACE org.hibernate.loader.plan.build.internal.AbstractLoadPlanBuildingAssociationVisitationStrategy - >> Starting attribute Attribute(name=producerName, type=string [non-identifier])
17:39:44.004 [main] TRACE org.hibernate.loader.plan.build.internal.AbstractLoadPlanBuildingAssociationVisitationStrategy - << Finishing up attribute : Attribute(name=producerName, type=string [non-identifier])
17:39:44.005 [main] TRACE org.hibernate.loader.plan.build.internal.AbstractLoadPlanBuildingAssociationVisitationStrategy - Popped fetch owner from stack : org.hibernate.loader.plan.build.internal.returns.EntityReturnImpl@7ee8130e
17:39:44.005 [main] TRACE org.hibernate.loader.plan.build.internal.AbstractLoadPlanBuildingAssociationVisitationStrategy -  Finished root entity : com.soft.entity.ProducerEntity
17:39:44.005 [main] DEBUG org.hibernate.loader.plan.build.internal.FetchStyleLoadPlanBuildingAssociationVisitationStrategy - Building LoadPlan...
17:39:44.005 [main] DEBUG org.hibernate.loader.plan.exec.internal.LoadQueryJoinAndFetchProcessor - processing queryspace <gen:0>
17:39:44.005 [main] DEBUG org.hibernate.loader.plan.build.spi.LoadPlanTreePrinter - LoadPlan(entity=com.soft.entity.ProducerEntity)
    - Returns
       - EntityReturnImpl(entity=com.soft.entity.ProducerEntity, querySpaceUid=<gen:0>, path=com.soft.entity.ProducerEntity)
    - QuerySpaces
       - EntityQuerySpaceImpl(uid=<gen:0>, entity=com.soft.entity.ProducerEntity)
          - SQL table alias mapping - produceren0_
          - alias suffix - 0_
          - suffixed key columns - {producer1_2_0_}

17:39:44.005 [main] DEBUG org.hibernate.loader.entity.plan.EntityLoader - Static select for entity com.soft.entity.ProducerEntity [UPGRADE_SKIPLOCKED]: select produceren0_.producer_id as producer1_2_0_, produceren0_.producer_category as producer2_2_0_, produceren0_.producer_name as producer3_2_0_ from producer produceren0_ where produceren0_.producer_id=? for update
17:39:44.005 [main] TRACE org.hibernate.loader.plan.build.internal.AbstractLoadPlanBuildingAssociationVisitationStrategy -  Starting root entity : com.soft.entity.ProducerEntity
17:39:44.005 [main] DEBUG org.hibernate.loader.plan.build.internal.spaces.QuerySpacesImpl - Adding QuerySpace : uid = <gen:0> -> org.hibernate.loader.plan.build.internal.spaces.EntityQuerySpaceImpl@6296474f]
17:39:44.005 [main] TRACE org.hibernate.loader.plan.build.internal.AbstractLoadPlanBuildingAssociationVisitationStrategy - Pushing fetch source to stack : org.hibernate.loader.plan.build.internal.returns.EntityReturnImpl@4288d98e
17:39:44.005 [main] TRACE org.hibernate.loader.plan.build.internal.AbstractLoadPlanBuildingAssociationVisitationStrategy - .. Registering AssociationKey : AssociationKey(table=producer, columns={producer_id}) -> org.hibernate.loader.plan.build.internal.returns.EntityReturnImpl@4288d98e
17:39:44.005 [main] TRACE org.hibernate.loader.plan.build.internal.AbstractLoadPlanBuildingAssociationVisitationStrategy - >> Starting entity identifier : com.soft.entity.ProducerEntity
17:39:44.005 [main] DEBUG org.hibernate.persister.walking.spi.MetamodelGraphWalker - Visiting attribute path : producerCategory
17:39:44.005 [main] TRACE org.hibernate.loader.plan.build.internal.AbstractLoadPlanBuildingAssociationVisitationStrategy - >> Starting attribute Attribute(name=producerCategory, type=integer [non-identifier])
17:39:44.005 [main] TRACE org.hibernate.loader.plan.build.internal.AbstractLoadPlanBuildingAssociationVisitationStrategy - << Finishing up attribute : Attribute(name=producerCategory, type=integer [non-identifier])
17:39:44.005 [main] DEBUG org.hibernate.persister.walking.spi.MetamodelGraphWalker - Visiting attribute path : producerName
17:39:44.005 [main] TRACE org.hibernate.loader.plan.build.internal.AbstractLoadPlanBuildingAssociationVisitationStrategy - >> Starting attribute Attribute(name=producerName, type=string [non-identifier])
17:39:44.005 [main] TRACE org.hibernate.loader.plan.build.internal.AbstractLoadPlanBuildingAssociationVisitationStrategy - << Finishing up attribute : Attribute(name=producerName, type=string [non-identifier])
17:39:44.005 [main] TRACE org.hibernate.loader.plan.build.internal.AbstractLoadPlanBuildingAssociationVisitationStrategy - Popped fetch owner from stack : org.hibernate.loader.plan.build.internal.returns.EntityReturnImpl@4288d98e
17:39:44.005 [main] TRACE org.hibernate.loader.plan.build.internal.AbstractLoadPlanBuildingAssociationVisitationStrategy -  Finished root entity : com.soft.entity.ProducerEntity
17:39:44.005 [main] DEBUG org.hibernate.loader.plan.build.internal.FetchStyleLoadPlanBuildingAssociationVisitationStrategy - Building LoadPlan...
17:39:44.006 [main] DEBUG org.hibernate.loader.plan.exec.internal.LoadQueryJoinAndFetchProcessor - processing queryspace <gen:0>
17:39:44.006 [main] DEBUG org.hibernate.loader.plan.build.spi.LoadPlanTreePrinter - LoadPlan(entity=com.soft.entity.ProducerEntity)
    - Returns
       - EntityReturnImpl(entity=com.soft.entity.ProducerEntity, querySpaceUid=<gen:0>, path=com.soft.entity.ProducerEntity)
    - QuerySpaces
       - EntityQuerySpaceImpl(uid=<gen:0>, entity=com.soft.entity.ProducerEntity)
          - SQL table alias mapping - produceren0_
          - alias suffix - 0_
          - suffixed key columns - {producer1_2_0_}

17:39:44.006 [main] DEBUG org.hibernate.loader.entity.plan.EntityLoader - Static select for entity com.soft.entity.ProducerEntity [FORCE]: select produceren0_.producer_id as producer1_2_0_, produceren0_.producer_category as producer2_2_0_, produceren0_.producer_name as producer3_2_0_ from producer produceren0_ where produceren0_.producer_id=? for update
17:39:44.006 [main] TRACE org.hibernate.loader.plan.build.internal.AbstractLoadPlanBuildingAssociationVisitationStrategy -  Starting root entity : com.soft.entity.ProducerEntity
17:39:44.006 [main] DEBUG org.hibernate.loader.plan.build.internal.spaces.QuerySpacesImpl - Adding QuerySpace : uid = <gen:0> -> org.hibernate.loader.plan.build.internal.spaces.EntityQuerySpaceImpl@169268a7]
17:39:44.006 [main] TRACE org.hibernate.loader.plan.build.internal.AbstractLoadPlanBuildingAssociationVisitationStrategy - Pushing fetch source to stack : org.hibernate.loader.plan.build.internal.returns.EntityReturnImpl@285c6918
17:39:44.006 [main] TRACE org.hibernate.loader.plan.build.internal.AbstractLoadPlanBuildingAssociationVisitationStrategy - .. Registering AssociationKey : AssociationKey(table=producer, columns={producer_id}) -> org.hibernate.loader.plan.build.internal.returns.EntityReturnImpl@285c6918
17:39:44.006 [main] TRACE org.hibernate.loader.plan.build.internal.AbstractLoadPlanBuildingAssociationVisitationStrategy - >> Starting entity identifier : com.soft.entity.ProducerEntity
17:39:44.006 [main] DEBUG org.hibernate.persister.walking.spi.MetamodelGraphWalker - Visiting attribute path : producerCategory
17:39:44.006 [main] TRACE org.hibernate.loader.plan.build.internal.AbstractLoadPlanBuildingAssociationVisitationStrategy - >> Starting attribute Attribute(name=producerCategory, type=integer [non-identifier])
17:39:44.006 [main] TRACE org.hibernate.loader.plan.build.internal.AbstractLoadPlanBuildingAssociationVisitationStrategy - << Finishing up attribute : Attribute(name=producerCategory, type=integer [non-identifier])
17:39:44.006 [main] DEBUG org.hibernate.persister.walking.spi.MetamodelGraphWalker - Visiting attribute path : producerName
17:39:44.006 [main] TRACE org.hibernate.loader.plan.build.internal.AbstractLoadPlanBuildingAssociationVisitationStrategy - >> Starting attribute Attribute(name=producerName, type=string [non-identifier])
17:39:44.006 [main] TRACE org.hibernate.loader.plan.build.internal.AbstractLoadPlanBuildingAssociationVisitationStrategy - << Finishing up attribute : Attribute(name=producerName, type=string [non-identifier])
17:39:44.006 [main] TRACE org.hibernate.loader.plan.build.internal.AbstractLoadPlanBuildingAssociationVisitationStrategy - Popped fetch owner from stack : org.hibernate.loader.plan.build.internal.returns.EntityReturnImpl@285c6918
17:39:44.006 [main] TRACE org.hibernate.loader.plan.build.internal.AbstractLoadPlanBuildingAssociationVisitationStrategy -  Finished root entity : com.soft.entity.ProducerEntity
17:39:44.006 [main] DEBUG org.hibernate.loader.plan.build.internal.FetchStyleLoadPlanBuildingAssociationVisitationStrategy - Building LoadPlan...
17:39:44.006 [main] DEBUG org.hibernate.loader.plan.exec.internal.LoadQueryJoinAndFetchProcessor - processing queryspace <gen:0>
17:39:44.007 [main] DEBUG org.hibernate.loader.plan.build.spi.LoadPlanTreePrinter - LoadPlan(entity=com.soft.entity.ProducerEntity)
    - Returns
       - EntityReturnImpl(entity=com.soft.entity.ProducerEntity, querySpaceUid=<gen:0>, path=com.soft.entity.ProducerEntity)
    - QuerySpaces
       - EntityQuerySpaceImpl(uid=<gen:0>, entity=com.soft.entity.ProducerEntity)
          - SQL table alias mapping - produceren0_
          - alias suffix - 0_
          - suffixed key columns - {producer1_2_0_}

17:39:44.007 [main] DEBUG org.hibernate.loader.entity.plan.EntityLoader - Static select for entity com.soft.entity.ProducerEntity [PESSIMISTIC_READ]: select produceren0_.producer_id as producer1_2_0_, produceren0_.producer_category as producer2_2_0_, produceren0_.producer_name as producer3_2_0_ from producer produceren0_ where produceren0_.producer_id=? lock in share mode
17:39:44.007 [main] TRACE org.hibernate.loader.plan.build.internal.AbstractLoadPlanBuildingAssociationVisitationStrategy -  Starting root entity : com.soft.entity.ProducerEntity
17:39:44.007 [main] DEBUG org.hibernate.loader.plan.build.internal.spaces.QuerySpacesImpl - Adding QuerySpace : uid = <gen:0> -> org.hibernate.loader.plan.build.internal.spaces.EntityQuerySpaceImpl@78a0ff63]
17:39:44.007 [main] TRACE org.hibernate.loader.plan.build.internal.AbstractLoadPlanBuildingAssociationVisitationStrategy - Pushing fetch source to stack : org.hibernate.loader.plan.build.internal.returns.EntityReturnImpl@7c601d50
17:39:44.007 [main] TRACE org.hibernate.loader.plan.build.internal.AbstractLoadPlanBuildingAssociationVisitationStrategy - .. Registering AssociationKey : AssociationKey(table=producer, columns={producer_id}) -> org.hibernate.loader.plan.build.internal.returns.EntityReturnImpl@7c601d50
17:39:44.007 [main] TRACE org.hibernate.loader.plan.build.internal.AbstractLoadPlanBuildingAssociationVisitationStrategy - >> Starting entity identifier : com.soft.entity.ProducerEntity
17:39:44.007 [main] DEBUG org.hibernate.persister.walking.spi.MetamodelGraphWalker - Visiting attribute path : producerCategory
17:39:44.007 [main] TRACE org.hibernate.loader.plan.build.internal.AbstractLoadPlanBuildingAssociationVisitationStrategy - >> Starting attribute Attribute(name=producerCategory, type=integer [non-identifier])
17:39:44.007 [main] TRACE org.hibernate.loader.plan.build.internal.AbstractLoadPlanBuildingAssociationVisitationStrategy - << Finishing up attribute : Attribute(name=producerCategory, type=integer [non-identifier])
17:39:44.007 [main] DEBUG org.hibernate.persister.walking.spi.MetamodelGraphWalker - Visiting attribute path : producerName
17:39:44.007 [main] TRACE org.hibernate.loader.plan.build.internal.AbstractLoadPlanBuildingAssociationVisitationStrategy - >> Starting attribute Attribute(name=producerName, type=string [non-identifier])
17:39:44.007 [main] TRACE org.hibernate.loader.plan.build.internal.AbstractLoadPlanBuildingAssociationVisitationStrategy - << Finishing up attribute : Attribute(name=producerName, type=string [non-identifier])
17:39:44.007 [main] TRACE org.hibernate.loader.plan.build.internal.AbstractLoadPlanBuildingAssociationVisitationStrategy - Popped fetch owner from stack : org.hibernate.loader.plan.build.internal.returns.EntityReturnImpl@7c601d50
17:39:44.007 [main] TRACE org.hibernate.loader.plan.build.internal.AbstractLoadPlanBuildingAssociationVisitationStrategy -  Finished root entity : com.soft.entity.ProducerEntity
17:39:44.007 [main] DEBUG org.hibernate.loader.plan.build.internal.FetchStyleLoadPlanBuildingAssociationVisitationStrategy - Building LoadPlan...
17:39:44.007 [main] DEBUG org.hibernate.loader.plan.exec.internal.LoadQueryJoinAndFetchProcessor - processing queryspace <gen:0>
17:39:44.008 [main] DEBUG org.hibernate.loader.plan.build.spi.LoadPlanTreePrinter - LoadPlan(entity=com.soft.entity.ProducerEntity)
    - Returns
       - EntityReturnImpl(entity=com.soft.entity.ProducerEntity, querySpaceUid=<gen:0>, path=com.soft.entity.ProducerEntity)
    - QuerySpaces
       - EntityQuerySpaceImpl(uid=<gen:0>, entity=com.soft.entity.ProducerEntity)
          - SQL table alias mapping - produceren0_
          - alias suffix - 0_
          - suffixed key columns - {producer1_2_0_}

17:39:44.008 [main] DEBUG org.hibernate.loader.entity.plan.EntityLoader - Static select for entity com.soft.entity.ProducerEntity [PESSIMISTIC_WRITE]: select produceren0_.producer_id as producer1_2_0_, produceren0_.producer_category as producer2_2_0_, produceren0_.producer_name as producer3_2_0_ from producer produceren0_ where produceren0_.producer_id=? for update
17:39:44.008 [main] TRACE org.hibernate.loader.plan.build.internal.AbstractLoadPlanBuildingAssociationVisitationStrategy -  Starting root entity : com.soft.entity.ProducerEntity
17:39:44.008 [main] DEBUG org.hibernate.loader.plan.build.internal.spaces.QuerySpacesImpl - Adding QuerySpace : uid = <gen:0> -> org.hibernate.loader.plan.build.internal.spaces.EntityQuerySpaceImpl@79b2852b]
17:39:44.008 [main] TRACE org.hibernate.loader.plan.build.internal.AbstractLoadPlanBuildingAssociationVisitationStrategy - Pushing fetch source to stack : org.hibernate.loader.plan.build.internal.returns.EntityReturnImpl@326d27ac
17:39:44.008 [main] TRACE org.hibernate.loader.plan.build.internal.AbstractLoadPlanBuildingAssociationVisitationStrategy - .. Registering AssociationKey : AssociationKey(table=producer, columns={producer_id}) -> org.hibernate.loader.plan.build.internal.returns.EntityReturnImpl@326d27ac
17:39:44.008 [main] TRACE org.hibernate.loader.plan.build.internal.AbstractLoadPlanBuildingAssociationVisitationStrategy - >> Starting entity identifier : com.soft.entity.ProducerEntity
17:39:44.008 [main] DEBUG org.hibernate.persister.walking.spi.MetamodelGraphWalker - Visiting attribute path : producerCategory
17:39:44.008 [main] TRACE org.hibernate.loader.plan.build.internal.AbstractLoadPlanBuildingAssociationVisitationStrategy - >> Starting attribute Attribute(name=producerCategory, type=integer [non-identifier])
17:39:44.008 [main] TRACE org.hibernate.loader.plan.build.internal.AbstractLoadPlanBuildingAssociationVisitationStrategy - << Finishing up attribute : Attribute(name=producerCategory, type=integer [non-identifier])
17:39:44.008 [main] DEBUG org.hibernate.persister.walking.spi.MetamodelGraphWalker - Visiting attribute path : producerName
17:39:44.008 [main] TRACE org.hibernate.loader.plan.build.internal.AbstractLoadPlanBuildingAssociationVisitationStrategy - >> Starting attribute Attribute(name=producerName, type=string [non-identifier])
17:39:44.008 [main] TRACE org.hibernate.loader.plan.build.internal.AbstractLoadPlanBuildingAssociationVisitationStrategy - << Finishing up attribute : Attribute(name=producerName, type=string [non-identifier])
17:39:44.008 [main] TRACE org.hibernate.loader.plan.build.internal.AbstractLoadPlanBuildingAssociationVisitationStrategy - Popped fetch owner from stack : org.hibernate.loader.plan.build.internal.returns.EntityReturnImpl@326d27ac
17:39:44.008 [main] TRACE org.hibernate.loader.plan.build.internal.AbstractLoadPlanBuildingAssociationVisitationStrategy -  Finished root entity : com.soft.entity.ProducerEntity
17:39:44.008 [main] DEBUG org.hibernate.loader.plan.build.internal.FetchStyleLoadPlanBuildingAssociationVisitationStrategy - Building LoadPlan...
17:39:44.008 [main] DEBUG org.hibernate.loader.plan.exec.internal.LoadQueryJoinAndFetchProcessor - processing queryspace <gen:0>
17:39:44.009 [main] DEBUG org.hibernate.loader.plan.build.spi.LoadPlanTreePrinter - LoadPlan(entity=com.soft.entity.ProducerEntity)
    - Returns
       - EntityReturnImpl(entity=com.soft.entity.ProducerEntity, querySpaceUid=<gen:0>, path=com.soft.entity.ProducerEntity)
    - QuerySpaces
       - EntityQuerySpaceImpl(uid=<gen:0>, entity=com.soft.entity.ProducerEntity)
          - SQL table alias mapping - produceren0_
          - alias suffix - 0_
          - suffixed key columns - {producer1_2_0_}

17:39:44.009 [main] DEBUG org.hibernate.loader.entity.plan.EntityLoader - Static select for entity com.soft.entity.ProducerEntity [PESSIMISTIC_FORCE_INCREMENT]: select produceren0_.producer_id as producer1_2_0_, produceren0_.producer_category as producer2_2_0_, produceren0_.producer_name as producer3_2_0_ from producer produceren0_ where produceren0_.producer_id=? for update
17:39:44.012 [main] TRACE org.hibernate.loader.plan.build.internal.AbstractLoadPlanBuildingAssociationVisitationStrategy -  Starting root entity : com.soft.entity.ProducerEntity
17:39:44.012 [main] DEBUG org.hibernate.loader.plan.build.internal.spaces.QuerySpacesImpl - Adding QuerySpace : uid = <gen:0> -> org.hibernate.loader.plan.build.internal.spaces.EntityQuerySpaceImpl@4d499d65]
17:39:44.012 [main] TRACE org.hibernate.loader.plan.build.internal.AbstractLoadPlanBuildingAssociationVisitationStrategy - Pushing fetch source to stack : org.hibernate.loader.plan.build.internal.returns.EntityReturnImpl@313f8301
17:39:44.012 [main] TRACE org.hibernate.loader.plan.build.internal.AbstractLoadPlanBuildingAssociationVisitationStrategy - .. Registering AssociationKey : AssociationKey(table=producer, columns={producer_id}) -> org.hibernate.loader.plan.build.internal.returns.EntityReturnImpl@313f8301
17:39:44.012 [main] TRACE org.hibernate.loader.plan.build.internal.AbstractLoadPlanBuildingAssociationVisitationStrategy - >> Starting entity identifier : com.soft.entity.ProducerEntity
17:39:44.013 [main] DEBUG org.hibernate.persister.walking.spi.MetamodelGraphWalker - Visiting attribute path : producerCategory
17:39:44.013 [main] TRACE org.hibernate.loader.plan.build.internal.AbstractLoadPlanBuildingAssociationVisitationStrategy - >> Starting attribute Attribute(name=producerCategory, type=integer [non-identifier])
17:39:44.013 [main] TRACE org.hibernate.loader.plan.build.internal.AbstractLoadPlanBuildingAssociationVisitationStrategy - << Finishing up attribute : Attribute(name=producerCategory, type=integer [non-identifier])
17:39:44.013 [main] DEBUG org.hibernate.persister.walking.spi.MetamodelGraphWalker - Visiting attribute path : producerName
17:39:44.013 [main] TRACE org.hibernate.loader.plan.build.internal.AbstractLoadPlanBuildingAssociationVisitationStrategy - >> Starting attribute Attribute(name=producerName, type=string [non-identifier])
17:39:44.013 [main] TRACE org.hibernate.loader.plan.build.internal.AbstractLoadPlanBuildingAssociationVisitationStrategy - << Finishing up attribute : Attribute(name=producerName, type=string [non-identifier])
17:39:44.013 [main] TRACE org.hibernate.loader.plan.build.internal.AbstractLoadPlanBuildingAssociationVisitationStrategy - Popped fetch owner from stack : org.hibernate.loader.plan.build.internal.returns.EntityReturnImpl@313f8301
17:39:44.013 [main] TRACE org.hibernate.loader.plan.build.internal.AbstractLoadPlanBuildingAssociationVisitationStrategy -  Finished root entity : com.soft.entity.ProducerEntity
17:39:44.013 [main] DEBUG org.hibernate.loader.plan.build.internal.FetchStyleLoadPlanBuildingAssociationVisitationStrategy - Building LoadPlan...
17:39:44.013 [main] DEBUG org.hibernate.loader.plan.exec.internal.LoadQueryJoinAndFetchProcessor - processing queryspace <gen:0>
17:39:44.013 [main] DEBUG org.hibernate.loader.plan.build.spi.LoadPlanTreePrinter - LoadPlan(entity=com.soft.entity.ProducerEntity)
    - Returns
       - EntityReturnImpl(entity=com.soft.entity.ProducerEntity, querySpaceUid=<gen:0>, path=com.soft.entity.ProducerEntity)
    - QuerySpaces
       - EntityQuerySpaceImpl(uid=<gen:0>, entity=com.soft.entity.ProducerEntity)
          - SQL table alias mapping - produceren0_
          - alias suffix - 0_
          - suffixed key columns - {producer1_2_0_}

17:39:44.013 [main] DEBUG org.hibernate.loader.entity.plan.EntityLoader - Static select for entity com.soft.entity.ProducerEntity [OPTIMISTIC]: select produceren0_.producer_id as producer1_2_0_, produceren0_.producer_category as producer2_2_0_, produceren0_.producer_name as producer3_2_0_ from producer produceren0_ where produceren0_.producer_id=?
17:39:44.013 [main] TRACE org.hibernate.loader.plan.build.internal.AbstractLoadPlanBuildingAssociationVisitationStrategy -  Starting root entity : com.soft.entity.ProducerEntity
17:39:44.013 [main] DEBUG org.hibernate.loader.plan.build.internal.spaces.QuerySpacesImpl - Adding QuerySpace : uid = <gen:0> -> org.hibernate.loader.plan.build.internal.spaces.EntityQuerySpaceImpl@5cc9d3d0]
17:39:44.013 [main] TRACE org.hibernate.loader.plan.build.internal.AbstractLoadPlanBuildingAssociationVisitationStrategy - Pushing fetch source to stack : org.hibernate.loader.plan.build.internal.returns.EntityReturnImpl@7c2dfa2
17:39:44.013 [main] TRACE org.hibernate.loader.plan.build.internal.AbstractLoadPlanBuildingAssociationVisitationStrategy - .. Registering AssociationKey : AssociationKey(table=producer, columns={producer_id}) -> org.hibernate.loader.plan.build.internal.returns.EntityReturnImpl@7c2dfa2
17:39:44.013 [main] TRACE org.hibernate.loader.plan.build.internal.AbstractLoadPlanBuildingAssociationVisitationStrategy - >> Starting entity identifier : com.soft.entity.ProducerEntity
17:39:44.013 [main] DEBUG org.hibernate.persister.walking.spi.MetamodelGraphWalker - Visiting attribute path : producerCategory
17:39:44.013 [main] TRACE org.hibernate.loader.plan.build.internal.AbstractLoadPlanBuildingAssociationVisitationStrategy - >> Starting attribute Attribute(name=producerCategory, type=integer [non-identifier])
17:39:44.013 [main] TRACE org.hibernate.loader.plan.build.internal.AbstractLoadPlanBuildingAssociationVisitationStrategy - << Finishing up attribute : Attribute(name=producerCategory, type=integer [non-identifier])
17:39:44.013 [main] DEBUG org.hibernate.persister.walking.spi.MetamodelGraphWalker - Visiting attribute path : producerName
17:39:44.013 [main] TRACE org.hibernate.loader.plan.build.internal.AbstractLoadPlanBuildingAssociationVisitationStrategy - >> Starting attribute Attribute(name=producerName, type=string [non-identifier])
17:39:44.013 [main] TRACE org.hibernate.loader.plan.build.internal.AbstractLoadPlanBuildingAssociationVisitationStrategy - << Finishing up attribute : Attribute(name=producerName, type=string [non-identifier])
17:39:44.013 [main] TRACE org.hibernate.loader.plan.build.internal.AbstractLoadPlanBuildingAssociationVisitationStrategy - Popped fetch owner from stack : org.hibernate.loader.plan.build.internal.returns.EntityReturnImpl@7c2dfa2
17:39:44.013 [main] TRACE org.hibernate.loader.plan.build.internal.AbstractLoadPlanBuildingAssociationVisitationStrategy -  Finished root entity : com.soft.entity.ProducerEntity
17:39:44.013 [main] DEBUG org.hibernate.loader.plan.build.internal.FetchStyleLoadPlanBuildingAssociationVisitationStrategy - Building LoadPlan...
17:39:44.013 [main] DEBUG org.hibernate.loader.plan.exec.internal.LoadQueryJoinAndFetchProcessor - processing queryspace <gen:0>
17:39:44.014 [main] DEBUG org.hibernate.loader.plan.build.spi.LoadPlanTreePrinter - LoadPlan(entity=com.soft.entity.ProducerEntity)
    - Returns
       - EntityReturnImpl(entity=com.soft.entity.ProducerEntity, querySpaceUid=<gen:0>, path=com.soft.entity.ProducerEntity)
    - QuerySpaces
       - EntityQuerySpaceImpl(uid=<gen:0>, entity=com.soft.entity.ProducerEntity)
          - SQL table alias mapping - produceren0_
          - alias suffix - 0_
          - suffixed key columns - {producer1_2_0_}

17:39:44.014 [main] DEBUG org.hibernate.loader.entity.plan.EntityLoader - Static select for entity com.soft.entity.ProducerEntity [OPTIMISTIC_FORCE_INCREMENT]: select produceren0_.producer_id as producer1_2_0_, produceren0_.producer_category as producer2_2_0_, produceren0_.producer_name as producer3_2_0_ from producer produceren0_ where produceren0_.producer_id=?
17:39:44.014 [main] DEBUG org.hibernate.loader.Loader - Static select for action ACTION_MERGE on entity com.soft.entity.ProducerEntity: select produceren0_.producer_id as producer1_2_0_, produceren0_.producer_category as producer2_2_0_, produceren0_.producer_name as producer3_2_0_ from producer produceren0_ where produceren0_.producer_id=?
17:39:44.014 [main] DEBUG org.hibernate.loader.Loader - Static select for action ACTION_REFRESH on entity com.soft.entity.ProducerEntity: select produceren0_.producer_id as producer1_2_0_, produceren0_.producer_category as producer2_2_0_, produceren0_.producer_name as producer3_2_0_ from producer produceren0_ where produceren0_.producer_id=?
17:39:44.014 [main] DEBUG org.hibernate.persister.entity.AbstractEntityPersister - Static SQL for entity: com.soft.entity.TransistorEntity
17:39:44.014 [main] DEBUG org.hibernate.persister.entity.AbstractEntityPersister -  Version select: select transistor_id from transistor where transistor_id =?
17:39:44.014 [main] DEBUG org.hibernate.persister.entity.AbstractEntityPersister -  Snapshot select: select transistor_.transistor_id, transistor_.category as category2_4_, transistor_.conductunce_type as conductu3_4_, transistor_.description as descript4_4_, transistor_.gain as gain5_4_, transistor_.max_current as max_curr6_4_, transistor_.max_current_unit as max_curr7_4_, transistor_.name as name8_4_, transistor_.photo as photo9_4_, transistor_.price as price10_4_, transistor_.producer as produce11_4_, transistor_.quantity as quantit12_4_, transistor_.package as package13_4_ from transistor transistor_ where transistor_.transistor_id=?
17:39:44.014 [main] DEBUG org.hibernate.persister.entity.AbstractEntityPersister -  Insert 0: insert into transistor (category, conductunce_type, description, gain, max_current, max_current_unit, name, photo, price, producer, quantity, package, transistor_id) values (?, ?, ?, ?, ?, ?, ?, ?, ?, ?, ?, ?, ?)
17:39:44.014 [main] DEBUG org.hibernate.persister.entity.AbstractEntityPersister -  Update 0: update transistor set category=?, conductunce_type=?, description=?, gain=?, max_current=?, max_current_unit=?, name=?, photo=?, price=?, producer=?, quantity=?, package=? where transistor_id=?
17:39:44.014 [main] DEBUG org.hibernate.persister.entity.AbstractEntityPersister -  Delete 0: delete from transistor where transistor_id=?
17:39:44.014 [main] TRACE org.hibernate.loader.plan.build.internal.AbstractLoadPlanBuildingAssociationVisitationStrategy -  Starting root entity : com.soft.entity.TransistorEntity
17:39:44.014 [main] DEBUG org.hibernate.loader.plan.build.internal.spaces.QuerySpacesImpl - Adding QuerySpace : uid = <gen:0> -> org.hibernate.loader.plan.build.internal.spaces.EntityQuerySpaceImpl@661d88a]
17:39:44.014 [main] TRACE org.hibernate.loader.plan.build.internal.AbstractLoadPlanBuildingAssociationVisitationStrategy - Pushing fetch source to stack : org.hibernate.loader.plan.build.internal.returns.EntityReturnImpl@4b0b64cc
17:39:44.014 [main] TRACE org.hibernate.loader.plan.build.internal.AbstractLoadPlanBuildingAssociationVisitationStrategy - .. Registering AssociationKey : AssociationKey(table=transistor, columns={transistor_id}) -> org.hibernate.loader.plan.build.internal.returns.EntityReturnImpl@4b0b64cc
17:39:44.014 [main] TRACE org.hibernate.loader.plan.build.internal.AbstractLoadPlanBuildingAssociationVisitationStrategy - >> Starting entity identifier : com.soft.entity.TransistorEntity
17:39:44.014 [main] DEBUG org.hibernate.persister.walking.spi.MetamodelGraphWalker - Visiting attribute path : category
17:39:44.014 [main] TRACE org.hibernate.loader.plan.build.internal.AbstractLoadPlanBuildingAssociationVisitationStrategy - >> Starting attribute Attribute(name=category, type=integer [non-identifier])
17:39:44.014 [main] TRACE org.hibernate.loader.plan.build.internal.AbstractLoadPlanBuildingAssociationVisitationStrategy - << Finishing up attribute : Attribute(name=category, type=integer [non-identifier])
17:39:44.014 [main] DEBUG org.hibernate.persister.walking.spi.MetamodelGraphWalker - Visiting attribute path : conductanceType
17:39:44.014 [main] TRACE org.hibernate.loader.plan.build.internal.AbstractLoadPlanBuildingAssociationVisitationStrategy - >> Starting attribute Attribute(name=conductanceType, type=string [non-identifier])
17:39:44.014 [main] TRACE org.hibernate.loader.plan.build.internal.AbstractLoadPlanBuildingAssociationVisitationStrategy - << Finishing up attribute : Attribute(name=conductanceType, type=string [non-identifier])
17:39:44.014 [main] DEBUG org.hibernate.persister.walking.spi.MetamodelGraphWalker - Visiting attribute path : description
17:39:44.015 [main] TRACE org.hibernate.loader.plan.build.internal.AbstractLoadPlanBuildingAssociationVisitationStrategy - >> Starting attribute Attribute(name=description, type=string [non-identifier])
17:39:44.015 [main] TRACE org.hibernate.loader.plan.build.internal.AbstractLoadPlanBuildingAssociationVisitationStrategy - << Finishing up attribute : Attribute(name=description, type=string [non-identifier])
17:39:44.015 [main] DEBUG org.hibernate.persister.walking.spi.MetamodelGraphWalker - Visiting attribute path : gain
17:39:44.015 [main] TRACE org.hibernate.loader.plan.build.internal.AbstractLoadPlanBuildingAssociationVisitationStrategy - >> Starting attribute Attribute(name=gain, type=double [non-identifier])
17:39:44.015 [main] TRACE org.hibernate.loader.plan.build.internal.AbstractLoadPlanBuildingAssociationVisitationStrategy - << Finishing up attribute : Attribute(name=gain, type=double [non-identifier])
17:39:44.015 [main] DEBUG org.hibernate.persister.walking.spi.MetamodelGraphWalker - Visiting attribute path : maxCurrent
17:39:44.015 [main] TRACE org.hibernate.loader.plan.build.internal.AbstractLoadPlanBuildingAssociationVisitationStrategy - >> Starting attribute Attribute(name=maxCurrent, type=double [non-identifier])
17:39:44.015 [main] TRACE org.hibernate.loader.plan.build.internal.AbstractLoadPlanBuildingAssociationVisitationStrategy - << Finishing up attribute : Attribute(name=maxCurrent, type=double [non-identifier])
17:39:44.015 [main] DEBUG org.hibernate.persister.walking.spi.MetamodelGraphWalker - Visiting attribute path : maxCurrentUnit
17:39:44.015 [main] TRACE org.hibernate.loader.plan.build.internal.AbstractLoadPlanBuildingAssociationVisitationStrategy - >> Starting attribute Attribute(name=maxCurrentUnit, type=integer [non-identifier])
17:39:44.015 [main] TRACE org.hibernate.loader.plan.build.internal.AbstractLoadPlanBuildingAssociationVisitationStrategy - << Finishing up attribute : Attribute(name=maxCurrentUnit, type=integer [non-identifier])
17:39:44.015 [main] DEBUG org.hibernate.persister.walking.spi.MetamodelGraphWalker - Visiting attribute path : name
17:39:44.015 [main] TRACE org.hibernate.loader.plan.build.internal.AbstractLoadPlanBuildingAssociationVisitationStrategy - >> Starting attribute Attribute(name=name, type=string [non-identifier])
17:39:44.015 [main] TRACE org.hibernate.loader.plan.build.internal.AbstractLoadPlanBuildingAssociationVisitationStrategy - << Finishing up attribute : Attribute(name=name, type=string [non-identifier])
17:39:44.015 [main] DEBUG org.hibernate.persister.walking.spi.MetamodelGraphWalker - Visiting attribute path : photo
17:39:44.015 [main] TRACE org.hibernate.loader.plan.build.internal.AbstractLoadPlanBuildingAssociationVisitationStrategy - >> Starting attribute Attribute(name=photo, type=binary [non-identifier])
17:39:44.015 [main] TRACE org.hibernate.loader.plan.build.internal.AbstractLoadPlanBuildingAssociationVisitationStrategy - << Finishing up attribute : Attribute(name=photo, type=binary [non-identifier])
17:39:44.015 [main] DEBUG org.hibernate.persister.walking.spi.MetamodelGraphWalker - Visiting attribute path : price
17:39:44.015 [main] TRACE org.hibernate.loader.plan.build.internal.AbstractLoadPlanBuildingAssociationVisitationStrategy - >> Starting attribute Attribute(name=price, type=double [non-identifier])
17:39:44.015 [main] TRACE org.hibernate.loader.plan.build.internal.AbstractLoadPlanBuildingAssociationVisitationStrategy - << Finishing up attribute : Attribute(name=price, type=double [non-identifier])
17:39:44.015 [main] DEBUG org.hibernate.persister.walking.spi.MetamodelGraphWalker - Visiting attribute path : producer
17:39:44.015 [main] TRACE org.hibernate.loader.plan.build.internal.AbstractLoadPlanBuildingAssociationVisitationStrategy - >> Starting attribute Attribute(name=producer, type=integer [non-identifier])
17:39:44.015 [main] TRACE org.hibernate.loader.plan.build.internal.AbstractLoadPlanBuildingAssociationVisitationStrategy - << Finishing up attribute : Attribute(name=producer, type=integer [non-identifier])
17:39:44.015 [main] DEBUG org.hibernate.persister.walking.spi.MetamodelGraphWalker - Visiting attribute path : quantity
17:39:44.015 [main] TRACE org.hibernate.loader.plan.build.internal.AbstractLoadPlanBuildingAssociationVisitationStrategy - >> Starting attribute Attribute(name=quantity, type=integer [non-identifier])
17:39:44.015 [main] TRACE org.hibernate.loader.plan.build.internal.AbstractLoadPlanBuildingAssociationVisitationStrategy - << Finishing up attribute : Attribute(name=quantity, type=integer [non-identifier])
17:39:44.015 [main] DEBUG org.hibernate.persister.walking.spi.MetamodelGraphWalker - Visiting attribute path : tPackage
17:39:44.015 [main] TRACE org.hibernate.loader.plan.build.internal.AbstractLoadPlanBuildingAssociationVisitationStrategy - >> Starting attribute Attribute(name=tPackage, type=integer [non-identifier])
17:39:44.015 [main] TRACE org.hibernate.loader.plan.build.internal.AbstractLoadPlanBuildingAssociationVisitationStrategy - << Finishing up attribute : Attribute(name=tPackage, type=integer [non-identifier])
17:39:44.015 [main] TRACE org.hibernate.loader.plan.build.internal.AbstractLoadPlanBuildingAssociationVisitationStrategy - Popped fetch owner from stack : org.hibernate.loader.plan.build.internal.returns.EntityReturnImpl@4b0b64cc
17:39:44.015 [main] TRACE org.hibernate.loader.plan.build.internal.AbstractLoadPlanBuildingAssociationVisitationStrategy -  Finished root entity : com.soft.entity.TransistorEntity
17:39:44.015 [main] DEBUG org.hibernate.loader.plan.build.internal.FetchStyleLoadPlanBuildingAssociationVisitationStrategy - Building LoadPlan...
17:39:44.015 [main] DEBUG org.hibernate.loader.plan.exec.internal.LoadQueryJoinAndFetchProcessor - processing queryspace <gen:0>
17:39:44.015 [main] DEBUG org.hibernate.loader.plan.build.spi.LoadPlanTreePrinter - LoadPlan(entity=com.soft.entity.TransistorEntity)
    - Returns
       - EntityReturnImpl(entity=com.soft.entity.TransistorEntity, querySpaceUid=<gen:0>, path=com.soft.entity.TransistorEntity)
    - QuerySpaces
       - EntityQuerySpaceImpl(uid=<gen:0>, entity=com.soft.entity.TransistorEntity)
          - SQL table alias mapping - transistor0_
          - alias suffix - 0_
          - suffixed key columns - {transist1_4_0_}

17:39:44.015 [main] DEBUG org.hibernate.loader.entity.plan.EntityLoader - Static select for entity com.soft.entity.TransistorEntity [NONE]: select transistor0_.transistor_id as transist1_4_0_, transistor0_.category as category2_4_0_, transistor0_.conductunce_type as conductu3_4_0_, transistor0_.description as descript4_4_0_, transistor0_.gain as gain5_4_0_, transistor0_.max_current as max_curr6_4_0_, transistor0_.max_current_unit as max_curr7_4_0_, transistor0_.name as name8_4_0_, transistor0_.photo as photo9_4_0_, transistor0_.price as price10_4_0_, transistor0_.producer as produce11_4_0_, transistor0_.quantity as quantit12_4_0_, transistor0_.package as package13_4_0_ from transistor transistor0_ where transistor0_.transistor_id=?
17:39:44.015 [main] TRACE org.hibernate.loader.plan.build.internal.AbstractLoadPlanBuildingAssociationVisitationStrategy -  Starting root entity : com.soft.entity.TransistorEntity
17:39:44.015 [main] DEBUG org.hibernate.loader.plan.build.internal.spaces.QuerySpacesImpl - Adding QuerySpace : uid = <gen:0> -> org.hibernate.loader.plan.build.internal.spaces.EntityQuerySpaceImpl@59ce792e]
17:39:44.015 [main] TRACE org.hibernate.loader.plan.build.internal.AbstractLoadPlanBuildingAssociationVisitationStrategy - Pushing fetch source to stack : org.hibernate.loader.plan.build.internal.returns.EntityReturnImpl@4860827a
17:39:44.015 [main] TRACE org.hibernate.loader.plan.build.internal.AbstractLoadPlanBuildingAssociationVisitationStrategy - .. Registering AssociationKey : AssociationKey(table=transistor, columns={transistor_id}) -> org.hibernate.loader.plan.build.internal.returns.EntityReturnImpl@4860827a
17:39:44.016 [main] TRACE org.hibernate.loader.plan.build.internal.AbstractLoadPlanBuildingAssociationVisitationStrategy - >> Starting entity identifier : com.soft.entity.TransistorEntity
17:39:44.016 [main] DEBUG org.hibernate.persister.walking.spi.MetamodelGraphWalker - Visiting attribute path : category
17:39:44.016 [main] TRACE org.hibernate.loader.plan.build.internal.AbstractLoadPlanBuildingAssociationVisitationStrategy - >> Starting attribute Attribute(name=category, type=integer [non-identifier])
17:39:44.016 [main] TRACE org.hibernate.loader.plan.build.internal.AbstractLoadPlanBuildingAssociationVisitationStrategy - << Finishing up attribute : Attribute(name=category, type=integer [non-identifier])
17:39:44.016 [main] DEBUG org.hibernate.persister.walking.spi.MetamodelGraphWalker - Visiting attribute path : conductanceType
17:39:44.016 [main] TRACE org.hibernate.loader.plan.build.internal.AbstractLoadPlanBuildingAssociationVisitationStrategy - >> Starting attribute Attribute(name=conductanceType, type=string [non-identifier])
17:39:44.016 [main] TRACE org.hibernate.loader.plan.build.internal.AbstractLoadPlanBuildingAssociationVisitationStrategy - << Finishing up attribute : Attribute(name=conductanceType, type=string [non-identifier])
17:39:44.016 [main] DEBUG org.hibernate.persister.walking.spi.MetamodelGraphWalker - Visiting attribute path : description
17:39:44.016 [main] TRACE org.hibernate.loader.plan.build.internal.AbstractLoadPlanBuildingAssociationVisitationStrategy - >> Starting attribute Attribute(name=description, type=string [non-identifier])
17:39:44.016 [main] TRACE org.hibernate.loader.plan.build.internal.AbstractLoadPlanBuildingAssociationVisitationStrategy - << Finishing up attribute : Attribute(name=description, type=string [non-identifier])
17:39:44.016 [main] DEBUG org.hibernate.persister.walking.spi.MetamodelGraphWalker - Visiting attribute path : gain
17:39:44.016 [main] TRACE org.hibernate.loader.plan.build.internal.AbstractLoadPlanBuildingAssociationVisitationStrategy - >> Starting attribute Attribute(name=gain, type=double [non-identifier])
17:39:44.016 [main] TRACE org.hibernate.loader.plan.build.internal.AbstractLoadPlanBuildingAssociationVisitationStrategy - << Finishing up attribute : Attribute(name=gain, type=double [non-identifier])
17:39:44.016 [main] DEBUG org.hibernate.persister.walking.spi.MetamodelGraphWalker - Visiting attribute path : maxCurrent
17:39:44.016 [main] TRACE org.hibernate.loader.plan.build.internal.AbstractLoadPlanBuildingAssociationVisitationStrategy - >> Starting attribute Attribute(name=maxCurrent, type=double [non-identifier])
17:39:44.016 [main] TRACE org.hibernate.loader.plan.build.internal.AbstractLoadPlanBuildingAssociationVisitationStrategy - << Finishing up attribute : Attribute(name=maxCurrent, type=double [non-identifier])
17:39:44.016 [main] DEBUG org.hibernate.persister.walking.spi.MetamodelGraphWalker - Visiting attribute path : maxCurrentUnit
17:39:44.016 [main] TRACE org.hibernate.loader.plan.build.internal.AbstractLoadPlanBuildingAssociationVisitationStrategy - >> Starting attribute Attribute(name=maxCurrentUnit, type=integer [non-identifier])
17:39:44.016 [main] TRACE org.hibernate.loader.plan.build.internal.AbstractLoadPlanBuildingAssociationVisitationStrategy - << Finishing up attribute : Attribute(name=maxCurrentUnit, type=integer [non-identifier])
17:39:44.016 [main] DEBUG org.hibernate.persister.walking.spi.MetamodelGraphWalker - Visiting attribute path : name
17:39:44.016 [main] TRACE org.hibernate.loader.plan.build.internal.AbstractLoadPlanBuildingAssociationVisitationStrategy - >> Starting attribute Attribute(name=name, type=string [non-identifier])
17:39:44.016 [main] TRACE org.hibernate.loader.plan.build.internal.AbstractLoadPlanBuildingAssociationVisitationStrategy - << Finishing up attribute : Attribute(name=name, type=string [non-identifier])
17:39:44.016 [main] DEBUG org.hibernate.persister.walking.spi.MetamodelGraphWalker - Visiting attribute path : photo
17:39:44.016 [main] TRACE org.hibernate.loader.plan.build.internal.AbstractLoadPlanBuildingAssociationVisitationStrategy - >> Starting attribute Attribute(name=photo, type=binary [non-identifier])
17:39:44.016 [main] TRACE org.hibernate.loader.plan.build.internal.AbstractLoadPlanBuildingAssociationVisitationStrategy - << Finishing up attribute : Attribute(name=photo, type=binary [non-identifier])
17:39:44.016 [main] DEBUG org.hibernate.persister.walking.spi.MetamodelGraphWalker - Visiting attribute path : price
17:39:44.016 [main] TRACE org.hibernate.loader.plan.build.internal.AbstractLoadPlanBuildingAssociationVisitationStrategy - >> Starting attribute Attribute(name=price, type=double [non-identifier])
17:39:44.016 [main] TRACE org.hibernate.loader.plan.build.internal.AbstractLoadPlanBuildingAssociationVisitationStrategy - << Finishing up attribute : Attribute(name=price, type=double [non-identifier])
17:39:44.016 [main] DEBUG org.hibernate.persister.walking.spi.MetamodelGraphWalker - Visiting attribute path : producer
17:39:44.016 [main] TRACE org.hibernate.loader.plan.build.internal.AbstractLoadPlanBuildingAssociationVisitationStrategy - >> Starting attribute Attribute(name=producer, type=integer [non-identifier])
17:39:44.016 [main] TRACE org.hibernate.loader.plan.build.internal.AbstractLoadPlanBuildingAssociationVisitationStrategy - << Finishing up attribute : Attribute(name=producer, type=integer [non-identifier])
17:39:44.016 [main] DEBUG org.hibernate.persister.walking.spi.MetamodelGraphWalker - Visiting attribute path : quantity
17:39:44.016 [main] TRACE org.hibernate.loader.plan.build.internal.AbstractLoadPlanBuildingAssociationVisitationStrategy - >> Starting attribute Attribute(name=quantity, type=integer [non-identifier])
17:39:44.016 [main] TRACE org.hibernate.loader.plan.build.internal.AbstractLoadPlanBuildingAssociationVisitationStrategy - << Finishing up attribute : Attribute(name=quantity, type=integer [non-identifier])
17:39:44.016 [main] DEBUG org.hibernate.persister.walking.spi.MetamodelGraphWalker - Visiting attribute path : tPackage
17:39:44.016 [main] TRACE org.hibernate.loader.plan.build.internal.AbstractLoadPlanBuildingAssociationVisitationStrategy - >> Starting attribute Attribute(name=tPackage, type=integer [non-identifier])
17:39:44.016 [main] TRACE org.hibernate.loader.plan.build.internal.AbstractLoadPlanBuildingAssociationVisitationStrategy - << Finishing up attribute : Attribute(name=tPackage, type=integer [non-identifier])
17:39:44.016 [main] TRACE org.hibernate.loader.plan.build.internal.AbstractLoadPlanBuildingAssociationVisitationStrategy - Popped fetch owner from stack : org.hibernate.loader.plan.build.internal.returns.EntityReturnImpl@4860827a
17:39:44.016 [main] TRACE org.hibernate.loader.plan.build.internal.AbstractLoadPlanBuildingAssociationVisitationStrategy -  Finished root entity : com.soft.entity.TransistorEntity
17:39:44.016 [main] DEBUG org.hibernate.loader.plan.build.internal.FetchStyleLoadPlanBuildingAssociationVisitationStrategy - Building LoadPlan...
17:39:44.016 [main] DEBUG org.hibernate.loader.plan.exec.internal.LoadQueryJoinAndFetchProcessor - processing queryspace <gen:0>
17:39:44.016 [main] DEBUG org.hibernate.loader.plan.build.spi.LoadPlanTreePrinter - LoadPlan(entity=com.soft.entity.TransistorEntity)
    - Returns
       - EntityReturnImpl(entity=com.soft.entity.TransistorEntity, querySpaceUid=<gen:0>, path=com.soft.entity.TransistorEntity)
    - QuerySpaces
       - EntityQuerySpaceImpl(uid=<gen:0>, entity=com.soft.entity.TransistorEntity)
          - SQL table alias mapping - transistor0_
          - alias suffix - 0_
          - suffixed key columns - {transist1_4_0_}

17:39:44.016 [main] DEBUG org.hibernate.loader.entity.plan.EntityLoader - Static select for entity com.soft.entity.TransistorEntity [READ]: select transistor0_.transistor_id as transist1_4_0_, transistor0_.category as category2_4_0_, transistor0_.conductunce_type as conductu3_4_0_, transistor0_.description as descript4_4_0_, transistor0_.gain as gain5_4_0_, transistor0_.max_current as max_curr6_4_0_, transistor0_.max_current_unit as max_curr7_4_0_, transistor0_.name as name8_4_0_, transistor0_.photo as photo9_4_0_, transistor0_.price as price10_4_0_, transistor0_.producer as produce11_4_0_, transistor0_.quantity as quantit12_4_0_, transistor0_.package as package13_4_0_ from transistor transistor0_ where transistor0_.transistor_id=?
17:39:44.017 [main] TRACE org.hibernate.loader.plan.build.internal.AbstractLoadPlanBuildingAssociationVisitationStrategy -  Starting root entity : com.soft.entity.TransistorEntity
17:39:44.017 [main] DEBUG org.hibernate.loader.plan.build.internal.spaces.QuerySpacesImpl - Adding QuerySpace : uid = <gen:0> -> org.hibernate.loader.plan.build.internal.spaces.EntityQuerySpaceImpl@404db674]
17:39:44.017 [main] TRACE org.hibernate.loader.plan.build.internal.AbstractLoadPlanBuildingAssociationVisitationStrategy - Pushing fetch source to stack : org.hibernate.loader.plan.build.internal.returns.EntityReturnImpl@50f097b5
17:39:44.017 [main] TRACE org.hibernate.loader.plan.build.internal.AbstractLoadPlanBuildingAssociationVisitationStrategy - .. Registering AssociationKey : AssociationKey(table=transistor, columns={transistor_id}) -> org.hibernate.loader.plan.build.internal.returns.EntityReturnImpl@50f097b5
17:39:44.017 [main] TRACE org.hibernate.loader.plan.build.internal.AbstractLoadPlanBuildingAssociationVisitationStrategy - >> Starting entity identifier : com.soft.entity.TransistorEntity
17:39:44.017 [main] DEBUG org.hibernate.persister.walking.spi.MetamodelGraphWalker - Visiting attribute path : category
17:39:44.017 [main] TRACE org.hibernate.loader.plan.build.internal.AbstractLoadPlanBuildingAssociationVisitationStrategy - >> Starting attribute Attribute(name=category, type=integer [non-identifier])
17:39:44.017 [main] TRACE org.hibernate.loader.plan.build.internal.AbstractLoadPlanBuildingAssociationVisitationStrategy - << Finishing up attribute : Attribute(name=category, type=integer [non-identifier])
17:39:44.017 [main] DEBUG org.hibernate.persister.walking.spi.MetamodelGraphWalker - Visiting attribute path : conductanceType
17:39:44.017 [main] TRACE org.hibernate.loader.plan.build.internal.AbstractLoadPlanBuildingAssociationVisitationStrategy - >> Starting attribute Attribute(name=conductanceType, type=string [non-identifier])
17:39:44.017 [main] TRACE org.hibernate.loader.plan.build.internal.AbstractLoadPlanBuildingAssociationVisitationStrategy - << Finishing up attribute : Attribute(name=conductanceType, type=string [non-identifier])
17:39:44.017 [main] DEBUG org.hibernate.persister.walking.spi.MetamodelGraphWalker - Visiting attribute path : description
17:39:44.017 [main] TRACE org.hibernate.loader.plan.build.internal.AbstractLoadPlanBuildingAssociationVisitationStrategy - >> Starting attribute Attribute(name=description, type=string [non-identifier])
17:39:44.017 [main] TRACE org.hibernate.loader.plan.build.internal.AbstractLoadPlanBuildingAssociationVisitationStrategy - << Finishing up attribute : Attribute(name=description, type=string [non-identifier])
17:39:44.017 [main] DEBUG org.hibernate.persister.walking.spi.MetamodelGraphWalker - Visiting attribute path : gain
17:39:44.017 [main] TRACE org.hibernate.loader.plan.build.internal.AbstractLoadPlanBuildingAssociationVisitationStrategy - >> Starting attribute Attribute(name=gain, type=double [non-identifier])
17:39:44.017 [main] TRACE org.hibernate.loader.plan.build.internal.AbstractLoadPlanBuildingAssociationVisitationStrategy - << Finishing up attribute : Attribute(name=gain, type=double [non-identifier])
17:39:44.017 [main] DEBUG org.hibernate.persister.walking.spi.MetamodelGraphWalker - Visiting attribute path : maxCurrent
17:39:44.017 [main] TRACE org.hibernate.loader.plan.build.internal.AbstractLoadPlanBuildingAssociationVisitationStrategy - >> Starting attribute Attribute(name=maxCurrent, type=double [non-identifier])
17:39:44.017 [main] TRACE org.hibernate.loader.plan.build.internal.AbstractLoadPlanBuildingAssociationVisitationStrategy - << Finishing up attribute : Attribute(name=maxCurrent, type=double [non-identifier])
17:39:44.017 [main] DEBUG org.hibernate.persister.walking.spi.MetamodelGraphWalker - Visiting attribute path : maxCurrentUnit
17:39:44.017 [main] TRACE org.hibernate.loader.plan.build.internal.AbstractLoadPlanBuildingAssociationVisitationStrategy - >> Starting attribute Attribute(name=maxCurrentUnit, type=integer [non-identifier])
17:39:44.017 [main] TRACE org.hibernate.loader.plan.build.internal.AbstractLoadPlanBuildingAssociationVisitationStrategy - << Finishing up attribute : Attribute(name=maxCurrentUnit, type=integer [non-identifier])
17:39:44.017 [main] DEBUG org.hibernate.persister.walking.spi.MetamodelGraphWalker - Visiting attribute path : name
17:39:44.017 [main] TRACE org.hibernate.loader.plan.build.internal.AbstractLoadPlanBuildingAssociationVisitationStrategy - >> Starting attribute Attribute(name=name, type=string [non-identifier])
17:39:44.017 [main] TRACE org.hibernate.loader.plan.build.internal.AbstractLoadPlanBuildingAssociationVisitationStrategy - << Finishing up attribute : Attribute(name=name, type=string [non-identifier])
17:39:44.017 [main] DEBUG org.hibernate.persister.walking.spi.MetamodelGraphWalker - Visiting attribute path : photo
17:39:44.017 [main] TRACE org.hibernate.loader.plan.build.internal.AbstractLoadPlanBuildingAssociationVisitationStrategy - >> Starting attribute Attribute(name=photo, type=binary [non-identifier])
17:39:44.017 [main] TRACE org.hibernate.loader.plan.build.internal.AbstractLoadPlanBuildingAssociationVisitationStrategy - << Finishing up attribute : Attribute(name=photo, type=binary [non-identifier])
17:39:44.017 [main] DEBUG org.hibernate.persister.walking.spi.MetamodelGraphWalker - Visiting attribute path : price
17:39:44.017 [main] TRACE org.hibernate.loader.plan.build.internal.AbstractLoadPlanBuildingAssociationVisitationStrategy - >> Starting attribute Attribute(name=price, type=double [non-identifier])
17:39:44.017 [main] TRACE org.hibernate.loader.plan.build.internal.AbstractLoadPlanBuildingAssociationVisitationStrategy - << Finishing up attribute : Attribute(name=price, type=double [non-identifier])
17:39:44.017 [main] DEBUG org.hibernate.persister.walking.spi.MetamodelGraphWalker - Visiting attribute path : producer
17:39:44.017 [main] TRACE org.hibernate.loader.plan.build.internal.AbstractLoadPlanBuildingAssociationVisitationStrategy - >> Starting attribute Attribute(name=producer, type=integer [non-identifier])
17:39:44.017 [main] TRACE org.hibernate.loader.plan.build.internal.AbstractLoadPlanBuildingAssociationVisitationStrategy - << Finishing up attribute : Attribute(name=producer, type=integer [non-identifier])
17:39:44.017 [main] DEBUG org.hibernate.persister.walking.spi.MetamodelGraphWalker - Visiting attribute path : quantity
17:39:44.017 [main] TRACE org.hibernate.loader.plan.build.internal.AbstractLoadPlanBuildingAssociationVisitationStrategy - >> Starting attribute Attribute(name=quantity, type=integer [non-identifier])
17:39:44.017 [main] TRACE org.hibernate.loader.plan.build.internal.AbstractLoadPlanBuildingAssociationVisitationStrategy - << Finishing up attribute : Attribute(name=quantity, type=integer [non-identifier])
17:39:44.017 [main] DEBUG org.hibernate.persister.walking.spi.MetamodelGraphWalker - Visiting attribute path : tPackage
17:39:44.017 [main] TRACE org.hibernate.loader.plan.build.internal.AbstractLoadPlanBuildingAssociationVisitationStrategy - >> Starting attribute Attribute(name=tPackage, type=integer [non-identifier])
17:39:44.017 [main] TRACE org.hibernate.loader.plan.build.internal.AbstractLoadPlanBuildingAssociationVisitationStrategy - << Finishing up attribute : Attribute(name=tPackage, type=integer [non-identifier])
17:39:44.017 [main] TRACE org.hibernate.loader.plan.build.internal.AbstractLoadPlanBuildingAssociationVisitationStrategy - Popped fetch owner from stack : org.hibernate.loader.plan.build.internal.returns.EntityReturnImpl@50f097b5
17:39:44.017 [main] TRACE org.hibernate.loader.plan.build.internal.AbstractLoadPlanBuildingAssociationVisitationStrategy -  Finished root entity : com.soft.entity.TransistorEntity
17:39:44.017 [main] DEBUG org.hibernate.loader.plan.build.internal.FetchStyleLoadPlanBuildingAssociationVisitationStrategy - Building LoadPlan...
17:39:44.018 [main] DEBUG org.hibernate.loader.plan.exec.internal.LoadQueryJoinAndFetchProcessor - processing queryspace <gen:0>
17:39:44.018 [main] DEBUG org.hibernate.loader.plan.build.spi.LoadPlanTreePrinter - LoadPlan(entity=com.soft.entity.TransistorEntity)
    - Returns
       - EntityReturnImpl(entity=com.soft.entity.TransistorEntity, querySpaceUid=<gen:0>, path=com.soft.entity.TransistorEntity)
    - QuerySpaces
       - EntityQuerySpaceImpl(uid=<gen:0>, entity=com.soft.entity.TransistorEntity)
          - SQL table alias mapping - transistor0_
          - alias suffix - 0_
          - suffixed key columns - {transist1_4_0_}

17:39:44.018 [main] DEBUG org.hibernate.loader.entity.plan.EntityLoader - Static select for entity com.soft.entity.TransistorEntity [UPGRADE]: select transistor0_.transistor_id as transist1_4_0_, transistor0_.category as category2_4_0_, transistor0_.conductunce_type as conductu3_4_0_, transistor0_.description as descript4_4_0_, transistor0_.gain as gain5_4_0_, transistor0_.max_current as max_curr6_4_0_, transistor0_.max_current_unit as max_curr7_4_0_, transistor0_.name as name8_4_0_, transistor0_.photo as photo9_4_0_, transistor0_.price as price10_4_0_, transistor0_.producer as produce11_4_0_, transistor0_.quantity as quantit12_4_0_, transistor0_.package as package13_4_0_ from transistor transistor0_ where transistor0_.transistor_id=? for update
17:39:44.018 [main] TRACE org.hibernate.loader.plan.build.internal.AbstractLoadPlanBuildingAssociationVisitationStrategy -  Starting root entity : com.soft.entity.TransistorEntity
17:39:44.018 [main] DEBUG org.hibernate.loader.plan.build.internal.spaces.QuerySpacesImpl - Adding QuerySpace : uid = <gen:0> -> org.hibernate.loader.plan.build.internal.spaces.EntityQuerySpaceImpl@7add838c]
17:39:44.018 [main] TRACE org.hibernate.loader.plan.build.internal.AbstractLoadPlanBuildingAssociationVisitationStrategy - Pushing fetch source to stack : org.hibernate.loader.plan.build.internal.returns.EntityReturnImpl@3662bdff
17:39:44.018 [main] TRACE org.hibernate.loader.plan.build.internal.AbstractLoadPlanBuildingAssociationVisitationStrategy - .. Registering AssociationKey : AssociationKey(table=transistor, columns={transistor_id}) -> org.hibernate.loader.plan.build.internal.returns.EntityReturnImpl@3662bdff
17:39:44.018 [main] TRACE org.hibernate.loader.plan.build.internal.AbstractLoadPlanBuildingAssociationVisitationStrategy - >> Starting entity identifier : com.soft.entity.TransistorEntity
17:39:44.018 [main] DEBUG org.hibernate.persister.walking.spi.MetamodelGraphWalker - Visiting attribute path : category
17:39:44.018 [main] TRACE org.hibernate.loader.plan.build.internal.AbstractLoadPlanBuildingAssociationVisitationStrategy - >> Starting attribute Attribute(name=category, type=integer [non-identifier])
17:39:44.018 [main] TRACE org.hibernate.loader.plan.build.internal.AbstractLoadPlanBuildingAssociationVisitationStrategy - << Finishing up attribute : Attribute(name=category, type=integer [non-identifier])
17:39:44.018 [main] DEBUG org.hibernate.persister.walking.spi.MetamodelGraphWalker - Visiting attribute path : conductanceType
17:39:44.018 [main] TRACE org.hibernate.loader.plan.build.internal.AbstractLoadPlanBuildingAssociationVisitationStrategy - >> Starting attribute Attribute(name=conductanceType, type=string [non-identifier])
17:39:44.018 [main] TRACE org.hibernate.loader.plan.build.internal.AbstractLoadPlanBuildingAssociationVisitationStrategy - << Finishing up attribute : Attribute(name=conductanceType, type=string [non-identifier])
17:39:44.018 [main] DEBUG org.hibernate.persister.walking.spi.MetamodelGraphWalker - Visiting attribute path : description
17:39:44.018 [main] TRACE org.hibernate.loader.plan.build.internal.AbstractLoadPlanBuildingAssociationVisitationStrategy - >> Starting attribute Attribute(name=description, type=string [non-identifier])
17:39:44.018 [main] TRACE org.hibernate.loader.plan.build.internal.AbstractLoadPlanBuildingAssociationVisitationStrategy - << Finishing up attribute : Attribute(name=description, type=string [non-identifier])
17:39:44.018 [main] DEBUG org.hibernate.persister.walking.spi.MetamodelGraphWalker - Visiting attribute path : gain
17:39:44.018 [main] TRACE org.hibernate.loader.plan.build.internal.AbstractLoadPlanBuildingAssociationVisitationStrategy - >> Starting attribute Attribute(name=gain, type=double [non-identifier])
17:39:44.018 [main] TRACE org.hibernate.loader.plan.build.internal.AbstractLoadPlanBuildingAssociationVisitationStrategy - << Finishing up attribute : Attribute(name=gain, type=double [non-identifier])
17:39:44.018 [main] DEBUG org.hibernate.persister.walking.spi.MetamodelGraphWalker - Visiting attribute path : maxCurrent
17:39:44.018 [main] TRACE org.hibernate.loader.plan.build.internal.AbstractLoadPlanBuildingAssociationVisitationStrategy - >> Starting attribute Attribute(name=maxCurrent, type=double [non-identifier])
17:39:44.018 [main] TRACE org.hibernate.loader.plan.build.internal.AbstractLoadPlanBuildingAssociationVisitationStrategy - << Finishing up attribute : Attribute(name=maxCurrent, type=double [non-identifier])
17:39:44.018 [main] DEBUG org.hibernate.persister.walking.spi.MetamodelGraphWalker - Visiting attribute path : maxCurrentUnit
17:39:44.018 [main] TRACE org.hibernate.loader.plan.build.internal.AbstractLoadPlanBuildingAssociationVisitationStrategy - >> Starting attribute Attribute(name=maxCurrentUnit, type=integer [non-identifier])
17:39:44.018 [main] TRACE org.hibernate.loader.plan.build.internal.AbstractLoadPlanBuildingAssociationVisitationStrategy - << Finishing up attribute : Attribute(name=maxCurrentUnit, type=integer [non-identifier])
17:39:44.018 [main] DEBUG org.hibernate.persister.walking.spi.MetamodelGraphWalker - Visiting attribute path : name
17:39:44.018 [main] TRACE org.hibernate.loader.plan.build.internal.AbstractLoadPlanBuildingAssociationVisitationStrategy - >> Starting attribute Attribute(name=name, type=string [non-identifier])
17:39:44.018 [main] TRACE org.hibernate.loader.plan.build.internal.AbstractLoadPlanBuildingAssociationVisitationStrategy - << Finishing up attribute : Attribute(name=name, type=string [non-identifier])
17:39:44.018 [main] DEBUG org.hibernate.persister.walking.spi.MetamodelGraphWalker - Visiting attribute path : photo
17:39:44.018 [main] TRACE org.hibernate.loader.plan.build.internal.AbstractLoadPlanBuildingAssociationVisitationStrategy - >> Starting attribute Attribute(name=photo, type=binary [non-identifier])
17:39:44.018 [main] TRACE org.hibernate.loader.plan.build.internal.AbstractLoadPlanBuildingAssociationVisitationStrategy - << Finishing up attribute : Attribute(name=photo, type=binary [non-identifier])
17:39:44.018 [main] DEBUG org.hibernate.persister.walking.spi.MetamodelGraphWalker - Visiting attribute path : price
17:39:44.018 [main] TRACE org.hibernate.loader.plan.build.internal.AbstractLoadPlanBuildingAssociationVisitationStrategy - >> Starting attribute Attribute(name=price, type=double [non-identifier])
17:39:44.018 [main] TRACE org.hibernate.loader.plan.build.internal.AbstractLoadPlanBuildingAssociationVisitationStrategy - << Finishing up attribute : Attribute(name=price, type=double [non-identifier])
17:39:44.018 [main] DEBUG org.hibernate.persister.walking.spi.MetamodelGraphWalker - Visiting attribute path : producer
17:39:44.019 [main] TRACE org.hibernate.loader.plan.build.internal.AbstractLoadPlanBuildingAssociationVisitationStrategy - >> Starting attribute Attribute(name=producer, type=integer [non-identifier])
17:39:44.019 [main] TRACE org.hibernate.loader.plan.build.internal.AbstractLoadPlanBuildingAssociationVisitationStrategy - << Finishing up attribute : Attribute(name=producer, type=integer [non-identifier])
17:39:44.019 [main] DEBUG org.hibernate.persister.walking.spi.MetamodelGraphWalker - Visiting attribute path : quantity
17:39:44.019 [main] TRACE org.hibernate.loader.plan.build.internal.AbstractLoadPlanBuildingAssociationVisitationStrategy - >> Starting attribute Attribute(name=quantity, type=integer [non-identifier])
17:39:44.019 [main] TRACE org.hibernate.loader.plan.build.internal.AbstractLoadPlanBuildingAssociationVisitationStrategy - << Finishing up attribute : Attribute(name=quantity, type=integer [non-identifier])
17:39:44.019 [main] DEBUG org.hibernate.persister.walking.spi.MetamodelGraphWalker - Visiting attribute path : tPackage
17:39:44.019 [main] TRACE org.hibernate.loader.plan.build.internal.AbstractLoadPlanBuildingAssociationVisitationStrategy - >> Starting attribute Attribute(name=tPackage, type=integer [non-identifier])
17:39:44.019 [main] TRACE org.hibernate.loader.plan.build.internal.AbstractLoadPlanBuildingAssociationVisitationStrategy - << Finishing up attribute : Attribute(name=tPackage, type=integer [non-identifier])
17:39:44.019 [main] TRACE org.hibernate.loader.plan.build.internal.AbstractLoadPlanBuildingAssociationVisitationStrategy - Popped fetch owner from stack : org.hibernate.loader.plan.build.internal.returns.EntityReturnImpl@3662bdff
17:39:44.019 [main] TRACE org.hibernate.loader.plan.build.internal.AbstractLoadPlanBuildingAssociationVisitationStrategy -  Finished root entity : com.soft.entity.TransistorEntity
17:39:44.019 [main] DEBUG org.hibernate.loader.plan.build.internal.FetchStyleLoadPlanBuildingAssociationVisitationStrategy - Building LoadPlan...
17:39:44.019 [main] DEBUG org.hibernate.loader.plan.exec.internal.LoadQueryJoinAndFetchProcessor - processing queryspace <gen:0>
17:39:44.019 [main] DEBUG org.hibernate.loader.plan.build.spi.LoadPlanTreePrinter - LoadPlan(entity=com.soft.entity.TransistorEntity)
    - Returns
       - EntityReturnImpl(entity=com.soft.entity.TransistorEntity, querySpaceUid=<gen:0>, path=com.soft.entity.TransistorEntity)
    - QuerySpaces
       - EntityQuerySpaceImpl(uid=<gen:0>, entity=com.soft.entity.TransistorEntity)
          - SQL table alias mapping - transistor0_
          - alias suffix - 0_
          - suffixed key columns - {transist1_4_0_}

17:39:44.019 [main] DEBUG org.hibernate.loader.entity.plan.EntityLoader - Static select for entity com.soft.entity.TransistorEntity [UPGRADE_NOWAIT]: select transistor0_.transistor_id as transist1_4_0_, transistor0_.category as category2_4_0_, transistor0_.conductunce_type as conductu3_4_0_, transistor0_.description as descript4_4_0_, transistor0_.gain as gain5_4_0_, transistor0_.max_current as max_curr6_4_0_, transistor0_.max_current_unit as max_curr7_4_0_, transistor0_.name as name8_4_0_, transistor0_.photo as photo9_4_0_, transistor0_.price as price10_4_0_, transistor0_.producer as produce11_4_0_, transistor0_.quantity as quantit12_4_0_, transistor0_.package as package13_4_0_ from transistor transistor0_ where transistor0_.transistor_id=? for update
17:39:44.019 [main] TRACE org.hibernate.loader.plan.build.internal.AbstractLoadPlanBuildingAssociationVisitationStrategy -  Starting root entity : com.soft.entity.TransistorEntity
17:39:44.019 [main] DEBUG org.hibernate.loader.plan.build.internal.spaces.QuerySpacesImpl - Adding QuerySpace : uid = <gen:0> -> org.hibernate.loader.plan.build.internal.spaces.EntityQuerySpaceImpl@1bb15351]
17:39:44.019 [main] TRACE org.hibernate.loader.plan.build.internal.AbstractLoadPlanBuildingAssociationVisitationStrategy - Pushing fetch source to stack : org.hibernate.loader.plan.build.internal.returns.EntityReturnImpl@4fa822ad
17:39:44.019 [main] TRACE org.hibernate.loader.plan.build.internal.AbstractLoadPlanBuildingAssociationVisitationStrategy - .. Registering AssociationKey : AssociationKey(table=transistor, columns={transistor_id}) -> org.hibernate.loader.plan.build.internal.returns.EntityReturnImpl@4fa822ad
17:39:44.019 [main] TRACE org.hibernate.loader.plan.build.internal.AbstractLoadPlanBuildingAssociationVisitationStrategy - >> Starting entity identifier : com.soft.entity.TransistorEntity
17:39:44.019 [main] DEBUG org.hibernate.persister.walking.spi.MetamodelGraphWalker - Visiting attribute path : category
17:39:44.019 [main] TRACE org.hibernate.loader.plan.build.internal.AbstractLoadPlanBuildingAssociationVisitationStrategy - >> Starting attribute Attribute(name=category, type=integer [non-identifier])
17:39:44.019 [main] TRACE org.hibernate.loader.plan.build.internal.AbstractLoadPlanBuildingAssociationVisitationStrategy - << Finishing up attribute : Attribute(name=category, type=integer [non-identifier])
17:39:44.019 [main] DEBUG org.hibernate.persister.walking.spi.MetamodelGraphWalker - Visiting attribute path : conductanceType
17:39:44.020 [main] TRACE org.hibernate.loader.plan.build.internal.AbstractLoadPlanBuildingAssociationVisitationStrategy - >> Starting attribute Attribute(name=conductanceType, type=string [non-identifier])
17:39:44.020 [main] TRACE org.hibernate.loader.plan.build.internal.AbstractLoadPlanBuildingAssociationVisitationStrategy - << Finishing up attribute : Attribute(name=conductanceType, type=string [non-identifier])
17:39:44.020 [main] DEBUG org.hibernate.persister.walking.spi.MetamodelGraphWalker - Visiting attribute path : description
17:39:44.020 [main] TRACE org.hibernate.loader.plan.build.internal.AbstractLoadPlanBuildingAssociationVisitationStrategy - >> Starting attribute Attribute(name=description, type=string [non-identifier])
17:39:44.020 [main] TRACE org.hibernate.loader.plan.build.internal.AbstractLoadPlanBuildingAssociationVisitationStrategy - << Finishing up attribute : Attribute(name=description, type=string [non-identifier])
17:39:44.020 [main] DEBUG org.hibernate.persister.walking.spi.MetamodelGraphWalker - Visiting attribute path : gain
17:39:44.020 [main] TRACE org.hibernate.loader.plan.build.internal.AbstractLoadPlanBuildingAssociationVisitationStrategy - >> Starting attribute Attribute(name=gain, type=double [non-identifier])
17:39:44.020 [main] TRACE org.hibernate.loader.plan.build.internal.AbstractLoadPlanBuildingAssociationVisitationStrategy - << Finishing up attribute : Attribute(name=gain, type=double [non-identifier])
17:39:44.020 [main] DEBUG org.hibernate.persister.walking.spi.MetamodelGraphWalker - Visiting attribute path : maxCurrent
17:39:44.020 [main] TRACE org.hibernate.loader.plan.build.internal.AbstractLoadPlanBuildingAssociationVisitationStrategy - >> Starting attribute Attribute(name=maxCurrent, type=double [non-identifier])
17:39:44.020 [main] TRACE org.hibernate.loader.plan.build.internal.AbstractLoadPlanBuildingAssociationVisitationStrategy - << Finishing up attribute : Attribute(name=maxCurrent, type=double [non-identifier])
17:39:44.020 [main] DEBUG org.hibernate.persister.walking.spi.MetamodelGraphWalker - Visiting attribute path : maxCurrentUnit
17:39:44.020 [main] TRACE org.hibernate.loader.plan.build.internal.AbstractLoadPlanBuildingAssociationVisitationStrategy - >> Starting attribute Attribute(name=maxCurrentUnit, type=integer [non-identifier])
17:39:44.020 [main] TRACE org.hibernate.loader.plan.build.internal.AbstractLoadPlanBuildingAssociationVisitationStrategy - << Finishing up attribute : Attribute(name=maxCurrentUnit, type=integer [non-identifier])
17:39:44.020 [main] DEBUG org.hibernate.persister.walking.spi.MetamodelGraphWalker - Visiting attribute path : name
17:39:44.020 [main] TRACE org.hibernate.loader.plan.build.internal.AbstractLoadPlanBuildingAssociationVisitationStrategy - >> Starting attribute Attribute(name=name, type=string [non-identifier])
17:39:44.020 [main] TRACE org.hibernate.loader.plan.build.internal.AbstractLoadPlanBuildingAssociationVisitationStrategy - << Finishing up attribute : Attribute(name=name, type=string [non-identifier])
17:39:44.020 [main] DEBUG org.hibernate.persister.walking.spi.MetamodelGraphWalker - Visiting attribute path : photo
17:39:44.020 [main] TRACE org.hibernate.loader.plan.build.internal.AbstractLoadPlanBuildingAssociationVisitationStrategy - >> Starting attribute Attribute(name=photo, type=binary [non-identifier])
17:39:44.020 [main] TRACE org.hibernate.loader.plan.build.internal.AbstractLoadPlanBuildingAssociationVisitationStrategy - << Finishing up attribute : Attribute(name=photo, type=binary [non-identifier])
17:39:44.020 [main] DEBUG org.hibernate.persister.walking.spi.MetamodelGraphWalker - Visiting attribute path : price
17:39:44.020 [main] TRACE org.hibernate.loader.plan.build.internal.AbstractLoadPlanBuildingAssociationVisitationStrategy - >> Starting attribute Attribute(name=price, type=double [non-identifier])
17:39:44.020 [main] TRACE org.hibernate.loader.plan.build.internal.AbstractLoadPlanBuildingAssociationVisitationStrategy - << Finishing up attribute : Attribute(name=price, type=double [non-identifier])
17:39:44.020 [main] DEBUG org.hibernate.persister.walking.spi.MetamodelGraphWalker - Visiting attribute path : producer
17:39:44.020 [main] TRACE org.hibernate.loader.plan.build.internal.AbstractLoadPlanBuildingAssociationVisitationStrategy - >> Starting attribute Attribute(name=producer, type=integer [non-identifier])
17:39:44.020 [main] TRACE org.hibernate.loader.plan.build.internal.AbstractLoadPlanBuildingAssociationVisitationStrategy - << Finishing up attribute : Attribute(name=producer, type=integer [non-identifier])
17:39:44.020 [main] DEBUG org.hibernate.persister.walking.spi.MetamodelGraphWalker - Visiting attribute path : quantity
17:39:44.021 [main] TRACE org.hibernate.loader.plan.build.internal.AbstractLoadPlanBuildingAssociationVisitationStrategy - >> Starting attribute Attribute(name=quantity, type=integer [non-identifier])
17:39:44.021 [main] TRACE org.hibernate.loader.plan.build.internal.AbstractLoadPlanBuildingAssociationVisitationStrategy - << Finishing up attribute : Attribute(name=quantity, type=integer [non-identifier])
17:39:44.021 [main] DEBUG org.hibernate.persister.walking.spi.MetamodelGraphWalker - Visiting attribute path : tPackage
17:39:44.021 [main] TRACE org.hibernate.loader.plan.build.internal.AbstractLoadPlanBuildingAssociationVisitationStrategy - >> Starting attribute Attribute(name=tPackage, type=integer [non-identifier])
17:39:44.021 [main] TRACE org.hibernate.loader.plan.build.internal.AbstractLoadPlanBuildingAssociationVisitationStrategy - << Finishing up attribute : Attribute(name=tPackage, type=integer [non-identifier])
17:39:44.021 [main] TRACE org.hibernate.loader.plan.build.internal.AbstractLoadPlanBuildingAssociationVisitationStrategy - Popped fetch owner from stack : org.hibernate.loader.plan.build.internal.returns.EntityReturnImpl@4fa822ad
17:39:44.021 [main] TRACE org.hibernate.loader.plan.build.internal.AbstractLoadPlanBuildingAssociationVisitationStrategy -  Finished root entity : com.soft.entity.TransistorEntity
17:39:44.021 [main] DEBUG org.hibernate.loader.plan.build.internal.FetchStyleLoadPlanBuildingAssociationVisitationStrategy - Building LoadPlan...
17:39:44.021 [main] DEBUG org.hibernate.loader.plan.exec.internal.LoadQueryJoinAndFetchProcessor - processing queryspace <gen:0>
17:39:44.021 [main] DEBUG org.hibernate.loader.plan.build.spi.LoadPlanTreePrinter - LoadPlan(entity=com.soft.entity.TransistorEntity)
    - Returns
       - EntityReturnImpl(entity=com.soft.entity.TransistorEntity, querySpaceUid=<gen:0>, path=com.soft.entity.TransistorEntity)
    - QuerySpaces
       - EntityQuerySpaceImpl(uid=<gen:0>, entity=com.soft.entity.TransistorEntity)
          - SQL table alias mapping - transistor0_
          - alias suffix - 0_
          - suffixed key columns - {transist1_4_0_}

17:39:44.021 [main] DEBUG org.hibernate.loader.entity.plan.EntityLoader - Static select for entity com.soft.entity.TransistorEntity [UPGRADE_SKIPLOCKED]: select transistor0_.transistor_id as transist1_4_0_, transistor0_.category as category2_4_0_, transistor0_.conductunce_type as conductu3_4_0_, transistor0_.description as descript4_4_0_, transistor0_.gain as gain5_4_0_, transistor0_.max_current as max_curr6_4_0_, transistor0_.max_current_unit as max_curr7_4_0_, transistor0_.name as name8_4_0_, transistor0_.photo as photo9_4_0_, transistor0_.price as price10_4_0_, transistor0_.producer as produce11_4_0_, transistor0_.quantity as quantit12_4_0_, transistor0_.package as package13_4_0_ from transistor transistor0_ where transistor0_.transistor_id=? for update
17:39:44.021 [main] TRACE org.hibernate.loader.plan.build.internal.AbstractLoadPlanBuildingAssociationVisitationStrategy -  Starting root entity : com.soft.entity.TransistorEntity
17:39:44.021 [main] DEBUG org.hibernate.loader.plan.build.internal.spaces.QuerySpacesImpl - Adding QuerySpace : uid = <gen:0> -> org.hibernate.loader.plan.build.internal.spaces.EntityQuerySpaceImpl@597f0937]
17:39:44.021 [main] TRACE org.hibernate.loader.plan.build.internal.AbstractLoadPlanBuildingAssociationVisitationStrategy - Pushing fetch source to stack : org.hibernate.loader.plan.build.internal.returns.EntityReturnImpl@7ad1caa2
17:39:44.021 [main] TRACE org.hibernate.loader.plan.build.internal.AbstractLoadPlanBuildingAssociationVisitationStrategy - .. Registering AssociationKey : AssociationKey(table=transistor, columns={transistor_id}) -> org.hibernate.loader.plan.build.internal.returns.EntityReturnImpl@7ad1caa2
17:39:44.021 [main] TRACE org.hibernate.loader.plan.build.internal.AbstractLoadPlanBuildingAssociationVisitationStrategy - >> Starting entity identifier : com.soft.entity.TransistorEntity
17:39:44.021 [main] DEBUG org.hibernate.persister.walking.spi.MetamodelGraphWalker - Visiting attribute path : category
17:39:44.021 [main] TRACE org.hibernate.loader.plan.build.internal.AbstractLoadPlanBuildingAssociationVisitationStrategy - >> Starting attribute Attribute(name=category, type=integer [non-identifier])
17:39:44.022 [main] TRACE org.hibernate.loader.plan.build.internal.AbstractLoadPlanBuildingAssociationVisitationStrategy - << Finishing up attribute : Attribute(name=category, type=integer [non-identifier])
17:39:44.022 [main] DEBUG org.hibernate.persister.walking.spi.MetamodelGraphWalker - Visiting attribute path : conductanceType
17:39:44.022 [main] TRACE org.hibernate.loader.plan.build.internal.AbstractLoadPlanBuildingAssociationVisitationStrategy - >> Starting attribute Attribute(name=conductanceType, type=string [non-identifier])
17:39:44.022 [main] TRACE org.hibernate.loader.plan.build.internal.AbstractLoadPlanBuildingAssociationVisitationStrategy - << Finishing up attribute : Attribute(name=conductanceType, type=string [non-identifier])
17:39:44.022 [main] DEBUG org.hibernate.persister.walking.spi.MetamodelGraphWalker - Visiting attribute path : description
17:39:44.022 [main] TRACE org.hibernate.loader.plan.build.internal.AbstractLoadPlanBuildingAssociationVisitationStrategy - >> Starting attribute Attribute(name=description, type=string [non-identifier])
17:39:44.022 [main] TRACE org.hibernate.loader.plan.build.internal.AbstractLoadPlanBuildingAssociationVisitationStrategy - << Finishing up attribute : Attribute(name=description, type=string [non-identifier])
17:39:44.022 [main] DEBUG org.hibernate.persister.walking.spi.MetamodelGraphWalker - Visiting attribute path : gain
17:39:44.022 [main] TRACE org.hibernate.loader.plan.build.internal.AbstractLoadPlanBuildingAssociationVisitationStrategy - >> Starting attribute Attribute(name=gain, type=double [non-identifier])
17:39:44.022 [main] TRACE org.hibernate.loader.plan.build.internal.AbstractLoadPlanBuildingAssociationVisitationStrategy - << Finishing up attribute : Attribute(name=gain, type=double [non-identifier])
17:39:44.022 [main] DEBUG org.hibernate.persister.walking.spi.MetamodelGraphWalker - Visiting attribute path : maxCurrent
17:39:44.022 [main] TRACE org.hibernate.loader.plan.build.internal.AbstractLoadPlanBuildingAssociationVisitationStrategy - >> Starting attribute Attribute(name=maxCurrent, type=double [non-identifier])
17:39:44.022 [main] TRACE org.hibernate.loader.plan.build.internal.AbstractLoadPlanBuildingAssociationVisitationStrategy - << Finishing up attribute : Attribute(name=maxCurrent, type=double [non-identifier])
17:39:44.022 [main] DEBUG org.hibernate.persister.walking.spi.MetamodelGraphWalker - Visiting attribute path : maxCurrentUnit
17:39:44.022 [main] TRACE org.hibernate.loader.plan.build.internal.AbstractLoadPlanBuildingAssociationVisitationStrategy - >> Starting attribute Attribute(name=maxCurrentUnit, type=integer [non-identifier])
17:39:44.022 [main] TRACE org.hibernate.loader.plan.build.internal.AbstractLoadPlanBuildingAssociationVisitationStrategy - << Finishing up attribute : Attribute(name=maxCurrentUnit, type=integer [non-identifier])
17:39:44.022 [main] DEBUG org.hibernate.persister.walking.spi.MetamodelGraphWalker - Visiting attribute path : name
17:39:44.022 [main] TRACE org.hibernate.loader.plan.build.internal.AbstractLoadPlanBuildingAssociationVisitationStrategy - >> Starting attribute Attribute(name=name, type=string [non-identifier])
17:39:44.022 [main] TRACE org.hibernate.loader.plan.build.internal.AbstractLoadPlanBuildingAssociationVisitationStrategy - << Finishing up attribute : Attribute(name=name, type=string [non-identifier])
17:39:44.022 [main] DEBUG org.hibernate.persister.walking.spi.MetamodelGraphWalker - Visiting attribute path : photo
17:39:44.022 [main] TRACE org.hibernate.loader.plan.build.internal.AbstractLoadPlanBuildingAssociationVisitationStrategy - >> Starting attribute Attribute(name=photo, type=binary [non-identifier])
17:39:44.022 [main] TRACE org.hibernate.loader.plan.build.internal.AbstractLoadPlanBuildingAssociationVisitationStrategy - << Finishing up attribute : Attribute(name=photo, type=binary [non-identifier])
17:39:44.022 [main] DEBUG org.hibernate.persister.walking.spi.MetamodelGraphWalker - Visiting attribute path : price
17:39:44.022 [main] TRACE org.hibernate.loader.plan.build.internal.AbstractLoadPlanBuildingAssociationVisitationStrategy - >> Starting attribute Attribute(name=price, type=double [non-identifier])
17:39:44.022 [main] TRACE org.hibernate.loader.plan.build.internal.AbstractLoadPlanBuildingAssociationVisitationStrategy - << Finishing up attribute : Attribute(name=price, type=double [non-identifier])
17:39:44.022 [main] DEBUG org.hibernate.persister.walking.spi.MetamodelGraphWalker - Visiting attribute path : producer
17:39:44.022 [main] TRACE org.hibernate.loader.plan.build.internal.AbstractLoadPlanBuildingAssociationVisitationStrategy - >> Starting attribute Attribute(name=producer, type=integer [non-identifier])
17:39:44.022 [main] TRACE org.hibernate.loader.plan.build.internal.AbstractLoadPlanBuildingAssociationVisitationStrategy - << Finishing up attribute : Attribute(name=producer, type=integer [non-identifier])
17:39:44.022 [main] DEBUG org.hibernate.persister.walking.spi.MetamodelGraphWalker - Visiting attribute path : quantity
17:39:44.022 [main] TRACE org.hibernate.loader.plan.build.internal.AbstractLoadPlanBuildingAssociationVisitationStrategy - >> Starting attribute Attribute(name=quantity, type=integer [non-identifier])
17:39:44.022 [main] TRACE org.hibernate.loader.plan.build.internal.AbstractLoadPlanBuildingAssociationVisitationStrategy - << Finishing up attribute : Attribute(name=quantity, type=integer [non-identifier])
17:39:44.022 [main] DEBUG org.hibernate.persister.walking.spi.MetamodelGraphWalker - Visiting attribute path : tPackage
17:39:44.022 [main] TRACE org.hibernate.loader.plan.build.internal.AbstractLoadPlanBuildingAssociationVisitationStrategy - >> Starting attribute Attribute(name=tPackage, type=integer [non-identifier])
17:39:44.022 [main] TRACE org.hibernate.loader.plan.build.internal.AbstractLoadPlanBuildingAssociationVisitationStrategy - << Finishing up attribute : Attribute(name=tPackage, type=integer [non-identifier])
17:39:44.022 [main] TRACE org.hibernate.loader.plan.build.internal.AbstractLoadPlanBuildingAssociationVisitationStrategy - Popped fetch owner from stack : org.hibernate.loader.plan.build.internal.returns.EntityReturnImpl@7ad1caa2
17:39:44.022 [main] TRACE org.hibernate.loader.plan.build.internal.AbstractLoadPlanBuildingAssociationVisitationStrategy -  Finished root entity : com.soft.entity.TransistorEntity
17:39:44.022 [main] DEBUG org.hibernate.loader.plan.build.internal.FetchStyleLoadPlanBuildingAssociationVisitationStrategy - Building LoadPlan...
17:39:44.022 [main] DEBUG org.hibernate.loader.plan.exec.internal.LoadQueryJoinAndFetchProcessor - processing queryspace <gen:0>
17:39:44.022 [main] DEBUG org.hibernate.loader.plan.build.spi.LoadPlanTreePrinter - LoadPlan(entity=com.soft.entity.TransistorEntity)
    - Returns
       - EntityReturnImpl(entity=com.soft.entity.TransistorEntity, querySpaceUid=<gen:0>, path=com.soft.entity.TransistorEntity)
    - QuerySpaces
       - EntityQuerySpaceImpl(uid=<gen:0>, entity=com.soft.entity.TransistorEntity)
          - SQL table alias mapping - transistor0_
          - alias suffix - 0_
          - suffixed key columns - {transist1_4_0_}

17:39:44.022 [main] DEBUG org.hibernate.loader.entity.plan.EntityLoader - Static select for entity com.soft.entity.TransistorEntity [FORCE]: select transistor0_.transistor_id as transist1_4_0_, transistor0_.category as category2_4_0_, transistor0_.conductunce_type as conductu3_4_0_, transistor0_.description as descript4_4_0_, transistor0_.gain as gain5_4_0_, transistor0_.max_current as max_curr6_4_0_, transistor0_.max_current_unit as max_curr7_4_0_, transistor0_.name as name8_4_0_, transistor0_.photo as photo9_4_0_, transistor0_.price as price10_4_0_, transistor0_.producer as produce11_4_0_, transistor0_.quantity as quantit12_4_0_, transistor0_.package as package13_4_0_ from transistor transistor0_ where transistor0_.transistor_id=? for update
17:39:44.022 [main] TRACE org.hibernate.loader.plan.build.internal.AbstractLoadPlanBuildingAssociationVisitationStrategy -  Starting root entity : com.soft.entity.TransistorEntity
17:39:44.023 [main] DEBUG org.hibernate.loader.plan.build.internal.spaces.QuerySpacesImpl - Adding QuerySpace : uid = <gen:0> -> org.hibernate.loader.plan.build.internal.spaces.EntityQuerySpaceImpl@6b6b3572]
17:39:44.023 [main] TRACE org.hibernate.loader.plan.build.internal.AbstractLoadPlanBuildingAssociationVisitationStrategy - Pushing fetch source to stack : org.hibernate.loader.plan.build.internal.returns.EntityReturnImpl@65d8dff8
17:39:44.023 [main] TRACE org.hibernate.loader.plan.build.internal.AbstractLoadPlanBuildingAssociationVisitationStrategy - .. Registering AssociationKey : AssociationKey(table=transistor, columns={transistor_id}) -> org.hibernate.loader.plan.build.internal.returns.EntityReturnImpl@65d8dff8
17:39:44.023 [main] TRACE org.hibernate.loader.plan.build.internal.AbstractLoadPlanBuildingAssociationVisitationStrategy - >> Starting entity identifier : com.soft.entity.TransistorEntity
17:39:44.023 [main] DEBUG org.hibernate.persister.walking.spi.MetamodelGraphWalker - Visiting attribute path : category
17:39:44.023 [main] TRACE org.hibernate.loader.plan.build.internal.AbstractLoadPlanBuildingAssociationVisitationStrategy - >> Starting attribute Attribute(name=category, type=integer [non-identifier])
17:39:44.023 [main] TRACE org.hibernate.loader.plan.build.internal.AbstractLoadPlanBuildingAssociationVisitationStrategy - << Finishing up attribute : Attribute(name=category, type=integer [non-identifier])
17:39:44.023 [main] DEBUG org.hibernate.persister.walking.spi.MetamodelGraphWalker - Visiting attribute path : conductanceType
17:39:44.023 [main] TRACE org.hibernate.loader.plan.build.internal.AbstractLoadPlanBuildingAssociationVisitationStrategy - >> Starting attribute Attribute(name=conductanceType, type=string [non-identifier])
17:39:44.023 [main] TRACE org.hibernate.loader.plan.build.internal.AbstractLoadPlanBuildingAssociationVisitationStrategy - << Finishing up attribute : Attribute(name=conductanceType, type=string [non-identifier])
17:39:44.023 [main] DEBUG org.hibernate.persister.walking.spi.MetamodelGraphWalker - Visiting attribute path : description
17:39:44.023 [main] TRACE org.hibernate.loader.plan.build.internal.AbstractLoadPlanBuildingAssociationVisitationStrategy - >> Starting attribute Attribute(name=description, type=string [non-identifier])
17:39:44.023 [main] TRACE org.hibernate.loader.plan.build.internal.AbstractLoadPlanBuildingAssociationVisitationStrategy - << Finishing up attribute : Attribute(name=description, type=string [non-identifier])
17:39:44.023 [main] DEBUG org.hibernate.persister.walking.spi.MetamodelGraphWalker - Visiting attribute path : gain
17:39:44.023 [main] TRACE org.hibernate.loader.plan.build.internal.AbstractLoadPlanBuildingAssociationVisitationStrategy - >> Starting attribute Attribute(name=gain, type=double [non-identifier])
17:39:44.023 [main] TRACE org.hibernate.loader.plan.build.internal.AbstractLoadPlanBuildingAssociationVisitationStrategy - << Finishing up attribute : Attribute(name=gain, type=double [non-identifier])
17:39:44.023 [main] DEBUG org.hibernate.persister.walking.spi.MetamodelGraphWalker - Visiting attribute path : maxCurrent
17:39:44.023 [main] TRACE org.hibernate.loader.plan.build.internal.AbstractLoadPlanBuildingAssociationVisitationStrategy - >> Starting attribute Attribute(name=maxCurrent, type=double [non-identifier])
17:39:44.023 [main] TRACE org.hibernate.loader.plan.build.internal.AbstractLoadPlanBuildingAssociationVisitationStrategy - << Finishing up attribute : Attribute(name=maxCurrent, type=double [non-identifier])
17:39:44.023 [main] DEBUG org.hibernate.persister.walking.spi.MetamodelGraphWalker - Visiting attribute path : maxCurrentUnit
17:39:44.023 [main] TRACE org.hibernate.loader.plan.build.internal.AbstractLoadPlanBuildingAssociationVisitationStrategy - >> Starting attribute Attribute(name=maxCurrentUnit, type=integer [non-identifier])
17:39:44.023 [main] TRACE org.hibernate.loader.plan.build.internal.AbstractLoadPlanBuildingAssociationVisitationStrategy - << Finishing up attribute : Attribute(name=maxCurrentUnit, type=integer [non-identifier])
17:39:44.023 [main] DEBUG org.hibernate.persister.walking.spi.MetamodelGraphWalker - Visiting attribute path : name
17:39:44.023 [main] TRACE org.hibernate.loader.plan.build.internal.AbstractLoadPlanBuildingAssociationVisitationStrategy - >> Starting attribute Attribute(name=name, type=string [non-identifier])
17:39:44.023 [main] TRACE org.hibernate.loader.plan.build.internal.AbstractLoadPlanBuildingAssociationVisitationStrategy - << Finishing up attribute : Attribute(name=name, type=string [non-identifier])
17:39:44.023 [main] DEBUG org.hibernate.persister.walking.spi.MetamodelGraphWalker - Visiting attribute path : photo
17:39:44.023 [main] TRACE org.hibernate.loader.plan.build.internal.AbstractLoadPlanBuildingAssociationVisitationStrategy - >> Starting attribute Attribute(name=photo, type=binary [non-identifier])
17:39:44.023 [main] TRACE org.hibernate.loader.plan.build.internal.AbstractLoadPlanBuildingAssociationVisitationStrategy - << Finishing up attribute : Attribute(name=photo, type=binary [non-identifier])
17:39:44.023 [main] DEBUG org.hibernate.persister.walking.spi.MetamodelGraphWalker - Visiting attribute path : price
17:39:44.023 [main] TRACE org.hibernate.loader.plan.build.internal.AbstractLoadPlanBuildingAssociationVisitationStrategy - >> Starting attribute Attribute(name=price, type=double [non-identifier])
17:39:44.023 [main] TRACE org.hibernate.loader.plan.build.internal.AbstractLoadPlanBuildingAssociationVisitationStrategy - << Finishing up attribute : Attribute(name=price, type=double [non-identifier])
17:39:44.023 [main] DEBUG org.hibernate.persister.walking.spi.MetamodelGraphWalker - Visiting attribute path : producer
17:39:44.023 [main] TRACE org.hibernate.loader.plan.build.internal.AbstractLoadPlanBuildingAssociationVisitationStrategy - >> Starting attribute Attribute(name=producer, type=integer [non-identifier])
17:39:44.023 [main] TRACE org.hibernate.loader.plan.build.internal.AbstractLoadPlanBuildingAssociationVisitationStrategy - << Finishing up attribute : Attribute(name=producer, type=integer [non-identifier])
17:39:44.023 [main] DEBUG org.hibernate.persister.walking.spi.MetamodelGraphWalker - Visiting attribute path : quantity
17:39:44.023 [main] TRACE org.hibernate.loader.plan.build.internal.AbstractLoadPlanBuildingAssociationVisitationStrategy - >> Starting attribute Attribute(name=quantity, type=integer [non-identifier])
17:39:44.023 [main] TRACE org.hibernate.loader.plan.build.internal.AbstractLoadPlanBuildingAssociationVisitationStrategy - << Finishing up attribute : Attribute(name=quantity, type=integer [non-identifier])
17:39:44.023 [main] DEBUG org.hibernate.persister.walking.spi.MetamodelGraphWalker - Visiting attribute path : tPackage
17:39:44.023 [main] TRACE org.hibernate.loader.plan.build.internal.AbstractLoadPlanBuildingAssociationVisitationStrategy - >> Starting attribute Attribute(name=tPackage, type=integer [non-identifier])
17:39:44.023 [main] TRACE org.hibernate.loader.plan.build.internal.AbstractLoadPlanBuildingAssociationVisitationStrategy - << Finishing up attribute : Attribute(name=tPackage, type=integer [non-identifier])
17:39:44.023 [main] TRACE org.hibernate.loader.plan.build.internal.AbstractLoadPlanBuildingAssociationVisitationStrategy - Popped fetch owner from stack : org.hibernate.loader.plan.build.internal.returns.EntityReturnImpl@65d8dff8
17:39:44.023 [main] TRACE org.hibernate.loader.plan.build.internal.AbstractLoadPlanBuildingAssociationVisitationStrategy -  Finished root entity : com.soft.entity.TransistorEntity
17:39:44.023 [main] DEBUG org.hibernate.loader.plan.build.internal.FetchStyleLoadPlanBuildingAssociationVisitationStrategy - Building LoadPlan...
17:39:44.023 [main] DEBUG org.hibernate.loader.plan.exec.internal.LoadQueryJoinAndFetchProcessor - processing queryspace <gen:0>
17:39:44.023 [main] DEBUG org.hibernate.loader.plan.build.spi.LoadPlanTreePrinter - LoadPlan(entity=com.soft.entity.TransistorEntity)
    - Returns
       - EntityReturnImpl(entity=com.soft.entity.TransistorEntity, querySpaceUid=<gen:0>, path=com.soft.entity.TransistorEntity)
    - QuerySpaces
       - EntityQuerySpaceImpl(uid=<gen:0>, entity=com.soft.entity.TransistorEntity)
          - SQL table alias mapping - transistor0_
          - alias suffix - 0_
          - suffixed key columns - {transist1_4_0_}

17:39:44.024 [main] DEBUG org.hibernate.loader.entity.plan.EntityLoader - Static select for entity com.soft.entity.TransistorEntity [PESSIMISTIC_READ]: select transistor0_.transistor_id as transist1_4_0_, transistor0_.category as category2_4_0_, transistor0_.conductunce_type as conductu3_4_0_, transistor0_.description as descript4_4_0_, transistor0_.gain as gain5_4_0_, transistor0_.max_current as max_curr6_4_0_, transistor0_.max_current_unit as max_curr7_4_0_, transistor0_.name as name8_4_0_, transistor0_.photo as photo9_4_0_, transistor0_.price as price10_4_0_, transistor0_.producer as produce11_4_0_, transistor0_.quantity as quantit12_4_0_, transistor0_.package as package13_4_0_ from transistor transistor0_ where transistor0_.transistor_id=? lock in share mode
17:39:44.024 [main] TRACE org.hibernate.loader.plan.build.internal.AbstractLoadPlanBuildingAssociationVisitationStrategy -  Starting root entity : com.soft.entity.TransistorEntity
17:39:44.024 [main] DEBUG org.hibernate.loader.plan.build.internal.spaces.QuerySpacesImpl - Adding QuerySpace : uid = <gen:0> -> org.hibernate.loader.plan.build.internal.spaces.EntityQuerySpaceImpl@444f44c5]
17:39:44.024 [main] TRACE org.hibernate.loader.plan.build.internal.AbstractLoadPlanBuildingAssociationVisitationStrategy - Pushing fetch source to stack : org.hibernate.loader.plan.build.internal.returns.EntityReturnImpl@303f1234
17:39:44.024 [main] TRACE org.hibernate.loader.plan.build.internal.AbstractLoadPlanBuildingAssociationVisitationStrategy - .. Registering AssociationKey : AssociationKey(table=transistor, columns={transistor_id}) -> org.hibernate.loader.plan.build.internal.returns.EntityReturnImpl@303f1234
17:39:44.024 [main] TRACE org.hibernate.loader.plan.build.internal.AbstractLoadPlanBuildingAssociationVisitationStrategy - >> Starting entity identifier : com.soft.entity.TransistorEntity
17:39:44.024 [main] DEBUG org.hibernate.persister.walking.spi.MetamodelGraphWalker - Visiting attribute path : category
17:39:44.024 [main] TRACE org.hibernate.loader.plan.build.internal.AbstractLoadPlanBuildingAssociationVisitationStrategy - >> Starting attribute Attribute(name=category, type=integer [non-identifier])
17:39:44.024 [main] TRACE org.hibernate.loader.plan.build.internal.AbstractLoadPlanBuildingAssociationVisitationStrategy - << Finishing up attribute : Attribute(name=category, type=integer [non-identifier])
17:39:44.024 [main] DEBUG org.hibernate.persister.walking.spi.MetamodelGraphWalker - Visiting attribute path : conductanceType
17:39:44.024 [main] TRACE org.hibernate.loader.plan.build.internal.AbstractLoadPlanBuildingAssociationVisitationStrategy - >> Starting attribute Attribute(name=conductanceType, type=string [non-identifier])
17:39:44.024 [main] TRACE org.hibernate.loader.plan.build.internal.AbstractLoadPlanBuildingAssociationVisitationStrategy - << Finishing up attribute : Attribute(name=conductanceType, type=string [non-identifier])
17:39:44.024 [main] DEBUG org.hibernate.persister.walking.spi.MetamodelGraphWalker - Visiting attribute path : description
17:39:44.024 [main] TRACE org.hibernate.loader.plan.build.internal.AbstractLoadPlanBuildingAssociationVisitationStrategy - >> Starting attribute Attribute(name=description, type=string [non-identifier])
17:39:44.024 [main] TRACE org.hibernate.loader.plan.build.internal.AbstractLoadPlanBuildingAssociationVisitationStrategy - << Finishing up attribute : Attribute(name=description, type=string [non-identifier])
17:39:44.024 [main] DEBUG org.hibernate.persister.walking.spi.MetamodelGraphWalker - Visiting attribute path : gain
17:39:44.024 [main] TRACE org.hibernate.loader.plan.build.internal.AbstractLoadPlanBuildingAssociationVisitationStrategy - >> Starting attribute Attribute(name=gain, type=double [non-identifier])
17:39:44.024 [main] TRACE org.hibernate.loader.plan.build.internal.AbstractLoadPlanBuildingAssociationVisitationStrategy - << Finishing up attribute : Attribute(name=gain, type=double [non-identifier])
17:39:44.024 [main] DEBUG org.hibernate.persister.walking.spi.MetamodelGraphWalker - Visiting attribute path : maxCurrent
17:39:44.024 [main] TRACE org.hibernate.loader.plan.build.internal.AbstractLoadPlanBuildingAssociationVisitationStrategy - >> Starting attribute Attribute(name=maxCurrent, type=double [non-identifier])
17:39:44.024 [main] TRACE org.hibernate.loader.plan.build.internal.AbstractLoadPlanBuildingAssociationVisitationStrategy - << Finishing up attribute : Attribute(name=maxCurrent, type=double [non-identifier])
17:39:44.024 [main] DEBUG org.hibernate.persister.walking.spi.MetamodelGraphWalker - Visiting attribute path : maxCurrentUnit
17:39:44.024 [main] TRACE org.hibernate.loader.plan.build.internal.AbstractLoadPlanBuildingAssociationVisitationStrategy - >> Starting attribute Attribute(name=maxCurrentUnit, type=integer [non-identifier])
17:39:44.024 [main] TRACE org.hibernate.loader.plan.build.internal.AbstractLoadPlanBuildingAssociationVisitationStrategy - << Finishing up attribute : Attribute(name=maxCurrentUnit, type=integer [non-identifier])
17:39:44.024 [main] DEBUG org.hibernate.persister.walking.spi.MetamodelGraphWalker - Visiting attribute path : name
17:39:44.024 [main] TRACE org.hibernate.loader.plan.build.internal.AbstractLoadPlanBuildingAssociationVisitationStrategy - >> Starting attribute Attribute(name=name, type=string [non-identifier])
17:39:44.024 [main] TRACE org.hibernate.loader.plan.build.internal.AbstractLoadPlanBuildingAssociationVisitationStrategy - << Finishing up attribute : Attribute(name=name, type=string [non-identifier])
17:39:44.024 [main] DEBUG org.hibernate.persister.walking.spi.MetamodelGraphWalker - Visiting attribute path : photo
17:39:44.024 [main] TRACE org.hibernate.loader.plan.build.internal.AbstractLoadPlanBuildingAssociationVisitationStrategy - >> Starting attribute Attribute(name=photo, type=binary [non-identifier])
17:39:44.024 [main] TRACE org.hibernate.loader.plan.build.internal.AbstractLoadPlanBuildingAssociationVisitationStrategy - << Finishing up attribute : Attribute(name=photo, type=binary [non-identifier])
17:39:44.024 [main] DEBUG org.hibernate.persister.walking.spi.MetamodelGraphWalker - Visiting attribute path : price
17:39:44.024 [main] TRACE org.hibernate.loader.plan.build.internal.AbstractLoadPlanBuildingAssociationVisitationStrategy - >> Starting attribute Attribute(name=price, type=double [non-identifier])
17:39:44.024 [main] TRACE org.hibernate.loader.plan.build.internal.AbstractLoadPlanBuildingAssociationVisitationStrategy - << Finishing up attribute : Attribute(name=price, type=double [non-identifier])
17:39:44.024 [main] DEBUG org.hibernate.persister.walking.spi.MetamodelGraphWalker - Visiting attribute path : producer
17:39:44.024 [main] TRACE org.hibernate.loader.plan.build.internal.AbstractLoadPlanBuildingAssociationVisitationStrategy - >> Starting attribute Attribute(name=producer, type=integer [non-identifier])
17:39:44.024 [main] TRACE org.hibernate.loader.plan.build.internal.AbstractLoadPlanBuildingAssociationVisitationStrategy - << Finishing up attribute : Attribute(name=producer, type=integer [non-identifier])
17:39:44.024 [main] DEBUG org.hibernate.persister.walking.spi.MetamodelGraphWalker - Visiting attribute path : quantity
17:39:44.024 [main] TRACE org.hibernate.loader.plan.build.internal.AbstractLoadPlanBuildingAssociationVisitationStrategy - >> Starting attribute Attribute(name=quantity, type=integer [non-identifier])
17:39:44.025 [main] TRACE org.hibernate.loader.plan.build.internal.AbstractLoadPlanBuildingAssociationVisitationStrategy - << Finishing up attribute : Attribute(name=quantity, type=integer [non-identifier])
17:39:44.025 [main] DEBUG org.hibernate.persister.walking.spi.MetamodelGraphWalker - Visiting attribute path : tPackage
17:39:44.025 [main] TRACE org.hibernate.loader.plan.build.internal.AbstractLoadPlanBuildingAssociationVisitationStrategy - >> Starting attribute Attribute(name=tPackage, type=integer [non-identifier])
17:39:44.025 [main] TRACE org.hibernate.loader.plan.build.internal.AbstractLoadPlanBuildingAssociationVisitationStrategy - << Finishing up attribute : Attribute(name=tPackage, type=integer [non-identifier])
17:39:44.025 [main] TRACE org.hibernate.loader.plan.build.internal.AbstractLoadPlanBuildingAssociationVisitationStrategy - Popped fetch owner from stack : org.hibernate.loader.plan.build.internal.returns.EntityReturnImpl@303f1234
17:39:44.025 [main] TRACE org.hibernate.loader.plan.build.internal.AbstractLoadPlanBuildingAssociationVisitationStrategy -  Finished root entity : com.soft.entity.TransistorEntity
17:39:44.025 [main] DEBUG org.hibernate.loader.plan.build.internal.FetchStyleLoadPlanBuildingAssociationVisitationStrategy - Building LoadPlan...
17:39:44.025 [main] DEBUG org.hibernate.loader.plan.exec.internal.LoadQueryJoinAndFetchProcessor - processing queryspace <gen:0>
17:39:44.025 [main] DEBUG org.hibernate.loader.plan.build.spi.LoadPlanTreePrinter - LoadPlan(entity=com.soft.entity.TransistorEntity)
    - Returns
       - EntityReturnImpl(entity=com.soft.entity.TransistorEntity, querySpaceUid=<gen:0>, path=com.soft.entity.TransistorEntity)
    - QuerySpaces
       - EntityQuerySpaceImpl(uid=<gen:0>, entity=com.soft.entity.TransistorEntity)
          - SQL table alias mapping - transistor0_
          - alias suffix - 0_
          - suffixed key columns - {transist1_4_0_}

17:39:44.025 [main] DEBUG org.hibernate.loader.entity.plan.EntityLoader - Static select for entity com.soft.entity.TransistorEntity [PESSIMISTIC_WRITE]: select transistor0_.transistor_id as transist1_4_0_, transistor0_.category as category2_4_0_, transistor0_.conductunce_type as conductu3_4_0_, transistor0_.description as descript4_4_0_, transistor0_.gain as gain5_4_0_, transistor0_.max_current as max_curr6_4_0_, transistor0_.max_current_unit as max_curr7_4_0_, transistor0_.name as name8_4_0_, transistor0_.photo as photo9_4_0_, transistor0_.price as price10_4_0_, transistor0_.producer as produce11_4_0_, transistor0_.quantity as quantit12_4_0_, transistor0_.package as package13_4_0_ from transistor transistor0_ where transistor0_.transistor_id=? for update
17:39:44.025 [main] TRACE org.hibernate.loader.plan.build.internal.AbstractLoadPlanBuildingAssociationVisitationStrategy -  Starting root entity : com.soft.entity.TransistorEntity
17:39:44.025 [main] DEBUG org.hibernate.loader.plan.build.internal.spaces.QuerySpacesImpl - Adding QuerySpace : uid = <gen:0> -> org.hibernate.loader.plan.build.internal.spaces.EntityQuerySpaceImpl@24d61e4]
17:39:44.025 [main] TRACE org.hibernate.loader.plan.build.internal.AbstractLoadPlanBuildingAssociationVisitationStrategy - Pushing fetch source to stack : org.hibernate.loader.plan.build.internal.returns.EntityReturnImpl@2149594a
17:39:44.025 [main] TRACE org.hibernate.loader.plan.build.internal.AbstractLoadPlanBuildingAssociationVisitationStrategy - .. Registering AssociationKey : AssociationKey(table=transistor, columns={transistor_id}) -> org.hibernate.loader.plan.build.internal.returns.EntityReturnImpl@2149594a
17:39:44.025 [main] TRACE org.hibernate.loader.plan.build.internal.AbstractLoadPlanBuildingAssociationVisitationStrategy - >> Starting entity identifier : com.soft.entity.TransistorEntity
17:39:44.025 [main] DEBUG org.hibernate.persister.walking.spi.MetamodelGraphWalker - Visiting attribute path : category
17:39:44.025 [main] TRACE org.hibernate.loader.plan.build.internal.AbstractLoadPlanBuildingAssociationVisitationStrategy - >> Starting attribute Attribute(name=category, type=integer [non-identifier])
17:39:44.025 [main] TRACE org.hibernate.loader.plan.build.internal.AbstractLoadPlanBuildingAssociationVisitationStrategy - << Finishing up attribute : Attribute(name=category, type=integer [non-identifier])
17:39:44.025 [main] DEBUG org.hibernate.persister.walking.spi.MetamodelGraphWalker - Visiting attribute path : conductanceType
17:39:44.025 [main] TRACE org.hibernate.loader.plan.build.internal.AbstractLoadPlanBuildingAssociationVisitationStrategy - >> Starting attribute Attribute(name=conductanceType, type=string [non-identifier])
17:39:44.025 [main] TRACE org.hibernate.loader.plan.build.internal.AbstractLoadPlanBuildingAssociationVisitationStrategy - << Finishing up attribute : Attribute(name=conductanceType, type=string [non-identifier])
17:39:44.025 [main] DEBUG org.hibernate.persister.walking.spi.MetamodelGraphWalker - Visiting attribute path : description
17:39:44.025 [main] TRACE org.hibernate.loader.plan.build.internal.AbstractLoadPlanBuildingAssociationVisitationStrategy - >> Starting attribute Attribute(name=description, type=string [non-identifier])
17:39:44.025 [main] TRACE org.hibernate.loader.plan.build.internal.AbstractLoadPlanBuildingAssociationVisitationStrategy - << Finishing up attribute : Attribute(name=description, type=string [non-identifier])
17:39:44.025 [main] DEBUG org.hibernate.persister.walking.spi.MetamodelGraphWalker - Visiting attribute path : gain
17:39:44.025 [main] TRACE org.hibernate.loader.plan.build.internal.AbstractLoadPlanBuildingAssociationVisitationStrategy - >> Starting attribute Attribute(name=gain, type=double [non-identifier])
17:39:44.025 [main] TRACE org.hibernate.loader.plan.build.internal.AbstractLoadPlanBuildingAssociationVisitationStrategy - << Finishing up attribute : Attribute(name=gain, type=double [non-identifier])
17:39:44.025 [main] DEBUG org.hibernate.persister.walking.spi.MetamodelGraphWalker - Visiting attribute path : maxCurrent
17:39:44.025 [main] TRACE org.hibernate.loader.plan.build.internal.AbstractLoadPlanBuildingAssociationVisitationStrategy - >> Starting attribute Attribute(name=maxCurrent, type=double [non-identifier])
17:39:44.025 [main] TRACE org.hibernate.loader.plan.build.internal.AbstractLoadPlanBuildingAssociationVisitationStrategy - << Finishing up attribute : Attribute(name=maxCurrent, type=double [non-identifier])
17:39:44.025 [main] DEBUG org.hibernate.persister.walking.spi.MetamodelGraphWalker - Visiting attribute path : maxCurrentUnit
17:39:44.025 [main] TRACE org.hibernate.loader.plan.build.internal.AbstractLoadPlanBuildingAssociationVisitationStrategy - >> Starting attribute Attribute(name=maxCurrentUnit, type=integer [non-identifier])
17:39:44.025 [main] TRACE org.hibernate.loader.plan.build.internal.AbstractLoadPlanBuildingAssociationVisitationStrategy - << Finishing up attribute : Attribute(name=maxCurrentUnit, type=integer [non-identifier])
17:39:44.025 [main] DEBUG org.hibernate.persister.walking.spi.MetamodelGraphWalker - Visiting attribute path : name
17:39:44.025 [main] TRACE org.hibernate.loader.plan.build.internal.AbstractLoadPlanBuildingAssociationVisitationStrategy - >> Starting attribute Attribute(name=name, type=string [non-identifier])
17:39:44.025 [main] TRACE org.hibernate.loader.plan.build.internal.AbstractLoadPlanBuildingAssociationVisitationStrategy - << Finishing up attribute : Attribute(name=name, type=string [non-identifier])
17:39:44.026 [main] DEBUG org.hibernate.persister.walking.spi.MetamodelGraphWalker - Visiting attribute path : photo
17:39:44.026 [main] TRACE org.hibernate.loader.plan.build.internal.AbstractLoadPlanBuildingAssociationVisitationStrategy - >> Starting attribute Attribute(name=photo, type=binary [non-identifier])
17:39:44.026 [main] TRACE org.hibernate.loader.plan.build.internal.AbstractLoadPlanBuildingAssociationVisitationStrategy - << Finishing up attribute : Attribute(name=photo, type=binary [non-identifier])
17:39:44.026 [main] DEBUG org.hibernate.persister.walking.spi.MetamodelGraphWalker - Visiting attribute path : price
17:39:44.026 [main] TRACE org.hibernate.loader.plan.build.internal.AbstractLoadPlanBuildingAssociationVisitationStrategy - >> Starting attribute Attribute(name=price, type=double [non-identifier])
17:39:44.026 [main] TRACE org.hibernate.loader.plan.build.internal.AbstractLoadPlanBuildingAssociationVisitationStrategy - << Finishing up attribute : Attribute(name=price, type=double [non-identifier])
17:39:44.026 [main] DEBUG org.hibernate.persister.walking.spi.MetamodelGraphWalker - Visiting attribute path : producer
17:39:44.026 [main] TRACE org.hibernate.loader.plan.build.internal.AbstractLoadPlanBuildingAssociationVisitationStrategy - >> Starting attribute Attribute(name=producer, type=integer [non-identifier])
17:39:44.026 [main] TRACE org.hibernate.loader.plan.build.internal.AbstractLoadPlanBuildingAssociationVisitationStrategy - << Finishing up attribute : Attribute(name=producer, type=integer [non-identifier])
17:39:44.026 [main] DEBUG org.hibernate.persister.walking.spi.MetamodelGraphWalker - Visiting attribute path : quantity
17:39:44.026 [main] TRACE org.hibernate.loader.plan.build.internal.AbstractLoadPlanBuildingAssociationVisitationStrategy - >> Starting attribute Attribute(name=quantity, type=integer [non-identifier])
17:39:44.026 [main] TRACE org.hibernate.loader.plan.build.internal.AbstractLoadPlanBuildingAssociationVisitationStrategy - << Finishing up attribute : Attribute(name=quantity, type=integer [non-identifier])
17:39:44.026 [main] DEBUG org.hibernate.persister.walking.spi.MetamodelGraphWalker - Visiting attribute path : tPackage
17:39:44.026 [main] TRACE org.hibernate.loader.plan.build.internal.AbstractLoadPlanBuildingAssociationVisitationStrategy - >> Starting attribute Attribute(name=tPackage, type=integer [non-identifier])
17:39:44.026 [main] TRACE org.hibernate.loader.plan.build.internal.AbstractLoadPlanBuildingAssociationVisitationStrategy - << Finishing up attribute : Attribute(name=tPackage, type=integer [non-identifier])
17:39:44.026 [main] TRACE org.hibernate.loader.plan.build.internal.AbstractLoadPlanBuildingAssociationVisitationStrategy - Popped fetch owner from stack : org.hibernate.loader.plan.build.internal.returns.EntityReturnImpl@2149594a
17:39:44.026 [main] TRACE org.hibernate.loader.plan.build.internal.AbstractLoadPlanBuildingAssociationVisitationStrategy -  Finished root entity : com.soft.entity.TransistorEntity
17:39:44.026 [main] DEBUG org.hibernate.loader.plan.build.internal.FetchStyleLoadPlanBuildingAssociationVisitationStrategy - Building LoadPlan...
17:39:44.026 [main] DEBUG org.hibernate.loader.plan.exec.internal.LoadQueryJoinAndFetchProcessor - processing queryspace <gen:0>
17:39:44.026 [main] DEBUG org.hibernate.loader.plan.build.spi.LoadPlanTreePrinter - LoadPlan(entity=com.soft.entity.TransistorEntity)
    - Returns
       - EntityReturnImpl(entity=com.soft.entity.TransistorEntity, querySpaceUid=<gen:0>, path=com.soft.entity.TransistorEntity)
    - QuerySpaces
       - EntityQuerySpaceImpl(uid=<gen:0>, entity=com.soft.entity.TransistorEntity)
          - SQL table alias mapping - transistor0_
          - alias suffix - 0_
          - suffixed key columns - {transist1_4_0_}

17:39:44.026 [main] DEBUG org.hibernate.loader.entity.plan.EntityLoader - Static select for entity com.soft.entity.TransistorEntity [PESSIMISTIC_FORCE_INCREMENT]: select transistor0_.transistor_id as transist1_4_0_, transistor0_.category as category2_4_0_, transistor0_.conductunce_type as conductu3_4_0_, transistor0_.description as descript4_4_0_, transistor0_.gain as gain5_4_0_, transistor0_.max_current as max_curr6_4_0_, transistor0_.max_current_unit as max_curr7_4_0_, transistor0_.name as name8_4_0_, transistor0_.photo as photo9_4_0_, transistor0_.price as price10_4_0_, transistor0_.producer as produce11_4_0_, transistor0_.quantity as quantit12_4_0_, transistor0_.package as package13_4_0_ from transistor transistor0_ where transistor0_.transistor_id=? for update
17:39:44.026 [main] TRACE org.hibernate.loader.plan.build.internal.AbstractLoadPlanBuildingAssociationVisitationStrategy -  Starting root entity : com.soft.entity.TransistorEntity
17:39:44.026 [main] DEBUG org.hibernate.loader.plan.build.internal.spaces.QuerySpacesImpl - Adding QuerySpace : uid = <gen:0> -> org.hibernate.loader.plan.build.internal.spaces.EntityQuerySpaceImpl@1f1e58ca]
17:39:44.026 [main] TRACE org.hibernate.loader.plan.build.internal.AbstractLoadPlanBuildingAssociationVisitationStrategy - Pushing fetch source to stack : org.hibernate.loader.plan.build.internal.returns.EntityReturnImpl@57f847af
17:39:44.026 [main] TRACE org.hibernate.loader.plan.build.internal.AbstractLoadPlanBuildingAssociationVisitationStrategy - .. Registering AssociationKey : AssociationKey(table=transistor, columns={transistor_id}) -> org.hibernate.loader.plan.build.internal.returns.EntityReturnImpl@57f847af
17:39:44.026 [main] TRACE org.hibernate.loader.plan.build.internal.AbstractLoadPlanBuildingAssociationVisitationStrategy - >> Starting entity identifier : com.soft.entity.TransistorEntity
17:39:44.026 [main] DEBUG org.hibernate.persister.walking.spi.MetamodelGraphWalker - Visiting attribute path : category
17:39:44.026 [main] TRACE org.hibernate.loader.plan.build.internal.AbstractLoadPlanBuildingAssociationVisitationStrategy - >> Starting attribute Attribute(name=category, type=integer [non-identifier])
17:39:44.026 [main] TRACE org.hibernate.loader.plan.build.internal.AbstractLoadPlanBuildingAssociationVisitationStrategy - << Finishing up attribute : Attribute(name=category, type=integer [non-identifier])
17:39:44.026 [main] DEBUG org.hibernate.persister.walking.spi.MetamodelGraphWalker - Visiting attribute path : conductanceType
17:39:44.026 [main] TRACE org.hibernate.loader.plan.build.internal.AbstractLoadPlanBuildingAssociationVisitationStrategy - >> Starting attribute Attribute(name=conductanceType, type=string [non-identifier])
17:39:44.026 [main] TRACE org.hibernate.loader.plan.build.internal.AbstractLoadPlanBuildingAssociationVisitationStrategy - << Finishing up attribute : Attribute(name=conductanceType, type=string [non-identifier])
17:39:44.026 [main] DEBUG org.hibernate.persister.walking.spi.MetamodelGraphWalker - Visiting attribute path : description
17:39:44.026 [main] TRACE org.hibernate.loader.plan.build.internal.AbstractLoadPlanBuildingAssociationVisitationStrategy - >> Starting attribute Attribute(name=description, type=string [non-identifier])
17:39:44.026 [main] TRACE org.hibernate.loader.plan.build.internal.AbstractLoadPlanBuildingAssociationVisitationStrategy - << Finishing up attribute : Attribute(name=description, type=string [non-identifier])
17:39:44.026 [main] DEBUG org.hibernate.persister.walking.spi.MetamodelGraphWalker - Visiting attribute path : gain
17:39:44.026 [main] TRACE org.hibernate.loader.plan.build.internal.AbstractLoadPlanBuildingAssociationVisitationStrategy - >> Starting attribute Attribute(name=gain, type=double [non-identifier])
17:39:44.027 [main] TRACE org.hibernate.loader.plan.build.internal.AbstractLoadPlanBuildingAssociationVisitationStrategy - << Finishing up attribute : Attribute(name=gain, type=double [non-identifier])
17:39:44.027 [main] DEBUG org.hibernate.persister.walking.spi.MetamodelGraphWalker - Visiting attribute path : maxCurrent
17:39:44.027 [main] TRACE org.hibernate.loader.plan.build.internal.AbstractLoadPlanBuildingAssociationVisitationStrategy - >> Starting attribute Attribute(name=maxCurrent, type=double [non-identifier])
17:39:44.027 [main] TRACE org.hibernate.loader.plan.build.internal.AbstractLoadPlanBuildingAssociationVisitationStrategy - << Finishing up attribute : Attribute(name=maxCurrent, type=double [non-identifier])
17:39:44.027 [main] DEBUG org.hibernate.persister.walking.spi.MetamodelGraphWalker - Visiting attribute path : maxCurrentUnit
17:39:44.027 [main] TRACE org.hibernate.loader.plan.build.internal.AbstractLoadPlanBuildingAssociationVisitationStrategy - >> Starting attribute Attribute(name=maxCurrentUnit, type=integer [non-identifier])
17:39:44.027 [main] TRACE org.hibernate.loader.plan.build.internal.AbstractLoadPlanBuildingAssociationVisitationStrategy - << Finishing up attribute : Attribute(name=maxCurrentUnit, type=integer [non-identifier])
17:39:44.027 [main] DEBUG org.hibernate.persister.walking.spi.MetamodelGraphWalker - Visiting attribute path : name
17:39:44.027 [main] TRACE org.hibernate.loader.plan.build.internal.AbstractLoadPlanBuildingAssociationVisitationStrategy - >> Starting attribute Attribute(name=name, type=string [non-identifier])
17:39:44.027 [main] TRACE org.hibernate.loader.plan.build.internal.AbstractLoadPlanBuildingAssociationVisitationStrategy - << Finishing up attribute : Attribute(name=name, type=string [non-identifier])
17:39:44.027 [main] DEBUG org.hibernate.persister.walking.spi.MetamodelGraphWalker - Visiting attribute path : photo
17:39:44.027 [main] TRACE org.hibernate.loader.plan.build.internal.AbstractLoadPlanBuildingAssociationVisitationStrategy - >> Starting attribute Attribute(name=photo, type=binary [non-identifier])
17:39:44.027 [main] TRACE org.hibernate.loader.plan.build.internal.AbstractLoadPlanBuildingAssociationVisitationStrategy - << Finishing up attribute : Attribute(name=photo, type=binary [non-identifier])
17:39:44.027 [main] DEBUG org.hibernate.persister.walking.spi.MetamodelGraphWalker - Visiting attribute path : price
17:39:44.027 [main] TRACE org.hibernate.loader.plan.build.internal.AbstractLoadPlanBuildingAssociationVisitationStrategy - >> Starting attribute Attribute(name=price, type=double [non-identifier])
17:39:44.027 [main] TRACE org.hibernate.loader.plan.build.internal.AbstractLoadPlanBuildingAssociationVisitationStrategy - << Finishing up attribute : Attribute(name=price, type=double [non-identifier])
17:39:44.027 [main] DEBUG org.hibernate.persister.walking.spi.MetamodelGraphWalker - Visiting attribute path : producer
17:39:44.027 [main] TRACE org.hibernate.loader.plan.build.internal.AbstractLoadPlanBuildingAssociationVisitationStrategy - >> Starting attribute Attribute(name=producer, type=integer [non-identifier])
17:39:44.027 [main] TRACE org.hibernate.loader.plan.build.internal.AbstractLoadPlanBuildingAssociationVisitationStrategy - << Finishing up attribute : Attribute(name=producer, type=integer [non-identifier])
17:39:44.027 [main] DEBUG org.hibernate.persister.walking.spi.MetamodelGraphWalker - Visiting attribute path : quantity
17:39:44.027 [main] TRACE org.hibernate.loader.plan.build.internal.AbstractLoadPlanBuildingAssociationVisitationStrategy - >> Starting attribute Attribute(name=quantity, type=integer [non-identifier])
17:39:44.027 [main] TRACE org.hibernate.loader.plan.build.internal.AbstractLoadPlanBuildingAssociationVisitationStrategy - << Finishing up attribute : Attribute(name=quantity, type=integer [non-identifier])
17:39:44.027 [main] DEBUG org.hibernate.persister.walking.spi.MetamodelGraphWalker - Visiting attribute path : tPackage
17:39:44.027 [main] TRACE org.hibernate.loader.plan.build.internal.AbstractLoadPlanBuildingAssociationVisitationStrategy - >> Starting attribute Attribute(name=tPackage, type=integer [non-identifier])
17:39:44.027 [main] TRACE org.hibernate.loader.plan.build.internal.AbstractLoadPlanBuildingAssociationVisitationStrategy - << Finishing up attribute : Attribute(name=tPackage, type=integer [non-identifier])
17:39:44.027 [main] TRACE org.hibernate.loader.plan.build.internal.AbstractLoadPlanBuildingAssociationVisitationStrategy - Popped fetch owner from stack : org.hibernate.loader.plan.build.internal.returns.EntityReturnImpl@57f847af
17:39:44.027 [main] TRACE org.hibernate.loader.plan.build.internal.AbstractLoadPlanBuildingAssociationVisitationStrategy -  Finished root entity : com.soft.entity.TransistorEntity
17:39:44.028 [main] DEBUG org.hibernate.loader.plan.build.internal.FetchStyleLoadPlanBuildingAssociationVisitationStrategy - Building LoadPlan...
17:39:44.028 [main] DEBUG org.hibernate.loader.plan.exec.internal.LoadQueryJoinAndFetchProcessor - processing queryspace <gen:0>
17:39:44.028 [main] DEBUG org.hibernate.loader.plan.build.spi.LoadPlanTreePrinter - LoadPlan(entity=com.soft.entity.TransistorEntity)
    - Returns
       - EntityReturnImpl(entity=com.soft.entity.TransistorEntity, querySpaceUid=<gen:0>, path=com.soft.entity.TransistorEntity)
    - QuerySpaces
       - EntityQuerySpaceImpl(uid=<gen:0>, entity=com.soft.entity.TransistorEntity)
          - SQL table alias mapping - transistor0_
          - alias suffix - 0_
          - suffixed key columns - {transist1_4_0_}

17:39:44.028 [main] DEBUG org.hibernate.loader.entity.plan.EntityLoader - Static select for entity com.soft.entity.TransistorEntity [OPTIMISTIC]: select transistor0_.transistor_id as transist1_4_0_, transistor0_.category as category2_4_0_, transistor0_.conductunce_type as conductu3_4_0_, transistor0_.description as descript4_4_0_, transistor0_.gain as gain5_4_0_, transistor0_.max_current as max_curr6_4_0_, transistor0_.max_current_unit as max_curr7_4_0_, transistor0_.name as name8_4_0_, transistor0_.photo as photo9_4_0_, transistor0_.price as price10_4_0_, transistor0_.producer as produce11_4_0_, transistor0_.quantity as quantit12_4_0_, transistor0_.package as package13_4_0_ from transistor transistor0_ where transistor0_.transistor_id=?
17:39:44.028 [main] TRACE org.hibernate.loader.plan.build.internal.AbstractLoadPlanBuildingAssociationVisitationStrategy -  Starting root entity : com.soft.entity.TransistorEntity
17:39:44.028 [main] DEBUG org.hibernate.loader.plan.build.internal.spaces.QuerySpacesImpl - Adding QuerySpace : uid = <gen:0> -> org.hibernate.loader.plan.build.internal.spaces.EntityQuerySpaceImpl@3ed34ef5]
17:39:44.028 [main] TRACE org.hibernate.loader.plan.build.internal.AbstractLoadPlanBuildingAssociationVisitationStrategy - Pushing fetch source to stack : org.hibernate.loader.plan.build.internal.returns.EntityReturnImpl@553bc36c
17:39:44.028 [main] TRACE org.hibernate.loader.plan.build.internal.AbstractLoadPlanBuildingAssociationVisitationStrategy - .. Registering AssociationKey : AssociationKey(table=transistor, columns={transistor_id}) -> org.hibernate.loader.plan.build.internal.returns.EntityReturnImpl@553bc36c
17:39:44.028 [main] TRACE org.hibernate.loader.plan.build.internal.AbstractLoadPlanBuildingAssociationVisitationStrategy - >> Starting entity identifier : com.soft.entity.TransistorEntity
17:39:44.028 [main] DEBUG org.hibernate.persister.walking.spi.MetamodelGraphWalker - Visiting attribute path : category
17:39:44.028 [main] TRACE org.hibernate.loader.plan.build.internal.AbstractLoadPlanBuildingAssociationVisitationStrategy - >> Starting attribute Attribute(name=category, type=integer [non-identifier])
17:39:44.028 [main] TRACE org.hibernate.loader.plan.build.internal.AbstractLoadPlanBuildingAssociationVisitationStrategy - << Finishing up attribute : Attribute(name=category, type=integer [non-identifier])
17:39:44.028 [main] DEBUG org.hibernate.persister.walking.spi.MetamodelGraphWalker - Visiting attribute path : conductanceType
17:39:44.028 [main] TRACE org.hibernate.loader.plan.build.internal.AbstractLoadPlanBuildingAssociationVisitationStrategy - >> Starting attribute Attribute(name=conductanceType, type=string [non-identifier])
17:39:44.028 [main] TRACE org.hibernate.loader.plan.build.internal.AbstractLoadPlanBuildingAssociationVisitationStrategy - << Finishing up attribute : Attribute(name=conductanceType, type=string [non-identifier])
17:39:44.028 [main] DEBUG org.hibernate.persister.walking.spi.MetamodelGraphWalker - Visiting attribute path : description
17:39:44.028 [main] TRACE org.hibernate.loader.plan.build.internal.AbstractLoadPlanBuildingAssociationVisitationStrategy - >> Starting attribute Attribute(name=description, type=string [non-identifier])
17:39:44.029 [main] TRACE org.hibernate.loader.plan.build.internal.AbstractLoadPlanBuildingAssociationVisitationStrategy - << Finishing up attribute : Attribute(name=description, type=string [non-identifier])
17:39:44.029 [main] DEBUG org.hibernate.persister.walking.spi.MetamodelGraphWalker - Visiting attribute path : gain
17:39:44.029 [main] TRACE org.hibernate.loader.plan.build.internal.AbstractLoadPlanBuildingAssociationVisitationStrategy - >> Starting attribute Attribute(name=gain, type=double [non-identifier])
17:39:44.029 [main] TRACE org.hibernate.loader.plan.build.internal.AbstractLoadPlanBuildingAssociationVisitationStrategy - << Finishing up attribute : Attribute(name=gain, type=double [non-identifier])
17:39:44.029 [main] DEBUG org.hibernate.persister.walking.spi.MetamodelGraphWalker - Visiting attribute path : maxCurrent
17:39:44.029 [main] TRACE org.hibernate.loader.plan.build.internal.AbstractLoadPlanBuildingAssociationVisitationStrategy - >> Starting attribute Attribute(name=maxCurrent, type=double [non-identifier])
17:39:44.029 [main] TRACE org.hibernate.loader.plan.build.internal.AbstractLoadPlanBuildingAssociationVisitationStrategy - << Finishing up attribute : Attribute(name=maxCurrent, type=double [non-identifier])
17:39:44.029 [main] DEBUG org.hibernate.persister.walking.spi.MetamodelGraphWalker - Visiting attribute path : maxCurrentUnit
17:39:44.029 [main] TRACE org.hibernate.loader.plan.build.internal.AbstractLoadPlanBuildingAssociationVisitationStrategy - >> Starting attribute Attribute(name=maxCurrentUnit, type=integer [non-identifier])
17:39:44.029 [main] TRACE org.hibernate.loader.plan.build.internal.AbstractLoadPlanBuildingAssociationVisitationStrategy - << Finishing up attribute : Attribute(name=maxCurrentUnit, type=integer [non-identifier])
17:39:44.029 [main] DEBUG org.hibernate.persister.walking.spi.MetamodelGraphWalker - Visiting attribute path : name
17:39:44.029 [main] TRACE org.hibernate.loader.plan.build.internal.AbstractLoadPlanBuildingAssociationVisitationStrategy - >> Starting attribute Attribute(name=name, type=string [non-identifier])
17:39:44.029 [main] TRACE org.hibernate.loader.plan.build.internal.AbstractLoadPlanBuildingAssociationVisitationStrategy - << Finishing up attribute : Attribute(name=name, type=string [non-identifier])
17:39:44.029 [main] DEBUG org.hibernate.persister.walking.spi.MetamodelGraphWalker - Visiting attribute path : photo
17:39:44.029 [main] TRACE org.hibernate.loader.plan.build.internal.AbstractLoadPlanBuildingAssociationVisitationStrategy - >> Starting attribute Attribute(name=photo, type=binary [non-identifier])
17:39:44.029 [main] TRACE org.hibernate.loader.plan.build.internal.AbstractLoadPlanBuildingAssociationVisitationStrategy - << Finishing up attribute : Attribute(name=photo, type=binary [non-identifier])
17:39:44.029 [main] DEBUG org.hibernate.persister.walking.spi.MetamodelGraphWalker - Visiting attribute path : price
17:39:44.029 [main] TRACE org.hibernate.loader.plan.build.internal.AbstractLoadPlanBuildingAssociationVisitationStrategy - >> Starting attribute Attribute(name=price, type=double [non-identifier])
17:39:44.029 [main] TRACE org.hibernate.loader.plan.build.internal.AbstractLoadPlanBuildingAssociationVisitationStrategy - << Finishing up attribute : Attribute(name=price, type=double [non-identifier])
17:39:44.029 [main] DEBUG org.hibernate.persister.walking.spi.MetamodelGraphWalker - Visiting attribute path : producer
17:39:44.029 [main] TRACE org.hibernate.loader.plan.build.internal.AbstractLoadPlanBuildingAssociationVisitationStrategy - >> Starting attribute Attribute(name=producer, type=integer [non-identifier])
17:39:44.029 [main] TRACE org.hibernate.loader.plan.build.internal.AbstractLoadPlanBuildingAssociationVisitationStrategy - << Finishing up attribute : Attribute(name=producer, type=integer [non-identifier])
17:39:44.029 [main] DEBUG org.hibernate.persister.walking.spi.MetamodelGraphWalker - Visiting attribute path : quantity
17:39:44.029 [main] TRACE org.hibernate.loader.plan.build.internal.AbstractLoadPlanBuildingAssociationVisitationStrategy - >> Starting attribute Attribute(name=quantity, type=integer [non-identifier])
17:39:44.029 [main] TRACE org.hibernate.loader.plan.build.internal.AbstractLoadPlanBuildingAssociationVisitationStrategy - << Finishing up attribute : Attribute(name=quantity, type=integer [non-identifier])
17:39:44.029 [main] DEBUG org.hibernate.persister.walking.spi.MetamodelGraphWalker - Visiting attribute path : tPackage
17:39:44.029 [main] TRACE org.hibernate.loader.plan.build.internal.AbstractLoadPlanBuildingAssociationVisitationStrategy - >> Starting attribute Attribute(name=tPackage, type=integer [non-identifier])
17:39:44.029 [main] TRACE org.hibernate.loader.plan.build.internal.AbstractLoadPlanBuildingAssociationVisitationStrategy - << Finishing up attribute : Attribute(name=tPackage, type=integer [non-identifier])
17:39:44.029 [main] TRACE org.hibernate.loader.plan.build.internal.AbstractLoadPlanBuildingAssociationVisitationStrategy - Popped fetch owner from stack : org.hibernate.loader.plan.build.internal.returns.EntityReturnImpl@553bc36c
17:39:44.030 [main] TRACE org.hibernate.loader.plan.build.internal.AbstractLoadPlanBuildingAssociationVisitationStrategy -  Finished root entity : com.soft.entity.TransistorEntity
17:39:44.030 [main] DEBUG org.hibernate.loader.plan.build.internal.FetchStyleLoadPlanBuildingAssociationVisitationStrategy - Building LoadPlan...
17:39:44.030 [main] DEBUG org.hibernate.loader.plan.exec.internal.LoadQueryJoinAndFetchProcessor - processing queryspace <gen:0>
17:39:44.030 [main] DEBUG org.hibernate.loader.plan.build.spi.LoadPlanTreePrinter - LoadPlan(entity=com.soft.entity.TransistorEntity)
    - Returns
       - EntityReturnImpl(entity=com.soft.entity.TransistorEntity, querySpaceUid=<gen:0>, path=com.soft.entity.TransistorEntity)
    - QuerySpaces
       - EntityQuerySpaceImpl(uid=<gen:0>, entity=com.soft.entity.TransistorEntity)
          - SQL table alias mapping - transistor0_
          - alias suffix - 0_
          - suffixed key columns - {transist1_4_0_}

17:39:44.030 [main] DEBUG org.hibernate.loader.entity.plan.EntityLoader - Static select for entity com.soft.entity.TransistorEntity [OPTIMISTIC_FORCE_INCREMENT]: select transistor0_.transistor_id as transist1_4_0_, transistor0_.category as category2_4_0_, transistor0_.conductunce_type as conductu3_4_0_, transistor0_.description as descript4_4_0_, transistor0_.gain as gain5_4_0_, transistor0_.max_current as max_curr6_4_0_, transistor0_.max_current_unit as max_curr7_4_0_, transistor0_.name as name8_4_0_, transistor0_.photo as photo9_4_0_, transistor0_.price as price10_4_0_, transistor0_.producer as produce11_4_0_, transistor0_.quantity as quantit12_4_0_, transistor0_.package as package13_4_0_ from transistor transistor0_ where transistor0_.transistor_id=?
17:39:44.030 [main] DEBUG org.hibernate.loader.Loader - Static select for action ACTION_MERGE on entity com.soft.entity.TransistorEntity: select transistor0_.transistor_id as transist1_4_0_, transistor0_.category as category2_4_0_, transistor0_.conductunce_type as conductu3_4_0_, transistor0_.description as descript4_4_0_, transistor0_.gain as gain5_4_0_, transistor0_.max_current as max_curr6_4_0_, transistor0_.max_current_unit as max_curr7_4_0_, transistor0_.name as name8_4_0_, transistor0_.photo as photo9_4_0_, transistor0_.price as price10_4_0_, transistor0_.producer as produce11_4_0_, transistor0_.quantity as quantit12_4_0_, transistor0_.package as package13_4_0_ from transistor transistor0_ where transistor0_.transistor_id=?
17:39:44.030 [main] DEBUG org.hibernate.loader.Loader - Static select for action ACTION_REFRESH on entity com.soft.entity.TransistorEntity: select transistor0_.transistor_id as transist1_4_0_, transistor0_.category as category2_4_0_, transistor0_.conductunce_type as conductu3_4_0_, transistor0_.description as descript4_4_0_, transistor0_.gain as gain5_4_0_, transistor0_.max_current as max_curr6_4_0_, transistor0_.max_current_unit as max_curr7_4_0_, transistor0_.name as name8_4_0_, transistor0_.photo as photo9_4_0_, transistor0_.price as price10_4_0_, transistor0_.producer as produce11_4_0_, transistor0_.quantity as quantit12_4_0_, transistor0_.package as package13_4_0_ from transistor transistor0_ where transistor0_.transistor_id=?
17:39:44.030 [main] DEBUG org.hibernate.persister.entity.AbstractEntityPersister - Static SQL for entity: com.soft.entity.CategoryEntity
17:39:44.031 [main] DEBUG org.hibernate.persister.entity.AbstractEntityPersister -  Version select: select category_id from category where category_id =?
17:39:44.031 [main] DEBUG org.hibernate.persister.entity.AbstractEntityPersister -  Snapshot select: select categoryen_.category_id, categoryen_.entity_name as entity_n2_0_, categoryen_.name as name3_0_, categoryen_.photo as photo4_0_ from category categoryen_ where categoryen_.category_id=?
17:39:44.031 [main] DEBUG org.hibernate.persister.entity.AbstractEntityPersister -  Insert 0: insert into category (entity_name, name, photo, category_id) values (?, ?, ?, ?)
17:39:44.031 [main] DEBUG org.hibernate.persister.entity.AbstractEntityPersister -  Update 0: update category set entity_name=?, name=?, photo=? where category_id=?
17:39:44.031 [main] DEBUG org.hibernate.persister.entity.AbstractEntityPersister -  Delete 0: delete from category where category_id=?
17:39:44.031 [main] TRACE org.hibernate.loader.plan.build.internal.AbstractLoadPlanBuildingAssociationVisitationStrategy -  Starting root entity : com.soft.entity.CategoryEntity
17:39:44.031 [main] DEBUG org.hibernate.loader.plan.build.internal.spaces.QuerySpacesImpl - Adding QuerySpace : uid = <gen:0> -> org.hibernate.loader.plan.build.internal.spaces.EntityQuerySpaceImpl@380e1909]
17:39:44.031 [main] TRACE org.hibernate.loader.plan.build.internal.AbstractLoadPlanBuildingAssociationVisitationStrategy - Pushing fetch source to stack : org.hibernate.loader.plan.build.internal.returns.EntityReturnImpl@2d5ef498
17:39:44.031 [main] TRACE org.hibernate.loader.plan.build.internal.AbstractLoadPlanBuildingAssociationVisitationStrategy - .. Registering AssociationKey : AssociationKey(table=category, columns={category_id}) -> org.hibernate.loader.plan.build.internal.returns.EntityReturnImpl@2d5ef498
17:39:44.031 [main] TRACE org.hibernate.loader.plan.build.internal.AbstractLoadPlanBuildingAssociationVisitationStrategy - >> Starting entity identifier : com.soft.entity.CategoryEntity
17:39:44.031 [main] DEBUG org.hibernate.persister.walking.spi.MetamodelGraphWalker - Visiting attribute path : entityName
17:39:44.031 [main] TRACE org.hibernate.loader.plan.build.internal.AbstractLoadPlanBuildingAssociationVisitationStrategy - >> Starting attribute Attribute(name=entityName, type=string [non-identifier])
17:39:44.031 [main] TRACE org.hibernate.loader.plan.build.internal.AbstractLoadPlanBuildingAssociationVisitationStrategy - << Finishing up attribute : Attribute(name=entityName, type=string [non-identifier])
17:39:44.031 [main] DEBUG org.hibernate.persister.walking.spi.MetamodelGraphWalker - Visiting attribute path : name
17:39:44.031 [main] TRACE org.hibernate.loader.plan.build.internal.AbstractLoadPlanBuildingAssociationVisitationStrategy - >> Starting attribute Attribute(name=name, type=string [non-identifier])
17:39:44.031 [main] TRACE org.hibernate.loader.plan.build.internal.AbstractLoadPlanBuildingAssociationVisitationStrategy - << Finishing up attribute : Attribute(name=name, type=string [non-identifier])
17:39:44.031 [main] DEBUG org.hibernate.persister.walking.spi.MetamodelGraphWalker - Visiting attribute path : photo
17:39:44.031 [main] TRACE org.hibernate.loader.plan.build.internal.AbstractLoadPlanBuildingAssociationVisitationStrategy - >> Starting attribute Attribute(name=photo, type=binary [non-identifier])
17:39:44.031 [main] TRACE org.hibernate.loader.plan.build.internal.AbstractLoadPlanBuildingAssociationVisitationStrategy - << Finishing up attribute : Attribute(name=photo, type=binary [non-identifier])
17:39:44.031 [main] TRACE org.hibernate.loader.plan.build.internal.AbstractLoadPlanBuildingAssociationVisitationStrategy - Popped fetch owner from stack : org.hibernate.loader.plan.build.internal.returns.EntityReturnImpl@2d5ef498
17:39:44.031 [main] TRACE org.hibernate.loader.plan.build.internal.AbstractLoadPlanBuildingAssociationVisitationStrategy -  Finished root entity : com.soft.entity.CategoryEntity
17:39:44.031 [main] DEBUG org.hibernate.loader.plan.build.internal.FetchStyleLoadPlanBuildingAssociationVisitationStrategy - Building LoadPlan...
17:39:44.032 [main] DEBUG org.hibernate.loader.plan.exec.internal.LoadQueryJoinAndFetchProcessor - processing queryspace <gen:0>
17:39:44.032 [main] DEBUG org.hibernate.loader.plan.build.spi.LoadPlanTreePrinter - LoadPlan(entity=com.soft.entity.CategoryEntity)
    - Returns
       - EntityReturnImpl(entity=com.soft.entity.CategoryEntity, querySpaceUid=<gen:0>, path=com.soft.entity.CategoryEntity)
    - QuerySpaces
       - EntityQuerySpaceImpl(uid=<gen:0>, entity=com.soft.entity.CategoryEntity)
          - SQL table alias mapping - categoryen0_
          - alias suffix - 0_
          - suffixed key columns - {category1_0_0_}

17:39:44.032 [main] DEBUG org.hibernate.loader.entity.plan.EntityLoader - Static select for entity com.soft.entity.CategoryEntity [NONE]: select categoryen0_.category_id as category1_0_0_, categoryen0_.entity_name as entity_n2_0_0_, categoryen0_.name as name3_0_0_, categoryen0_.photo as photo4_0_0_ from category categoryen0_ where categoryen0_.category_id=?
17:39:44.032 [main] TRACE org.hibernate.loader.plan.build.internal.AbstractLoadPlanBuildingAssociationVisitationStrategy -  Starting root entity : com.soft.entity.CategoryEntity
17:39:44.032 [main] DEBUG org.hibernate.loader.plan.build.internal.spaces.QuerySpacesImpl - Adding QuerySpace : uid = <gen:0> -> org.hibernate.loader.plan.build.internal.spaces.EntityQuerySpaceImpl@95eb320]
17:39:44.032 [main] TRACE org.hibernate.loader.plan.build.internal.AbstractLoadPlanBuildingAssociationVisitationStrategy - Pushing fetch source to stack : org.hibernate.loader.plan.build.internal.returns.EntityReturnImpl@2f521c4
17:39:44.032 [main] TRACE org.hibernate.loader.plan.build.internal.AbstractLoadPlanBuildingAssociationVisitationStrategy - .. Registering AssociationKey : AssociationKey(table=category, columns={category_id}) -> org.hibernate.loader.plan.build.internal.returns.EntityReturnImpl@2f521c4
17:39:44.032 [main] TRACE org.hibernate.loader.plan.build.internal.AbstractLoadPlanBuildingAssociationVisitationStrategy - >> Starting entity identifier : com.soft.entity.CategoryEntity
17:39:44.032 [main] DEBUG org.hibernate.persister.walking.spi.MetamodelGraphWalker - Visiting attribute path : entityName
17:39:44.032 [main] TRACE org.hibernate.loader.plan.build.internal.AbstractLoadPlanBuildingAssociationVisitationStrategy - >> Starting attribute Attribute(name=entityName, type=string [non-identifier])
17:39:44.032 [main] TRACE org.hibernate.loader.plan.build.internal.AbstractLoadPlanBuildingAssociationVisitationStrategy - << Finishing up attribute : Attribute(name=entityName, type=string [non-identifier])
17:39:44.032 [main] DEBUG org.hibernate.persister.walking.spi.MetamodelGraphWalker - Visiting attribute path : name
17:39:44.032 [main] TRACE org.hibernate.loader.plan.build.internal.AbstractLoadPlanBuildingAssociationVisitationStrategy - >> Starting attribute Attribute(name=name, type=string [non-identifier])
17:39:44.032 [main] TRACE org.hibernate.loader.plan.build.internal.AbstractLoadPlanBuildingAssociationVisitationStrategy - << Finishing up attribute : Attribute(name=name, type=string [non-identifier])
17:39:44.032 [main] DEBUG org.hibernate.persister.walking.spi.MetamodelGraphWalker - Visiting attribute path : photo
17:39:44.032 [main] TRACE org.hibernate.loader.plan.build.internal.AbstractLoadPlanBuildingAssociationVisitationStrategy - >> Starting attribute Attribute(name=photo, type=binary [non-identifier])
17:39:44.032 [main] TRACE org.hibernate.loader.plan.build.internal.AbstractLoadPlanBuildingAssociationVisitationStrategy - << Finishing up attribute : Attribute(name=photo, type=binary [non-identifier])
17:39:44.032 [main] TRACE org.hibernate.loader.plan.build.internal.AbstractLoadPlanBuildingAssociationVisitationStrategy - Popped fetch owner from stack : org.hibernate.loader.plan.build.internal.returns.EntityReturnImpl@2f521c4
17:39:44.032 [main] TRACE org.hibernate.loader.plan.build.internal.AbstractLoadPlanBuildingAssociationVisitationStrategy -  Finished root entity : com.soft.entity.CategoryEntity
17:39:44.032 [main] DEBUG org.hibernate.loader.plan.build.internal.FetchStyleLoadPlanBuildingAssociationVisitationStrategy - Building LoadPlan...
17:39:44.033 [main] DEBUG org.hibernate.loader.plan.exec.internal.LoadQueryJoinAndFetchProcessor - processing queryspace <gen:0>
17:39:44.033 [main] DEBUG org.hibernate.loader.plan.build.spi.LoadPlanTreePrinter - LoadPlan(entity=com.soft.entity.CategoryEntity)
    - Returns
       - EntityReturnImpl(entity=com.soft.entity.CategoryEntity, querySpaceUid=<gen:0>, path=com.soft.entity.CategoryEntity)
    - QuerySpaces
       - EntityQuerySpaceImpl(uid=<gen:0>, entity=com.soft.entity.CategoryEntity)
          - SQL table alias mapping - categoryen0_
          - alias suffix - 0_
          - suffixed key columns - {category1_0_0_}

17:39:44.033 [main] DEBUG org.hibernate.loader.entity.plan.EntityLoader - Static select for entity com.soft.entity.CategoryEntity [READ]: select categoryen0_.category_id as category1_0_0_, categoryen0_.entity_name as entity_n2_0_0_, categoryen0_.name as name3_0_0_, categoryen0_.photo as photo4_0_0_ from category categoryen0_ where categoryen0_.category_id=?
17:39:44.033 [main] TRACE org.hibernate.loader.plan.build.internal.AbstractLoadPlanBuildingAssociationVisitationStrategy -  Starting root entity : com.soft.entity.CategoryEntity
17:39:44.033 [main] DEBUG org.hibernate.loader.plan.build.internal.spaces.QuerySpacesImpl - Adding QuerySpace : uid = <gen:0> -> org.hibernate.loader.plan.build.internal.spaces.EntityQuerySpaceImpl@4afbb6c2]
17:39:44.033 [main] TRACE org.hibernate.loader.plan.build.internal.AbstractLoadPlanBuildingAssociationVisitationStrategy - Pushing fetch source to stack : org.hibernate.loader.plan.build.internal.returns.EntityReturnImpl@10db6131
17:39:44.033 [main] TRACE org.hibernate.loader.plan.build.internal.AbstractLoadPlanBuildingAssociationVisitationStrategy - .. Registering AssociationKey : AssociationKey(table=category, columns={category_id}) -> org.hibernate.loader.plan.build.internal.returns.EntityReturnImpl@10db6131
17:39:44.033 [main] TRACE org.hibernate.loader.plan.build.internal.AbstractLoadPlanBuildingAssociationVisitationStrategy - >> Starting entity identifier : com.soft.entity.CategoryEntity
17:39:44.033 [main] DEBUG org.hibernate.persister.walking.spi.MetamodelGraphWalker - Visiting attribute path : entityName
17:39:44.033 [main] TRACE org.hibernate.loader.plan.build.internal.AbstractLoadPlanBuildingAssociationVisitationStrategy - >> Starting attribute Attribute(name=entityName, type=string [non-identifier])
17:39:44.033 [main] TRACE org.hibernate.loader.plan.build.internal.AbstractLoadPlanBuildingAssociationVisitationStrategy - << Finishing up attribute : Attribute(name=entityName, type=string [non-identifier])
17:39:44.033 [main] DEBUG org.hibernate.persister.walking.spi.MetamodelGraphWalker - Visiting attribute path : name
17:39:44.033 [main] TRACE org.hibernate.loader.plan.build.internal.AbstractLoadPlanBuildingAssociationVisitationStrategy - >> Starting attribute Attribute(name=name, type=string [non-identifier])
17:39:44.033 [main] TRACE org.hibernate.loader.plan.build.internal.AbstractLoadPlanBuildingAssociationVisitationStrategy - << Finishing up attribute : Attribute(name=name, type=string [non-identifier])
17:39:44.033 [main] DEBUG org.hibernate.persister.walking.spi.MetamodelGraphWalker - Visiting attribute path : photo
17:39:44.033 [main] TRACE org.hibernate.loader.plan.build.internal.AbstractLoadPlanBuildingAssociationVisitationStrategy - >> Starting attribute Attribute(name=photo, type=binary [non-identifier])
17:39:44.033 [main] TRACE org.hibernate.loader.plan.build.internal.AbstractLoadPlanBuildingAssociationVisitationStrategy - << Finishing up attribute : Attribute(name=photo, type=binary [non-identifier])
17:39:44.033 [main] TRACE org.hibernate.loader.plan.build.internal.AbstractLoadPlanBuildingAssociationVisitationStrategy - Popped fetch owner from stack : org.hibernate.loader.plan.build.internal.returns.EntityReturnImpl@10db6131
17:39:44.033 [main] TRACE org.hibernate.loader.plan.build.internal.AbstractLoadPlanBuildingAssociationVisitationStrategy -  Finished root entity : com.soft.entity.CategoryEntity
17:39:44.034 [main] DEBUG org.hibernate.loader.plan.build.internal.FetchStyleLoadPlanBuildingAssociationVisitationStrategy - Building LoadPlan...
17:39:44.034 [main] DEBUG org.hibernate.loader.plan.exec.internal.LoadQueryJoinAndFetchProcessor - processing queryspace <gen:0>
17:39:44.034 [main] DEBUG org.hibernate.loader.plan.build.spi.LoadPlanTreePrinter - LoadPlan(entity=com.soft.entity.CategoryEntity)
    - Returns
       - EntityReturnImpl(entity=com.soft.entity.CategoryEntity, querySpaceUid=<gen:0>, path=com.soft.entity.CategoryEntity)
    - QuerySpaces
       - EntityQuerySpaceImpl(uid=<gen:0>, entity=com.soft.entity.CategoryEntity)
          - SQL table alias mapping - categoryen0_
          - alias suffix - 0_
          - suffixed key columns - {category1_0_0_}

17:39:44.034 [main] DEBUG org.hibernate.loader.entity.plan.EntityLoader - Static select for entity com.soft.entity.CategoryEntity [UPGRADE]: select categoryen0_.category_id as category1_0_0_, categoryen0_.entity_name as entity_n2_0_0_, categoryen0_.name as name3_0_0_, categoryen0_.photo as photo4_0_0_ from category categoryen0_ where categoryen0_.category_id=? for update
17:39:44.034 [main] TRACE org.hibernate.loader.plan.build.internal.AbstractLoadPlanBuildingAssociationVisitationStrategy -  Starting root entity : com.soft.entity.CategoryEntity
17:39:44.034 [main] DEBUG org.hibernate.loader.plan.build.internal.spaces.QuerySpacesImpl - Adding QuerySpace : uid = <gen:0> -> org.hibernate.loader.plan.build.internal.spaces.EntityQuerySpaceImpl@6c6017b9]
17:39:44.034 [main] TRACE org.hibernate.loader.plan.build.internal.AbstractLoadPlanBuildingAssociationVisitationStrategy - Pushing fetch source to stack : org.hibernate.loader.plan.build.internal.returns.EntityReturnImpl@4730e0f0
17:39:44.034 [main] TRACE org.hibernate.loader.plan.build.internal.AbstractLoadPlanBuildingAssociationVisitationStrategy - .. Registering AssociationKey : AssociationKey(table=category, columns={category_id}) -> org.hibernate.loader.plan.build.internal.returns.EntityReturnImpl@4730e0f0
17:39:44.034 [main] TRACE org.hibernate.loader.plan.build.internal.AbstractLoadPlanBuildingAssociationVisitationStrategy - >> Starting entity identifier : com.soft.entity.CategoryEntity
17:39:44.034 [main] DEBUG org.hibernate.persister.walking.spi.MetamodelGraphWalker - Visiting attribute path : entityName
17:39:44.034 [main] TRACE org.hibernate.loader.plan.build.internal.AbstractLoadPlanBuildingAssociationVisitationStrategy - >> Starting attribute Attribute(name=entityName, type=string [non-identifier])
17:39:44.034 [main] TRACE org.hibernate.loader.plan.build.internal.AbstractLoadPlanBuildingAssociationVisitationStrategy - << Finishing up attribute : Attribute(name=entityName, type=string [non-identifier])
17:39:44.034 [main] DEBUG org.hibernate.persister.walking.spi.MetamodelGraphWalker - Visiting attribute path : name
17:39:44.034 [main] TRACE org.hibernate.loader.plan.build.internal.AbstractLoadPlanBuildingAssociationVisitationStrategy - >> Starting attribute Attribute(name=name, type=string [non-identifier])
17:39:44.034 [main] TRACE org.hibernate.loader.plan.build.internal.AbstractLoadPlanBuildingAssociationVisitationStrategy - << Finishing up attribute : Attribute(name=name, type=string [non-identifier])
17:39:44.034 [main] DEBUG org.hibernate.persister.walking.spi.MetamodelGraphWalker - Visiting attribute path : photo
17:39:44.034 [main] TRACE org.hibernate.loader.plan.build.internal.AbstractLoadPlanBuildingAssociationVisitationStrategy - >> Starting attribute Attribute(name=photo, type=binary [non-identifier])
17:39:44.034 [main] TRACE org.hibernate.loader.plan.build.internal.AbstractLoadPlanBuildingAssociationVisitationStrategy - << Finishing up attribute : Attribute(name=photo, type=binary [non-identifier])
17:39:44.039 [main] TRACE org.hibernate.loader.plan.build.internal.AbstractLoadPlanBuildingAssociationVisitationStrategy - Popped fetch owner from stack : org.hibernate.loader.plan.build.internal.returns.EntityReturnImpl@4730e0f0
17:39:44.039 [main] TRACE org.hibernate.loader.plan.build.internal.AbstractLoadPlanBuildingAssociationVisitationStrategy -  Finished root entity : com.soft.entity.CategoryEntity
17:39:44.039 [main] DEBUG org.hibernate.loader.plan.build.internal.FetchStyleLoadPlanBuildingAssociationVisitationStrategy - Building LoadPlan...
17:39:44.039 [main] DEBUG org.hibernate.loader.plan.exec.internal.LoadQueryJoinAndFetchProcessor - processing queryspace <gen:0>
17:39:44.039 [main] DEBUG org.hibernate.loader.plan.build.spi.LoadPlanTreePrinter - LoadPlan(entity=com.soft.entity.CategoryEntity)
    - Returns
       - EntityReturnImpl(entity=com.soft.entity.CategoryEntity, querySpaceUid=<gen:0>, path=com.soft.entity.CategoryEntity)
    - QuerySpaces
       - EntityQuerySpaceImpl(uid=<gen:0>, entity=com.soft.entity.CategoryEntity)
          - SQL table alias mapping - categoryen0_
          - alias suffix - 0_
          - suffixed key columns - {category1_0_0_}

17:39:44.040 [main] DEBUG org.hibernate.loader.entity.plan.EntityLoader - Static select for entity com.soft.entity.CategoryEntity [UPGRADE_NOWAIT]: select categoryen0_.category_id as category1_0_0_, categoryen0_.entity_name as entity_n2_0_0_, categoryen0_.name as name3_0_0_, categoryen0_.photo as photo4_0_0_ from category categoryen0_ where categoryen0_.category_id=? for update
17:39:44.040 [main] TRACE org.hibernate.loader.plan.build.internal.AbstractLoadPlanBuildingAssociationVisitationStrategy -  Starting root entity : com.soft.entity.CategoryEntity
17:39:44.040 [main] DEBUG org.hibernate.loader.plan.build.internal.spaces.QuerySpacesImpl - Adding QuerySpace : uid = <gen:0> -> org.hibernate.loader.plan.build.internal.spaces.EntityQuerySpaceImpl@506a1372]
17:39:44.040 [main] TRACE org.hibernate.loader.plan.build.internal.AbstractLoadPlanBuildingAssociationVisitationStrategy - Pushing fetch source to stack : org.hibernate.loader.plan.build.internal.returns.EntityReturnImpl@1b7332a7
17:39:44.040 [main] TRACE org.hibernate.loader.plan.build.internal.AbstractLoadPlanBuildingAssociationVisitationStrategy - .. Registering AssociationKey : AssociationKey(table=category, columns={category_id}) -> org.hibernate.loader.plan.build.internal.returns.EntityReturnImpl@1b7332a7
17:39:44.040 [main] TRACE org.hibernate.loader.plan.build.internal.AbstractLoadPlanBuildingAssociationVisitationStrategy - >> Starting entity identifier : com.soft.entity.CategoryEntity
17:39:44.040 [main] DEBUG org.hibernate.persister.walking.spi.MetamodelGraphWalker - Visiting attribute path : entityName
17:39:44.041 [main] TRACE org.hibernate.loader.plan.build.internal.AbstractLoadPlanBuildingAssociationVisitationStrategy - >> Starting attribute Attribute(name=entityName, type=string [non-identifier])
17:39:44.041 [main] TRACE org.hibernate.loader.plan.build.internal.AbstractLoadPlanBuildingAssociationVisitationStrategy - << Finishing up attribute : Attribute(name=entityName, type=string [non-identifier])
17:39:44.041 [main] DEBUG org.hibernate.persister.walking.spi.MetamodelGraphWalker - Visiting attribute path : name
17:39:44.041 [main] TRACE org.hibernate.loader.plan.build.internal.AbstractLoadPlanBuildingAssociationVisitationStrategy - >> Starting attribute Attribute(name=name, type=string [non-identifier])
17:39:44.041 [main] TRACE org.hibernate.loader.plan.build.internal.AbstractLoadPlanBuildingAssociationVisitationStrategy - << Finishing up attribute : Attribute(name=name, type=string [non-identifier])
17:39:44.041 [main] DEBUG org.hibernate.persister.walking.spi.MetamodelGraphWalker - Visiting attribute path : photo
17:39:44.041 [main] TRACE org.hibernate.loader.plan.build.internal.AbstractLoadPlanBuildingAssociationVisitationStrategy - >> Starting attribute Attribute(name=photo, type=binary [non-identifier])
17:39:44.041 [main] TRACE org.hibernate.loader.plan.build.internal.AbstractLoadPlanBuildingAssociationVisitationStrategy - << Finishing up attribute : Attribute(name=photo, type=binary [non-identifier])
17:39:44.041 [main] TRACE org.hibernate.loader.plan.build.internal.AbstractLoadPlanBuildingAssociationVisitationStrategy - Popped fetch owner from stack : org.hibernate.loader.plan.build.internal.returns.EntityReturnImpl@1b7332a7
17:39:44.041 [main] TRACE org.hibernate.loader.plan.build.internal.AbstractLoadPlanBuildingAssociationVisitationStrategy -  Finished root entity : com.soft.entity.CategoryEntity
17:39:44.041 [main] DEBUG org.hibernate.loader.plan.build.internal.FetchStyleLoadPlanBuildingAssociationVisitationStrategy - Building LoadPlan...
17:39:44.041 [main] DEBUG org.hibernate.loader.plan.exec.internal.LoadQueryJoinAndFetchProcessor - processing queryspace <gen:0>
17:39:44.041 [main] DEBUG org.hibernate.loader.plan.build.spi.LoadPlanTreePrinter - LoadPlan(entity=com.soft.entity.CategoryEntity)
    - Returns
       - EntityReturnImpl(entity=com.soft.entity.CategoryEntity, querySpaceUid=<gen:0>, path=com.soft.entity.CategoryEntity)
    - QuerySpaces
       - EntityQuerySpaceImpl(uid=<gen:0>, entity=com.soft.entity.CategoryEntity)
          - SQL table alias mapping - categoryen0_
          - alias suffix - 0_
          - suffixed key columns - {category1_0_0_}

17:39:44.041 [main] DEBUG org.hibernate.loader.entity.plan.EntityLoader - Static select for entity com.soft.entity.CategoryEntity [UPGRADE_SKIPLOCKED]: select categoryen0_.category_id as category1_0_0_, categoryen0_.entity_name as entity_n2_0_0_, categoryen0_.name as name3_0_0_, categoryen0_.photo as photo4_0_0_ from category categoryen0_ where categoryen0_.category_id=? for update
17:39:44.041 [main] TRACE org.hibernate.loader.plan.build.internal.AbstractLoadPlanBuildingAssociationVisitationStrategy -  Starting root entity : com.soft.entity.CategoryEntity
17:39:44.042 [main] DEBUG org.hibernate.loader.plan.build.internal.spaces.QuerySpacesImpl - Adding QuerySpace : uid = <gen:0> -> org.hibernate.loader.plan.build.internal.spaces.EntityQuerySpaceImpl@77c233af]
17:39:44.042 [main] TRACE org.hibernate.loader.plan.build.internal.AbstractLoadPlanBuildingAssociationVisitationStrategy - Pushing fetch source to stack : org.hibernate.loader.plan.build.internal.returns.EntityReturnImpl@37b56ac7
17:39:44.043 [main] TRACE org.hibernate.loader.plan.build.internal.AbstractLoadPlanBuildingAssociationVisitationStrategy - .. Registering AssociationKey : AssociationKey(table=category, columns={category_id}) -> org.hibernate.loader.plan.build.internal.returns.EntityReturnImpl@37b56ac7
17:39:44.043 [main] TRACE org.hibernate.loader.plan.build.internal.AbstractLoadPlanBuildingAssociationVisitationStrategy - >> Starting entity identifier : com.soft.entity.CategoryEntity
17:39:44.043 [main] DEBUG org.hibernate.persister.walking.spi.MetamodelGraphWalker - Visiting attribute path : entityName
17:39:44.043 [main] TRACE org.hibernate.loader.plan.build.internal.AbstractLoadPlanBuildingAssociationVisitationStrategy - >> Starting attribute Attribute(name=entityName, type=string [non-identifier])
17:39:44.043 [main] TRACE org.hibernate.loader.plan.build.internal.AbstractLoadPlanBuildingAssociationVisitationStrategy - << Finishing up attribute : Attribute(name=entityName, type=string [non-identifier])
17:39:44.043 [main] DEBUG org.hibernate.persister.walking.spi.MetamodelGraphWalker - Visiting attribute path : name
17:39:44.043 [main] TRACE org.hibernate.loader.plan.build.internal.AbstractLoadPlanBuildingAssociationVisitationStrategy - >> Starting attribute Attribute(name=name, type=string [non-identifier])
17:39:44.043 [main] TRACE org.hibernate.loader.plan.build.internal.AbstractLoadPlanBuildingAssociationVisitationStrategy - << Finishing up attribute : Attribute(name=name, type=string [non-identifier])
17:39:44.043 [main] DEBUG org.hibernate.persister.walking.spi.MetamodelGraphWalker - Visiting attribute path : photo
17:39:44.043 [main] TRACE org.hibernate.loader.plan.build.internal.AbstractLoadPlanBuildingAssociationVisitationStrategy - >> Starting attribute Attribute(name=photo, type=binary [non-identifier])
17:39:44.043 [main] TRACE org.hibernate.loader.plan.build.internal.AbstractLoadPlanBuildingAssociationVisitationStrategy - << Finishing up attribute : Attribute(name=photo, type=binary [non-identifier])
17:39:44.043 [main] TRACE org.hibernate.loader.plan.build.internal.AbstractLoadPlanBuildingAssociationVisitationStrategy - Popped fetch owner from stack : org.hibernate.loader.plan.build.internal.returns.EntityReturnImpl@37b56ac7
17:39:44.043 [main] TRACE org.hibernate.loader.plan.build.internal.AbstractLoadPlanBuildingAssociationVisitationStrategy -  Finished root entity : com.soft.entity.CategoryEntity
17:39:44.043 [main] DEBUG org.hibernate.loader.plan.build.internal.FetchStyleLoadPlanBuildingAssociationVisitationStrategy - Building LoadPlan...
17:39:44.043 [main] DEBUG org.hibernate.loader.plan.exec.internal.LoadQueryJoinAndFetchProcessor - processing queryspace <gen:0>
17:39:44.044 [main] DEBUG org.hibernate.loader.plan.build.spi.LoadPlanTreePrinter - LoadPlan(entity=com.soft.entity.CategoryEntity)
    - Returns
       - EntityReturnImpl(entity=com.soft.entity.CategoryEntity, querySpaceUid=<gen:0>, path=com.soft.entity.CategoryEntity)
    - QuerySpaces
       - EntityQuerySpaceImpl(uid=<gen:0>, entity=com.soft.entity.CategoryEntity)
          - SQL table alias mapping - categoryen0_
          - alias suffix - 0_
          - suffixed key columns - {category1_0_0_}

17:39:44.044 [main] DEBUG org.hibernate.loader.entity.plan.EntityLoader - Static select for entity com.soft.entity.CategoryEntity [FORCE]: select categoryen0_.category_id as category1_0_0_, categoryen0_.entity_name as entity_n2_0_0_, categoryen0_.name as name3_0_0_, categoryen0_.photo as photo4_0_0_ from category categoryen0_ where categoryen0_.category_id=? for update
17:39:44.044 [main] TRACE org.hibernate.loader.plan.build.internal.AbstractLoadPlanBuildingAssociationVisitationStrategy -  Starting root entity : com.soft.entity.CategoryEntity
17:39:44.044 [main] DEBUG org.hibernate.loader.plan.build.internal.spaces.QuerySpacesImpl - Adding QuerySpace : uid = <gen:0> -> org.hibernate.loader.plan.build.internal.spaces.EntityQuerySpaceImpl@37c41ec0]
17:39:44.044 [main] TRACE org.hibernate.loader.plan.build.internal.AbstractLoadPlanBuildingAssociationVisitationStrategy - Pushing fetch source to stack : org.hibernate.loader.plan.build.internal.returns.EntityReturnImpl@35a0e495
17:39:44.044 [main] TRACE org.hibernate.loader.plan.build.internal.AbstractLoadPlanBuildingAssociationVisitationStrategy - .. Registering AssociationKey : AssociationKey(table=category, columns={category_id}) -> org.hibernate.loader.plan.build.internal.returns.EntityReturnImpl@35a0e495
17:39:44.044 [main] TRACE org.hibernate.loader.plan.build.internal.AbstractLoadPlanBuildingAssociationVisitationStrategy - >> Starting entity identifier : com.soft.entity.CategoryEntity
17:39:44.044 [main] DEBUG org.hibernate.persister.walking.spi.MetamodelGraphWalker - Visiting attribute path : entityName
17:39:44.044 [main] TRACE org.hibernate.loader.plan.build.internal.AbstractLoadPlanBuildingAssociationVisitationStrategy - >> Starting attribute Attribute(name=entityName, type=string [non-identifier])
17:39:44.044 [main] TRACE org.hibernate.loader.plan.build.internal.AbstractLoadPlanBuildingAssociationVisitationStrategy - << Finishing up attribute : Attribute(name=entityName, type=string [non-identifier])
17:39:44.044 [main] DEBUG org.hibernate.persister.walking.spi.MetamodelGraphWalker - Visiting attribute path : name
17:39:44.044 [main] TRACE org.hibernate.loader.plan.build.internal.AbstractLoadPlanBuildingAssociationVisitationStrategy - >> Starting attribute Attribute(name=name, type=string [non-identifier])
17:39:44.044 [main] TRACE org.hibernate.loader.plan.build.internal.AbstractLoadPlanBuildingAssociationVisitationStrategy - << Finishing up attribute : Attribute(name=name, type=string [non-identifier])
17:39:44.044 [main] DEBUG org.hibernate.persister.walking.spi.MetamodelGraphWalker - Visiting attribute path : photo
17:39:44.044 [main] TRACE org.hibernate.loader.plan.build.internal.AbstractLoadPlanBuildingAssociationVisitationStrategy - >> Starting attribute Attribute(name=photo, type=binary [non-identifier])
17:39:44.044 [main] TRACE org.hibernate.loader.plan.build.internal.AbstractLoadPlanBuildingAssociationVisitationStrategy - << Finishing up attribute : Attribute(name=photo, type=binary [non-identifier])
17:39:44.045 [main] TRACE org.hibernate.loader.plan.build.internal.AbstractLoadPlanBuildingAssociationVisitationStrategy - Popped fetch owner from stack : org.hibernate.loader.plan.build.internal.returns.EntityReturnImpl@35a0e495
17:39:44.045 [main] TRACE org.hibernate.loader.plan.build.internal.AbstractLoadPlanBuildingAssociationVisitationStrategy -  Finished root entity : com.soft.entity.CategoryEntity
17:39:44.045 [main] DEBUG org.hibernate.loader.plan.build.internal.FetchStyleLoadPlanBuildingAssociationVisitationStrategy - Building LoadPlan...
17:39:44.045 [main] DEBUG org.hibernate.loader.plan.exec.internal.LoadQueryJoinAndFetchProcessor - processing queryspace <gen:0>
17:39:44.045 [main] DEBUG org.hibernate.loader.plan.build.spi.LoadPlanTreePrinter - LoadPlan(entity=com.soft.entity.CategoryEntity)
    - Returns
       - EntityReturnImpl(entity=com.soft.entity.CategoryEntity, querySpaceUid=<gen:0>, path=com.soft.entity.CategoryEntity)
    - QuerySpaces
       - EntityQuerySpaceImpl(uid=<gen:0>, entity=com.soft.entity.CategoryEntity)
          - SQL table alias mapping - categoryen0_
          - alias suffix - 0_
          - suffixed key columns - {category1_0_0_}

17:39:44.045 [main] DEBUG org.hibernate.loader.entity.plan.EntityLoader - Static select for entity com.soft.entity.CategoryEntity [PESSIMISTIC_READ]: select categoryen0_.category_id as category1_0_0_, categoryen0_.entity_name as entity_n2_0_0_, categoryen0_.name as name3_0_0_, categoryen0_.photo as photo4_0_0_ from category categoryen0_ where categoryen0_.category_id=? lock in share mode
17:39:44.045 [main] TRACE org.hibernate.loader.plan.build.internal.AbstractLoadPlanBuildingAssociationVisitationStrategy -  Starting root entity : com.soft.entity.CategoryEntity
17:39:44.045 [main] DEBUG org.hibernate.loader.plan.build.internal.spaces.QuerySpacesImpl - Adding QuerySpace : uid = <gen:0> -> org.hibernate.loader.plan.build.internal.spaces.EntityQuerySpaceImpl@5399f6c5]
17:39:44.045 [main] TRACE org.hibernate.loader.plan.build.internal.AbstractLoadPlanBuildingAssociationVisitationStrategy - Pushing fetch source to stack : org.hibernate.loader.plan.build.internal.returns.EntityReturnImpl@4fe64d23
17:39:44.045 [main] TRACE org.hibernate.loader.plan.build.internal.AbstractLoadPlanBuildingAssociationVisitationStrategy - .. Registering AssociationKey : AssociationKey(table=category, columns={category_id}) -> org.hibernate.loader.plan.build.internal.returns.EntityReturnImpl@4fe64d23
17:39:44.045 [main] TRACE org.hibernate.loader.plan.build.internal.AbstractLoadPlanBuildingAssociationVisitationStrategy - >> Starting entity identifier : com.soft.entity.CategoryEntity
17:39:44.045 [main] DEBUG org.hibernate.persister.walking.spi.MetamodelGraphWalker - Visiting attribute path : entityName
17:39:44.045 [main] TRACE org.hibernate.loader.plan.build.internal.AbstractLoadPlanBuildingAssociationVisitationStrategy - >> Starting attribute Attribute(name=entityName, type=string [non-identifier])
17:39:44.045 [main] TRACE org.hibernate.loader.plan.build.internal.AbstractLoadPlanBuildingAssociationVisitationStrategy - << Finishing up attribute : Attribute(name=entityName, type=string [non-identifier])
17:39:44.045 [main] DEBUG org.hibernate.persister.walking.spi.MetamodelGraphWalker - Visiting attribute path : name
17:39:44.045 [main] TRACE org.hibernate.loader.plan.build.internal.AbstractLoadPlanBuildingAssociationVisitationStrategy - >> Starting attribute Attribute(name=name, type=string [non-identifier])
17:39:44.045 [main] TRACE org.hibernate.loader.plan.build.internal.AbstractLoadPlanBuildingAssociationVisitationStrategy - << Finishing up attribute : Attribute(name=name, type=string [non-identifier])
17:39:44.045 [main] DEBUG org.hibernate.persister.walking.spi.MetamodelGraphWalker - Visiting attribute path : photo
17:39:44.045 [main] TRACE org.hibernate.loader.plan.build.internal.AbstractLoadPlanBuildingAssociationVisitationStrategy - >> Starting attribute Attribute(name=photo, type=binary [non-identifier])
17:39:44.045 [main] TRACE org.hibernate.loader.plan.build.internal.AbstractLoadPlanBuildingAssociationVisitationStrategy - << Finishing up attribute : Attribute(name=photo, type=binary [non-identifier])
17:39:44.045 [main] TRACE org.hibernate.loader.plan.build.internal.AbstractLoadPlanBuildingAssociationVisitationStrategy - Popped fetch owner from stack : org.hibernate.loader.plan.build.internal.returns.EntityReturnImpl@4fe64d23
17:39:44.045 [main] TRACE org.hibernate.loader.plan.build.internal.AbstractLoadPlanBuildingAssociationVisitationStrategy -  Finished root entity : com.soft.entity.CategoryEntity
17:39:44.046 [main] DEBUG org.hibernate.loader.plan.build.internal.FetchStyleLoadPlanBuildingAssociationVisitationStrategy - Building LoadPlan...
17:39:44.046 [main] DEBUG org.hibernate.loader.plan.exec.internal.LoadQueryJoinAndFetchProcessor - processing queryspace <gen:0>
17:39:44.046 [main] DEBUG org.hibernate.loader.plan.build.spi.LoadPlanTreePrinter - LoadPlan(entity=com.soft.entity.CategoryEntity)
    - Returns
       - EntityReturnImpl(entity=com.soft.entity.CategoryEntity, querySpaceUid=<gen:0>, path=com.soft.entity.CategoryEntity)
    - QuerySpaces
       - EntityQuerySpaceImpl(uid=<gen:0>, entity=com.soft.entity.CategoryEntity)
          - SQL table alias mapping - categoryen0_
          - alias suffix - 0_
          - suffixed key columns - {category1_0_0_}

17:39:44.046 [main] DEBUG org.hibernate.loader.entity.plan.EntityLoader - Static select for entity com.soft.entity.CategoryEntity [PESSIMISTIC_WRITE]: select categoryen0_.category_id as category1_0_0_, categoryen0_.entity_name as entity_n2_0_0_, categoryen0_.name as name3_0_0_, categoryen0_.photo as photo4_0_0_ from category categoryen0_ where categoryen0_.category_id=? for update
17:39:44.046 [main] TRACE org.hibernate.loader.plan.build.internal.AbstractLoadPlanBuildingAssociationVisitationStrategy -  Starting root entity : com.soft.entity.CategoryEntity
17:39:44.046 [main] DEBUG org.hibernate.loader.plan.build.internal.spaces.QuerySpacesImpl - Adding QuerySpace : uid = <gen:0> -> org.hibernate.loader.plan.build.internal.spaces.EntityQuerySpaceImpl@58437801]
17:39:44.046 [main] TRACE org.hibernate.loader.plan.build.internal.AbstractLoadPlanBuildingAssociationVisitationStrategy - Pushing fetch source to stack : org.hibernate.loader.plan.build.internal.returns.EntityReturnImpl@6af5bbd0
17:39:44.046 [main] TRACE org.hibernate.loader.plan.build.internal.AbstractLoadPlanBuildingAssociationVisitationStrategy - .. Registering AssociationKey : AssociationKey(table=category, columns={category_id}) -> org.hibernate.loader.plan.build.internal.returns.EntityReturnImpl@6af5bbd0
17:39:44.046 [main] TRACE org.hibernate.loader.plan.build.internal.AbstractLoadPlanBuildingAssociationVisitationStrategy - >> Starting entity identifier : com.soft.entity.CategoryEntity
17:39:44.046 [main] DEBUG org.hibernate.persister.walking.spi.MetamodelGraphWalker - Visiting attribute path : entityName
17:39:44.046 [main] TRACE org.hibernate.loader.plan.build.internal.AbstractLoadPlanBuildingAssociationVisitationStrategy - >> Starting attribute Attribute(name=entityName, type=string [non-identifier])
17:39:44.046 [main] TRACE org.hibernate.loader.plan.build.internal.AbstractLoadPlanBuildingAssociationVisitationStrategy - << Finishing up attribute : Attribute(name=entityName, type=string [non-identifier])
17:39:44.046 [main] DEBUG org.hibernate.persister.walking.spi.MetamodelGraphWalker - Visiting attribute path : name
17:39:44.046 [main] TRACE org.hibernate.loader.plan.build.internal.AbstractLoadPlanBuildingAssociationVisitationStrategy - >> Starting attribute Attribute(name=name, type=string [non-identifier])
17:39:44.046 [main] TRACE org.hibernate.loader.plan.build.internal.AbstractLoadPlanBuildingAssociationVisitationStrategy - << Finishing up attribute : Attribute(name=name, type=string [non-identifier])
17:39:44.046 [main] DEBUG org.hibernate.persister.walking.spi.MetamodelGraphWalker - Visiting attribute path : photo
17:39:44.046 [main] TRACE org.hibernate.loader.plan.build.internal.AbstractLoadPlanBuildingAssociationVisitationStrategy - >> Starting attribute Attribute(name=photo, type=binary [non-identifier])
17:39:44.046 [main] TRACE org.hibernate.loader.plan.build.internal.AbstractLoadPlanBuildingAssociationVisitationStrategy - << Finishing up attribute : Attribute(name=photo, type=binary [non-identifier])
17:39:44.046 [main] TRACE org.hibernate.loader.plan.build.internal.AbstractLoadPlanBuildingAssociationVisitationStrategy - Popped fetch owner from stack : org.hibernate.loader.plan.build.internal.returns.EntityReturnImpl@6af5bbd0
17:39:44.046 [main] TRACE org.hibernate.loader.plan.build.internal.AbstractLoadPlanBuildingAssociationVisitationStrategy -  Finished root entity : com.soft.entity.CategoryEntity
17:39:44.046 [main] DEBUG org.hibernate.loader.plan.build.internal.FetchStyleLoadPlanBuildingAssociationVisitationStrategy - Building LoadPlan...
17:39:44.046 [main] DEBUG org.hibernate.loader.plan.exec.internal.LoadQueryJoinAndFetchProcessor - processing queryspace <gen:0>
17:39:44.046 [main] DEBUG org.hibernate.loader.plan.build.spi.LoadPlanTreePrinter - LoadPlan(entity=com.soft.entity.CategoryEntity)
    - Returns
       - EntityReturnImpl(entity=com.soft.entity.CategoryEntity, querySpaceUid=<gen:0>, path=com.soft.entity.CategoryEntity)
    - QuerySpaces
       - EntityQuerySpaceImpl(uid=<gen:0>, entity=com.soft.entity.CategoryEntity)
          - SQL table alias mapping - categoryen0_
          - alias suffix - 0_
          - suffixed key columns - {category1_0_0_}

17:39:44.046 [main] DEBUG org.hibernate.loader.entity.plan.EntityLoader - Static select for entity com.soft.entity.CategoryEntity [PESSIMISTIC_FORCE_INCREMENT]: select categoryen0_.category_id as category1_0_0_, categoryen0_.entity_name as entity_n2_0_0_, categoryen0_.name as name3_0_0_, categoryen0_.photo as photo4_0_0_ from category categoryen0_ where categoryen0_.category_id=? for update
17:39:44.046 [main] TRACE org.hibernate.loader.plan.build.internal.AbstractLoadPlanBuildingAssociationVisitationStrategy -  Starting root entity : com.soft.entity.CategoryEntity
17:39:44.046 [main] DEBUG org.hibernate.loader.plan.build.internal.spaces.QuerySpacesImpl - Adding QuerySpace : uid = <gen:0> -> org.hibernate.loader.plan.build.internal.spaces.EntityQuerySpaceImpl@76464795]
17:39:44.046 [main] TRACE org.hibernate.loader.plan.build.internal.AbstractLoadPlanBuildingAssociationVisitationStrategy - Pushing fetch source to stack : org.hibernate.loader.plan.build.internal.returns.EntityReturnImpl@b34832b
17:39:44.047 [main] TRACE org.hibernate.loader.plan.build.internal.AbstractLoadPlanBuildingAssociationVisitationStrategy - .. Registering AssociationKey : AssociationKey(table=category, columns={category_id}) -> org.hibernate.loader.plan.build.internal.returns.EntityReturnImpl@b34832b
17:39:44.047 [main] TRACE org.hibernate.loader.plan.build.internal.AbstractLoadPlanBuildingAssociationVisitationStrategy - >> Starting entity identifier : com.soft.entity.CategoryEntity
17:39:44.047 [main] DEBUG org.hibernate.persister.walking.spi.MetamodelGraphWalker - Visiting attribute path : entityName
17:39:44.048 [main] TRACE org.hibernate.loader.plan.build.internal.AbstractLoadPlanBuildingAssociationVisitationStrategy - >> Starting attribute Attribute(name=entityName, type=string [non-identifier])
17:39:44.048 [main] TRACE org.hibernate.loader.plan.build.internal.AbstractLoadPlanBuildingAssociationVisitationStrategy - << Finishing up attribute : Attribute(name=entityName, type=string [non-identifier])
17:39:44.048 [main] DEBUG org.hibernate.persister.walking.spi.MetamodelGraphWalker - Visiting attribute path : name
17:39:44.048 [main] TRACE org.hibernate.loader.plan.build.internal.AbstractLoadPlanBuildingAssociationVisitationStrategy - >> Starting attribute Attribute(name=name, type=string [non-identifier])
17:39:44.048 [main] TRACE org.hibernate.loader.plan.build.internal.AbstractLoadPlanBuildingAssociationVisitationStrategy - << Finishing up attribute : Attribute(name=name, type=string [non-identifier])
17:39:44.048 [main] DEBUG org.hibernate.persister.walking.spi.MetamodelGraphWalker - Visiting attribute path : photo
17:39:44.048 [main] TRACE org.hibernate.loader.plan.build.internal.AbstractLoadPlanBuildingAssociationVisitationStrategy - >> Starting attribute Attribute(name=photo, type=binary [non-identifier])
17:39:44.048 [main] TRACE org.hibernate.loader.plan.build.internal.AbstractLoadPlanBuildingAssociationVisitationStrategy - << Finishing up attribute : Attribute(name=photo, type=binary [non-identifier])
17:39:44.048 [main] TRACE org.hibernate.loader.plan.build.internal.AbstractLoadPlanBuildingAssociationVisitationStrategy - Popped fetch owner from stack : org.hibernate.loader.plan.build.internal.returns.EntityReturnImpl@b34832b
17:39:44.048 [main] TRACE org.hibernate.loader.plan.build.internal.AbstractLoadPlanBuildingAssociationVisitationStrategy -  Finished root entity : com.soft.entity.CategoryEntity
17:39:44.048 [main] DEBUG org.hibernate.loader.plan.build.internal.FetchStyleLoadPlanBuildingAssociationVisitationStrategy - Building LoadPlan...
17:39:44.048 [main] DEBUG org.hibernate.loader.plan.exec.internal.LoadQueryJoinAndFetchProcessor - processing queryspace <gen:0>
17:39:44.048 [main] DEBUG org.hibernate.loader.plan.build.spi.LoadPlanTreePrinter - LoadPlan(entity=com.soft.entity.CategoryEntity)
    - Returns
       - EntityReturnImpl(entity=com.soft.entity.CategoryEntity, querySpaceUid=<gen:0>, path=com.soft.entity.CategoryEntity)
    - QuerySpaces
       - EntityQuerySpaceImpl(uid=<gen:0>, entity=com.soft.entity.CategoryEntity)
          - SQL table alias mapping - categoryen0_
          - alias suffix - 0_
          - suffixed key columns - {category1_0_0_}

17:39:44.049 [main] DEBUG org.hibernate.loader.entity.plan.EntityLoader - Static select for entity com.soft.entity.CategoryEntity [OPTIMISTIC]: select categoryen0_.category_id as category1_0_0_, categoryen0_.entity_name as entity_n2_0_0_, categoryen0_.name as name3_0_0_, categoryen0_.photo as photo4_0_0_ from category categoryen0_ where categoryen0_.category_id=?
17:39:44.049 [main] TRACE org.hibernate.loader.plan.build.internal.AbstractLoadPlanBuildingAssociationVisitationStrategy -  Starting root entity : com.soft.entity.CategoryEntity
17:39:44.049 [main] DEBUG org.hibernate.loader.plan.build.internal.spaces.QuerySpacesImpl - Adding QuerySpace : uid = <gen:0> -> org.hibernate.loader.plan.build.internal.spaces.EntityQuerySpaceImpl@48f4713c]
17:39:44.049 [main] TRACE org.hibernate.loader.plan.build.internal.AbstractLoadPlanBuildingAssociationVisitationStrategy - Pushing fetch source to stack : org.hibernate.loader.plan.build.internal.returns.EntityReturnImpl@f1868c9
17:39:44.049 [main] TRACE org.hibernate.loader.plan.build.internal.AbstractLoadPlanBuildingAssociationVisitationStrategy - .. Registering AssociationKey : AssociationKey(table=category, columns={category_id}) -> org.hibernate.loader.plan.build.internal.returns.EntityReturnImpl@f1868c9
17:39:44.049 [main] TRACE org.hibernate.loader.plan.build.internal.AbstractLoadPlanBuildingAssociationVisitationStrategy - >> Starting entity identifier : com.soft.entity.CategoryEntity
17:39:44.049 [main] DEBUG org.hibernate.persister.walking.spi.MetamodelGraphWalker - Visiting attribute path : entityName
17:39:44.049 [main] TRACE org.hibernate.loader.plan.build.internal.AbstractLoadPlanBuildingAssociationVisitationStrategy - >> Starting attribute Attribute(name=entityName, type=string [non-identifier])
17:39:44.049 [main] TRACE org.hibernate.loader.plan.build.internal.AbstractLoadPlanBuildingAssociationVisitationStrategy - << Finishing up attribute : Attribute(name=entityName, type=string [non-identifier])
17:39:44.049 [main] DEBUG org.hibernate.persister.walking.spi.MetamodelGraphWalker - Visiting attribute path : name
17:39:44.049 [main] TRACE org.hibernate.loader.plan.build.internal.AbstractLoadPlanBuildingAssociationVisitationStrategy - >> Starting attribute Attribute(name=name, type=string [non-identifier])
17:39:44.049 [main] TRACE org.hibernate.loader.plan.build.internal.AbstractLoadPlanBuildingAssociationVisitationStrategy - << Finishing up attribute : Attribute(name=name, type=string [non-identifier])
17:39:44.049 [main] DEBUG org.hibernate.persister.walking.spi.MetamodelGraphWalker - Visiting attribute path : photo
17:39:44.049 [main] TRACE org.hibernate.loader.plan.build.internal.AbstractLoadPlanBuildingAssociationVisitationStrategy - >> Starting attribute Attribute(name=photo, type=binary [non-identifier])
17:39:44.049 [main] TRACE org.hibernate.loader.plan.build.internal.AbstractLoadPlanBuildingAssociationVisitationStrategy - << Finishing up attribute : Attribute(name=photo, type=binary [non-identifier])
17:39:44.049 [main] TRACE org.hibernate.loader.plan.build.internal.AbstractLoadPlanBuildingAssociationVisitationStrategy - Popped fetch owner from stack : org.hibernate.loader.plan.build.internal.returns.EntityReturnImpl@f1868c9
17:39:44.049 [main] TRACE org.hibernate.loader.plan.build.internal.AbstractLoadPlanBuildingAssociationVisitationStrategy -  Finished root entity : com.soft.entity.CategoryEntity
17:39:44.049 [main] DEBUG org.hibernate.loader.plan.build.internal.FetchStyleLoadPlanBuildingAssociationVisitationStrategy - Building LoadPlan...
17:39:44.050 [main] DEBUG org.hibernate.loader.plan.exec.internal.LoadQueryJoinAndFetchProcessor - processing queryspace <gen:0>
17:39:44.051 [main] DEBUG org.hibernate.loader.plan.build.spi.LoadPlanTreePrinter - LoadPlan(entity=com.soft.entity.CategoryEntity)
    - Returns
       - EntityReturnImpl(entity=com.soft.entity.CategoryEntity, querySpaceUid=<gen:0>, path=com.soft.entity.CategoryEntity)
    - QuerySpaces
       - EntityQuerySpaceImpl(uid=<gen:0>, entity=com.soft.entity.CategoryEntity)
          - SQL table alias mapping - categoryen0_
          - alias suffix - 0_
          - suffixed key columns - {category1_0_0_}

17:39:44.051 [main] DEBUG org.hibernate.loader.entity.plan.EntityLoader - Static select for entity com.soft.entity.CategoryEntity [OPTIMISTIC_FORCE_INCREMENT]: select categoryen0_.category_id as category1_0_0_, categoryen0_.entity_name as entity_n2_0_0_, categoryen0_.name as name3_0_0_, categoryen0_.photo as photo4_0_0_ from category categoryen0_ where categoryen0_.category_id=?
17:39:44.051 [main] DEBUG org.hibernate.loader.Loader - Static select for action ACTION_MERGE on entity com.soft.entity.CategoryEntity: select categoryen0_.category_id as category1_0_0_, categoryen0_.entity_name as entity_n2_0_0_, categoryen0_.name as name3_0_0_, categoryen0_.photo as photo4_0_0_ from category categoryen0_ where categoryen0_.category_id=?
17:39:44.051 [main] DEBUG org.hibernate.loader.Loader - Static select for action ACTION_REFRESH on entity com.soft.entity.CategoryEntity: select categoryen0_.category_id as category1_0_0_, categoryen0_.entity_name as entity_n2_0_0_, categoryen0_.name as name3_0_0_, categoryen0_.photo as photo4_0_0_ from category categoryen0_ where categoryen0_.category_id=?
17:39:44.051 [main] DEBUG org.hibernate.persister.entity.AbstractEntityPersister - Static SQL for entity: com.soft.entity.LocaleMessageEntity
17:39:44.051 [main] DEBUG org.hibernate.persister.entity.AbstractEntityPersister -  Version select: select ID from locale where ID =?
17:39:44.051 [main] DEBUG org.hibernate.persister.entity.AbstractEntityPersister -  Snapshot select: select localemess_.ID, localemess_.locale as locale2_1_, localemess_.message as message3_1_, localemess_.msgkey as msgkey4_1_ from locale localemess_ where localemess_.ID=?
17:39:44.051 [main] DEBUG org.hibernate.persister.entity.AbstractEntityPersister -  Insert 0: insert into locale (locale, message, msgkey, ID) values (?, ?, ?, ?)
17:39:44.051 [main] DEBUG org.hibernate.persister.entity.AbstractEntityPersister -  Update 0: update locale set locale=?, message=?, msgkey=? where ID=?
17:39:44.051 [main] DEBUG org.hibernate.persister.entity.AbstractEntityPersister -  Delete 0: delete from locale where ID=?
17:39:44.051 [main] TRACE org.hibernate.loader.plan.build.internal.AbstractLoadPlanBuildingAssociationVisitationStrategy -  Starting root entity : com.soft.entity.LocaleMessageEntity
17:39:44.051 [main] DEBUG org.hibernate.loader.plan.build.internal.spaces.QuerySpacesImpl - Adding QuerySpace : uid = <gen:0> -> org.hibernate.loader.plan.build.internal.spaces.EntityQuerySpaceImpl@4ba6ec50]
17:39:44.052 [main] TRACE org.hibernate.loader.plan.build.internal.AbstractLoadPlanBuildingAssociationVisitationStrategy - Pushing fetch source to stack : org.hibernate.loader.plan.build.internal.returns.EntityReturnImpl@642413d4
17:39:44.052 [main] TRACE org.hibernate.loader.plan.build.internal.AbstractLoadPlanBuildingAssociationVisitationStrategy - .. Registering AssociationKey : AssociationKey(table=locale, columns={ID}) -> org.hibernate.loader.plan.build.internal.returns.EntityReturnImpl@642413d4
17:39:44.052 [main] TRACE org.hibernate.loader.plan.build.internal.AbstractLoadPlanBuildingAssociationVisitationStrategy - >> Starting entity identifier : com.soft.entity.LocaleMessageEntity
17:39:44.052 [main] DEBUG org.hibernate.persister.walking.spi.MetamodelGraphWalker - Visiting attribute path : locale
17:39:44.052 [main] TRACE org.hibernate.loader.plan.build.internal.AbstractLoadPlanBuildingAssociationVisitationStrategy - >> Starting attribute Attribute(name=locale, type=string [non-identifier])
17:39:44.052 [main] TRACE org.hibernate.loader.plan.build.internal.AbstractLoadPlanBuildingAssociationVisitationStrategy - << Finishing up attribute : Attribute(name=locale, type=string [non-identifier])
17:39:44.052 [main] DEBUG org.hibernate.persister.walking.spi.MetamodelGraphWalker - Visiting attribute path : message
17:39:44.052 [main] TRACE org.hibernate.loader.plan.build.internal.AbstractLoadPlanBuildingAssociationVisitationStrategy - >> Starting attribute Attribute(name=message, type=string [non-identifier])
17:39:44.052 [main] TRACE org.hibernate.loader.plan.build.internal.AbstractLoadPlanBuildingAssociationVisitationStrategy - << Finishing up attribute : Attribute(name=message, type=string [non-identifier])
17:39:44.052 [main] DEBUG org.hibernate.persister.walking.spi.MetamodelGraphWalker - Visiting attribute path : msgKey
17:39:44.052 [main] TRACE org.hibernate.loader.plan.build.internal.AbstractLoadPlanBuildingAssociationVisitationStrategy - >> Starting attribute Attribute(name=msgKey, type=string [non-identifier])
17:39:44.052 [main] TRACE org.hibernate.loader.plan.build.internal.AbstractLoadPlanBuildingAssociationVisitationStrategy - << Finishing up attribute : Attribute(name=msgKey, type=string [non-identifier])
17:39:44.052 [main] TRACE org.hibernate.loader.plan.build.internal.AbstractLoadPlanBuildingAssociationVisitationStrategy - Popped fetch owner from stack : org.hibernate.loader.plan.build.internal.returns.EntityReturnImpl@642413d4
17:39:44.052 [main] TRACE org.hibernate.loader.plan.build.internal.AbstractLoadPlanBuildingAssociationVisitationStrategy -  Finished root entity : com.soft.entity.LocaleMessageEntity
17:39:44.052 [main] DEBUG org.hibernate.loader.plan.build.internal.FetchStyleLoadPlanBuildingAssociationVisitationStrategy - Building LoadPlan...
17:39:44.052 [main] DEBUG org.hibernate.loader.plan.exec.internal.LoadQueryJoinAndFetchProcessor - processing queryspace <gen:0>
17:39:44.052 [main] DEBUG org.hibernate.loader.plan.build.spi.LoadPlanTreePrinter - LoadPlan(entity=com.soft.entity.LocaleMessageEntity)
    - Returns
       - EntityReturnImpl(entity=com.soft.entity.LocaleMessageEntity, querySpaceUid=<gen:0>, path=com.soft.entity.LocaleMessageEntity)
    - QuerySpaces
       - EntityQuerySpaceImpl(uid=<gen:0>, entity=com.soft.entity.LocaleMessageEntity)
          - SQL table alias mapping - localemess0_
          - alias suffix - 0_
          - suffixed key columns - {ID1_1_0_}

17:39:44.052 [main] DEBUG org.hibernate.loader.entity.plan.EntityLoader - Static select for entity com.soft.entity.LocaleMessageEntity [NONE]: select localemess0_.ID as ID1_1_0_, localemess0_.locale as locale2_1_0_, localemess0_.message as message3_1_0_, localemess0_.msgkey as msgkey4_1_0_ from locale localemess0_ where localemess0_.ID=?
17:39:44.052 [main] TRACE org.hibernate.loader.plan.build.internal.AbstractLoadPlanBuildingAssociationVisitationStrategy -  Starting root entity : com.soft.entity.LocaleMessageEntity
17:39:44.052 [main] DEBUG org.hibernate.loader.plan.build.internal.spaces.QuerySpacesImpl - Adding QuerySpace : uid = <gen:0> -> org.hibernate.loader.plan.build.internal.spaces.EntityQuerySpaceImpl@fb2e3fd]
17:39:44.052 [main] TRACE org.hibernate.loader.plan.build.internal.AbstractLoadPlanBuildingAssociationVisitationStrategy - Pushing fetch source to stack : org.hibernate.loader.plan.build.internal.returns.EntityReturnImpl@43a09ce2
17:39:44.053 [main] TRACE org.hibernate.loader.plan.build.internal.AbstractLoadPlanBuildingAssociationVisitationStrategy - .. Registering AssociationKey : AssociationKey(table=locale, columns={ID}) -> org.hibernate.loader.plan.build.internal.returns.EntityReturnImpl@43a09ce2
17:39:44.053 [main] TRACE org.hibernate.loader.plan.build.internal.AbstractLoadPlanBuildingAssociationVisitationStrategy - >> Starting entity identifier : com.soft.entity.LocaleMessageEntity
17:39:44.053 [main] DEBUG org.hibernate.persister.walking.spi.MetamodelGraphWalker - Visiting attribute path : locale
17:39:44.053 [main] TRACE org.hibernate.loader.plan.build.internal.AbstractLoadPlanBuildingAssociationVisitationStrategy - >> Starting attribute Attribute(name=locale, type=string [non-identifier])
17:39:44.053 [main] TRACE org.hibernate.loader.plan.build.internal.AbstractLoadPlanBuildingAssociationVisitationStrategy - << Finishing up attribute : Attribute(name=locale, type=string [non-identifier])
17:39:44.053 [main] DEBUG org.hibernate.persister.walking.spi.MetamodelGraphWalker - Visiting attribute path : message
17:39:44.053 [main] TRACE org.hibernate.loader.plan.build.internal.AbstractLoadPlanBuildingAssociationVisitationStrategy - >> Starting attribute Attribute(name=message, type=string [non-identifier])
17:39:44.053 [main] TRACE org.hibernate.loader.plan.build.internal.AbstractLoadPlanBuildingAssociationVisitationStrategy - << Finishing up attribute : Attribute(name=message, type=string [non-identifier])
17:39:44.053 [main] DEBUG org.hibernate.persister.walking.spi.MetamodelGraphWalker - Visiting attribute path : msgKey
17:39:44.053 [main] TRACE org.hibernate.loader.plan.build.internal.AbstractLoadPlanBuildingAssociationVisitationStrategy - >> Starting attribute Attribute(name=msgKey, type=string [non-identifier])
17:39:44.053 [main] TRACE org.hibernate.loader.plan.build.internal.AbstractLoadPlanBuildingAssociationVisitationStrategy - << Finishing up attribute : Attribute(name=msgKey, type=string [non-identifier])
17:39:44.053 [main] TRACE org.hibernate.loader.plan.build.internal.AbstractLoadPlanBuildingAssociationVisitationStrategy - Popped fetch owner from stack : org.hibernate.loader.plan.build.internal.returns.EntityReturnImpl@43a09ce2
17:39:44.053 [main] TRACE org.hibernate.loader.plan.build.internal.AbstractLoadPlanBuildingAssociationVisitationStrategy -  Finished root entity : com.soft.entity.LocaleMessageEntity
17:39:44.053 [main] DEBUG org.hibernate.loader.plan.build.internal.FetchStyleLoadPlanBuildingAssociationVisitationStrategy - Building LoadPlan...
17:39:44.053 [main] DEBUG org.hibernate.loader.plan.exec.internal.LoadQueryJoinAndFetchProcessor - processing queryspace <gen:0>
17:39:44.054 [main] DEBUG org.hibernate.loader.plan.build.spi.LoadPlanTreePrinter - LoadPlan(entity=com.soft.entity.LocaleMessageEntity)
    - Returns
       - EntityReturnImpl(entity=com.soft.entity.LocaleMessageEntity, querySpaceUid=<gen:0>, path=com.soft.entity.LocaleMessageEntity)
    - QuerySpaces
       - EntityQuerySpaceImpl(uid=<gen:0>, entity=com.soft.entity.LocaleMessageEntity)
          - SQL table alias mapping - localemess0_
          - alias suffix - 0_
          - suffixed key columns - {ID1_1_0_}

17:39:44.054 [main] DEBUG org.hibernate.loader.entity.plan.EntityLoader - Static select for entity com.soft.entity.LocaleMessageEntity [READ]: select localemess0_.ID as ID1_1_0_, localemess0_.locale as locale2_1_0_, localemess0_.message as message3_1_0_, localemess0_.msgkey as msgkey4_1_0_ from locale localemess0_ where localemess0_.ID=?
17:39:44.054 [main] TRACE org.hibernate.loader.plan.build.internal.AbstractLoadPlanBuildingAssociationVisitationStrategy -  Starting root entity : com.soft.entity.LocaleMessageEntity
17:39:44.054 [main] DEBUG org.hibernate.loader.plan.build.internal.spaces.QuerySpacesImpl - Adding QuerySpace : uid = <gen:0> -> org.hibernate.loader.plan.build.internal.spaces.EntityQuerySpaceImpl@3f183caa]
17:39:44.054 [main] TRACE org.hibernate.loader.plan.build.internal.AbstractLoadPlanBuildingAssociationVisitationStrategy - Pushing fetch source to stack : org.hibernate.loader.plan.build.internal.returns.EntityReturnImpl@7b66322e
17:39:44.054 [main] TRACE org.hibernate.loader.plan.build.internal.AbstractLoadPlanBuildingAssociationVisitationStrategy - .. Registering AssociationKey : AssociationKey(table=locale, columns={ID}) -> org.hibernate.loader.plan.build.internal.returns.EntityReturnImpl@7b66322e
17:39:44.054 [main] TRACE org.hibernate.loader.plan.build.internal.AbstractLoadPlanBuildingAssociationVisitationStrategy - >> Starting entity identifier : com.soft.entity.LocaleMessageEntity
17:39:44.054 [main] DEBUG org.hibernate.persister.walking.spi.MetamodelGraphWalker - Visiting attribute path : locale
17:39:44.054 [main] TRACE org.hibernate.loader.plan.build.internal.AbstractLoadPlanBuildingAssociationVisitationStrategy - >> Starting attribute Attribute(name=locale, type=string [non-identifier])
17:39:44.054 [main] TRACE org.hibernate.loader.plan.build.internal.AbstractLoadPlanBuildingAssociationVisitationStrategy - << Finishing up attribute : Attribute(name=locale, type=string [non-identifier])
17:39:44.054 [main] DEBUG org.hibernate.persister.walking.spi.MetamodelGraphWalker - Visiting attribute path : message
17:39:44.054 [main] TRACE org.hibernate.loader.plan.build.internal.AbstractLoadPlanBuildingAssociationVisitationStrategy - >> Starting attribute Attribute(name=message, type=string [non-identifier])
17:39:44.054 [main] TRACE org.hibernate.loader.plan.build.internal.AbstractLoadPlanBuildingAssociationVisitationStrategy - << Finishing up attribute : Attribute(name=message, type=string [non-identifier])
17:39:44.054 [main] DEBUG org.hibernate.persister.walking.spi.MetamodelGraphWalker - Visiting attribute path : msgKey
17:39:44.054 [main] TRACE org.hibernate.loader.plan.build.internal.AbstractLoadPlanBuildingAssociationVisitationStrategy - >> Starting attribute Attribute(name=msgKey, type=string [non-identifier])
17:39:44.054 [main] TRACE org.hibernate.loader.plan.build.internal.AbstractLoadPlanBuildingAssociationVisitationStrategy - << Finishing up attribute : Attribute(name=msgKey, type=string [non-identifier])
17:39:44.054 [main] TRACE org.hibernate.loader.plan.build.internal.AbstractLoadPlanBuildingAssociationVisitationStrategy - Popped fetch owner from stack : org.hibernate.loader.plan.build.internal.returns.EntityReturnImpl@7b66322e
17:39:44.054 [main] TRACE org.hibernate.loader.plan.build.internal.AbstractLoadPlanBuildingAssociationVisitationStrategy -  Finished root entity : com.soft.entity.LocaleMessageEntity
17:39:44.054 [main] DEBUG org.hibernate.loader.plan.build.internal.FetchStyleLoadPlanBuildingAssociationVisitationStrategy - Building LoadPlan...
17:39:44.055 [main] DEBUG org.hibernate.loader.plan.exec.internal.LoadQueryJoinAndFetchProcessor - processing queryspace <gen:0>
17:39:44.056 [main] DEBUG org.hibernate.loader.plan.build.spi.LoadPlanTreePrinter - LoadPlan(entity=com.soft.entity.LocaleMessageEntity)
    - Returns
       - EntityReturnImpl(entity=com.soft.entity.LocaleMessageEntity, querySpaceUid=<gen:0>, path=com.soft.entity.LocaleMessageEntity)
    - QuerySpaces
       - EntityQuerySpaceImpl(uid=<gen:0>, entity=com.soft.entity.LocaleMessageEntity)
          - SQL table alias mapping - localemess0_
          - alias suffix - 0_
          - suffixed key columns - {ID1_1_0_}

17:39:44.056 [main] DEBUG org.hibernate.loader.entity.plan.EntityLoader - Static select for entity com.soft.entity.LocaleMessageEntity [UPGRADE]: select localemess0_.ID as ID1_1_0_, localemess0_.locale as locale2_1_0_, localemess0_.message as message3_1_0_, localemess0_.msgkey as msgkey4_1_0_ from locale localemess0_ where localemess0_.ID=? for update
17:39:44.056 [main] TRACE org.hibernate.loader.plan.build.internal.AbstractLoadPlanBuildingAssociationVisitationStrategy -  Starting root entity : com.soft.entity.LocaleMessageEntity
17:39:44.056 [main] DEBUG org.hibernate.loader.plan.build.internal.spaces.QuerySpacesImpl - Adding QuerySpace : uid = <gen:0> -> org.hibernate.loader.plan.build.internal.spaces.EntityQuerySpaceImpl@63538bb4]
17:39:44.056 [main] TRACE org.hibernate.loader.plan.build.internal.AbstractLoadPlanBuildingAssociationVisitationStrategy - Pushing fetch source to stack : org.hibernate.loader.plan.build.internal.returns.EntityReturnImpl@24534cb0
17:39:44.056 [main] TRACE org.hibernate.loader.plan.build.internal.AbstractLoadPlanBuildingAssociationVisitationStrategy - .. Registering AssociationKey : AssociationKey(table=locale, columns={ID}) -> org.hibernate.loader.plan.build.internal.returns.EntityReturnImpl@24534cb0
17:39:44.056 [main] TRACE org.hibernate.loader.plan.build.internal.AbstractLoadPlanBuildingAssociationVisitationStrategy - >> Starting entity identifier : com.soft.entity.LocaleMessageEntity
17:39:44.056 [main] DEBUG org.hibernate.persister.walking.spi.MetamodelGraphWalker - Visiting attribute path : locale
17:39:44.056 [main] TRACE org.hibernate.loader.plan.build.internal.AbstractLoadPlanBuildingAssociationVisitationStrategy - >> Starting attribute Attribute(name=locale, type=string [non-identifier])
17:39:44.056 [main] TRACE org.hibernate.loader.plan.build.internal.AbstractLoadPlanBuildingAssociationVisitationStrategy - << Finishing up attribute : Attribute(name=locale, type=string [non-identifier])
17:39:44.056 [main] DEBUG org.hibernate.persister.walking.spi.MetamodelGraphWalker - Visiting attribute path : message
17:39:44.056 [main] TRACE org.hibernate.loader.plan.build.internal.AbstractLoadPlanBuildingAssociationVisitationStrategy - >> Starting attribute Attribute(name=message, type=string [non-identifier])
17:39:44.056 [main] TRACE org.hibernate.loader.plan.build.internal.AbstractLoadPlanBuildingAssociationVisitationStrategy - << Finishing up attribute : Attribute(name=message, type=string [non-identifier])
17:39:44.056 [main] DEBUG org.hibernate.persister.walking.spi.MetamodelGraphWalker - Visiting attribute path : msgKey
17:39:44.056 [main] TRACE org.hibernate.loader.plan.build.internal.AbstractLoadPlanBuildingAssociationVisitationStrategy - >> Starting attribute Attribute(name=msgKey, type=string [non-identifier])
17:39:44.056 [main] TRACE org.hibernate.loader.plan.build.internal.AbstractLoadPlanBuildingAssociationVisitationStrategy - << Finishing up attribute : Attribute(name=msgKey, type=string [non-identifier])
17:39:44.056 [main] TRACE org.hibernate.loader.plan.build.internal.AbstractLoadPlanBuildingAssociationVisitationStrategy - Popped fetch owner from stack : org.hibernate.loader.plan.build.internal.returns.EntityReturnImpl@24534cb0
17:39:44.056 [main] TRACE org.hibernate.loader.plan.build.internal.AbstractLoadPlanBuildingAssociationVisitationStrategy -  Finished root entity : com.soft.entity.LocaleMessageEntity
17:39:44.056 [main] DEBUG org.hibernate.loader.plan.build.internal.FetchStyleLoadPlanBuildingAssociationVisitationStrategy - Building LoadPlan...
17:39:44.057 [main] DEBUG org.hibernate.loader.plan.exec.internal.LoadQueryJoinAndFetchProcessor - processing queryspace <gen:0>
17:39:44.058 [main] DEBUG org.hibernate.loader.plan.build.spi.LoadPlanTreePrinter - LoadPlan(entity=com.soft.entity.LocaleMessageEntity)
    - Returns
       - EntityReturnImpl(entity=com.soft.entity.LocaleMessageEntity, querySpaceUid=<gen:0>, path=com.soft.entity.LocaleMessageEntity)
    - QuerySpaces
       - EntityQuerySpaceImpl(uid=<gen:0>, entity=com.soft.entity.LocaleMessageEntity)
          - SQL table alias mapping - localemess0_
          - alias suffix - 0_
          - suffixed key columns - {ID1_1_0_}

17:39:44.058 [main] DEBUG org.hibernate.loader.entity.plan.EntityLoader - Static select for entity com.soft.entity.LocaleMessageEntity [UPGRADE_NOWAIT]: select localemess0_.ID as ID1_1_0_, localemess0_.locale as locale2_1_0_, localemess0_.message as message3_1_0_, localemess0_.msgkey as msgkey4_1_0_ from locale localemess0_ where localemess0_.ID=? for update
17:39:44.058 [main] TRACE org.hibernate.loader.plan.build.internal.AbstractLoadPlanBuildingAssociationVisitationStrategy -  Starting root entity : com.soft.entity.LocaleMessageEntity
17:39:44.058 [main] DEBUG org.hibernate.loader.plan.build.internal.spaces.QuerySpacesImpl - Adding QuerySpace : uid = <gen:0> -> org.hibernate.loader.plan.build.internal.spaces.EntityQuerySpaceImpl@5a50d9fc]
17:39:44.058 [main] TRACE org.hibernate.loader.plan.build.internal.AbstractLoadPlanBuildingAssociationVisitationStrategy - Pushing fetch source to stack : org.hibernate.loader.plan.build.internal.returns.EntityReturnImpl@106d77da
17:39:44.058 [main] TRACE org.hibernate.loader.plan.build.internal.AbstractLoadPlanBuildingAssociationVisitationStrategy - .. Registering AssociationKey : AssociationKey(table=locale, columns={ID}) -> org.hibernate.loader.plan.build.internal.returns.EntityReturnImpl@106d77da
17:39:44.058 [main] TRACE org.hibernate.loader.plan.build.internal.AbstractLoadPlanBuildingAssociationVisitationStrategy - >> Starting entity identifier : com.soft.entity.LocaleMessageEntity
17:39:44.058 [main] DEBUG org.hibernate.persister.walking.spi.MetamodelGraphWalker - Visiting attribute path : locale
17:39:44.058 [main] TRACE org.hibernate.loader.plan.build.internal.AbstractLoadPlanBuildingAssociationVisitationStrategy - >> Starting attribute Attribute(name=locale, type=string [non-identifier])
17:39:44.058 [main] TRACE org.hibernate.loader.plan.build.internal.AbstractLoadPlanBuildingAssociationVisitationStrategy - << Finishing up attribute : Attribute(name=locale, type=string [non-identifier])
17:39:44.058 [main] DEBUG org.hibernate.persister.walking.spi.MetamodelGraphWalker - Visiting attribute path : message
17:39:44.058 [main] TRACE org.hibernate.loader.plan.build.internal.AbstractLoadPlanBuildingAssociationVisitationStrategy - >> Starting attribute Attribute(name=message, type=string [non-identifier])
17:39:44.058 [main] TRACE org.hibernate.loader.plan.build.internal.AbstractLoadPlanBuildingAssociationVisitationStrategy - << Finishing up attribute : Attribute(name=message, type=string [non-identifier])
17:39:44.059 [main] DEBUG org.hibernate.persister.walking.spi.MetamodelGraphWalker - Visiting attribute path : msgKey
17:39:44.059 [main] TRACE org.hibernate.loader.plan.build.internal.AbstractLoadPlanBuildingAssociationVisitationStrategy - >> Starting attribute Attribute(name=msgKey, type=string [non-identifier])
17:39:44.059 [main] TRACE org.hibernate.loader.plan.build.internal.AbstractLoadPlanBuildingAssociationVisitationStrategy - << Finishing up attribute : Attribute(name=msgKey, type=string [non-identifier])
17:39:44.059 [main] TRACE org.hibernate.loader.plan.build.internal.AbstractLoadPlanBuildingAssociationVisitationStrategy - Popped fetch owner from stack : org.hibernate.loader.plan.build.internal.returns.EntityReturnImpl@106d77da
17:39:44.059 [main] TRACE org.hibernate.loader.plan.build.internal.AbstractLoadPlanBuildingAssociationVisitationStrategy -  Finished root entity : com.soft.entity.LocaleMessageEntity
17:39:44.059 [main] DEBUG org.hibernate.loader.plan.build.internal.FetchStyleLoadPlanBuildingAssociationVisitationStrategy - Building LoadPlan...
17:39:44.059 [main] DEBUG org.hibernate.loader.plan.exec.internal.LoadQueryJoinAndFetchProcessor - processing queryspace <gen:0>
17:39:44.059 [main] DEBUG org.hibernate.loader.plan.build.spi.LoadPlanTreePrinter - LoadPlan(entity=com.soft.entity.LocaleMessageEntity)
    - Returns
       - EntityReturnImpl(entity=com.soft.entity.LocaleMessageEntity, querySpaceUid=<gen:0>, path=com.soft.entity.LocaleMessageEntity)
    - QuerySpaces
       - EntityQuerySpaceImpl(uid=<gen:0>, entity=com.soft.entity.LocaleMessageEntity)
          - SQL table alias mapping - localemess0_
          - alias suffix - 0_
          - suffixed key columns - {ID1_1_0_}

17:39:44.059 [main] DEBUG org.hibernate.loader.entity.plan.EntityLoader - Static select for entity com.soft.entity.LocaleMessageEntity [UPGRADE_SKIPLOCKED]: select localemess0_.ID as ID1_1_0_, localemess0_.locale as locale2_1_0_, localemess0_.message as message3_1_0_, localemess0_.msgkey as msgkey4_1_0_ from locale localemess0_ where localemess0_.ID=? for update
17:39:44.059 [main] TRACE org.hibernate.loader.plan.build.internal.AbstractLoadPlanBuildingAssociationVisitationStrategy -  Starting root entity : com.soft.entity.LocaleMessageEntity
17:39:44.059 [main] DEBUG org.hibernate.loader.plan.build.internal.spaces.QuerySpacesImpl - Adding QuerySpace : uid = <gen:0> -> org.hibernate.loader.plan.build.internal.spaces.EntityQuerySpaceImpl@6f9c5048]
17:39:44.059 [main] TRACE org.hibernate.loader.plan.build.internal.AbstractLoadPlanBuildingAssociationVisitationStrategy - Pushing fetch source to stack : org.hibernate.loader.plan.build.internal.returns.EntityReturnImpl@5114b7c7
17:39:44.059 [main] TRACE org.hibernate.loader.plan.build.internal.AbstractLoadPlanBuildingAssociationVisitationStrategy - .. Registering AssociationKey : AssociationKey(table=locale, columns={ID}) -> org.hibernate.loader.plan.build.internal.returns.EntityReturnImpl@5114b7c7
17:39:44.060 [main] TRACE org.hibernate.loader.plan.build.internal.AbstractLoadPlanBuildingAssociationVisitationStrategy - >> Starting entity identifier : com.soft.entity.LocaleMessageEntity
17:39:44.060 [main] DEBUG org.hibernate.persister.walking.spi.MetamodelGraphWalker - Visiting attribute path : locale
17:39:44.060 [main] TRACE org.hibernate.loader.plan.build.internal.AbstractLoadPlanBuildingAssociationVisitationStrategy - >> Starting attribute Attribute(name=locale, type=string [non-identifier])
17:39:44.060 [main] TRACE org.hibernate.loader.plan.build.internal.AbstractLoadPlanBuildingAssociationVisitationStrategy - << Finishing up attribute : Attribute(name=locale, type=string [non-identifier])
17:39:44.060 [main] DEBUG org.hibernate.persister.walking.spi.MetamodelGraphWalker - Visiting attribute path : message
17:39:44.060 [main] TRACE org.hibernate.loader.plan.build.internal.AbstractLoadPlanBuildingAssociationVisitationStrategy - >> Starting attribute Attribute(name=message, type=string [non-identifier])
17:39:44.060 [main] TRACE org.hibernate.loader.plan.build.internal.AbstractLoadPlanBuildingAssociationVisitationStrategy - << Finishing up attribute : Attribute(name=message, type=string [non-identifier])
17:39:44.060 [main] DEBUG org.hibernate.persister.walking.spi.MetamodelGraphWalker - Visiting attribute path : msgKey
17:39:44.060 [main] TRACE org.hibernate.loader.plan.build.internal.AbstractLoadPlanBuildingAssociationVisitationStrategy - >> Starting attribute Attribute(name=msgKey, type=string [non-identifier])
17:39:44.060 [main] TRACE org.hibernate.loader.plan.build.internal.AbstractLoadPlanBuildingAssociationVisitationStrategy - << Finishing up attribute : Attribute(name=msgKey, type=string [non-identifier])
17:39:44.060 [main] TRACE org.hibernate.loader.plan.build.internal.AbstractLoadPlanBuildingAssociationVisitationStrategy - Popped fetch owner from stack : org.hibernate.loader.plan.build.internal.returns.EntityReturnImpl@5114b7c7
17:39:44.060 [main] TRACE org.hibernate.loader.plan.build.internal.AbstractLoadPlanBuildingAssociationVisitationStrategy -  Finished root entity : com.soft.entity.LocaleMessageEntity
17:39:44.060 [main] DEBUG org.hibernate.loader.plan.build.internal.FetchStyleLoadPlanBuildingAssociationVisitationStrategy - Building LoadPlan...
17:39:44.060 [main] DEBUG org.hibernate.loader.plan.exec.internal.LoadQueryJoinAndFetchProcessor - processing queryspace <gen:0>
17:39:44.060 [main] DEBUG org.hibernate.loader.plan.build.spi.LoadPlanTreePrinter - LoadPlan(entity=com.soft.entity.LocaleMessageEntity)
    - Returns
       - EntityReturnImpl(entity=com.soft.entity.LocaleMessageEntity, querySpaceUid=<gen:0>, path=com.soft.entity.LocaleMessageEntity)
    - QuerySpaces
       - EntityQuerySpaceImpl(uid=<gen:0>, entity=com.soft.entity.LocaleMessageEntity)
          - SQL table alias mapping - localemess0_
          - alias suffix - 0_
          - suffixed key columns - {ID1_1_0_}

17:39:44.060 [main] DEBUG org.hibernate.loader.entity.plan.EntityLoader - Static select for entity com.soft.entity.LocaleMessageEntity [FORCE]: select localemess0_.ID as ID1_1_0_, localemess0_.locale as locale2_1_0_, localemess0_.message as message3_1_0_, localemess0_.msgkey as msgkey4_1_0_ from locale localemess0_ where localemess0_.ID=? for update
17:39:44.061 [main] TRACE org.hibernate.loader.plan.build.internal.AbstractLoadPlanBuildingAssociationVisitationStrategy -  Starting root entity : com.soft.entity.LocaleMessageEntity
17:39:44.061 [main] DEBUG org.hibernate.loader.plan.build.internal.spaces.QuerySpacesImpl - Adding QuerySpace : uid = <gen:0> -> org.hibernate.loader.plan.build.internal.spaces.EntityQuerySpaceImpl@dd71b20]
17:39:44.061 [main] TRACE org.hibernate.loader.plan.build.internal.AbstractLoadPlanBuildingAssociationVisitationStrategy - Pushing fetch source to stack : org.hibernate.loader.plan.build.internal.returns.EntityReturnImpl@767f6ee7
17:39:44.061 [main] TRACE org.hibernate.loader.plan.build.internal.AbstractLoadPlanBuildingAssociationVisitationStrategy - .. Registering AssociationKey : AssociationKey(table=locale, columns={ID}) -> org.hibernate.loader.plan.build.internal.returns.EntityReturnImpl@767f6ee7
17:39:44.061 [main] TRACE org.hibernate.loader.plan.build.internal.AbstractLoadPlanBuildingAssociationVisitationStrategy - >> Starting entity identifier : com.soft.entity.LocaleMessageEntity
17:39:44.061 [main] DEBUG org.hibernate.persister.walking.spi.MetamodelGraphWalker - Visiting attribute path : locale
17:39:44.061 [main] TRACE org.hibernate.loader.plan.build.internal.AbstractLoadPlanBuildingAssociationVisitationStrategy - >> Starting attribute Attribute(name=locale, type=string [non-identifier])
17:39:44.061 [main] TRACE org.hibernate.loader.plan.build.internal.AbstractLoadPlanBuildingAssociationVisitationStrategy - << Finishing up attribute : Attribute(name=locale, type=string [non-identifier])
17:39:44.061 [main] DEBUG org.hibernate.persister.walking.spi.MetamodelGraphWalker - Visiting attribute path : message
17:39:44.061 [main] TRACE org.hibernate.loader.plan.build.internal.AbstractLoadPlanBuildingAssociationVisitationStrategy - >> Starting attribute Attribute(name=message, type=string [non-identifier])
17:39:44.061 [main] TRACE org.hibernate.loader.plan.build.internal.AbstractLoadPlanBuildingAssociationVisitationStrategy - << Finishing up attribute : Attribute(name=message, type=string [non-identifier])
17:39:44.061 [main] DEBUG org.hibernate.persister.walking.spi.MetamodelGraphWalker - Visiting attribute path : msgKey
17:39:44.061 [main] TRACE org.hibernate.loader.plan.build.internal.AbstractLoadPlanBuildingAssociationVisitationStrategy - >> Starting attribute Attribute(name=msgKey, type=string [non-identifier])
17:39:44.061 [main] TRACE org.hibernate.loader.plan.build.internal.AbstractLoadPlanBuildingAssociationVisitationStrategy - << Finishing up attribute : Attribute(name=msgKey, type=string [non-identifier])
17:39:44.061 [main] TRACE org.hibernate.loader.plan.build.internal.AbstractLoadPlanBuildingAssociationVisitationStrategy - Popped fetch owner from stack : org.hibernate.loader.plan.build.internal.returns.EntityReturnImpl@767f6ee7
17:39:44.061 [main] TRACE org.hibernate.loader.plan.build.internal.AbstractLoadPlanBuildingAssociationVisitationStrategy -  Finished root entity : com.soft.entity.LocaleMessageEntity
17:39:44.061 [main] DEBUG org.hibernate.loader.plan.build.internal.FetchStyleLoadPlanBuildingAssociationVisitationStrategy - Building LoadPlan...
17:39:44.062 [main] DEBUG org.hibernate.loader.plan.exec.internal.LoadQueryJoinAndFetchProcessor - processing queryspace <gen:0>
17:39:44.063 [main] DEBUG org.hibernate.loader.plan.build.spi.LoadPlanTreePrinter - LoadPlan(entity=com.soft.entity.LocaleMessageEntity)
    - Returns
       - EntityReturnImpl(entity=com.soft.entity.LocaleMessageEntity, querySpaceUid=<gen:0>, path=com.soft.entity.LocaleMessageEntity)
    - QuerySpaces
       - EntityQuerySpaceImpl(uid=<gen:0>, entity=com.soft.entity.LocaleMessageEntity)
          - SQL table alias mapping - localemess0_
          - alias suffix - 0_
          - suffixed key columns - {ID1_1_0_}

17:39:44.063 [main] DEBUG org.hibernate.loader.entity.plan.EntityLoader - Static select for entity com.soft.entity.LocaleMessageEntity [PESSIMISTIC_READ]: select localemess0_.ID as ID1_1_0_, localemess0_.locale as locale2_1_0_, localemess0_.message as message3_1_0_, localemess0_.msgkey as msgkey4_1_0_ from locale localemess0_ where localemess0_.ID=? lock in share mode
17:39:44.063 [main] TRACE org.hibernate.loader.plan.build.internal.AbstractLoadPlanBuildingAssociationVisitationStrategy -  Starting root entity : com.soft.entity.LocaleMessageEntity
17:39:44.063 [main] DEBUG org.hibernate.loader.plan.build.internal.spaces.QuerySpacesImpl - Adding QuerySpace : uid = <gen:0> -> org.hibernate.loader.plan.build.internal.spaces.EntityQuerySpaceImpl@7b6c6e70]
17:39:44.063 [main] TRACE org.hibernate.loader.plan.build.internal.AbstractLoadPlanBuildingAssociationVisitationStrategy - Pushing fetch source to stack : org.hibernate.loader.plan.build.internal.returns.EntityReturnImpl@f324455
17:39:44.063 [main] TRACE org.hibernate.loader.plan.build.internal.AbstractLoadPlanBuildingAssociationVisitationStrategy - .. Registering AssociationKey : AssociationKey(table=locale, columns={ID}) -> org.hibernate.loader.plan.build.internal.returns.EntityReturnImpl@f324455
17:39:44.064 [main] TRACE org.hibernate.loader.plan.build.internal.AbstractLoadPlanBuildingAssociationVisitationStrategy - >> Starting entity identifier : com.soft.entity.LocaleMessageEntity
17:39:44.064 [main] DEBUG org.hibernate.persister.walking.spi.MetamodelGraphWalker - Visiting attribute path : locale
17:39:44.064 [main] TRACE org.hibernate.loader.plan.build.internal.AbstractLoadPlanBuildingAssociationVisitationStrategy - >> Starting attribute Attribute(name=locale, type=string [non-identifier])
17:39:44.064 [main] TRACE org.hibernate.loader.plan.build.internal.AbstractLoadPlanBuildingAssociationVisitationStrategy - << Finishing up attribute : Attribute(name=locale, type=string [non-identifier])
17:39:44.064 [main] DEBUG org.hibernate.persister.walking.spi.MetamodelGraphWalker - Visiting attribute path : message
17:39:44.064 [main] TRACE org.hibernate.loader.plan.build.internal.AbstractLoadPlanBuildingAssociationVisitationStrategy - >> Starting attribute Attribute(name=message, type=string [non-identifier])
17:39:44.064 [main] TRACE org.hibernate.loader.plan.build.internal.AbstractLoadPlanBuildingAssociationVisitationStrategy - << Finishing up attribute : Attribute(name=message, type=string [non-identifier])
17:39:44.064 [main] DEBUG org.hibernate.persister.walking.spi.MetamodelGraphWalker - Visiting attribute path : msgKey
17:39:44.064 [main] TRACE org.hibernate.loader.plan.build.internal.AbstractLoadPlanBuildingAssociationVisitationStrategy - >> Starting attribute Attribute(name=msgKey, type=string [non-identifier])
17:39:44.064 [main] TRACE org.hibernate.loader.plan.build.internal.AbstractLoadPlanBuildingAssociationVisitationStrategy - << Finishing up attribute : Attribute(name=msgKey, type=string [non-identifier])
17:39:44.064 [main] TRACE org.hibernate.loader.plan.build.internal.AbstractLoadPlanBuildingAssociationVisitationStrategy - Popped fetch owner from stack : org.hibernate.loader.plan.build.internal.returns.EntityReturnImpl@f324455
17:39:44.064 [main] TRACE org.hibernate.loader.plan.build.internal.AbstractLoadPlanBuildingAssociationVisitationStrategy -  Finished root entity : com.soft.entity.LocaleMessageEntity
17:39:44.064 [main] DEBUG org.hibernate.loader.plan.build.internal.FetchStyleLoadPlanBuildingAssociationVisitationStrategy - Building LoadPlan...
17:39:44.064 [main] DEBUG org.hibernate.loader.plan.exec.internal.LoadQueryJoinAndFetchProcessor - processing queryspace <gen:0>
17:39:44.066 [main] DEBUG org.hibernate.loader.plan.build.spi.LoadPlanTreePrinter - LoadPlan(entity=com.soft.entity.LocaleMessageEntity)
    - Returns
       - EntityReturnImpl(entity=com.soft.entity.LocaleMessageEntity, querySpaceUid=<gen:0>, path=com.soft.entity.LocaleMessageEntity)
    - QuerySpaces
       - EntityQuerySpaceImpl(uid=<gen:0>, entity=com.soft.entity.LocaleMessageEntity)
          - SQL table alias mapping - localemess0_
          - alias suffix - 0_
          - suffixed key columns - {ID1_1_0_}

17:39:44.066 [main] DEBUG org.hibernate.loader.entity.plan.EntityLoader - Static select for entity com.soft.entity.LocaleMessageEntity [PESSIMISTIC_WRITE]: select localemess0_.ID as ID1_1_0_, localemess0_.locale as locale2_1_0_, localemess0_.message as message3_1_0_, localemess0_.msgkey as msgkey4_1_0_ from locale localemess0_ where localemess0_.ID=? for update
17:39:44.066 [main] TRACE org.hibernate.loader.plan.build.internal.AbstractLoadPlanBuildingAssociationVisitationStrategy -  Starting root entity : com.soft.entity.LocaleMessageEntity
17:39:44.066 [main] DEBUG org.hibernate.loader.plan.build.internal.spaces.QuerySpacesImpl - Adding QuerySpace : uid = <gen:0> -> org.hibernate.loader.plan.build.internal.spaces.EntityQuerySpaceImpl@3a894088]
17:39:44.066 [main] TRACE org.hibernate.loader.plan.build.internal.AbstractLoadPlanBuildingAssociationVisitationStrategy - Pushing fetch source to stack : org.hibernate.loader.plan.build.internal.returns.EntityReturnImpl@370c1968
17:39:44.066 [main] TRACE org.hibernate.loader.plan.build.internal.AbstractLoadPlanBuildingAssociationVisitationStrategy - .. Registering AssociationKey : AssociationKey(table=locale, columns={ID}) -> org.hibernate.loader.plan.build.internal.returns.EntityReturnImpl@370c1968
17:39:44.066 [main] TRACE org.hibernate.loader.plan.build.internal.AbstractLoadPlanBuildingAssociationVisitationStrategy - >> Starting entity identifier : com.soft.entity.LocaleMessageEntity
17:39:44.066 [main] DEBUG org.hibernate.persister.walking.spi.MetamodelGraphWalker - Visiting attribute path : locale
17:39:44.066 [main] TRACE org.hibernate.loader.plan.build.internal.AbstractLoadPlanBuildingAssociationVisitationStrategy - >> Starting attribute Attribute(name=locale, type=string [non-identifier])
17:39:44.066 [main] TRACE org.hibernate.loader.plan.build.internal.AbstractLoadPlanBuildingAssociationVisitationStrategy - << Finishing up attribute : Attribute(name=locale, type=string [non-identifier])
17:39:44.066 [main] DEBUG org.hibernate.persister.walking.spi.MetamodelGraphWalker - Visiting attribute path : message
17:39:44.066 [main] TRACE org.hibernate.loader.plan.build.internal.AbstractLoadPlanBuildingAssociationVisitationStrategy - >> Starting attribute Attribute(name=message, type=string [non-identifier])
17:39:44.066 [main] TRACE org.hibernate.loader.plan.build.internal.AbstractLoadPlanBuildingAssociationVisitationStrategy - << Finishing up attribute : Attribute(name=message, type=string [non-identifier])
17:39:44.067 [main] DEBUG org.hibernate.persister.walking.spi.MetamodelGraphWalker - Visiting attribute path : msgKey
17:39:44.067 [main] TRACE org.hibernate.loader.plan.build.internal.AbstractLoadPlanBuildingAssociationVisitationStrategy - >> Starting attribute Attribute(name=msgKey, type=string [non-identifier])
17:39:44.067 [main] TRACE org.hibernate.loader.plan.build.internal.AbstractLoadPlanBuildingAssociationVisitationStrategy - << Finishing up attribute : Attribute(name=msgKey, type=string [non-identifier])
17:39:44.067 [main] TRACE org.hibernate.loader.plan.build.internal.AbstractLoadPlanBuildingAssociationVisitationStrategy - Popped fetch owner from stack : org.hibernate.loader.plan.build.internal.returns.EntityReturnImpl@370c1968
17:39:44.067 [main] TRACE org.hibernate.loader.plan.build.internal.AbstractLoadPlanBuildingAssociationVisitationStrategy -  Finished root entity : com.soft.entity.LocaleMessageEntity
17:39:44.067 [main] DEBUG org.hibernate.loader.plan.build.internal.FetchStyleLoadPlanBuildingAssociationVisitationStrategy - Building LoadPlan...
17:39:44.067 [main] DEBUG org.hibernate.loader.plan.exec.internal.LoadQueryJoinAndFetchProcessor - processing queryspace <gen:0>
17:39:44.067 [main] DEBUG org.hibernate.loader.plan.build.spi.LoadPlanTreePrinter - LoadPlan(entity=com.soft.entity.LocaleMessageEntity)
    - Returns
       - EntityReturnImpl(entity=com.soft.entity.LocaleMessageEntity, querySpaceUid=<gen:0>, path=com.soft.entity.LocaleMessageEntity)
    - QuerySpaces
       - EntityQuerySpaceImpl(uid=<gen:0>, entity=com.soft.entity.LocaleMessageEntity)
          - SQL table alias mapping - localemess0_
          - alias suffix - 0_
          - suffixed key columns - {ID1_1_0_}

17:39:44.067 [main] DEBUG org.hibernate.loader.entity.plan.EntityLoader - Static select for entity com.soft.entity.LocaleMessageEntity [PESSIMISTIC_FORCE_INCREMENT]: select localemess0_.ID as ID1_1_0_, localemess0_.locale as locale2_1_0_, localemess0_.message as message3_1_0_, localemess0_.msgkey as msgkey4_1_0_ from locale localemess0_ where localemess0_.ID=? for update
17:39:44.067 [main] TRACE org.hibernate.loader.plan.build.internal.AbstractLoadPlanBuildingAssociationVisitationStrategy -  Starting root entity : com.soft.entity.LocaleMessageEntity
17:39:44.067 [main] DEBUG org.hibernate.loader.plan.build.internal.spaces.QuerySpacesImpl - Adding QuerySpace : uid = <gen:0> -> org.hibernate.loader.plan.build.internal.spaces.EntityQuerySpaceImpl@2f0bfe17]
17:39:44.067 [main] TRACE org.hibernate.loader.plan.build.internal.AbstractLoadPlanBuildingAssociationVisitationStrategy - Pushing fetch source to stack : org.hibernate.loader.plan.build.internal.returns.EntityReturnImpl@3206174f
17:39:44.067 [main] TRACE org.hibernate.loader.plan.build.internal.AbstractLoadPlanBuildingAssociationVisitationStrategy - .. Registering AssociationKey : AssociationKey(table=locale, columns={ID}) -> org.hibernate.loader.plan.build.internal.returns.EntityReturnImpl@3206174f
17:39:44.068 [main] TRACE org.hibernate.loader.plan.build.internal.AbstractLoadPlanBuildingAssociationVisitationStrategy - >> Starting entity identifier : com.soft.entity.LocaleMessageEntity
17:39:44.068 [main] DEBUG org.hibernate.persister.walking.spi.MetamodelGraphWalker - Visiting attribute path : locale
17:39:44.068 [main] TRACE org.hibernate.loader.plan.build.internal.AbstractLoadPlanBuildingAssociationVisitationStrategy - >> Starting attribute Attribute(name=locale, type=string [non-identifier])
17:39:44.068 [main] TRACE org.hibernate.loader.plan.build.internal.AbstractLoadPlanBuildingAssociationVisitationStrategy - << Finishing up attribute : Attribute(name=locale, type=string [non-identifier])
17:39:44.068 [main] DEBUG org.hibernate.persister.walking.spi.MetamodelGraphWalker - Visiting attribute path : message
17:39:44.068 [main] TRACE org.hibernate.loader.plan.build.internal.AbstractLoadPlanBuildingAssociationVisitationStrategy - >> Starting attribute Attribute(name=message, type=string [non-identifier])
17:39:44.068 [main] TRACE org.hibernate.loader.plan.build.internal.AbstractLoadPlanBuildingAssociationVisitationStrategy - << Finishing up attribute : Attribute(name=message, type=string [non-identifier])
17:39:44.068 [main] DEBUG org.hibernate.persister.walking.spi.MetamodelGraphWalker - Visiting attribute path : msgKey
17:39:44.068 [main] TRACE org.hibernate.loader.plan.build.internal.AbstractLoadPlanBuildingAssociationVisitationStrategy - >> Starting attribute Attribute(name=msgKey, type=string [non-identifier])
17:39:44.068 [main] TRACE org.hibernate.loader.plan.build.internal.AbstractLoadPlanBuildingAssociationVisitationStrategy - << Finishing up attribute : Attribute(name=msgKey, type=string [non-identifier])
17:39:44.068 [main] TRACE org.hibernate.loader.plan.build.internal.AbstractLoadPlanBuildingAssociationVisitationStrategy - Popped fetch owner from stack : org.hibernate.loader.plan.build.internal.returns.EntityReturnImpl@3206174f
17:39:44.068 [main] TRACE org.hibernate.loader.plan.build.internal.AbstractLoadPlanBuildingAssociationVisitationStrategy -  Finished root entity : com.soft.entity.LocaleMessageEntity
17:39:44.068 [main] DEBUG org.hibernate.loader.plan.build.internal.FetchStyleLoadPlanBuildingAssociationVisitationStrategy - Building LoadPlan...
17:39:44.068 [main] DEBUG org.hibernate.loader.plan.exec.internal.LoadQueryJoinAndFetchProcessor - processing queryspace <gen:0>
17:39:44.068 [main] DEBUG org.hibernate.loader.plan.build.spi.LoadPlanTreePrinter - LoadPlan(entity=com.soft.entity.LocaleMessageEntity)
    - Returns
       - EntityReturnImpl(entity=com.soft.entity.LocaleMessageEntity, querySpaceUid=<gen:0>, path=com.soft.entity.LocaleMessageEntity)
    - QuerySpaces
       - EntityQuerySpaceImpl(uid=<gen:0>, entity=com.soft.entity.LocaleMessageEntity)
          - SQL table alias mapping - localemess0_
          - alias suffix - 0_
          - suffixed key columns - {ID1_1_0_}

17:39:44.068 [main] DEBUG org.hibernate.loader.entity.plan.EntityLoader - Static select for entity com.soft.entity.LocaleMessageEntity [OPTIMISTIC]: select localemess0_.ID as ID1_1_0_, localemess0_.locale as locale2_1_0_, localemess0_.message as message3_1_0_, localemess0_.msgkey as msgkey4_1_0_ from locale localemess0_ where localemess0_.ID=?
17:39:44.068 [main] TRACE org.hibernate.loader.plan.build.internal.AbstractLoadPlanBuildingAssociationVisitationStrategy -  Starting root entity : com.soft.entity.LocaleMessageEntity
17:39:44.069 [main] DEBUG org.hibernate.loader.plan.build.internal.spaces.QuerySpacesImpl - Adding QuerySpace : uid = <gen:0> -> org.hibernate.loader.plan.build.internal.spaces.EntityQuerySpaceImpl@42fb8c87]
17:39:44.069 [main] TRACE org.hibernate.loader.plan.build.internal.AbstractLoadPlanBuildingAssociationVisitationStrategy - Pushing fetch source to stack : org.hibernate.loader.plan.build.internal.returns.EntityReturnImpl@15eb0ae9
17:39:44.069 [main] TRACE org.hibernate.loader.plan.build.internal.AbstractLoadPlanBuildingAssociationVisitationStrategy - .. Registering AssociationKey : AssociationKey(table=locale, columns={ID}) -> org.hibernate.loader.plan.build.internal.returns.EntityReturnImpl@15eb0ae9
17:39:44.069 [main] TRACE org.hibernate.loader.plan.build.internal.AbstractLoadPlanBuildingAssociationVisitationStrategy - >> Starting entity identifier : com.soft.entity.LocaleMessageEntity
17:39:44.069 [main] DEBUG org.hibernate.persister.walking.spi.MetamodelGraphWalker - Visiting attribute path : locale
17:39:44.069 [main] TRACE org.hibernate.loader.plan.build.internal.AbstractLoadPlanBuildingAssociationVisitationStrategy - >> Starting attribute Attribute(name=locale, type=string [non-identifier])
17:39:44.069 [main] TRACE org.hibernate.loader.plan.build.internal.AbstractLoadPlanBuildingAssociationVisitationStrategy - << Finishing up attribute : Attribute(name=locale, type=string [non-identifier])
17:39:44.069 [main] DEBUG org.hibernate.persister.walking.spi.MetamodelGraphWalker - Visiting attribute path : message
17:39:44.069 [main] TRACE org.hibernate.loader.plan.build.internal.AbstractLoadPlanBuildingAssociationVisitationStrategy - >> Starting attribute Attribute(name=message, type=string [non-identifier])
17:39:44.069 [main] TRACE org.hibernate.loader.plan.build.internal.AbstractLoadPlanBuildingAssociationVisitationStrategy - << Finishing up attribute : Attribute(name=message, type=string [non-identifier])
17:39:44.069 [main] DEBUG org.hibernate.persister.walking.spi.MetamodelGraphWalker - Visiting attribute path : msgKey
17:39:44.069 [main] TRACE org.hibernate.loader.plan.build.internal.AbstractLoadPlanBuildingAssociationVisitationStrategy - >> Starting attribute Attribute(name=msgKey, type=string [non-identifier])
17:39:44.069 [main] TRACE org.hibernate.loader.plan.build.internal.AbstractLoadPlanBuildingAssociationVisitationStrategy - << Finishing up attribute : Attribute(name=msgKey, type=string [non-identifier])
17:39:44.069 [main] TRACE org.hibernate.loader.plan.build.internal.AbstractLoadPlanBuildingAssociationVisitationStrategy - Popped fetch owner from stack : org.hibernate.loader.plan.build.internal.returns.EntityReturnImpl@15eb0ae9
17:39:44.069 [main] TRACE org.hibernate.loader.plan.build.internal.AbstractLoadPlanBuildingAssociationVisitationStrategy -  Finished root entity : com.soft.entity.LocaleMessageEntity
17:39:44.069 [main] DEBUG org.hibernate.loader.plan.build.internal.FetchStyleLoadPlanBuildingAssociationVisitationStrategy - Building LoadPlan...
17:39:44.069 [main] DEBUG org.hibernate.loader.plan.exec.internal.LoadQueryJoinAndFetchProcessor - processing queryspace <gen:0>
17:39:44.069 [main] DEBUG org.hibernate.loader.plan.build.spi.LoadPlanTreePrinter - LoadPlan(entity=com.soft.entity.LocaleMessageEntity)
    - Returns
       - EntityReturnImpl(entity=com.soft.entity.LocaleMessageEntity, querySpaceUid=<gen:0>, path=com.soft.entity.LocaleMessageEntity)
    - QuerySpaces
       - EntityQuerySpaceImpl(uid=<gen:0>, entity=com.soft.entity.LocaleMessageEntity)
          - SQL table alias mapping - localemess0_
          - alias suffix - 0_
          - suffixed key columns - {ID1_1_0_}

17:39:44.070 [main] DEBUG org.hibernate.loader.entity.plan.EntityLoader - Static select for entity com.soft.entity.LocaleMessageEntity [OPTIMISTIC_FORCE_INCREMENT]: select localemess0_.ID as ID1_1_0_, localemess0_.locale as locale2_1_0_, localemess0_.message as message3_1_0_, localemess0_.msgkey as msgkey4_1_0_ from locale localemess0_ where localemess0_.ID=?
17:39:44.070 [main] DEBUG org.hibernate.loader.Loader - Static select for action ACTION_MERGE on entity com.soft.entity.LocaleMessageEntity: select localemess0_.ID as ID1_1_0_, localemess0_.locale as locale2_1_0_, localemess0_.message as message3_1_0_, localemess0_.msgkey as msgkey4_1_0_ from locale localemess0_ where localemess0_.ID=?
17:39:44.070 [main] DEBUG org.hibernate.loader.Loader - Static select for action ACTION_REFRESH on entity com.soft.entity.LocaleMessageEntity: select localemess0_.ID as ID1_1_0_, localemess0_.locale as locale2_1_0_, localemess0_.message as message3_1_0_, localemess0_.msgkey as msgkey4_1_0_ from locale localemess0_ where localemess0_.ID=?
17:39:44.081 [main] TRACE org.hibernate.metamodel.internal.MetadataContext - Wrapping up metadata context...
17:39:44.084 [main] TRACE org.hibernate.metamodel.internal.MetadataContext - Starting entity [com.soft.entity.ResistorEntity]
17:39:44.085 [main] TRACE org.hibernate.metamodel.internal.AttributeFactory - Building identifier attribute [com.soft.entity.ResistorEntity.id]
17:39:44.085 [main] TRACE org.hibernate.metamodel.internal.AttributeFactory - Starting attribute metadata determination [id]
17:39:44.086 [main] TRACE org.hibernate.metamodel.internal.AttributeFactory -     Determined member [private java.lang.Long com.soft.entity.ResistorEntity.id]
17:39:44.086 [main] TRACE org.hibernate.metamodel.internal.AttributeFactory -     Determined type [name=long, class=org.hibernate.type.LongType]
17:39:44.088 [main] TRACE org.hibernate.metamodel.internal.AttributeFactory - Building attribute [com.soft.entity.ResistorEntity.category]
17:39:44.088 [main] TRACE org.hibernate.metamodel.internal.AttributeFactory - Starting attribute metadata determination [category]
17:39:44.088 [main] TRACE org.hibernate.metamodel.internal.AttributeFactory -     Determined member [private java.lang.Integer com.soft.entity.ResistorEntity.category]
17:39:44.088 [main] TRACE org.hibernate.metamodel.internal.AttributeFactory -     Determined type [name=integer, class=org.hibernate.type.IntegerType]
17:39:44.088 [main] TRACE org.hibernate.metamodel.internal.AttributeFactory - Building attribute [com.soft.entity.ResistorEntity.description]
17:39:44.089 [main] TRACE org.hibernate.metamodel.internal.AttributeFactory - Starting attribute metadata determination [description]
17:39:44.089 [main] TRACE org.hibernate.metamodel.internal.AttributeFactory -     Determined member [private java.lang.String com.soft.entity.ResistorEntity.description]
17:39:44.089 [main] TRACE org.hibernate.metamodel.internal.AttributeFactory -     Determined type [name=string, class=org.hibernate.type.StringType]
17:39:44.089 [main] TRACE org.hibernate.metamodel.internal.AttributeFactory - Building attribute [com.soft.entity.ResistorEntity.name]
17:39:44.089 [main] TRACE org.hibernate.metamodel.internal.AttributeFactory - Starting attribute metadata determination [name]
17:39:44.089 [main] TRACE org.hibernate.metamodel.internal.AttributeFactory -     Determined member [private java.lang.String com.soft.entity.ResistorEntity.name]
17:39:44.089 [main] TRACE org.hibernate.metamodel.internal.AttributeFactory -     Determined type [name=string, class=org.hibernate.type.StringType]
17:39:44.089 [main] TRACE org.hibernate.metamodel.internal.AttributeFactory - Building attribute [com.soft.entity.ResistorEntity.nominal]
17:39:44.089 [main] TRACE org.hibernate.metamodel.internal.AttributeFactory - Starting attribute metadata determination [nominal]
17:39:44.089 [main] TRACE org.hibernate.metamodel.internal.AttributeFactory -     Determined member [private java.lang.Double com.soft.entity.ResistorEntity.nominal]
17:39:44.089 [main] TRACE org.hibernate.metamodel.internal.AttributeFactory -     Determined type [name=double, class=org.hibernate.type.DoubleType]
17:39:44.089 [main] TRACE org.hibernate.metamodel.internal.AttributeFactory - Building attribute [com.soft.entity.ResistorEntity.nominalUnit]
17:39:44.089 [main] TRACE org.hibernate.metamodel.internal.AttributeFactory - Starting attribute metadata determination [nominalUnit]
17:39:44.089 [main] TRACE org.hibernate.metamodel.internal.AttributeFactory -     Determined member [private java.lang.Integer com.soft.entity.ResistorEntity.nominalUnit]
17:39:44.089 [main] TRACE org.hibernate.metamodel.internal.AttributeFactory -     Determined type [name=integer, class=org.hibernate.type.IntegerType]
17:39:44.089 [main] TRACE org.hibernate.metamodel.internal.AttributeFactory - Building attribute [com.soft.entity.ResistorEntity.photo]
17:39:44.089 [main] TRACE org.hibernate.metamodel.internal.AttributeFactory - Starting attribute metadata determination [photo]
17:39:44.089 [main] TRACE org.hibernate.metamodel.internal.AttributeFactory -     Determined member [private byte[] com.soft.entity.ResistorEntity.photo]
17:39:44.089 [main] TRACE org.hibernate.metamodel.internal.AttributeFactory -     Determined type [name=binary, class=org.hibernate.type.BinaryType]
17:39:44.089 [main] TRACE org.hibernate.metamodel.internal.AttributeFactory - Building attribute [com.soft.entity.ResistorEntity.power]
17:39:44.089 [main] TRACE org.hibernate.metamodel.internal.AttributeFactory - Starting attribute metadata determination [power]
17:39:44.089 [main] TRACE org.hibernate.metamodel.internal.AttributeFactory -     Determined member [private java.lang.Double com.soft.entity.ResistorEntity.power]
17:39:44.089 [main] TRACE org.hibernate.metamodel.internal.AttributeFactory -     Determined type [name=double, class=org.hibernate.type.DoubleType]
17:39:44.089 [main] TRACE org.hibernate.metamodel.internal.AttributeFactory - Building attribute [com.soft.entity.ResistorEntity.powerUnit]
17:39:44.089 [main] TRACE org.hibernate.metamodel.internal.AttributeFactory - Starting attribute metadata determination [powerUnit]
17:39:44.090 [main] TRACE org.hibernate.metamodel.internal.AttributeFactory -     Determined member [private java.lang.Integer com.soft.entity.ResistorEntity.powerUnit]
17:39:44.090 [main] TRACE org.hibernate.metamodel.internal.AttributeFactory -     Determined type [name=integer, class=org.hibernate.type.IntegerType]
17:39:44.090 [main] TRACE org.hibernate.metamodel.internal.AttributeFactory - Building attribute [com.soft.entity.ResistorEntity.price]
17:39:44.090 [main] TRACE org.hibernate.metamodel.internal.AttributeFactory - Starting attribute metadata determination [price]
17:39:44.090 [main] TRACE org.hibernate.metamodel.internal.AttributeFactory -     Determined member [private java.lang.Double com.soft.entity.ResistorEntity.price]
17:39:44.090 [main] TRACE org.hibernate.metamodel.internal.AttributeFactory -     Determined type [name=double, class=org.hibernate.type.DoubleType]
17:39:44.090 [main] TRACE org.hibernate.metamodel.internal.AttributeFactory - Building attribute [com.soft.entity.ResistorEntity.producer]
17:39:44.090 [main] TRACE org.hibernate.metamodel.internal.AttributeFactory - Starting attribute metadata determination [producer]
17:39:44.090 [main] TRACE org.hibernate.metamodel.internal.AttributeFactory -     Determined member [private java.lang.Integer com.soft.entity.ResistorEntity.producer]
17:39:44.090 [main] TRACE org.hibernate.metamodel.internal.AttributeFactory -     Determined type [name=integer, class=org.hibernate.type.IntegerType]
17:39:44.090 [main] TRACE org.hibernate.metamodel.internal.AttributeFactory - Building attribute [com.soft.entity.ResistorEntity.quantity]
17:39:44.090 [main] TRACE org.hibernate.metamodel.internal.AttributeFactory - Starting attribute metadata determination [quantity]
17:39:44.090 [main] TRACE org.hibernate.metamodel.internal.AttributeFactory -     Determined member [private java.lang.Integer com.soft.entity.ResistorEntity.quantity]
17:39:44.090 [main] TRACE org.hibernate.metamodel.internal.AttributeFactory -     Determined type [name=integer, class=org.hibernate.type.IntegerType]
17:39:44.090 [main] TRACE org.hibernate.metamodel.internal.AttributeFactory - Building attribute [com.soft.entity.ResistorEntity.rPackage]
17:39:44.090 [main] TRACE org.hibernate.metamodel.internal.AttributeFactory - Starting attribute metadata determination [rPackage]
17:39:44.090 [main] TRACE org.hibernate.metamodel.internal.AttributeFactory -     Determined member [private java.lang.Integer com.soft.entity.ResistorEntity.rPackage]
17:39:44.090 [main] TRACE org.hibernate.metamodel.internal.AttributeFactory -     Determined type [name=integer, class=org.hibernate.type.IntegerType]
17:39:44.090 [main] TRACE org.hibernate.metamodel.internal.AttributeFactory - Building attribute [com.soft.entity.ResistorEntity.rPrecision]
17:39:44.090 [main] TRACE org.hibernate.metamodel.internal.AttributeFactory - Starting attribute metadata determination [rPrecision]
17:39:44.090 [main] TRACE org.hibernate.metamodel.internal.AttributeFactory -     Determined member [private java.lang.Double com.soft.entity.ResistorEntity.rPrecision]
17:39:44.090 [main] TRACE org.hibernate.metamodel.internal.AttributeFactory -     Determined type [name=double, class=org.hibernate.type.DoubleType]
17:39:44.091 [main] TRACE org.hibernate.metamodel.internal.MetadataContext - Completed entity [com.soft.entity.ResistorEntity]
17:39:44.091 [main] TRACE org.hibernate.metamodel.internal.MetadataContext - Starting entity [com.soft.entity.ProducerEntity]
17:39:44.091 [main] TRACE org.hibernate.metamodel.internal.AttributeFactory - Building identifier attribute [com.soft.entity.ProducerEntity.id]
17:39:44.091 [main] TRACE org.hibernate.metamodel.internal.AttributeFactory - Starting attribute metadata determination [id]
17:39:44.091 [main] TRACE org.hibernate.metamodel.internal.AttributeFactory -     Determined member [private java.lang.Long com.soft.entity.ProducerEntity.id]
17:39:44.091 [main] TRACE org.hibernate.metamodel.internal.AttributeFactory -     Determined type [name=long, class=org.hibernate.type.LongType]
17:39:44.091 [main] TRACE org.hibernate.metamodel.internal.AttributeFactory - Building attribute [com.soft.entity.ProducerEntity.producerCategory]
17:39:44.091 [main] TRACE org.hibernate.metamodel.internal.AttributeFactory - Starting attribute metadata determination [producerCategory]
17:39:44.091 [main] TRACE org.hibernate.metamodel.internal.AttributeFactory -     Determined member [private java.lang.Integer com.soft.entity.ProducerEntity.producerCategory]
17:39:44.091 [main] TRACE org.hibernate.metamodel.internal.AttributeFactory -     Determined type [name=integer, class=org.hibernate.type.IntegerType]
17:39:44.091 [main] TRACE org.hibernate.metamodel.internal.AttributeFactory - Building attribute [com.soft.entity.ProducerEntity.producerName]
17:39:44.091 [main] TRACE org.hibernate.metamodel.internal.AttributeFactory - Starting attribute metadata determination [producerName]
17:39:44.091 [main] TRACE org.hibernate.metamodel.internal.AttributeFactory -     Determined member [private java.lang.String com.soft.entity.ProducerEntity.producerName]
17:39:44.091 [main] TRACE org.hibernate.metamodel.internal.AttributeFactory -     Determined type [name=string, class=org.hibernate.type.StringType]
17:39:44.091 [main] TRACE org.hibernate.metamodel.internal.MetadataContext - Completed entity [com.soft.entity.ProducerEntity]
17:39:44.092 [main] TRACE org.hibernate.metamodel.internal.MetadataContext - Starting entity [com.soft.entity.TransistorEntity]
17:39:44.092 [main] TRACE org.hibernate.metamodel.internal.AttributeFactory - Building identifier attribute [com.soft.entity.TransistorEntity.id]
17:39:44.092 [main] TRACE org.hibernate.metamodel.internal.AttributeFactory - Starting attribute metadata determination [id]
17:39:44.092 [main] TRACE org.hibernate.metamodel.internal.AttributeFactory -     Determined member [private java.lang.Long com.soft.entity.TransistorEntity.id]
17:39:44.092 [main] TRACE org.hibernate.metamodel.internal.AttributeFactory -     Determined type [name=long, class=org.hibernate.type.LongType]
17:39:44.092 [main] TRACE org.hibernate.metamodel.internal.AttributeFactory - Building attribute [com.soft.entity.TransistorEntity.category]
17:39:44.092 [main] TRACE org.hibernate.metamodel.internal.AttributeFactory - Starting attribute metadata determination [category]
17:39:44.092 [main] TRACE org.hibernate.metamodel.internal.AttributeFactory -     Determined member [private java.lang.Integer com.soft.entity.TransistorEntity.category]
17:39:44.092 [main] TRACE org.hibernate.metamodel.internal.AttributeFactory -     Determined type [name=integer, class=org.hibernate.type.IntegerType]
17:39:44.092 [main] TRACE org.hibernate.metamodel.internal.AttributeFactory - Building attribute [com.soft.entity.TransistorEntity.conductanceType]
17:39:44.092 [main] TRACE org.hibernate.metamodel.internal.AttributeFactory - Starting attribute metadata determination [conductanceType]
17:39:44.092 [main] TRACE org.hibernate.metamodel.internal.AttributeFactory -     Determined member [private java.lang.String com.soft.entity.TransistorEntity.conductanceType]
17:39:44.092 [main] TRACE org.hibernate.metamodel.internal.AttributeFactory -     Determined type [name=string, class=org.hibernate.type.StringType]
17:39:44.092 [main] TRACE org.hibernate.metamodel.internal.AttributeFactory - Building attribute [com.soft.entity.TransistorEntity.description]
17:39:44.092 [main] TRACE org.hibernate.metamodel.internal.AttributeFactory - Starting attribute metadata determination [description]
17:39:44.092 [main] TRACE org.hibernate.metamodel.internal.AttributeFactory -     Determined member [private java.lang.String com.soft.entity.TransistorEntity.description]
17:39:44.092 [main] TRACE org.hibernate.metamodel.internal.AttributeFactory -     Determined type [name=string, class=org.hibernate.type.StringType]
17:39:44.092 [main] TRACE org.hibernate.metamodel.internal.AttributeFactory - Building attribute [com.soft.entity.TransistorEntity.gain]
17:39:44.093 [main] TRACE org.hibernate.metamodel.internal.AttributeFactory - Starting attribute metadata determination [gain]
17:39:44.093 [main] TRACE org.hibernate.metamodel.internal.AttributeFactory -     Determined member [private java.lang.Double com.soft.entity.TransistorEntity.gain]
17:39:44.093 [main] TRACE org.hibernate.metamodel.internal.AttributeFactory -     Determined type [name=double, class=org.hibernate.type.DoubleType]
17:39:44.093 [main] TRACE org.hibernate.metamodel.internal.AttributeFactory - Building attribute [com.soft.entity.TransistorEntity.maxCurrent]
17:39:44.093 [main] TRACE org.hibernate.metamodel.internal.AttributeFactory - Starting attribute metadata determination [maxCurrent]
17:39:44.093 [main] TRACE org.hibernate.metamodel.internal.AttributeFactory -     Determined member [private java.lang.Double com.soft.entity.TransistorEntity.maxCurrent]
17:39:44.093 [main] TRACE org.hibernate.metamodel.internal.AttributeFactory -     Determined type [name=double, class=org.hibernate.type.DoubleType]
17:39:44.093 [main] TRACE org.hibernate.metamodel.internal.AttributeFactory - Building attribute [com.soft.entity.TransistorEntity.maxCurrentUnit]
17:39:44.093 [main] TRACE org.hibernate.metamodel.internal.AttributeFactory - Starting attribute metadata determination [maxCurrentUnit]
17:39:44.093 [main] TRACE org.hibernate.metamodel.internal.AttributeFactory -     Determined member [private java.lang.Integer com.soft.entity.TransistorEntity.maxCurrentUnit]
17:39:44.093 [main] TRACE org.hibernate.metamodel.internal.AttributeFactory -     Determined type [name=integer, class=org.hibernate.type.IntegerType]
17:39:44.093 [main] TRACE org.hibernate.metamodel.internal.AttributeFactory - Building attribute [com.soft.entity.TransistorEntity.name]
17:39:44.093 [main] TRACE org.hibernate.metamodel.internal.AttributeFactory - Starting attribute metadata determination [name]
17:39:44.093 [main] TRACE org.hibernate.metamodel.internal.AttributeFactory -     Determined member [private java.lang.String com.soft.entity.TransistorEntity.name]
17:39:44.093 [main] TRACE org.hibernate.metamodel.internal.AttributeFactory -     Determined type [name=string, class=org.hibernate.type.StringType]
17:39:44.093 [main] TRACE org.hibernate.metamodel.internal.AttributeFactory - Building attribute [com.soft.entity.TransistorEntity.photo]
17:39:44.093 [main] TRACE org.hibernate.metamodel.internal.AttributeFactory - Starting attribute metadata determination [photo]
17:39:44.093 [main] TRACE org.hibernate.metamodel.internal.AttributeFactory -     Determined member [private byte[] com.soft.entity.TransistorEntity.photo]
17:39:44.093 [main] TRACE org.hibernate.metamodel.internal.AttributeFactory -     Determined type [name=binary, class=org.hibernate.type.BinaryType]
17:39:44.093 [main] TRACE org.hibernate.metamodel.internal.AttributeFactory - Building attribute [com.soft.entity.TransistorEntity.price]
17:39:44.093 [main] TRACE org.hibernate.metamodel.internal.AttributeFactory - Starting attribute metadata determination [price]
17:39:44.093 [main] TRACE org.hibernate.metamodel.internal.AttributeFactory -     Determined member [private java.lang.Double com.soft.entity.TransistorEntity.price]
17:39:44.093 [main] TRACE org.hibernate.metamodel.internal.AttributeFactory -     Determined type [name=double, class=org.hibernate.type.DoubleType]
17:39:44.094 [main] TRACE org.hibernate.metamodel.internal.AttributeFactory - Building attribute [com.soft.entity.TransistorEntity.producer]
17:39:44.094 [main] TRACE org.hibernate.metamodel.internal.AttributeFactory - Starting attribute metadata determination [producer]
17:39:44.094 [main] TRACE org.hibernate.metamodel.internal.AttributeFactory -     Determined member [private java.lang.Integer com.soft.entity.TransistorEntity.producer]
17:39:44.094 [main] TRACE org.hibernate.metamodel.internal.AttributeFactory -     Determined type [name=integer, class=org.hibernate.type.IntegerType]
17:39:44.094 [main] TRACE org.hibernate.metamodel.internal.AttributeFactory - Building attribute [com.soft.entity.TransistorEntity.quantity]
17:39:44.094 [main] TRACE org.hibernate.metamodel.internal.AttributeFactory - Starting attribute metadata determination [quantity]
17:39:44.094 [main] TRACE org.hibernate.metamodel.internal.AttributeFactory -     Determined member [private java.lang.Integer com.soft.entity.TransistorEntity.quantity]
17:39:44.094 [main] TRACE org.hibernate.metamodel.internal.AttributeFactory -     Determined type [name=integer, class=org.hibernate.type.IntegerType]
17:39:44.094 [main] TRACE org.hibernate.metamodel.internal.AttributeFactory - Building attribute [com.soft.entity.TransistorEntity.tPackage]
17:39:44.094 [main] TRACE org.hibernate.metamodel.internal.AttributeFactory - Starting attribute metadata determination [tPackage]
17:39:44.094 [main] TRACE org.hibernate.metamodel.internal.AttributeFactory -     Determined member [private java.lang.Integer com.soft.entity.TransistorEntity.tPackage]
17:39:44.094 [main] TRACE org.hibernate.metamodel.internal.AttributeFactory -     Determined type [name=integer, class=org.hibernate.type.IntegerType]
17:39:44.094 [main] TRACE org.hibernate.metamodel.internal.MetadataContext - Completed entity [com.soft.entity.TransistorEntity]
17:39:44.094 [main] TRACE org.hibernate.metamodel.internal.MetadataContext - Starting entity [com.soft.entity.CategoryEntity]
17:39:44.094 [main] TRACE org.hibernate.metamodel.internal.AttributeFactory - Building identifier attribute [com.soft.entity.CategoryEntity.id]
17:39:44.094 [main] TRACE org.hibernate.metamodel.internal.AttributeFactory - Starting attribute metadata determination [id]
17:39:44.094 [main] TRACE org.hibernate.metamodel.internal.AttributeFactory -     Determined member [private java.lang.Long com.soft.entity.CategoryEntity.id]
17:39:44.095 [main] TRACE org.hibernate.metamodel.internal.AttributeFactory -     Determined type [name=long, class=org.hibernate.type.LongType]
17:39:44.095 [main] TRACE org.hibernate.metamodel.internal.AttributeFactory - Building attribute [com.soft.entity.CategoryEntity.entityName]
17:39:44.095 [main] TRACE org.hibernate.metamodel.internal.AttributeFactory - Starting attribute metadata determination [entityName]
17:39:44.095 [main] TRACE org.hibernate.metamodel.internal.AttributeFactory -     Determined member [private java.lang.String com.soft.entity.CategoryEntity.entityName]
17:39:44.095 [main] TRACE org.hibernate.metamodel.internal.AttributeFactory -     Determined type [name=string, class=org.hibernate.type.StringType]
17:39:44.095 [main] TRACE org.hibernate.metamodel.internal.AttributeFactory - Building attribute [com.soft.entity.CategoryEntity.name]
17:39:44.095 [main] TRACE org.hibernate.metamodel.internal.AttributeFactory - Starting attribute metadata determination [name]
17:39:44.095 [main] TRACE org.hibernate.metamodel.internal.AttributeFactory -     Determined member [private java.lang.String com.soft.entity.CategoryEntity.name]
17:39:44.095 [main] TRACE org.hibernate.metamodel.internal.AttributeFactory -     Determined type [name=string, class=org.hibernate.type.StringType]
17:39:44.095 [main] TRACE org.hibernate.metamodel.internal.AttributeFactory - Building attribute [com.soft.entity.CategoryEntity.photo]
17:39:44.095 [main] TRACE org.hibernate.metamodel.internal.AttributeFactory - Starting attribute metadata determination [photo]
17:39:44.095 [main] TRACE org.hibernate.metamodel.internal.AttributeFactory -     Determined member [private byte[] com.soft.entity.CategoryEntity.photo]
17:39:44.095 [main] TRACE org.hibernate.metamodel.internal.AttributeFactory -     Determined type [name=binary, class=org.hibernate.type.BinaryType]
17:39:44.095 [main] TRACE org.hibernate.metamodel.internal.MetadataContext - Completed entity [com.soft.entity.CategoryEntity]
17:39:44.095 [main] TRACE org.hibernate.metamodel.internal.MetadataContext - Starting entity [com.soft.entity.LocaleMessageEntity]
17:39:44.095 [main] TRACE org.hibernate.metamodel.internal.AttributeFactory - Building identifier attribute [com.soft.entity.LocaleMessageEntity.id]
17:39:44.095 [main] TRACE org.hibernate.metamodel.internal.AttributeFactory - Starting attribute metadata determination [id]
17:39:44.095 [main] TRACE org.hibernate.metamodel.internal.AttributeFactory -     Determined member [private java.lang.Long com.soft.entity.LocaleMessageEntity.id]
17:39:44.096 [main] TRACE org.hibernate.metamodel.internal.AttributeFactory -     Determined type [name=long, class=org.hibernate.type.LongType]
17:39:44.096 [main] TRACE org.hibernate.metamodel.internal.AttributeFactory - Building attribute [com.soft.entity.LocaleMessageEntity.locale]
17:39:44.096 [main] TRACE org.hibernate.metamodel.internal.AttributeFactory - Starting attribute metadata determination [locale]
17:39:44.096 [main] TRACE org.hibernate.metamodel.internal.AttributeFactory -     Determined member [private java.lang.String com.soft.entity.LocaleMessageEntity.locale]
17:39:44.096 [main] TRACE org.hibernate.metamodel.internal.AttributeFactory -     Determined type [name=string, class=org.hibernate.type.StringType]
17:39:44.096 [main] TRACE org.hibernate.metamodel.internal.AttributeFactory - Building attribute [com.soft.entity.LocaleMessageEntity.message]
17:39:44.096 [main] TRACE org.hibernate.metamodel.internal.AttributeFactory - Starting attribute metadata determination [message]
17:39:44.096 [main] TRACE org.hibernate.metamodel.internal.AttributeFactory -     Determined member [private java.lang.String com.soft.entity.LocaleMessageEntity.message]
17:39:44.096 [main] TRACE org.hibernate.metamodel.internal.AttributeFactory -     Determined type [name=string, class=org.hibernate.type.StringType]
17:39:44.096 [main] TRACE org.hibernate.metamodel.internal.AttributeFactory - Building attribute [com.soft.entity.LocaleMessageEntity.msgKey]
17:39:44.096 [main] TRACE org.hibernate.metamodel.internal.AttributeFactory - Starting attribute metadata determination [msgKey]
17:39:44.096 [main] TRACE org.hibernate.metamodel.internal.AttributeFactory -     Determined member [private java.lang.String com.soft.entity.LocaleMessageEntity.msgKey]
17:39:44.096 [main] TRACE org.hibernate.metamodel.internal.AttributeFactory -     Determined type [name=string, class=org.hibernate.type.StringType]
17:39:44.096 [main] TRACE org.hibernate.metamodel.internal.MetadataContext - Completed entity [com.soft.entity.LocaleMessageEntity]
17:39:44.100 [main] DEBUG org.hibernate.tool.schema.spi.SchemaManagementToolCoordinator - No actions specified; doing nothing
17:39:44.100 [main] TRACE org.hibernate.service.internal.AbstractServiceRegistryImpl - Initializing service [role=org.hibernate.engine.transaction.jta.platform.spi.JtaPlatform]
17:39:44.100 [main] DEBUG org.hibernate.engine.transaction.jta.platform.internal.JtaPlatformInitiator - No JtaPlatform was specified, checking resolver
17:39:44.101 [main] TRACE org.hibernate.service.internal.AbstractServiceRegistryImpl - Initializing service [role=org.hibernate.engine.transaction.jta.platform.spi.JtaPlatformResolver]
17:39:44.101 [main] DEBUG org.hibernate.engine.transaction.jta.platform.internal.JtaPlatformResolverInitiator - No JtaPlatformResolver was specified, using default [org.hibernate.engine.transaction.jta.platform.internal.StandardJtaPlatformResolver]
17:39:44.104 [main] DEBUG org.hibernate.engine.transaction.jta.platform.internal.StandardJtaPlatformResolver - Could not resolve JtaPlatform, using default [org.hibernate.engine.transaction.jta.platform.internal.NoJtaPlatform]
17:39:44.105 [main] DEBUG org.hibernate.query.spi.NamedQueryRepository - Checking 0 named HQL queries
17:39:44.105 [main] DEBUG org.hibernate.query.spi.NamedQueryRepository - Checking 0 named SQL queries
17:39:44.106 [main] DEBUG org.hibernate.internal.SessionFactoryRegistry - Initializing SessionFactoryRegistry : org.hibernate.internal.SessionFactoryRegistry@37496720
17:39:44.106 [main] DEBUG org.hibernate.internal.SessionFactoryRegistry - Registering SessionFactory: 6f6510ca-b41a-44d0-8927-56d612554d83 (<unnamed>)
17:39:44.107 [main] DEBUG org.hibernate.internal.SessionFactoryRegistry - Not binding SessionFactory to JNDI, no JNDI name configured
17:39:44.118 [main] DEBUG org.springframework.beans.factory.support.DefaultListableBeanFactory - Eagerly caching bean 'SessionFactory2' to allow for resolving potential circular references
17:39:44.118 [main] TRACE org.springframework.beans.CachedIntrospectionResults - Getting BeanInfo for class [org.hibernate.internal.SessionFactoryImpl]
17:39:44.120 [main] TRACE org.springframework.beans.CachedIntrospectionResults - Caching PropertyDescriptors for class [org.hibernate.internal.SessionFactoryImpl]
17:39:44.120 [main] TRACE org.springframework.beans.CachedIntrospectionResults - Found bean property 'allClassMetadata' of type [java.util.Map]
17:39:44.120 [main] TRACE org.springframework.beans.CachedIntrospectionResults - Found bean property 'allCollectionMetadata' of type [java.util.Map]
17:39:44.120 [main] TRACE org.springframework.beans.CachedIntrospectionResults - Found bean property 'allSecondLevelCacheRegions' of type [java.util.Map]
17:39:44.121 [main] TRACE org.springframework.beans.CachedIntrospectionResults - Found bean property 'cache' of type [org.hibernate.engine.spi.CacheImplementor]
17:39:44.121 [main] TRACE org.springframework.beans.CachedIntrospectionResults - Found bean property 'class' of type [java.lang.Class]
17:39:44.121 [main] TRACE org.springframework.beans.CachedIntrospectionResults - Found bean property 'closed' of type [boolean]
17:39:44.121 [main] TRACE org.springframework.beans.CachedIntrospectionResults - Found bean property 'criteriaBuilder' of type [javax.persistence.criteria.CriteriaBuilder]
17:39:44.121 [main] TRACE org.springframework.beans.CachedIntrospectionResults - Found bean property 'currentSession' of type [org.hibernate.Session]
17:39:44.121 [main] TRACE org.springframework.beans.CachedIntrospectionResults - Found bean property 'currentTenantIdentifierResolver' of type [org.hibernate.context.spi.CurrentTenantIdentifierResolver]
17:39:44.121 [main] TRACE org.springframework.beans.CachedIntrospectionResults - Found bean property 'customEntityDirtinessStrategy' of type [org.hibernate.CustomEntityDirtinessStrategy]
17:39:44.121 [main] TRACE org.springframework.beans.CachedIntrospectionResults - Found bean property 'definedFilterNames' of type [java.util.Set]
17:39:44.121 [main] TRACE org.springframework.beans.CachedIntrospectionResults - Found bean property 'deserializationResolver' of type [org.hibernate.engine.spi.SessionFactoryImplementor$DeserializationResolver]
17:39:44.121 [main] TRACE org.springframework.beans.CachedIntrospectionResults - Found bean property 'entityNotFoundDelegate' of type [org.hibernate.proxy.EntityNotFoundDelegate]
17:39:44.121 [main] TRACE org.springframework.beans.CachedIntrospectionResults - Found bean property 'identifierGeneratorFactory' of type [org.hibernate.id.factory.IdentifierGeneratorFactory]
17:39:44.121 [main] TRACE org.springframework.beans.CachedIntrospectionResults - Found bean property 'interceptor' of type [org.hibernate.Interceptor]
17:39:44.121 [main] TRACE org.springframework.beans.CachedIntrospectionResults - Found bean property 'jdbcServices' of type [org.hibernate.engine.jdbc.spi.JdbcServices]
17:39:44.121 [main] TRACE org.springframework.beans.CachedIntrospectionResults - Found bean property 'metamodel' of type [org.hibernate.metamodel.spi.MetamodelImplementor]
17:39:44.121 [main] TRACE org.springframework.beans.CachedIntrospectionResults - Found bean property 'name' of type [java.lang.String]
17:39:44.121 [main] TRACE org.springframework.beans.CachedIntrospectionResults - Found bean property 'namedQueryRepository' of type [org.hibernate.query.spi.NamedQueryRepository]
17:39:44.122 [main] TRACE org.springframework.beans.CachedIntrospectionResults - Found bean property 'open' of type [boolean]
17:39:44.122 [main] TRACE org.springframework.beans.CachedIntrospectionResults - Found bean property 'persistenceUnitUtil' of type [javax.persistence.PersistenceUnitUtil]
17:39:44.122 [main] TRACE org.springframework.beans.CachedIntrospectionResults - Found bean property 'properties' of type [java.util.Map]
17:39:44.122 [main] TRACE org.springframework.beans.CachedIntrospectionResults - Found bean property 'queryPlanCache' of type [org.hibernate.engine.query.spi.QueryPlanCache]
17:39:44.122 [main] TRACE org.springframework.beans.CachedIntrospectionResults - Found bean property 'reference' of type [javax.naming.Reference]
17:39:44.122 [main] TRACE org.springframework.beans.CachedIntrospectionResults - Found bean property 'serviceRegistry' of type [org.hibernate.service.spi.ServiceRegistryImplementor]
17:39:44.122 [main] TRACE org.springframework.beans.CachedIntrospectionResults - Found bean property 'sessionFactoryOptions' of type [org.hibernate.boot.spi.SessionFactoryOptions]
17:39:44.122 [main] TRACE org.springframework.beans.CachedIntrospectionResults - Found bean property 'settings' of type [org.hibernate.cfg.Settings]
17:39:44.122 [main] TRACE org.springframework.beans.CachedIntrospectionResults - Found bean property 'sqlFunctionRegistry' of type [org.hibernate.dialect.function.SQLFunctionRegistry]
17:39:44.122 [main] TRACE org.springframework.beans.CachedIntrospectionResults - Found bean property 'statistics' of type [org.hibernate.stat.spi.StatisticsImplementor]
17:39:44.122 [main] TRACE org.springframework.beans.CachedIntrospectionResults - Found bean property 'typeHelper' of type [org.hibernate.TypeHelper]
17:39:44.122 [main] TRACE org.springframework.beans.CachedIntrospectionResults - Found bean property 'typeResolver' of type [org.hibernate.type.TypeResolver]
17:39:44.122 [main] TRACE org.springframework.beans.CachedIntrospectionResults - Found bean property 'uuid' of type [java.lang.String]
17:39:44.124 [main] DEBUG org.springframework.beans.factory.support.DefaultListableBeanFactory - Returning cached instance of singleton bean 'org.springframework.transaction.config.internalTransactionAdvisor'
17:39:44.130 [main] DEBUG org.springframework.beans.factory.support.DefaultListableBeanFactory - Finished creating instance of bean 'SessionFactory2'
17:39:44.130 [main] DEBUG org.springframework.beans.factory.support.DefaultListableBeanFactory - Creating shared instance of singleton bean 'getDevLocaleDAO'
17:39:44.130 [main] DEBUG org.springframework.beans.factory.support.DefaultListableBeanFactory - Creating instance of bean 'getDevLocaleDAO'
17:39:44.130 [main] DEBUG org.springframework.beans.factory.support.DefaultListableBeanFactory - Returning cached instance of singleton bean 'dataAccessConfig'
17:39:44.131 [main] DEBUG org.springframework.beans.factory.support.DefaultListableBeanFactory - Returning cached instance of singleton bean 'SessionFactory2'
17:39:44.131 [main] DEBUG org.springframework.beans.factory.support.DefaultListableBeanFactory - Returning cached instance of singleton bean 'DataSourceBean2'
17:39:44.131 [main] DEBUG org.springframework.beans.factory.support.DefaultListableBeanFactory - Autowiring by type from bean name 'getDevLocaleDAO' via factory method to bean named 'SessionFactory2'
17:39:44.131 [main] DEBUG org.springframework.beans.factory.support.DefaultListableBeanFactory - Autowiring by type from bean name 'getDevLocaleDAO' via factory method to bean named 'DataSourceBean2'
17:39:44.132 [main] DEBUG org.springframework.beans.factory.support.DefaultListableBeanFactory - Eagerly caching bean 'getDevLocaleDAO' to allow for resolving potential circular references
17:39:44.132 [main] TRACE org.springframework.beans.CachedIntrospectionResults - Getting BeanInfo for class [com.soft.dao.EshopDAOImpl]
17:39:44.132 [main] TRACE org.springframework.beans.CachedIntrospectionResults - Caching PropertyDescriptors for class [com.soft.dao.EshopDAOImpl]
17:39:44.133 [main] TRACE org.springframework.beans.CachedIntrospectionResults - Found bean property 'class' of type [java.lang.Class]
17:39:44.133 [main] TRACE org.springframework.beans.CachedIntrospectionResults - Found bean property 'sessionFactory' of type [org.hibernate.SessionFactory]
17:39:44.133 [main] DEBUG org.springframework.beans.factory.support.DefaultListableBeanFactory - Returning cached instance of singleton bean 'org.springframework.transaction.config.internalTransactionAdvisor'
17:39:44.138 [main] DEBUG org.springframework.beans.factory.support.DefaultListableBeanFactory - Finished creating instance of bean 'getDevLocaleDAO'
17:39:44.138 [main] DEBUG org.springframework.beans.factory.annotation.AutowiredAnnotationBeanPostProcessor - Autowiring by type from bean name 'messageSource' to bean named 'getDevLocaleDAO'
17:39:44.139 [main] DEBUG org.springframework.beans.factory.support.DefaultListableBeanFactory - Returning cached instance of singleton bean 'org.springframework.transaction.config.internalTransactionAdvisor'
17:39:44.139 [main] DEBUG org.springframework.beans.factory.support.DefaultListableBeanFactory - Finished creating instance of bean 'messageSource'
17:39:44.139 [main] DEBUG org.springframework.context.support.GenericApplicationContext - Using MessageSource [com.soft.config.AppConfig$DBMessageSource@2f0ed952]
17:39:44.140 [main] DEBUG org.springframework.context.support.GenericApplicationContext - Unable to locate ApplicationEventMulticaster with name 'applicationEventMulticaster': using default [org.springframework.context.event.SimpleApplicationEventMulticaster@5a8816cc]
17:39:44.141 [main] DEBUG org.springframework.beans.factory.support.DefaultListableBeanFactory - Pre-instantiating singletons in org.springframework.beans.factory.support.DefaultListableBeanFactory@2fba3fc4: defining beans [org.springframework.context.annotation.internalConfigurationAnnotationProcessor,org.springframework.context.annotation.internalAutowiredAnnotationProcessor,org.springframework.context.annotation.internalRequiredAnnotationProcessor,org.springframework.context.annotation.internalCommonAnnotationProcessor,org.springframework.context.annotation.internalPersistenceAnnotationProcessor,org.springframework.context.event.internalEventListenerProcessor,org.springframework.context.event.internalEventListenerFactory,appConfig,dataAccessConfig,eshopController,messageSource,org.springframework.web.servlet.config.annotation.DelegatingWebMvcConfiguration,requestMappingHandlerMapping,mvcPathMatcher,mvcUrlPathHelper,mvcContentNegotiationManager,viewControllerHandlerMapping,beanNameHandlerMapping,resourceHandlerMapping,mvcResourceUrlProvider,defaultServletHandlerMapping,requestMappingHandlerAdapter,mvcConversionService,mvcValidator,mvcUriComponentsContributor,httpRequestHandlerAdapter,simpleControllerHandlerAdapter,handlerExceptionResolver,mvcViewResolver,mvcHandlerMappingIntrospector,viewResolver,templateEngine,templateResolver,localeResolver,org.springframework.transaction.annotation.ProxyTransactionManagementConfiguration,org.springframework.transaction.config.internalTransactionAdvisor,transactionAttributeSource,transactionInterceptor,org.springframework.transaction.config.internalTransactionalEventListenerFactory,DataSourceBean2,SessionFactory2,getDevLocaleDAO,transactionManager,org.springframework.aop.config.internalAutoProxyCreator]; root of factory hierarchy
17:39:44.142 [main] DEBUG org.springframework.beans.factory.support.DefaultListableBeanFactory - Returning cached instance of singleton bean 'org.springframework.context.annotation.internalConfigurationAnnotationProcessor'
17:39:44.142 [main] DEBUG org.springframework.beans.factory.support.DefaultListableBeanFactory - Returning cached instance of singleton bean 'org.springframework.context.annotation.internalAutowiredAnnotationProcessor'
17:39:44.142 [main] DEBUG org.springframework.beans.factory.support.DefaultListableBeanFactory - Returning cached instance of singleton bean 'org.springframework.context.annotation.internalRequiredAnnotationProcessor'
17:39:44.142 [main] DEBUG org.springframework.beans.factory.support.DefaultListableBeanFactory - Returning cached instance of singleton bean 'org.springframework.context.annotation.internalCommonAnnotationProcessor'
17:39:44.142 [main] DEBUG org.springframework.beans.factory.support.DefaultListableBeanFactory - Returning cached instance of singleton bean 'org.springframework.context.annotation.internalPersistenceAnnotationProcessor'
17:39:44.142 [main] DEBUG org.springframework.beans.factory.support.DefaultListableBeanFactory - Creating shared instance of singleton bean 'org.springframework.context.event.internalEventListenerProcessor'
17:39:44.142 [main] DEBUG org.springframework.beans.factory.support.DefaultListableBeanFactory - Creating instance of bean 'org.springframework.context.event.internalEventListenerProcessor'
17:39:44.143 [main] DEBUG org.springframework.beans.factory.support.DefaultListableBeanFactory - Eagerly caching bean 'org.springframework.context.event.internalEventListenerProcessor' to allow for resolving potential circular references
17:39:44.143 [main] TRACE org.springframework.beans.CachedIntrospectionResults - Getting BeanInfo for class [org.springframework.context.event.EventListenerMethodProcessor]
17:39:44.144 [main] TRACE org.springframework.beans.CachedIntrospectionResults - Caching PropertyDescriptors for class [org.springframework.context.event.EventListenerMethodProcessor]
17:39:44.144 [main] TRACE org.springframework.beans.CachedIntrospectionResults - Found bean property 'applicationContext' of type [org.springframework.context.ApplicationContext]
17:39:44.144 [main] TRACE org.springframework.beans.CachedIntrospectionResults - Found bean property 'class' of type [java.lang.Class]
17:39:44.145 [main] DEBUG org.springframework.beans.factory.support.DefaultListableBeanFactory - Returning cached instance of singleton bean 'org.springframework.transaction.config.internalTransactionAdvisor'
17:39:44.145 [main] DEBUG org.springframework.beans.factory.support.DefaultListableBeanFactory - Finished creating instance of bean 'org.springframework.context.event.internalEventListenerProcessor'
17:39:44.145 [main] DEBUG org.springframework.beans.factory.support.DefaultListableBeanFactory - Creating shared instance of singleton bean 'org.springframework.context.event.internalEventListenerFactory'
17:39:44.145 [main] DEBUG org.springframework.beans.factory.support.DefaultListableBeanFactory - Creating instance of bean 'org.springframework.context.event.internalEventListenerFactory'
17:39:44.146 [main] DEBUG org.springframework.beans.factory.support.DefaultListableBeanFactory - Eagerly caching bean 'org.springframework.context.event.internalEventListenerFactory' to allow for resolving potential circular references
17:39:44.146 [main] TRACE org.springframework.beans.CachedIntrospectionResults - Getting BeanInfo for class [org.springframework.context.event.DefaultEventListenerFactory]
17:39:44.146 [main] TRACE org.springframework.beans.CachedIntrospectionResults - Caching PropertyDescriptors for class [org.springframework.context.event.DefaultEventListenerFactory]
17:39:44.146 [main] TRACE org.springframework.beans.CachedIntrospectionResults - Found bean property 'class' of type [java.lang.Class]
17:39:44.147 [main] TRACE org.springframework.beans.CachedIntrospectionResults - Found bean property 'order' of type [int]
17:39:44.147 [main] DEBUG org.springframework.beans.factory.support.DefaultListableBeanFactory - Returning cached instance of singleton bean 'org.springframework.transaction.config.internalTransactionAdvisor'
17:39:44.147 [main] DEBUG org.springframework.beans.factory.support.DefaultListableBeanFactory - Finished creating instance of bean 'org.springframework.context.event.internalEventListenerFactory'
17:39:44.147 [main] DEBUG org.springframework.beans.factory.support.DefaultListableBeanFactory - Returning cached instance of singleton bean 'appConfig'
17:39:44.148 [main] DEBUG org.springframework.beans.factory.support.DefaultListableBeanFactory - Returning cached instance of singleton bean 'dataAccessConfig'
17:39:44.148 [main] DEBUG org.springframework.beans.factory.support.DefaultListableBeanFactory - Creating shared instance of singleton bean 'eshopController'
17:39:44.148 [main] DEBUG org.springframework.beans.factory.support.DefaultListableBeanFactory - Creating instance of bean 'eshopController'
17:39:44.150 [main] DEBUG org.springframework.beans.factory.annotation.InjectionMetadata - Registered injected element on class [com.soft.controller.EshopController]: AutowiredFieldElement for private com.soft.dao.EshopDAOImpl com.soft.controller.EshopController.eshopDaoImpl
17:39:44.150 [main] DEBUG org.springframework.beans.factory.support.DefaultListableBeanFactory - Eagerly caching bean 'eshopController' to allow for resolving potential circular references
17:39:44.150 [main] TRACE org.springframework.beans.CachedIntrospectionResults - Getting BeanInfo for class [com.soft.controller.EshopController]
17:39:44.151 [main] TRACE org.springframework.beans.CachedIntrospectionResults - Caching PropertyDescriptors for class [com.soft.controller.EshopController]
17:39:44.151 [main] TRACE org.springframework.beans.CachedIntrospectionResults - Found bean property 'class' of type [java.lang.Class]
17:39:44.151 [main] DEBUG org.springframework.beans.factory.annotation.InjectionMetadata - Processing injected element of bean 'eshopController': AutowiredFieldElement for private com.soft.dao.EshopDAOImpl com.soft.controller.EshopController.eshopDaoImpl
17:39:44.151 [main] DEBUG org.springframework.beans.factory.support.DefaultListableBeanFactory - Returning cached instance of singleton bean 'getDevLocaleDAO'
17:39:44.151 [main] DEBUG org.springframework.beans.factory.annotation.AutowiredAnnotationBeanPostProcessor - Autowiring by type from bean name 'eshopController' to bean named 'getDevLocaleDAO'
17:39:44.151 [main] DEBUG org.springframework.beans.factory.support.DefaultListableBeanFactory - Returning cached instance of singleton bean 'org.springframework.transaction.config.internalTransactionAdvisor'
17:39:44.152 [main] DEBUG org.springframework.beans.factory.support.DefaultListableBeanFactory - Finished creating instance of bean 'eshopController'
17:39:44.152 [main] DEBUG org.springframework.beans.factory.support.DefaultListableBeanFactory - Returning cached instance of singleton bean 'messageSource'
17:39:44.152 [main] DEBUG org.springframework.beans.factory.support.DefaultListableBeanFactory - Creating shared instance of singleton bean 'org.springframework.web.servlet.config.annotation.DelegatingWebMvcConfiguration'
17:39:44.152 [main] DEBUG org.springframework.beans.factory.support.DefaultListableBeanFactory - Creating instance of bean 'org.springframework.web.servlet.config.annotation.DelegatingWebMvcConfiguration'
17:39:44.153 [main] TRACE org.springframework.beans.CachedIntrospectionResults - Getting BeanInfo for class [org.springframework.web.servlet.config.annotation.DelegatingWebMvcConfiguration$$EnhancerBySpringCGLIB$$59745fa8]
17:39:44.156 [main] TRACE org.springframework.beans.CachedIntrospectionResults - Caching PropertyDescriptors for class [org.springframework.web.servlet.config.annotation.DelegatingWebMvcConfiguration$$EnhancerBySpringCGLIB$$59745fa8]
17:39:44.156 [main] TRACE org.springframework.beans.CachedIntrospectionResults - Found bean property 'applicationContext' of type [org.springframework.context.ApplicationContext]
17:39:44.156 [main] TRACE org.springframework.beans.CachedIntrospectionResults - Found bean property 'beanFactory' of type [org.springframework.beans.factory.BeanFactory]
17:39:44.156 [main] TRACE org.springframework.beans.CachedIntrospectionResults - Found bean property 'class' of type [java.lang.Class]
17:39:44.156 [main] TRACE org.springframework.beans.CachedIntrospectionResults - Found bean property 'configurers' of type [java.util.List]
17:39:44.156 [main] TRACE org.springframework.beans.CachedIntrospectionResults - Found bean property 'servletContext' of type [javax.servlet.ServletContext]
17:39:44.157 [main] DEBUG org.springframework.beans.factory.annotation.InjectionMetadata - Registered injected element on class [org.springframework.web.servlet.config.annotation.DelegatingWebMvcConfiguration$$EnhancerBySpringCGLIB$$59745fa8]: AutowiredMethodElement for public void org.springframework.web.servlet.config.annotation.DelegatingWebMvcConfiguration.setConfigurers(java.util.List)
17:39:44.157 [main] DEBUG org.springframework.beans.factory.support.DefaultListableBeanFactory - Eagerly caching bean 'org.springframework.web.servlet.config.annotation.DelegatingWebMvcConfiguration' to allow for resolving potential circular references
17:39:44.157 [main] DEBUG org.springframework.beans.factory.annotation.InjectionMetadata - Processing injected element of bean 'org.springframework.web.servlet.config.annotation.DelegatingWebMvcConfiguration': AutowiredMethodElement for public void org.springframework.web.servlet.config.annotation.DelegatingWebMvcConfiguration.setConfigurers(java.util.List)
17:39:44.158 [main] DEBUG org.springframework.beans.factory.support.DefaultListableBeanFactory - Returning cached instance of singleton bean 'appConfig'
17:39:44.163 [main] DEBUG org.springframework.beans.factory.annotation.AutowiredAnnotationBeanPostProcessor - Autowiring by type from bean name 'org.springframework.web.servlet.config.annotation.DelegatingWebMvcConfiguration' to bean named 'appConfig'
17:39:44.163 [main] DEBUG org.springframework.beans.factory.support.DefaultListableBeanFactory - Returning cached instance of singleton bean 'org.springframework.transaction.config.internalTransactionAdvisor'
17:39:44.179 [main] DEBUG org.springframework.beans.factory.support.DefaultListableBeanFactory - Finished creating instance of bean 'org.springframework.web.servlet.config.annotation.DelegatingWebMvcConfiguration'
17:39:44.179 [main] DEBUG org.springframework.beans.factory.support.DefaultListableBeanFactory - Creating shared instance of singleton bean 'requestMappingHandlerMapping'
17:39:44.179 [main] DEBUG org.springframework.beans.factory.support.DefaultListableBeanFactory - Creating instance of bean 'requestMappingHandlerMapping'
17:39:44.179 [main] DEBUG org.springframework.beans.factory.support.DefaultListableBeanFactory - Returning cached instance of singleton bean 'org.springframework.web.servlet.config.annotation.DelegatingWebMvcConfiguration'
17:39:44.221 [main] DEBUG org.springframework.beans.factory.support.DefaultListableBeanFactory - Creating shared instance of singleton bean 'mvcConversionService'
17:39:44.221 [main] DEBUG org.springframework.beans.factory.support.DefaultListableBeanFactory - Creating instance of bean 'mvcConversionService'
17:39:44.221 [main] DEBUG org.springframework.beans.factory.support.DefaultListableBeanFactory - Returning cached instance of singleton bean 'org.springframework.web.servlet.config.annotation.DelegatingWebMvcConfiguration'
17:39:44.292 [main] DEBUG org.springframework.beans.factory.support.DefaultListableBeanFactory - Eagerly caching bean 'mvcConversionService' to allow for resolving potential circular references
17:39:44.292 [main] TRACE org.springframework.beans.CachedIntrospectionResults - Getting BeanInfo for class [org.springframework.format.support.DefaultFormattingConversionService]
17:39:44.295 [main] TRACE org.springframework.beans.CachedIntrospectionResults - Caching PropertyDescriptors for class [org.springframework.format.support.DefaultFormattingConversionService]
17:39:44.295 [main] TRACE org.springframework.beans.CachedIntrospectionResults - Found bean property 'class' of type [java.lang.Class]
17:39:44.295 [main] TRACE org.springframework.beans.CachedIntrospectionResults - Found bean property 'embeddedValueResolver' of type [org.springframework.util.StringValueResolver]
17:39:44.296 [main] DEBUG org.springframework.beans.factory.support.DefaultListableBeanFactory - Returning cached instance of singleton bean 'org.springframework.transaction.config.internalTransactionAdvisor'
17:39:44.311 [main] DEBUG org.springframework.beans.factory.support.DefaultListableBeanFactory - Finished creating instance of bean 'mvcConversionService'
17:39:44.319 [main] DEBUG org.springframework.beans.factory.support.DefaultListableBeanFactory - Creating shared instance of singleton bean 'mvcResourceUrlProvider'
17:39:44.319 [main] DEBUG org.springframework.beans.factory.support.DefaultListableBeanFactory - Creating instance of bean 'mvcResourceUrlProvider'
17:39:44.321 [main] DEBUG org.springframework.beans.factory.support.DefaultListableBeanFactory - Returning cached instance of singleton bean 'org.springframework.web.servlet.config.annotation.DelegatingWebMvcConfiguration'
17:39:44.324 [main] DEBUG org.springframework.beans.factory.support.DefaultListableBeanFactory - Eagerly caching bean 'mvcResourceUrlProvider' to allow for resolving potential circular references
17:39:44.324 [main] TRACE org.springframework.beans.CachedIntrospectionResults - Getting BeanInfo for class [org.springframework.web.servlet.resource.ResourceUrlProvider]
17:39:44.326 [main] TRACE org.springframework.beans.CachedIntrospectionResults - Caching PropertyDescriptors for class [org.springframework.web.servlet.resource.ResourceUrlProvider]
17:39:44.326 [main] TRACE org.springframework.beans.CachedIntrospectionResults - Found bean property 'autodetect' of type [boolean]
17:39:44.326 [main] TRACE org.springframework.beans.CachedIntrospectionResults - Found bean property 'class' of type [java.lang.Class]
17:39:44.326 [main] TRACE org.springframework.beans.CachedIntrospectionResults - Found bean property 'handlerMap' of type [java.util.Map]
17:39:44.327 [main] TRACE org.springframework.beans.CachedIntrospectionResults - Found bean property 'pathMatcher' of type [org.springframework.util.PathMatcher]
17:39:44.327 [main] TRACE org.springframework.beans.CachedIntrospectionResults - Found bean property 'urlPathHelper' of type [org.springframework.web.util.UrlPathHelper]
17:39:44.327 [main] DEBUG org.springframework.beans.factory.support.DefaultListableBeanFactory - Returning cached instance of singleton bean 'org.springframework.transaction.config.internalTransactionAdvisor'
17:39:44.329 [main] DEBUG org.springframework.beans.factory.support.DefaultListableBeanFactory - Finished creating instance of bean 'mvcResourceUrlProvider'
17:39:44.330 [main] DEBUG org.springframework.beans.factory.support.DefaultListableBeanFactory - Creating shared instance of singleton bean 'mvcContentNegotiationManager'
17:39:44.330 [main] DEBUG org.springframework.beans.factory.support.DefaultListableBeanFactory - Creating instance of bean 'mvcContentNegotiationManager'
17:39:44.330 [main] DEBUG org.springframework.beans.factory.support.DefaultListableBeanFactory - Returning cached instance of singleton bean 'org.springframework.web.servlet.config.annotation.DelegatingWebMvcConfiguration'
17:39:44.364 [main] DEBUG org.springframework.beans.factory.support.DefaultListableBeanFactory - Eagerly caching bean 'mvcContentNegotiationManager' to allow for resolving potential circular references
17:39:44.364 [main] TRACE org.springframework.beans.CachedIntrospectionResults - Getting BeanInfo for class [org.springframework.web.accept.ContentNegotiationManager]
17:39:44.371 [main] TRACE org.springframework.beans.CachedIntrospectionResults - Caching PropertyDescriptors for class [org.springframework.web.accept.ContentNegotiationManager]
17:39:44.372 [main] TRACE org.springframework.beans.CachedIntrospectionResults - Found bean property 'allFileExtensions' of type [java.util.List]
17:39:44.372 [main] TRACE org.springframework.beans.CachedIntrospectionResults - Found bean property 'class' of type [java.lang.Class]
17:39:44.372 [main] TRACE org.springframework.beans.CachedIntrospectionResults - Found bean property 'strategies' of type [java.util.List]
17:39:44.373 [main] DEBUG org.springframework.beans.factory.support.DefaultListableBeanFactory - Returning cached instance of singleton bean 'org.springframework.transaction.config.internalTransactionAdvisor'
17:39:44.373 [main] DEBUG org.springframework.beans.factory.support.DefaultListableBeanFactory - Finished creating instance of bean 'mvcContentNegotiationManager'
17:39:44.378 [main] DEBUG org.springframework.beans.factory.support.DefaultListableBeanFactory - Eagerly caching bean 'requestMappingHandlerMapping' to allow for resolving potential circular references
17:39:44.378 [main] TRACE org.springframework.beans.CachedIntrospectionResults - Getting BeanInfo for class [org.springframework.web.servlet.mvc.method.annotation.RequestMappingHandlerMapping]
17:39:44.382 [main] TRACE org.springframework.beans.CachedIntrospectionResults - Caching PropertyDescriptors for class [org.springframework.web.servlet.mvc.method.annotation.RequestMappingHandlerMapping]
17:39:44.382 [main] TRACE org.springframework.beans.CachedIntrospectionResults - Found bean property 'alwaysUseFullPath' of type [boolean]
17:39:44.383 [main] TRACE org.springframework.beans.CachedIntrospectionResults - Found bean property 'applicationContext' of type [org.springframework.context.ApplicationContext]
17:39:44.383 [main] TRACE org.springframework.beans.CachedIntrospectionResults - Found bean property 'class' of type [java.lang.Class]
17:39:44.383 [main] TRACE org.springframework.beans.CachedIntrospectionResults - Found bean property 'contentNegotiationManager' of type [org.springframework.web.accept.ContentNegotiationManager]
17:39:44.383 [main] TRACE org.springframework.beans.CachedIntrospectionResults - Found bean property 'corsConfigurations' of type [java.util.Map]
17:39:44.383 [main] TRACE org.springframework.beans.CachedIntrospectionResults - Found bean property 'corsProcessor' of type [org.springframework.web.cors.CorsProcessor]
17:39:44.383 [main] TRACE org.springframework.beans.CachedIntrospectionResults - Found bean property 'defaultHandler' of type [java.lang.Object]
17:39:44.383 [main] TRACE org.springframework.beans.CachedIntrospectionResults - Found bean property 'detectHandlerMethodsInAncestorContexts' of type [boolean]
17:39:44.383 [main] TRACE org.springframework.beans.CachedIntrospectionResults - Found bean property 'embeddedValueResolver' of type [org.springframework.util.StringValueResolver]
17:39:44.383 [main] TRACE org.springframework.beans.CachedIntrospectionResults - Found bean property 'fileExtensions' of type [java.util.List]
17:39:44.383 [main] TRACE org.springframework.beans.CachedIntrospectionResults - Found bean property 'handlerMethodMappingNamingStrategy' of type [org.springframework.web.servlet.handler.HandlerMethodMappingNamingStrategy]
17:39:44.384 [main] TRACE org.springframework.beans.CachedIntrospectionResults - Found bean property 'handlerMethods' of type [java.util.Map]
17:39:44.384 [main] TRACE org.springframework.beans.CachedIntrospectionResults - Found bean property 'interceptors' of type [[Ljava.lang.Object;]
17:39:44.384 [main] TRACE org.springframework.beans.CachedIntrospectionResults - Found bean property 'namingStrategy' of type [org.springframework.web.servlet.handler.HandlerMethodMappingNamingStrategy]
17:39:44.384 [main] TRACE org.springframework.beans.CachedIntrospectionResults - Found bean property 'order' of type [int]
17:39:44.384 [main] TRACE org.springframework.beans.CachedIntrospectionResults - Found bean property 'pathMatcher' of type [org.springframework.util.PathMatcher]
17:39:44.384 [main] TRACE org.springframework.beans.CachedIntrospectionResults - Found bean property 'removeSemicolonContent' of type [boolean]
17:39:44.384 [main] TRACE org.springframework.beans.CachedIntrospectionResults - Found bean property 'servletContext' of type [javax.servlet.ServletContext]
17:39:44.384 [main] TRACE org.springframework.beans.CachedIntrospectionResults - Found bean property 'urlDecode' of type [boolean]
17:39:44.384 [main] TRACE org.springframework.beans.CachedIntrospectionResults - Found bean property 'urlPathHelper' of type [org.springframework.web.util.UrlPathHelper]
17:39:44.384 [main] TRACE org.springframework.beans.CachedIntrospectionResults - Found bean property 'useRegisteredSuffixPatternMatch' of type [boolean]
17:39:44.384 [main] TRACE org.springframework.beans.CachedIntrospectionResults - Found bean property 'useSuffixPatternMatch' of type [boolean]
17:39:44.384 [main] TRACE org.springframework.beans.CachedIntrospectionResults - Found bean property 'useTrailingSlashMatch' of type [boolean]
17:39:44.386 [main] DEBUG org.springframework.beans.factory.support.DefaultListableBeanFactory - Invoking afterPropertiesSet() on bean with name 'requestMappingHandlerMapping'
17:39:44.386 [main] DEBUG org.springframework.web.servlet.mvc.method.annotation.RequestMappingHandlerMapping - Looking for request mappings in application context: org.springframework.context.support.GenericApplicationContext@d23e042: startup date [Wed Feb 05 17:39:42 MSK 2020]; root of context hierarchy
17:39:44.406 [main] DEBUG org.springframework.web.servlet.mvc.method.annotation.RequestMappingHandlerMapping - 3 request handler methods found on class com.soft.controller.EshopController: {public void com.soft.controller.EshopController.showImage(javax.servlet.http.HttpServletRequest,javax.servlet.http.HttpServletResponse) throws java.io.IOException={[/image],methods=[GET]}, public java.lang.String com.soft.controller.EshopController.renderCatalogContent(org.springframework.ui.ModelMap,javax.servlet.http.HttpServletRequest,javax.servlet.http.HttpServletResponse) throws java.io.IOException={[/list],methods=[GET]}, public java.lang.String com.soft.controller.EshopController.renderHomePage(org.springframework.ui.ModelMap,javax.servlet.http.HttpServletRequest)={[/home.html],methods=[GET]}}
17:39:44.406 [main] INFO  org.springframework.web.servlet.mvc.method.annotation.RequestMappingHandlerMapping - Mapped "{[/image],methods=[GET]}" onto public void com.soft.controller.EshopController.showImage(javax.servlet.http.HttpServletRequest,javax.servlet.http.HttpServletResponse) throws java.io.IOException
17:39:44.406 [main] TRACE org.springframework.web.servlet.mvc.method.annotation.RequestMappingHandlerMapping - Mapping name 'EC#showImage'
17:39:44.407 [main] INFO  org.springframework.web.servlet.mvc.method.annotation.RequestMappingHandlerMapping - Mapped "{[/list],methods=[GET]}" onto public java.lang.String com.soft.controller.EshopController.renderCatalogContent(org.springframework.ui.ModelMap,javax.servlet.http.HttpServletRequest,javax.servlet.http.HttpServletResponse) throws java.io.IOException
17:39:44.407 [main] TRACE org.springframework.web.servlet.mvc.method.annotation.RequestMappingHandlerMapping - Mapping name 'EC#renderCatalogContent'
17:39:44.407 [main] INFO  org.springframework.web.servlet.mvc.method.annotation.RequestMappingHandlerMapping - Mapped "{[/home.html],methods=[GET]}" onto public java.lang.String com.soft.controller.EshopController.renderHomePage(org.springframework.ui.ModelMap,javax.servlet.http.HttpServletRequest)
17:39:44.407 [main] TRACE org.springframework.web.servlet.mvc.method.annotation.RequestMappingHandlerMapping - Mapping name 'EC#renderHomePage'
17:39:44.419 [main] DEBUG org.springframework.beans.factory.support.DefaultListableBeanFactory - Returning cached instance of singleton bean 'org.springframework.transaction.config.internalTransactionAdvisor'
17:39:44.422 [main] DEBUG org.springframework.beans.factory.support.DefaultListableBeanFactory - Finished creating instance of bean 'requestMappingHandlerMapping'
17:39:44.422 [main] DEBUG org.springframework.beans.factory.support.DefaultListableBeanFactory - Creating shared instance of singleton bean 'mvcPathMatcher'
17:39:44.422 [main] DEBUG org.springframework.beans.factory.support.DefaultListableBeanFactory - Creating instance of bean 'mvcPathMatcher'
17:39:44.423 [main] DEBUG org.springframework.beans.factory.support.DefaultListableBeanFactory - Returning cached instance of singleton bean 'org.springframework.web.servlet.config.annotation.DelegatingWebMvcConfiguration'
17:39:44.423 [main] DEBUG org.springframework.beans.factory.support.DefaultListableBeanFactory - Eagerly caching bean 'mvcPathMatcher' to allow for resolving potential circular references
17:39:44.423 [main] TRACE org.springframework.beans.CachedIntrospectionResults - Getting BeanInfo for class [org.springframework.util.AntPathMatcher]
17:39:44.424 [main] TRACE org.springframework.beans.CachedIntrospectionResults - Caching PropertyDescriptors for class [org.springframework.util.AntPathMatcher]
17:39:44.424 [main] TRACE org.springframework.beans.CachedIntrospectionResults - Found bean property 'cachePatterns' of type [boolean]
17:39:44.424 [main] TRACE org.springframework.beans.CachedIntrospectionResults - Found bean property 'caseSensitive' of type [boolean]
17:39:44.424 [main] TRACE org.springframework.beans.CachedIntrospectionResults - Found bean property 'class' of type [java.lang.Class]
17:39:44.424 [main] TRACE org.springframework.beans.CachedIntrospectionResults - Found bean property 'pathSeparator' of type [java.lang.String]
17:39:44.424 [main] TRACE org.springframework.beans.CachedIntrospectionResults - Found bean property 'trimTokens' of type [boolean]
17:39:44.425 [main] DEBUG org.springframework.beans.factory.support.DefaultListableBeanFactory - Returning cached instance of singleton bean 'org.springframework.transaction.config.internalTransactionAdvisor'
17:39:44.425 [main] DEBUG org.springframework.beans.factory.support.DefaultListableBeanFactory - Finished creating instance of bean 'mvcPathMatcher'
17:39:44.425 [main] DEBUG org.springframework.beans.factory.support.DefaultListableBeanFactory - Creating shared instance of singleton bean 'mvcUrlPathHelper'
17:39:44.425 [main] DEBUG org.springframework.beans.factory.support.DefaultListableBeanFactory - Creating instance of bean 'mvcUrlPathHelper'
17:39:44.425 [main] DEBUG org.springframework.beans.factory.support.DefaultListableBeanFactory - Returning cached instance of singleton bean 'org.springframework.web.servlet.config.annotation.DelegatingWebMvcConfiguration'
17:39:44.427 [main] DEBUG org.springframework.beans.factory.support.DefaultListableBeanFactory - Eagerly caching bean 'mvcUrlPathHelper' to allow for resolving potential circular references
17:39:44.427 [main] TRACE org.springframework.beans.CachedIntrospectionResults - Getting BeanInfo for class [org.springframework.web.util.UrlPathHelper]
17:39:44.431 [main] TRACE org.springframework.beans.CachedIntrospectionResults - Caching PropertyDescriptors for class [org.springframework.web.util.UrlPathHelper]
17:39:44.431 [main] TRACE org.springframework.beans.CachedIntrospectionResults - Found bean property 'alwaysUseFullPath' of type [boolean]
17:39:44.439 [main] TRACE org.springframework.beans.CachedIntrospectionResults - Found bean property 'class' of type [java.lang.Class]
17:39:44.439 [main] TRACE org.springframework.beans.CachedIntrospectionResults - Found bean property 'defaultEncoding' of type [java.lang.String]
17:39:44.439 [main] TRACE org.springframework.beans.CachedIntrospectionResults - Found bean property 'removeSemicolonContent' of type [boolean]
17:39:44.439 [main] TRACE org.springframework.beans.CachedIntrospectionResults - Found bean property 'urlDecode' of type [boolean]
17:39:44.440 [main] DEBUG org.springframework.beans.factory.support.DefaultListableBeanFactory - Returning cached instance of singleton bean 'org.springframework.transaction.config.internalTransactionAdvisor'
17:39:44.440 [main] DEBUG org.springframework.beans.factory.support.DefaultListableBeanFactory - Finished creating instance of bean 'mvcUrlPathHelper'
17:39:44.440 [main] DEBUG org.springframework.beans.factory.support.DefaultListableBeanFactory - Returning cached instance of singleton bean 'mvcContentNegotiationManager'
17:39:44.440 [main] DEBUG org.springframework.beans.factory.support.DefaultListableBeanFactory - Creating shared instance of singleton bean 'viewControllerHandlerMapping'
17:39:44.440 [main] DEBUG org.springframework.beans.factory.support.DefaultListableBeanFactory - Creating instance of bean 'viewControllerHandlerMapping'
17:39:44.454 [main] DEBUG org.springframework.beans.factory.support.DefaultListableBeanFactory - Returning cached instance of singleton bean 'org.springframework.web.servlet.config.annotation.DelegatingWebMvcConfiguration'
17:39:44.455 [main] DEBUG org.springframework.beans.factory.support.DefaultListableBeanFactory - Returning cached instance of singleton bean 'mvcPathMatcher'
17:39:44.456 [main] DEBUG org.springframework.beans.factory.support.DefaultListableBeanFactory - Returning cached instance of singleton bean 'mvcUrlPathHelper'
17:39:44.456 [main] DEBUG org.springframework.beans.factory.support.DefaultListableBeanFactory - Eagerly caching bean 'viewControllerHandlerMapping' to allow for resolving potential circular references
17:39:44.456 [main] TRACE org.springframework.beans.CachedIntrospectionResults - Getting BeanInfo for class [org.springframework.web.servlet.config.annotation.WebMvcConfigurationSupport$EmptyHandlerMapping]
17:39:44.457 [main] TRACE org.springframework.beans.CachedIntrospectionResults - Caching PropertyDescriptors for class [org.springframework.web.servlet.config.annotation.WebMvcConfigurationSupport$EmptyHandlerMapping]
17:39:44.457 [main] TRACE org.springframework.beans.CachedIntrospectionResults - Found bean property 'alwaysUseFullPath' of type [boolean]
17:39:44.457 [main] TRACE org.springframework.beans.CachedIntrospectionResults - Found bean property 'applicationContext' of type [org.springframework.context.ApplicationContext]
17:39:44.457 [main] TRACE org.springframework.beans.CachedIntrospectionResults - Found bean property 'class' of type [java.lang.Class]
17:39:44.457 [main] TRACE org.springframework.beans.CachedIntrospectionResults - Found bean property 'corsConfigurations' of type [java.util.Map]
17:39:44.458 [main] TRACE org.springframework.beans.CachedIntrospectionResults - Found bean property 'corsProcessor' of type [org.springframework.web.cors.CorsProcessor]
17:39:44.458 [main] TRACE org.springframework.beans.CachedIntrospectionResults - Found bean property 'defaultHandler' of type [java.lang.Object]
17:39:44.458 [main] TRACE org.springframework.beans.CachedIntrospectionResults - Found bean property 'interceptors' of type [[Ljava.lang.Object;]
17:39:44.458 [main] TRACE org.springframework.beans.CachedIntrospectionResults - Found bean property 'order' of type [int]
17:39:44.458 [main] TRACE org.springframework.beans.CachedIntrospectionResults - Found bean property 'pathMatcher' of type [org.springframework.util.PathMatcher]
17:39:44.458 [main] TRACE org.springframework.beans.CachedIntrospectionResults - Found bean property 'removeSemicolonContent' of type [boolean]
17:39:44.458 [main] TRACE org.springframework.beans.CachedIntrospectionResults - Found bean property 'servletContext' of type [javax.servlet.ServletContext]
17:39:44.458 [main] TRACE org.springframework.beans.CachedIntrospectionResults - Found bean property 'urlDecode' of type [boolean]
17:39:44.458 [main] TRACE org.springframework.beans.CachedIntrospectionResults - Found bean property 'urlPathHelper' of type [org.springframework.web.util.UrlPathHelper]
17:39:44.475 [main] DEBUG org.springframework.beans.factory.support.DefaultListableBeanFactory - Returning cached instance of singleton bean 'org.springframework.transaction.config.internalTransactionAdvisor'
17:39:44.475 [main] DEBUG org.springframework.beans.factory.support.DefaultListableBeanFactory - Finished creating instance of bean 'viewControllerHandlerMapping'
17:39:44.476 [main] DEBUG org.springframework.beans.factory.support.DefaultListableBeanFactory - Creating shared instance of singleton bean 'beanNameHandlerMapping'
17:39:44.476 [main] DEBUG org.springframework.beans.factory.support.DefaultListableBeanFactory - Creating instance of bean 'beanNameHandlerMapping'
17:39:44.476 [main] DEBUG org.springframework.beans.factory.support.DefaultListableBeanFactory - Returning cached instance of singleton bean 'org.springframework.web.servlet.config.annotation.DelegatingWebMvcConfiguration'
17:39:44.479 [main] DEBUG org.springframework.beans.factory.support.DefaultListableBeanFactory - Eagerly caching bean 'beanNameHandlerMapping' to allow for resolving potential circular references
17:39:44.479 [main] TRACE org.springframework.beans.CachedIntrospectionResults - Getting BeanInfo for class [org.springframework.web.servlet.handler.BeanNameUrlHandlerMapping]
17:39:44.480 [main] TRACE org.springframework.beans.CachedIntrospectionResults - Caching PropertyDescriptors for class [org.springframework.web.servlet.handler.BeanNameUrlHandlerMapping]
17:39:44.481 [main] TRACE org.springframework.beans.CachedIntrospectionResults - Found bean property 'alwaysUseFullPath' of type [boolean]
17:39:44.481 [main] TRACE org.springframework.beans.CachedIntrospectionResults - Found bean property 'applicationContext' of type [org.springframework.context.ApplicationContext]
17:39:44.481 [main] TRACE org.springframework.beans.CachedIntrospectionResults - Found bean property 'class' of type [java.lang.Class]
17:39:44.481 [main] TRACE org.springframework.beans.CachedIntrospectionResults - Found bean property 'corsConfigurations' of type [java.util.Map]
17:39:44.481 [main] TRACE org.springframework.beans.CachedIntrospectionResults - Found bean property 'corsProcessor' of type [org.springframework.web.cors.CorsProcessor]
17:39:44.481 [main] TRACE org.springframework.beans.CachedIntrospectionResults - Found bean property 'defaultHandler' of type [java.lang.Object]
17:39:44.481 [main] TRACE org.springframework.beans.CachedIntrospectionResults - Found bean property 'detectHandlersInAncestorContexts' of type [boolean]
17:39:44.481 [main] TRACE org.springframework.beans.CachedIntrospectionResults - Found bean property 'handlerMap' of type [java.util.Map]
17:39:44.481 [main] TRACE org.springframework.beans.CachedIntrospectionResults - Found bean property 'interceptors' of type [[Ljava.lang.Object;]
17:39:44.481 [main] TRACE org.springframework.beans.CachedIntrospectionResults - Found bean property 'lazyInitHandlers' of type [boolean]
17:39:44.481 [main] TRACE org.springframework.beans.CachedIntrospectionResults - Found bean property 'order' of type [int]
17:39:44.481 [main] TRACE org.springframework.beans.CachedIntrospectionResults - Found bean property 'pathMatcher' of type [org.springframework.util.PathMatcher]
17:39:44.481 [main] TRACE org.springframework.beans.CachedIntrospectionResults - Found bean property 'removeSemicolonContent' of type [boolean]
17:39:44.481 [main] TRACE org.springframework.beans.CachedIntrospectionResults - Found bean property 'rootHandler' of type [java.lang.Object]
17:39:44.481 [main] TRACE org.springframework.beans.CachedIntrospectionResults - Found bean property 'servletContext' of type [javax.servlet.ServletContext]
17:39:44.481 [main] TRACE org.springframework.beans.CachedIntrospectionResults - Found bean property 'urlDecode' of type [boolean]
17:39:44.481 [main] TRACE org.springframework.beans.CachedIntrospectionResults - Found bean property 'urlPathHelper' of type [org.springframework.web.util.UrlPathHelper]
17:39:44.481 [main] TRACE org.springframework.beans.CachedIntrospectionResults - Found bean property 'useTrailingSlashMatch' of type [boolean]
17:39:44.485 [main] DEBUG org.springframework.web.servlet.handler.BeanNameUrlHandlerMapping - Looking for URL mappings in application context: org.springframework.context.support.GenericApplicationContext@d23e042: startup date [Wed Feb 05 17:39:42 MSK 2020]; root of context hierarchy
17:39:44.485 [main] DEBUG org.springframework.web.servlet.handler.BeanNameUrlHandlerMapping - Rejected bean name 'org.springframework.context.annotation.internalConfigurationAnnotationProcessor': no URL paths identified
17:39:44.485 [main] DEBUG org.springframework.web.servlet.handler.BeanNameUrlHandlerMapping - Rejected bean name 'org.springframework.context.annotation.internalAutowiredAnnotationProcessor': no URL paths identified
17:39:44.485 [main] DEBUG org.springframework.web.servlet.handler.BeanNameUrlHandlerMapping - Rejected bean name 'org.springframework.context.annotation.internalRequiredAnnotationProcessor': no URL paths identified
17:39:44.485 [main] DEBUG org.springframework.web.servlet.handler.BeanNameUrlHandlerMapping - Rejected bean name 'org.springframework.context.annotation.internalCommonAnnotationProcessor': no URL paths identified
17:39:44.485 [main] DEBUG org.springframework.web.servlet.handler.BeanNameUrlHandlerMapping - Rejected bean name 'org.springframework.context.annotation.internalPersistenceAnnotationProcessor': no URL paths identified
17:39:44.485 [main] DEBUG org.springframework.web.servlet.handler.BeanNameUrlHandlerMapping - Rejected bean name 'org.springframework.context.event.internalEventListenerProcessor': no URL paths identified
17:39:44.485 [main] DEBUG org.springframework.web.servlet.handler.BeanNameUrlHandlerMapping - Rejected bean name 'org.springframework.context.event.internalEventListenerFactory': no URL paths identified
17:39:44.485 [main] DEBUG org.springframework.web.servlet.handler.BeanNameUrlHandlerMapping - Rejected bean name 'appConfig': no URL paths identified
17:39:44.485 [main] DEBUG org.springframework.web.servlet.handler.BeanNameUrlHandlerMapping - Rejected bean name 'dataAccessConfig': no URL paths identified
17:39:44.485 [main] DEBUG org.springframework.web.servlet.handler.BeanNameUrlHandlerMapping - Rejected bean name 'eshopController': no URL paths identified
17:39:44.485 [main] DEBUG org.springframework.web.servlet.handler.BeanNameUrlHandlerMapping - Rejected bean name 'messageSource': no URL paths identified
17:39:44.485 [main] DEBUG org.springframework.web.servlet.handler.BeanNameUrlHandlerMapping - Rejected bean name 'org.springframework.web.servlet.config.annotation.DelegatingWebMvcConfiguration': no URL paths identified
17:39:44.485 [main] DEBUG org.springframework.web.servlet.handler.BeanNameUrlHandlerMapping - Rejected bean name 'requestMappingHandlerMapping': no URL paths identified
17:39:44.485 [main] DEBUG org.springframework.web.servlet.handler.BeanNameUrlHandlerMapping - Rejected bean name 'mvcPathMatcher': no URL paths identified
17:39:44.485 [main] DEBUG org.springframework.web.servlet.handler.BeanNameUrlHandlerMapping - Rejected bean name 'mvcUrlPathHelper': no URL paths identified
17:39:44.485 [main] DEBUG org.springframework.web.servlet.handler.BeanNameUrlHandlerMapping - Rejected bean name 'mvcContentNegotiationManager': no URL paths identified
17:39:44.485 [main] DEBUG org.springframework.web.servlet.handler.BeanNameUrlHandlerMapping - Rejected bean name 'viewControllerHandlerMapping': no URL paths identified
17:39:44.485 [main] DEBUG org.springframework.web.servlet.handler.BeanNameUrlHandlerMapping - Rejected bean name 'beanNameHandlerMapping': no URL paths identified
17:39:44.485 [main] DEBUG org.springframework.web.servlet.handler.BeanNameUrlHandlerMapping - Rejected bean name 'resourceHandlerMapping': no URL paths identified
17:39:44.485 [main] DEBUG org.springframework.web.servlet.handler.BeanNameUrlHandlerMapping - Rejected bean name 'mvcResourceUrlProvider': no URL paths identified
17:39:44.485 [main] DEBUG org.springframework.web.servlet.handler.BeanNameUrlHandlerMapping - Rejected bean name 'defaultServletHandlerMapping': no URL paths identified
17:39:44.485 [main] DEBUG org.springframework.web.servlet.handler.BeanNameUrlHandlerMapping - Rejected bean name 'requestMappingHandlerAdapter': no URL paths identified
17:39:44.485 [main] DEBUG org.springframework.web.servlet.handler.BeanNameUrlHandlerMapping - Rejected bean name 'mvcConversionService': no URL paths identified
17:39:44.485 [main] DEBUG org.springframework.web.servlet.handler.BeanNameUrlHandlerMapping - Rejected bean name 'mvcValidator': no URL paths identified
17:39:44.485 [main] DEBUG org.springframework.web.servlet.handler.BeanNameUrlHandlerMapping - Rejected bean name 'mvcUriComponentsContributor': no URL paths identified
17:39:44.485 [main] DEBUG org.springframework.web.servlet.handler.BeanNameUrlHandlerMapping - Rejected bean name 'httpRequestHandlerAdapter': no URL paths identified
17:39:44.485 [main] DEBUG org.springframework.web.servlet.handler.BeanNameUrlHandlerMapping - Rejected bean name 'simpleControllerHandlerAdapter': no URL paths identified
17:39:44.485 [main] DEBUG org.springframework.web.servlet.handler.BeanNameUrlHandlerMapping - Rejected bean name 'handlerExceptionResolver': no URL paths identified
17:39:44.485 [main] DEBUG org.springframework.web.servlet.handler.BeanNameUrlHandlerMapping - Rejected bean name 'mvcViewResolver': no URL paths identified
17:39:44.485 [main] DEBUG org.springframework.web.servlet.handler.BeanNameUrlHandlerMapping - Rejected bean name 'mvcHandlerMappingIntrospector': no URL paths identified
17:39:44.485 [main] DEBUG org.springframework.web.servlet.handler.BeanNameUrlHandlerMapping - Rejected bean name 'viewResolver': no URL paths identified
17:39:44.485 [main] DEBUG org.springframework.web.servlet.handler.BeanNameUrlHandlerMapping - Rejected bean name 'templateEngine': no URL paths identified
17:39:44.485 [main] DEBUG org.springframework.web.servlet.handler.BeanNameUrlHandlerMapping - Rejected bean name 'templateResolver': no URL paths identified
17:39:44.485 [main] DEBUG org.springframework.web.servlet.handler.BeanNameUrlHandlerMapping - Rejected bean name 'localeResolver': no URL paths identified
17:39:44.485 [main] DEBUG org.springframework.web.servlet.handler.BeanNameUrlHandlerMapping - Rejected bean name 'org.springframework.transaction.annotation.ProxyTransactionManagementConfiguration': no URL paths identified
17:39:44.485 [main] DEBUG org.springframework.web.servlet.handler.BeanNameUrlHandlerMapping - Rejected bean name 'org.springframework.transaction.config.internalTransactionAdvisor': no URL paths identified
17:39:44.485 [main] DEBUG org.springframework.web.servlet.handler.BeanNameUrlHandlerMapping - Rejected bean name 'transactionAttributeSource': no URL paths identified
17:39:44.485 [main] DEBUG org.springframework.web.servlet.handler.BeanNameUrlHandlerMapping - Rejected bean name 'transactionInterceptor': no URL paths identified
17:39:44.486 [main] DEBUG org.springframework.web.servlet.handler.BeanNameUrlHandlerMapping - Rejected bean name 'org.springframework.transaction.config.internalTransactionalEventListenerFactory': no URL paths identified
17:39:44.486 [main] DEBUG org.springframework.web.servlet.handler.BeanNameUrlHandlerMapping - Rejected bean name 'DataSourceBean2': no URL paths identified
17:39:44.486 [main] DEBUG org.springframework.web.servlet.handler.BeanNameUrlHandlerMapping - Rejected bean name 'SessionFactory2': no URL paths identified
17:39:44.486 [main] DEBUG org.springframework.web.servlet.handler.BeanNameUrlHandlerMapping - Rejected bean name 'getDevLocaleDAO': no URL paths identified
17:39:44.486 [main] DEBUG org.springframework.web.servlet.handler.BeanNameUrlHandlerMapping - Rejected bean name 'transactionManager': no URL paths identified
17:39:44.486 [main] DEBUG org.springframework.web.servlet.handler.BeanNameUrlHandlerMapping - Rejected bean name 'org.springframework.aop.config.internalAutoProxyCreator': no URL paths identified
17:39:44.486 [main] DEBUG org.springframework.web.servlet.handler.BeanNameUrlHandlerMapping - Rejected bean name 'environment': no URL paths identified
17:39:44.486 [main] DEBUG org.springframework.web.servlet.handler.BeanNameUrlHandlerMapping - Rejected bean name 'systemProperties': no URL paths identified
17:39:44.486 [main] DEBUG org.springframework.web.servlet.handler.BeanNameUrlHandlerMapping - Rejected bean name 'systemEnvironment': no URL paths identified
17:39:44.486 [main] DEBUG org.springframework.web.servlet.handler.BeanNameUrlHandlerMapping - Rejected bean name 'org.springframework.context.annotation.ConfigurationClassPostProcessor.importRegistry': no URL paths identified
17:39:44.486 [main] DEBUG org.springframework.web.servlet.handler.BeanNameUrlHandlerMapping - Rejected bean name 'applicationEventMulticaster': no URL paths identified
17:39:44.486 [main] DEBUG org.springframework.beans.factory.support.DefaultListableBeanFactory - Returning cached instance of singleton bean 'org.springframework.transaction.config.internalTransactionAdvisor'
17:39:44.486 [main] DEBUG org.springframework.beans.factory.support.DefaultListableBeanFactory - Finished creating instance of bean 'beanNameHandlerMapping'
17:39:44.486 [main] DEBUG org.springframework.beans.factory.support.DefaultListableBeanFactory - Creating shared instance of singleton bean 'resourceHandlerMapping'
17:39:44.486 [main] DEBUG org.springframework.beans.factory.support.DefaultListableBeanFactory - Creating instance of bean 'resourceHandlerMapping'
17:39:44.486 [main] DEBUG org.springframework.beans.factory.support.DefaultListableBeanFactory - Returning cached instance of singleton bean 'org.springframework.web.servlet.config.annotation.DelegatingWebMvcConfiguration'
17:39:44.487 [main] WARN  org.springframework.context.support.GenericApplicationContext - Exception encountered during context initialization - cancelling refresh attempt: org.springframework.beans.factory.BeanCreationException: Error creating bean with name 'resourceHandlerMapping' defined in org.springframework.web.servlet.config.annotation.DelegatingWebMvcConfiguration: Bean instantiation via factory method failed; nested exception is org.springframework.beans.BeanInstantiationException: Failed to instantiate [org.springframework.web.servlet.HandlerMapping]: Factory method 'resourceHandlerMapping' threw exception; nested exception is java.lang.IllegalStateException: No ServletContext set
17:39:44.487 [main] DEBUG org.springframework.beans.factory.support.DefaultListableBeanFactory - Destroying singletons in org.springframework.beans.factory.support.DefaultListableBeanFactory@2fba3fc4: defining beans [org.springframework.context.annotation.internalConfigurationAnnotationProcessor,org.springframework.context.annotation.internalAutowiredAnnotationProcessor,org.springframework.context.annotation.internalRequiredAnnotationProcessor,org.springframework.context.annotation.internalCommonAnnotationProcessor,org.springframework.context.annotation.internalPersistenceAnnotationProcessor,org.springframework.context.event.internalEventListenerProcessor,org.springframework.context.event.internalEventListenerFactory,appConfig,dataAccessConfig,eshopController,messageSource,org.springframework.web.servlet.config.annotation.DelegatingWebMvcConfiguration,requestMappingHandlerMapping,mvcPathMatcher,mvcUrlPathHelper,mvcContentNegotiationManager,viewControllerHandlerMapping,beanNameHandlerMapping,resourceHandlerMapping,mvcResourceUrlProvider,defaultServletHandlerMapping,requestMappingHandlerAdapter,mvcConversionService,mvcValidator,mvcUriComponentsContributor,httpRequestHandlerAdapter,simpleControllerHandlerAdapter,handlerExceptionResolver,mvcViewResolver,mvcHandlerMappingIntrospector,viewResolver,templateEngine,templateResolver,localeResolver,org.springframework.transaction.annotation.ProxyTransactionManagementConfiguration,org.springframework.transaction.config.internalTransactionAdvisor,transactionAttributeSource,transactionInterceptor,org.springframework.transaction.config.internalTransactionalEventListenerFactory,DataSourceBean2,SessionFactory2,getDevLocaleDAO,transactionManager,org.springframework.aop.config.internalAutoProxyCreator]; root of factory hierarchy
17:39:44.488 [main] DEBUG org.springframework.beans.factory.support.DefaultListableBeanFactory - Retrieved dependent beans for bean 'mvcResourceUrlProvider': [requestMappingHandlerMapping]
17:39:44.488 [main] DEBUG org.springframework.beans.factory.support.DefaultListableBeanFactory - Retrieved dependent beans for bean 'SessionFactory2': [getDevLocaleDAO]
17:39:44.488 [main] DEBUG org.springframework.beans.factory.support.DefaultListableBeanFactory - Retrieved dependent beans for bean 'getDevLocaleDAO': [messageSource, eshopController]
17:39:44.488 [main] DEBUG org.springframework.beans.factory.support.DisposableBeanAdapter - Invoking destroy method 'close' on bean with name 'SessionFactory2'
17:39:44.488 [main] DEBUG org.hibernate.internal.SessionFactoryImpl - HHH000031: Closing
17:39:44.488 [main] DEBUG org.ehcache.impl.internal.statistics.DefaultStatisticsService - Cache removed com.soft.entity.ProducerEntity
17:39:44.488 [main] TRACE class org.ehcache.core.Ehcache-com.soft.entity.ProducerEntity - Closing
17:39:44.488 [main] DEBUG class org.ehcache.core.Ehcache-com.soft.entity.ProducerEntity - Close successful.
17:39:44.489 [main] INFO  org.ehcache.core.EhcacheManager - Cache 'com.soft.entity.ProducerEntity' removed from Eh107InternalCacheManager.
17:39:44.489 [main] DEBUG org.ehcache.impl.internal.statistics.DefaultStatisticsService - Cache removed com.soft.entity.CategoryEntity
17:39:44.489 [main] TRACE class org.ehcache.core.Ehcache-com.soft.entity.CategoryEntity - Closing
17:39:44.489 [main] DEBUG class org.ehcache.core.Ehcache-com.soft.entity.CategoryEntity - Close successful.
17:39:44.489 [main] INFO  org.ehcache.core.EhcacheManager - Cache 'com.soft.entity.CategoryEntity' removed from Eh107InternalCacheManager.
17:39:44.489 [main] DEBUG org.ehcache.impl.internal.statistics.DefaultStatisticsService - Cache removed com.soft.entity.LocaleMessageEntity
17:39:44.489 [main] TRACE class org.ehcache.core.Ehcache-com.soft.entity.LocaleMessageEntity - Closing
17:39:44.489 [main] DEBUG class org.ehcache.core.Ehcache-com.soft.entity.LocaleMessageEntity - Close successful.
17:39:44.489 [main] INFO  org.ehcache.core.EhcacheManager - Cache 'com.soft.entity.LocaleMessageEntity' removed from Eh107InternalCacheManager.
17:39:44.489 [main] DEBUG org.ehcache.impl.internal.statistics.DefaultStatisticsService - Cache removed org.hibernate.cache.internal.StandardQueryCache
17:39:44.489 [main] TRACE class org.ehcache.core.Ehcache-org.hibernate.cache.internal.StandardQueryCache - Closing
17:39:44.489 [main] DEBUG class org.ehcache.core.Ehcache-org.hibernate.cache.internal.StandardQueryCache - Close successful.
17:39:44.489 [main] INFO  org.ehcache.core.EhcacheManager - Cache 'org.hibernate.cache.internal.StandardQueryCache' removed from Eh107InternalCacheManager.
17:39:44.489 [main] DEBUG org.ehcache.impl.internal.statistics.DefaultStatisticsService - Cache removed org.hibernate.cache.spi.UpdateTimestampsCache
17:39:44.489 [main] TRACE class org.ehcache.core.Ehcache-org.hibernate.cache.spi.UpdateTimestampsCache - Closing
17:39:44.490 [main] DEBUG class org.ehcache.core.Ehcache-org.hibernate.cache.spi.UpdateTimestampsCache - Close successful.
17:39:44.490 [main] INFO  org.ehcache.core.EhcacheManager - Cache 'org.hibernate.cache.spi.UpdateTimestampsCache' removed from Eh107InternalCacheManager.
17:39:44.490 [main] DEBUG org.ehcache.core.internal.service.ServiceLocator - Stopping 16 Services...
17:39:44.490 [main] DEBUG org.ehcache.impl.internal.statistics.DefaultStatisticsService - Stopping service
17:39:44.490 [main] DEBUG org.ehcache.core.internal.service.ServiceLocator - All Services successfully stopped, 16 Services in 0ms
17:39:44.490 [main] DEBUG org.ehcache.core.EhcacheManager - Close successful.
17:39:44.490 [main] TRACE org.hibernate.engine.query.spi.QueryPlanCache - Cleaning QueryPlan Cache
17:39:44.490 [main] DEBUG org.hibernate.service.internal.AbstractServiceRegistryImpl - Implicitly destroying ServiceRegistry on de-registration of all child ServiceRegistries
17:39:44.490 [main] DEBUG org.hibernate.boot.registry.internal.BootstrapServiceRegistryImpl - Implicitly destroying Boot-strap registry on de-registration of all child ServiceRegistries
17:39:44.490 [main] DEBUG org.springframework.beans.factory.support.DisposableBeanAdapter - Invoking destroy method 'close' on bean with name 'DataSourceBean2'
17:39:44.644 [main] ERROR org.springframework.test.context.TestContextManager - Caught exception while allowing TestExecutionListener [org.springframework.test.context.support.DependencyInjectionTestExecutionListener@790da477] to prepare test instance [com.soft.dao.EshopDAOImplTest@7b4c50bc]
java.lang.IllegalStateException: Failed to load ApplicationContext
	at org.springframework.test.context.cache.DefaultCacheAwareContextLoaderDelegate.loadContext(DefaultCacheAwareContextLoaderDelegate.java:132) ~[spring-test-5.2.3.RELEASE.jar:5.2.3.RELEASE]
	at org.springframework.test.context.support.DefaultTestContext.getApplicationContext(DefaultTestContext.java:123) ~[spring-test-5.2.3.RELEASE.jar:5.2.3.RELEASE]
	at org.springframework.test.context.support.DependencyInjectionTestExecutionListener.injectDependencies(DependencyInjectionTestExecutionListener.java:118) ~[spring-test-5.2.3.RELEASE.jar:5.2.3.RELEASE]
	at org.springframework.test.context.support.DependencyInjectionTestExecutionListener.prepareTestInstance(DependencyInjectionTestExecutionListener.java:83) ~[spring-test-5.2.3.RELEASE.jar:5.2.3.RELEASE]
	at org.springframework.test.context.TestContextManager.prepareTestInstance(TestContextManager.java:244) ~[spring-test-5.2.3.RELEASE.jar:5.2.3.RELEASE]
	at org.springframework.test.context.junit.jupiter.SpringExtension.postProcessTestInstance(SpringExtension.java:98) ~[spring-test-5.2.3.RELEASE.jar:5.2.3.RELEASE]
	at org.junit.jupiter.engine.descriptor.ClassBasedTestDescriptor.lambda$invokeTestInstancePostProcessors$5(ClassBasedTestDescriptor.java:341) ~[junit-jupiter-engine-5.6.0.jar:5.6.0]
	at org.junit.jupiter.engine.descriptor.ClassBasedTestDescriptor.executeAndMaskThrowable(ClassBasedTestDescriptor.java:346) ~[junit-jupiter-engine-5.6.0.jar:5.6.0]
	at org.junit.jupiter.engine.descriptor.ClassBasedTestDescriptor.lambda$invokeTestInstancePostProcessors$6(ClassBasedTestDescriptor.java:341) ~[junit-jupiter-engine-5.6.0.jar:5.6.0]
	at java.util.stream.ReferencePipeline$3$1.accept(ReferencePipeline.java:193) ~[?:1.8.0_211]
	at java.util.stream.ReferencePipeline$2$1.accept(ReferencePipeline.java:175) ~[?:1.8.0_211]
	at java.util.ArrayList$ArrayListSpliterator.forEachRemaining(ArrayList.java:1382) ~[?:1.8.0_211]
	at java.util.stream.AbstractPipeline.copyInto(AbstractPipeline.java:481) ~[?:1.8.0_211]
	at java.util.stream.AbstractPipeline.wrapAndCopyInto(AbstractPipeline.java:471) ~[?:1.8.0_211]
	at java.util.stream.StreamSpliterators$WrappingSpliterator.forEachRemaining(StreamSpliterators.java:312) ~[?:1.8.0_211]
	at java.util.stream.Streams$ConcatSpliterator.forEachRemaining(Streams.java:743) ~[?:1.8.0_211]
	at java.util.stream.Streams$ConcatSpliterator.forEachRemaining(Streams.java:742) ~[?:1.8.0_211]
	at java.util.stream.ReferencePipeline$Head.forEach(ReferencePipeline.java:580) ~[?:1.8.0_211]
	at org.junit.jupiter.engine.descriptor.ClassBasedTestDescriptor.invokeTestInstancePostProcessors(ClassBasedTestDescriptor.java:340) ~[junit-jupiter-engine-5.6.0.jar:5.6.0]
	at org.junit.jupiter.engine.descriptor.ClassBasedTestDescriptor.instantiateAndPostProcessTestInstance(ClassBasedTestDescriptor.java:263) ~[junit-jupiter-engine-5.6.0.jar:5.6.0]
	at org.junit.jupiter.engine.descriptor.ClassBasedTestDescriptor.lambda$testInstancesProvider$2(ClassBasedTestDescriptor.java:256) ~[junit-jupiter-engine-5.6.0.jar:5.6.0]
	at java.util.Optional.orElseGet(Optional.java:267) ~[?:1.8.0_211]
	at org.junit.jupiter.engine.descriptor.ClassBasedTestDescriptor.lambda$testInstancesProvider$3(ClassBasedTestDescriptor.java:255) ~[junit-jupiter-engine-5.6.0.jar:5.6.0]
	at org.junit.jupiter.engine.execution.TestInstancesProvider.getTestInstances(TestInstancesProvider.java:29) ~[junit-jupiter-engine-5.6.0.jar:5.6.0]
	at org.junit.jupiter.engine.descriptor.TestMethodTestDescriptor.lambda$prepare$0(TestMethodTestDescriptor.java:108) ~[junit-jupiter-engine-5.6.0.jar:5.6.0]
	at org.junit.platform.engine.support.hierarchical.ThrowableCollector.execute(ThrowableCollector.java:73) ~[junit-platform-engine-1.6.0.jar:1.6.0]
	at org.junit.jupiter.engine.descriptor.TestMethodTestDescriptor.prepare(TestMethodTestDescriptor.java:107) ~[junit-jupiter-engine-5.6.0.jar:5.6.0]
	at org.junit.jupiter.engine.descriptor.TestMethodTestDescriptor.prepare(TestMethodTestDescriptor.java:71) ~[junit-jupiter-engine-5.6.0.jar:5.6.0]
	at org.junit.platform.engine.support.hierarchical.NodeTestTask.lambda$prepare$1(NodeTestTask.java:107) ~[junit-platform-engine-1.6.0.jar:1.6.0]
	at org.junit.platform.engine.support.hierarchical.ThrowableCollector.execute(ThrowableCollector.java:73) ~[junit-platform-engine-1.6.0.jar:1.6.0]
	at org.junit.platform.engine.support.hierarchical.NodeTestTask.prepare(NodeTestTask.java:107) ~[junit-platform-engine-1.6.0.jar:1.6.0]
	at org.junit.platform.engine.support.hierarchical.NodeTestTask.execute(NodeTestTask.java:75) ~[junit-platform-engine-1.6.0.jar:1.6.0]
	at java.util.ArrayList.forEach(ArrayList.java:1257) ~[?:1.8.0_211]
	at org.junit.platform.engine.support.hierarchical.SameThreadHierarchicalTestExecutorService.invokeAll(SameThreadHierarchicalTestExecutorService.java:38) ~[junit-platform-engine-1.6.0.jar:1.6.0]
	at org.junit.platform.engine.support.hierarchical.NodeTestTask.lambda$executeRecursively$5(NodeTestTask.java:139) ~[junit-platform-engine-1.6.0.jar:1.6.0]
	at org.junit.platform.engine.support.hierarchical.ThrowableCollector.execute(ThrowableCollector.java:73) ~[junit-platform-engine-1.6.0.jar:1.6.0]
	at org.junit.platform.engine.support.hierarchical.NodeTestTask.lambda$executeRecursively$7(NodeTestTask.java:125) ~[junit-platform-engine-1.6.0.jar:1.6.0]
	at org.junit.platform.engine.support.hierarchical.Node.around(Node.java:135) ~[junit-platform-engine-1.6.0.jar:1.6.0]
	at org.junit.platform.engine.support.hierarchical.NodeTestTask.lambda$executeRecursively$8(NodeTestTask.java:123) ~[junit-platform-engine-1.6.0.jar:1.6.0]
	at org.junit.platform.engine.support.hierarchical.ThrowableCollector.execute(ThrowableCollector.java:73) ~[junit-platform-engine-1.6.0.jar:1.6.0]
	at org.junit.platform.engine.support.hierarchical.NodeTestTask.executeRecursively(NodeTestTask.java:122) ~[junit-platform-engine-1.6.0.jar:1.6.0]
	at org.junit.platform.engine.support.hierarchical.NodeTestTask.execute(NodeTestTask.java:80) ~[junit-platform-engine-1.6.0.jar:1.6.0]
	at java.util.ArrayList.forEach(ArrayList.java:1257) ~[?:1.8.0_211]
	at org.junit.platform.engine.support.hierarchical.SameThreadHierarchicalTestExecutorService.invokeAll(SameThreadHierarchicalTestExecutorService.java:38) ~[junit-platform-engine-1.6.0.jar:1.6.0]
	at org.junit.platform.engine.support.hierarchical.NodeTestTask.lambda$executeRecursively$5(NodeTestTask.java:139) ~[junit-platform-engine-1.6.0.jar:1.6.0]
	at org.junit.platform.engine.support.hierarchical.ThrowableCollector.execute(ThrowableCollector.java:73) ~[junit-platform-engine-1.6.0.jar:1.6.0]
	at org.junit.platform.engine.support.hierarchical.NodeTestTask.lambda$executeRecursively$7(NodeTestTask.java:125) ~[junit-platform-engine-1.6.0.jar:1.6.0]
	at org.junit.platform.engine.support.hierarchical.Node.around(Node.java:135) ~[junit-platform-engine-1.6.0.jar:1.6.0]
	at org.junit.platform.engine.support.hierarchical.NodeTestTask.lambda$executeRecursively$8(NodeTestTask.java:123) ~[junit-platform-engine-1.6.0.jar:1.6.0]
	at org.junit.platform.engine.support.hierarchical.ThrowableCollector.execute(ThrowableCollector.java:73) [junit-platform-engine-1.6.0.jar:1.6.0]
	at org.junit.platform.engine.support.hierarchical.NodeTestTask.executeRecursively(NodeTestTask.java:122) [junit-platform-engine-1.6.0.jar:1.6.0]
	at org.junit.platform.engine.support.hierarchical.NodeTestTask.execute(NodeTestTask.java:80) [junit-platform-engine-1.6.0.jar:1.6.0]
	at org.junit.platform.engine.support.hierarchical.SameThreadHierarchicalTestExecutorService.submit(SameThreadHierarchicalTestExecutorService.java:32) [junit-platform-engine-1.6.0.jar:1.6.0]
	at org.junit.platform.engine.support.hierarchical.HierarchicalTestExecutor.execute(HierarchicalTestExecutor.java:57) [junit-platform-engine-1.6.0.jar:1.6.0]
	at org.junit.platform.engine.support.hierarchical.HierarchicalTestEngine.execute(HierarchicalTestEngine.java:51) [junit-platform-engine-1.6.0.jar:1.6.0]
	at org.junit.platform.launcher.core.DefaultLauncher.execute(DefaultLauncher.java:170) [junit-platform-launcher-1.1.0.jar:1.1.0]
	at org.junit.platform.launcher.core.DefaultLauncher.execute(DefaultLauncher.java:154) [junit-platform-launcher-1.1.0.jar:1.1.0]
	at org.junit.platform.launcher.core.DefaultLauncher.execute(DefaultLauncher.java:90) [junit-platform-launcher-1.1.0.jar:1.1.0]
	at org.junit.platform.surefire.provider.JUnitPlatformProvider.invokeAllTests(JUnitPlatformProvider.java:132) [junit-platform-surefire-provider-1.1.0.jar:1.1.0]
	at org.junit.platform.surefire.provider.JUnitPlatformProvider.invoke(JUnitPlatformProvider.java:111) [junit-platform-surefire-provider-1.1.0.jar:1.1.0]
	at org.apache.maven.surefire.booter.ForkedBooter.invokeProviderInSameClassLoader(ForkedBooter.java:290) [surefire-booter-2.19.1.jar:2.19.1]
	at org.apache.maven.surefire.booter.ForkedBooter.runSuitesInProcess(ForkedBooter.java:242) [surefire-booter-2.19.1.jar:2.19.1]
	at org.apache.maven.surefire.booter.ForkedBooter.main(ForkedBooter.java:121) [surefire-booter-2.19.1.jar:2.19.1]
Caused by: org.springframework.beans.factory.BeanCreationException: Error creating bean with name 'resourceHandlerMapping' defined in org.springframework.web.servlet.config.annotation.DelegatingWebMvcConfiguration: Bean instantiation via factory method failed; nested exception is org.springframework.beans.BeanInstantiationException: Failed to instantiate [org.springframework.web.servlet.HandlerMapping]: Factory method 'resourceHandlerMapping' threw exception; nested exception is java.lang.IllegalStateException: No ServletContext set
	at org.springframework.beans.factory.support.ConstructorResolver.instantiateUsingFactoryMethod(ConstructorResolver.java:587) ~[spring-beans-5.0.4.RELEASE.jar:5.0.4.RELEASE]
	at org.springframework.beans.factory.support.AbstractAutowireCapableBeanFactory.instantiateUsingFactoryMethod(AbstractAutowireCapableBeanFactory.java:1250) ~[spring-beans-5.0.4.RELEASE.jar:5.0.4.RELEASE]
	at org.springframework.beans.factory.support.AbstractAutowireCapableBeanFactory.createBeanInstance(AbstractAutowireCapableBeanFactory.java:1099) ~[spring-beans-5.0.4.RELEASE.jar:5.0.4.RELEASE]
	at org.springframework.beans.factory.support.AbstractAutowireCapableBeanFactory.doCreateBean(AbstractAutowireCapableBeanFactory.java:545) ~[spring-beans-5.0.4.RELEASE.jar:5.0.4.RELEASE]
	at org.springframework.beans.factory.support.AbstractAutowireCapableBeanFactory.createBean(AbstractAutowireCapableBeanFactory.java:502) ~[spring-beans-5.0.4.RELEASE.jar:5.0.4.RELEASE]
	at org.springframework.beans.factory.support.AbstractBeanFactory.lambda$doGetBean$0(AbstractBeanFactory.java:312) ~[spring-beans-5.0.4.RELEASE.jar:5.0.4.RELEASE]
	at org.springframework.beans.factory.support.DefaultSingletonBeanRegistry.getSingleton(DefaultSingletonBeanRegistry.java:228) ~[spring-beans-5.0.4.RELEASE.jar:5.0.4.RELEASE]
	at org.springframework.beans.factory.support.AbstractBeanFactory.doGetBean(AbstractBeanFactory.java:310) ~[spring-beans-5.0.4.RELEASE.jar:5.0.4.RELEASE]
	at org.springframework.beans.factory.support.AbstractBeanFactory.getBean(AbstractBeanFactory.java:200) ~[spring-beans-5.0.4.RELEASE.jar:5.0.4.RELEASE]
	at org.springframework.beans.factory.support.DefaultListableBeanFactory.preInstantiateSingletons(DefaultListableBeanFactory.java:760) ~[spring-beans-5.0.4.RELEASE.jar:5.0.4.RELEASE]
	at org.springframework.context.support.AbstractApplicationContext.finishBeanFactoryInitialization(AbstractApplicationContext.java:868) ~[spring-context-5.0.4.RELEASE.jar:5.0.4.RELEASE]
	at org.springframework.context.support.AbstractApplicationContext.refresh(AbstractApplicationContext.java:549) ~[spring-context-5.0.4.RELEASE.jar:5.0.4.RELEASE]
	at org.springframework.test.context.support.AbstractGenericContextLoader.loadContext(AbstractGenericContextLoader.java:128) ~[spring-test-5.2.3.RELEASE.jar:5.2.3.RELEASE]
	at org.springframework.test.context.support.AbstractGenericContextLoader.loadContext(AbstractGenericContextLoader.java:60) ~[spring-test-5.2.3.RELEASE.jar:5.2.3.RELEASE]
	at org.springframework.test.context.support.AbstractDelegatingSmartContextLoader.delegateLoading(AbstractDelegatingSmartContextLoader.java:275) ~[spring-test-5.2.3.RELEASE.jar:5.2.3.RELEASE]
	at org.springframework.test.context.support.AbstractDelegatingSmartContextLoader.loadContext(AbstractDelegatingSmartContextLoader.java:243) ~[spring-test-5.2.3.RELEASE.jar:5.2.3.RELEASE]
	at org.springframework.test.context.cache.DefaultCacheAwareContextLoaderDelegate.loadContextInternal(DefaultCacheAwareContextLoaderDelegate.java:99) ~[spring-test-5.2.3.RELEASE.jar:5.2.3.RELEASE]
	at org.springframework.test.context.cache.DefaultCacheAwareContextLoaderDelegate.loadContext(DefaultCacheAwareContextLoaderDelegate.java:124) ~[spring-test-5.2.3.RELEASE.jar:5.2.3.RELEASE]
	... 62 more
Caused by: org.springframework.beans.BeanInstantiationException: Failed to instantiate [org.springframework.web.servlet.HandlerMapping]: Factory method 'resourceHandlerMapping' threw exception; nested exception is java.lang.IllegalStateException: No ServletContext set
	at org.springframework.beans.factory.support.SimpleInstantiationStrategy.instantiate(SimpleInstantiationStrategy.java:185) ~[spring-beans-5.0.4.RELEASE.jar:5.0.4.RELEASE]
	at org.springframework.beans.factory.support.ConstructorResolver.instantiateUsingFactoryMethod(ConstructorResolver.java:579) ~[spring-beans-5.0.4.RELEASE.jar:5.0.4.RELEASE]
	at org.springframework.beans.factory.support.AbstractAutowireCapableBeanFactory.instantiateUsingFactoryMethod(AbstractAutowireCapableBeanFactory.java:1250) ~[spring-beans-5.0.4.RELEASE.jar:5.0.4.RELEASE]
	at org.springframework.beans.factory.support.AbstractAutowireCapableBeanFactory.createBeanInstance(AbstractAutowireCapableBeanFactory.java:1099) ~[spring-beans-5.0.4.RELEASE.jar:5.0.4.RELEASE]
	at org.springframework.beans.factory.support.AbstractAutowireCapableBeanFactory.doCreateBean(AbstractAutowireCapableBeanFactory.java:545) ~[spring-beans-5.0.4.RELEASE.jar:5.0.4.RELEASE]
	at org.springframework.beans.factory.support.AbstractAutowireCapableBeanFactory.createBean(AbstractAutowireCapableBeanFactory.java:502) ~[spring-beans-5.0.4.RELEASE.jar:5.0.4.RELEASE]
	at org.springframework.beans.factory.support.AbstractBeanFactory.lambda$doGetBean$0(AbstractBeanFactory.java:312) ~[spring-beans-5.0.4.RELEASE.jar:5.0.4.RELEASE]
	at org.springframework.beans.factory.support.DefaultSingletonBeanRegistry.getSingleton(DefaultSingletonBeanRegistry.java:228) ~[spring-beans-5.0.4.RELEASE.jar:5.0.4.RELEASE]
	at org.springframework.beans.factory.support.AbstractBeanFactory.doGetBean(AbstractBeanFactory.java:310) ~[spring-beans-5.0.4.RELEASE.jar:5.0.4.RELEASE]
	at org.springframework.beans.factory.support.AbstractBeanFactory.getBean(AbstractBeanFactory.java:200) ~[spring-beans-5.0.4.RELEASE.jar:5.0.4.RELEASE]
	at org.springframework.beans.factory.support.DefaultListableBeanFactory.preInstantiateSingletons(DefaultListableBeanFactory.java:760) ~[spring-beans-5.0.4.RELEASE.jar:5.0.4.RELEASE]
	at org.springframework.context.support.AbstractApplicationContext.finishBeanFactoryInitialization(AbstractApplicationContext.java:868) ~[spring-context-5.0.4.RELEASE.jar:5.0.4.RELEASE]
	at org.springframework.context.support.AbstractApplicationContext.refresh(AbstractApplicationContext.java:549) ~[spring-context-5.0.4.RELEASE.jar:5.0.4.RELEASE]
	at org.springframework.test.context.support.AbstractGenericContextLoader.loadContext(AbstractGenericContextLoader.java:128) ~[spring-test-5.2.3.RELEASE.jar:5.2.3.RELEASE]
	at org.springframework.test.context.support.AbstractGenericContextLoader.loadContext(AbstractGenericContextLoader.java:60) ~[spring-test-5.2.3.RELEASE.jar:5.2.3.RELEASE]
	at org.springframework.test.context.support.AbstractDelegatingSmartContextLoader.delegateLoading(AbstractDelegatingSmartContextLoader.java:275) ~[spring-test-5.2.3.RELEASE.jar:5.2.3.RELEASE]
	at org.springframework.test.context.support.AbstractDelegatingSmartContextLoader.loadContext(AbstractDelegatingSmartContextLoader.java:243) ~[spring-test-5.2.3.RELEASE.jar:5.2.3.RELEASE]
	at org.springframework.test.context.cache.DefaultCacheAwareContextLoaderDelegate.loadContextInternal(DefaultCacheAwareContextLoaderDelegate.java:99) ~[spring-test-5.2.3.RELEASE.jar:5.2.3.RELEASE]
	at org.springframework.test.context.cache.DefaultCacheAwareContextLoaderDelegate.loadContext(DefaultCacheAwareContextLoaderDelegate.java:124) ~[spring-test-5.2.3.RELEASE.jar:5.2.3.RELEASE]
	... 62 more
Caused by: java.lang.IllegalStateException: No ServletContext set
	at org.springframework.util.Assert.state(Assert.java:73) ~[spring-core-5.2.0.RELEASE.jar:5.2.0.RELEASE]
	at org.springframework.web.servlet.config.annotation.WebMvcConfigurationSupport.resourceHandlerMapping(WebMvcConfigurationSupport.java:485) ~[spring-webmvc-5.0.4.RELEASE.jar:5.0.4.RELEASE]
	at org.springframework.web.servlet.config.annotation.DelegatingWebMvcConfiguration$$EnhancerBySpringCGLIB$$59745fa8.CGLIB$resourceHandlerMapping$27(<generated>) ~[spring-webmvc-5.0.4.RELEASE.jar:5.0.4.RELEASE]
	at org.springframework.web.servlet.config.annotation.DelegatingWebMvcConfiguration$$EnhancerBySpringCGLIB$$59745fa8$$FastClassBySpringCGLIB$$501e8c31.invoke(<generated>) ~[spring-webmvc-5.0.4.RELEASE.jar:5.0.4.RELEASE]
	at org.springframework.cglib.proxy.MethodProxy.invokeSuper(MethodProxy.java:244) ~[spring-core-5.2.0.RELEASE.jar:5.2.0.RELEASE]
	at org.springframework.context.annotation.ConfigurationClassEnhancer$BeanMethodInterceptor.intercept(ConfigurationClassEnhancer.java:361) ~[spring-context-5.0.4.RELEASE.jar:5.0.4.RELEASE]
	at org.springframework.web.servlet.config.annotation.DelegatingWebMvcConfiguration$$EnhancerBySpringCGLIB$$59745fa8.resourceHandlerMapping(<generated>) ~[spring-webmvc-5.0.4.RELEASE.jar:5.0.4.RELEASE]
	at sun.reflect.NativeMethodAccessorImpl.invoke0(Native Method) ~[?:1.8.0_211]
	at sun.reflect.NativeMethodAccessorImpl.invoke(NativeMethodAccessorImpl.java:62) ~[?:1.8.0_211]
	at sun.reflect.DelegatingMethodAccessorImpl.invoke(DelegatingMethodAccessorImpl.java:43) ~[?:1.8.0_211]
	at java.lang.reflect.Method.invoke(Method.java:498) ~[?:1.8.0_211]
	at org.springframework.beans.factory.support.SimpleInstantiationStrategy.instantiate(SimpleInstantiationStrategy.java:154) ~[spring-beans-5.0.4.RELEASE.jar:5.0.4.RELEASE]
	at org.springframework.beans.factory.support.ConstructorResolver.instantiateUsingFactoryMethod(ConstructorResolver.java:579) ~[spring-beans-5.0.4.RELEASE.jar:5.0.4.RELEASE]
	at org.springframework.beans.factory.support.AbstractAutowireCapableBeanFactory.instantiateUsingFactoryMethod(AbstractAutowireCapableBeanFactory.java:1250) ~[spring-beans-5.0.4.RELEASE.jar:5.0.4.RELEASE]
	at org.springframework.beans.factory.support.AbstractAutowireCapableBeanFactory.createBeanInstance(AbstractAutowireCapableBeanFactory.java:1099) ~[spring-beans-5.0.4.RELEASE.jar:5.0.4.RELEASE]
	at org.springframework.beans.factory.support.AbstractAutowireCapableBeanFactory.doCreateBean(AbstractAutowireCapableBeanFactory.java:545) ~[spring-beans-5.0.4.RELEASE.jar:5.0.4.RELEASE]
	at org.springframework.beans.factory.support.AbstractAutowireCapableBeanFactory.createBean(AbstractAutowireCapableBeanFactory.java:502) ~[spring-beans-5.0.4.RELEASE.jar:5.0.4.RELEASE]
	at org.springframework.beans.factory.support.AbstractBeanFactory.lambda$doGetBean$0(AbstractBeanFactory.java:312) ~[spring-beans-5.0.4.RELEASE.jar:5.0.4.RELEASE]
	at org.springframework.beans.factory.support.DefaultSingletonBeanRegistry.getSingleton(DefaultSingletonBeanRegistry.java:228) ~[spring-beans-5.0.4.RELEASE.jar:5.0.4.RELEASE]
	at org.springframework.beans.factory.support.AbstractBeanFactory.doGetBean(AbstractBeanFactory.java:310) ~[spring-beans-5.0.4.RELEASE.jar:5.0.4.RELEASE]
	at org.springframework.beans.factory.support.AbstractBeanFactory.getBean(AbstractBeanFactory.java:200) ~[spring-beans-5.0.4.RELEASE.jar:5.0.4.RELEASE]
	at org.springframework.beans.factory.support.DefaultListableBeanFactory.preInstantiateSingletons(DefaultListableBeanFactory.java:760) ~[spring-beans-5.0.4.RELEASE.jar:5.0.4.RELEASE]
	at org.springframework.context.support.AbstractApplicationContext.finishBeanFactoryInitialization(AbstractApplicationContext.java:868) ~[spring-context-5.0.4.RELEASE.jar:5.0.4.RELEASE]
	at org.springframework.context.support.AbstractApplicationContext.refresh(AbstractApplicationContext.java:549) ~[spring-context-5.0.4.RELEASE.jar:5.0.4.RELEASE]
	at org.springframework.test.context.support.AbstractGenericContextLoader.loadContext(AbstractGenericContextLoader.java:128) ~[spring-test-5.2.3.RELEASE.jar:5.2.3.RELEASE]
	at org.springframework.test.context.support.AbstractGenericContextLoader.loadContext(AbstractGenericContextLoader.java:60) ~[spring-test-5.2.3.RELEASE.jar:5.2.3.RELEASE]
	at org.springframework.test.context.support.AbstractDelegatingSmartContextLoader.delegateLoading(AbstractDelegatingSmartContextLoader.java:275) ~[spring-test-5.2.3.RELEASE.jar:5.2.3.RELEASE]
	at org.springframework.test.context.support.AbstractDelegatingSmartContextLoader.loadContext(AbstractDelegatingSmartContextLoader.java:243) ~[spring-test-5.2.3.RELEASE.jar:5.2.3.RELEASE]
	at org.springframework.test.context.cache.DefaultCacheAwareContextLoaderDelegate.loadContextInternal(DefaultCacheAwareContextLoaderDelegate.java:99) ~[spring-test-5.2.3.RELEASE.jar:5.2.3.RELEASE]
	at org.springframework.test.context.cache.DefaultCacheAwareContextLoaderDelegate.loadContext(DefaultCacheAwareContextLoaderDelegate.java:124) ~[spring-test-5.2.3.RELEASE.jar:5.2.3.RELEASE]
	... 62 more
]]></system-out>
  </testcase>
</testsuite>