<?xml version="1.0" encoding="UTF-8"?>
<testsuite xmlns:xsi="http://www.w3.org/2001/XMLSchema-instance" xsi:schemaLocation="https://maven.apache.org/surefire/maven-surefire-plugin/xsd/surefire-test-report.xsd" name="com.soft.dao.EshopDAOImplTest" time="2.264" tests="1" errors="1" skipped="0" failures="0">
  <properties>
    <property name="java.runtime.name" value="Java(TM) SE Runtime Environment"/>
    <property name="sun.boot.library.path" value="/usr/lib/jvm/jdk-8u211-linux-x64/jdk1.8.0_211/jre/lib/amd64"/>
    <property name="java.vm.version" value="25.211-b12"/>
    <property name="java.vm.vendor" value="Oracle Corporation"/>
    <property name="maven.multiModuleProjectDirectory" value="/home/mihail/programs/project_mvn/eShop/eShop_repo/eshop"/>
    <property name="java.vendor.url" value="http://java.oracle.com/"/>
    <property name="path.separator" value=":"/>
    <property name="guice.disable.misplaced.annotation.check" value="true"/>
    <property name="java.vm.name" value="Java HotSpot(TM) 64-Bit Server VM"/>
    <property name="file.encoding.pkg" value="sun.io"/>
    <property name="user.country" value="RU"/>
    <property name="sun.java.launcher" value="SUN_STANDARD"/>
    <property name="sun.os.patch.level" value="unknown"/>
    <property name="java.vm.specification.name" value="Java Virtual Machine Specification"/>
    <property name="user.dir" value="/home/mihail/programs/project_mvn/eShop/eShop_repo/eshop"/>
    <property name="java.runtime.version" value="1.8.0_211-b12"/>
    <property name="java.awt.graphicsenv" value="sun.awt.X11GraphicsEnvironment"/>
    <property name="java.endorsed.dirs" value="/usr/lib/jvm/jdk-8u211-linux-x64/jdk1.8.0_211/jre/lib/endorsed"/>
    <property name="os.arch" value="amd64"/>
    <property name="java.io.tmpdir" value="/tmp"/>
    <property name="line.separator" value="&#10;"/>
    <property name="java.vm.specification.vendor" value="Oracle Corporation"/>
    <property name="os.name" value="Linux"/>
    <property name="classworlds.conf" value="/home/mihail/eclipse-workspace/.metadata/.plugins/org.eclipse.m2e.launching/launches/m2conf817989685753388418.tmp"/>
    <property name="sun.jnu.encoding" value="UTF-8"/>
    <property name="java.library.path" value="/usr/java/packages/lib/amd64:/usr/lib64:/lib64:/lib:/usr/lib"/>
    <property name="java.specification.name" value="Java Platform API Specification"/>
    <property name="java.class.version" value="52.0"/>
    <property name="sun.management.compiler" value="HotSpot 64-Bit Tiered Compilers"/>
    <property name="os.version" value="5.3.0-26-generic"/>
    <property name="user.home" value="/home/mihail"/>
    <property name="user.timezone" value="Europe/Moscow"/>
    <property name="java.awt.printerjob" value="sun.print.PSPrinterJob"/>
    <property name="file.encoding" value="UTF-8"/>
    <property name="java.specification.version" value="1.8"/>
    <property name="user.name" value="mihail"/>
    <property name="java.class.path" value="/home/mihail/programs/Eclipse/eclipse-jee-2019-03-R-linux-gtk-x86_64/eclipse/plugins/org.eclipse.m2e.maven.runtime_1.11.0.20190220-2117/jars/plexus-classworlds-2.5.2.jar"/>
    <property name="java.vm.specification.version" value="1.8"/>
    <property name="sun.arch.data.model" value="64"/>
    <property name="java.home" value="/usr/lib/jvm/jdk-8u211-linux-x64/jdk1.8.0_211/jre"/>
    <property name="sun.java.command" value="org.codehaus.plexus.classworlds.launcher.Launcher -B install"/>
    <property name="java.specification.vendor" value="Oracle Corporation"/>
    <property name="user.language" value="ru"/>
    <property name="awt.toolkit" value="sun.awt.X11.XToolkit"/>
    <property name="java.vm.info" value="mixed mode"/>
    <property name="java.version" value="1.8.0_211"/>
    <property name="java.ext.dirs" value="/usr/lib/jvm/jdk-8u211-linux-x64/jdk1.8.0_211/jre/lib/ext:/usr/java/packages/lib/ext"/>
    <property name="securerandom.source" value="file:/dev/./urandom"/>
    <property name="sun.boot.class.path" value="/usr/lib/jvm/jdk-8u211-linux-x64/jdk1.8.0_211/jre/lib/resources.jar:/usr/lib/jvm/jdk-8u211-linux-x64/jdk1.8.0_211/jre/lib/rt.jar:/usr/lib/jvm/jdk-8u211-linux-x64/jdk1.8.0_211/jre/lib/sunrsasign.jar:/usr/lib/jvm/jdk-8u211-linux-x64/jdk1.8.0_211/jre/lib/jsse.jar:/usr/lib/jvm/jdk-8u211-linux-x64/jdk1.8.0_211/jre/lib/jce.jar:/usr/lib/jvm/jdk-8u211-linux-x64/jdk1.8.0_211/jre/lib/charsets.jar:/usr/lib/jvm/jdk-8u211-linux-x64/jdk1.8.0_211/jre/lib/jfr.jar:/usr/lib/jvm/jdk-8u211-linux-x64/jdk1.8.0_211/jre/classes"/>
    <property name="java.vendor" value="Oracle Corporation"/>
    <property name="maven.home" value="/home/mihail/programs/project_mvn/eShop/eShop_repo/eshop/EMBEDDED"/>
    <property name="file.separator" value="/"/>
    <property name="java.vendor.url.bug" value="http://bugreport.sun.com/bugreport/"/>
    <property name="sun.cpu.endian" value="little"/>
    <property name="sun.io.unicode.encoding" value="UnicodeLittle"/>
    <property name="sun.desktop" value="gnome"/>
    <property name="sun.cpu.isalist" value=""/>
  </properties>
  <testcase name="getTableSizeByTableNameTest" classname="com.soft.dao.EshopDAOImplTest" time="0.001">
    <error message="Failed to load ApplicationContext" type="java.lang.IllegalStateException">java.lang.IllegalStateException: Failed to load ApplicationContext
Caused by: org.springframework.beans.factory.BeanCreationException: Error creating bean with name 'transactionManager' defined in com.soft.config.DataAccessConfig: Invocation of init method failed; nested exception is java.lang.IllegalArgumentException: Property 'sessionFactory' is required
Caused by: java.lang.IllegalArgumentException: Property 'sessionFactory' is required
</error>
    <system-out><![CDATA[2020-02-17 12:00:14,155 main ERROR LevelRangeFilter contains an invalid element or attribute "param"
12:00:14.208 [main] DEBUG org.springframework.test.context.BootstrapUtils - Instantiating CacheAwareContextLoaderDelegate from class [org.springframework.test.context.cache.DefaultCacheAwareContextLoaderDelegate]
12:00:14.220 [main] DEBUG org.springframework.test.context.BootstrapUtils - Instantiating BootstrapContext using constructor [public org.springframework.test.context.support.DefaultBootstrapContext(java.lang.Class,org.springframework.test.context.CacheAwareContextLoaderDelegate)]
12:00:14.241 [main] DEBUG org.springframework.test.context.BootstrapUtils - Instantiating TestContextBootstrapper for test class [com.soft.dao.EshopDAOImplTest] from class [org.springframework.test.context.web.WebTestContextBootstrapper]
12:00:14.249 [main] TRACE org.springframework.test.context.support.ContextLoaderUtils - Retrieved @ContextConfiguration [@org.springframework.test.context.ContextConfiguration(classes=[com.soft.config.AppConfig, com.soft.config.DataAccessConfig], inheritInitializers=true, inheritLocations=true, initializers=[], loader=org.springframework.test.context.ContextLoader, locations=[], name=, value=[])] for declaring class [com.soft.dao.EshopDAOImplTest].
12:00:14.251 [main] TRACE org.springframework.test.context.support.ContextLoaderUtils - Resolved context configuration attributes: [ContextConfigurationAttributes@19e4653c declaringClass = 'com.soft.dao.EshopDAOImplTest', classes = '{class com.soft.config.AppConfig, class com.soft.config.DataAccessConfig}', locations = '{}', inheritLocations = true, initializers = '{}', inheritInitializers = true, name = [null], contextLoaderClass = 'org.springframework.test.context.ContextLoader']
12:00:14.252 [main] TRACE org.springframework.test.context.web.WebTestContextBootstrapper - Resolving ContextLoader for context configuration attributes [ContextConfigurationAttributes@19e4653c declaringClass = 'com.soft.dao.EshopDAOImplTest', classes = '{class com.soft.config.AppConfig, class com.soft.config.DataAccessConfig}', locations = '{}', inheritLocations = true, initializers = '{}', inheritInitializers = true, name = [null], contextLoaderClass = 'org.springframework.test.context.ContextLoader']
12:00:14.253 [main] TRACE org.springframework.test.context.web.WebTestContextBootstrapper - Using ContextLoader class [org.springframework.test.context.web.WebDelegatingSmartContextLoader] for test class [com.soft.dao.EshopDAOImplTest]
12:00:14.257 [main] TRACE org.springframework.test.context.web.WebTestContextBootstrapper - Processing locations and classes for context configuration attributes [ContextConfigurationAttributes@19e4653c declaringClass = 'com.soft.dao.EshopDAOImplTest', classes = '{class com.soft.config.AppConfig, class com.soft.config.DataAccessConfig}', locations = '{}', inheritLocations = true, initializers = '{}', inheritInitializers = true, name = [null], contextLoaderClass = 'org.springframework.test.context.ContextLoader']
12:00:14.258 [main] DEBUG org.springframework.test.context.support.AbstractDelegatingSmartContextLoader - Delegating to AnnotationConfigWebContextLoader to process context configuration [ContextConfigurationAttributes@19e4653c declaringClass = 'com.soft.dao.EshopDAOImplTest', classes = '{class com.soft.config.AppConfig, class com.soft.config.DataAccessConfig}', locations = '{}', inheritLocations = true, initializers = '{}', inheritInitializers = true, name = [null], contextLoaderClass = 'org.springframework.test.context.ContextLoader'].
12:00:14.264 [main] TRACE org.springframework.core.io.support.SpringFactoriesLoader - Loaded [org.springframework.test.context.ContextCustomizerFactory] names: [org.springframework.test.context.web.socket.MockServerContainerContextCustomizerFactory]
12:00:14.268 [main] TRACE org.springframework.test.context.support.ApplicationContextInitializerUtils - Processing context initializers for configuration attributes [ContextConfigurationAttributes@19e4653c declaringClass = 'com.soft.dao.EshopDAOImplTest', classes = '{class com.soft.config.AppConfig, class com.soft.config.DataAccessConfig}', locations = '{}', inheritLocations = true, initializers = '{}', inheritInitializers = true, name = [null], contextLoaderClass = 'org.springframework.test.context.ContextLoader']
12:00:14.270 [main] TRACE org.springframework.test.context.support.ActiveProfilesUtils - Retrieved @ActiveProfiles [@org.springframework.test.context.ActiveProfiles(inheritProfiles=true, profiles=[development], resolver=org.springframework.test.context.ActiveProfilesResolver, value=[development])] for declaring class [com.soft.dao.EshopDAOImplTest]
12:00:14.271 [main] TRACE org.springframework.test.context.support.DefaultActiveProfilesResolver - Retrieved @ActiveProfiles [@org.springframework.test.context.ActiveProfiles(inheritProfiles=true, profiles=[development], resolver=org.springframework.test.context.ActiveProfilesResolver, value=[development])] for declaring class [com.soft.dao.EshopDAOImplTest].
12:00:14.273 [main] DEBUG org.springframework.test.context.web.WebTestContextBootstrapper - @TestExecutionListeners is not present for class [com.soft.dao.EshopDAOImplTest]: using defaults.
12:00:14.274 [main] INFO  org.springframework.test.context.web.WebTestContextBootstrapper - Loaded default TestExecutionListener class names from location [META-INF/spring.factories]: [org.springframework.test.context.web.ServletTestExecutionListener, org.springframework.test.context.support.DirtiesContextBeforeModesTestExecutionListener, org.springframework.test.context.support.DependencyInjectionTestExecutionListener, org.springframework.test.context.support.DirtiesContextTestExecutionListener, org.springframework.test.context.transaction.TransactionalTestExecutionListener, org.springframework.test.context.jdbc.SqlScriptsTestExecutionListener, org.springframework.test.context.event.EventPublishingTestExecutionListener]
12:00:14.290 [main] INFO  org.springframework.test.context.web.WebTestContextBootstrapper - Using TestExecutionListeners: [org.springframework.test.context.web.ServletTestExecutionListener@4b8d604b, org.springframework.test.context.support.DirtiesContextBeforeModesTestExecutionListener@5e7cd6cc, org.springframework.test.context.support.DependencyInjectionTestExecutionListener@68c9d179, org.springframework.test.context.support.DirtiesContextTestExecutionListener@d554c5f, org.springframework.test.context.transaction.TransactionalTestExecutionListener@2dfaea86, org.springframework.test.context.jdbc.SqlScriptsTestExecutionListener@15888343, org.springframework.test.context.event.EventPublishingTestExecutionListener@33ecda92]
12:00:14.291 [main] TRACE org.springframework.test.context.TestContextManager - Registering TestExecutionListener: org.springframework.test.context.web.ServletTestExecutionListener@4b8d604b
12:00:14.291 [main] TRACE org.springframework.test.context.TestContextManager - Registering TestExecutionListener: org.springframework.test.context.support.DirtiesContextBeforeModesTestExecutionListener@5e7cd6cc
12:00:14.291 [main] TRACE org.springframework.test.context.TestContextManager - Registering TestExecutionListener: org.springframework.test.context.support.DependencyInjectionTestExecutionListener@68c9d179
12:00:14.291 [main] TRACE org.springframework.test.context.TestContextManager - Registering TestExecutionListener: org.springframework.test.context.support.DirtiesContextTestExecutionListener@d554c5f
12:00:14.291 [main] TRACE org.springframework.test.context.TestContextManager - Registering TestExecutionListener: org.springframework.test.context.transaction.TransactionalTestExecutionListener@2dfaea86
12:00:14.291 [main] TRACE org.springframework.test.context.TestContextManager - Registering TestExecutionListener: org.springframework.test.context.jdbc.SqlScriptsTestExecutionListener@15888343
12:00:14.291 [main] TRACE org.springframework.test.context.TestContextManager - Registering TestExecutionListener: org.springframework.test.context.event.EventPublishingTestExecutionListener@33ecda92
12:00:14.292 [main] TRACE org.springframework.test.context.TestContextManager - beforeTestClass(): class [com.soft.dao.EshopDAOImplTest]
12:00:14.292 [main] DEBUG org.springframework.test.context.support.AbstractDirtiesContextTestExecutionListener - Before test class: context [DefaultTestContext@1c742ed4 testClass = EshopDAOImplTest, testInstance = [null], testMethod = [null], testException = [null], mergedContextConfiguration = [WebMergedContextConfiguration@333d4a8c testClass = EshopDAOImplTest, locations = '{}', classes = '{class com.soft.config.AppConfig, class com.soft.config.DataAccessConfig}', contextInitializerClasses = '[]', activeProfiles = '{development}', propertySourceLocations = '{}', propertySourceProperties = '{}', contextCustomizers = set[[empty]], resourceBasePath = 'src/main/webapp', contextLoader = 'org.springframework.test.context.web.WebDelegatingSmartContextLoader', parent = [null]], attributes = map[[empty]]], class annotated with @DirtiesContext [false] with mode [null].
12:00:14.295 [main] TRACE org.springframework.test.context.TestContextManager - prepareTestInstance(): instance [com.soft.dao.EshopDAOImplTest@491b9b8]
12:00:14.295 [main] DEBUG org.springframework.test.context.support.AbstractDelegatingSmartContextLoader - Delegating to AnnotationConfigWebContextLoader to load context from [WebMergedContextConfiguration@333d4a8c testClass = EshopDAOImplTest, locations = '{}', classes = '{class com.soft.config.AppConfig, class com.soft.config.DataAccessConfig}', contextInitializerClasses = '[]', activeProfiles = '{development}', propertySourceLocations = '{}', propertySourceProperties = '{}', contextCustomizers = set[[empty]], resourceBasePath = 'src/main/webapp', contextLoader = 'org.springframework.test.context.web.WebDelegatingSmartContextLoader', parent = [null]].
12:00:14.296 [main] DEBUG org.springframework.test.context.web.AbstractGenericWebContextLoader - Loading WebApplicationContext for merged context configuration [WebMergedContextConfiguration@333d4a8c testClass = EshopDAOImplTest, locations = '{}', classes = '{class com.soft.config.AppConfig, class com.soft.config.DataAccessConfig}', contextInitializerClasses = '[]', activeProfiles = '{development}', propertySourceLocations = '{}', propertySourceProperties = '{}', contextCustomizers = set[[empty]], resourceBasePath = 'src/main/webapp', contextLoader = 'org.springframework.test.context.web.WebDelegatingSmartContextLoader', parent = [null]].
12:00:14.327 [main] DEBUG org.springframework.web.context.support.StandardServletEnvironment - Activating profiles [development]
12:00:14.327 [main] DEBUG org.springframework.test.context.web.AnnotationConfigWebContextLoader - Registering annotated classes: {class com.soft.config.AppConfig, class com.soft.config.DataAccessConfig}
12:00:14.354 [main] INFO  org.springframework.web.context.support.GenericWebApplicationContext - Refreshing org.springframework.web.context.support.GenericWebApplicationContext@12591ac8: startup date [Mon Feb 17 12:00:14 MSK 2020]; root of context hierarchy
12:00:14.356 [main] DEBUG org.springframework.web.context.support.GenericWebApplicationContext - Bean factory for org.springframework.web.context.support.GenericWebApplicationContext@12591ac8: org.springframework.beans.factory.support.DefaultListableBeanFactory@6986852: defining beans [org.springframework.context.annotation.internalConfigurationAnnotationProcessor,org.springframework.context.annotation.internalAutowiredAnnotationProcessor,org.springframework.context.annotation.internalRequiredAnnotationProcessor,org.springframework.context.annotation.internalCommonAnnotationProcessor,org.springframework.context.annotation.internalPersistenceAnnotationProcessor,org.springframework.context.event.internalEventListenerProcessor,org.springframework.context.event.internalEventListenerFactory,appConfig,dataAccessConfig]; root of factory hierarchy
12:00:14.361 [main] DEBUG org.springframework.beans.factory.support.DefaultListableBeanFactory - Registering scope 'request' with implementation [org.springframework.web.context.request.RequestScope@7d3d101b]
12:00:14.362 [main] DEBUG org.springframework.beans.factory.support.DefaultListableBeanFactory - Registering scope 'session' with implementation [org.springframework.web.context.request.SessionScope@6d026701]
12:00:14.362 [main] DEBUG org.springframework.beans.factory.support.DefaultListableBeanFactory - Registering scope 'application' with implementation [org.springframework.web.context.support.ServletContextScope@35399441]
12:00:14.367 [main] DEBUG org.springframework.beans.factory.support.DefaultListableBeanFactory - Creating shared instance of singleton bean 'org.springframework.context.annotation.internalConfigurationAnnotationProcessor'
12:00:14.367 [main] DEBUG org.springframework.beans.factory.support.DefaultListableBeanFactory - Creating instance of bean 'org.springframework.context.annotation.internalConfigurationAnnotationProcessor'
12:00:14.378 [main] DEBUG org.springframework.beans.factory.support.DefaultListableBeanFactory - Eagerly caching bean 'org.springframework.context.annotation.internalConfigurationAnnotationProcessor' to allow for resolving potential circular references
12:00:14.380 [main] DEBUG org.springframework.beans.factory.support.DefaultListableBeanFactory - Finished creating instance of bean 'org.springframework.context.annotation.internalConfigurationAnnotationProcessor'
12:00:14.400 [main] TRACE org.springframework.core.io.support.PathMatchingResourcePatternResolver - Resolved classpath location [com/soft/controller/] to resources [URL [file:/home/mihail/programs/project_mvn/eShop/eShop_repo/eshop/target/classes/com/soft/controller/]]
12:00:14.400 [main] TRACE org.springframework.core.io.support.PathMatchingResourcePatternResolver - Looking for matching resources in directory tree [/home/mihail/programs/project_mvn/eShop/eShop_repo/eshop/target/classes/com/soft/controller]
12:00:14.401 [main] TRACE org.springframework.core.io.support.PathMatchingResourcePatternResolver - Searching directory [/home/mihail/programs/project_mvn/eShop/eShop_repo/eshop/target/classes/com/soft/controller] for files matching pattern [/home/mihail/programs/project_mvn/eShop/eShop_repo/eshop/target/classes/com/soft/controller/**/*.class]
12:00:14.403 [main] TRACE org.springframework.core.io.support.PathMatchingResourcePatternResolver - Resolved location pattern [classpath*:com/soft/controller/**/*.class] to resources [file [/home/mihail/programs/project_mvn/eShop/eShop_repo/eshop/target/classes/com/soft/controller/EshopController.class]]
12:00:14.404 [main] TRACE org.springframework.context.annotation.ClassPathBeanDefinitionScanner - Scanning file [/home/mihail/programs/project_mvn/eShop/eShop_repo/eshop/target/classes/com/soft/controller/EshopController.class]
12:00:14.418 [main] DEBUG org.springframework.context.annotation.ClassPathBeanDefinitionScanner - Identified candidate component class: file [/home/mihail/programs/project_mvn/eShop/eShop_repo/eshop/target/classes/com/soft/controller/EshopController.class]
12:00:14.456 [main] DEBUG org.springframework.context.annotation.ConfigurationClassBeanDefinitionReader - Registered bean definition for imported class 'messageSource'
12:00:14.457 [main] DEBUG org.springframework.context.annotation.ConfigurationClassBeanDefinitionReader - Registered bean definition for imported class 'org.springframework.web.servlet.config.annotation.DelegatingWebMvcConfiguration'
12:00:14.458 [main] DEBUG org.springframework.context.annotation.ConfigurationClassBeanDefinitionReader - Registering bean definition for @Bean method org.springframework.web.servlet.config.annotation.DelegatingWebMvcConfiguration.requestMappingHandlerMapping()
12:00:14.458 [main] DEBUG org.springframework.context.annotation.ConfigurationClassBeanDefinitionReader - Registering bean definition for @Bean method org.springframework.web.servlet.config.annotation.DelegatingWebMvcConfiguration.mvcPathMatcher()
12:00:14.459 [main] DEBUG org.springframework.context.annotation.ConfigurationClassBeanDefinitionReader - Registering bean definition for @Bean method org.springframework.web.servlet.config.annotation.DelegatingWebMvcConfiguration.mvcUrlPathHelper()
12:00:14.459 [main] DEBUG org.springframework.context.annotation.ConfigurationClassBeanDefinitionReader - Registering bean definition for @Bean method org.springframework.web.servlet.config.annotation.DelegatingWebMvcConfiguration.mvcContentNegotiationManager()
12:00:14.460 [main] DEBUG org.springframework.context.annotation.ConfigurationClassBeanDefinitionReader - Registering bean definition for @Bean method org.springframework.web.servlet.config.annotation.DelegatingWebMvcConfiguration.viewControllerHandlerMapping()
12:00:14.460 [main] DEBUG org.springframework.context.annotation.ConfigurationClassBeanDefinitionReader - Registering bean definition for @Bean method org.springframework.web.servlet.config.annotation.DelegatingWebMvcConfiguration.beanNameHandlerMapping()
12:00:14.461 [main] DEBUG org.springframework.context.annotation.ConfigurationClassBeanDefinitionReader - Registering bean definition for @Bean method org.springframework.web.servlet.config.annotation.DelegatingWebMvcConfiguration.resourceHandlerMapping()
12:00:14.461 [main] DEBUG org.springframework.context.annotation.ConfigurationClassBeanDefinitionReader - Registering bean definition for @Bean method org.springframework.web.servlet.config.annotation.DelegatingWebMvcConfiguration.mvcResourceUrlProvider()
12:00:14.461 [main] DEBUG org.springframework.context.annotation.ConfigurationClassBeanDefinitionReader - Registering bean definition for @Bean method org.springframework.web.servlet.config.annotation.DelegatingWebMvcConfiguration.defaultServletHandlerMapping()
12:00:14.462 [main] DEBUG org.springframework.context.annotation.ConfigurationClassBeanDefinitionReader - Registering bean definition for @Bean method org.springframework.web.servlet.config.annotation.DelegatingWebMvcConfiguration.requestMappingHandlerAdapter()
12:00:14.464 [main] DEBUG org.springframework.context.annotation.ConfigurationClassBeanDefinitionReader - Registering bean definition for @Bean method org.springframework.web.servlet.config.annotation.DelegatingWebMvcConfiguration.mvcConversionService()
12:00:14.464 [main] DEBUG org.springframework.context.annotation.ConfigurationClassBeanDefinitionReader - Registering bean definition for @Bean method org.springframework.web.servlet.config.annotation.DelegatingWebMvcConfiguration.mvcValidator()
12:00:14.464 [main] DEBUG org.springframework.context.annotation.ConfigurationClassBeanDefinitionReader - Registering bean definition for @Bean method org.springframework.web.servlet.config.annotation.DelegatingWebMvcConfiguration.mvcUriComponentsContributor()
12:00:14.465 [main] DEBUG org.springframework.context.annotation.ConfigurationClassBeanDefinitionReader - Registering bean definition for @Bean method org.springframework.web.servlet.config.annotation.DelegatingWebMvcConfiguration.httpRequestHandlerAdapter()
12:00:14.465 [main] DEBUG org.springframework.context.annotation.ConfigurationClassBeanDefinitionReader - Registering bean definition for @Bean method org.springframework.web.servlet.config.annotation.DelegatingWebMvcConfiguration.simpleControllerHandlerAdapter()
12:00:14.466 [main] DEBUG org.springframework.context.annotation.ConfigurationClassBeanDefinitionReader - Registering bean definition for @Bean method org.springframework.web.servlet.config.annotation.DelegatingWebMvcConfiguration.handlerExceptionResolver()
12:00:14.466 [main] DEBUG org.springframework.context.annotation.ConfigurationClassBeanDefinitionReader - Registering bean definition for @Bean method org.springframework.web.servlet.config.annotation.DelegatingWebMvcConfiguration.mvcViewResolver()
12:00:14.466 [main] DEBUG org.springframework.context.annotation.ConfigurationClassBeanDefinitionReader - Registering bean definition for @Bean method org.springframework.web.servlet.config.annotation.DelegatingWebMvcConfiguration.mvcHandlerMappingIntrospector()
12:00:14.467 [main] DEBUG org.springframework.context.annotation.ConfigurationClassBeanDefinitionReader - Registering bean definition for @Bean method com.soft.config.AppConfig.viewResolver()
12:00:14.467 [main] DEBUG org.springframework.context.annotation.ConfigurationClassBeanDefinitionReader - Registering bean definition for @Bean method com.soft.config.AppConfig.templateEngine()
12:00:14.467 [main] DEBUG org.springframework.context.annotation.ConfigurationClassBeanDefinitionReader - Registering bean definition for @Bean method com.soft.config.AppConfig.templateResolver()
12:00:14.468 [main] DEBUG org.springframework.context.annotation.ConfigurationClassBeanDefinitionReader - Registering bean definition for @Bean method com.soft.config.AppConfig.localeResolver()
12:00:14.468 [main] DEBUG org.springframework.context.annotation.ConfigurationClassBeanDefinitionReader - Registered bean definition for imported class 'org.springframework.transaction.annotation.ProxyTransactionManagementConfiguration'
12:00:14.468 [main] DEBUG org.springframework.context.annotation.ConfigurationClassBeanDefinitionReader - Registering bean definition for @Bean method org.springframework.transaction.annotation.ProxyTransactionManagementConfiguration.org.springframework.transaction.config.internalTransactionAdvisor()
12:00:14.468 [main] DEBUG org.springframework.context.annotation.ConfigurationClassBeanDefinitionReader - Registering bean definition for @Bean method org.springframework.transaction.annotation.ProxyTransactionManagementConfiguration.transactionAttributeSource()
12:00:14.469 [main] DEBUG org.springframework.context.annotation.ConfigurationClassBeanDefinitionReader - Registering bean definition for @Bean method org.springframework.transaction.annotation.ProxyTransactionManagementConfiguration.transactionInterceptor()
12:00:14.472 [main] DEBUG org.springframework.context.annotation.ConfigurationClassBeanDefinitionReader - Registering bean definition for @Bean method org.springframework.transaction.annotation.ProxyTransactionManagementConfiguration.org.springframework.transaction.config.internalTransactionalEventListenerFactory()
12:00:14.475 [main] DEBUG org.springframework.context.annotation.ConfigurationClassBeanDefinitionReader - Registering bean definition for @Bean method com.soft.config.DataAccessConfig.DataSourceBean()
12:00:14.476 [main] DEBUG org.springframework.context.annotation.ConfigurationClassBeanDefinitionReader - Registering bean definition for @Bean method com.soft.config.DataAccessConfig.SessionFactory()
12:00:14.477 [main] DEBUG org.springframework.context.annotation.ConfigurationClassBeanDefinitionReader - Registering bean definition for @Bean method com.soft.config.DataAccessConfig.getDevLocaleDAO()
12:00:14.477 [main] DEBUG org.springframework.context.annotation.ConfigurationClassBeanDefinitionReader - Registering bean definition for @Bean method com.soft.config.DataAccessConfig.transactionManager()
12:00:14.579 [main] DEBUG org.springframework.context.annotation.ConfigurationClassEnhancer - Successfully enhanced com.soft.config.AppConfig; enhanced class name is: com.soft.config.AppConfig$$EnhancerBySpringCGLIB$$23b90af4
12:00:14.579 [main] DEBUG org.springframework.context.annotation.ConfigurationClassPostProcessor - Replacing bean definition 'appConfig' existing class 'com.soft.config.AppConfig' with enhanced class 'com.soft.config.AppConfig$$EnhancerBySpringCGLIB$$23b90af4'
12:00:14.585 [main] DEBUG org.springframework.context.annotation.ConfigurationClassEnhancer - Successfully enhanced com.soft.config.DataAccessConfig; enhanced class name is: com.soft.config.DataAccessConfig$$EnhancerBySpringCGLIB$$10c620ab
12:00:14.585 [main] DEBUG org.springframework.context.annotation.ConfigurationClassPostProcessor - Replacing bean definition 'dataAccessConfig' existing class 'com.soft.config.DataAccessConfig' with enhanced class 'com.soft.config.DataAccessConfig$$EnhancerBySpringCGLIB$$10c620ab'
12:00:14.593 [main] DEBUG org.springframework.context.annotation.ConfigurationClassEnhancer - Successfully enhanced org.springframework.web.servlet.config.annotation.DelegatingWebMvcConfiguration; enhanced class name is: org.springframework.web.servlet.config.annotation.DelegatingWebMvcConfiguration$$EnhancerBySpringCGLIB$$73995f77
12:00:14.593 [main] DEBUG org.springframework.context.annotation.ConfigurationClassPostProcessor - Replacing bean definition 'org.springframework.web.servlet.config.annotation.DelegatingWebMvcConfiguration' existing class 'org.springframework.web.servlet.config.annotation.DelegatingWebMvcConfiguration' with enhanced class 'org.springframework.web.servlet.config.annotation.DelegatingWebMvcConfiguration$$EnhancerBySpringCGLIB$$73995f77'
12:00:14.596 [main] DEBUG org.springframework.context.annotation.ConfigurationClassEnhancer - Successfully enhanced org.springframework.transaction.annotation.ProxyTransactionManagementConfiguration; enhanced class name is: org.springframework.transaction.annotation.ProxyTransactionManagementConfiguration$$EnhancerBySpringCGLIB$$aed87a41
12:00:14.596 [main] DEBUG org.springframework.context.annotation.ConfigurationClassPostProcessor - Replacing bean definition 'org.springframework.transaction.annotation.ProxyTransactionManagementConfiguration' existing class 'org.springframework.transaction.annotation.ProxyTransactionManagementConfiguration' with enhanced class 'org.springframework.transaction.annotation.ProxyTransactionManagementConfiguration$$EnhancerBySpringCGLIB$$aed87a41'
12:00:14.599 [main] DEBUG org.springframework.beans.factory.support.DefaultListableBeanFactory - Creating shared instance of singleton bean 'org.springframework.context.annotation.internalAutowiredAnnotationProcessor'
12:00:14.599 [main] DEBUG org.springframework.beans.factory.support.DefaultListableBeanFactory - Creating instance of bean 'org.springframework.context.annotation.internalAutowiredAnnotationProcessor'
12:00:14.600 [main] DEBUG org.springframework.beans.factory.support.DefaultListableBeanFactory - Eagerly caching bean 'org.springframework.context.annotation.internalAutowiredAnnotationProcessor' to allow for resolving potential circular references
12:00:14.601 [main] TRACE org.springframework.core.io.support.SpringFactoriesLoader - Loaded [org.springframework.beans.BeanInfoFactory] names: [org.springframework.beans.ExtendedBeanInfoFactory]
12:00:14.602 [main] TRACE org.springframework.beans.CachedIntrospectionResults - Getting BeanInfo for class [org.springframework.beans.factory.annotation.AutowiredAnnotationBeanPostProcessor]
12:00:14.607 [main] TRACE org.springframework.beans.CachedIntrospectionResults - Caching PropertyDescriptors for class [org.springframework.beans.factory.annotation.AutowiredAnnotationBeanPostProcessor]
12:00:14.607 [main] TRACE org.springframework.beans.CachedIntrospectionResults - Found bean property 'autowiredAnnotationType' of type [java.lang.Class]
12:00:14.609 [main] TRACE org.springframework.beans.CachedIntrospectionResults - Found bean property 'autowiredAnnotationTypes' of type [java.util.Set]
12:00:14.610 [main] TRACE org.springframework.beans.CachedIntrospectionResults - Found bean property 'beanFactory' of type [org.springframework.beans.factory.BeanFactory]
12:00:14.610 [main] TRACE org.springframework.beans.CachedIntrospectionResults - Found bean property 'class' of type [java.lang.Class]
12:00:14.610 [main] TRACE org.springframework.beans.CachedIntrospectionResults - Found bean property 'order' of type [int]
12:00:14.610 [main] TRACE org.springframework.beans.CachedIntrospectionResults - Found bean property 'requiredParameterName' of type [java.lang.String]
12:00:14.610 [main] TRACE org.springframework.beans.CachedIntrospectionResults - Found bean property 'requiredParameterValue' of type [boolean]
12:00:14.612 [main] DEBUG org.springframework.beans.factory.support.DefaultListableBeanFactory - Finished creating instance of bean 'org.springframework.context.annotation.internalAutowiredAnnotationProcessor'
12:00:14.612 [main] DEBUG org.springframework.beans.factory.support.DefaultListableBeanFactory - Creating shared instance of singleton bean 'org.springframework.context.annotation.internalRequiredAnnotationProcessor'
12:00:14.612 [main] DEBUG org.springframework.beans.factory.support.DefaultListableBeanFactory - Creating instance of bean 'org.springframework.context.annotation.internalRequiredAnnotationProcessor'
12:00:14.613 [main] DEBUG org.springframework.beans.factory.support.DefaultListableBeanFactory - Eagerly caching bean 'org.springframework.context.annotation.internalRequiredAnnotationProcessor' to allow for resolving potential circular references
12:00:14.613 [main] TRACE org.springframework.beans.CachedIntrospectionResults - Getting BeanInfo for class [org.springframework.beans.factory.annotation.RequiredAnnotationBeanPostProcessor]
12:00:14.614 [main] TRACE org.springframework.beans.CachedIntrospectionResults - Caching PropertyDescriptors for class [org.springframework.beans.factory.annotation.RequiredAnnotationBeanPostProcessor]
12:00:14.614 [main] TRACE org.springframework.beans.CachedIntrospectionResults - Found bean property 'beanFactory' of type [org.springframework.beans.factory.BeanFactory]
12:00:14.614 [main] TRACE org.springframework.beans.CachedIntrospectionResults - Found bean property 'class' of type [java.lang.Class]
12:00:14.614 [main] TRACE org.springframework.beans.CachedIntrospectionResults - Found bean property 'order' of type [int]
12:00:14.614 [main] TRACE org.springframework.beans.CachedIntrospectionResults - Found bean property 'requiredAnnotationType' of type [java.lang.Class]
12:00:14.616 [main] DEBUG org.springframework.beans.factory.support.DefaultListableBeanFactory - Finished creating instance of bean 'org.springframework.context.annotation.internalRequiredAnnotationProcessor'
12:00:14.616 [main] DEBUG org.springframework.beans.factory.support.DefaultListableBeanFactory - Creating shared instance of singleton bean 'org.springframework.context.annotation.internalCommonAnnotationProcessor'
12:00:14.616 [main] DEBUG org.springframework.beans.factory.support.DefaultListableBeanFactory - Creating instance of bean 'org.springframework.context.annotation.internalCommonAnnotationProcessor'
12:00:14.618 [main] DEBUG org.springframework.beans.factory.support.DefaultListableBeanFactory - Eagerly caching bean 'org.springframework.context.annotation.internalCommonAnnotationProcessor' to allow for resolving potential circular references
12:00:14.618 [main] TRACE org.springframework.beans.CachedIntrospectionResults - Getting BeanInfo for class [org.springframework.context.annotation.CommonAnnotationBeanPostProcessor]
12:00:14.620 [main] TRACE org.springframework.beans.CachedIntrospectionResults - Caching PropertyDescriptors for class [org.springframework.context.annotation.CommonAnnotationBeanPostProcessor]
12:00:14.620 [main] TRACE org.springframework.beans.CachedIntrospectionResults - Found bean property 'alwaysUseJndiLookup' of type [boolean]
12:00:14.620 [main] TRACE org.springframework.beans.CachedIntrospectionResults - Found bean property 'beanFactory' of type [org.springframework.beans.factory.BeanFactory]
12:00:14.620 [main] TRACE org.springframework.beans.CachedIntrospectionResults - Found bean property 'class' of type [java.lang.Class]
12:00:14.620 [main] TRACE org.springframework.beans.CachedIntrospectionResults - Found bean property 'destroyAnnotationType' of type [java.lang.Class]
12:00:14.621 [main] TRACE org.springframework.beans.CachedIntrospectionResults - Found bean property 'fallbackToDefaultTypeMatch' of type [boolean]
12:00:14.622 [main] TRACE org.springframework.beans.CachedIntrospectionResults - Found bean property 'initAnnotationType' of type [java.lang.Class]
12:00:14.622 [main] TRACE org.springframework.beans.CachedIntrospectionResults - Found bean property 'jndiFactory' of type [org.springframework.beans.factory.BeanFactory]
12:00:14.622 [main] TRACE org.springframework.beans.CachedIntrospectionResults - Found bean property 'order' of type [int]
12:00:14.622 [main] TRACE org.springframework.beans.CachedIntrospectionResults - Found bean property 'resourceFactory' of type [org.springframework.beans.factory.BeanFactory]
12:00:14.624 [main] DEBUG org.springframework.beans.factory.support.DefaultListableBeanFactory - Finished creating instance of bean 'org.springframework.context.annotation.internalCommonAnnotationProcessor'
12:00:14.624 [main] DEBUG org.springframework.beans.factory.support.DefaultListableBeanFactory - Creating shared instance of singleton bean 'org.springframework.context.annotation.internalPersistenceAnnotationProcessor'
12:00:14.624 [main] DEBUG org.springframework.beans.factory.support.DefaultListableBeanFactory - Creating instance of bean 'org.springframework.context.annotation.internalPersistenceAnnotationProcessor'
12:00:14.624 [main] DEBUG org.springframework.beans.factory.support.DefaultListableBeanFactory - Eagerly caching bean 'org.springframework.context.annotation.internalPersistenceAnnotationProcessor' to allow for resolving potential circular references
12:00:14.624 [main] TRACE org.springframework.beans.CachedIntrospectionResults - Getting BeanInfo for class [org.springframework.orm.jpa.support.PersistenceAnnotationBeanPostProcessor]
12:00:14.625 [main] TRACE org.springframework.beans.CachedIntrospectionResults - Caching PropertyDescriptors for class [org.springframework.orm.jpa.support.PersistenceAnnotationBeanPostProcessor]
12:00:14.625 [main] TRACE org.springframework.beans.CachedIntrospectionResults - Found bean property 'beanFactory' of type [org.springframework.beans.factory.BeanFactory]
12:00:14.626 [main] TRACE org.springframework.beans.CachedIntrospectionResults - Found bean property 'class' of type [java.lang.Class]
12:00:14.626 [main] TRACE org.springframework.beans.CachedIntrospectionResults - Found bean property 'defaultPersistenceUnitName' of type [java.lang.String]
12:00:14.626 [main] TRACE org.springframework.beans.CachedIntrospectionResults - Found bean property 'extendedPersistenceContexts' of type [java.util.Map]
12:00:14.626 [main] TRACE org.springframework.beans.CachedIntrospectionResults - Found bean property 'jndiEnvironment' of type [java.util.Properties]
12:00:14.626 [main] TRACE org.springframework.beans.CachedIntrospectionResults - Found bean property 'jndiTemplate' of type [java.lang.Object]
12:00:14.626 [main] TRACE org.springframework.beans.CachedIntrospectionResults - Found bean property 'order' of type [int]
12:00:14.626 [main] TRACE org.springframework.beans.CachedIntrospectionResults - Found bean property 'persistenceContexts' of type [java.util.Map]
12:00:14.626 [main] TRACE org.springframework.beans.CachedIntrospectionResults - Found bean property 'persistenceUnits' of type [java.util.Map]
12:00:14.627 [main] TRACE org.springframework.beans.CachedIntrospectionResults - Found bean property 'resourceRef' of type [boolean]
12:00:14.628 [main] DEBUG org.springframework.beans.factory.support.DefaultListableBeanFactory - Finished creating instance of bean 'org.springframework.context.annotation.internalPersistenceAnnotationProcessor'
12:00:14.628 [main] DEBUG org.springframework.beans.factory.support.DefaultListableBeanFactory - Creating shared instance of singleton bean 'org.springframework.aop.config.internalAutoProxyCreator'
12:00:14.628 [main] DEBUG org.springframework.beans.factory.support.DefaultListableBeanFactory - Creating instance of bean 'org.springframework.aop.config.internalAutoProxyCreator'
12:00:14.636 [main] DEBUG org.springframework.beans.factory.support.DefaultListableBeanFactory - Eagerly caching bean 'org.springframework.aop.config.internalAutoProxyCreator' to allow for resolving potential circular references
12:00:14.637 [main] TRACE org.springframework.beans.CachedIntrospectionResults - Getting BeanInfo for class [org.springframework.aop.framework.autoproxy.InfrastructureAdvisorAutoProxyCreator]
12:00:14.640 [main] TRACE org.springframework.beans.CachedIntrospectionResults - Caching PropertyDescriptors for class [org.springframework.aop.framework.autoproxy.InfrastructureAdvisorAutoProxyCreator]
12:00:14.641 [main] TRACE org.springframework.beans.CachedIntrospectionResults - Found bean property 'advisorAdapterRegistry' of type [org.springframework.aop.framework.adapter.AdvisorAdapterRegistry]
12:00:14.641 [main] TRACE org.springframework.beans.CachedIntrospectionResults - Found bean property 'applyCommonInterceptorsFirst' of type [boolean]
12:00:14.641 [main] TRACE org.springframework.beans.CachedIntrospectionResults - Found bean property 'beanClassLoader' of type [java.lang.ClassLoader]
12:00:14.641 [main] TRACE org.springframework.beans.CachedIntrospectionResults - Found bean property 'beanFactory' of type [org.springframework.beans.factory.BeanFactory]
12:00:14.641 [main] TRACE org.springframework.beans.CachedIntrospectionResults - Found bean property 'class' of type [java.lang.Class]
12:00:14.641 [main] TRACE org.springframework.beans.CachedIntrospectionResults - Found bean property 'customTargetSourceCreators' of type [[Lorg.springframework.aop.framework.autoproxy.TargetSourceCreator;]
12:00:14.641 [main] TRACE org.springframework.beans.CachedIntrospectionResults - Found bean property 'exposeProxy' of type [boolean]
12:00:14.642 [main] TRACE org.springframework.beans.CachedIntrospectionResults - Found bean property 'frozen' of type [boolean]
12:00:14.642 [main] TRACE org.springframework.beans.CachedIntrospectionResults - Found bean property 'interceptorNames' of type [[Ljava.lang.String;]
12:00:14.642 [main] TRACE org.springframework.beans.CachedIntrospectionResults - Found bean property 'opaque' of type [boolean]
12:00:14.642 [main] TRACE org.springframework.beans.CachedIntrospectionResults - Found bean property 'optimize' of type [boolean]
12:00:14.642 [main] TRACE org.springframework.beans.CachedIntrospectionResults - Found bean property 'order' of type [int]
12:00:14.642 [main] TRACE org.springframework.beans.CachedIntrospectionResults - Found bean property 'proxyClassLoader' of type [java.lang.ClassLoader]
12:00:14.642 [main] TRACE org.springframework.beans.CachedIntrospectionResults - Found bean property 'proxyTargetClass' of type [boolean]
12:00:14.650 [main] DEBUG org.springframework.beans.factory.support.DefaultListableBeanFactory - Finished creating instance of bean 'org.springframework.aop.config.internalAutoProxyCreator'
12:00:14.655 [main] DEBUG org.springframework.beans.factory.support.DefaultListableBeanFactory - Creating shared instance of singleton bean 'messageSource'
12:00:14.655 [main] DEBUG org.springframework.beans.factory.support.DefaultListableBeanFactory - Creating instance of bean 'messageSource'
12:00:14.665 [main] DEBUG org.springframework.beans.factory.support.DefaultListableBeanFactory - Creating shared instance of singleton bean 'appConfig'
12:00:14.665 [main] DEBUG org.springframework.beans.factory.support.DefaultListableBeanFactory - Creating instance of bean 'appConfig'
12:00:14.666 [main] DEBUG org.springframework.beans.factory.support.DefaultListableBeanFactory - Eagerly caching bean 'appConfig' to allow for resolving potential circular references
12:00:14.666 [main] TRACE org.springframework.beans.CachedIntrospectionResults - Getting BeanInfo for class [com.soft.config.AppConfig$$EnhancerBySpringCGLIB$$23b90af4]
12:00:14.669 [main] TRACE org.springframework.beans.CachedIntrospectionResults - Caching PropertyDescriptors for class [com.soft.config.AppConfig$$EnhancerBySpringCGLIB$$23b90af4]
12:00:14.669 [main] TRACE org.springframework.beans.CachedIntrospectionResults - Found bean property 'applicationContext' of type [org.springframework.context.ApplicationContext]
12:00:14.669 [main] TRACE org.springframework.beans.CachedIntrospectionResults - Found bean property 'beanFactory' of type [org.springframework.beans.factory.BeanFactory]
12:00:14.669 [main] TRACE org.springframework.beans.CachedIntrospectionResults - Found bean property 'class' of type [java.lang.Class]
12:00:14.669 [main] TRACE org.springframework.beans.CachedIntrospectionResults - Found bean property 'messageCodesResolver' of type [org.springframework.validation.MessageCodesResolver]
12:00:14.670 [main] TRACE org.springframework.beans.CachedIntrospectionResults - Found bean property 'sessionLocaleResolver' of type [org.springframework.web.servlet.i18n.SessionLocaleResolver]
12:00:14.670 [main] TRACE org.springframework.beans.CachedIntrospectionResults - Found bean property 'validator' of type [org.springframework.validation.Validator]
12:00:14.671 [main] DEBUG org.springframework.beans.factory.support.DefaultListableBeanFactory - Creating shared instance of singleton bean 'org.springframework.transaction.config.internalTransactionAdvisor'
12:00:14.672 [main] DEBUG org.springframework.beans.factory.support.DefaultListableBeanFactory - Creating instance of bean 'org.springframework.transaction.config.internalTransactionAdvisor'
12:00:14.672 [main] TRACE org.springframework.aop.framework.autoproxy.InfrastructureAdvisorAutoProxyCreator - Did not attempt to auto-proxy infrastructure class [org.springframework.transaction.interceptor.BeanFactoryTransactionAttributeSourceAdvisor]
12:00:14.672 [main] DEBUG org.springframework.beans.factory.support.DefaultListableBeanFactory - Creating shared instance of singleton bean 'org.springframework.transaction.annotation.ProxyTransactionManagementConfiguration'
12:00:14.672 [main] DEBUG org.springframework.beans.factory.support.DefaultListableBeanFactory - Creating instance of bean 'org.springframework.transaction.annotation.ProxyTransactionManagementConfiguration'
12:00:14.673 [main] TRACE org.springframework.beans.CachedIntrospectionResults - Getting BeanInfo for class [org.springframework.transaction.annotation.ProxyTransactionManagementConfiguration$$EnhancerBySpringCGLIB$$aed87a41]
12:00:14.675 [main] TRACE org.springframework.beans.CachedIntrospectionResults - Caching PropertyDescriptors for class [org.springframework.transaction.annotation.ProxyTransactionManagementConfiguration$$EnhancerBySpringCGLIB$$aed87a41]
12:00:14.675 [main] TRACE org.springframework.beans.CachedIntrospectionResults - Found bean property 'beanFactory' of type [org.springframework.beans.factory.BeanFactory]
12:00:14.675 [main] TRACE org.springframework.beans.CachedIntrospectionResults - Found bean property 'class' of type [java.lang.Class]
12:00:14.676 [main] TRACE org.springframework.beans.CachedIntrospectionResults - Found bean property 'importMetadata' of type [org.springframework.core.type.AnnotationMetadata]
12:00:14.677 [main] DEBUG org.springframework.beans.factory.annotation.InjectionMetadata - Registered injected element on class [org.springframework.transaction.annotation.ProxyTransactionManagementConfiguration$$EnhancerBySpringCGLIB$$aed87a41]: AutowiredMethodElement for void org.springframework.transaction.annotation.AbstractTransactionManagementConfiguration.setConfigurers(java.util.Collection)
12:00:14.677 [main] DEBUG org.springframework.beans.factory.support.DefaultListableBeanFactory - Eagerly caching bean 'org.springframework.transaction.annotation.ProxyTransactionManagementConfiguration' to allow for resolving potential circular references
12:00:14.678 [main] DEBUG org.springframework.beans.factory.annotation.InjectionMetadata - Processing injected element of bean 'org.springframework.transaction.annotation.ProxyTransactionManagementConfiguration': AutowiredMethodElement for void org.springframework.transaction.annotation.AbstractTransactionManagementConfiguration.setConfigurers(java.util.Collection)
12:00:14.680 [main] DEBUG org.springframework.beans.factory.support.DefaultListableBeanFactory - Returning cached instance of singleton bean 'org.springframework.context.annotation.ConfigurationClassPostProcessor.importRegistry'
12:00:14.680 [main] DEBUG org.springframework.aop.framework.autoproxy.BeanFactoryAdvisorRetrievalHelper - Skipping currently created advisor 'org.springframework.transaction.config.internalTransactionAdvisor'
12:00:14.681 [main] DEBUG org.springframework.beans.factory.support.DefaultListableBeanFactory - Finished creating instance of bean 'org.springframework.transaction.annotation.ProxyTransactionManagementConfiguration'
12:00:14.692 [main] DEBUG org.springframework.beans.factory.support.DefaultListableBeanFactory - Creating shared instance of singleton bean 'transactionAttributeSource'
12:00:14.693 [main] DEBUG org.springframework.beans.factory.support.DefaultListableBeanFactory - Creating instance of bean 'transactionAttributeSource'
12:00:14.693 [main] DEBUG org.springframework.beans.factory.support.DefaultListableBeanFactory - Returning cached instance of singleton bean 'org.springframework.transaction.annotation.ProxyTransactionManagementConfiguration'
12:00:14.694 [main] DEBUG org.springframework.beans.factory.support.DefaultListableBeanFactory - Eagerly caching bean 'transactionAttributeSource' to allow for resolving potential circular references
12:00:14.694 [main] TRACE org.springframework.beans.CachedIntrospectionResults - Getting BeanInfo for class [org.springframework.transaction.annotation.AnnotationTransactionAttributeSource]
12:00:14.695 [main] TRACE org.springframework.beans.CachedIntrospectionResults - Caching PropertyDescriptors for class [org.springframework.transaction.annotation.AnnotationTransactionAttributeSource]
12:00:14.696 [main] TRACE org.springframework.beans.CachedIntrospectionResults - Found bean property 'class' of type [java.lang.Class]
12:00:14.701 [main] DEBUG org.springframework.aop.framework.autoproxy.BeanFactoryAdvisorRetrievalHelper - Skipping currently created advisor 'org.springframework.transaction.config.internalTransactionAdvisor'
12:00:14.701 [main] DEBUG org.springframework.beans.factory.support.DefaultListableBeanFactory - Finished creating instance of bean 'transactionAttributeSource'
12:00:14.702 [main] DEBUG org.springframework.beans.factory.support.DefaultListableBeanFactory - Creating shared instance of singleton bean 'transactionInterceptor'
12:00:14.702 [main] DEBUG org.springframework.beans.factory.support.DefaultListableBeanFactory - Creating instance of bean 'transactionInterceptor'
12:00:14.703 [main] TRACE org.springframework.aop.framework.autoproxy.InfrastructureAdvisorAutoProxyCreator - Did not attempt to auto-proxy infrastructure class [org.springframework.transaction.interceptor.TransactionInterceptor]
12:00:14.703 [main] DEBUG org.springframework.beans.factory.support.DefaultListableBeanFactory - Returning cached instance of singleton bean 'org.springframework.transaction.annotation.ProxyTransactionManagementConfiguration'
12:00:14.705 [main] DEBUG org.springframework.beans.factory.support.DefaultListableBeanFactory - Returning cached instance of singleton bean 'transactionAttributeSource'
12:00:14.709 [main] DEBUG org.springframework.beans.factory.support.DefaultListableBeanFactory - Eagerly caching bean 'transactionInterceptor' to allow for resolving potential circular references
12:00:14.710 [main] TRACE org.springframework.beans.CachedIntrospectionResults - Getting BeanInfo for class [org.springframework.transaction.interceptor.TransactionInterceptor]
12:00:14.711 [main] TRACE org.springframework.beans.CachedIntrospectionResults - Caching PropertyDescriptors for class [org.springframework.transaction.interceptor.TransactionInterceptor]
12:00:14.711 [main] TRACE org.springframework.beans.CachedIntrospectionResults - Found bean property 'beanFactory' of type [org.springframework.beans.factory.BeanFactory]
12:00:14.711 [main] TRACE org.springframework.beans.CachedIntrospectionResults - Found bean property 'class' of type [java.lang.Class]
12:00:14.711 [main] TRACE org.springframework.beans.CachedIntrospectionResults - Found bean property 'transactionAttributeSource' of type [org.springframework.transaction.interceptor.TransactionAttributeSource]
12:00:14.712 [main] TRACE org.springframework.beans.CachedIntrospectionResults - Found bean property 'transactionAttributeSources' of type [[Lorg.springframework.transaction.interceptor.TransactionAttributeSource;]
12:00:14.712 [main] TRACE org.springframework.beans.CachedIntrospectionResults - Found bean property 'transactionAttributes' of type [java.util.Properties]
12:00:14.712 [main] TRACE org.springframework.beans.CachedIntrospectionResults - Found bean property 'transactionManager' of type [org.springframework.transaction.PlatformTransactionManager]
12:00:14.712 [main] TRACE org.springframework.beans.CachedIntrospectionResults - Found bean property 'transactionManagerBeanName' of type [java.lang.String]
12:00:14.713 [main] DEBUG org.springframework.beans.factory.support.DefaultListableBeanFactory - Invoking afterPropertiesSet() on bean with name 'transactionInterceptor'
12:00:14.713 [main] DEBUG org.springframework.beans.factory.support.DefaultListableBeanFactory - Finished creating instance of bean 'transactionInterceptor'
12:00:14.714 [main] DEBUG org.springframework.beans.factory.support.DefaultListableBeanFactory - Eagerly caching bean 'org.springframework.transaction.config.internalTransactionAdvisor' to allow for resolving potential circular references
12:00:14.714 [main] TRACE org.springframework.beans.CachedIntrospectionResults - Getting BeanInfo for class [org.springframework.transaction.interceptor.BeanFactoryTransactionAttributeSourceAdvisor]
12:00:14.716 [main] TRACE org.springframework.beans.CachedIntrospectionResults - Caching PropertyDescriptors for class [org.springframework.transaction.interceptor.BeanFactoryTransactionAttributeSourceAdvisor]
12:00:14.716 [main] TRACE org.springframework.beans.CachedIntrospectionResults - Found bean property 'advice' of type [org.aopalliance.aop.Advice]
12:00:14.716 [main] TRACE org.springframework.beans.CachedIntrospectionResults - Found bean property 'adviceBeanName' of type [java.lang.String]
12:00:14.716 [main] TRACE org.springframework.beans.CachedIntrospectionResults - Found bean property 'beanFactory' of type [org.springframework.beans.factory.BeanFactory]
12:00:14.716 [main] TRACE org.springframework.beans.CachedIntrospectionResults - Found bean property 'class' of type [java.lang.Class]
12:00:14.716 [main] TRACE org.springframework.beans.CachedIntrospectionResults - Found bean property 'classFilter' of type [org.springframework.aop.ClassFilter]
12:00:14.716 [main] TRACE org.springframework.beans.CachedIntrospectionResults - Found bean property 'order' of type [int]
12:00:14.716 [main] TRACE org.springframework.beans.CachedIntrospectionResults - Found bean property 'perInstance' of type [boolean]
12:00:14.716 [main] TRACE org.springframework.beans.CachedIntrospectionResults - Found bean property 'pointcut' of type [org.springframework.aop.Pointcut]
12:00:14.717 [main] TRACE org.springframework.beans.CachedIntrospectionResults - Found bean property 'transactionAttributeSource' of type [org.springframework.transaction.interceptor.TransactionAttributeSource]
12:00:14.718 [main] DEBUG org.springframework.beans.factory.support.DefaultListableBeanFactory - Finished creating instance of bean 'org.springframework.transaction.config.internalTransactionAdvisor'
12:00:14.722 [main] DEBUG org.springframework.beans.factory.support.DefaultListableBeanFactory - Finished creating instance of bean 'appConfig'
12:00:14.725 [main] DEBUG org.springframework.beans.factory.support.DefaultListableBeanFactory - Autowiring by type from bean name 'messageSource' via constructor to bean named 'appConfig'
12:00:14.727 [main] DEBUG org.springframework.beans.factory.annotation.InjectionMetadata - Registered injected element on class [com.soft.config.AppConfig$DBMessageSource]: AutowiredFieldElement for private com.soft.dao.EshopDAOImpl com.soft.config.AppConfig$DBMessageSource.eshopDaoImpl
12:00:14.727 [main] DEBUG org.springframework.beans.factory.support.DefaultListableBeanFactory - Eagerly caching bean 'messageSource' to allow for resolving potential circular references
12:00:14.727 [main] TRACE org.springframework.beans.CachedIntrospectionResults - Getting BeanInfo for class [com.soft.config.AppConfig$DBMessageSource]
12:00:14.729 [main] TRACE org.springframework.beans.CachedIntrospectionResults - Caching PropertyDescriptors for class [com.soft.config.AppConfig$DBMessageSource]
12:00:14.730 [main] TRACE org.springframework.beans.CachedIntrospectionResults - Found bean property 'alwaysUseMessageFormat' of type [boolean]
12:00:14.730 [main] TRACE org.springframework.beans.CachedIntrospectionResults - Found bean property 'class' of type [java.lang.Class]
12:00:14.730 [main] TRACE org.springframework.beans.CachedIntrospectionResults - Found bean property 'commonMessages' of type [java.util.Properties]
12:00:14.731 [main] TRACE org.springframework.beans.CachedIntrospectionResults - Found bean property 'parentMessageSource' of type [org.springframework.context.MessageSource]
12:00:14.731 [main] TRACE org.springframework.beans.CachedIntrospectionResults - Found bean property 'useCodeAsDefaultMessage' of type [boolean]
12:00:14.731 [main] DEBUG org.springframework.beans.factory.annotation.InjectionMetadata - Processing injected element of bean 'messageSource': AutowiredFieldElement for private com.soft.dao.EshopDAOImpl com.soft.config.AppConfig$DBMessageSource.eshopDaoImpl
12:00:14.734 [main] DEBUG org.springframework.beans.factory.support.DefaultListableBeanFactory - Creating shared instance of singleton bean 'DataSourceBean'
12:00:14.734 [main] DEBUG org.springframework.beans.factory.support.DefaultListableBeanFactory - Creating instance of bean 'DataSourceBean'
12:00:14.734 [main] DEBUG org.springframework.beans.factory.support.DefaultListableBeanFactory - Creating shared instance of singleton bean 'dataAccessConfig'
12:00:14.734 [main] DEBUG org.springframework.beans.factory.support.DefaultListableBeanFactory - Creating instance of bean 'dataAccessConfig'
12:00:14.735 [main] DEBUG org.springframework.beans.factory.support.DefaultListableBeanFactory - Eagerly caching bean 'dataAccessConfig' to allow for resolving potential circular references
12:00:14.735 [main] TRACE org.springframework.beans.CachedIntrospectionResults - Getting BeanInfo for class [com.soft.config.DataAccessConfig$$EnhancerBySpringCGLIB$$10c620ab]
12:00:14.736 [main] TRACE org.springframework.beans.CachedIntrospectionResults - Caching PropertyDescriptors for class [com.soft.config.DataAccessConfig$$EnhancerBySpringCGLIB$$10c620ab]
12:00:14.737 [main] TRACE org.springframework.beans.CachedIntrospectionResults - Found bean property 'beanFactory' of type [org.springframework.beans.factory.BeanFactory]
12:00:14.737 [main] TRACE org.springframework.beans.CachedIntrospectionResults - Found bean property 'class' of type [java.lang.Class]
12:00:14.737 [main] TRACE org.springframework.beans.CachedIntrospectionResults - Found bean property 'dataSource' of type [javax.sql.DataSource]
12:00:14.737 [main] TRACE org.springframework.beans.CachedIntrospectionResults - Found bean property 'devDataSource' of type [javax.sql.DataSource]
12:00:14.738 [main] DEBUG org.springframework.beans.factory.support.DefaultListableBeanFactory - Returning cached instance of singleton bean 'org.springframework.transaction.config.internalTransactionAdvisor'
12:00:14.739 [main] DEBUG org.springframework.beans.factory.support.DefaultListableBeanFactory - Finished creating instance of bean 'dataAccessConfig'
12:00:14.762 [main] DEBUG org.springframework.beans.factory.support.DefaultListableBeanFactory - Eagerly caching bean 'DataSourceBean' to allow for resolving potential circular references
12:00:14.762 [main] TRACE org.springframework.beans.CachedIntrospectionResults - Getting BeanInfo for class [org.apache.commons.dbcp2.BasicDataSource]
12:00:14.766 [main] TRACE org.springframework.beans.CachedIntrospectionResults - Caching PropertyDescriptors for class [org.apache.commons.dbcp2.BasicDataSource]
12:00:14.767 [main] TRACE org.springframework.beans.CachedIntrospectionResults - Found bean property 'abandonedLogWriter' of type [java.io.PrintWriter]
12:00:14.767 [main] TRACE org.springframework.beans.CachedIntrospectionResults - Found bean property 'abandonedUsageTracking' of type [boolean]
12:00:14.768 [main] TRACE org.springframework.beans.CachedIntrospectionResults - Found bean property 'accessToUnderlyingConnectionAllowed' of type [boolean]
12:00:14.768 [main] TRACE org.springframework.beans.CachedIntrospectionResults - Found bean property 'autoCommitOnReturn' of type [boolean]
12:00:14.768 [main] TRACE org.springframework.beans.CachedIntrospectionResults - Found bean property 'cacheState' of type [boolean]
12:00:14.768 [main] TRACE org.springframework.beans.CachedIntrospectionResults - Found bean property 'class' of type [java.lang.Class]
12:00:14.769 [main] TRACE org.springframework.beans.CachedIntrospectionResults - Found bean property 'closed' of type [boolean]
12:00:14.769 [main] TRACE org.springframework.beans.CachedIntrospectionResults - Found bean property 'connection' of type [java.sql.Connection]
12:00:14.769 [main] TRACE org.springframework.beans.CachedIntrospectionResults - Found bean property 'connectionFactoryClassName' of type [java.lang.String]
12:00:14.770 [main] TRACE org.springframework.beans.CachedIntrospectionResults - Found bean property 'connectionInitSqls' of type [java.util.List]
12:00:14.770 [main] TRACE org.springframework.beans.CachedIntrospectionResults - Found bean property 'connectionInitSqlsAsArray' of type [[Ljava.lang.String;]
12:00:14.770 [main] TRACE org.springframework.beans.CachedIntrospectionResults - Found bean property 'connectionProperties' of type [java.lang.String]
12:00:14.771 [main] TRACE org.springframework.beans.CachedIntrospectionResults - Found bean property 'defaultAutoCommit' of type [java.lang.Boolean]
12:00:14.773 [main] TRACE org.springframework.beans.CachedIntrospectionResults - Found bean property 'defaultCatalog' of type [java.lang.String]
12:00:14.773 [main] TRACE org.springframework.beans.CachedIntrospectionResults - Found bean property 'defaultQueryTimeout' of type [java.lang.Integer]
12:00:14.773 [main] TRACE org.springframework.beans.CachedIntrospectionResults - Found bean property 'defaultReadOnly' of type [java.lang.Boolean]
12:00:14.774 [main] TRACE org.springframework.beans.CachedIntrospectionResults - Found bean property 'defaultSchema' of type [java.lang.String]
12:00:14.774 [main] TRACE org.springframework.beans.CachedIntrospectionResults - Found bean property 'defaultTransactionIsolation' of type [int]
12:00:14.774 [main] TRACE org.springframework.beans.CachedIntrospectionResults - Found bean property 'disconnectionSqlCodes' of type [java.util.Set]
12:00:14.775 [main] TRACE org.springframework.beans.CachedIntrospectionResults - Found bean property 'disconnectionSqlCodesAsArray' of type [[Ljava.lang.String;]
12:00:14.775 [main] TRACE org.springframework.beans.CachedIntrospectionResults - Found bean property 'driver' of type [java.sql.Driver]
12:00:14.775 [main] TRACE org.springframework.beans.CachedIntrospectionResults - Found bean property 'driverClassLoader' of type [java.lang.ClassLoader]
12:00:14.775 [main] TRACE org.springframework.beans.CachedIntrospectionResults - Found bean property 'driverClassName' of type [java.lang.String]
12:00:14.776 [main] TRACE org.springframework.beans.CachedIntrospectionResults - Found bean property 'enableAutoCommitOnReturn' of type [boolean]
12:00:14.776 [main] TRACE org.springframework.beans.CachedIntrospectionResults - Found bean property 'evictionPolicyClassName' of type [java.lang.String]
12:00:14.776 [main] TRACE org.springframework.beans.CachedIntrospectionResults - Found bean property 'fastFailValidation' of type [boolean]
12:00:14.776 [main] TRACE org.springframework.beans.CachedIntrospectionResults - Found bean property 'initialSize' of type [int]
12:00:14.777 [main] TRACE org.springframework.beans.CachedIntrospectionResults - Found bean property 'jmxName' of type [java.lang.String]
12:00:14.777 [main] TRACE org.springframework.beans.CachedIntrospectionResults - Found bean property 'lifo' of type [boolean]
12:00:14.777 [main] TRACE org.springframework.beans.CachedIntrospectionResults - Found bean property 'logAbandoned' of type [boolean]
12:00:14.777 [main] TRACE org.springframework.beans.CachedIntrospectionResults - Found bean property 'logExpiredConnections' of type [boolean]
12:00:14.778 [main] TRACE org.springframework.beans.CachedIntrospectionResults - Found bean property 'logWriter' of type [java.io.PrintWriter]
12:00:14.778 [main] TRACE org.springframework.beans.CachedIntrospectionResults - Found bean property 'loginTimeout' of type [int]
12:00:14.778 [main] TRACE org.springframework.beans.CachedIntrospectionResults - Found bean property 'maxConnLifetimeMillis' of type [long]
12:00:14.778 [main] TRACE org.springframework.beans.CachedIntrospectionResults - Found bean property 'maxIdle' of type [int]
12:00:14.779 [main] TRACE org.springframework.beans.CachedIntrospectionResults - Found bean property 'maxOpenPreparedStatements' of type [int]
12:00:14.779 [main] TRACE org.springframework.beans.CachedIntrospectionResults - Found bean property 'maxTotal' of type [int]
12:00:14.779 [main] TRACE org.springframework.beans.CachedIntrospectionResults - Found bean property 'maxWaitMillis' of type [long]
12:00:14.779 [main] TRACE org.springframework.beans.CachedIntrospectionResults - Found bean property 'minEvictableIdleTimeMillis' of type [long]
12:00:14.780 [main] TRACE org.springframework.beans.CachedIntrospectionResults - Found bean property 'minIdle' of type [int]
12:00:14.780 [main] TRACE org.springframework.beans.CachedIntrospectionResults - Found bean property 'numActive' of type [int]
12:00:14.780 [main] TRACE org.springframework.beans.CachedIntrospectionResults - Found bean property 'numIdle' of type [int]
12:00:14.780 [main] TRACE org.springframework.beans.CachedIntrospectionResults - Found bean property 'numTestsPerEvictionRun' of type [int]
12:00:14.781 [main] TRACE org.springframework.beans.CachedIntrospectionResults - Found bean property 'parentLogger' of type [java.util.logging.Logger]
12:00:14.781 [main] TRACE org.springframework.beans.CachedIntrospectionResults - Found bean property 'password' of type [java.lang.String]
12:00:14.781 [main] TRACE org.springframework.beans.CachedIntrospectionResults - Found bean property 'poolPreparedStatements' of type [boolean]
12:00:14.781 [main] TRACE org.springframework.beans.CachedIntrospectionResults - Found bean property 'removeAbandonedOnBorrow' of type [boolean]
12:00:14.786 [main] TRACE org.springframework.beans.CachedIntrospectionResults - Found bean property 'removeAbandonedOnMaintenance' of type [boolean]
12:00:14.792 [main] TRACE org.springframework.beans.CachedIntrospectionResults - Found bean property 'removeAbandonedTimeout' of type [int]
12:00:14.792 [main] TRACE org.springframework.beans.CachedIntrospectionResults - Found bean property 'rollbackOnReturn' of type [boolean]
12:00:14.792 [main] TRACE org.springframework.beans.CachedIntrospectionResults - Found bean property 'softMinEvictableIdleTimeMillis' of type [long]
12:00:14.793 [main] TRACE org.springframework.beans.CachedIntrospectionResults - Found bean property 'testOnBorrow' of type [boolean]
12:00:14.793 [main] TRACE org.springframework.beans.CachedIntrospectionResults - Found bean property 'testOnCreate' of type [boolean]
12:00:14.793 [main] TRACE org.springframework.beans.CachedIntrospectionResults - Found bean property 'testOnReturn' of type [boolean]
12:00:14.793 [main] TRACE org.springframework.beans.CachedIntrospectionResults - Found bean property 'testWhileIdle' of type [boolean]
12:00:14.793 [main] TRACE org.springframework.beans.CachedIntrospectionResults - Found bean property 'timeBetweenEvictionRunsMillis' of type [long]
12:00:14.793 [main] TRACE org.springframework.beans.CachedIntrospectionResults - Found bean property 'url' of type [java.lang.String]
12:00:14.793 [main] TRACE org.springframework.beans.CachedIntrospectionResults - Found bean property 'username' of type [java.lang.String]
12:00:14.793 [main] TRACE org.springframework.beans.CachedIntrospectionResults - Found bean property 'validationQuery' of type [java.lang.String]
12:00:14.793 [main] TRACE org.springframework.beans.CachedIntrospectionResults - Found bean property 'validationQueryTimeout' of type [int]
12:00:14.795 [main] DEBUG org.springframework.beans.factory.support.DefaultListableBeanFactory - Returning cached instance of singleton bean 'org.springframework.transaction.config.internalTransactionAdvisor'
12:00:14.800 [main] DEBUG org.springframework.beans.factory.support.DefaultListableBeanFactory - Finished creating instance of bean 'DataSourceBean'
12:00:14.800 [main] DEBUG org.springframework.beans.factory.support.DefaultListableBeanFactory - Creating shared instance of singleton bean 'SessionFactory'
12:00:14.800 [main] DEBUG org.springframework.beans.factory.support.DefaultListableBeanFactory - Creating instance of bean 'SessionFactory'
12:00:14.800 [main] DEBUG org.springframework.beans.factory.support.DefaultListableBeanFactory - Returning cached instance of singleton bean 'dataAccessConfig'
12:00:14.803 [main] DEBUG org.springframework.beans.factory.support.DefaultListableBeanFactory - Returning cached instance of singleton bean 'DataSourceBean'
12:00:14.803 [main] DEBUG org.springframework.beans.factory.support.DefaultListableBeanFactory - Autowiring by type from bean name 'SessionFactory' via factory method to bean named 'DataSourceBean'
12:00:14.822 [main] DEBUG org.jboss.logging - Logging Provider: org.jboss.logging.Log4j2LoggerProvider
12:00:14.829 [main] DEBUG org.hibernate.integrator.internal.IntegratorServiceImpl - Adding Integrator [org.hibernate.cfg.beanvalidation.BeanValidationIntegrator].
12:00:14.830 [main] DEBUG org.hibernate.integrator.internal.IntegratorServiceImpl - Adding Integrator [org.hibernate.secure.spi.JaccIntegrator].
12:00:14.832 [main] DEBUG org.hibernate.integrator.internal.IntegratorServiceImpl - Adding Integrator [org.hibernate.cache.internal.CollectionCacheInvalidator].
12:00:14.837 [main] TRACE org.hibernate.boot.registry.selector.internal.StrategySelectorImpl - Registering named strategy selector [org.hibernate.dialect.Dialect] : [Cache71] -> [org.hibernate.dialect.Cache71Dialect]
12:00:14.838 [main] TRACE org.hibernate.boot.registry.selector.internal.StrategySelectorImpl - Registering named strategy selector [org.hibernate.dialect.Dialect] : [CUBRID] -> [org.hibernate.dialect.CUBRIDDialect]
12:00:14.839 [main] TRACE org.hibernate.boot.registry.selector.internal.StrategySelectorImpl - Registering named strategy selector [org.hibernate.dialect.Dialect] : [DB2] -> [org.hibernate.dialect.DB2Dialect]
12:00:14.839 [main] TRACE org.hibernate.boot.registry.selector.internal.StrategySelectorImpl - Registering named strategy selector [org.hibernate.dialect.Dialect] : [DB2390] -> [org.hibernate.dialect.DB2390Dialect]
12:00:14.840 [main] TRACE org.hibernate.boot.registry.selector.internal.StrategySelectorImpl - Registering named strategy selector [org.hibernate.dialect.Dialect] : [DB2390V8] -> [org.hibernate.dialect.DB2390V8Dialect]
12:00:14.840 [main] TRACE org.hibernate.boot.registry.selector.internal.StrategySelectorImpl - Registering named strategy selector [org.hibernate.dialect.Dialect] : [DB2400] -> [org.hibernate.dialect.DB2400Dialect]
12:00:14.841 [main] TRACE org.hibernate.boot.registry.selector.internal.StrategySelectorImpl - Registering named strategy selector [org.hibernate.dialect.Dialect] : [DerbyTenFive] -> [org.hibernate.dialect.DerbyTenFiveDialect]
12:00:14.841 [main] TRACE org.hibernate.boot.registry.selector.internal.StrategySelectorImpl - Registering named strategy selector [org.hibernate.dialect.Dialect] : [DerbyTenSix] -> [org.hibernate.dialect.DerbyTenSixDialect]
12:00:14.842 [main] TRACE org.hibernate.boot.registry.selector.internal.StrategySelectorImpl - Registering named strategy selector [org.hibernate.dialect.Dialect] : [DerbyTenSeven] -> [org.hibernate.dialect.DerbyTenSevenDialect]
12:00:14.842 [main] TRACE org.hibernate.boot.registry.selector.internal.StrategySelectorImpl - Registering named strategy selector [org.hibernate.dialect.Dialect] : [Firebird] -> [org.hibernate.dialect.FirebirdDialect]
12:00:14.842 [main] TRACE org.hibernate.boot.registry.selector.internal.StrategySelectorImpl - Registering named strategy selector [org.hibernate.dialect.Dialect] : [FrontBase] -> [org.hibernate.dialect.FrontBaseDialect]
12:00:14.843 [main] TRACE org.hibernate.boot.registry.selector.internal.StrategySelectorImpl - Registering named strategy selector [org.hibernate.dialect.Dialect] : [H2] -> [org.hibernate.dialect.H2Dialect]
12:00:14.844 [main] TRACE org.hibernate.boot.registry.selector.internal.StrategySelectorImpl - Registering named strategy selector [org.hibernate.dialect.Dialect] : [HANAColumnStore] -> [org.hibernate.dialect.HANAColumnStoreDialect]
12:00:14.844 [main] TRACE org.hibernate.boot.registry.selector.internal.StrategySelectorImpl - Registering named strategy selector [org.hibernate.dialect.Dialect] : [HANARowStore] -> [org.hibernate.dialect.HANARowStoreDialect]
12:00:14.845 [main] TRACE org.hibernate.boot.registry.selector.internal.StrategySelectorImpl - Registering named strategy selector [org.hibernate.dialect.Dialect] : [HSQL] -> [org.hibernate.dialect.HSQLDialect]
12:00:14.846 [main] TRACE org.hibernate.boot.registry.selector.internal.StrategySelectorImpl - Registering named strategy selector [org.hibernate.dialect.Dialect] : [Informix] -> [org.hibernate.dialect.InformixDialect]
12:00:14.846 [main] TRACE org.hibernate.boot.registry.selector.internal.StrategySelectorImpl - Registering named strategy selector [org.hibernate.dialect.Dialect] : [Ingres] -> [org.hibernate.dialect.IngresDialect]
12:00:14.847 [main] TRACE org.hibernate.boot.registry.selector.internal.StrategySelectorImpl - Registering named strategy selector [org.hibernate.dialect.Dialect] : [Ingres9] -> [org.hibernate.dialect.Ingres9Dialect]
12:00:14.847 [main] TRACE org.hibernate.boot.registry.selector.internal.StrategySelectorImpl - Registering named strategy selector [org.hibernate.dialect.Dialect] : [Ingres10] -> [org.hibernate.dialect.Ingres10Dialect]
12:00:14.847 [main] TRACE org.hibernate.boot.registry.selector.internal.StrategySelectorImpl - Registering named strategy selector [org.hibernate.dialect.Dialect] : [Interbase] -> [org.hibernate.dialect.InterbaseDialect]
12:00:14.847 [main] TRACE org.hibernate.boot.registry.selector.internal.StrategySelectorImpl - Registering named strategy selector [org.hibernate.dialect.Dialect] : [JDataStore] -> [org.hibernate.dialect.JDataStoreDialect]
12:00:14.848 [main] TRACE org.hibernate.boot.registry.selector.internal.StrategySelectorImpl - Registering named strategy selector [org.hibernate.dialect.Dialect] : [Mckoi] -> [org.hibernate.dialect.MckoiDialect]
12:00:14.848 [main] TRACE org.hibernate.boot.registry.selector.internal.StrategySelectorImpl - Registering named strategy selector [org.hibernate.dialect.Dialect] : [MimerSQL] -> [org.hibernate.dialect.MimerSQLDialect]
12:00:14.849 [main] TRACE org.hibernate.boot.registry.selector.internal.StrategySelectorImpl - Registering named strategy selector [org.hibernate.dialect.Dialect] : [MySQL5] -> [org.hibernate.dialect.MySQL5Dialect]
12:00:14.849 [main] TRACE org.hibernate.boot.registry.selector.internal.StrategySelectorImpl - Registering named strategy selector [org.hibernate.dialect.Dialect] : [MySQL5InnoDB] -> [org.hibernate.dialect.MySQL5InnoDBDialect]
12:00:14.850 [main] TRACE org.hibernate.boot.registry.selector.internal.StrategySelectorImpl - Registering named strategy selector [org.hibernate.dialect.Dialect] : [MySQL57InnoDB] -> [org.hibernate.dialect.MySQL57InnoDBDialect]
12:00:14.850 [main] TRACE org.hibernate.boot.registry.selector.internal.StrategySelectorImpl - Registering named strategy selector [org.hibernate.dialect.Dialect] : [MySQL57] -> [org.hibernate.dialect.MySQL57Dialect]
12:00:14.851 [main] TRACE org.hibernate.boot.registry.selector.internal.StrategySelectorImpl - Registering named strategy selector [org.hibernate.dialect.Dialect] : [Oracle8i] -> [org.hibernate.dialect.Oracle8iDialect]
12:00:14.855 [main] TRACE org.hibernate.boot.registry.selector.internal.StrategySelectorImpl - Registering named strategy selector [org.hibernate.dialect.Dialect] : [Oracle9i] -> [org.hibernate.dialect.Oracle9iDialect]
12:00:14.855 [main] TRACE org.hibernate.boot.registry.selector.internal.StrategySelectorImpl - Registering named strategy selector [org.hibernate.dialect.Dialect] : [Oracle10g] -> [org.hibernate.dialect.Oracle10gDialect]
12:00:14.857 [main] TRACE org.hibernate.boot.registry.selector.internal.StrategySelectorImpl - Registering named strategy selector [org.hibernate.dialect.Dialect] : [Pointbase] -> [org.hibernate.dialect.PointbaseDialect]
12:00:14.859 [main] TRACE org.hibernate.boot.registry.selector.internal.StrategySelectorImpl - Registering named strategy selector [org.hibernate.dialect.Dialect] : [PostgresPlus] -> [org.hibernate.dialect.PostgresPlusDialect]
12:00:14.859 [main] TRACE org.hibernate.boot.registry.selector.internal.StrategySelectorImpl - Registering named strategy selector [org.hibernate.dialect.Dialect] : [PostgreSQL81] -> [org.hibernate.dialect.PostgreSQL81Dialect]
12:00:14.859 [main] TRACE org.hibernate.boot.registry.selector.internal.StrategySelectorImpl - Registering named strategy selector [org.hibernate.dialect.Dialect] : [PostgreSQL82] -> [org.hibernate.dialect.PostgreSQL82Dialect]
12:00:14.859 [main] TRACE org.hibernate.boot.registry.selector.internal.StrategySelectorImpl - Registering named strategy selector [org.hibernate.dialect.Dialect] : [PostgreSQL9] -> [org.hibernate.dialect.PostgreSQL9Dialect]
12:00:14.860 [main] TRACE org.hibernate.boot.registry.selector.internal.StrategySelectorImpl - Registering named strategy selector [org.hibernate.dialect.Dialect] : [Progress] -> [org.hibernate.dialect.ProgressDialect]
12:00:14.860 [main] TRACE org.hibernate.boot.registry.selector.internal.StrategySelectorImpl - Registering named strategy selector [org.hibernate.dialect.Dialect] : [SAPDB] -> [org.hibernate.dialect.SAPDBDialect]
12:00:14.861 [main] TRACE org.hibernate.boot.registry.selector.internal.StrategySelectorImpl - Registering named strategy selector [org.hibernate.dialect.Dialect] : [SQLServer] -> [org.hibernate.dialect.SQLServerDialect]
12:00:14.861 [main] TRACE org.hibernate.boot.registry.selector.internal.StrategySelectorImpl - Registering named strategy selector [org.hibernate.dialect.Dialect] : [SQLServer2005] -> [org.hibernate.dialect.SQLServer2005Dialect]
12:00:14.862 [main] TRACE org.hibernate.boot.registry.selector.internal.StrategySelectorImpl - Registering named strategy selector [org.hibernate.dialect.Dialect] : [SQLServer2008] -> [org.hibernate.dialect.SQLServer2008Dialect]
12:00:14.862 [main] TRACE org.hibernate.boot.registry.selector.internal.StrategySelectorImpl - Registering named strategy selector [org.hibernate.dialect.Dialect] : [Sybase11] -> [org.hibernate.dialect.Sybase11Dialect]
12:00:14.863 [main] TRACE org.hibernate.boot.registry.selector.internal.StrategySelectorImpl - Registering named strategy selector [org.hibernate.dialect.Dialect] : [SybaseAnywhere] -> [org.hibernate.dialect.SybaseAnywhereDialect]
12:00:14.863 [main] TRACE org.hibernate.boot.registry.selector.internal.StrategySelectorImpl - Registering named strategy selector [org.hibernate.dialect.Dialect] : [SybaseASE15] -> [org.hibernate.dialect.SybaseASE15Dialect]
12:00:14.864 [main] TRACE org.hibernate.boot.registry.selector.internal.StrategySelectorImpl - Registering named strategy selector [org.hibernate.dialect.Dialect] : [SybaseASE157] -> [org.hibernate.dialect.SybaseASE157Dialect]
12:00:14.864 [main] TRACE org.hibernate.boot.registry.selector.internal.StrategySelectorImpl - Registering named strategy selector [org.hibernate.dialect.Dialect] : [Teradata] -> [org.hibernate.dialect.TeradataDialect]
12:00:14.865 [main] TRACE org.hibernate.boot.registry.selector.internal.StrategySelectorImpl - Registering named strategy selector [org.hibernate.dialect.Dialect] : [TimesTen] -> [org.hibernate.dialect.TimesTenDialect]
12:00:14.866 [main] TRACE org.hibernate.boot.registry.selector.internal.StrategySelectorImpl - Registering named strategy selector [org.hibernate.engine.transaction.jta.platform.spi.JtaPlatform] : [Borland] -> [org.hibernate.engine.transaction.jta.platform.internal.BorlandEnterpriseServerJtaPlatform]
12:00:14.866 [main] TRACE org.hibernate.boot.registry.selector.internal.StrategySelectorImpl - Registering named strategy selector [org.hibernate.engine.transaction.jta.platform.spi.JtaPlatform] : [org.hibernate.service.jta.platform.internal.BorlandEnterpriseServerJtaPlatform] -> [org.hibernate.engine.transaction.jta.platform.internal.BorlandEnterpriseServerJtaPlatform]
12:00:14.867 [main] TRACE org.hibernate.boot.registry.selector.internal.StrategySelectorImpl - Registering named strategy selector [org.hibernate.engine.transaction.jta.platform.spi.JtaPlatform] : [Bitronix] -> [org.hibernate.engine.transaction.jta.platform.internal.BitronixJtaPlatform]
12:00:14.867 [main] TRACE org.hibernate.boot.registry.selector.internal.StrategySelectorImpl - Registering named strategy selector [org.hibernate.engine.transaction.jta.platform.spi.JtaPlatform] : [org.hibernate.service.jta.platform.internal.BitronixJtaPlatform] -> [org.hibernate.engine.transaction.jta.platform.internal.BitronixJtaPlatform]
12:00:14.867 [main] TRACE org.hibernate.boot.registry.selector.internal.StrategySelectorImpl - Registering named strategy selector [org.hibernate.engine.transaction.jta.platform.spi.JtaPlatform] : [JBossAS] -> [org.hibernate.engine.transaction.jta.platform.internal.JBossAppServerJtaPlatform]
12:00:14.867 [main] TRACE org.hibernate.boot.registry.selector.internal.StrategySelectorImpl - Registering named strategy selector [org.hibernate.engine.transaction.jta.platform.spi.JtaPlatform] : [org.hibernate.service.jta.platform.internal.JBossAppServerJtaPlatform] -> [org.hibernate.engine.transaction.jta.platform.internal.JBossAppServerJtaPlatform]
12:00:14.868 [main] TRACE org.hibernate.boot.registry.selector.internal.StrategySelectorImpl - Registering named strategy selector [org.hibernate.engine.transaction.jta.platform.spi.JtaPlatform] : [JBossTS] -> [org.hibernate.engine.transaction.jta.platform.internal.JBossStandAloneJtaPlatform]
12:00:14.868 [main] TRACE org.hibernate.boot.registry.selector.internal.StrategySelectorImpl - Registering named strategy selector [org.hibernate.engine.transaction.jta.platform.spi.JtaPlatform] : [org.hibernate.service.jta.platform.internal.JBossStandAloneJtaPlatform] -> [org.hibernate.engine.transaction.jta.platform.internal.JBossStandAloneJtaPlatform]
12:00:14.868 [main] TRACE org.hibernate.boot.registry.selector.internal.StrategySelectorImpl - Registering named strategy selector [org.hibernate.engine.transaction.jta.platform.spi.JtaPlatform] : [JOnAS] -> [org.hibernate.engine.transaction.jta.platform.internal.JOnASJtaPlatform]
12:00:14.868 [main] TRACE org.hibernate.boot.registry.selector.internal.StrategySelectorImpl - Registering named strategy selector [org.hibernate.engine.transaction.jta.platform.spi.JtaPlatform] : [org.hibernate.service.jta.platform.internal.JOnASJtaPlatform] -> [org.hibernate.engine.transaction.jta.platform.internal.JOnASJtaPlatform]
12:00:14.869 [main] TRACE org.hibernate.boot.registry.selector.internal.StrategySelectorImpl - Registering named strategy selector [org.hibernate.engine.transaction.jta.platform.spi.JtaPlatform] : [JOTM] -> [org.hibernate.engine.transaction.jta.platform.internal.JOTMJtaPlatform]
12:00:14.869 [main] TRACE org.hibernate.boot.registry.selector.internal.StrategySelectorImpl - Registering named strategy selector [org.hibernate.engine.transaction.jta.platform.spi.JtaPlatform] : [org.hibernate.service.jta.platform.internal.JOTMJtaPlatform] -> [org.hibernate.engine.transaction.jta.platform.internal.JOTMJtaPlatform]
12:00:14.869 [main] TRACE org.hibernate.boot.registry.selector.internal.StrategySelectorImpl - Registering named strategy selector [org.hibernate.engine.transaction.jta.platform.spi.JtaPlatform] : [JRun4] -> [org.hibernate.engine.transaction.jta.platform.internal.JRun4JtaPlatform]
12:00:14.869 [main] TRACE org.hibernate.boot.registry.selector.internal.StrategySelectorImpl - Registering named strategy selector [org.hibernate.engine.transaction.jta.platform.spi.JtaPlatform] : [org.hibernate.service.jta.platform.internal.JRun4JtaPlatform] -> [org.hibernate.engine.transaction.jta.platform.internal.JRun4JtaPlatform]
12:00:14.869 [main] TRACE org.hibernate.boot.registry.selector.internal.StrategySelectorImpl - Registering named strategy selector [org.hibernate.engine.transaction.jta.platform.spi.JtaPlatform] : [OC4J] -> [org.hibernate.engine.transaction.jta.platform.internal.OC4JJtaPlatform]
12:00:14.870 [main] TRACE org.hibernate.boot.registry.selector.internal.StrategySelectorImpl - Registering named strategy selector [org.hibernate.engine.transaction.jta.platform.spi.JtaPlatform] : [org.hibernate.service.jta.platform.internal.OC4JJtaPlatform] -> [org.hibernate.engine.transaction.jta.platform.internal.OC4JJtaPlatform]
12:00:14.870 [main] TRACE org.hibernate.boot.registry.selector.internal.StrategySelectorImpl - Registering named strategy selector [org.hibernate.engine.transaction.jta.platform.spi.JtaPlatform] : [Orion] -> [org.hibernate.engine.transaction.jta.platform.internal.OrionJtaPlatform]
12:00:14.870 [main] TRACE org.hibernate.boot.registry.selector.internal.StrategySelectorImpl - Registering named strategy selector [org.hibernate.engine.transaction.jta.platform.spi.JtaPlatform] : [org.hibernate.service.jta.platform.internal.OrionJtaPlatform] -> [org.hibernate.engine.transaction.jta.platform.internal.OrionJtaPlatform]
12:00:14.870 [main] TRACE org.hibernate.boot.registry.selector.internal.StrategySelectorImpl - Registering named strategy selector [org.hibernate.engine.transaction.jta.platform.spi.JtaPlatform] : [Resin] -> [org.hibernate.engine.transaction.jta.platform.internal.ResinJtaPlatform]
12:00:14.871 [main] TRACE org.hibernate.boot.registry.selector.internal.StrategySelectorImpl - Registering named strategy selector [org.hibernate.engine.transaction.jta.platform.spi.JtaPlatform] : [org.hibernate.service.jta.platform.internal.ResinJtaPlatform] -> [org.hibernate.engine.transaction.jta.platform.internal.ResinJtaPlatform]
12:00:14.871 [main] TRACE org.hibernate.boot.registry.selector.internal.StrategySelectorImpl - Registering named strategy selector [org.hibernate.engine.transaction.jta.platform.spi.JtaPlatform] : [SapNetWeaver] -> [org.hibernate.engine.transaction.jta.platform.internal.SapNetWeaverJtaPlatform]
12:00:14.871 [main] TRACE org.hibernate.boot.registry.selector.internal.StrategySelectorImpl - Registering named strategy selector [org.hibernate.engine.transaction.jta.platform.spi.JtaPlatform] : [org.hibernate.service.jta.platform.internal.SapNetWeaverJtaPlatform] -> [org.hibernate.engine.transaction.jta.platform.internal.SapNetWeaverJtaPlatform]
12:00:14.871 [main] TRACE org.hibernate.boot.registry.selector.internal.StrategySelectorImpl - Registering named strategy selector [org.hibernate.engine.transaction.jta.platform.spi.JtaPlatform] : [SunOne] -> [org.hibernate.engine.transaction.jta.platform.internal.SunOneJtaPlatform]
12:00:14.871 [main] TRACE org.hibernate.boot.registry.selector.internal.StrategySelectorImpl - Registering named strategy selector [org.hibernate.engine.transaction.jta.platform.spi.JtaPlatform] : [org.hibernate.service.jta.platform.internal.SunOneJtaPlatform] -> [org.hibernate.engine.transaction.jta.platform.internal.SunOneJtaPlatform]
12:00:14.872 [main] TRACE org.hibernate.boot.registry.selector.internal.StrategySelectorImpl - Registering named strategy selector [org.hibernate.engine.transaction.jta.platform.spi.JtaPlatform] : [Weblogic] -> [org.hibernate.engine.transaction.jta.platform.internal.WeblogicJtaPlatform]
12:00:14.872 [main] TRACE org.hibernate.boot.registry.selector.internal.StrategySelectorImpl - Registering named strategy selector [org.hibernate.engine.transaction.jta.platform.spi.JtaPlatform] : [org.hibernate.service.jta.platform.internal.WeblogicJtaPlatform] -> [org.hibernate.engine.transaction.jta.platform.internal.WeblogicJtaPlatform]
12:00:14.872 [main] TRACE org.hibernate.boot.registry.selector.internal.StrategySelectorImpl - Registering named strategy selector [org.hibernate.engine.transaction.jta.platform.spi.JtaPlatform] : [WebSphereLiberty] -> [org.hibernate.engine.transaction.jta.platform.internal.WebSphereLibertyJtaPlatform]
12:00:14.872 [main] TRACE org.hibernate.boot.registry.selector.internal.StrategySelectorImpl - Registering named strategy selector [org.hibernate.engine.transaction.jta.platform.spi.JtaPlatform] : [org.hibernate.engine.transaction.jta.platform.internal.WebSphereLibertyJtaPlatform] -> [org.hibernate.engine.transaction.jta.platform.internal.WebSphereLibertyJtaPlatform]
12:00:14.873 [main] TRACE org.hibernate.boot.registry.selector.internal.StrategySelectorImpl - Registering named strategy selector [org.hibernate.engine.transaction.jta.platform.spi.JtaPlatform] : [WebSphere] -> [org.hibernate.engine.transaction.jta.platform.internal.WebSphereJtaPlatform]
12:00:14.873 [main] TRACE org.hibernate.boot.registry.selector.internal.StrategySelectorImpl - Registering named strategy selector [org.hibernate.engine.transaction.jta.platform.spi.JtaPlatform] : [org.hibernate.service.jta.platform.internal.WebSphereJtaPlatform] -> [org.hibernate.engine.transaction.jta.platform.internal.WebSphereJtaPlatform]
12:00:14.873 [main] TRACE org.hibernate.boot.registry.selector.internal.StrategySelectorImpl - Registering named strategy selector [org.hibernate.engine.transaction.jta.platform.spi.JtaPlatform] : [WebSphereExtended] -> [org.hibernate.engine.transaction.jta.platform.internal.WebSphereExtendedJtaPlatform]
12:00:14.873 [main] TRACE org.hibernate.boot.registry.selector.internal.StrategySelectorImpl - Registering named strategy selector [org.hibernate.engine.transaction.jta.platform.spi.JtaPlatform] : [org.hibernate.service.jta.platform.internal.WebSphereExtendedJtaPlatform] -> [org.hibernate.engine.transaction.jta.platform.internal.WebSphereExtendedJtaPlatform]
12:00:14.874 [main] TRACE org.hibernate.boot.registry.selector.internal.StrategySelectorImpl - Registering named strategy selector [org.hibernate.resource.transaction.spi.TransactionCoordinatorBuilder] : [jdbc] -> [org.hibernate.resource.transaction.backend.jdbc.internal.JdbcResourceLocalTransactionCoordinatorBuilderImpl]
12:00:14.874 [main] TRACE org.hibernate.boot.registry.selector.internal.StrategySelectorImpl - Registering named strategy selector [org.hibernate.resource.transaction.spi.TransactionCoordinatorBuilder] : [jta] -> [org.hibernate.resource.transaction.backend.jta.internal.JtaTransactionCoordinatorBuilderImpl]
12:00:14.874 [main] TRACE org.hibernate.boot.registry.selector.internal.StrategySelectorImpl - Registering named strategy selector [org.hibernate.resource.transaction.spi.TransactionCoordinatorBuilder] : [org.hibernate.transaction.JDBCTransactionFactory] -> [org.hibernate.resource.transaction.backend.jdbc.internal.JdbcResourceLocalTransactionCoordinatorBuilderImpl]
12:00:14.874 [main] TRACE org.hibernate.boot.registry.selector.internal.StrategySelectorImpl - Registering named strategy selector [org.hibernate.resource.transaction.spi.TransactionCoordinatorBuilder] : [org.hibernate.transaction.JTATransactionFactory] -> [org.hibernate.resource.transaction.backend.jta.internal.JtaTransactionCoordinatorBuilderImpl]
12:00:14.874 [main] TRACE org.hibernate.boot.registry.selector.internal.StrategySelectorImpl - Registering named strategy selector [org.hibernate.resource.transaction.spi.TransactionCoordinatorBuilder] : [org.hibernate.transaction.CMTTransactionFactory] -> [org.hibernate.resource.transaction.backend.jta.internal.JtaTransactionCoordinatorBuilderImpl]
12:00:14.875 [main] TRACE org.hibernate.boot.registry.selector.internal.StrategySelectorImpl - Registering named strategy selector [org.hibernate.hql.spi.id.MultiTableBulkIdStrategy] : [persistent] -> [org.hibernate.hql.spi.id.persistent.PersistentTableBulkIdStrategy]
12:00:14.876 [main] TRACE org.hibernate.boot.registry.selector.internal.StrategySelectorImpl - Registering named strategy selector [org.hibernate.hql.spi.id.MultiTableBulkIdStrategy] : [global_temporary] -> [org.hibernate.hql.spi.id.global.GlobalTemporaryTableBulkIdStrategy]
12:00:14.876 [main] TRACE org.hibernate.boot.registry.selector.internal.StrategySelectorImpl - Registering named strategy selector [org.hibernate.hql.spi.id.MultiTableBulkIdStrategy] : [local_temporary] -> [org.hibernate.hql.spi.id.local.LocalTemporaryTableBulkIdStrategy]
12:00:14.877 [main] TRACE org.hibernate.boot.registry.selector.internal.StrategySelectorImpl - Registering named strategy selector [org.hibernate.event.spi.EntityCopyObserver] : [disallow] -> [org.hibernate.event.internal.EntityCopyNotAllowedObserver]
12:00:14.877 [main] TRACE org.hibernate.boot.registry.selector.internal.StrategySelectorImpl - Registering named strategy selector [org.hibernate.event.spi.EntityCopyObserver] : [allow] -> [org.hibernate.event.internal.EntityCopyAllowedObserver]
12:00:14.878 [main] TRACE org.hibernate.boot.registry.selector.internal.StrategySelectorImpl - Registering named strategy selector [org.hibernate.event.spi.EntityCopyObserver] : [log] -> [org.hibernate.event.internal.EntityCopyAllowedLoggedObserver]
12:00:14.878 [main] TRACE org.hibernate.boot.registry.selector.internal.StrategySelectorImpl - Registering named strategy selector [org.hibernate.boot.model.naming.ImplicitNamingStrategy] : [default] -> [org.hibernate.boot.model.naming.ImplicitNamingStrategyJpaCompliantImpl]
12:00:14.878 [main] TRACE org.hibernate.boot.registry.selector.internal.StrategySelectorImpl - Registering named strategy selector [org.hibernate.boot.model.naming.ImplicitNamingStrategy] : [jpa] -> [org.hibernate.boot.model.naming.ImplicitNamingStrategyJpaCompliantImpl]
12:00:14.879 [main] TRACE org.hibernate.boot.registry.selector.internal.StrategySelectorImpl - Registering named strategy selector [org.hibernate.boot.model.naming.ImplicitNamingStrategy] : [legacy-jpa] -> [org.hibernate.boot.model.naming.ImplicitNamingStrategyLegacyJpaImpl]
12:00:14.879 [main] TRACE org.hibernate.boot.registry.selector.internal.StrategySelectorImpl - Registering named strategy selector [org.hibernate.boot.model.naming.ImplicitNamingStrategy] : [legacy-hbm] -> [org.hibernate.boot.model.naming.ImplicitNamingStrategyLegacyHbmImpl]
12:00:14.879 [main] TRACE org.hibernate.boot.registry.selector.internal.StrategySelectorImpl - Registering named strategy selector [org.hibernate.boot.model.naming.ImplicitNamingStrategy] : [component-path] -> [org.hibernate.boot.model.naming.ImplicitNamingStrategyComponentPathImpl]
12:00:14.880 [main] TRACE org.hibernate.boot.registry.selector.internal.StrategySelectorImpl - Registering named strategy selector [org.hibernate.cache.spi.CacheKeysFactory] : [default] -> [org.hibernate.cache.internal.DefaultCacheKeysFactory]
12:00:14.880 [main] TRACE org.hibernate.boot.registry.selector.internal.StrategySelectorImpl - Registering named strategy selector [org.hibernate.cache.spi.CacheKeysFactory] : [simple] -> [org.hibernate.cache.internal.SimpleCacheKeysFactory]
12:00:14.903 [main] INFO  org.hibernate.Version - HHH000412: Hibernate Core {5.2.13.Final}
12:00:14.904 [main] INFO  org.hibernate.cfg.Environment - HHH000206: hibernate.properties not found
12:00:14.912 [main] TRACE org.springframework.core.io.support.PathMatchingResourcePatternResolver - Resolved classpath location [com/soft/entity/] to resources [URL [file:/home/mihail/programs/project_mvn/eShop/eShop_repo/eshop/target/test-classes/com/soft/entity/], URL [file:/home/mihail/programs/project_mvn/eShop/eShop_repo/eshop/target/classes/com/soft/entity/]]
12:00:14.912 [main] TRACE org.springframework.core.io.support.PathMatchingResourcePatternResolver - Looking for matching resources in directory tree [/home/mihail/programs/project_mvn/eShop/eShop_repo/eshop/target/test-classes/com/soft/entity]
12:00:14.912 [main] TRACE org.springframework.core.io.support.PathMatchingResourcePatternResolver - Searching directory [/home/mihail/programs/project_mvn/eShop/eShop_repo/eshop/target/test-classes/com/soft/entity] for files matching pattern [/home/mihail/programs/project_mvn/eShop/eShop_repo/eshop/target/test-classes/com/soft/entity/**/*.class]
12:00:14.913 [main] TRACE org.springframework.core.io.support.PathMatchingResourcePatternResolver - Looking for matching resources in directory tree [/home/mihail/programs/project_mvn/eShop/eShop_repo/eshop/target/classes/com/soft/entity]
12:00:14.913 [main] TRACE org.springframework.core.io.support.PathMatchingResourcePatternResolver - Searching directory [/home/mihail/programs/project_mvn/eShop/eShop_repo/eshop/target/classes/com/soft/entity] for files matching pattern [/home/mihail/programs/project_mvn/eShop/eShop_repo/eshop/target/classes/com/soft/entity/**/*.class]
12:00:14.914 [main] TRACE org.springframework.core.io.support.PathMatchingResourcePatternResolver - Resolved location pattern [classpath*:com/soft/entity/**/*.class] to resources [file [/home/mihail/programs/project_mvn/eShop/eShop_repo/eshop/target/test-classes/com/soft/entity/CategoryEntityTest.class], file [/home/mihail/programs/project_mvn/eShop/eShop_repo/eshop/target/test-classes/com/soft/entity/LocaleMessageEntityTest.class], file [/home/mihail/programs/project_mvn/eShop/eShop_repo/eshop/target/test-classes/com/soft/entity/ProducerEntityTest.class], file [/home/mihail/programs/project_mvn/eShop/eShop_repo/eshop/target/test-classes/com/soft/entity/ResistorEntityTest.class], file [/home/mihail/programs/project_mvn/eShop/eShop_repo/eshop/target/test-classes/com/soft/entity/TransistorEntityTest.class], file [/home/mihail/programs/project_mvn/eShop/eShop_repo/eshop/target/classes/com/soft/entity/BaseEntity.class], file [/home/mihail/programs/project_mvn/eShop/eShop_repo/eshop/target/classes/com/soft/entity/CategoryEntity.class], file [/home/mihail/programs/project_mvn/eShop/eShop_repo/eshop/target/classes/com/soft/entity/LocaleMessageEntity.class], file [/home/mihail/programs/project_mvn/eShop/eShop_repo/eshop/target/classes/com/soft/entity/PersonEntity.class], file [/home/mihail/programs/project_mvn/eShop/eShop_repo/eshop/target/classes/com/soft/entity/ProducerEntity.class], file [/home/mihail/programs/project_mvn/eShop/eShop_repo/eshop/target/classes/com/soft/entity/ResistorEntity.class], file [/home/mihail/programs/project_mvn/eShop/eShop_repo/eshop/target/classes/com/soft/entity/TransistorEntity.class]]
12:00:14.918 [main] DEBUG org.hibernate.cfg.Configuration - Building session factory using internal StandardServiceRegistryBuilder
12:00:14.922 [main] DEBUG org.hibernate.service.spi.ServiceBinding - Overriding existing service binding [org.hibernate.secure.spi.JaccService]
12:00:14.922 [main] DEBUG org.hibernate.cfg.Configuration - Building session factory using provided StandardServiceRegistry
12:00:14.927 [main] TRACE org.hibernate.service.internal.AbstractServiceRegistryImpl - Initializing service [role=org.hibernate.engine.config.spi.ConfigurationService]
12:00:14.931 [main] TRACE org.hibernate.service.internal.AbstractServiceRegistryImpl - Initializing service [role=org.hibernate.cache.spi.RegionFactory]
12:00:14.940 [main] DEBUG org.hibernate.cache.internal.StrategyCreatorRegionFactoryImpl - RegionFactory impl [org.hibernate.cache.jcache.JCacheRegionFactory] did not provide constructor accepting Properties
12:00:14.941 [main] DEBUG org.hibernate.cache.internal.StrategyCreatorRegionFactoryImpl - RegionFactory impl [org.hibernate.cache.jcache.JCacheRegionFactory] did not provide constructor accepting Properties
12:00:14.941 [main] DEBUG org.hibernate.cache.internal.RegionFactoryInitiator - Cache region factory : org.hibernate.cache.jcache.JCacheRegionFactory
12:00:14.945 [main] INFO  org.hibernate.annotations.common.Version - HCANN000001: Hibernate Commons Annotations {5.0.1.Final}
12:00:14.949 [main] TRACE org.hibernate.service.internal.AbstractServiceRegistryImpl - Initializing service [role=org.hibernate.boot.cfgxml.spi.CfgXmlAccessService]
12:00:14.958 [main] DEBUG org.hibernate.type.BasicTypeRegistry - Adding type registration boolean -> org.hibernate.type.BooleanType@327120c8
12:00:14.959 [main] DEBUG org.hibernate.type.BasicTypeRegistry - Adding type registration boolean -> org.hibernate.type.BooleanType@327120c8
12:00:14.959 [main] DEBUG org.hibernate.type.BasicTypeRegistry - Adding type registration java.lang.Boolean -> org.hibernate.type.BooleanType@327120c8
12:00:14.959 [main] DEBUG org.hibernate.type.BasicTypeRegistry - Adding type registration numeric_boolean -> org.hibernate.type.NumericBooleanType@672f11c2
12:00:14.960 [main] DEBUG org.hibernate.type.BasicTypeRegistry - Adding type registration true_false -> org.hibernate.type.TrueFalseType@4fbdc0f0
12:00:14.960 [main] DEBUG org.hibernate.type.BasicTypeRegistry - Adding type registration yes_no -> org.hibernate.type.YesNoType@324c64cd
12:00:14.961 [main] DEBUG org.hibernate.type.BasicTypeRegistry - Adding type registration byte -> org.hibernate.type.ByteType@120f38e6
12:00:14.961 [main] DEBUG org.hibernate.type.BasicTypeRegistry - Adding type registration byte -> org.hibernate.type.ByteType@120f38e6
12:00:14.962 [main] DEBUG org.hibernate.type.BasicTypeRegistry - Adding type registration java.lang.Byte -> org.hibernate.type.ByteType@120f38e6
12:00:14.962 [main] DEBUG org.hibernate.type.BasicTypeRegistry - Adding type registration character -> org.hibernate.type.CharacterType@7646731d
12:00:14.963 [main] DEBUG org.hibernate.type.BasicTypeRegistry - Adding type registration char -> org.hibernate.type.CharacterType@7646731d
12:00:14.963 [main] DEBUG org.hibernate.type.BasicTypeRegistry - Adding type registration java.lang.Character -> org.hibernate.type.CharacterType@7646731d
12:00:14.963 [main] DEBUG org.hibernate.type.BasicTypeRegistry - Adding type registration short -> org.hibernate.type.ShortType@62da83ed
12:00:14.964 [main] DEBUG org.hibernate.type.BasicTypeRegistry - Adding type registration short -> org.hibernate.type.ShortType@62da83ed
12:00:14.964 [main] DEBUG org.hibernate.type.BasicTypeRegistry - Adding type registration java.lang.Short -> org.hibernate.type.ShortType@62da83ed
12:00:14.964 [main] DEBUG org.hibernate.type.BasicTypeRegistry - Adding type registration integer -> org.hibernate.type.IntegerType@71e9a896
12:00:14.964 [main] DEBUG org.hibernate.type.BasicTypeRegistry - Adding type registration int -> org.hibernate.type.IntegerType@71e9a896
12:00:14.965 [main] DEBUG org.hibernate.type.BasicTypeRegistry - Adding type registration java.lang.Integer -> org.hibernate.type.IntegerType@71e9a896
12:00:14.965 [main] DEBUG org.hibernate.type.BasicTypeRegistry - Adding type registration long -> org.hibernate.type.LongType@fac80
12:00:14.966 [main] DEBUG org.hibernate.type.BasicTypeRegistry - Adding type registration long -> org.hibernate.type.LongType@fac80
12:00:14.966 [main] DEBUG org.hibernate.type.BasicTypeRegistry - Adding type registration java.lang.Long -> org.hibernate.type.LongType@fac80
12:00:14.967 [main] DEBUG org.hibernate.type.BasicTypeRegistry - Adding type registration float -> org.hibernate.type.FloatType@6c4f9535
12:00:14.967 [main] DEBUG org.hibernate.type.BasicTypeRegistry - Adding type registration float -> org.hibernate.type.FloatType@6c4f9535
12:00:14.967 [main] DEBUG org.hibernate.type.BasicTypeRegistry - Adding type registration java.lang.Float -> org.hibernate.type.FloatType@6c4f9535
12:00:14.967 [main] DEBUG org.hibernate.type.BasicTypeRegistry - Adding type registration double -> org.hibernate.type.DoubleType@344344fa
12:00:14.968 [main] DEBUG org.hibernate.type.BasicTypeRegistry - Adding type registration double -> org.hibernate.type.DoubleType@344344fa
12:00:14.968 [main] DEBUG org.hibernate.type.BasicTypeRegistry - Adding type registration java.lang.Double -> org.hibernate.type.DoubleType@344344fa
12:00:14.969 [main] DEBUG org.hibernate.type.BasicTypeRegistry - Adding type registration big_decimal -> org.hibernate.type.BigDecimalType@7249dadf
12:00:14.969 [main] DEBUG org.hibernate.type.BasicTypeRegistry - Adding type registration java.math.BigDecimal -> org.hibernate.type.BigDecimalType@7249dadf
12:00:14.969 [main] DEBUG org.hibernate.type.BasicTypeRegistry - Adding type registration big_integer -> org.hibernate.type.BigIntegerType@750fe12e
12:00:14.969 [main] DEBUG org.hibernate.type.BasicTypeRegistry - Adding type registration java.math.BigInteger -> org.hibernate.type.BigIntegerType@750fe12e
12:00:14.970 [main] DEBUG org.hibernate.type.BasicTypeRegistry - Adding type registration string -> org.hibernate.type.StringType@63fd4873
12:00:14.970 [main] DEBUG org.hibernate.type.BasicTypeRegistry - Adding type registration java.lang.String -> org.hibernate.type.StringType@63fd4873
12:00:14.970 [main] DEBUG org.hibernate.type.BasicTypeRegistry - Adding type registration nstring -> org.hibernate.type.StringNVarcharType@6ab72419
12:00:14.971 [main] DEBUG org.hibernate.type.BasicTypeRegistry - Adding type registration ncharacter -> org.hibernate.type.CharacterNCharType@600b0b7
12:00:14.972 [main] DEBUG org.hibernate.type.BasicTypeRegistry - Adding type registration url -> org.hibernate.type.UrlType@1734f68
12:00:14.972 [main] DEBUG org.hibernate.type.BasicTypeRegistry - Adding type registration java.net.URL -> org.hibernate.type.UrlType@1734f68
12:00:14.973 [main] DEBUG org.hibernate.type.BasicTypeRegistry - Adding type registration Duration -> org.hibernate.type.DurationType@133e019b
12:00:14.973 [main] DEBUG org.hibernate.type.BasicTypeRegistry - Adding type registration java.time.Duration -> org.hibernate.type.DurationType@133e019b
12:00:14.986 [main] DEBUG org.hibernate.type.BasicTypeRegistry - Adding type registration Instant -> org.hibernate.type.InstantType@c41709a
12:00:14.986 [main] DEBUG org.hibernate.type.BasicTypeRegistry - Adding type registration java.time.Instant -> org.hibernate.type.InstantType@c41709a
12:00:14.987 [main] DEBUG org.hibernate.type.BasicTypeRegistry - Adding type registration LocalDateTime -> org.hibernate.type.LocalDateTimeType@2a551a63
12:00:14.987 [main] DEBUG org.hibernate.type.BasicTypeRegistry - Adding type registration java.time.LocalDateTime -> org.hibernate.type.LocalDateTimeType@2a551a63
12:00:14.988 [main] DEBUG org.hibernate.type.BasicTypeRegistry - Adding type registration LocalDate -> org.hibernate.type.LocalDateType@32f61a31
12:00:14.988 [main] DEBUG org.hibernate.type.BasicTypeRegistry - Adding type registration java.time.LocalDate -> org.hibernate.type.LocalDateType@32f61a31
12:00:14.989 [main] DEBUG org.hibernate.type.BasicTypeRegistry - Adding type registration LocalTime -> org.hibernate.type.LocalTimeType@344561e0
12:00:14.990 [main] DEBUG org.hibernate.type.BasicTypeRegistry - Adding type registration java.time.LocalTime -> org.hibernate.type.LocalTimeType@344561e0
12:00:14.990 [main] DEBUG org.hibernate.type.BasicTypeRegistry - Adding type registration OffsetDateTime -> org.hibernate.type.OffsetDateTimeType@251f7d26
12:00:14.991 [main] DEBUG org.hibernate.type.BasicTypeRegistry - Adding type registration java.time.OffsetDateTime -> org.hibernate.type.OffsetDateTimeType@251f7d26
12:00:14.991 [main] DEBUG org.hibernate.type.BasicTypeRegistry - Adding type registration OffsetTime -> org.hibernate.type.OffsetTimeType@781e7326
12:00:14.991 [main] DEBUG org.hibernate.type.BasicTypeRegistry - Adding type registration java.time.OffsetTime -> org.hibernate.type.OffsetTimeType@781e7326
12:00:14.993 [main] DEBUG org.hibernate.type.BasicTypeRegistry - Adding type registration ZonedDateTime -> org.hibernate.type.ZonedDateTimeType@22db8f4
12:00:14.993 [main] DEBUG org.hibernate.type.BasicTypeRegistry - Adding type registration java.time.ZonedDateTime -> org.hibernate.type.ZonedDateTimeType@22db8f4
12:00:14.994 [main] DEBUG org.hibernate.type.BasicTypeRegistry - Adding type registration date -> org.hibernate.type.DateType@2f40a43
12:00:14.994 [main] DEBUG org.hibernate.type.BasicTypeRegistry - Adding type registration java.sql.Date -> org.hibernate.type.DateType@2f40a43
12:00:14.995 [main] DEBUG org.hibernate.type.BasicTypeRegistry - Adding type registration time -> org.hibernate.type.TimeType@547e29a4
12:00:14.995 [main] DEBUG org.hibernate.type.BasicTypeRegistry - Adding type registration java.sql.Time -> org.hibernate.type.TimeType@547e29a4
12:00:14.996 [main] DEBUG org.hibernate.type.BasicTypeRegistry - Adding type registration timestamp -> org.hibernate.type.TimestampType@21680803
12:00:14.996 [main] DEBUG org.hibernate.type.BasicTypeRegistry - Adding type registration java.sql.Timestamp -> org.hibernate.type.TimestampType@21680803
12:00:14.996 [main] DEBUG org.hibernate.type.BasicTypeRegistry - Adding type registration java.util.Date -> org.hibernate.type.TimestampType@21680803
12:00:14.997 [main] DEBUG org.hibernate.type.BasicTypeRegistry - Adding type registration dbtimestamp -> org.hibernate.type.DbTimestampType@4cc61eb1
12:00:14.998 [main] DEBUG org.hibernate.type.BasicTypeRegistry - Adding type registration calendar -> org.hibernate.type.CalendarType@58a55449
12:00:14.998 [main] DEBUG org.hibernate.type.BasicTypeRegistry - Adding type registration java.util.Calendar -> org.hibernate.type.CalendarType@58a55449
12:00:14.998 [main] DEBUG org.hibernate.type.BasicTypeRegistry - Adding type registration java.util.GregorianCalendar -> org.hibernate.type.CalendarType@58a55449
12:00:14.999 [main] DEBUG org.hibernate.type.BasicTypeRegistry - Adding type registration calendar_date -> org.hibernate.type.CalendarDateType@58dea0a5
12:00:14.999 [main] DEBUG org.hibernate.type.BasicTypeRegistry - Adding type registration locale -> org.hibernate.type.LocaleType@7728643a
12:00:14.999 [main] DEBUG org.hibernate.type.BasicTypeRegistry - Adding type registration java.util.Locale -> org.hibernate.type.LocaleType@7728643a
12:00:15.000 [main] DEBUG org.hibernate.type.BasicTypeRegistry - Adding type registration currency -> org.hibernate.type.CurrencyType@2c444798
12:00:15.000 [main] DEBUG org.hibernate.type.BasicTypeRegistry - Adding type registration java.util.Currency -> org.hibernate.type.CurrencyType@2c444798
12:00:15.001 [main] DEBUG org.hibernate.type.BasicTypeRegistry - Adding type registration timezone -> org.hibernate.type.TimeZoneType@68ed96ca
12:00:15.001 [main] DEBUG org.hibernate.type.BasicTypeRegistry - Adding type registration java.util.TimeZone -> org.hibernate.type.TimeZoneType@68ed96ca
12:00:15.001 [main] DEBUG org.hibernate.type.BasicTypeRegistry - Adding type registration class -> org.hibernate.type.ClassType@255990cc
12:00:15.001 [main] DEBUG org.hibernate.type.BasicTypeRegistry - Adding type registration java.lang.Class -> org.hibernate.type.ClassType@255990cc
12:00:15.002 [main] DEBUG org.hibernate.type.BasicTypeRegistry - Adding type registration uuid-binary -> org.hibernate.type.UUIDBinaryType@7bdf6bb7
12:00:15.002 [main] DEBUG org.hibernate.type.BasicTypeRegistry - Adding type registration java.util.UUID -> org.hibernate.type.UUIDBinaryType@7bdf6bb7
12:00:15.003 [main] DEBUG org.hibernate.type.BasicTypeRegistry - Adding type registration uuid-char -> org.hibernate.type.UUIDCharType@47d93e0d
12:00:15.003 [main] DEBUG org.hibernate.type.BasicTypeRegistry - Adding type registration binary -> org.hibernate.type.BinaryType@4d0402b
12:00:15.003 [main] DEBUG org.hibernate.type.BasicTypeRegistry - Adding type registration byte[] -> org.hibernate.type.BinaryType@4d0402b
12:00:15.003 [main] DEBUG org.hibernate.type.BasicTypeRegistry - Adding type registration [B -> org.hibernate.type.BinaryType@4d0402b
12:00:15.004 [main] DEBUG org.hibernate.type.BasicTypeRegistry - Adding type registration wrapper-binary -> org.hibernate.type.WrapperBinaryType@60afd40d
12:00:15.004 [main] DEBUG org.hibernate.type.BasicTypeRegistry - Adding type registration Byte[] -> org.hibernate.type.WrapperBinaryType@60afd40d
12:00:15.004 [main] DEBUG org.hibernate.type.BasicTypeRegistry - Adding type registration [Ljava.lang.Byte; -> org.hibernate.type.WrapperBinaryType@60afd40d
12:00:15.005 [main] DEBUG org.hibernate.type.BasicTypeRegistry - Adding type registration row_version -> org.hibernate.type.RowVersionType@33a2499c
12:00:15.005 [main] DEBUG org.hibernate.type.BasicTypeRegistry - Adding type registration image -> org.hibernate.type.ImageType@24855019
12:00:15.006 [main] DEBUG org.hibernate.type.BasicTypeRegistry - Adding type registration characters -> org.hibernate.type.CharArrayType@3fabf088
12:00:15.007 [main] DEBUG org.hibernate.type.BasicTypeRegistry - Adding type registration char[] -> org.hibernate.type.CharArrayType@3fabf088
12:00:15.007 [main] DEBUG org.hibernate.type.BasicTypeRegistry - Adding type registration [C -> org.hibernate.type.CharArrayType@3fabf088
12:00:15.007 [main] DEBUG org.hibernate.type.BasicTypeRegistry - Adding type registration wrapper-characters -> org.hibernate.type.CharacterArrayType@7bd69e82
12:00:15.008 [main] DEBUG org.hibernate.type.BasicTypeRegistry - Adding type registration [Ljava.lang.Character; -> org.hibernate.type.CharacterArrayType@7bd69e82
12:00:15.008 [main] DEBUG org.hibernate.type.BasicTypeRegistry - Adding type registration Character[] -> org.hibernate.type.CharacterArrayType@7bd69e82
12:00:15.009 [main] DEBUG org.hibernate.type.BasicTypeRegistry - Adding type registration text -> org.hibernate.type.TextType@6b85300e
12:00:15.009 [main] DEBUG org.hibernate.type.BasicTypeRegistry - Adding type registration ntext -> org.hibernate.type.NTextType@1a38ba58
12:00:15.012 [main] DEBUG org.hibernate.type.BasicTypeRegistry - Adding type registration blob -> org.hibernate.type.BlobType@5af5def9
12:00:15.012 [main] DEBUG org.hibernate.type.BasicTypeRegistry - Adding type registration java.sql.Blob -> org.hibernate.type.BlobType@5af5def9
12:00:15.013 [main] DEBUG org.hibernate.type.BasicTypeRegistry - Adding type registration materialized_blob -> org.hibernate.type.MaterializedBlobType@47a64f7d
12:00:15.015 [main] DEBUG org.hibernate.type.BasicTypeRegistry - Adding type registration clob -> org.hibernate.type.ClobType@c20be82
12:00:15.015 [main] DEBUG org.hibernate.type.BasicTypeRegistry - Adding type registration java.sql.Clob -> org.hibernate.type.ClobType@c20be82
12:00:15.017 [main] DEBUG org.hibernate.type.BasicTypeRegistry - Adding type registration nclob -> org.hibernate.type.NClobType@63a5e46c
12:00:15.017 [main] DEBUG org.hibernate.type.BasicTypeRegistry - Adding type registration java.sql.NClob -> org.hibernate.type.NClobType@63a5e46c
12:00:15.017 [main] DEBUG org.hibernate.type.BasicTypeRegistry - Adding type registration materialized_clob -> org.hibernate.type.MaterializedClobType@271f18d3
12:00:15.018 [main] DEBUG org.hibernate.type.BasicTypeRegistry - Adding type registration materialized_nclob -> org.hibernate.type.MaterializedNClobType@51abf713
12:00:15.018 [main] DEBUG org.hibernate.type.BasicTypeRegistry - Adding type registration serializable -> org.hibernate.type.SerializableType@25243bc1
12:00:15.020 [main] DEBUG org.hibernate.type.BasicTypeRegistry - Adding type registration object -> org.hibernate.type.ObjectType@bae47a0
12:00:15.021 [main] DEBUG org.hibernate.type.BasicTypeRegistry - Adding type registration java.lang.Object -> org.hibernate.type.ObjectType@bae47a0
12:00:15.021 [main] DEBUG org.hibernate.type.BasicTypeRegistry - Adding type registration imm_date -> org.hibernate.type.AdaptedImmutableType@1c05a54d
12:00:15.021 [main] DEBUG org.hibernate.type.BasicTypeRegistry - Adding type registration imm_time -> org.hibernate.type.AdaptedImmutableType@65ef722a
12:00:15.021 [main] DEBUG org.hibernate.type.BasicTypeRegistry - Adding type registration imm_timestamp -> org.hibernate.type.AdaptedImmutableType@5fd9b663
12:00:15.021 [main] DEBUG org.hibernate.type.BasicTypeRegistry - Adding type registration imm_dbtimestamp -> org.hibernate.type.AdaptedImmutableType@214894fc
12:00:15.021 [main] DEBUG org.hibernate.type.BasicTypeRegistry - Adding type registration imm_calendar -> org.hibernate.type.AdaptedImmutableType@10567255
12:00:15.021 [main] DEBUG org.hibernate.type.BasicTypeRegistry - Adding type registration imm_calendar_date -> org.hibernate.type.AdaptedImmutableType@e362c57
12:00:15.021 [main] DEBUG org.hibernate.type.BasicTypeRegistry - Adding type registration imm_binary -> org.hibernate.type.AdaptedImmutableType@1c4ee95c
12:00:15.021 [main] DEBUG org.hibernate.type.BasicTypeRegistry - Adding type registration imm_serializable -> org.hibernate.type.AdaptedImmutableType@79c4715d
12:00:15.022 [main] TRACE org.hibernate.service.internal.AbstractServiceRegistryImpl - Initializing service [role=org.hibernate.engine.jdbc.spi.JdbcServices]
12:00:15.023 [main] TRACE org.hibernate.service.internal.AbstractServiceRegistryImpl - Initializing service [role=org.hibernate.engine.jdbc.env.spi.JdbcEnvironment]
12:00:15.023 [main] TRACE org.hibernate.service.internal.AbstractServiceRegistryImpl - Initializing service [role=org.hibernate.engine.jdbc.dialect.spi.DialectFactory]
12:00:15.023 [main] TRACE org.hibernate.service.internal.AbstractServiceRegistryImpl - Initializing service [role=org.hibernate.engine.jdbc.dialect.spi.DialectResolver]
12:00:15.026 [main] TRACE org.hibernate.service.internal.AbstractServiceRegistryImpl - Initializing service [role=org.hibernate.engine.jdbc.connections.spi.ConnectionProvider]
12:00:15.027 [main] TRACE org.hibernate.service.internal.AbstractServiceRegistryImpl - Initializing service [role=org.hibernate.engine.jndi.spi.JndiService]
12:00:15.248 [main] DEBUG org.hibernate.engine.jdbc.env.internal.JdbcEnvironmentInitiator - Database ->
       name : HSQL Database Engine
    version : 2.5.0
      major : 2
      minor : 5
12:00:15.249 [main] DEBUG org.hibernate.engine.jdbc.env.internal.JdbcEnvironmentInitiator - Driver ->
       name : HSQL Database Engine Driver
    version : 2.5.0
      major : 2
      minor : 5
12:00:15.249 [main] DEBUG org.hibernate.engine.jdbc.env.internal.JdbcEnvironmentInitiator - JDBC version : 4.2
12:00:15.256 [main] INFO  org.hibernate.dialect.Dialect - HHH000400: Using dialect: org.hibernate.dialect.HSQLDialect
12:00:15.275 [main] DEBUG org.hibernate.engine.jdbc.env.spi.IdentifierHelperBuilder - JDBC driver metadata reported database stores quoted identifiers in neither upper, lower nor mixed case
12:00:15.277 [main] TRACE org.hibernate.engine.jdbc.env.internal.NormalizingIdentifierHelperImpl - Normalizing identifier quoting [PUBLIC]
12:00:15.277 [main] TRACE org.hibernate.engine.jdbc.env.internal.NormalizingIdentifierHelperImpl - Normalizing identifier quoting [PUBLIC]
12:00:15.307 [main] TRACE org.hibernate.service.internal.AbstractServiceRegistryImpl - Initializing service [role=org.hibernate.id.factory.spi.MutableIdentifierGeneratorFactory]
12:00:15.309 [main] DEBUG org.hibernate.id.factory.internal.DefaultIdentifierGeneratorFactory - Registering IdentifierGenerator strategy [uuid2] -> [org.hibernate.id.UUIDGenerator]
12:00:15.309 [main] DEBUG org.hibernate.id.factory.internal.DefaultIdentifierGeneratorFactory - Registering IdentifierGenerator strategy [guid] -> [org.hibernate.id.GUIDGenerator]
12:00:15.310 [main] DEBUG org.hibernate.id.factory.internal.DefaultIdentifierGeneratorFactory - Registering IdentifierGenerator strategy [uuid] -> [org.hibernate.id.UUIDHexGenerator]
12:00:15.310 [main] DEBUG org.hibernate.id.factory.internal.DefaultIdentifierGeneratorFactory - Registering IdentifierGenerator strategy [uuid.hex] -> [org.hibernate.id.UUIDHexGenerator]
12:00:15.310 [main] DEBUG org.hibernate.id.factory.internal.DefaultIdentifierGeneratorFactory - Registering IdentifierGenerator strategy [assigned] -> [org.hibernate.id.Assigned]
12:00:15.311 [main] DEBUG org.hibernate.id.factory.internal.DefaultIdentifierGeneratorFactory - Registering IdentifierGenerator strategy [identity] -> [org.hibernate.id.IdentityGenerator]
12:00:15.311 [main] DEBUG org.hibernate.id.factory.internal.DefaultIdentifierGeneratorFactory - Registering IdentifierGenerator strategy [select] -> [org.hibernate.id.SelectGenerator]
12:00:15.313 [main] DEBUG org.hibernate.id.factory.internal.DefaultIdentifierGeneratorFactory - Registering IdentifierGenerator strategy [sequence] -> [org.hibernate.id.enhanced.SequenceStyleGenerator]
12:00:15.314 [main] DEBUG org.hibernate.id.factory.internal.DefaultIdentifierGeneratorFactory - Registering IdentifierGenerator strategy [seqhilo] -> [org.hibernate.id.SequenceHiLoGenerator]
12:00:15.315 [main] DEBUG org.hibernate.id.factory.internal.DefaultIdentifierGeneratorFactory - Registering IdentifierGenerator strategy [increment] -> [org.hibernate.id.IncrementGenerator]
12:00:15.315 [main] DEBUG org.hibernate.id.factory.internal.DefaultIdentifierGeneratorFactory - Registering IdentifierGenerator strategy [foreign] -> [org.hibernate.id.ForeignGenerator]
12:00:15.316 [main] DEBUG org.hibernate.id.factory.internal.DefaultIdentifierGeneratorFactory - Registering IdentifierGenerator strategy [sequence-identity] -> [org.hibernate.id.SequenceIdentityGenerator]
12:00:15.316 [main] DEBUG org.hibernate.id.factory.internal.DefaultIdentifierGeneratorFactory - Registering IdentifierGenerator strategy [enhanced-sequence] -> [org.hibernate.id.enhanced.SequenceStyleGenerator]
12:00:15.320 [main] DEBUG org.hibernate.id.factory.internal.DefaultIdentifierGeneratorFactory - Registering IdentifierGenerator strategy [enhanced-table] -> [org.hibernate.id.enhanced.TableGenerator]
12:00:15.341 [main] DEBUG org.hibernate.boot.model.relational.Namespace - Created database namespace [logicalName=Name{catalog=null, schema=null}, physicalName=Name{catalog=null, schema=null}]
12:00:15.360 [main] DEBUG org.hibernate.cfg.AnnotationBinder - Binding entity from annotated class: com.soft.entity.CategoryEntity
12:00:15.378 [main] TRACE org.hibernate.engine.jdbc.env.internal.NormalizingIdentifierHelperImpl - Normalizing identifier quoting [DTYPE]
12:00:15.378 [main] DEBUG org.hibernate.cfg.Ejb3Column - Binding column: Ejb3DiscriminatorColumn{logicalColumnName'DTYPE', discriminatorTypeName='string'}
12:00:15.382 [main] DEBUG org.hibernate.cfg.annotations.EntityBinder - Import with entity name CategoryEntity
12:00:15.382 [main] TRACE org.hibernate.boot.internal.InFlightMetadataCollectorImpl - Import: CategoryEntity -> com.soft.entity.CategoryEntity
12:00:15.382 [main] TRACE org.hibernate.boot.internal.InFlightMetadataCollectorImpl - Import: com.soft.entity.CategoryEntity -> com.soft.entity.CategoryEntity
12:00:15.383 [main] TRACE org.hibernate.engine.jdbc.env.internal.NormalizingIdentifierHelperImpl - Normalizing identifier quoting [category]
12:00:15.383 [main] TRACE org.hibernate.engine.jdbc.env.internal.NormalizingIdentifierHelperImpl - Normalizing identifier quoting [category]
12:00:15.386 [main] DEBUG org.hibernate.cfg.annotations.EntityBinder - Bind entity com.soft.entity.CategoryEntity on table category
12:00:15.397 [main] TRACE org.hibernate.cfg.AnnotationBinder - Processing annotations of com.soft.entity.CategoryEntity.id
12:00:15.399 [main] TRACE org.hibernate.engine.jdbc.env.internal.NormalizingIdentifierHelperImpl - Normalizing identifier quoting [category_id]
12:00:15.400 [main] TRACE org.hibernate.engine.jdbc.env.internal.NormalizingIdentifierHelperImpl - Normalizing identifier quoting [category_id]
12:00:15.401 [main] DEBUG org.hibernate.cfg.Ejb3Column - Binding column: Ejb3Column{table=org.hibernate.mapping.Table(category), mappingColumn=category_id, insertable=true, updatable=true, unique=false}
12:00:15.404 [main] DEBUG org.hibernate.cfg.annotations.PropertyBinder - MetadataSourceProcessor property id with lazy=false
12:00:15.406 [main] DEBUG org.hibernate.cfg.AbstractPropertyHolder - Attempting to locate auto-apply AttributeConverter for property [com.soft.entity.CategoryEntity:id]
12:00:15.406 [main] DEBUG org.hibernate.cfg.annotations.SimpleValueBinder - building SimpleValue for id
12:00:15.409 [main] TRACE org.hibernate.engine.jdbc.env.internal.NormalizingIdentifierHelperImpl - Normalizing identifier quoting [category_id]
12:00:15.411 [main] DEBUG org.hibernate.cfg.annotations.PropertyBinder - Building property id
12:00:15.414 [main] TRACE org.hibernate.cfg.annotations.PropertyBinder - Cascading id with null
12:00:15.414 [main] TRACE org.hibernate.cfg.AnnotationBinder - Add generic generator with name: increment
12:00:15.417 [main] TRACE org.hibernate.cfg.AnnotationBinder - Bind @Id on id
12:00:15.418 [main] TRACE org.hibernate.cfg.AnnotationBinder - Processing annotations of com.soft.entity.CategoryEntity.entityName
12:00:15.418 [main] TRACE org.hibernate.engine.jdbc.env.internal.NormalizingIdentifierHelperImpl - Normalizing identifier quoting [entity_name]
12:00:15.418 [main] TRACE org.hibernate.engine.jdbc.env.internal.NormalizingIdentifierHelperImpl - Normalizing identifier quoting [entity_name]
12:00:15.418 [main] DEBUG org.hibernate.cfg.Ejb3Column - Binding column: Ejb3Column{table=org.hibernate.mapping.Table(category), mappingColumn=entity_name, insertable=true, updatable=true, unique=false}
12:00:15.418 [main] DEBUG org.hibernate.cfg.annotations.PropertyBinder - MetadataSourceProcessor property entityName with lazy=false
12:00:15.418 [main] DEBUG org.hibernate.cfg.AbstractPropertyHolder - Attempting to locate auto-apply AttributeConverter for property [com.soft.entity.CategoryEntity:entityName]
12:00:15.418 [main] DEBUG org.hibernate.cfg.annotations.SimpleValueBinder - building SimpleValue for entityName
12:00:15.418 [main] TRACE org.hibernate.engine.jdbc.env.internal.NormalizingIdentifierHelperImpl - Normalizing identifier quoting [entity_name]
12:00:15.418 [main] DEBUG org.hibernate.cfg.annotations.PropertyBinder - Building property entityName
12:00:15.418 [main] TRACE org.hibernate.cfg.annotations.PropertyBinder - Cascading entityName with null
12:00:15.419 [main] TRACE org.hibernate.cfg.AnnotationBinder - Processing annotations of com.soft.entity.CategoryEntity.name
12:00:15.419 [main] TRACE org.hibernate.engine.jdbc.env.internal.NormalizingIdentifierHelperImpl - Normalizing identifier quoting [name]
12:00:15.419 [main] TRACE org.hibernate.engine.jdbc.env.internal.NormalizingIdentifierHelperImpl - Normalizing identifier quoting [name]
12:00:15.419 [main] DEBUG org.hibernate.cfg.Ejb3Column - Binding column: Ejb3Column{table=org.hibernate.mapping.Table(category), mappingColumn=name, insertable=true, updatable=true, unique=false}
12:00:15.420 [main] DEBUG org.hibernate.cfg.annotations.PropertyBinder - MetadataSourceProcessor property name with lazy=false
12:00:15.420 [main] DEBUG org.hibernate.cfg.AbstractPropertyHolder - Attempting to locate auto-apply AttributeConverter for property [com.soft.entity.CategoryEntity:name]
12:00:15.420 [main] DEBUG org.hibernate.cfg.annotations.SimpleValueBinder - building SimpleValue for name
12:00:15.420 [main] TRACE org.hibernate.engine.jdbc.env.internal.NormalizingIdentifierHelperImpl - Normalizing identifier quoting [name]
12:00:15.420 [main] DEBUG org.hibernate.cfg.annotations.PropertyBinder - Building property name
12:00:15.420 [main] TRACE org.hibernate.cfg.annotations.PropertyBinder - Cascading name with null
12:00:15.420 [main] TRACE org.hibernate.cfg.AnnotationBinder - Processing annotations of com.soft.entity.CategoryEntity.photo
12:00:15.420 [main] TRACE org.hibernate.engine.jdbc.env.internal.NormalizingIdentifierHelperImpl - Normalizing identifier quoting [photo]
12:00:15.420 [main] TRACE org.hibernate.engine.jdbc.env.internal.NormalizingIdentifierHelperImpl - Normalizing identifier quoting [photo]
12:00:15.420 [main] DEBUG org.hibernate.cfg.Ejb3Column - Binding column: Ejb3Column{table=org.hibernate.mapping.Table(category), mappingColumn=photo, insertable=true, updatable=true, unique=false}
12:00:15.421 [main] DEBUG org.hibernate.cfg.annotations.PropertyBinder - MetadataSourceProcessor property photo with lazy=false
12:00:15.422 [main] DEBUG org.hibernate.cfg.AbstractPropertyHolder - Attempting to locate auto-apply AttributeConverter for property [com.soft.entity.CategoryEntity:photo]
12:00:15.423 [main] DEBUG org.hibernate.cfg.annotations.SimpleValueBinder - building SimpleValue for photo
12:00:15.423 [main] TRACE org.hibernate.engine.jdbc.env.internal.NormalizingIdentifierHelperImpl - Normalizing identifier quoting [photo]
12:00:15.423 [main] DEBUG org.hibernate.cfg.annotations.PropertyBinder - Building property photo
12:00:15.423 [main] TRACE org.hibernate.cfg.annotations.PropertyBinder - Cascading photo with null
12:00:15.425 [main] DEBUG org.hibernate.cfg.AnnotationBinder - Binding entity from annotated class: com.soft.entity.LocaleMessageEntity
12:00:15.425 [main] TRACE org.hibernate.engine.jdbc.env.internal.NormalizingIdentifierHelperImpl - Normalizing identifier quoting [DTYPE]
12:00:15.425 [main] DEBUG org.hibernate.cfg.Ejb3Column - Binding column: Ejb3DiscriminatorColumn{logicalColumnName'DTYPE', discriminatorTypeName='string'}
12:00:15.425 [main] DEBUG org.hibernate.cfg.annotations.EntityBinder - Import with entity name LocaleMessageEntity
12:00:15.425 [main] TRACE org.hibernate.boot.internal.InFlightMetadataCollectorImpl - Import: LocaleMessageEntity -> com.soft.entity.LocaleMessageEntity
12:00:15.425 [main] TRACE org.hibernate.boot.internal.InFlightMetadataCollectorImpl - Import: com.soft.entity.LocaleMessageEntity -> com.soft.entity.LocaleMessageEntity
12:00:15.429 [main] TRACE org.hibernate.engine.jdbc.env.internal.NormalizingIdentifierHelperImpl - Normalizing identifier quoting [locale]
12:00:15.429 [main] TRACE org.hibernate.engine.jdbc.env.internal.NormalizingIdentifierHelperImpl - Normalizing identifier quoting [locale]
12:00:15.430 [main] DEBUG org.hibernate.cfg.annotations.EntityBinder - Bind entity com.soft.entity.LocaleMessageEntity on table locale
12:00:15.432 [main] TRACE org.hibernate.cfg.AnnotationBinder - Processing annotations of com.soft.entity.LocaleMessageEntity.id
12:00:15.432 [main] TRACE org.hibernate.engine.jdbc.env.internal.NormalizingIdentifierHelperImpl - Normalizing identifier quoting [ID]
12:00:15.432 [main] TRACE org.hibernate.engine.jdbc.env.internal.NormalizingIdentifierHelperImpl - Normalizing identifier quoting [ID]
12:00:15.432 [main] DEBUG org.hibernate.cfg.Ejb3Column - Binding column: Ejb3Column{table=org.hibernate.mapping.Table(locale), mappingColumn=ID, insertable=true, updatable=true, unique=false}
12:00:15.433 [main] DEBUG org.hibernate.cfg.annotations.PropertyBinder - MetadataSourceProcessor property id with lazy=false
12:00:15.433 [main] DEBUG org.hibernate.cfg.AbstractPropertyHolder - Attempting to locate auto-apply AttributeConverter for property [com.soft.entity.LocaleMessageEntity:id]
12:00:15.433 [main] DEBUG org.hibernate.cfg.annotations.SimpleValueBinder - building SimpleValue for id
12:00:15.433 [main] TRACE org.hibernate.engine.jdbc.env.internal.NormalizingIdentifierHelperImpl - Normalizing identifier quoting [ID]
12:00:15.433 [main] DEBUG org.hibernate.cfg.annotations.PropertyBinder - Building property id
12:00:15.434 [main] TRACE org.hibernate.cfg.annotations.PropertyBinder - Cascading id with null
12:00:15.434 [main] TRACE org.hibernate.cfg.AnnotationBinder - Add generic generator with name: increment
12:00:15.434 [main] TRACE org.hibernate.cfg.AnnotationBinder - Bind @Id on id
12:00:15.434 [main] TRACE org.hibernate.cfg.AnnotationBinder - Processing annotations of com.soft.entity.LocaleMessageEntity.locale
12:00:15.434 [main] TRACE org.hibernate.engine.jdbc.env.internal.NormalizingIdentifierHelperImpl - Normalizing identifier quoting [locale]
12:00:15.434 [main] TRACE org.hibernate.engine.jdbc.env.internal.NormalizingIdentifierHelperImpl - Normalizing identifier quoting [locale]
12:00:15.434 [main] DEBUG org.hibernate.cfg.Ejb3Column - Binding column: Ejb3Column{table=org.hibernate.mapping.Table(locale), mappingColumn=locale, insertable=true, updatable=true, unique=false}
12:00:15.434 [main] DEBUG org.hibernate.cfg.annotations.PropertyBinder - MetadataSourceProcessor property locale with lazy=false
12:00:15.436 [main] DEBUG org.hibernate.cfg.AbstractPropertyHolder - Attempting to locate auto-apply AttributeConverter for property [com.soft.entity.LocaleMessageEntity:locale]
12:00:15.436 [main] DEBUG org.hibernate.cfg.annotations.SimpleValueBinder - building SimpleValue for locale
12:00:15.436 [main] TRACE org.hibernate.engine.jdbc.env.internal.NormalizingIdentifierHelperImpl - Normalizing identifier quoting [locale]
12:00:15.436 [main] DEBUG org.hibernate.cfg.annotations.PropertyBinder - Building property locale
12:00:15.436 [main] TRACE org.hibernate.cfg.annotations.PropertyBinder - Cascading locale with null
12:00:15.436 [main] TRACE org.hibernate.cfg.AnnotationBinder - Processing annotations of com.soft.entity.LocaleMessageEntity.log
12:00:15.441 [main] TRACE org.hibernate.engine.jdbc.env.internal.NormalizingIdentifierHelperImpl - Normalizing identifier quoting [log]
12:00:15.441 [main] TRACE org.hibernate.engine.jdbc.env.internal.NormalizingIdentifierHelperImpl - Normalizing identifier quoting [log]
12:00:15.441 [main] DEBUG org.hibernate.cfg.Ejb3Column - Binding column: Ejb3Column{table=org.hibernate.mapping.Table(locale), mappingColumn=log, insertable=true, updatable=true, unique=false}
12:00:15.442 [main] DEBUG org.hibernate.cfg.annotations.PropertyBinder - MetadataSourceProcessor property log with lazy=false
12:00:15.442 [main] DEBUG org.hibernate.cfg.AbstractPropertyHolder - Attempting to locate auto-apply AttributeConverter for property [com.soft.entity.LocaleMessageEntity:log]
12:00:15.442 [main] DEBUG org.hibernate.cfg.annotations.SimpleValueBinder - building SimpleValue for log
12:00:15.442 [main] TRACE org.hibernate.engine.jdbc.env.internal.NormalizingIdentifierHelperImpl - Normalizing identifier quoting [log]
12:00:15.443 [main] TRACE org.hibernate.engine.jdbc.env.internal.NormalizingIdentifierHelperImpl - Normalizing identifier quoting [log]
12:00:15.443 [main] TRACE org.hibernate.engine.jdbc.env.internal.NormalizingIdentifierHelperImpl - Normalizing identifier quoting [log]
12:00:15.443 [main] DEBUG org.hibernate.cfg.annotations.PropertyBinder - Building property log
12:00:15.444 [main] TRACE org.hibernate.cfg.annotations.PropertyBinder - Cascading log with null
12:00:15.444 [main] TRACE org.hibernate.cfg.AnnotationBinder - Processing annotations of com.soft.entity.LocaleMessageEntity.message
12:00:15.444 [main] TRACE org.hibernate.engine.jdbc.env.internal.NormalizingIdentifierHelperImpl - Normalizing identifier quoting [message]
12:00:15.444 [main] TRACE org.hibernate.engine.jdbc.env.internal.NormalizingIdentifierHelperImpl - Normalizing identifier quoting [message]
12:00:15.445 [main] DEBUG org.hibernate.cfg.Ejb3Column - Binding column: Ejb3Column{table=org.hibernate.mapping.Table(locale), mappingColumn=message, insertable=true, updatable=true, unique=false}
12:00:15.445 [main] DEBUG org.hibernate.cfg.annotations.PropertyBinder - MetadataSourceProcessor property message with lazy=false
12:00:15.446 [main] DEBUG org.hibernate.cfg.AbstractPropertyHolder - Attempting to locate auto-apply AttributeConverter for property [com.soft.entity.LocaleMessageEntity:message]
12:00:15.446 [main] DEBUG org.hibernate.cfg.annotations.SimpleValueBinder - building SimpleValue for message
12:00:15.447 [main] TRACE org.hibernate.engine.jdbc.env.internal.NormalizingIdentifierHelperImpl - Normalizing identifier quoting [message]
12:00:15.447 [main] DEBUG org.hibernate.cfg.annotations.PropertyBinder - Building property message
12:00:15.447 [main] TRACE org.hibernate.cfg.annotations.PropertyBinder - Cascading message with null
12:00:15.447 [main] TRACE org.hibernate.cfg.AnnotationBinder - Processing annotations of com.soft.entity.LocaleMessageEntity.msgKey
12:00:15.447 [main] TRACE org.hibernate.engine.jdbc.env.internal.NormalizingIdentifierHelperImpl - Normalizing identifier quoting [msgkey]
12:00:15.448 [main] TRACE org.hibernate.engine.jdbc.env.internal.NormalizingIdentifierHelperImpl - Normalizing identifier quoting [msgkey]
12:00:15.448 [main] DEBUG org.hibernate.cfg.Ejb3Column - Binding column: Ejb3Column{table=org.hibernate.mapping.Table(locale), mappingColumn=msgkey, insertable=true, updatable=true, unique=false}
12:00:15.448 [main] DEBUG org.hibernate.cfg.annotations.PropertyBinder - MetadataSourceProcessor property msgKey with lazy=false
12:00:15.448 [main] DEBUG org.hibernate.cfg.AbstractPropertyHolder - Attempting to locate auto-apply AttributeConverter for property [com.soft.entity.LocaleMessageEntity:msgKey]
12:00:15.448 [main] DEBUG org.hibernate.cfg.annotations.SimpleValueBinder - building SimpleValue for msgKey
12:00:15.448 [main] TRACE org.hibernate.engine.jdbc.env.internal.NormalizingIdentifierHelperImpl - Normalizing identifier quoting [msgkey]
12:00:15.448 [main] DEBUG org.hibernate.cfg.annotations.PropertyBinder - Building property msgKey
12:00:15.448 [main] TRACE org.hibernate.cfg.annotations.PropertyBinder - Cascading msgKey with null
12:00:15.448 [main] DEBUG org.hibernate.cfg.AnnotationBinder - Binding entity from annotated class: com.soft.entity.PersonEntity
12:00:15.448 [main] TRACE org.hibernate.engine.jdbc.env.internal.NormalizingIdentifierHelperImpl - Normalizing identifier quoting [DTYPE]
12:00:15.448 [main] DEBUG org.hibernate.cfg.Ejb3Column - Binding column: Ejb3DiscriminatorColumn{logicalColumnName'DTYPE', discriminatorTypeName='string'}
12:00:15.460 [main] DEBUG org.hibernate.cfg.annotations.EntityBinder - Import with entity name PersonEntity
12:00:15.461 [main] TRACE org.hibernate.boot.internal.InFlightMetadataCollectorImpl - Import: PersonEntity -> com.soft.entity.PersonEntity
12:00:15.461 [main] TRACE org.hibernate.boot.internal.InFlightMetadataCollectorImpl - Import: com.soft.entity.PersonEntity -> com.soft.entity.PersonEntity
12:00:15.461 [main] TRACE org.hibernate.engine.jdbc.env.internal.NormalizingIdentifierHelperImpl - Normalizing identifier quoting [person]
12:00:15.461 [main] TRACE org.hibernate.engine.jdbc.env.internal.NormalizingIdentifierHelperImpl - Normalizing identifier quoting [person]
12:00:15.462 [main] DEBUG org.hibernate.cfg.annotations.EntityBinder - Bind entity com.soft.entity.PersonEntity on table person
12:00:15.462 [main] TRACE org.hibernate.cfg.AnnotationBinder - Processing annotations of com.soft.entity.PersonEntity.id
12:00:15.463 [main] TRACE org.hibernate.engine.jdbc.env.internal.NormalizingIdentifierHelperImpl - Normalizing identifier quoting [id]
12:00:15.463 [main] TRACE org.hibernate.engine.jdbc.env.internal.NormalizingIdentifierHelperImpl - Normalizing identifier quoting [id]
12:00:15.463 [main] DEBUG org.hibernate.cfg.Ejb3Column - Binding column: Ejb3Column{table=org.hibernate.mapping.Table(person), mappingColumn=id, insertable=true, updatable=true, unique=false}
12:00:15.463 [main] DEBUG org.hibernate.cfg.annotations.PropertyBinder - MetadataSourceProcessor property id with lazy=false
12:00:15.463 [main] DEBUG org.hibernate.cfg.AbstractPropertyHolder - Attempting to locate auto-apply AttributeConverter for property [com.soft.entity.PersonEntity:id]
12:00:15.470 [main] DEBUG org.hibernate.cfg.annotations.SimpleValueBinder - building SimpleValue for id
12:00:15.470 [main] TRACE org.hibernate.engine.jdbc.env.internal.NormalizingIdentifierHelperImpl - Normalizing identifier quoting [id]
12:00:15.470 [main] DEBUG org.hibernate.cfg.annotations.PropertyBinder - Building property id
12:00:15.470 [main] TRACE org.hibernate.cfg.annotations.PropertyBinder - Cascading id with null
12:00:15.470 [main] TRACE org.hibernate.cfg.AnnotationBinder - Add generic generator with name: increment
12:00:15.470 [main] TRACE org.hibernate.cfg.AnnotationBinder - Bind @Id on id
12:00:15.470 [main] TRACE org.hibernate.cfg.AnnotationBinder - Processing annotations of com.soft.entity.PersonEntity.name
12:00:15.470 [main] TRACE org.hibernate.engine.jdbc.env.internal.NormalizingIdentifierHelperImpl - Normalizing identifier quoting [name]
12:00:15.471 [main] TRACE org.hibernate.engine.jdbc.env.internal.NormalizingIdentifierHelperImpl - Normalizing identifier quoting [name]
12:00:15.471 [main] DEBUG org.hibernate.cfg.Ejb3Column - Binding column: Ejb3Column{table=org.hibernate.mapping.Table(person), mappingColumn=name, insertable=true, updatable=true, unique=false}
12:00:15.471 [main] DEBUG org.hibernate.cfg.annotations.PropertyBinder - MetadataSourceProcessor property name with lazy=false
12:00:15.471 [main] DEBUG org.hibernate.cfg.AbstractPropertyHolder - Attempting to locate auto-apply AttributeConverter for property [com.soft.entity.PersonEntity:name]
12:00:15.471 [main] DEBUG org.hibernate.cfg.annotations.SimpleValueBinder - building SimpleValue for name
12:00:15.471 [main] TRACE org.hibernate.engine.jdbc.env.internal.NormalizingIdentifierHelperImpl - Normalizing identifier quoting [name]
12:00:15.471 [main] DEBUG org.hibernate.cfg.annotations.PropertyBinder - Building property name
12:00:15.471 [main] TRACE org.hibernate.cfg.annotations.PropertyBinder - Cascading name with null
12:00:15.471 [main] DEBUG org.hibernate.cfg.AnnotationBinder - Binding entity from annotated class: com.soft.entity.ProducerEntity
12:00:15.472 [main] TRACE org.hibernate.engine.jdbc.env.internal.NormalizingIdentifierHelperImpl - Normalizing identifier quoting [DTYPE]
12:00:15.472 [main] DEBUG org.hibernate.cfg.Ejb3Column - Binding column: Ejb3DiscriminatorColumn{logicalColumnName'DTYPE', discriminatorTypeName='string'}
12:00:15.473 [main] DEBUG org.hibernate.cfg.annotations.EntityBinder - Import with entity name ProducerEntity
12:00:15.473 [main] TRACE org.hibernate.boot.internal.InFlightMetadataCollectorImpl - Import: ProducerEntity -> com.soft.entity.ProducerEntity
12:00:15.473 [main] TRACE org.hibernate.boot.internal.InFlightMetadataCollectorImpl - Import: com.soft.entity.ProducerEntity -> com.soft.entity.ProducerEntity
12:00:15.473 [main] TRACE org.hibernate.engine.jdbc.env.internal.NormalizingIdentifierHelperImpl - Normalizing identifier quoting [producer]
12:00:15.473 [main] TRACE org.hibernate.engine.jdbc.env.internal.NormalizingIdentifierHelperImpl - Normalizing identifier quoting [producer]
12:00:15.473 [main] DEBUG org.hibernate.cfg.annotations.EntityBinder - Bind entity com.soft.entity.ProducerEntity on table producer
12:00:15.475 [main] TRACE org.hibernate.cfg.AnnotationBinder - Processing annotations of com.soft.entity.ProducerEntity.id
12:00:15.475 [main] TRACE org.hibernate.engine.jdbc.env.internal.NormalizingIdentifierHelperImpl - Normalizing identifier quoting [producer_id]
12:00:15.475 [main] TRACE org.hibernate.engine.jdbc.env.internal.NormalizingIdentifierHelperImpl - Normalizing identifier quoting [producer_id]
12:00:15.476 [main] DEBUG org.hibernate.cfg.Ejb3Column - Binding column: Ejb3Column{table=org.hibernate.mapping.Table(producer), mappingColumn=producer_id, insertable=true, updatable=true, unique=false}
12:00:15.477 [main] DEBUG org.hibernate.cfg.annotations.PropertyBinder - MetadataSourceProcessor property id with lazy=false
12:00:15.477 [main] DEBUG org.hibernate.cfg.AbstractPropertyHolder - Attempting to locate auto-apply AttributeConverter for property [com.soft.entity.ProducerEntity:id]
12:00:15.477 [main] DEBUG org.hibernate.cfg.annotations.SimpleValueBinder - building SimpleValue for id
12:00:15.477 [main] TRACE org.hibernate.engine.jdbc.env.internal.NormalizingIdentifierHelperImpl - Normalizing identifier quoting [producer_id]
12:00:15.477 [main] DEBUG org.hibernate.cfg.annotations.PropertyBinder - Building property id
12:00:15.477 [main] TRACE org.hibernate.cfg.annotations.PropertyBinder - Cascading id with null
12:00:15.477 [main] TRACE org.hibernate.cfg.AnnotationBinder - Add generic generator with name: increment
12:00:15.477 [main] TRACE org.hibernate.cfg.AnnotationBinder - Bind @Id on id
12:00:15.477 [main] TRACE org.hibernate.cfg.AnnotationBinder - Processing annotations of com.soft.entity.ProducerEntity.producerCategory
12:00:15.477 [main] TRACE org.hibernate.engine.jdbc.env.internal.NormalizingIdentifierHelperImpl - Normalizing identifier quoting [producer_category]
12:00:15.478 [main] TRACE org.hibernate.engine.jdbc.env.internal.NormalizingIdentifierHelperImpl - Normalizing identifier quoting [producer_category]
12:00:15.478 [main] DEBUG org.hibernate.cfg.Ejb3Column - Binding column: Ejb3Column{table=org.hibernate.mapping.Table(producer), mappingColumn=producer_category, insertable=true, updatable=true, unique=false}
12:00:15.479 [main] DEBUG org.hibernate.cfg.annotations.PropertyBinder - MetadataSourceProcessor property producerCategory with lazy=false
12:00:15.479 [main] DEBUG org.hibernate.cfg.AbstractPropertyHolder - Attempting to locate auto-apply AttributeConverter for property [com.soft.entity.ProducerEntity:producerCategory]
12:00:15.479 [main] DEBUG org.hibernate.cfg.annotations.SimpleValueBinder - building SimpleValue for producerCategory
12:00:15.479 [main] TRACE org.hibernate.engine.jdbc.env.internal.NormalizingIdentifierHelperImpl - Normalizing identifier quoting [producer_category]
12:00:15.479 [main] DEBUG org.hibernate.cfg.annotations.PropertyBinder - Building property producerCategory
12:00:15.479 [main] TRACE org.hibernate.cfg.annotations.PropertyBinder - Cascading producerCategory with null
12:00:15.480 [main] TRACE org.hibernate.cfg.AnnotationBinder - Processing annotations of com.soft.entity.ProducerEntity.producerName
12:00:15.480 [main] TRACE org.hibernate.engine.jdbc.env.internal.NormalizingIdentifierHelperImpl - Normalizing identifier quoting [producer_name]
12:00:15.481 [main] TRACE org.hibernate.engine.jdbc.env.internal.NormalizingIdentifierHelperImpl - Normalizing identifier quoting [producer_name]
12:00:15.481 [main] DEBUG org.hibernate.cfg.Ejb3Column - Binding column: Ejb3Column{table=org.hibernate.mapping.Table(producer), mappingColumn=producer_name, insertable=true, updatable=true, unique=false}
12:00:15.481 [main] DEBUG org.hibernate.cfg.annotations.PropertyBinder - MetadataSourceProcessor property producerName with lazy=false
12:00:15.482 [main] DEBUG org.hibernate.cfg.AbstractPropertyHolder - Attempting to locate auto-apply AttributeConverter for property [com.soft.entity.ProducerEntity:producerName]
12:00:15.482 [main] DEBUG org.hibernate.cfg.annotations.SimpleValueBinder - building SimpleValue for producerName
12:00:15.482 [main] TRACE org.hibernate.engine.jdbc.env.internal.NormalizingIdentifierHelperImpl - Normalizing identifier quoting [producer_name]
12:00:15.484 [main] DEBUG org.hibernate.cfg.annotations.PropertyBinder - Building property producerName
12:00:15.492 [main] TRACE org.hibernate.cfg.annotations.PropertyBinder - Cascading producerName with null
12:00:15.493 [main] DEBUG org.hibernate.cfg.AnnotationBinder - Binding entity from annotated class: com.soft.entity.ResistorEntity
12:00:15.494 [main] TRACE org.hibernate.engine.jdbc.env.internal.NormalizingIdentifierHelperImpl - Normalizing identifier quoting [DTYPE]
12:00:15.494 [main] DEBUG org.hibernate.cfg.Ejb3Column - Binding column: Ejb3DiscriminatorColumn{logicalColumnName'DTYPE', discriminatorTypeName='string'}
12:00:15.494 [main] DEBUG org.hibernate.cfg.annotations.EntityBinder - Import with entity name ResistorEntity
12:00:15.494 [main] TRACE org.hibernate.boot.internal.InFlightMetadataCollectorImpl - Import: ResistorEntity -> com.soft.entity.ResistorEntity
12:00:15.494 [main] TRACE org.hibernate.boot.internal.InFlightMetadataCollectorImpl - Import: com.soft.entity.ResistorEntity -> com.soft.entity.ResistorEntity
12:00:15.494 [main] TRACE org.hibernate.engine.jdbc.env.internal.NormalizingIdentifierHelperImpl - Normalizing identifier quoting [resistor]
12:00:15.494 [main] TRACE org.hibernate.engine.jdbc.env.internal.NormalizingIdentifierHelperImpl - Normalizing identifier quoting [resistor]
12:00:15.494 [main] DEBUG org.hibernate.cfg.annotations.EntityBinder - Bind entity com.soft.entity.ResistorEntity on table resistor
12:00:15.495 [main] TRACE org.hibernate.cfg.AnnotationBinder - Processing annotations of com.soft.entity.ResistorEntity.id
12:00:15.495 [main] TRACE org.hibernate.engine.jdbc.env.internal.NormalizingIdentifierHelperImpl - Normalizing identifier quoting [resistor_id]
12:00:15.495 [main] TRACE org.hibernate.engine.jdbc.env.internal.NormalizingIdentifierHelperImpl - Normalizing identifier quoting [resistor_id]
12:00:15.495 [main] DEBUG org.hibernate.cfg.Ejb3Column - Binding column: Ejb3Column{table=org.hibernate.mapping.Table(resistor), mappingColumn=resistor_id, insertable=true, updatable=true, unique=false}
12:00:15.495 [main] DEBUG org.hibernate.cfg.annotations.PropertyBinder - MetadataSourceProcessor property id with lazy=false
12:00:15.495 [main] DEBUG org.hibernate.cfg.AbstractPropertyHolder - Attempting to locate auto-apply AttributeConverter for property [com.soft.entity.ResistorEntity:id]
12:00:15.495 [main] DEBUG org.hibernate.cfg.annotations.SimpleValueBinder - building SimpleValue for id
12:00:15.495 [main] TRACE org.hibernate.engine.jdbc.env.internal.NormalizingIdentifierHelperImpl - Normalizing identifier quoting [resistor_id]
12:00:15.495 [main] DEBUG org.hibernate.cfg.annotations.PropertyBinder - Building property id
12:00:15.495 [main] TRACE org.hibernate.cfg.annotations.PropertyBinder - Cascading id with null
12:00:15.495 [main] TRACE org.hibernate.cfg.AnnotationBinder - Add generic generator with name: increment
12:00:15.495 [main] TRACE org.hibernate.cfg.AnnotationBinder - Bind @Id on id
12:00:15.495 [main] TRACE org.hibernate.cfg.AnnotationBinder - Processing annotations of com.soft.entity.ResistorEntity.category
12:00:15.495 [main] TRACE org.hibernate.engine.jdbc.env.internal.NormalizingIdentifierHelperImpl - Normalizing identifier quoting [category]
12:00:15.495 [main] TRACE org.hibernate.engine.jdbc.env.internal.NormalizingIdentifierHelperImpl - Normalizing identifier quoting [category]
12:00:15.495 [main] DEBUG org.hibernate.cfg.Ejb3Column - Binding column: Ejb3Column{table=org.hibernate.mapping.Table(resistor), mappingColumn=category, insertable=true, updatable=true, unique=false}
12:00:15.495 [main] DEBUG org.hibernate.cfg.annotations.PropertyBinder - MetadataSourceProcessor property category with lazy=false
12:00:15.495 [main] DEBUG org.hibernate.cfg.AbstractPropertyHolder - Attempting to locate auto-apply AttributeConverter for property [com.soft.entity.ResistorEntity:category]
12:00:15.495 [main] DEBUG org.hibernate.cfg.annotations.SimpleValueBinder - building SimpleValue for category
12:00:15.495 [main] TRACE org.hibernate.engine.jdbc.env.internal.NormalizingIdentifierHelperImpl - Normalizing identifier quoting [category]
12:00:15.495 [main] DEBUG org.hibernate.cfg.annotations.PropertyBinder - Building property category
12:00:15.495 [main] TRACE org.hibernate.cfg.annotations.PropertyBinder - Cascading category with null
12:00:15.495 [main] TRACE org.hibernate.cfg.AnnotationBinder - Processing annotations of com.soft.entity.ResistorEntity.description
12:00:15.496 [main] TRACE org.hibernate.engine.jdbc.env.internal.NormalizingIdentifierHelperImpl - Normalizing identifier quoting [description]
12:00:15.496 [main] TRACE org.hibernate.engine.jdbc.env.internal.NormalizingIdentifierHelperImpl - Normalizing identifier quoting [description]
12:00:15.496 [main] DEBUG org.hibernate.cfg.Ejb3Column - Binding column: Ejb3Column{table=org.hibernate.mapping.Table(resistor), mappingColumn=description, insertable=true, updatable=true, unique=false}
12:00:15.496 [main] DEBUG org.hibernate.cfg.annotations.PropertyBinder - MetadataSourceProcessor property description with lazy=false
12:00:15.496 [main] DEBUG org.hibernate.cfg.AbstractPropertyHolder - Attempting to locate auto-apply AttributeConverter for property [com.soft.entity.ResistorEntity:description]
12:00:15.496 [main] DEBUG org.hibernate.cfg.annotations.SimpleValueBinder - building SimpleValue for description
12:00:15.496 [main] TRACE org.hibernate.engine.jdbc.env.internal.NormalizingIdentifierHelperImpl - Normalizing identifier quoting [description]
12:00:15.496 [main] DEBUG org.hibernate.cfg.annotations.PropertyBinder - Building property description
12:00:15.496 [main] TRACE org.hibernate.cfg.annotations.PropertyBinder - Cascading description with null
12:00:15.496 [main] TRACE org.hibernate.cfg.AnnotationBinder - Processing annotations of com.soft.entity.ResistorEntity.name
12:00:15.496 [main] TRACE org.hibernate.engine.jdbc.env.internal.NormalizingIdentifierHelperImpl - Normalizing identifier quoting [name]
12:00:15.496 [main] TRACE org.hibernate.engine.jdbc.env.internal.NormalizingIdentifierHelperImpl - Normalizing identifier quoting [name]
12:00:15.496 [main] DEBUG org.hibernate.cfg.Ejb3Column - Binding column: Ejb3Column{table=org.hibernate.mapping.Table(resistor), mappingColumn=name, insertable=true, updatable=true, unique=false}
12:00:15.496 [main] DEBUG org.hibernate.cfg.annotations.PropertyBinder - MetadataSourceProcessor property name with lazy=false
12:00:15.496 [main] DEBUG org.hibernate.cfg.AbstractPropertyHolder - Attempting to locate auto-apply AttributeConverter for property [com.soft.entity.ResistorEntity:name]
12:00:15.499 [main] DEBUG org.hibernate.cfg.annotations.SimpleValueBinder - building SimpleValue for name
12:00:15.503 [main] TRACE org.hibernate.engine.jdbc.env.internal.NormalizingIdentifierHelperImpl - Normalizing identifier quoting [name]
12:00:15.503 [main] DEBUG org.hibernate.cfg.annotations.PropertyBinder - Building property name
12:00:15.503 [main] TRACE org.hibernate.cfg.annotations.PropertyBinder - Cascading name with null
12:00:15.503 [main] TRACE org.hibernate.cfg.AnnotationBinder - Processing annotations of com.soft.entity.ResistorEntity.nominal
12:00:15.503 [main] TRACE org.hibernate.engine.jdbc.env.internal.NormalizingIdentifierHelperImpl - Normalizing identifier quoting [nominal]
12:00:15.503 [main] TRACE org.hibernate.engine.jdbc.env.internal.NormalizingIdentifierHelperImpl - Normalizing identifier quoting [nominal]
12:00:15.503 [main] DEBUG org.hibernate.cfg.Ejb3Column - Binding column: Ejb3Column{table=org.hibernate.mapping.Table(resistor), mappingColumn=nominal, insertable=true, updatable=true, unique=false}
12:00:15.503 [main] DEBUG org.hibernate.cfg.annotations.PropertyBinder - MetadataSourceProcessor property nominal with lazy=false
12:00:15.504 [main] DEBUG org.hibernate.cfg.AbstractPropertyHolder - Attempting to locate auto-apply AttributeConverter for property [com.soft.entity.ResistorEntity:nominal]
12:00:15.504 [main] DEBUG org.hibernate.cfg.annotations.SimpleValueBinder - building SimpleValue for nominal
12:00:15.504 [main] TRACE org.hibernate.engine.jdbc.env.internal.NormalizingIdentifierHelperImpl - Normalizing identifier quoting [nominal]
12:00:15.504 [main] DEBUG org.hibernate.cfg.annotations.PropertyBinder - Building property nominal
12:00:15.504 [main] TRACE org.hibernate.cfg.annotations.PropertyBinder - Cascading nominal with null
12:00:15.504 [main] TRACE org.hibernate.cfg.AnnotationBinder - Processing annotations of com.soft.entity.ResistorEntity.nominalUnit
12:00:15.504 [main] TRACE org.hibernate.engine.jdbc.env.internal.NormalizingIdentifierHelperImpl - Normalizing identifier quoting [nominal_unit]
12:00:15.504 [main] TRACE org.hibernate.engine.jdbc.env.internal.NormalizingIdentifierHelperImpl - Normalizing identifier quoting [nominal_unit]
12:00:15.504 [main] DEBUG org.hibernate.cfg.Ejb3Column - Binding column: Ejb3Column{table=org.hibernate.mapping.Table(resistor), mappingColumn=nominal_unit, insertable=true, updatable=true, unique=false}
12:00:15.504 [main] DEBUG org.hibernate.cfg.annotations.PropertyBinder - MetadataSourceProcessor property nominalUnit with lazy=false
12:00:15.504 [main] DEBUG org.hibernate.cfg.AbstractPropertyHolder - Attempting to locate auto-apply AttributeConverter for property [com.soft.entity.ResistorEntity:nominalUnit]
12:00:15.504 [main] DEBUG org.hibernate.cfg.annotations.SimpleValueBinder - building SimpleValue for nominalUnit
12:00:15.504 [main] TRACE org.hibernate.engine.jdbc.env.internal.NormalizingIdentifierHelperImpl - Normalizing identifier quoting [nominal_unit]
12:00:15.504 [main] DEBUG org.hibernate.cfg.annotations.PropertyBinder - Building property nominalUnit
12:00:15.505 [main] TRACE org.hibernate.cfg.annotations.PropertyBinder - Cascading nominalUnit with null
12:00:15.505 [main] TRACE org.hibernate.cfg.AnnotationBinder - Processing annotations of com.soft.entity.ResistorEntity.photo
12:00:15.505 [main] TRACE org.hibernate.engine.jdbc.env.internal.NormalizingIdentifierHelperImpl - Normalizing identifier quoting [photo]
12:00:15.507 [main] TRACE org.hibernate.engine.jdbc.env.internal.NormalizingIdentifierHelperImpl - Normalizing identifier quoting [photo]
12:00:15.507 [main] DEBUG org.hibernate.cfg.Ejb3Column - Binding column: Ejb3Column{table=org.hibernate.mapping.Table(resistor), mappingColumn=photo, insertable=true, updatable=true, unique=false}
12:00:15.509 [main] DEBUG org.hibernate.cfg.annotations.PropertyBinder - MetadataSourceProcessor property photo with lazy=false
12:00:15.509 [main] DEBUG org.hibernate.cfg.AbstractPropertyHolder - Attempting to locate auto-apply AttributeConverter for property [com.soft.entity.ResistorEntity:photo]
12:00:15.509 [main] DEBUG org.hibernate.cfg.annotations.SimpleValueBinder - building SimpleValue for photo
12:00:15.509 [main] TRACE org.hibernate.engine.jdbc.env.internal.NormalizingIdentifierHelperImpl - Normalizing identifier quoting [photo]
12:00:15.509 [main] DEBUG org.hibernate.cfg.annotations.PropertyBinder - Building property photo
12:00:15.509 [main] TRACE org.hibernate.cfg.annotations.PropertyBinder - Cascading photo with null
12:00:15.509 [main] TRACE org.hibernate.cfg.AnnotationBinder - Processing annotations of com.soft.entity.ResistorEntity.power
12:00:15.509 [main] TRACE org.hibernate.engine.jdbc.env.internal.NormalizingIdentifierHelperImpl - Normalizing identifier quoting [power]
12:00:15.509 [main] TRACE org.hibernate.engine.jdbc.env.internal.NormalizingIdentifierHelperImpl - Normalizing identifier quoting [power]
12:00:15.509 [main] DEBUG org.hibernate.cfg.Ejb3Column - Binding column: Ejb3Column{table=org.hibernate.mapping.Table(resistor), mappingColumn=power, insertable=true, updatable=true, unique=false}
12:00:15.510 [main] DEBUG org.hibernate.cfg.annotations.PropertyBinder - MetadataSourceProcessor property power with lazy=false
12:00:15.510 [main] DEBUG org.hibernate.cfg.AbstractPropertyHolder - Attempting to locate auto-apply AttributeConverter for property [com.soft.entity.ResistorEntity:power]
12:00:15.510 [main] DEBUG org.hibernate.cfg.annotations.SimpleValueBinder - building SimpleValue for power
12:00:15.510 [main] TRACE org.hibernate.engine.jdbc.env.internal.NormalizingIdentifierHelperImpl - Normalizing identifier quoting [power]
12:00:15.510 [main] DEBUG org.hibernate.cfg.annotations.PropertyBinder - Building property power
12:00:15.510 [main] TRACE org.hibernate.cfg.annotations.PropertyBinder - Cascading power with null
12:00:15.510 [main] TRACE org.hibernate.cfg.AnnotationBinder - Processing annotations of com.soft.entity.ResistorEntity.powerUnit
12:00:15.510 [main] TRACE org.hibernate.engine.jdbc.env.internal.NormalizingIdentifierHelperImpl - Normalizing identifier quoting [power_unit]
12:00:15.510 [main] TRACE org.hibernate.engine.jdbc.env.internal.NormalizingIdentifierHelperImpl - Normalizing identifier quoting [power_unit]
12:00:15.510 [main] DEBUG org.hibernate.cfg.Ejb3Column - Binding column: Ejb3Column{table=org.hibernate.mapping.Table(resistor), mappingColumn=power_unit, insertable=true, updatable=true, unique=false}
12:00:15.510 [main] DEBUG org.hibernate.cfg.annotations.PropertyBinder - MetadataSourceProcessor property powerUnit with lazy=false
12:00:15.510 [main] DEBUG org.hibernate.cfg.AbstractPropertyHolder - Attempting to locate auto-apply AttributeConverter for property [com.soft.entity.ResistorEntity:powerUnit]
12:00:15.510 [main] DEBUG org.hibernate.cfg.annotations.SimpleValueBinder - building SimpleValue for powerUnit
12:00:15.510 [main] TRACE org.hibernate.engine.jdbc.env.internal.NormalizingIdentifierHelperImpl - Normalizing identifier quoting [power_unit]
12:00:15.510 [main] DEBUG org.hibernate.cfg.annotations.PropertyBinder - Building property powerUnit
12:00:15.510 [main] TRACE org.hibernate.cfg.annotations.PropertyBinder - Cascading powerUnit with null
12:00:15.513 [main] TRACE org.hibernate.cfg.AnnotationBinder - Processing annotations of com.soft.entity.ResistorEntity.price
12:00:15.514 [main] TRACE org.hibernate.engine.jdbc.env.internal.NormalizingIdentifierHelperImpl - Normalizing identifier quoting [price]
12:00:15.514 [main] TRACE org.hibernate.engine.jdbc.env.internal.NormalizingIdentifierHelperImpl - Normalizing identifier quoting [price]
12:00:15.514 [main] DEBUG org.hibernate.cfg.Ejb3Column - Binding column: Ejb3Column{table=org.hibernate.mapping.Table(resistor), mappingColumn=price, insertable=true, updatable=true, unique=false}
12:00:15.514 [main] DEBUG org.hibernate.cfg.annotations.PropertyBinder - MetadataSourceProcessor property price with lazy=false
12:00:15.514 [main] DEBUG org.hibernate.cfg.AbstractPropertyHolder - Attempting to locate auto-apply AttributeConverter for property [com.soft.entity.ResistorEntity:price]
12:00:15.514 [main] DEBUG org.hibernate.cfg.annotations.SimpleValueBinder - building SimpleValue for price
12:00:15.514 [main] TRACE org.hibernate.engine.jdbc.env.internal.NormalizingIdentifierHelperImpl - Normalizing identifier quoting [price]
12:00:15.515 [main] DEBUG org.hibernate.cfg.annotations.PropertyBinder - Building property price
12:00:15.515 [main] TRACE org.hibernate.cfg.annotations.PropertyBinder - Cascading price with null
12:00:15.515 [main] TRACE org.hibernate.cfg.AnnotationBinder - Processing annotations of com.soft.entity.ResistorEntity.producer
12:00:15.515 [main] TRACE org.hibernate.engine.jdbc.env.internal.NormalizingIdentifierHelperImpl - Normalizing identifier quoting [producer]
12:00:15.515 [main] TRACE org.hibernate.engine.jdbc.env.internal.NormalizingIdentifierHelperImpl - Normalizing identifier quoting [producer]
12:00:15.515 [main] DEBUG org.hibernate.cfg.Ejb3Column - Binding column: Ejb3Column{table=org.hibernate.mapping.Table(resistor), mappingColumn=producer, insertable=true, updatable=true, unique=false}
12:00:15.515 [main] DEBUG org.hibernate.cfg.annotations.PropertyBinder - MetadataSourceProcessor property producer with lazy=false
12:00:15.515 [main] DEBUG org.hibernate.cfg.AbstractPropertyHolder - Attempting to locate auto-apply AttributeConverter for property [com.soft.entity.ResistorEntity:producer]
12:00:15.515 [main] DEBUG org.hibernate.cfg.annotations.SimpleValueBinder - building SimpleValue for producer
12:00:15.515 [main] TRACE org.hibernate.engine.jdbc.env.internal.NormalizingIdentifierHelperImpl - Normalizing identifier quoting [producer]
12:00:15.515 [main] DEBUG org.hibernate.cfg.annotations.PropertyBinder - Building property producer
12:00:15.515 [main] TRACE org.hibernate.cfg.annotations.PropertyBinder - Cascading producer with null
12:00:15.515 [main] TRACE org.hibernate.cfg.AnnotationBinder - Processing annotations of com.soft.entity.ResistorEntity.quantity
12:00:15.515 [main] TRACE org.hibernate.engine.jdbc.env.internal.NormalizingIdentifierHelperImpl - Normalizing identifier quoting [quantity]
12:00:15.515 [main] TRACE org.hibernate.engine.jdbc.env.internal.NormalizingIdentifierHelperImpl - Normalizing identifier quoting [quantity]
12:00:15.515 [main] DEBUG org.hibernate.cfg.Ejb3Column - Binding column: Ejb3Column{table=org.hibernate.mapping.Table(resistor), mappingColumn=quantity, insertable=true, updatable=true, unique=false}
12:00:15.515 [main] DEBUG org.hibernate.cfg.annotations.PropertyBinder - MetadataSourceProcessor property quantity with lazy=false
12:00:15.515 [main] DEBUG org.hibernate.cfg.AbstractPropertyHolder - Attempting to locate auto-apply AttributeConverter for property [com.soft.entity.ResistorEntity:quantity]
12:00:15.516 [main] DEBUG org.hibernate.cfg.annotations.SimpleValueBinder - building SimpleValue for quantity
12:00:15.516 [main] TRACE org.hibernate.engine.jdbc.env.internal.NormalizingIdentifierHelperImpl - Normalizing identifier quoting [quantity]
12:00:15.516 [main] DEBUG org.hibernate.cfg.annotations.PropertyBinder - Building property quantity
12:00:15.516 [main] TRACE org.hibernate.cfg.annotations.PropertyBinder - Cascading quantity with null
12:00:15.516 [main] TRACE org.hibernate.cfg.AnnotationBinder - Processing annotations of com.soft.entity.ResistorEntity.rPackage
12:00:15.517 [main] TRACE org.hibernate.engine.jdbc.env.internal.NormalizingIdentifierHelperImpl - Normalizing identifier quoting [package]
12:00:15.519 [main] TRACE org.hibernate.engine.jdbc.env.internal.NormalizingIdentifierHelperImpl - Normalizing identifier quoting [package]
12:00:15.519 [main] DEBUG org.hibernate.cfg.Ejb3Column - Binding column: Ejb3Column{table=org.hibernate.mapping.Table(resistor), mappingColumn=package, insertable=true, updatable=true, unique=false}
12:00:15.520 [main] DEBUG org.hibernate.cfg.annotations.PropertyBinder - MetadataSourceProcessor property rPackage with lazy=false
12:00:15.520 [main] DEBUG org.hibernate.cfg.AbstractPropertyHolder - Attempting to locate auto-apply AttributeConverter for property [com.soft.entity.ResistorEntity:rPackage]
12:00:15.520 [main] DEBUG org.hibernate.cfg.annotations.SimpleValueBinder - building SimpleValue for rPackage
12:00:15.520 [main] TRACE org.hibernate.engine.jdbc.env.internal.NormalizingIdentifierHelperImpl - Normalizing identifier quoting [package]
12:00:15.520 [main] DEBUG org.hibernate.cfg.annotations.PropertyBinder - Building property rPackage
12:00:15.520 [main] TRACE org.hibernate.cfg.annotations.PropertyBinder - Cascading rPackage with null
12:00:15.520 [main] TRACE org.hibernate.cfg.AnnotationBinder - Processing annotations of com.soft.entity.ResistorEntity.rPrecision
12:00:15.520 [main] TRACE org.hibernate.engine.jdbc.env.internal.NormalizingIdentifierHelperImpl - Normalizing identifier quoting [r_precision]
12:00:15.520 [main] TRACE org.hibernate.engine.jdbc.env.internal.NormalizingIdentifierHelperImpl - Normalizing identifier quoting [r_precision]
12:00:15.520 [main] DEBUG org.hibernate.cfg.Ejb3Column - Binding column: Ejb3Column{table=org.hibernate.mapping.Table(resistor), mappingColumn=r_precision, insertable=true, updatable=true, unique=false}
12:00:15.520 [main] DEBUG org.hibernate.cfg.annotations.PropertyBinder - MetadataSourceProcessor property rPrecision with lazy=false
12:00:15.520 [main] DEBUG org.hibernate.cfg.AbstractPropertyHolder - Attempting to locate auto-apply AttributeConverter for property [com.soft.entity.ResistorEntity:rPrecision]
12:00:15.520 [main] DEBUG org.hibernate.cfg.annotations.SimpleValueBinder - building SimpleValue for rPrecision
12:00:15.520 [main] TRACE org.hibernate.engine.jdbc.env.internal.NormalizingIdentifierHelperImpl - Normalizing identifier quoting [r_precision]
12:00:15.521 [main] DEBUG org.hibernate.cfg.annotations.PropertyBinder - Building property rPrecision
12:00:15.521 [main] TRACE org.hibernate.cfg.annotations.PropertyBinder - Cascading rPrecision with null
12:00:15.521 [main] DEBUG org.hibernate.cfg.AnnotationBinder - Binding entity from annotated class: com.soft.entity.TransistorEntity
12:00:15.521 [main] TRACE org.hibernate.engine.jdbc.env.internal.NormalizingIdentifierHelperImpl - Normalizing identifier quoting [DTYPE]
12:00:15.521 [main] DEBUG org.hibernate.cfg.Ejb3Column - Binding column: Ejb3DiscriminatorColumn{logicalColumnName'DTYPE', discriminatorTypeName='string'}
12:00:15.521 [main] DEBUG org.hibernate.cfg.annotations.EntityBinder - Import with entity name TransistorEntity
12:00:15.521 [main] TRACE org.hibernate.boot.internal.InFlightMetadataCollectorImpl - Import: TransistorEntity -> com.soft.entity.TransistorEntity
12:00:15.521 [main] TRACE org.hibernate.boot.internal.InFlightMetadataCollectorImpl - Import: com.soft.entity.TransistorEntity -> com.soft.entity.TransistorEntity
12:00:15.521 [main] TRACE org.hibernate.engine.jdbc.env.internal.NormalizingIdentifierHelperImpl - Normalizing identifier quoting [transistor]
12:00:15.521 [main] TRACE org.hibernate.engine.jdbc.env.internal.NormalizingIdentifierHelperImpl - Normalizing identifier quoting [transistor]
12:00:15.521 [main] DEBUG org.hibernate.cfg.annotations.EntityBinder - Bind entity com.soft.entity.TransistorEntity on table transistor
12:00:15.524 [main] TRACE org.hibernate.cfg.AnnotationBinder - Processing annotations of com.soft.entity.TransistorEntity.id
12:00:15.524 [main] TRACE org.hibernate.engine.jdbc.env.internal.NormalizingIdentifierHelperImpl - Normalizing identifier quoting [transistor_id]
12:00:15.524 [main] TRACE org.hibernate.engine.jdbc.env.internal.NormalizingIdentifierHelperImpl - Normalizing identifier quoting [transistor_id]
12:00:15.524 [main] DEBUG org.hibernate.cfg.Ejb3Column - Binding column: Ejb3Column{table=org.hibernate.mapping.Table(transistor), mappingColumn=transistor_id, insertable=true, updatable=true, unique=false}
12:00:15.524 [main] DEBUG org.hibernate.cfg.annotations.PropertyBinder - MetadataSourceProcessor property id with lazy=false
12:00:15.524 [main] DEBUG org.hibernate.cfg.AbstractPropertyHolder - Attempting to locate auto-apply AttributeConverter for property [com.soft.entity.TransistorEntity:id]
12:00:15.524 [main] DEBUG org.hibernate.cfg.annotations.SimpleValueBinder - building SimpleValue for id
12:00:15.524 [main] TRACE org.hibernate.engine.jdbc.env.internal.NormalizingIdentifierHelperImpl - Normalizing identifier quoting [transistor_id]
12:00:15.524 [main] DEBUG org.hibernate.cfg.annotations.PropertyBinder - Building property id
12:00:15.524 [main] TRACE org.hibernate.cfg.annotations.PropertyBinder - Cascading id with null
12:00:15.525 [main] TRACE org.hibernate.cfg.AnnotationBinder - Add generic generator with name: increment
12:00:15.525 [main] TRACE org.hibernate.cfg.AnnotationBinder - Bind @Id on id
12:00:15.525 [main] TRACE org.hibernate.cfg.AnnotationBinder - Processing annotations of com.soft.entity.TransistorEntity.category
12:00:15.525 [main] TRACE org.hibernate.engine.jdbc.env.internal.NormalizingIdentifierHelperImpl - Normalizing identifier quoting [category]
12:00:15.525 [main] TRACE org.hibernate.engine.jdbc.env.internal.NormalizingIdentifierHelperImpl - Normalizing identifier quoting [category]
12:00:15.525 [main] DEBUG org.hibernate.cfg.Ejb3Column - Binding column: Ejb3Column{table=org.hibernate.mapping.Table(transistor), mappingColumn=category, insertable=true, updatable=true, unique=false}
12:00:15.525 [main] DEBUG org.hibernate.cfg.annotations.PropertyBinder - MetadataSourceProcessor property category with lazy=false
12:00:15.525 [main] DEBUG org.hibernate.cfg.AbstractPropertyHolder - Attempting to locate auto-apply AttributeConverter for property [com.soft.entity.TransistorEntity:category]
12:00:15.525 [main] DEBUG org.hibernate.cfg.annotations.SimpleValueBinder - building SimpleValue for category
12:00:15.525 [main] TRACE org.hibernate.engine.jdbc.env.internal.NormalizingIdentifierHelperImpl - Normalizing identifier quoting [category]
12:00:15.525 [main] DEBUG org.hibernate.cfg.annotations.PropertyBinder - Building property category
12:00:15.525 [main] TRACE org.hibernate.cfg.annotations.PropertyBinder - Cascading category with null
12:00:15.525 [main] TRACE org.hibernate.cfg.AnnotationBinder - Processing annotations of com.soft.entity.TransistorEntity.conductanceType
12:00:15.525 [main] TRACE org.hibernate.engine.jdbc.env.internal.NormalizingIdentifierHelperImpl - Normalizing identifier quoting [conductunce_type]
12:00:15.525 [main] TRACE org.hibernate.engine.jdbc.env.internal.NormalizingIdentifierHelperImpl - Normalizing identifier quoting [conductunce_type]
12:00:15.526 [main] DEBUG org.hibernate.cfg.Ejb3Column - Binding column: Ejb3Column{table=org.hibernate.mapping.Table(transistor), mappingColumn=conductunce_type, insertable=true, updatable=true, unique=false}
12:00:15.526 [main] DEBUG org.hibernate.cfg.annotations.PropertyBinder - MetadataSourceProcessor property conductanceType with lazy=false
12:00:15.526 [main] DEBUG org.hibernate.cfg.AbstractPropertyHolder - Attempting to locate auto-apply AttributeConverter for property [com.soft.entity.TransistorEntity:conductanceType]
12:00:15.526 [main] DEBUG org.hibernate.cfg.annotations.SimpleValueBinder - building SimpleValue for conductanceType
12:00:15.526 [main] TRACE org.hibernate.engine.jdbc.env.internal.NormalizingIdentifierHelperImpl - Normalizing identifier quoting [conductunce_type]
12:00:15.526 [main] DEBUG org.hibernate.cfg.annotations.PropertyBinder - Building property conductanceType
12:00:15.526 [main] TRACE org.hibernate.cfg.annotations.PropertyBinder - Cascading conductanceType with null
12:00:15.526 [main] TRACE org.hibernate.cfg.AnnotationBinder - Processing annotations of com.soft.entity.TransistorEntity.description
12:00:15.526 [main] TRACE org.hibernate.engine.jdbc.env.internal.NormalizingIdentifierHelperImpl - Normalizing identifier quoting [description]
12:00:15.526 [main] TRACE org.hibernate.engine.jdbc.env.internal.NormalizingIdentifierHelperImpl - Normalizing identifier quoting [description]
12:00:15.526 [main] DEBUG org.hibernate.cfg.Ejb3Column - Binding column: Ejb3Column{table=org.hibernate.mapping.Table(transistor), mappingColumn=description, insertable=true, updatable=true, unique=false}
12:00:15.526 [main] DEBUG org.hibernate.cfg.annotations.PropertyBinder - MetadataSourceProcessor property description with lazy=false
12:00:15.527 [main] DEBUG org.hibernate.cfg.AbstractPropertyHolder - Attempting to locate auto-apply AttributeConverter for property [com.soft.entity.TransistorEntity:description]
12:00:15.527 [main] DEBUG org.hibernate.cfg.annotations.SimpleValueBinder - building SimpleValue for description
12:00:15.527 [main] TRACE org.hibernate.engine.jdbc.env.internal.NormalizingIdentifierHelperImpl - Normalizing identifier quoting [description]
12:00:15.527 [main] DEBUG org.hibernate.cfg.annotations.PropertyBinder - Building property description
12:00:15.527 [main] TRACE org.hibernate.cfg.annotations.PropertyBinder - Cascading description with null
12:00:15.527 [main] TRACE org.hibernate.cfg.AnnotationBinder - Processing annotations of com.soft.entity.TransistorEntity.gain
12:00:15.527 [main] TRACE org.hibernate.engine.jdbc.env.internal.NormalizingIdentifierHelperImpl - Normalizing identifier quoting [gain]
12:00:15.528 [main] TRACE org.hibernate.engine.jdbc.env.internal.NormalizingIdentifierHelperImpl - Normalizing identifier quoting [gain]
12:00:15.528 [main] DEBUG org.hibernate.cfg.Ejb3Column - Binding column: Ejb3Column{table=org.hibernate.mapping.Table(transistor), mappingColumn=gain, insertable=true, updatable=true, unique=false}
12:00:15.528 [main] DEBUG org.hibernate.cfg.annotations.PropertyBinder - MetadataSourceProcessor property gain with lazy=false
12:00:15.528 [main] DEBUG org.hibernate.cfg.AbstractPropertyHolder - Attempting to locate auto-apply AttributeConverter for property [com.soft.entity.TransistorEntity:gain]
12:00:15.528 [main] DEBUG org.hibernate.cfg.annotations.SimpleValueBinder - building SimpleValue for gain
12:00:15.528 [main] TRACE org.hibernate.engine.jdbc.env.internal.NormalizingIdentifierHelperImpl - Normalizing identifier quoting [gain]
12:00:15.529 [main] DEBUG org.hibernate.cfg.annotations.PropertyBinder - Building property gain
12:00:15.529 [main] TRACE org.hibernate.cfg.annotations.PropertyBinder - Cascading gain with null
12:00:15.529 [main] TRACE org.hibernate.cfg.AnnotationBinder - Processing annotations of com.soft.entity.TransistorEntity.maxCurrent
12:00:15.529 [main] TRACE org.hibernate.engine.jdbc.env.internal.NormalizingIdentifierHelperImpl - Normalizing identifier quoting [max_current]
12:00:15.529 [main] TRACE org.hibernate.engine.jdbc.env.internal.NormalizingIdentifierHelperImpl - Normalizing identifier quoting [max_current]
12:00:15.530 [main] DEBUG org.hibernate.cfg.Ejb3Column - Binding column: Ejb3Column{table=org.hibernate.mapping.Table(transistor), mappingColumn=max_current, insertable=true, updatable=true, unique=false}
12:00:15.530 [main] DEBUG org.hibernate.cfg.annotations.PropertyBinder - MetadataSourceProcessor property maxCurrent with lazy=false
12:00:15.530 [main] DEBUG org.hibernate.cfg.AbstractPropertyHolder - Attempting to locate auto-apply AttributeConverter for property [com.soft.entity.TransistorEntity:maxCurrent]
12:00:15.530 [main] DEBUG org.hibernate.cfg.annotations.SimpleValueBinder - building SimpleValue for maxCurrent
12:00:15.530 [main] TRACE org.hibernate.engine.jdbc.env.internal.NormalizingIdentifierHelperImpl - Normalizing identifier quoting [max_current]
12:00:15.530 [main] DEBUG org.hibernate.cfg.annotations.PropertyBinder - Building property maxCurrent
12:00:15.530 [main] TRACE org.hibernate.cfg.annotations.PropertyBinder - Cascading maxCurrent with null
12:00:15.530 [main] TRACE org.hibernate.cfg.AnnotationBinder - Processing annotations of com.soft.entity.TransistorEntity.maxCurrentUnit
12:00:15.531 [main] TRACE org.hibernate.engine.jdbc.env.internal.NormalizingIdentifierHelperImpl - Normalizing identifier quoting [max_current_unit]
12:00:15.531 [main] TRACE org.hibernate.engine.jdbc.env.internal.NormalizingIdentifierHelperImpl - Normalizing identifier quoting [max_current_unit]
12:00:15.531 [main] DEBUG org.hibernate.cfg.Ejb3Column - Binding column: Ejb3Column{table=org.hibernate.mapping.Table(transistor), mappingColumn=max_current_unit, insertable=true, updatable=true, unique=false}
12:00:15.531 [main] DEBUG org.hibernate.cfg.annotations.PropertyBinder - MetadataSourceProcessor property maxCurrentUnit with lazy=false
12:00:15.531 [main] DEBUG org.hibernate.cfg.AbstractPropertyHolder - Attempting to locate auto-apply AttributeConverter for property [com.soft.entity.TransistorEntity:maxCurrentUnit]
12:00:15.531 [main] DEBUG org.hibernate.cfg.annotations.SimpleValueBinder - building SimpleValue for maxCurrentUnit
12:00:15.531 [main] TRACE org.hibernate.engine.jdbc.env.internal.NormalizingIdentifierHelperImpl - Normalizing identifier quoting [max_current_unit]
12:00:15.531 [main] DEBUG org.hibernate.cfg.annotations.PropertyBinder - Building property maxCurrentUnit
12:00:15.531 [main] TRACE org.hibernate.cfg.annotations.PropertyBinder - Cascading maxCurrentUnit with null
12:00:15.532 [main] TRACE org.hibernate.cfg.AnnotationBinder - Processing annotations of com.soft.entity.TransistorEntity.name
12:00:15.532 [main] TRACE org.hibernate.engine.jdbc.env.internal.NormalizingIdentifierHelperImpl - Normalizing identifier quoting [name]
12:00:15.532 [main] TRACE org.hibernate.engine.jdbc.env.internal.NormalizingIdentifierHelperImpl - Normalizing identifier quoting [name]
12:00:15.532 [main] DEBUG org.hibernate.cfg.Ejb3Column - Binding column: Ejb3Column{table=org.hibernate.mapping.Table(transistor), mappingColumn=name, insertable=true, updatable=true, unique=false}
12:00:15.532 [main] DEBUG org.hibernate.cfg.annotations.PropertyBinder - MetadataSourceProcessor property name with lazy=false
12:00:15.532 [main] DEBUG org.hibernate.cfg.AbstractPropertyHolder - Attempting to locate auto-apply AttributeConverter for property [com.soft.entity.TransistorEntity:name]
12:00:15.532 [main] DEBUG org.hibernate.cfg.annotations.SimpleValueBinder - building SimpleValue for name
12:00:15.533 [main] TRACE org.hibernate.engine.jdbc.env.internal.NormalizingIdentifierHelperImpl - Normalizing identifier quoting [name]
12:00:15.533 [main] DEBUG org.hibernate.cfg.annotations.PropertyBinder - Building property name
12:00:15.533 [main] TRACE org.hibernate.cfg.annotations.PropertyBinder - Cascading name with null
12:00:15.534 [main] TRACE org.hibernate.cfg.AnnotationBinder - Processing annotations of com.soft.entity.TransistorEntity.photo
12:00:15.534 [main] TRACE org.hibernate.engine.jdbc.env.internal.NormalizingIdentifierHelperImpl - Normalizing identifier quoting [photo]
12:00:15.534 [main] TRACE org.hibernate.engine.jdbc.env.internal.NormalizingIdentifierHelperImpl - Normalizing identifier quoting [photo]
12:00:15.539 [main] DEBUG org.hibernate.cfg.Ejb3Column - Binding column: Ejb3Column{table=org.hibernate.mapping.Table(transistor), mappingColumn=photo, insertable=true, updatable=true, unique=false}
12:00:15.539 [main] DEBUG org.hibernate.cfg.annotations.PropertyBinder - MetadataSourceProcessor property photo with lazy=false
12:00:15.539 [main] DEBUG org.hibernate.cfg.AbstractPropertyHolder - Attempting to locate auto-apply AttributeConverter for property [com.soft.entity.TransistorEntity:photo]
12:00:15.540 [main] DEBUG org.hibernate.cfg.annotations.SimpleValueBinder - building SimpleValue for photo
12:00:15.540 [main] TRACE org.hibernate.engine.jdbc.env.internal.NormalizingIdentifierHelperImpl - Normalizing identifier quoting [photo]
12:00:15.540 [main] DEBUG org.hibernate.cfg.annotations.PropertyBinder - Building property photo
12:00:15.540 [main] TRACE org.hibernate.cfg.annotations.PropertyBinder - Cascading photo with null
12:00:15.540 [main] TRACE org.hibernate.cfg.AnnotationBinder - Processing annotations of com.soft.entity.TransistorEntity.price
12:00:15.540 [main] TRACE org.hibernate.engine.jdbc.env.internal.NormalizingIdentifierHelperImpl - Normalizing identifier quoting [price]
12:00:15.540 [main] TRACE org.hibernate.engine.jdbc.env.internal.NormalizingIdentifierHelperImpl - Normalizing identifier quoting [price]
12:00:15.540 [main] DEBUG org.hibernate.cfg.Ejb3Column - Binding column: Ejb3Column{table=org.hibernate.mapping.Table(transistor), mappingColumn=price, insertable=true, updatable=true, unique=false}
12:00:15.540 [main] DEBUG org.hibernate.cfg.annotations.PropertyBinder - MetadataSourceProcessor property price with lazy=false
12:00:15.540 [main] DEBUG org.hibernate.cfg.AbstractPropertyHolder - Attempting to locate auto-apply AttributeConverter for property [com.soft.entity.TransistorEntity:price]
12:00:15.540 [main] DEBUG org.hibernate.cfg.annotations.SimpleValueBinder - building SimpleValue for price
12:00:15.540 [main] TRACE org.hibernate.engine.jdbc.env.internal.NormalizingIdentifierHelperImpl - Normalizing identifier quoting [price]
12:00:15.540 [main] DEBUG org.hibernate.cfg.annotations.PropertyBinder - Building property price
12:00:15.540 [main] TRACE org.hibernate.cfg.annotations.PropertyBinder - Cascading price with null
12:00:15.542 [main] TRACE org.hibernate.cfg.AnnotationBinder - Processing annotations of com.soft.entity.TransistorEntity.producer
12:00:15.542 [main] TRACE org.hibernate.engine.jdbc.env.internal.NormalizingIdentifierHelperImpl - Normalizing identifier quoting [producer]
12:00:15.542 [main] TRACE org.hibernate.engine.jdbc.env.internal.NormalizingIdentifierHelperImpl - Normalizing identifier quoting [producer]
12:00:15.542 [main] DEBUG org.hibernate.cfg.Ejb3Column - Binding column: Ejb3Column{table=org.hibernate.mapping.Table(transistor), mappingColumn=producer, insertable=true, updatable=true, unique=false}
12:00:15.542 [main] DEBUG org.hibernate.cfg.annotations.PropertyBinder - MetadataSourceProcessor property producer with lazy=false
12:00:15.542 [main] DEBUG org.hibernate.cfg.AbstractPropertyHolder - Attempting to locate auto-apply AttributeConverter for property [com.soft.entity.TransistorEntity:producer]
12:00:15.543 [main] DEBUG org.hibernate.cfg.annotations.SimpleValueBinder - building SimpleValue for producer
12:00:15.543 [main] TRACE org.hibernate.engine.jdbc.env.internal.NormalizingIdentifierHelperImpl - Normalizing identifier quoting [producer]
12:00:15.543 [main] DEBUG org.hibernate.cfg.annotations.PropertyBinder - Building property producer
12:00:15.543 [main] TRACE org.hibernate.cfg.annotations.PropertyBinder - Cascading producer with null
12:00:15.543 [main] TRACE org.hibernate.cfg.AnnotationBinder - Processing annotations of com.soft.entity.TransistorEntity.quantity
12:00:15.543 [main] TRACE org.hibernate.engine.jdbc.env.internal.NormalizingIdentifierHelperImpl - Normalizing identifier quoting [quantity]
12:00:15.543 [main] TRACE org.hibernate.engine.jdbc.env.internal.NormalizingIdentifierHelperImpl - Normalizing identifier quoting [quantity]
12:00:15.543 [main] DEBUG org.hibernate.cfg.Ejb3Column - Binding column: Ejb3Column{table=org.hibernate.mapping.Table(transistor), mappingColumn=quantity, insertable=true, updatable=true, unique=false}
12:00:15.543 [main] DEBUG org.hibernate.cfg.annotations.PropertyBinder - MetadataSourceProcessor property quantity with lazy=false
12:00:15.543 [main] DEBUG org.hibernate.cfg.AbstractPropertyHolder - Attempting to locate auto-apply AttributeConverter for property [com.soft.entity.TransistorEntity:quantity]
12:00:15.543 [main] DEBUG org.hibernate.cfg.annotations.SimpleValueBinder - building SimpleValue for quantity
12:00:15.543 [main] TRACE org.hibernate.engine.jdbc.env.internal.NormalizingIdentifierHelperImpl - Normalizing identifier quoting [quantity]
12:00:15.543 [main] DEBUG org.hibernate.cfg.annotations.PropertyBinder - Building property quantity
12:00:15.543 [main] TRACE org.hibernate.cfg.annotations.PropertyBinder - Cascading quantity with null
12:00:15.543 [main] TRACE org.hibernate.cfg.AnnotationBinder - Processing annotations of com.soft.entity.TransistorEntity.tPackage
12:00:15.544 [main] TRACE org.hibernate.engine.jdbc.env.internal.NormalizingIdentifierHelperImpl - Normalizing identifier quoting [package]
12:00:15.544 [main] TRACE org.hibernate.engine.jdbc.env.internal.NormalizingIdentifierHelperImpl - Normalizing identifier quoting [package]
12:00:15.544 [main] DEBUG org.hibernate.cfg.Ejb3Column - Binding column: Ejb3Column{table=org.hibernate.mapping.Table(transistor), mappingColumn=package, insertable=true, updatable=true, unique=false}
12:00:15.544 [main] DEBUG org.hibernate.cfg.annotations.PropertyBinder - MetadataSourceProcessor property tPackage with lazy=false
12:00:15.544 [main] DEBUG org.hibernate.cfg.AbstractPropertyHolder - Attempting to locate auto-apply AttributeConverter for property [com.soft.entity.TransistorEntity:tPackage]
12:00:15.544 [main] DEBUG org.hibernate.cfg.annotations.SimpleValueBinder - building SimpleValue for tPackage
12:00:15.544 [main] TRACE org.hibernate.engine.jdbc.env.internal.NormalizingIdentifierHelperImpl - Normalizing identifier quoting [package]
12:00:15.544 [main] DEBUG org.hibernate.cfg.annotations.PropertyBinder - Building property tPackage
12:00:15.544 [main] TRACE org.hibernate.cfg.annotations.PropertyBinder - Cascading tPackage with null
12:00:15.550 [main] DEBUG org.hibernate.cfg.annotations.SimpleValueBinder - Starting fillSimpleValue for id
12:00:15.550 [main] DEBUG org.hibernate.cfg.annotations.SimpleValueBinder - Starting fillSimpleValue for entityName
12:00:15.550 [main] DEBUG org.hibernate.cfg.annotations.SimpleValueBinder - Starting fillSimpleValue for name
12:00:15.550 [main] DEBUG org.hibernate.cfg.annotations.SimpleValueBinder - Starting fillSimpleValue for photo
12:00:15.550 [main] DEBUG org.hibernate.cfg.annotations.SimpleValueBinder - Starting fillSimpleValue for id
12:00:15.550 [main] DEBUG org.hibernate.cfg.annotations.SimpleValueBinder - Starting fillSimpleValue for locale
12:00:15.550 [main] DEBUG org.hibernate.cfg.annotations.SimpleValueBinder - Starting fillSimpleValue for log
12:00:15.550 [main] DEBUG org.hibernate.boot.internal.ClassLoaderAccessImpl - Not known whether passed class name [org.apache.logging.log4j.Logger] is safe
12:00:15.550 [main] DEBUG org.hibernate.boot.internal.ClassLoaderAccessImpl - No temp ClassLoader provided; using live ClassLoader for loading potentially unsafe class : org.apache.logging.log4j.Logger
12:00:15.551 [main] DEBUG org.hibernate.cfg.annotations.SimpleValueBinder - Starting fillSimpleValue for message
12:00:15.551 [main] DEBUG org.hibernate.cfg.annotations.SimpleValueBinder - Starting fillSimpleValue for msgKey
12:00:15.551 [main] DEBUG org.hibernate.cfg.annotations.SimpleValueBinder - Starting fillSimpleValue for id
12:00:15.551 [main] DEBUG org.hibernate.cfg.annotations.SimpleValueBinder - Starting fillSimpleValue for name
12:00:15.551 [main] DEBUG org.hibernate.cfg.annotations.SimpleValueBinder - Starting fillSimpleValue for id
12:00:15.551 [main] DEBUG org.hibernate.cfg.annotations.SimpleValueBinder - Starting fillSimpleValue for producerCategory
12:00:15.551 [main] DEBUG org.hibernate.cfg.annotations.SimpleValueBinder - Starting fillSimpleValue for producerName
12:00:15.551 [main] DEBUG org.hibernate.cfg.annotations.SimpleValueBinder - Starting fillSimpleValue for id
12:00:15.551 [main] DEBUG org.hibernate.cfg.annotations.SimpleValueBinder - Starting fillSimpleValue for category
12:00:15.551 [main] DEBUG org.hibernate.cfg.annotations.SimpleValueBinder - Starting fillSimpleValue for description
12:00:15.551 [main] DEBUG org.hibernate.cfg.annotations.SimpleValueBinder - Starting fillSimpleValue for name
12:00:15.551 [main] DEBUG org.hibernate.cfg.annotations.SimpleValueBinder - Starting fillSimpleValue for nominal
12:00:15.551 [main] DEBUG org.hibernate.cfg.annotations.SimpleValueBinder - Starting fillSimpleValue for nominalUnit
12:00:15.551 [main] DEBUG org.hibernate.cfg.annotations.SimpleValueBinder - Starting fillSimpleValue for photo
12:00:15.551 [main] DEBUG org.hibernate.cfg.annotations.SimpleValueBinder - Starting fillSimpleValue for power
12:00:15.551 [main] DEBUG org.hibernate.cfg.annotations.SimpleValueBinder - Starting fillSimpleValue for powerUnit
12:00:15.552 [main] DEBUG org.hibernate.cfg.annotations.SimpleValueBinder - Starting fillSimpleValue for price
12:00:15.552 [main] DEBUG org.hibernate.cfg.annotations.SimpleValueBinder - Starting fillSimpleValue for producer
12:00:15.552 [main] DEBUG org.hibernate.cfg.annotations.SimpleValueBinder - Starting fillSimpleValue for quantity
12:00:15.552 [main] DEBUG org.hibernate.cfg.annotations.SimpleValueBinder - Starting fillSimpleValue for rPackage
12:00:15.552 [main] DEBUG org.hibernate.cfg.annotations.SimpleValueBinder - Starting fillSimpleValue for rPrecision
12:00:15.552 [main] DEBUG org.hibernate.cfg.annotations.SimpleValueBinder - Starting fillSimpleValue for id
12:00:15.552 [main] DEBUG org.hibernate.cfg.annotations.SimpleValueBinder - Starting fillSimpleValue for category
12:00:15.552 [main] DEBUG org.hibernate.cfg.annotations.SimpleValueBinder - Starting fillSimpleValue for conductanceType
12:00:15.552 [main] DEBUG org.hibernate.cfg.annotations.SimpleValueBinder - Starting fillSimpleValue for description
12:00:15.552 [main] DEBUG org.hibernate.cfg.annotations.SimpleValueBinder - Starting fillSimpleValue for gain
12:00:15.552 [main] DEBUG org.hibernate.cfg.annotations.SimpleValueBinder - Starting fillSimpleValue for maxCurrent
12:00:15.552 [main] DEBUG org.hibernate.cfg.annotations.SimpleValueBinder - Starting fillSimpleValue for maxCurrentUnit
12:00:15.555 [main] DEBUG org.hibernate.cfg.annotations.SimpleValueBinder - Starting fillSimpleValue for name
12:00:15.559 [main] DEBUG org.hibernate.cfg.annotations.SimpleValueBinder - Starting fillSimpleValue for photo
12:00:15.559 [main] DEBUG org.hibernate.cfg.annotations.SimpleValueBinder - Starting fillSimpleValue for price
12:00:15.559 [main] DEBUG org.hibernate.cfg.annotations.SimpleValueBinder - Starting fillSimpleValue for producer
12:00:15.559 [main] DEBUG org.hibernate.cfg.annotations.SimpleValueBinder - Starting fillSimpleValue for quantity
12:00:15.559 [main] DEBUG org.hibernate.cfg.annotations.SimpleValueBinder - Starting fillSimpleValue for tPackage
12:00:15.560 [main] DEBUG org.hibernate.mapping.PrimaryKey - Forcing column [category_id] to be non-null as it is part of the primary key for table [category]
12:00:15.562 [main] DEBUG org.hibernate.mapping.PrimaryKey - Forcing column [id] to be non-null as it is part of the primary key for table [locale]
12:00:15.562 [main] DEBUG org.hibernate.mapping.PrimaryKey - Forcing column [id] to be non-null as it is part of the primary key for table [person]
12:00:15.562 [main] DEBUG org.hibernate.mapping.PrimaryKey - Forcing column [producer_id] to be non-null as it is part of the primary key for table [producer]
12:00:15.562 [main] DEBUG org.hibernate.mapping.PrimaryKey - Forcing column [resistor_id] to be non-null as it is part of the primary key for table [resistor]
12:00:15.562 [main] DEBUG org.hibernate.mapping.PrimaryKey - Forcing column [transistor_id] to be non-null as it is part of the primary key for table [transistor]
12:00:15.565 [main] TRACE org.hibernate.engine.jdbc.env.internal.NormalizingIdentifierHelperImpl - Normalizing identifier quoting [resistor_id]
12:00:15.565 [main] TRACE org.hibernate.engine.jdbc.env.internal.NormalizingIdentifierHelperImpl - Normalizing identifier quoting [resistor]
12:00:15.565 [main] TRACE org.hibernate.engine.jdbc.env.internal.NormalizingIdentifierHelperImpl - Normalizing identifier quoting [producer_id]
12:00:15.565 [main] TRACE org.hibernate.engine.jdbc.env.internal.NormalizingIdentifierHelperImpl - Normalizing identifier quoting [producer]
12:00:15.565 [main] TRACE org.hibernate.engine.jdbc.env.internal.NormalizingIdentifierHelperImpl - Normalizing identifier quoting [transistor_id]
12:00:15.565 [main] TRACE org.hibernate.engine.jdbc.env.internal.NormalizingIdentifierHelperImpl - Normalizing identifier quoting [transistor]
12:00:15.566 [main] TRACE org.hibernate.engine.jdbc.env.internal.NormalizingIdentifierHelperImpl - Normalizing identifier quoting [category_id]
12:00:15.566 [main] TRACE org.hibernate.engine.jdbc.env.internal.NormalizingIdentifierHelperImpl - Normalizing identifier quoting [category]
12:00:15.566 [main] TRACE org.hibernate.engine.jdbc.env.internal.NormalizingIdentifierHelperImpl - Normalizing identifier quoting [id]
12:00:15.566 [main] TRACE org.hibernate.engine.jdbc.env.internal.NormalizingIdentifierHelperImpl - Normalizing identifier quoting [person]
12:00:15.566 [main] TRACE org.hibernate.engine.jdbc.env.internal.NormalizingIdentifierHelperImpl - Normalizing identifier quoting [ID]
12:00:15.566 [main] TRACE org.hibernate.engine.jdbc.env.internal.NormalizingIdentifierHelperImpl - Normalizing identifier quoting [locale]
12:00:15.585 [main] TRACE org.hibernate.loader.BatchFetchStyle - Interpreting BatchFetchStyle from setting : null
12:00:15.590 [main] DEBUG com.soft.controller.EshopController - [DataAcessConfig.getDevSessionFactory()] --> SetHibernateProperties EXCEPTION: Could not determine type for: org.apache.logging.log4j.Logger, at table: locale, for columns: [org.hibernate.mapping.Column(log)]
12:00:15.590 [main] DEBUG com.soft.controller.EshopController - [DataAcessConfig.getDevSessionFactory()] --> SetHibernateProperties EXCEPTION TO STRING: org.hibernate.MappingException: Could not determine type for: org.apache.logging.log4j.Logger, at table: locale, for columns: [org.hibernate.mapping.Column(log)]
12:00:15.593 [main] DEBUG org.springframework.beans.factory.support.DefaultListableBeanFactory - Eagerly caching bean 'SessionFactory' to allow for resolving potential circular references
12:00:15.594 [main] TRACE org.springframework.beans.CachedIntrospectionResults - Getting BeanInfo for class [org.springframework.beans.factory.support.NullBean]
12:00:15.598 [main] TRACE org.springframework.beans.CachedIntrospectionResults - Caching PropertyDescriptors for class [org.springframework.beans.factory.support.NullBean]
12:00:15.599 [main] TRACE org.springframework.beans.CachedIntrospectionResults - Found bean property 'class' of type [java.lang.Class]
12:00:15.600 [main] DEBUG org.springframework.beans.factory.support.DefaultListableBeanFactory - Returning cached instance of singleton bean 'org.springframework.transaction.config.internalTransactionAdvisor'
12:00:15.601 [main] DEBUG org.springframework.beans.factory.support.DefaultListableBeanFactory - Finished creating instance of bean 'SessionFactory'
12:00:15.601 [main] DEBUG org.springframework.beans.factory.support.DefaultListableBeanFactory - Creating shared instance of singleton bean 'getDevLocaleDAO'
12:00:15.601 [main] DEBUG org.springframework.beans.factory.support.DefaultListableBeanFactory - Creating instance of bean 'getDevLocaleDAO'
12:00:15.602 [main] DEBUG org.springframework.beans.factory.support.DefaultListableBeanFactory - Returning cached instance of singleton bean 'dataAccessConfig'
12:00:15.603 [main] DEBUG org.springframework.beans.factory.support.DefaultListableBeanFactory - Returning cached instance of singleton bean 'SessionFactory'
12:00:15.604 [main] DEBUG org.springframework.beans.factory.support.DefaultListableBeanFactory - Returning cached instance of singleton bean 'DataSourceBean'
12:00:15.605 [main] DEBUG org.springframework.beans.factory.support.DefaultListableBeanFactory - Autowiring by type from bean name 'getDevLocaleDAO' via factory method to bean named 'SessionFactory'
12:00:15.605 [main] DEBUG org.springframework.beans.factory.support.DefaultListableBeanFactory - Autowiring by type from bean name 'getDevLocaleDAO' via factory method to bean named 'DataSourceBean'
12:00:15.607 [main] DEBUG org.springframework.beans.factory.support.DefaultListableBeanFactory - Eagerly caching bean 'getDevLocaleDAO' to allow for resolving potential circular references
12:00:15.607 [main] TRACE org.springframework.beans.CachedIntrospectionResults - Getting BeanInfo for class [com.soft.dao.EshopDAOImpl]
12:00:15.611 [main] TRACE org.springframework.beans.CachedIntrospectionResults - Caching PropertyDescriptors for class [com.soft.dao.EshopDAOImpl]
12:00:15.611 [main] TRACE org.springframework.beans.CachedIntrospectionResults - Found bean property 'class' of type [java.lang.Class]
12:00:15.612 [main] TRACE org.springframework.beans.CachedIntrospectionResults - Found bean property 'sessionFactory' of type [org.hibernate.SessionFactory]
12:00:15.615 [main] DEBUG org.springframework.beans.factory.support.DefaultListableBeanFactory - Returning cached instance of singleton bean 'org.springframework.transaction.config.internalTransactionAdvisor'
12:00:15.618 [main] DEBUG org.springframework.beans.factory.support.DefaultListableBeanFactory - Finished creating instance of bean 'getDevLocaleDAO'
12:00:15.618 [main] DEBUG org.springframework.beans.factory.annotation.AutowiredAnnotationBeanPostProcessor - Autowiring by type from bean name 'messageSource' to bean named 'getDevLocaleDAO'
12:00:15.619 [main] DEBUG org.springframework.beans.factory.support.DefaultListableBeanFactory - Returning cached instance of singleton bean 'org.springframework.transaction.config.internalTransactionAdvisor'
12:00:15.622 [main] DEBUG org.springframework.beans.factory.support.DefaultListableBeanFactory - Finished creating instance of bean 'messageSource'
12:00:15.622 [main] DEBUG org.springframework.web.context.support.GenericWebApplicationContext - Using MessageSource [com.soft.config.AppConfig$DBMessageSource@1c504e66]
12:00:15.626 [main] DEBUG org.springframework.web.context.support.GenericWebApplicationContext - Unable to locate ApplicationEventMulticaster with name 'applicationEventMulticaster': using default [org.springframework.context.event.SimpleApplicationEventMulticaster@7a231dfd]
12:00:15.629 [main] DEBUG org.springframework.ui.context.support.UiApplicationContextUtils - Unable to locate ThemeSource with name 'themeSource': using default [org.springframework.ui.context.support.ResourceBundleThemeSource@7e2f86e6]
12:00:15.633 [main] DEBUG org.springframework.beans.factory.support.DefaultListableBeanFactory - Pre-instantiating singletons in org.springframework.beans.factory.support.DefaultListableBeanFactory@6986852: defining beans [org.springframework.context.annotation.internalConfigurationAnnotationProcessor,org.springframework.context.annotation.internalAutowiredAnnotationProcessor,org.springframework.context.annotation.internalRequiredAnnotationProcessor,org.springframework.context.annotation.internalCommonAnnotationProcessor,org.springframework.context.annotation.internalPersistenceAnnotationProcessor,org.springframework.context.event.internalEventListenerProcessor,org.springframework.context.event.internalEventListenerFactory,appConfig,dataAccessConfig,eshopController,messageSource,org.springframework.web.servlet.config.annotation.DelegatingWebMvcConfiguration,requestMappingHandlerMapping,mvcPathMatcher,mvcUrlPathHelper,mvcContentNegotiationManager,viewControllerHandlerMapping,beanNameHandlerMapping,resourceHandlerMapping,mvcResourceUrlProvider,defaultServletHandlerMapping,requestMappingHandlerAdapter,mvcConversionService,mvcValidator,mvcUriComponentsContributor,httpRequestHandlerAdapter,simpleControllerHandlerAdapter,handlerExceptionResolver,mvcViewResolver,mvcHandlerMappingIntrospector,viewResolver,templateEngine,templateResolver,localeResolver,org.springframework.transaction.annotation.ProxyTransactionManagementConfiguration,org.springframework.transaction.config.internalTransactionAdvisor,transactionAttributeSource,transactionInterceptor,org.springframework.transaction.config.internalTransactionalEventListenerFactory,DataSourceBean,SessionFactory,getDevLocaleDAO,transactionManager,org.springframework.aop.config.internalAutoProxyCreator]; root of factory hierarchy
12:00:15.634 [main] DEBUG org.springframework.beans.factory.support.DefaultListableBeanFactory - Returning cached instance of singleton bean 'org.springframework.context.annotation.internalConfigurationAnnotationProcessor'
12:00:15.634 [main] DEBUG org.springframework.beans.factory.support.DefaultListableBeanFactory - Returning cached instance of singleton bean 'org.springframework.context.annotation.internalAutowiredAnnotationProcessor'
12:00:15.634 [main] DEBUG org.springframework.beans.factory.support.DefaultListableBeanFactory - Returning cached instance of singleton bean 'org.springframework.context.annotation.internalRequiredAnnotationProcessor'
12:00:15.634 [main] DEBUG org.springframework.beans.factory.support.DefaultListableBeanFactory - Returning cached instance of singleton bean 'org.springframework.context.annotation.internalCommonAnnotationProcessor'
12:00:15.634 [main] DEBUG org.springframework.beans.factory.support.DefaultListableBeanFactory - Returning cached instance of singleton bean 'org.springframework.context.annotation.internalPersistenceAnnotationProcessor'
12:00:15.634 [main] DEBUG org.springframework.beans.factory.support.DefaultListableBeanFactory - Creating shared instance of singleton bean 'org.springframework.context.event.internalEventListenerProcessor'
12:00:15.634 [main] DEBUG org.springframework.beans.factory.support.DefaultListableBeanFactory - Creating instance of bean 'org.springframework.context.event.internalEventListenerProcessor'
12:00:15.637 [main] DEBUG org.springframework.beans.factory.support.DefaultListableBeanFactory - Eagerly caching bean 'org.springframework.context.event.internalEventListenerProcessor' to allow for resolving potential circular references
12:00:15.637 [main] TRACE org.springframework.beans.CachedIntrospectionResults - Getting BeanInfo for class [org.springframework.context.event.EventListenerMethodProcessor]
12:00:15.638 [main] TRACE org.springframework.beans.CachedIntrospectionResults - Caching PropertyDescriptors for class [org.springframework.context.event.EventListenerMethodProcessor]
12:00:15.638 [main] TRACE org.springframework.beans.CachedIntrospectionResults - Found bean property 'applicationContext' of type [org.springframework.context.ApplicationContext]
12:00:15.638 [main] TRACE org.springframework.beans.CachedIntrospectionResults - Found bean property 'class' of type [java.lang.Class]
12:00:15.640 [main] DEBUG org.springframework.beans.factory.support.DefaultListableBeanFactory - Returning cached instance of singleton bean 'org.springframework.transaction.config.internalTransactionAdvisor'
12:00:15.641 [main] DEBUG org.springframework.beans.factory.support.DefaultListableBeanFactory - Finished creating instance of bean 'org.springframework.context.event.internalEventListenerProcessor'
12:00:15.641 [main] DEBUG org.springframework.beans.factory.support.DefaultListableBeanFactory - Creating shared instance of singleton bean 'org.springframework.context.event.internalEventListenerFactory'
12:00:15.641 [main] DEBUG org.springframework.beans.factory.support.DefaultListableBeanFactory - Creating instance of bean 'org.springframework.context.event.internalEventListenerFactory'
12:00:15.642 [main] DEBUG org.springframework.beans.factory.support.DefaultListableBeanFactory - Eagerly caching bean 'org.springframework.context.event.internalEventListenerFactory' to allow for resolving potential circular references
12:00:15.642 [main] TRACE org.springframework.beans.CachedIntrospectionResults - Getting BeanInfo for class [org.springframework.context.event.DefaultEventListenerFactory]
12:00:15.645 [main] TRACE org.springframework.beans.CachedIntrospectionResults - Caching PropertyDescriptors for class [org.springframework.context.event.DefaultEventListenerFactory]
12:00:15.646 [main] TRACE org.springframework.beans.CachedIntrospectionResults - Found bean property 'class' of type [java.lang.Class]
12:00:15.647 [main] TRACE org.springframework.beans.CachedIntrospectionResults - Found bean property 'order' of type [int]
12:00:15.649 [main] DEBUG org.springframework.beans.factory.support.DefaultListableBeanFactory - Returning cached instance of singleton bean 'org.springframework.transaction.config.internalTransactionAdvisor'
12:00:15.649 [main] DEBUG org.springframework.beans.factory.support.DefaultListableBeanFactory - Finished creating instance of bean 'org.springframework.context.event.internalEventListenerFactory'
12:00:15.650 [main] DEBUG org.springframework.beans.factory.support.DefaultListableBeanFactory - Returning cached instance of singleton bean 'appConfig'
12:00:15.652 [main] DEBUG org.springframework.beans.factory.support.DefaultListableBeanFactory - Returning cached instance of singleton bean 'dataAccessConfig'
12:00:15.652 [main] DEBUG org.springframework.beans.factory.support.DefaultListableBeanFactory - Creating shared instance of singleton bean 'eshopController'
12:00:15.653 [main] DEBUG org.springframework.beans.factory.support.DefaultListableBeanFactory - Creating instance of bean 'eshopController'
12:00:15.661 [main] DEBUG org.springframework.beans.factory.annotation.InjectionMetadata - Registered injected element on class [com.soft.controller.EshopController]: AutowiredFieldElement for private com.soft.dao.EshopDAOImpl com.soft.controller.EshopController.eshopDaoImpl
12:00:15.662 [main] DEBUG org.springframework.beans.factory.support.DefaultListableBeanFactory - Eagerly caching bean 'eshopController' to allow for resolving potential circular references
12:00:15.662 [main] TRACE org.springframework.beans.CachedIntrospectionResults - Getting BeanInfo for class [com.soft.controller.EshopController]
12:00:15.663 [main] TRACE org.springframework.beans.CachedIntrospectionResults - Caching PropertyDescriptors for class [com.soft.controller.EshopController]
12:00:15.663 [main] TRACE org.springframework.beans.CachedIntrospectionResults - Found bean property 'class' of type [java.lang.Class]
12:00:15.663 [main] DEBUG org.springframework.beans.factory.annotation.InjectionMetadata - Processing injected element of bean 'eshopController': AutowiredFieldElement for private com.soft.dao.EshopDAOImpl com.soft.controller.EshopController.eshopDaoImpl
12:00:15.664 [main] DEBUG org.springframework.beans.factory.support.DefaultListableBeanFactory - Returning cached instance of singleton bean 'getDevLocaleDAO'
12:00:15.664 [main] DEBUG org.springframework.beans.factory.annotation.AutowiredAnnotationBeanPostProcessor - Autowiring by type from bean name 'eshopController' to bean named 'getDevLocaleDAO'
12:00:15.664 [main] DEBUG org.springframework.beans.factory.support.DefaultListableBeanFactory - Returning cached instance of singleton bean 'org.springframework.transaction.config.internalTransactionAdvisor'
12:00:15.665 [main] DEBUG org.springframework.beans.factory.support.DefaultListableBeanFactory - Finished creating instance of bean 'eshopController'
12:00:15.665 [main] DEBUG org.springframework.beans.factory.support.DefaultListableBeanFactory - Returning cached instance of singleton bean 'messageSource'
12:00:15.666 [main] DEBUG org.springframework.beans.factory.support.DefaultListableBeanFactory - Creating shared instance of singleton bean 'org.springframework.web.servlet.config.annotation.DelegatingWebMvcConfiguration'
12:00:15.666 [main] DEBUG org.springframework.beans.factory.support.DefaultListableBeanFactory - Creating instance of bean 'org.springframework.web.servlet.config.annotation.DelegatingWebMvcConfiguration'
12:00:15.676 [main] TRACE org.springframework.beans.CachedIntrospectionResults - Getting BeanInfo for class [org.springframework.web.servlet.config.annotation.DelegatingWebMvcConfiguration$$EnhancerBySpringCGLIB$$73995f77]
12:00:15.686 [main] TRACE org.springframework.beans.CachedIntrospectionResults - Caching PropertyDescriptors for class [org.springframework.web.servlet.config.annotation.DelegatingWebMvcConfiguration$$EnhancerBySpringCGLIB$$73995f77]
12:00:15.687 [main] TRACE org.springframework.beans.CachedIntrospectionResults - Found bean property 'applicationContext' of type [org.springframework.context.ApplicationContext]
12:00:15.687 [main] TRACE org.springframework.beans.CachedIntrospectionResults - Found bean property 'beanFactory' of type [org.springframework.beans.factory.BeanFactory]
12:00:15.687 [main] TRACE org.springframework.beans.CachedIntrospectionResults - Found bean property 'class' of type [java.lang.Class]
12:00:15.688 [main] TRACE org.springframework.beans.CachedIntrospectionResults - Found bean property 'configurers' of type [java.util.List]
12:00:15.688 [main] TRACE org.springframework.beans.CachedIntrospectionResults - Found bean property 'servletContext' of type [javax.servlet.ServletContext]
12:00:15.693 [main] DEBUG org.springframework.beans.factory.annotation.InjectionMetadata - Registered injected element on class [org.springframework.web.servlet.config.annotation.DelegatingWebMvcConfiguration$$EnhancerBySpringCGLIB$$73995f77]: AutowiredMethodElement for public void org.springframework.web.servlet.config.annotation.DelegatingWebMvcConfiguration.setConfigurers(java.util.List)
12:00:15.693 [main] DEBUG org.springframework.beans.factory.support.DefaultListableBeanFactory - Eagerly caching bean 'org.springframework.web.servlet.config.annotation.DelegatingWebMvcConfiguration' to allow for resolving potential circular references
12:00:15.693 [main] DEBUG org.springframework.beans.factory.annotation.InjectionMetadata - Processing injected element of bean 'org.springframework.web.servlet.config.annotation.DelegatingWebMvcConfiguration': AutowiredMethodElement for public void org.springframework.web.servlet.config.annotation.DelegatingWebMvcConfiguration.setConfigurers(java.util.List)
12:00:15.695 [main] DEBUG org.springframework.beans.factory.support.DefaultListableBeanFactory - Returning cached instance of singleton bean 'appConfig'
12:00:15.702 [main] DEBUG org.springframework.beans.factory.annotation.AutowiredAnnotationBeanPostProcessor - Autowiring by type from bean name 'org.springframework.web.servlet.config.annotation.DelegatingWebMvcConfiguration' to bean named 'appConfig'
12:00:15.702 [main] DEBUG org.springframework.beans.factory.support.DefaultListableBeanFactory - Returning cached instance of singleton bean 'org.springframework.transaction.config.internalTransactionAdvisor'
12:00:15.708 [main] DEBUG org.springframework.beans.factory.support.DefaultListableBeanFactory - Finished creating instance of bean 'org.springframework.web.servlet.config.annotation.DelegatingWebMvcConfiguration'
12:00:15.709 [main] DEBUG org.springframework.beans.factory.support.DefaultListableBeanFactory - Creating shared instance of singleton bean 'requestMappingHandlerMapping'
12:00:15.709 [main] DEBUG org.springframework.beans.factory.support.DefaultListableBeanFactory - Creating instance of bean 'requestMappingHandlerMapping'
12:00:15.709 [main] DEBUG org.springframework.beans.factory.support.DefaultListableBeanFactory - Returning cached instance of singleton bean 'org.springframework.web.servlet.config.annotation.DelegatingWebMvcConfiguration'
12:00:15.756 [main] DEBUG org.springframework.beans.factory.support.DefaultListableBeanFactory - Creating shared instance of singleton bean 'mvcConversionService'
12:00:15.757 [main] DEBUG org.springframework.beans.factory.support.DefaultListableBeanFactory - Creating instance of bean 'mvcConversionService'
12:00:15.757 [main] DEBUG org.springframework.beans.factory.support.DefaultListableBeanFactory - Returning cached instance of singleton bean 'org.springframework.web.servlet.config.annotation.DelegatingWebMvcConfiguration'
12:00:15.792 [main] DEBUG org.springframework.beans.factory.support.DefaultListableBeanFactory - Eagerly caching bean 'mvcConversionService' to allow for resolving potential circular references
12:00:15.793 [main] TRACE org.springframework.beans.CachedIntrospectionResults - Getting BeanInfo for class [org.springframework.format.support.DefaultFormattingConversionService]
12:00:15.795 [main] TRACE org.springframework.beans.CachedIntrospectionResults - Caching PropertyDescriptors for class [org.springframework.format.support.DefaultFormattingConversionService]
12:00:15.796 [main] TRACE org.springframework.beans.CachedIntrospectionResults - Found bean property 'class' of type [java.lang.Class]
12:00:15.796 [main] TRACE org.springframework.beans.CachedIntrospectionResults - Found bean property 'embeddedValueResolver' of type [org.springframework.util.StringValueResolver]
12:00:15.797 [main] DEBUG org.springframework.beans.factory.support.DefaultListableBeanFactory - Returning cached instance of singleton bean 'org.springframework.transaction.config.internalTransactionAdvisor'
12:00:15.799 [main] DEBUG org.springframework.beans.factory.support.DefaultListableBeanFactory - Finished creating instance of bean 'mvcConversionService'
12:00:15.800 [main] DEBUG org.springframework.beans.factory.support.DefaultListableBeanFactory - Creating shared instance of singleton bean 'mvcResourceUrlProvider'
12:00:15.800 [main] DEBUG org.springframework.beans.factory.support.DefaultListableBeanFactory - Creating instance of bean 'mvcResourceUrlProvider'
12:00:15.800 [main] DEBUG org.springframework.beans.factory.support.DefaultListableBeanFactory - Returning cached instance of singleton bean 'org.springframework.web.servlet.config.annotation.DelegatingWebMvcConfiguration'
12:00:15.802 [main] DEBUG org.springframework.beans.factory.support.DefaultListableBeanFactory - Eagerly caching bean 'mvcResourceUrlProvider' to allow for resolving potential circular references
12:00:15.802 [main] TRACE org.springframework.beans.CachedIntrospectionResults - Getting BeanInfo for class [org.springframework.web.servlet.resource.ResourceUrlProvider]
12:00:15.805 [main] TRACE org.springframework.beans.CachedIntrospectionResults - Caching PropertyDescriptors for class [org.springframework.web.servlet.resource.ResourceUrlProvider]
12:00:15.806 [main] TRACE org.springframework.beans.CachedIntrospectionResults - Found bean property 'autodetect' of type [boolean]
12:00:15.806 [main] TRACE org.springframework.beans.CachedIntrospectionResults - Found bean property 'class' of type [java.lang.Class]
12:00:15.806 [main] TRACE org.springframework.beans.CachedIntrospectionResults - Found bean property 'handlerMap' of type [java.util.Map]
12:00:15.806 [main] TRACE org.springframework.beans.CachedIntrospectionResults - Found bean property 'pathMatcher' of type [org.springframework.util.PathMatcher]
12:00:15.806 [main] TRACE org.springframework.beans.CachedIntrospectionResults - Found bean property 'urlPathHelper' of type [org.springframework.web.util.UrlPathHelper]
12:00:15.807 [main] DEBUG org.springframework.beans.factory.support.DefaultListableBeanFactory - Returning cached instance of singleton bean 'org.springframework.transaction.config.internalTransactionAdvisor'
12:00:15.808 [main] DEBUG org.springframework.beans.factory.support.DefaultListableBeanFactory - Finished creating instance of bean 'mvcResourceUrlProvider'
12:00:15.809 [main] DEBUG org.springframework.beans.factory.support.DefaultListableBeanFactory - Creating shared instance of singleton bean 'mvcContentNegotiationManager'
12:00:15.809 [main] DEBUG org.springframework.beans.factory.support.DefaultListableBeanFactory - Creating instance of bean 'mvcContentNegotiationManager'
12:00:15.809 [main] DEBUG org.springframework.beans.factory.support.DefaultListableBeanFactory - Returning cached instance of singleton bean 'org.springframework.web.servlet.config.annotation.DelegatingWebMvcConfiguration'
12:00:15.812 [main] DEBUG org.springframework.beans.factory.support.DefaultListableBeanFactory - Eagerly caching bean 'mvcContentNegotiationManager' to allow for resolving potential circular references
12:00:15.812 [main] TRACE org.springframework.beans.CachedIntrospectionResults - Getting BeanInfo for class [org.springframework.web.accept.ContentNegotiationManager]
12:00:15.813 [main] TRACE org.springframework.beans.CachedIntrospectionResults - Caching PropertyDescriptors for class [org.springframework.web.accept.ContentNegotiationManager]
12:00:15.813 [main] TRACE org.springframework.beans.CachedIntrospectionResults - Found bean property 'allFileExtensions' of type [java.util.List]
12:00:15.813 [main] TRACE org.springframework.beans.CachedIntrospectionResults - Found bean property 'class' of type [java.lang.Class]
12:00:15.813 [main] TRACE org.springframework.beans.CachedIntrospectionResults - Found bean property 'strategies' of type [java.util.List]
12:00:15.814 [main] DEBUG org.springframework.beans.factory.support.DefaultListableBeanFactory - Returning cached instance of singleton bean 'org.springframework.transaction.config.internalTransactionAdvisor'
12:00:15.814 [main] DEBUG org.springframework.beans.factory.support.DefaultListableBeanFactory - Finished creating instance of bean 'mvcContentNegotiationManager'
12:00:15.835 [main] DEBUG org.springframework.beans.factory.support.DefaultListableBeanFactory - Eagerly caching bean 'requestMappingHandlerMapping' to allow for resolving potential circular references
12:00:15.835 [main] TRACE org.springframework.beans.CachedIntrospectionResults - Getting BeanInfo for class [org.springframework.web.servlet.mvc.method.annotation.RequestMappingHandlerMapping]
12:00:15.842 [main] TRACE org.springframework.beans.CachedIntrospectionResults - Caching PropertyDescriptors for class [org.springframework.web.servlet.mvc.method.annotation.RequestMappingHandlerMapping]
12:00:15.842 [main] TRACE org.springframework.beans.CachedIntrospectionResults - Found bean property 'alwaysUseFullPath' of type [boolean]
12:00:15.842 [main] TRACE org.springframework.beans.CachedIntrospectionResults - Found bean property 'applicationContext' of type [org.springframework.context.ApplicationContext]
12:00:15.842 [main] TRACE org.springframework.beans.CachedIntrospectionResults - Found bean property 'class' of type [java.lang.Class]
12:00:15.843 [main] TRACE org.springframework.beans.CachedIntrospectionResults - Found bean property 'contentNegotiationManager' of type [org.springframework.web.accept.ContentNegotiationManager]
12:00:15.843 [main] TRACE org.springframework.beans.CachedIntrospectionResults - Found bean property 'corsConfigurations' of type [java.util.Map]
12:00:15.843 [main] TRACE org.springframework.beans.CachedIntrospectionResults - Found bean property 'corsProcessor' of type [org.springframework.web.cors.CorsProcessor]
12:00:15.843 [main] TRACE org.springframework.beans.CachedIntrospectionResults - Found bean property 'defaultHandler' of type [java.lang.Object]
12:00:15.843 [main] TRACE org.springframework.beans.CachedIntrospectionResults - Found bean property 'detectHandlerMethodsInAncestorContexts' of type [boolean]
12:00:15.843 [main] TRACE org.springframework.beans.CachedIntrospectionResults - Found bean property 'embeddedValueResolver' of type [org.springframework.util.StringValueResolver]
12:00:15.843 [main] TRACE org.springframework.beans.CachedIntrospectionResults - Found bean property 'fileExtensions' of type [java.util.List]
12:00:15.843 [main] TRACE org.springframework.beans.CachedIntrospectionResults - Found bean property 'handlerMethodMappingNamingStrategy' of type [org.springframework.web.servlet.handler.HandlerMethodMappingNamingStrategy]
12:00:15.843 [main] TRACE org.springframework.beans.CachedIntrospectionResults - Found bean property 'handlerMethods' of type [java.util.Map]
12:00:15.843 [main] TRACE org.springframework.beans.CachedIntrospectionResults - Found bean property 'interceptors' of type [[Ljava.lang.Object;]
12:00:15.843 [main] TRACE org.springframework.beans.CachedIntrospectionResults - Found bean property 'namingStrategy' of type [org.springframework.web.servlet.handler.HandlerMethodMappingNamingStrategy]
12:00:15.843 [main] TRACE org.springframework.beans.CachedIntrospectionResults - Found bean property 'order' of type [int]
12:00:15.844 [main] TRACE org.springframework.beans.CachedIntrospectionResults - Found bean property 'pathMatcher' of type [org.springframework.util.PathMatcher]
12:00:15.844 [main] TRACE org.springframework.beans.CachedIntrospectionResults - Found bean property 'removeSemicolonContent' of type [boolean]
12:00:15.844 [main] TRACE org.springframework.beans.CachedIntrospectionResults - Found bean property 'servletContext' of type [javax.servlet.ServletContext]
12:00:15.844 [main] TRACE org.springframework.beans.CachedIntrospectionResults - Found bean property 'urlDecode' of type [boolean]
12:00:15.844 [main] TRACE org.springframework.beans.CachedIntrospectionResults - Found bean property 'urlPathHelper' of type [org.springframework.web.util.UrlPathHelper]
12:00:15.844 [main] TRACE org.springframework.beans.CachedIntrospectionResults - Found bean property 'useRegisteredSuffixPatternMatch' of type [boolean]
12:00:15.844 [main] TRACE org.springframework.beans.CachedIntrospectionResults - Found bean property 'useSuffixPatternMatch' of type [boolean]
12:00:15.844 [main] TRACE org.springframework.beans.CachedIntrospectionResults - Found bean property 'useTrailingSlashMatch' of type [boolean]
12:00:15.847 [main] DEBUG org.springframework.beans.factory.support.DefaultListableBeanFactory - Invoking afterPropertiesSet() on bean with name 'requestMappingHandlerMapping'
12:00:15.847 [main] DEBUG org.springframework.web.servlet.mvc.method.annotation.RequestMappingHandlerMapping - Looking for request mappings in application context: org.springframework.web.context.support.GenericWebApplicationContext@12591ac8: startup date [Mon Feb 17 12:00:14 MSK 2020]; root of context hierarchy
12:00:15.861 [main] DEBUG org.springframework.web.servlet.mvc.method.annotation.RequestMappingHandlerMapping - 3 request handler methods found on class com.soft.controller.EshopController: {public java.lang.String com.soft.controller.EshopController.renderHomePage(org.springframework.ui.ModelMap,javax.servlet.http.HttpServletRequest)={[/home.html],methods=[GET]}, public void com.soft.controller.EshopController.showImage(javax.servlet.http.HttpServletRequest,javax.servlet.http.HttpServletResponse) throws java.io.IOException={[/image],methods=[GET]}, public java.lang.String com.soft.controller.EshopController.renderCatalogContent(org.springframework.ui.ModelMap,javax.servlet.http.HttpServletRequest,javax.servlet.http.HttpServletResponse) throws java.io.IOException={[/list],methods=[GET]}}
12:00:15.861 [main] INFO  org.springframework.web.servlet.mvc.method.annotation.RequestMappingHandlerMapping - Mapped "{[/home.html],methods=[GET]}" onto public java.lang.String com.soft.controller.EshopController.renderHomePage(org.springframework.ui.ModelMap,javax.servlet.http.HttpServletRequest)
12:00:15.861 [main] TRACE org.springframework.web.servlet.mvc.method.annotation.RequestMappingHandlerMapping - Mapping name 'EC#renderHomePage'
12:00:15.862 [main] INFO  org.springframework.web.servlet.mvc.method.annotation.RequestMappingHandlerMapping - Mapped "{[/image],methods=[GET]}" onto public void com.soft.controller.EshopController.showImage(javax.servlet.http.HttpServletRequest,javax.servlet.http.HttpServletResponse) throws java.io.IOException
12:00:15.862 [main] TRACE org.springframework.web.servlet.mvc.method.annotation.RequestMappingHandlerMapping - Mapping name 'EC#showImage'
12:00:15.862 [main] INFO  org.springframework.web.servlet.mvc.method.annotation.RequestMappingHandlerMapping - Mapped "{[/list],methods=[GET]}" onto public java.lang.String com.soft.controller.EshopController.renderCatalogContent(org.springframework.ui.ModelMap,javax.servlet.http.HttpServletRequest,javax.servlet.http.HttpServletResponse) throws java.io.IOException
12:00:15.862 [main] TRACE org.springframework.web.servlet.mvc.method.annotation.RequestMappingHandlerMapping - Mapping name 'EC#renderCatalogContent'
12:00:15.863 [main] DEBUG org.springframework.beans.factory.support.DefaultListableBeanFactory - Returning cached instance of singleton bean 'org.springframework.transaction.config.internalTransactionAdvisor'
12:00:15.864 [main] DEBUG org.springframework.beans.factory.support.DefaultListableBeanFactory - Finished creating instance of bean 'requestMappingHandlerMapping'
12:00:15.864 [main] DEBUG org.springframework.beans.factory.support.DefaultListableBeanFactory - Creating shared instance of singleton bean 'mvcPathMatcher'
12:00:15.864 [main] DEBUG org.springframework.beans.factory.support.DefaultListableBeanFactory - Creating instance of bean 'mvcPathMatcher'
12:00:15.864 [main] DEBUG org.springframework.beans.factory.support.DefaultListableBeanFactory - Returning cached instance of singleton bean 'org.springframework.web.servlet.config.annotation.DelegatingWebMvcConfiguration'
12:00:15.865 [main] DEBUG org.springframework.beans.factory.support.DefaultListableBeanFactory - Eagerly caching bean 'mvcPathMatcher' to allow for resolving potential circular references
12:00:15.865 [main] TRACE org.springframework.beans.CachedIntrospectionResults - Getting BeanInfo for class [org.springframework.util.AntPathMatcher]
12:00:15.866 [main] TRACE org.springframework.beans.CachedIntrospectionResults - Caching PropertyDescriptors for class [org.springframework.util.AntPathMatcher]
12:00:15.866 [main] TRACE org.springframework.beans.CachedIntrospectionResults - Found bean property 'cachePatterns' of type [boolean]
12:00:15.866 [main] TRACE org.springframework.beans.CachedIntrospectionResults - Found bean property 'caseSensitive' of type [boolean]
12:00:15.866 [main] TRACE org.springframework.beans.CachedIntrospectionResults - Found bean property 'class' of type [java.lang.Class]
12:00:15.866 [main] TRACE org.springframework.beans.CachedIntrospectionResults - Found bean property 'pathSeparator' of type [java.lang.String]
12:00:15.866 [main] TRACE org.springframework.beans.CachedIntrospectionResults - Found bean property 'trimTokens' of type [boolean]
12:00:15.867 [main] DEBUG org.springframework.beans.factory.support.DefaultListableBeanFactory - Returning cached instance of singleton bean 'org.springframework.transaction.config.internalTransactionAdvisor'
12:00:15.868 [main] DEBUG org.springframework.beans.factory.support.DefaultListableBeanFactory - Finished creating instance of bean 'mvcPathMatcher'
12:00:15.868 [main] DEBUG org.springframework.beans.factory.support.DefaultListableBeanFactory - Creating shared instance of singleton bean 'mvcUrlPathHelper'
12:00:15.868 [main] DEBUG org.springframework.beans.factory.support.DefaultListableBeanFactory - Creating instance of bean 'mvcUrlPathHelper'
12:00:15.869 [main] DEBUG org.springframework.beans.factory.support.DefaultListableBeanFactory - Returning cached instance of singleton bean 'org.springframework.web.servlet.config.annotation.DelegatingWebMvcConfiguration'
12:00:15.870 [main] DEBUG org.springframework.beans.factory.support.DefaultListableBeanFactory - Eagerly caching bean 'mvcUrlPathHelper' to allow for resolving potential circular references
12:00:15.870 [main] TRACE org.springframework.beans.CachedIntrospectionResults - Getting BeanInfo for class [org.springframework.web.util.UrlPathHelper]
12:00:15.872 [main] TRACE org.springframework.beans.CachedIntrospectionResults - Caching PropertyDescriptors for class [org.springframework.web.util.UrlPathHelper]
12:00:15.872 [main] TRACE org.springframework.beans.CachedIntrospectionResults - Found bean property 'alwaysUseFullPath' of type [boolean]
12:00:15.872 [main] TRACE org.springframework.beans.CachedIntrospectionResults - Found bean property 'class' of type [java.lang.Class]
12:00:15.872 [main] TRACE org.springframework.beans.CachedIntrospectionResults - Found bean property 'defaultEncoding' of type [java.lang.String]
12:00:15.872 [main] TRACE org.springframework.beans.CachedIntrospectionResults - Found bean property 'removeSemicolonContent' of type [boolean]
12:00:15.872 [main] TRACE org.springframework.beans.CachedIntrospectionResults - Found bean property 'urlDecode' of type [boolean]
12:00:15.872 [main] DEBUG org.springframework.beans.factory.support.DefaultListableBeanFactory - Returning cached instance of singleton bean 'org.springframework.transaction.config.internalTransactionAdvisor'
12:00:15.872 [main] DEBUG org.springframework.beans.factory.support.DefaultListableBeanFactory - Finished creating instance of bean 'mvcUrlPathHelper'
12:00:15.873 [main] DEBUG org.springframework.beans.factory.support.DefaultListableBeanFactory - Returning cached instance of singleton bean 'mvcContentNegotiationManager'
12:00:15.873 [main] DEBUG org.springframework.beans.factory.support.DefaultListableBeanFactory - Creating shared instance of singleton bean 'viewControllerHandlerMapping'
12:00:15.873 [main] DEBUG org.springframework.beans.factory.support.DefaultListableBeanFactory - Creating instance of bean 'viewControllerHandlerMapping'
12:00:15.873 [main] DEBUG org.springframework.beans.factory.support.DefaultListableBeanFactory - Returning cached instance of singleton bean 'org.springframework.web.servlet.config.annotation.DelegatingWebMvcConfiguration'
12:00:15.873 [main] DEBUG org.springframework.beans.factory.support.DefaultListableBeanFactory - Returning cached instance of singleton bean 'mvcPathMatcher'
12:00:15.873 [main] DEBUG org.springframework.beans.factory.support.DefaultListableBeanFactory - Returning cached instance of singleton bean 'mvcUrlPathHelper'
12:00:15.874 [main] DEBUG org.springframework.beans.factory.support.DefaultListableBeanFactory - Eagerly caching bean 'viewControllerHandlerMapping' to allow for resolving potential circular references
12:00:15.874 [main] TRACE org.springframework.beans.CachedIntrospectionResults - Getting BeanInfo for class [org.springframework.web.servlet.config.annotation.WebMvcConfigurationSupport$EmptyHandlerMapping]
12:00:15.875 [main] TRACE org.springframework.beans.CachedIntrospectionResults - Caching PropertyDescriptors for class [org.springframework.web.servlet.config.annotation.WebMvcConfigurationSupport$EmptyHandlerMapping]
12:00:15.875 [main] TRACE org.springframework.beans.CachedIntrospectionResults - Found bean property 'alwaysUseFullPath' of type [boolean]
12:00:15.875 [main] TRACE org.springframework.beans.CachedIntrospectionResults - Found bean property 'applicationContext' of type [org.springframework.context.ApplicationContext]
12:00:15.875 [main] TRACE org.springframework.beans.CachedIntrospectionResults - Found bean property 'class' of type [java.lang.Class]
12:00:15.875 [main] TRACE org.springframework.beans.CachedIntrospectionResults - Found bean property 'corsConfigurations' of type [java.util.Map]
12:00:15.875 [main] TRACE org.springframework.beans.CachedIntrospectionResults - Found bean property 'corsProcessor' of type [org.springframework.web.cors.CorsProcessor]
12:00:15.875 [main] TRACE org.springframework.beans.CachedIntrospectionResults - Found bean property 'defaultHandler' of type [java.lang.Object]
12:00:15.875 [main] TRACE org.springframework.beans.CachedIntrospectionResults - Found bean property 'interceptors' of type [[Ljava.lang.Object;]
12:00:15.875 [main] TRACE org.springframework.beans.CachedIntrospectionResults - Found bean property 'order' of type [int]
12:00:15.875 [main] TRACE org.springframework.beans.CachedIntrospectionResults - Found bean property 'pathMatcher' of type [org.springframework.util.PathMatcher]
12:00:15.875 [main] TRACE org.springframework.beans.CachedIntrospectionResults - Found bean property 'removeSemicolonContent' of type [boolean]
12:00:15.875 [main] TRACE org.springframework.beans.CachedIntrospectionResults - Found bean property 'servletContext' of type [javax.servlet.ServletContext]
12:00:15.875 [main] TRACE org.springframework.beans.CachedIntrospectionResults - Found bean property 'urlDecode' of type [boolean]
12:00:15.875 [main] TRACE org.springframework.beans.CachedIntrospectionResults - Found bean property 'urlPathHelper' of type [org.springframework.web.util.UrlPathHelper]
12:00:15.877 [main] DEBUG org.springframework.beans.factory.support.DefaultListableBeanFactory - Returning cached instance of singleton bean 'org.springframework.transaction.config.internalTransactionAdvisor'
12:00:15.878 [main] DEBUG org.springframework.beans.factory.support.DefaultListableBeanFactory - Finished creating instance of bean 'viewControllerHandlerMapping'
12:00:15.878 [main] DEBUG org.springframework.beans.factory.support.DefaultListableBeanFactory - Creating shared instance of singleton bean 'beanNameHandlerMapping'
12:00:15.878 [main] DEBUG org.springframework.beans.factory.support.DefaultListableBeanFactory - Creating instance of bean 'beanNameHandlerMapping'
12:00:15.878 [main] DEBUG org.springframework.beans.factory.support.DefaultListableBeanFactory - Returning cached instance of singleton bean 'org.springframework.web.servlet.config.annotation.DelegatingWebMvcConfiguration'
12:00:15.879 [main] DEBUG org.springframework.beans.factory.support.DefaultListableBeanFactory - Eagerly caching bean 'beanNameHandlerMapping' to allow for resolving potential circular references
12:00:15.879 [main] TRACE org.springframework.beans.CachedIntrospectionResults - Getting BeanInfo for class [org.springframework.web.servlet.handler.BeanNameUrlHandlerMapping]
12:00:15.881 [main] TRACE org.springframework.beans.CachedIntrospectionResults - Caching PropertyDescriptors for class [org.springframework.web.servlet.handler.BeanNameUrlHandlerMapping]
12:00:15.881 [main] TRACE org.springframework.beans.CachedIntrospectionResults - Found bean property 'alwaysUseFullPath' of type [boolean]
12:00:15.881 [main] TRACE org.springframework.beans.CachedIntrospectionResults - Found bean property 'applicationContext' of type [org.springframework.context.ApplicationContext]
12:00:15.881 [main] TRACE org.springframework.beans.CachedIntrospectionResults - Found bean property 'class' of type [java.lang.Class]
12:00:15.881 [main] TRACE org.springframework.beans.CachedIntrospectionResults - Found bean property 'corsConfigurations' of type [java.util.Map]
12:00:15.881 [main] TRACE org.springframework.beans.CachedIntrospectionResults - Found bean property 'corsProcessor' of type [org.springframework.web.cors.CorsProcessor]
12:00:15.881 [main] TRACE org.springframework.beans.CachedIntrospectionResults - Found bean property 'defaultHandler' of type [java.lang.Object]
12:00:15.881 [main] TRACE org.springframework.beans.CachedIntrospectionResults - Found bean property 'detectHandlersInAncestorContexts' of type [boolean]
12:00:15.882 [main] TRACE org.springframework.beans.CachedIntrospectionResults - Found bean property 'handlerMap' of type [java.util.Map]
12:00:15.882 [main] TRACE org.springframework.beans.CachedIntrospectionResults - Found bean property 'interceptors' of type [[Ljava.lang.Object;]
12:00:15.882 [main] TRACE org.springframework.beans.CachedIntrospectionResults - Found bean property 'lazyInitHandlers' of type [boolean]
12:00:15.882 [main] TRACE org.springframework.beans.CachedIntrospectionResults - Found bean property 'order' of type [int]
12:00:15.882 [main] TRACE org.springframework.beans.CachedIntrospectionResults - Found bean property 'pathMatcher' of type [org.springframework.util.PathMatcher]
12:00:15.882 [main] TRACE org.springframework.beans.CachedIntrospectionResults - Found bean property 'removeSemicolonContent' of type [boolean]
12:00:15.882 [main] TRACE org.springframework.beans.CachedIntrospectionResults - Found bean property 'rootHandler' of type [java.lang.Object]
12:00:15.882 [main] TRACE org.springframework.beans.CachedIntrospectionResults - Found bean property 'servletContext' of type [javax.servlet.ServletContext]
12:00:15.882 [main] TRACE org.springframework.beans.CachedIntrospectionResults - Found bean property 'urlDecode' of type [boolean]
12:00:15.882 [main] TRACE org.springframework.beans.CachedIntrospectionResults - Found bean property 'urlPathHelper' of type [org.springframework.web.util.UrlPathHelper]
12:00:15.882 [main] TRACE org.springframework.beans.CachedIntrospectionResults - Found bean property 'useTrailingSlashMatch' of type [boolean]
12:00:15.884 [main] DEBUG org.springframework.web.servlet.handler.BeanNameUrlHandlerMapping - Looking for URL mappings in application context: org.springframework.web.context.support.GenericWebApplicationContext@12591ac8: startup date [Mon Feb 17 12:00:14 MSK 2020]; root of context hierarchy
12:00:15.884 [main] DEBUG org.springframework.web.servlet.handler.BeanNameUrlHandlerMapping - Rejected bean name 'org.springframework.context.annotation.internalConfigurationAnnotationProcessor': no URL paths identified
12:00:15.884 [main] DEBUG org.springframework.web.servlet.handler.BeanNameUrlHandlerMapping - Rejected bean name 'org.springframework.context.annotation.internalAutowiredAnnotationProcessor': no URL paths identified
12:00:15.884 [main] DEBUG org.springframework.web.servlet.handler.BeanNameUrlHandlerMapping - Rejected bean name 'org.springframework.context.annotation.internalRequiredAnnotationProcessor': no URL paths identified
12:00:15.884 [main] DEBUG org.springframework.web.servlet.handler.BeanNameUrlHandlerMapping - Rejected bean name 'org.springframework.context.annotation.internalCommonAnnotationProcessor': no URL paths identified
12:00:15.884 [main] DEBUG org.springframework.web.servlet.handler.BeanNameUrlHandlerMapping - Rejected bean name 'org.springframework.context.annotation.internalPersistenceAnnotationProcessor': no URL paths identified
12:00:15.884 [main] DEBUG org.springframework.web.servlet.handler.BeanNameUrlHandlerMapping - Rejected bean name 'org.springframework.context.event.internalEventListenerProcessor': no URL paths identified
12:00:15.884 [main] DEBUG org.springframework.web.servlet.handler.BeanNameUrlHandlerMapping - Rejected bean name 'org.springframework.context.event.internalEventListenerFactory': no URL paths identified
12:00:15.884 [main] DEBUG org.springframework.web.servlet.handler.BeanNameUrlHandlerMapping - Rejected bean name 'appConfig': no URL paths identified
12:00:15.884 [main] DEBUG org.springframework.web.servlet.handler.BeanNameUrlHandlerMapping - Rejected bean name 'dataAccessConfig': no URL paths identified
12:00:15.885 [main] DEBUG org.springframework.web.servlet.handler.BeanNameUrlHandlerMapping - Rejected bean name 'eshopController': no URL paths identified
12:00:15.885 [main] DEBUG org.springframework.web.servlet.handler.BeanNameUrlHandlerMapping - Rejected bean name 'messageSource': no URL paths identified
12:00:15.885 [main] DEBUG org.springframework.web.servlet.handler.BeanNameUrlHandlerMapping - Rejected bean name 'org.springframework.web.servlet.config.annotation.DelegatingWebMvcConfiguration': no URL paths identified
12:00:15.885 [main] DEBUG org.springframework.web.servlet.handler.BeanNameUrlHandlerMapping - Rejected bean name 'requestMappingHandlerMapping': no URL paths identified
12:00:15.885 [main] DEBUG org.springframework.web.servlet.handler.BeanNameUrlHandlerMapping - Rejected bean name 'mvcPathMatcher': no URL paths identified
12:00:15.885 [main] DEBUG org.springframework.web.servlet.handler.BeanNameUrlHandlerMapping - Rejected bean name 'mvcUrlPathHelper': no URL paths identified
12:00:15.885 [main] DEBUG org.springframework.web.servlet.handler.BeanNameUrlHandlerMapping - Rejected bean name 'mvcContentNegotiationManager': no URL paths identified
12:00:15.885 [main] DEBUG org.springframework.web.servlet.handler.BeanNameUrlHandlerMapping - Rejected bean name 'viewControllerHandlerMapping': no URL paths identified
12:00:15.885 [main] DEBUG org.springframework.web.servlet.handler.BeanNameUrlHandlerMapping - Rejected bean name 'beanNameHandlerMapping': no URL paths identified
12:00:15.885 [main] DEBUG org.springframework.web.servlet.handler.BeanNameUrlHandlerMapping - Rejected bean name 'resourceHandlerMapping': no URL paths identified
12:00:15.885 [main] DEBUG org.springframework.web.servlet.handler.BeanNameUrlHandlerMapping - Rejected bean name 'mvcResourceUrlProvider': no URL paths identified
12:00:15.885 [main] DEBUG org.springframework.web.servlet.handler.BeanNameUrlHandlerMapping - Rejected bean name 'defaultServletHandlerMapping': no URL paths identified
12:00:15.885 [main] DEBUG org.springframework.web.servlet.handler.BeanNameUrlHandlerMapping - Rejected bean name 'requestMappingHandlerAdapter': no URL paths identified
12:00:15.885 [main] DEBUG org.springframework.web.servlet.handler.BeanNameUrlHandlerMapping - Rejected bean name 'mvcConversionService': no URL paths identified
12:00:15.885 [main] DEBUG org.springframework.web.servlet.handler.BeanNameUrlHandlerMapping - Rejected bean name 'mvcValidator': no URL paths identified
12:00:15.885 [main] DEBUG org.springframework.web.servlet.handler.BeanNameUrlHandlerMapping - Rejected bean name 'mvcUriComponentsContributor': no URL paths identified
12:00:15.885 [main] DEBUG org.springframework.web.servlet.handler.BeanNameUrlHandlerMapping - Rejected bean name 'httpRequestHandlerAdapter': no URL paths identified
12:00:15.885 [main] DEBUG org.springframework.web.servlet.handler.BeanNameUrlHandlerMapping - Rejected bean name 'simpleControllerHandlerAdapter': no URL paths identified
12:00:15.885 [main] DEBUG org.springframework.web.servlet.handler.BeanNameUrlHandlerMapping - Rejected bean name 'handlerExceptionResolver': no URL paths identified
12:00:15.885 [main] DEBUG org.springframework.web.servlet.handler.BeanNameUrlHandlerMapping - Rejected bean name 'mvcViewResolver': no URL paths identified
12:00:15.885 [main] DEBUG org.springframework.web.servlet.handler.BeanNameUrlHandlerMapping - Rejected bean name 'mvcHandlerMappingIntrospector': no URL paths identified
12:00:15.885 [main] DEBUG org.springframework.web.servlet.handler.BeanNameUrlHandlerMapping - Rejected bean name 'viewResolver': no URL paths identified
12:00:15.885 [main] DEBUG org.springframework.web.servlet.handler.BeanNameUrlHandlerMapping - Rejected bean name 'templateEngine': no URL paths identified
12:00:15.886 [main] DEBUG org.springframework.web.servlet.handler.BeanNameUrlHandlerMapping - Rejected bean name 'templateResolver': no URL paths identified
12:00:15.886 [main] DEBUG org.springframework.web.servlet.handler.BeanNameUrlHandlerMapping - Rejected bean name 'localeResolver': no URL paths identified
12:00:15.886 [main] DEBUG org.springframework.web.servlet.handler.BeanNameUrlHandlerMapping - Rejected bean name 'org.springframework.transaction.annotation.ProxyTransactionManagementConfiguration': no URL paths identified
12:00:15.886 [main] DEBUG org.springframework.web.servlet.handler.BeanNameUrlHandlerMapping - Rejected bean name 'org.springframework.transaction.config.internalTransactionAdvisor': no URL paths identified
12:00:15.886 [main] DEBUG org.springframework.web.servlet.handler.BeanNameUrlHandlerMapping - Rejected bean name 'transactionAttributeSource': no URL paths identified
12:00:15.886 [main] DEBUG org.springframework.web.servlet.handler.BeanNameUrlHandlerMapping - Rejected bean name 'transactionInterceptor': no URL paths identified
12:00:15.886 [main] DEBUG org.springframework.web.servlet.handler.BeanNameUrlHandlerMapping - Rejected bean name 'org.springframework.transaction.config.internalTransactionalEventListenerFactory': no URL paths identified
12:00:15.886 [main] DEBUG org.springframework.web.servlet.handler.BeanNameUrlHandlerMapping - Rejected bean name 'DataSourceBean': no URL paths identified
12:00:15.886 [main] DEBUG org.springframework.web.servlet.handler.BeanNameUrlHandlerMapping - Rejected bean name 'SessionFactory': no URL paths identified
12:00:15.886 [main] DEBUG org.springframework.web.servlet.handler.BeanNameUrlHandlerMapping - Rejected bean name 'getDevLocaleDAO': no URL paths identified
12:00:15.886 [main] DEBUG org.springframework.web.servlet.handler.BeanNameUrlHandlerMapping - Rejected bean name 'transactionManager': no URL paths identified
12:00:15.886 [main] DEBUG org.springframework.web.servlet.handler.BeanNameUrlHandlerMapping - Rejected bean name 'org.springframework.aop.config.internalAutoProxyCreator': no URL paths identified
12:00:15.886 [main] DEBUG org.springframework.web.servlet.handler.BeanNameUrlHandlerMapping - Rejected bean name 'environment': no URL paths identified
12:00:15.886 [main] DEBUG org.springframework.web.servlet.handler.BeanNameUrlHandlerMapping - Rejected bean name 'systemProperties': no URL paths identified
12:00:15.886 [main] DEBUG org.springframework.web.servlet.handler.BeanNameUrlHandlerMapping - Rejected bean name 'systemEnvironment': no URL paths identified
12:00:15.886 [main] DEBUG org.springframework.web.servlet.handler.BeanNameUrlHandlerMapping - Rejected bean name 'servletContext': no URL paths identified
12:00:15.886 [main] DEBUG org.springframework.web.servlet.handler.BeanNameUrlHandlerMapping - Rejected bean name 'contextParameters': no URL paths identified
12:00:15.886 [main] DEBUG org.springframework.web.servlet.handler.BeanNameUrlHandlerMapping - Rejected bean name 'contextAttributes': no URL paths identified
12:00:15.886 [main] DEBUG org.springframework.web.servlet.handler.BeanNameUrlHandlerMapping - Rejected bean name 'org.springframework.context.annotation.ConfigurationClassPostProcessor.importRegistry': no URL paths identified
12:00:15.886 [main] DEBUG org.springframework.web.servlet.handler.BeanNameUrlHandlerMapping - Rejected bean name 'applicationEventMulticaster': no URL paths identified
12:00:15.886 [main] DEBUG org.springframework.beans.factory.support.DefaultListableBeanFactory - Returning cached instance of singleton bean 'org.springframework.transaction.config.internalTransactionAdvisor'
12:00:15.887 [main] DEBUG org.springframework.beans.factory.support.DefaultListableBeanFactory - Finished creating instance of bean 'beanNameHandlerMapping'
12:00:15.887 [main] DEBUG org.springframework.beans.factory.support.DefaultListableBeanFactory - Creating shared instance of singleton bean 'resourceHandlerMapping'
12:00:15.887 [main] DEBUG org.springframework.beans.factory.support.DefaultListableBeanFactory - Creating instance of bean 'resourceHandlerMapping'
12:00:15.887 [main] DEBUG org.springframework.beans.factory.support.DefaultListableBeanFactory - Returning cached instance of singleton bean 'org.springframework.web.servlet.config.annotation.DelegatingWebMvcConfiguration'
12:00:15.888 [main] DEBUG org.springframework.beans.factory.support.DefaultListableBeanFactory - Returning cached instance of singleton bean 'mvcContentNegotiationManager'
12:00:15.888 [main] DEBUG org.springframework.beans.factory.support.DefaultListableBeanFactory - Returning cached instance of singleton bean 'mvcUrlPathHelper'
12:00:15.893 [main] DEBUG org.springframework.beans.factory.support.DefaultListableBeanFactory - Returning cached instance of singleton bean 'mvcPathMatcher'
12:00:15.893 [main] DEBUG org.springframework.beans.factory.support.DefaultListableBeanFactory - Returning cached instance of singleton bean 'mvcUrlPathHelper'
12:00:15.894 [main] DEBUG org.springframework.beans.factory.support.DefaultListableBeanFactory - Eagerly caching bean 'resourceHandlerMapping' to allow for resolving potential circular references
12:00:15.894 [main] TRACE org.springframework.beans.CachedIntrospectionResults - Getting BeanInfo for class [org.springframework.web.servlet.handler.SimpleUrlHandlerMapping]
12:00:15.895 [main] TRACE org.springframework.beans.CachedIntrospectionResults - Caching PropertyDescriptors for class [org.springframework.web.servlet.handler.SimpleUrlHandlerMapping]
12:00:15.895 [main] TRACE org.springframework.beans.CachedIntrospectionResults - Found bean property 'alwaysUseFullPath' of type [boolean]
12:00:15.895 [main] TRACE org.springframework.beans.CachedIntrospectionResults - Found bean property 'applicationContext' of type [org.springframework.context.ApplicationContext]
12:00:15.895 [main] TRACE org.springframework.beans.CachedIntrospectionResults - Found bean property 'class' of type [java.lang.Class]
12:00:15.895 [main] TRACE org.springframework.beans.CachedIntrospectionResults - Found bean property 'corsConfigurations' of type [java.util.Map]
12:00:15.895 [main] TRACE org.springframework.beans.CachedIntrospectionResults - Found bean property 'corsProcessor' of type [org.springframework.web.cors.CorsProcessor]
12:00:15.895 [main] TRACE org.springframework.beans.CachedIntrospectionResults - Found bean property 'defaultHandler' of type [java.lang.Object]
12:00:15.895 [main] TRACE org.springframework.beans.CachedIntrospectionResults - Found bean property 'handlerMap' of type [java.util.Map]
12:00:15.895 [main] TRACE org.springframework.beans.CachedIntrospectionResults - Found bean property 'interceptors' of type [[Ljava.lang.Object;]
12:00:15.895 [main] TRACE org.springframework.beans.CachedIntrospectionResults - Found bean property 'lazyInitHandlers' of type [boolean]
12:00:15.895 [main] TRACE org.springframework.beans.CachedIntrospectionResults - Found bean property 'mappings' of type [java.util.Properties]
12:00:15.895 [main] TRACE org.springframework.beans.CachedIntrospectionResults - Found bean property 'order' of type [int]
12:00:15.895 [main] TRACE org.springframework.beans.CachedIntrospectionResults - Found bean property 'pathMatcher' of type [org.springframework.util.PathMatcher]
12:00:15.895 [main] TRACE org.springframework.beans.CachedIntrospectionResults - Found bean property 'removeSemicolonContent' of type [boolean]
12:00:15.896 [main] TRACE org.springframework.beans.CachedIntrospectionResults - Found bean property 'rootHandler' of type [java.lang.Object]
12:00:15.896 [main] TRACE org.springframework.beans.CachedIntrospectionResults - Found bean property 'servletContext' of type [javax.servlet.ServletContext]
12:00:15.896 [main] TRACE org.springframework.beans.CachedIntrospectionResults - Found bean property 'urlDecode' of type [boolean]
12:00:15.896 [main] TRACE org.springframework.beans.CachedIntrospectionResults - Found bean property 'urlMap' of type [java.util.Map]
12:00:15.896 [main] TRACE org.springframework.beans.CachedIntrospectionResults - Found bean property 'urlPathHelper' of type [org.springframework.web.util.UrlPathHelper]
12:00:15.896 [main] TRACE org.springframework.beans.CachedIntrospectionResults - Found bean property 'useTrailingSlashMatch' of type [boolean]
12:00:15.898 [main] INFO  org.springframework.web.servlet.handler.SimpleUrlHandlerMapping - Mapped URL path [/img/**] onto handler of type [class org.springframework.web.servlet.resource.ResourceHttpRequestHandler]
12:00:15.898 [main] INFO  org.springframework.web.servlet.handler.SimpleUrlHandlerMapping - Mapped URL path [/css/**] onto handler of type [class org.springframework.web.servlet.resource.ResourceHttpRequestHandler]
12:00:15.898 [main] INFO  org.springframework.web.servlet.handler.SimpleUrlHandlerMapping - Mapped URL path [/js/**] onto handler of type [class org.springframework.web.servlet.resource.ResourceHttpRequestHandler]
12:00:15.898 [main] DEBUG org.springframework.beans.factory.support.DefaultListableBeanFactory - Returning cached instance of singleton bean 'org.springframework.transaction.config.internalTransactionAdvisor'
12:00:15.899 [main] DEBUG org.springframework.beans.factory.support.DefaultListableBeanFactory - Finished creating instance of bean 'resourceHandlerMapping'
12:00:15.899 [main] DEBUG org.springframework.beans.factory.support.DefaultListableBeanFactory - Returning cached instance of singleton bean 'mvcResourceUrlProvider'
12:00:15.899 [main] DEBUG org.springframework.beans.factory.support.DefaultListableBeanFactory - Creating shared instance of singleton bean 'defaultServletHandlerMapping'
12:00:15.899 [main] DEBUG org.springframework.beans.factory.support.DefaultListableBeanFactory - Creating instance of bean 'defaultServletHandlerMapping'
12:00:15.900 [main] DEBUG org.springframework.beans.factory.support.DefaultListableBeanFactory - Returning cached instance of singleton bean 'org.springframework.web.servlet.config.annotation.DelegatingWebMvcConfiguration'
12:00:15.900 [main] DEBUG org.springframework.beans.factory.support.DefaultListableBeanFactory - Eagerly caching bean 'defaultServletHandlerMapping' to allow for resolving potential circular references
12:00:15.900 [main] DEBUG org.springframework.beans.factory.support.DefaultListableBeanFactory - Returning cached instance of singleton bean 'org.springframework.transaction.config.internalTransactionAdvisor'
12:00:15.901 [main] DEBUG org.springframework.beans.factory.support.DefaultListableBeanFactory - Finished creating instance of bean 'defaultServletHandlerMapping'
12:00:15.901 [main] DEBUG org.springframework.beans.factory.support.DefaultListableBeanFactory - Creating shared instance of singleton bean 'requestMappingHandlerAdapter'
12:00:15.901 [main] DEBUG org.springframework.beans.factory.support.DefaultListableBeanFactory - Creating instance of bean 'requestMappingHandlerAdapter'
12:00:15.901 [main] DEBUG org.springframework.beans.factory.support.DefaultListableBeanFactory - Returning cached instance of singleton bean 'org.springframework.web.servlet.config.annotation.DelegatingWebMvcConfiguration'
12:00:16.069 [main] DEBUG org.springframework.beans.factory.support.DefaultListableBeanFactory - Returning cached instance of singleton bean 'mvcContentNegotiationManager'
12:00:16.071 [main] DEBUG org.springframework.beans.factory.support.DefaultListableBeanFactory - Returning cached instance of singleton bean 'mvcConversionService'
12:00:16.072 [main] DEBUG org.springframework.beans.factory.support.DefaultListableBeanFactory - Creating shared instance of singleton bean 'mvcValidator'
12:00:16.072 [main] DEBUG org.springframework.beans.factory.support.DefaultListableBeanFactory - Creating instance of bean 'mvcValidator'
12:00:16.072 [main] DEBUG org.springframework.beans.factory.support.DefaultListableBeanFactory - Returning cached instance of singleton bean 'org.springframework.web.servlet.config.annotation.DelegatingWebMvcConfiguration'
12:00:16.072 [main] DEBUG org.springframework.beans.factory.support.DefaultListableBeanFactory - Eagerly caching bean 'mvcValidator' to allow for resolving potential circular references
12:00:16.072 [main] TRACE org.springframework.beans.CachedIntrospectionResults - Getting BeanInfo for class [org.springframework.web.servlet.config.annotation.WebMvcConfigurationSupport$NoOpValidator]
12:00:16.073 [main] TRACE org.springframework.beans.CachedIntrospectionResults - Caching PropertyDescriptors for class [org.springframework.web.servlet.config.annotation.WebMvcConfigurationSupport$NoOpValidator]
12:00:16.073 [main] TRACE org.springframework.beans.CachedIntrospectionResults - Found bean property 'class' of type [java.lang.Class]
12:00:16.074 [main] DEBUG org.springframework.beans.factory.support.DefaultListableBeanFactory - Returning cached instance of singleton bean 'org.springframework.transaction.config.internalTransactionAdvisor'
12:00:16.074 [main] DEBUG org.springframework.beans.factory.support.DefaultListableBeanFactory - Finished creating instance of bean 'mvcValidator'
12:00:16.078 [main] DEBUG org.springframework.beans.factory.support.DefaultListableBeanFactory - Eagerly caching bean 'requestMappingHandlerAdapter' to allow for resolving potential circular references
12:00:16.078 [main] TRACE org.springframework.beans.CachedIntrospectionResults - Getting BeanInfo for class [org.springframework.web.servlet.mvc.method.annotation.RequestMappingHandlerAdapter]
12:00:16.081 [main] TRACE org.springframework.beans.CachedIntrospectionResults - Caching PropertyDescriptors for class [org.springframework.web.servlet.mvc.method.annotation.RequestMappingHandlerAdapter]
12:00:16.081 [main] TRACE org.springframework.beans.CachedIntrospectionResults - Found bean property 'alwaysMustRevalidate' of type [boolean]
12:00:16.081 [main] TRACE org.springframework.beans.CachedIntrospectionResults - Found bean property 'applicationContext' of type [org.springframework.context.ApplicationContext]
12:00:16.082 [main] TRACE org.springframework.beans.CachedIntrospectionResults - Found bean property 'argumentResolvers' of type [java.util.List]
12:00:16.082 [main] TRACE org.springframework.beans.CachedIntrospectionResults - Found bean property 'asyncRequestTimeout' of type [long]
12:00:16.082 [main] TRACE org.springframework.beans.CachedIntrospectionResults - Found bean property 'beanFactory' of type [org.springframework.beans.factory.BeanFactory]
12:00:16.082 [main] TRACE org.springframework.beans.CachedIntrospectionResults - Found bean property 'cacheControl' of type [org.springframework.http.CacheControl]
12:00:16.082 [main] TRACE org.springframework.beans.CachedIntrospectionResults - Found bean property 'cacheSeconds' of type [int]
12:00:16.082 [main] TRACE org.springframework.beans.CachedIntrospectionResults - Found bean property 'cacheSecondsForSessionAttributeHandlers' of type [int]
12:00:16.082 [main] TRACE org.springframework.beans.CachedIntrospectionResults - Found bean property 'callableInterceptors' of type [java.util.List]
12:00:16.082 [main] TRACE org.springframework.beans.CachedIntrospectionResults - Found bean property 'class' of type [java.lang.Class]
12:00:16.082 [main] TRACE org.springframework.beans.CachedIntrospectionResults - Found bean property 'contentNegotiationManager' of type [org.springframework.web.accept.ContentNegotiationManager]
12:00:16.082 [main] TRACE org.springframework.beans.CachedIntrospectionResults - Found bean property 'customArgumentResolvers' of type [java.util.List]
12:00:16.082 [main] TRACE org.springframework.beans.CachedIntrospectionResults - Found bean property 'customReturnValueHandlers' of type [java.util.List]
12:00:16.082 [main] TRACE org.springframework.beans.CachedIntrospectionResults - Found bean property 'deferredResultInterceptors' of type [java.util.List]
12:00:16.082 [main] TRACE org.springframework.beans.CachedIntrospectionResults - Found bean property 'ignoreDefaultModelOnRedirect' of type [boolean]
12:00:16.082 [main] TRACE org.springframework.beans.CachedIntrospectionResults - Found bean property 'initBinderArgumentResolvers' of type [java.util.List]
12:00:16.082 [main] TRACE org.springframework.beans.CachedIntrospectionResults - Found bean property 'messageConverters' of type [java.util.List]
12:00:16.082 [main] TRACE org.springframework.beans.CachedIntrospectionResults - Found bean property 'modelAndViewResolvers' of type [java.util.List]
12:00:16.083 [main] TRACE org.springframework.beans.CachedIntrospectionResults - Found bean property 'order' of type [int]
12:00:16.083 [main] TRACE org.springframework.beans.CachedIntrospectionResults - Found bean property 'parameterNameDiscoverer' of type [org.springframework.core.ParameterNameDiscoverer]
12:00:16.083 [main] TRACE org.springframework.beans.CachedIntrospectionResults - Found bean property 'reactiveAdapterRegistry' of type [org.springframework.core.ReactiveAdapterRegistry]
12:00:16.083 [main] TRACE org.springframework.beans.CachedIntrospectionResults - Found bean property 'reactiveRegistry' of type [org.springframework.core.ReactiveAdapterRegistry]
12:00:16.083 [main] TRACE org.springframework.beans.CachedIntrospectionResults - Found bean property 'requestBodyAdvice' of type [java.util.List]
12:00:16.083 [main] TRACE org.springframework.beans.CachedIntrospectionResults - Found bean property 'requireSession' of type [boolean]
12:00:16.083 [main] TRACE org.springframework.beans.CachedIntrospectionResults - Found bean property 'responseBodyAdvice' of type [java.util.List]
12:00:16.083 [main] TRACE org.springframework.beans.CachedIntrospectionResults - Found bean property 'returnValueHandlers' of type [java.util.List]
12:00:16.083 [main] TRACE org.springframework.beans.CachedIntrospectionResults - Found bean property 'servletContext' of type [javax.servlet.ServletContext]
12:00:16.083 [main] TRACE org.springframework.beans.CachedIntrospectionResults - Found bean property 'sessionAttributeStore' of type [org.springframework.web.bind.support.SessionAttributeStore]
12:00:16.083 [main] TRACE org.springframework.beans.CachedIntrospectionResults - Found bean property 'supportedMethods' of type [[Ljava.lang.String;]
12:00:16.083 [main] TRACE org.springframework.beans.CachedIntrospectionResults - Found bean property 'synchronizeOnSession' of type [boolean]
12:00:16.083 [main] TRACE org.springframework.beans.CachedIntrospectionResults - Found bean property 'taskExecutor' of type [org.springframework.core.task.AsyncTaskExecutor]
12:00:16.083 [main] TRACE org.springframework.beans.CachedIntrospectionResults - Found bean property 'useCacheControlHeader' of type [boolean]
12:00:16.083 [main] TRACE org.springframework.beans.CachedIntrospectionResults - Found bean property 'useCacheControlNoStore' of type [boolean]
12:00:16.083 [main] TRACE org.springframework.beans.CachedIntrospectionResults - Found bean property 'useExpiresHeader' of type [boolean]
12:00:16.083 [main] TRACE org.springframework.beans.CachedIntrospectionResults - Found bean property 'varyByRequestHeaders' of type [[Ljava.lang.String;]
12:00:16.083 [main] TRACE org.springframework.beans.CachedIntrospectionResults - Found bean property 'webBindingInitializer' of type [org.springframework.web.bind.support.WebBindingInitializer]
12:00:16.086 [main] DEBUG org.springframework.beans.factory.support.DefaultListableBeanFactory - Invoking afterPropertiesSet() on bean with name 'requestMappingHandlerAdapter'
12:00:16.086 [main] INFO  org.springframework.web.servlet.mvc.method.annotation.RequestMappingHandlerAdapter - Looking for @ControllerAdvice: org.springframework.web.context.support.GenericWebApplicationContext@12591ac8: startup date [Mon Feb 17 12:00:14 MSK 2020]; root of context hierarchy
12:00:16.105 [main] DEBUG org.springframework.beans.factory.support.DefaultListableBeanFactory - Returning cached instance of singleton bean 'org.springframework.transaction.config.internalTransactionAdvisor'
12:00:16.106 [main] DEBUG org.springframework.beans.factory.support.DefaultListableBeanFactory - Finished creating instance of bean 'requestMappingHandlerAdapter'
12:00:16.106 [main] DEBUG org.springframework.beans.factory.support.DefaultListableBeanFactory - Returning cached instance of singleton bean 'mvcConversionService'
12:00:16.106 [main] DEBUG org.springframework.beans.factory.support.DefaultListableBeanFactory - Returning cached instance of singleton bean 'mvcValidator'
12:00:16.106 [main] DEBUG org.springframework.beans.factory.support.DefaultListableBeanFactory - Creating shared instance of singleton bean 'mvcUriComponentsContributor'
12:00:16.106 [main] DEBUG org.springframework.beans.factory.support.DefaultListableBeanFactory - Creating instance of bean 'mvcUriComponentsContributor'
12:00:16.106 [main] DEBUG org.springframework.beans.factory.support.DefaultListableBeanFactory - Returning cached instance of singleton bean 'org.springframework.web.servlet.config.annotation.DelegatingWebMvcConfiguration'
12:00:16.107 [main] DEBUG org.springframework.beans.factory.support.DefaultListableBeanFactory - Returning cached instance of singleton bean 'requestMappingHandlerAdapter'
12:00:16.107 [main] DEBUG org.springframework.beans.factory.support.DefaultListableBeanFactory - Returning cached instance of singleton bean 'mvcConversionService'
12:00:16.108 [main] DEBUG org.springframework.beans.factory.support.DefaultListableBeanFactory - Eagerly caching bean 'mvcUriComponentsContributor' to allow for resolving potential circular references
12:00:16.108 [main] TRACE org.springframework.beans.CachedIntrospectionResults - Getting BeanInfo for class [org.springframework.web.method.support.CompositeUriComponentsContributor]
12:00:16.109 [main] TRACE org.springframework.beans.CachedIntrospectionResults - Caching PropertyDescriptors for class [org.springframework.web.method.support.CompositeUriComponentsContributor]
12:00:16.109 [main] TRACE org.springframework.beans.CachedIntrospectionResults - Found bean property 'class' of type [java.lang.Class]
12:00:16.110 [main] DEBUG org.springframework.beans.factory.support.DefaultListableBeanFactory - Returning cached instance of singleton bean 'org.springframework.transaction.config.internalTransactionAdvisor'
12:00:16.110 [main] DEBUG org.springframework.beans.factory.support.DefaultListableBeanFactory - Finished creating instance of bean 'mvcUriComponentsContributor'
12:00:16.110 [main] DEBUG org.springframework.beans.factory.support.DefaultListableBeanFactory - Creating shared instance of singleton bean 'httpRequestHandlerAdapter'
12:00:16.110 [main] DEBUG org.springframework.beans.factory.support.DefaultListableBeanFactory - Creating instance of bean 'httpRequestHandlerAdapter'
12:00:16.110 [main] DEBUG org.springframework.beans.factory.support.DefaultListableBeanFactory - Returning cached instance of singleton bean 'org.springframework.web.servlet.config.annotation.DelegatingWebMvcConfiguration'
12:00:16.111 [main] DEBUG org.springframework.beans.factory.support.DefaultListableBeanFactory - Eagerly caching bean 'httpRequestHandlerAdapter' to allow for resolving potential circular references
12:00:16.111 [main] TRACE org.springframework.beans.CachedIntrospectionResults - Getting BeanInfo for class [org.springframework.web.servlet.mvc.HttpRequestHandlerAdapter]
12:00:16.111 [main] TRACE org.springframework.beans.CachedIntrospectionResults - Caching PropertyDescriptors for class [org.springframework.web.servlet.mvc.HttpRequestHandlerAdapter]
12:00:16.111 [main] TRACE org.springframework.beans.CachedIntrospectionResults - Found bean property 'class' of type [java.lang.Class]
12:00:16.112 [main] DEBUG org.springframework.beans.factory.support.DefaultListableBeanFactory - Returning cached instance of singleton bean 'org.springframework.transaction.config.internalTransactionAdvisor'
12:00:16.112 [main] DEBUG org.springframework.beans.factory.support.DefaultListableBeanFactory - Finished creating instance of bean 'httpRequestHandlerAdapter'
12:00:16.112 [main] DEBUG org.springframework.beans.factory.support.DefaultListableBeanFactory - Creating shared instance of singleton bean 'simpleControllerHandlerAdapter'
12:00:16.112 [main] DEBUG org.springframework.beans.factory.support.DefaultListableBeanFactory - Creating instance of bean 'simpleControllerHandlerAdapter'
12:00:16.112 [main] DEBUG org.springframework.beans.factory.support.DefaultListableBeanFactory - Returning cached instance of singleton bean 'org.springframework.web.servlet.config.annotation.DelegatingWebMvcConfiguration'
12:00:16.113 [main] DEBUG org.springframework.beans.factory.support.DefaultListableBeanFactory - Eagerly caching bean 'simpleControllerHandlerAdapter' to allow for resolving potential circular references
12:00:16.113 [main] TRACE org.springframework.beans.CachedIntrospectionResults - Getting BeanInfo for class [org.springframework.web.servlet.mvc.SimpleControllerHandlerAdapter]
12:00:16.113 [main] TRACE org.springframework.beans.CachedIntrospectionResults - Caching PropertyDescriptors for class [org.springframework.web.servlet.mvc.SimpleControllerHandlerAdapter]
12:00:16.114 [main] TRACE org.springframework.beans.CachedIntrospectionResults - Found bean property 'class' of type [java.lang.Class]
12:00:16.114 [main] DEBUG org.springframework.beans.factory.support.DefaultListableBeanFactory - Returning cached instance of singleton bean 'org.springframework.transaction.config.internalTransactionAdvisor'
12:00:16.114 [main] DEBUG org.springframework.beans.factory.support.DefaultListableBeanFactory - Finished creating instance of bean 'simpleControllerHandlerAdapter'
12:00:16.114 [main] DEBUG org.springframework.beans.factory.support.DefaultListableBeanFactory - Creating shared instance of singleton bean 'handlerExceptionResolver'
12:00:16.114 [main] DEBUG org.springframework.beans.factory.support.DefaultListableBeanFactory - Creating instance of bean 'handlerExceptionResolver'
12:00:16.114 [main] DEBUG org.springframework.beans.factory.support.DefaultListableBeanFactory - Returning cached instance of singleton bean 'org.springframework.web.servlet.config.annotation.DelegatingWebMvcConfiguration'
12:00:16.117 [main] DEBUG org.springframework.beans.factory.support.DefaultListableBeanFactory - Returning cached instance of singleton bean 'mvcContentNegotiationManager'
12:00:16.117 [main] DEBUG org.springframework.web.servlet.mvc.method.annotation.ExceptionHandlerExceptionResolver - Looking for exception mappings: org.springframework.web.context.support.GenericWebApplicationContext@12591ac8: startup date [Mon Feb 17 12:00:14 MSK 2020]; root of context hierarchy
12:00:16.120 [main] DEBUG org.springframework.beans.factory.support.DefaultListableBeanFactory - Eagerly caching bean 'handlerExceptionResolver' to allow for resolving potential circular references
12:00:16.120 [main] TRACE org.springframework.beans.CachedIntrospectionResults - Getting BeanInfo for class [org.springframework.web.servlet.handler.HandlerExceptionResolverComposite]
12:00:16.121 [main] TRACE org.springframework.beans.CachedIntrospectionResults - Caching PropertyDescriptors for class [org.springframework.web.servlet.handler.HandlerExceptionResolverComposite]
12:00:16.121 [main] TRACE org.springframework.beans.CachedIntrospectionResults - Found bean property 'class' of type [java.lang.Class]
12:00:16.121 [main] TRACE org.springframework.beans.CachedIntrospectionResults - Found bean property 'exceptionResolvers' of type [java.util.List]
12:00:16.121 [main] TRACE org.springframework.beans.CachedIntrospectionResults - Found bean property 'order' of type [int]
12:00:16.122 [main] DEBUG org.springframework.beans.factory.support.DefaultListableBeanFactory - Returning cached instance of singleton bean 'org.springframework.transaction.config.internalTransactionAdvisor'
12:00:16.122 [main] DEBUG org.springframework.beans.factory.support.DefaultListableBeanFactory - Finished creating instance of bean 'handlerExceptionResolver'
12:00:16.122 [main] DEBUG org.springframework.beans.factory.support.DefaultListableBeanFactory - Creating shared instance of singleton bean 'mvcViewResolver'
12:00:16.122 [main] DEBUG org.springframework.beans.factory.support.DefaultListableBeanFactory - Creating instance of bean 'mvcViewResolver'
12:00:16.123 [main] DEBUG org.springframework.beans.factory.support.DefaultListableBeanFactory - Returning cached instance of singleton bean 'org.springframework.web.servlet.config.annotation.DelegatingWebMvcConfiguration'
12:00:16.125 [main] DEBUG org.springframework.beans.factory.support.DefaultListableBeanFactory - Returning cached instance of singleton bean 'mvcContentNegotiationManager'
12:00:16.126 [main] DEBUG org.springframework.beans.factory.support.DefaultListableBeanFactory - Eagerly caching bean 'mvcViewResolver' to allow for resolving potential circular references
12:00:16.126 [main] TRACE org.springframework.beans.CachedIntrospectionResults - Getting BeanInfo for class [org.springframework.web.servlet.view.ViewResolverComposite]
12:00:16.126 [main] TRACE org.springframework.beans.CachedIntrospectionResults - Caching PropertyDescriptors for class [org.springframework.web.servlet.view.ViewResolverComposite]
12:00:16.127 [main] TRACE org.springframework.beans.CachedIntrospectionResults - Found bean property 'applicationContext' of type [org.springframework.context.ApplicationContext]
12:00:16.127 [main] TRACE org.springframework.beans.CachedIntrospectionResults - Found bean property 'class' of type [java.lang.Class]
12:00:16.127 [main] TRACE org.springframework.beans.CachedIntrospectionResults - Found bean property 'order' of type [int]
12:00:16.127 [main] TRACE org.springframework.beans.CachedIntrospectionResults - Found bean property 'servletContext' of type [javax.servlet.ServletContext]
12:00:16.127 [main] TRACE org.springframework.beans.CachedIntrospectionResults - Found bean property 'viewResolvers' of type [java.util.List]
12:00:16.128 [main] DEBUG org.springframework.beans.factory.support.DefaultListableBeanFactory - Invoking afterPropertiesSet() on bean with name 'mvcViewResolver'
12:00:16.128 [main] DEBUG org.springframework.beans.factory.support.DefaultListableBeanFactory - Returning cached instance of singleton bean 'org.springframework.transaction.config.internalTransactionAdvisor'
12:00:16.129 [main] DEBUG org.springframework.beans.factory.support.DefaultListableBeanFactory - Finished creating instance of bean 'mvcViewResolver'
12:00:16.129 [main] DEBUG org.springframework.beans.factory.support.DefaultListableBeanFactory - Creating shared instance of singleton bean 'viewResolver'
12:00:16.129 [main] DEBUG org.springframework.beans.factory.support.DefaultListableBeanFactory - Creating instance of bean 'viewResolver'
12:00:16.129 [main] DEBUG org.springframework.beans.factory.support.DefaultListableBeanFactory - Returning cached instance of singleton bean 'appConfig'
12:00:16.141 [main] DEBUG org.springframework.beans.factory.support.DefaultListableBeanFactory - Creating shared instance of singleton bean 'templateEngine'
12:00:16.141 [main] DEBUG org.springframework.beans.factory.support.DefaultListableBeanFactory - Creating instance of bean 'templateEngine'
12:00:16.141 [main] DEBUG org.springframework.beans.factory.support.DefaultListableBeanFactory - Returning cached instance of singleton bean 'appConfig'
12:00:16.150 [main] DEBUG org.springframework.beans.factory.support.DefaultListableBeanFactory - Creating shared instance of singleton bean 'templateResolver'
12:00:16.150 [main] DEBUG org.springframework.beans.factory.support.DefaultListableBeanFactory - Creating instance of bean 'templateResolver'
12:00:16.151 [main] DEBUG org.springframework.beans.factory.support.DefaultListableBeanFactory - Returning cached instance of singleton bean 'appConfig'
12:00:16.154 [main] DEBUG org.springframework.beans.factory.support.DefaultListableBeanFactory - Eagerly caching bean 'templateResolver' to allow for resolving potential circular references
12:00:16.154 [main] TRACE org.springframework.beans.CachedIntrospectionResults - Getting BeanInfo for class [org.thymeleaf.spring5.templateresolver.SpringResourceTemplateResolver]
12:00:16.157 [main] TRACE org.springframework.beans.CachedIntrospectionResults - Caching PropertyDescriptors for class [org.thymeleaf.spring5.templateresolver.SpringResourceTemplateResolver]
12:00:16.157 [main] TRACE org.springframework.beans.CachedIntrospectionResults - Found bean property 'CSSTemplateModePatternSpec' of type [org.thymeleaf.util.PatternSpec]
12:00:16.157 [main] TRACE org.springframework.beans.CachedIntrospectionResults - Found bean property 'CSSTemplateModePatterns' of type [java.util.Set]
12:00:16.157 [main] TRACE org.springframework.beans.CachedIntrospectionResults - Found bean property 'applicationContext' of type [org.springframework.context.ApplicationContext]
12:00:16.157 [main] TRACE org.springframework.beans.CachedIntrospectionResults - Found bean property 'cacheTTLMs' of type [java.lang.Long]
12:00:16.157 [main] TRACE org.springframework.beans.CachedIntrospectionResults - Found bean property 'cacheable' of type [boolean]
12:00:16.158 [main] TRACE org.springframework.beans.CachedIntrospectionResults - Found bean property 'cacheablePatternSpec' of type [org.thymeleaf.util.PatternSpec]
12:00:16.158 [main] TRACE org.springframework.beans.CachedIntrospectionResults - Found bean property 'cacheablePatterns' of type [java.util.Set]
12:00:16.158 [main] TRACE org.springframework.beans.CachedIntrospectionResults - Found bean property 'characterEncoding' of type [java.lang.String]
12:00:16.158 [main] TRACE org.springframework.beans.CachedIntrospectionResults - Found bean property 'checkExistence' of type [boolean]
12:00:16.158 [main] TRACE org.springframework.beans.CachedIntrospectionResults - Found bean property 'class' of type [java.lang.Class]
12:00:16.158 [main] TRACE org.springframework.beans.CachedIntrospectionResults - Found bean property 'forceSuffix' of type [boolean]
12:00:16.158 [main] TRACE org.springframework.beans.CachedIntrospectionResults - Found bean property 'forceTemplateMode' of type [boolean]
12:00:16.158 [main] TRACE org.springframework.beans.CachedIntrospectionResults - Found bean property 'html5TemplateModePatternSpec' of type [org.thymeleaf.util.PatternSpec]
12:00:16.158 [main] TRACE org.springframework.beans.CachedIntrospectionResults - Found bean property 'html5TemplateModePatterns' of type [java.util.Set]
12:00:16.158 [main] TRACE org.springframework.beans.CachedIntrospectionResults - Found bean property 'htmlTemplateModePatternSpec' of type [org.thymeleaf.util.PatternSpec]
12:00:16.158 [main] TRACE org.springframework.beans.CachedIntrospectionResults - Found bean property 'htmlTemplateModePatterns' of type [java.util.Set]
12:00:16.158 [main] TRACE org.springframework.beans.CachedIntrospectionResults - Found bean property 'javaScriptTemplateModePatternSpec' of type [org.thymeleaf.util.PatternSpec]
12:00:16.158 [main] TRACE org.springframework.beans.CachedIntrospectionResults - Found bean property 'javaScriptTemplateModePatterns' of type [java.util.Set]
12:00:16.158 [main] TRACE org.springframework.beans.CachedIntrospectionResults - Found bean property 'legacyHtml5TemplateModePatternSpec' of type [org.thymeleaf.util.PatternSpec]
12:00:16.158 [main] TRACE org.springframework.beans.CachedIntrospectionResults - Found bean property 'legacyHtml5TemplateModePatterns' of type [java.util.Set]
12:00:16.158 [main] TRACE org.springframework.beans.CachedIntrospectionResults - Found bean property 'name' of type [java.lang.String]
12:00:16.158 [main] TRACE org.springframework.beans.CachedIntrospectionResults - Found bean property 'nonCacheablePatternSpec' of type [org.thymeleaf.util.PatternSpec]
12:00:16.158 [main] TRACE org.springframework.beans.CachedIntrospectionResults - Found bean property 'nonCacheablePatterns' of type [java.util.Set]
12:00:16.158 [main] TRACE org.springframework.beans.CachedIntrospectionResults - Found bean property 'order' of type [java.lang.Integer]
12:00:16.158 [main] TRACE org.springframework.beans.CachedIntrospectionResults - Found bean property 'prefix' of type [java.lang.String]
12:00:16.158 [main] TRACE org.springframework.beans.CachedIntrospectionResults - Found bean property 'rawTemplateModePatternSpec' of type [org.thymeleaf.util.PatternSpec]
12:00:16.159 [main] TRACE org.springframework.beans.CachedIntrospectionResults - Found bean property 'rawTemplateModePatterns' of type [java.util.Set]
12:00:16.159 [main] TRACE org.springframework.beans.CachedIntrospectionResults - Found bean property 'resolvablePatternSpec' of type [org.thymeleaf.util.PatternSpec]
12:00:16.159 [main] TRACE org.springframework.beans.CachedIntrospectionResults - Found bean property 'resolvablePatterns' of type [java.util.Set]
12:00:16.159 [main] TRACE org.springframework.beans.CachedIntrospectionResults - Found bean property 'suffix' of type [java.lang.String]
12:00:16.159 [main] TRACE org.springframework.beans.CachedIntrospectionResults - Found bean property 'templateAliases' of type [java.util.Map]
12:00:16.159 [main] TRACE org.springframework.beans.CachedIntrospectionResults - Found bean property 'templateMode' of type [org.thymeleaf.templatemode.TemplateMode]
12:00:16.159 [main] TRACE org.springframework.beans.CachedIntrospectionResults - Found bean property 'textTemplateModePatternSpec' of type [org.thymeleaf.util.PatternSpec]
12:00:16.159 [main] TRACE org.springframework.beans.CachedIntrospectionResults - Found bean property 'textTemplateModePatterns' of type [java.util.Set]
12:00:16.159 [main] TRACE org.springframework.beans.CachedIntrospectionResults - Found bean property 'useDecoupledLogic' of type [boolean]
12:00:16.159 [main] TRACE org.springframework.beans.CachedIntrospectionResults - Found bean property 'validXhtmlTemplateModePatternSpec' of type [org.thymeleaf.util.PatternSpec]
12:00:16.159 [main] TRACE org.springframework.beans.CachedIntrospectionResults - Found bean property 'validXhtmlTemplateModePatterns' of type [java.util.Set]
12:00:16.159 [main] TRACE org.springframework.beans.CachedIntrospectionResults - Found bean property 'validXmlTemplateModePatternSpec' of type [org.thymeleaf.util.PatternSpec]
12:00:16.159 [main] TRACE org.springframework.beans.CachedIntrospectionResults - Found bean property 'validXmlTemplateModePatterns' of type [java.util.Set]
12:00:16.159 [main] TRACE org.springframework.beans.CachedIntrospectionResults - Found bean property 'xhtmlTemplateModePatternSpec' of type [org.thymeleaf.util.PatternSpec]
12:00:16.159 [main] TRACE org.springframework.beans.CachedIntrospectionResults - Found bean property 'xhtmlTemplateModePatterns' of type [java.util.Set]
12:00:16.159 [main] TRACE org.springframework.beans.CachedIntrospectionResults - Found bean property 'xmlTemplateModePatternSpec' of type [org.thymeleaf.util.PatternSpec]
12:00:16.159 [main] TRACE org.springframework.beans.CachedIntrospectionResults - Found bean property 'xmlTemplateModePatterns' of type [java.util.Set]
12:00:16.160 [main] DEBUG org.springframework.beans.factory.support.DefaultListableBeanFactory - Returning cached instance of singleton bean 'org.springframework.transaction.config.internalTransactionAdvisor'
12:00:16.161 [main] DEBUG org.springframework.beans.factory.support.DefaultListableBeanFactory - Finished creating instance of bean 'templateResolver'
12:00:16.162 [main] DEBUG org.springframework.beans.factory.support.DefaultListableBeanFactory - Eagerly caching bean 'templateEngine' to allow for resolving potential circular references
12:00:16.162 [main] TRACE org.springframework.beans.CachedIntrospectionResults - Getting BeanInfo for class [org.thymeleaf.spring5.SpringTemplateEngine]
12:00:16.164 [main] TRACE org.springframework.beans.CachedIntrospectionResults - Caching PropertyDescriptors for class [org.thymeleaf.spring5.SpringTemplateEngine]
12:00:16.164 [main] TRACE org.springframework.beans.CachedIntrospectionResults - Found bean property 'additionalDialects' of type [java.util.Set]
12:00:16.164 [main] TRACE org.springframework.beans.CachedIntrospectionResults - Found bean property 'cacheManager' of type [org.thymeleaf.cache.ICacheManager]
12:00:16.164 [main] TRACE org.springframework.beans.CachedIntrospectionResults - Found bean property 'class' of type [java.lang.Class]
12:00:16.164 [main] TRACE org.springframework.beans.CachedIntrospectionResults - Found bean property 'configuration' of type [org.thymeleaf.IEngineConfiguration]
12:00:16.164 [main] TRACE org.springframework.beans.CachedIntrospectionResults - Found bean property 'decoupledTemplateLogicResolver' of type [org.thymeleaf.templateparser.markup.decoupled.IDecoupledTemplateLogicResolver]
12:00:16.164 [main] TRACE org.springframework.beans.CachedIntrospectionResults - Found bean property 'dialect' of type [org.thymeleaf.dialect.IDialect]
12:00:16.164 [main] TRACE org.springframework.beans.CachedIntrospectionResults - Found bean property 'dialects' of type [java.util.Set]
12:00:16.164 [main] TRACE org.springframework.beans.CachedIntrospectionResults - Found bean property 'dialectsByPrefix' of type [java.util.Map]
12:00:16.164 [main] TRACE org.springframework.beans.CachedIntrospectionResults - Found bean property 'enableSpringELCompiler' of type [boolean]
12:00:16.165 [main] TRACE org.springframework.beans.CachedIntrospectionResults - Found bean property 'engineContextFactory' of type [org.thymeleaf.context.IEngineContextFactory]
12:00:16.165 [main] TRACE org.springframework.beans.CachedIntrospectionResults - Found bean property 'initialized' of type [boolean]
12:00:16.165 [main] TRACE org.springframework.beans.CachedIntrospectionResults - Found bean property 'linkBuilder' of type [org.thymeleaf.linkbuilder.ILinkBuilder]
12:00:16.165 [main] TRACE org.springframework.beans.CachedIntrospectionResults - Found bean property 'linkBuilders' of type [java.util.Set]
12:00:16.165 [main] TRACE org.springframework.beans.CachedIntrospectionResults - Found bean property 'messageResolver' of type [org.thymeleaf.messageresolver.IMessageResolver]
12:00:16.165 [main] TRACE org.springframework.beans.CachedIntrospectionResults - Found bean property 'messageResolvers' of type [java.util.Set]
12:00:16.165 [main] TRACE org.springframework.beans.CachedIntrospectionResults - Found bean property 'messageSource' of type [org.springframework.context.MessageSource]
12:00:16.165 [main] TRACE org.springframework.beans.CachedIntrospectionResults - Found bean property 'templateEngineMessageSource' of type [org.springframework.context.MessageSource]
12:00:16.165 [main] TRACE org.springframework.beans.CachedIntrospectionResults - Found bean property 'templateResolver' of type [org.thymeleaf.templateresolver.ITemplateResolver]
12:00:16.165 [main] TRACE org.springframework.beans.CachedIntrospectionResults - Found bean property 'templateResolvers' of type [java.util.Set]
12:00:16.166 [main] DEBUG org.springframework.beans.factory.support.DefaultListableBeanFactory - Returning cached instance of singleton bean 'org.springframework.transaction.config.internalTransactionAdvisor'
12:00:16.167 [main] DEBUG org.springframework.beans.factory.support.DefaultListableBeanFactory - Finished creating instance of bean 'templateEngine'
12:00:16.167 [main] DEBUG org.springframework.beans.factory.support.DefaultListableBeanFactory - Eagerly caching bean 'viewResolver' to allow for resolving potential circular references
12:00:16.167 [main] TRACE org.springframework.beans.CachedIntrospectionResults - Getting BeanInfo for class [org.thymeleaf.spring5.view.ThymeleafViewResolver]
12:00:16.168 [main] TRACE org.springframework.beans.CachedIntrospectionResults - Caching PropertyDescriptors for class [org.thymeleaf.spring5.view.ThymeleafViewResolver]
12:00:16.168 [main] TRACE org.springframework.beans.CachedIntrospectionResults - Found bean property 'alwaysProcessRedirectAndForward' of type [boolean]
12:00:16.168 [main] TRACE org.springframework.beans.CachedIntrospectionResults - Found bean property 'applicationContext' of type [org.springframework.context.ApplicationContext]
12:00:16.169 [main] TRACE org.springframework.beans.CachedIntrospectionResults - Found bean property 'cache' of type [boolean]
12:00:16.169 [main] TRACE org.springframework.beans.CachedIntrospectionResults - Found bean property 'cacheLimit' of type [int]
12:00:16.169 [main] TRACE org.springframework.beans.CachedIntrospectionResults - Found bean property 'cacheUnresolved' of type [boolean]
12:00:16.169 [main] TRACE org.springframework.beans.CachedIntrospectionResults - Found bean property 'characterEncoding' of type [java.lang.String]
12:00:16.169 [main] TRACE org.springframework.beans.CachedIntrospectionResults - Found bean property 'class' of type [java.lang.Class]
12:00:16.169 [main] TRACE org.springframework.beans.CachedIntrospectionResults - Found bean property 'contentType' of type [java.lang.String]
12:00:16.169 [main] TRACE org.springframework.beans.CachedIntrospectionResults - Found bean property 'excludedViewNames' of type [[Ljava.lang.String;]
12:00:16.169 [main] TRACE org.springframework.beans.CachedIntrospectionResults - Found bean property 'forceContentType' of type [boolean]
12:00:16.169 [main] TRACE org.springframework.beans.CachedIntrospectionResults - Found bean property 'order' of type [int]
12:00:16.169 [main] TRACE org.springframework.beans.CachedIntrospectionResults - Found bean property 'redirectContextRelative' of type [boolean]
12:00:16.169 [main] TRACE org.springframework.beans.CachedIntrospectionResults - Found bean property 'redirectHttp10Compatible' of type [boolean]
12:00:16.169 [main] TRACE org.springframework.beans.CachedIntrospectionResults - Found bean property 'servletContext' of type [javax.servlet.ServletContext]
12:00:16.169 [main] TRACE org.springframework.beans.CachedIntrospectionResults - Found bean property 'staticVariables' of type [java.util.Map]
12:00:16.169 [main] TRACE org.springframework.beans.CachedIntrospectionResults - Found bean property 'templateEngine' of type [org.thymeleaf.spring5.ISpringTemplateEngine]
12:00:16.169 [main] TRACE org.springframework.beans.CachedIntrospectionResults - Found bean property 'viewClass' of type [java.lang.Class]
12:00:16.169 [main] TRACE org.springframework.beans.CachedIntrospectionResults - Found bean property 'viewNames' of type [[Ljava.lang.String;]
12:00:16.170 [main] DEBUG org.springframework.beans.factory.support.DefaultListableBeanFactory - Returning cached instance of singleton bean 'org.springframework.transaction.config.internalTransactionAdvisor'
12:00:16.171 [main] DEBUG org.springframework.beans.factory.support.DefaultListableBeanFactory - Finished creating instance of bean 'viewResolver'
12:00:16.171 [main] DEBUG org.springframework.beans.factory.support.DefaultListableBeanFactory - Returning cached instance of singleton bean 'templateEngine'
12:00:16.171 [main] DEBUG org.springframework.beans.factory.support.DefaultListableBeanFactory - Returning cached instance of singleton bean 'templateResolver'
12:00:16.171 [main] DEBUG org.springframework.beans.factory.support.DefaultListableBeanFactory - Creating shared instance of singleton bean 'localeResolver'
12:00:16.171 [main] DEBUG org.springframework.beans.factory.support.DefaultListableBeanFactory - Creating instance of bean 'localeResolver'
12:00:16.172 [main] DEBUG org.springframework.beans.factory.support.DefaultListableBeanFactory - Returning cached instance of singleton bean 'appConfig'
12:00:16.173 [main] DEBUG org.springframework.beans.factory.support.DefaultListableBeanFactory - Eagerly caching bean 'localeResolver' to allow for resolving potential circular references
12:00:16.173 [main] TRACE org.springframework.beans.CachedIntrospectionResults - Getting BeanInfo for class [org.springframework.web.servlet.i18n.SessionLocaleResolver]
12:00:16.174 [main] TRACE org.springframework.beans.CachedIntrospectionResults - Caching PropertyDescriptors for class [org.springframework.web.servlet.i18n.SessionLocaleResolver]
12:00:16.174 [main] TRACE org.springframework.beans.CachedIntrospectionResults - Found bean property 'class' of type [java.lang.Class]
12:00:16.174 [main] TRACE org.springframework.beans.CachedIntrospectionResults - Found bean property 'defaultLocale' of type [java.util.Locale]
12:00:16.174 [main] TRACE org.springframework.beans.CachedIntrospectionResults - Found bean property 'defaultTimeZone' of type [java.util.TimeZone]
12:00:16.174 [main] TRACE org.springframework.beans.CachedIntrospectionResults - Found bean property 'localeAttributeName' of type [java.lang.String]
12:00:16.174 [main] TRACE org.springframework.beans.CachedIntrospectionResults - Found bean property 'timeZoneAttributeName' of type [java.lang.String]
12:00:16.175 [main] DEBUG org.springframework.beans.factory.support.DefaultListableBeanFactory - Returning cached instance of singleton bean 'org.springframework.transaction.config.internalTransactionAdvisor'
12:00:16.176 [main] DEBUG org.springframework.beans.factory.support.DefaultListableBeanFactory - Finished creating instance of bean 'localeResolver'
12:00:16.176 [main] DEBUG org.springframework.beans.factory.support.DefaultListableBeanFactory - Returning cached instance of singleton bean 'org.springframework.transaction.annotation.ProxyTransactionManagementConfiguration'
12:00:16.176 [main] DEBUG org.springframework.beans.factory.support.DefaultListableBeanFactory - Returning cached instance of singleton bean 'org.springframework.transaction.config.internalTransactionAdvisor'
12:00:16.176 [main] DEBUG org.springframework.beans.factory.support.DefaultListableBeanFactory - Returning cached instance of singleton bean 'transactionAttributeSource'
12:00:16.176 [main] DEBUG org.springframework.beans.factory.support.DefaultListableBeanFactory - Returning cached instance of singleton bean 'transactionInterceptor'
12:00:16.176 [main] DEBUG org.springframework.beans.factory.support.DefaultListableBeanFactory - Creating shared instance of singleton bean 'org.springframework.transaction.config.internalTransactionalEventListenerFactory'
12:00:16.176 [main] DEBUG org.springframework.beans.factory.support.DefaultListableBeanFactory - Creating instance of bean 'org.springframework.transaction.config.internalTransactionalEventListenerFactory'
12:00:16.176 [main] DEBUG org.springframework.beans.factory.support.DefaultListableBeanFactory - Returning cached instance of singleton bean 'org.springframework.transaction.annotation.ProxyTransactionManagementConfiguration'
12:00:16.178 [main] DEBUG org.springframework.beans.factory.support.DefaultListableBeanFactory - Eagerly caching bean 'org.springframework.transaction.config.internalTransactionalEventListenerFactory' to allow for resolving potential circular references
12:00:16.178 [main] TRACE org.springframework.beans.CachedIntrospectionResults - Getting BeanInfo for class [org.springframework.transaction.event.TransactionalEventListenerFactory]
12:00:16.179 [main] TRACE org.springframework.beans.CachedIntrospectionResults - Caching PropertyDescriptors for class [org.springframework.transaction.event.TransactionalEventListenerFactory]
12:00:16.179 [main] TRACE org.springframework.beans.CachedIntrospectionResults - Found bean property 'class' of type [java.lang.Class]
12:00:16.179 [main] TRACE org.springframework.beans.CachedIntrospectionResults - Found bean property 'order' of type [int]
12:00:16.179 [main] DEBUG org.springframework.beans.factory.support.DefaultListableBeanFactory - Returning cached instance of singleton bean 'org.springframework.transaction.config.internalTransactionAdvisor'
12:00:16.180 [main] DEBUG org.springframework.beans.factory.support.DefaultListableBeanFactory - Finished creating instance of bean 'org.springframework.transaction.config.internalTransactionalEventListenerFactory'
12:00:16.180 [main] DEBUG org.springframework.beans.factory.support.DefaultListableBeanFactory - Returning cached instance of singleton bean 'DataSourceBean'
12:00:16.180 [main] DEBUG org.springframework.beans.factory.support.DefaultListableBeanFactory - Returning cached instance of singleton bean 'SessionFactory'
12:00:16.180 [main] DEBUG org.springframework.beans.factory.support.DefaultListableBeanFactory - Returning cached instance of singleton bean 'getDevLocaleDAO'
12:00:16.180 [main] DEBUG org.springframework.beans.factory.support.DefaultListableBeanFactory - Returning cached instance of singleton bean 'SessionFactory'
12:00:16.180 [main] DEBUG org.springframework.beans.factory.support.DefaultListableBeanFactory - Creating shared instance of singleton bean 'transactionManager'
12:00:16.180 [main] DEBUG org.springframework.beans.factory.support.DefaultListableBeanFactory - Creating instance of bean 'transactionManager'
12:00:16.180 [main] DEBUG org.springframework.beans.factory.support.DefaultListableBeanFactory - Returning cached instance of singleton bean 'dataAccessConfig'
12:00:16.181 [main] DEBUG org.springframework.beans.factory.support.DefaultListableBeanFactory - Returning cached instance of singleton bean 'SessionFactory'
12:00:16.181 [main] DEBUG org.springframework.beans.factory.support.DefaultListableBeanFactory - Autowiring by type from bean name 'transactionManager' via factory method to bean named 'SessionFactory'
12:00:16.183 [main] DEBUG org.springframework.beans.factory.support.DefaultListableBeanFactory - Returning cached instance of singleton bean 'DataSourceBean'
12:00:16.186 [main] DEBUG org.springframework.beans.factory.support.DefaultListableBeanFactory - Eagerly caching bean 'transactionManager' to allow for resolving potential circular references
12:00:16.186 [main] TRACE org.springframework.beans.CachedIntrospectionResults - Getting BeanInfo for class [org.springframework.orm.hibernate5.HibernateTransactionManager]
12:00:16.188 [main] TRACE org.springframework.beans.CachedIntrospectionResults - Caching PropertyDescriptors for class [org.springframework.orm.hibernate5.HibernateTransactionManager]
12:00:16.188 [main] TRACE org.springframework.beans.CachedIntrospectionResults - Found bean property 'allowResultAccessAfterCompletion' of type [boolean]
12:00:16.188 [main] TRACE org.springframework.beans.CachedIntrospectionResults - Found bean property 'autodetectDataSource' of type [boolean]
12:00:16.188 [main] TRACE org.springframework.beans.CachedIntrospectionResults - Found bean property 'beanFactory' of type [org.springframework.beans.factory.BeanFactory]
12:00:16.188 [main] TRACE org.springframework.beans.CachedIntrospectionResults - Found bean property 'class' of type [java.lang.Class]
12:00:16.188 [main] TRACE org.springframework.beans.CachedIntrospectionResults - Found bean property 'dataSource' of type [javax.sql.DataSource]
12:00:16.188 [main] TRACE org.springframework.beans.CachedIntrospectionResults - Found bean property 'defaultTimeout' of type [int]
12:00:16.188 [main] TRACE org.springframework.beans.CachedIntrospectionResults - Found bean property 'entityInterceptor' of type [org.hibernate.Interceptor]
12:00:16.188 [main] TRACE org.springframework.beans.CachedIntrospectionResults - Found bean property 'entityInterceptorBeanName' of type [java.lang.String]
12:00:16.188 [main] TRACE org.springframework.beans.CachedIntrospectionResults - Found bean property 'failEarlyOnGlobalRollbackOnly' of type [boolean]
12:00:16.188 [main] TRACE org.springframework.beans.CachedIntrospectionResults - Found bean property 'globalRollbackOnParticipationFailure' of type [boolean]
12:00:16.188 [main] TRACE org.springframework.beans.CachedIntrospectionResults - Found bean property 'hibernateManagedSession' of type [boolean]
12:00:16.189 [main] TRACE org.springframework.beans.CachedIntrospectionResults - Found bean property 'nestedTransactionAllowed' of type [boolean]
12:00:16.189 [main] TRACE org.springframework.beans.CachedIntrospectionResults - Found bean property 'prepareConnection' of type [boolean]
12:00:16.189 [main] TRACE org.springframework.beans.CachedIntrospectionResults - Found bean property 'resourceFactory' of type [java.lang.Object]
12:00:16.189 [main] TRACE org.springframework.beans.CachedIntrospectionResults - Found bean property 'rollbackOnCommitFailure' of type [boolean]
12:00:16.189 [main] TRACE org.springframework.beans.CachedIntrospectionResults - Found bean property 'sessionFactory' of type [org.hibernate.SessionFactory]
12:00:16.189 [main] TRACE org.springframework.beans.CachedIntrospectionResults - Found bean property 'transactionSynchronization' of type [int]
12:00:16.189 [main] TRACE org.springframework.beans.CachedIntrospectionResults - Found bean property 'transactionSynchronizationName' of type [java.lang.String]
12:00:16.189 [main] TRACE org.springframework.beans.CachedIntrospectionResults - Found bean property 'validateExistingTransaction' of type [boolean]
12:00:16.190 [main] DEBUG org.springframework.beans.factory.support.DefaultListableBeanFactory - Invoking afterPropertiesSet() on bean with name 'transactionManager'
12:00:16.191 [main] WARN  org.springframework.web.context.support.GenericWebApplicationContext - Exception encountered during context initialization - cancelling refresh attempt: org.springframework.beans.factory.BeanCreationException: Error creating bean with name 'transactionManager' defined in com.soft.config.DataAccessConfig: Invocation of init method failed; nested exception is java.lang.IllegalArgumentException: Property 'sessionFactory' is required
12:00:16.191 [main] DEBUG org.springframework.beans.factory.support.DefaultListableBeanFactory - Destroying singletons in org.springframework.beans.factory.support.DefaultListableBeanFactory@6986852: defining beans [org.springframework.context.annotation.internalConfigurationAnnotationProcessor,org.springframework.context.annotation.internalAutowiredAnnotationProcessor,org.springframework.context.annotation.internalRequiredAnnotationProcessor,org.springframework.context.annotation.internalCommonAnnotationProcessor,org.springframework.context.annotation.internalPersistenceAnnotationProcessor,org.springframework.context.event.internalEventListenerProcessor,org.springframework.context.event.internalEventListenerFactory,appConfig,dataAccessConfig,eshopController,messageSource,org.springframework.web.servlet.config.annotation.DelegatingWebMvcConfiguration,requestMappingHandlerMapping,mvcPathMatcher,mvcUrlPathHelper,mvcContentNegotiationManager,viewControllerHandlerMapping,beanNameHandlerMapping,resourceHandlerMapping,mvcResourceUrlProvider,defaultServletHandlerMapping,requestMappingHandlerAdapter,mvcConversionService,mvcValidator,mvcUriComponentsContributor,httpRequestHandlerAdapter,simpleControllerHandlerAdapter,handlerExceptionResolver,mvcViewResolver,mvcHandlerMappingIntrospector,viewResolver,templateEngine,templateResolver,localeResolver,org.springframework.transaction.annotation.ProxyTransactionManagementConfiguration,org.springframework.transaction.config.internalTransactionAdvisor,transactionAttributeSource,transactionInterceptor,org.springframework.transaction.config.internalTransactionalEventListenerFactory,DataSourceBean,SessionFactory,getDevLocaleDAO,transactionManager,org.springframework.aop.config.internalAutoProxyCreator]; root of factory hierarchy
12:00:16.191 [main] DEBUG org.springframework.beans.factory.support.DefaultListableBeanFactory - Retrieved dependent beans for bean 'mvcResourceUrlProvider': [requestMappingHandlerMapping]
12:00:16.191 [main] DEBUG org.springframework.beans.factory.support.DefaultListableBeanFactory - Retrieved dependent beans for bean 'DataSourceBean': [SessionFactory, getDevLocaleDAO]
12:00:16.191 [main] DEBUG org.springframework.beans.factory.support.DefaultListableBeanFactory - Retrieved dependent beans for bean 'SessionFactory': [getDevLocaleDAO]
12:00:16.191 [main] DEBUG org.springframework.beans.factory.support.DefaultListableBeanFactory - Retrieved dependent beans for bean 'getDevLocaleDAO': [messageSource, eshopController]
12:00:16.192 [main] DEBUG org.springframework.beans.factory.support.DisposableBeanAdapter - Invoking destroy method 'close' on bean with name 'DataSourceBean'
12:00:16.193 [main] ERROR org.springframework.test.context.TestContextManager - Caught exception while allowing TestExecutionListener [org.springframework.test.context.web.ServletTestExecutionListener@4b8d604b] to prepare test instance [com.soft.dao.EshopDAOImplTest@491b9b8]
java.lang.IllegalStateException: Failed to load ApplicationContext
	at org.springframework.test.context.cache.DefaultCacheAwareContextLoaderDelegate.loadContext(DefaultCacheAwareContextLoaderDelegate.java:132) ~[spring-test-5.2.3.RELEASE.jar:5.2.3.RELEASE]
	at org.springframework.test.context.support.DefaultTestContext.getApplicationContext(DefaultTestContext.java:123) ~[spring-test-5.2.3.RELEASE.jar:5.2.3.RELEASE]
	at org.springframework.test.context.web.ServletTestExecutionListener.setUpRequestContextIfNecessary(ServletTestExecutionListener.java:190) ~[spring-test-5.2.3.RELEASE.jar:5.2.3.RELEASE]
	at org.springframework.test.context.web.ServletTestExecutionListener.prepareTestInstance(ServletTestExecutionListener.java:132) ~[spring-test-5.2.3.RELEASE.jar:5.2.3.RELEASE]
	at org.springframework.test.context.TestContextManager.prepareTestInstance(TestContextManager.java:244) ~[spring-test-5.2.3.RELEASE.jar:5.2.3.RELEASE]
	at org.springframework.test.context.junit.jupiter.SpringExtension.postProcessTestInstance(SpringExtension.java:98) ~[spring-test-5.2.3.RELEASE.jar:5.2.3.RELEASE]
	at org.junit.jupiter.engine.descriptor.ClassBasedTestDescriptor.lambda$invokeTestInstancePostProcessors$5(ClassBasedTestDescriptor.java:341) ~[junit-jupiter-engine-5.6.0.jar:5.6.0]
	at org.junit.jupiter.engine.descriptor.ClassBasedTestDescriptor.executeAndMaskThrowable(ClassBasedTestDescriptor.java:346) ~[junit-jupiter-engine-5.6.0.jar:5.6.0]
	at org.junit.jupiter.engine.descriptor.ClassBasedTestDescriptor.lambda$invokeTestInstancePostProcessors$6(ClassBasedTestDescriptor.java:341) ~[junit-jupiter-engine-5.6.0.jar:5.6.0]
	at java.util.stream.ReferencePipeline$3$1.accept(ReferencePipeline.java:193) ~[?:1.8.0_211]
	at java.util.stream.ReferencePipeline$2$1.accept(ReferencePipeline.java:175) ~[?:1.8.0_211]
	at java.util.ArrayList$ArrayListSpliterator.forEachRemaining(ArrayList.java:1382) ~[?:1.8.0_211]
	at java.util.stream.AbstractPipeline.copyInto(AbstractPipeline.java:481) ~[?:1.8.0_211]
	at java.util.stream.AbstractPipeline.wrapAndCopyInto(AbstractPipeline.java:471) ~[?:1.8.0_211]
	at java.util.stream.StreamSpliterators$WrappingSpliterator.forEachRemaining(StreamSpliterators.java:312) ~[?:1.8.0_211]
	at java.util.stream.Streams$ConcatSpliterator.forEachRemaining(Streams.java:743) ~[?:1.8.0_211]
	at java.util.stream.Streams$ConcatSpliterator.forEachRemaining(Streams.java:742) ~[?:1.8.0_211]
	at java.util.stream.ReferencePipeline$Head.forEach(ReferencePipeline.java:580) ~[?:1.8.0_211]
	at org.junit.jupiter.engine.descriptor.ClassBasedTestDescriptor.invokeTestInstancePostProcessors(ClassBasedTestDescriptor.java:340) ~[junit-jupiter-engine-5.6.0.jar:5.6.0]
	at org.junit.jupiter.engine.descriptor.ClassBasedTestDescriptor.instantiateAndPostProcessTestInstance(ClassBasedTestDescriptor.java:263) ~[junit-jupiter-engine-5.6.0.jar:5.6.0]
	at org.junit.jupiter.engine.descriptor.ClassBasedTestDescriptor.lambda$testInstancesProvider$2(ClassBasedTestDescriptor.java:256) ~[junit-jupiter-engine-5.6.0.jar:5.6.0]
	at java.util.Optional.orElseGet(Optional.java:267) ~[?:1.8.0_211]
	at org.junit.jupiter.engine.descriptor.ClassBasedTestDescriptor.lambda$testInstancesProvider$3(ClassBasedTestDescriptor.java:255) ~[junit-jupiter-engine-5.6.0.jar:5.6.0]
	at org.junit.jupiter.engine.execution.TestInstancesProvider.getTestInstances(TestInstancesProvider.java:29) ~[junit-jupiter-engine-5.6.0.jar:5.6.0]
	at org.junit.jupiter.engine.descriptor.TestMethodTestDescriptor.lambda$prepare$0(TestMethodTestDescriptor.java:108) ~[junit-jupiter-engine-5.6.0.jar:5.6.0]
	at org.junit.platform.engine.support.hierarchical.ThrowableCollector.execute(ThrowableCollector.java:73) ~[junit-platform-engine-1.6.0.jar:1.6.0]
	at org.junit.jupiter.engine.descriptor.TestMethodTestDescriptor.prepare(TestMethodTestDescriptor.java:107) ~[junit-jupiter-engine-5.6.0.jar:5.6.0]
	at org.junit.jupiter.engine.descriptor.TestMethodTestDescriptor.prepare(TestMethodTestDescriptor.java:71) ~[junit-jupiter-engine-5.6.0.jar:5.6.0]
	at org.junit.platform.engine.support.hierarchical.NodeTestTask.lambda$prepare$1(NodeTestTask.java:107) ~[junit-platform-engine-1.6.0.jar:1.6.0]
	at org.junit.platform.engine.support.hierarchical.ThrowableCollector.execute(ThrowableCollector.java:73) ~[junit-platform-engine-1.6.0.jar:1.6.0]
	at org.junit.platform.engine.support.hierarchical.NodeTestTask.prepare(NodeTestTask.java:107) ~[junit-platform-engine-1.6.0.jar:1.6.0]
	at org.junit.platform.engine.support.hierarchical.NodeTestTask.execute(NodeTestTask.java:75) ~[junit-platform-engine-1.6.0.jar:1.6.0]
	at java.util.ArrayList.forEach(ArrayList.java:1257) ~[?:1.8.0_211]
	at org.junit.platform.engine.support.hierarchical.SameThreadHierarchicalTestExecutorService.invokeAll(SameThreadHierarchicalTestExecutorService.java:38) ~[junit-platform-engine-1.6.0.jar:1.6.0]
	at org.junit.platform.engine.support.hierarchical.NodeTestTask.lambda$executeRecursively$5(NodeTestTask.java:139) ~[junit-platform-engine-1.6.0.jar:1.6.0]
	at org.junit.platform.engine.support.hierarchical.ThrowableCollector.execute(ThrowableCollector.java:73) ~[junit-platform-engine-1.6.0.jar:1.6.0]
	at org.junit.platform.engine.support.hierarchical.NodeTestTask.lambda$executeRecursively$7(NodeTestTask.java:125) ~[junit-platform-engine-1.6.0.jar:1.6.0]
	at org.junit.platform.engine.support.hierarchical.Node.around(Node.java:135) ~[junit-platform-engine-1.6.0.jar:1.6.0]
	at org.junit.platform.engine.support.hierarchical.NodeTestTask.lambda$executeRecursively$8(NodeTestTask.java:123) ~[junit-platform-engine-1.6.0.jar:1.6.0]
	at org.junit.platform.engine.support.hierarchical.ThrowableCollector.execute(ThrowableCollector.java:73) ~[junit-platform-engine-1.6.0.jar:1.6.0]
	at org.junit.platform.engine.support.hierarchical.NodeTestTask.executeRecursively(NodeTestTask.java:122) ~[junit-platform-engine-1.6.0.jar:1.6.0]
	at org.junit.platform.engine.support.hierarchical.NodeTestTask.execute(NodeTestTask.java:80) ~[junit-platform-engine-1.6.0.jar:1.6.0]
	at java.util.ArrayList.forEach(ArrayList.java:1257) ~[?:1.8.0_211]
	at org.junit.platform.engine.support.hierarchical.SameThreadHierarchicalTestExecutorService.invokeAll(SameThreadHierarchicalTestExecutorService.java:38) ~[junit-platform-engine-1.6.0.jar:1.6.0]
	at org.junit.platform.engine.support.hierarchical.NodeTestTask.lambda$executeRecursively$5(NodeTestTask.java:139) ~[junit-platform-engine-1.6.0.jar:1.6.0]
	at org.junit.platform.engine.support.hierarchical.ThrowableCollector.execute(ThrowableCollector.java:73) ~[junit-platform-engine-1.6.0.jar:1.6.0]
	at org.junit.platform.engine.support.hierarchical.NodeTestTask.lambda$executeRecursively$7(NodeTestTask.java:125) ~[junit-platform-engine-1.6.0.jar:1.6.0]
	at org.junit.platform.engine.support.hierarchical.Node.around(Node.java:135) ~[junit-platform-engine-1.6.0.jar:1.6.0]
	at org.junit.platform.engine.support.hierarchical.NodeTestTask.lambda$executeRecursively$8(NodeTestTask.java:123) ~[junit-platform-engine-1.6.0.jar:1.6.0]
	at org.junit.platform.engine.support.hierarchical.ThrowableCollector.execute(ThrowableCollector.java:73) [junit-platform-engine-1.6.0.jar:1.6.0]
	at org.junit.platform.engine.support.hierarchical.NodeTestTask.executeRecursively(NodeTestTask.java:122) [junit-platform-engine-1.6.0.jar:1.6.0]
	at org.junit.platform.engine.support.hierarchical.NodeTestTask.execute(NodeTestTask.java:80) [junit-platform-engine-1.6.0.jar:1.6.0]
	at org.junit.platform.engine.support.hierarchical.SameThreadHierarchicalTestExecutorService.submit(SameThreadHierarchicalTestExecutorService.java:32) [junit-platform-engine-1.6.0.jar:1.6.0]
	at org.junit.platform.engine.support.hierarchical.HierarchicalTestExecutor.execute(HierarchicalTestExecutor.java:57) [junit-platform-engine-1.6.0.jar:1.6.0]
	at org.junit.platform.engine.support.hierarchical.HierarchicalTestEngine.execute(HierarchicalTestEngine.java:51) [junit-platform-engine-1.6.0.jar:1.6.0]
	at org.junit.platform.launcher.core.DefaultLauncher.execute(DefaultLauncher.java:170) [junit-platform-launcher-1.1.0.jar:1.1.0]
	at org.junit.platform.launcher.core.DefaultLauncher.execute(DefaultLauncher.java:154) [junit-platform-launcher-1.1.0.jar:1.1.0]
	at org.junit.platform.launcher.core.DefaultLauncher.execute(DefaultLauncher.java:90) [junit-platform-launcher-1.1.0.jar:1.1.0]
	at org.junit.platform.surefire.provider.JUnitPlatformProvider.invokeAllTests(JUnitPlatformProvider.java:132) [junit-platform-surefire-provider-1.1.0.jar:1.1.0]
	at org.junit.platform.surefire.provider.JUnitPlatformProvider.invoke(JUnitPlatformProvider.java:111) [junit-platform-surefire-provider-1.1.0.jar:1.1.0]
	at org.apache.maven.surefire.booter.ForkedBooter.invokeProviderInSameClassLoader(ForkedBooter.java:290) [surefire-booter-2.19.1.jar:2.19.1]
	at org.apache.maven.surefire.booter.ForkedBooter.runSuitesInProcess(ForkedBooter.java:242) [surefire-booter-2.19.1.jar:2.19.1]
	at org.apache.maven.surefire.booter.ForkedBooter.main(ForkedBooter.java:121) [surefire-booter-2.19.1.jar:2.19.1]
Caused by: org.springframework.beans.factory.BeanCreationException: Error creating bean with name 'transactionManager' defined in com.soft.config.DataAccessConfig: Invocation of init method failed; nested exception is java.lang.IllegalArgumentException: Property 'sessionFactory' is required
	at org.springframework.beans.factory.support.AbstractAutowireCapableBeanFactory.initializeBean(AbstractAutowireCapableBeanFactory.java:1710) ~[spring-beans-5.0.4.RELEASE.jar:5.0.4.RELEASE]
	at org.springframework.beans.factory.support.AbstractAutowireCapableBeanFactory.doCreateBean(AbstractAutowireCapableBeanFactory.java:583) ~[spring-beans-5.0.4.RELEASE.jar:5.0.4.RELEASE]
	at org.springframework.beans.factory.support.AbstractAutowireCapableBeanFactory.createBean(AbstractAutowireCapableBeanFactory.java:502) ~[spring-beans-5.0.4.RELEASE.jar:5.0.4.RELEASE]
	at org.springframework.beans.factory.support.AbstractBeanFactory.lambda$doGetBean$0(AbstractBeanFactory.java:312) ~[spring-beans-5.0.4.RELEASE.jar:5.0.4.RELEASE]
	at org.springframework.beans.factory.support.DefaultSingletonBeanRegistry.getSingleton(DefaultSingletonBeanRegistry.java:228) ~[spring-beans-5.0.4.RELEASE.jar:5.0.4.RELEASE]
	at org.springframework.beans.factory.support.AbstractBeanFactory.doGetBean(AbstractBeanFactory.java:310) ~[spring-beans-5.0.4.RELEASE.jar:5.0.4.RELEASE]
	at org.springframework.beans.factory.support.AbstractBeanFactory.getBean(AbstractBeanFactory.java:200) ~[spring-beans-5.0.4.RELEASE.jar:5.0.4.RELEASE]
	at org.springframework.beans.factory.support.DefaultListableBeanFactory.preInstantiateSingletons(DefaultListableBeanFactory.java:760) ~[spring-beans-5.0.4.RELEASE.jar:5.0.4.RELEASE]
	at org.springframework.context.support.AbstractApplicationContext.finishBeanFactoryInitialization(AbstractApplicationContext.java:868) ~[spring-context-5.0.4.RELEASE.jar:5.0.4.RELEASE]
	at org.springframework.context.support.AbstractApplicationContext.refresh(AbstractApplicationContext.java:549) ~[spring-context-5.0.4.RELEASE.jar:5.0.4.RELEASE]
	at org.springframework.test.context.web.AbstractGenericWebContextLoader.loadContext(AbstractGenericWebContextLoader.java:129) ~[spring-test-5.2.3.RELEASE.jar:5.2.3.RELEASE]
	at org.springframework.test.context.web.AbstractGenericWebContextLoader.loadContext(AbstractGenericWebContextLoader.java:61) ~[spring-test-5.2.3.RELEASE.jar:5.2.3.RELEASE]
	at org.springframework.test.context.support.AbstractDelegatingSmartContextLoader.delegateLoading(AbstractDelegatingSmartContextLoader.java:275) ~[spring-test-5.2.3.RELEASE.jar:5.2.3.RELEASE]
	at org.springframework.test.context.support.AbstractDelegatingSmartContextLoader.loadContext(AbstractDelegatingSmartContextLoader.java:243) ~[spring-test-5.2.3.RELEASE.jar:5.2.3.RELEASE]
	at org.springframework.test.context.cache.DefaultCacheAwareContextLoaderDelegate.loadContextInternal(DefaultCacheAwareContextLoaderDelegate.java:99) ~[spring-test-5.2.3.RELEASE.jar:5.2.3.RELEASE]
	at org.springframework.test.context.cache.DefaultCacheAwareContextLoaderDelegate.loadContext(DefaultCacheAwareContextLoaderDelegate.java:124) ~[spring-test-5.2.3.RELEASE.jar:5.2.3.RELEASE]
	... 62 more
Caused by: java.lang.IllegalArgumentException: Property 'sessionFactory' is required
	at org.springframework.orm.hibernate5.HibernateTransactionManager.afterPropertiesSet(HibernateTransactionManager.java:366) ~[spring-orm-5.0.4.RELEASE.jar:5.0.4.RELEASE]
	at org.springframework.beans.factory.support.AbstractAutowireCapableBeanFactory.invokeInitMethods(AbstractAutowireCapableBeanFactory.java:1769) ~[spring-beans-5.0.4.RELEASE.jar:5.0.4.RELEASE]
	at org.springframework.beans.factory.support.AbstractAutowireCapableBeanFactory.initializeBean(AbstractAutowireCapableBeanFactory.java:1706) ~[spring-beans-5.0.4.RELEASE.jar:5.0.4.RELEASE]
	at org.springframework.beans.factory.support.AbstractAutowireCapableBeanFactory.doCreateBean(AbstractAutowireCapableBeanFactory.java:583) ~[spring-beans-5.0.4.RELEASE.jar:5.0.4.RELEASE]
	at org.springframework.beans.factory.support.AbstractAutowireCapableBeanFactory.createBean(AbstractAutowireCapableBeanFactory.java:502) ~[spring-beans-5.0.4.RELEASE.jar:5.0.4.RELEASE]
	at org.springframework.beans.factory.support.AbstractBeanFactory.lambda$doGetBean$0(AbstractBeanFactory.java:312) ~[spring-beans-5.0.4.RELEASE.jar:5.0.4.RELEASE]
	at org.springframework.beans.factory.support.DefaultSingletonBeanRegistry.getSingleton(DefaultSingletonBeanRegistry.java:228) ~[spring-beans-5.0.4.RELEASE.jar:5.0.4.RELEASE]
	at org.springframework.beans.factory.support.AbstractBeanFactory.doGetBean(AbstractBeanFactory.java:310) ~[spring-beans-5.0.4.RELEASE.jar:5.0.4.RELEASE]
	at org.springframework.beans.factory.support.AbstractBeanFactory.getBean(AbstractBeanFactory.java:200) ~[spring-beans-5.0.4.RELEASE.jar:5.0.4.RELEASE]
	at org.springframework.beans.factory.support.DefaultListableBeanFactory.preInstantiateSingletons(DefaultListableBeanFactory.java:760) ~[spring-beans-5.0.4.RELEASE.jar:5.0.4.RELEASE]
	at org.springframework.context.support.AbstractApplicationContext.finishBeanFactoryInitialization(AbstractApplicationContext.java:868) ~[spring-context-5.0.4.RELEASE.jar:5.0.4.RELEASE]
	at org.springframework.context.support.AbstractApplicationContext.refresh(AbstractApplicationContext.java:549) ~[spring-context-5.0.4.RELEASE.jar:5.0.4.RELEASE]
	at org.springframework.test.context.web.AbstractGenericWebContextLoader.loadContext(AbstractGenericWebContextLoader.java:129) ~[spring-test-5.2.3.RELEASE.jar:5.2.3.RELEASE]
	at org.springframework.test.context.web.AbstractGenericWebContextLoader.loadContext(AbstractGenericWebContextLoader.java:61) ~[spring-test-5.2.3.RELEASE.jar:5.2.3.RELEASE]
	at org.springframework.test.context.support.AbstractDelegatingSmartContextLoader.delegateLoading(AbstractDelegatingSmartContextLoader.java:275) ~[spring-test-5.2.3.RELEASE.jar:5.2.3.RELEASE]
	at org.springframework.test.context.support.AbstractDelegatingSmartContextLoader.loadContext(AbstractDelegatingSmartContextLoader.java:243) ~[spring-test-5.2.3.RELEASE.jar:5.2.3.RELEASE]
	at org.springframework.test.context.cache.DefaultCacheAwareContextLoaderDelegate.loadContextInternal(DefaultCacheAwareContextLoaderDelegate.java:99) ~[spring-test-5.2.3.RELEASE.jar:5.2.3.RELEASE]
	at org.springframework.test.context.cache.DefaultCacheAwareContextLoaderDelegate.loadContext(DefaultCacheAwareContextLoaderDelegate.java:124) ~[spring-test-5.2.3.RELEASE.jar:5.2.3.RELEASE]
	... 62 more
]]></system-out>
  </testcase>
</testsuite>